<?xml version="1.0" encoding="UTF-8"?>
<testsuites>
  <testsuite name="." tests="161" assertions="204" errors="0" failures="1" skipped="0" time="5.076073">
    <testsuite name="ConexaoTest" file="C:\Apache24\htdocs\Associacao\tests\controller\ConexaoTest.php" tests="5" assertions="10" errors="0" failures="0" skipped="0" time="0.177930">
      <testcase name="testConexao" class="ConexaoTest" classname="ConexaoTest" file="C:\Apache24\htdocs\Associacao\tests\controller\ConexaoTest.php" line="29" assertions="1" time="0.044351"/>
      <testcase name="testGetConexao" class="ConexaoTest" classname="ConexaoTest" file="C:\Apache24\htdocs\Associacao\tests\controller\ConexaoTest.php" line="37" assertions="1" time="0.026325"/>
      <testcase name="testFreeResult" class="ConexaoTest" classname="ConexaoTest" file="C:\Apache24\htdocs\Associacao\tests\controller\ConexaoTest.php" line="45" assertions="2" time="0.034428"/>
      <testcase name="testQuery" class="ConexaoTest" classname="ConexaoTest" file="C:\Apache24\htdocs\Associacao\tests\controller\ConexaoTest.php" line="55" assertions="5" time="0.042024">
        <system-out>&lt;br&gt;&lt;br&gt;&lt;br&gt;&lt;br&gt;&lt;center&gt;&lt;div&gt;&lt;h2 class="tituloCadastro"&gt;Erro ao executar a tarefa!&lt;br&gt;SELECT 'true' from XXXXXX&lt;br&gt;Dynamic SQL Error SQL error code = -204 Table unknown XXXXXX At line 1, column 20 &lt;/h2&gt;&lt;/div&gt;&lt;/center&gt;&lt;br&gt;&lt;br&gt;&lt;br&gt;&lt;br&gt;&lt;center&gt;&lt;div&gt;&lt;h2 class="tituloCadastro"&gt;Duplicidade de código (chave primária) ou campo definido valor único!&lt;br&gt;&lt;br&gt;&lt;/h2&gt;&lt;/div&gt;&lt;/center&gt;&lt;br&gt;&lt;br&gt;&lt;br&gt;&lt;br&gt;&lt;center&gt;&lt;div&gt;&lt;h2 class="tituloCadastro"&gt;Registro não pode ser excluído por haver dependências!&lt;br&gt;&lt;br&gt;&lt;/h2&gt;&lt;/div&gt;&lt;/center&gt;&lt;br&gt;&lt;br&gt;&lt;br&gt;&lt;br&gt;&lt;center&gt;&lt;div&gt;&lt;h2 class="tituloCadastro"&gt;Data de nascimento menor que a permitida!&lt;br&gt;&lt;br&gt;&lt;/h2&gt;&lt;/div&gt;&lt;/center&gt;</system-out>
      </testcase>
      <testcase name="testFecha" class="ConexaoTest" classname="ConexaoTest" file="C:\Apache24\htdocs\Associacao\tests\controller\ConexaoTest.php" line="67" assertions="1" time="0.030802"/>
    </testsuite>
    <testsuite name="DaoBaixarParcelaTest" file="C:\Apache24\htdocs\Associacao\tests\controller\DaoBaixarParcelaTest.php" tests="4" assertions="5" errors="0" failures="0" skipped="0" time="0.101960">
      <testcase name="testGetClassView" class="DaoBaixarParcelaTest" classname="DaoBaixarParcelaTest" file="C:\Apache24\htdocs\Associacao\tests\controller\DaoBaixarParcelaTest.php" line="39" assertions="1" time="0.017833"/>
      <testcase name="testExecutaView" class="DaoBaixarParcelaTest" classname="DaoBaixarParcelaTest" file="C:\Apache24\htdocs\Associacao\tests\controller\DaoBaixarParcelaTest.php" line="47" assertions="1" time="0.028380">
        <system-out>﻿﻿ &lt;!DOCTYPE html&gt;&#13;
&lt;html&gt;&#13;
    &lt;head&gt;&#13;
        ﻿&lt;meta http-equiv="Cache-Control" content="no-cache, no-store"&gt;&#13;
        &lt;meta http-equiv="Pragma" content="no-cache, no-store"&gt;&#13;
        &lt;meta http-equiv="expires" content="Mon, 06 Jan 1990 00:00:01 GMT"&gt;&#13;
        &lt;meta http-equiv="Content-Type" content="text/html; charset=utf-8"&gt;&#13;
&#13;
          ﻿&lt;style type='text/css'&gt; @import 'http://localhost/Associacao/aplicacao/controller/Estilo.css?07102018183420';&lt;/style&gt;
&lt;script type='text/javascript' src='http://localhost/Associacao/aplicacao/controller/Scripts.js?1610201822725'&gt;&lt;/script&gt;
        &lt;title&gt;Baixar parcela&lt;/title&gt;&#13;
    &lt;/head&gt;&#13;
    &lt;body&gt;&#13;
&lt;center&gt;&lt;div&gt;&lt;h1 class="tituloCadastro"&gt;Baixar parcela&lt;/h1&gt;&lt;/div&gt;&lt;/center&gt;&#13;
 &#13;
  &lt;input type="button" onclick="JavaScript:history.back();" value="Voltar"&gt;&#13;
  &lt;input type="button" onclick="imprimirDiv('idAreaImpressao', this);" value="Imprimir"&gt;&#13;
  &lt;div id='idAreaImpressao'&gt;&#13;
  &lt;form id="cadastro" name="cadastro" method="post" enctype="multipart/form-data" action="" onsubmit="return ValidaCamposBaixaParcela(); return false;"&gt;&#13;
  &lt;table class="tabelaCadastro"&gt;&#13;
    &lt;tr&gt;&#13;
      &lt;td class="labelCadastro"&gt;Código da parcela:&lt;/td&gt;&#13;
      &lt;td class="campoCadastro"&gt;&lt;div class='campoID' name='labelID' id='labelID'&gt;&amp;nbsp;5&lt;/div&gt;&lt;input class='campo' name='id' type='hidden' id='id' value='5' /&gt;&lt;/td&gt;&#13;
      &lt;td class="labelCadastro"&gt;Número do título:&lt;/td&gt;&#13;
      &lt;td class="campoCadastro"&gt;23F&lt;/td&gt;&#13;
    &lt;/tr&gt;&#13;
    &lt;tr&gt;&#13;
      &lt;td class="labelCadastro"&gt;Nome&amp;nbspdo&amp;nbspassociado:&lt;/td&gt;&#13;
      &lt;td class="campoCadastro" colspan="3"&gt;Cicrano de Tal&lt;/td&gt;&#13;
    &lt;/tr&gt;&#13;
    &lt;tr&gt;&#13;
      &lt;td class="labelCadastro"&gt;Tipo de cobrança:&lt;/td&gt;&#13;
      &lt;td class="campoCadastro"&gt;Tipo Cobranca&lt;/td&gt;&#13;
      &lt;td class="labelCadastro"&gt;Situação da baixa:&lt;/td&gt;&#13;
      &lt;td class="campoCadastro"&gt;Em aberto&lt;/td&gt;&#13;
    &lt;/tr&gt;&#13;
    &lt;tr&gt;&#13;
      &lt;td class="labelCadastro"&gt;Data do registro:&lt;/td&gt;&#13;
      &lt;td class="campoCadastro"&gt;28/10/2018 09:17:10&lt;/td&gt;&#13;
      &lt;td class="labelCadastro"&gt;Data do vencimento:&lt;/td&gt;&#13;
      &lt;td class="campoCadastro"&gt;10/10/2018&lt;/td&gt;&#13;
    &lt;/tr&gt;&#13;
    &lt;tr&gt;&#13;
      &lt;td class="labelCadastro"&gt;Data do baixa/Pagamento:&lt;/td&gt;&#13;
      &lt;td class="campoCadastro"&gt;&lt;input class="campo" name="dataBaixa" type="text" onblur="FormataData(this);" id="dataBaixa" size="10" maxlength="10" value="" /&gt;&lt;/td&gt;&#13;
      &lt;td class="labelCadastro"&gt;Data do registro da baixa:&lt;/td&gt;&#13;
      &lt;td class="campoCadastro"&gt;&lt;/td&gt;&#13;
    &lt;/tr&gt;&#13;
    &lt;tr&gt;&#13;
      &lt;td class="labelCadastro"&gt;Valor nominal:&lt;/td&gt;&#13;
      &lt;td class="campoCadastro" colspan="3"&gt;110.00	                                        &lt;input name="valorNominal" type="hidden" id="valorNominal" value="110.00" /&gt;&#13;
	  &lt;/td&gt;&#13;
    &lt;/tr&gt;&#13;
    &lt;tr&gt;&#13;
      &lt;td class="labelCadastro"&gt;Valor do acréscimo:&lt;/td&gt;&#13;
      &lt;td class="campoCadastro" colspan="3"&gt;&lt;input class="campo" name="valorAcrescimo" type="text" onblur="FormataDecimal(this);" id="valorAcrescimo" size="14" maxlength="14" value="10.00" /&gt;&lt;/td&gt;&#13;
    &lt;/tr&gt;&#13;
    &lt;tr&gt;&#13;
      &lt;td class="labelCadastro"&gt;Valor do abatimento:&lt;/td&gt;&#13;
      &lt;td class="campoCadastro" colspan="3"&gt;&lt;input class="campo" name="valorAbatimento" type="text" onblur="FormataDecimal(this);" id="valorAbatimento" size="14" maxlength="14" value="10.00" /&gt;&lt;/td&gt;&#13;
    &lt;/tr&gt;&#13;
    &lt;tr&gt;&#13;
      &lt;td class="labelCadastro"&gt;Valor baixado/Pago:&lt;/td&gt;&#13;
      &lt;td class="campoCadastro" colspan="3"&gt;&lt;input class="campo" name="valorBaixado" type="text" onblur="FormataDecimal(this);" id="valorBaixado" size="14" maxlength="14" value="0.00" /&gt;&lt;/td&gt;&#13;
    &lt;/tr&gt;&#13;
    &lt;tr&gt;&#13;
        &lt;td colspan="2"&gt;&lt;br&gt;&lt;input class="botaoBaixar" type="Submit" value="&amp;nbsp&amp;nbsp&amp;nbsp&amp;nbsp Baixar parcela &gt;&gt; &amp;nbsp&amp;nbsp&amp;nbsp&amp;nbsp" name="Gravar"&gt;&lt;/td&gt;&#13;
    &lt;/tr&gt;&#13;
  &lt;/table&gt;&#13;
  &lt;/form&gt;&#13;
  &lt;/div&gt;&#13;
  ﻿ &lt;Center&gt;&#13;
 &lt;div id="Mensagem" name="Mensagem" style="display: none; position: relative; top: -280px; width: 400px; height: 80px; margin-top: -50px; margin-bottom: -50px; padding: 4px; border: 4px outset white; background: #20B2AA;"&gt;&#13;
 &lt;Table style="border: 2px inset white;" width="100%" height="100%"&gt;&#13;
  &lt;tr Align="center"&gt;&#13;
   &lt;td Align="center"&gt;&#13;
    &lt;span id="TextoMensagem" name="TextoMensagem" style="font: 14px Verdana, Arial, Helvetica, Sans-serif; color: white; font-weight: bold;"&gt;Por favor, aguarde...&lt;/span&gt;&#13;
   &lt;/td&gt;&#13;
  &lt;/tr&gt;&#13;
 &lt;/Table&gt;&#13;
 &lt;/div&gt;&#13;
 &lt;/Center&gt;&#13;
&lt;Script language="JavaScript"&gt;&#13;
OcultaMensagem();&#13;
&lt;/Script&gt;    &#13;
    &lt;/body&gt;&#13;
&lt;/html&gt;&#13;
</system-out>
      </testcase>
      <testcase name="testGravar" class="DaoBaixarParcelaTest" classname="DaoBaixarParcelaTest" file="C:\Apache24\htdocs\Associacao\tests\controller\DaoBaixarParcelaTest.php" line="55" assertions="2" time="0.028762">
        <system-out>&lt;br&gt;&lt;br&gt;&lt;center&gt;&lt;div&gt;&lt;h2&gt;Parcela gravada&lt;/h2&gt;&lt;/div&gt;&lt;/center&gt;&lt;br&gt;&lt;br&gt;&lt;center&gt;&lt;div&gt;&lt;h2&gt;&lt;a href="JavaScript:history.go(-2)" title="Retorna para página com a lista."&gt;&amp;nbsp;Volta&amp;nbsp;&lt;/a&gt;&lt;/h2&gt;&lt;/div&gt;&lt;/center&gt;&lt;br&gt;&lt;br&gt;&lt;center&gt;&lt;div&gt;&lt;h2&gt;Parcela gravada&lt;/h2&gt;&lt;/div&gt;&lt;/center&gt;&lt;br&gt;&lt;br&gt;&lt;center&gt;&lt;div&gt;&lt;h2&gt;&lt;a href="JavaScript:history.go(-2)" title="Retorna para página com a lista."&gt;&amp;nbsp;Volta&amp;nbsp;&lt;/a&gt;&lt;/h2&gt;&lt;/div&gt;&lt;/center&gt;</system-out>
      </testcase>
      <testcase name="testGetParcela" class="DaoBaixarParcelaTest" classname="DaoBaixarParcelaTest" file="C:\Apache24\htdocs\Associacao\tests\controller\DaoBaixarParcelaTest.php" line="70" assertions="1" time="0.026985"/>
    </testsuite>
    <testsuite name="DaoCadastraParcelasTest" file="C:\Apache24\htdocs\Associacao\tests\controller\DaoCadastraParcelasTest.php" tests="6" assertions="9" errors="0" failures="1" skipped="0" time="0.700271">
      <testcase name="testGetClassView" class="DaoCadastraParcelasTest" classname="DaoCadastraParcelasTest" file="C:\Apache24\htdocs\Associacao\tests\controller\DaoCadastraParcelasTest.php" line="39" assertions="1" time="0.018788"/>
      <testcase name="testExecutaView" class="DaoCadastraParcelasTest" classname="DaoCadastraParcelasTest" file="C:\Apache24\htdocs\Associacao\tests\controller\DaoCadastraParcelasTest.php" line="47" assertions="1" time="0.248471">
        <system-out>﻿&lt;!DOCTYPE html&gt;&#13;
&lt;html&gt;&#13;
    &lt;head&gt;&#13;
                        &lt;title&gt;Cadastro de parcelas&lt;/title&gt;&#13;
    &lt;/head&gt;&#13;
&lt;body&gt;&#13;
&lt;center&gt;&lt;div&gt;&lt;h1 class="tituloCadastro"&gt;Cadastro de parcelas&lt;/h1&gt;&lt;/div&gt;&lt;/center&gt;&#13;
&#13;
&lt;form id="cadastro" name="cadastro" method="post" enctype="multipart/form-data" action="" onsubmit="return ValidaCamposCadastraParcelas(); return false;"&gt;&#13;
  &lt;table class="tabelaCadastro"&gt;&#13;
    &lt;tr&gt;&#13;
        &lt;td class="tituloCadastro" colspan="4"&gt;Títulos&lt;/td&gt;&#13;
    &lt;/tr&gt;&#13;
    &lt;tr&gt;&#13;
      &lt;td class="labelCadastro"&gt;Código inicial:&lt;/td&gt;&#13;
      &lt;td class="campoCadastro"&gt;&lt;input class="campo" name="idTituloInicio" type="text" onblur="ValidaCampo(this);" id="idTituloInicio" size="10" maxlength="10" value="1" /&gt;&#13;
        &lt;span class="campoObrigatorio"&gt;*&lt;/span&gt;&lt;/td&gt;&#13;
      &lt;td class="labelCadastro"&gt;Código final:&lt;/td&gt;&#13;
      &lt;td class="campoCadastro"&gt;&lt;input class="campo" name="idTituloFinal" type="text" onblur="ValidaCampo(this);" id="idTituloFinal" size="10" maxlength="10" value="999999" /&gt;&#13;
        &lt;span class="campoObrigatorio"&gt;*&lt;/span&gt;&lt;/td&gt;&#13;
    &lt;tr&gt;&#13;
        &lt;td class="tituloCadastro" colspan="4"&gt;Títulos / Associados&lt;/td&gt;&#13;
    &lt;/tr&gt;&#13;
    &lt;tr&gt;&#13;
      &lt;td class="labelCadastro"&gt;Selecione os títulos:&lt;/td&gt;&#13;
      &lt;td class="campoCadastro" colspan="3"&gt;&lt;select class="campo" name="idTitulo" id="idTitulo" onblur="ValidaCampo(this);"&gt;  &lt;option&gt;[Selecione...]&lt;/option&gt;
  &lt;option value='Ativos'&gt;Todos os associados com título ativo&lt;/option&gt;
  &lt;option value="3"&gt;0F (Ativo) - Beltrano da Silva (333.333.333-33)&lt;/option&gt;
  &lt;option value="4"&gt;23F (Ativo) - Cicrano de Tal (222.222.222-22)&lt;/option&gt;
  &lt;option value="1"&gt;1 (Ativo) - Fulano de Tal (652.392.539-00)&lt;/option&gt;
  &lt;option value="5"&gt;1 (Ativo) - Fulano de Tal (652.392.539-00)&lt;/option&gt;
  &lt;option value="6"&gt;1 (Ativo) - Fulano de Tal (652.392.539-00)&lt;/option&gt;
  &lt;option value="7"&gt;1 (Ativo) - Fulano de Tal (652.392.539-00)&lt;/option&gt;
  &lt;option value="8"&gt;1 (Ativo) - Fulano de Tal (652.392.539-00)&lt;/option&gt;
  &lt;option value="9"&gt;1 (Ativo) - Fulano de Tal (652.392.539-00)&lt;/option&gt;
  &lt;option value="10"&gt;1 (Ativo) - Fulano de Tal (652.392.539-00)&lt;/option&gt;
  &lt;option value="11"&gt;1 (Ativo) - Fulano de Tal (652.392.539-00)&lt;/option&gt;
  &lt;option value="12"&gt;1 (Ativo) - Fulano de Tal (652.392.539-00)&lt;/option&gt;
  &lt;option value="13"&gt;1 (Ativo) - Fulano de Tal (652.392.539-00)&lt;/option&gt;
  &lt;option value="14"&gt;1 (Ativo) - Fulano de Tal (652.392.539-00)&lt;/option&gt;
  &lt;option value="15"&gt;1 (Ativo) - Fulano de Tal (652.392.539-00)&lt;/option&gt;
  &lt;option value="16"&gt;1 (Ativo) - Fulano de Tal (652.392.539-00)&lt;/option&gt;
  &lt;option value="17"&gt;1 (Ativo) - Fulano de Tal (652.392.539-00)&lt;/option&gt;
  &lt;option value="18"&gt;1 (Ativo) - Fulano de Tal (652.392.539-00)&lt;/option&gt;
&lt;/select&gt;&#13;
        &lt;span class="campoObrigatorio"&gt;*&lt;/span&gt;&lt;/td&gt;&#13;
    &lt;/tr&gt;&#13;
    &lt;tr&gt;&#13;
        &lt;td class="tituloCadastro" colspan="4"&gt;Parcela&lt;/td&gt;&#13;
    &lt;/tr&gt;&#13;
    &lt;tr&gt;&#13;
      &lt;td class="labelCadastro"&gt;Tipo de cobrança:&lt;/td&gt;&#13;
      &lt;td class="campoCadastro" colspan="3"&gt;&lt;select class="campo" name="idTipoCobranca" id="idTipoCobranca" onblur="ValidaCampo(this);"&gt;  &lt;option&gt;[Selecione...]&lt;/option&gt;
  &lt;option value="5"&gt;Aula de dança de salão&lt;/option&gt;
  &lt;option value="3"&gt;Manutenção&lt;/option&gt;
  &lt;option value="4"&gt;Mensalidades&lt;/option&gt;
  &lt;option value="2"&gt;Taxa de Manutenção&lt;/option&gt;
  &lt;option value="1"&gt;Tipo Cobranca&lt;/option&gt;
  &lt;option value="10"&gt;Tipo Cobranca 10&lt;/option&gt;
  &lt;option value="11"&gt;Tipo Cobranca 11&lt;/option&gt;
  &lt;option value="12"&gt;Tipo Cobranca 12&lt;/option&gt;
  &lt;option value="13"&gt;Tipo Cobranca 13&lt;/option&gt;
  &lt;option value="14"&gt;Tipo Cobranca 14&lt;/option&gt;
  &lt;option value="15"&gt;Tipo Cobranca 15&lt;/option&gt;
  &lt;option value="16"&gt;Tipo Cobranca 16&lt;/option&gt;
  &lt;option value="17"&gt;Tipo Cobranca 17&lt;/option&gt;
  &lt;option value="18"&gt;Tipo Cobranca 18&lt;/option&gt;
  &lt;option value="19"&gt;Tipo Cobranca 19&lt;/option&gt;
  &lt;option value="20"&gt;Tipo Cobranca 20&lt;/option&gt;
  &lt;option value="21"&gt;Tipo Cobranca 21&lt;/option&gt;
  &lt;option value="22"&gt;Tipo Cobranca 22&lt;/option&gt;
  &lt;option value="23"&gt;Tipo Cobranca 23&lt;/option&gt;
  &lt;option value="24"&gt;Tipo Cobranca 24&lt;/option&gt;
  &lt;option value="25"&gt;Tipo Cobranca 25&lt;/option&gt;
  &lt;option value="26"&gt;Tipo Cobranca 26&lt;/option&gt;
  &lt;option value="27"&gt;Tipo Cobranca 27&lt;/option&gt;
  &lt;option value="28"&gt;Tipo Cobranca 28&lt;/option&gt;
  &lt;option value="29"&gt;Tipo Cobranca 29&lt;/option&gt;
  &lt;option value="30"&gt;Tipo Cobranca 30&lt;/option&gt;
  &lt;option value="31"&gt;Tipo Cobranca 31&lt;/option&gt;
  &lt;option value="32"&gt;Tipo Cobranca 32&lt;/option&gt;
  &lt;option value="33"&gt;Tipo Cobranca 33&lt;/option&gt;
  &lt;option value="34"&gt;Tipo Cobranca 34&lt;/option&gt;
  &lt;option value="35"&gt;Tipo Cobranca 35&lt;/option&gt;
  &lt;option value="36"&gt;Tipo Cobranca 36&lt;/option&gt;
  &lt;option value="37"&gt;Tipo Cobranca 37&lt;/option&gt;
  &lt;option value="38"&gt;Tipo Cobranca 38&lt;/option&gt;
  &lt;option value="39"&gt;Tipo Cobranca 39&lt;/option&gt;
  &lt;option value="40"&gt;Tipo Cobranca 40&lt;/option&gt;
  &lt;option value="41"&gt;Tipo Cobranca 41&lt;/option&gt;
  &lt;option value="42"&gt;Tipo Cobranca 42&lt;/option&gt;
  &lt;option value="43"&gt;Tipo Cobranca 43&lt;/option&gt;
  &lt;option value="44"&gt;Tipo Cobranca 44&lt;/option&gt;
  &lt;option value="45"&gt;Tipo Cobranca 45&lt;/option&gt;
  &lt;option value="46"&gt;Tipo Cobranca 46&lt;/option&gt;
  &lt;option value="47"&gt;Tipo Cobranca 47&lt;/option&gt;
  &lt;option value="48"&gt;Tipo Cobranca 48&lt;/option&gt;
  &lt;option value="49"&gt;Tipo Cobranca 49&lt;/option&gt;
  &lt;option value="50"&gt;Tipo Cobranca 50&lt;/option&gt;
  &lt;option value="51"&gt;Tipo Cobranca 51&lt;/option&gt;
  &lt;option value="52"&gt;Tipo Cobranca 52&lt;/option&gt;
  &lt;option value="53"&gt;Tipo Cobranca 53&lt;/option&gt;
  &lt;option value="54"&gt;Tipo Cobranca 54&lt;/option&gt;
  &lt;option value="55"&gt;Tipo Cobranca 55&lt;/option&gt;
  &lt;option value="6"&gt;Tipo Cobranca 6&lt;/option&gt;
  &lt;option value="7"&gt;Tipo Cobranca 7&lt;/option&gt;
  &lt;option value="8"&gt;Tipo Cobranca 8&lt;/option&gt;
  &lt;option value="9"&gt;Tipo Cobranca 9&lt;/option&gt;
&lt;/select&gt;&#13;
        &lt;span class="campoObrigatorio"&gt;*&lt;/span&gt;&lt;/td&gt;&#13;
    &lt;/tr&gt;&#13;
    &lt;tr&gt;&#13;
      &lt;td class="labelCadastro"&gt;Data do vencimento:&lt;/td&gt;&#13;
      &lt;td class="campoCadastro"&gt;&lt;input class="campo" name="dataVencimento" type="text" onblur="FormataData(this);" id="dataVencimento" size="10" maxlength="10" value="" /&gt;&#13;
        &lt;span class="campoObrigatorio"&gt;*&lt;/span&gt;&lt;/td&gt;&#13;
      &lt;td class="labelCadastro"&gt;Valor nominal:&lt;/td&gt;&#13;
      &lt;td class="campoCadastro"&gt;&lt;input class="campo" name="valorNominal" type="text" onblur="FormataDecimal(this);" id="valorNominal" size="14" maxlength="14" value="" /&gt;&#13;
        &lt;span class="campoObrigatorio"&gt;*&lt;/span&gt;&lt;/td&gt;&#13;
    &lt;/tr&gt;&#13;
    &lt;tr&gt;&lt;td colspan="4"&gt;&#13;
     &lt;span class="campoObrigatorio labelCampoObrigatorio"&gt;&lt;b&gt;* Campos obrigatórios&lt;/b&gt;&lt;br&gt;&lt;/span&gt;&#13;
     &lt;input class="botaoGravar"    type="Submit" id="gravar"    name="gravar"    value="Gravar"&gt;&#13;
     &lt;input class="botaoReiniciar" type="button" id="reiniciar" name="reiniciar" value="Reiniciar"     onclick="JavaScript:ResetCadastro(document.cadastro);"&gt;&#13;
     &lt;input class="botaoLimpar"    type="button" id="limpar"    name="limpar"    value="Limpar"        onclick="JavaScript:LimparForm(document.cadastro);"&gt;&#13;
&lt;!-- &lt;input class="botaoNovo"      type="button" id="novo"      name="novo"      value="Novo cadastro" onclick="JavaScript:NovoCadastro(document.cadastro, 'gravar');"&gt; --&gt;&#13;
    &lt;/td&gt;&lt;/tr&gt;&#13;
  &lt;/table&gt;&#13;
&lt;/form&gt;&#13;
&lt;Script LANGUAGE='javascript'&gt;setDisabed('gravar', false);&lt;/Script&gt;&lt;input type="button" onclick="imprimirDiv('divCOBRANCA', this);" value="Imprimir lista"&gt;&lt;div id='divCOBRANCA'&gt;
&lt;Table class="tabela" width="100%" border="1" cellpadding="3" cellspacing="0"&gt;
&lt;tr&gt;
&lt;th class="tabelath" border="1"&gt;PARCELA&lt;/th&gt;
&lt;th class="tabelath" border="1"&gt;DESCRICAO&lt;/th&gt;
&lt;th class="tabelath" border="1"&gt;DATA_VENCIMENTO&lt;/th&gt;
&lt;th class="tabelath" border="1"&gt;VALOR_NOMINAL&lt;/th&gt;
&lt;th class="tabelath" border="1"&gt;DATA_REGISTRO_PARCELA&lt;/th&gt;
&lt;th class="tabelath" border="1"&gt;ASSOCIADO&lt;/th&gt;
&lt;th class="tabelath" border="1"&gt;NUMERO_TITULO&lt;/th&gt;
&lt;th class="tabelath" border="1"&gt;TIPO&lt;/th&gt;
&lt;/tr&gt;
	&lt;tr&gt;
		&lt;td class="tabelatd1"&gt;2&lt;/td&gt;
		&lt;td class="tabelatd1"&gt;Tipo Cobranca&lt;/td&gt;
		&lt;td class="tabelatd1"&gt;10/10/2018&lt;/td&gt;
		&lt;td class="tabelatd1"&gt;110.00&lt;/td&gt;
		&lt;td class="tabelatd1"&gt;10/28/2018 09:17:10&lt;/td&gt;
		&lt;td class="tabelatd1"&gt;Fulano de Tal (652.392.539-00)&lt;/td&gt;
		&lt;td class="tabelatd1"&gt;1&lt;/td&gt;
		&lt;td class="tabelatd1"&gt;Patrimonial&lt;/td&gt;
	&lt;/tr&gt;
	&lt;tr&gt;
		&lt;td class="tabelatd2"&gt;6&lt;/td&gt;
		&lt;td class="tabelatd2"&gt;Tipo Cobranca&lt;/td&gt;
		&lt;td class="tabelatd2"&gt;10/10/2018&lt;/td&gt;
		&lt;td class="tabelatd2"&gt;110.00&lt;/td&gt;
		&lt;td class="tabelatd2"&gt;10/28/2018 09:18:03&lt;/td&gt;
		&lt;td class="tabelatd2"&gt;Fulano de Tal (652.392.539-00)&lt;/td&gt;
		&lt;td class="tabelatd2"&gt;1&lt;/td&gt;
		&lt;td class="tabelatd2"&gt;Patrimonial&lt;/td&gt;
	&lt;/tr&gt;
	&lt;tr&gt;
		&lt;td class="tabelatd1"&gt;10&lt;/td&gt;
		&lt;td class="tabelatd1"&gt;Tipo Cobranca&lt;/td&gt;
		&lt;td class="tabelatd1"&gt;10/10/2018&lt;/td&gt;
		&lt;td class="tabelatd1"&gt;110.00&lt;/td&gt;
		&lt;td class="tabelatd1"&gt;10/28/2018 09:18:45&lt;/td&gt;
		&lt;td class="tabelatd1"&gt;Fulano de Tal (652.392.539-00)&lt;/td&gt;
		&lt;td class="tabelatd1"&gt;1&lt;/td&gt;
		&lt;td class="tabelatd1"&gt;Patrimonial&lt;/td&gt;
	&lt;/tr&gt;
	&lt;tr&gt;
		&lt;td class="tabelatd2"&gt;14&lt;/td&gt;
		&lt;td class="tabelatd2"&gt;Tipo Cobranca&lt;/td&gt;
		&lt;td class="tabelatd2"&gt;10/10/2018&lt;/td&gt;
		&lt;td class="tabelatd2"&gt;110.00&lt;/td&gt;
		&lt;td class="tabelatd2"&gt;10/28/2018 09:19:36&lt;/td&gt;
		&lt;td class="tabelatd2"&gt;Fulano de Tal (652.392.539-00)&lt;/td&gt;
		&lt;td class="tabelatd2"&gt;1&lt;/td&gt;
		&lt;td class="tabelatd2"&gt;Patrimonial&lt;/td&gt;
	&lt;/tr&gt;
	&lt;tr&gt;
		&lt;td class="tabelatd1"&gt;18&lt;/td&gt;
		&lt;td class="tabelatd1"&gt;Tipo Cobranca&lt;/td&gt;
		&lt;td class="tabelatd1"&gt;10/10/2018&lt;/td&gt;
		&lt;td class="tabelatd1"&gt;110.00&lt;/td&gt;
		&lt;td class="tabelatd1"&gt;10/28/2018 09:20:15&lt;/td&gt;
		&lt;td class="tabelatd1"&gt;Fulano de Tal (652.392.539-00)&lt;/td&gt;
		&lt;td class="tabelatd1"&gt;1&lt;/td&gt;
		&lt;td class="tabelatd1"&gt;Patrimonial&lt;/td&gt;
	&lt;/tr&gt;
	&lt;tr&gt;
		&lt;td class="tabelatd2"&gt;22&lt;/td&gt;
		&lt;td class="tabelatd2"&gt;Tipo Cobranca&lt;/td&gt;
		&lt;td class="tabelatd2"&gt;10/10/2018&lt;/td&gt;
		&lt;td class="tabelatd2"&gt;110.00&lt;/td&gt;
		&lt;td class="tabelatd2"&gt;10/28/2018 09:20:41&lt;/td&gt;
		&lt;td class="tabelatd2"&gt;Fulano de Tal (652.392.539-00)&lt;/td&gt;
		&lt;td class="tabelatd2"&gt;1&lt;/td&gt;
		&lt;td class="tabelatd2"&gt;Patrimonial&lt;/td&gt;
	&lt;/tr&gt;
	&lt;tr&gt;
		&lt;td class="tabelatd1"&gt;26&lt;/td&gt;
		&lt;td class="tabelatd1"&gt;Tipo Cobranca&lt;/td&gt;
		&lt;td class="tabelatd1"&gt;10/10/2018&lt;/td&gt;
		&lt;td class="tabelatd1"&gt;110.00&lt;/td&gt;
		&lt;td class="tabelatd1"&gt;10/28/2018 09:24:10&lt;/td&gt;
		&lt;td class="tabelatd1"&gt;Fulano de Tal (652.392.539-00)&lt;/td&gt;
		&lt;td class="tabelatd1"&gt;1&lt;/td&gt;
		&lt;td class="tabelatd1"&gt;Patrimonial&lt;/td&gt;
	&lt;/tr&gt;
	&lt;tr&gt;
		&lt;td class="tabelatd2"&gt;33&lt;/td&gt;
		&lt;td class="tabelatd2"&gt;Tipo Cobranca&lt;/td&gt;
		&lt;td class="tabelatd2"&gt;10/10/2018&lt;/td&gt;
		&lt;td class="tabelatd2"&gt;110.00&lt;/td&gt;
		&lt;td class="tabelatd2"&gt;10/28/2018 09:24:30&lt;/td&gt;
		&lt;td class="tabelatd2"&gt;Fulano de Tal (652.392.539-00)&lt;/td&gt;
		&lt;td class="tabelatd2"&gt;1&lt;/td&gt;
		&lt;td class="tabelatd2"&gt;Patrimonial&lt;/td&gt;
	&lt;/tr&gt;
	&lt;tr&gt;
		&lt;td class="tabelatd1"&gt;40&lt;/td&gt;
		&lt;td class="tabelatd1"&gt;Tipo Cobranca&lt;/td&gt;
		&lt;td class="tabelatd1"&gt;10/10/2018&lt;/td&gt;
		&lt;td class="tabelatd1"&gt;100.00&lt;/td&gt;
		&lt;td class="tabelatd1"&gt;10/28/2018 09:24:31&lt;/td&gt;
		&lt;td class="tabelatd1"&gt;Fulano de Tal (652.392.539-00)&lt;/td&gt;
		&lt;td class="tabelatd1"&gt;1&lt;/td&gt;
		&lt;td class="tabelatd1"&gt;Patrimonial&lt;/td&gt;
	&lt;/tr&gt;
	&lt;tr&gt;
		&lt;td class="tabelatd2"&gt;41&lt;/td&gt;
		&lt;td class="tabelatd2"&gt;Tipo Cobranca&lt;/td&gt;
		&lt;td class="tabelatd2"&gt;10/10/2018&lt;/td&gt;
		&lt;td class="tabelatd2"&gt;110.00&lt;/td&gt;
		&lt;td class="tabelatd2"&gt;10/28/2018 09:26:04&lt;/td&gt;
		&lt;td class="tabelatd2"&gt;Fulano de Tal (652.392.539-00)&lt;/td&gt;
		&lt;td class="tabelatd2"&gt;1&lt;/td&gt;
		&lt;td class="tabelatd2"&gt;Patrimonial&lt;/td&gt;
	&lt;/tr&gt;
	&lt;tr&gt;
		&lt;td class="tabelatd1"&gt;45&lt;/td&gt;
		&lt;td class="tabelatd1"&gt;Tipo Cobranca&lt;/td&gt;
		&lt;td class="tabelatd1"&gt;10/10/2018&lt;/td&gt;
		&lt;td class="tabelatd1"&gt;110.00&lt;/td&gt;
		&lt;td class="tabelatd1"&gt;10/28/2018 09:26:04&lt;/td&gt;
		&lt;td class="tabelatd1"&gt;Fulano de Tal (652.392.539-00)&lt;/td&gt;
		&lt;td class="tabelatd1"&gt;1&lt;/td&gt;
		&lt;td class="tabelatd1"&gt;Patrimonial&lt;/td&gt;
	&lt;/tr&gt;
	&lt;tr&gt;
		&lt;td class="tabelatd2"&gt;51&lt;/td&gt;
		&lt;td class="tabelatd2"&gt;Tipo Cobranca&lt;/td&gt;
		&lt;td class="tabelatd2"&gt;10/10/2018&lt;/td&gt;
		&lt;td class="tabelatd2"&gt;100.00&lt;/td&gt;
		&lt;td class="tabelatd2"&gt;10/28/2018 09:26:05&lt;/td&gt;
		&lt;td class="tabelatd2"&gt;Fulano de Tal (652.392.539-00)&lt;/td&gt;
		&lt;td class="tabelatd2"&gt;1&lt;/td&gt;
		&lt;td class="tabelatd2"&gt;Patrimonial&lt;/td&gt;
	&lt;/tr&gt;
	&lt;tr&gt;
		&lt;td class="tabelatd1"&gt;52&lt;/td&gt;
		&lt;td class="tabelatd1"&gt;Tipo Cobranca&lt;/td&gt;
		&lt;td class="tabelatd1"&gt;10/10/2018&lt;/td&gt;
		&lt;td class="tabelatd1"&gt;110.00&lt;/td&gt;
		&lt;td class="tabelatd1"&gt;10/28/2018 10:56:59&lt;/td&gt;
		&lt;td class="tabelatd1"&gt;Fulano de Tal (652.392.539-00)&lt;/td&gt;
		&lt;td class="tabelatd1"&gt;1&lt;/td&gt;
		&lt;td class="tabelatd1"&gt;Patrimonial&lt;/td&gt;
	&lt;/tr&gt;
	&lt;tr&gt;
		&lt;td class="tabelatd2"&gt;56&lt;/td&gt;
		&lt;td class="tabelatd2"&gt;Tipo Cobranca&lt;/td&gt;
		&lt;td class="tabelatd2"&gt;10/10/2018&lt;/td&gt;
		&lt;td class="tabelatd2"&gt;110.00&lt;/td&gt;
		&lt;td class="tabelatd2"&gt;10/28/2018 10:56:59&lt;/td&gt;
		&lt;td class="tabelatd2"&gt;Fulano de Tal (652.392.539-00)&lt;/td&gt;
		&lt;td class="tabelatd2"&gt;1&lt;/td&gt;
		&lt;td class="tabelatd2"&gt;Patrimonial&lt;/td&gt;
	&lt;/tr&gt;
	&lt;tr&gt;
		&lt;td class="tabelatd1"&gt;57&lt;/td&gt;
		&lt;td class="tabelatd1"&gt;Tipo Cobranca&lt;/td&gt;
		&lt;td class="tabelatd1"&gt;10/10/2018&lt;/td&gt;
		&lt;td class="tabelatd1"&gt;110.00&lt;/td&gt;
		&lt;td class="tabelatd1"&gt;10/28/2018 10:56:59&lt;/td&gt;
		&lt;td class="tabelatd1"&gt;Fulano de Tal (652.392.539-00)&lt;/td&gt;
		&lt;td class="tabelatd1"&gt;1&lt;/td&gt;
		&lt;td class="tabelatd1"&gt;Patrimonial&lt;/td&gt;
	&lt;/tr&gt;
	&lt;tr&gt;
		&lt;td class="tabelatd2"&gt;64&lt;/td&gt;
		&lt;td class="tabelatd2"&gt;Tipo Cobranca&lt;/td&gt;
		&lt;td class="tabelatd2"&gt;10/10/2018&lt;/td&gt;
		&lt;td class="tabelatd2"&gt;100.00&lt;/td&gt;
		&lt;td class="tabelatd2"&gt;10/28/2018 10:57:00&lt;/td&gt;
		&lt;td class="tabelatd2"&gt;Fulano de Tal (652.392.539-00)&lt;/td&gt;
		&lt;td class="tabelatd2"&gt;1&lt;/td&gt;
		&lt;td class="tabelatd2"&gt;Patrimonial&lt;/td&gt;
	&lt;/tr&gt;
	&lt;tr&gt;
		&lt;td class="tabelatd1"&gt;65&lt;/td&gt;
		&lt;td class="tabelatd1"&gt;Tipo Cobranca&lt;/td&gt;
		&lt;td class="tabelatd1"&gt;10/10/2018&lt;/td&gt;
		&lt;td class="tabelatd1"&gt;110.00&lt;/td&gt;
		&lt;td class="tabelatd1"&gt;10/28/2018 10:58:08&lt;/td&gt;
		&lt;td class="tabelatd1"&gt;Fulano de Tal (652.392.539-00)&lt;/td&gt;
		&lt;td class="tabelatd1"&gt;1&lt;/td&gt;
		&lt;td class="tabelatd1"&gt;Patrimonial&lt;/td&gt;
	&lt;/tr&gt;
	&lt;tr&gt;
		&lt;td class="tabelatd2"&gt;69&lt;/td&gt;
		&lt;td class="tabelatd2"&gt;Tipo Cobranca&lt;/td&gt;
		&lt;td class="tabelatd2"&gt;10/10/2018&lt;/td&gt;
		&lt;td class="tabelatd2"&gt;110.00&lt;/td&gt;
		&lt;td class="tabelatd2"&gt;10/28/2018 10:58:08&lt;/td&gt;
		&lt;td class="tabelatd2"&gt;Fulano de Tal (652.392.539-00)&lt;/td&gt;
		&lt;td class="tabelatd2"&gt;1&lt;/td&gt;
		&lt;td class="tabelatd2"&gt;Patrimonial&lt;/td&gt;
	&lt;/tr&gt;
	&lt;tr&gt;
		&lt;td class="tabelatd1"&gt;70&lt;/td&gt;
		&lt;td class="tabelatd1"&gt;Tipo Cobranca&lt;/td&gt;
		&lt;td class="tabelatd1"&gt;10/10/2018&lt;/td&gt;
		&lt;td class="tabelatd1"&gt;110.00&lt;/td&gt;
		&lt;td class="tabelatd1"&gt;10/28/2018 10:58:08&lt;/td&gt;
		&lt;td class="tabelatd1"&gt;Fulano de Tal (652.392.539-00)&lt;/td&gt;
		&lt;td class="tabelatd1"&gt;1&lt;/td&gt;
		&lt;td class="tabelatd1"&gt;Patrimonial&lt;/td&gt;
	&lt;/tr&gt;
	&lt;tr&gt;
		&lt;td class="tabelatd2"&gt;71&lt;/td&gt;
		&lt;td class="tabelatd2"&gt;Tipo Cobranca&lt;/td&gt;
		&lt;td class="tabelatd2"&gt;10/10/2018&lt;/td&gt;
		&lt;td class="tabelatd2"&gt;110.00&lt;/td&gt;
		&lt;td class="tabelatd2"&gt;10/28/2018 10:58:08&lt;/td&gt;
		&lt;td class="tabelatd2"&gt;Fulano de Tal (652.392.539-00)&lt;/td&gt;
		&lt;td class="tabelatd2"&gt;1&lt;/td&gt;
		&lt;td class="tabelatd2"&gt;Patrimonial&lt;/td&gt;
	&lt;/tr&gt;
	&lt;tr&gt;
		&lt;td class="tabelatd1"&gt;79&lt;/td&gt;
		&lt;td class="tabelatd1"&gt;Tipo Cobranca&lt;/td&gt;
		&lt;td class="tabelatd1"&gt;10/10/2018&lt;/td&gt;
		&lt;td class="tabelatd1"&gt;100.00&lt;/td&gt;
		&lt;td class="tabelatd1"&gt;10/28/2018 10:58:09&lt;/td&gt;
		&lt;td class="tabelatd1"&gt;Fulano de Tal (652.392.539-00)&lt;/td&gt;
		&lt;td class="tabelatd1"&gt;1&lt;/td&gt;
		&lt;td class="tabelatd1"&gt;Patrimonial&lt;/td&gt;
	&lt;/tr&gt;
	&lt;tr&gt;
		&lt;td class="tabelatd2"&gt;80&lt;/td&gt;
		&lt;td class="tabelatd2"&gt;Tipo Cobranca&lt;/td&gt;
		&lt;td class="tabelatd2"&gt;10/10/2018&lt;/td&gt;
		&lt;td class="tabelatd2"&gt;110.00&lt;/td&gt;
		&lt;td class="tabelatd2"&gt;10/28/2018 11:01:20&lt;/td&gt;
		&lt;td class="tabelatd2"&gt;Fulano de Tal (652.392.539-00)&lt;/td&gt;
		&lt;td class="tabelatd2"&gt;1&lt;/td&gt;
		&lt;td class="tabelatd2"&gt;Patrimonial&lt;/td&gt;
	&lt;/tr&gt;
	&lt;tr&gt;
		&lt;td class="tabelatd1"&gt;84&lt;/td&gt;
		&lt;td class="tabelatd1"&gt;Tipo Cobranca&lt;/td&gt;
		&lt;td class="tabelatd1"&gt;10/10/2018&lt;/td&gt;
		&lt;td class="tabelatd1"&gt;110.00&lt;/td&gt;
		&lt;td class="tabelatd1"&gt;10/28/2018 11:01:20&lt;/td&gt;
		&lt;td class="tabelatd1"&gt;Fulano de Tal (652.392.539-00)&lt;/td&gt;
		&lt;td class="tabelatd1"&gt;1&lt;/td&gt;
		&lt;td class="tabelatd1"&gt;Patrimonial&lt;/td&gt;
	&lt;/tr&gt;
	&lt;tr&gt;
		&lt;td class="tabelatd2"&gt;85&lt;/td&gt;
		&lt;td class="tabelatd2"&gt;Tipo Cobranca&lt;/td&gt;
		&lt;td class="tabelatd2"&gt;10/10/2018&lt;/td&gt;
		&lt;td class="tabelatd2"&gt;110.00&lt;/td&gt;
		&lt;td class="tabelatd2"&gt;10/28/2018 11:01:20&lt;/td&gt;
		&lt;td class="tabelatd2"&gt;Fulano de Tal (652.392.539-00)&lt;/td&gt;
		&lt;td class="tabelatd2"&gt;1&lt;/td&gt;
		&lt;td class="tabelatd2"&gt;Patrimonial&lt;/td&gt;
	&lt;/tr&gt;
	&lt;tr&gt;
		&lt;td class="tabelatd1"&gt;86&lt;/td&gt;
		&lt;td class="tabelatd1"&gt;Tipo Cobranca&lt;/td&gt;
		&lt;td class="tabelatd1"&gt;10/10/2018&lt;/td&gt;
		&lt;td class="tabelatd1"&gt;110.00&lt;/td&gt;
		&lt;td class="tabelatd1"&gt;10/28/2018 11:01:20&lt;/td&gt;
		&lt;td class="tabelatd1"&gt;Fulano de Tal (652.392.539-00)&lt;/td&gt;
		&lt;td class="tabelatd1"&gt;1&lt;/td&gt;
		&lt;td class="tabelatd1"&gt;Patrimonial&lt;/td&gt;
	&lt;/tr&gt;
	&lt;tr&gt;
		&lt;td class="tabelatd2"&gt;87&lt;/td&gt;
		&lt;td class="tabelatd2"&gt;Tipo Cobranca&lt;/td&gt;
		&lt;td class="tabelatd2"&gt;10/10/2018&lt;/td&gt;
		&lt;td class="tabelatd2"&gt;110.00&lt;/td&gt;
		&lt;td class="tabelatd2"&gt;10/28/2018 11:01:20&lt;/td&gt;
		&lt;td class="tabelatd2"&gt;Fulano de Tal (652.392.539-00)&lt;/td&gt;
		&lt;td class="tabelatd2"&gt;1&lt;/td&gt;
		&lt;td class="tabelatd2"&gt;Patrimonial&lt;/td&gt;
	&lt;/tr&gt;
	&lt;tr&gt;
		&lt;td class="tabelatd1"&gt;96&lt;/td&gt;
		&lt;td class="tabelatd1"&gt;Tipo Cobranca&lt;/td&gt;
		&lt;td class="tabelatd1"&gt;10/10/2018&lt;/td&gt;
		&lt;td class="tabelatd1"&gt;110.00&lt;/td&gt;
		&lt;td class="tabelatd1"&gt;10/28/2018 11:01:33&lt;/td&gt;
		&lt;td class="tabelatd1"&gt;Fulano de Tal (652.392.539-00)&lt;/td&gt;
		&lt;td class="tabelatd1"&gt;1&lt;/td&gt;
		&lt;td class="tabelatd1"&gt;Patrimonial&lt;/td&gt;
	&lt;/tr&gt;
	&lt;tr&gt;
		&lt;td class="tabelatd2"&gt;100&lt;/td&gt;
		&lt;td class="tabelatd2"&gt;Tipo Cobranca&lt;/td&gt;
		&lt;td class="tabelatd2"&gt;10/10/2018&lt;/td&gt;
		&lt;td class="tabelatd2"&gt;110.00&lt;/td&gt;
		&lt;td class="tabelatd2"&gt;10/28/2018 11:01:33&lt;/td&gt;
		&lt;td class="tabelatd2"&gt;Fulano de Tal (652.392.539-00)&lt;/td&gt;
		&lt;td class="tabelatd2"&gt;1&lt;/td&gt;
		&lt;td class="tabelatd2"&gt;Patrimonial&lt;/td&gt;
	&lt;/tr&gt;
	&lt;tr&gt;
		&lt;td class="tabelatd1"&gt;101&lt;/td&gt;
		&lt;td class="tabelatd1"&gt;Tipo Cobranca&lt;/td&gt;
		&lt;td class="tabelatd1"&gt;10/10/2018&lt;/td&gt;
		&lt;td class="tabelatd1"&gt;110.00&lt;/td&gt;
		&lt;td class="tabelatd1"&gt;10/28/2018 11:01:33&lt;/td&gt;
		&lt;td class="tabelatd1"&gt;Fulano de Tal (652.392.539-00)&lt;/td&gt;
		&lt;td class="tabelatd1"&gt;1&lt;/td&gt;
		&lt;td class="tabelatd1"&gt;Patrimonial&lt;/td&gt;
	&lt;/tr&gt;
	&lt;tr&gt;
		&lt;td class="tabelatd2"&gt;102&lt;/td&gt;
		&lt;td class="tabelatd2"&gt;Tipo Cobranca&lt;/td&gt;
		&lt;td class="tabelatd2"&gt;10/10/2018&lt;/td&gt;
		&lt;td class="tabelatd2"&gt;110.00&lt;/td&gt;
		&lt;td class="tabelatd2"&gt;10/28/2018 11:01:33&lt;/td&gt;
		&lt;td class="tabelatd2"&gt;Fulano de Tal (652.392.539-00)&lt;/td&gt;
		&lt;td class="tabelatd2"&gt;1&lt;/td&gt;
		&lt;td class="tabelatd2"&gt;Patrimonial&lt;/td&gt;
	&lt;/tr&gt;
	&lt;tr&gt;
		&lt;td class="tabelatd1"&gt;103&lt;/td&gt;
		&lt;td class="tabelatd1"&gt;Tipo Cobranca&lt;/td&gt;
		&lt;td class="tabelatd1"&gt;10/10/2018&lt;/td&gt;
		&lt;td class="tabelatd1"&gt;110.00&lt;/td&gt;
		&lt;td class="tabelatd1"&gt;10/28/2018 11:01:33&lt;/td&gt;
		&lt;td class="tabelatd1"&gt;Fulano de Tal (652.392.539-00)&lt;/td&gt;
		&lt;td class="tabelatd1"&gt;1&lt;/td&gt;
		&lt;td class="tabelatd1"&gt;Patrimonial&lt;/td&gt;
	&lt;/tr&gt;
	&lt;tr&gt;
		&lt;td class="tabelatd2"&gt;112&lt;/td&gt;
		&lt;td class="tabelatd2"&gt;Tipo Cobranca&lt;/td&gt;
		&lt;td class="tabelatd2"&gt;10/10/2018&lt;/td&gt;
		&lt;td class="tabelatd2"&gt;100.00&lt;/td&gt;
		&lt;td class="tabelatd2"&gt;10/28/2018 11:01:35&lt;/td&gt;
		&lt;td class="tabelatd2"&gt;Fulano de Tal (652.392.539-00)&lt;/td&gt;
		&lt;td class="tabelatd2"&gt;1&lt;/td&gt;
		&lt;td class="tabelatd2"&gt;Patrimonial&lt;/td&gt;
	&lt;/tr&gt;
	&lt;tr&gt;
		&lt;td class="tabelatd1"&gt;113&lt;/td&gt;
		&lt;td class="tabelatd1"&gt;Tipo Cobranca&lt;/td&gt;
		&lt;td class="tabelatd1"&gt;10/10/2018&lt;/td&gt;
		&lt;td class="tabelatd1"&gt;100.00&lt;/td&gt;
		&lt;td class="tabelatd1"&gt;10/28/2018 11:03:49&lt;/td&gt;
		&lt;td class="tabelatd1"&gt;Fulano de Tal (652.392.539-00)&lt;/td&gt;
		&lt;td class="tabelatd1"&gt;1&lt;/td&gt;
		&lt;td class="tabelatd1"&gt;Patrimonial&lt;/td&gt;
	&lt;/tr&gt;
	&lt;tr&gt;
		&lt;td class="tabelatd2"&gt;114&lt;/td&gt;
		&lt;td class="tabelatd2"&gt;Tipo Cobranca&lt;/td&gt;
		&lt;td class="tabelatd2"&gt;10/10/2018&lt;/td&gt;
		&lt;td class="tabelatd2"&gt;100.00&lt;/td&gt;
		&lt;td class="tabelatd2"&gt;10/28/2018 11:05:27&lt;/td&gt;
		&lt;td class="tabelatd2"&gt;Fulano de Tal (652.392.539-00)&lt;/td&gt;
		&lt;td class="tabelatd2"&gt;1&lt;/td&gt;
		&lt;td class="tabelatd2"&gt;Patrimonial&lt;/td&gt;
	&lt;/tr&gt;
	&lt;tr&gt;
		&lt;td class="tabelatd1"&gt;115&lt;/td&gt;
		&lt;td class="tabelatd1"&gt;Tipo Cobranca&lt;/td&gt;
		&lt;td class="tabelatd1"&gt;10/10/2018&lt;/td&gt;
		&lt;td class="tabelatd1"&gt;100.00&lt;/td&gt;
		&lt;td class="tabelatd1"&gt;10/28/2018 11:05:45&lt;/td&gt;
		&lt;td class="tabelatd1"&gt;Fulano de Tal (652.392.539-00)&lt;/td&gt;
		&lt;td class="tabelatd1"&gt;1&lt;/td&gt;
		&lt;td class="tabelatd1"&gt;Patrimonial&lt;/td&gt;
	&lt;/tr&gt;
	&lt;tr&gt;
		&lt;td class="tabelatd2"&gt;116&lt;/td&gt;
		&lt;td class="tabelatd2"&gt;Tipo Cobranca&lt;/td&gt;
		&lt;td class="tabelatd2"&gt;10/10/2018&lt;/td&gt;
		&lt;td class="tabelatd2"&gt;100.00&lt;/td&gt;
		&lt;td class="tabelatd2"&gt;10/28/2018 11:09:42&lt;/td&gt;
		&lt;td class="tabelatd2"&gt;Fulano de Tal (652.392.539-00)&lt;/td&gt;
		&lt;td class="tabelatd2"&gt;1&lt;/td&gt;
		&lt;td class="tabelatd2"&gt;Patrimonial&lt;/td&gt;
	&lt;/tr&gt;
	&lt;tr&gt;
		&lt;td class="tabelatd1"&gt;117&lt;/td&gt;
		&lt;td class="tabelatd1"&gt;Tipo Cobranca&lt;/td&gt;
		&lt;td class="tabelatd1"&gt;10/10/2018&lt;/td&gt;
		&lt;td class="tabelatd1"&gt;100.00&lt;/td&gt;
		&lt;td class="tabelatd1"&gt;10/28/2018 11:14:11&lt;/td&gt;
		&lt;td class="tabelatd1"&gt;Fulano de Tal (652.392.539-00)&lt;/td&gt;
		&lt;td class="tabelatd1"&gt;1&lt;/td&gt;
		&lt;td class="tabelatd1"&gt;Patrimonial&lt;/td&gt;
	&lt;/tr&gt;
	&lt;tr&gt;
		&lt;td class="tabelatd2"&gt;118&lt;/td&gt;
		&lt;td class="tabelatd2"&gt;Tipo Cobranca&lt;/td&gt;
		&lt;td class="tabelatd2"&gt;10/10/2018&lt;/td&gt;
		&lt;td class="tabelatd2"&gt;100.00&lt;/td&gt;
		&lt;td class="tabelatd2"&gt;10/28/2018 11:14:19&lt;/td&gt;
		&lt;td class="tabelatd2"&gt;Fulano de Tal (652.392.539-00)&lt;/td&gt;
		&lt;td class="tabelatd2"&gt;1&lt;/td&gt;
		&lt;td class="tabelatd2"&gt;Patrimonial&lt;/td&gt;
	&lt;/tr&gt;
	&lt;tr&gt;
		&lt;td class="tabelatd1"&gt;119&lt;/td&gt;
		&lt;td class="tabelatd1"&gt;Tipo Cobranca&lt;/td&gt;
		&lt;td class="tabelatd1"&gt;10/10/2018&lt;/td&gt;
		&lt;td class="tabelatd1"&gt;100.00&lt;/td&gt;
		&lt;td class="tabelatd1"&gt;10/28/2018 11:14:51&lt;/td&gt;
		&lt;td class="tabelatd1"&gt;Fulano de Tal (652.392.539-00)&lt;/td&gt;
		&lt;td class="tabelatd1"&gt;1&lt;/td&gt;
		&lt;td class="tabelatd1"&gt;Patrimonial&lt;/td&gt;
	&lt;/tr&gt;
	&lt;tr&gt;
		&lt;td class="tabelatd2"&gt;120&lt;/td&gt;
		&lt;td class="tabelatd2"&gt;Tipo Cobranca&lt;/td&gt;
		&lt;td class="tabelatd2"&gt;10/10/2018&lt;/td&gt;
		&lt;td class="tabelatd2"&gt;100.00&lt;/td&gt;
		&lt;td class="tabelatd2"&gt;10/28/2018 11:15:54&lt;/td&gt;
		&lt;td class="tabelatd2"&gt;Fulano de Tal (652.392.539-00)&lt;/td&gt;
		&lt;td class="tabelatd2"&gt;1&lt;/td&gt;
		&lt;td class="tabelatd2"&gt;Patrimonial&lt;/td&gt;
	&lt;/tr&gt;
	&lt;tr&gt;
		&lt;td class="tabelatd1"&gt;121&lt;/td&gt;
		&lt;td class="tabelatd1"&gt;Tipo Cobranca&lt;/td&gt;
		&lt;td class="tabelatd1"&gt;10/10/2018&lt;/td&gt;
		&lt;td class="tabelatd1"&gt;100.00&lt;/td&gt;
		&lt;td class="tabelatd1"&gt;10/28/2018 11:16:44&lt;/td&gt;
		&lt;td class="tabelatd1"&gt;Fulano de Tal (652.392.539-00)&lt;/td&gt;
		&lt;td class="tabelatd1"&gt;1&lt;/td&gt;
		&lt;td class="tabelatd1"&gt;Patrimonial&lt;/td&gt;
	&lt;/tr&gt;
	&lt;tr&gt;
		&lt;td class="tabelatd2"&gt;122&lt;/td&gt;
		&lt;td class="tabelatd2"&gt;Tipo Cobranca&lt;/td&gt;
		&lt;td class="tabelatd2"&gt;10/10/2018&lt;/td&gt;
		&lt;td class="tabelatd2"&gt;100.00&lt;/td&gt;
		&lt;td class="tabelatd2"&gt;10/28/2018 11:17:34&lt;/td&gt;
		&lt;td class="tabelatd2"&gt;Fulano de Tal (652.392.539-00)&lt;/td&gt;
		&lt;td class="tabelatd2"&gt;1&lt;/td&gt;
		&lt;td class="tabelatd2"&gt;Patrimonial&lt;/td&gt;
	&lt;/tr&gt;
	&lt;tr&gt;
		&lt;td class="tabelatd1"&gt;123&lt;/td&gt;
		&lt;td class="tabelatd1"&gt;Tipo Cobranca&lt;/td&gt;
		&lt;td class="tabelatd1"&gt;10/10/2018&lt;/td&gt;
		&lt;td class="tabelatd1"&gt;110.00&lt;/td&gt;
		&lt;td class="tabelatd1"&gt;10/28/2018 11:17:56&lt;/td&gt;
		&lt;td class="tabelatd1"&gt;Fulano de Tal (652.392.539-00)&lt;/td&gt;
		&lt;td class="tabelatd1"&gt;1&lt;/td&gt;
		&lt;td class="tabelatd1"&gt;Patrimonial&lt;/td&gt;
	&lt;/tr&gt;
	&lt;tr&gt;
		&lt;td class="tabelatd2"&gt;127&lt;/td&gt;
		&lt;td class="tabelatd2"&gt;Tipo Cobranca&lt;/td&gt;
		&lt;td class="tabelatd2"&gt;10/10/2018&lt;/td&gt;
		&lt;td class="tabelatd2"&gt;110.00&lt;/td&gt;
		&lt;td class="tabelatd2"&gt;10/28/2018 11:17:56&lt;/td&gt;
		&lt;td class="tabelatd2"&gt;Fulano de Tal (652.392.539-00)&lt;/td&gt;
		&lt;td class="tabelatd2"&gt;1&lt;/td&gt;
		&lt;td class="tabelatd2"&gt;Patrimonial&lt;/td&gt;
	&lt;/tr&gt;
	&lt;tr&gt;
		&lt;td class="tabelatd1"&gt;128&lt;/td&gt;
		&lt;td class="tabelatd1"&gt;Tipo Cobranca&lt;/td&gt;
		&lt;td class="tabelatd1"&gt;10/10/2018&lt;/td&gt;
		&lt;td class="tabelatd1"&gt;110.00&lt;/td&gt;
		&lt;td class="tabelatd1"&gt;10/28/2018 11:17:56&lt;/td&gt;
		&lt;td class="tabelatd1"&gt;Fulano de Tal (652.392.539-00)&lt;/td&gt;
		&lt;td class="tabelatd1"&gt;1&lt;/td&gt;
		&lt;td class="tabelatd1"&gt;Patrimonial&lt;/td&gt;
	&lt;/tr&gt;
	&lt;tr&gt;
		&lt;td class="tabelatd2"&gt;129&lt;/td&gt;
		&lt;td class="tabelatd2"&gt;Tipo Cobranca&lt;/td&gt;
		&lt;td class="tabelatd2"&gt;10/10/2018&lt;/td&gt;
		&lt;td class="tabelatd2"&gt;110.00&lt;/td&gt;
		&lt;td class="tabelatd2"&gt;10/28/2018 11:17:56&lt;/td&gt;
		&lt;td class="tabelatd2"&gt;Fulano de Tal (652.392.539-00)&lt;/td&gt;
		&lt;td class="tabelatd2"&gt;1&lt;/td&gt;
		&lt;td class="tabelatd2"&gt;Patrimonial&lt;/td&gt;
	&lt;/tr&gt;
	&lt;tr&gt;
		&lt;td class="tabelatd1"&gt;130&lt;/td&gt;
		&lt;td class="tabelatd1"&gt;Tipo Cobranca&lt;/td&gt;
		&lt;td class="tabelatd1"&gt;10/10/2018&lt;/td&gt;
		&lt;td class="tabelatd1"&gt;110.00&lt;/td&gt;
		&lt;td class="tabelatd1"&gt;10/28/2018 11:17:56&lt;/td&gt;
		&lt;td class="tabelatd1"&gt;Fulano de Tal (652.392.539-00)&lt;/td&gt;
		&lt;td class="tabelatd1"&gt;1&lt;/td&gt;
		&lt;td class="tabelatd1"&gt;Patrimonial&lt;/td&gt;
	&lt;/tr&gt;
	&lt;tr&gt;
		&lt;td class="tabelatd2"&gt;131&lt;/td&gt;
		&lt;td class="tabelatd2"&gt;Tipo Cobranca&lt;/td&gt;
		&lt;td class="tabelatd2"&gt;10/10/2018&lt;/td&gt;
		&lt;td class="tabelatd2"&gt;110.00&lt;/td&gt;
		&lt;td class="tabelatd2"&gt;10/28/2018 11:17:56&lt;/td&gt;
		&lt;td class="tabelatd2"&gt;Fulano de Tal (652.392.539-00)&lt;/td&gt;
		&lt;td class="tabelatd2"&gt;1&lt;/td&gt;
		&lt;td class="tabelatd2"&gt;Patrimonial&lt;/td&gt;
	&lt;/tr&gt;
	&lt;tr&gt;
		&lt;td class="tabelatd1"&gt;141&lt;/td&gt;
		&lt;td class="tabelatd1"&gt;Tipo Cobranca&lt;/td&gt;
		&lt;td class="tabelatd1"&gt;10/10/2018&lt;/td&gt;
		&lt;td class="tabelatd1"&gt;100.00&lt;/td&gt;
		&lt;td class="tabelatd1"&gt;10/28/2018 11:17:57&lt;/td&gt;
		&lt;td class="tabelatd1"&gt;Fulano de Tal (652.392.539-00)&lt;/td&gt;
		&lt;td class="tabelatd1"&gt;1&lt;/td&gt;
		&lt;td class="tabelatd1"&gt;Patrimonial&lt;/td&gt;
	&lt;/tr&gt;
	&lt;tr&gt;
		&lt;td class="tabelatd2"&gt;142&lt;/td&gt;
		&lt;td class="tabelatd2"&gt;Tipo Cobranca&lt;/td&gt;
		&lt;td class="tabelatd2"&gt;10/10/2018&lt;/td&gt;
		&lt;td class="tabelatd2"&gt;100.00&lt;/td&gt;
		&lt;td class="tabelatd2"&gt;10/28/2018 11:18:56&lt;/td&gt;
		&lt;td class="tabelatd2"&gt;Fulano de Tal (652.392.539-00)&lt;/td&gt;
		&lt;td class="tabelatd2"&gt;1&lt;/td&gt;
		&lt;td class="tabelatd2"&gt;Patrimonial&lt;/td&gt;
	&lt;/tr&gt;
	&lt;tr&gt;
		&lt;td class="tabelatd1"&gt;143&lt;/td&gt;
		&lt;td class="tabelatd1"&gt;Tipo Cobranca&lt;/td&gt;
		&lt;td class="tabelatd1"&gt;10/10/2018&lt;/td&gt;
		&lt;td class="tabelatd1"&gt;100.00&lt;/td&gt;
		&lt;td class="tabelatd1"&gt;10/28/2018 11:19:20&lt;/td&gt;
		&lt;td class="tabelatd1"&gt;Fulano de Tal (652.392.539-00)&lt;/td&gt;
		&lt;td class="tabelatd1"&gt;1&lt;/td&gt;
		&lt;td class="tabelatd1"&gt;Patrimonial&lt;/td&gt;
	&lt;/tr&gt;
	&lt;tr&gt;
		&lt;td class="tabelatd2"&gt;144&lt;/td&gt;
		&lt;td class="tabelatd2"&gt;Tipo Cobranca&lt;/td&gt;
		&lt;td class="tabelatd2"&gt;10/10/2018&lt;/td&gt;
		&lt;td class="tabelatd2"&gt;100.00&lt;/td&gt;
		&lt;td class="tabelatd2"&gt;10/28/2018 11:20:10&lt;/td&gt;
		&lt;td class="tabelatd2"&gt;Fulano de Tal (652.392.539-00)&lt;/td&gt;
		&lt;td class="tabelatd2"&gt;1&lt;/td&gt;
		&lt;td class="tabelatd2"&gt;Patrimonial&lt;/td&gt;
	&lt;/tr&gt;
	&lt;tr&gt;
		&lt;td class="tabelatd1"&gt;145&lt;/td&gt;
		&lt;td class="tabelatd1"&gt;Tipo Cobranca&lt;/td&gt;
		&lt;td class="tabelatd1"&gt;10/10/2018&lt;/td&gt;
		&lt;td class="tabelatd1"&gt;100.00&lt;/td&gt;
		&lt;td class="tabelatd1"&gt;10/28/2018 11:21:00&lt;/td&gt;
		&lt;td class="tabelatd1"&gt;Fulano de Tal (652.392.539-00)&lt;/td&gt;
		&lt;td class="tabelatd1"&gt;1&lt;/td&gt;
		&lt;td class="tabelatd1"&gt;Patrimonial&lt;/td&gt;
	&lt;/tr&gt;
	&lt;tr&gt;
		&lt;td class="tabelatd2"&gt;146&lt;/td&gt;
		&lt;td class="tabelatd2"&gt;Tipo Cobranca&lt;/td&gt;
		&lt;td class="tabelatd2"&gt;10/10/2018&lt;/td&gt;
		&lt;td class="tabelatd2"&gt;100.00&lt;/td&gt;
		&lt;td class="tabelatd2"&gt;10/28/2018 11:21:35&lt;/td&gt;
		&lt;td class="tabelatd2"&gt;Fulano de Tal (652.392.539-00)&lt;/td&gt;
		&lt;td class="tabelatd2"&gt;1&lt;/td&gt;
		&lt;td class="tabelatd2"&gt;Patrimonial&lt;/td&gt;
	&lt;/tr&gt;
	&lt;tr&gt;
		&lt;td class="tabelatd1"&gt;147&lt;/td&gt;
		&lt;td class="tabelatd1"&gt;Tipo Cobranca&lt;/td&gt;
		&lt;td class="tabelatd1"&gt;10/10/2018&lt;/td&gt;
		&lt;td class="tabelatd1"&gt;110.00&lt;/td&gt;
		&lt;td class="tabelatd1"&gt;10/28/2018 11:22:20&lt;/td&gt;
		&lt;td class="tabelatd1"&gt;Fulano de Tal (652.392.539-00)&lt;/td&gt;
		&lt;td class="tabelatd1"&gt;1&lt;/td&gt;
		&lt;td class="tabelatd1"&gt;Patrimonial&lt;/td&gt;
	&lt;/tr&gt;
	&lt;tr&gt;
		&lt;td class="tabelatd2"&gt;151&lt;/td&gt;
		&lt;td class="tabelatd2"&gt;Tipo Cobranca&lt;/td&gt;
		&lt;td class="tabelatd2"&gt;10/10/2018&lt;/td&gt;
		&lt;td class="tabelatd2"&gt;110.00&lt;/td&gt;
		&lt;td class="tabelatd2"&gt;10/28/2018 11:22:20&lt;/td&gt;
		&lt;td class="tabelatd2"&gt;Fulano de Tal (652.392.539-00)&lt;/td&gt;
		&lt;td class="tabelatd2"&gt;1&lt;/td&gt;
		&lt;td class="tabelatd2"&gt;Patrimonial&lt;/td&gt;
	&lt;/tr&gt;
	&lt;tr&gt;
		&lt;td class="tabelatd1"&gt;152&lt;/td&gt;
		&lt;td class="tabelatd1"&gt;Tipo Cobranca&lt;/td&gt;
		&lt;td class="tabelatd1"&gt;10/10/2018&lt;/td&gt;
		&lt;td class="tabelatd1"&gt;110.00&lt;/td&gt;
		&lt;td class="tabelatd1"&gt;10/28/2018 11:22:20&lt;/td&gt;
		&lt;td class="tabelatd1"&gt;Fulano de Tal (652.392.539-00)&lt;/td&gt;
		&lt;td class="tabelatd1"&gt;1&lt;/td&gt;
		&lt;td class="tabelatd1"&gt;Patrimonial&lt;/td&gt;
	&lt;/tr&gt;
	&lt;tr&gt;
		&lt;td class="tabelatd2"&gt;153&lt;/td&gt;
		&lt;td class="tabelatd2"&gt;Tipo Cobranca&lt;/td&gt;
		&lt;td class="tabelatd2"&gt;10/10/2018&lt;/td&gt;
		&lt;td class="tabelatd2"&gt;110.00&lt;/td&gt;
		&lt;td class="tabelatd2"&gt;10/28/2018 11:22:20&lt;/td&gt;
		&lt;td class="tabelatd2"&gt;Fulano de Tal (652.392.539-00)&lt;/td&gt;
		&lt;td class="tabelatd2"&gt;1&lt;/td&gt;
		&lt;td class="tabelatd2"&gt;Patrimonial&lt;/td&gt;
	&lt;/tr&gt;
	&lt;tr&gt;
		&lt;td class="tabelatd1"&gt;154&lt;/td&gt;
		&lt;td class="tabelatd1"&gt;Tipo Cobranca&lt;/td&gt;
		&lt;td class="tabelatd1"&gt;10/10/2018&lt;/td&gt;
		&lt;td class="tabelatd1"&gt;110.00&lt;/td&gt;
		&lt;td class="tabelatd1"&gt;10/28/2018 11:22:20&lt;/td&gt;
		&lt;td class="tabelatd1"&gt;Fulano de Tal (652.392.539-00)&lt;/td&gt;
		&lt;td class="tabelatd1"&gt;1&lt;/td&gt;
		&lt;td class="tabelatd1"&gt;Patrimonial&lt;/td&gt;
	&lt;/tr&gt;
	&lt;tr&gt;
		&lt;td class="tabelatd2"&gt;155&lt;/td&gt;
		&lt;td class="tabelatd2"&gt;Tipo Cobranca&lt;/td&gt;
		&lt;td class="tabelatd2"&gt;10/10/2018&lt;/td&gt;
		&lt;td class="tabelatd2"&gt;110.00&lt;/td&gt;
		&lt;td class="tabelatd2"&gt;10/28/2018 11:22:20&lt;/td&gt;
		&lt;td class="tabelatd2"&gt;Fulano de Tal (652.392.539-00)&lt;/td&gt;
		&lt;td class="tabelatd2"&gt;1&lt;/td&gt;
		&lt;td class="tabelatd2"&gt;Patrimonial&lt;/td&gt;
	&lt;/tr&gt;
	&lt;tr&gt;
		&lt;td class="tabelatd1"&gt;156&lt;/td&gt;
		&lt;td class="tabelatd1"&gt;Tipo Cobranca&lt;/td&gt;
		&lt;td class="tabelatd1"&gt;10/10/2018&lt;/td&gt;
		&lt;td class="tabelatd1"&gt;110.00&lt;/td&gt;
		&lt;td class="tabelatd1"&gt;10/28/2018 11:22:20&lt;/td&gt;
		&lt;td class="tabelatd1"&gt;Fulano de Tal (652.392.539-00)&lt;/td&gt;
		&lt;td class="tabelatd1"&gt;1&lt;/td&gt;
		&lt;td class="tabelatd1"&gt;Patrimonial&lt;/td&gt;
	&lt;/tr&gt;
	&lt;tr&gt;
		&lt;td class="tabelatd2"&gt;167&lt;/td&gt;
		&lt;td class="tabelatd2"&gt;Tipo Cobranca&lt;/td&gt;
		&lt;td class="tabelatd2"&gt;10/10/2018&lt;/td&gt;
		&lt;td class="tabelatd2"&gt;110.00&lt;/td&gt;
		&lt;td class="tabelatd2"&gt;10/28/2018 11:24:34&lt;/td&gt;
		&lt;td class="tabelatd2"&gt;Fulano de Tal (652.392.539-00)&lt;/td&gt;
		&lt;td class="tabelatd2"&gt;1&lt;/td&gt;
		&lt;td class="tabelatd2"&gt;Patrimonial&lt;/td&gt;
	&lt;/tr&gt;
	&lt;tr&gt;
		&lt;td class="tabelatd1"&gt;171&lt;/td&gt;
		&lt;td class="tabelatd1"&gt;Tipo Cobranca&lt;/td&gt;
		&lt;td class="tabelatd1"&gt;10/10/2018&lt;/td&gt;
		&lt;td class="tabelatd1"&gt;110.00&lt;/td&gt;
		&lt;td class="tabelatd1"&gt;10/28/2018 11:24:34&lt;/td&gt;
		&lt;td class="tabelatd1"&gt;Fulano de Tal (652.392.539-00)&lt;/td&gt;
		&lt;td class="tabelatd1"&gt;1&lt;/td&gt;
		&lt;td class="tabelatd1"&gt;Patrimonial&lt;/td&gt;
	&lt;/tr&gt;
	&lt;tr&gt;
		&lt;td class="tabelatd2"&gt;172&lt;/td&gt;
		&lt;td class="tabelatd2"&gt;Tipo Cobranca&lt;/td&gt;
		&lt;td class="tabelatd2"&gt;10/10/2018&lt;/td&gt;
		&lt;td class="tabelatd2"&gt;110.00&lt;/td&gt;
		&lt;td class="tabelatd2"&gt;10/28/2018 11:24:34&lt;/td&gt;
		&lt;td class="tabelatd2"&gt;Fulano de Tal (652.392.539-00)&lt;/td&gt;
		&lt;td class="tabelatd2"&gt;1&lt;/td&gt;
		&lt;td class="tabelatd2"&gt;Patrimonial&lt;/td&gt;
	&lt;/tr&gt;
	&lt;tr&gt;
		&lt;td class="tabelatd1"&gt;173&lt;/td&gt;
		&lt;td class="tabelatd1"&gt;Tipo Cobranca&lt;/td&gt;
		&lt;td class="tabelatd1"&gt;10/10/2018&lt;/td&gt;
		&lt;td class="tabelatd1"&gt;110.00&lt;/td&gt;
		&lt;td class="tabelatd1"&gt;10/28/2018 11:24:34&lt;/td&gt;
		&lt;td class="tabelatd1"&gt;Fulano de Tal (652.392.539-00)&lt;/td&gt;
		&lt;td class="tabelatd1"&gt;1&lt;/td&gt;
		&lt;td class="tabelatd1"&gt;Patrimonial&lt;/td&gt;
	&lt;/tr&gt;
	&lt;tr&gt;
		&lt;td class="tabelatd2"&gt;174&lt;/td&gt;
		&lt;td class="tabelatd2"&gt;Tipo Cobranca&lt;/td&gt;
		&lt;td class="tabelatd2"&gt;10/10/2018&lt;/td&gt;
		&lt;td class="tabelatd2"&gt;110.00&lt;/td&gt;
		&lt;td class="tabelatd2"&gt;10/28/2018 11:24:34&lt;/td&gt;
		&lt;td class="tabelatd2"&gt;Fulano de Tal (652.392.539-00)&lt;/td&gt;
		&lt;td class="tabelatd2"&gt;1&lt;/td&gt;
		&lt;td class="tabelatd2"&gt;Patrimonial&lt;/td&gt;
	&lt;/tr&gt;
	&lt;tr&gt;
		&lt;td class="tabelatd1"&gt;175&lt;/td&gt;
		&lt;td class="tabelatd1"&gt;Tipo Cobranca&lt;/td&gt;
		&lt;td class="tabelatd1"&gt;10/10/2018&lt;/td&gt;
		&lt;td class="tabelatd1"&gt;110.00&lt;/td&gt;
		&lt;td class="tabelatd1"&gt;10/28/2018 11:24:34&lt;/td&gt;
		&lt;td class="tabelatd1"&gt;Fulano de Tal (652.392.539-00)&lt;/td&gt;
		&lt;td class="tabelatd1"&gt;1&lt;/td&gt;
		&lt;td class="tabelatd1"&gt;Patrimonial&lt;/td&gt;
	&lt;/tr&gt;
	&lt;tr&gt;
		&lt;td class="tabelatd2"&gt;176&lt;/td&gt;
		&lt;td class="tabelatd2"&gt;Tipo Cobranca&lt;/td&gt;
		&lt;td class="tabelatd2"&gt;10/10/2018&lt;/td&gt;
		&lt;td class="tabelatd2"&gt;110.00&lt;/td&gt;
		&lt;td class="tabelatd2"&gt;10/28/2018 11:24:34&lt;/td&gt;
		&lt;td class="tabelatd2"&gt;Fulano de Tal (652.392.539-00)&lt;/td&gt;
		&lt;td class="tabelatd2"&gt;1&lt;/td&gt;
		&lt;td class="tabelatd2"&gt;Patrimonial&lt;/td&gt;
	&lt;/tr&gt;
	&lt;tr&gt;
		&lt;td class="tabelatd1"&gt;187&lt;/td&gt;
		&lt;td class="tabelatd1"&gt;Tipo Cobranca&lt;/td&gt;
		&lt;td class="tabelatd1"&gt;10/10/2018&lt;/td&gt;
		&lt;td class="tabelatd1"&gt;110.00&lt;/td&gt;
		&lt;td class="tabelatd1"&gt;10/28/2018 11:25:15&lt;/td&gt;
		&lt;td class="tabelatd1"&gt;Fulano de Tal (652.392.539-00)&lt;/td&gt;
		&lt;td class="tabelatd1"&gt;1&lt;/td&gt;
		&lt;td class="tabelatd1"&gt;Patrimonial&lt;/td&gt;
	&lt;/tr&gt;
	&lt;tr&gt;
		&lt;td class="tabelatd2"&gt;191&lt;/td&gt;
		&lt;td class="tabelatd2"&gt;Tipo Cobranca&lt;/td&gt;
		&lt;td class="tabelatd2"&gt;10/10/2018&lt;/td&gt;
		&lt;td class="tabelatd2"&gt;110.00&lt;/td&gt;
		&lt;td class="tabelatd2"&gt;10/28/2018 11:25:15&lt;/td&gt;
		&lt;td class="tabelatd2"&gt;Fulano de Tal (652.392.539-00)&lt;/td&gt;
		&lt;td class="tabelatd2"&gt;1&lt;/td&gt;
		&lt;td class="tabelatd2"&gt;Patrimonial&lt;/td&gt;
	&lt;/tr&gt;
	&lt;tr&gt;
		&lt;td class="tabelatd1"&gt;192&lt;/td&gt;
		&lt;td class="tabelatd1"&gt;Tipo Cobranca&lt;/td&gt;
		&lt;td class="tabelatd1"&gt;10/10/2018&lt;/td&gt;
		&lt;td class="tabelatd1"&gt;110.00&lt;/td&gt;
		&lt;td class="tabelatd1"&gt;10/28/2018 11:25:15&lt;/td&gt;
		&lt;td class="tabelatd1"&gt;Fulano de Tal (652.392.539-00)&lt;/td&gt;
		&lt;td class="tabelatd1"&gt;1&lt;/td&gt;
		&lt;td class="tabelatd1"&gt;Patrimonial&lt;/td&gt;
	&lt;/tr&gt;
	&lt;tr&gt;
		&lt;td class="tabelatd2"&gt;193&lt;/td&gt;
		&lt;td class="tabelatd2"&gt;Tipo Cobranca&lt;/td&gt;
		&lt;td class="tabelatd2"&gt;10/10/2018&lt;/td&gt;
		&lt;td class="tabelatd2"&gt;110.00&lt;/td&gt;
		&lt;td class="tabelatd2"&gt;10/28/2018 11:25:15&lt;/td&gt;
		&lt;td class="tabelatd2"&gt;Fulano de Tal (652.392.539-00)&lt;/td&gt;
		&lt;td class="tabelatd2"&gt;1&lt;/td&gt;
		&lt;td class="tabelatd2"&gt;Patrimonial&lt;/td&gt;
	&lt;/tr&gt;
	&lt;tr&gt;
		&lt;td class="tabelatd1"&gt;194&lt;/td&gt;
		&lt;td class="tabelatd1"&gt;Tipo Cobranca&lt;/td&gt;
		&lt;td class="tabelatd1"&gt;10/10/2018&lt;/td&gt;
		&lt;td class="tabelatd1"&gt;110.00&lt;/td&gt;
		&lt;td class="tabelatd1"&gt;10/28/2018 11:25:15&lt;/td&gt;
		&lt;td class="tabelatd1"&gt;Fulano de Tal (652.392.539-00)&lt;/td&gt;
		&lt;td class="tabelatd1"&gt;1&lt;/td&gt;
		&lt;td class="tabelatd1"&gt;Patrimonial&lt;/td&gt;
	&lt;/tr&gt;
	&lt;tr&gt;
		&lt;td class="tabelatd2"&gt;195&lt;/td&gt;
		&lt;td class="tabelatd2"&gt;Tipo Cobranca&lt;/td&gt;
		&lt;td class="tabelatd2"&gt;10/10/2018&lt;/td&gt;
		&lt;td class="tabelatd2"&gt;110.00&lt;/td&gt;
		&lt;td class="tabelatd2"&gt;10/28/2018 11:25:15&lt;/td&gt;
		&lt;td class="tabelatd2"&gt;Fulano de Tal (652.392.539-00)&lt;/td&gt;
		&lt;td class="tabelatd2"&gt;1&lt;/td&gt;
		&lt;td class="tabelatd2"&gt;Patrimonial&lt;/td&gt;
	&lt;/tr&gt;
	&lt;tr&gt;
		&lt;td class="tabelatd1"&gt;196&lt;/td&gt;
		&lt;td class="tabelatd1"&gt;Tipo Cobranca&lt;/td&gt;
		&lt;td class="tabelatd1"&gt;10/10/2018&lt;/td&gt;
		&lt;td class="tabelatd1"&gt;110.00&lt;/td&gt;
		&lt;td class="tabelatd1"&gt;10/28/2018 11:25:15&lt;/td&gt;
		&lt;td class="tabelatd1"&gt;Fulano de Tal (652.392.539-00)&lt;/td&gt;
		&lt;td class="tabelatd1"&gt;1&lt;/td&gt;
		&lt;td class="tabelatd1"&gt;Patrimonial&lt;/td&gt;
	&lt;/tr&gt;
	&lt;tr&gt;
		&lt;td class="tabelatd2"&gt;207&lt;/td&gt;
		&lt;td class="tabelatd2"&gt;Tipo Cobranca&lt;/td&gt;
		&lt;td class="tabelatd2"&gt;10/10/2018&lt;/td&gt;
		&lt;td class="tabelatd2"&gt;110.00&lt;/td&gt;
		&lt;td class="tabelatd2"&gt;10/28/2018 11:25:27&lt;/td&gt;
		&lt;td class="tabelatd2"&gt;Fulano de Tal (652.392.539-00)&lt;/td&gt;
		&lt;td class="tabelatd2"&gt;1&lt;/td&gt;
		&lt;td class="tabelatd2"&gt;Patrimonial&lt;/td&gt;
	&lt;/tr&gt;
	&lt;tr&gt;
		&lt;td class="tabelatd1"&gt;211&lt;/td&gt;
		&lt;td class="tabelatd1"&gt;Tipo Cobranca&lt;/td&gt;
		&lt;td class="tabelatd1"&gt;10/10/2018&lt;/td&gt;
		&lt;td class="tabelatd1"&gt;110.00&lt;/td&gt;
		&lt;td class="tabelatd1"&gt;10/28/2018 11:25:27&lt;/td&gt;
		&lt;td class="tabelatd1"&gt;Fulano de Tal (652.392.539-00)&lt;/td&gt;
		&lt;td class="tabelatd1"&gt;1&lt;/td&gt;
		&lt;td class="tabelatd1"&gt;Patrimonial&lt;/td&gt;
	&lt;/tr&gt;
	&lt;tr&gt;
		&lt;td class="tabelatd2"&gt;212&lt;/td&gt;
		&lt;td class="tabelatd2"&gt;Tipo Cobranca&lt;/td&gt;
		&lt;td class="tabelatd2"&gt;10/10/2018&lt;/td&gt;
		&lt;td class="tabelatd2"&gt;110.00&lt;/td&gt;
		&lt;td class="tabelatd2"&gt;10/28/2018 11:25:27&lt;/td&gt;
		&lt;td class="tabelatd2"&gt;Fulano de Tal (652.392.539-00)&lt;/td&gt;
		&lt;td class="tabelatd2"&gt;1&lt;/td&gt;
		&lt;td class="tabelatd2"&gt;Patrimonial&lt;/td&gt;
	&lt;/tr&gt;
	&lt;tr&gt;
		&lt;td class="tabelatd1"&gt;213&lt;/td&gt;
		&lt;td class="tabelatd1"&gt;Tipo Cobranca&lt;/td&gt;
		&lt;td class="tabelatd1"&gt;10/10/2018&lt;/td&gt;
		&lt;td class="tabelatd1"&gt;110.00&lt;/td&gt;
		&lt;td class="tabelatd1"&gt;10/28/2018 11:25:27&lt;/td&gt;
		&lt;td class="tabelatd1"&gt;Fulano de Tal (652.392.539-00)&lt;/td&gt;
		&lt;td class="tabelatd1"&gt;1&lt;/td&gt;
		&lt;td class="tabelatd1"&gt;Patrimonial&lt;/td&gt;
	&lt;/tr&gt;
	&lt;tr&gt;
		&lt;td class="tabelatd2"&gt;214&lt;/td&gt;
		&lt;td class="tabelatd2"&gt;Tipo Cobranca&lt;/td&gt;
		&lt;td class="tabelatd2"&gt;10/10/2018&lt;/td&gt;
		&lt;td class="tabelatd2"&gt;110.00&lt;/td&gt;
		&lt;td class="tabelatd2"&gt;10/28/2018 11:25:27&lt;/td&gt;
		&lt;td class="tabelatd2"&gt;Fulano de Tal (652.392.539-00)&lt;/td&gt;
		&lt;td class="tabelatd2"&gt;1&lt;/td&gt;
		&lt;td class="tabelatd2"&gt;Patrimonial&lt;/td&gt;
	&lt;/tr&gt;
	&lt;tr&gt;
		&lt;td class="tabelatd1"&gt;215&lt;/td&gt;
		&lt;td class="tabelatd1"&gt;Tipo Cobranca&lt;/td&gt;
		&lt;td class="tabelatd1"&gt;10/10/2018&lt;/td&gt;
		&lt;td class="tabelatd1"&gt;110.00&lt;/td&gt;
		&lt;td class="tabelatd1"&gt;10/28/2018 11:25:27&lt;/td&gt;
		&lt;td class="tabelatd1"&gt;Fulano de Tal (652.392.539-00)&lt;/td&gt;
		&lt;td class="tabelatd1"&gt;1&lt;/td&gt;
		&lt;td class="tabelatd1"&gt;Patrimonial&lt;/td&gt;
	&lt;/tr&gt;
	&lt;tr&gt;
		&lt;td class="tabelatd2"&gt;216&lt;/td&gt;
		&lt;td class="tabelatd2"&gt;Tipo Cobranca&lt;/td&gt;
		&lt;td class="tabelatd2"&gt;10/10/2018&lt;/td&gt;
		&lt;td class="tabelatd2"&gt;110.00&lt;/td&gt;
		&lt;td class="tabelatd2"&gt;10/28/2018 11:25:27&lt;/td&gt;
		&lt;td class="tabelatd2"&gt;Fulano de Tal (652.392.539-00)&lt;/td&gt;
		&lt;td class="tabelatd2"&gt;1&lt;/td&gt;
		&lt;td class="tabelatd2"&gt;Patrimonial&lt;/td&gt;
	&lt;/tr&gt;
	&lt;tr&gt;
		&lt;td class="tabelatd1"&gt;227&lt;/td&gt;
		&lt;td class="tabelatd1"&gt;Tipo Cobranca&lt;/td&gt;
		&lt;td class="tabelatd1"&gt;10/10/2018&lt;/td&gt;
		&lt;td class="tabelatd1"&gt;100.00&lt;/td&gt;
		&lt;td class="tabelatd1"&gt;10/28/2018 11:25:29&lt;/td&gt;
		&lt;td class="tabelatd1"&gt;Fulano de Tal (652.392.539-00)&lt;/td&gt;
		&lt;td class="tabelatd1"&gt;1&lt;/td&gt;
		&lt;td class="tabelatd1"&gt;Patrimonial&lt;/td&gt;
	&lt;/tr&gt;
	&lt;tr&gt;
		&lt;td class="tabelatd2"&gt;228&lt;/td&gt;
		&lt;td class="tabelatd2"&gt;Tipo Cobranca&lt;/td&gt;
		&lt;td class="tabelatd2"&gt;10/10/2018&lt;/td&gt;
		&lt;td class="tabelatd2"&gt;100.00&lt;/td&gt;
		&lt;td class="tabelatd2"&gt;10/28/2018 11:26:19&lt;/td&gt;
		&lt;td class="tabelatd2"&gt;Fulano de Tal (652.392.539-00)&lt;/td&gt;
		&lt;td class="tabelatd2"&gt;1&lt;/td&gt;
		&lt;td class="tabelatd2"&gt;Patrimonial&lt;/td&gt;
	&lt;/tr&gt;
	&lt;tr&gt;
		&lt;td class="tabelatd1"&gt;229&lt;/td&gt;
		&lt;td class="tabelatd1"&gt;Tipo Cobranca&lt;/td&gt;
		&lt;td class="tabelatd1"&gt;10/10/2018&lt;/td&gt;
		&lt;td class="tabelatd1"&gt;100.00&lt;/td&gt;
		&lt;td class="tabelatd1"&gt;10/28/2018 11:27:31&lt;/td&gt;
		&lt;td class="tabelatd1"&gt;Fulano de Tal (652.392.539-00)&lt;/td&gt;
		&lt;td class="tabelatd1"&gt;1&lt;/td&gt;
		&lt;td class="tabelatd1"&gt;Patrimonial&lt;/td&gt;
	&lt;/tr&gt;
	&lt;tr&gt;
		&lt;td class="tabelatd2"&gt;230&lt;/td&gt;
		&lt;td class="tabelatd2"&gt;Tipo Cobranca&lt;/td&gt;
		&lt;td class="tabelatd2"&gt;10/10/2018&lt;/td&gt;
		&lt;td class="tabelatd2"&gt;110.00&lt;/td&gt;
		&lt;td class="tabelatd2"&gt;10/28/2018 11:27:49&lt;/td&gt;
		&lt;td class="tabelatd2"&gt;Fulano de Tal (652.392.539-00)&lt;/td&gt;
		&lt;td class="tabelatd2"&gt;1&lt;/td&gt;
		&lt;td class="tabelatd2"&gt;Patrimonial&lt;/td&gt;
	&lt;/tr&gt;
	&lt;tr&gt;
		&lt;td class="tabelatd1"&gt;234&lt;/td&gt;
		&lt;td class="tabelatd1"&gt;Tipo Cobranca&lt;/td&gt;
		&lt;td class="tabelatd1"&gt;10/10/2018&lt;/td&gt;
		&lt;td class="tabelatd1"&gt;110.00&lt;/td&gt;
		&lt;td class="tabelatd1"&gt;10/28/2018 11:27:49&lt;/td&gt;
		&lt;td class="tabelatd1"&gt;Fulano de Tal (652.392.539-00)&lt;/td&gt;
		&lt;td class="tabelatd1"&gt;1&lt;/td&gt;
		&lt;td class="tabelatd1"&gt;Patrimonial&lt;/td&gt;
	&lt;/tr&gt;
	&lt;tr&gt;
		&lt;td class="tabelatd2"&gt;235&lt;/td&gt;
		&lt;td class="tabelatd2"&gt;Tipo Cobranca&lt;/td&gt;
		&lt;td class="tabelatd2"&gt;10/10/2018&lt;/td&gt;
		&lt;td class="tabelatd2"&gt;110.00&lt;/td&gt;
		&lt;td class="tabelatd2"&gt;10/28/2018 11:27:49&lt;/td&gt;
		&lt;td class="tabelatd2"&gt;Fulano de Tal (652.392.539-00)&lt;/td&gt;
		&lt;td class="tabelatd2"&gt;1&lt;/td&gt;
		&lt;td class="tabelatd2"&gt;Patrimonial&lt;/td&gt;
	&lt;/tr&gt;
	&lt;tr&gt;
		&lt;td class="tabelatd1"&gt;236&lt;/td&gt;
		&lt;td class="tabelatd1"&gt;Tipo Cobranca&lt;/td&gt;
		&lt;td class="tabelatd1"&gt;10/10/2018&lt;/td&gt;
		&lt;td class="tabelatd1"&gt;110.00&lt;/td&gt;
		&lt;td class="tabelatd1"&gt;10/28/2018 11:27:49&lt;/td&gt;
		&lt;td class="tabelatd1"&gt;Fulano de Tal (652.392.539-00)&lt;/td&gt;
		&lt;td class="tabelatd1"&gt;1&lt;/td&gt;
		&lt;td class="tabelatd1"&gt;Patrimonial&lt;/td&gt;
	&lt;/tr&gt;
	&lt;tr&gt;
		&lt;td class="tabelatd2"&gt;237&lt;/td&gt;
		&lt;td class="tabelatd2"&gt;Tipo Cobranca&lt;/td&gt;
		&lt;td class="tabelatd2"&gt;10/10/2018&lt;/td&gt;
		&lt;td class="tabelatd2"&gt;110.00&lt;/td&gt;
		&lt;td class="tabelatd2"&gt;10/28/2018 11:27:49&lt;/td&gt;
		&lt;td class="tabelatd2"&gt;Fulano de Tal (652.392.539-00)&lt;/td&gt;
		&lt;td class="tabelatd2"&gt;1&lt;/td&gt;
		&lt;td class="tabelatd2"&gt;Patrimonial&lt;/td&gt;
	&lt;/tr&gt;
	&lt;tr&gt;
		&lt;td class="tabelatd1"&gt;238&lt;/td&gt;
		&lt;td class="tabelatd1"&gt;Tipo Cobranca&lt;/td&gt;
		&lt;td class="tabelatd1"&gt;10/10/2018&lt;/td&gt;
		&lt;td class="tabelatd1"&gt;110.00&lt;/td&gt;
		&lt;td class="tabelatd1"&gt;10/28/2018 11:27:49&lt;/td&gt;
		&lt;td class="tabelatd1"&gt;Fulano de Tal (652.392.539-00)&lt;/td&gt;
		&lt;td class="tabelatd1"&gt;1&lt;/td&gt;
		&lt;td class="tabelatd1"&gt;Patrimonial&lt;/td&gt;
	&lt;/tr&gt;
	&lt;tr&gt;
		&lt;td class="tabelatd2"&gt;239&lt;/td&gt;
		&lt;td class="tabelatd2"&gt;Tipo Cobranca&lt;/td&gt;
		&lt;td class="tabelatd2"&gt;10/10/2018&lt;/td&gt;
		&lt;td class="tabelatd2"&gt;110.00&lt;/td&gt;
		&lt;td class="tabelatd2"&gt;10/28/2018 11:27:49&lt;/td&gt;
		&lt;td class="tabelatd2"&gt;Fulano de Tal (652.392.539-00)&lt;/td&gt;
		&lt;td class="tabelatd2"&gt;1&lt;/td&gt;
		&lt;td class="tabelatd2"&gt;Patrimonial&lt;/td&gt;
	&lt;/tr&gt;
	&lt;tr&gt;
		&lt;td class="tabelatd1"&gt;240&lt;/td&gt;
		&lt;td class="tabelatd1"&gt;Tipo Cobranca&lt;/td&gt;
		&lt;td class="tabelatd1"&gt;10/10/2018&lt;/td&gt;
		&lt;td class="tabelatd1"&gt;110.00&lt;/td&gt;
		&lt;td class="tabelatd1"&gt;10/28/2018 11:27:49&lt;/td&gt;
		&lt;td class="tabelatd1"&gt;Fulano de Tal (652.392.539-00)&lt;/td&gt;
		&lt;td class="tabelatd1"&gt;1&lt;/td&gt;
		&lt;td class="tabelatd1"&gt;Patrimonial&lt;/td&gt;
	&lt;/tr&gt;
	&lt;tr&gt;
		&lt;td class="tabelatd2"&gt;252&lt;/td&gt;
		&lt;td class="tabelatd2"&gt;Tipo Cobranca&lt;/td&gt;
		&lt;td class="tabelatd2"&gt;10/10/2018&lt;/td&gt;
		&lt;td class="tabelatd2"&gt;100.00&lt;/td&gt;
		&lt;td class="tabelatd2"&gt;10/28/2018 11:27:50&lt;/td&gt;
		&lt;td class="tabelatd2"&gt;Fulano de Tal (652.392.539-00)&lt;/td&gt;
		&lt;td class="tabelatd2"&gt;1&lt;/td&gt;
		&lt;td class="tabelatd2"&gt;Patrimonial&lt;/td&gt;
	&lt;/tr&gt;
	&lt;tr&gt;
		&lt;td class="tabelatd1"&gt;253&lt;/td&gt;
		&lt;td class="tabelatd1"&gt;Tipo Cobranca&lt;/td&gt;
		&lt;td class="tabelatd1"&gt;10/10/2018&lt;/td&gt;
		&lt;td class="tabelatd1"&gt;110.00&lt;/td&gt;
		&lt;td class="tabelatd1"&gt;10/28/2018 11:38:48&lt;/td&gt;
		&lt;td class="tabelatd1"&gt;Fulano de Tal (652.392.539-00)&lt;/td&gt;
		&lt;td class="tabelatd1"&gt;1&lt;/td&gt;
		&lt;td class="tabelatd1"&gt;Patrimonial&lt;/td&gt;
	&lt;/tr&gt;
	&lt;tr&gt;
		&lt;td class="tabelatd2"&gt;257&lt;/td&gt;
		&lt;td class="tabelatd2"&gt;Tipo Cobranca&lt;/td&gt;
		&lt;td class="tabelatd2"&gt;10/10/2018&lt;/td&gt;
		&lt;td class="tabelatd2"&gt;110.00&lt;/td&gt;
		&lt;td class="tabelatd2"&gt;10/28/2018 11:38:48&lt;/td&gt;
		&lt;td class="tabelatd2"&gt;Fulano de Tal (652.392.539-00)&lt;/td&gt;
		&lt;td class="tabelatd2"&gt;1&lt;/td&gt;
		&lt;td class="tabelatd2"&gt;Patrimonial&lt;/td&gt;
	&lt;/tr&gt;
	&lt;tr&gt;
		&lt;td class="tabelatd1"&gt;258&lt;/td&gt;
		&lt;td class="tabelatd1"&gt;Tipo Cobranca&lt;/td&gt;
		&lt;td class="tabelatd1"&gt;10/10/2018&lt;/td&gt;
		&lt;td class="tabelatd1"&gt;110.00&lt;/td&gt;
		&lt;td class="tabelatd1"&gt;10/28/2018 11:38:48&lt;/td&gt;
		&lt;td class="tabelatd1"&gt;Fulano de Tal (652.392.539-00)&lt;/td&gt;
		&lt;td class="tabelatd1"&gt;1&lt;/td&gt;
		&lt;td class="tabelatd1"&gt;Patrimonial&lt;/td&gt;
	&lt;/tr&gt;
	&lt;tr&gt;
		&lt;td class="tabelatd2"&gt;259&lt;/td&gt;
		&lt;td class="tabelatd2"&gt;Tipo Cobranca&lt;/td&gt;
		&lt;td class="tabelatd2"&gt;10/10/2018&lt;/td&gt;
		&lt;td class="tabelatd2"&gt;110.00&lt;/td&gt;
		&lt;td class="tabelatd2"&gt;10/28/2018 11:38:48&lt;/td&gt;
		&lt;td class="tabelatd2"&gt;Fulano de Tal (652.392.539-00)&lt;/td&gt;
		&lt;td class="tabelatd2"&gt;1&lt;/td&gt;
		&lt;td class="tabelatd2"&gt;Patrimonial&lt;/td&gt;
	&lt;/tr&gt;
	&lt;tr&gt;
		&lt;td class="tabelatd1"&gt;260&lt;/td&gt;
		&lt;td class="tabelatd1"&gt;Tipo Cobranca&lt;/td&gt;
		&lt;td class="tabelatd1"&gt;10/10/2018&lt;/td&gt;
		&lt;td class="tabelatd1"&gt;110.00&lt;/td&gt;
		&lt;td class="tabelatd1"&gt;10/28/2018 11:38:48&lt;/td&gt;
		&lt;td class="tabelatd1"&gt;Fulano de Tal (652.392.539-00)&lt;/td&gt;
		&lt;td class="tabelatd1"&gt;1&lt;/td&gt;
		&lt;td class="tabelatd1"&gt;Patrimonial&lt;/td&gt;
	&lt;/tr&gt;
	&lt;tr&gt;
		&lt;td class="tabelatd2"&gt;261&lt;/td&gt;
		&lt;td class="tabelatd2"&gt;Tipo Cobranca&lt;/td&gt;
		&lt;td class="tabelatd2"&gt;10/10/2018&lt;/td&gt;
		&lt;td class="tabelatd2"&gt;110.00&lt;/td&gt;
		&lt;td class="tabelatd2"&gt;10/28/2018 11:38:48&lt;/td&gt;
		&lt;td class="tabelatd2"&gt;Fulano de Tal (652.392.539-00)&lt;/td&gt;
		&lt;td class="tabelatd2"&gt;1&lt;/td&gt;
		&lt;td class="tabelatd2"&gt;Patrimonial&lt;/td&gt;
	&lt;/tr&gt;
	&lt;tr&gt;
		&lt;td class="tabelatd1"&gt;262&lt;/td&gt;
		&lt;td class="tabelatd1"&gt;Tipo Cobranca&lt;/td&gt;
		&lt;td class="tabelatd1"&gt;10/10/2018&lt;/td&gt;
		&lt;td class="tabelatd1"&gt;110.00&lt;/td&gt;
		&lt;td class="tabelatd1"&gt;10/28/2018 11:38:48&lt;/td&gt;
		&lt;td class="tabelatd1"&gt;Fulano de Tal (652.392.539-00)&lt;/td&gt;
		&lt;td class="tabelatd1"&gt;1&lt;/td&gt;
		&lt;td class="tabelatd1"&gt;Patrimonial&lt;/td&gt;
	&lt;/tr&gt;
	&lt;tr&gt;
		&lt;td class="tabelatd2"&gt;263&lt;/td&gt;
		&lt;td class="tabelatd2"&gt;Tipo Cobranca&lt;/td&gt;
		&lt;td class="tabelatd2"&gt;10/10/2018&lt;/td&gt;
		&lt;td class="tabelatd2"&gt;110.00&lt;/td&gt;
		&lt;td class="tabelatd2"&gt;10/28/2018 11:38:48&lt;/td&gt;
		&lt;td class="tabelatd2"&gt;Fulano de Tal (652.392.539-00)&lt;/td&gt;
		&lt;td class="tabelatd2"&gt;1&lt;/td&gt;
		&lt;td class="tabelatd2"&gt;Patrimonial&lt;/td&gt;
	&lt;/tr&gt;
	&lt;tr&gt;
		&lt;td class="tabelatd1"&gt;264&lt;/td&gt;
		&lt;td class="tabelatd1"&gt;Tipo Cobranca&lt;/td&gt;
		&lt;td class="tabelatd1"&gt;10/10/2018&lt;/td&gt;
		&lt;td class="tabelatd1"&gt;110.00&lt;/td&gt;
		&lt;td class="tabelatd1"&gt;10/28/2018 11:38:48&lt;/td&gt;
		&lt;td class="tabelatd1"&gt;Fulano de Tal (652.392.539-00)&lt;/td&gt;
		&lt;td class="tabelatd1"&gt;1&lt;/td&gt;
		&lt;td class="tabelatd1"&gt;Patrimonial&lt;/td&gt;
	&lt;/tr&gt;
	&lt;tr&gt;
		&lt;td class="tabelatd2"&gt;277&lt;/td&gt;
		&lt;td class="tabelatd2"&gt;Tipo Cobranca&lt;/td&gt;
		&lt;td class="tabelatd2"&gt;10/10/2018&lt;/td&gt;
		&lt;td class="tabelatd2"&gt;100.00&lt;/td&gt;
		&lt;td class="tabelatd2"&gt;10/28/2018 11:38:50&lt;/td&gt;
		&lt;td class="tabelatd2"&gt;Fulano de Tal (652.392.539-00)&lt;/td&gt;
		&lt;td class="tabelatd2"&gt;1&lt;/td&gt;
		&lt;td class="tabelatd2"&gt;Patrimonial&lt;/td&gt;
	&lt;/tr&gt;
	&lt;tr&gt;
		&lt;td class="tabelatd1"&gt;278&lt;/td&gt;
		&lt;td class="tabelatd1"&gt;Tipo Cobranca&lt;/td&gt;
		&lt;td class="tabelatd1"&gt;10/10/2018&lt;/td&gt;
		&lt;td class="tabelatd1"&gt;110.00&lt;/td&gt;
		&lt;td class="tabelatd1"&gt;10/28/2018 11:58:31&lt;/td&gt;
		&lt;td class="tabelatd1"&gt;Fulano de Tal (652.392.539-00)&lt;/td&gt;
		&lt;td class="tabelatd1"&gt;1&lt;/td&gt;
		&lt;td class="tabelatd1"&gt;Patrimonial&lt;/td&gt;
	&lt;/tr&gt;
	&lt;tr&gt;
		&lt;td class="tabelatd2"&gt;282&lt;/td&gt;
		&lt;td class="tabelatd2"&gt;Tipo Cobranca&lt;/td&gt;
		&lt;td class="tabelatd2"&gt;10/10/2018&lt;/td&gt;
		&lt;td class="tabelatd2"&gt;110.00&lt;/td&gt;
		&lt;td class="tabelatd2"&gt;10/28/2018 11:58:31&lt;/td&gt;
		&lt;td class="tabelatd2"&gt;Fulano de Tal (652.392.539-00)&lt;/td&gt;
		&lt;td class="tabelatd2"&gt;1&lt;/td&gt;
		&lt;td class="tabelatd2"&gt;Patrimonial&lt;/td&gt;
	&lt;/tr&gt;
	&lt;tr&gt;
		&lt;td class="tabelatd1"&gt;283&lt;/td&gt;
		&lt;td class="tabelatd1"&gt;Tipo Cobranca&lt;/td&gt;
		&lt;td class="tabelatd1"&gt;10/10/2018&lt;/td&gt;
		&lt;td class="tabelatd1"&gt;110.00&lt;/td&gt;
		&lt;td class="tabelatd1"&gt;10/28/2018 11:58:31&lt;/td&gt;
		&lt;td class="tabelatd1"&gt;Fulano de Tal (652.392.539-00)&lt;/td&gt;
		&lt;td class="tabelatd1"&gt;1&lt;/td&gt;
		&lt;td class="tabelatd1"&gt;Patrimonial&lt;/td&gt;
	&lt;/tr&gt;
	&lt;tr&gt;
		&lt;td class="tabelatd2"&gt;284&lt;/td&gt;
		&lt;td class="tabelatd2"&gt;Tipo Cobranca&lt;/td&gt;
		&lt;td class="tabelatd2"&gt;10/10/2018&lt;/td&gt;
		&lt;td class="tabelatd2"&gt;110.00&lt;/td&gt;
		&lt;td class="tabelatd2"&gt;10/28/2018 11:58:31&lt;/td&gt;
		&lt;td class="tabelatd2"&gt;Fulano de Tal (652.392.539-00)&lt;/td&gt;
		&lt;td class="tabelatd2"&gt;1&lt;/td&gt;
		&lt;td class="tabelatd2"&gt;Patrimonial&lt;/td&gt;
	&lt;/tr&gt;
	&lt;tr&gt;
		&lt;td class="tabelatd1"&gt;285&lt;/td&gt;
		&lt;td class="tabelatd1"&gt;Tipo Cobranca&lt;/td&gt;
		&lt;td class="tabelatd1"&gt;10/10/2018&lt;/td&gt;
		&lt;td class="tabelatd1"&gt;110.00&lt;/td&gt;
		&lt;td class="tabelatd1"&gt;10/28/2018 11:58:31&lt;/td&gt;
		&lt;td class="tabelatd1"&gt;Fulano de Tal (652.392.539-00)&lt;/td&gt;
		&lt;td class="tabelatd1"&gt;1&lt;/td&gt;
		&lt;td class="tabelatd1"&gt;Patrimonial&lt;/td&gt;
	&lt;/tr&gt;
	&lt;tr&gt;
		&lt;td class="tabelatd2"&gt;286&lt;/td&gt;
		&lt;td class="tabelatd2"&gt;Tipo Cobranca&lt;/td&gt;
		&lt;td class="tabelatd2"&gt;10/10/2018&lt;/td&gt;
		&lt;td class="tabelatd2"&gt;110.00&lt;/td&gt;
		&lt;td class="tabelatd2"&gt;10/28/2018 11:58:31&lt;/td&gt;
		&lt;td class="tabelatd2"&gt;Fulano de Tal (652.392.539-00)&lt;/td&gt;
		&lt;td class="tabelatd2"&gt;1&lt;/td&gt;
		&lt;td class="tabelatd2"&gt;Patrimonial&lt;/td&gt;
	&lt;/tr&gt;
	&lt;tr&gt;
		&lt;td class="tabelatd1"&gt;287&lt;/td&gt;
		&lt;td class="tabelatd1"&gt;Tipo Cobranca&lt;/td&gt;
		&lt;td class="tabelatd1"&gt;10/10/2018&lt;/td&gt;
		&lt;td class="tabelatd1"&gt;110.00&lt;/td&gt;
		&lt;td class="tabelatd1"&gt;10/28/2018 11:58:31&lt;/td&gt;
		&lt;td class="tabelatd1"&gt;Fulano de Tal (652.392.539-00)&lt;/td&gt;
		&lt;td class="tabelatd1"&gt;1&lt;/td&gt;
		&lt;td class="tabelatd1"&gt;Patrimonial&lt;/td&gt;
	&lt;/tr&gt;
	&lt;tr&gt;
		&lt;td class="tabelatd2"&gt;288&lt;/td&gt;
		&lt;td class="tabelatd2"&gt;Tipo Cobranca&lt;/td&gt;
		&lt;td class="tabelatd2"&gt;10/10/2018&lt;/td&gt;
		&lt;td class="tabelatd2"&gt;110.00&lt;/td&gt;
		&lt;td class="tabelatd2"&gt;10/28/2018 11:58:31&lt;/td&gt;
		&lt;td class="tabelatd2"&gt;Fulano de Tal (652.392.539-00)&lt;/td&gt;
		&lt;td class="tabelatd2"&gt;1&lt;/td&gt;
		&lt;td class="tabelatd2"&gt;Patrimonial&lt;/td&gt;
	&lt;/tr&gt;
	&lt;tr&gt;
		&lt;td class="tabelatd1"&gt;289&lt;/td&gt;
		&lt;td class="tabelatd1"&gt;Tipo Cobranca&lt;/td&gt;
		&lt;td class="tabelatd1"&gt;10/10/2018&lt;/td&gt;
		&lt;td class="tabelatd1"&gt;110.00&lt;/td&gt;
		&lt;td class="tabelatd1"&gt;10/28/2018 11:58:31&lt;/td&gt;
		&lt;td class="tabelatd1"&gt;Fulano de Tal (652.392.539-00)&lt;/td&gt;
		&lt;td class="tabelatd1"&gt;1&lt;/td&gt;
		&lt;td class="tabelatd1"&gt;Patrimonial&lt;/td&gt;
	&lt;/tr&gt;
	&lt;tr&gt;
		&lt;td class="tabelatd2"&gt;290&lt;/td&gt;
		&lt;td class="tabelatd2"&gt;Tipo Cobranca&lt;/td&gt;
		&lt;td class="tabelatd2"&gt;10/10/2018&lt;/td&gt;
		&lt;td class="tabelatd2"&gt;110.00&lt;/td&gt;
		&lt;td class="tabelatd2"&gt;10/28/2018 11:58:31&lt;/td&gt;
		&lt;td class="tabelatd2"&gt;Fulano de Tal (652.392.539-00)&lt;/td&gt;
		&lt;td class="tabelatd2"&gt;1&lt;/td&gt;
		&lt;td class="tabelatd2"&gt;Patrimonial&lt;/td&gt;
	&lt;/tr&gt;
	&lt;tr&gt;
		&lt;td class="tabelatd1"&gt;304&lt;/td&gt;
		&lt;td class="tabelatd1"&gt;Tipo Cobranca&lt;/td&gt;
		&lt;td class="tabelatd1"&gt;10/10/2018&lt;/td&gt;
		&lt;td class="tabelatd1"&gt;100.00&lt;/td&gt;
		&lt;td class="tabelatd1"&gt;10/28/2018 11:58:33&lt;/td&gt;
		&lt;td class="tabelatd1"&gt;Fulano de Tal (652.392.539-00)&lt;/td&gt;
		&lt;td class="tabelatd1"&gt;1&lt;/td&gt;
		&lt;td class="tabelatd1"&gt;Patrimonial&lt;/td&gt;
	&lt;/tr&gt;
	&lt;tr&gt;
		&lt;td class="tabelatd2"&gt;305&lt;/td&gt;
		&lt;td class="tabelatd2"&gt;Tipo Cobranca&lt;/td&gt;
		&lt;td class="tabelatd2"&gt;10/10/2018&lt;/td&gt;
		&lt;td class="tabelatd2"&gt;110.00&lt;/td&gt;
		&lt;td class="tabelatd2"&gt;10/28/2018 13:55:55&lt;/td&gt;
		&lt;td class="tabelatd2"&gt;Fulano de Tal (652.392.539-00)&lt;/td&gt;
		&lt;td class="tabelatd2"&gt;1&lt;/td&gt;
		&lt;td class="tabelatd2"&gt;Patrimonial&lt;/td&gt;
	&lt;/tr&gt;
	&lt;tr&gt;
		&lt;td class="tabelatd1"&gt;309&lt;/td&gt;
		&lt;td class="tabelatd1"&gt;Tipo Cobranca&lt;/td&gt;
		&lt;td class="tabelatd1"&gt;10/10/2018&lt;/td&gt;
		&lt;td class="tabelatd1"&gt;110.00&lt;/td&gt;
		&lt;td class="tabelatd1"&gt;10/28/2018 13:55:55&lt;/td&gt;
		&lt;td class="tabelatd1"&gt;Fulano de Tal (652.392.539-00)&lt;/td&gt;
		&lt;td class="tabelatd1"&gt;1&lt;/td&gt;
		&lt;td class="tabelatd1"&gt;Patrimonial&lt;/td&gt;
	&lt;/tr&gt;
	&lt;tr&gt;
		&lt;td class="tabelatd2"&gt;310&lt;/td&gt;
		&lt;td class="tabelatd2"&gt;Tipo Cobranca&lt;/td&gt;
		&lt;td class="tabelatd2"&gt;10/10/2018&lt;/td&gt;
		&lt;td class="tabelatd2"&gt;110.00&lt;/td&gt;
		&lt;td class="tabelatd2"&gt;10/28/2018 13:55:55&lt;/td&gt;
		&lt;td class="tabelatd2"&gt;Fulano de Tal (652.392.539-00)&lt;/td&gt;
		&lt;td class="tabelatd2"&gt;1&lt;/td&gt;
		&lt;td class="tabelatd2"&gt;Patrimonial&lt;/td&gt;
	&lt;/tr&gt;
	&lt;tr&gt;
		&lt;td class="tabelatd1"&gt;311&lt;/td&gt;
		&lt;td class="tabelatd1"&gt;Tipo Cobranca&lt;/td&gt;
		&lt;td class="tabelatd1"&gt;10/10/2018&lt;/td&gt;
		&lt;td class="tabelatd1"&gt;110.00&lt;/td&gt;
		&lt;td class="tabelatd1"&gt;10/28/2018 13:55:55&lt;/td&gt;
		&lt;td class="tabelatd1"&gt;Fulano de Tal (652.392.539-00)&lt;/td&gt;
		&lt;td class="tabelatd1"&gt;1&lt;/td&gt;
		&lt;td class="tabelatd1"&gt;Patrimonial&lt;/td&gt;
	&lt;/tr&gt;
	&lt;tr&gt;
		&lt;td class="tabelatd2"&gt;312&lt;/td&gt;
		&lt;td class="tabelatd2"&gt;Tipo Cobranca&lt;/td&gt;
		&lt;td class="tabelatd2"&gt;10/10/2018&lt;/td&gt;
		&lt;td class="tabelatd2"&gt;110.00&lt;/td&gt;
		&lt;td class="tabelatd2"&gt;10/28/2018 13:55:55&lt;/td&gt;
		&lt;td class="tabelatd2"&gt;Fulano de Tal (652.392.539-00)&lt;/td&gt;
		&lt;td class="tabelatd2"&gt;1&lt;/td&gt;
		&lt;td class="tabelatd2"&gt;Patrimonial&lt;/td&gt;
	&lt;/tr&gt;
	&lt;tr&gt;
		&lt;td class="tabelatd1"&gt;313&lt;/td&gt;
		&lt;td class="tabelatd1"&gt;Tipo Cobranca&lt;/td&gt;
		&lt;td class="tabelatd1"&gt;10/10/2018&lt;/td&gt;
		&lt;td class="tabelatd1"&gt;110.00&lt;/td&gt;
		&lt;td class="tabelatd1"&gt;10/28/2018 13:55:55&lt;/td&gt;
		&lt;td class="tabelatd1"&gt;Fulano de Tal (652.392.539-00)&lt;/td&gt;
		&lt;td class="tabelatd1"&gt;1&lt;/td&gt;
		&lt;td class="tabelatd1"&gt;Patrimonial&lt;/td&gt;
	&lt;/tr&gt;
	&lt;tr&gt;
		&lt;td class="tabelatd2"&gt;314&lt;/td&gt;
		&lt;td class="tabelatd2"&gt;Tipo Cobranca&lt;/td&gt;
		&lt;td class="tabelatd2"&gt;10/10/2018&lt;/td&gt;
		&lt;td class="tabelatd2"&gt;110.00&lt;/td&gt;
		&lt;td class="tabelatd2"&gt;10/28/2018 13:55:55&lt;/td&gt;
		&lt;td class="tabelatd2"&gt;Fulano de Tal (652.392.539-00)&lt;/td&gt;
		&lt;td class="tabelatd2"&gt;1&lt;/td&gt;
		&lt;td class="tabelatd2"&gt;Patrimonial&lt;/td&gt;
	&lt;/tr&gt;
	&lt;tr&gt;
		&lt;td class="tabelatd1"&gt;315&lt;/td&gt;
		&lt;td class="tabelatd1"&gt;Tipo Cobranca&lt;/td&gt;
		&lt;td class="tabelatd1"&gt;10/10/2018&lt;/td&gt;
		&lt;td class="tabelatd1"&gt;110.00&lt;/td&gt;
		&lt;td class="tabelatd1"&gt;10/28/2018 13:55:55&lt;/td&gt;
		&lt;td class="tabelatd1"&gt;Fulano de Tal (652.392.539-00)&lt;/td&gt;
		&lt;td class="tabelatd1"&gt;1&lt;/td&gt;
		&lt;td class="tabelatd1"&gt;Patrimonial&lt;/td&gt;
	&lt;/tr&gt;
	&lt;tr&gt;
		&lt;td class="tabelatd2"&gt;316&lt;/td&gt;
		&lt;td class="tabelatd2"&gt;Tipo Cobranca&lt;/td&gt;
		&lt;td class="tabelatd2"&gt;10/10/2018&lt;/td&gt;
		&lt;td class="tabelatd2"&gt;110.00&lt;/td&gt;
		&lt;td class="tabelatd2"&gt;10/28/2018 13:55:55&lt;/td&gt;
		&lt;td class="tabelatd2"&gt;Fulano de Tal (652.392.539-00)&lt;/td&gt;
		&lt;td class="tabelatd2"&gt;1&lt;/td&gt;
		&lt;td class="tabelatd2"&gt;Patrimonial&lt;/td&gt;
	&lt;/tr&gt;
	&lt;tr&gt;
		&lt;td class="tabelatd1"&gt;317&lt;/td&gt;
		&lt;td class="tabelatd1"&gt;Tipo Cobranca&lt;/td&gt;
		&lt;td class="tabelatd1"&gt;10/10/2018&lt;/td&gt;
		&lt;td class="tabelatd1"&gt;110.00&lt;/td&gt;
		&lt;td class="tabelatd1"&gt;10/28/2018 13:55:55&lt;/td&gt;
		&lt;td class="tabelatd1"&gt;Fulano de Tal (652.392.539-00)&lt;/td&gt;
		&lt;td class="tabelatd1"&gt;1&lt;/td&gt;
		&lt;td class="tabelatd1"&gt;Patrimonial&lt;/td&gt;
	&lt;/tr&gt;
	&lt;tr&gt;
		&lt;td class="tabelatd2"&gt;318&lt;/td&gt;
		&lt;td class="tabelatd2"&gt;Tipo Cobranca&lt;/td&gt;
		&lt;td class="tabelatd2"&gt;10/10/2018&lt;/td&gt;
		&lt;td class="tabelatd2"&gt;110.00&lt;/td&gt;
		&lt;td class="tabelatd2"&gt;10/28/2018 13:55:55&lt;/td&gt;
		&lt;td class="tabelatd2"&gt;Fulano de Tal (652.392.539-00)&lt;/td&gt;
		&lt;td class="tabelatd2"&gt;1&lt;/td&gt;
		&lt;td class="tabelatd2"&gt;Patrimonial&lt;/td&gt;
	&lt;/tr&gt;
	&lt;tr&gt;
		&lt;td class="tabelatd1"&gt;333&lt;/td&gt;
		&lt;td class="tabelatd1"&gt;Tipo Cobranca&lt;/td&gt;
		&lt;td class="tabelatd1"&gt;10/10/2018&lt;/td&gt;
		&lt;td class="tabelatd1"&gt;100.00&lt;/td&gt;
		&lt;td class="tabelatd1"&gt;10/28/2018 13:55:56&lt;/td&gt;
		&lt;td class="tabelatd1"&gt;Fulano de Tal (652.392.539-00)&lt;/td&gt;
		&lt;td class="tabelatd1"&gt;1&lt;/td&gt;
		&lt;td class="tabelatd1"&gt;Patrimonial&lt;/td&gt;
	&lt;/tr&gt;
	&lt;tr&gt;
		&lt;td class="tabelatd2"&gt;334&lt;/td&gt;
		&lt;td class="tabelatd2"&gt;Tipo Cobranca&lt;/td&gt;
		&lt;td class="tabelatd2"&gt;10/10/2018&lt;/td&gt;
		&lt;td class="tabelatd2"&gt;110.00&lt;/td&gt;
		&lt;td class="tabelatd2"&gt;10/28/2018 14:00:40&lt;/td&gt;
		&lt;td class="tabelatd2"&gt;Fulano de Tal (652.392.539-00)&lt;/td&gt;
		&lt;td class="tabelatd2"&gt;1&lt;/td&gt;
		&lt;td class="tabelatd2"&gt;Patrimonial&lt;/td&gt;
	&lt;/tr&gt;
	&lt;tr&gt;
		&lt;td class="tabelatd1"&gt;338&lt;/td&gt;
		&lt;td class="tabelatd1"&gt;Tipo Cobranca&lt;/td&gt;
		&lt;td class="tabelatd1"&gt;10/10/2018&lt;/td&gt;
		&lt;td class="tabelatd1"&gt;110.00&lt;/td&gt;
		&lt;td class="tabelatd1"&gt;10/28/2018 14:00:40&lt;/td&gt;
		&lt;td class="tabelatd1"&gt;Fulano de Tal (652.392.539-00)&lt;/td&gt;
		&lt;td class="tabelatd1"&gt;1&lt;/td&gt;
		&lt;td class="tabelatd1"&gt;Patrimonial&lt;/td&gt;
	&lt;/tr&gt;
	&lt;tr&gt;
		&lt;td class="tabelatd2"&gt;339&lt;/td&gt;
		&lt;td class="tabelatd2"&gt;Tipo Cobranca&lt;/td&gt;
		&lt;td class="tabelatd2"&gt;10/10/2018&lt;/td&gt;
		&lt;td class="tabelatd2"&gt;110.00&lt;/td&gt;
		&lt;td class="tabelatd2"&gt;10/28/2018 14:00:40&lt;/td&gt;
		&lt;td class="tabelatd2"&gt;Fulano de Tal (652.392.539-00)&lt;/td&gt;
		&lt;td class="tabelatd2"&gt;1&lt;/td&gt;
		&lt;td class="tabelatd2"&gt;Patrimonial&lt;/td&gt;
	&lt;/tr&gt;
	&lt;tr&gt;
		&lt;td class="tabelatd1"&gt;340&lt;/td&gt;
		&lt;td class="tabelatd1"&gt;Tipo Cobranca&lt;/td&gt;
		&lt;td class="tabelatd1"&gt;10/10/2018&lt;/td&gt;
		&lt;td class="tabelatd1"&gt;110.00&lt;/td&gt;
		&lt;td class="tabelatd1"&gt;10/28/2018 14:00:40&lt;/td&gt;
		&lt;td class="tabelatd1"&gt;Fulano de Tal (652.392.539-00)&lt;/td&gt;
		&lt;td class="tabelatd1"&gt;1&lt;/td&gt;
		&lt;td class="tabelatd1"&gt;Patrimonial&lt;/td&gt;
	&lt;/tr&gt;
	&lt;tr&gt;
		&lt;td class="tabelatd2"&gt;341&lt;/td&gt;
		&lt;td class="tabelatd2"&gt;Tipo Cobranca&lt;/td&gt;
		&lt;td class="tabelatd2"&gt;10/10/2018&lt;/td&gt;
		&lt;td class="tabelatd2"&gt;110.00&lt;/td&gt;
		&lt;td class="tabelatd2"&gt;10/28/2018 14:00:40&lt;/td&gt;
		&lt;td class="tabelatd2"&gt;Fulano de Tal (652.392.539-00)&lt;/td&gt;
		&lt;td class="tabelatd2"&gt;1&lt;/td&gt;
		&lt;td class="tabelatd2"&gt;Patrimonial&lt;/td&gt;
	&lt;/tr&gt;
	&lt;tr&gt;
		&lt;td class="tabelatd1"&gt;342&lt;/td&gt;
		&lt;td class="tabelatd1"&gt;Tipo Cobranca&lt;/td&gt;
		&lt;td class="tabelatd1"&gt;10/10/2018&lt;/td&gt;
		&lt;td class="tabelatd1"&gt;110.00&lt;/td&gt;
		&lt;td class="tabelatd1"&gt;10/28/2018 14:00:40&lt;/td&gt;
		&lt;td class="tabelatd1"&gt;Fulano de Tal (652.392.539-00)&lt;/td&gt;
		&lt;td class="tabelatd1"&gt;1&lt;/td&gt;
		&lt;td class="tabelatd1"&gt;Patrimonial&lt;/td&gt;
	&lt;/tr&gt;
	&lt;tr&gt;
		&lt;td class="tabelatd2"&gt;343&lt;/td&gt;
		&lt;td class="tabelatd2"&gt;Tipo Cobranca&lt;/td&gt;
		&lt;td class="tabelatd2"&gt;10/10/2018&lt;/td&gt;
		&lt;td class="tabelatd2"&gt;110.00&lt;/td&gt;
		&lt;td class="tabelatd2"&gt;10/28/2018 14:00:40&lt;/td&gt;
		&lt;td class="tabelatd2"&gt;Fulano de Tal (652.392.539-00)&lt;/td&gt;
		&lt;td class="tabelatd2"&gt;1&lt;/td&gt;
		&lt;td class="tabelatd2"&gt;Patrimonial&lt;/td&gt;
	&lt;/tr&gt;
	&lt;tr&gt;
		&lt;td class="tabelatd1"&gt;344&lt;/td&gt;
		&lt;td class="tabelatd1"&gt;Tipo Cobranca&lt;/td&gt;
		&lt;td class="tabelatd1"&gt;10/10/2018&lt;/td&gt;
		&lt;td class="tabelatd1"&gt;110.00&lt;/td&gt;
		&lt;td class="tabelatd1"&gt;10/28/2018 14:00:40&lt;/td&gt;
		&lt;td class="tabelatd1"&gt;Fulano de Tal (652.392.539-00)&lt;/td&gt;
		&lt;td class="tabelatd1"&gt;1&lt;/td&gt;
		&lt;td class="tabelatd1"&gt;Patrimonial&lt;/td&gt;
	&lt;/tr&gt;
	&lt;tr&gt;
		&lt;td class="tabelatd2"&gt;345&lt;/td&gt;
		&lt;td class="tabelatd2"&gt;Tipo Cobranca&lt;/td&gt;
		&lt;td class="tabelatd2"&gt;10/10/2018&lt;/td&gt;
		&lt;td class="tabelatd2"&gt;110.00&lt;/td&gt;
		&lt;td class="tabelatd2"&gt;10/28/2018 14:00:40&lt;/td&gt;
		&lt;td class="tabelatd2"&gt;Fulano de Tal (652.392.539-00)&lt;/td&gt;
		&lt;td class="tabelatd2"&gt;1&lt;/td&gt;
		&lt;td class="tabelatd2"&gt;Patrimonial&lt;/td&gt;
	&lt;/tr&gt;
	&lt;tr&gt;
		&lt;td class="tabelatd1"&gt;346&lt;/td&gt;
		&lt;td class="tabelatd1"&gt;Tipo Cobranca&lt;/td&gt;
		&lt;td class="tabelatd1"&gt;10/10/2018&lt;/td&gt;
		&lt;td class="tabelatd1"&gt;110.00&lt;/td&gt;
		&lt;td class="tabelatd1"&gt;10/28/2018 14:00:40&lt;/td&gt;
		&lt;td class="tabelatd1"&gt;Fulano de Tal (652.392.539-00)&lt;/td&gt;
		&lt;td class="tabelatd1"&gt;1&lt;/td&gt;
		&lt;td class="tabelatd1"&gt;Patrimonial&lt;/td&gt;
	&lt;/tr&gt;
	&lt;tr&gt;
		&lt;td class="tabelatd2"&gt;347&lt;/td&gt;
		&lt;td class="tabelatd2"&gt;Tipo Cobranca&lt;/td&gt;
		&lt;td class="tabelatd2"&gt;10/10/2018&lt;/td&gt;
		&lt;td class="tabelatd2"&gt;110.00&lt;/td&gt;
		&lt;td class="tabelatd2"&gt;10/28/2018 14:00:40&lt;/td&gt;
		&lt;td class="tabelatd2"&gt;Fulano de Tal (652.392.539-00)&lt;/td&gt;
		&lt;td class="tabelatd2"&gt;1&lt;/td&gt;
		&lt;td class="tabelatd2"&gt;Patrimonial&lt;/td&gt;
	&lt;/tr&gt;
	&lt;tr&gt;
		&lt;td class="tabelatd1"&gt;348&lt;/td&gt;
		&lt;td class="tabelatd1"&gt;Tipo Cobranca&lt;/td&gt;
		&lt;td class="tabelatd1"&gt;10/10/2018&lt;/td&gt;
		&lt;td class="tabelatd1"&gt;110.00&lt;/td&gt;
		&lt;td class="tabelatd1"&gt;10/28/2018 14:00:40&lt;/td&gt;
		&lt;td class="tabelatd1"&gt;Fulano de Tal (652.392.539-00)&lt;/td&gt;
		&lt;td class="tabelatd1"&gt;1&lt;/td&gt;
		&lt;td class="tabelatd1"&gt;Patrimonial&lt;/td&gt;
	&lt;/tr&gt;
	&lt;tr&gt;
		&lt;td class="tabelatd2"&gt;5&lt;/td&gt;
		&lt;td class="tabelatd2"&gt;Tipo Cobranca&lt;/td&gt;
		&lt;td class="tabelatd2"&gt;10/10/2018&lt;/td&gt;
		&lt;td class="tabelatd2"&gt;110.00&lt;/td&gt;
		&lt;td class="tabelatd2"&gt;10/28/2018 09:17:10&lt;/td&gt;
		&lt;td class="tabelatd2"&gt;Cicrano de Tal (222.222.222-22)&lt;/td&gt;
		&lt;td class="tabelatd2"&gt;23F&lt;/td&gt;
		&lt;td class="tabelatd2"&gt;Patrimonial&lt;/td&gt;
	&lt;/tr&gt;
	&lt;tr&gt;
		&lt;td class="tabelatd1"&gt;9&lt;/td&gt;
		&lt;td class="tabelatd1"&gt;Tipo Cobranca&lt;/td&gt;
		&lt;td class="tabelatd1"&gt;10/10/2018&lt;/td&gt;
		&lt;td class="tabelatd1"&gt;110.00&lt;/td&gt;
		&lt;td class="tabelatd1"&gt;10/28/2018 09:18:03&lt;/td&gt;
		&lt;td class="tabelatd1"&gt;Cicrano de Tal (222.222.222-22)&lt;/td&gt;
		&lt;td class="tabelatd1"&gt;23F&lt;/td&gt;
		&lt;td class="tabelatd1"&gt;Patrimonial&lt;/td&gt;
	&lt;/tr&gt;
	&lt;tr&gt;
		&lt;td class="tabelatd2"&gt;13&lt;/td&gt;
		&lt;td class="tabelatd2"&gt;Tipo Cobranca&lt;/td&gt;
		&lt;td class="tabelatd2"&gt;10/10/2018&lt;/td&gt;
		&lt;td class="tabelatd2"&gt;110.00&lt;/td&gt;
		&lt;td class="tabelatd2"&gt;10/28/2018 09:18:45&lt;/td&gt;
		&lt;td class="tabelatd2"&gt;Cicrano de Tal (222.222.222-22)&lt;/td&gt;
		&lt;td class="tabelatd2"&gt;23F&lt;/td&gt;
		&lt;td class="tabelatd2"&gt;Patrimonial&lt;/td&gt;
	&lt;/tr&gt;
	&lt;tr&gt;
		&lt;td class="tabelatd1"&gt;17&lt;/td&gt;
		&lt;td class="tabelatd1"&gt;Tipo Cobranca&lt;/td&gt;
		&lt;td class="tabelatd1"&gt;10/10/2018&lt;/td&gt;
		&lt;td class="tabelatd1"&gt;110.00&lt;/td&gt;
		&lt;td class="tabelatd1"&gt;10/28/2018 09:19:36&lt;/td&gt;
		&lt;td class="tabelatd1"&gt;Cicrano de Tal (222.222.222-22)&lt;/td&gt;
		&lt;td class="tabelatd1"&gt;23F&lt;/td&gt;
		&lt;td class="tabelatd1"&gt;Patrimonial&lt;/td&gt;
	&lt;/tr&gt;
	&lt;tr&gt;
		&lt;td class="tabelatd2"&gt;21&lt;/td&gt;
		&lt;td class="tabelatd2"&gt;Tipo Cobranca&lt;/td&gt;
		&lt;td class="tabelatd2"&gt;10/10/2018&lt;/td&gt;
		&lt;td class="tabelatd2"&gt;110.00&lt;/td&gt;
		&lt;td class="tabelatd2"&gt;10/28/2018 09:20:15&lt;/td&gt;
		&lt;td class="tabelatd2"&gt;Cicrano de Tal (222.222.222-22)&lt;/td&gt;
		&lt;td class="tabelatd2"&gt;23F&lt;/td&gt;
		&lt;td class="tabelatd2"&gt;Patrimonial&lt;/td&gt;
	&lt;/tr&gt;
	&lt;tr&gt;
		&lt;td class="tabelatd1"&gt;25&lt;/td&gt;
		&lt;td class="tabelatd1"&gt;Tipo Cobranca&lt;/td&gt;
		&lt;td class="tabelatd1"&gt;10/10/2018&lt;/td&gt;
		&lt;td class="tabelatd1"&gt;110.00&lt;/td&gt;
		&lt;td class="tabelatd1"&gt;10/28/2018 09:20:41&lt;/td&gt;
		&lt;td class="tabelatd1"&gt;Cicrano de Tal (222.222.222-22)&lt;/td&gt;
		&lt;td class="tabelatd1"&gt;23F&lt;/td&gt;
		&lt;td class="tabelatd1"&gt;Patrimonial&lt;/td&gt;
	&lt;/tr&gt;
	&lt;tr&gt;
		&lt;td class="tabelatd2"&gt;29&lt;/td&gt;
		&lt;td class="tabelatd2"&gt;Tipo Cobranca&lt;/td&gt;
		&lt;td class="tabelatd2"&gt;10/10/2018&lt;/td&gt;
		&lt;td class="tabelatd2"&gt;110.00&lt;/td&gt;
		&lt;td class="tabelatd2"&gt;10/28/2018 09:24:10&lt;/td&gt;
		&lt;td class="tabelatd2"&gt;Cicrano de Tal (222.222.222-22)&lt;/td&gt;
		&lt;td class="tabelatd2"&gt;23F&lt;/td&gt;
		&lt;td class="tabelatd2"&gt;Patrimonial&lt;/td&gt;
	&lt;/tr&gt;
	&lt;tr&gt;
		&lt;td class="tabelatd1"&gt;36&lt;/td&gt;
		&lt;td class="tabelatd1"&gt;Tipo Cobranca&lt;/td&gt;
		&lt;td class="tabelatd1"&gt;10/10/2018&lt;/td&gt;
		&lt;td class="tabelatd1"&gt;110.00&lt;/td&gt;
		&lt;td class="tabelatd1"&gt;10/28/2018 09:24:30&lt;/td&gt;
		&lt;td class="tabelatd1"&gt;Cicrano de Tal (222.222.222-22)&lt;/td&gt;
		&lt;td class="tabelatd1"&gt;23F&lt;/td&gt;
		&lt;td class="tabelatd1"&gt;Patrimonial&lt;/td&gt;
	&lt;/tr&gt;
	&lt;tr&gt;
		&lt;td class="tabelatd2"&gt;44&lt;/td&gt;
		&lt;td class="tabelatd2"&gt;Tipo Cobranca&lt;/td&gt;
		&lt;td class="tabelatd2"&gt;10/10/2018&lt;/td&gt;
		&lt;td class="tabelatd2"&gt;110.00&lt;/td&gt;
		&lt;td class="tabelatd2"&gt;10/28/2018 09:26:04&lt;/td&gt;
		&lt;td class="tabelatd2"&gt;Cicrano de Tal (222.222.222-22)&lt;/td&gt;
		&lt;td class="tabelatd2"&gt;23F&lt;/td&gt;
		&lt;td class="tabelatd2"&gt;Patrimonial&lt;/td&gt;
	&lt;/tr&gt;
	&lt;tr&gt;
		&lt;td class="tabelatd1"&gt;55&lt;/td&gt;
		&lt;td class="tabelatd1"&gt;Tipo Cobranca&lt;/td&gt;
		&lt;td class="tabelatd1"&gt;10/10/2018&lt;/td&gt;
		&lt;td class="tabelatd1"&gt;110.00&lt;/td&gt;
		&lt;td class="tabelatd1"&gt;10/28/2018 10:56:59&lt;/td&gt;
		&lt;td class="tabelatd1"&gt;Cicrano de Tal (222.222.222-22)&lt;/td&gt;
		&lt;td class="tabelatd1"&gt;23F&lt;/td&gt;
		&lt;td class="tabelatd1"&gt;Patrimonial&lt;/td&gt;
	&lt;/tr&gt;
	&lt;tr&gt;
		&lt;td class="tabelatd2"&gt;68&lt;/td&gt;
		&lt;td class="tabelatd2"&gt;Tipo Cobranca&lt;/td&gt;
		&lt;td class="tabelatd2"&gt;10/10/2018&lt;/td&gt;
		&lt;td class="tabelatd2"&gt;110.00&lt;/td&gt;
		&lt;td class="tabelatd2"&gt;10/28/2018 10:58:08&lt;/td&gt;
		&lt;td class="tabelatd2"&gt;Cicrano de Tal (222.222.222-22)&lt;/td&gt;
		&lt;td class="tabelatd2"&gt;23F&lt;/td&gt;
		&lt;td class="tabelatd2"&gt;Patrimonial&lt;/td&gt;
	&lt;/tr&gt;
	&lt;tr&gt;
		&lt;td class="tabelatd1"&gt;83&lt;/td&gt;
		&lt;td class="tabelatd1"&gt;Tipo Cobranca&lt;/td&gt;
		&lt;td class="tabelatd1"&gt;10/10/2018&lt;/td&gt;
		&lt;td class="tabelatd1"&gt;110.00&lt;/td&gt;
		&lt;td class="tabelatd1"&gt;10/28/2018 11:01:20&lt;/td&gt;
		&lt;td class="tabelatd1"&gt;Cicrano de Tal (222.222.222-22)&lt;/td&gt;
		&lt;td class="tabelatd1"&gt;23F&lt;/td&gt;
		&lt;td class="tabelatd1"&gt;Patrimonial&lt;/td&gt;
	&lt;/tr&gt;
	&lt;tr&gt;
		&lt;td class="tabelatd2"&gt;99&lt;/td&gt;
		&lt;td class="tabelatd2"&gt;Tipo Cobranca&lt;/td&gt;
		&lt;td class="tabelatd2"&gt;10/10/2018&lt;/td&gt;
		&lt;td class="tabelatd2"&gt;110.00&lt;/td&gt;
		&lt;td class="tabelatd2"&gt;10/28/2018 11:01:33&lt;/td&gt;
		&lt;td class="tabelatd2"&gt;Cicrano de Tal (222.222.222-22)&lt;/td&gt;
		&lt;td class="tabelatd2"&gt;23F&lt;/td&gt;
		&lt;td class="tabelatd2"&gt;Patrimonial&lt;/td&gt;
	&lt;/tr&gt;
	&lt;tr&gt;
		&lt;td class="tabelatd1"&gt;126&lt;/td&gt;
		&lt;td class="tabelatd1"&gt;Tipo Cobranca&lt;/td&gt;
		&lt;td class="tabelatd1"&gt;10/10/2018&lt;/td&gt;
		&lt;td class="tabelatd1"&gt;110.00&lt;/td&gt;
		&lt;td class="tabelatd1"&gt;10/28/2018 11:17:56&lt;/td&gt;
		&lt;td class="tabelatd1"&gt;Cicrano de Tal (222.222.222-22)&lt;/td&gt;
		&lt;td class="tabelatd1"&gt;23F&lt;/td&gt;
		&lt;td class="tabelatd1"&gt;Patrimonial&lt;/td&gt;
	&lt;/tr&gt;
	&lt;tr&gt;
		&lt;td class="tabelatd2"&gt;150&lt;/td&gt;
		&lt;td class="tabelatd2"&gt;Tipo Cobranca&lt;/td&gt;
		&lt;td class="tabelatd2"&gt;10/10/2018&lt;/td&gt;
		&lt;td class="tabelatd2"&gt;110.00&lt;/td&gt;
		&lt;td class="tabelatd2"&gt;10/28/2018 11:22:20&lt;/td&gt;
		&lt;td class="tabelatd2"&gt;Cicrano de Tal (222.222.222-22)&lt;/td&gt;
		&lt;td class="tabelatd2"&gt;23F&lt;/td&gt;
		&lt;td class="tabelatd2"&gt;Patrimonial&lt;/td&gt;
	&lt;/tr&gt;
	&lt;tr&gt;
		&lt;td class="tabelatd1"&gt;170&lt;/td&gt;
		&lt;td class="tabelatd1"&gt;Tipo Cobranca&lt;/td&gt;
		&lt;td class="tabelatd1"&gt;10/10/2018&lt;/td&gt;
		&lt;td class="tabelatd1"&gt;110.00&lt;/td&gt;
		&lt;td class="tabelatd1"&gt;10/28/2018 11:24:34&lt;/td&gt;
		&lt;td class="tabelatd1"&gt;Cicrano de Tal (222.222.222-22)&lt;/td&gt;
		&lt;td class="tabelatd1"&gt;23F&lt;/td&gt;
		&lt;td class="tabelatd1"&gt;Patrimonial&lt;/td&gt;
	&lt;/tr&gt;
	&lt;tr&gt;
		&lt;td class="tabelatd2"&gt;190&lt;/td&gt;
		&lt;td class="tabelatd2"&gt;Tipo Cobranca&lt;/td&gt;
		&lt;td class="tabelatd2"&gt;10/10/2018&lt;/td&gt;
		&lt;td class="tabelatd2"&gt;110.00&lt;/td&gt;
		&lt;td class="tabelatd2"&gt;10/28/2018 11:25:15&lt;/td&gt;
		&lt;td class="tabelatd2"&gt;Cicrano de Tal (222.222.222-22)&lt;/td&gt;
		&lt;td class="tabelatd2"&gt;23F&lt;/td&gt;
		&lt;td class="tabelatd2"&gt;Patrimonial&lt;/td&gt;
	&lt;/tr&gt;
	&lt;tr&gt;
		&lt;td class="tabelatd1"&gt;210&lt;/td&gt;
		&lt;td class="tabelatd1"&gt;Tipo Cobranca&lt;/td&gt;
		&lt;td class="tabelatd1"&gt;10/10/2018&lt;/td&gt;
		&lt;td class="tabelatd1"&gt;110.00&lt;/td&gt;
		&lt;td class="tabelatd1"&gt;10/28/2018 11:25:27&lt;/td&gt;
		&lt;td class="tabelatd1"&gt;Cicrano de Tal (222.222.222-22)&lt;/td&gt;
		&lt;td class="tabelatd1"&gt;23F&lt;/td&gt;
		&lt;td class="tabelatd1"&gt;Patrimonial&lt;/td&gt;
	&lt;/tr&gt;
	&lt;tr&gt;
		&lt;td class="tabelatd2"&gt;233&lt;/td&gt;
		&lt;td class="tabelatd2"&gt;Tipo Cobranca&lt;/td&gt;
		&lt;td class="tabelatd2"&gt;10/10/2018&lt;/td&gt;
		&lt;td class="tabelatd2"&gt;110.00&lt;/td&gt;
		&lt;td class="tabelatd2"&gt;10/28/2018 11:27:49&lt;/td&gt;
		&lt;td class="tabelatd2"&gt;Cicrano de Tal (222.222.222-22)&lt;/td&gt;
		&lt;td class="tabelatd2"&gt;23F&lt;/td&gt;
		&lt;td class="tabelatd2"&gt;Patrimonial&lt;/td&gt;
	&lt;/tr&gt;
	&lt;tr&gt;
		&lt;td class="tabelatd1"&gt;256&lt;/td&gt;
		&lt;td class="tabelatd1"&gt;Tipo Cobranca&lt;/td&gt;
		&lt;td class="tabelatd1"&gt;10/10/2018&lt;/td&gt;
		&lt;td class="tabelatd1"&gt;110.00&lt;/td&gt;
		&lt;td class="tabelatd1"&gt;10/28/2018 11:38:48&lt;/td&gt;
		&lt;td class="tabelatd1"&gt;Cicrano de Tal (222.222.222-22)&lt;/td&gt;
		&lt;td class="tabelatd1"&gt;23F&lt;/td&gt;
		&lt;td class="tabelatd1"&gt;Patrimonial&lt;/td&gt;
	&lt;/tr&gt;
	&lt;tr&gt;
		&lt;td class="tabelatd2"&gt;281&lt;/td&gt;
		&lt;td class="tabelatd2"&gt;Tipo Cobranca&lt;/td&gt;
		&lt;td class="tabelatd2"&gt;10/10/2018&lt;/td&gt;
		&lt;td class="tabelatd2"&gt;110.00&lt;/td&gt;
		&lt;td class="tabelatd2"&gt;10/28/2018 11:58:31&lt;/td&gt;
		&lt;td class="tabelatd2"&gt;Cicrano de Tal (222.222.222-22)&lt;/td&gt;
		&lt;td class="tabelatd2"&gt;23F&lt;/td&gt;
		&lt;td class="tabelatd2"&gt;Patrimonial&lt;/td&gt;
	&lt;/tr&gt;
	&lt;tr&gt;
		&lt;td class="tabelatd1"&gt;308&lt;/td&gt;
		&lt;td class="tabelatd1"&gt;Tipo Cobranca&lt;/td&gt;
		&lt;td class="tabelatd1"&gt;10/10/2018&lt;/td&gt;
		&lt;td class="tabelatd1"&gt;110.00&lt;/td&gt;
		&lt;td class="tabelatd1"&gt;10/28/2018 13:55:55&lt;/td&gt;
		&lt;td class="tabelatd1"&gt;Cicrano de Tal (222.222.222-22)&lt;/td&gt;
		&lt;td class="tabelatd1"&gt;23F&lt;/td&gt;
		&lt;td class="tabelatd1"&gt;Patrimonial&lt;/td&gt;
	&lt;/tr&gt;
	&lt;tr&gt;
		&lt;td class="tabelatd2"&gt;337&lt;/td&gt;
		&lt;td class="tabelatd2"&gt;Tipo Cobranca&lt;/td&gt;
		&lt;td class="tabelatd2"&gt;10/10/2018&lt;/td&gt;
		&lt;td class="tabelatd2"&gt;110.00&lt;/td&gt;
		&lt;td class="tabelatd2"&gt;10/28/2018 14:00:40&lt;/td&gt;
		&lt;td class="tabelatd2"&gt;Cicrano de Tal (222.222.222-22)&lt;/td&gt;
		&lt;td class="tabelatd2"&gt;23F&lt;/td&gt;
		&lt;td class="tabelatd2"&gt;Patrimonial&lt;/td&gt;
	&lt;/tr&gt;
	&lt;tr&gt;
		&lt;td class="tabelatd1"&gt;4&lt;/td&gt;
		&lt;td class="tabelatd1"&gt;Tipo Cobranca&lt;/td&gt;
		&lt;td class="tabelatd1"&gt;10/10/2018&lt;/td&gt;
		&lt;td class="tabelatd1"&gt;110.00&lt;/td&gt;
		&lt;td class="tabelatd1"&gt;10/28/2018 09:17:10&lt;/td&gt;
		&lt;td class="tabelatd1"&gt;Beltrano da Silva (333.333.333-33)&lt;/td&gt;
		&lt;td class="tabelatd1"&gt;0F&lt;/td&gt;
		&lt;td class="tabelatd1"&gt;Patrimonial&lt;/td&gt;
	&lt;/tr&gt;
	&lt;tr&gt;
		&lt;td class="tabelatd2"&gt;8&lt;/td&gt;
		&lt;td class="tabelatd2"&gt;Tipo Cobranca&lt;/td&gt;
		&lt;td class="tabelatd2"&gt;10/10/2018&lt;/td&gt;
		&lt;td class="tabelatd2"&gt;110.00&lt;/td&gt;
		&lt;td class="tabelatd2"&gt;10/28/2018 09:18:03&lt;/td&gt;
		&lt;td class="tabelatd2"&gt;Beltrano da Silva (333.333.333-33)&lt;/td&gt;
		&lt;td class="tabelatd2"&gt;0F&lt;/td&gt;
		&lt;td class="tabelatd2"&gt;Patrimonial&lt;/td&gt;
	&lt;/tr&gt;
	&lt;tr&gt;
		&lt;td class="tabelatd1"&gt;12&lt;/td&gt;
		&lt;td class="tabelatd1"&gt;Tipo Cobranca&lt;/td&gt;
		&lt;td class="tabelatd1"&gt;10/10/2018&lt;/td&gt;
		&lt;td class="tabelatd1"&gt;110.00&lt;/td&gt;
		&lt;td class="tabelatd1"&gt;10/28/2018 09:18:45&lt;/td&gt;
		&lt;td class="tabelatd1"&gt;Beltrano da Silva (333.333.333-33)&lt;/td&gt;
		&lt;td class="tabelatd1"&gt;0F&lt;/td&gt;
		&lt;td class="tabelatd1"&gt;Patrimonial&lt;/td&gt;
	&lt;/tr&gt;
	&lt;tr&gt;
		&lt;td class="tabelatd2"&gt;16&lt;/td&gt;
		&lt;td class="tabelatd2"&gt;Tipo Cobranca&lt;/td&gt;
		&lt;td class="tabelatd2"&gt;10/10/2018&lt;/td&gt;
		&lt;td class="tabelatd2"&gt;110.00&lt;/td&gt;
		&lt;td class="tabelatd2"&gt;10/28/2018 09:19:36&lt;/td&gt;
		&lt;td class="tabelatd2"&gt;Beltrano da Silva (333.333.333-33)&lt;/td&gt;
		&lt;td class="tabelatd2"&gt;0F&lt;/td&gt;
		&lt;td class="tabelatd2"&gt;Patrimonial&lt;/td&gt;
	&lt;/tr&gt;
	&lt;tr&gt;
		&lt;td class="tabelatd1"&gt;20&lt;/td&gt;
		&lt;td class="tabelatd1"&gt;Tipo Cobranca&lt;/td&gt;
		&lt;td class="tabelatd1"&gt;10/10/2018&lt;/td&gt;
		&lt;td class="tabelatd1"&gt;110.00&lt;/td&gt;
		&lt;td class="tabelatd1"&gt;10/28/2018 09:20:15&lt;/td&gt;
		&lt;td class="tabelatd1"&gt;Beltrano da Silva (333.333.333-33)&lt;/td&gt;
		&lt;td class="tabelatd1"&gt;0F&lt;/td&gt;
		&lt;td class="tabelatd1"&gt;Patrimonial&lt;/td&gt;
	&lt;/tr&gt;
	&lt;tr&gt;
		&lt;td class="tabelatd2"&gt;24&lt;/td&gt;
		&lt;td class="tabelatd2"&gt;Tipo Cobranca&lt;/td&gt;
		&lt;td class="tabelatd2"&gt;10/10/2018&lt;/td&gt;
		&lt;td class="tabelatd2"&gt;110.00&lt;/td&gt;
		&lt;td class="tabelatd2"&gt;10/28/2018 09:20:41&lt;/td&gt;
		&lt;td class="tabelatd2"&gt;Beltrano da Silva (333.333.333-33)&lt;/td&gt;
		&lt;td class="tabelatd2"&gt;0F&lt;/td&gt;
		&lt;td class="tabelatd2"&gt;Patrimonial&lt;/td&gt;
	&lt;/tr&gt;
	&lt;tr&gt;
		&lt;td class="tabelatd1"&gt;28&lt;/td&gt;
		&lt;td class="tabelatd1"&gt;Tipo Cobranca&lt;/td&gt;
		&lt;td class="tabelatd1"&gt;10/10/2018&lt;/td&gt;
		&lt;td class="tabelatd1"&gt;110.00&lt;/td&gt;
		&lt;td class="tabelatd1"&gt;10/28/2018 09:24:10&lt;/td&gt;
		&lt;td class="tabelatd1"&gt;Beltrano da Silva (333.333.333-33)&lt;/td&gt;
		&lt;td class="tabelatd1"&gt;0F&lt;/td&gt;
		&lt;td class="tabelatd1"&gt;Patrimonial&lt;/td&gt;
	&lt;/tr&gt;
	&lt;tr&gt;
		&lt;td class="tabelatd2"&gt;35&lt;/td&gt;
		&lt;td class="tabelatd2"&gt;Tipo Cobranca&lt;/td&gt;
		&lt;td class="tabelatd2"&gt;10/10/2018&lt;/td&gt;
		&lt;td class="tabelatd2"&gt;110.00&lt;/td&gt;
		&lt;td class="tabelatd2"&gt;10/28/2018 09:24:30&lt;/td&gt;
		&lt;td class="tabelatd2"&gt;Beltrano da Silva (333.333.333-33)&lt;/td&gt;
		&lt;td class="tabelatd2"&gt;0F&lt;/td&gt;
		&lt;td class="tabelatd2"&gt;Patrimonial&lt;/td&gt;
	&lt;/tr&gt;
	&lt;tr&gt;
		&lt;td class="tabelatd1"&gt;43&lt;/td&gt;
		&lt;td class="tabelatd1"&gt;Tipo Cobranca&lt;/td&gt;
		&lt;td class="tabelatd1"&gt;10/10/2018&lt;/td&gt;
		&lt;td class="tabelatd1"&gt;110.00&lt;/td&gt;
		&lt;td class="tabelatd1"&gt;10/28/2018 09:26:04&lt;/td&gt;
		&lt;td class="tabelatd1"&gt;Beltrano da Silva (333.333.333-33)&lt;/td&gt;
		&lt;td class="tabelatd1"&gt;0F&lt;/td&gt;
		&lt;td class="tabelatd1"&gt;Patrimonial&lt;/td&gt;
	&lt;/tr&gt;
	&lt;tr&gt;
		&lt;td class="tabelatd2"&gt;54&lt;/td&gt;
		&lt;td class="tabelatd2"&gt;Tipo Cobranca&lt;/td&gt;
		&lt;td class="tabelatd2"&gt;10/10/2018&lt;/td&gt;
		&lt;td class="tabelatd2"&gt;110.00&lt;/td&gt;
		&lt;td class="tabelatd2"&gt;10/28/2018 10:56:59&lt;/td&gt;
		&lt;td class="tabelatd2"&gt;Beltrano da Silva (333.333.333-33)&lt;/td&gt;
		&lt;td class="tabelatd2"&gt;0F&lt;/td&gt;
		&lt;td class="tabelatd2"&gt;Patrimonial&lt;/td&gt;
	&lt;/tr&gt;
	&lt;tr&gt;
		&lt;td class="tabelatd1"&gt;67&lt;/td&gt;
		&lt;td class="tabelatd1"&gt;Tipo Cobranca&lt;/td&gt;
		&lt;td class="tabelatd1"&gt;10/10/2018&lt;/td&gt;
		&lt;td class="tabelatd1"&gt;110.00&lt;/td&gt;
		&lt;td class="tabelatd1"&gt;10/28/2018 10:58:08&lt;/td&gt;
		&lt;td class="tabelatd1"&gt;Beltrano da Silva (333.333.333-33)&lt;/td&gt;
		&lt;td class="tabelatd1"&gt;0F&lt;/td&gt;
		&lt;td class="tabelatd1"&gt;Patrimonial&lt;/td&gt;
	&lt;/tr&gt;
	&lt;tr&gt;
		&lt;td class="tabelatd2"&gt;82&lt;/td&gt;
		&lt;td class="tabelatd2"&gt;Tipo Cobranca&lt;/td&gt;
		&lt;td class="tabelatd2"&gt;10/10/2018&lt;/td&gt;
		&lt;td class="tabelatd2"&gt;110.00&lt;/td&gt;
		&lt;td class="tabelatd2"&gt;10/28/2018 11:01:20&lt;/td&gt;
		&lt;td class="tabelatd2"&gt;Beltrano da Silva (333.333.333-33)&lt;/td&gt;
		&lt;td class="tabelatd2"&gt;0F&lt;/td&gt;
		&lt;td class="tabelatd2"&gt;Patrimonial&lt;/td&gt;
	&lt;/tr&gt;
	&lt;tr&gt;
		&lt;td class="tabelatd1"&gt;98&lt;/td&gt;
		&lt;td class="tabelatd1"&gt;Tipo Cobranca&lt;/td&gt;
		&lt;td class="tabelatd1"&gt;10/10/2018&lt;/td&gt;
		&lt;td class="tabelatd1"&gt;110.00&lt;/td&gt;
		&lt;td class="tabelatd1"&gt;10/28/2018 11:01:33&lt;/td&gt;
		&lt;td class="tabelatd1"&gt;Beltrano da Silva (333.333.333-33)&lt;/td&gt;
		&lt;td class="tabelatd1"&gt;0F&lt;/td&gt;
		&lt;td class="tabelatd1"&gt;Patrimonial&lt;/td&gt;
	&lt;/tr&gt;
	&lt;tr&gt;
		&lt;td class="tabelatd2"&gt;125&lt;/td&gt;
		&lt;td class="tabelatd2"&gt;Tipo Cobranca&lt;/td&gt;
		&lt;td class="tabelatd2"&gt;10/10/2018&lt;/td&gt;
		&lt;td class="tabelatd2"&gt;110.00&lt;/td&gt;
		&lt;td class="tabelatd2"&gt;10/28/2018 11:17:56&lt;/td&gt;
		&lt;td class="tabelatd2"&gt;Beltrano da Silva (333.333.333-33)&lt;/td&gt;
		&lt;td class="tabelatd2"&gt;0F&lt;/td&gt;
		&lt;td class="tabelatd2"&gt;Patrimonial&lt;/td&gt;
	&lt;/tr&gt;
	&lt;tr&gt;
		&lt;td class="tabelatd1"&gt;149&lt;/td&gt;
		&lt;td class="tabelatd1"&gt;Tipo Cobranca&lt;/td&gt;
		&lt;td class="tabelatd1"&gt;10/10/2018&lt;/td&gt;
		&lt;td class="tabelatd1"&gt;110.00&lt;/td&gt;
		&lt;td class="tabelatd1"&gt;10/28/2018 11:22:20&lt;/td&gt;
		&lt;td class="tabelatd1"&gt;Beltrano da Silva (333.333.333-33)&lt;/td&gt;
		&lt;td class="tabelatd1"&gt;0F&lt;/td&gt;
		&lt;td class="tabelatd1"&gt;Patrimonial&lt;/td&gt;
	&lt;/tr&gt;
	&lt;tr&gt;
		&lt;td class="tabelatd2"&gt;169&lt;/td&gt;
		&lt;td class="tabelatd2"&gt;Tipo Cobranca&lt;/td&gt;
		&lt;td class="tabelatd2"&gt;10/10/2018&lt;/td&gt;
		&lt;td class="tabelatd2"&gt;110.00&lt;/td&gt;
		&lt;td class="tabelatd2"&gt;10/28/2018 11:24:34&lt;/td&gt;
		&lt;td class="tabelatd2"&gt;Beltrano da Silva (333.333.333-33)&lt;/td&gt;
		&lt;td class="tabelatd2"&gt;0F&lt;/td&gt;
		&lt;td class="tabelatd2"&gt;Patrimonial&lt;/td&gt;
	&lt;/tr&gt;
	&lt;tr&gt;
		&lt;td class="tabelatd1"&gt;189&lt;/td&gt;
		&lt;td class="tabelatd1"&gt;Tipo Cobranca&lt;/td&gt;
		&lt;td class="tabelatd1"&gt;10/10/2018&lt;/td&gt;
		&lt;td class="tabelatd1"&gt;110.00&lt;/td&gt;
		&lt;td class="tabelatd1"&gt;10/28/2018 11:25:15&lt;/td&gt;
		&lt;td class="tabelatd1"&gt;Beltrano da Silva (333.333.333-33)&lt;/td&gt;
		&lt;td class="tabelatd1"&gt;0F&lt;/td&gt;
		&lt;td class="tabelatd1"&gt;Patrimonial&lt;/td&gt;
	&lt;/tr&gt;
	&lt;tr&gt;
		&lt;td class="tabelatd2"&gt;209&lt;/td&gt;
		&lt;td class="tabelatd2"&gt;Tipo Cobranca&lt;/td&gt;
		&lt;td class="tabelatd2"&gt;10/10/2018&lt;/td&gt;
		&lt;td class="tabelatd2"&gt;110.00&lt;/td&gt;
		&lt;td class="tabelatd2"&gt;10/28/2018 11:25:27&lt;/td&gt;
		&lt;td class="tabelatd2"&gt;Beltrano da Silva (333.333.333-33)&lt;/td&gt;
		&lt;td class="tabelatd2"&gt;0F&lt;/td&gt;
		&lt;td class="tabelatd2"&gt;Patrimonial&lt;/td&gt;
	&lt;/tr&gt;
	&lt;tr&gt;
		&lt;td class="tabelatd1"&gt;232&lt;/td&gt;
		&lt;td class="tabelatd1"&gt;Tipo Cobranca&lt;/td&gt;
		&lt;td class="tabelatd1"&gt;10/10/2018&lt;/td&gt;
		&lt;td class="tabelatd1"&gt;110.00&lt;/td&gt;
		&lt;td class="tabelatd1"&gt;10/28/2018 11:27:49&lt;/td&gt;
		&lt;td class="tabelatd1"&gt;Beltrano da Silva (333.333.333-33)&lt;/td&gt;
		&lt;td class="tabelatd1"&gt;0F&lt;/td&gt;
		&lt;td class="tabelatd1"&gt;Patrimonial&lt;/td&gt;
	&lt;/tr&gt;
	&lt;tr&gt;
		&lt;td class="tabelatd2"&gt;255&lt;/td&gt;
		&lt;td class="tabelatd2"&gt;Tipo Cobranca&lt;/td&gt;
		&lt;td class="tabelatd2"&gt;10/10/2018&lt;/td&gt;
		&lt;td class="tabelatd2"&gt;110.00&lt;/td&gt;
		&lt;td class="tabelatd2"&gt;10/28/2018 11:38:48&lt;/td&gt;
		&lt;td class="tabelatd2"&gt;Beltrano da Silva (333.333.333-33)&lt;/td&gt;
		&lt;td class="tabelatd2"&gt;0F&lt;/td&gt;
		&lt;td class="tabelatd2"&gt;Patrimonial&lt;/td&gt;
	&lt;/tr&gt;
	&lt;tr&gt;
		&lt;td class="tabelatd1"&gt;280&lt;/td&gt;
		&lt;td class="tabelatd1"&gt;Tipo Cobranca&lt;/td&gt;
		&lt;td class="tabelatd1"&gt;10/10/2018&lt;/td&gt;
		&lt;td class="tabelatd1"&gt;110.00&lt;/td&gt;
		&lt;td class="tabelatd1"&gt;10/28/2018 11:58:31&lt;/td&gt;
		&lt;td class="tabelatd1"&gt;Beltrano da Silva (333.333.333-33)&lt;/td&gt;
		&lt;td class="tabelatd1"&gt;0F&lt;/td&gt;
		&lt;td class="tabelatd1"&gt;Patrimonial&lt;/td&gt;
	&lt;/tr&gt;
	&lt;tr&gt;
		&lt;td class="tabelatd2"&gt;307&lt;/td&gt;
		&lt;td class="tabelatd2"&gt;Tipo Cobranca&lt;/td&gt;
		&lt;td class="tabelatd2"&gt;10/10/2018&lt;/td&gt;
		&lt;td class="tabelatd2"&gt;110.00&lt;/td&gt;
		&lt;td class="tabelatd2"&gt;10/28/2018 13:55:55&lt;/td&gt;
		&lt;td class="tabelatd2"&gt;Beltrano da Silva (333.333.333-33)&lt;/td&gt;
		&lt;td class="tabelatd2"&gt;0F&lt;/td&gt;
		&lt;td class="tabelatd2"&gt;Patrimonial&lt;/td&gt;
	&lt;/tr&gt;
	&lt;tr&gt;
		&lt;td class="tabelatd1"&gt;336&lt;/td&gt;
		&lt;td class="tabelatd1"&gt;Tipo Cobranca&lt;/td&gt;
		&lt;td class="tabelatd1"&gt;10/10/2018&lt;/td&gt;
		&lt;td class="tabelatd1"&gt;110.00&lt;/td&gt;
		&lt;td class="tabelatd1"&gt;10/28/2018 14:00:40&lt;/td&gt;
		&lt;td class="tabelatd1"&gt;Beltrano da Silva (333.333.333-33)&lt;/td&gt;
		&lt;td class="tabelatd1"&gt;0F&lt;/td&gt;
		&lt;td class="tabelatd1"&gt;Patrimonial&lt;/td&gt;
	&lt;/tr&gt;
	&lt;tr&gt;
		&lt;td class="tabelatd2"&gt;3&lt;/td&gt;
		&lt;td class="tabelatd2"&gt;Tipo Cobranca&lt;/td&gt;
		&lt;td class="tabelatd2"&gt;10/10/2018&lt;/td&gt;
		&lt;td class="tabelatd2"&gt;110.00&lt;/td&gt;
		&lt;td class="tabelatd2"&gt;10/28/2018 09:17:10&lt;/td&gt;
		&lt;td class="tabelatd2"&gt;Fulano de Tal (111.111.111-11)&lt;/td&gt;
		&lt;td class="tabelatd2"&gt;0F&lt;/td&gt;
		&lt;td class="tabelatd2"&gt;Patrimonial&lt;/td&gt;
	&lt;/tr&gt;
	&lt;tr&gt;
		&lt;td class="tabelatd1"&gt;7&lt;/td&gt;
		&lt;td class="tabelatd1"&gt;Tipo Cobranca&lt;/td&gt;
		&lt;td class="tabelatd1"&gt;10/10/2018&lt;/td&gt;
		&lt;td class="tabelatd1"&gt;110.00&lt;/td&gt;
		&lt;td class="tabelatd1"&gt;10/28/2018 09:18:03&lt;/td&gt;
		&lt;td class="tabelatd1"&gt;Fulano de Tal (111.111.111-11)&lt;/td&gt;
		&lt;td class="tabelatd1"&gt;0F&lt;/td&gt;
		&lt;td class="tabelatd1"&gt;Patrimonial&lt;/td&gt;
	&lt;/tr&gt;
	&lt;tr&gt;
		&lt;td class="tabelatd2"&gt;11&lt;/td&gt;
		&lt;td class="tabelatd2"&gt;Tipo Cobranca&lt;/td&gt;
		&lt;td class="tabelatd2"&gt;10/10/2018&lt;/td&gt;
		&lt;td class="tabelatd2"&gt;110.00&lt;/td&gt;
		&lt;td class="tabelatd2"&gt;10/28/2018 09:18:45&lt;/td&gt;
		&lt;td class="tabelatd2"&gt;Fulano de Tal (111.111.111-11)&lt;/td&gt;
		&lt;td class="tabelatd2"&gt;0F&lt;/td&gt;
		&lt;td class="tabelatd2"&gt;Patrimonial&lt;/td&gt;
	&lt;/tr&gt;
	&lt;tr&gt;
		&lt;td class="tabelatd1"&gt;15&lt;/td&gt;
		&lt;td class="tabelatd1"&gt;Tipo Cobranca&lt;/td&gt;
		&lt;td class="tabelatd1"&gt;10/10/2018&lt;/td&gt;
		&lt;td class="tabelatd1"&gt;110.00&lt;/td&gt;
		&lt;td class="tabelatd1"&gt;10/28/2018 09:19:36&lt;/td&gt;
		&lt;td class="tabelatd1"&gt;Fulano de Tal (111.111.111-11)&lt;/td&gt;
		&lt;td class="tabelatd1"&gt;0F&lt;/td&gt;
		&lt;td class="tabelatd1"&gt;Patrimonial&lt;/td&gt;
	&lt;/tr&gt;
	&lt;tr&gt;
		&lt;td class="tabelatd2"&gt;19&lt;/td&gt;
		&lt;td class="tabelatd2"&gt;Tipo Cobranca&lt;/td&gt;
		&lt;td class="tabelatd2"&gt;10/10/2018&lt;/td&gt;
		&lt;td class="tabelatd2"&gt;110.00&lt;/td&gt;
		&lt;td class="tabelatd2"&gt;10/28/2018 09:20:15&lt;/td&gt;
		&lt;td class="tabelatd2"&gt;Fulano de Tal (111.111.111-11)&lt;/td&gt;
		&lt;td class="tabelatd2"&gt;0F&lt;/td&gt;
		&lt;td class="tabelatd2"&gt;Patrimonial&lt;/td&gt;
	&lt;/tr&gt;
	&lt;tr&gt;
		&lt;td class="tabelatd1"&gt;23&lt;/td&gt;
		&lt;td class="tabelatd1"&gt;Tipo Cobranca&lt;/td&gt;
		&lt;td class="tabelatd1"&gt;10/10/2018&lt;/td&gt;
		&lt;td class="tabelatd1"&gt;110.00&lt;/td&gt;
		&lt;td class="tabelatd1"&gt;10/28/2018 09:20:41&lt;/td&gt;
		&lt;td class="tabelatd1"&gt;Fulano de Tal (111.111.111-11)&lt;/td&gt;
		&lt;td class="tabelatd1"&gt;0F&lt;/td&gt;
		&lt;td class="tabelatd1"&gt;Patrimonial&lt;/td&gt;
	&lt;/tr&gt;
	&lt;tr&gt;
		&lt;td class="tabelatd2"&gt;27&lt;/td&gt;
		&lt;td class="tabelatd2"&gt;Tipo Cobranca&lt;/td&gt;
		&lt;td class="tabelatd2"&gt;10/10/2018&lt;/td&gt;
		&lt;td class="tabelatd2"&gt;110.00&lt;/td&gt;
		&lt;td class="tabelatd2"&gt;10/28/2018 09:24:10&lt;/td&gt;
		&lt;td class="tabelatd2"&gt;Fulano de Tal (111.111.111-11)&lt;/td&gt;
		&lt;td class="tabelatd2"&gt;0F&lt;/td&gt;
		&lt;td class="tabelatd2"&gt;Patrimonial&lt;/td&gt;
	&lt;/tr&gt;
	&lt;tr&gt;
		&lt;td class="tabelatd1"&gt;34&lt;/td&gt;
		&lt;td class="tabelatd1"&gt;Tipo Cobranca&lt;/td&gt;
		&lt;td class="tabelatd1"&gt;10/10/2018&lt;/td&gt;
		&lt;td class="tabelatd1"&gt;110.00&lt;/td&gt;
		&lt;td class="tabelatd1"&gt;10/28/2018 09:24:30&lt;/td&gt;
		&lt;td class="tabelatd1"&gt;Fulano de Tal (111.111.111-11)&lt;/td&gt;
		&lt;td class="tabelatd1"&gt;0F&lt;/td&gt;
		&lt;td class="tabelatd1"&gt;Patrimonial&lt;/td&gt;
	&lt;/tr&gt;
	&lt;tr&gt;
		&lt;td class="tabelatd2"&gt;42&lt;/td&gt;
		&lt;td class="tabelatd2"&gt;Tipo Cobranca&lt;/td&gt;
		&lt;td class="tabelatd2"&gt;10/10/2018&lt;/td&gt;
		&lt;td class="tabelatd2"&gt;110.00&lt;/td&gt;
		&lt;td class="tabelatd2"&gt;10/28/2018 09:26:04&lt;/td&gt;
		&lt;td class="tabelatd2"&gt;Fulano de Tal (111.111.111-11)&lt;/td&gt;
		&lt;td class="tabelatd2"&gt;0F&lt;/td&gt;
		&lt;td class="tabelatd2"&gt;Patrimonial&lt;/td&gt;
	&lt;/tr&gt;
	&lt;tr&gt;
		&lt;td class="tabelatd1"&gt;53&lt;/td&gt;
		&lt;td class="tabelatd1"&gt;Tipo Cobranca&lt;/td&gt;
		&lt;td class="tabelatd1"&gt;10/10/2018&lt;/td&gt;
		&lt;td class="tabelatd1"&gt;110.00&lt;/td&gt;
		&lt;td class="tabelatd1"&gt;10/28/2018 10:56:59&lt;/td&gt;
		&lt;td class="tabelatd1"&gt;Fulano de Tal (111.111.111-11)&lt;/td&gt;
		&lt;td class="tabelatd1"&gt;0F&lt;/td&gt;
		&lt;td class="tabelatd1"&gt;Patrimonial&lt;/td&gt;
	&lt;/tr&gt;
	&lt;tr&gt;
		&lt;td class="tabelatd2"&gt;66&lt;/td&gt;
		&lt;td class="tabelatd2"&gt;Tipo Cobranca&lt;/td&gt;
		&lt;td class="tabelatd2"&gt;10/10/2018&lt;/td&gt;
		&lt;td class="tabelatd2"&gt;110.00&lt;/td&gt;
		&lt;td class="tabelatd2"&gt;10/28/2018 10:58:08&lt;/td&gt;
		&lt;td class="tabelatd2"&gt;Fulano de Tal (111.111.111-11)&lt;/td&gt;
		&lt;td class="tabelatd2"&gt;0F&lt;/td&gt;
		&lt;td class="tabelatd2"&gt;Patrimonial&lt;/td&gt;
	&lt;/tr&gt;
	&lt;tr&gt;
		&lt;td class="tabelatd1"&gt;81&lt;/td&gt;
		&lt;td class="tabelatd1"&gt;Tipo Cobranca&lt;/td&gt;
		&lt;td class="tabelatd1"&gt;10/10/2018&lt;/td&gt;
		&lt;td class="tabelatd1"&gt;110.00&lt;/td&gt;
		&lt;td class="tabelatd1"&gt;10/28/2018 11:01:20&lt;/td&gt;
		&lt;td class="tabelatd1"&gt;Fulano de Tal (111.111.111-11)&lt;/td&gt;
		&lt;td class="tabelatd1"&gt;0F&lt;/td&gt;
		&lt;td class="tabelatd1"&gt;Patrimonial&lt;/td&gt;
	&lt;/tr&gt;
	&lt;tr&gt;
		&lt;td class="tabelatd2"&gt;97&lt;/td&gt;
		&lt;td class="tabelatd2"&gt;Tipo Cobranca&lt;/td&gt;
		&lt;td class="tabelatd2"&gt;10/10/2018&lt;/td&gt;
		&lt;td class="tabelatd2"&gt;110.00&lt;/td&gt;
		&lt;td class="tabelatd2"&gt;10/28/2018 11:01:33&lt;/td&gt;
		&lt;td class="tabelatd2"&gt;Fulano de Tal (111.111.111-11)&lt;/td&gt;
		&lt;td class="tabelatd2"&gt;0F&lt;/td&gt;
		&lt;td class="tabelatd2"&gt;Patrimonial&lt;/td&gt;
	&lt;/tr&gt;
	&lt;tr&gt;
		&lt;td class="tabelatd1"&gt;124&lt;/td&gt;
		&lt;td class="tabelatd1"&gt;Tipo Cobranca&lt;/td&gt;
		&lt;td class="tabelatd1"&gt;10/10/2018&lt;/td&gt;
		&lt;td class="tabelatd1"&gt;110.00&lt;/td&gt;
		&lt;td class="tabelatd1"&gt;10/28/2018 11:17:56&lt;/td&gt;
		&lt;td class="tabelatd1"&gt;Fulano de Tal (111.111.111-11)&lt;/td&gt;
		&lt;td class="tabelatd1"&gt;0F&lt;/td&gt;
		&lt;td class="tabelatd1"&gt;Patrimonial&lt;/td&gt;
	&lt;/tr&gt;
	&lt;tr&gt;
		&lt;td class="tabelatd2"&gt;148&lt;/td&gt;
		&lt;td class="tabelatd2"&gt;Tipo Cobranca&lt;/td&gt;
		&lt;td class="tabelatd2"&gt;10/10/2018&lt;/td&gt;
		&lt;td class="tabelatd2"&gt;110.00&lt;/td&gt;
		&lt;td class="tabelatd2"&gt;10/28/2018 11:22:20&lt;/td&gt;
		&lt;td class="tabelatd2"&gt;Fulano de Tal (111.111.111-11)&lt;/td&gt;
		&lt;td class="tabelatd2"&gt;0F&lt;/td&gt;
		&lt;td class="tabelatd2"&gt;Patrimonial&lt;/td&gt;
	&lt;/tr&gt;
	&lt;tr&gt;
		&lt;td class="tabelatd1"&gt;168&lt;/td&gt;
		&lt;td class="tabelatd1"&gt;Tipo Cobranca&lt;/td&gt;
		&lt;td class="tabelatd1"&gt;10/10/2018&lt;/td&gt;
		&lt;td class="tabelatd1"&gt;110.00&lt;/td&gt;
		&lt;td class="tabelatd1"&gt;10/28/2018 11:24:34&lt;/td&gt;
		&lt;td class="tabelatd1"&gt;Fulano de Tal (111.111.111-11)&lt;/td&gt;
		&lt;td class="tabelatd1"&gt;0F&lt;/td&gt;
		&lt;td class="tabelatd1"&gt;Patrimonial&lt;/td&gt;
	&lt;/tr&gt;
	&lt;tr&gt;
		&lt;td class="tabelatd2"&gt;188&lt;/td&gt;
		&lt;td class="tabelatd2"&gt;Tipo Cobranca&lt;/td&gt;
		&lt;td class="tabelatd2"&gt;10/10/2018&lt;/td&gt;
		&lt;td class="tabelatd2"&gt;110.00&lt;/td&gt;
		&lt;td class="tabelatd2"&gt;10/28/2018 11:25:15&lt;/td&gt;
		&lt;td class="tabelatd2"&gt;Fulano de Tal (111.111.111-11)&lt;/td&gt;
		&lt;td class="tabelatd2"&gt;0F&lt;/td&gt;
		&lt;td class="tabelatd2"&gt;Patrimonial&lt;/td&gt;
	&lt;/tr&gt;
	&lt;tr&gt;
		&lt;td class="tabelatd1"&gt;208&lt;/td&gt;
		&lt;td class="tabelatd1"&gt;Tipo Cobranca&lt;/td&gt;
		&lt;td class="tabelatd1"&gt;10/10/2018&lt;/td&gt;
		&lt;td class="tabelatd1"&gt;110.00&lt;/td&gt;
		&lt;td class="tabelatd1"&gt;10/28/2018 11:25:27&lt;/td&gt;
		&lt;td class="tabelatd1"&gt;Fulano de Tal (111.111.111-11)&lt;/td&gt;
		&lt;td class="tabelatd1"&gt;0F&lt;/td&gt;
		&lt;td class="tabelatd1"&gt;Patrimonial&lt;/td&gt;
	&lt;/tr&gt;
	&lt;tr&gt;
		&lt;td class="tabelatd2"&gt;231&lt;/td&gt;
		&lt;td class="tabelatd2"&gt;Tipo Cobranca&lt;/td&gt;
		&lt;td class="tabelatd2"&gt;10/10/2018&lt;/td&gt;
		&lt;td class="tabelatd2"&gt;110.00&lt;/td&gt;
		&lt;td class="tabelatd2"&gt;10/28/2018 11:27:49&lt;/td&gt;
		&lt;td class="tabelatd2"&gt;Fulano de Tal (111.111.111-11)&lt;/td&gt;
		&lt;td class="tabelatd2"&gt;0F&lt;/td&gt;
		&lt;td class="tabelatd2"&gt;Patrimonial&lt;/td&gt;
	&lt;/tr&gt;
	&lt;tr&gt;
		&lt;td class="tabelatd1"&gt;254&lt;/td&gt;
		&lt;td class="tabelatd1"&gt;Tipo Cobranca&lt;/td&gt;
		&lt;td class="tabelatd1"&gt;10/10/2018&lt;/td&gt;
		&lt;td class="tabelatd1"&gt;110.00&lt;/td&gt;
		&lt;td class="tabelatd1"&gt;10/28/2018 11:38:48&lt;/td&gt;
		&lt;td class="tabelatd1"&gt;Fulano de Tal (111.111.111-11)&lt;/td&gt;
		&lt;td class="tabelatd1"&gt;0F&lt;/td&gt;
		&lt;td class="tabelatd1"&gt;Patrimonial&lt;/td&gt;
	&lt;/tr&gt;
	&lt;tr&gt;
		&lt;td class="tabelatd2"&gt;279&lt;/td&gt;
		&lt;td class="tabelatd2"&gt;Tipo Cobranca&lt;/td&gt;
		&lt;td class="tabelatd2"&gt;10/10/2018&lt;/td&gt;
		&lt;td class="tabelatd2"&gt;110.00&lt;/td&gt;
		&lt;td class="tabelatd2"&gt;10/28/2018 11:58:31&lt;/td&gt;
		&lt;td class="tabelatd2"&gt;Fulano de Tal (111.111.111-11)&lt;/td&gt;
		&lt;td class="tabelatd2"&gt;0F&lt;/td&gt;
		&lt;td class="tabelatd2"&gt;Patrimonial&lt;/td&gt;
	&lt;/tr&gt;
	&lt;tr&gt;
		&lt;td class="tabelatd1"&gt;306&lt;/td&gt;
		&lt;td class="tabelatd1"&gt;Tipo Cobranca&lt;/td&gt;
		&lt;td class="tabelatd1"&gt;10/10/2018&lt;/td&gt;
		&lt;td class="tabelatd1"&gt;110.00&lt;/td&gt;
		&lt;td class="tabelatd1"&gt;10/28/2018 13:55:55&lt;/td&gt;
		&lt;td class="tabelatd1"&gt;Fulano de Tal (111.111.111-11)&lt;/td&gt;
		&lt;td class="tabelatd1"&gt;0F&lt;/td&gt;
		&lt;td class="tabelatd1"&gt;Patrimonial&lt;/td&gt;
	&lt;/tr&gt;
	&lt;tr&gt;
		&lt;td class="tabelatd2"&gt;335&lt;/td&gt;
		&lt;td class="tabelatd2"&gt;Tipo Cobranca&lt;/td&gt;
		&lt;td class="tabelatd2"&gt;10/10/2018&lt;/td&gt;
		&lt;td class="tabelatd2"&gt;110.00&lt;/td&gt;
		&lt;td class="tabelatd2"&gt;10/28/2018 14:00:40&lt;/td&gt;
		&lt;td class="tabelatd2"&gt;Fulano de Tal (111.111.111-11)&lt;/td&gt;
		&lt;td class="tabelatd2"&gt;0F&lt;/td&gt;
		&lt;td class="tabelatd2"&gt;Patrimonial&lt;/td&gt;
	&lt;/tr&gt;
	&lt;tr&gt;
		&lt;td class="tabelatd1"&gt;364&lt;/td&gt;
		&lt;td class="tabelatd1"&gt;Tipo Cobranca&lt;/td&gt;
		&lt;td class="tabelatd1"&gt;10/10/2018&lt;/td&gt;
		&lt;td class="tabelatd1"&gt;100.00&lt;/td&gt;
		&lt;td class="tabelatd1"&gt;10/28/2018 14:00:41&lt;/td&gt;
		&lt;td class="tabelatd1"&gt;Fulano de Tal (652.392.539-00)&lt;/td&gt;
		&lt;td class="tabelatd1"&gt;1&lt;/td&gt;
		&lt;td class="tabelatd1"&gt;Patrimonial&lt;/td&gt;
	&lt;/tr&gt;
	&lt;tr&gt;
		&lt;td class="tabelatd2"&gt;365&lt;/td&gt;
		&lt;td class="tabelatd2"&gt;Tipo Cobranca&lt;/td&gt;
		&lt;td class="tabelatd2"&gt;10/10/2018&lt;/td&gt;
		&lt;td class="tabelatd2"&gt;110.00&lt;/td&gt;
		&lt;td class="tabelatd2"&gt;10/28/2018 16:29:36&lt;/td&gt;
		&lt;td class="tabelatd2"&gt;Fulano de Tal (652.392.539-00)&lt;/td&gt;
		&lt;td class="tabelatd2"&gt;1&lt;/td&gt;
		&lt;td class="tabelatd2"&gt;Patrimonial&lt;/td&gt;
	&lt;/tr&gt;
	&lt;tr&gt;
		&lt;td class="tabelatd1"&gt;369&lt;/td&gt;
		&lt;td class="tabelatd1"&gt;Tipo Cobranca&lt;/td&gt;
		&lt;td class="tabelatd1"&gt;10/10/2018&lt;/td&gt;
		&lt;td class="tabelatd1"&gt;110.00&lt;/td&gt;
		&lt;td class="tabelatd1"&gt;10/28/2018 16:29:36&lt;/td&gt;
		&lt;td class="tabelatd1"&gt;Fulano de Tal (652.392.539-00)&lt;/td&gt;
		&lt;td class="tabelatd1"&gt;1&lt;/td&gt;
		&lt;td class="tabelatd1"&gt;Patrimonial&lt;/td&gt;
	&lt;/tr&gt;
	&lt;tr&gt;
		&lt;td class="tabelatd2"&gt;370&lt;/td&gt;
		&lt;td class="tabelatd2"&gt;Tipo Cobranca&lt;/td&gt;
		&lt;td class="tabelatd2"&gt;10/10/2018&lt;/td&gt;
		&lt;td class="tabelatd2"&gt;110.00&lt;/td&gt;
		&lt;td class="tabelatd2"&gt;10/28/2018 16:29:36&lt;/td&gt;
		&lt;td class="tabelatd2"&gt;Fulano de Tal (652.392.539-00)&lt;/td&gt;
		&lt;td class="tabelatd2"&gt;1&lt;/td&gt;
		&lt;td class="tabelatd2"&gt;Patrimonial&lt;/td&gt;
	&lt;/tr&gt;
	&lt;tr&gt;
		&lt;td class="tabelatd1"&gt;371&lt;/td&gt;
		&lt;td class="tabelatd1"&gt;Tipo Cobranca&lt;/td&gt;
		&lt;td class="tabelatd1"&gt;10/10/2018&lt;/td&gt;
		&lt;td class="tabelatd1"&gt;110.00&lt;/td&gt;
		&lt;td class="tabelatd1"&gt;10/28/2018 16:29:36&lt;/td&gt;
		&lt;td class="tabelatd1"&gt;Fulano de Tal (652.392.539-00)&lt;/td&gt;
		&lt;td class="tabelatd1"&gt;1&lt;/td&gt;
		&lt;td class="tabelatd1"&gt;Patrimonial&lt;/td&gt;
	&lt;/tr&gt;
	&lt;tr&gt;
		&lt;td class="tabelatd2"&gt;372&lt;/td&gt;
		&lt;td class="tabelatd2"&gt;Tipo Cobranca&lt;/td&gt;
		&lt;td class="tabelatd2"&gt;10/10/2018&lt;/td&gt;
		&lt;td class="tabelatd2"&gt;110.00&lt;/td&gt;
		&lt;td class="tabelatd2"&gt;10/28/2018 16:29:36&lt;/td&gt;
		&lt;td class="tabelatd2"&gt;Fulano de Tal (652.392.539-00)&lt;/td&gt;
		&lt;td class="tabelatd2"&gt;1&lt;/td&gt;
		&lt;td class="tabelatd2"&gt;Patrimonial&lt;/td&gt;
	&lt;/tr&gt;
	&lt;tr&gt;
		&lt;td class="tabelatd1"&gt;373&lt;/td&gt;
		&lt;td class="tabelatd1"&gt;Tipo Cobranca&lt;/td&gt;
		&lt;td class="tabelatd1"&gt;10/10/2018&lt;/td&gt;
		&lt;td class="tabelatd1"&gt;110.00&lt;/td&gt;
		&lt;td class="tabelatd1"&gt;10/28/2018 16:29:36&lt;/td&gt;
		&lt;td class="tabelatd1"&gt;Fulano de Tal (652.392.539-00)&lt;/td&gt;
		&lt;td class="tabelatd1"&gt;1&lt;/td&gt;
		&lt;td class="tabelatd1"&gt;Patrimonial&lt;/td&gt;
	&lt;/tr&gt;
	&lt;tr&gt;
		&lt;td class="tabelatd2"&gt;374&lt;/td&gt;
		&lt;td class="tabelatd2"&gt;Tipo Cobranca&lt;/td&gt;
		&lt;td class="tabelatd2"&gt;10/10/2018&lt;/td&gt;
		&lt;td class="tabelatd2"&gt;110.00&lt;/td&gt;
		&lt;td class="tabelatd2"&gt;10/28/2018 16:29:36&lt;/td&gt;
		&lt;td class="tabelatd2"&gt;Fulano de Tal (652.392.539-00)&lt;/td&gt;
		&lt;td class="tabelatd2"&gt;1&lt;/td&gt;
		&lt;td class="tabelatd2"&gt;Patrimonial&lt;/td&gt;
	&lt;/tr&gt;
	&lt;tr&gt;
		&lt;td class="tabelatd1"&gt;375&lt;/td&gt;
		&lt;td class="tabelatd1"&gt;Tipo Cobranca&lt;/td&gt;
		&lt;td class="tabelatd1"&gt;10/10/2018&lt;/td&gt;
		&lt;td class="tabelatd1"&gt;110.00&lt;/td&gt;
		&lt;td class="tabelatd1"&gt;10/28/2018 16:29:36&lt;/td&gt;
		&lt;td class="tabelatd1"&gt;Fulano de Tal (652.392.539-00)&lt;/td&gt;
		&lt;td class="tabelatd1"&gt;1&lt;/td&gt;
		&lt;td class="tabelatd1"&gt;Patrimonial&lt;/td&gt;
	&lt;/tr&gt;
	&lt;tr&gt;
		&lt;td class="tabelatd2"&gt;376&lt;/td&gt;
		&lt;td class="tabelatd2"&gt;Tipo Cobranca&lt;/td&gt;
		&lt;td class="tabelatd2"&gt;10/10/2018&lt;/td&gt;
		&lt;td class="tabelatd2"&gt;110.00&lt;/td&gt;
		&lt;td class="tabelatd2"&gt;10/28/2018 16:29:36&lt;/td&gt;
		&lt;td class="tabelatd2"&gt;Fulano de Tal (652.392.539-00)&lt;/td&gt;
		&lt;td class="tabelatd2"&gt;1&lt;/td&gt;
		&lt;td class="tabelatd2"&gt;Patrimonial&lt;/td&gt;
	&lt;/tr&gt;
	&lt;tr&gt;
		&lt;td class="tabelatd1"&gt;377&lt;/td&gt;
		&lt;td class="tabelatd1"&gt;Tipo Cobranca&lt;/td&gt;
		&lt;td class="tabelatd1"&gt;10/10/2018&lt;/td&gt;
		&lt;td class="tabelatd1"&gt;110.00&lt;/td&gt;
		&lt;td class="tabelatd1"&gt;10/28/2018 16:29:36&lt;/td&gt;
		&lt;td class="tabelatd1"&gt;Fulano de Tal (652.392.539-00)&lt;/td&gt;
		&lt;td class="tabelatd1"&gt;1&lt;/td&gt;
		&lt;td class="tabelatd1"&gt;Patrimonial&lt;/td&gt;
	&lt;/tr&gt;
	&lt;tr&gt;
		&lt;td class="tabelatd2"&gt;378&lt;/td&gt;
		&lt;td class="tabelatd2"&gt;Tipo Cobranca&lt;/td&gt;
		&lt;td class="tabelatd2"&gt;10/10/2018&lt;/td&gt;
		&lt;td class="tabelatd2"&gt;110.00&lt;/td&gt;
		&lt;td class="tabelatd2"&gt;10/28/2018 16:29:36&lt;/td&gt;
		&lt;td class="tabelatd2"&gt;Fulano de Tal (652.392.539-00)&lt;/td&gt;
		&lt;td class="tabelatd2"&gt;1&lt;/td&gt;
		&lt;td class="tabelatd2"&gt;Patrimonial&lt;/td&gt;
	&lt;/tr&gt;
	&lt;tr&gt;
		&lt;td class="tabelatd1"&gt;379&lt;/td&gt;
		&lt;td class="tabelatd1"&gt;Tipo Cobranca&lt;/td&gt;
		&lt;td class="tabelatd1"&gt;10/10/2018&lt;/td&gt;
		&lt;td class="tabelatd1"&gt;110.00&lt;/td&gt;
		&lt;td class="tabelatd1"&gt;10/28/2018 16:29:36&lt;/td&gt;
		&lt;td class="tabelatd1"&gt;Fulano de Tal (652.392.539-00)&lt;/td&gt;
		&lt;td class="tabelatd1"&gt;1&lt;/td&gt;
		&lt;td class="tabelatd1"&gt;Patrimonial&lt;/td&gt;
	&lt;/tr&gt;
	&lt;tr&gt;
		&lt;td class="tabelatd2"&gt;380&lt;/td&gt;
		&lt;td class="tabelatd2"&gt;Tipo Cobranca&lt;/td&gt;
		&lt;td class="tabelatd2"&gt;10/10/2018&lt;/td&gt;
		&lt;td class="tabelatd2"&gt;110.00&lt;/td&gt;
		&lt;td class="tabelatd2"&gt;10/28/2018 16:29:36&lt;/td&gt;
		&lt;td class="tabelatd2"&gt;Fulano de Tal (652.392.539-00)&lt;/td&gt;
		&lt;td class="tabelatd2"&gt;1&lt;/td&gt;
		&lt;td class="tabelatd2"&gt;Patrimonial&lt;/td&gt;
	&lt;/tr&gt;
	&lt;tr&gt;
		&lt;td class="tabelatd1"&gt;397&lt;/td&gt;
		&lt;td class="tabelatd1"&gt;Tipo Cobranca&lt;/td&gt;
		&lt;td class="tabelatd1"&gt;10/10/2018&lt;/td&gt;
		&lt;td class="tabelatd1"&gt;100.00&lt;/td&gt;
		&lt;td class="tabelatd1"&gt;10/28/2018 16:29:38&lt;/td&gt;
		&lt;td class="tabelatd1"&gt;Fulano de Tal (652.392.539-00)&lt;/td&gt;
		&lt;td class="tabelatd1"&gt;1&lt;/td&gt;
		&lt;td class="tabelatd1"&gt;Patrimonial&lt;/td&gt;
	&lt;/tr&gt;
	&lt;tr&gt;
		&lt;td class="tabelatd2"&gt;398&lt;/td&gt;
		&lt;td class="tabelatd2"&gt;Tipo Cobranca&lt;/td&gt;
		&lt;td class="tabelatd2"&gt;10/10/2018&lt;/td&gt;
		&lt;td class="tabelatd2"&gt;110.00&lt;/td&gt;
		&lt;td class="tabelatd2"&gt;10/28/2018 16:34:54&lt;/td&gt;
		&lt;td class="tabelatd2"&gt;Fulano de Tal (652.392.539-00)&lt;/td&gt;
		&lt;td class="tabelatd2"&gt;1&lt;/td&gt;
		&lt;td class="tabelatd2"&gt;Patrimonial&lt;/td&gt;
	&lt;/tr&gt;
	&lt;tr&gt;
		&lt;td class="tabelatd1"&gt;402&lt;/td&gt;
		&lt;td class="tabelatd1"&gt;Tipo Cobranca&lt;/td&gt;
		&lt;td class="tabelatd1"&gt;10/10/2018&lt;/td&gt;
		&lt;td class="tabelatd1"&gt;110.00&lt;/td&gt;
		&lt;td class="tabelatd1"&gt;10/28/2018 16:34:54&lt;/td&gt;
		&lt;td class="tabelatd1"&gt;Fulano de Tal (652.392.539-00)&lt;/td&gt;
		&lt;td class="tabelatd1"&gt;1&lt;/td&gt;
		&lt;td class="tabelatd1"&gt;Patrimonial&lt;/td&gt;
	&lt;/tr&gt;
	&lt;tr&gt;
		&lt;td class="tabelatd2"&gt;403&lt;/td&gt;
		&lt;td class="tabelatd2"&gt;Tipo Cobranca&lt;/td&gt;
		&lt;td class="tabelatd2"&gt;10/10/2018&lt;/td&gt;
		&lt;td class="tabelatd2"&gt;110.00&lt;/td&gt;
		&lt;td class="tabelatd2"&gt;10/28/2018 16:34:54&lt;/td&gt;
		&lt;td class="tabelatd2"&gt;Fulano de Tal (652.392.539-00)&lt;/td&gt;
		&lt;td class="tabelatd2"&gt;1&lt;/td&gt;
		&lt;td class="tabelatd2"&gt;Patrimonial&lt;/td&gt;
	&lt;/tr&gt;
	&lt;tr&gt;
		&lt;td class="tabelatd1"&gt;404&lt;/td&gt;
		&lt;td class="tabelatd1"&gt;Tipo Cobranca&lt;/td&gt;
		&lt;td class="tabelatd1"&gt;10/10/2018&lt;/td&gt;
		&lt;td class="tabelatd1"&gt;110.00&lt;/td&gt;
		&lt;td class="tabelatd1"&gt;10/28/2018 16:34:54&lt;/td&gt;
		&lt;td class="tabelatd1"&gt;Fulano de Tal (652.392.539-00)&lt;/td&gt;
		&lt;td class="tabelatd1"&gt;1&lt;/td&gt;
		&lt;td class="tabelatd1"&gt;Patrimonial&lt;/td&gt;
	&lt;/tr&gt;
	&lt;tr&gt;
		&lt;td class="tabelatd2"&gt;405&lt;/td&gt;
		&lt;td class="tabelatd2"&gt;Tipo Cobranca&lt;/td&gt;
		&lt;td class="tabelatd2"&gt;10/10/2018&lt;/td&gt;
		&lt;td class="tabelatd2"&gt;110.00&lt;/td&gt;
		&lt;td class="tabelatd2"&gt;10/28/2018 16:34:54&lt;/td&gt;
		&lt;td class="tabelatd2"&gt;Fulano de Tal (652.392.539-00)&lt;/td&gt;
		&lt;td class="tabelatd2"&gt;1&lt;/td&gt;
		&lt;td class="tabelatd2"&gt;Patrimonial&lt;/td&gt;
	&lt;/tr&gt;
	&lt;tr&gt;
		&lt;td class="tabelatd1"&gt;406&lt;/td&gt;
		&lt;td class="tabelatd1"&gt;Tipo Cobranca&lt;/td&gt;
		&lt;td class="tabelatd1"&gt;10/10/2018&lt;/td&gt;
		&lt;td class="tabelatd1"&gt;110.00&lt;/td&gt;
		&lt;td class="tabelatd1"&gt;10/28/2018 16:34:54&lt;/td&gt;
		&lt;td class="tabelatd1"&gt;Fulano de Tal (652.392.539-00)&lt;/td&gt;
		&lt;td class="tabelatd1"&gt;1&lt;/td&gt;
		&lt;td class="tabelatd1"&gt;Patrimonial&lt;/td&gt;
	&lt;/tr&gt;
	&lt;tr&gt;
		&lt;td class="tabelatd2"&gt;407&lt;/td&gt;
		&lt;td class="tabelatd2"&gt;Tipo Cobranca&lt;/td&gt;
		&lt;td class="tabelatd2"&gt;10/10/2018&lt;/td&gt;
		&lt;td class="tabelatd2"&gt;110.00&lt;/td&gt;
		&lt;td class="tabelatd2"&gt;10/28/2018 16:34:54&lt;/td&gt;
		&lt;td class="tabelatd2"&gt;Fulano de Tal (652.392.539-00)&lt;/td&gt;
		&lt;td class="tabelatd2"&gt;1&lt;/td&gt;
		&lt;td class="tabelatd2"&gt;Patrimonial&lt;/td&gt;
	&lt;/tr&gt;
	&lt;tr&gt;
		&lt;td class="tabelatd1"&gt;408&lt;/td&gt;
		&lt;td class="tabelatd1"&gt;Tipo Cobranca&lt;/td&gt;
		&lt;td class="tabelatd1"&gt;10/10/2018&lt;/td&gt;
		&lt;td class="tabelatd1"&gt;110.00&lt;/td&gt;
		&lt;td class="tabelatd1"&gt;10/28/2018 16:34:54&lt;/td&gt;
		&lt;td class="tabelatd1"&gt;Fulano de Tal (652.392.539-00)&lt;/td&gt;
		&lt;td class="tabelatd1"&gt;1&lt;/td&gt;
		&lt;td class="tabelatd1"&gt;Patrimonial&lt;/td&gt;
	&lt;/tr&gt;
	&lt;tr&gt;
		&lt;td class="tabelatd2"&gt;409&lt;/td&gt;
		&lt;td class="tabelatd2"&gt;Tipo Cobranca&lt;/td&gt;
		&lt;td class="tabelatd2"&gt;10/10/2018&lt;/td&gt;
		&lt;td class="tabelatd2"&gt;110.00&lt;/td&gt;
		&lt;td class="tabelatd2"&gt;10/28/2018 16:34:54&lt;/td&gt;
		&lt;td class="tabelatd2"&gt;Fulano de Tal (652.392.539-00)&lt;/td&gt;
		&lt;td class="tabelatd2"&gt;1&lt;/td&gt;
		&lt;td class="tabelatd2"&gt;Patrimonial&lt;/td&gt;
	&lt;/tr&gt;
	&lt;tr&gt;
		&lt;td class="tabelatd1"&gt;410&lt;/td&gt;
		&lt;td class="tabelatd1"&gt;Tipo Cobranca&lt;/td&gt;
		&lt;td class="tabelatd1"&gt;10/10/2018&lt;/td&gt;
		&lt;td class="tabelatd1"&gt;110.00&lt;/td&gt;
		&lt;td class="tabelatd1"&gt;10/28/2018 16:34:54&lt;/td&gt;
		&lt;td class="tabelatd1"&gt;Fulano de Tal (652.392.539-00)&lt;/td&gt;
		&lt;td class="tabelatd1"&gt;1&lt;/td&gt;
		&lt;td class="tabelatd1"&gt;Patrimonial&lt;/td&gt;
	&lt;/tr&gt;
	&lt;tr&gt;
		&lt;td class="tabelatd2"&gt;411&lt;/td&gt;
		&lt;td class="tabelatd2"&gt;Tipo Cobranca&lt;/td&gt;
		&lt;td class="tabelatd2"&gt;10/10/2018&lt;/td&gt;
		&lt;td class="tabelatd2"&gt;110.00&lt;/td&gt;
		&lt;td class="tabelatd2"&gt;10/28/2018 16:34:54&lt;/td&gt;
		&lt;td class="tabelatd2"&gt;Fulano de Tal (652.392.539-00)&lt;/td&gt;
		&lt;td class="tabelatd2"&gt;1&lt;/td&gt;
		&lt;td class="tabelatd2"&gt;Patrimonial&lt;/td&gt;
	&lt;/tr&gt;
	&lt;tr&gt;
		&lt;td class="tabelatd1"&gt;412&lt;/td&gt;
		&lt;td class="tabelatd1"&gt;Tipo Cobranca&lt;/td&gt;
		&lt;td class="tabelatd1"&gt;10/10/2018&lt;/td&gt;
		&lt;td class="tabelatd1"&gt;110.00&lt;/td&gt;
		&lt;td class="tabelatd1"&gt;10/28/2018 16:34:54&lt;/td&gt;
		&lt;td class="tabelatd1"&gt;Fulano de Tal (652.392.539-00)&lt;/td&gt;
		&lt;td class="tabelatd1"&gt;1&lt;/td&gt;
		&lt;td class="tabelatd1"&gt;Patrimonial&lt;/td&gt;
	&lt;/tr&gt;
	&lt;tr&gt;
		&lt;td class="tabelatd2"&gt;413&lt;/td&gt;
		&lt;td class="tabelatd2"&gt;Tipo Cobranca&lt;/td&gt;
		&lt;td class="tabelatd2"&gt;10/10/2018&lt;/td&gt;
		&lt;td class="tabelatd2"&gt;110.00&lt;/td&gt;
		&lt;td class="tabelatd2"&gt;10/28/2018 16:34:54&lt;/td&gt;
		&lt;td class="tabelatd2"&gt;Fulano de Tal (652.392.539-00)&lt;/td&gt;
		&lt;td class="tabelatd2"&gt;1&lt;/td&gt;
		&lt;td class="tabelatd2"&gt;Patrimonial&lt;/td&gt;
	&lt;/tr&gt;
	&lt;tr&gt;
		&lt;td class="tabelatd1"&gt;414&lt;/td&gt;
		&lt;td class="tabelatd1"&gt;Tipo Cobranca&lt;/td&gt;
		&lt;td class="tabelatd1"&gt;10/10/2018&lt;/td&gt;
		&lt;td class="tabelatd1"&gt;110.00&lt;/td&gt;
		&lt;td class="tabelatd1"&gt;10/28/2018 16:34:54&lt;/td&gt;
		&lt;td class="tabelatd1"&gt;Fulano de Tal (652.392.539-00)&lt;/td&gt;
		&lt;td class="tabelatd1"&gt;1&lt;/td&gt;
		&lt;td class="tabelatd1"&gt;Patrimonial&lt;/td&gt;
	&lt;/tr&gt;
	&lt;tr&gt;
		&lt;td class="tabelatd2"&gt;432&lt;/td&gt;
		&lt;td class="tabelatd2"&gt;Tipo Cobranca&lt;/td&gt;
		&lt;td class="tabelatd2"&gt;10/10/2018&lt;/td&gt;
		&lt;td class="tabelatd2"&gt;100.00&lt;/td&gt;
		&lt;td class="tabelatd2"&gt;10/28/2018 16:34:55&lt;/td&gt;
		&lt;td class="tabelatd2"&gt;Fulano de Tal (652.392.539-00)&lt;/td&gt;
		&lt;td class="tabelatd2"&gt;1&lt;/td&gt;
		&lt;td class="tabelatd2"&gt;Patrimonial&lt;/td&gt;
	&lt;/tr&gt;
	&lt;tr&gt;
		&lt;td class="tabelatd1"&gt;368&lt;/td&gt;
		&lt;td class="tabelatd1"&gt;Tipo Cobranca&lt;/td&gt;
		&lt;td class="tabelatd1"&gt;10/10/2018&lt;/td&gt;
		&lt;td class="tabelatd1"&gt;110.00&lt;/td&gt;
		&lt;td class="tabelatd1"&gt;10/28/2018 16:29:36&lt;/td&gt;
		&lt;td class="tabelatd1"&gt;Cicrano de Tal (222.222.222-22)&lt;/td&gt;
		&lt;td class="tabelatd1"&gt;23F&lt;/td&gt;
		&lt;td class="tabelatd1"&gt;Patrimonial&lt;/td&gt;
	&lt;/tr&gt;
	&lt;tr&gt;
		&lt;td class="tabelatd2"&gt;401&lt;/td&gt;
		&lt;td class="tabelatd2"&gt;Tipo Cobranca&lt;/td&gt;
		&lt;td class="tabelatd2"&gt;10/10/2018&lt;/td&gt;
		&lt;td class="tabelatd2"&gt;110.00&lt;/td&gt;
		&lt;td class="tabelatd2"&gt;10/28/2018 16:34:54&lt;/td&gt;
		&lt;td class="tabelatd2"&gt;Cicrano de Tal (222.222.222-22)&lt;/td&gt;
		&lt;td class="tabelatd2"&gt;23F&lt;/td&gt;
		&lt;td class="tabelatd2"&gt;Patrimonial&lt;/td&gt;
	&lt;/tr&gt;
	&lt;tr&gt;
		&lt;td class="tabelatd1"&gt;367&lt;/td&gt;
		&lt;td class="tabelatd1"&gt;Tipo Cobranca&lt;/td&gt;
		&lt;td class="tabelatd1"&gt;10/10/2018&lt;/td&gt;
		&lt;td class="tabelatd1"&gt;110.00&lt;/td&gt;
		&lt;td class="tabelatd1"&gt;10/28/2018 16:29:36&lt;/td&gt;
		&lt;td class="tabelatd1"&gt;Beltrano da Silva (333.333.333-33)&lt;/td&gt;
		&lt;td class="tabelatd1"&gt;0F&lt;/td&gt;
		&lt;td class="tabelatd1"&gt;Patrimonial&lt;/td&gt;
	&lt;/tr&gt;
	&lt;tr&gt;
		&lt;td class="tabelatd2"&gt;400&lt;/td&gt;
		&lt;td class="tabelatd2"&gt;Tipo Cobranca&lt;/td&gt;
		&lt;td class="tabelatd2"&gt;10/10/2018&lt;/td&gt;
		&lt;td class="tabelatd2"&gt;110.00&lt;/td&gt;
		&lt;td class="tabelatd2"&gt;10/28/2018 16:34:54&lt;/td&gt;
		&lt;td class="tabelatd2"&gt;Beltrano da Silva (333.333.333-33)&lt;/td&gt;
		&lt;td class="tabelatd2"&gt;0F&lt;/td&gt;
		&lt;td class="tabelatd2"&gt;Patrimonial&lt;/td&gt;
	&lt;/tr&gt;
	&lt;tr&gt;
		&lt;td class="tabelatd1"&gt;366&lt;/td&gt;
		&lt;td class="tabelatd1"&gt;Tipo Cobranca&lt;/td&gt;
		&lt;td class="tabelatd1"&gt;10/10/2018&lt;/td&gt;
		&lt;td class="tabelatd1"&gt;110.00&lt;/td&gt;
		&lt;td class="tabelatd1"&gt;10/28/2018 16:29:36&lt;/td&gt;
		&lt;td class="tabelatd1"&gt;Fulano de Tal (111.111.111-11)&lt;/td&gt;
		&lt;td class="tabelatd1"&gt;0F&lt;/td&gt;
		&lt;td class="tabelatd1"&gt;Patrimonial&lt;/td&gt;
	&lt;/tr&gt;
	&lt;tr&gt;
		&lt;td class="tabelatd2"&gt;399&lt;/td&gt;
		&lt;td class="tabelatd2"&gt;Tipo Cobranca&lt;/td&gt;
		&lt;td class="tabelatd2"&gt;10/10/2018&lt;/td&gt;
		&lt;td class="tabelatd2"&gt;110.00&lt;/td&gt;
		&lt;td class="tabelatd2"&gt;10/28/2018 16:34:54&lt;/td&gt;
		&lt;td class="tabelatd2"&gt;Fulano de Tal (111.111.111-11)&lt;/td&gt;
		&lt;td class="tabelatd2"&gt;0F&lt;/td&gt;
		&lt;td class="tabelatd2"&gt;Patrimonial&lt;/td&gt;
	&lt;/tr&gt;
	&lt;tr&gt;
		&lt;td class="tabelatd1"&gt;30&lt;/td&gt;
		&lt;td class="tabelatd1"&gt;Tipo Cobranca&lt;/td&gt;
		&lt;td class="tabelatd1"&gt;11/10/2018&lt;/td&gt;
		&lt;td class="tabelatd1"&gt;110.00&lt;/td&gt;
		&lt;td class="tabelatd1"&gt;10/10/2018 00:00:00&lt;/td&gt;
		&lt;td class="tabelatd1"&gt;Fulano de Tal (652.392.539-00)&lt;/td&gt;
		&lt;td class="tabelatd1"&gt;1&lt;/td&gt;
		&lt;td class="tabelatd1"&gt;Patrimonial&lt;/td&gt;
	&lt;/tr&gt;
	&lt;tr&gt;
		&lt;td class="tabelatd2"&gt;37&lt;/td&gt;
		&lt;td class="tabelatd2"&gt;Tipo Cobranca&lt;/td&gt;
		&lt;td class="tabelatd2"&gt;11/10/2018&lt;/td&gt;
		&lt;td class="tabelatd2"&gt;110.00&lt;/td&gt;
		&lt;td class="tabelatd2"&gt;10/10/2018 00:00:00&lt;/td&gt;
		&lt;td class="tabelatd2"&gt;Fulano de Tal (652.392.539-00)&lt;/td&gt;
		&lt;td class="tabelatd2"&gt;1&lt;/td&gt;
		&lt;td class="tabelatd2"&gt;Patrimonial&lt;/td&gt;
	&lt;/tr&gt;
	&lt;tr&gt;
		&lt;td class="tabelatd1"&gt;46&lt;/td&gt;
		&lt;td class="tabelatd1"&gt;Tipo Cobranca&lt;/td&gt;
		&lt;td class="tabelatd1"&gt;11/10/2018&lt;/td&gt;
		&lt;td class="tabelatd1"&gt;110.00&lt;/td&gt;
		&lt;td class="tabelatd1"&gt;10/10/2018 00:00:00&lt;/td&gt;
		&lt;td class="tabelatd1"&gt;Fulano de Tal (652.392.539-00)&lt;/td&gt;
		&lt;td class="tabelatd1"&gt;1&lt;/td&gt;
		&lt;td class="tabelatd1"&gt;Patrimonial&lt;/td&gt;
	&lt;/tr&gt;
	&lt;tr&gt;
		&lt;td class="tabelatd2"&gt;49&lt;/td&gt;
		&lt;td class="tabelatd2"&gt;Tipo Cobranca&lt;/td&gt;
		&lt;td class="tabelatd2"&gt;11/10/2018&lt;/td&gt;
		&lt;td class="tabelatd2"&gt;110.00&lt;/td&gt;
		&lt;td class="tabelatd2"&gt;10/10/2018 00:00:00&lt;/td&gt;
		&lt;td class="tabelatd2"&gt;Fulano de Tal (652.392.539-00)&lt;/td&gt;
		&lt;td class="tabelatd2"&gt;1&lt;/td&gt;
		&lt;td class="tabelatd2"&gt;Patrimonial&lt;/td&gt;
	&lt;/tr&gt;
	&lt;tr&gt;
		&lt;td class="tabelatd1"&gt;58&lt;/td&gt;
		&lt;td class="tabelatd1"&gt;Tipo Cobranca&lt;/td&gt;
		&lt;td class="tabelatd1"&gt;11/10/2018&lt;/td&gt;
		&lt;td class="tabelatd1"&gt;110.00&lt;/td&gt;
		&lt;td class="tabelatd1"&gt;10/10/2018 00:00:00&lt;/td&gt;
		&lt;td class="tabelatd1"&gt;Fulano de Tal (652.392.539-00)&lt;/td&gt;
		&lt;td class="tabelatd1"&gt;1&lt;/td&gt;
		&lt;td class="tabelatd1"&gt;Patrimonial&lt;/td&gt;
	&lt;/tr&gt;
	&lt;tr&gt;
		&lt;td class="tabelatd2"&gt;61&lt;/td&gt;
		&lt;td class="tabelatd2"&gt;Tipo Cobranca&lt;/td&gt;
		&lt;td class="tabelatd2"&gt;11/10/2018&lt;/td&gt;
		&lt;td class="tabelatd2"&gt;110.00&lt;/td&gt;
		&lt;td class="tabelatd2"&gt;10/10/2018 00:00:00&lt;/td&gt;
		&lt;td class="tabelatd2"&gt;Fulano de Tal (652.392.539-00)&lt;/td&gt;
		&lt;td class="tabelatd2"&gt;1&lt;/td&gt;
		&lt;td class="tabelatd2"&gt;Patrimonial&lt;/td&gt;
	&lt;/tr&gt;
	&lt;tr&gt;
		&lt;td class="tabelatd1"&gt;62&lt;/td&gt;
		&lt;td class="tabelatd1"&gt;Tipo Cobranca&lt;/td&gt;
		&lt;td class="tabelatd1"&gt;11/10/2018&lt;/td&gt;
		&lt;td class="tabelatd1"&gt;110.00&lt;/td&gt;
		&lt;td class="tabelatd1"&gt;10/10/2018 00:00:00&lt;/td&gt;
		&lt;td class="tabelatd1"&gt;Fulano de Tal (652.392.539-00)&lt;/td&gt;
		&lt;td class="tabelatd1"&gt;1&lt;/td&gt;
		&lt;td class="tabelatd1"&gt;Patrimonial&lt;/td&gt;
	&lt;/tr&gt;
	&lt;tr&gt;
		&lt;td class="tabelatd2"&gt;72&lt;/td&gt;
		&lt;td class="tabelatd2"&gt;Tipo Cobranca&lt;/td&gt;
		&lt;td class="tabelatd2"&gt;11/10/2018&lt;/td&gt;
		&lt;td class="tabelatd2"&gt;110.00&lt;/td&gt;
		&lt;td class="tabelatd2"&gt;10/10/2018 00:00:00&lt;/td&gt;
		&lt;td class="tabelatd2"&gt;Fulano de Tal (652.392.539-00)&lt;/td&gt;
		&lt;td class="tabelatd2"&gt;1&lt;/td&gt;
		&lt;td class="tabelatd2"&gt;Patrimonial&lt;/td&gt;
	&lt;/tr&gt;
	&lt;tr&gt;
		&lt;td class="tabelatd1"&gt;75&lt;/td&gt;
		&lt;td class="tabelatd1"&gt;Tipo Cobranca&lt;/td&gt;
		&lt;td class="tabelatd1"&gt;11/10/2018&lt;/td&gt;
		&lt;td class="tabelatd1"&gt;110.00&lt;/td&gt;
		&lt;td class="tabelatd1"&gt;10/10/2018 00:00:00&lt;/td&gt;
		&lt;td class="tabelatd1"&gt;Fulano de Tal (652.392.539-00)&lt;/td&gt;
		&lt;td class="tabelatd1"&gt;1&lt;/td&gt;
		&lt;td class="tabelatd1"&gt;Patrimonial&lt;/td&gt;
	&lt;/tr&gt;
	&lt;tr&gt;
		&lt;td class="tabelatd2"&gt;76&lt;/td&gt;
		&lt;td class="tabelatd2"&gt;Tipo Cobranca&lt;/td&gt;
		&lt;td class="tabelatd2"&gt;11/10/2018&lt;/td&gt;
		&lt;td class="tabelatd2"&gt;110.00&lt;/td&gt;
		&lt;td class="tabelatd2"&gt;10/10/2018 00:00:00&lt;/td&gt;
		&lt;td class="tabelatd2"&gt;Fulano de Tal (652.392.539-00)&lt;/td&gt;
		&lt;td class="tabelatd2"&gt;1&lt;/td&gt;
		&lt;td class="tabelatd2"&gt;Patrimonial&lt;/td&gt;
	&lt;/tr&gt;
	&lt;tr&gt;
		&lt;td class="tabelatd1"&gt;77&lt;/td&gt;
		&lt;td class="tabelatd1"&gt;Tipo Cobranca&lt;/td&gt;
		&lt;td class="tabelatd1"&gt;11/10/2018&lt;/td&gt;
		&lt;td class="tabelatd1"&gt;110.00&lt;/td&gt;
		&lt;td class="tabelatd1"&gt;10/10/2018 00:00:00&lt;/td&gt;
		&lt;td class="tabelatd1"&gt;Fulano de Tal (652.392.539-00)&lt;/td&gt;
		&lt;td class="tabelatd1"&gt;1&lt;/td&gt;
		&lt;td class="tabelatd1"&gt;Patrimonial&lt;/td&gt;
	&lt;/tr&gt;
	&lt;tr&gt;
		&lt;td class="tabelatd2"&gt;88&lt;/td&gt;
		&lt;td class="tabelatd2"&gt;Tipo Cobranca&lt;/td&gt;
		&lt;td class="tabelatd2"&gt;11/10/2018&lt;/td&gt;
		&lt;td class="tabelatd2"&gt;110.00&lt;/td&gt;
		&lt;td class="tabelatd2"&gt;10/10/2018 00:00:00&lt;/td&gt;
		&lt;td class="tabelatd2"&gt;Fulano de Tal (652.392.539-00)&lt;/td&gt;
		&lt;td class="tabelatd2"&gt;1&lt;/td&gt;
		&lt;td class="tabelatd2"&gt;Patrimonial&lt;/td&gt;
	&lt;/tr&gt;
	&lt;tr&gt;
		&lt;td class="tabelatd1"&gt;91&lt;/td&gt;
		&lt;td class="tabelatd1"&gt;Tipo Cobranca&lt;/td&gt;
		&lt;td class="tabelatd1"&gt;11/10/2018&lt;/td&gt;
		&lt;td class="tabelatd1"&gt;110.00&lt;/td&gt;
		&lt;td class="tabelatd1"&gt;10/10/2018 00:00:00&lt;/td&gt;
		&lt;td class="tabelatd1"&gt;Fulano de Tal (652.392.539-00)&lt;/td&gt;
		&lt;td class="tabelatd1"&gt;1&lt;/td&gt;
		&lt;td class="tabelatd1"&gt;Patrimonial&lt;/td&gt;
	&lt;/tr&gt;
	&lt;tr&gt;
		&lt;td class="tabelatd2"&gt;92&lt;/td&gt;
		&lt;td class="tabelatd2"&gt;Tipo Cobranca&lt;/td&gt;
		&lt;td class="tabelatd2"&gt;11/10/2018&lt;/td&gt;
		&lt;td class="tabelatd2"&gt;110.00&lt;/td&gt;
		&lt;td class="tabelatd2"&gt;10/10/2018 00:00:00&lt;/td&gt;
		&lt;td class="tabelatd2"&gt;Fulano de Tal (652.392.539-00)&lt;/td&gt;
		&lt;td class="tabelatd2"&gt;1&lt;/td&gt;
		&lt;td class="tabelatd2"&gt;Patrimonial&lt;/td&gt;
	&lt;/tr&gt;
	&lt;tr&gt;
		&lt;td class="tabelatd1"&gt;93&lt;/td&gt;
		&lt;td class="tabelatd1"&gt;Tipo Cobranca&lt;/td&gt;
		&lt;td class="tabelatd1"&gt;11/10/2018&lt;/td&gt;
		&lt;td class="tabelatd1"&gt;110.00&lt;/td&gt;
		&lt;td class="tabelatd1"&gt;10/10/2018 00:00:00&lt;/td&gt;
		&lt;td class="tabelatd1"&gt;Fulano de Tal (652.392.539-00)&lt;/td&gt;
		&lt;td class="tabelatd1"&gt;1&lt;/td&gt;
		&lt;td class="tabelatd1"&gt;Patrimonial&lt;/td&gt;
	&lt;/tr&gt;
	&lt;tr&gt;
		&lt;td class="tabelatd2"&gt;94&lt;/td&gt;
		&lt;td class="tabelatd2"&gt;Tipo Cobranca&lt;/td&gt;
		&lt;td class="tabelatd2"&gt;11/10/2018&lt;/td&gt;
		&lt;td class="tabelatd2"&gt;110.00&lt;/td&gt;
		&lt;td class="tabelatd2"&gt;10/10/2018 00:00:00&lt;/td&gt;
		&lt;td class="tabelatd2"&gt;Fulano de Tal (652.392.539-00)&lt;/td&gt;
		&lt;td class="tabelatd2"&gt;1&lt;/td&gt;
		&lt;td class="tabelatd2"&gt;Patrimonial&lt;/td&gt;
	&lt;/tr&gt;
	&lt;tr&gt;
		&lt;td class="tabelatd1"&gt;104&lt;/td&gt;
		&lt;td class="tabelatd1"&gt;Tipo Cobranca&lt;/td&gt;
		&lt;td class="tabelatd1"&gt;11/10/2018&lt;/td&gt;
		&lt;td class="tabelatd1"&gt;110.00&lt;/td&gt;
		&lt;td class="tabelatd1"&gt;10/10/2018 00:00:00&lt;/td&gt;
		&lt;td class="tabelatd1"&gt;Fulano de Tal (652.392.539-00)&lt;/td&gt;
		&lt;td class="tabelatd1"&gt;1&lt;/td&gt;
		&lt;td class="tabelatd1"&gt;Patrimonial&lt;/td&gt;
	&lt;/tr&gt;
	&lt;tr&gt;
		&lt;td class="tabelatd2"&gt;107&lt;/td&gt;
		&lt;td class="tabelatd2"&gt;Tipo Cobranca&lt;/td&gt;
		&lt;td class="tabelatd2"&gt;11/10/2018&lt;/td&gt;
		&lt;td class="tabelatd2"&gt;110.00&lt;/td&gt;
		&lt;td class="tabelatd2"&gt;10/10/2018 00:00:00&lt;/td&gt;
		&lt;td class="tabelatd2"&gt;Fulano de Tal (652.392.539-00)&lt;/td&gt;
		&lt;td class="tabelatd2"&gt;1&lt;/td&gt;
		&lt;td class="tabelatd2"&gt;Patrimonial&lt;/td&gt;
	&lt;/tr&gt;
	&lt;tr&gt;
		&lt;td class="tabelatd1"&gt;108&lt;/td&gt;
		&lt;td class="tabelatd1"&gt;Tipo Cobranca&lt;/td&gt;
		&lt;td class="tabelatd1"&gt;11/10/2018&lt;/td&gt;
		&lt;td class="tabelatd1"&gt;110.00&lt;/td&gt;
		&lt;td class="tabelatd1"&gt;10/10/2018 00:00:00&lt;/td&gt;
		&lt;td class="tabelatd1"&gt;Fulano de Tal (652.392.539-00)&lt;/td&gt;
		&lt;td class="tabelatd1"&gt;1&lt;/td&gt;
		&lt;td class="tabelatd1"&gt;Patrimonial&lt;/td&gt;
	&lt;/tr&gt;
	&lt;tr&gt;
		&lt;td class="tabelatd2"&gt;109&lt;/td&gt;
		&lt;td class="tabelatd2"&gt;Tipo Cobranca&lt;/td&gt;
		&lt;td class="tabelatd2"&gt;11/10/2018&lt;/td&gt;
		&lt;td class="tabelatd2"&gt;110.00&lt;/td&gt;
		&lt;td class="tabelatd2"&gt;10/10/2018 00:00:00&lt;/td&gt;
		&lt;td class="tabelatd2"&gt;Fulano de Tal (652.392.539-00)&lt;/td&gt;
		&lt;td class="tabelatd2"&gt;1&lt;/td&gt;
		&lt;td class="tabelatd2"&gt;Patrimonial&lt;/td&gt;
	&lt;/tr&gt;
	&lt;tr&gt;
		&lt;td class="tabelatd1"&gt;110&lt;/td&gt;
		&lt;td class="tabelatd1"&gt;Tipo Cobranca&lt;/td&gt;
		&lt;td class="tabelatd1"&gt;11/10/2018&lt;/td&gt;
		&lt;td class="tabelatd1"&gt;110.00&lt;/td&gt;
		&lt;td class="tabelatd1"&gt;10/10/2018 00:00:00&lt;/td&gt;
		&lt;td class="tabelatd1"&gt;Fulano de Tal (652.392.539-00)&lt;/td&gt;
		&lt;td class="tabelatd1"&gt;1&lt;/td&gt;
		&lt;td class="tabelatd1"&gt;Patrimonial&lt;/td&gt;
	&lt;/tr&gt;
	&lt;tr&gt;
		&lt;td class="tabelatd2"&gt;132&lt;/td&gt;
		&lt;td class="tabelatd2"&gt;Tipo Cobranca&lt;/td&gt;
		&lt;td class="tabelatd2"&gt;11/10/2018&lt;/td&gt;
		&lt;td class="tabelatd2"&gt;110.00&lt;/td&gt;
		&lt;td class="tabelatd2"&gt;10/10/2018 00:00:00&lt;/td&gt;
		&lt;td class="tabelatd2"&gt;Fulano de Tal (652.392.539-00)&lt;/td&gt;
		&lt;td class="tabelatd2"&gt;1&lt;/td&gt;
		&lt;td class="tabelatd2"&gt;Patrimonial&lt;/td&gt;
	&lt;/tr&gt;
	&lt;tr&gt;
		&lt;td class="tabelatd1"&gt;135&lt;/td&gt;
		&lt;td class="tabelatd1"&gt;Tipo Cobranca&lt;/td&gt;
		&lt;td class="tabelatd1"&gt;11/10/2018&lt;/td&gt;
		&lt;td class="tabelatd1"&gt;110.00&lt;/td&gt;
		&lt;td class="tabelatd1"&gt;10/10/2018 00:00:00&lt;/td&gt;
		&lt;td class="tabelatd1"&gt;Fulano de Tal (652.392.539-00)&lt;/td&gt;
		&lt;td class="tabelatd1"&gt;1&lt;/td&gt;
		&lt;td class="tabelatd1"&gt;Patrimonial&lt;/td&gt;
	&lt;/tr&gt;
	&lt;tr&gt;
		&lt;td class="tabelatd2"&gt;136&lt;/td&gt;
		&lt;td class="tabelatd2"&gt;Tipo Cobranca&lt;/td&gt;
		&lt;td class="tabelatd2"&gt;11/10/2018&lt;/td&gt;
		&lt;td class="tabelatd2"&gt;110.00&lt;/td&gt;
		&lt;td class="tabelatd2"&gt;10/10/2018 00:00:00&lt;/td&gt;
		&lt;td class="tabelatd2"&gt;Fulano de Tal (652.392.539-00)&lt;/td&gt;
		&lt;td class="tabelatd2"&gt;1&lt;/td&gt;
		&lt;td class="tabelatd2"&gt;Patrimonial&lt;/td&gt;
	&lt;/tr&gt;
	&lt;tr&gt;
		&lt;td class="tabelatd1"&gt;137&lt;/td&gt;
		&lt;td class="tabelatd1"&gt;Tipo Cobranca&lt;/td&gt;
		&lt;td class="tabelatd1"&gt;11/10/2018&lt;/td&gt;
		&lt;td class="tabelatd1"&gt;110.00&lt;/td&gt;
		&lt;td class="tabelatd1"&gt;10/10/2018 00:00:00&lt;/td&gt;
		&lt;td class="tabelatd1"&gt;Fulano de Tal (652.392.539-00)&lt;/td&gt;
		&lt;td class="tabelatd1"&gt;1&lt;/td&gt;
		&lt;td class="tabelatd1"&gt;Patrimonial&lt;/td&gt;
	&lt;/tr&gt;
	&lt;tr&gt;
		&lt;td class="tabelatd2"&gt;138&lt;/td&gt;
		&lt;td class="tabelatd2"&gt;Tipo Cobranca&lt;/td&gt;
		&lt;td class="tabelatd2"&gt;11/10/2018&lt;/td&gt;
		&lt;td class="tabelatd2"&gt;110.00&lt;/td&gt;
		&lt;td class="tabelatd2"&gt;10/10/2018 00:00:00&lt;/td&gt;
		&lt;td class="tabelatd2"&gt;Fulano de Tal (652.392.539-00)&lt;/td&gt;
		&lt;td class="tabelatd2"&gt;1&lt;/td&gt;
		&lt;td class="tabelatd2"&gt;Patrimonial&lt;/td&gt;
	&lt;/tr&gt;
	&lt;tr&gt;
		&lt;td class="tabelatd1"&gt;139&lt;/td&gt;
		&lt;td class="tabelatd1"&gt;Tipo Cobranca&lt;/td&gt;
		&lt;td class="tabelatd1"&gt;11/10/2018&lt;/td&gt;
		&lt;td class="tabelatd1"&gt;110.00&lt;/td&gt;
		&lt;td class="tabelatd1"&gt;10/10/2018 00:00:00&lt;/td&gt;
		&lt;td class="tabelatd1"&gt;Fulano de Tal (652.392.539-00)&lt;/td&gt;
		&lt;td class="tabelatd1"&gt;1&lt;/td&gt;
		&lt;td class="tabelatd1"&gt;Patrimonial&lt;/td&gt;
	&lt;/tr&gt;
	&lt;tr&gt;
		&lt;td class="tabelatd2"&gt;157&lt;/td&gt;
		&lt;td class="tabelatd2"&gt;Tipo Cobranca&lt;/td&gt;
		&lt;td class="tabelatd2"&gt;11/10/2018&lt;/td&gt;
		&lt;td class="tabelatd2"&gt;110.00&lt;/td&gt;
		&lt;td class="tabelatd2"&gt;10/10/2018 00:00:00&lt;/td&gt;
		&lt;td class="tabelatd2"&gt;Fulano de Tal (652.392.539-00)&lt;/td&gt;
		&lt;td class="tabelatd2"&gt;1&lt;/td&gt;
		&lt;td class="tabelatd2"&gt;Patrimonial&lt;/td&gt;
	&lt;/tr&gt;
	&lt;tr&gt;
		&lt;td class="tabelatd1"&gt;160&lt;/td&gt;
		&lt;td class="tabelatd1"&gt;Tipo Cobranca&lt;/td&gt;
		&lt;td class="tabelatd1"&gt;11/10/2018&lt;/td&gt;
		&lt;td class="tabelatd1"&gt;110.00&lt;/td&gt;
		&lt;td class="tabelatd1"&gt;10/10/2018 00:00:00&lt;/td&gt;
		&lt;td class="tabelatd1"&gt;Fulano de Tal (652.392.539-00)&lt;/td&gt;
		&lt;td class="tabelatd1"&gt;1&lt;/td&gt;
		&lt;td class="tabelatd1"&gt;Patrimonial&lt;/td&gt;
	&lt;/tr&gt;
	&lt;tr&gt;
		&lt;td class="tabelatd2"&gt;161&lt;/td&gt;
		&lt;td class="tabelatd2"&gt;Tipo Cobranca&lt;/td&gt;
		&lt;td class="tabelatd2"&gt;11/10/2018&lt;/td&gt;
		&lt;td class="tabelatd2"&gt;110.00&lt;/td&gt;
		&lt;td class="tabelatd2"&gt;10/10/2018 00:00:00&lt;/td&gt;
		&lt;td class="tabelatd2"&gt;Fulano de Tal (652.392.539-00)&lt;/td&gt;
		&lt;td class="tabelatd2"&gt;1&lt;/td&gt;
		&lt;td class="tabelatd2"&gt;Patrimonial&lt;/td&gt;
	&lt;/tr&gt;
	&lt;tr&gt;
		&lt;td class="tabelatd1"&gt;162&lt;/td&gt;
		&lt;td class="tabelatd1"&gt;Tipo Cobranca&lt;/td&gt;
		&lt;td class="tabelatd1"&gt;11/10/2018&lt;/td&gt;
		&lt;td class="tabelatd1"&gt;110.00&lt;/td&gt;
		&lt;td class="tabelatd1"&gt;10/10/2018 00:00:00&lt;/td&gt;
		&lt;td class="tabelatd1"&gt;Fulano de Tal (652.392.539-00)&lt;/td&gt;
		&lt;td class="tabelatd1"&gt;1&lt;/td&gt;
		&lt;td class="tabelatd1"&gt;Patrimonial&lt;/td&gt;
	&lt;/tr&gt;
	&lt;tr&gt;
		&lt;td class="tabelatd2"&gt;163&lt;/td&gt;
		&lt;td class="tabelatd2"&gt;Tipo Cobranca&lt;/td&gt;
		&lt;td class="tabelatd2"&gt;11/10/2018&lt;/td&gt;
		&lt;td class="tabelatd2"&gt;110.00&lt;/td&gt;
		&lt;td class="tabelatd2"&gt;10/10/2018 00:00:00&lt;/td&gt;
		&lt;td class="tabelatd2"&gt;Fulano de Tal (652.392.539-00)&lt;/td&gt;
		&lt;td class="tabelatd2"&gt;1&lt;/td&gt;
		&lt;td class="tabelatd2"&gt;Patrimonial&lt;/td&gt;
	&lt;/tr&gt;
	&lt;tr&gt;
		&lt;td class="tabelatd1"&gt;164&lt;/td&gt;
		&lt;td class="tabelatd1"&gt;Tipo Cobranca&lt;/td&gt;
		&lt;td class="tabelatd1"&gt;11/10/2018&lt;/td&gt;
		&lt;td class="tabelatd1"&gt;110.00&lt;/td&gt;
		&lt;td class="tabelatd1"&gt;10/10/2018 00:00:00&lt;/td&gt;
		&lt;td class="tabelatd1"&gt;Fulano de Tal (652.392.539-00)&lt;/td&gt;
		&lt;td class="tabelatd1"&gt;1&lt;/td&gt;
		&lt;td class="tabelatd1"&gt;Patrimonial&lt;/td&gt;
	&lt;/tr&gt;
	&lt;tr&gt;
		&lt;td class="tabelatd2"&gt;165&lt;/td&gt;
		&lt;td class="tabelatd2"&gt;Tipo Cobranca&lt;/td&gt;
		&lt;td class="tabelatd2"&gt;11/10/2018&lt;/td&gt;
		&lt;td class="tabelatd2"&gt;110.00&lt;/td&gt;
		&lt;td class="tabelatd2"&gt;10/10/2018 00:00:00&lt;/td&gt;
		&lt;td class="tabelatd2"&gt;Fulano de Tal (652.392.539-00)&lt;/td&gt;
		&lt;td class="tabelatd2"&gt;1&lt;/td&gt;
		&lt;td class="tabelatd2"&gt;Patrimonial&lt;/td&gt;
	&lt;/tr&gt;
	&lt;tr&gt;
		&lt;td class="tabelatd1"&gt;177&lt;/td&gt;
		&lt;td class="tabelatd1"&gt;Tipo Cobranca&lt;/td&gt;
		&lt;td class="tabelatd1"&gt;11/10/2018&lt;/td&gt;
		&lt;td class="tabelatd1"&gt;110.00&lt;/td&gt;
		&lt;td class="tabelatd1"&gt;10/10/2018 00:00:00&lt;/td&gt;
		&lt;td class="tabelatd1"&gt;Fulano de Tal (652.392.539-00)&lt;/td&gt;
		&lt;td class="tabelatd1"&gt;1&lt;/td&gt;
		&lt;td class="tabelatd1"&gt;Patrimonial&lt;/td&gt;
	&lt;/tr&gt;
	&lt;tr&gt;
		&lt;td class="tabelatd2"&gt;180&lt;/td&gt;
		&lt;td class="tabelatd2"&gt;Tipo Cobranca&lt;/td&gt;
		&lt;td class="tabelatd2"&gt;11/10/2018&lt;/td&gt;
		&lt;td class="tabelatd2"&gt;110.00&lt;/td&gt;
		&lt;td class="tabelatd2"&gt;10/10/2018 00:00:00&lt;/td&gt;
		&lt;td class="tabelatd2"&gt;Fulano de Tal (652.392.539-00)&lt;/td&gt;
		&lt;td class="tabelatd2"&gt;1&lt;/td&gt;
		&lt;td class="tabelatd2"&gt;Patrimonial&lt;/td&gt;
	&lt;/tr&gt;
	&lt;tr&gt;
		&lt;td class="tabelatd1"&gt;181&lt;/td&gt;
		&lt;td class="tabelatd1"&gt;Tipo Cobranca&lt;/td&gt;
		&lt;td class="tabelatd1"&gt;11/10/2018&lt;/td&gt;
		&lt;td class="tabelatd1"&gt;110.00&lt;/td&gt;
		&lt;td class="tabelatd1"&gt;10/10/2018 00:00:00&lt;/td&gt;
		&lt;td class="tabelatd1"&gt;Fulano de Tal (652.392.539-00)&lt;/td&gt;
		&lt;td class="tabelatd1"&gt;1&lt;/td&gt;
		&lt;td class="tabelatd1"&gt;Patrimonial&lt;/td&gt;
	&lt;/tr&gt;
	&lt;tr&gt;
		&lt;td class="tabelatd2"&gt;182&lt;/td&gt;
		&lt;td class="tabelatd2"&gt;Tipo Cobranca&lt;/td&gt;
		&lt;td class="tabelatd2"&gt;11/10/2018&lt;/td&gt;
		&lt;td class="tabelatd2"&gt;110.00&lt;/td&gt;
		&lt;td class="tabelatd2"&gt;10/10/2018 00:00:00&lt;/td&gt;
		&lt;td class="tabelatd2"&gt;Fulano de Tal (652.392.539-00)&lt;/td&gt;
		&lt;td class="tabelatd2"&gt;1&lt;/td&gt;
		&lt;td class="tabelatd2"&gt;Patrimonial&lt;/td&gt;
	&lt;/tr&gt;
	&lt;tr&gt;
		&lt;td class="tabelatd1"&gt;183&lt;/td&gt;
		&lt;td class="tabelatd1"&gt;Tipo Cobranca&lt;/td&gt;
		&lt;td class="tabelatd1"&gt;11/10/2018&lt;/td&gt;
		&lt;td class="tabelatd1"&gt;110.00&lt;/td&gt;
		&lt;td class="tabelatd1"&gt;10/10/2018 00:00:00&lt;/td&gt;
		&lt;td class="tabelatd1"&gt;Fulano de Tal (652.392.539-00)&lt;/td&gt;
		&lt;td class="tabelatd1"&gt;1&lt;/td&gt;
		&lt;td class="tabelatd1"&gt;Patrimonial&lt;/td&gt;
	&lt;/tr&gt;
	&lt;tr&gt;
		&lt;td class="tabelatd2"&gt;184&lt;/td&gt;
		&lt;td class="tabelatd2"&gt;Tipo Cobranca&lt;/td&gt;
		&lt;td class="tabelatd2"&gt;11/10/2018&lt;/td&gt;
		&lt;td class="tabelatd2"&gt;110.00&lt;/td&gt;
		&lt;td class="tabelatd2"&gt;10/10/2018 00:00:00&lt;/td&gt;
		&lt;td class="tabelatd2"&gt;Fulano de Tal (652.392.539-00)&lt;/td&gt;
		&lt;td class="tabelatd2"&gt;1&lt;/td&gt;
		&lt;td class="tabelatd2"&gt;Patrimonial&lt;/td&gt;
	&lt;/tr&gt;
	&lt;tr&gt;
		&lt;td class="tabelatd1"&gt;185&lt;/td&gt;
		&lt;td class="tabelatd1"&gt;Tipo Cobranca&lt;/td&gt;
		&lt;td class="tabelatd1"&gt;11/10/2018&lt;/td&gt;
		&lt;td class="tabelatd1"&gt;110.00&lt;/td&gt;
		&lt;td class="tabelatd1"&gt;10/10/2018 00:00:00&lt;/td&gt;
		&lt;td class="tabelatd1"&gt;Fulano de Tal (652.392.539-00)&lt;/td&gt;
		&lt;td class="tabelatd1"&gt;1&lt;/td&gt;
		&lt;td class="tabelatd1"&gt;Patrimonial&lt;/td&gt;
	&lt;/tr&gt;
	&lt;tr&gt;
		&lt;td class="tabelatd2"&gt;197&lt;/td&gt;
		&lt;td class="tabelatd2"&gt;Tipo Cobranca&lt;/td&gt;
		&lt;td class="tabelatd2"&gt;11/10/2018&lt;/td&gt;
		&lt;td class="tabelatd2"&gt;110.00&lt;/td&gt;
		&lt;td class="tabelatd2"&gt;10/10/2018 00:00:00&lt;/td&gt;
		&lt;td class="tabelatd2"&gt;Fulano de Tal (652.392.539-00)&lt;/td&gt;
		&lt;td class="tabelatd2"&gt;1&lt;/td&gt;
		&lt;td class="tabelatd2"&gt;Patrimonial&lt;/td&gt;
	&lt;/tr&gt;
	&lt;tr&gt;
		&lt;td class="tabelatd1"&gt;200&lt;/td&gt;
		&lt;td class="tabelatd1"&gt;Tipo Cobranca&lt;/td&gt;
		&lt;td class="tabelatd1"&gt;11/10/2018&lt;/td&gt;
		&lt;td class="tabelatd1"&gt;110.00&lt;/td&gt;
		&lt;td class="tabelatd1"&gt;10/10/2018 00:00:00&lt;/td&gt;
		&lt;td class="tabelatd1"&gt;Fulano de Tal (652.392.539-00)&lt;/td&gt;
		&lt;td class="tabelatd1"&gt;1&lt;/td&gt;
		&lt;td class="tabelatd1"&gt;Patrimonial&lt;/td&gt;
	&lt;/tr&gt;
	&lt;tr&gt;
		&lt;td class="tabelatd2"&gt;201&lt;/td&gt;
		&lt;td class="tabelatd2"&gt;Tipo Cobranca&lt;/td&gt;
		&lt;td class="tabelatd2"&gt;11/10/2018&lt;/td&gt;
		&lt;td class="tabelatd2"&gt;110.00&lt;/td&gt;
		&lt;td class="tabelatd2"&gt;10/10/2018 00:00:00&lt;/td&gt;
		&lt;td class="tabelatd2"&gt;Fulano de Tal (652.392.539-00)&lt;/td&gt;
		&lt;td class="tabelatd2"&gt;1&lt;/td&gt;
		&lt;td class="tabelatd2"&gt;Patrimonial&lt;/td&gt;
	&lt;/tr&gt;
	&lt;tr&gt;
		&lt;td class="tabelatd1"&gt;202&lt;/td&gt;
		&lt;td class="tabelatd1"&gt;Tipo Cobranca&lt;/td&gt;
		&lt;td class="tabelatd1"&gt;11/10/2018&lt;/td&gt;
		&lt;td class="tabelatd1"&gt;110.00&lt;/td&gt;
		&lt;td class="tabelatd1"&gt;10/10/2018 00:00:00&lt;/td&gt;
		&lt;td class="tabelatd1"&gt;Fulano de Tal (652.392.539-00)&lt;/td&gt;
		&lt;td class="tabelatd1"&gt;1&lt;/td&gt;
		&lt;td class="tabelatd1"&gt;Patrimonial&lt;/td&gt;
	&lt;/tr&gt;
	&lt;tr&gt;
		&lt;td class="tabelatd2"&gt;203&lt;/td&gt;
		&lt;td class="tabelatd2"&gt;Tipo Cobranca&lt;/td&gt;
		&lt;td class="tabelatd2"&gt;11/10/2018&lt;/td&gt;
		&lt;td class="tabelatd2"&gt;110.00&lt;/td&gt;
		&lt;td class="tabelatd2"&gt;10/10/2018 00:00:00&lt;/td&gt;
		&lt;td class="tabelatd2"&gt;Fulano de Tal (652.392.539-00)&lt;/td&gt;
		&lt;td class="tabelatd2"&gt;1&lt;/td&gt;
		&lt;td class="tabelatd2"&gt;Patrimonial&lt;/td&gt;
	&lt;/tr&gt;
	&lt;tr&gt;
		&lt;td class="tabelatd1"&gt;204&lt;/td&gt;
		&lt;td class="tabelatd1"&gt;Tipo Cobranca&lt;/td&gt;
		&lt;td class="tabelatd1"&gt;11/10/2018&lt;/td&gt;
		&lt;td class="tabelatd1"&gt;110.00&lt;/td&gt;
		&lt;td class="tabelatd1"&gt;10/10/2018 00:00:00&lt;/td&gt;
		&lt;td class="tabelatd1"&gt;Fulano de Tal (652.392.539-00)&lt;/td&gt;
		&lt;td class="tabelatd1"&gt;1&lt;/td&gt;
		&lt;td class="tabelatd1"&gt;Patrimonial&lt;/td&gt;
	&lt;/tr&gt;
	&lt;tr&gt;
		&lt;td class="tabelatd2"&gt;205&lt;/td&gt;
		&lt;td class="tabelatd2"&gt;Tipo Cobranca&lt;/td&gt;
		&lt;td class="tabelatd2"&gt;11/10/2018&lt;/td&gt;
		&lt;td class="tabelatd2"&gt;110.00&lt;/td&gt;
		&lt;td class="tabelatd2"&gt;10/10/2018 00:00:00&lt;/td&gt;
		&lt;td class="tabelatd2"&gt;Fulano de Tal (652.392.539-00)&lt;/td&gt;
		&lt;td class="tabelatd2"&gt;1&lt;/td&gt;
		&lt;td class="tabelatd2"&gt;Patrimonial&lt;/td&gt;
	&lt;/tr&gt;
	&lt;tr&gt;
		&lt;td class="tabelatd1"&gt;217&lt;/td&gt;
		&lt;td class="tabelatd1"&gt;Tipo Cobranca&lt;/td&gt;
		&lt;td class="tabelatd1"&gt;11/10/2018&lt;/td&gt;
		&lt;td class="tabelatd1"&gt;110.00&lt;/td&gt;
		&lt;td class="tabelatd1"&gt;10/10/2018 00:00:00&lt;/td&gt;
		&lt;td class="tabelatd1"&gt;Fulano de Tal (652.392.539-00)&lt;/td&gt;
		&lt;td class="tabelatd1"&gt;1&lt;/td&gt;
		&lt;td class="tabelatd1"&gt;Patrimonial&lt;/td&gt;
	&lt;/tr&gt;
	&lt;tr&gt;
		&lt;td class="tabelatd2"&gt;220&lt;/td&gt;
		&lt;td class="tabelatd2"&gt;Tipo Cobranca&lt;/td&gt;
		&lt;td class="tabelatd2"&gt;11/10/2018&lt;/td&gt;
		&lt;td class="tabelatd2"&gt;110.00&lt;/td&gt;
		&lt;td class="tabelatd2"&gt;10/10/2018 00:00:00&lt;/td&gt;
		&lt;td class="tabelatd2"&gt;Fulano de Tal (652.392.539-00)&lt;/td&gt;
		&lt;td class="tabelatd2"&gt;1&lt;/td&gt;
		&lt;td class="tabelatd2"&gt;Patrimonial&lt;/td&gt;
	&lt;/tr&gt;
	&lt;tr&gt;
		&lt;td class="tabelatd1"&gt;221&lt;/td&gt;
		&lt;td class="tabelatd1"&gt;Tipo Cobranca&lt;/td&gt;
		&lt;td class="tabelatd1"&gt;11/10/2018&lt;/td&gt;
		&lt;td class="tabelatd1"&gt;110.00&lt;/td&gt;
		&lt;td class="tabelatd1"&gt;10/10/2018 00:00:00&lt;/td&gt;
		&lt;td class="tabelatd1"&gt;Fulano de Tal (652.392.539-00)&lt;/td&gt;
		&lt;td class="tabelatd1"&gt;1&lt;/td&gt;
		&lt;td class="tabelatd1"&gt;Patrimonial&lt;/td&gt;
	&lt;/tr&gt;
	&lt;tr&gt;
		&lt;td class="tabelatd2"&gt;222&lt;/td&gt;
		&lt;td class="tabelatd2"&gt;Tipo Cobranca&lt;/td&gt;
		&lt;td class="tabelatd2"&gt;11/10/2018&lt;/td&gt;
		&lt;td class="tabelatd2"&gt;110.00&lt;/td&gt;
		&lt;td class="tabelatd2"&gt;10/10/2018 00:00:00&lt;/td&gt;
		&lt;td class="tabelatd2"&gt;Fulano de Tal (652.392.539-00)&lt;/td&gt;
		&lt;td class="tabelatd2"&gt;1&lt;/td&gt;
		&lt;td class="tabelatd2"&gt;Patrimonial&lt;/td&gt;
	&lt;/tr&gt;
	&lt;tr&gt;
		&lt;td class="tabelatd1"&gt;223&lt;/td&gt;
		&lt;td class="tabelatd1"&gt;Tipo Cobranca&lt;/td&gt;
		&lt;td class="tabelatd1"&gt;11/10/2018&lt;/td&gt;
		&lt;td class="tabelatd1"&gt;110.00&lt;/td&gt;
		&lt;td class="tabelatd1"&gt;10/10/2018 00:00:00&lt;/td&gt;
		&lt;td class="tabelatd1"&gt;Fulano de Tal (652.392.539-00)&lt;/td&gt;
		&lt;td class="tabelatd1"&gt;1&lt;/td&gt;
		&lt;td class="tabelatd1"&gt;Patrimonial&lt;/td&gt;
	&lt;/tr&gt;
	&lt;tr&gt;
		&lt;td class="tabelatd2"&gt;224&lt;/td&gt;
		&lt;td class="tabelatd2"&gt;Tipo Cobranca&lt;/td&gt;
		&lt;td class="tabelatd2"&gt;11/10/2018&lt;/td&gt;
		&lt;td class="tabelatd2"&gt;110.00&lt;/td&gt;
		&lt;td class="tabelatd2"&gt;10/10/2018 00:00:00&lt;/td&gt;
		&lt;td class="tabelatd2"&gt;Fulano de Tal (652.392.539-00)&lt;/td&gt;
		&lt;td class="tabelatd2"&gt;1&lt;/td&gt;
		&lt;td class="tabelatd2"&gt;Patrimonial&lt;/td&gt;
	&lt;/tr&gt;
	&lt;tr&gt;
		&lt;td class="tabelatd1"&gt;225&lt;/td&gt;
		&lt;td class="tabelatd1"&gt;Tipo Cobranca&lt;/td&gt;
		&lt;td class="tabelatd1"&gt;11/10/2018&lt;/td&gt;
		&lt;td class="tabelatd1"&gt;110.00&lt;/td&gt;
		&lt;td class="tabelatd1"&gt;10/10/2018 00:00:00&lt;/td&gt;
		&lt;td class="tabelatd1"&gt;Fulano de Tal (652.392.539-00)&lt;/td&gt;
		&lt;td class="tabelatd1"&gt;1&lt;/td&gt;
		&lt;td class="tabelatd1"&gt;Patrimonial&lt;/td&gt;
	&lt;/tr&gt;
	&lt;tr&gt;
		&lt;td class="tabelatd2"&gt;241&lt;/td&gt;
		&lt;td class="tabelatd2"&gt;Tipo Cobranca&lt;/td&gt;
		&lt;td class="tabelatd2"&gt;11/10/2018&lt;/td&gt;
		&lt;td class="tabelatd2"&gt;110.00&lt;/td&gt;
		&lt;td class="tabelatd2"&gt;10/10/2018 00:00:00&lt;/td&gt;
		&lt;td class="tabelatd2"&gt;Fulano de Tal (652.392.539-00)&lt;/td&gt;
		&lt;td class="tabelatd2"&gt;1&lt;/td&gt;
		&lt;td class="tabelatd2"&gt;Patrimonial&lt;/td&gt;
	&lt;/tr&gt;
	&lt;tr&gt;
		&lt;td class="tabelatd1"&gt;244&lt;/td&gt;
		&lt;td class="tabelatd1"&gt;Tipo Cobranca&lt;/td&gt;
		&lt;td class="tabelatd1"&gt;11/10/2018&lt;/td&gt;
		&lt;td class="tabelatd1"&gt;110.00&lt;/td&gt;
		&lt;td class="tabelatd1"&gt;10/10/2018 00:00:00&lt;/td&gt;
		&lt;td class="tabelatd1"&gt;Fulano de Tal (652.392.539-00)&lt;/td&gt;
		&lt;td class="tabelatd1"&gt;1&lt;/td&gt;
		&lt;td class="tabelatd1"&gt;Patrimonial&lt;/td&gt;
	&lt;/tr&gt;
	&lt;tr&gt;
		&lt;td class="tabelatd2"&gt;245&lt;/td&gt;
		&lt;td class="tabelatd2"&gt;Tipo Cobranca&lt;/td&gt;
		&lt;td class="tabelatd2"&gt;11/10/2018&lt;/td&gt;
		&lt;td class="tabelatd2"&gt;110.00&lt;/td&gt;
		&lt;td class="tabelatd2"&gt;10/10/2018 00:00:00&lt;/td&gt;
		&lt;td class="tabelatd2"&gt;Fulano de Tal (652.392.539-00)&lt;/td&gt;
		&lt;td class="tabelatd2"&gt;1&lt;/td&gt;
		&lt;td class="tabelatd2"&gt;Patrimonial&lt;/td&gt;
	&lt;/tr&gt;
	&lt;tr&gt;
		&lt;td class="tabelatd1"&gt;246&lt;/td&gt;
		&lt;td class="tabelatd1"&gt;Tipo Cobranca&lt;/td&gt;
		&lt;td class="tabelatd1"&gt;11/10/2018&lt;/td&gt;
		&lt;td class="tabelatd1"&gt;110.00&lt;/td&gt;
		&lt;td class="tabelatd1"&gt;10/10/2018 00:00:00&lt;/td&gt;
		&lt;td class="tabelatd1"&gt;Fulano de Tal (652.392.539-00)&lt;/td&gt;
		&lt;td class="tabelatd1"&gt;1&lt;/td&gt;
		&lt;td class="tabelatd1"&gt;Patrimonial&lt;/td&gt;
	&lt;/tr&gt;
	&lt;tr&gt;
		&lt;td class="tabelatd2"&gt;247&lt;/td&gt;
		&lt;td class="tabelatd2"&gt;Tipo Cobranca&lt;/td&gt;
		&lt;td class="tabelatd2"&gt;11/10/2018&lt;/td&gt;
		&lt;td class="tabelatd2"&gt;110.00&lt;/td&gt;
		&lt;td class="tabelatd2"&gt;10/10/2018 00:00:00&lt;/td&gt;
		&lt;td class="tabelatd2"&gt;Fulano de Tal (652.392.539-00)&lt;/td&gt;
		&lt;td class="tabelatd2"&gt;1&lt;/td&gt;
		&lt;td class="tabelatd2"&gt;Patrimonial&lt;/td&gt;
	&lt;/tr&gt;
	&lt;tr&gt;
		&lt;td class="tabelatd1"&gt;248&lt;/td&gt;
		&lt;td class="tabelatd1"&gt;Tipo Cobranca&lt;/td&gt;
		&lt;td class="tabelatd1"&gt;11/10/2018&lt;/td&gt;
		&lt;td class="tabelatd1"&gt;110.00&lt;/td&gt;
		&lt;td class="tabelatd1"&gt;10/10/2018 00:00:00&lt;/td&gt;
		&lt;td class="tabelatd1"&gt;Fulano de Tal (652.392.539-00)&lt;/td&gt;
		&lt;td class="tabelatd1"&gt;1&lt;/td&gt;
		&lt;td class="tabelatd1"&gt;Patrimonial&lt;/td&gt;
	&lt;/tr&gt;
	&lt;tr&gt;
		&lt;td class="tabelatd2"&gt;249&lt;/td&gt;
		&lt;td class="tabelatd2"&gt;Tipo Cobranca&lt;/td&gt;
		&lt;td class="tabelatd2"&gt;11/10/2018&lt;/td&gt;
		&lt;td class="tabelatd2"&gt;110.00&lt;/td&gt;
		&lt;td class="tabelatd2"&gt;10/10/2018 00:00:00&lt;/td&gt;
		&lt;td class="tabelatd2"&gt;Fulano de Tal (652.392.539-00)&lt;/td&gt;
		&lt;td class="tabelatd2"&gt;1&lt;/td&gt;
		&lt;td class="tabelatd2"&gt;Patrimonial&lt;/td&gt;
	&lt;/tr&gt;
	&lt;tr&gt;
		&lt;td class="tabelatd1"&gt;250&lt;/td&gt;
		&lt;td class="tabelatd1"&gt;Tipo Cobranca&lt;/td&gt;
		&lt;td class="tabelatd1"&gt;11/10/2018&lt;/td&gt;
		&lt;td class="tabelatd1"&gt;110.00&lt;/td&gt;
		&lt;td class="tabelatd1"&gt;10/10/2018 00:00:00&lt;/td&gt;
		&lt;td class="tabelatd1"&gt;Fulano de Tal (652.392.539-00)&lt;/td&gt;
		&lt;td class="tabelatd1"&gt;1&lt;/td&gt;
		&lt;td class="tabelatd1"&gt;Patrimonial&lt;/td&gt;
	&lt;/tr&gt;
	&lt;tr&gt;
		&lt;td class="tabelatd2"&gt;265&lt;/td&gt;
		&lt;td class="tabelatd2"&gt;Tipo Cobranca&lt;/td&gt;
		&lt;td class="tabelatd2"&gt;11/10/2018&lt;/td&gt;
		&lt;td class="tabelatd2"&gt;110.00&lt;/td&gt;
		&lt;td class="tabelatd2"&gt;10/10/2018 00:00:00&lt;/td&gt;
		&lt;td class="tabelatd2"&gt;Fulano de Tal (652.392.539-00)&lt;/td&gt;
		&lt;td class="tabelatd2"&gt;1&lt;/td&gt;
		&lt;td class="tabelatd2"&gt;Patrimonial&lt;/td&gt;
	&lt;/tr&gt;
	&lt;tr&gt;
		&lt;td class="tabelatd1"&gt;268&lt;/td&gt;
		&lt;td class="tabelatd1"&gt;Tipo Cobranca&lt;/td&gt;
		&lt;td class="tabelatd1"&gt;11/10/2018&lt;/td&gt;
		&lt;td class="tabelatd1"&gt;110.00&lt;/td&gt;
		&lt;td class="tabelatd1"&gt;10/10/2018 00:00:00&lt;/td&gt;
		&lt;td class="tabelatd1"&gt;Fulano de Tal (652.392.539-00)&lt;/td&gt;
		&lt;td class="tabelatd1"&gt;1&lt;/td&gt;
		&lt;td class="tabelatd1"&gt;Patrimonial&lt;/td&gt;
	&lt;/tr&gt;
	&lt;tr&gt;
		&lt;td class="tabelatd2"&gt;269&lt;/td&gt;
		&lt;td class="tabelatd2"&gt;Tipo Cobranca&lt;/td&gt;
		&lt;td class="tabelatd2"&gt;11/10/2018&lt;/td&gt;
		&lt;td class="tabelatd2"&gt;110.00&lt;/td&gt;
		&lt;td class="tabelatd2"&gt;10/10/2018 00:00:00&lt;/td&gt;
		&lt;td class="tabelatd2"&gt;Fulano de Tal (652.392.539-00)&lt;/td&gt;
		&lt;td class="tabelatd2"&gt;1&lt;/td&gt;
		&lt;td class="tabelatd2"&gt;Patrimonial&lt;/td&gt;
	&lt;/tr&gt;
	&lt;tr&gt;
		&lt;td class="tabelatd1"&gt;270&lt;/td&gt;
		&lt;td class="tabelatd1"&gt;Tipo Cobranca&lt;/td&gt;
		&lt;td class="tabelatd1"&gt;11/10/2018&lt;/td&gt;
		&lt;td class="tabelatd1"&gt;110.00&lt;/td&gt;
		&lt;td class="tabelatd1"&gt;10/10/2018 00:00:00&lt;/td&gt;
		&lt;td class="tabelatd1"&gt;Fulano de Tal (652.392.539-00)&lt;/td&gt;
		&lt;td class="tabelatd1"&gt;1&lt;/td&gt;
		&lt;td class="tabelatd1"&gt;Patrimonial&lt;/td&gt;
	&lt;/tr&gt;
	&lt;tr&gt;
		&lt;td class="tabelatd2"&gt;271&lt;/td&gt;
		&lt;td class="tabelatd2"&gt;Tipo Cobranca&lt;/td&gt;
		&lt;td class="tabelatd2"&gt;11/10/2018&lt;/td&gt;
		&lt;td class="tabelatd2"&gt;110.00&lt;/td&gt;
		&lt;td class="tabelatd2"&gt;10/10/2018 00:00:00&lt;/td&gt;
		&lt;td class="tabelatd2"&gt;Fulano de Tal (652.392.539-00)&lt;/td&gt;
		&lt;td class="tabelatd2"&gt;1&lt;/td&gt;
		&lt;td class="tabelatd2"&gt;Patrimonial&lt;/td&gt;
	&lt;/tr&gt;
	&lt;tr&gt;
		&lt;td class="tabelatd1"&gt;272&lt;/td&gt;
		&lt;td class="tabelatd1"&gt;Tipo Cobranca&lt;/td&gt;
		&lt;td class="tabelatd1"&gt;11/10/2018&lt;/td&gt;
		&lt;td class="tabelatd1"&gt;110.00&lt;/td&gt;
		&lt;td class="tabelatd1"&gt;10/10/2018 00:00:00&lt;/td&gt;
		&lt;td class="tabelatd1"&gt;Fulano de Tal (652.392.539-00)&lt;/td&gt;
		&lt;td class="tabelatd1"&gt;1&lt;/td&gt;
		&lt;td class="tabelatd1"&gt;Patrimonial&lt;/td&gt;
	&lt;/tr&gt;
	&lt;tr&gt;
		&lt;td class="tabelatd2"&gt;273&lt;/td&gt;
		&lt;td class="tabelatd2"&gt;Tipo Cobranca&lt;/td&gt;
		&lt;td class="tabelatd2"&gt;11/10/2018&lt;/td&gt;
		&lt;td class="tabelatd2"&gt;110.00&lt;/td&gt;
		&lt;td class="tabelatd2"&gt;10/10/2018 00:00:00&lt;/td&gt;
		&lt;td class="tabelatd2"&gt;Fulano de Tal (652.392.539-00)&lt;/td&gt;
		&lt;td class="tabelatd2"&gt;1&lt;/td&gt;
		&lt;td class="tabelatd2"&gt;Patrimonial&lt;/td&gt;
	&lt;/tr&gt;
	&lt;tr&gt;
		&lt;td class="tabelatd1"&gt;274&lt;/td&gt;
		&lt;td class="tabelatd1"&gt;Tipo Cobranca&lt;/td&gt;
		&lt;td class="tabelatd1"&gt;11/10/2018&lt;/td&gt;
		&lt;td class="tabelatd1"&gt;110.00&lt;/td&gt;
		&lt;td class="tabelatd1"&gt;10/10/2018 00:00:00&lt;/td&gt;
		&lt;td class="tabelatd1"&gt;Fulano de Tal (652.392.539-00)&lt;/td&gt;
		&lt;td class="tabelatd1"&gt;1&lt;/td&gt;
		&lt;td class="tabelatd1"&gt;Patrimonial&lt;/td&gt;
	&lt;/tr&gt;
	&lt;tr&gt;
		&lt;td class="tabelatd2"&gt;275&lt;/td&gt;
		&lt;td class="tabelatd2"&gt;Tipo Cobranca&lt;/td&gt;
		&lt;td class="tabelatd2"&gt;11/10/2018&lt;/td&gt;
		&lt;td class="tabelatd2"&gt;110.00&lt;/td&gt;
		&lt;td class="tabelatd2"&gt;10/10/2018 00:00:00&lt;/td&gt;
		&lt;td class="tabelatd2"&gt;Fulano de Tal (652.392.539-00)&lt;/td&gt;
		&lt;td class="tabelatd2"&gt;1&lt;/td&gt;
		&lt;td class="tabelatd2"&gt;Patrimonial&lt;/td&gt;
	&lt;/tr&gt;
	&lt;tr&gt;
		&lt;td class="tabelatd1"&gt;291&lt;/td&gt;
		&lt;td class="tabelatd1"&gt;Tipo Cobranca&lt;/td&gt;
		&lt;td class="tabelatd1"&gt;11/10/2018&lt;/td&gt;
		&lt;td class="tabelatd1"&gt;110.00&lt;/td&gt;
		&lt;td class="tabelatd1"&gt;10/10/2018 00:00:00&lt;/td&gt;
		&lt;td class="tabelatd1"&gt;Fulano de Tal (652.392.539-00)&lt;/td&gt;
		&lt;td class="tabelatd1"&gt;1&lt;/td&gt;
		&lt;td class="tabelatd1"&gt;Patrimonial&lt;/td&gt;
	&lt;/tr&gt;
	&lt;tr&gt;
		&lt;td class="tabelatd2"&gt;294&lt;/td&gt;
		&lt;td class="tabelatd2"&gt;Tipo Cobranca&lt;/td&gt;
		&lt;td class="tabelatd2"&gt;11/10/2018&lt;/td&gt;
		&lt;td class="tabelatd2"&gt;110.00&lt;/td&gt;
		&lt;td class="tabelatd2"&gt;10/10/2018 00:00:00&lt;/td&gt;
		&lt;td class="tabelatd2"&gt;Fulano de Tal (652.392.539-00)&lt;/td&gt;
		&lt;td class="tabelatd2"&gt;1&lt;/td&gt;
		&lt;td class="tabelatd2"&gt;Patrimonial&lt;/td&gt;
	&lt;/tr&gt;
	&lt;tr&gt;
		&lt;td class="tabelatd1"&gt;295&lt;/td&gt;
		&lt;td class="tabelatd1"&gt;Tipo Cobranca&lt;/td&gt;
		&lt;td class="tabelatd1"&gt;11/10/2018&lt;/td&gt;
		&lt;td class="tabelatd1"&gt;110.00&lt;/td&gt;
		&lt;td class="tabelatd1"&gt;10/10/2018 00:00:00&lt;/td&gt;
		&lt;td class="tabelatd1"&gt;Fulano de Tal (652.392.539-00)&lt;/td&gt;
		&lt;td class="tabelatd1"&gt;1&lt;/td&gt;
		&lt;td class="tabelatd1"&gt;Patrimonial&lt;/td&gt;
	&lt;/tr&gt;
	&lt;tr&gt;
		&lt;td class="tabelatd2"&gt;296&lt;/td&gt;
		&lt;td class="tabelatd2"&gt;Tipo Cobranca&lt;/td&gt;
		&lt;td class="tabelatd2"&gt;11/10/2018&lt;/td&gt;
		&lt;td class="tabelatd2"&gt;110.00&lt;/td&gt;
		&lt;td class="tabelatd2"&gt;10/10/2018 00:00:00&lt;/td&gt;
		&lt;td class="tabelatd2"&gt;Fulano de Tal (652.392.539-00)&lt;/td&gt;
		&lt;td class="tabelatd2"&gt;1&lt;/td&gt;
		&lt;td class="tabelatd2"&gt;Patrimonial&lt;/td&gt;
	&lt;/tr&gt;
	&lt;tr&gt;
		&lt;td class="tabelatd1"&gt;297&lt;/td&gt;
		&lt;td class="tabelatd1"&gt;Tipo Cobranca&lt;/td&gt;
		&lt;td class="tabelatd1"&gt;11/10/2018&lt;/td&gt;
		&lt;td class="tabelatd1"&gt;110.00&lt;/td&gt;
		&lt;td class="tabelatd1"&gt;10/10/2018 00:00:00&lt;/td&gt;
		&lt;td class="tabelatd1"&gt;Fulano de Tal (652.392.539-00)&lt;/td&gt;
		&lt;td class="tabelatd1"&gt;1&lt;/td&gt;
		&lt;td class="tabelatd1"&gt;Patrimonial&lt;/td&gt;
	&lt;/tr&gt;
	&lt;tr&gt;
		&lt;td class="tabelatd2"&gt;298&lt;/td&gt;
		&lt;td class="tabelatd2"&gt;Tipo Cobranca&lt;/td&gt;
		&lt;td class="tabelatd2"&gt;11/10/2018&lt;/td&gt;
		&lt;td class="tabelatd2"&gt;110.00&lt;/td&gt;
		&lt;td class="tabelatd2"&gt;10/10/2018 00:00:00&lt;/td&gt;
		&lt;td class="tabelatd2"&gt;Fulano de Tal (652.392.539-00)&lt;/td&gt;
		&lt;td class="tabelatd2"&gt;1&lt;/td&gt;
		&lt;td class="tabelatd2"&gt;Patrimonial&lt;/td&gt;
	&lt;/tr&gt;
	&lt;tr&gt;
		&lt;td class="tabelatd1"&gt;299&lt;/td&gt;
		&lt;td class="tabelatd1"&gt;Tipo Cobranca&lt;/td&gt;
		&lt;td class="tabelatd1"&gt;11/10/2018&lt;/td&gt;
		&lt;td class="tabelatd1"&gt;110.00&lt;/td&gt;
		&lt;td class="tabelatd1"&gt;10/10/2018 00:00:00&lt;/td&gt;
		&lt;td class="tabelatd1"&gt;Fulano de Tal (652.392.539-00)&lt;/td&gt;
		&lt;td class="tabelatd1"&gt;1&lt;/td&gt;
		&lt;td class="tabelatd1"&gt;Patrimonial&lt;/td&gt;
	&lt;/tr&gt;
	&lt;tr&gt;
		&lt;td class="tabelatd2"&gt;300&lt;/td&gt;
		&lt;td class="tabelatd2"&gt;Tipo Cobranca&lt;/td&gt;
		&lt;td class="tabelatd2"&gt;11/10/2018&lt;/td&gt;
		&lt;td class="tabelatd2"&gt;110.00&lt;/td&gt;
		&lt;td class="tabelatd2"&gt;10/10/2018 00:00:00&lt;/td&gt;
		&lt;td class="tabelatd2"&gt;Fulano de Tal (652.392.539-00)&lt;/td&gt;
		&lt;td class="tabelatd2"&gt;1&lt;/td&gt;
		&lt;td class="tabelatd2"&gt;Patrimonial&lt;/td&gt;
	&lt;/tr&gt;
	&lt;tr&gt;
		&lt;td class="tabelatd1"&gt;301&lt;/td&gt;
		&lt;td class="tabelatd1"&gt;Tipo Cobranca&lt;/td&gt;
		&lt;td class="tabelatd1"&gt;11/10/2018&lt;/td&gt;
		&lt;td class="tabelatd1"&gt;110.00&lt;/td&gt;
		&lt;td class="tabelatd1"&gt;10/10/2018 00:00:00&lt;/td&gt;
		&lt;td class="tabelatd1"&gt;Fulano de Tal (652.392.539-00)&lt;/td&gt;
		&lt;td class="tabelatd1"&gt;1&lt;/td&gt;
		&lt;td class="tabelatd1"&gt;Patrimonial&lt;/td&gt;
	&lt;/tr&gt;
	&lt;tr&gt;
		&lt;td class="tabelatd2"&gt;302&lt;/td&gt;
		&lt;td class="tabelatd2"&gt;Tipo Cobranca&lt;/td&gt;
		&lt;td class="tabelatd2"&gt;11/10/2018&lt;/td&gt;
		&lt;td class="tabelatd2"&gt;110.00&lt;/td&gt;
		&lt;td class="tabelatd2"&gt;10/10/2018 00:00:00&lt;/td&gt;
		&lt;td class="tabelatd2"&gt;Fulano de Tal (652.392.539-00)&lt;/td&gt;
		&lt;td class="tabelatd2"&gt;1&lt;/td&gt;
		&lt;td class="tabelatd2"&gt;Patrimonial&lt;/td&gt;
	&lt;/tr&gt;
	&lt;tr&gt;
		&lt;td class="tabelatd1"&gt;319&lt;/td&gt;
		&lt;td class="tabelatd1"&gt;Tipo Cobranca&lt;/td&gt;
		&lt;td class="tabelatd1"&gt;11/10/2018&lt;/td&gt;
		&lt;td class="tabelatd1"&gt;110.00&lt;/td&gt;
		&lt;td class="tabelatd1"&gt;10/10/2018 00:00:00&lt;/td&gt;
		&lt;td class="tabelatd1"&gt;Fulano de Tal (652.392.539-00)&lt;/td&gt;
		&lt;td class="tabelatd1"&gt;1&lt;/td&gt;
		&lt;td class="tabelatd1"&gt;Patrimonial&lt;/td&gt;
	&lt;/tr&gt;
	&lt;tr&gt;
		&lt;td class="tabelatd2"&gt;322&lt;/td&gt;
		&lt;td class="tabelatd2"&gt;Tipo Cobranca&lt;/td&gt;
		&lt;td class="tabelatd2"&gt;11/10/2018&lt;/td&gt;
		&lt;td class="tabelatd2"&gt;110.00&lt;/td&gt;
		&lt;td class="tabelatd2"&gt;10/10/2018 00:00:00&lt;/td&gt;
		&lt;td class="tabelatd2"&gt;Fulano de Tal (652.392.539-00)&lt;/td&gt;
		&lt;td class="tabelatd2"&gt;1&lt;/td&gt;
		&lt;td class="tabelatd2"&gt;Patrimonial&lt;/td&gt;
	&lt;/tr&gt;
	&lt;tr&gt;
		&lt;td class="tabelatd1"&gt;323&lt;/td&gt;
		&lt;td class="tabelatd1"&gt;Tipo Cobranca&lt;/td&gt;
		&lt;td class="tabelatd1"&gt;11/10/2018&lt;/td&gt;
		&lt;td class="tabelatd1"&gt;110.00&lt;/td&gt;
		&lt;td class="tabelatd1"&gt;10/10/2018 00:00:00&lt;/td&gt;
		&lt;td class="tabelatd1"&gt;Fulano de Tal (652.392.539-00)&lt;/td&gt;
		&lt;td class="tabelatd1"&gt;1&lt;/td&gt;
		&lt;td class="tabelatd1"&gt;Patrimonial&lt;/td&gt;
	&lt;/tr&gt;
	&lt;tr&gt;
		&lt;td class="tabelatd2"&gt;324&lt;/td&gt;
		&lt;td class="tabelatd2"&gt;Tipo Cobranca&lt;/td&gt;
		&lt;td class="tabelatd2"&gt;11/10/2018&lt;/td&gt;
		&lt;td class="tabelatd2"&gt;110.00&lt;/td&gt;
		&lt;td class="tabelatd2"&gt;10/10/2018 00:00:00&lt;/td&gt;
		&lt;td class="tabelatd2"&gt;Fulano de Tal (652.392.539-00)&lt;/td&gt;
		&lt;td class="tabelatd2"&gt;1&lt;/td&gt;
		&lt;td class="tabelatd2"&gt;Patrimonial&lt;/td&gt;
	&lt;/tr&gt;
	&lt;tr&gt;
		&lt;td class="tabelatd1"&gt;325&lt;/td&gt;
		&lt;td class="tabelatd1"&gt;Tipo Cobranca&lt;/td&gt;
		&lt;td class="tabelatd1"&gt;11/10/2018&lt;/td&gt;
		&lt;td class="tabelatd1"&gt;110.00&lt;/td&gt;
		&lt;td class="tabelatd1"&gt;10/10/2018 00:00:00&lt;/td&gt;
		&lt;td class="tabelatd1"&gt;Fulano de Tal (652.392.539-00)&lt;/td&gt;
		&lt;td class="tabelatd1"&gt;1&lt;/td&gt;
		&lt;td class="tabelatd1"&gt;Patrimonial&lt;/td&gt;
	&lt;/tr&gt;
	&lt;tr&gt;
		&lt;td class="tabelatd2"&gt;326&lt;/td&gt;
		&lt;td class="tabelatd2"&gt;Tipo Cobranca&lt;/td&gt;
		&lt;td class="tabelatd2"&gt;11/10/2018&lt;/td&gt;
		&lt;td class="tabelatd2"&gt;110.00&lt;/td&gt;
		&lt;td class="tabelatd2"&gt;10/10/2018 00:00:00&lt;/td&gt;
		&lt;td class="tabelatd2"&gt;Fulano de Tal (652.392.539-00)&lt;/td&gt;
		&lt;td class="tabelatd2"&gt;1&lt;/td&gt;
		&lt;td class="tabelatd2"&gt;Patrimonial&lt;/td&gt;
	&lt;/tr&gt;
	&lt;tr&gt;
		&lt;td class="tabelatd1"&gt;327&lt;/td&gt;
		&lt;td class="tabelatd1"&gt;Tipo Cobranca&lt;/td&gt;
		&lt;td class="tabelatd1"&gt;11/10/2018&lt;/td&gt;
		&lt;td class="tabelatd1"&gt;110.00&lt;/td&gt;
		&lt;td class="tabelatd1"&gt;10/10/2018 00:00:00&lt;/td&gt;
		&lt;td class="tabelatd1"&gt;Fulano de Tal (652.392.539-00)&lt;/td&gt;
		&lt;td class="tabelatd1"&gt;1&lt;/td&gt;
		&lt;td class="tabelatd1"&gt;Patrimonial&lt;/td&gt;
	&lt;/tr&gt;
	&lt;tr&gt;
		&lt;td class="tabelatd2"&gt;328&lt;/td&gt;
		&lt;td class="tabelatd2"&gt;Tipo Cobranca&lt;/td&gt;
		&lt;td class="tabelatd2"&gt;11/10/2018&lt;/td&gt;
		&lt;td class="tabelatd2"&gt;110.00&lt;/td&gt;
		&lt;td class="tabelatd2"&gt;10/10/2018 00:00:00&lt;/td&gt;
		&lt;td class="tabelatd2"&gt;Fulano de Tal (652.392.539-00)&lt;/td&gt;
		&lt;td class="tabelatd2"&gt;1&lt;/td&gt;
		&lt;td class="tabelatd2"&gt;Patrimonial&lt;/td&gt;
	&lt;/tr&gt;
	&lt;tr&gt;
		&lt;td class="tabelatd1"&gt;329&lt;/td&gt;
		&lt;td class="tabelatd1"&gt;Tipo Cobranca&lt;/td&gt;
		&lt;td class="tabelatd1"&gt;11/10/2018&lt;/td&gt;
		&lt;td class="tabelatd1"&gt;110.00&lt;/td&gt;
		&lt;td class="tabelatd1"&gt;10/10/2018 00:00:00&lt;/td&gt;
		&lt;td class="tabelatd1"&gt;Fulano de Tal (652.392.539-00)&lt;/td&gt;
		&lt;td class="tabelatd1"&gt;1&lt;/td&gt;
		&lt;td class="tabelatd1"&gt;Patrimonial&lt;/td&gt;
	&lt;/tr&gt;
	&lt;tr&gt;
		&lt;td class="tabelatd2"&gt;330&lt;/td&gt;
		&lt;td class="tabelatd2"&gt;Tipo Cobranca&lt;/td&gt;
		&lt;td class="tabelatd2"&gt;11/10/2018&lt;/td&gt;
		&lt;td class="tabelatd2"&gt;110.00&lt;/td&gt;
		&lt;td class="tabelatd2"&gt;10/10/2018 00:00:00&lt;/td&gt;
		&lt;td class="tabelatd2"&gt;Fulano de Tal (652.392.539-00)&lt;/td&gt;
		&lt;td class="tabelatd2"&gt;1&lt;/td&gt;
		&lt;td class="tabelatd2"&gt;Patrimonial&lt;/td&gt;
	&lt;/tr&gt;
	&lt;tr&gt;
		&lt;td class="tabelatd1"&gt;331&lt;/td&gt;
		&lt;td class="tabelatd1"&gt;Tipo Cobranca&lt;/td&gt;
		&lt;td class="tabelatd1"&gt;11/10/2018&lt;/td&gt;
		&lt;td class="tabelatd1"&gt;110.00&lt;/td&gt;
		&lt;td class="tabelatd1"&gt;10/10/2018 00:00:00&lt;/td&gt;
		&lt;td class="tabelatd1"&gt;Fulano de Tal (652.392.539-00)&lt;/td&gt;
		&lt;td class="tabelatd1"&gt;1&lt;/td&gt;
		&lt;td class="tabelatd1"&gt;Patrimonial&lt;/td&gt;
	&lt;/tr&gt;
	&lt;tr&gt;
		&lt;td class="tabelatd2"&gt;349&lt;/td&gt;
		&lt;td class="tabelatd2"&gt;Tipo Cobranca&lt;/td&gt;
		&lt;td class="tabelatd2"&gt;11/10/2018&lt;/td&gt;
		&lt;td class="tabelatd2"&gt;110.00&lt;/td&gt;
		&lt;td class="tabelatd2"&gt;10/10/2018 00:00:00&lt;/td&gt;
		&lt;td class="tabelatd2"&gt;Fulano de Tal (652.392.539-00)&lt;/td&gt;
		&lt;td class="tabelatd2"&gt;1&lt;/td&gt;
		&lt;td class="tabelatd2"&gt;Patrimonial&lt;/td&gt;
	&lt;/tr&gt;
	&lt;tr&gt;
		&lt;td class="tabelatd1"&gt;352&lt;/td&gt;
		&lt;td class="tabelatd1"&gt;Tipo Cobranca&lt;/td&gt;
		&lt;td class="tabelatd1"&gt;11/10/2018&lt;/td&gt;
		&lt;td class="tabelatd1"&gt;110.00&lt;/td&gt;
		&lt;td class="tabelatd1"&gt;10/10/2018 00:00:00&lt;/td&gt;
		&lt;td class="tabelatd1"&gt;Fulano de Tal (652.392.539-00)&lt;/td&gt;
		&lt;td class="tabelatd1"&gt;1&lt;/td&gt;
		&lt;td class="tabelatd1"&gt;Patrimonial&lt;/td&gt;
	&lt;/tr&gt;
	&lt;tr&gt;
		&lt;td class="tabelatd2"&gt;353&lt;/td&gt;
		&lt;td class="tabelatd2"&gt;Tipo Cobranca&lt;/td&gt;
		&lt;td class="tabelatd2"&gt;11/10/2018&lt;/td&gt;
		&lt;td class="tabelatd2"&gt;110.00&lt;/td&gt;
		&lt;td class="tabelatd2"&gt;10/10/2018 00:00:00&lt;/td&gt;
		&lt;td class="tabelatd2"&gt;Fulano de Tal (652.392.539-00)&lt;/td&gt;
		&lt;td class="tabelatd2"&gt;1&lt;/td&gt;
		&lt;td class="tabelatd2"&gt;Patrimonial&lt;/td&gt;
	&lt;/tr&gt;
	&lt;tr&gt;
		&lt;td class="tabelatd1"&gt;354&lt;/td&gt;
		&lt;td class="tabelatd1"&gt;Tipo Cobranca&lt;/td&gt;
		&lt;td class="tabelatd1"&gt;11/10/2018&lt;/td&gt;
		&lt;td class="tabelatd1"&gt;110.00&lt;/td&gt;
		&lt;td class="tabelatd1"&gt;10/10/2018 00:00:00&lt;/td&gt;
		&lt;td class="tabelatd1"&gt;Fulano de Tal (652.392.539-00)&lt;/td&gt;
		&lt;td class="tabelatd1"&gt;1&lt;/td&gt;
		&lt;td class="tabelatd1"&gt;Patrimonial&lt;/td&gt;
	&lt;/tr&gt;
	&lt;tr&gt;
		&lt;td class="tabelatd2"&gt;355&lt;/td&gt;
		&lt;td class="tabelatd2"&gt;Tipo Cobranca&lt;/td&gt;
		&lt;td class="tabelatd2"&gt;11/10/2018&lt;/td&gt;
		&lt;td class="tabelatd2"&gt;110.00&lt;/td&gt;
		&lt;td class="tabelatd2"&gt;10/10/2018 00:00:00&lt;/td&gt;
		&lt;td class="tabelatd2"&gt;Fulano de Tal (652.392.539-00)&lt;/td&gt;
		&lt;td class="tabelatd2"&gt;1&lt;/td&gt;
		&lt;td class="tabelatd2"&gt;Patrimonial&lt;/td&gt;
	&lt;/tr&gt;
	&lt;tr&gt;
		&lt;td class="tabelatd1"&gt;356&lt;/td&gt;
		&lt;td class="tabelatd1"&gt;Tipo Cobranca&lt;/td&gt;
		&lt;td class="tabelatd1"&gt;11/10/2018&lt;/td&gt;
		&lt;td class="tabelatd1"&gt;110.00&lt;/td&gt;
		&lt;td class="tabelatd1"&gt;10/10/2018 00:00:00&lt;/td&gt;
		&lt;td class="tabelatd1"&gt;Fulano de Tal (652.392.539-00)&lt;/td&gt;
		&lt;td class="tabelatd1"&gt;1&lt;/td&gt;
		&lt;td class="tabelatd1"&gt;Patrimonial&lt;/td&gt;
	&lt;/tr&gt;
	&lt;tr&gt;
		&lt;td class="tabelatd2"&gt;32&lt;/td&gt;
		&lt;td class="tabelatd2"&gt;Tipo Cobranca&lt;/td&gt;
		&lt;td class="tabelatd2"&gt;11/10/2018&lt;/td&gt;
		&lt;td class="tabelatd2"&gt;110.00&lt;/td&gt;
		&lt;td class="tabelatd2"&gt;10/10/2018 00:00:00&lt;/td&gt;
		&lt;td class="tabelatd2"&gt;Cicrano de Tal (222.222.222-22)&lt;/td&gt;
		&lt;td class="tabelatd2"&gt;23F&lt;/td&gt;
		&lt;td class="tabelatd2"&gt;Patrimonial&lt;/td&gt;
	&lt;/tr&gt;
	&lt;tr&gt;
		&lt;td class="tabelatd1"&gt;39&lt;/td&gt;
		&lt;td class="tabelatd1"&gt;Tipo Cobranca&lt;/td&gt;
		&lt;td class="tabelatd1"&gt;11/10/2018&lt;/td&gt;
		&lt;td class="tabelatd1"&gt;110.00&lt;/td&gt;
		&lt;td class="tabelatd1"&gt;10/10/2018 00:00:00&lt;/td&gt;
		&lt;td class="tabelatd1"&gt;Cicrano de Tal (222.222.222-22)&lt;/td&gt;
		&lt;td class="tabelatd1"&gt;23F&lt;/td&gt;
		&lt;td class="tabelatd1"&gt;Patrimonial&lt;/td&gt;
	&lt;/tr&gt;
	&lt;tr&gt;
		&lt;td class="tabelatd2"&gt;48&lt;/td&gt;
		&lt;td class="tabelatd2"&gt;Tipo Cobranca&lt;/td&gt;
		&lt;td class="tabelatd2"&gt;11/10/2018&lt;/td&gt;
		&lt;td class="tabelatd2"&gt;110.00&lt;/td&gt;
		&lt;td class="tabelatd2"&gt;10/10/2018 00:00:00&lt;/td&gt;
		&lt;td class="tabelatd2"&gt;Cicrano de Tal (222.222.222-22)&lt;/td&gt;
		&lt;td class="tabelatd2"&gt;23F&lt;/td&gt;
		&lt;td class="tabelatd2"&gt;Patrimonial&lt;/td&gt;
	&lt;/tr&gt;
	&lt;tr&gt;
		&lt;td class="tabelatd1"&gt;60&lt;/td&gt;
		&lt;td class="tabelatd1"&gt;Tipo Cobranca&lt;/td&gt;
		&lt;td class="tabelatd1"&gt;11/10/2018&lt;/td&gt;
		&lt;td class="tabelatd1"&gt;110.00&lt;/td&gt;
		&lt;td class="tabelatd1"&gt;10/10/2018 00:00:00&lt;/td&gt;
		&lt;td class="tabelatd1"&gt;Cicrano de Tal (222.222.222-22)&lt;/td&gt;
		&lt;td class="tabelatd1"&gt;23F&lt;/td&gt;
		&lt;td class="tabelatd1"&gt;Patrimonial&lt;/td&gt;
	&lt;/tr&gt;
	&lt;tr&gt;
		&lt;td class="tabelatd2"&gt;74&lt;/td&gt;
		&lt;td class="tabelatd2"&gt;Tipo Cobranca&lt;/td&gt;
		&lt;td class="tabelatd2"&gt;11/10/2018&lt;/td&gt;
		&lt;td class="tabelatd2"&gt;110.00&lt;/td&gt;
		&lt;td class="tabelatd2"&gt;10/10/2018 00:00:00&lt;/td&gt;
		&lt;td class="tabelatd2"&gt;Cicrano de Tal (222.222.222-22)&lt;/td&gt;
		&lt;td class="tabelatd2"&gt;23F&lt;/td&gt;
		&lt;td class="tabelatd2"&gt;Patrimonial&lt;/td&gt;
	&lt;/tr&gt;
	&lt;tr&gt;
		&lt;td class="tabelatd1"&gt;90&lt;/td&gt;
		&lt;td class="tabelatd1"&gt;Tipo Cobranca&lt;/td&gt;
		&lt;td class="tabelatd1"&gt;11/10/2018&lt;/td&gt;
		&lt;td class="tabelatd1"&gt;110.00&lt;/td&gt;
		&lt;td class="tabelatd1"&gt;10/10/2018 00:00:00&lt;/td&gt;
		&lt;td class="tabelatd1"&gt;Cicrano de Tal (222.222.222-22)&lt;/td&gt;
		&lt;td class="tabelatd1"&gt;23F&lt;/td&gt;
		&lt;td class="tabelatd1"&gt;Patrimonial&lt;/td&gt;
	&lt;/tr&gt;
	&lt;tr&gt;
		&lt;td class="tabelatd2"&gt;106&lt;/td&gt;
		&lt;td class="tabelatd2"&gt;Tipo Cobranca&lt;/td&gt;
		&lt;td class="tabelatd2"&gt;11/10/2018&lt;/td&gt;
		&lt;td class="tabelatd2"&gt;110.00&lt;/td&gt;
		&lt;td class="tabelatd2"&gt;10/10/2018 00:00:00&lt;/td&gt;
		&lt;td class="tabelatd2"&gt;Cicrano de Tal (222.222.222-22)&lt;/td&gt;
		&lt;td class="tabelatd2"&gt;23F&lt;/td&gt;
		&lt;td class="tabelatd2"&gt;Patrimonial&lt;/td&gt;
	&lt;/tr&gt;
	&lt;tr&gt;
		&lt;td class="tabelatd1"&gt;134&lt;/td&gt;
		&lt;td class="tabelatd1"&gt;Tipo Cobranca&lt;/td&gt;
		&lt;td class="tabelatd1"&gt;11/10/2018&lt;/td&gt;
		&lt;td class="tabelatd1"&gt;110.00&lt;/td&gt;
		&lt;td class="tabelatd1"&gt;10/10/2018 00:00:00&lt;/td&gt;
		&lt;td class="tabelatd1"&gt;Cicrano de Tal (222.222.222-22)&lt;/td&gt;
		&lt;td class="tabelatd1"&gt;23F&lt;/td&gt;
		&lt;td class="tabelatd1"&gt;Patrimonial&lt;/td&gt;
	&lt;/tr&gt;
	&lt;tr&gt;
		&lt;td class="tabelatd2"&gt;159&lt;/td&gt;
		&lt;td class="tabelatd2"&gt;Tipo Cobranca&lt;/td&gt;
		&lt;td class="tabelatd2"&gt;11/10/2018&lt;/td&gt;
		&lt;td class="tabelatd2"&gt;110.00&lt;/td&gt;
		&lt;td class="tabelatd2"&gt;10/10/2018 00:00:00&lt;/td&gt;
		&lt;td class="tabelatd2"&gt;Cicrano de Tal (222.222.222-22)&lt;/td&gt;
		&lt;td class="tabelatd2"&gt;23F&lt;/td&gt;
		&lt;td class="tabelatd2"&gt;Patrimonial&lt;/td&gt;
	&lt;/tr&gt;
	&lt;tr&gt;
		&lt;td class="tabelatd1"&gt;179&lt;/td&gt;
		&lt;td class="tabelatd1"&gt;Tipo Cobranca&lt;/td&gt;
		&lt;td class="tabelatd1"&gt;11/10/2018&lt;/td&gt;
		&lt;td class="tabelatd1"&gt;110.00&lt;/td&gt;
		&lt;td class="tabelatd1"&gt;10/10/2018 00:00:00&lt;/td&gt;
		&lt;td class="tabelatd1"&gt;Cicrano de Tal (222.222.222-22)&lt;/td&gt;
		&lt;td class="tabelatd1"&gt;23F&lt;/td&gt;
		&lt;td class="tabelatd1"&gt;Patrimonial&lt;/td&gt;
	&lt;/tr&gt;
	&lt;tr&gt;
		&lt;td class="tabelatd2"&gt;199&lt;/td&gt;
		&lt;td class="tabelatd2"&gt;Tipo Cobranca&lt;/td&gt;
		&lt;td class="tabelatd2"&gt;11/10/2018&lt;/td&gt;
		&lt;td class="tabelatd2"&gt;110.00&lt;/td&gt;
		&lt;td class="tabelatd2"&gt;10/10/2018 00:00:00&lt;/td&gt;
		&lt;td class="tabelatd2"&gt;Cicrano de Tal (222.222.222-22)&lt;/td&gt;
		&lt;td class="tabelatd2"&gt;23F&lt;/td&gt;
		&lt;td class="tabelatd2"&gt;Patrimonial&lt;/td&gt;
	&lt;/tr&gt;
	&lt;tr&gt;
		&lt;td class="tabelatd1"&gt;219&lt;/td&gt;
		&lt;td class="tabelatd1"&gt;Tipo Cobranca&lt;/td&gt;
		&lt;td class="tabelatd1"&gt;11/10/2018&lt;/td&gt;
		&lt;td class="tabelatd1"&gt;110.00&lt;/td&gt;
		&lt;td class="tabelatd1"&gt;10/10/2018 00:00:00&lt;/td&gt;
		&lt;td class="tabelatd1"&gt;Cicrano de Tal (222.222.222-22)&lt;/td&gt;
		&lt;td class="tabelatd1"&gt;23F&lt;/td&gt;
		&lt;td class="tabelatd1"&gt;Patrimonial&lt;/td&gt;
	&lt;/tr&gt;
	&lt;tr&gt;
		&lt;td class="tabelatd2"&gt;243&lt;/td&gt;
		&lt;td class="tabelatd2"&gt;Tipo Cobranca&lt;/td&gt;
		&lt;td class="tabelatd2"&gt;11/10/2018&lt;/td&gt;
		&lt;td class="tabelatd2"&gt;110.00&lt;/td&gt;
		&lt;td class="tabelatd2"&gt;10/10/2018 00:00:00&lt;/td&gt;
		&lt;td class="tabelatd2"&gt;Cicrano de Tal (222.222.222-22)&lt;/td&gt;
		&lt;td class="tabelatd2"&gt;23F&lt;/td&gt;
		&lt;td class="tabelatd2"&gt;Patrimonial&lt;/td&gt;
	&lt;/tr&gt;
	&lt;tr&gt;
		&lt;td class="tabelatd1"&gt;267&lt;/td&gt;
		&lt;td class="tabelatd1"&gt;Tipo Cobranca&lt;/td&gt;
		&lt;td class="tabelatd1"&gt;11/10/2018&lt;/td&gt;
		&lt;td class="tabelatd1"&gt;110.00&lt;/td&gt;
		&lt;td class="tabelatd1"&gt;10/10/2018 00:00:00&lt;/td&gt;
		&lt;td class="tabelatd1"&gt;Cicrano de Tal (222.222.222-22)&lt;/td&gt;
		&lt;td class="tabelatd1"&gt;23F&lt;/td&gt;
		&lt;td class="tabelatd1"&gt;Patrimonial&lt;/td&gt;
	&lt;/tr&gt;
	&lt;tr&gt;
		&lt;td class="tabelatd2"&gt;293&lt;/td&gt;
		&lt;td class="tabelatd2"&gt;Tipo Cobranca&lt;/td&gt;
		&lt;td class="tabelatd2"&gt;11/10/2018&lt;/td&gt;
		&lt;td class="tabelatd2"&gt;110.00&lt;/td&gt;
		&lt;td class="tabelatd2"&gt;10/10/2018 00:00:00&lt;/td&gt;
		&lt;td class="tabelatd2"&gt;Cicrano de Tal (222.222.222-22)&lt;/td&gt;
		&lt;td class="tabelatd2"&gt;23F&lt;/td&gt;
		&lt;td class="tabelatd2"&gt;Patrimonial&lt;/td&gt;
	&lt;/tr&gt;
	&lt;tr&gt;
		&lt;td class="tabelatd1"&gt;321&lt;/td&gt;
		&lt;td class="tabelatd1"&gt;Tipo Cobranca&lt;/td&gt;
		&lt;td class="tabelatd1"&gt;11/10/2018&lt;/td&gt;
		&lt;td class="tabelatd1"&gt;110.00&lt;/td&gt;
		&lt;td class="tabelatd1"&gt;10/10/2018 00:00:00&lt;/td&gt;
		&lt;td class="tabelatd1"&gt;Cicrano de Tal (222.222.222-22)&lt;/td&gt;
		&lt;td class="tabelatd1"&gt;23F&lt;/td&gt;
		&lt;td class="tabelatd1"&gt;Patrimonial&lt;/td&gt;
	&lt;/tr&gt;
	&lt;tr&gt;
		&lt;td class="tabelatd2"&gt;351&lt;/td&gt;
		&lt;td class="tabelatd2"&gt;Tipo Cobranca&lt;/td&gt;
		&lt;td class="tabelatd2"&gt;11/10/2018&lt;/td&gt;
		&lt;td class="tabelatd2"&gt;110.00&lt;/td&gt;
		&lt;td class="tabelatd2"&gt;10/10/2018 00:00:00&lt;/td&gt;
		&lt;td class="tabelatd2"&gt;Cicrano de Tal (222.222.222-22)&lt;/td&gt;
		&lt;td class="tabelatd2"&gt;23F&lt;/td&gt;
		&lt;td class="tabelatd2"&gt;Patrimonial&lt;/td&gt;
	&lt;/tr&gt;
	&lt;tr&gt;
		&lt;td class="tabelatd1"&gt;31&lt;/td&gt;
		&lt;td class="tabelatd1"&gt;Tipo Cobranca&lt;/td&gt;
		&lt;td class="tabelatd1"&gt;11/10/2018&lt;/td&gt;
		&lt;td class="tabelatd1"&gt;110.00&lt;/td&gt;
		&lt;td class="tabelatd1"&gt;10/10/2018 00:00:00&lt;/td&gt;
		&lt;td class="tabelatd1"&gt;Beltrano da Silva (333.333.333-33)&lt;/td&gt;
		&lt;td class="tabelatd1"&gt;0F&lt;/td&gt;
		&lt;td class="tabelatd1"&gt;Patrimonial&lt;/td&gt;
	&lt;/tr&gt;
	&lt;tr&gt;
		&lt;td class="tabelatd2"&gt;38&lt;/td&gt;
		&lt;td class="tabelatd2"&gt;Tipo Cobranca&lt;/td&gt;
		&lt;td class="tabelatd2"&gt;11/10/2018&lt;/td&gt;
		&lt;td class="tabelatd2"&gt;110.00&lt;/td&gt;
		&lt;td class="tabelatd2"&gt;10/10/2018 00:00:00&lt;/td&gt;
		&lt;td class="tabelatd2"&gt;Beltrano da Silva (333.333.333-33)&lt;/td&gt;
		&lt;td class="tabelatd2"&gt;0F&lt;/td&gt;
		&lt;td class="tabelatd2"&gt;Patrimonial&lt;/td&gt;
	&lt;/tr&gt;
	&lt;tr&gt;
		&lt;td class="tabelatd1"&gt;47&lt;/td&gt;
		&lt;td class="tabelatd1"&gt;Tipo Cobranca&lt;/td&gt;
		&lt;td class="tabelatd1"&gt;11/10/2018&lt;/td&gt;
		&lt;td class="tabelatd1"&gt;110.00&lt;/td&gt;
		&lt;td class="tabelatd1"&gt;10/10/2018 00:00:00&lt;/td&gt;
		&lt;td class="tabelatd1"&gt;Beltrano da Silva (333.333.333-33)&lt;/td&gt;
		&lt;td class="tabelatd1"&gt;0F&lt;/td&gt;
		&lt;td class="tabelatd1"&gt;Patrimonial&lt;/td&gt;
	&lt;/tr&gt;
	&lt;tr&gt;
		&lt;td class="tabelatd2"&gt;59&lt;/td&gt;
		&lt;td class="tabelatd2"&gt;Tipo Cobranca&lt;/td&gt;
		&lt;td class="tabelatd2"&gt;11/10/2018&lt;/td&gt;
		&lt;td class="tabelatd2"&gt;110.00&lt;/td&gt;
		&lt;td class="tabelatd2"&gt;10/10/2018 00:00:00&lt;/td&gt;
		&lt;td class="tabelatd2"&gt;Beltrano da Silva (333.333.333-33)&lt;/td&gt;
		&lt;td class="tabelatd2"&gt;0F&lt;/td&gt;
		&lt;td class="tabelatd2"&gt;Patrimonial&lt;/td&gt;
	&lt;/tr&gt;
	&lt;tr&gt;
		&lt;td class="tabelatd1"&gt;73&lt;/td&gt;
		&lt;td class="tabelatd1"&gt;Tipo Cobranca&lt;/td&gt;
		&lt;td class="tabelatd1"&gt;11/10/2018&lt;/td&gt;
		&lt;td class="tabelatd1"&gt;110.00&lt;/td&gt;
		&lt;td class="tabelatd1"&gt;10/10/2018 00:00:00&lt;/td&gt;
		&lt;td class="tabelatd1"&gt;Beltrano da Silva (333.333.333-33)&lt;/td&gt;
		&lt;td class="tabelatd1"&gt;0F&lt;/td&gt;
		&lt;td class="tabelatd1"&gt;Patrimonial&lt;/td&gt;
	&lt;/tr&gt;
	&lt;tr&gt;
		&lt;td class="tabelatd2"&gt;89&lt;/td&gt;
		&lt;td class="tabelatd2"&gt;Tipo Cobranca&lt;/td&gt;
		&lt;td class="tabelatd2"&gt;11/10/2018&lt;/td&gt;
		&lt;td class="tabelatd2"&gt;110.00&lt;/td&gt;
		&lt;td class="tabelatd2"&gt;10/10/2018 00:00:00&lt;/td&gt;
		&lt;td class="tabelatd2"&gt;Beltrano da Silva (333.333.333-33)&lt;/td&gt;
		&lt;td class="tabelatd2"&gt;0F&lt;/td&gt;
		&lt;td class="tabelatd2"&gt;Patrimonial&lt;/td&gt;
	&lt;/tr&gt;
	&lt;tr&gt;
		&lt;td class="tabelatd1"&gt;105&lt;/td&gt;
		&lt;td class="tabelatd1"&gt;Tipo Cobranca&lt;/td&gt;
		&lt;td class="tabelatd1"&gt;11/10/2018&lt;/td&gt;
		&lt;td class="tabelatd1"&gt;110.00&lt;/td&gt;
		&lt;td class="tabelatd1"&gt;10/10/2018 00:00:00&lt;/td&gt;
		&lt;td class="tabelatd1"&gt;Beltrano da Silva (333.333.333-33)&lt;/td&gt;
		&lt;td class="tabelatd1"&gt;0F&lt;/td&gt;
		&lt;td class="tabelatd1"&gt;Patrimonial&lt;/td&gt;
	&lt;/tr&gt;
	&lt;tr&gt;
		&lt;td class="tabelatd2"&gt;133&lt;/td&gt;
		&lt;td class="tabelatd2"&gt;Tipo Cobranca&lt;/td&gt;
		&lt;td class="tabelatd2"&gt;11/10/2018&lt;/td&gt;
		&lt;td class="tabelatd2"&gt;110.00&lt;/td&gt;
		&lt;td class="tabelatd2"&gt;10/10/2018 00:00:00&lt;/td&gt;
		&lt;td class="tabelatd2"&gt;Beltrano da Silva (333.333.333-33)&lt;/td&gt;
		&lt;td class="tabelatd2"&gt;0F&lt;/td&gt;
		&lt;td class="tabelatd2"&gt;Patrimonial&lt;/td&gt;
	&lt;/tr&gt;
	&lt;tr&gt;
		&lt;td class="tabelatd1"&gt;158&lt;/td&gt;
		&lt;td class="tabelatd1"&gt;Tipo Cobranca&lt;/td&gt;
		&lt;td class="tabelatd1"&gt;11/10/2018&lt;/td&gt;
		&lt;td class="tabelatd1"&gt;110.00&lt;/td&gt;
		&lt;td class="tabelatd1"&gt;10/10/2018 00:00:00&lt;/td&gt;
		&lt;td class="tabelatd1"&gt;Beltrano da Silva (333.333.333-33)&lt;/td&gt;
		&lt;td class="tabelatd1"&gt;0F&lt;/td&gt;
		&lt;td class="tabelatd1"&gt;Patrimonial&lt;/td&gt;
	&lt;/tr&gt;
	&lt;tr&gt;
		&lt;td class="tabelatd2"&gt;178&lt;/td&gt;
		&lt;td class="tabelatd2"&gt;Tipo Cobranca&lt;/td&gt;
		&lt;td class="tabelatd2"&gt;11/10/2018&lt;/td&gt;
		&lt;td class="tabelatd2"&gt;110.00&lt;/td&gt;
		&lt;td class="tabelatd2"&gt;10/10/2018 00:00:00&lt;/td&gt;
		&lt;td class="tabelatd2"&gt;Beltrano da Silva (333.333.333-33)&lt;/td&gt;
		&lt;td class="tabelatd2"&gt;0F&lt;/td&gt;
		&lt;td class="tabelatd2"&gt;Patrimonial&lt;/td&gt;
	&lt;/tr&gt;
	&lt;tr&gt;
		&lt;td class="tabelatd1"&gt;198&lt;/td&gt;
		&lt;td class="tabelatd1"&gt;Tipo Cobranca&lt;/td&gt;
		&lt;td class="tabelatd1"&gt;11/10/2018&lt;/td&gt;
		&lt;td class="tabelatd1"&gt;110.00&lt;/td&gt;
		&lt;td class="tabelatd1"&gt;10/10/2018 00:00:00&lt;/td&gt;
		&lt;td class="tabelatd1"&gt;Beltrano da Silva (333.333.333-33)&lt;/td&gt;
		&lt;td class="tabelatd1"&gt;0F&lt;/td&gt;
		&lt;td class="tabelatd1"&gt;Patrimonial&lt;/td&gt;
	&lt;/tr&gt;
	&lt;tr&gt;
		&lt;td class="tabelatd2"&gt;218&lt;/td&gt;
		&lt;td class="tabelatd2"&gt;Tipo Cobranca&lt;/td&gt;
		&lt;td class="tabelatd2"&gt;11/10/2018&lt;/td&gt;
		&lt;td class="tabelatd2"&gt;110.00&lt;/td&gt;
		&lt;td class="tabelatd2"&gt;10/10/2018 00:00:00&lt;/td&gt;
		&lt;td class="tabelatd2"&gt;Beltrano da Silva (333.333.333-33)&lt;/td&gt;
		&lt;td class="tabelatd2"&gt;0F&lt;/td&gt;
		&lt;td class="tabelatd2"&gt;Patrimonial&lt;/td&gt;
	&lt;/tr&gt;
	&lt;tr&gt;
		&lt;td class="tabelatd1"&gt;242&lt;/td&gt;
		&lt;td class="tabelatd1"&gt;Tipo Cobranca&lt;/td&gt;
		&lt;td class="tabelatd1"&gt;11/10/2018&lt;/td&gt;
		&lt;td class="tabelatd1"&gt;110.00&lt;/td&gt;
		&lt;td class="tabelatd1"&gt;10/10/2018 00:00:00&lt;/td&gt;
		&lt;td class="tabelatd1"&gt;Beltrano da Silva (333.333.333-33)&lt;/td&gt;
		&lt;td class="tabelatd1"&gt;0F&lt;/td&gt;
		&lt;td class="tabelatd1"&gt;Patrimonial&lt;/td&gt;
	&lt;/tr&gt;
	&lt;tr&gt;
		&lt;td class="tabelatd2"&gt;266&lt;/td&gt;
		&lt;td class="tabelatd2"&gt;Tipo Cobranca&lt;/td&gt;
		&lt;td class="tabelatd2"&gt;11/10/2018&lt;/td&gt;
		&lt;td class="tabelatd2"&gt;110.00&lt;/td&gt;
		&lt;td class="tabelatd2"&gt;10/10/2018 00:00:00&lt;/td&gt;
		&lt;td class="tabelatd2"&gt;Beltrano da Silva (333.333.333-33)&lt;/td&gt;
		&lt;td class="tabelatd2"&gt;0F&lt;/td&gt;
		&lt;td class="tabelatd2"&gt;Patrimonial&lt;/td&gt;
	&lt;/tr&gt;
	&lt;tr&gt;
		&lt;td class="tabelatd1"&gt;292&lt;/td&gt;
		&lt;td class="tabelatd1"&gt;Tipo Cobranca&lt;/td&gt;
		&lt;td class="tabelatd1"&gt;11/10/2018&lt;/td&gt;
		&lt;td class="tabelatd1"&gt;110.00&lt;/td&gt;
		&lt;td class="tabelatd1"&gt;10/10/2018 00:00:00&lt;/td&gt;
		&lt;td class="tabelatd1"&gt;Beltrano da Silva (333.333.333-33)&lt;/td&gt;
		&lt;td class="tabelatd1"&gt;0F&lt;/td&gt;
		&lt;td class="tabelatd1"&gt;Patrimonial&lt;/td&gt;
	&lt;/tr&gt;
	&lt;tr&gt;
		&lt;td class="tabelatd2"&gt;320&lt;/td&gt;
		&lt;td class="tabelatd2"&gt;Tipo Cobranca&lt;/td&gt;
		&lt;td class="tabelatd2"&gt;11/10/2018&lt;/td&gt;
		&lt;td class="tabelatd2"&gt;110.00&lt;/td&gt;
		&lt;td class="tabelatd2"&gt;10/10/2018 00:00:00&lt;/td&gt;
		&lt;td class="tabelatd2"&gt;Beltrano da Silva (333.333.333-33)&lt;/td&gt;
		&lt;td class="tabelatd2"&gt;0F&lt;/td&gt;
		&lt;td class="tabelatd2"&gt;Patrimonial&lt;/td&gt;
	&lt;/tr&gt;
	&lt;tr&gt;
		&lt;td class="tabelatd1"&gt;350&lt;/td&gt;
		&lt;td class="tabelatd1"&gt;Tipo Cobranca&lt;/td&gt;
		&lt;td class="tabelatd1"&gt;11/10/2018&lt;/td&gt;
		&lt;td class="tabelatd1"&gt;110.00&lt;/td&gt;
		&lt;td class="tabelatd1"&gt;10/10/2018 00:00:00&lt;/td&gt;
		&lt;td class="tabelatd1"&gt;Beltrano da Silva (333.333.333-33)&lt;/td&gt;
		&lt;td class="tabelatd1"&gt;0F&lt;/td&gt;
		&lt;td class="tabelatd1"&gt;Patrimonial&lt;/td&gt;
	&lt;/tr&gt;
	&lt;tr&gt;
		&lt;td class="tabelatd2"&gt;50&lt;/td&gt;
		&lt;td class="tabelatd2"&gt;Tipo Cobranca&lt;/td&gt;
		&lt;td class="tabelatd2"&gt;11/10/2018&lt;/td&gt;
		&lt;td class="tabelatd2"&gt;110.00&lt;/td&gt;
		&lt;td class="tabelatd2"&gt;10/10/2018 00:00:00&lt;/td&gt;
		&lt;td class="tabelatd2"&gt;Fulano de Tal (111.111.111-11)&lt;/td&gt;
		&lt;td class="tabelatd2"&gt;0F&lt;/td&gt;
		&lt;td class="tabelatd2"&gt;Patrimonial&lt;/td&gt;
	&lt;/tr&gt;
	&lt;tr&gt;
		&lt;td class="tabelatd1"&gt;63&lt;/td&gt;
		&lt;td class="tabelatd1"&gt;Tipo Cobranca&lt;/td&gt;
		&lt;td class="tabelatd1"&gt;11/10/2018&lt;/td&gt;
		&lt;td class="tabelatd1"&gt;110.00&lt;/td&gt;
		&lt;td class="tabelatd1"&gt;10/10/2018 00:00:00&lt;/td&gt;
		&lt;td class="tabelatd1"&gt;Fulano de Tal (111.111.111-11)&lt;/td&gt;
		&lt;td class="tabelatd1"&gt;0F&lt;/td&gt;
		&lt;td class="tabelatd1"&gt;Patrimonial&lt;/td&gt;
	&lt;/tr&gt;
	&lt;tr&gt;
		&lt;td class="tabelatd2"&gt;78&lt;/td&gt;
		&lt;td class="tabelatd2"&gt;Tipo Cobranca&lt;/td&gt;
		&lt;td class="tabelatd2"&gt;11/10/2018&lt;/td&gt;
		&lt;td class="tabelatd2"&gt;110.00&lt;/td&gt;
		&lt;td class="tabelatd2"&gt;10/10/2018 00:00:00&lt;/td&gt;
		&lt;td class="tabelatd2"&gt;Fulano de Tal (111.111.111-11)&lt;/td&gt;
		&lt;td class="tabelatd2"&gt;0F&lt;/td&gt;
		&lt;td class="tabelatd2"&gt;Patrimonial&lt;/td&gt;
	&lt;/tr&gt;
	&lt;tr&gt;
		&lt;td class="tabelatd1"&gt;95&lt;/td&gt;
		&lt;td class="tabelatd1"&gt;Tipo Cobranca&lt;/td&gt;
		&lt;td class="tabelatd1"&gt;11/10/2018&lt;/td&gt;
		&lt;td class="tabelatd1"&gt;110.00&lt;/td&gt;
		&lt;td class="tabelatd1"&gt;10/10/2018 00:00:00&lt;/td&gt;
		&lt;td class="tabelatd1"&gt;Fulano de Tal (111.111.111-11)&lt;/td&gt;
		&lt;td class="tabelatd1"&gt;0F&lt;/td&gt;
		&lt;td class="tabelatd1"&gt;Patrimonial&lt;/td&gt;
	&lt;/tr&gt;
	&lt;tr&gt;
		&lt;td class="tabelatd2"&gt;111&lt;/td&gt;
		&lt;td class="tabelatd2"&gt;Tipo Cobranca&lt;/td&gt;
		&lt;td class="tabelatd2"&gt;11/10/2018&lt;/td&gt;
		&lt;td class="tabelatd2"&gt;110.00&lt;/td&gt;
		&lt;td class="tabelatd2"&gt;10/10/2018 00:00:00&lt;/td&gt;
		&lt;td class="tabelatd2"&gt;Fulano de Tal (111.111.111-11)&lt;/td&gt;
		&lt;td class="tabelatd2"&gt;0F&lt;/td&gt;
		&lt;td class="tabelatd2"&gt;Patrimonial&lt;/td&gt;
	&lt;/tr&gt;
	&lt;tr&gt;
		&lt;td class="tabelatd1"&gt;140&lt;/td&gt;
		&lt;td class="tabelatd1"&gt;Tipo Cobranca&lt;/td&gt;
		&lt;td class="tabelatd1"&gt;11/10/2018&lt;/td&gt;
		&lt;td class="tabelatd1"&gt;110.00&lt;/td&gt;
		&lt;td class="tabelatd1"&gt;10/10/2018 00:00:00&lt;/td&gt;
		&lt;td class="tabelatd1"&gt;Fulano de Tal (111.111.111-11)&lt;/td&gt;
		&lt;td class="tabelatd1"&gt;0F&lt;/td&gt;
		&lt;td class="tabelatd1"&gt;Patrimonial&lt;/td&gt;
	&lt;/tr&gt;
	&lt;tr&gt;
		&lt;td class="tabelatd2"&gt;166&lt;/td&gt;
		&lt;td class="tabelatd2"&gt;Tipo Cobranca&lt;/td&gt;
		&lt;td class="tabelatd2"&gt;11/10/2018&lt;/td&gt;
		&lt;td class="tabelatd2"&gt;110.00&lt;/td&gt;
		&lt;td class="tabelatd2"&gt;10/10/2018 00:00:00&lt;/td&gt;
		&lt;td class="tabelatd2"&gt;Fulano de Tal (111.111.111-11)&lt;/td&gt;
		&lt;td class="tabelatd2"&gt;0F&lt;/td&gt;
		&lt;td class="tabelatd2"&gt;Patrimonial&lt;/td&gt;
	&lt;/tr&gt;
	&lt;tr&gt;
		&lt;td class="tabelatd1"&gt;186&lt;/td&gt;
		&lt;td class="tabelatd1"&gt;Tipo Cobranca&lt;/td&gt;
		&lt;td class="tabelatd1"&gt;11/10/2018&lt;/td&gt;
		&lt;td class="tabelatd1"&gt;110.00&lt;/td&gt;
		&lt;td class="tabelatd1"&gt;10/10/2018 00:00:00&lt;/td&gt;
		&lt;td class="tabelatd1"&gt;Fulano de Tal (111.111.111-11)&lt;/td&gt;
		&lt;td class="tabelatd1"&gt;0F&lt;/td&gt;
		&lt;td class="tabelatd1"&gt;Patrimonial&lt;/td&gt;
	&lt;/tr&gt;
	&lt;tr&gt;
		&lt;td class="tabelatd2"&gt;206&lt;/td&gt;
		&lt;td class="tabelatd2"&gt;Tipo Cobranca&lt;/td&gt;
		&lt;td class="tabelatd2"&gt;11/10/2018&lt;/td&gt;
		&lt;td class="tabelatd2"&gt;110.00&lt;/td&gt;
		&lt;td class="tabelatd2"&gt;10/10/2018 00:00:00&lt;/td&gt;
		&lt;td class="tabelatd2"&gt;Fulano de Tal (111.111.111-11)&lt;/td&gt;
		&lt;td class="tabelatd2"&gt;0F&lt;/td&gt;
		&lt;td class="tabelatd2"&gt;Patrimonial&lt;/td&gt;
	&lt;/tr&gt;
	&lt;tr&gt;
		&lt;td class="tabelatd1"&gt;226&lt;/td&gt;
		&lt;td class="tabelatd1"&gt;Tipo Cobranca&lt;/td&gt;
		&lt;td class="tabelatd1"&gt;11/10/2018&lt;/td&gt;
		&lt;td class="tabelatd1"&gt;110.00&lt;/td&gt;
		&lt;td class="tabelatd1"&gt;10/10/2018 00:00:00&lt;/td&gt;
		&lt;td class="tabelatd1"&gt;Fulano de Tal (111.111.111-11)&lt;/td&gt;
		&lt;td class="tabelatd1"&gt;0F&lt;/td&gt;
		&lt;td class="tabelatd1"&gt;Patrimonial&lt;/td&gt;
	&lt;/tr&gt;
	&lt;tr&gt;
		&lt;td class="tabelatd2"&gt;251&lt;/td&gt;
		&lt;td class="tabelatd2"&gt;Tipo Cobranca&lt;/td&gt;
		&lt;td class="tabelatd2"&gt;11/10/2018&lt;/td&gt;
		&lt;td class="tabelatd2"&gt;110.00&lt;/td&gt;
		&lt;td class="tabelatd2"&gt;10/10/2018 00:00:00&lt;/td&gt;
		&lt;td class="tabelatd2"&gt;Fulano de Tal (111.111.111-11)&lt;/td&gt;
		&lt;td class="tabelatd2"&gt;0F&lt;/td&gt;
		&lt;td class="tabelatd2"&gt;Patrimonial&lt;/td&gt;
	&lt;/tr&gt;
	&lt;tr&gt;
		&lt;td class="tabelatd1"&gt;276&lt;/td&gt;
		&lt;td class="tabelatd1"&gt;Tipo Cobranca&lt;/td&gt;
		&lt;td class="tabelatd1"&gt;11/10/2018&lt;/td&gt;
		&lt;td class="tabelatd1"&gt;110.00&lt;/td&gt;
		&lt;td class="tabelatd1"&gt;10/10/2018 00:00:00&lt;/td&gt;
		&lt;td class="tabelatd1"&gt;Fulano de Tal (111.111.111-11)&lt;/td&gt;
		&lt;td class="tabelatd1"&gt;0F&lt;/td&gt;
		&lt;td class="tabelatd1"&gt;Patrimonial&lt;/td&gt;
	&lt;/tr&gt;
	&lt;tr&gt;
		&lt;td class="tabelatd2"&gt;303&lt;/td&gt;
		&lt;td class="tabelatd2"&gt;Tipo Cobranca&lt;/td&gt;
		&lt;td class="tabelatd2"&gt;11/10/2018&lt;/td&gt;
		&lt;td class="tabelatd2"&gt;110.00&lt;/td&gt;
		&lt;td class="tabelatd2"&gt;10/10/2018 00:00:00&lt;/td&gt;
		&lt;td class="tabelatd2"&gt;Fulano de Tal (111.111.111-11)&lt;/td&gt;
		&lt;td class="tabelatd2"&gt;0F&lt;/td&gt;
		&lt;td class="tabelatd2"&gt;Patrimonial&lt;/td&gt;
	&lt;/tr&gt;
	&lt;tr&gt;
		&lt;td class="tabelatd1"&gt;332&lt;/td&gt;
		&lt;td class="tabelatd1"&gt;Tipo Cobranca&lt;/td&gt;
		&lt;td class="tabelatd1"&gt;11/10/2018&lt;/td&gt;
		&lt;td class="tabelatd1"&gt;110.00&lt;/td&gt;
		&lt;td class="tabelatd1"&gt;10/10/2018 00:00:00&lt;/td&gt;
		&lt;td class="tabelatd1"&gt;Fulano de Tal (111.111.111-11)&lt;/td&gt;
		&lt;td class="tabelatd1"&gt;0F&lt;/td&gt;
		&lt;td class="tabelatd1"&gt;Patrimonial&lt;/td&gt;
	&lt;/tr&gt;
	&lt;tr&gt;
		&lt;td class="tabelatd2"&gt;357&lt;/td&gt;
		&lt;td class="tabelatd2"&gt;Tipo Cobranca&lt;/td&gt;
		&lt;td class="tabelatd2"&gt;11/10/2018&lt;/td&gt;
		&lt;td class="tabelatd2"&gt;110.00&lt;/td&gt;
		&lt;td class="tabelatd2"&gt;10/10/2018 00:00:00&lt;/td&gt;
		&lt;td class="tabelatd2"&gt;Fulano de Tal (652.392.539-00)&lt;/td&gt;
		&lt;td class="tabelatd2"&gt;1&lt;/td&gt;
		&lt;td class="tabelatd2"&gt;Patrimonial&lt;/td&gt;
	&lt;/tr&gt;
	&lt;tr&gt;
		&lt;td class="tabelatd1"&gt;358&lt;/td&gt;
		&lt;td class="tabelatd1"&gt;Tipo Cobranca&lt;/td&gt;
		&lt;td class="tabelatd1"&gt;11/10/2018&lt;/td&gt;
		&lt;td class="tabelatd1"&gt;110.00&lt;/td&gt;
		&lt;td class="tabelatd1"&gt;10/10/2018 00:00:00&lt;/td&gt;
		&lt;td class="tabelatd1"&gt;Fulano de Tal (652.392.539-00)&lt;/td&gt;
		&lt;td class="tabelatd1"&gt;1&lt;/td&gt;
		&lt;td class="tabelatd1"&gt;Patrimonial&lt;/td&gt;
	&lt;/tr&gt;
	&lt;tr&gt;
		&lt;td class="tabelatd2"&gt;359&lt;/td&gt;
		&lt;td class="tabelatd2"&gt;Tipo Cobranca&lt;/td&gt;
		&lt;td class="tabelatd2"&gt;11/10/2018&lt;/td&gt;
		&lt;td class="tabelatd2"&gt;110.00&lt;/td&gt;
		&lt;td class="tabelatd2"&gt;10/10/2018 00:00:00&lt;/td&gt;
		&lt;td class="tabelatd2"&gt;Fulano de Tal (652.392.539-00)&lt;/td&gt;
		&lt;td class="tabelatd2"&gt;1&lt;/td&gt;
		&lt;td class="tabelatd2"&gt;Patrimonial&lt;/td&gt;
	&lt;/tr&gt;
	&lt;tr&gt;
		&lt;td class="tabelatd1"&gt;360&lt;/td&gt;
		&lt;td class="tabelatd1"&gt;Tipo Cobranca&lt;/td&gt;
		&lt;td class="tabelatd1"&gt;11/10/2018&lt;/td&gt;
		&lt;td class="tabelatd1"&gt;110.00&lt;/td&gt;
		&lt;td class="tabelatd1"&gt;10/10/2018 00:00:00&lt;/td&gt;
		&lt;td class="tabelatd1"&gt;Fulano de Tal (652.392.539-00)&lt;/td&gt;
		&lt;td class="tabelatd1"&gt;1&lt;/td&gt;
		&lt;td class="tabelatd1"&gt;Patrimonial&lt;/td&gt;
	&lt;/tr&gt;
	&lt;tr&gt;
		&lt;td class="tabelatd2"&gt;361&lt;/td&gt;
		&lt;td class="tabelatd2"&gt;Tipo Cobranca&lt;/td&gt;
		&lt;td class="tabelatd2"&gt;11/10/2018&lt;/td&gt;
		&lt;td class="tabelatd2"&gt;110.00&lt;/td&gt;
		&lt;td class="tabelatd2"&gt;10/10/2018 00:00:00&lt;/td&gt;
		&lt;td class="tabelatd2"&gt;Fulano de Tal (652.392.539-00)&lt;/td&gt;
		&lt;td class="tabelatd2"&gt;1&lt;/td&gt;
		&lt;td class="tabelatd2"&gt;Patrimonial&lt;/td&gt;
	&lt;/tr&gt;
	&lt;tr&gt;
		&lt;td class="tabelatd1"&gt;362&lt;/td&gt;
		&lt;td class="tabelatd1"&gt;Tipo Cobranca&lt;/td&gt;
		&lt;td class="tabelatd1"&gt;11/10/2018&lt;/td&gt;
		&lt;td class="tabelatd1"&gt;110.00&lt;/td&gt;
		&lt;td class="tabelatd1"&gt;10/10/2018 00:00:00&lt;/td&gt;
		&lt;td class="tabelatd1"&gt;Fulano de Tal (652.392.539-00)&lt;/td&gt;
		&lt;td class="tabelatd1"&gt;1&lt;/td&gt;
		&lt;td class="tabelatd1"&gt;Patrimonial&lt;/td&gt;
	&lt;/tr&gt;
	&lt;tr&gt;
		&lt;td class="tabelatd2"&gt;381&lt;/td&gt;
		&lt;td class="tabelatd2"&gt;Tipo Cobranca&lt;/td&gt;
		&lt;td class="tabelatd2"&gt;11/10/2018&lt;/td&gt;
		&lt;td class="tabelatd2"&gt;110.00&lt;/td&gt;
		&lt;td class="tabelatd2"&gt;10/10/2018 00:00:00&lt;/td&gt;
		&lt;td class="tabelatd2"&gt;Fulano de Tal (652.392.539-00)&lt;/td&gt;
		&lt;td class="tabelatd2"&gt;1&lt;/td&gt;
		&lt;td class="tabelatd2"&gt;Patrimonial&lt;/td&gt;
	&lt;/tr&gt;
	&lt;tr&gt;
		&lt;td class="tabelatd1"&gt;384&lt;/td&gt;
		&lt;td class="tabelatd1"&gt;Tipo Cobranca&lt;/td&gt;
		&lt;td class="tabelatd1"&gt;11/10/2018&lt;/td&gt;
		&lt;td class="tabelatd1"&gt;110.00&lt;/td&gt;
		&lt;td class="tabelatd1"&gt;10/10/2018 00:00:00&lt;/td&gt;
		&lt;td class="tabelatd1"&gt;Fulano de Tal (652.392.539-00)&lt;/td&gt;
		&lt;td class="tabelatd1"&gt;1&lt;/td&gt;
		&lt;td class="tabelatd1"&gt;Patrimonial&lt;/td&gt;
	&lt;/tr&gt;
	&lt;tr&gt;
		&lt;td class="tabelatd2"&gt;385&lt;/td&gt;
		&lt;td class="tabelatd2"&gt;Tipo Cobranca&lt;/td&gt;
		&lt;td class="tabelatd2"&gt;11/10/2018&lt;/td&gt;
		&lt;td class="tabelatd2"&gt;110.00&lt;/td&gt;
		&lt;td class="tabelatd2"&gt;10/10/2018 00:00:00&lt;/td&gt;
		&lt;td class="tabelatd2"&gt;Fulano de Tal (652.392.539-00)&lt;/td&gt;
		&lt;td class="tabelatd2"&gt;1&lt;/td&gt;
		&lt;td class="tabelatd2"&gt;Patrimonial&lt;/td&gt;
	&lt;/tr&gt;
	&lt;tr&gt;
		&lt;td class="tabelatd1"&gt;386&lt;/td&gt;
		&lt;td class="tabelatd1"&gt;Tipo Cobranca&lt;/td&gt;
		&lt;td class="tabelatd1"&gt;11/10/2018&lt;/td&gt;
		&lt;td class="tabelatd1"&gt;110.00&lt;/td&gt;
		&lt;td class="tabelatd1"&gt;10/10/2018 00:00:00&lt;/td&gt;
		&lt;td class="tabelatd1"&gt;Fulano de Tal (652.392.539-00)&lt;/td&gt;
		&lt;td class="tabelatd1"&gt;1&lt;/td&gt;
		&lt;td class="tabelatd1"&gt;Patrimonial&lt;/td&gt;
	&lt;/tr&gt;
	&lt;tr&gt;
		&lt;td class="tabelatd2"&gt;387&lt;/td&gt;
		&lt;td class="tabelatd2"&gt;Tipo Cobranca&lt;/td&gt;
		&lt;td class="tabelatd2"&gt;11/10/2018&lt;/td&gt;
		&lt;td class="tabelatd2"&gt;110.00&lt;/td&gt;
		&lt;td class="tabelatd2"&gt;10/10/2018 00:00:00&lt;/td&gt;
		&lt;td class="tabelatd2"&gt;Fulano de Tal (652.392.539-00)&lt;/td&gt;
		&lt;td class="tabelatd2"&gt;1&lt;/td&gt;
		&lt;td class="tabelatd2"&gt;Patrimonial&lt;/td&gt;
	&lt;/tr&gt;
	&lt;tr&gt;
		&lt;td class="tabelatd1"&gt;388&lt;/td&gt;
		&lt;td class="tabelatd1"&gt;Tipo Cobranca&lt;/td&gt;
		&lt;td class="tabelatd1"&gt;11/10/2018&lt;/td&gt;
		&lt;td class="tabelatd1"&gt;110.00&lt;/td&gt;
		&lt;td class="tabelatd1"&gt;10/10/2018 00:00:00&lt;/td&gt;
		&lt;td class="tabelatd1"&gt;Fulano de Tal (652.392.539-00)&lt;/td&gt;
		&lt;td class="tabelatd1"&gt;1&lt;/td&gt;
		&lt;td class="tabelatd1"&gt;Patrimonial&lt;/td&gt;
	&lt;/tr&gt;
	&lt;tr&gt;
		&lt;td class="tabelatd2"&gt;389&lt;/td&gt;
		&lt;td class="tabelatd2"&gt;Tipo Cobranca&lt;/td&gt;
		&lt;td class="tabelatd2"&gt;11/10/2018&lt;/td&gt;
		&lt;td class="tabelatd2"&gt;110.00&lt;/td&gt;
		&lt;td class="tabelatd2"&gt;10/10/2018 00:00:00&lt;/td&gt;
		&lt;td class="tabelatd2"&gt;Fulano de Tal (652.392.539-00)&lt;/td&gt;
		&lt;td class="tabelatd2"&gt;1&lt;/td&gt;
		&lt;td class="tabelatd2"&gt;Patrimonial&lt;/td&gt;
	&lt;/tr&gt;
	&lt;tr&gt;
		&lt;td class="tabelatd1"&gt;390&lt;/td&gt;
		&lt;td class="tabelatd1"&gt;Tipo Cobranca&lt;/td&gt;
		&lt;td class="tabelatd1"&gt;11/10/2018&lt;/td&gt;
		&lt;td class="tabelatd1"&gt;110.00&lt;/td&gt;
		&lt;td class="tabelatd1"&gt;10/10/2018 00:00:00&lt;/td&gt;
		&lt;td class="tabelatd1"&gt;Fulano de Tal (652.392.539-00)&lt;/td&gt;
		&lt;td class="tabelatd1"&gt;1&lt;/td&gt;
		&lt;td class="tabelatd1"&gt;Patrimonial&lt;/td&gt;
	&lt;/tr&gt;
	&lt;tr&gt;
		&lt;td class="tabelatd2"&gt;391&lt;/td&gt;
		&lt;td class="tabelatd2"&gt;Tipo Cobranca&lt;/td&gt;
		&lt;td class="tabelatd2"&gt;11/10/2018&lt;/td&gt;
		&lt;td class="tabelatd2"&gt;110.00&lt;/td&gt;
		&lt;td class="tabelatd2"&gt;10/10/2018 00:00:00&lt;/td&gt;
		&lt;td class="tabelatd2"&gt;Fulano de Tal (652.392.539-00)&lt;/td&gt;
		&lt;td class="tabelatd2"&gt;1&lt;/td&gt;
		&lt;td class="tabelatd2"&gt;Patrimonial&lt;/td&gt;
	&lt;/tr&gt;
	&lt;tr&gt;
		&lt;td class="tabelatd1"&gt;392&lt;/td&gt;
		&lt;td class="tabelatd1"&gt;Tipo Cobranca&lt;/td&gt;
		&lt;td class="tabelatd1"&gt;11/10/2018&lt;/td&gt;
		&lt;td class="tabelatd1"&gt;110.00&lt;/td&gt;
		&lt;td class="tabelatd1"&gt;10/10/2018 00:00:00&lt;/td&gt;
		&lt;td class="tabelatd1"&gt;Fulano de Tal (652.392.539-00)&lt;/td&gt;
		&lt;td class="tabelatd1"&gt;1&lt;/td&gt;
		&lt;td class="tabelatd1"&gt;Patrimonial&lt;/td&gt;
	&lt;/tr&gt;
	&lt;tr&gt;
		&lt;td class="tabelatd2"&gt;393&lt;/td&gt;
		&lt;td class="tabelatd2"&gt;Tipo Cobranca&lt;/td&gt;
		&lt;td class="tabelatd2"&gt;11/10/2018&lt;/td&gt;
		&lt;td class="tabelatd2"&gt;110.00&lt;/td&gt;
		&lt;td class="tabelatd2"&gt;10/10/2018 00:00:00&lt;/td&gt;
		&lt;td class="tabelatd2"&gt;Fulano de Tal (652.392.539-00)&lt;/td&gt;
		&lt;td class="tabelatd2"&gt;1&lt;/td&gt;
		&lt;td class="tabelatd2"&gt;Patrimonial&lt;/td&gt;
	&lt;/tr&gt;
	&lt;tr&gt;
		&lt;td class="tabelatd1"&gt;394&lt;/td&gt;
		&lt;td class="tabelatd1"&gt;Tipo Cobranca&lt;/td&gt;
		&lt;td class="tabelatd1"&gt;11/10/2018&lt;/td&gt;
		&lt;td class="tabelatd1"&gt;110.00&lt;/td&gt;
		&lt;td class="tabelatd1"&gt;10/10/2018 00:00:00&lt;/td&gt;
		&lt;td class="tabelatd1"&gt;Fulano de Tal (652.392.539-00)&lt;/td&gt;
		&lt;td class="tabelatd1"&gt;1&lt;/td&gt;
		&lt;td class="tabelatd1"&gt;Patrimonial&lt;/td&gt;
	&lt;/tr&gt;
	&lt;tr&gt;
		&lt;td class="tabelatd2"&gt;395&lt;/td&gt;
		&lt;td class="tabelatd2"&gt;Tipo Cobranca&lt;/td&gt;
		&lt;td class="tabelatd2"&gt;11/10/2018&lt;/td&gt;
		&lt;td class="tabelatd2"&gt;110.00&lt;/td&gt;
		&lt;td class="tabelatd2"&gt;10/10/2018 00:00:00&lt;/td&gt;
		&lt;td class="tabelatd2"&gt;Fulano de Tal (652.392.539-00)&lt;/td&gt;
		&lt;td class="tabelatd2"&gt;1&lt;/td&gt;
		&lt;td class="tabelatd2"&gt;Patrimonial&lt;/td&gt;
	&lt;/tr&gt;
	&lt;tr&gt;
		&lt;td class="tabelatd1"&gt;415&lt;/td&gt;
		&lt;td class="tabelatd1"&gt;Tipo Cobranca&lt;/td&gt;
		&lt;td class="tabelatd1"&gt;11/10/2018&lt;/td&gt;
		&lt;td class="tabelatd1"&gt;110.00&lt;/td&gt;
		&lt;td class="tabelatd1"&gt;10/10/2018 00:00:00&lt;/td&gt;
		&lt;td class="tabelatd1"&gt;Fulano de Tal (652.392.539-00)&lt;/td&gt;
		&lt;td class="tabelatd1"&gt;1&lt;/td&gt;
		&lt;td class="tabelatd1"&gt;Patrimonial&lt;/td&gt;
	&lt;/tr&gt;
	&lt;tr&gt;
		&lt;td class="tabelatd2"&gt;418&lt;/td&gt;
		&lt;td class="tabelatd2"&gt;Tipo Cobranca&lt;/td&gt;
		&lt;td class="tabelatd2"&gt;11/10/2018&lt;/td&gt;
		&lt;td class="tabelatd2"&gt;110.00&lt;/td&gt;
		&lt;td class="tabelatd2"&gt;10/10/2018 00:00:00&lt;/td&gt;
		&lt;td class="tabelatd2"&gt;Fulano de Tal (652.392.539-00)&lt;/td&gt;
		&lt;td class="tabelatd2"&gt;1&lt;/td&gt;
		&lt;td class="tabelatd2"&gt;Patrimonial&lt;/td&gt;
	&lt;/tr&gt;
	&lt;tr&gt;
		&lt;td class="tabelatd1"&gt;419&lt;/td&gt;
		&lt;td class="tabelatd1"&gt;Tipo Cobranca&lt;/td&gt;
		&lt;td class="tabelatd1"&gt;11/10/2018&lt;/td&gt;
		&lt;td class="tabelatd1"&gt;110.00&lt;/td&gt;
		&lt;td class="tabelatd1"&gt;10/10/2018 00:00:00&lt;/td&gt;
		&lt;td class="tabelatd1"&gt;Fulano de Tal (652.392.539-00)&lt;/td&gt;
		&lt;td class="tabelatd1"&gt;1&lt;/td&gt;
		&lt;td class="tabelatd1"&gt;Patrimonial&lt;/td&gt;
	&lt;/tr&gt;
	&lt;tr&gt;
		&lt;td class="tabelatd2"&gt;420&lt;/td&gt;
		&lt;td class="tabelatd2"&gt;Tipo Cobranca&lt;/td&gt;
		&lt;td class="tabelatd2"&gt;11/10/2018&lt;/td&gt;
		&lt;td class="tabelatd2"&gt;110.00&lt;/td&gt;
		&lt;td class="tabelatd2"&gt;10/10/2018 00:00:00&lt;/td&gt;
		&lt;td class="tabelatd2"&gt;Fulano de Tal (652.392.539-00)&lt;/td&gt;
		&lt;td class="tabelatd2"&gt;1&lt;/td&gt;
		&lt;td class="tabelatd2"&gt;Patrimonial&lt;/td&gt;
	&lt;/tr&gt;
	&lt;tr&gt;
		&lt;td class="tabelatd1"&gt;421&lt;/td&gt;
		&lt;td class="tabelatd1"&gt;Tipo Cobranca&lt;/td&gt;
		&lt;td class="tabelatd1"&gt;11/10/2018&lt;/td&gt;
		&lt;td class="tabelatd1"&gt;110.00&lt;/td&gt;
		&lt;td class="tabelatd1"&gt;10/10/2018 00:00:00&lt;/td&gt;
		&lt;td class="tabelatd1"&gt;Fulano de Tal (652.392.539-00)&lt;/td&gt;
		&lt;td class="tabelatd1"&gt;1&lt;/td&gt;
		&lt;td class="tabelatd1"&gt;Patrimonial&lt;/td&gt;
	&lt;/tr&gt;
	&lt;tr&gt;
		&lt;td class="tabelatd2"&gt;422&lt;/td&gt;
		&lt;td class="tabelatd2"&gt;Tipo Cobranca&lt;/td&gt;
		&lt;td class="tabelatd2"&gt;11/10/2018&lt;/td&gt;
		&lt;td class="tabelatd2"&gt;110.00&lt;/td&gt;
		&lt;td class="tabelatd2"&gt;10/10/2018 00:00:00&lt;/td&gt;
		&lt;td class="tabelatd2"&gt;Fulano de Tal (652.392.539-00)&lt;/td&gt;
		&lt;td class="tabelatd2"&gt;1&lt;/td&gt;
		&lt;td class="tabelatd2"&gt;Patrimonial&lt;/td&gt;
	&lt;/tr&gt;
	&lt;tr&gt;
		&lt;td class="tabelatd1"&gt;423&lt;/td&gt;
		&lt;td class="tabelatd1"&gt;Tipo Cobranca&lt;/td&gt;
		&lt;td class="tabelatd1"&gt;11/10/2018&lt;/td&gt;
		&lt;td class="tabelatd1"&gt;110.00&lt;/td&gt;
		&lt;td class="tabelatd1"&gt;10/10/2018 00:00:00&lt;/td&gt;
		&lt;td class="tabelatd1"&gt;Fulano de Tal (652.392.539-00)&lt;/td&gt;
		&lt;td class="tabelatd1"&gt;1&lt;/td&gt;
		&lt;td class="tabelatd1"&gt;Patrimonial&lt;/td&gt;
	&lt;/tr&gt;
	&lt;tr&gt;
		&lt;td class="tabelatd2"&gt;424&lt;/td&gt;
		&lt;td class="tabelatd2"&gt;Tipo Cobranca&lt;/td&gt;
		&lt;td class="tabelatd2"&gt;11/10/2018&lt;/td&gt;
		&lt;td class="tabelatd2"&gt;110.00&lt;/td&gt;
		&lt;td class="tabelatd2"&gt;10/10/2018 00:00:00&lt;/td&gt;
		&lt;td class="tabelatd2"&gt;Fulano de Tal (652.392.539-00)&lt;/td&gt;
		&lt;td class="tabelatd2"&gt;1&lt;/td&gt;
		&lt;td class="tabelatd2"&gt;Patrimonial&lt;/td&gt;
	&lt;/tr&gt;
	&lt;tr&gt;
		&lt;td class="tabelatd1"&gt;425&lt;/td&gt;
		&lt;td class="tabelatd1"&gt;Tipo Cobranca&lt;/td&gt;
		&lt;td class="tabelatd1"&gt;11/10/2018&lt;/td&gt;
		&lt;td class="tabelatd1"&gt;110.00&lt;/td&gt;
		&lt;td class="tabelatd1"&gt;10/10/2018 00:00:00&lt;/td&gt;
		&lt;td class="tabelatd1"&gt;Fulano de Tal (652.392.539-00)&lt;/td&gt;
		&lt;td class="tabelatd1"&gt;1&lt;/td&gt;
		&lt;td class="tabelatd1"&gt;Patrimonial&lt;/td&gt;
	&lt;/tr&gt;
	&lt;tr&gt;
		&lt;td class="tabelatd2"&gt;426&lt;/td&gt;
		&lt;td class="tabelatd2"&gt;Tipo Cobranca&lt;/td&gt;
		&lt;td class="tabelatd2"&gt;11/10/2018&lt;/td&gt;
		&lt;td class="tabelatd2"&gt;110.00&lt;/td&gt;
		&lt;td class="tabelatd2"&gt;10/10/2018 00:00:00&lt;/td&gt;
		&lt;td class="tabelatd2"&gt;Fulano de Tal (652.392.539-00)&lt;/td&gt;
		&lt;td class="tabelatd2"&gt;1&lt;/td&gt;
		&lt;td class="tabelatd2"&gt;Patrimonial&lt;/td&gt;
	&lt;/tr&gt;
	&lt;tr&gt;
		&lt;td class="tabelatd1"&gt;427&lt;/td&gt;
		&lt;td class="tabelatd1"&gt;Tipo Cobranca&lt;/td&gt;
		&lt;td class="tabelatd1"&gt;11/10/2018&lt;/td&gt;
		&lt;td class="tabelatd1"&gt;110.00&lt;/td&gt;
		&lt;td class="tabelatd1"&gt;10/10/2018 00:00:00&lt;/td&gt;
		&lt;td class="tabelatd1"&gt;Fulano de Tal (652.392.539-00)&lt;/td&gt;
		&lt;td class="tabelatd1"&gt;1&lt;/td&gt;
		&lt;td class="tabelatd1"&gt;Patrimonial&lt;/td&gt;
	&lt;/tr&gt;
	&lt;tr&gt;
		&lt;td class="tabelatd2"&gt;428&lt;/td&gt;
		&lt;td class="tabelatd2"&gt;Tipo Cobranca&lt;/td&gt;
		&lt;td class="tabelatd2"&gt;11/10/2018&lt;/td&gt;
		&lt;td class="tabelatd2"&gt;110.00&lt;/td&gt;
		&lt;td class="tabelatd2"&gt;10/10/2018 00:00:00&lt;/td&gt;
		&lt;td class="tabelatd2"&gt;Fulano de Tal (652.392.539-00)&lt;/td&gt;
		&lt;td class="tabelatd2"&gt;1&lt;/td&gt;
		&lt;td class="tabelatd2"&gt;Patrimonial&lt;/td&gt;
	&lt;/tr&gt;
	&lt;tr&gt;
		&lt;td class="tabelatd1"&gt;429&lt;/td&gt;
		&lt;td class="tabelatd1"&gt;Tipo Cobranca&lt;/td&gt;
		&lt;td class="tabelatd1"&gt;11/10/2018&lt;/td&gt;
		&lt;td class="tabelatd1"&gt;110.00&lt;/td&gt;
		&lt;td class="tabelatd1"&gt;10/10/2018 00:00:00&lt;/td&gt;
		&lt;td class="tabelatd1"&gt;Fulano de Tal (652.392.539-00)&lt;/td&gt;
		&lt;td class="tabelatd1"&gt;1&lt;/td&gt;
		&lt;td class="tabelatd1"&gt;Patrimonial&lt;/td&gt;
	&lt;/tr&gt;
	&lt;tr&gt;
		&lt;td class="tabelatd2"&gt;430&lt;/td&gt;
		&lt;td class="tabelatd2"&gt;Tipo Cobranca&lt;/td&gt;
		&lt;td class="tabelatd2"&gt;11/10/2018&lt;/td&gt;
		&lt;td class="tabelatd2"&gt;110.00&lt;/td&gt;
		&lt;td class="tabelatd2"&gt;10/10/2018 00:00:00&lt;/td&gt;
		&lt;td class="tabelatd2"&gt;Fulano de Tal (652.392.539-00)&lt;/td&gt;
		&lt;td class="tabelatd2"&gt;1&lt;/td&gt;
		&lt;td class="tabelatd2"&gt;Patrimonial&lt;/td&gt;
	&lt;/tr&gt;
	&lt;tr&gt;
		&lt;td class="tabelatd1"&gt;383&lt;/td&gt;
		&lt;td class="tabelatd1"&gt;Tipo Cobranca&lt;/td&gt;
		&lt;td class="tabelatd1"&gt;11/10/2018&lt;/td&gt;
		&lt;td class="tabelatd1"&gt;110.00&lt;/td&gt;
		&lt;td class="tabelatd1"&gt;10/10/2018 00:00:00&lt;/td&gt;
		&lt;td class="tabelatd1"&gt;Cicrano de Tal (222.222.222-22)&lt;/td&gt;
		&lt;td class="tabelatd1"&gt;23F&lt;/td&gt;
		&lt;td class="tabelatd1"&gt;Patrimonial&lt;/td&gt;
	&lt;/tr&gt;
	&lt;tr&gt;
		&lt;td class="tabelatd2"&gt;417&lt;/td&gt;
		&lt;td class="tabelatd2"&gt;Tipo Cobranca&lt;/td&gt;
		&lt;td class="tabelatd2"&gt;11/10/2018&lt;/td&gt;
		&lt;td class="tabelatd2"&gt;110.00&lt;/td&gt;
		&lt;td class="tabelatd2"&gt;10/10/2018 00:00:00&lt;/td&gt;
		&lt;td class="tabelatd2"&gt;Cicrano de Tal (222.222.222-22)&lt;/td&gt;
		&lt;td class="tabelatd2"&gt;23F&lt;/td&gt;
		&lt;td class="tabelatd2"&gt;Patrimonial&lt;/td&gt;
	&lt;/tr&gt;
	&lt;tr&gt;
		&lt;td class="tabelatd1"&gt;382&lt;/td&gt;
		&lt;td class="tabelatd1"&gt;Tipo Cobranca&lt;/td&gt;
		&lt;td class="tabelatd1"&gt;11/10/2018&lt;/td&gt;
		&lt;td class="tabelatd1"&gt;110.00&lt;/td&gt;
		&lt;td class="tabelatd1"&gt;10/10/2018 00:00:00&lt;/td&gt;
		&lt;td class="tabelatd1"&gt;Beltrano da Silva (333.333.333-33)&lt;/td&gt;
		&lt;td class="tabelatd1"&gt;0F&lt;/td&gt;
		&lt;td class="tabelatd1"&gt;Patrimonial&lt;/td&gt;
	&lt;/tr&gt;
	&lt;tr&gt;
		&lt;td class="tabelatd2"&gt;416&lt;/td&gt;
		&lt;td class="tabelatd2"&gt;Tipo Cobranca&lt;/td&gt;
		&lt;td class="tabelatd2"&gt;11/10/2018&lt;/td&gt;
		&lt;td class="tabelatd2"&gt;110.00&lt;/td&gt;
		&lt;td class="tabelatd2"&gt;10/10/2018 00:00:00&lt;/td&gt;
		&lt;td class="tabelatd2"&gt;Beltrano da Silva (333.333.333-33)&lt;/td&gt;
		&lt;td class="tabelatd2"&gt;0F&lt;/td&gt;
		&lt;td class="tabelatd2"&gt;Patrimonial&lt;/td&gt;
	&lt;/tr&gt;
	&lt;tr&gt;
		&lt;td class="tabelatd1"&gt;363&lt;/td&gt;
		&lt;td class="tabelatd1"&gt;Tipo Cobranca&lt;/td&gt;
		&lt;td class="tabelatd1"&gt;11/10/2018&lt;/td&gt;
		&lt;td class="tabelatd1"&gt;110.00&lt;/td&gt;
		&lt;td class="tabelatd1"&gt;10/10/2018 00:00:00&lt;/td&gt;
		&lt;td class="tabelatd1"&gt;Fulano de Tal (111.111.111-11)&lt;/td&gt;
		&lt;td class="tabelatd1"&gt;0F&lt;/td&gt;
		&lt;td class="tabelatd1"&gt;Patrimonial&lt;/td&gt;
	&lt;/tr&gt;
	&lt;tr&gt;
		&lt;td class="tabelatd2"&gt;396&lt;/td&gt;
		&lt;td class="tabelatd2"&gt;Tipo Cobranca&lt;/td&gt;
		&lt;td class="tabelatd2"&gt;11/10/2018&lt;/td&gt;
		&lt;td class="tabelatd2"&gt;110.00&lt;/td&gt;
		&lt;td class="tabelatd2"&gt;10/10/2018 00:00:00&lt;/td&gt;
		&lt;td class="tabelatd2"&gt;Fulano de Tal (111.111.111-11)&lt;/td&gt;
		&lt;td class="tabelatd2"&gt;0F&lt;/td&gt;
		&lt;td class="tabelatd2"&gt;Patrimonial&lt;/td&gt;
	&lt;/tr&gt;
	&lt;tr&gt;
		&lt;td class="tabelatd1"&gt;431&lt;/td&gt;
		&lt;td class="tabelatd1"&gt;Tipo Cobranca&lt;/td&gt;
		&lt;td class="tabelatd1"&gt;11/10/2018&lt;/td&gt;
		&lt;td class="tabelatd1"&gt;110.00&lt;/td&gt;
		&lt;td class="tabelatd1"&gt;10/10/2018 00:00:00&lt;/td&gt;
		&lt;td class="tabelatd1"&gt;Fulano de Tal (111.111.111-11)&lt;/td&gt;
		&lt;td class="tabelatd1"&gt;0F&lt;/td&gt;
		&lt;td class="tabelatd1"&gt;Patrimonial&lt;/td&gt;
	&lt;/tr&gt;
	&lt;tr&gt;
		&lt;td class="tabelatd2"&gt;&lt;/td&gt;
		&lt;td class="tabelatd2"&gt;Total&lt;/td&gt;
		&lt;td class="tabelatd2"&gt;&lt;/td&gt;
		&lt;td class="tabelatd2"&gt;47100.00&lt;/td&gt;
		&lt;td class="tabelatd2"&gt;&lt;/td&gt;
		&lt;td class="tabelatd2"&gt;&lt;/td&gt;
		&lt;td class="tabelatd2"&gt;&lt;/td&gt;
		&lt;td class="tabelatd2"&gt;&lt;/td&gt;
	&lt;/tr&gt;
&lt;/Table&gt;
&lt;h3&gt;Número de registros na lista: 432&lt;/h3&gt;
&lt;/div&gt;
﻿ &lt;Center&gt;&#13;
 &lt;div id="Mensagem" name="Mensagem" style="display: none; position: relative; top: -280px; width: 400px; height: 80px; margin-top: -50px; margin-bottom: -50px; padding: 4px; border: 4px outset white; background: #20B2AA;"&gt;&#13;
 &lt;Table style="border: 2px inset white;" width="100%" height="100%"&gt;&#13;
  &lt;tr Align="center"&gt;&#13;
   &lt;td Align="center"&gt;&#13;
    &lt;span id="TextoMensagem" name="TextoMensagem" style="font: 14px Verdana, Arial, Helvetica, Sans-serif; color: white; font-weight: bold;"&gt;Por favor, aguarde...&lt;/span&gt;&#13;
   &lt;/td&gt;&#13;
  &lt;/tr&gt;&#13;
 &lt;/Table&gt;&#13;
 &lt;/div&gt;&#13;
 &lt;/Center&gt;&#13;
&lt;Script language="JavaScript"&gt;&#13;
OcultaMensagem();&#13;
&lt;/Script&gt;    &#13;
&lt;/body&gt;&#13;
&lt;/html&gt;&#13;
</system-out>
      </testcase>
      <testcase name="testGetTabela" class="DaoCadastraParcelasTest" classname="DaoCadastraParcelasTest" file="C:\Apache24\htdocs\Associacao\tests\controller\DaoCadastraParcelasTest.php" line="55" assertions="1" time="0.026533"/>
      <testcase name="testGetParcelaProcessadas" class="DaoCadastraParcelasTest" classname="DaoCadastraParcelasTest" file="C:\Apache24\htdocs\Associacao\tests\controller\DaoCadastraParcelasTest.php" line="63" assertions="2" time="0.248568">
        <system-out>&lt;input type="button" onclick="imprimirDiv('divCOBRANCA', this);" value="Imprimir lista"&gt;&lt;div id='divCOBRANCA'&gt;
&lt;Table class="tabela" width="100%" border="1" cellpadding="3" cellspacing="0"&gt;
&lt;tr&gt;
&lt;th class="tabelath" border="1"&gt;PARCELA&lt;/th&gt;
&lt;th class="tabelath" border="1"&gt;DESCRICAO&lt;/th&gt;
&lt;th class="tabelath" border="1"&gt;DATA_VENCIMENTO&lt;/th&gt;
&lt;th class="tabelath" border="1"&gt;VALOR_NOMINAL&lt;/th&gt;
&lt;th class="tabelath" border="1"&gt;DATA_REGISTRO_PARCELA&lt;/th&gt;
&lt;th class="tabelath" border="1"&gt;ASSOCIADO&lt;/th&gt;
&lt;th class="tabelath" border="1"&gt;NUMERO_TITULO&lt;/th&gt;
&lt;th class="tabelath" border="1"&gt;TIPO&lt;/th&gt;
&lt;/tr&gt;
	&lt;tr&gt;
		&lt;td class="tabelatd1"&gt;2&lt;/td&gt;
		&lt;td class="tabelatd1"&gt;Tipo Cobranca&lt;/td&gt;
		&lt;td class="tabelatd1"&gt;10/10/2018&lt;/td&gt;
		&lt;td class="tabelatd1"&gt;110.00&lt;/td&gt;
		&lt;td class="tabelatd1"&gt;10/28/2018 09:17:10&lt;/td&gt;
		&lt;td class="tabelatd1"&gt;Fulano de Tal (652.392.539-00)&lt;/td&gt;
		&lt;td class="tabelatd1"&gt;1&lt;/td&gt;
		&lt;td class="tabelatd1"&gt;Patrimonial&lt;/td&gt;
	&lt;/tr&gt;
	&lt;tr&gt;
		&lt;td class="tabelatd2"&gt;6&lt;/td&gt;
		&lt;td class="tabelatd2"&gt;Tipo Cobranca&lt;/td&gt;
		&lt;td class="tabelatd2"&gt;10/10/2018&lt;/td&gt;
		&lt;td class="tabelatd2"&gt;110.00&lt;/td&gt;
		&lt;td class="tabelatd2"&gt;10/28/2018 09:18:03&lt;/td&gt;
		&lt;td class="tabelatd2"&gt;Fulano de Tal (652.392.539-00)&lt;/td&gt;
		&lt;td class="tabelatd2"&gt;1&lt;/td&gt;
		&lt;td class="tabelatd2"&gt;Patrimonial&lt;/td&gt;
	&lt;/tr&gt;
	&lt;tr&gt;
		&lt;td class="tabelatd1"&gt;10&lt;/td&gt;
		&lt;td class="tabelatd1"&gt;Tipo Cobranca&lt;/td&gt;
		&lt;td class="tabelatd1"&gt;10/10/2018&lt;/td&gt;
		&lt;td class="tabelatd1"&gt;110.00&lt;/td&gt;
		&lt;td class="tabelatd1"&gt;10/28/2018 09:18:45&lt;/td&gt;
		&lt;td class="tabelatd1"&gt;Fulano de Tal (652.392.539-00)&lt;/td&gt;
		&lt;td class="tabelatd1"&gt;1&lt;/td&gt;
		&lt;td class="tabelatd1"&gt;Patrimonial&lt;/td&gt;
	&lt;/tr&gt;
	&lt;tr&gt;
		&lt;td class="tabelatd2"&gt;14&lt;/td&gt;
		&lt;td class="tabelatd2"&gt;Tipo Cobranca&lt;/td&gt;
		&lt;td class="tabelatd2"&gt;10/10/2018&lt;/td&gt;
		&lt;td class="tabelatd2"&gt;110.00&lt;/td&gt;
		&lt;td class="tabelatd2"&gt;10/28/2018 09:19:36&lt;/td&gt;
		&lt;td class="tabelatd2"&gt;Fulano de Tal (652.392.539-00)&lt;/td&gt;
		&lt;td class="tabelatd2"&gt;1&lt;/td&gt;
		&lt;td class="tabelatd2"&gt;Patrimonial&lt;/td&gt;
	&lt;/tr&gt;
	&lt;tr&gt;
		&lt;td class="tabelatd1"&gt;18&lt;/td&gt;
		&lt;td class="tabelatd1"&gt;Tipo Cobranca&lt;/td&gt;
		&lt;td class="tabelatd1"&gt;10/10/2018&lt;/td&gt;
		&lt;td class="tabelatd1"&gt;110.00&lt;/td&gt;
		&lt;td class="tabelatd1"&gt;10/28/2018 09:20:15&lt;/td&gt;
		&lt;td class="tabelatd1"&gt;Fulano de Tal (652.392.539-00)&lt;/td&gt;
		&lt;td class="tabelatd1"&gt;1&lt;/td&gt;
		&lt;td class="tabelatd1"&gt;Patrimonial&lt;/td&gt;
	&lt;/tr&gt;
	&lt;tr&gt;
		&lt;td class="tabelatd2"&gt;22&lt;/td&gt;
		&lt;td class="tabelatd2"&gt;Tipo Cobranca&lt;/td&gt;
		&lt;td class="tabelatd2"&gt;10/10/2018&lt;/td&gt;
		&lt;td class="tabelatd2"&gt;110.00&lt;/td&gt;
		&lt;td class="tabelatd2"&gt;10/28/2018 09:20:41&lt;/td&gt;
		&lt;td class="tabelatd2"&gt;Fulano de Tal (652.392.539-00)&lt;/td&gt;
		&lt;td class="tabelatd2"&gt;1&lt;/td&gt;
		&lt;td class="tabelatd2"&gt;Patrimonial&lt;/td&gt;
	&lt;/tr&gt;
	&lt;tr&gt;
		&lt;td class="tabelatd1"&gt;26&lt;/td&gt;
		&lt;td class="tabelatd1"&gt;Tipo Cobranca&lt;/td&gt;
		&lt;td class="tabelatd1"&gt;10/10/2018&lt;/td&gt;
		&lt;td class="tabelatd1"&gt;110.00&lt;/td&gt;
		&lt;td class="tabelatd1"&gt;10/28/2018 09:24:10&lt;/td&gt;
		&lt;td class="tabelatd1"&gt;Fulano de Tal (652.392.539-00)&lt;/td&gt;
		&lt;td class="tabelatd1"&gt;1&lt;/td&gt;
		&lt;td class="tabelatd1"&gt;Patrimonial&lt;/td&gt;
	&lt;/tr&gt;
	&lt;tr&gt;
		&lt;td class="tabelatd2"&gt;33&lt;/td&gt;
		&lt;td class="tabelatd2"&gt;Tipo Cobranca&lt;/td&gt;
		&lt;td class="tabelatd2"&gt;10/10/2018&lt;/td&gt;
		&lt;td class="tabelatd2"&gt;110.00&lt;/td&gt;
		&lt;td class="tabelatd2"&gt;10/28/2018 09:24:30&lt;/td&gt;
		&lt;td class="tabelatd2"&gt;Fulano de Tal (652.392.539-00)&lt;/td&gt;
		&lt;td class="tabelatd2"&gt;1&lt;/td&gt;
		&lt;td class="tabelatd2"&gt;Patrimonial&lt;/td&gt;
	&lt;/tr&gt;
	&lt;tr&gt;
		&lt;td class="tabelatd1"&gt;40&lt;/td&gt;
		&lt;td class="tabelatd1"&gt;Tipo Cobranca&lt;/td&gt;
		&lt;td class="tabelatd1"&gt;10/10/2018&lt;/td&gt;
		&lt;td class="tabelatd1"&gt;100.00&lt;/td&gt;
		&lt;td class="tabelatd1"&gt;10/28/2018 09:24:31&lt;/td&gt;
		&lt;td class="tabelatd1"&gt;Fulano de Tal (652.392.539-00)&lt;/td&gt;
		&lt;td class="tabelatd1"&gt;1&lt;/td&gt;
		&lt;td class="tabelatd1"&gt;Patrimonial&lt;/td&gt;
	&lt;/tr&gt;
	&lt;tr&gt;
		&lt;td class="tabelatd2"&gt;41&lt;/td&gt;
		&lt;td class="tabelatd2"&gt;Tipo Cobranca&lt;/td&gt;
		&lt;td class="tabelatd2"&gt;10/10/2018&lt;/td&gt;
		&lt;td class="tabelatd2"&gt;110.00&lt;/td&gt;
		&lt;td class="tabelatd2"&gt;10/28/2018 09:26:04&lt;/td&gt;
		&lt;td class="tabelatd2"&gt;Fulano de Tal (652.392.539-00)&lt;/td&gt;
		&lt;td class="tabelatd2"&gt;1&lt;/td&gt;
		&lt;td class="tabelatd2"&gt;Patrimonial&lt;/td&gt;
	&lt;/tr&gt;
	&lt;tr&gt;
		&lt;td class="tabelatd1"&gt;45&lt;/td&gt;
		&lt;td class="tabelatd1"&gt;Tipo Cobranca&lt;/td&gt;
		&lt;td class="tabelatd1"&gt;10/10/2018&lt;/td&gt;
		&lt;td class="tabelatd1"&gt;110.00&lt;/td&gt;
		&lt;td class="tabelatd1"&gt;10/28/2018 09:26:04&lt;/td&gt;
		&lt;td class="tabelatd1"&gt;Fulano de Tal (652.392.539-00)&lt;/td&gt;
		&lt;td class="tabelatd1"&gt;1&lt;/td&gt;
		&lt;td class="tabelatd1"&gt;Patrimonial&lt;/td&gt;
	&lt;/tr&gt;
	&lt;tr&gt;
		&lt;td class="tabelatd2"&gt;51&lt;/td&gt;
		&lt;td class="tabelatd2"&gt;Tipo Cobranca&lt;/td&gt;
		&lt;td class="tabelatd2"&gt;10/10/2018&lt;/td&gt;
		&lt;td class="tabelatd2"&gt;100.00&lt;/td&gt;
		&lt;td class="tabelatd2"&gt;10/28/2018 09:26:05&lt;/td&gt;
		&lt;td class="tabelatd2"&gt;Fulano de Tal (652.392.539-00)&lt;/td&gt;
		&lt;td class="tabelatd2"&gt;1&lt;/td&gt;
		&lt;td class="tabelatd2"&gt;Patrimonial&lt;/td&gt;
	&lt;/tr&gt;
	&lt;tr&gt;
		&lt;td class="tabelatd1"&gt;52&lt;/td&gt;
		&lt;td class="tabelatd1"&gt;Tipo Cobranca&lt;/td&gt;
		&lt;td class="tabelatd1"&gt;10/10/2018&lt;/td&gt;
		&lt;td class="tabelatd1"&gt;110.00&lt;/td&gt;
		&lt;td class="tabelatd1"&gt;10/28/2018 10:56:59&lt;/td&gt;
		&lt;td class="tabelatd1"&gt;Fulano de Tal (652.392.539-00)&lt;/td&gt;
		&lt;td class="tabelatd1"&gt;1&lt;/td&gt;
		&lt;td class="tabelatd1"&gt;Patrimonial&lt;/td&gt;
	&lt;/tr&gt;
	&lt;tr&gt;
		&lt;td class="tabelatd2"&gt;56&lt;/td&gt;
		&lt;td class="tabelatd2"&gt;Tipo Cobranca&lt;/td&gt;
		&lt;td class="tabelatd2"&gt;10/10/2018&lt;/td&gt;
		&lt;td class="tabelatd2"&gt;110.00&lt;/td&gt;
		&lt;td class="tabelatd2"&gt;10/28/2018 10:56:59&lt;/td&gt;
		&lt;td class="tabelatd2"&gt;Fulano de Tal (652.392.539-00)&lt;/td&gt;
		&lt;td class="tabelatd2"&gt;1&lt;/td&gt;
		&lt;td class="tabelatd2"&gt;Patrimonial&lt;/td&gt;
	&lt;/tr&gt;
	&lt;tr&gt;
		&lt;td class="tabelatd1"&gt;57&lt;/td&gt;
		&lt;td class="tabelatd1"&gt;Tipo Cobranca&lt;/td&gt;
		&lt;td class="tabelatd1"&gt;10/10/2018&lt;/td&gt;
		&lt;td class="tabelatd1"&gt;110.00&lt;/td&gt;
		&lt;td class="tabelatd1"&gt;10/28/2018 10:56:59&lt;/td&gt;
		&lt;td class="tabelatd1"&gt;Fulano de Tal (652.392.539-00)&lt;/td&gt;
		&lt;td class="tabelatd1"&gt;1&lt;/td&gt;
		&lt;td class="tabelatd1"&gt;Patrimonial&lt;/td&gt;
	&lt;/tr&gt;
	&lt;tr&gt;
		&lt;td class="tabelatd2"&gt;64&lt;/td&gt;
		&lt;td class="tabelatd2"&gt;Tipo Cobranca&lt;/td&gt;
		&lt;td class="tabelatd2"&gt;10/10/2018&lt;/td&gt;
		&lt;td class="tabelatd2"&gt;100.00&lt;/td&gt;
		&lt;td class="tabelatd2"&gt;10/28/2018 10:57:00&lt;/td&gt;
		&lt;td class="tabelatd2"&gt;Fulano de Tal (652.392.539-00)&lt;/td&gt;
		&lt;td class="tabelatd2"&gt;1&lt;/td&gt;
		&lt;td class="tabelatd2"&gt;Patrimonial&lt;/td&gt;
	&lt;/tr&gt;
	&lt;tr&gt;
		&lt;td class="tabelatd1"&gt;65&lt;/td&gt;
		&lt;td class="tabelatd1"&gt;Tipo Cobranca&lt;/td&gt;
		&lt;td class="tabelatd1"&gt;10/10/2018&lt;/td&gt;
		&lt;td class="tabelatd1"&gt;110.00&lt;/td&gt;
		&lt;td class="tabelatd1"&gt;10/28/2018 10:58:08&lt;/td&gt;
		&lt;td class="tabelatd1"&gt;Fulano de Tal (652.392.539-00)&lt;/td&gt;
		&lt;td class="tabelatd1"&gt;1&lt;/td&gt;
		&lt;td class="tabelatd1"&gt;Patrimonial&lt;/td&gt;
	&lt;/tr&gt;
	&lt;tr&gt;
		&lt;td class="tabelatd2"&gt;69&lt;/td&gt;
		&lt;td class="tabelatd2"&gt;Tipo Cobranca&lt;/td&gt;
		&lt;td class="tabelatd2"&gt;10/10/2018&lt;/td&gt;
		&lt;td class="tabelatd2"&gt;110.00&lt;/td&gt;
		&lt;td class="tabelatd2"&gt;10/28/2018 10:58:08&lt;/td&gt;
		&lt;td class="tabelatd2"&gt;Fulano de Tal (652.392.539-00)&lt;/td&gt;
		&lt;td class="tabelatd2"&gt;1&lt;/td&gt;
		&lt;td class="tabelatd2"&gt;Patrimonial&lt;/td&gt;
	&lt;/tr&gt;
	&lt;tr&gt;
		&lt;td class="tabelatd1"&gt;70&lt;/td&gt;
		&lt;td class="tabelatd1"&gt;Tipo Cobranca&lt;/td&gt;
		&lt;td class="tabelatd1"&gt;10/10/2018&lt;/td&gt;
		&lt;td class="tabelatd1"&gt;110.00&lt;/td&gt;
		&lt;td class="tabelatd1"&gt;10/28/2018 10:58:08&lt;/td&gt;
		&lt;td class="tabelatd1"&gt;Fulano de Tal (652.392.539-00)&lt;/td&gt;
		&lt;td class="tabelatd1"&gt;1&lt;/td&gt;
		&lt;td class="tabelatd1"&gt;Patrimonial&lt;/td&gt;
	&lt;/tr&gt;
	&lt;tr&gt;
		&lt;td class="tabelatd2"&gt;71&lt;/td&gt;
		&lt;td class="tabelatd2"&gt;Tipo Cobranca&lt;/td&gt;
		&lt;td class="tabelatd2"&gt;10/10/2018&lt;/td&gt;
		&lt;td class="tabelatd2"&gt;110.00&lt;/td&gt;
		&lt;td class="tabelatd2"&gt;10/28/2018 10:58:08&lt;/td&gt;
		&lt;td class="tabelatd2"&gt;Fulano de Tal (652.392.539-00)&lt;/td&gt;
		&lt;td class="tabelatd2"&gt;1&lt;/td&gt;
		&lt;td class="tabelatd2"&gt;Patrimonial&lt;/td&gt;
	&lt;/tr&gt;
	&lt;tr&gt;
		&lt;td class="tabelatd1"&gt;79&lt;/td&gt;
		&lt;td class="tabelatd1"&gt;Tipo Cobranca&lt;/td&gt;
		&lt;td class="tabelatd1"&gt;10/10/2018&lt;/td&gt;
		&lt;td class="tabelatd1"&gt;100.00&lt;/td&gt;
		&lt;td class="tabelatd1"&gt;10/28/2018 10:58:09&lt;/td&gt;
		&lt;td class="tabelatd1"&gt;Fulano de Tal (652.392.539-00)&lt;/td&gt;
		&lt;td class="tabelatd1"&gt;1&lt;/td&gt;
		&lt;td class="tabelatd1"&gt;Patrimonial&lt;/td&gt;
	&lt;/tr&gt;
	&lt;tr&gt;
		&lt;td class="tabelatd2"&gt;80&lt;/td&gt;
		&lt;td class="tabelatd2"&gt;Tipo Cobranca&lt;/td&gt;
		&lt;td class="tabelatd2"&gt;10/10/2018&lt;/td&gt;
		&lt;td class="tabelatd2"&gt;110.00&lt;/td&gt;
		&lt;td class="tabelatd2"&gt;10/28/2018 11:01:20&lt;/td&gt;
		&lt;td class="tabelatd2"&gt;Fulano de Tal (652.392.539-00)&lt;/td&gt;
		&lt;td class="tabelatd2"&gt;1&lt;/td&gt;
		&lt;td class="tabelatd2"&gt;Patrimonial&lt;/td&gt;
	&lt;/tr&gt;
	&lt;tr&gt;
		&lt;td class="tabelatd1"&gt;84&lt;/td&gt;
		&lt;td class="tabelatd1"&gt;Tipo Cobranca&lt;/td&gt;
		&lt;td class="tabelatd1"&gt;10/10/2018&lt;/td&gt;
		&lt;td class="tabelatd1"&gt;110.00&lt;/td&gt;
		&lt;td class="tabelatd1"&gt;10/28/2018 11:01:20&lt;/td&gt;
		&lt;td class="tabelatd1"&gt;Fulano de Tal (652.392.539-00)&lt;/td&gt;
		&lt;td class="tabelatd1"&gt;1&lt;/td&gt;
		&lt;td class="tabelatd1"&gt;Patrimonial&lt;/td&gt;
	&lt;/tr&gt;
	&lt;tr&gt;
		&lt;td class="tabelatd2"&gt;85&lt;/td&gt;
		&lt;td class="tabelatd2"&gt;Tipo Cobranca&lt;/td&gt;
		&lt;td class="tabelatd2"&gt;10/10/2018&lt;/td&gt;
		&lt;td class="tabelatd2"&gt;110.00&lt;/td&gt;
		&lt;td class="tabelatd2"&gt;10/28/2018 11:01:20&lt;/td&gt;
		&lt;td class="tabelatd2"&gt;Fulano de Tal (652.392.539-00)&lt;/td&gt;
		&lt;td class="tabelatd2"&gt;1&lt;/td&gt;
		&lt;td class="tabelatd2"&gt;Patrimonial&lt;/td&gt;
	&lt;/tr&gt;
	&lt;tr&gt;
		&lt;td class="tabelatd1"&gt;86&lt;/td&gt;
		&lt;td class="tabelatd1"&gt;Tipo Cobranca&lt;/td&gt;
		&lt;td class="tabelatd1"&gt;10/10/2018&lt;/td&gt;
		&lt;td class="tabelatd1"&gt;110.00&lt;/td&gt;
		&lt;td class="tabelatd1"&gt;10/28/2018 11:01:20&lt;/td&gt;
		&lt;td class="tabelatd1"&gt;Fulano de Tal (652.392.539-00)&lt;/td&gt;
		&lt;td class="tabelatd1"&gt;1&lt;/td&gt;
		&lt;td class="tabelatd1"&gt;Patrimonial&lt;/td&gt;
	&lt;/tr&gt;
	&lt;tr&gt;
		&lt;td class="tabelatd2"&gt;87&lt;/td&gt;
		&lt;td class="tabelatd2"&gt;Tipo Cobranca&lt;/td&gt;
		&lt;td class="tabelatd2"&gt;10/10/2018&lt;/td&gt;
		&lt;td class="tabelatd2"&gt;110.00&lt;/td&gt;
		&lt;td class="tabelatd2"&gt;10/28/2018 11:01:20&lt;/td&gt;
		&lt;td class="tabelatd2"&gt;Fulano de Tal (652.392.539-00)&lt;/td&gt;
		&lt;td class="tabelatd2"&gt;1&lt;/td&gt;
		&lt;td class="tabelatd2"&gt;Patrimonial&lt;/td&gt;
	&lt;/tr&gt;
	&lt;tr&gt;
		&lt;td class="tabelatd1"&gt;96&lt;/td&gt;
		&lt;td class="tabelatd1"&gt;Tipo Cobranca&lt;/td&gt;
		&lt;td class="tabelatd1"&gt;10/10/2018&lt;/td&gt;
		&lt;td class="tabelatd1"&gt;110.00&lt;/td&gt;
		&lt;td class="tabelatd1"&gt;10/28/2018 11:01:33&lt;/td&gt;
		&lt;td class="tabelatd1"&gt;Fulano de Tal (652.392.539-00)&lt;/td&gt;
		&lt;td class="tabelatd1"&gt;1&lt;/td&gt;
		&lt;td class="tabelatd1"&gt;Patrimonial&lt;/td&gt;
	&lt;/tr&gt;
	&lt;tr&gt;
		&lt;td class="tabelatd2"&gt;100&lt;/td&gt;
		&lt;td class="tabelatd2"&gt;Tipo Cobranca&lt;/td&gt;
		&lt;td class="tabelatd2"&gt;10/10/2018&lt;/td&gt;
		&lt;td class="tabelatd2"&gt;110.00&lt;/td&gt;
		&lt;td class="tabelatd2"&gt;10/28/2018 11:01:33&lt;/td&gt;
		&lt;td class="tabelatd2"&gt;Fulano de Tal (652.392.539-00)&lt;/td&gt;
		&lt;td class="tabelatd2"&gt;1&lt;/td&gt;
		&lt;td class="tabelatd2"&gt;Patrimonial&lt;/td&gt;
	&lt;/tr&gt;
	&lt;tr&gt;
		&lt;td class="tabelatd1"&gt;101&lt;/td&gt;
		&lt;td class="tabelatd1"&gt;Tipo Cobranca&lt;/td&gt;
		&lt;td class="tabelatd1"&gt;10/10/2018&lt;/td&gt;
		&lt;td class="tabelatd1"&gt;110.00&lt;/td&gt;
		&lt;td class="tabelatd1"&gt;10/28/2018 11:01:33&lt;/td&gt;
		&lt;td class="tabelatd1"&gt;Fulano de Tal (652.392.539-00)&lt;/td&gt;
		&lt;td class="tabelatd1"&gt;1&lt;/td&gt;
		&lt;td class="tabelatd1"&gt;Patrimonial&lt;/td&gt;
	&lt;/tr&gt;
	&lt;tr&gt;
		&lt;td class="tabelatd2"&gt;102&lt;/td&gt;
		&lt;td class="tabelatd2"&gt;Tipo Cobranca&lt;/td&gt;
		&lt;td class="tabelatd2"&gt;10/10/2018&lt;/td&gt;
		&lt;td class="tabelatd2"&gt;110.00&lt;/td&gt;
		&lt;td class="tabelatd2"&gt;10/28/2018 11:01:33&lt;/td&gt;
		&lt;td class="tabelatd2"&gt;Fulano de Tal (652.392.539-00)&lt;/td&gt;
		&lt;td class="tabelatd2"&gt;1&lt;/td&gt;
		&lt;td class="tabelatd2"&gt;Patrimonial&lt;/td&gt;
	&lt;/tr&gt;
	&lt;tr&gt;
		&lt;td class="tabelatd1"&gt;103&lt;/td&gt;
		&lt;td class="tabelatd1"&gt;Tipo Cobranca&lt;/td&gt;
		&lt;td class="tabelatd1"&gt;10/10/2018&lt;/td&gt;
		&lt;td class="tabelatd1"&gt;110.00&lt;/td&gt;
		&lt;td class="tabelatd1"&gt;10/28/2018 11:01:33&lt;/td&gt;
		&lt;td class="tabelatd1"&gt;Fulano de Tal (652.392.539-00)&lt;/td&gt;
		&lt;td class="tabelatd1"&gt;1&lt;/td&gt;
		&lt;td class="tabelatd1"&gt;Patrimonial&lt;/td&gt;
	&lt;/tr&gt;
	&lt;tr&gt;
		&lt;td class="tabelatd2"&gt;112&lt;/td&gt;
		&lt;td class="tabelatd2"&gt;Tipo Cobranca&lt;/td&gt;
		&lt;td class="tabelatd2"&gt;10/10/2018&lt;/td&gt;
		&lt;td class="tabelatd2"&gt;100.00&lt;/td&gt;
		&lt;td class="tabelatd2"&gt;10/28/2018 11:01:35&lt;/td&gt;
		&lt;td class="tabelatd2"&gt;Fulano de Tal (652.392.539-00)&lt;/td&gt;
		&lt;td class="tabelatd2"&gt;1&lt;/td&gt;
		&lt;td class="tabelatd2"&gt;Patrimonial&lt;/td&gt;
	&lt;/tr&gt;
	&lt;tr&gt;
		&lt;td class="tabelatd1"&gt;113&lt;/td&gt;
		&lt;td class="tabelatd1"&gt;Tipo Cobranca&lt;/td&gt;
		&lt;td class="tabelatd1"&gt;10/10/2018&lt;/td&gt;
		&lt;td class="tabelatd1"&gt;100.00&lt;/td&gt;
		&lt;td class="tabelatd1"&gt;10/28/2018 11:03:49&lt;/td&gt;
		&lt;td class="tabelatd1"&gt;Fulano de Tal (652.392.539-00)&lt;/td&gt;
		&lt;td class="tabelatd1"&gt;1&lt;/td&gt;
		&lt;td class="tabelatd1"&gt;Patrimonial&lt;/td&gt;
	&lt;/tr&gt;
	&lt;tr&gt;
		&lt;td class="tabelatd2"&gt;114&lt;/td&gt;
		&lt;td class="tabelatd2"&gt;Tipo Cobranca&lt;/td&gt;
		&lt;td class="tabelatd2"&gt;10/10/2018&lt;/td&gt;
		&lt;td class="tabelatd2"&gt;100.00&lt;/td&gt;
		&lt;td class="tabelatd2"&gt;10/28/2018 11:05:27&lt;/td&gt;
		&lt;td class="tabelatd2"&gt;Fulano de Tal (652.392.539-00)&lt;/td&gt;
		&lt;td class="tabelatd2"&gt;1&lt;/td&gt;
		&lt;td class="tabelatd2"&gt;Patrimonial&lt;/td&gt;
	&lt;/tr&gt;
	&lt;tr&gt;
		&lt;td class="tabelatd1"&gt;115&lt;/td&gt;
		&lt;td class="tabelatd1"&gt;Tipo Cobranca&lt;/td&gt;
		&lt;td class="tabelatd1"&gt;10/10/2018&lt;/td&gt;
		&lt;td class="tabelatd1"&gt;100.00&lt;/td&gt;
		&lt;td class="tabelatd1"&gt;10/28/2018 11:05:45&lt;/td&gt;
		&lt;td class="tabelatd1"&gt;Fulano de Tal (652.392.539-00)&lt;/td&gt;
		&lt;td class="tabelatd1"&gt;1&lt;/td&gt;
		&lt;td class="tabelatd1"&gt;Patrimonial&lt;/td&gt;
	&lt;/tr&gt;
	&lt;tr&gt;
		&lt;td class="tabelatd2"&gt;116&lt;/td&gt;
		&lt;td class="tabelatd2"&gt;Tipo Cobranca&lt;/td&gt;
		&lt;td class="tabelatd2"&gt;10/10/2018&lt;/td&gt;
		&lt;td class="tabelatd2"&gt;100.00&lt;/td&gt;
		&lt;td class="tabelatd2"&gt;10/28/2018 11:09:42&lt;/td&gt;
		&lt;td class="tabelatd2"&gt;Fulano de Tal (652.392.539-00)&lt;/td&gt;
		&lt;td class="tabelatd2"&gt;1&lt;/td&gt;
		&lt;td class="tabelatd2"&gt;Patrimonial&lt;/td&gt;
	&lt;/tr&gt;
	&lt;tr&gt;
		&lt;td class="tabelatd1"&gt;117&lt;/td&gt;
		&lt;td class="tabelatd1"&gt;Tipo Cobranca&lt;/td&gt;
		&lt;td class="tabelatd1"&gt;10/10/2018&lt;/td&gt;
		&lt;td class="tabelatd1"&gt;100.00&lt;/td&gt;
		&lt;td class="tabelatd1"&gt;10/28/2018 11:14:11&lt;/td&gt;
		&lt;td class="tabelatd1"&gt;Fulano de Tal (652.392.539-00)&lt;/td&gt;
		&lt;td class="tabelatd1"&gt;1&lt;/td&gt;
		&lt;td class="tabelatd1"&gt;Patrimonial&lt;/td&gt;
	&lt;/tr&gt;
	&lt;tr&gt;
		&lt;td class="tabelatd2"&gt;118&lt;/td&gt;
		&lt;td class="tabelatd2"&gt;Tipo Cobranca&lt;/td&gt;
		&lt;td class="tabelatd2"&gt;10/10/2018&lt;/td&gt;
		&lt;td class="tabelatd2"&gt;100.00&lt;/td&gt;
		&lt;td class="tabelatd2"&gt;10/28/2018 11:14:19&lt;/td&gt;
		&lt;td class="tabelatd2"&gt;Fulano de Tal (652.392.539-00)&lt;/td&gt;
		&lt;td class="tabelatd2"&gt;1&lt;/td&gt;
		&lt;td class="tabelatd2"&gt;Patrimonial&lt;/td&gt;
	&lt;/tr&gt;
	&lt;tr&gt;
		&lt;td class="tabelatd1"&gt;119&lt;/td&gt;
		&lt;td class="tabelatd1"&gt;Tipo Cobranca&lt;/td&gt;
		&lt;td class="tabelatd1"&gt;10/10/2018&lt;/td&gt;
		&lt;td class="tabelatd1"&gt;100.00&lt;/td&gt;
		&lt;td class="tabelatd1"&gt;10/28/2018 11:14:51&lt;/td&gt;
		&lt;td class="tabelatd1"&gt;Fulano de Tal (652.392.539-00)&lt;/td&gt;
		&lt;td class="tabelatd1"&gt;1&lt;/td&gt;
		&lt;td class="tabelatd1"&gt;Patrimonial&lt;/td&gt;
	&lt;/tr&gt;
	&lt;tr&gt;
		&lt;td class="tabelatd2"&gt;120&lt;/td&gt;
		&lt;td class="tabelatd2"&gt;Tipo Cobranca&lt;/td&gt;
		&lt;td class="tabelatd2"&gt;10/10/2018&lt;/td&gt;
		&lt;td class="tabelatd2"&gt;100.00&lt;/td&gt;
		&lt;td class="tabelatd2"&gt;10/28/2018 11:15:54&lt;/td&gt;
		&lt;td class="tabelatd2"&gt;Fulano de Tal (652.392.539-00)&lt;/td&gt;
		&lt;td class="tabelatd2"&gt;1&lt;/td&gt;
		&lt;td class="tabelatd2"&gt;Patrimonial&lt;/td&gt;
	&lt;/tr&gt;
	&lt;tr&gt;
		&lt;td class="tabelatd1"&gt;121&lt;/td&gt;
		&lt;td class="tabelatd1"&gt;Tipo Cobranca&lt;/td&gt;
		&lt;td class="tabelatd1"&gt;10/10/2018&lt;/td&gt;
		&lt;td class="tabelatd1"&gt;100.00&lt;/td&gt;
		&lt;td class="tabelatd1"&gt;10/28/2018 11:16:44&lt;/td&gt;
		&lt;td class="tabelatd1"&gt;Fulano de Tal (652.392.539-00)&lt;/td&gt;
		&lt;td class="tabelatd1"&gt;1&lt;/td&gt;
		&lt;td class="tabelatd1"&gt;Patrimonial&lt;/td&gt;
	&lt;/tr&gt;
	&lt;tr&gt;
		&lt;td class="tabelatd2"&gt;122&lt;/td&gt;
		&lt;td class="tabelatd2"&gt;Tipo Cobranca&lt;/td&gt;
		&lt;td class="tabelatd2"&gt;10/10/2018&lt;/td&gt;
		&lt;td class="tabelatd2"&gt;100.00&lt;/td&gt;
		&lt;td class="tabelatd2"&gt;10/28/2018 11:17:34&lt;/td&gt;
		&lt;td class="tabelatd2"&gt;Fulano de Tal (652.392.539-00)&lt;/td&gt;
		&lt;td class="tabelatd2"&gt;1&lt;/td&gt;
		&lt;td class="tabelatd2"&gt;Patrimonial&lt;/td&gt;
	&lt;/tr&gt;
	&lt;tr&gt;
		&lt;td class="tabelatd1"&gt;123&lt;/td&gt;
		&lt;td class="tabelatd1"&gt;Tipo Cobranca&lt;/td&gt;
		&lt;td class="tabelatd1"&gt;10/10/2018&lt;/td&gt;
		&lt;td class="tabelatd1"&gt;110.00&lt;/td&gt;
		&lt;td class="tabelatd1"&gt;10/28/2018 11:17:56&lt;/td&gt;
		&lt;td class="tabelatd1"&gt;Fulano de Tal (652.392.539-00)&lt;/td&gt;
		&lt;td class="tabelatd1"&gt;1&lt;/td&gt;
		&lt;td class="tabelatd1"&gt;Patrimonial&lt;/td&gt;
	&lt;/tr&gt;
	&lt;tr&gt;
		&lt;td class="tabelatd2"&gt;127&lt;/td&gt;
		&lt;td class="tabelatd2"&gt;Tipo Cobranca&lt;/td&gt;
		&lt;td class="tabelatd2"&gt;10/10/2018&lt;/td&gt;
		&lt;td class="tabelatd2"&gt;110.00&lt;/td&gt;
		&lt;td class="tabelatd2"&gt;10/28/2018 11:17:56&lt;/td&gt;
		&lt;td class="tabelatd2"&gt;Fulano de Tal (652.392.539-00)&lt;/td&gt;
		&lt;td class="tabelatd2"&gt;1&lt;/td&gt;
		&lt;td class="tabelatd2"&gt;Patrimonial&lt;/td&gt;
	&lt;/tr&gt;
	&lt;tr&gt;
		&lt;td class="tabelatd1"&gt;128&lt;/td&gt;
		&lt;td class="tabelatd1"&gt;Tipo Cobranca&lt;/td&gt;
		&lt;td class="tabelatd1"&gt;10/10/2018&lt;/td&gt;
		&lt;td class="tabelatd1"&gt;110.00&lt;/td&gt;
		&lt;td class="tabelatd1"&gt;10/28/2018 11:17:56&lt;/td&gt;
		&lt;td class="tabelatd1"&gt;Fulano de Tal (652.392.539-00)&lt;/td&gt;
		&lt;td class="tabelatd1"&gt;1&lt;/td&gt;
		&lt;td class="tabelatd1"&gt;Patrimonial&lt;/td&gt;
	&lt;/tr&gt;
	&lt;tr&gt;
		&lt;td class="tabelatd2"&gt;129&lt;/td&gt;
		&lt;td class="tabelatd2"&gt;Tipo Cobranca&lt;/td&gt;
		&lt;td class="tabelatd2"&gt;10/10/2018&lt;/td&gt;
		&lt;td class="tabelatd2"&gt;110.00&lt;/td&gt;
		&lt;td class="tabelatd2"&gt;10/28/2018 11:17:56&lt;/td&gt;
		&lt;td class="tabelatd2"&gt;Fulano de Tal (652.392.539-00)&lt;/td&gt;
		&lt;td class="tabelatd2"&gt;1&lt;/td&gt;
		&lt;td class="tabelatd2"&gt;Patrimonial&lt;/td&gt;
	&lt;/tr&gt;
	&lt;tr&gt;
		&lt;td class="tabelatd1"&gt;130&lt;/td&gt;
		&lt;td class="tabelatd1"&gt;Tipo Cobranca&lt;/td&gt;
		&lt;td class="tabelatd1"&gt;10/10/2018&lt;/td&gt;
		&lt;td class="tabelatd1"&gt;110.00&lt;/td&gt;
		&lt;td class="tabelatd1"&gt;10/28/2018 11:17:56&lt;/td&gt;
		&lt;td class="tabelatd1"&gt;Fulano de Tal (652.392.539-00)&lt;/td&gt;
		&lt;td class="tabelatd1"&gt;1&lt;/td&gt;
		&lt;td class="tabelatd1"&gt;Patrimonial&lt;/td&gt;
	&lt;/tr&gt;
	&lt;tr&gt;
		&lt;td class="tabelatd2"&gt;131&lt;/td&gt;
		&lt;td class="tabelatd2"&gt;Tipo Cobranca&lt;/td&gt;
		&lt;td class="tabelatd2"&gt;10/10/2018&lt;/td&gt;
		&lt;td class="tabelatd2"&gt;110.00&lt;/td&gt;
		&lt;td class="tabelatd2"&gt;10/28/2018 11:17:56&lt;/td&gt;
		&lt;td class="tabelatd2"&gt;Fulano de Tal (652.392.539-00)&lt;/td&gt;
		&lt;td class="tabelatd2"&gt;1&lt;/td&gt;
		&lt;td class="tabelatd2"&gt;Patrimonial&lt;/td&gt;
	&lt;/tr&gt;
	&lt;tr&gt;
		&lt;td class="tabelatd1"&gt;141&lt;/td&gt;
		&lt;td class="tabelatd1"&gt;Tipo Cobranca&lt;/td&gt;
		&lt;td class="tabelatd1"&gt;10/10/2018&lt;/td&gt;
		&lt;td class="tabelatd1"&gt;100.00&lt;/td&gt;
		&lt;td class="tabelatd1"&gt;10/28/2018 11:17:57&lt;/td&gt;
		&lt;td class="tabelatd1"&gt;Fulano de Tal (652.392.539-00)&lt;/td&gt;
		&lt;td class="tabelatd1"&gt;1&lt;/td&gt;
		&lt;td class="tabelatd1"&gt;Patrimonial&lt;/td&gt;
	&lt;/tr&gt;
	&lt;tr&gt;
		&lt;td class="tabelatd2"&gt;142&lt;/td&gt;
		&lt;td class="tabelatd2"&gt;Tipo Cobranca&lt;/td&gt;
		&lt;td class="tabelatd2"&gt;10/10/2018&lt;/td&gt;
		&lt;td class="tabelatd2"&gt;100.00&lt;/td&gt;
		&lt;td class="tabelatd2"&gt;10/28/2018 11:18:56&lt;/td&gt;
		&lt;td class="tabelatd2"&gt;Fulano de Tal (652.392.539-00)&lt;/td&gt;
		&lt;td class="tabelatd2"&gt;1&lt;/td&gt;
		&lt;td class="tabelatd2"&gt;Patrimonial&lt;/td&gt;
	&lt;/tr&gt;
	&lt;tr&gt;
		&lt;td class="tabelatd1"&gt;143&lt;/td&gt;
		&lt;td class="tabelatd1"&gt;Tipo Cobranca&lt;/td&gt;
		&lt;td class="tabelatd1"&gt;10/10/2018&lt;/td&gt;
		&lt;td class="tabelatd1"&gt;100.00&lt;/td&gt;
		&lt;td class="tabelatd1"&gt;10/28/2018 11:19:20&lt;/td&gt;
		&lt;td class="tabelatd1"&gt;Fulano de Tal (652.392.539-00)&lt;/td&gt;
		&lt;td class="tabelatd1"&gt;1&lt;/td&gt;
		&lt;td class="tabelatd1"&gt;Patrimonial&lt;/td&gt;
	&lt;/tr&gt;
	&lt;tr&gt;
		&lt;td class="tabelatd2"&gt;144&lt;/td&gt;
		&lt;td class="tabelatd2"&gt;Tipo Cobranca&lt;/td&gt;
		&lt;td class="tabelatd2"&gt;10/10/2018&lt;/td&gt;
		&lt;td class="tabelatd2"&gt;100.00&lt;/td&gt;
		&lt;td class="tabelatd2"&gt;10/28/2018 11:20:10&lt;/td&gt;
		&lt;td class="tabelatd2"&gt;Fulano de Tal (652.392.539-00)&lt;/td&gt;
		&lt;td class="tabelatd2"&gt;1&lt;/td&gt;
		&lt;td class="tabelatd2"&gt;Patrimonial&lt;/td&gt;
	&lt;/tr&gt;
	&lt;tr&gt;
		&lt;td class="tabelatd1"&gt;145&lt;/td&gt;
		&lt;td class="tabelatd1"&gt;Tipo Cobranca&lt;/td&gt;
		&lt;td class="tabelatd1"&gt;10/10/2018&lt;/td&gt;
		&lt;td class="tabelatd1"&gt;100.00&lt;/td&gt;
		&lt;td class="tabelatd1"&gt;10/28/2018 11:21:00&lt;/td&gt;
		&lt;td class="tabelatd1"&gt;Fulano de Tal (652.392.539-00)&lt;/td&gt;
		&lt;td class="tabelatd1"&gt;1&lt;/td&gt;
		&lt;td class="tabelatd1"&gt;Patrimonial&lt;/td&gt;
	&lt;/tr&gt;
	&lt;tr&gt;
		&lt;td class="tabelatd2"&gt;146&lt;/td&gt;
		&lt;td class="tabelatd2"&gt;Tipo Cobranca&lt;/td&gt;
		&lt;td class="tabelatd2"&gt;10/10/2018&lt;/td&gt;
		&lt;td class="tabelatd2"&gt;100.00&lt;/td&gt;
		&lt;td class="tabelatd2"&gt;10/28/2018 11:21:35&lt;/td&gt;
		&lt;td class="tabelatd2"&gt;Fulano de Tal (652.392.539-00)&lt;/td&gt;
		&lt;td class="tabelatd2"&gt;1&lt;/td&gt;
		&lt;td class="tabelatd2"&gt;Patrimonial&lt;/td&gt;
	&lt;/tr&gt;
	&lt;tr&gt;
		&lt;td class="tabelatd1"&gt;147&lt;/td&gt;
		&lt;td class="tabelatd1"&gt;Tipo Cobranca&lt;/td&gt;
		&lt;td class="tabelatd1"&gt;10/10/2018&lt;/td&gt;
		&lt;td class="tabelatd1"&gt;110.00&lt;/td&gt;
		&lt;td class="tabelatd1"&gt;10/28/2018 11:22:20&lt;/td&gt;
		&lt;td class="tabelatd1"&gt;Fulano de Tal (652.392.539-00)&lt;/td&gt;
		&lt;td class="tabelatd1"&gt;1&lt;/td&gt;
		&lt;td class="tabelatd1"&gt;Patrimonial&lt;/td&gt;
	&lt;/tr&gt;
	&lt;tr&gt;
		&lt;td class="tabelatd2"&gt;151&lt;/td&gt;
		&lt;td class="tabelatd2"&gt;Tipo Cobranca&lt;/td&gt;
		&lt;td class="tabelatd2"&gt;10/10/2018&lt;/td&gt;
		&lt;td class="tabelatd2"&gt;110.00&lt;/td&gt;
		&lt;td class="tabelatd2"&gt;10/28/2018 11:22:20&lt;/td&gt;
		&lt;td class="tabelatd2"&gt;Fulano de Tal (652.392.539-00)&lt;/td&gt;
		&lt;td class="tabelatd2"&gt;1&lt;/td&gt;
		&lt;td class="tabelatd2"&gt;Patrimonial&lt;/td&gt;
	&lt;/tr&gt;
	&lt;tr&gt;
		&lt;td class="tabelatd1"&gt;152&lt;/td&gt;
		&lt;td class="tabelatd1"&gt;Tipo Cobranca&lt;/td&gt;
		&lt;td class="tabelatd1"&gt;10/10/2018&lt;/td&gt;
		&lt;td class="tabelatd1"&gt;110.00&lt;/td&gt;
		&lt;td class="tabelatd1"&gt;10/28/2018 11:22:20&lt;/td&gt;
		&lt;td class="tabelatd1"&gt;Fulano de Tal (652.392.539-00)&lt;/td&gt;
		&lt;td class="tabelatd1"&gt;1&lt;/td&gt;
		&lt;td class="tabelatd1"&gt;Patrimonial&lt;/td&gt;
	&lt;/tr&gt;
	&lt;tr&gt;
		&lt;td class="tabelatd2"&gt;153&lt;/td&gt;
		&lt;td class="tabelatd2"&gt;Tipo Cobranca&lt;/td&gt;
		&lt;td class="tabelatd2"&gt;10/10/2018&lt;/td&gt;
		&lt;td class="tabelatd2"&gt;110.00&lt;/td&gt;
		&lt;td class="tabelatd2"&gt;10/28/2018 11:22:20&lt;/td&gt;
		&lt;td class="tabelatd2"&gt;Fulano de Tal (652.392.539-00)&lt;/td&gt;
		&lt;td class="tabelatd2"&gt;1&lt;/td&gt;
		&lt;td class="tabelatd2"&gt;Patrimonial&lt;/td&gt;
	&lt;/tr&gt;
	&lt;tr&gt;
		&lt;td class="tabelatd1"&gt;154&lt;/td&gt;
		&lt;td class="tabelatd1"&gt;Tipo Cobranca&lt;/td&gt;
		&lt;td class="tabelatd1"&gt;10/10/2018&lt;/td&gt;
		&lt;td class="tabelatd1"&gt;110.00&lt;/td&gt;
		&lt;td class="tabelatd1"&gt;10/28/2018 11:22:20&lt;/td&gt;
		&lt;td class="tabelatd1"&gt;Fulano de Tal (652.392.539-00)&lt;/td&gt;
		&lt;td class="tabelatd1"&gt;1&lt;/td&gt;
		&lt;td class="tabelatd1"&gt;Patrimonial&lt;/td&gt;
	&lt;/tr&gt;
	&lt;tr&gt;
		&lt;td class="tabelatd2"&gt;155&lt;/td&gt;
		&lt;td class="tabelatd2"&gt;Tipo Cobranca&lt;/td&gt;
		&lt;td class="tabelatd2"&gt;10/10/2018&lt;/td&gt;
		&lt;td class="tabelatd2"&gt;110.00&lt;/td&gt;
		&lt;td class="tabelatd2"&gt;10/28/2018 11:22:20&lt;/td&gt;
		&lt;td class="tabelatd2"&gt;Fulano de Tal (652.392.539-00)&lt;/td&gt;
		&lt;td class="tabelatd2"&gt;1&lt;/td&gt;
		&lt;td class="tabelatd2"&gt;Patrimonial&lt;/td&gt;
	&lt;/tr&gt;
	&lt;tr&gt;
		&lt;td class="tabelatd1"&gt;156&lt;/td&gt;
		&lt;td class="tabelatd1"&gt;Tipo Cobranca&lt;/td&gt;
		&lt;td class="tabelatd1"&gt;10/10/2018&lt;/td&gt;
		&lt;td class="tabelatd1"&gt;110.00&lt;/td&gt;
		&lt;td class="tabelatd1"&gt;10/28/2018 11:22:20&lt;/td&gt;
		&lt;td class="tabelatd1"&gt;Fulano de Tal (652.392.539-00)&lt;/td&gt;
		&lt;td class="tabelatd1"&gt;1&lt;/td&gt;
		&lt;td class="tabelatd1"&gt;Patrimonial&lt;/td&gt;
	&lt;/tr&gt;
	&lt;tr&gt;
		&lt;td class="tabelatd2"&gt;167&lt;/td&gt;
		&lt;td class="tabelatd2"&gt;Tipo Cobranca&lt;/td&gt;
		&lt;td class="tabelatd2"&gt;10/10/2018&lt;/td&gt;
		&lt;td class="tabelatd2"&gt;110.00&lt;/td&gt;
		&lt;td class="tabelatd2"&gt;10/28/2018 11:24:34&lt;/td&gt;
		&lt;td class="tabelatd2"&gt;Fulano de Tal (652.392.539-00)&lt;/td&gt;
		&lt;td class="tabelatd2"&gt;1&lt;/td&gt;
		&lt;td class="tabelatd2"&gt;Patrimonial&lt;/td&gt;
	&lt;/tr&gt;
	&lt;tr&gt;
		&lt;td class="tabelatd1"&gt;171&lt;/td&gt;
		&lt;td class="tabelatd1"&gt;Tipo Cobranca&lt;/td&gt;
		&lt;td class="tabelatd1"&gt;10/10/2018&lt;/td&gt;
		&lt;td class="tabelatd1"&gt;110.00&lt;/td&gt;
		&lt;td class="tabelatd1"&gt;10/28/2018 11:24:34&lt;/td&gt;
		&lt;td class="tabelatd1"&gt;Fulano de Tal (652.392.539-00)&lt;/td&gt;
		&lt;td class="tabelatd1"&gt;1&lt;/td&gt;
		&lt;td class="tabelatd1"&gt;Patrimonial&lt;/td&gt;
	&lt;/tr&gt;
	&lt;tr&gt;
		&lt;td class="tabelatd2"&gt;172&lt;/td&gt;
		&lt;td class="tabelatd2"&gt;Tipo Cobranca&lt;/td&gt;
		&lt;td class="tabelatd2"&gt;10/10/2018&lt;/td&gt;
		&lt;td class="tabelatd2"&gt;110.00&lt;/td&gt;
		&lt;td class="tabelatd2"&gt;10/28/2018 11:24:34&lt;/td&gt;
		&lt;td class="tabelatd2"&gt;Fulano de Tal (652.392.539-00)&lt;/td&gt;
		&lt;td class="tabelatd2"&gt;1&lt;/td&gt;
		&lt;td class="tabelatd2"&gt;Patrimonial&lt;/td&gt;
	&lt;/tr&gt;
	&lt;tr&gt;
		&lt;td class="tabelatd1"&gt;173&lt;/td&gt;
		&lt;td class="tabelatd1"&gt;Tipo Cobranca&lt;/td&gt;
		&lt;td class="tabelatd1"&gt;10/10/2018&lt;/td&gt;
		&lt;td class="tabelatd1"&gt;110.00&lt;/td&gt;
		&lt;td class="tabelatd1"&gt;10/28/2018 11:24:34&lt;/td&gt;
		&lt;td class="tabelatd1"&gt;Fulano de Tal (652.392.539-00)&lt;/td&gt;
		&lt;td class="tabelatd1"&gt;1&lt;/td&gt;
		&lt;td class="tabelatd1"&gt;Patrimonial&lt;/td&gt;
	&lt;/tr&gt;
	&lt;tr&gt;
		&lt;td class="tabelatd2"&gt;174&lt;/td&gt;
		&lt;td class="tabelatd2"&gt;Tipo Cobranca&lt;/td&gt;
		&lt;td class="tabelatd2"&gt;10/10/2018&lt;/td&gt;
		&lt;td class="tabelatd2"&gt;110.00&lt;/td&gt;
		&lt;td class="tabelatd2"&gt;10/28/2018 11:24:34&lt;/td&gt;
		&lt;td class="tabelatd2"&gt;Fulano de Tal (652.392.539-00)&lt;/td&gt;
		&lt;td class="tabelatd2"&gt;1&lt;/td&gt;
		&lt;td class="tabelatd2"&gt;Patrimonial&lt;/td&gt;
	&lt;/tr&gt;
	&lt;tr&gt;
		&lt;td class="tabelatd1"&gt;175&lt;/td&gt;
		&lt;td class="tabelatd1"&gt;Tipo Cobranca&lt;/td&gt;
		&lt;td class="tabelatd1"&gt;10/10/2018&lt;/td&gt;
		&lt;td class="tabelatd1"&gt;110.00&lt;/td&gt;
		&lt;td class="tabelatd1"&gt;10/28/2018 11:24:34&lt;/td&gt;
		&lt;td class="tabelatd1"&gt;Fulano de Tal (652.392.539-00)&lt;/td&gt;
		&lt;td class="tabelatd1"&gt;1&lt;/td&gt;
		&lt;td class="tabelatd1"&gt;Patrimonial&lt;/td&gt;
	&lt;/tr&gt;
	&lt;tr&gt;
		&lt;td class="tabelatd2"&gt;176&lt;/td&gt;
		&lt;td class="tabelatd2"&gt;Tipo Cobranca&lt;/td&gt;
		&lt;td class="tabelatd2"&gt;10/10/2018&lt;/td&gt;
		&lt;td class="tabelatd2"&gt;110.00&lt;/td&gt;
		&lt;td class="tabelatd2"&gt;10/28/2018 11:24:34&lt;/td&gt;
		&lt;td class="tabelatd2"&gt;Fulano de Tal (652.392.539-00)&lt;/td&gt;
		&lt;td class="tabelatd2"&gt;1&lt;/td&gt;
		&lt;td class="tabelatd2"&gt;Patrimonial&lt;/td&gt;
	&lt;/tr&gt;
	&lt;tr&gt;
		&lt;td class="tabelatd1"&gt;187&lt;/td&gt;
		&lt;td class="tabelatd1"&gt;Tipo Cobranca&lt;/td&gt;
		&lt;td class="tabelatd1"&gt;10/10/2018&lt;/td&gt;
		&lt;td class="tabelatd1"&gt;110.00&lt;/td&gt;
		&lt;td class="tabelatd1"&gt;10/28/2018 11:25:15&lt;/td&gt;
		&lt;td class="tabelatd1"&gt;Fulano de Tal (652.392.539-00)&lt;/td&gt;
		&lt;td class="tabelatd1"&gt;1&lt;/td&gt;
		&lt;td class="tabelatd1"&gt;Patrimonial&lt;/td&gt;
	&lt;/tr&gt;
	&lt;tr&gt;
		&lt;td class="tabelatd2"&gt;191&lt;/td&gt;
		&lt;td class="tabelatd2"&gt;Tipo Cobranca&lt;/td&gt;
		&lt;td class="tabelatd2"&gt;10/10/2018&lt;/td&gt;
		&lt;td class="tabelatd2"&gt;110.00&lt;/td&gt;
		&lt;td class="tabelatd2"&gt;10/28/2018 11:25:15&lt;/td&gt;
		&lt;td class="tabelatd2"&gt;Fulano de Tal (652.392.539-00)&lt;/td&gt;
		&lt;td class="tabelatd2"&gt;1&lt;/td&gt;
		&lt;td class="tabelatd2"&gt;Patrimonial&lt;/td&gt;
	&lt;/tr&gt;
	&lt;tr&gt;
		&lt;td class="tabelatd1"&gt;192&lt;/td&gt;
		&lt;td class="tabelatd1"&gt;Tipo Cobranca&lt;/td&gt;
		&lt;td class="tabelatd1"&gt;10/10/2018&lt;/td&gt;
		&lt;td class="tabelatd1"&gt;110.00&lt;/td&gt;
		&lt;td class="tabelatd1"&gt;10/28/2018 11:25:15&lt;/td&gt;
		&lt;td class="tabelatd1"&gt;Fulano de Tal (652.392.539-00)&lt;/td&gt;
		&lt;td class="tabelatd1"&gt;1&lt;/td&gt;
		&lt;td class="tabelatd1"&gt;Patrimonial&lt;/td&gt;
	&lt;/tr&gt;
	&lt;tr&gt;
		&lt;td class="tabelatd2"&gt;193&lt;/td&gt;
		&lt;td class="tabelatd2"&gt;Tipo Cobranca&lt;/td&gt;
		&lt;td class="tabelatd2"&gt;10/10/2018&lt;/td&gt;
		&lt;td class="tabelatd2"&gt;110.00&lt;/td&gt;
		&lt;td class="tabelatd2"&gt;10/28/2018 11:25:15&lt;/td&gt;
		&lt;td class="tabelatd2"&gt;Fulano de Tal (652.392.539-00)&lt;/td&gt;
		&lt;td class="tabelatd2"&gt;1&lt;/td&gt;
		&lt;td class="tabelatd2"&gt;Patrimonial&lt;/td&gt;
	&lt;/tr&gt;
	&lt;tr&gt;
		&lt;td class="tabelatd1"&gt;194&lt;/td&gt;
		&lt;td class="tabelatd1"&gt;Tipo Cobranca&lt;/td&gt;
		&lt;td class="tabelatd1"&gt;10/10/2018&lt;/td&gt;
		&lt;td class="tabelatd1"&gt;110.00&lt;/td&gt;
		&lt;td class="tabelatd1"&gt;10/28/2018 11:25:15&lt;/td&gt;
		&lt;td class="tabelatd1"&gt;Fulano de Tal (652.392.539-00)&lt;/td&gt;
		&lt;td class="tabelatd1"&gt;1&lt;/td&gt;
		&lt;td class="tabelatd1"&gt;Patrimonial&lt;/td&gt;
	&lt;/tr&gt;
	&lt;tr&gt;
		&lt;td class="tabelatd2"&gt;195&lt;/td&gt;
		&lt;td class="tabelatd2"&gt;Tipo Cobranca&lt;/td&gt;
		&lt;td class="tabelatd2"&gt;10/10/2018&lt;/td&gt;
		&lt;td class="tabelatd2"&gt;110.00&lt;/td&gt;
		&lt;td class="tabelatd2"&gt;10/28/2018 11:25:15&lt;/td&gt;
		&lt;td class="tabelatd2"&gt;Fulano de Tal (652.392.539-00)&lt;/td&gt;
		&lt;td class="tabelatd2"&gt;1&lt;/td&gt;
		&lt;td class="tabelatd2"&gt;Patrimonial&lt;/td&gt;
	&lt;/tr&gt;
	&lt;tr&gt;
		&lt;td class="tabelatd1"&gt;196&lt;/td&gt;
		&lt;td class="tabelatd1"&gt;Tipo Cobranca&lt;/td&gt;
		&lt;td class="tabelatd1"&gt;10/10/2018&lt;/td&gt;
		&lt;td class="tabelatd1"&gt;110.00&lt;/td&gt;
		&lt;td class="tabelatd1"&gt;10/28/2018 11:25:15&lt;/td&gt;
		&lt;td class="tabelatd1"&gt;Fulano de Tal (652.392.539-00)&lt;/td&gt;
		&lt;td class="tabelatd1"&gt;1&lt;/td&gt;
		&lt;td class="tabelatd1"&gt;Patrimonial&lt;/td&gt;
	&lt;/tr&gt;
	&lt;tr&gt;
		&lt;td class="tabelatd2"&gt;207&lt;/td&gt;
		&lt;td class="tabelatd2"&gt;Tipo Cobranca&lt;/td&gt;
		&lt;td class="tabelatd2"&gt;10/10/2018&lt;/td&gt;
		&lt;td class="tabelatd2"&gt;110.00&lt;/td&gt;
		&lt;td class="tabelatd2"&gt;10/28/2018 11:25:27&lt;/td&gt;
		&lt;td class="tabelatd2"&gt;Fulano de Tal (652.392.539-00)&lt;/td&gt;
		&lt;td class="tabelatd2"&gt;1&lt;/td&gt;
		&lt;td class="tabelatd2"&gt;Patrimonial&lt;/td&gt;
	&lt;/tr&gt;
	&lt;tr&gt;
		&lt;td class="tabelatd1"&gt;211&lt;/td&gt;
		&lt;td class="tabelatd1"&gt;Tipo Cobranca&lt;/td&gt;
		&lt;td class="tabelatd1"&gt;10/10/2018&lt;/td&gt;
		&lt;td class="tabelatd1"&gt;110.00&lt;/td&gt;
		&lt;td class="tabelatd1"&gt;10/28/2018 11:25:27&lt;/td&gt;
		&lt;td class="tabelatd1"&gt;Fulano de Tal (652.392.539-00)&lt;/td&gt;
		&lt;td class="tabelatd1"&gt;1&lt;/td&gt;
		&lt;td class="tabelatd1"&gt;Patrimonial&lt;/td&gt;
	&lt;/tr&gt;
	&lt;tr&gt;
		&lt;td class="tabelatd2"&gt;212&lt;/td&gt;
		&lt;td class="tabelatd2"&gt;Tipo Cobranca&lt;/td&gt;
		&lt;td class="tabelatd2"&gt;10/10/2018&lt;/td&gt;
		&lt;td class="tabelatd2"&gt;110.00&lt;/td&gt;
		&lt;td class="tabelatd2"&gt;10/28/2018 11:25:27&lt;/td&gt;
		&lt;td class="tabelatd2"&gt;Fulano de Tal (652.392.539-00)&lt;/td&gt;
		&lt;td class="tabelatd2"&gt;1&lt;/td&gt;
		&lt;td class="tabelatd2"&gt;Patrimonial&lt;/td&gt;
	&lt;/tr&gt;
	&lt;tr&gt;
		&lt;td class="tabelatd1"&gt;213&lt;/td&gt;
		&lt;td class="tabelatd1"&gt;Tipo Cobranca&lt;/td&gt;
		&lt;td class="tabelatd1"&gt;10/10/2018&lt;/td&gt;
		&lt;td class="tabelatd1"&gt;110.00&lt;/td&gt;
		&lt;td class="tabelatd1"&gt;10/28/2018 11:25:27&lt;/td&gt;
		&lt;td class="tabelatd1"&gt;Fulano de Tal (652.392.539-00)&lt;/td&gt;
		&lt;td class="tabelatd1"&gt;1&lt;/td&gt;
		&lt;td class="tabelatd1"&gt;Patrimonial&lt;/td&gt;
	&lt;/tr&gt;
	&lt;tr&gt;
		&lt;td class="tabelatd2"&gt;214&lt;/td&gt;
		&lt;td class="tabelatd2"&gt;Tipo Cobranca&lt;/td&gt;
		&lt;td class="tabelatd2"&gt;10/10/2018&lt;/td&gt;
		&lt;td class="tabelatd2"&gt;110.00&lt;/td&gt;
		&lt;td class="tabelatd2"&gt;10/28/2018 11:25:27&lt;/td&gt;
		&lt;td class="tabelatd2"&gt;Fulano de Tal (652.392.539-00)&lt;/td&gt;
		&lt;td class="tabelatd2"&gt;1&lt;/td&gt;
		&lt;td class="tabelatd2"&gt;Patrimonial&lt;/td&gt;
	&lt;/tr&gt;
	&lt;tr&gt;
		&lt;td class="tabelatd1"&gt;215&lt;/td&gt;
		&lt;td class="tabelatd1"&gt;Tipo Cobranca&lt;/td&gt;
		&lt;td class="tabelatd1"&gt;10/10/2018&lt;/td&gt;
		&lt;td class="tabelatd1"&gt;110.00&lt;/td&gt;
		&lt;td class="tabelatd1"&gt;10/28/2018 11:25:27&lt;/td&gt;
		&lt;td class="tabelatd1"&gt;Fulano de Tal (652.392.539-00)&lt;/td&gt;
		&lt;td class="tabelatd1"&gt;1&lt;/td&gt;
		&lt;td class="tabelatd1"&gt;Patrimonial&lt;/td&gt;
	&lt;/tr&gt;
	&lt;tr&gt;
		&lt;td class="tabelatd2"&gt;216&lt;/td&gt;
		&lt;td class="tabelatd2"&gt;Tipo Cobranca&lt;/td&gt;
		&lt;td class="tabelatd2"&gt;10/10/2018&lt;/td&gt;
		&lt;td class="tabelatd2"&gt;110.00&lt;/td&gt;
		&lt;td class="tabelatd2"&gt;10/28/2018 11:25:27&lt;/td&gt;
		&lt;td class="tabelatd2"&gt;Fulano de Tal (652.392.539-00)&lt;/td&gt;
		&lt;td class="tabelatd2"&gt;1&lt;/td&gt;
		&lt;td class="tabelatd2"&gt;Patrimonial&lt;/td&gt;
	&lt;/tr&gt;
	&lt;tr&gt;
		&lt;td class="tabelatd1"&gt;227&lt;/td&gt;
		&lt;td class="tabelatd1"&gt;Tipo Cobranca&lt;/td&gt;
		&lt;td class="tabelatd1"&gt;10/10/2018&lt;/td&gt;
		&lt;td class="tabelatd1"&gt;100.00&lt;/td&gt;
		&lt;td class="tabelatd1"&gt;10/28/2018 11:25:29&lt;/td&gt;
		&lt;td class="tabelatd1"&gt;Fulano de Tal (652.392.539-00)&lt;/td&gt;
		&lt;td class="tabelatd1"&gt;1&lt;/td&gt;
		&lt;td class="tabelatd1"&gt;Patrimonial&lt;/td&gt;
	&lt;/tr&gt;
	&lt;tr&gt;
		&lt;td class="tabelatd2"&gt;228&lt;/td&gt;
		&lt;td class="tabelatd2"&gt;Tipo Cobranca&lt;/td&gt;
		&lt;td class="tabelatd2"&gt;10/10/2018&lt;/td&gt;
		&lt;td class="tabelatd2"&gt;100.00&lt;/td&gt;
		&lt;td class="tabelatd2"&gt;10/28/2018 11:26:19&lt;/td&gt;
		&lt;td class="tabelatd2"&gt;Fulano de Tal (652.392.539-00)&lt;/td&gt;
		&lt;td class="tabelatd2"&gt;1&lt;/td&gt;
		&lt;td class="tabelatd2"&gt;Patrimonial&lt;/td&gt;
	&lt;/tr&gt;
	&lt;tr&gt;
		&lt;td class="tabelatd1"&gt;229&lt;/td&gt;
		&lt;td class="tabelatd1"&gt;Tipo Cobranca&lt;/td&gt;
		&lt;td class="tabelatd1"&gt;10/10/2018&lt;/td&gt;
		&lt;td class="tabelatd1"&gt;100.00&lt;/td&gt;
		&lt;td class="tabelatd1"&gt;10/28/2018 11:27:31&lt;/td&gt;
		&lt;td class="tabelatd1"&gt;Fulano de Tal (652.392.539-00)&lt;/td&gt;
		&lt;td class="tabelatd1"&gt;1&lt;/td&gt;
		&lt;td class="tabelatd1"&gt;Patrimonial&lt;/td&gt;
	&lt;/tr&gt;
	&lt;tr&gt;
		&lt;td class="tabelatd2"&gt;230&lt;/td&gt;
		&lt;td class="tabelatd2"&gt;Tipo Cobranca&lt;/td&gt;
		&lt;td class="tabelatd2"&gt;10/10/2018&lt;/td&gt;
		&lt;td class="tabelatd2"&gt;110.00&lt;/td&gt;
		&lt;td class="tabelatd2"&gt;10/28/2018 11:27:49&lt;/td&gt;
		&lt;td class="tabelatd2"&gt;Fulano de Tal (652.392.539-00)&lt;/td&gt;
		&lt;td class="tabelatd2"&gt;1&lt;/td&gt;
		&lt;td class="tabelatd2"&gt;Patrimonial&lt;/td&gt;
	&lt;/tr&gt;
	&lt;tr&gt;
		&lt;td class="tabelatd1"&gt;234&lt;/td&gt;
		&lt;td class="tabelatd1"&gt;Tipo Cobranca&lt;/td&gt;
		&lt;td class="tabelatd1"&gt;10/10/2018&lt;/td&gt;
		&lt;td class="tabelatd1"&gt;110.00&lt;/td&gt;
		&lt;td class="tabelatd1"&gt;10/28/2018 11:27:49&lt;/td&gt;
		&lt;td class="tabelatd1"&gt;Fulano de Tal (652.392.539-00)&lt;/td&gt;
		&lt;td class="tabelatd1"&gt;1&lt;/td&gt;
		&lt;td class="tabelatd1"&gt;Patrimonial&lt;/td&gt;
	&lt;/tr&gt;
	&lt;tr&gt;
		&lt;td class="tabelatd2"&gt;235&lt;/td&gt;
		&lt;td class="tabelatd2"&gt;Tipo Cobranca&lt;/td&gt;
		&lt;td class="tabelatd2"&gt;10/10/2018&lt;/td&gt;
		&lt;td class="tabelatd2"&gt;110.00&lt;/td&gt;
		&lt;td class="tabelatd2"&gt;10/28/2018 11:27:49&lt;/td&gt;
		&lt;td class="tabelatd2"&gt;Fulano de Tal (652.392.539-00)&lt;/td&gt;
		&lt;td class="tabelatd2"&gt;1&lt;/td&gt;
		&lt;td class="tabelatd2"&gt;Patrimonial&lt;/td&gt;
	&lt;/tr&gt;
	&lt;tr&gt;
		&lt;td class="tabelatd1"&gt;236&lt;/td&gt;
		&lt;td class="tabelatd1"&gt;Tipo Cobranca&lt;/td&gt;
		&lt;td class="tabelatd1"&gt;10/10/2018&lt;/td&gt;
		&lt;td class="tabelatd1"&gt;110.00&lt;/td&gt;
		&lt;td class="tabelatd1"&gt;10/28/2018 11:27:49&lt;/td&gt;
		&lt;td class="tabelatd1"&gt;Fulano de Tal (652.392.539-00)&lt;/td&gt;
		&lt;td class="tabelatd1"&gt;1&lt;/td&gt;
		&lt;td class="tabelatd1"&gt;Patrimonial&lt;/td&gt;
	&lt;/tr&gt;
	&lt;tr&gt;
		&lt;td class="tabelatd2"&gt;237&lt;/td&gt;
		&lt;td class="tabelatd2"&gt;Tipo Cobranca&lt;/td&gt;
		&lt;td class="tabelatd2"&gt;10/10/2018&lt;/td&gt;
		&lt;td class="tabelatd2"&gt;110.00&lt;/td&gt;
		&lt;td class="tabelatd2"&gt;10/28/2018 11:27:49&lt;/td&gt;
		&lt;td class="tabelatd2"&gt;Fulano de Tal (652.392.539-00)&lt;/td&gt;
		&lt;td class="tabelatd2"&gt;1&lt;/td&gt;
		&lt;td class="tabelatd2"&gt;Patrimonial&lt;/td&gt;
	&lt;/tr&gt;
	&lt;tr&gt;
		&lt;td class="tabelatd1"&gt;238&lt;/td&gt;
		&lt;td class="tabelatd1"&gt;Tipo Cobranca&lt;/td&gt;
		&lt;td class="tabelatd1"&gt;10/10/2018&lt;/td&gt;
		&lt;td class="tabelatd1"&gt;110.00&lt;/td&gt;
		&lt;td class="tabelatd1"&gt;10/28/2018 11:27:49&lt;/td&gt;
		&lt;td class="tabelatd1"&gt;Fulano de Tal (652.392.539-00)&lt;/td&gt;
		&lt;td class="tabelatd1"&gt;1&lt;/td&gt;
		&lt;td class="tabelatd1"&gt;Patrimonial&lt;/td&gt;
	&lt;/tr&gt;
	&lt;tr&gt;
		&lt;td class="tabelatd2"&gt;239&lt;/td&gt;
		&lt;td class="tabelatd2"&gt;Tipo Cobranca&lt;/td&gt;
		&lt;td class="tabelatd2"&gt;10/10/2018&lt;/td&gt;
		&lt;td class="tabelatd2"&gt;110.00&lt;/td&gt;
		&lt;td class="tabelatd2"&gt;10/28/2018 11:27:49&lt;/td&gt;
		&lt;td class="tabelatd2"&gt;Fulano de Tal (652.392.539-00)&lt;/td&gt;
		&lt;td class="tabelatd2"&gt;1&lt;/td&gt;
		&lt;td class="tabelatd2"&gt;Patrimonial&lt;/td&gt;
	&lt;/tr&gt;
	&lt;tr&gt;
		&lt;td class="tabelatd1"&gt;240&lt;/td&gt;
		&lt;td class="tabelatd1"&gt;Tipo Cobranca&lt;/td&gt;
		&lt;td class="tabelatd1"&gt;10/10/2018&lt;/td&gt;
		&lt;td class="tabelatd1"&gt;110.00&lt;/td&gt;
		&lt;td class="tabelatd1"&gt;10/28/2018 11:27:49&lt;/td&gt;
		&lt;td class="tabelatd1"&gt;Fulano de Tal (652.392.539-00)&lt;/td&gt;
		&lt;td class="tabelatd1"&gt;1&lt;/td&gt;
		&lt;td class="tabelatd1"&gt;Patrimonial&lt;/td&gt;
	&lt;/tr&gt;
	&lt;tr&gt;
		&lt;td class="tabelatd2"&gt;252&lt;/td&gt;
		&lt;td class="tabelatd2"&gt;Tipo Cobranca&lt;/td&gt;
		&lt;td class="tabelatd2"&gt;10/10/2018&lt;/td&gt;
		&lt;td class="tabelatd2"&gt;100.00&lt;/td&gt;
		&lt;td class="tabelatd2"&gt;10/28/2018 11:27:50&lt;/td&gt;
		&lt;td class="tabelatd2"&gt;Fulano de Tal (652.392.539-00)&lt;/td&gt;
		&lt;td class="tabelatd2"&gt;1&lt;/td&gt;
		&lt;td class="tabelatd2"&gt;Patrimonial&lt;/td&gt;
	&lt;/tr&gt;
	&lt;tr&gt;
		&lt;td class="tabelatd1"&gt;253&lt;/td&gt;
		&lt;td class="tabelatd1"&gt;Tipo Cobranca&lt;/td&gt;
		&lt;td class="tabelatd1"&gt;10/10/2018&lt;/td&gt;
		&lt;td class="tabelatd1"&gt;110.00&lt;/td&gt;
		&lt;td class="tabelatd1"&gt;10/28/2018 11:38:48&lt;/td&gt;
		&lt;td class="tabelatd1"&gt;Fulano de Tal (652.392.539-00)&lt;/td&gt;
		&lt;td class="tabelatd1"&gt;1&lt;/td&gt;
		&lt;td class="tabelatd1"&gt;Patrimonial&lt;/td&gt;
	&lt;/tr&gt;
	&lt;tr&gt;
		&lt;td class="tabelatd2"&gt;257&lt;/td&gt;
		&lt;td class="tabelatd2"&gt;Tipo Cobranca&lt;/td&gt;
		&lt;td class="tabelatd2"&gt;10/10/2018&lt;/td&gt;
		&lt;td class="tabelatd2"&gt;110.00&lt;/td&gt;
		&lt;td class="tabelatd2"&gt;10/28/2018 11:38:48&lt;/td&gt;
		&lt;td class="tabelatd2"&gt;Fulano de Tal (652.392.539-00)&lt;/td&gt;
		&lt;td class="tabelatd2"&gt;1&lt;/td&gt;
		&lt;td class="tabelatd2"&gt;Patrimonial&lt;/td&gt;
	&lt;/tr&gt;
	&lt;tr&gt;
		&lt;td class="tabelatd1"&gt;258&lt;/td&gt;
		&lt;td class="tabelatd1"&gt;Tipo Cobranca&lt;/td&gt;
		&lt;td class="tabelatd1"&gt;10/10/2018&lt;/td&gt;
		&lt;td class="tabelatd1"&gt;110.00&lt;/td&gt;
		&lt;td class="tabelatd1"&gt;10/28/2018 11:38:48&lt;/td&gt;
		&lt;td class="tabelatd1"&gt;Fulano de Tal (652.392.539-00)&lt;/td&gt;
		&lt;td class="tabelatd1"&gt;1&lt;/td&gt;
		&lt;td class="tabelatd1"&gt;Patrimonial&lt;/td&gt;
	&lt;/tr&gt;
	&lt;tr&gt;
		&lt;td class="tabelatd2"&gt;259&lt;/td&gt;
		&lt;td class="tabelatd2"&gt;Tipo Cobranca&lt;/td&gt;
		&lt;td class="tabelatd2"&gt;10/10/2018&lt;/td&gt;
		&lt;td class="tabelatd2"&gt;110.00&lt;/td&gt;
		&lt;td class="tabelatd2"&gt;10/28/2018 11:38:48&lt;/td&gt;
		&lt;td class="tabelatd2"&gt;Fulano de Tal (652.392.539-00)&lt;/td&gt;
		&lt;td class="tabelatd2"&gt;1&lt;/td&gt;
		&lt;td class="tabelatd2"&gt;Patrimonial&lt;/td&gt;
	&lt;/tr&gt;
	&lt;tr&gt;
		&lt;td class="tabelatd1"&gt;260&lt;/td&gt;
		&lt;td class="tabelatd1"&gt;Tipo Cobranca&lt;/td&gt;
		&lt;td class="tabelatd1"&gt;10/10/2018&lt;/td&gt;
		&lt;td class="tabelatd1"&gt;110.00&lt;/td&gt;
		&lt;td class="tabelatd1"&gt;10/28/2018 11:38:48&lt;/td&gt;
		&lt;td class="tabelatd1"&gt;Fulano de Tal (652.392.539-00)&lt;/td&gt;
		&lt;td class="tabelatd1"&gt;1&lt;/td&gt;
		&lt;td class="tabelatd1"&gt;Patrimonial&lt;/td&gt;
	&lt;/tr&gt;
	&lt;tr&gt;
		&lt;td class="tabelatd2"&gt;261&lt;/td&gt;
		&lt;td class="tabelatd2"&gt;Tipo Cobranca&lt;/td&gt;
		&lt;td class="tabelatd2"&gt;10/10/2018&lt;/td&gt;
		&lt;td class="tabelatd2"&gt;110.00&lt;/td&gt;
		&lt;td class="tabelatd2"&gt;10/28/2018 11:38:48&lt;/td&gt;
		&lt;td class="tabelatd2"&gt;Fulano de Tal (652.392.539-00)&lt;/td&gt;
		&lt;td class="tabelatd2"&gt;1&lt;/td&gt;
		&lt;td class="tabelatd2"&gt;Patrimonial&lt;/td&gt;
	&lt;/tr&gt;
	&lt;tr&gt;
		&lt;td class="tabelatd1"&gt;262&lt;/td&gt;
		&lt;td class="tabelatd1"&gt;Tipo Cobranca&lt;/td&gt;
		&lt;td class="tabelatd1"&gt;10/10/2018&lt;/td&gt;
		&lt;td class="tabelatd1"&gt;110.00&lt;/td&gt;
		&lt;td class="tabelatd1"&gt;10/28/2018 11:38:48&lt;/td&gt;
		&lt;td class="tabelatd1"&gt;Fulano de Tal (652.392.539-00)&lt;/td&gt;
		&lt;td class="tabelatd1"&gt;1&lt;/td&gt;
		&lt;td class="tabelatd1"&gt;Patrimonial&lt;/td&gt;
	&lt;/tr&gt;
	&lt;tr&gt;
		&lt;td class="tabelatd2"&gt;263&lt;/td&gt;
		&lt;td class="tabelatd2"&gt;Tipo Cobranca&lt;/td&gt;
		&lt;td class="tabelatd2"&gt;10/10/2018&lt;/td&gt;
		&lt;td class="tabelatd2"&gt;110.00&lt;/td&gt;
		&lt;td class="tabelatd2"&gt;10/28/2018 11:38:48&lt;/td&gt;
		&lt;td class="tabelatd2"&gt;Fulano de Tal (652.392.539-00)&lt;/td&gt;
		&lt;td class="tabelatd2"&gt;1&lt;/td&gt;
		&lt;td class="tabelatd2"&gt;Patrimonial&lt;/td&gt;
	&lt;/tr&gt;
	&lt;tr&gt;
		&lt;td class="tabelatd1"&gt;264&lt;/td&gt;
		&lt;td class="tabelatd1"&gt;Tipo Cobranca&lt;/td&gt;
		&lt;td class="tabelatd1"&gt;10/10/2018&lt;/td&gt;
		&lt;td class="tabelatd1"&gt;110.00&lt;/td&gt;
		&lt;td class="tabelatd1"&gt;10/28/2018 11:38:48&lt;/td&gt;
		&lt;td class="tabelatd1"&gt;Fulano de Tal (652.392.539-00)&lt;/td&gt;
		&lt;td class="tabelatd1"&gt;1&lt;/td&gt;
		&lt;td class="tabelatd1"&gt;Patrimonial&lt;/td&gt;
	&lt;/tr&gt;
	&lt;tr&gt;
		&lt;td class="tabelatd2"&gt;277&lt;/td&gt;
		&lt;td class="tabelatd2"&gt;Tipo Cobranca&lt;/td&gt;
		&lt;td class="tabelatd2"&gt;10/10/2018&lt;/td&gt;
		&lt;td class="tabelatd2"&gt;100.00&lt;/td&gt;
		&lt;td class="tabelatd2"&gt;10/28/2018 11:38:50&lt;/td&gt;
		&lt;td class="tabelatd2"&gt;Fulano de Tal (652.392.539-00)&lt;/td&gt;
		&lt;td class="tabelatd2"&gt;1&lt;/td&gt;
		&lt;td class="tabelatd2"&gt;Patrimonial&lt;/td&gt;
	&lt;/tr&gt;
	&lt;tr&gt;
		&lt;td class="tabelatd1"&gt;278&lt;/td&gt;
		&lt;td class="tabelatd1"&gt;Tipo Cobranca&lt;/td&gt;
		&lt;td class="tabelatd1"&gt;10/10/2018&lt;/td&gt;
		&lt;td class="tabelatd1"&gt;110.00&lt;/td&gt;
		&lt;td class="tabelatd1"&gt;10/28/2018 11:58:31&lt;/td&gt;
		&lt;td class="tabelatd1"&gt;Fulano de Tal (652.392.539-00)&lt;/td&gt;
		&lt;td class="tabelatd1"&gt;1&lt;/td&gt;
		&lt;td class="tabelatd1"&gt;Patrimonial&lt;/td&gt;
	&lt;/tr&gt;
	&lt;tr&gt;
		&lt;td class="tabelatd2"&gt;282&lt;/td&gt;
		&lt;td class="tabelatd2"&gt;Tipo Cobranca&lt;/td&gt;
		&lt;td class="tabelatd2"&gt;10/10/2018&lt;/td&gt;
		&lt;td class="tabelatd2"&gt;110.00&lt;/td&gt;
		&lt;td class="tabelatd2"&gt;10/28/2018 11:58:31&lt;/td&gt;
		&lt;td class="tabelatd2"&gt;Fulano de Tal (652.392.539-00)&lt;/td&gt;
		&lt;td class="tabelatd2"&gt;1&lt;/td&gt;
		&lt;td class="tabelatd2"&gt;Patrimonial&lt;/td&gt;
	&lt;/tr&gt;
	&lt;tr&gt;
		&lt;td class="tabelatd1"&gt;283&lt;/td&gt;
		&lt;td class="tabelatd1"&gt;Tipo Cobranca&lt;/td&gt;
		&lt;td class="tabelatd1"&gt;10/10/2018&lt;/td&gt;
		&lt;td class="tabelatd1"&gt;110.00&lt;/td&gt;
		&lt;td class="tabelatd1"&gt;10/28/2018 11:58:31&lt;/td&gt;
		&lt;td class="tabelatd1"&gt;Fulano de Tal (652.392.539-00)&lt;/td&gt;
		&lt;td class="tabelatd1"&gt;1&lt;/td&gt;
		&lt;td class="tabelatd1"&gt;Patrimonial&lt;/td&gt;
	&lt;/tr&gt;
	&lt;tr&gt;
		&lt;td class="tabelatd2"&gt;284&lt;/td&gt;
		&lt;td class="tabelatd2"&gt;Tipo Cobranca&lt;/td&gt;
		&lt;td class="tabelatd2"&gt;10/10/2018&lt;/td&gt;
		&lt;td class="tabelatd2"&gt;110.00&lt;/td&gt;
		&lt;td class="tabelatd2"&gt;10/28/2018 11:58:31&lt;/td&gt;
		&lt;td class="tabelatd2"&gt;Fulano de Tal (652.392.539-00)&lt;/td&gt;
		&lt;td class="tabelatd2"&gt;1&lt;/td&gt;
		&lt;td class="tabelatd2"&gt;Patrimonial&lt;/td&gt;
	&lt;/tr&gt;
	&lt;tr&gt;
		&lt;td class="tabelatd1"&gt;285&lt;/td&gt;
		&lt;td class="tabelatd1"&gt;Tipo Cobranca&lt;/td&gt;
		&lt;td class="tabelatd1"&gt;10/10/2018&lt;/td&gt;
		&lt;td class="tabelatd1"&gt;110.00&lt;/td&gt;
		&lt;td class="tabelatd1"&gt;10/28/2018 11:58:31&lt;/td&gt;
		&lt;td class="tabelatd1"&gt;Fulano de Tal (652.392.539-00)&lt;/td&gt;
		&lt;td class="tabelatd1"&gt;1&lt;/td&gt;
		&lt;td class="tabelatd1"&gt;Patrimonial&lt;/td&gt;
	&lt;/tr&gt;
	&lt;tr&gt;
		&lt;td class="tabelatd2"&gt;286&lt;/td&gt;
		&lt;td class="tabelatd2"&gt;Tipo Cobranca&lt;/td&gt;
		&lt;td class="tabelatd2"&gt;10/10/2018&lt;/td&gt;
		&lt;td class="tabelatd2"&gt;110.00&lt;/td&gt;
		&lt;td class="tabelatd2"&gt;10/28/2018 11:58:31&lt;/td&gt;
		&lt;td class="tabelatd2"&gt;Fulano de Tal (652.392.539-00)&lt;/td&gt;
		&lt;td class="tabelatd2"&gt;1&lt;/td&gt;
		&lt;td class="tabelatd2"&gt;Patrimonial&lt;/td&gt;
	&lt;/tr&gt;
	&lt;tr&gt;
		&lt;td class="tabelatd1"&gt;287&lt;/td&gt;
		&lt;td class="tabelatd1"&gt;Tipo Cobranca&lt;/td&gt;
		&lt;td class="tabelatd1"&gt;10/10/2018&lt;/td&gt;
		&lt;td class="tabelatd1"&gt;110.00&lt;/td&gt;
		&lt;td class="tabelatd1"&gt;10/28/2018 11:58:31&lt;/td&gt;
		&lt;td class="tabelatd1"&gt;Fulano de Tal (652.392.539-00)&lt;/td&gt;
		&lt;td class="tabelatd1"&gt;1&lt;/td&gt;
		&lt;td class="tabelatd1"&gt;Patrimonial&lt;/td&gt;
	&lt;/tr&gt;
	&lt;tr&gt;
		&lt;td class="tabelatd2"&gt;288&lt;/td&gt;
		&lt;td class="tabelatd2"&gt;Tipo Cobranca&lt;/td&gt;
		&lt;td class="tabelatd2"&gt;10/10/2018&lt;/td&gt;
		&lt;td class="tabelatd2"&gt;110.00&lt;/td&gt;
		&lt;td class="tabelatd2"&gt;10/28/2018 11:58:31&lt;/td&gt;
		&lt;td class="tabelatd2"&gt;Fulano de Tal (652.392.539-00)&lt;/td&gt;
		&lt;td class="tabelatd2"&gt;1&lt;/td&gt;
		&lt;td class="tabelatd2"&gt;Patrimonial&lt;/td&gt;
	&lt;/tr&gt;
	&lt;tr&gt;
		&lt;td class="tabelatd1"&gt;289&lt;/td&gt;
		&lt;td class="tabelatd1"&gt;Tipo Cobranca&lt;/td&gt;
		&lt;td class="tabelatd1"&gt;10/10/2018&lt;/td&gt;
		&lt;td class="tabelatd1"&gt;110.00&lt;/td&gt;
		&lt;td class="tabelatd1"&gt;10/28/2018 11:58:31&lt;/td&gt;
		&lt;td class="tabelatd1"&gt;Fulano de Tal (652.392.539-00)&lt;/td&gt;
		&lt;td class="tabelatd1"&gt;1&lt;/td&gt;
		&lt;td class="tabelatd1"&gt;Patrimonial&lt;/td&gt;
	&lt;/tr&gt;
	&lt;tr&gt;
		&lt;td class="tabelatd2"&gt;290&lt;/td&gt;
		&lt;td class="tabelatd2"&gt;Tipo Cobranca&lt;/td&gt;
		&lt;td class="tabelatd2"&gt;10/10/2018&lt;/td&gt;
		&lt;td class="tabelatd2"&gt;110.00&lt;/td&gt;
		&lt;td class="tabelatd2"&gt;10/28/2018 11:58:31&lt;/td&gt;
		&lt;td class="tabelatd2"&gt;Fulano de Tal (652.392.539-00)&lt;/td&gt;
		&lt;td class="tabelatd2"&gt;1&lt;/td&gt;
		&lt;td class="tabelatd2"&gt;Patrimonial&lt;/td&gt;
	&lt;/tr&gt;
	&lt;tr&gt;
		&lt;td class="tabelatd1"&gt;304&lt;/td&gt;
		&lt;td class="tabelatd1"&gt;Tipo Cobranca&lt;/td&gt;
		&lt;td class="tabelatd1"&gt;10/10/2018&lt;/td&gt;
		&lt;td class="tabelatd1"&gt;100.00&lt;/td&gt;
		&lt;td class="tabelatd1"&gt;10/28/2018 11:58:33&lt;/td&gt;
		&lt;td class="tabelatd1"&gt;Fulano de Tal (652.392.539-00)&lt;/td&gt;
		&lt;td class="tabelatd1"&gt;1&lt;/td&gt;
		&lt;td class="tabelatd1"&gt;Patrimonial&lt;/td&gt;
	&lt;/tr&gt;
	&lt;tr&gt;
		&lt;td class="tabelatd2"&gt;305&lt;/td&gt;
		&lt;td class="tabelatd2"&gt;Tipo Cobranca&lt;/td&gt;
		&lt;td class="tabelatd2"&gt;10/10/2018&lt;/td&gt;
		&lt;td class="tabelatd2"&gt;110.00&lt;/td&gt;
		&lt;td class="tabelatd2"&gt;10/28/2018 13:55:55&lt;/td&gt;
		&lt;td class="tabelatd2"&gt;Fulano de Tal (652.392.539-00)&lt;/td&gt;
		&lt;td class="tabelatd2"&gt;1&lt;/td&gt;
		&lt;td class="tabelatd2"&gt;Patrimonial&lt;/td&gt;
	&lt;/tr&gt;
	&lt;tr&gt;
		&lt;td class="tabelatd1"&gt;309&lt;/td&gt;
		&lt;td class="tabelatd1"&gt;Tipo Cobranca&lt;/td&gt;
		&lt;td class="tabelatd1"&gt;10/10/2018&lt;/td&gt;
		&lt;td class="tabelatd1"&gt;110.00&lt;/td&gt;
		&lt;td class="tabelatd1"&gt;10/28/2018 13:55:55&lt;/td&gt;
		&lt;td class="tabelatd1"&gt;Fulano de Tal (652.392.539-00)&lt;/td&gt;
		&lt;td class="tabelatd1"&gt;1&lt;/td&gt;
		&lt;td class="tabelatd1"&gt;Patrimonial&lt;/td&gt;
	&lt;/tr&gt;
	&lt;tr&gt;
		&lt;td class="tabelatd2"&gt;310&lt;/td&gt;
		&lt;td class="tabelatd2"&gt;Tipo Cobranca&lt;/td&gt;
		&lt;td class="tabelatd2"&gt;10/10/2018&lt;/td&gt;
		&lt;td class="tabelatd2"&gt;110.00&lt;/td&gt;
		&lt;td class="tabelatd2"&gt;10/28/2018 13:55:55&lt;/td&gt;
		&lt;td class="tabelatd2"&gt;Fulano de Tal (652.392.539-00)&lt;/td&gt;
		&lt;td class="tabelatd2"&gt;1&lt;/td&gt;
		&lt;td class="tabelatd2"&gt;Patrimonial&lt;/td&gt;
	&lt;/tr&gt;
	&lt;tr&gt;
		&lt;td class="tabelatd1"&gt;311&lt;/td&gt;
		&lt;td class="tabelatd1"&gt;Tipo Cobranca&lt;/td&gt;
		&lt;td class="tabelatd1"&gt;10/10/2018&lt;/td&gt;
		&lt;td class="tabelatd1"&gt;110.00&lt;/td&gt;
		&lt;td class="tabelatd1"&gt;10/28/2018 13:55:55&lt;/td&gt;
		&lt;td class="tabelatd1"&gt;Fulano de Tal (652.392.539-00)&lt;/td&gt;
		&lt;td class="tabelatd1"&gt;1&lt;/td&gt;
		&lt;td class="tabelatd1"&gt;Patrimonial&lt;/td&gt;
	&lt;/tr&gt;
	&lt;tr&gt;
		&lt;td class="tabelatd2"&gt;312&lt;/td&gt;
		&lt;td class="tabelatd2"&gt;Tipo Cobranca&lt;/td&gt;
		&lt;td class="tabelatd2"&gt;10/10/2018&lt;/td&gt;
		&lt;td class="tabelatd2"&gt;110.00&lt;/td&gt;
		&lt;td class="tabelatd2"&gt;10/28/2018 13:55:55&lt;/td&gt;
		&lt;td class="tabelatd2"&gt;Fulano de Tal (652.392.539-00)&lt;/td&gt;
		&lt;td class="tabelatd2"&gt;1&lt;/td&gt;
		&lt;td class="tabelatd2"&gt;Patrimonial&lt;/td&gt;
	&lt;/tr&gt;
	&lt;tr&gt;
		&lt;td class="tabelatd1"&gt;313&lt;/td&gt;
		&lt;td class="tabelatd1"&gt;Tipo Cobranca&lt;/td&gt;
		&lt;td class="tabelatd1"&gt;10/10/2018&lt;/td&gt;
		&lt;td class="tabelatd1"&gt;110.00&lt;/td&gt;
		&lt;td class="tabelatd1"&gt;10/28/2018 13:55:55&lt;/td&gt;
		&lt;td class="tabelatd1"&gt;Fulano de Tal (652.392.539-00)&lt;/td&gt;
		&lt;td class="tabelatd1"&gt;1&lt;/td&gt;
		&lt;td class="tabelatd1"&gt;Patrimonial&lt;/td&gt;
	&lt;/tr&gt;
	&lt;tr&gt;
		&lt;td class="tabelatd2"&gt;314&lt;/td&gt;
		&lt;td class="tabelatd2"&gt;Tipo Cobranca&lt;/td&gt;
		&lt;td class="tabelatd2"&gt;10/10/2018&lt;/td&gt;
		&lt;td class="tabelatd2"&gt;110.00&lt;/td&gt;
		&lt;td class="tabelatd2"&gt;10/28/2018 13:55:55&lt;/td&gt;
		&lt;td class="tabelatd2"&gt;Fulano de Tal (652.392.539-00)&lt;/td&gt;
		&lt;td class="tabelatd2"&gt;1&lt;/td&gt;
		&lt;td class="tabelatd2"&gt;Patrimonial&lt;/td&gt;
	&lt;/tr&gt;
	&lt;tr&gt;
		&lt;td class="tabelatd1"&gt;315&lt;/td&gt;
		&lt;td class="tabelatd1"&gt;Tipo Cobranca&lt;/td&gt;
		&lt;td class="tabelatd1"&gt;10/10/2018&lt;/td&gt;
		&lt;td class="tabelatd1"&gt;110.00&lt;/td&gt;
		&lt;td class="tabelatd1"&gt;10/28/2018 13:55:55&lt;/td&gt;
		&lt;td class="tabelatd1"&gt;Fulano de Tal (652.392.539-00)&lt;/td&gt;
		&lt;td class="tabelatd1"&gt;1&lt;/td&gt;
		&lt;td class="tabelatd1"&gt;Patrimonial&lt;/td&gt;
	&lt;/tr&gt;
	&lt;tr&gt;
		&lt;td class="tabelatd2"&gt;316&lt;/td&gt;
		&lt;td class="tabelatd2"&gt;Tipo Cobranca&lt;/td&gt;
		&lt;td class="tabelatd2"&gt;10/10/2018&lt;/td&gt;
		&lt;td class="tabelatd2"&gt;110.00&lt;/td&gt;
		&lt;td class="tabelatd2"&gt;10/28/2018 13:55:55&lt;/td&gt;
		&lt;td class="tabelatd2"&gt;Fulano de Tal (652.392.539-00)&lt;/td&gt;
		&lt;td class="tabelatd2"&gt;1&lt;/td&gt;
		&lt;td class="tabelatd2"&gt;Patrimonial&lt;/td&gt;
	&lt;/tr&gt;
	&lt;tr&gt;
		&lt;td class="tabelatd1"&gt;317&lt;/td&gt;
		&lt;td class="tabelatd1"&gt;Tipo Cobranca&lt;/td&gt;
		&lt;td class="tabelatd1"&gt;10/10/2018&lt;/td&gt;
		&lt;td class="tabelatd1"&gt;110.00&lt;/td&gt;
		&lt;td class="tabelatd1"&gt;10/28/2018 13:55:55&lt;/td&gt;
		&lt;td class="tabelatd1"&gt;Fulano de Tal (652.392.539-00)&lt;/td&gt;
		&lt;td class="tabelatd1"&gt;1&lt;/td&gt;
		&lt;td class="tabelatd1"&gt;Patrimonial&lt;/td&gt;
	&lt;/tr&gt;
	&lt;tr&gt;
		&lt;td class="tabelatd2"&gt;318&lt;/td&gt;
		&lt;td class="tabelatd2"&gt;Tipo Cobranca&lt;/td&gt;
		&lt;td class="tabelatd2"&gt;10/10/2018&lt;/td&gt;
		&lt;td class="tabelatd2"&gt;110.00&lt;/td&gt;
		&lt;td class="tabelatd2"&gt;10/28/2018 13:55:55&lt;/td&gt;
		&lt;td class="tabelatd2"&gt;Fulano de Tal (652.392.539-00)&lt;/td&gt;
		&lt;td class="tabelatd2"&gt;1&lt;/td&gt;
		&lt;td class="tabelatd2"&gt;Patrimonial&lt;/td&gt;
	&lt;/tr&gt;
	&lt;tr&gt;
		&lt;td class="tabelatd1"&gt;333&lt;/td&gt;
		&lt;td class="tabelatd1"&gt;Tipo Cobranca&lt;/td&gt;
		&lt;td class="tabelatd1"&gt;10/10/2018&lt;/td&gt;
		&lt;td class="tabelatd1"&gt;100.00&lt;/td&gt;
		&lt;td class="tabelatd1"&gt;10/28/2018 13:55:56&lt;/td&gt;
		&lt;td class="tabelatd1"&gt;Fulano de Tal (652.392.539-00)&lt;/td&gt;
		&lt;td class="tabelatd1"&gt;1&lt;/td&gt;
		&lt;td class="tabelatd1"&gt;Patrimonial&lt;/td&gt;
	&lt;/tr&gt;
	&lt;tr&gt;
		&lt;td class="tabelatd2"&gt;334&lt;/td&gt;
		&lt;td class="tabelatd2"&gt;Tipo Cobranca&lt;/td&gt;
		&lt;td class="tabelatd2"&gt;10/10/2018&lt;/td&gt;
		&lt;td class="tabelatd2"&gt;110.00&lt;/td&gt;
		&lt;td class="tabelatd2"&gt;10/28/2018 14:00:40&lt;/td&gt;
		&lt;td class="tabelatd2"&gt;Fulano de Tal (652.392.539-00)&lt;/td&gt;
		&lt;td class="tabelatd2"&gt;1&lt;/td&gt;
		&lt;td class="tabelatd2"&gt;Patrimonial&lt;/td&gt;
	&lt;/tr&gt;
	&lt;tr&gt;
		&lt;td class="tabelatd1"&gt;338&lt;/td&gt;
		&lt;td class="tabelatd1"&gt;Tipo Cobranca&lt;/td&gt;
		&lt;td class="tabelatd1"&gt;10/10/2018&lt;/td&gt;
		&lt;td class="tabelatd1"&gt;110.00&lt;/td&gt;
		&lt;td class="tabelatd1"&gt;10/28/2018 14:00:40&lt;/td&gt;
		&lt;td class="tabelatd1"&gt;Fulano de Tal (652.392.539-00)&lt;/td&gt;
		&lt;td class="tabelatd1"&gt;1&lt;/td&gt;
		&lt;td class="tabelatd1"&gt;Patrimonial&lt;/td&gt;
	&lt;/tr&gt;
	&lt;tr&gt;
		&lt;td class="tabelatd2"&gt;339&lt;/td&gt;
		&lt;td class="tabelatd2"&gt;Tipo Cobranca&lt;/td&gt;
		&lt;td class="tabelatd2"&gt;10/10/2018&lt;/td&gt;
		&lt;td class="tabelatd2"&gt;110.00&lt;/td&gt;
		&lt;td class="tabelatd2"&gt;10/28/2018 14:00:40&lt;/td&gt;
		&lt;td class="tabelatd2"&gt;Fulano de Tal (652.392.539-00)&lt;/td&gt;
		&lt;td class="tabelatd2"&gt;1&lt;/td&gt;
		&lt;td class="tabelatd2"&gt;Patrimonial&lt;/td&gt;
	&lt;/tr&gt;
	&lt;tr&gt;
		&lt;td class="tabelatd1"&gt;340&lt;/td&gt;
		&lt;td class="tabelatd1"&gt;Tipo Cobranca&lt;/td&gt;
		&lt;td class="tabelatd1"&gt;10/10/2018&lt;/td&gt;
		&lt;td class="tabelatd1"&gt;110.00&lt;/td&gt;
		&lt;td class="tabelatd1"&gt;10/28/2018 14:00:40&lt;/td&gt;
		&lt;td class="tabelatd1"&gt;Fulano de Tal (652.392.539-00)&lt;/td&gt;
		&lt;td class="tabelatd1"&gt;1&lt;/td&gt;
		&lt;td class="tabelatd1"&gt;Patrimonial&lt;/td&gt;
	&lt;/tr&gt;
	&lt;tr&gt;
		&lt;td class="tabelatd2"&gt;341&lt;/td&gt;
		&lt;td class="tabelatd2"&gt;Tipo Cobranca&lt;/td&gt;
		&lt;td class="tabelatd2"&gt;10/10/2018&lt;/td&gt;
		&lt;td class="tabelatd2"&gt;110.00&lt;/td&gt;
		&lt;td class="tabelatd2"&gt;10/28/2018 14:00:40&lt;/td&gt;
		&lt;td class="tabelatd2"&gt;Fulano de Tal (652.392.539-00)&lt;/td&gt;
		&lt;td class="tabelatd2"&gt;1&lt;/td&gt;
		&lt;td class="tabelatd2"&gt;Patrimonial&lt;/td&gt;
	&lt;/tr&gt;
	&lt;tr&gt;
		&lt;td class="tabelatd1"&gt;342&lt;/td&gt;
		&lt;td class="tabelatd1"&gt;Tipo Cobranca&lt;/td&gt;
		&lt;td class="tabelatd1"&gt;10/10/2018&lt;/td&gt;
		&lt;td class="tabelatd1"&gt;110.00&lt;/td&gt;
		&lt;td class="tabelatd1"&gt;10/28/2018 14:00:40&lt;/td&gt;
		&lt;td class="tabelatd1"&gt;Fulano de Tal (652.392.539-00)&lt;/td&gt;
		&lt;td class="tabelatd1"&gt;1&lt;/td&gt;
		&lt;td class="tabelatd1"&gt;Patrimonial&lt;/td&gt;
	&lt;/tr&gt;
	&lt;tr&gt;
		&lt;td class="tabelatd2"&gt;343&lt;/td&gt;
		&lt;td class="tabelatd2"&gt;Tipo Cobranca&lt;/td&gt;
		&lt;td class="tabelatd2"&gt;10/10/2018&lt;/td&gt;
		&lt;td class="tabelatd2"&gt;110.00&lt;/td&gt;
		&lt;td class="tabelatd2"&gt;10/28/2018 14:00:40&lt;/td&gt;
		&lt;td class="tabelatd2"&gt;Fulano de Tal (652.392.539-00)&lt;/td&gt;
		&lt;td class="tabelatd2"&gt;1&lt;/td&gt;
		&lt;td class="tabelatd2"&gt;Patrimonial&lt;/td&gt;
	&lt;/tr&gt;
	&lt;tr&gt;
		&lt;td class="tabelatd1"&gt;344&lt;/td&gt;
		&lt;td class="tabelatd1"&gt;Tipo Cobranca&lt;/td&gt;
		&lt;td class="tabelatd1"&gt;10/10/2018&lt;/td&gt;
		&lt;td class="tabelatd1"&gt;110.00&lt;/td&gt;
		&lt;td class="tabelatd1"&gt;10/28/2018 14:00:40&lt;/td&gt;
		&lt;td class="tabelatd1"&gt;Fulano de Tal (652.392.539-00)&lt;/td&gt;
		&lt;td class="tabelatd1"&gt;1&lt;/td&gt;
		&lt;td class="tabelatd1"&gt;Patrimonial&lt;/td&gt;
	&lt;/tr&gt;
	&lt;tr&gt;
		&lt;td class="tabelatd2"&gt;345&lt;/td&gt;
		&lt;td class="tabelatd2"&gt;Tipo Cobranca&lt;/td&gt;
		&lt;td class="tabelatd2"&gt;10/10/2018&lt;/td&gt;
		&lt;td class="tabelatd2"&gt;110.00&lt;/td&gt;
		&lt;td class="tabelatd2"&gt;10/28/2018 14:00:40&lt;/td&gt;
		&lt;td class="tabelatd2"&gt;Fulano de Tal (652.392.539-00)&lt;/td&gt;
		&lt;td class="tabelatd2"&gt;1&lt;/td&gt;
		&lt;td class="tabelatd2"&gt;Patrimonial&lt;/td&gt;
	&lt;/tr&gt;
	&lt;tr&gt;
		&lt;td class="tabelatd1"&gt;346&lt;/td&gt;
		&lt;td class="tabelatd1"&gt;Tipo Cobranca&lt;/td&gt;
		&lt;td class="tabelatd1"&gt;10/10/2018&lt;/td&gt;
		&lt;td class="tabelatd1"&gt;110.00&lt;/td&gt;
		&lt;td class="tabelatd1"&gt;10/28/2018 14:00:40&lt;/td&gt;
		&lt;td class="tabelatd1"&gt;Fulano de Tal (652.392.539-00)&lt;/td&gt;
		&lt;td class="tabelatd1"&gt;1&lt;/td&gt;
		&lt;td class="tabelatd1"&gt;Patrimonial&lt;/td&gt;
	&lt;/tr&gt;
	&lt;tr&gt;
		&lt;td class="tabelatd2"&gt;347&lt;/td&gt;
		&lt;td class="tabelatd2"&gt;Tipo Cobranca&lt;/td&gt;
		&lt;td class="tabelatd2"&gt;10/10/2018&lt;/td&gt;
		&lt;td class="tabelatd2"&gt;110.00&lt;/td&gt;
		&lt;td class="tabelatd2"&gt;10/28/2018 14:00:40&lt;/td&gt;
		&lt;td class="tabelatd2"&gt;Fulano de Tal (652.392.539-00)&lt;/td&gt;
		&lt;td class="tabelatd2"&gt;1&lt;/td&gt;
		&lt;td class="tabelatd2"&gt;Patrimonial&lt;/td&gt;
	&lt;/tr&gt;
	&lt;tr&gt;
		&lt;td class="tabelatd1"&gt;348&lt;/td&gt;
		&lt;td class="tabelatd1"&gt;Tipo Cobranca&lt;/td&gt;
		&lt;td class="tabelatd1"&gt;10/10/2018&lt;/td&gt;
		&lt;td class="tabelatd1"&gt;110.00&lt;/td&gt;
		&lt;td class="tabelatd1"&gt;10/28/2018 14:00:40&lt;/td&gt;
		&lt;td class="tabelatd1"&gt;Fulano de Tal (652.392.539-00)&lt;/td&gt;
		&lt;td class="tabelatd1"&gt;1&lt;/td&gt;
		&lt;td class="tabelatd1"&gt;Patrimonial&lt;/td&gt;
	&lt;/tr&gt;
	&lt;tr&gt;
		&lt;td class="tabelatd2"&gt;5&lt;/td&gt;
		&lt;td class="tabelatd2"&gt;Tipo Cobranca&lt;/td&gt;
		&lt;td class="tabelatd2"&gt;10/10/2018&lt;/td&gt;
		&lt;td class="tabelatd2"&gt;110.00&lt;/td&gt;
		&lt;td class="tabelatd2"&gt;10/28/2018 09:17:10&lt;/td&gt;
		&lt;td class="tabelatd2"&gt;Cicrano de Tal (222.222.222-22)&lt;/td&gt;
		&lt;td class="tabelatd2"&gt;23F&lt;/td&gt;
		&lt;td class="tabelatd2"&gt;Patrimonial&lt;/td&gt;
	&lt;/tr&gt;
	&lt;tr&gt;
		&lt;td class="tabelatd1"&gt;9&lt;/td&gt;
		&lt;td class="tabelatd1"&gt;Tipo Cobranca&lt;/td&gt;
		&lt;td class="tabelatd1"&gt;10/10/2018&lt;/td&gt;
		&lt;td class="tabelatd1"&gt;110.00&lt;/td&gt;
		&lt;td class="tabelatd1"&gt;10/28/2018 09:18:03&lt;/td&gt;
		&lt;td class="tabelatd1"&gt;Cicrano de Tal (222.222.222-22)&lt;/td&gt;
		&lt;td class="tabelatd1"&gt;23F&lt;/td&gt;
		&lt;td class="tabelatd1"&gt;Patrimonial&lt;/td&gt;
	&lt;/tr&gt;
	&lt;tr&gt;
		&lt;td class="tabelatd2"&gt;13&lt;/td&gt;
		&lt;td class="tabelatd2"&gt;Tipo Cobranca&lt;/td&gt;
		&lt;td class="tabelatd2"&gt;10/10/2018&lt;/td&gt;
		&lt;td class="tabelatd2"&gt;110.00&lt;/td&gt;
		&lt;td class="tabelatd2"&gt;10/28/2018 09:18:45&lt;/td&gt;
		&lt;td class="tabelatd2"&gt;Cicrano de Tal (222.222.222-22)&lt;/td&gt;
		&lt;td class="tabelatd2"&gt;23F&lt;/td&gt;
		&lt;td class="tabelatd2"&gt;Patrimonial&lt;/td&gt;
	&lt;/tr&gt;
	&lt;tr&gt;
		&lt;td class="tabelatd1"&gt;17&lt;/td&gt;
		&lt;td class="tabelatd1"&gt;Tipo Cobranca&lt;/td&gt;
		&lt;td class="tabelatd1"&gt;10/10/2018&lt;/td&gt;
		&lt;td class="tabelatd1"&gt;110.00&lt;/td&gt;
		&lt;td class="tabelatd1"&gt;10/28/2018 09:19:36&lt;/td&gt;
		&lt;td class="tabelatd1"&gt;Cicrano de Tal (222.222.222-22)&lt;/td&gt;
		&lt;td class="tabelatd1"&gt;23F&lt;/td&gt;
		&lt;td class="tabelatd1"&gt;Patrimonial&lt;/td&gt;
	&lt;/tr&gt;
	&lt;tr&gt;
		&lt;td class="tabelatd2"&gt;21&lt;/td&gt;
		&lt;td class="tabelatd2"&gt;Tipo Cobranca&lt;/td&gt;
		&lt;td class="tabelatd2"&gt;10/10/2018&lt;/td&gt;
		&lt;td class="tabelatd2"&gt;110.00&lt;/td&gt;
		&lt;td class="tabelatd2"&gt;10/28/2018 09:20:15&lt;/td&gt;
		&lt;td class="tabelatd2"&gt;Cicrano de Tal (222.222.222-22)&lt;/td&gt;
		&lt;td class="tabelatd2"&gt;23F&lt;/td&gt;
		&lt;td class="tabelatd2"&gt;Patrimonial&lt;/td&gt;
	&lt;/tr&gt;
	&lt;tr&gt;
		&lt;td class="tabelatd1"&gt;25&lt;/td&gt;
		&lt;td class="tabelatd1"&gt;Tipo Cobranca&lt;/td&gt;
		&lt;td class="tabelatd1"&gt;10/10/2018&lt;/td&gt;
		&lt;td class="tabelatd1"&gt;110.00&lt;/td&gt;
		&lt;td class="tabelatd1"&gt;10/28/2018 09:20:41&lt;/td&gt;
		&lt;td class="tabelatd1"&gt;Cicrano de Tal (222.222.222-22)&lt;/td&gt;
		&lt;td class="tabelatd1"&gt;23F&lt;/td&gt;
		&lt;td class="tabelatd1"&gt;Patrimonial&lt;/td&gt;
	&lt;/tr&gt;
	&lt;tr&gt;
		&lt;td class="tabelatd2"&gt;29&lt;/td&gt;
		&lt;td class="tabelatd2"&gt;Tipo Cobranca&lt;/td&gt;
		&lt;td class="tabelatd2"&gt;10/10/2018&lt;/td&gt;
		&lt;td class="tabelatd2"&gt;110.00&lt;/td&gt;
		&lt;td class="tabelatd2"&gt;10/28/2018 09:24:10&lt;/td&gt;
		&lt;td class="tabelatd2"&gt;Cicrano de Tal (222.222.222-22)&lt;/td&gt;
		&lt;td class="tabelatd2"&gt;23F&lt;/td&gt;
		&lt;td class="tabelatd2"&gt;Patrimonial&lt;/td&gt;
	&lt;/tr&gt;
	&lt;tr&gt;
		&lt;td class="tabelatd1"&gt;36&lt;/td&gt;
		&lt;td class="tabelatd1"&gt;Tipo Cobranca&lt;/td&gt;
		&lt;td class="tabelatd1"&gt;10/10/2018&lt;/td&gt;
		&lt;td class="tabelatd1"&gt;110.00&lt;/td&gt;
		&lt;td class="tabelatd1"&gt;10/28/2018 09:24:30&lt;/td&gt;
		&lt;td class="tabelatd1"&gt;Cicrano de Tal (222.222.222-22)&lt;/td&gt;
		&lt;td class="tabelatd1"&gt;23F&lt;/td&gt;
		&lt;td class="tabelatd1"&gt;Patrimonial&lt;/td&gt;
	&lt;/tr&gt;
	&lt;tr&gt;
		&lt;td class="tabelatd2"&gt;44&lt;/td&gt;
		&lt;td class="tabelatd2"&gt;Tipo Cobranca&lt;/td&gt;
		&lt;td class="tabelatd2"&gt;10/10/2018&lt;/td&gt;
		&lt;td class="tabelatd2"&gt;110.00&lt;/td&gt;
		&lt;td class="tabelatd2"&gt;10/28/2018 09:26:04&lt;/td&gt;
		&lt;td class="tabelatd2"&gt;Cicrano de Tal (222.222.222-22)&lt;/td&gt;
		&lt;td class="tabelatd2"&gt;23F&lt;/td&gt;
		&lt;td class="tabelatd2"&gt;Patrimonial&lt;/td&gt;
	&lt;/tr&gt;
	&lt;tr&gt;
		&lt;td class="tabelatd1"&gt;55&lt;/td&gt;
		&lt;td class="tabelatd1"&gt;Tipo Cobranca&lt;/td&gt;
		&lt;td class="tabelatd1"&gt;10/10/2018&lt;/td&gt;
		&lt;td class="tabelatd1"&gt;110.00&lt;/td&gt;
		&lt;td class="tabelatd1"&gt;10/28/2018 10:56:59&lt;/td&gt;
		&lt;td class="tabelatd1"&gt;Cicrano de Tal (222.222.222-22)&lt;/td&gt;
		&lt;td class="tabelatd1"&gt;23F&lt;/td&gt;
		&lt;td class="tabelatd1"&gt;Patrimonial&lt;/td&gt;
	&lt;/tr&gt;
	&lt;tr&gt;
		&lt;td class="tabelatd2"&gt;68&lt;/td&gt;
		&lt;td class="tabelatd2"&gt;Tipo Cobranca&lt;/td&gt;
		&lt;td class="tabelatd2"&gt;10/10/2018&lt;/td&gt;
		&lt;td class="tabelatd2"&gt;110.00&lt;/td&gt;
		&lt;td class="tabelatd2"&gt;10/28/2018 10:58:08&lt;/td&gt;
		&lt;td class="tabelatd2"&gt;Cicrano de Tal (222.222.222-22)&lt;/td&gt;
		&lt;td class="tabelatd2"&gt;23F&lt;/td&gt;
		&lt;td class="tabelatd2"&gt;Patrimonial&lt;/td&gt;
	&lt;/tr&gt;
	&lt;tr&gt;
		&lt;td class="tabelatd1"&gt;83&lt;/td&gt;
		&lt;td class="tabelatd1"&gt;Tipo Cobranca&lt;/td&gt;
		&lt;td class="tabelatd1"&gt;10/10/2018&lt;/td&gt;
		&lt;td class="tabelatd1"&gt;110.00&lt;/td&gt;
		&lt;td class="tabelatd1"&gt;10/28/2018 11:01:20&lt;/td&gt;
		&lt;td class="tabelatd1"&gt;Cicrano de Tal (222.222.222-22)&lt;/td&gt;
		&lt;td class="tabelatd1"&gt;23F&lt;/td&gt;
		&lt;td class="tabelatd1"&gt;Patrimonial&lt;/td&gt;
	&lt;/tr&gt;
	&lt;tr&gt;
		&lt;td class="tabelatd2"&gt;99&lt;/td&gt;
		&lt;td class="tabelatd2"&gt;Tipo Cobranca&lt;/td&gt;
		&lt;td class="tabelatd2"&gt;10/10/2018&lt;/td&gt;
		&lt;td class="tabelatd2"&gt;110.00&lt;/td&gt;
		&lt;td class="tabelatd2"&gt;10/28/2018 11:01:33&lt;/td&gt;
		&lt;td class="tabelatd2"&gt;Cicrano de Tal (222.222.222-22)&lt;/td&gt;
		&lt;td class="tabelatd2"&gt;23F&lt;/td&gt;
		&lt;td class="tabelatd2"&gt;Patrimonial&lt;/td&gt;
	&lt;/tr&gt;
	&lt;tr&gt;
		&lt;td class="tabelatd1"&gt;126&lt;/td&gt;
		&lt;td class="tabelatd1"&gt;Tipo Cobranca&lt;/td&gt;
		&lt;td class="tabelatd1"&gt;10/10/2018&lt;/td&gt;
		&lt;td class="tabelatd1"&gt;110.00&lt;/td&gt;
		&lt;td class="tabelatd1"&gt;10/28/2018 11:17:56&lt;/td&gt;
		&lt;td class="tabelatd1"&gt;Cicrano de Tal (222.222.222-22)&lt;/td&gt;
		&lt;td class="tabelatd1"&gt;23F&lt;/td&gt;
		&lt;td class="tabelatd1"&gt;Patrimonial&lt;/td&gt;
	&lt;/tr&gt;
	&lt;tr&gt;
		&lt;td class="tabelatd2"&gt;150&lt;/td&gt;
		&lt;td class="tabelatd2"&gt;Tipo Cobranca&lt;/td&gt;
		&lt;td class="tabelatd2"&gt;10/10/2018&lt;/td&gt;
		&lt;td class="tabelatd2"&gt;110.00&lt;/td&gt;
		&lt;td class="tabelatd2"&gt;10/28/2018 11:22:20&lt;/td&gt;
		&lt;td class="tabelatd2"&gt;Cicrano de Tal (222.222.222-22)&lt;/td&gt;
		&lt;td class="tabelatd2"&gt;23F&lt;/td&gt;
		&lt;td class="tabelatd2"&gt;Patrimonial&lt;/td&gt;
	&lt;/tr&gt;
	&lt;tr&gt;
		&lt;td class="tabelatd1"&gt;170&lt;/td&gt;
		&lt;td class="tabelatd1"&gt;Tipo Cobranca&lt;/td&gt;
		&lt;td class="tabelatd1"&gt;10/10/2018&lt;/td&gt;
		&lt;td class="tabelatd1"&gt;110.00&lt;/td&gt;
		&lt;td class="tabelatd1"&gt;10/28/2018 11:24:34&lt;/td&gt;
		&lt;td class="tabelatd1"&gt;Cicrano de Tal (222.222.222-22)&lt;/td&gt;
		&lt;td class="tabelatd1"&gt;23F&lt;/td&gt;
		&lt;td class="tabelatd1"&gt;Patrimonial&lt;/td&gt;
	&lt;/tr&gt;
	&lt;tr&gt;
		&lt;td class="tabelatd2"&gt;190&lt;/td&gt;
		&lt;td class="tabelatd2"&gt;Tipo Cobranca&lt;/td&gt;
		&lt;td class="tabelatd2"&gt;10/10/2018&lt;/td&gt;
		&lt;td class="tabelatd2"&gt;110.00&lt;/td&gt;
		&lt;td class="tabelatd2"&gt;10/28/2018 11:25:15&lt;/td&gt;
		&lt;td class="tabelatd2"&gt;Cicrano de Tal (222.222.222-22)&lt;/td&gt;
		&lt;td class="tabelatd2"&gt;23F&lt;/td&gt;
		&lt;td class="tabelatd2"&gt;Patrimonial&lt;/td&gt;
	&lt;/tr&gt;
	&lt;tr&gt;
		&lt;td class="tabelatd1"&gt;210&lt;/td&gt;
		&lt;td class="tabelatd1"&gt;Tipo Cobranca&lt;/td&gt;
		&lt;td class="tabelatd1"&gt;10/10/2018&lt;/td&gt;
		&lt;td class="tabelatd1"&gt;110.00&lt;/td&gt;
		&lt;td class="tabelatd1"&gt;10/28/2018 11:25:27&lt;/td&gt;
		&lt;td class="tabelatd1"&gt;Cicrano de Tal (222.222.222-22)&lt;/td&gt;
		&lt;td class="tabelatd1"&gt;23F&lt;/td&gt;
		&lt;td class="tabelatd1"&gt;Patrimonial&lt;/td&gt;
	&lt;/tr&gt;
	&lt;tr&gt;
		&lt;td class="tabelatd2"&gt;233&lt;/td&gt;
		&lt;td class="tabelatd2"&gt;Tipo Cobranca&lt;/td&gt;
		&lt;td class="tabelatd2"&gt;10/10/2018&lt;/td&gt;
		&lt;td class="tabelatd2"&gt;110.00&lt;/td&gt;
		&lt;td class="tabelatd2"&gt;10/28/2018 11:27:49&lt;/td&gt;
		&lt;td class="tabelatd2"&gt;Cicrano de Tal (222.222.222-22)&lt;/td&gt;
		&lt;td class="tabelatd2"&gt;23F&lt;/td&gt;
		&lt;td class="tabelatd2"&gt;Patrimonial&lt;/td&gt;
	&lt;/tr&gt;
	&lt;tr&gt;
		&lt;td class="tabelatd1"&gt;256&lt;/td&gt;
		&lt;td class="tabelatd1"&gt;Tipo Cobranca&lt;/td&gt;
		&lt;td class="tabelatd1"&gt;10/10/2018&lt;/td&gt;
		&lt;td class="tabelatd1"&gt;110.00&lt;/td&gt;
		&lt;td class="tabelatd1"&gt;10/28/2018 11:38:48&lt;/td&gt;
		&lt;td class="tabelatd1"&gt;Cicrano de Tal (222.222.222-22)&lt;/td&gt;
		&lt;td class="tabelatd1"&gt;23F&lt;/td&gt;
		&lt;td class="tabelatd1"&gt;Patrimonial&lt;/td&gt;
	&lt;/tr&gt;
	&lt;tr&gt;
		&lt;td class="tabelatd2"&gt;281&lt;/td&gt;
		&lt;td class="tabelatd2"&gt;Tipo Cobranca&lt;/td&gt;
		&lt;td class="tabelatd2"&gt;10/10/2018&lt;/td&gt;
		&lt;td class="tabelatd2"&gt;110.00&lt;/td&gt;
		&lt;td class="tabelatd2"&gt;10/28/2018 11:58:31&lt;/td&gt;
		&lt;td class="tabelatd2"&gt;Cicrano de Tal (222.222.222-22)&lt;/td&gt;
		&lt;td class="tabelatd2"&gt;23F&lt;/td&gt;
		&lt;td class="tabelatd2"&gt;Patrimonial&lt;/td&gt;
	&lt;/tr&gt;
	&lt;tr&gt;
		&lt;td class="tabelatd1"&gt;308&lt;/td&gt;
		&lt;td class="tabelatd1"&gt;Tipo Cobranca&lt;/td&gt;
		&lt;td class="tabelatd1"&gt;10/10/2018&lt;/td&gt;
		&lt;td class="tabelatd1"&gt;110.00&lt;/td&gt;
		&lt;td class="tabelatd1"&gt;10/28/2018 13:55:55&lt;/td&gt;
		&lt;td class="tabelatd1"&gt;Cicrano de Tal (222.222.222-22)&lt;/td&gt;
		&lt;td class="tabelatd1"&gt;23F&lt;/td&gt;
		&lt;td class="tabelatd1"&gt;Patrimonial&lt;/td&gt;
	&lt;/tr&gt;
	&lt;tr&gt;
		&lt;td class="tabelatd2"&gt;337&lt;/td&gt;
		&lt;td class="tabelatd2"&gt;Tipo Cobranca&lt;/td&gt;
		&lt;td class="tabelatd2"&gt;10/10/2018&lt;/td&gt;
		&lt;td class="tabelatd2"&gt;110.00&lt;/td&gt;
		&lt;td class="tabelatd2"&gt;10/28/2018 14:00:40&lt;/td&gt;
		&lt;td class="tabelatd2"&gt;Cicrano de Tal (222.222.222-22)&lt;/td&gt;
		&lt;td class="tabelatd2"&gt;23F&lt;/td&gt;
		&lt;td class="tabelatd2"&gt;Patrimonial&lt;/td&gt;
	&lt;/tr&gt;
	&lt;tr&gt;
		&lt;td class="tabelatd1"&gt;4&lt;/td&gt;
		&lt;td class="tabelatd1"&gt;Tipo Cobranca&lt;/td&gt;
		&lt;td class="tabelatd1"&gt;10/10/2018&lt;/td&gt;
		&lt;td class="tabelatd1"&gt;110.00&lt;/td&gt;
		&lt;td class="tabelatd1"&gt;10/28/2018 09:17:10&lt;/td&gt;
		&lt;td class="tabelatd1"&gt;Beltrano da Silva (333.333.333-33)&lt;/td&gt;
		&lt;td class="tabelatd1"&gt;0F&lt;/td&gt;
		&lt;td class="tabelatd1"&gt;Patrimonial&lt;/td&gt;
	&lt;/tr&gt;
	&lt;tr&gt;
		&lt;td class="tabelatd2"&gt;8&lt;/td&gt;
		&lt;td class="tabelatd2"&gt;Tipo Cobranca&lt;/td&gt;
		&lt;td class="tabelatd2"&gt;10/10/2018&lt;/td&gt;
		&lt;td class="tabelatd2"&gt;110.00&lt;/td&gt;
		&lt;td class="tabelatd2"&gt;10/28/2018 09:18:03&lt;/td&gt;
		&lt;td class="tabelatd2"&gt;Beltrano da Silva (333.333.333-33)&lt;/td&gt;
		&lt;td class="tabelatd2"&gt;0F&lt;/td&gt;
		&lt;td class="tabelatd2"&gt;Patrimonial&lt;/td&gt;
	&lt;/tr&gt;
	&lt;tr&gt;
		&lt;td class="tabelatd1"&gt;12&lt;/td&gt;
		&lt;td class="tabelatd1"&gt;Tipo Cobranca&lt;/td&gt;
		&lt;td class="tabelatd1"&gt;10/10/2018&lt;/td&gt;
		&lt;td class="tabelatd1"&gt;110.00&lt;/td&gt;
		&lt;td class="tabelatd1"&gt;10/28/2018 09:18:45&lt;/td&gt;
		&lt;td class="tabelatd1"&gt;Beltrano da Silva (333.333.333-33)&lt;/td&gt;
		&lt;td class="tabelatd1"&gt;0F&lt;/td&gt;
		&lt;td class="tabelatd1"&gt;Patrimonial&lt;/td&gt;
	&lt;/tr&gt;
	&lt;tr&gt;
		&lt;td class="tabelatd2"&gt;16&lt;/td&gt;
		&lt;td class="tabelatd2"&gt;Tipo Cobranca&lt;/td&gt;
		&lt;td class="tabelatd2"&gt;10/10/2018&lt;/td&gt;
		&lt;td class="tabelatd2"&gt;110.00&lt;/td&gt;
		&lt;td class="tabelatd2"&gt;10/28/2018 09:19:36&lt;/td&gt;
		&lt;td class="tabelatd2"&gt;Beltrano da Silva (333.333.333-33)&lt;/td&gt;
		&lt;td class="tabelatd2"&gt;0F&lt;/td&gt;
		&lt;td class="tabelatd2"&gt;Patrimonial&lt;/td&gt;
	&lt;/tr&gt;
	&lt;tr&gt;
		&lt;td class="tabelatd1"&gt;20&lt;/td&gt;
		&lt;td class="tabelatd1"&gt;Tipo Cobranca&lt;/td&gt;
		&lt;td class="tabelatd1"&gt;10/10/2018&lt;/td&gt;
		&lt;td class="tabelatd1"&gt;110.00&lt;/td&gt;
		&lt;td class="tabelatd1"&gt;10/28/2018 09:20:15&lt;/td&gt;
		&lt;td class="tabelatd1"&gt;Beltrano da Silva (333.333.333-33)&lt;/td&gt;
		&lt;td class="tabelatd1"&gt;0F&lt;/td&gt;
		&lt;td class="tabelatd1"&gt;Patrimonial&lt;/td&gt;
	&lt;/tr&gt;
	&lt;tr&gt;
		&lt;td class="tabelatd2"&gt;24&lt;/td&gt;
		&lt;td class="tabelatd2"&gt;Tipo Cobranca&lt;/td&gt;
		&lt;td class="tabelatd2"&gt;10/10/2018&lt;/td&gt;
		&lt;td class="tabelatd2"&gt;110.00&lt;/td&gt;
		&lt;td class="tabelatd2"&gt;10/28/2018 09:20:41&lt;/td&gt;
		&lt;td class="tabelatd2"&gt;Beltrano da Silva (333.333.333-33)&lt;/td&gt;
		&lt;td class="tabelatd2"&gt;0F&lt;/td&gt;
		&lt;td class="tabelatd2"&gt;Patrimonial&lt;/td&gt;
	&lt;/tr&gt;
	&lt;tr&gt;
		&lt;td class="tabelatd1"&gt;28&lt;/td&gt;
		&lt;td class="tabelatd1"&gt;Tipo Cobranca&lt;/td&gt;
		&lt;td class="tabelatd1"&gt;10/10/2018&lt;/td&gt;
		&lt;td class="tabelatd1"&gt;110.00&lt;/td&gt;
		&lt;td class="tabelatd1"&gt;10/28/2018 09:24:10&lt;/td&gt;
		&lt;td class="tabelatd1"&gt;Beltrano da Silva (333.333.333-33)&lt;/td&gt;
		&lt;td class="tabelatd1"&gt;0F&lt;/td&gt;
		&lt;td class="tabelatd1"&gt;Patrimonial&lt;/td&gt;
	&lt;/tr&gt;
	&lt;tr&gt;
		&lt;td class="tabelatd2"&gt;35&lt;/td&gt;
		&lt;td class="tabelatd2"&gt;Tipo Cobranca&lt;/td&gt;
		&lt;td class="tabelatd2"&gt;10/10/2018&lt;/td&gt;
		&lt;td class="tabelatd2"&gt;110.00&lt;/td&gt;
		&lt;td class="tabelatd2"&gt;10/28/2018 09:24:30&lt;/td&gt;
		&lt;td class="tabelatd2"&gt;Beltrano da Silva (333.333.333-33)&lt;/td&gt;
		&lt;td class="tabelatd2"&gt;0F&lt;/td&gt;
		&lt;td class="tabelatd2"&gt;Patrimonial&lt;/td&gt;
	&lt;/tr&gt;
	&lt;tr&gt;
		&lt;td class="tabelatd1"&gt;43&lt;/td&gt;
		&lt;td class="tabelatd1"&gt;Tipo Cobranca&lt;/td&gt;
		&lt;td class="tabelatd1"&gt;10/10/2018&lt;/td&gt;
		&lt;td class="tabelatd1"&gt;110.00&lt;/td&gt;
		&lt;td class="tabelatd1"&gt;10/28/2018 09:26:04&lt;/td&gt;
		&lt;td class="tabelatd1"&gt;Beltrano da Silva (333.333.333-33)&lt;/td&gt;
		&lt;td class="tabelatd1"&gt;0F&lt;/td&gt;
		&lt;td class="tabelatd1"&gt;Patrimonial&lt;/td&gt;
	&lt;/tr&gt;
	&lt;tr&gt;
		&lt;td class="tabelatd2"&gt;54&lt;/td&gt;
		&lt;td class="tabelatd2"&gt;Tipo Cobranca&lt;/td&gt;
		&lt;td class="tabelatd2"&gt;10/10/2018&lt;/td&gt;
		&lt;td class="tabelatd2"&gt;110.00&lt;/td&gt;
		&lt;td class="tabelatd2"&gt;10/28/2018 10:56:59&lt;/td&gt;
		&lt;td class="tabelatd2"&gt;Beltrano da Silva (333.333.333-33)&lt;/td&gt;
		&lt;td class="tabelatd2"&gt;0F&lt;/td&gt;
		&lt;td class="tabelatd2"&gt;Patrimonial&lt;/td&gt;
	&lt;/tr&gt;
	&lt;tr&gt;
		&lt;td class="tabelatd1"&gt;67&lt;/td&gt;
		&lt;td class="tabelatd1"&gt;Tipo Cobranca&lt;/td&gt;
		&lt;td class="tabelatd1"&gt;10/10/2018&lt;/td&gt;
		&lt;td class="tabelatd1"&gt;110.00&lt;/td&gt;
		&lt;td class="tabelatd1"&gt;10/28/2018 10:58:08&lt;/td&gt;
		&lt;td class="tabelatd1"&gt;Beltrano da Silva (333.333.333-33)&lt;/td&gt;
		&lt;td class="tabelatd1"&gt;0F&lt;/td&gt;
		&lt;td class="tabelatd1"&gt;Patrimonial&lt;/td&gt;
	&lt;/tr&gt;
	&lt;tr&gt;
		&lt;td class="tabelatd2"&gt;82&lt;/td&gt;
		&lt;td class="tabelatd2"&gt;Tipo Cobranca&lt;/td&gt;
		&lt;td class="tabelatd2"&gt;10/10/2018&lt;/td&gt;
		&lt;td class="tabelatd2"&gt;110.00&lt;/td&gt;
		&lt;td class="tabelatd2"&gt;10/28/2018 11:01:20&lt;/td&gt;
		&lt;td class="tabelatd2"&gt;Beltrano da Silva (333.333.333-33)&lt;/td&gt;
		&lt;td class="tabelatd2"&gt;0F&lt;/td&gt;
		&lt;td class="tabelatd2"&gt;Patrimonial&lt;/td&gt;
	&lt;/tr&gt;
	&lt;tr&gt;
		&lt;td class="tabelatd1"&gt;98&lt;/td&gt;
		&lt;td class="tabelatd1"&gt;Tipo Cobranca&lt;/td&gt;
		&lt;td class="tabelatd1"&gt;10/10/2018&lt;/td&gt;
		&lt;td class="tabelatd1"&gt;110.00&lt;/td&gt;
		&lt;td class="tabelatd1"&gt;10/28/2018 11:01:33&lt;/td&gt;
		&lt;td class="tabelatd1"&gt;Beltrano da Silva (333.333.333-33)&lt;/td&gt;
		&lt;td class="tabelatd1"&gt;0F&lt;/td&gt;
		&lt;td class="tabelatd1"&gt;Patrimonial&lt;/td&gt;
	&lt;/tr&gt;
	&lt;tr&gt;
		&lt;td class="tabelatd2"&gt;125&lt;/td&gt;
		&lt;td class="tabelatd2"&gt;Tipo Cobranca&lt;/td&gt;
		&lt;td class="tabelatd2"&gt;10/10/2018&lt;/td&gt;
		&lt;td class="tabelatd2"&gt;110.00&lt;/td&gt;
		&lt;td class="tabelatd2"&gt;10/28/2018 11:17:56&lt;/td&gt;
		&lt;td class="tabelatd2"&gt;Beltrano da Silva (333.333.333-33)&lt;/td&gt;
		&lt;td class="tabelatd2"&gt;0F&lt;/td&gt;
		&lt;td class="tabelatd2"&gt;Patrimonial&lt;/td&gt;
	&lt;/tr&gt;
	&lt;tr&gt;
		&lt;td class="tabelatd1"&gt;149&lt;/td&gt;
		&lt;td class="tabelatd1"&gt;Tipo Cobranca&lt;/td&gt;
		&lt;td class="tabelatd1"&gt;10/10/2018&lt;/td&gt;
		&lt;td class="tabelatd1"&gt;110.00&lt;/td&gt;
		&lt;td class="tabelatd1"&gt;10/28/2018 11:22:20&lt;/td&gt;
		&lt;td class="tabelatd1"&gt;Beltrano da Silva (333.333.333-33)&lt;/td&gt;
		&lt;td class="tabelatd1"&gt;0F&lt;/td&gt;
		&lt;td class="tabelatd1"&gt;Patrimonial&lt;/td&gt;
	&lt;/tr&gt;
	&lt;tr&gt;
		&lt;td class="tabelatd2"&gt;169&lt;/td&gt;
		&lt;td class="tabelatd2"&gt;Tipo Cobranca&lt;/td&gt;
		&lt;td class="tabelatd2"&gt;10/10/2018&lt;/td&gt;
		&lt;td class="tabelatd2"&gt;110.00&lt;/td&gt;
		&lt;td class="tabelatd2"&gt;10/28/2018 11:24:34&lt;/td&gt;
		&lt;td class="tabelatd2"&gt;Beltrano da Silva (333.333.333-33)&lt;/td&gt;
		&lt;td class="tabelatd2"&gt;0F&lt;/td&gt;
		&lt;td class="tabelatd2"&gt;Patrimonial&lt;/td&gt;
	&lt;/tr&gt;
	&lt;tr&gt;
		&lt;td class="tabelatd1"&gt;189&lt;/td&gt;
		&lt;td class="tabelatd1"&gt;Tipo Cobranca&lt;/td&gt;
		&lt;td class="tabelatd1"&gt;10/10/2018&lt;/td&gt;
		&lt;td class="tabelatd1"&gt;110.00&lt;/td&gt;
		&lt;td class="tabelatd1"&gt;10/28/2018 11:25:15&lt;/td&gt;
		&lt;td class="tabelatd1"&gt;Beltrano da Silva (333.333.333-33)&lt;/td&gt;
		&lt;td class="tabelatd1"&gt;0F&lt;/td&gt;
		&lt;td class="tabelatd1"&gt;Patrimonial&lt;/td&gt;
	&lt;/tr&gt;
	&lt;tr&gt;
		&lt;td class="tabelatd2"&gt;209&lt;/td&gt;
		&lt;td class="tabelatd2"&gt;Tipo Cobranca&lt;/td&gt;
		&lt;td class="tabelatd2"&gt;10/10/2018&lt;/td&gt;
		&lt;td class="tabelatd2"&gt;110.00&lt;/td&gt;
		&lt;td class="tabelatd2"&gt;10/28/2018 11:25:27&lt;/td&gt;
		&lt;td class="tabelatd2"&gt;Beltrano da Silva (333.333.333-33)&lt;/td&gt;
		&lt;td class="tabelatd2"&gt;0F&lt;/td&gt;
		&lt;td class="tabelatd2"&gt;Patrimonial&lt;/td&gt;
	&lt;/tr&gt;
	&lt;tr&gt;
		&lt;td class="tabelatd1"&gt;232&lt;/td&gt;
		&lt;td class="tabelatd1"&gt;Tipo Cobranca&lt;/td&gt;
		&lt;td class="tabelatd1"&gt;10/10/2018&lt;/td&gt;
		&lt;td class="tabelatd1"&gt;110.00&lt;/td&gt;
		&lt;td class="tabelatd1"&gt;10/28/2018 11:27:49&lt;/td&gt;
		&lt;td class="tabelatd1"&gt;Beltrano da Silva (333.333.333-33)&lt;/td&gt;
		&lt;td class="tabelatd1"&gt;0F&lt;/td&gt;
		&lt;td class="tabelatd1"&gt;Patrimonial&lt;/td&gt;
	&lt;/tr&gt;
	&lt;tr&gt;
		&lt;td class="tabelatd2"&gt;255&lt;/td&gt;
		&lt;td class="tabelatd2"&gt;Tipo Cobranca&lt;/td&gt;
		&lt;td class="tabelatd2"&gt;10/10/2018&lt;/td&gt;
		&lt;td class="tabelatd2"&gt;110.00&lt;/td&gt;
		&lt;td class="tabelatd2"&gt;10/28/2018 11:38:48&lt;/td&gt;
		&lt;td class="tabelatd2"&gt;Beltrano da Silva (333.333.333-33)&lt;/td&gt;
		&lt;td class="tabelatd2"&gt;0F&lt;/td&gt;
		&lt;td class="tabelatd2"&gt;Patrimonial&lt;/td&gt;
	&lt;/tr&gt;
	&lt;tr&gt;
		&lt;td class="tabelatd1"&gt;280&lt;/td&gt;
		&lt;td class="tabelatd1"&gt;Tipo Cobranca&lt;/td&gt;
		&lt;td class="tabelatd1"&gt;10/10/2018&lt;/td&gt;
		&lt;td class="tabelatd1"&gt;110.00&lt;/td&gt;
		&lt;td class="tabelatd1"&gt;10/28/2018 11:58:31&lt;/td&gt;
		&lt;td class="tabelatd1"&gt;Beltrano da Silva (333.333.333-33)&lt;/td&gt;
		&lt;td class="tabelatd1"&gt;0F&lt;/td&gt;
		&lt;td class="tabelatd1"&gt;Patrimonial&lt;/td&gt;
	&lt;/tr&gt;
	&lt;tr&gt;
		&lt;td class="tabelatd2"&gt;307&lt;/td&gt;
		&lt;td class="tabelatd2"&gt;Tipo Cobranca&lt;/td&gt;
		&lt;td class="tabelatd2"&gt;10/10/2018&lt;/td&gt;
		&lt;td class="tabelatd2"&gt;110.00&lt;/td&gt;
		&lt;td class="tabelatd2"&gt;10/28/2018 13:55:55&lt;/td&gt;
		&lt;td class="tabelatd2"&gt;Beltrano da Silva (333.333.333-33)&lt;/td&gt;
		&lt;td class="tabelatd2"&gt;0F&lt;/td&gt;
		&lt;td class="tabelatd2"&gt;Patrimonial&lt;/td&gt;
	&lt;/tr&gt;
	&lt;tr&gt;
		&lt;td class="tabelatd1"&gt;336&lt;/td&gt;
		&lt;td class="tabelatd1"&gt;Tipo Cobranca&lt;/td&gt;
		&lt;td class="tabelatd1"&gt;10/10/2018&lt;/td&gt;
		&lt;td class="tabelatd1"&gt;110.00&lt;/td&gt;
		&lt;td class="tabelatd1"&gt;10/28/2018 14:00:40&lt;/td&gt;
		&lt;td class="tabelatd1"&gt;Beltrano da Silva (333.333.333-33)&lt;/td&gt;
		&lt;td class="tabelatd1"&gt;0F&lt;/td&gt;
		&lt;td class="tabelatd1"&gt;Patrimonial&lt;/td&gt;
	&lt;/tr&gt;
	&lt;tr&gt;
		&lt;td class="tabelatd2"&gt;3&lt;/td&gt;
		&lt;td class="tabelatd2"&gt;Tipo Cobranca&lt;/td&gt;
		&lt;td class="tabelatd2"&gt;10/10/2018&lt;/td&gt;
		&lt;td class="tabelatd2"&gt;110.00&lt;/td&gt;
		&lt;td class="tabelatd2"&gt;10/28/2018 09:17:10&lt;/td&gt;
		&lt;td class="tabelatd2"&gt;Fulano de Tal (111.111.111-11)&lt;/td&gt;
		&lt;td class="tabelatd2"&gt;0F&lt;/td&gt;
		&lt;td class="tabelatd2"&gt;Patrimonial&lt;/td&gt;
	&lt;/tr&gt;
	&lt;tr&gt;
		&lt;td class="tabelatd1"&gt;7&lt;/td&gt;
		&lt;td class="tabelatd1"&gt;Tipo Cobranca&lt;/td&gt;
		&lt;td class="tabelatd1"&gt;10/10/2018&lt;/td&gt;
		&lt;td class="tabelatd1"&gt;110.00&lt;/td&gt;
		&lt;td class="tabelatd1"&gt;10/28/2018 09:18:03&lt;/td&gt;
		&lt;td class="tabelatd1"&gt;Fulano de Tal (111.111.111-11)&lt;/td&gt;
		&lt;td class="tabelatd1"&gt;0F&lt;/td&gt;
		&lt;td class="tabelatd1"&gt;Patrimonial&lt;/td&gt;
	&lt;/tr&gt;
	&lt;tr&gt;
		&lt;td class="tabelatd2"&gt;11&lt;/td&gt;
		&lt;td class="tabelatd2"&gt;Tipo Cobranca&lt;/td&gt;
		&lt;td class="tabelatd2"&gt;10/10/2018&lt;/td&gt;
		&lt;td class="tabelatd2"&gt;110.00&lt;/td&gt;
		&lt;td class="tabelatd2"&gt;10/28/2018 09:18:45&lt;/td&gt;
		&lt;td class="tabelatd2"&gt;Fulano de Tal (111.111.111-11)&lt;/td&gt;
		&lt;td class="tabelatd2"&gt;0F&lt;/td&gt;
		&lt;td class="tabelatd2"&gt;Patrimonial&lt;/td&gt;
	&lt;/tr&gt;
	&lt;tr&gt;
		&lt;td class="tabelatd1"&gt;15&lt;/td&gt;
		&lt;td class="tabelatd1"&gt;Tipo Cobranca&lt;/td&gt;
		&lt;td class="tabelatd1"&gt;10/10/2018&lt;/td&gt;
		&lt;td class="tabelatd1"&gt;110.00&lt;/td&gt;
		&lt;td class="tabelatd1"&gt;10/28/2018 09:19:36&lt;/td&gt;
		&lt;td class="tabelatd1"&gt;Fulano de Tal (111.111.111-11)&lt;/td&gt;
		&lt;td class="tabelatd1"&gt;0F&lt;/td&gt;
		&lt;td class="tabelatd1"&gt;Patrimonial&lt;/td&gt;
	&lt;/tr&gt;
	&lt;tr&gt;
		&lt;td class="tabelatd2"&gt;19&lt;/td&gt;
		&lt;td class="tabelatd2"&gt;Tipo Cobranca&lt;/td&gt;
		&lt;td class="tabelatd2"&gt;10/10/2018&lt;/td&gt;
		&lt;td class="tabelatd2"&gt;110.00&lt;/td&gt;
		&lt;td class="tabelatd2"&gt;10/28/2018 09:20:15&lt;/td&gt;
		&lt;td class="tabelatd2"&gt;Fulano de Tal (111.111.111-11)&lt;/td&gt;
		&lt;td class="tabelatd2"&gt;0F&lt;/td&gt;
		&lt;td class="tabelatd2"&gt;Patrimonial&lt;/td&gt;
	&lt;/tr&gt;
	&lt;tr&gt;
		&lt;td class="tabelatd1"&gt;23&lt;/td&gt;
		&lt;td class="tabelatd1"&gt;Tipo Cobranca&lt;/td&gt;
		&lt;td class="tabelatd1"&gt;10/10/2018&lt;/td&gt;
		&lt;td class="tabelatd1"&gt;110.00&lt;/td&gt;
		&lt;td class="tabelatd1"&gt;10/28/2018 09:20:41&lt;/td&gt;
		&lt;td class="tabelatd1"&gt;Fulano de Tal (111.111.111-11)&lt;/td&gt;
		&lt;td class="tabelatd1"&gt;0F&lt;/td&gt;
		&lt;td class="tabelatd1"&gt;Patrimonial&lt;/td&gt;
	&lt;/tr&gt;
	&lt;tr&gt;
		&lt;td class="tabelatd2"&gt;27&lt;/td&gt;
		&lt;td class="tabelatd2"&gt;Tipo Cobranca&lt;/td&gt;
		&lt;td class="tabelatd2"&gt;10/10/2018&lt;/td&gt;
		&lt;td class="tabelatd2"&gt;110.00&lt;/td&gt;
		&lt;td class="tabelatd2"&gt;10/28/2018 09:24:10&lt;/td&gt;
		&lt;td class="tabelatd2"&gt;Fulano de Tal (111.111.111-11)&lt;/td&gt;
		&lt;td class="tabelatd2"&gt;0F&lt;/td&gt;
		&lt;td class="tabelatd2"&gt;Patrimonial&lt;/td&gt;
	&lt;/tr&gt;
	&lt;tr&gt;
		&lt;td class="tabelatd1"&gt;34&lt;/td&gt;
		&lt;td class="tabelatd1"&gt;Tipo Cobranca&lt;/td&gt;
		&lt;td class="tabelatd1"&gt;10/10/2018&lt;/td&gt;
		&lt;td class="tabelatd1"&gt;110.00&lt;/td&gt;
		&lt;td class="tabelatd1"&gt;10/28/2018 09:24:30&lt;/td&gt;
		&lt;td class="tabelatd1"&gt;Fulano de Tal (111.111.111-11)&lt;/td&gt;
		&lt;td class="tabelatd1"&gt;0F&lt;/td&gt;
		&lt;td class="tabelatd1"&gt;Patrimonial&lt;/td&gt;
	&lt;/tr&gt;
	&lt;tr&gt;
		&lt;td class="tabelatd2"&gt;42&lt;/td&gt;
		&lt;td class="tabelatd2"&gt;Tipo Cobranca&lt;/td&gt;
		&lt;td class="tabelatd2"&gt;10/10/2018&lt;/td&gt;
		&lt;td class="tabelatd2"&gt;110.00&lt;/td&gt;
		&lt;td class="tabelatd2"&gt;10/28/2018 09:26:04&lt;/td&gt;
		&lt;td class="tabelatd2"&gt;Fulano de Tal (111.111.111-11)&lt;/td&gt;
		&lt;td class="tabelatd2"&gt;0F&lt;/td&gt;
		&lt;td class="tabelatd2"&gt;Patrimonial&lt;/td&gt;
	&lt;/tr&gt;
	&lt;tr&gt;
		&lt;td class="tabelatd1"&gt;53&lt;/td&gt;
		&lt;td class="tabelatd1"&gt;Tipo Cobranca&lt;/td&gt;
		&lt;td class="tabelatd1"&gt;10/10/2018&lt;/td&gt;
		&lt;td class="tabelatd1"&gt;110.00&lt;/td&gt;
		&lt;td class="tabelatd1"&gt;10/28/2018 10:56:59&lt;/td&gt;
		&lt;td class="tabelatd1"&gt;Fulano de Tal (111.111.111-11)&lt;/td&gt;
		&lt;td class="tabelatd1"&gt;0F&lt;/td&gt;
		&lt;td class="tabelatd1"&gt;Patrimonial&lt;/td&gt;
	&lt;/tr&gt;
	&lt;tr&gt;
		&lt;td class="tabelatd2"&gt;66&lt;/td&gt;
		&lt;td class="tabelatd2"&gt;Tipo Cobranca&lt;/td&gt;
		&lt;td class="tabelatd2"&gt;10/10/2018&lt;/td&gt;
		&lt;td class="tabelatd2"&gt;110.00&lt;/td&gt;
		&lt;td class="tabelatd2"&gt;10/28/2018 10:58:08&lt;/td&gt;
		&lt;td class="tabelatd2"&gt;Fulano de Tal (111.111.111-11)&lt;/td&gt;
		&lt;td class="tabelatd2"&gt;0F&lt;/td&gt;
		&lt;td class="tabelatd2"&gt;Patrimonial&lt;/td&gt;
	&lt;/tr&gt;
	&lt;tr&gt;
		&lt;td class="tabelatd1"&gt;81&lt;/td&gt;
		&lt;td class="tabelatd1"&gt;Tipo Cobranca&lt;/td&gt;
		&lt;td class="tabelatd1"&gt;10/10/2018&lt;/td&gt;
		&lt;td class="tabelatd1"&gt;110.00&lt;/td&gt;
		&lt;td class="tabelatd1"&gt;10/28/2018 11:01:20&lt;/td&gt;
		&lt;td class="tabelatd1"&gt;Fulano de Tal (111.111.111-11)&lt;/td&gt;
		&lt;td class="tabelatd1"&gt;0F&lt;/td&gt;
		&lt;td class="tabelatd1"&gt;Patrimonial&lt;/td&gt;
	&lt;/tr&gt;
	&lt;tr&gt;
		&lt;td class="tabelatd2"&gt;97&lt;/td&gt;
		&lt;td class="tabelatd2"&gt;Tipo Cobranca&lt;/td&gt;
		&lt;td class="tabelatd2"&gt;10/10/2018&lt;/td&gt;
		&lt;td class="tabelatd2"&gt;110.00&lt;/td&gt;
		&lt;td class="tabelatd2"&gt;10/28/2018 11:01:33&lt;/td&gt;
		&lt;td class="tabelatd2"&gt;Fulano de Tal (111.111.111-11)&lt;/td&gt;
		&lt;td class="tabelatd2"&gt;0F&lt;/td&gt;
		&lt;td class="tabelatd2"&gt;Patrimonial&lt;/td&gt;
	&lt;/tr&gt;
	&lt;tr&gt;
		&lt;td class="tabelatd1"&gt;124&lt;/td&gt;
		&lt;td class="tabelatd1"&gt;Tipo Cobranca&lt;/td&gt;
		&lt;td class="tabelatd1"&gt;10/10/2018&lt;/td&gt;
		&lt;td class="tabelatd1"&gt;110.00&lt;/td&gt;
		&lt;td class="tabelatd1"&gt;10/28/2018 11:17:56&lt;/td&gt;
		&lt;td class="tabelatd1"&gt;Fulano de Tal (111.111.111-11)&lt;/td&gt;
		&lt;td class="tabelatd1"&gt;0F&lt;/td&gt;
		&lt;td class="tabelatd1"&gt;Patrimonial&lt;/td&gt;
	&lt;/tr&gt;
	&lt;tr&gt;
		&lt;td class="tabelatd2"&gt;148&lt;/td&gt;
		&lt;td class="tabelatd2"&gt;Tipo Cobranca&lt;/td&gt;
		&lt;td class="tabelatd2"&gt;10/10/2018&lt;/td&gt;
		&lt;td class="tabelatd2"&gt;110.00&lt;/td&gt;
		&lt;td class="tabelatd2"&gt;10/28/2018 11:22:20&lt;/td&gt;
		&lt;td class="tabelatd2"&gt;Fulano de Tal (111.111.111-11)&lt;/td&gt;
		&lt;td class="tabelatd2"&gt;0F&lt;/td&gt;
		&lt;td class="tabelatd2"&gt;Patrimonial&lt;/td&gt;
	&lt;/tr&gt;
	&lt;tr&gt;
		&lt;td class="tabelatd1"&gt;168&lt;/td&gt;
		&lt;td class="tabelatd1"&gt;Tipo Cobranca&lt;/td&gt;
		&lt;td class="tabelatd1"&gt;10/10/2018&lt;/td&gt;
		&lt;td class="tabelatd1"&gt;110.00&lt;/td&gt;
		&lt;td class="tabelatd1"&gt;10/28/2018 11:24:34&lt;/td&gt;
		&lt;td class="tabelatd1"&gt;Fulano de Tal (111.111.111-11)&lt;/td&gt;
		&lt;td class="tabelatd1"&gt;0F&lt;/td&gt;
		&lt;td class="tabelatd1"&gt;Patrimonial&lt;/td&gt;
	&lt;/tr&gt;
	&lt;tr&gt;
		&lt;td class="tabelatd2"&gt;188&lt;/td&gt;
		&lt;td class="tabelatd2"&gt;Tipo Cobranca&lt;/td&gt;
		&lt;td class="tabelatd2"&gt;10/10/2018&lt;/td&gt;
		&lt;td class="tabelatd2"&gt;110.00&lt;/td&gt;
		&lt;td class="tabelatd2"&gt;10/28/2018 11:25:15&lt;/td&gt;
		&lt;td class="tabelatd2"&gt;Fulano de Tal (111.111.111-11)&lt;/td&gt;
		&lt;td class="tabelatd2"&gt;0F&lt;/td&gt;
		&lt;td class="tabelatd2"&gt;Patrimonial&lt;/td&gt;
	&lt;/tr&gt;
	&lt;tr&gt;
		&lt;td class="tabelatd1"&gt;208&lt;/td&gt;
		&lt;td class="tabelatd1"&gt;Tipo Cobranca&lt;/td&gt;
		&lt;td class="tabelatd1"&gt;10/10/2018&lt;/td&gt;
		&lt;td class="tabelatd1"&gt;110.00&lt;/td&gt;
		&lt;td class="tabelatd1"&gt;10/28/2018 11:25:27&lt;/td&gt;
		&lt;td class="tabelatd1"&gt;Fulano de Tal (111.111.111-11)&lt;/td&gt;
		&lt;td class="tabelatd1"&gt;0F&lt;/td&gt;
		&lt;td class="tabelatd1"&gt;Patrimonial&lt;/td&gt;
	&lt;/tr&gt;
	&lt;tr&gt;
		&lt;td class="tabelatd2"&gt;231&lt;/td&gt;
		&lt;td class="tabelatd2"&gt;Tipo Cobranca&lt;/td&gt;
		&lt;td class="tabelatd2"&gt;10/10/2018&lt;/td&gt;
		&lt;td class="tabelatd2"&gt;110.00&lt;/td&gt;
		&lt;td class="tabelatd2"&gt;10/28/2018 11:27:49&lt;/td&gt;
		&lt;td class="tabelatd2"&gt;Fulano de Tal (111.111.111-11)&lt;/td&gt;
		&lt;td class="tabelatd2"&gt;0F&lt;/td&gt;
		&lt;td class="tabelatd2"&gt;Patrimonial&lt;/td&gt;
	&lt;/tr&gt;
	&lt;tr&gt;
		&lt;td class="tabelatd1"&gt;254&lt;/td&gt;
		&lt;td class="tabelatd1"&gt;Tipo Cobranca&lt;/td&gt;
		&lt;td class="tabelatd1"&gt;10/10/2018&lt;/td&gt;
		&lt;td class="tabelatd1"&gt;110.00&lt;/td&gt;
		&lt;td class="tabelatd1"&gt;10/28/2018 11:38:48&lt;/td&gt;
		&lt;td class="tabelatd1"&gt;Fulano de Tal (111.111.111-11)&lt;/td&gt;
		&lt;td class="tabelatd1"&gt;0F&lt;/td&gt;
		&lt;td class="tabelatd1"&gt;Patrimonial&lt;/td&gt;
	&lt;/tr&gt;
	&lt;tr&gt;
		&lt;td class="tabelatd2"&gt;279&lt;/td&gt;
		&lt;td class="tabelatd2"&gt;Tipo Cobranca&lt;/td&gt;
		&lt;td class="tabelatd2"&gt;10/10/2018&lt;/td&gt;
		&lt;td class="tabelatd2"&gt;110.00&lt;/td&gt;
		&lt;td class="tabelatd2"&gt;10/28/2018 11:58:31&lt;/td&gt;
		&lt;td class="tabelatd2"&gt;Fulano de Tal (111.111.111-11)&lt;/td&gt;
		&lt;td class="tabelatd2"&gt;0F&lt;/td&gt;
		&lt;td class="tabelatd2"&gt;Patrimonial&lt;/td&gt;
	&lt;/tr&gt;
	&lt;tr&gt;
		&lt;td class="tabelatd1"&gt;306&lt;/td&gt;
		&lt;td class="tabelatd1"&gt;Tipo Cobranca&lt;/td&gt;
		&lt;td class="tabelatd1"&gt;10/10/2018&lt;/td&gt;
		&lt;td class="tabelatd1"&gt;110.00&lt;/td&gt;
		&lt;td class="tabelatd1"&gt;10/28/2018 13:55:55&lt;/td&gt;
		&lt;td class="tabelatd1"&gt;Fulano de Tal (111.111.111-11)&lt;/td&gt;
		&lt;td class="tabelatd1"&gt;0F&lt;/td&gt;
		&lt;td class="tabelatd1"&gt;Patrimonial&lt;/td&gt;
	&lt;/tr&gt;
	&lt;tr&gt;
		&lt;td class="tabelatd2"&gt;335&lt;/td&gt;
		&lt;td class="tabelatd2"&gt;Tipo Cobranca&lt;/td&gt;
		&lt;td class="tabelatd2"&gt;10/10/2018&lt;/td&gt;
		&lt;td class="tabelatd2"&gt;110.00&lt;/td&gt;
		&lt;td class="tabelatd2"&gt;10/28/2018 14:00:40&lt;/td&gt;
		&lt;td class="tabelatd2"&gt;Fulano de Tal (111.111.111-11)&lt;/td&gt;
		&lt;td class="tabelatd2"&gt;0F&lt;/td&gt;
		&lt;td class="tabelatd2"&gt;Patrimonial&lt;/td&gt;
	&lt;/tr&gt;
	&lt;tr&gt;
		&lt;td class="tabelatd1"&gt;364&lt;/td&gt;
		&lt;td class="tabelatd1"&gt;Tipo Cobranca&lt;/td&gt;
		&lt;td class="tabelatd1"&gt;10/10/2018&lt;/td&gt;
		&lt;td class="tabelatd1"&gt;100.00&lt;/td&gt;
		&lt;td class="tabelatd1"&gt;10/28/2018 14:00:41&lt;/td&gt;
		&lt;td class="tabelatd1"&gt;Fulano de Tal (652.392.539-00)&lt;/td&gt;
		&lt;td class="tabelatd1"&gt;1&lt;/td&gt;
		&lt;td class="tabelatd1"&gt;Patrimonial&lt;/td&gt;
	&lt;/tr&gt;
	&lt;tr&gt;
		&lt;td class="tabelatd2"&gt;365&lt;/td&gt;
		&lt;td class="tabelatd2"&gt;Tipo Cobranca&lt;/td&gt;
		&lt;td class="tabelatd2"&gt;10/10/2018&lt;/td&gt;
		&lt;td class="tabelatd2"&gt;110.00&lt;/td&gt;
		&lt;td class="tabelatd2"&gt;10/28/2018 16:29:36&lt;/td&gt;
		&lt;td class="tabelatd2"&gt;Fulano de Tal (652.392.539-00)&lt;/td&gt;
		&lt;td class="tabelatd2"&gt;1&lt;/td&gt;
		&lt;td class="tabelatd2"&gt;Patrimonial&lt;/td&gt;
	&lt;/tr&gt;
	&lt;tr&gt;
		&lt;td class="tabelatd1"&gt;369&lt;/td&gt;
		&lt;td class="tabelatd1"&gt;Tipo Cobranca&lt;/td&gt;
		&lt;td class="tabelatd1"&gt;10/10/2018&lt;/td&gt;
		&lt;td class="tabelatd1"&gt;110.00&lt;/td&gt;
		&lt;td class="tabelatd1"&gt;10/28/2018 16:29:36&lt;/td&gt;
		&lt;td class="tabelatd1"&gt;Fulano de Tal (652.392.539-00)&lt;/td&gt;
		&lt;td class="tabelatd1"&gt;1&lt;/td&gt;
		&lt;td class="tabelatd1"&gt;Patrimonial&lt;/td&gt;
	&lt;/tr&gt;
	&lt;tr&gt;
		&lt;td class="tabelatd2"&gt;370&lt;/td&gt;
		&lt;td class="tabelatd2"&gt;Tipo Cobranca&lt;/td&gt;
		&lt;td class="tabelatd2"&gt;10/10/2018&lt;/td&gt;
		&lt;td class="tabelatd2"&gt;110.00&lt;/td&gt;
		&lt;td class="tabelatd2"&gt;10/28/2018 16:29:36&lt;/td&gt;
		&lt;td class="tabelatd2"&gt;Fulano de Tal (652.392.539-00)&lt;/td&gt;
		&lt;td class="tabelatd2"&gt;1&lt;/td&gt;
		&lt;td class="tabelatd2"&gt;Patrimonial&lt;/td&gt;
	&lt;/tr&gt;
	&lt;tr&gt;
		&lt;td class="tabelatd1"&gt;371&lt;/td&gt;
		&lt;td class="tabelatd1"&gt;Tipo Cobranca&lt;/td&gt;
		&lt;td class="tabelatd1"&gt;10/10/2018&lt;/td&gt;
		&lt;td class="tabelatd1"&gt;110.00&lt;/td&gt;
		&lt;td class="tabelatd1"&gt;10/28/2018 16:29:36&lt;/td&gt;
		&lt;td class="tabelatd1"&gt;Fulano de Tal (652.392.539-00)&lt;/td&gt;
		&lt;td class="tabelatd1"&gt;1&lt;/td&gt;
		&lt;td class="tabelatd1"&gt;Patrimonial&lt;/td&gt;
	&lt;/tr&gt;
	&lt;tr&gt;
		&lt;td class="tabelatd2"&gt;372&lt;/td&gt;
		&lt;td class="tabelatd2"&gt;Tipo Cobranca&lt;/td&gt;
		&lt;td class="tabelatd2"&gt;10/10/2018&lt;/td&gt;
		&lt;td class="tabelatd2"&gt;110.00&lt;/td&gt;
		&lt;td class="tabelatd2"&gt;10/28/2018 16:29:36&lt;/td&gt;
		&lt;td class="tabelatd2"&gt;Fulano de Tal (652.392.539-00)&lt;/td&gt;
		&lt;td class="tabelatd2"&gt;1&lt;/td&gt;
		&lt;td class="tabelatd2"&gt;Patrimonial&lt;/td&gt;
	&lt;/tr&gt;
	&lt;tr&gt;
		&lt;td class="tabelatd1"&gt;373&lt;/td&gt;
		&lt;td class="tabelatd1"&gt;Tipo Cobranca&lt;/td&gt;
		&lt;td class="tabelatd1"&gt;10/10/2018&lt;/td&gt;
		&lt;td class="tabelatd1"&gt;110.00&lt;/td&gt;
		&lt;td class="tabelatd1"&gt;10/28/2018 16:29:36&lt;/td&gt;
		&lt;td class="tabelatd1"&gt;Fulano de Tal (652.392.539-00)&lt;/td&gt;
		&lt;td class="tabelatd1"&gt;1&lt;/td&gt;
		&lt;td class="tabelatd1"&gt;Patrimonial&lt;/td&gt;
	&lt;/tr&gt;
	&lt;tr&gt;
		&lt;td class="tabelatd2"&gt;374&lt;/td&gt;
		&lt;td class="tabelatd2"&gt;Tipo Cobranca&lt;/td&gt;
		&lt;td class="tabelatd2"&gt;10/10/2018&lt;/td&gt;
		&lt;td class="tabelatd2"&gt;110.00&lt;/td&gt;
		&lt;td class="tabelatd2"&gt;10/28/2018 16:29:36&lt;/td&gt;
		&lt;td class="tabelatd2"&gt;Fulano de Tal (652.392.539-00)&lt;/td&gt;
		&lt;td class="tabelatd2"&gt;1&lt;/td&gt;
		&lt;td class="tabelatd2"&gt;Patrimonial&lt;/td&gt;
	&lt;/tr&gt;
	&lt;tr&gt;
		&lt;td class="tabelatd1"&gt;375&lt;/td&gt;
		&lt;td class="tabelatd1"&gt;Tipo Cobranca&lt;/td&gt;
		&lt;td class="tabelatd1"&gt;10/10/2018&lt;/td&gt;
		&lt;td class="tabelatd1"&gt;110.00&lt;/td&gt;
		&lt;td class="tabelatd1"&gt;10/28/2018 16:29:36&lt;/td&gt;
		&lt;td class="tabelatd1"&gt;Fulano de Tal (652.392.539-00)&lt;/td&gt;
		&lt;td class="tabelatd1"&gt;1&lt;/td&gt;
		&lt;td class="tabelatd1"&gt;Patrimonial&lt;/td&gt;
	&lt;/tr&gt;
	&lt;tr&gt;
		&lt;td class="tabelatd2"&gt;376&lt;/td&gt;
		&lt;td class="tabelatd2"&gt;Tipo Cobranca&lt;/td&gt;
		&lt;td class="tabelatd2"&gt;10/10/2018&lt;/td&gt;
		&lt;td class="tabelatd2"&gt;110.00&lt;/td&gt;
		&lt;td class="tabelatd2"&gt;10/28/2018 16:29:36&lt;/td&gt;
		&lt;td class="tabelatd2"&gt;Fulano de Tal (652.392.539-00)&lt;/td&gt;
		&lt;td class="tabelatd2"&gt;1&lt;/td&gt;
		&lt;td class="tabelatd2"&gt;Patrimonial&lt;/td&gt;
	&lt;/tr&gt;
	&lt;tr&gt;
		&lt;td class="tabelatd1"&gt;377&lt;/td&gt;
		&lt;td class="tabelatd1"&gt;Tipo Cobranca&lt;/td&gt;
		&lt;td class="tabelatd1"&gt;10/10/2018&lt;/td&gt;
		&lt;td class="tabelatd1"&gt;110.00&lt;/td&gt;
		&lt;td class="tabelatd1"&gt;10/28/2018 16:29:36&lt;/td&gt;
		&lt;td class="tabelatd1"&gt;Fulano de Tal (652.392.539-00)&lt;/td&gt;
		&lt;td class="tabelatd1"&gt;1&lt;/td&gt;
		&lt;td class="tabelatd1"&gt;Patrimonial&lt;/td&gt;
	&lt;/tr&gt;
	&lt;tr&gt;
		&lt;td class="tabelatd2"&gt;378&lt;/td&gt;
		&lt;td class="tabelatd2"&gt;Tipo Cobranca&lt;/td&gt;
		&lt;td class="tabelatd2"&gt;10/10/2018&lt;/td&gt;
		&lt;td class="tabelatd2"&gt;110.00&lt;/td&gt;
		&lt;td class="tabelatd2"&gt;10/28/2018 16:29:36&lt;/td&gt;
		&lt;td class="tabelatd2"&gt;Fulano de Tal (652.392.539-00)&lt;/td&gt;
		&lt;td class="tabelatd2"&gt;1&lt;/td&gt;
		&lt;td class="tabelatd2"&gt;Patrimonial&lt;/td&gt;
	&lt;/tr&gt;
	&lt;tr&gt;
		&lt;td class="tabelatd1"&gt;379&lt;/td&gt;
		&lt;td class="tabelatd1"&gt;Tipo Cobranca&lt;/td&gt;
		&lt;td class="tabelatd1"&gt;10/10/2018&lt;/td&gt;
		&lt;td class="tabelatd1"&gt;110.00&lt;/td&gt;
		&lt;td class="tabelatd1"&gt;10/28/2018 16:29:36&lt;/td&gt;
		&lt;td class="tabelatd1"&gt;Fulano de Tal (652.392.539-00)&lt;/td&gt;
		&lt;td class="tabelatd1"&gt;1&lt;/td&gt;
		&lt;td class="tabelatd1"&gt;Patrimonial&lt;/td&gt;
	&lt;/tr&gt;
	&lt;tr&gt;
		&lt;td class="tabelatd2"&gt;380&lt;/td&gt;
		&lt;td class="tabelatd2"&gt;Tipo Cobranca&lt;/td&gt;
		&lt;td class="tabelatd2"&gt;10/10/2018&lt;/td&gt;
		&lt;td class="tabelatd2"&gt;110.00&lt;/td&gt;
		&lt;td class="tabelatd2"&gt;10/28/2018 16:29:36&lt;/td&gt;
		&lt;td class="tabelatd2"&gt;Fulano de Tal (652.392.539-00)&lt;/td&gt;
		&lt;td class="tabelatd2"&gt;1&lt;/td&gt;
		&lt;td class="tabelatd2"&gt;Patrimonial&lt;/td&gt;
	&lt;/tr&gt;
	&lt;tr&gt;
		&lt;td class="tabelatd1"&gt;397&lt;/td&gt;
		&lt;td class="tabelatd1"&gt;Tipo Cobranca&lt;/td&gt;
		&lt;td class="tabelatd1"&gt;10/10/2018&lt;/td&gt;
		&lt;td class="tabelatd1"&gt;100.00&lt;/td&gt;
		&lt;td class="tabelatd1"&gt;10/28/2018 16:29:38&lt;/td&gt;
		&lt;td class="tabelatd1"&gt;Fulano de Tal (652.392.539-00)&lt;/td&gt;
		&lt;td class="tabelatd1"&gt;1&lt;/td&gt;
		&lt;td class="tabelatd1"&gt;Patrimonial&lt;/td&gt;
	&lt;/tr&gt;
	&lt;tr&gt;
		&lt;td class="tabelatd2"&gt;398&lt;/td&gt;
		&lt;td class="tabelatd2"&gt;Tipo Cobranca&lt;/td&gt;
		&lt;td class="tabelatd2"&gt;10/10/2018&lt;/td&gt;
		&lt;td class="tabelatd2"&gt;110.00&lt;/td&gt;
		&lt;td class="tabelatd2"&gt;10/28/2018 16:34:54&lt;/td&gt;
		&lt;td class="tabelatd2"&gt;Fulano de Tal (652.392.539-00)&lt;/td&gt;
		&lt;td class="tabelatd2"&gt;1&lt;/td&gt;
		&lt;td class="tabelatd2"&gt;Patrimonial&lt;/td&gt;
	&lt;/tr&gt;
	&lt;tr&gt;
		&lt;td class="tabelatd1"&gt;402&lt;/td&gt;
		&lt;td class="tabelatd1"&gt;Tipo Cobranca&lt;/td&gt;
		&lt;td class="tabelatd1"&gt;10/10/2018&lt;/td&gt;
		&lt;td class="tabelatd1"&gt;110.00&lt;/td&gt;
		&lt;td class="tabelatd1"&gt;10/28/2018 16:34:54&lt;/td&gt;
		&lt;td class="tabelatd1"&gt;Fulano de Tal (652.392.539-00)&lt;/td&gt;
		&lt;td class="tabelatd1"&gt;1&lt;/td&gt;
		&lt;td class="tabelatd1"&gt;Patrimonial&lt;/td&gt;
	&lt;/tr&gt;
	&lt;tr&gt;
		&lt;td class="tabelatd2"&gt;403&lt;/td&gt;
		&lt;td class="tabelatd2"&gt;Tipo Cobranca&lt;/td&gt;
		&lt;td class="tabelatd2"&gt;10/10/2018&lt;/td&gt;
		&lt;td class="tabelatd2"&gt;110.00&lt;/td&gt;
		&lt;td class="tabelatd2"&gt;10/28/2018 16:34:54&lt;/td&gt;
		&lt;td class="tabelatd2"&gt;Fulano de Tal (652.392.539-00)&lt;/td&gt;
		&lt;td class="tabelatd2"&gt;1&lt;/td&gt;
		&lt;td class="tabelatd2"&gt;Patrimonial&lt;/td&gt;
	&lt;/tr&gt;
	&lt;tr&gt;
		&lt;td class="tabelatd1"&gt;404&lt;/td&gt;
		&lt;td class="tabelatd1"&gt;Tipo Cobranca&lt;/td&gt;
		&lt;td class="tabelatd1"&gt;10/10/2018&lt;/td&gt;
		&lt;td class="tabelatd1"&gt;110.00&lt;/td&gt;
		&lt;td class="tabelatd1"&gt;10/28/2018 16:34:54&lt;/td&gt;
		&lt;td class="tabelatd1"&gt;Fulano de Tal (652.392.539-00)&lt;/td&gt;
		&lt;td class="tabelatd1"&gt;1&lt;/td&gt;
		&lt;td class="tabelatd1"&gt;Patrimonial&lt;/td&gt;
	&lt;/tr&gt;
	&lt;tr&gt;
		&lt;td class="tabelatd2"&gt;405&lt;/td&gt;
		&lt;td class="tabelatd2"&gt;Tipo Cobranca&lt;/td&gt;
		&lt;td class="tabelatd2"&gt;10/10/2018&lt;/td&gt;
		&lt;td class="tabelatd2"&gt;110.00&lt;/td&gt;
		&lt;td class="tabelatd2"&gt;10/28/2018 16:34:54&lt;/td&gt;
		&lt;td class="tabelatd2"&gt;Fulano de Tal (652.392.539-00)&lt;/td&gt;
		&lt;td class="tabelatd2"&gt;1&lt;/td&gt;
		&lt;td class="tabelatd2"&gt;Patrimonial&lt;/td&gt;
	&lt;/tr&gt;
	&lt;tr&gt;
		&lt;td class="tabelatd1"&gt;406&lt;/td&gt;
		&lt;td class="tabelatd1"&gt;Tipo Cobranca&lt;/td&gt;
		&lt;td class="tabelatd1"&gt;10/10/2018&lt;/td&gt;
		&lt;td class="tabelatd1"&gt;110.00&lt;/td&gt;
		&lt;td class="tabelatd1"&gt;10/28/2018 16:34:54&lt;/td&gt;
		&lt;td class="tabelatd1"&gt;Fulano de Tal (652.392.539-00)&lt;/td&gt;
		&lt;td class="tabelatd1"&gt;1&lt;/td&gt;
		&lt;td class="tabelatd1"&gt;Patrimonial&lt;/td&gt;
	&lt;/tr&gt;
	&lt;tr&gt;
		&lt;td class="tabelatd2"&gt;407&lt;/td&gt;
		&lt;td class="tabelatd2"&gt;Tipo Cobranca&lt;/td&gt;
		&lt;td class="tabelatd2"&gt;10/10/2018&lt;/td&gt;
		&lt;td class="tabelatd2"&gt;110.00&lt;/td&gt;
		&lt;td class="tabelatd2"&gt;10/28/2018 16:34:54&lt;/td&gt;
		&lt;td class="tabelatd2"&gt;Fulano de Tal (652.392.539-00)&lt;/td&gt;
		&lt;td class="tabelatd2"&gt;1&lt;/td&gt;
		&lt;td class="tabelatd2"&gt;Patrimonial&lt;/td&gt;
	&lt;/tr&gt;
	&lt;tr&gt;
		&lt;td class="tabelatd1"&gt;408&lt;/td&gt;
		&lt;td class="tabelatd1"&gt;Tipo Cobranca&lt;/td&gt;
		&lt;td class="tabelatd1"&gt;10/10/2018&lt;/td&gt;
		&lt;td class="tabelatd1"&gt;110.00&lt;/td&gt;
		&lt;td class="tabelatd1"&gt;10/28/2018 16:34:54&lt;/td&gt;
		&lt;td class="tabelatd1"&gt;Fulano de Tal (652.392.539-00)&lt;/td&gt;
		&lt;td class="tabelatd1"&gt;1&lt;/td&gt;
		&lt;td class="tabelatd1"&gt;Patrimonial&lt;/td&gt;
	&lt;/tr&gt;
	&lt;tr&gt;
		&lt;td class="tabelatd2"&gt;409&lt;/td&gt;
		&lt;td class="tabelatd2"&gt;Tipo Cobranca&lt;/td&gt;
		&lt;td class="tabelatd2"&gt;10/10/2018&lt;/td&gt;
		&lt;td class="tabelatd2"&gt;110.00&lt;/td&gt;
		&lt;td class="tabelatd2"&gt;10/28/2018 16:34:54&lt;/td&gt;
		&lt;td class="tabelatd2"&gt;Fulano de Tal (652.392.539-00)&lt;/td&gt;
		&lt;td class="tabelatd2"&gt;1&lt;/td&gt;
		&lt;td class="tabelatd2"&gt;Patrimonial&lt;/td&gt;
	&lt;/tr&gt;
	&lt;tr&gt;
		&lt;td class="tabelatd1"&gt;410&lt;/td&gt;
		&lt;td class="tabelatd1"&gt;Tipo Cobranca&lt;/td&gt;
		&lt;td class="tabelatd1"&gt;10/10/2018&lt;/td&gt;
		&lt;td class="tabelatd1"&gt;110.00&lt;/td&gt;
		&lt;td class="tabelatd1"&gt;10/28/2018 16:34:54&lt;/td&gt;
		&lt;td class="tabelatd1"&gt;Fulano de Tal (652.392.539-00)&lt;/td&gt;
		&lt;td class="tabelatd1"&gt;1&lt;/td&gt;
		&lt;td class="tabelatd1"&gt;Patrimonial&lt;/td&gt;
	&lt;/tr&gt;
	&lt;tr&gt;
		&lt;td class="tabelatd2"&gt;411&lt;/td&gt;
		&lt;td class="tabelatd2"&gt;Tipo Cobranca&lt;/td&gt;
		&lt;td class="tabelatd2"&gt;10/10/2018&lt;/td&gt;
		&lt;td class="tabelatd2"&gt;110.00&lt;/td&gt;
		&lt;td class="tabelatd2"&gt;10/28/2018 16:34:54&lt;/td&gt;
		&lt;td class="tabelatd2"&gt;Fulano de Tal (652.392.539-00)&lt;/td&gt;
		&lt;td class="tabelatd2"&gt;1&lt;/td&gt;
		&lt;td class="tabelatd2"&gt;Patrimonial&lt;/td&gt;
	&lt;/tr&gt;
	&lt;tr&gt;
		&lt;td class="tabelatd1"&gt;412&lt;/td&gt;
		&lt;td class="tabelatd1"&gt;Tipo Cobranca&lt;/td&gt;
		&lt;td class="tabelatd1"&gt;10/10/2018&lt;/td&gt;
		&lt;td class="tabelatd1"&gt;110.00&lt;/td&gt;
		&lt;td class="tabelatd1"&gt;10/28/2018 16:34:54&lt;/td&gt;
		&lt;td class="tabelatd1"&gt;Fulano de Tal (652.392.539-00)&lt;/td&gt;
		&lt;td class="tabelatd1"&gt;1&lt;/td&gt;
		&lt;td class="tabelatd1"&gt;Patrimonial&lt;/td&gt;
	&lt;/tr&gt;
	&lt;tr&gt;
		&lt;td class="tabelatd2"&gt;413&lt;/td&gt;
		&lt;td class="tabelatd2"&gt;Tipo Cobranca&lt;/td&gt;
		&lt;td class="tabelatd2"&gt;10/10/2018&lt;/td&gt;
		&lt;td class="tabelatd2"&gt;110.00&lt;/td&gt;
		&lt;td class="tabelatd2"&gt;10/28/2018 16:34:54&lt;/td&gt;
		&lt;td class="tabelatd2"&gt;Fulano de Tal (652.392.539-00)&lt;/td&gt;
		&lt;td class="tabelatd2"&gt;1&lt;/td&gt;
		&lt;td class="tabelatd2"&gt;Patrimonial&lt;/td&gt;
	&lt;/tr&gt;
	&lt;tr&gt;
		&lt;td class="tabelatd1"&gt;414&lt;/td&gt;
		&lt;td class="tabelatd1"&gt;Tipo Cobranca&lt;/td&gt;
		&lt;td class="tabelatd1"&gt;10/10/2018&lt;/td&gt;
		&lt;td class="tabelatd1"&gt;110.00&lt;/td&gt;
		&lt;td class="tabelatd1"&gt;10/28/2018 16:34:54&lt;/td&gt;
		&lt;td class="tabelatd1"&gt;Fulano de Tal (652.392.539-00)&lt;/td&gt;
		&lt;td class="tabelatd1"&gt;1&lt;/td&gt;
		&lt;td class="tabelatd1"&gt;Patrimonial&lt;/td&gt;
	&lt;/tr&gt;
	&lt;tr&gt;
		&lt;td class="tabelatd2"&gt;432&lt;/td&gt;
		&lt;td class="tabelatd2"&gt;Tipo Cobranca&lt;/td&gt;
		&lt;td class="tabelatd2"&gt;10/10/2018&lt;/td&gt;
		&lt;td class="tabelatd2"&gt;100.00&lt;/td&gt;
		&lt;td class="tabelatd2"&gt;10/28/2018 16:34:55&lt;/td&gt;
		&lt;td class="tabelatd2"&gt;Fulano de Tal (652.392.539-00)&lt;/td&gt;
		&lt;td class="tabelatd2"&gt;1&lt;/td&gt;
		&lt;td class="tabelatd2"&gt;Patrimonial&lt;/td&gt;
	&lt;/tr&gt;
	&lt;tr&gt;
		&lt;td class="tabelatd1"&gt;368&lt;/td&gt;
		&lt;td class="tabelatd1"&gt;Tipo Cobranca&lt;/td&gt;
		&lt;td class="tabelatd1"&gt;10/10/2018&lt;/td&gt;
		&lt;td class="tabelatd1"&gt;110.00&lt;/td&gt;
		&lt;td class="tabelatd1"&gt;10/28/2018 16:29:36&lt;/td&gt;
		&lt;td class="tabelatd1"&gt;Cicrano de Tal (222.222.222-22)&lt;/td&gt;
		&lt;td class="tabelatd1"&gt;23F&lt;/td&gt;
		&lt;td class="tabelatd1"&gt;Patrimonial&lt;/td&gt;
	&lt;/tr&gt;
	&lt;tr&gt;
		&lt;td class="tabelatd2"&gt;401&lt;/td&gt;
		&lt;td class="tabelatd2"&gt;Tipo Cobranca&lt;/td&gt;
		&lt;td class="tabelatd2"&gt;10/10/2018&lt;/td&gt;
		&lt;td class="tabelatd2"&gt;110.00&lt;/td&gt;
		&lt;td class="tabelatd2"&gt;10/28/2018 16:34:54&lt;/td&gt;
		&lt;td class="tabelatd2"&gt;Cicrano de Tal (222.222.222-22)&lt;/td&gt;
		&lt;td class="tabelatd2"&gt;23F&lt;/td&gt;
		&lt;td class="tabelatd2"&gt;Patrimonial&lt;/td&gt;
	&lt;/tr&gt;
	&lt;tr&gt;
		&lt;td class="tabelatd1"&gt;367&lt;/td&gt;
		&lt;td class="tabelatd1"&gt;Tipo Cobranca&lt;/td&gt;
		&lt;td class="tabelatd1"&gt;10/10/2018&lt;/td&gt;
		&lt;td class="tabelatd1"&gt;110.00&lt;/td&gt;
		&lt;td class="tabelatd1"&gt;10/28/2018 16:29:36&lt;/td&gt;
		&lt;td class="tabelatd1"&gt;Beltrano da Silva (333.333.333-33)&lt;/td&gt;
		&lt;td class="tabelatd1"&gt;0F&lt;/td&gt;
		&lt;td class="tabelatd1"&gt;Patrimonial&lt;/td&gt;
	&lt;/tr&gt;
	&lt;tr&gt;
		&lt;td class="tabelatd2"&gt;400&lt;/td&gt;
		&lt;td class="tabelatd2"&gt;Tipo Cobranca&lt;/td&gt;
		&lt;td class="tabelatd2"&gt;10/10/2018&lt;/td&gt;
		&lt;td class="tabelatd2"&gt;110.00&lt;/td&gt;
		&lt;td class="tabelatd2"&gt;10/28/2018 16:34:54&lt;/td&gt;
		&lt;td class="tabelatd2"&gt;Beltrano da Silva (333.333.333-33)&lt;/td&gt;
		&lt;td class="tabelatd2"&gt;0F&lt;/td&gt;
		&lt;td class="tabelatd2"&gt;Patrimonial&lt;/td&gt;
	&lt;/tr&gt;
	&lt;tr&gt;
		&lt;td class="tabelatd1"&gt;366&lt;/td&gt;
		&lt;td class="tabelatd1"&gt;Tipo Cobranca&lt;/td&gt;
		&lt;td class="tabelatd1"&gt;10/10/2018&lt;/td&gt;
		&lt;td class="tabelatd1"&gt;110.00&lt;/td&gt;
		&lt;td class="tabelatd1"&gt;10/28/2018 16:29:36&lt;/td&gt;
		&lt;td class="tabelatd1"&gt;Fulano de Tal (111.111.111-11)&lt;/td&gt;
		&lt;td class="tabelatd1"&gt;0F&lt;/td&gt;
		&lt;td class="tabelatd1"&gt;Patrimonial&lt;/td&gt;
	&lt;/tr&gt;
	&lt;tr&gt;
		&lt;td class="tabelatd2"&gt;399&lt;/td&gt;
		&lt;td class="tabelatd2"&gt;Tipo Cobranca&lt;/td&gt;
		&lt;td class="tabelatd2"&gt;10/10/2018&lt;/td&gt;
		&lt;td class="tabelatd2"&gt;110.00&lt;/td&gt;
		&lt;td class="tabelatd2"&gt;10/28/2018 16:34:54&lt;/td&gt;
		&lt;td class="tabelatd2"&gt;Fulano de Tal (111.111.111-11)&lt;/td&gt;
		&lt;td class="tabelatd2"&gt;0F&lt;/td&gt;
		&lt;td class="tabelatd2"&gt;Patrimonial&lt;/td&gt;
	&lt;/tr&gt;
	&lt;tr&gt;
		&lt;td class="tabelatd1"&gt;30&lt;/td&gt;
		&lt;td class="tabelatd1"&gt;Tipo Cobranca&lt;/td&gt;
		&lt;td class="tabelatd1"&gt;11/10/2018&lt;/td&gt;
		&lt;td class="tabelatd1"&gt;110.00&lt;/td&gt;
		&lt;td class="tabelatd1"&gt;10/10/2018 00:00:00&lt;/td&gt;
		&lt;td class="tabelatd1"&gt;Fulano de Tal (652.392.539-00)&lt;/td&gt;
		&lt;td class="tabelatd1"&gt;1&lt;/td&gt;
		&lt;td class="tabelatd1"&gt;Patrimonial&lt;/td&gt;
	&lt;/tr&gt;
	&lt;tr&gt;
		&lt;td class="tabelatd2"&gt;37&lt;/td&gt;
		&lt;td class="tabelatd2"&gt;Tipo Cobranca&lt;/td&gt;
		&lt;td class="tabelatd2"&gt;11/10/2018&lt;/td&gt;
		&lt;td class="tabelatd2"&gt;110.00&lt;/td&gt;
		&lt;td class="tabelatd2"&gt;10/10/2018 00:00:00&lt;/td&gt;
		&lt;td class="tabelatd2"&gt;Fulano de Tal (652.392.539-00)&lt;/td&gt;
		&lt;td class="tabelatd2"&gt;1&lt;/td&gt;
		&lt;td class="tabelatd2"&gt;Patrimonial&lt;/td&gt;
	&lt;/tr&gt;
	&lt;tr&gt;
		&lt;td class="tabelatd1"&gt;46&lt;/td&gt;
		&lt;td class="tabelatd1"&gt;Tipo Cobranca&lt;/td&gt;
		&lt;td class="tabelatd1"&gt;11/10/2018&lt;/td&gt;
		&lt;td class="tabelatd1"&gt;110.00&lt;/td&gt;
		&lt;td class="tabelatd1"&gt;10/10/2018 00:00:00&lt;/td&gt;
		&lt;td class="tabelatd1"&gt;Fulano de Tal (652.392.539-00)&lt;/td&gt;
		&lt;td class="tabelatd1"&gt;1&lt;/td&gt;
		&lt;td class="tabelatd1"&gt;Patrimonial&lt;/td&gt;
	&lt;/tr&gt;
	&lt;tr&gt;
		&lt;td class="tabelatd2"&gt;49&lt;/td&gt;
		&lt;td class="tabelatd2"&gt;Tipo Cobranca&lt;/td&gt;
		&lt;td class="tabelatd2"&gt;11/10/2018&lt;/td&gt;
		&lt;td class="tabelatd2"&gt;110.00&lt;/td&gt;
		&lt;td class="tabelatd2"&gt;10/10/2018 00:00:00&lt;/td&gt;
		&lt;td class="tabelatd2"&gt;Fulano de Tal (652.392.539-00)&lt;/td&gt;
		&lt;td class="tabelatd2"&gt;1&lt;/td&gt;
		&lt;td class="tabelatd2"&gt;Patrimonial&lt;/td&gt;
	&lt;/tr&gt;
	&lt;tr&gt;
		&lt;td class="tabelatd1"&gt;58&lt;/td&gt;
		&lt;td class="tabelatd1"&gt;Tipo Cobranca&lt;/td&gt;
		&lt;td class="tabelatd1"&gt;11/10/2018&lt;/td&gt;
		&lt;td class="tabelatd1"&gt;110.00&lt;/td&gt;
		&lt;td class="tabelatd1"&gt;10/10/2018 00:00:00&lt;/td&gt;
		&lt;td class="tabelatd1"&gt;Fulano de Tal (652.392.539-00)&lt;/td&gt;
		&lt;td class="tabelatd1"&gt;1&lt;/td&gt;
		&lt;td class="tabelatd1"&gt;Patrimonial&lt;/td&gt;
	&lt;/tr&gt;
	&lt;tr&gt;
		&lt;td class="tabelatd2"&gt;61&lt;/td&gt;
		&lt;td class="tabelatd2"&gt;Tipo Cobranca&lt;/td&gt;
		&lt;td class="tabelatd2"&gt;11/10/2018&lt;/td&gt;
		&lt;td class="tabelatd2"&gt;110.00&lt;/td&gt;
		&lt;td class="tabelatd2"&gt;10/10/2018 00:00:00&lt;/td&gt;
		&lt;td class="tabelatd2"&gt;Fulano de Tal (652.392.539-00)&lt;/td&gt;
		&lt;td class="tabelatd2"&gt;1&lt;/td&gt;
		&lt;td class="tabelatd2"&gt;Patrimonial&lt;/td&gt;
	&lt;/tr&gt;
	&lt;tr&gt;
		&lt;td class="tabelatd1"&gt;62&lt;/td&gt;
		&lt;td class="tabelatd1"&gt;Tipo Cobranca&lt;/td&gt;
		&lt;td class="tabelatd1"&gt;11/10/2018&lt;/td&gt;
		&lt;td class="tabelatd1"&gt;110.00&lt;/td&gt;
		&lt;td class="tabelatd1"&gt;10/10/2018 00:00:00&lt;/td&gt;
		&lt;td class="tabelatd1"&gt;Fulano de Tal (652.392.539-00)&lt;/td&gt;
		&lt;td class="tabelatd1"&gt;1&lt;/td&gt;
		&lt;td class="tabelatd1"&gt;Patrimonial&lt;/td&gt;
	&lt;/tr&gt;
	&lt;tr&gt;
		&lt;td class="tabelatd2"&gt;72&lt;/td&gt;
		&lt;td class="tabelatd2"&gt;Tipo Cobranca&lt;/td&gt;
		&lt;td class="tabelatd2"&gt;11/10/2018&lt;/td&gt;
		&lt;td class="tabelatd2"&gt;110.00&lt;/td&gt;
		&lt;td class="tabelatd2"&gt;10/10/2018 00:00:00&lt;/td&gt;
		&lt;td class="tabelatd2"&gt;Fulano de Tal (652.392.539-00)&lt;/td&gt;
		&lt;td class="tabelatd2"&gt;1&lt;/td&gt;
		&lt;td class="tabelatd2"&gt;Patrimonial&lt;/td&gt;
	&lt;/tr&gt;
	&lt;tr&gt;
		&lt;td class="tabelatd1"&gt;75&lt;/td&gt;
		&lt;td class="tabelatd1"&gt;Tipo Cobranca&lt;/td&gt;
		&lt;td class="tabelatd1"&gt;11/10/2018&lt;/td&gt;
		&lt;td class="tabelatd1"&gt;110.00&lt;/td&gt;
		&lt;td class="tabelatd1"&gt;10/10/2018 00:00:00&lt;/td&gt;
		&lt;td class="tabelatd1"&gt;Fulano de Tal (652.392.539-00)&lt;/td&gt;
		&lt;td class="tabelatd1"&gt;1&lt;/td&gt;
		&lt;td class="tabelatd1"&gt;Patrimonial&lt;/td&gt;
	&lt;/tr&gt;
	&lt;tr&gt;
		&lt;td class="tabelatd2"&gt;76&lt;/td&gt;
		&lt;td class="tabelatd2"&gt;Tipo Cobranca&lt;/td&gt;
		&lt;td class="tabelatd2"&gt;11/10/2018&lt;/td&gt;
		&lt;td class="tabelatd2"&gt;110.00&lt;/td&gt;
		&lt;td class="tabelatd2"&gt;10/10/2018 00:00:00&lt;/td&gt;
		&lt;td class="tabelatd2"&gt;Fulano de Tal (652.392.539-00)&lt;/td&gt;
		&lt;td class="tabelatd2"&gt;1&lt;/td&gt;
		&lt;td class="tabelatd2"&gt;Patrimonial&lt;/td&gt;
	&lt;/tr&gt;
	&lt;tr&gt;
		&lt;td class="tabelatd1"&gt;77&lt;/td&gt;
		&lt;td class="tabelatd1"&gt;Tipo Cobranca&lt;/td&gt;
		&lt;td class="tabelatd1"&gt;11/10/2018&lt;/td&gt;
		&lt;td class="tabelatd1"&gt;110.00&lt;/td&gt;
		&lt;td class="tabelatd1"&gt;10/10/2018 00:00:00&lt;/td&gt;
		&lt;td class="tabelatd1"&gt;Fulano de Tal (652.392.539-00)&lt;/td&gt;
		&lt;td class="tabelatd1"&gt;1&lt;/td&gt;
		&lt;td class="tabelatd1"&gt;Patrimonial&lt;/td&gt;
	&lt;/tr&gt;
	&lt;tr&gt;
		&lt;td class="tabelatd2"&gt;88&lt;/td&gt;
		&lt;td class="tabelatd2"&gt;Tipo Cobranca&lt;/td&gt;
		&lt;td class="tabelatd2"&gt;11/10/2018&lt;/td&gt;
		&lt;td class="tabelatd2"&gt;110.00&lt;/td&gt;
		&lt;td class="tabelatd2"&gt;10/10/2018 00:00:00&lt;/td&gt;
		&lt;td class="tabelatd2"&gt;Fulano de Tal (652.392.539-00)&lt;/td&gt;
		&lt;td class="tabelatd2"&gt;1&lt;/td&gt;
		&lt;td class="tabelatd2"&gt;Patrimonial&lt;/td&gt;
	&lt;/tr&gt;
	&lt;tr&gt;
		&lt;td class="tabelatd1"&gt;91&lt;/td&gt;
		&lt;td class="tabelatd1"&gt;Tipo Cobranca&lt;/td&gt;
		&lt;td class="tabelatd1"&gt;11/10/2018&lt;/td&gt;
		&lt;td class="tabelatd1"&gt;110.00&lt;/td&gt;
		&lt;td class="tabelatd1"&gt;10/10/2018 00:00:00&lt;/td&gt;
		&lt;td class="tabelatd1"&gt;Fulano de Tal (652.392.539-00)&lt;/td&gt;
		&lt;td class="tabelatd1"&gt;1&lt;/td&gt;
		&lt;td class="tabelatd1"&gt;Patrimonial&lt;/td&gt;
	&lt;/tr&gt;
	&lt;tr&gt;
		&lt;td class="tabelatd2"&gt;92&lt;/td&gt;
		&lt;td class="tabelatd2"&gt;Tipo Cobranca&lt;/td&gt;
		&lt;td class="tabelatd2"&gt;11/10/2018&lt;/td&gt;
		&lt;td class="tabelatd2"&gt;110.00&lt;/td&gt;
		&lt;td class="tabelatd2"&gt;10/10/2018 00:00:00&lt;/td&gt;
		&lt;td class="tabelatd2"&gt;Fulano de Tal (652.392.539-00)&lt;/td&gt;
		&lt;td class="tabelatd2"&gt;1&lt;/td&gt;
		&lt;td class="tabelatd2"&gt;Patrimonial&lt;/td&gt;
	&lt;/tr&gt;
	&lt;tr&gt;
		&lt;td class="tabelatd1"&gt;93&lt;/td&gt;
		&lt;td class="tabelatd1"&gt;Tipo Cobranca&lt;/td&gt;
		&lt;td class="tabelatd1"&gt;11/10/2018&lt;/td&gt;
		&lt;td class="tabelatd1"&gt;110.00&lt;/td&gt;
		&lt;td class="tabelatd1"&gt;10/10/2018 00:00:00&lt;/td&gt;
		&lt;td class="tabelatd1"&gt;Fulano de Tal (652.392.539-00)&lt;/td&gt;
		&lt;td class="tabelatd1"&gt;1&lt;/td&gt;
		&lt;td class="tabelatd1"&gt;Patrimonial&lt;/td&gt;
	&lt;/tr&gt;
	&lt;tr&gt;
		&lt;td class="tabelatd2"&gt;94&lt;/td&gt;
		&lt;td class="tabelatd2"&gt;Tipo Cobranca&lt;/td&gt;
		&lt;td class="tabelatd2"&gt;11/10/2018&lt;/td&gt;
		&lt;td class="tabelatd2"&gt;110.00&lt;/td&gt;
		&lt;td class="tabelatd2"&gt;10/10/2018 00:00:00&lt;/td&gt;
		&lt;td class="tabelatd2"&gt;Fulano de Tal (652.392.539-00)&lt;/td&gt;
		&lt;td class="tabelatd2"&gt;1&lt;/td&gt;
		&lt;td class="tabelatd2"&gt;Patrimonial&lt;/td&gt;
	&lt;/tr&gt;
	&lt;tr&gt;
		&lt;td class="tabelatd1"&gt;104&lt;/td&gt;
		&lt;td class="tabelatd1"&gt;Tipo Cobranca&lt;/td&gt;
		&lt;td class="tabelatd1"&gt;11/10/2018&lt;/td&gt;
		&lt;td class="tabelatd1"&gt;110.00&lt;/td&gt;
		&lt;td class="tabelatd1"&gt;10/10/2018 00:00:00&lt;/td&gt;
		&lt;td class="tabelatd1"&gt;Fulano de Tal (652.392.539-00)&lt;/td&gt;
		&lt;td class="tabelatd1"&gt;1&lt;/td&gt;
		&lt;td class="tabelatd1"&gt;Patrimonial&lt;/td&gt;
	&lt;/tr&gt;
	&lt;tr&gt;
		&lt;td class="tabelatd2"&gt;107&lt;/td&gt;
		&lt;td class="tabelatd2"&gt;Tipo Cobranca&lt;/td&gt;
		&lt;td class="tabelatd2"&gt;11/10/2018&lt;/td&gt;
		&lt;td class="tabelatd2"&gt;110.00&lt;/td&gt;
		&lt;td class="tabelatd2"&gt;10/10/2018 00:00:00&lt;/td&gt;
		&lt;td class="tabelatd2"&gt;Fulano de Tal (652.392.539-00)&lt;/td&gt;
		&lt;td class="tabelatd2"&gt;1&lt;/td&gt;
		&lt;td class="tabelatd2"&gt;Patrimonial&lt;/td&gt;
	&lt;/tr&gt;
	&lt;tr&gt;
		&lt;td class="tabelatd1"&gt;108&lt;/td&gt;
		&lt;td class="tabelatd1"&gt;Tipo Cobranca&lt;/td&gt;
		&lt;td class="tabelatd1"&gt;11/10/2018&lt;/td&gt;
		&lt;td class="tabelatd1"&gt;110.00&lt;/td&gt;
		&lt;td class="tabelatd1"&gt;10/10/2018 00:00:00&lt;/td&gt;
		&lt;td class="tabelatd1"&gt;Fulano de Tal (652.392.539-00)&lt;/td&gt;
		&lt;td class="tabelatd1"&gt;1&lt;/td&gt;
		&lt;td class="tabelatd1"&gt;Patrimonial&lt;/td&gt;
	&lt;/tr&gt;
	&lt;tr&gt;
		&lt;td class="tabelatd2"&gt;109&lt;/td&gt;
		&lt;td class="tabelatd2"&gt;Tipo Cobranca&lt;/td&gt;
		&lt;td class="tabelatd2"&gt;11/10/2018&lt;/td&gt;
		&lt;td class="tabelatd2"&gt;110.00&lt;/td&gt;
		&lt;td class="tabelatd2"&gt;10/10/2018 00:00:00&lt;/td&gt;
		&lt;td class="tabelatd2"&gt;Fulano de Tal (652.392.539-00)&lt;/td&gt;
		&lt;td class="tabelatd2"&gt;1&lt;/td&gt;
		&lt;td class="tabelatd2"&gt;Patrimonial&lt;/td&gt;
	&lt;/tr&gt;
	&lt;tr&gt;
		&lt;td class="tabelatd1"&gt;110&lt;/td&gt;
		&lt;td class="tabelatd1"&gt;Tipo Cobranca&lt;/td&gt;
		&lt;td class="tabelatd1"&gt;11/10/2018&lt;/td&gt;
		&lt;td class="tabelatd1"&gt;110.00&lt;/td&gt;
		&lt;td class="tabelatd1"&gt;10/10/2018 00:00:00&lt;/td&gt;
		&lt;td class="tabelatd1"&gt;Fulano de Tal (652.392.539-00)&lt;/td&gt;
		&lt;td class="tabelatd1"&gt;1&lt;/td&gt;
		&lt;td class="tabelatd1"&gt;Patrimonial&lt;/td&gt;
	&lt;/tr&gt;
	&lt;tr&gt;
		&lt;td class="tabelatd2"&gt;132&lt;/td&gt;
		&lt;td class="tabelatd2"&gt;Tipo Cobranca&lt;/td&gt;
		&lt;td class="tabelatd2"&gt;11/10/2018&lt;/td&gt;
		&lt;td class="tabelatd2"&gt;110.00&lt;/td&gt;
		&lt;td class="tabelatd2"&gt;10/10/2018 00:00:00&lt;/td&gt;
		&lt;td class="tabelatd2"&gt;Fulano de Tal (652.392.539-00)&lt;/td&gt;
		&lt;td class="tabelatd2"&gt;1&lt;/td&gt;
		&lt;td class="tabelatd2"&gt;Patrimonial&lt;/td&gt;
	&lt;/tr&gt;
	&lt;tr&gt;
		&lt;td class="tabelatd1"&gt;135&lt;/td&gt;
		&lt;td class="tabelatd1"&gt;Tipo Cobranca&lt;/td&gt;
		&lt;td class="tabelatd1"&gt;11/10/2018&lt;/td&gt;
		&lt;td class="tabelatd1"&gt;110.00&lt;/td&gt;
		&lt;td class="tabelatd1"&gt;10/10/2018 00:00:00&lt;/td&gt;
		&lt;td class="tabelatd1"&gt;Fulano de Tal (652.392.539-00)&lt;/td&gt;
		&lt;td class="tabelatd1"&gt;1&lt;/td&gt;
		&lt;td class="tabelatd1"&gt;Patrimonial&lt;/td&gt;
	&lt;/tr&gt;
	&lt;tr&gt;
		&lt;td class="tabelatd2"&gt;136&lt;/td&gt;
		&lt;td class="tabelatd2"&gt;Tipo Cobranca&lt;/td&gt;
		&lt;td class="tabelatd2"&gt;11/10/2018&lt;/td&gt;
		&lt;td class="tabelatd2"&gt;110.00&lt;/td&gt;
		&lt;td class="tabelatd2"&gt;10/10/2018 00:00:00&lt;/td&gt;
		&lt;td class="tabelatd2"&gt;Fulano de Tal (652.392.539-00)&lt;/td&gt;
		&lt;td class="tabelatd2"&gt;1&lt;/td&gt;
		&lt;td class="tabelatd2"&gt;Patrimonial&lt;/td&gt;
	&lt;/tr&gt;
	&lt;tr&gt;
		&lt;td class="tabelatd1"&gt;137&lt;/td&gt;
		&lt;td class="tabelatd1"&gt;Tipo Cobranca&lt;/td&gt;
		&lt;td class="tabelatd1"&gt;11/10/2018&lt;/td&gt;
		&lt;td class="tabelatd1"&gt;110.00&lt;/td&gt;
		&lt;td class="tabelatd1"&gt;10/10/2018 00:00:00&lt;/td&gt;
		&lt;td class="tabelatd1"&gt;Fulano de Tal (652.392.539-00)&lt;/td&gt;
		&lt;td class="tabelatd1"&gt;1&lt;/td&gt;
		&lt;td class="tabelatd1"&gt;Patrimonial&lt;/td&gt;
	&lt;/tr&gt;
	&lt;tr&gt;
		&lt;td class="tabelatd2"&gt;138&lt;/td&gt;
		&lt;td class="tabelatd2"&gt;Tipo Cobranca&lt;/td&gt;
		&lt;td class="tabelatd2"&gt;11/10/2018&lt;/td&gt;
		&lt;td class="tabelatd2"&gt;110.00&lt;/td&gt;
		&lt;td class="tabelatd2"&gt;10/10/2018 00:00:00&lt;/td&gt;
		&lt;td class="tabelatd2"&gt;Fulano de Tal (652.392.539-00)&lt;/td&gt;
		&lt;td class="tabelatd2"&gt;1&lt;/td&gt;
		&lt;td class="tabelatd2"&gt;Patrimonial&lt;/td&gt;
	&lt;/tr&gt;
	&lt;tr&gt;
		&lt;td class="tabelatd1"&gt;139&lt;/td&gt;
		&lt;td class="tabelatd1"&gt;Tipo Cobranca&lt;/td&gt;
		&lt;td class="tabelatd1"&gt;11/10/2018&lt;/td&gt;
		&lt;td class="tabelatd1"&gt;110.00&lt;/td&gt;
		&lt;td class="tabelatd1"&gt;10/10/2018 00:00:00&lt;/td&gt;
		&lt;td class="tabelatd1"&gt;Fulano de Tal (652.392.539-00)&lt;/td&gt;
		&lt;td class="tabelatd1"&gt;1&lt;/td&gt;
		&lt;td class="tabelatd1"&gt;Patrimonial&lt;/td&gt;
	&lt;/tr&gt;
	&lt;tr&gt;
		&lt;td class="tabelatd2"&gt;157&lt;/td&gt;
		&lt;td class="tabelatd2"&gt;Tipo Cobranca&lt;/td&gt;
		&lt;td class="tabelatd2"&gt;11/10/2018&lt;/td&gt;
		&lt;td class="tabelatd2"&gt;110.00&lt;/td&gt;
		&lt;td class="tabelatd2"&gt;10/10/2018 00:00:00&lt;/td&gt;
		&lt;td class="tabelatd2"&gt;Fulano de Tal (652.392.539-00)&lt;/td&gt;
		&lt;td class="tabelatd2"&gt;1&lt;/td&gt;
		&lt;td class="tabelatd2"&gt;Patrimonial&lt;/td&gt;
	&lt;/tr&gt;
	&lt;tr&gt;
		&lt;td class="tabelatd1"&gt;160&lt;/td&gt;
		&lt;td class="tabelatd1"&gt;Tipo Cobranca&lt;/td&gt;
		&lt;td class="tabelatd1"&gt;11/10/2018&lt;/td&gt;
		&lt;td class="tabelatd1"&gt;110.00&lt;/td&gt;
		&lt;td class="tabelatd1"&gt;10/10/2018 00:00:00&lt;/td&gt;
		&lt;td class="tabelatd1"&gt;Fulano de Tal (652.392.539-00)&lt;/td&gt;
		&lt;td class="tabelatd1"&gt;1&lt;/td&gt;
		&lt;td class="tabelatd1"&gt;Patrimonial&lt;/td&gt;
	&lt;/tr&gt;
	&lt;tr&gt;
		&lt;td class="tabelatd2"&gt;161&lt;/td&gt;
		&lt;td class="tabelatd2"&gt;Tipo Cobranca&lt;/td&gt;
		&lt;td class="tabelatd2"&gt;11/10/2018&lt;/td&gt;
		&lt;td class="tabelatd2"&gt;110.00&lt;/td&gt;
		&lt;td class="tabelatd2"&gt;10/10/2018 00:00:00&lt;/td&gt;
		&lt;td class="tabelatd2"&gt;Fulano de Tal (652.392.539-00)&lt;/td&gt;
		&lt;td class="tabelatd2"&gt;1&lt;/td&gt;
		&lt;td class="tabelatd2"&gt;Patrimonial&lt;/td&gt;
	&lt;/tr&gt;
	&lt;tr&gt;
		&lt;td class="tabelatd1"&gt;162&lt;/td&gt;
		&lt;td class="tabelatd1"&gt;Tipo Cobranca&lt;/td&gt;
		&lt;td class="tabelatd1"&gt;11/10/2018&lt;/td&gt;
		&lt;td class="tabelatd1"&gt;110.00&lt;/td&gt;
		&lt;td class="tabelatd1"&gt;10/10/2018 00:00:00&lt;/td&gt;
		&lt;td class="tabelatd1"&gt;Fulano de Tal (652.392.539-00)&lt;/td&gt;
		&lt;td class="tabelatd1"&gt;1&lt;/td&gt;
		&lt;td class="tabelatd1"&gt;Patrimonial&lt;/td&gt;
	&lt;/tr&gt;
	&lt;tr&gt;
		&lt;td class="tabelatd2"&gt;163&lt;/td&gt;
		&lt;td class="tabelatd2"&gt;Tipo Cobranca&lt;/td&gt;
		&lt;td class="tabelatd2"&gt;11/10/2018&lt;/td&gt;
		&lt;td class="tabelatd2"&gt;110.00&lt;/td&gt;
		&lt;td class="tabelatd2"&gt;10/10/2018 00:00:00&lt;/td&gt;
		&lt;td class="tabelatd2"&gt;Fulano de Tal (652.392.539-00)&lt;/td&gt;
		&lt;td class="tabelatd2"&gt;1&lt;/td&gt;
		&lt;td class="tabelatd2"&gt;Patrimonial&lt;/td&gt;
	&lt;/tr&gt;
	&lt;tr&gt;
		&lt;td class="tabelatd1"&gt;164&lt;/td&gt;
		&lt;td class="tabelatd1"&gt;Tipo Cobranca&lt;/td&gt;
		&lt;td class="tabelatd1"&gt;11/10/2018&lt;/td&gt;
		&lt;td class="tabelatd1"&gt;110.00&lt;/td&gt;
		&lt;td class="tabelatd1"&gt;10/10/2018 00:00:00&lt;/td&gt;
		&lt;td class="tabelatd1"&gt;Fulano de Tal (652.392.539-00)&lt;/td&gt;
		&lt;td class="tabelatd1"&gt;1&lt;/td&gt;
		&lt;td class="tabelatd1"&gt;Patrimonial&lt;/td&gt;
	&lt;/tr&gt;
	&lt;tr&gt;
		&lt;td class="tabelatd2"&gt;165&lt;/td&gt;
		&lt;td class="tabelatd2"&gt;Tipo Cobranca&lt;/td&gt;
		&lt;td class="tabelatd2"&gt;11/10/2018&lt;/td&gt;
		&lt;td class="tabelatd2"&gt;110.00&lt;/td&gt;
		&lt;td class="tabelatd2"&gt;10/10/2018 00:00:00&lt;/td&gt;
		&lt;td class="tabelatd2"&gt;Fulano de Tal (652.392.539-00)&lt;/td&gt;
		&lt;td class="tabelatd2"&gt;1&lt;/td&gt;
		&lt;td class="tabelatd2"&gt;Patrimonial&lt;/td&gt;
	&lt;/tr&gt;
	&lt;tr&gt;
		&lt;td class="tabelatd1"&gt;177&lt;/td&gt;
		&lt;td class="tabelatd1"&gt;Tipo Cobranca&lt;/td&gt;
		&lt;td class="tabelatd1"&gt;11/10/2018&lt;/td&gt;
		&lt;td class="tabelatd1"&gt;110.00&lt;/td&gt;
		&lt;td class="tabelatd1"&gt;10/10/2018 00:00:00&lt;/td&gt;
		&lt;td class="tabelatd1"&gt;Fulano de Tal (652.392.539-00)&lt;/td&gt;
		&lt;td class="tabelatd1"&gt;1&lt;/td&gt;
		&lt;td class="tabelatd1"&gt;Patrimonial&lt;/td&gt;
	&lt;/tr&gt;
	&lt;tr&gt;
		&lt;td class="tabelatd2"&gt;180&lt;/td&gt;
		&lt;td class="tabelatd2"&gt;Tipo Cobranca&lt;/td&gt;
		&lt;td class="tabelatd2"&gt;11/10/2018&lt;/td&gt;
		&lt;td class="tabelatd2"&gt;110.00&lt;/td&gt;
		&lt;td class="tabelatd2"&gt;10/10/2018 00:00:00&lt;/td&gt;
		&lt;td class="tabelatd2"&gt;Fulano de Tal (652.392.539-00)&lt;/td&gt;
		&lt;td class="tabelatd2"&gt;1&lt;/td&gt;
		&lt;td class="tabelatd2"&gt;Patrimonial&lt;/td&gt;
	&lt;/tr&gt;
	&lt;tr&gt;
		&lt;td class="tabelatd1"&gt;181&lt;/td&gt;
		&lt;td class="tabelatd1"&gt;Tipo Cobranca&lt;/td&gt;
		&lt;td class="tabelatd1"&gt;11/10/2018&lt;/td&gt;
		&lt;td class="tabelatd1"&gt;110.00&lt;/td&gt;
		&lt;td class="tabelatd1"&gt;10/10/2018 00:00:00&lt;/td&gt;
		&lt;td class="tabelatd1"&gt;Fulano de Tal (652.392.539-00)&lt;/td&gt;
		&lt;td class="tabelatd1"&gt;1&lt;/td&gt;
		&lt;td class="tabelatd1"&gt;Patrimonial&lt;/td&gt;
	&lt;/tr&gt;
	&lt;tr&gt;
		&lt;td class="tabelatd2"&gt;182&lt;/td&gt;
		&lt;td class="tabelatd2"&gt;Tipo Cobranca&lt;/td&gt;
		&lt;td class="tabelatd2"&gt;11/10/2018&lt;/td&gt;
		&lt;td class="tabelatd2"&gt;110.00&lt;/td&gt;
		&lt;td class="tabelatd2"&gt;10/10/2018 00:00:00&lt;/td&gt;
		&lt;td class="tabelatd2"&gt;Fulano de Tal (652.392.539-00)&lt;/td&gt;
		&lt;td class="tabelatd2"&gt;1&lt;/td&gt;
		&lt;td class="tabelatd2"&gt;Patrimonial&lt;/td&gt;
	&lt;/tr&gt;
	&lt;tr&gt;
		&lt;td class="tabelatd1"&gt;183&lt;/td&gt;
		&lt;td class="tabelatd1"&gt;Tipo Cobranca&lt;/td&gt;
		&lt;td class="tabelatd1"&gt;11/10/2018&lt;/td&gt;
		&lt;td class="tabelatd1"&gt;110.00&lt;/td&gt;
		&lt;td class="tabelatd1"&gt;10/10/2018 00:00:00&lt;/td&gt;
		&lt;td class="tabelatd1"&gt;Fulano de Tal (652.392.539-00)&lt;/td&gt;
		&lt;td class="tabelatd1"&gt;1&lt;/td&gt;
		&lt;td class="tabelatd1"&gt;Patrimonial&lt;/td&gt;
	&lt;/tr&gt;
	&lt;tr&gt;
		&lt;td class="tabelatd2"&gt;184&lt;/td&gt;
		&lt;td class="tabelatd2"&gt;Tipo Cobranca&lt;/td&gt;
		&lt;td class="tabelatd2"&gt;11/10/2018&lt;/td&gt;
		&lt;td class="tabelatd2"&gt;110.00&lt;/td&gt;
		&lt;td class="tabelatd2"&gt;10/10/2018 00:00:00&lt;/td&gt;
		&lt;td class="tabelatd2"&gt;Fulano de Tal (652.392.539-00)&lt;/td&gt;
		&lt;td class="tabelatd2"&gt;1&lt;/td&gt;
		&lt;td class="tabelatd2"&gt;Patrimonial&lt;/td&gt;
	&lt;/tr&gt;
	&lt;tr&gt;
		&lt;td class="tabelatd1"&gt;185&lt;/td&gt;
		&lt;td class="tabelatd1"&gt;Tipo Cobranca&lt;/td&gt;
		&lt;td class="tabelatd1"&gt;11/10/2018&lt;/td&gt;
		&lt;td class="tabelatd1"&gt;110.00&lt;/td&gt;
		&lt;td class="tabelatd1"&gt;10/10/2018 00:00:00&lt;/td&gt;
		&lt;td class="tabelatd1"&gt;Fulano de Tal (652.392.539-00)&lt;/td&gt;
		&lt;td class="tabelatd1"&gt;1&lt;/td&gt;
		&lt;td class="tabelatd1"&gt;Patrimonial&lt;/td&gt;
	&lt;/tr&gt;
	&lt;tr&gt;
		&lt;td class="tabelatd2"&gt;197&lt;/td&gt;
		&lt;td class="tabelatd2"&gt;Tipo Cobranca&lt;/td&gt;
		&lt;td class="tabelatd2"&gt;11/10/2018&lt;/td&gt;
		&lt;td class="tabelatd2"&gt;110.00&lt;/td&gt;
		&lt;td class="tabelatd2"&gt;10/10/2018 00:00:00&lt;/td&gt;
		&lt;td class="tabelatd2"&gt;Fulano de Tal (652.392.539-00)&lt;/td&gt;
		&lt;td class="tabelatd2"&gt;1&lt;/td&gt;
		&lt;td class="tabelatd2"&gt;Patrimonial&lt;/td&gt;
	&lt;/tr&gt;
	&lt;tr&gt;
		&lt;td class="tabelatd1"&gt;200&lt;/td&gt;
		&lt;td class="tabelatd1"&gt;Tipo Cobranca&lt;/td&gt;
		&lt;td class="tabelatd1"&gt;11/10/2018&lt;/td&gt;
		&lt;td class="tabelatd1"&gt;110.00&lt;/td&gt;
		&lt;td class="tabelatd1"&gt;10/10/2018 00:00:00&lt;/td&gt;
		&lt;td class="tabelatd1"&gt;Fulano de Tal (652.392.539-00)&lt;/td&gt;
		&lt;td class="tabelatd1"&gt;1&lt;/td&gt;
		&lt;td class="tabelatd1"&gt;Patrimonial&lt;/td&gt;
	&lt;/tr&gt;
	&lt;tr&gt;
		&lt;td class="tabelatd2"&gt;201&lt;/td&gt;
		&lt;td class="tabelatd2"&gt;Tipo Cobranca&lt;/td&gt;
		&lt;td class="tabelatd2"&gt;11/10/2018&lt;/td&gt;
		&lt;td class="tabelatd2"&gt;110.00&lt;/td&gt;
		&lt;td class="tabelatd2"&gt;10/10/2018 00:00:00&lt;/td&gt;
		&lt;td class="tabelatd2"&gt;Fulano de Tal (652.392.539-00)&lt;/td&gt;
		&lt;td class="tabelatd2"&gt;1&lt;/td&gt;
		&lt;td class="tabelatd2"&gt;Patrimonial&lt;/td&gt;
	&lt;/tr&gt;
	&lt;tr&gt;
		&lt;td class="tabelatd1"&gt;202&lt;/td&gt;
		&lt;td class="tabelatd1"&gt;Tipo Cobranca&lt;/td&gt;
		&lt;td class="tabelatd1"&gt;11/10/2018&lt;/td&gt;
		&lt;td class="tabelatd1"&gt;110.00&lt;/td&gt;
		&lt;td class="tabelatd1"&gt;10/10/2018 00:00:00&lt;/td&gt;
		&lt;td class="tabelatd1"&gt;Fulano de Tal (652.392.539-00)&lt;/td&gt;
		&lt;td class="tabelatd1"&gt;1&lt;/td&gt;
		&lt;td class="tabelatd1"&gt;Patrimonial&lt;/td&gt;
	&lt;/tr&gt;
	&lt;tr&gt;
		&lt;td class="tabelatd2"&gt;203&lt;/td&gt;
		&lt;td class="tabelatd2"&gt;Tipo Cobranca&lt;/td&gt;
		&lt;td class="tabelatd2"&gt;11/10/2018&lt;/td&gt;
		&lt;td class="tabelatd2"&gt;110.00&lt;/td&gt;
		&lt;td class="tabelatd2"&gt;10/10/2018 00:00:00&lt;/td&gt;
		&lt;td class="tabelatd2"&gt;Fulano de Tal (652.392.539-00)&lt;/td&gt;
		&lt;td class="tabelatd2"&gt;1&lt;/td&gt;
		&lt;td class="tabelatd2"&gt;Patrimonial&lt;/td&gt;
	&lt;/tr&gt;
	&lt;tr&gt;
		&lt;td class="tabelatd1"&gt;204&lt;/td&gt;
		&lt;td class="tabelatd1"&gt;Tipo Cobranca&lt;/td&gt;
		&lt;td class="tabelatd1"&gt;11/10/2018&lt;/td&gt;
		&lt;td class="tabelatd1"&gt;110.00&lt;/td&gt;
		&lt;td class="tabelatd1"&gt;10/10/2018 00:00:00&lt;/td&gt;
		&lt;td class="tabelatd1"&gt;Fulano de Tal (652.392.539-00)&lt;/td&gt;
		&lt;td class="tabelatd1"&gt;1&lt;/td&gt;
		&lt;td class="tabelatd1"&gt;Patrimonial&lt;/td&gt;
	&lt;/tr&gt;
	&lt;tr&gt;
		&lt;td class="tabelatd2"&gt;205&lt;/td&gt;
		&lt;td class="tabelatd2"&gt;Tipo Cobranca&lt;/td&gt;
		&lt;td class="tabelatd2"&gt;11/10/2018&lt;/td&gt;
		&lt;td class="tabelatd2"&gt;110.00&lt;/td&gt;
		&lt;td class="tabelatd2"&gt;10/10/2018 00:00:00&lt;/td&gt;
		&lt;td class="tabelatd2"&gt;Fulano de Tal (652.392.539-00)&lt;/td&gt;
		&lt;td class="tabelatd2"&gt;1&lt;/td&gt;
		&lt;td class="tabelatd2"&gt;Patrimonial&lt;/td&gt;
	&lt;/tr&gt;
	&lt;tr&gt;
		&lt;td class="tabelatd1"&gt;217&lt;/td&gt;
		&lt;td class="tabelatd1"&gt;Tipo Cobranca&lt;/td&gt;
		&lt;td class="tabelatd1"&gt;11/10/2018&lt;/td&gt;
		&lt;td class="tabelatd1"&gt;110.00&lt;/td&gt;
		&lt;td class="tabelatd1"&gt;10/10/2018 00:00:00&lt;/td&gt;
		&lt;td class="tabelatd1"&gt;Fulano de Tal (652.392.539-00)&lt;/td&gt;
		&lt;td class="tabelatd1"&gt;1&lt;/td&gt;
		&lt;td class="tabelatd1"&gt;Patrimonial&lt;/td&gt;
	&lt;/tr&gt;
	&lt;tr&gt;
		&lt;td class="tabelatd2"&gt;220&lt;/td&gt;
		&lt;td class="tabelatd2"&gt;Tipo Cobranca&lt;/td&gt;
		&lt;td class="tabelatd2"&gt;11/10/2018&lt;/td&gt;
		&lt;td class="tabelatd2"&gt;110.00&lt;/td&gt;
		&lt;td class="tabelatd2"&gt;10/10/2018 00:00:00&lt;/td&gt;
		&lt;td class="tabelatd2"&gt;Fulano de Tal (652.392.539-00)&lt;/td&gt;
		&lt;td class="tabelatd2"&gt;1&lt;/td&gt;
		&lt;td class="tabelatd2"&gt;Patrimonial&lt;/td&gt;
	&lt;/tr&gt;
	&lt;tr&gt;
		&lt;td class="tabelatd1"&gt;221&lt;/td&gt;
		&lt;td class="tabelatd1"&gt;Tipo Cobranca&lt;/td&gt;
		&lt;td class="tabelatd1"&gt;11/10/2018&lt;/td&gt;
		&lt;td class="tabelatd1"&gt;110.00&lt;/td&gt;
		&lt;td class="tabelatd1"&gt;10/10/2018 00:00:00&lt;/td&gt;
		&lt;td class="tabelatd1"&gt;Fulano de Tal (652.392.539-00)&lt;/td&gt;
		&lt;td class="tabelatd1"&gt;1&lt;/td&gt;
		&lt;td class="tabelatd1"&gt;Patrimonial&lt;/td&gt;
	&lt;/tr&gt;
	&lt;tr&gt;
		&lt;td class="tabelatd2"&gt;222&lt;/td&gt;
		&lt;td class="tabelatd2"&gt;Tipo Cobranca&lt;/td&gt;
		&lt;td class="tabelatd2"&gt;11/10/2018&lt;/td&gt;
		&lt;td class="tabelatd2"&gt;110.00&lt;/td&gt;
		&lt;td class="tabelatd2"&gt;10/10/2018 00:00:00&lt;/td&gt;
		&lt;td class="tabelatd2"&gt;Fulano de Tal (652.392.539-00)&lt;/td&gt;
		&lt;td class="tabelatd2"&gt;1&lt;/td&gt;
		&lt;td class="tabelatd2"&gt;Patrimonial&lt;/td&gt;
	&lt;/tr&gt;
	&lt;tr&gt;
		&lt;td class="tabelatd1"&gt;223&lt;/td&gt;
		&lt;td class="tabelatd1"&gt;Tipo Cobranca&lt;/td&gt;
		&lt;td class="tabelatd1"&gt;11/10/2018&lt;/td&gt;
		&lt;td class="tabelatd1"&gt;110.00&lt;/td&gt;
		&lt;td class="tabelatd1"&gt;10/10/2018 00:00:00&lt;/td&gt;
		&lt;td class="tabelatd1"&gt;Fulano de Tal (652.392.539-00)&lt;/td&gt;
		&lt;td class="tabelatd1"&gt;1&lt;/td&gt;
		&lt;td class="tabelatd1"&gt;Patrimonial&lt;/td&gt;
	&lt;/tr&gt;
	&lt;tr&gt;
		&lt;td class="tabelatd2"&gt;224&lt;/td&gt;
		&lt;td class="tabelatd2"&gt;Tipo Cobranca&lt;/td&gt;
		&lt;td class="tabelatd2"&gt;11/10/2018&lt;/td&gt;
		&lt;td class="tabelatd2"&gt;110.00&lt;/td&gt;
		&lt;td class="tabelatd2"&gt;10/10/2018 00:00:00&lt;/td&gt;
		&lt;td class="tabelatd2"&gt;Fulano de Tal (652.392.539-00)&lt;/td&gt;
		&lt;td class="tabelatd2"&gt;1&lt;/td&gt;
		&lt;td class="tabelatd2"&gt;Patrimonial&lt;/td&gt;
	&lt;/tr&gt;
	&lt;tr&gt;
		&lt;td class="tabelatd1"&gt;225&lt;/td&gt;
		&lt;td class="tabelatd1"&gt;Tipo Cobranca&lt;/td&gt;
		&lt;td class="tabelatd1"&gt;11/10/2018&lt;/td&gt;
		&lt;td class="tabelatd1"&gt;110.00&lt;/td&gt;
		&lt;td class="tabelatd1"&gt;10/10/2018 00:00:00&lt;/td&gt;
		&lt;td class="tabelatd1"&gt;Fulano de Tal (652.392.539-00)&lt;/td&gt;
		&lt;td class="tabelatd1"&gt;1&lt;/td&gt;
		&lt;td class="tabelatd1"&gt;Patrimonial&lt;/td&gt;
	&lt;/tr&gt;
	&lt;tr&gt;
		&lt;td class="tabelatd2"&gt;241&lt;/td&gt;
		&lt;td class="tabelatd2"&gt;Tipo Cobranca&lt;/td&gt;
		&lt;td class="tabelatd2"&gt;11/10/2018&lt;/td&gt;
		&lt;td class="tabelatd2"&gt;110.00&lt;/td&gt;
		&lt;td class="tabelatd2"&gt;10/10/2018 00:00:00&lt;/td&gt;
		&lt;td class="tabelatd2"&gt;Fulano de Tal (652.392.539-00)&lt;/td&gt;
		&lt;td class="tabelatd2"&gt;1&lt;/td&gt;
		&lt;td class="tabelatd2"&gt;Patrimonial&lt;/td&gt;
	&lt;/tr&gt;
	&lt;tr&gt;
		&lt;td class="tabelatd1"&gt;244&lt;/td&gt;
		&lt;td class="tabelatd1"&gt;Tipo Cobranca&lt;/td&gt;
		&lt;td class="tabelatd1"&gt;11/10/2018&lt;/td&gt;
		&lt;td class="tabelatd1"&gt;110.00&lt;/td&gt;
		&lt;td class="tabelatd1"&gt;10/10/2018 00:00:00&lt;/td&gt;
		&lt;td class="tabelatd1"&gt;Fulano de Tal (652.392.539-00)&lt;/td&gt;
		&lt;td class="tabelatd1"&gt;1&lt;/td&gt;
		&lt;td class="tabelatd1"&gt;Patrimonial&lt;/td&gt;
	&lt;/tr&gt;
	&lt;tr&gt;
		&lt;td class="tabelatd2"&gt;245&lt;/td&gt;
		&lt;td class="tabelatd2"&gt;Tipo Cobranca&lt;/td&gt;
		&lt;td class="tabelatd2"&gt;11/10/2018&lt;/td&gt;
		&lt;td class="tabelatd2"&gt;110.00&lt;/td&gt;
		&lt;td class="tabelatd2"&gt;10/10/2018 00:00:00&lt;/td&gt;
		&lt;td class="tabelatd2"&gt;Fulano de Tal (652.392.539-00)&lt;/td&gt;
		&lt;td class="tabelatd2"&gt;1&lt;/td&gt;
		&lt;td class="tabelatd2"&gt;Patrimonial&lt;/td&gt;
	&lt;/tr&gt;
	&lt;tr&gt;
		&lt;td class="tabelatd1"&gt;246&lt;/td&gt;
		&lt;td class="tabelatd1"&gt;Tipo Cobranca&lt;/td&gt;
		&lt;td class="tabelatd1"&gt;11/10/2018&lt;/td&gt;
		&lt;td class="tabelatd1"&gt;110.00&lt;/td&gt;
		&lt;td class="tabelatd1"&gt;10/10/2018 00:00:00&lt;/td&gt;
		&lt;td class="tabelatd1"&gt;Fulano de Tal (652.392.539-00)&lt;/td&gt;
		&lt;td class="tabelatd1"&gt;1&lt;/td&gt;
		&lt;td class="tabelatd1"&gt;Patrimonial&lt;/td&gt;
	&lt;/tr&gt;
	&lt;tr&gt;
		&lt;td class="tabelatd2"&gt;247&lt;/td&gt;
		&lt;td class="tabelatd2"&gt;Tipo Cobranca&lt;/td&gt;
		&lt;td class="tabelatd2"&gt;11/10/2018&lt;/td&gt;
		&lt;td class="tabelatd2"&gt;110.00&lt;/td&gt;
		&lt;td class="tabelatd2"&gt;10/10/2018 00:00:00&lt;/td&gt;
		&lt;td class="tabelatd2"&gt;Fulano de Tal (652.392.539-00)&lt;/td&gt;
		&lt;td class="tabelatd2"&gt;1&lt;/td&gt;
		&lt;td class="tabelatd2"&gt;Patrimonial&lt;/td&gt;
	&lt;/tr&gt;
	&lt;tr&gt;
		&lt;td class="tabelatd1"&gt;248&lt;/td&gt;
		&lt;td class="tabelatd1"&gt;Tipo Cobranca&lt;/td&gt;
		&lt;td class="tabelatd1"&gt;11/10/2018&lt;/td&gt;
		&lt;td class="tabelatd1"&gt;110.00&lt;/td&gt;
		&lt;td class="tabelatd1"&gt;10/10/2018 00:00:00&lt;/td&gt;
		&lt;td class="tabelatd1"&gt;Fulano de Tal (652.392.539-00)&lt;/td&gt;
		&lt;td class="tabelatd1"&gt;1&lt;/td&gt;
		&lt;td class="tabelatd1"&gt;Patrimonial&lt;/td&gt;
	&lt;/tr&gt;
	&lt;tr&gt;
		&lt;td class="tabelatd2"&gt;249&lt;/td&gt;
		&lt;td class="tabelatd2"&gt;Tipo Cobranca&lt;/td&gt;
		&lt;td class="tabelatd2"&gt;11/10/2018&lt;/td&gt;
		&lt;td class="tabelatd2"&gt;110.00&lt;/td&gt;
		&lt;td class="tabelatd2"&gt;10/10/2018 00:00:00&lt;/td&gt;
		&lt;td class="tabelatd2"&gt;Fulano de Tal (652.392.539-00)&lt;/td&gt;
		&lt;td class="tabelatd2"&gt;1&lt;/td&gt;
		&lt;td class="tabelatd2"&gt;Patrimonial&lt;/td&gt;
	&lt;/tr&gt;
	&lt;tr&gt;
		&lt;td class="tabelatd1"&gt;250&lt;/td&gt;
		&lt;td class="tabelatd1"&gt;Tipo Cobranca&lt;/td&gt;
		&lt;td class="tabelatd1"&gt;11/10/2018&lt;/td&gt;
		&lt;td class="tabelatd1"&gt;110.00&lt;/td&gt;
		&lt;td class="tabelatd1"&gt;10/10/2018 00:00:00&lt;/td&gt;
		&lt;td class="tabelatd1"&gt;Fulano de Tal (652.392.539-00)&lt;/td&gt;
		&lt;td class="tabelatd1"&gt;1&lt;/td&gt;
		&lt;td class="tabelatd1"&gt;Patrimonial&lt;/td&gt;
	&lt;/tr&gt;
	&lt;tr&gt;
		&lt;td class="tabelatd2"&gt;265&lt;/td&gt;
		&lt;td class="tabelatd2"&gt;Tipo Cobranca&lt;/td&gt;
		&lt;td class="tabelatd2"&gt;11/10/2018&lt;/td&gt;
		&lt;td class="tabelatd2"&gt;110.00&lt;/td&gt;
		&lt;td class="tabelatd2"&gt;10/10/2018 00:00:00&lt;/td&gt;
		&lt;td class="tabelatd2"&gt;Fulano de Tal (652.392.539-00)&lt;/td&gt;
		&lt;td class="tabelatd2"&gt;1&lt;/td&gt;
		&lt;td class="tabelatd2"&gt;Patrimonial&lt;/td&gt;
	&lt;/tr&gt;
	&lt;tr&gt;
		&lt;td class="tabelatd1"&gt;268&lt;/td&gt;
		&lt;td class="tabelatd1"&gt;Tipo Cobranca&lt;/td&gt;
		&lt;td class="tabelatd1"&gt;11/10/2018&lt;/td&gt;
		&lt;td class="tabelatd1"&gt;110.00&lt;/td&gt;
		&lt;td class="tabelatd1"&gt;10/10/2018 00:00:00&lt;/td&gt;
		&lt;td class="tabelatd1"&gt;Fulano de Tal (652.392.539-00)&lt;/td&gt;
		&lt;td class="tabelatd1"&gt;1&lt;/td&gt;
		&lt;td class="tabelatd1"&gt;Patrimonial&lt;/td&gt;
	&lt;/tr&gt;
	&lt;tr&gt;
		&lt;td class="tabelatd2"&gt;269&lt;/td&gt;
		&lt;td class="tabelatd2"&gt;Tipo Cobranca&lt;/td&gt;
		&lt;td class="tabelatd2"&gt;11/10/2018&lt;/td&gt;
		&lt;td class="tabelatd2"&gt;110.00&lt;/td&gt;
		&lt;td class="tabelatd2"&gt;10/10/2018 00:00:00&lt;/td&gt;
		&lt;td class="tabelatd2"&gt;Fulano de Tal (652.392.539-00)&lt;/td&gt;
		&lt;td class="tabelatd2"&gt;1&lt;/td&gt;
		&lt;td class="tabelatd2"&gt;Patrimonial&lt;/td&gt;
	&lt;/tr&gt;
	&lt;tr&gt;
		&lt;td class="tabelatd1"&gt;270&lt;/td&gt;
		&lt;td class="tabelatd1"&gt;Tipo Cobranca&lt;/td&gt;
		&lt;td class="tabelatd1"&gt;11/10/2018&lt;/td&gt;
		&lt;td class="tabelatd1"&gt;110.00&lt;/td&gt;
		&lt;td class="tabelatd1"&gt;10/10/2018 00:00:00&lt;/td&gt;
		&lt;td class="tabelatd1"&gt;Fulano de Tal (652.392.539-00)&lt;/td&gt;
		&lt;td class="tabelatd1"&gt;1&lt;/td&gt;
		&lt;td class="tabelatd1"&gt;Patrimonial&lt;/td&gt;
	&lt;/tr&gt;
	&lt;tr&gt;
		&lt;td class="tabelatd2"&gt;271&lt;/td&gt;
		&lt;td class="tabelatd2"&gt;Tipo Cobranca&lt;/td&gt;
		&lt;td class="tabelatd2"&gt;11/10/2018&lt;/td&gt;
		&lt;td class="tabelatd2"&gt;110.00&lt;/td&gt;
		&lt;td class="tabelatd2"&gt;10/10/2018 00:00:00&lt;/td&gt;
		&lt;td class="tabelatd2"&gt;Fulano de Tal (652.392.539-00)&lt;/td&gt;
		&lt;td class="tabelatd2"&gt;1&lt;/td&gt;
		&lt;td class="tabelatd2"&gt;Patrimonial&lt;/td&gt;
	&lt;/tr&gt;
	&lt;tr&gt;
		&lt;td class="tabelatd1"&gt;272&lt;/td&gt;
		&lt;td class="tabelatd1"&gt;Tipo Cobranca&lt;/td&gt;
		&lt;td class="tabelatd1"&gt;11/10/2018&lt;/td&gt;
		&lt;td class="tabelatd1"&gt;110.00&lt;/td&gt;
		&lt;td class="tabelatd1"&gt;10/10/2018 00:00:00&lt;/td&gt;
		&lt;td class="tabelatd1"&gt;Fulano de Tal (652.392.539-00)&lt;/td&gt;
		&lt;td class="tabelatd1"&gt;1&lt;/td&gt;
		&lt;td class="tabelatd1"&gt;Patrimonial&lt;/td&gt;
	&lt;/tr&gt;
	&lt;tr&gt;
		&lt;td class="tabelatd2"&gt;273&lt;/td&gt;
		&lt;td class="tabelatd2"&gt;Tipo Cobranca&lt;/td&gt;
		&lt;td class="tabelatd2"&gt;11/10/2018&lt;/td&gt;
		&lt;td class="tabelatd2"&gt;110.00&lt;/td&gt;
		&lt;td class="tabelatd2"&gt;10/10/2018 00:00:00&lt;/td&gt;
		&lt;td class="tabelatd2"&gt;Fulano de Tal (652.392.539-00)&lt;/td&gt;
		&lt;td class="tabelatd2"&gt;1&lt;/td&gt;
		&lt;td class="tabelatd2"&gt;Patrimonial&lt;/td&gt;
	&lt;/tr&gt;
	&lt;tr&gt;
		&lt;td class="tabelatd1"&gt;274&lt;/td&gt;
		&lt;td class="tabelatd1"&gt;Tipo Cobranca&lt;/td&gt;
		&lt;td class="tabelatd1"&gt;11/10/2018&lt;/td&gt;
		&lt;td class="tabelatd1"&gt;110.00&lt;/td&gt;
		&lt;td class="tabelatd1"&gt;10/10/2018 00:00:00&lt;/td&gt;
		&lt;td class="tabelatd1"&gt;Fulano de Tal (652.392.539-00)&lt;/td&gt;
		&lt;td class="tabelatd1"&gt;1&lt;/td&gt;
		&lt;td class="tabelatd1"&gt;Patrimonial&lt;/td&gt;
	&lt;/tr&gt;
	&lt;tr&gt;
		&lt;td class="tabelatd2"&gt;275&lt;/td&gt;
		&lt;td class="tabelatd2"&gt;Tipo Cobranca&lt;/td&gt;
		&lt;td class="tabelatd2"&gt;11/10/2018&lt;/td&gt;
		&lt;td class="tabelatd2"&gt;110.00&lt;/td&gt;
		&lt;td class="tabelatd2"&gt;10/10/2018 00:00:00&lt;/td&gt;
		&lt;td class="tabelatd2"&gt;Fulano de Tal (652.392.539-00)&lt;/td&gt;
		&lt;td class="tabelatd2"&gt;1&lt;/td&gt;
		&lt;td class="tabelatd2"&gt;Patrimonial&lt;/td&gt;
	&lt;/tr&gt;
	&lt;tr&gt;
		&lt;td class="tabelatd1"&gt;291&lt;/td&gt;
		&lt;td class="tabelatd1"&gt;Tipo Cobranca&lt;/td&gt;
		&lt;td class="tabelatd1"&gt;11/10/2018&lt;/td&gt;
		&lt;td class="tabelatd1"&gt;110.00&lt;/td&gt;
		&lt;td class="tabelatd1"&gt;10/10/2018 00:00:00&lt;/td&gt;
		&lt;td class="tabelatd1"&gt;Fulano de Tal (652.392.539-00)&lt;/td&gt;
		&lt;td class="tabelatd1"&gt;1&lt;/td&gt;
		&lt;td class="tabelatd1"&gt;Patrimonial&lt;/td&gt;
	&lt;/tr&gt;
	&lt;tr&gt;
		&lt;td class="tabelatd2"&gt;294&lt;/td&gt;
		&lt;td class="tabelatd2"&gt;Tipo Cobranca&lt;/td&gt;
		&lt;td class="tabelatd2"&gt;11/10/2018&lt;/td&gt;
		&lt;td class="tabelatd2"&gt;110.00&lt;/td&gt;
		&lt;td class="tabelatd2"&gt;10/10/2018 00:00:00&lt;/td&gt;
		&lt;td class="tabelatd2"&gt;Fulano de Tal (652.392.539-00)&lt;/td&gt;
		&lt;td class="tabelatd2"&gt;1&lt;/td&gt;
		&lt;td class="tabelatd2"&gt;Patrimonial&lt;/td&gt;
	&lt;/tr&gt;
	&lt;tr&gt;
		&lt;td class="tabelatd1"&gt;295&lt;/td&gt;
		&lt;td class="tabelatd1"&gt;Tipo Cobranca&lt;/td&gt;
		&lt;td class="tabelatd1"&gt;11/10/2018&lt;/td&gt;
		&lt;td class="tabelatd1"&gt;110.00&lt;/td&gt;
		&lt;td class="tabelatd1"&gt;10/10/2018 00:00:00&lt;/td&gt;
		&lt;td class="tabelatd1"&gt;Fulano de Tal (652.392.539-00)&lt;/td&gt;
		&lt;td class="tabelatd1"&gt;1&lt;/td&gt;
		&lt;td class="tabelatd1"&gt;Patrimonial&lt;/td&gt;
	&lt;/tr&gt;
	&lt;tr&gt;
		&lt;td class="tabelatd2"&gt;296&lt;/td&gt;
		&lt;td class="tabelatd2"&gt;Tipo Cobranca&lt;/td&gt;
		&lt;td class="tabelatd2"&gt;11/10/2018&lt;/td&gt;
		&lt;td class="tabelatd2"&gt;110.00&lt;/td&gt;
		&lt;td class="tabelatd2"&gt;10/10/2018 00:00:00&lt;/td&gt;
		&lt;td class="tabelatd2"&gt;Fulano de Tal (652.392.539-00)&lt;/td&gt;
		&lt;td class="tabelatd2"&gt;1&lt;/td&gt;
		&lt;td class="tabelatd2"&gt;Patrimonial&lt;/td&gt;
	&lt;/tr&gt;
	&lt;tr&gt;
		&lt;td class="tabelatd1"&gt;297&lt;/td&gt;
		&lt;td class="tabelatd1"&gt;Tipo Cobranca&lt;/td&gt;
		&lt;td class="tabelatd1"&gt;11/10/2018&lt;/td&gt;
		&lt;td class="tabelatd1"&gt;110.00&lt;/td&gt;
		&lt;td class="tabelatd1"&gt;10/10/2018 00:00:00&lt;/td&gt;
		&lt;td class="tabelatd1"&gt;Fulano de Tal (652.392.539-00)&lt;/td&gt;
		&lt;td class="tabelatd1"&gt;1&lt;/td&gt;
		&lt;td class="tabelatd1"&gt;Patrimonial&lt;/td&gt;
	&lt;/tr&gt;
	&lt;tr&gt;
		&lt;td class="tabelatd2"&gt;298&lt;/td&gt;
		&lt;td class="tabelatd2"&gt;Tipo Cobranca&lt;/td&gt;
		&lt;td class="tabelatd2"&gt;11/10/2018&lt;/td&gt;
		&lt;td class="tabelatd2"&gt;110.00&lt;/td&gt;
		&lt;td class="tabelatd2"&gt;10/10/2018 00:00:00&lt;/td&gt;
		&lt;td class="tabelatd2"&gt;Fulano de Tal (652.392.539-00)&lt;/td&gt;
		&lt;td class="tabelatd2"&gt;1&lt;/td&gt;
		&lt;td class="tabelatd2"&gt;Patrimonial&lt;/td&gt;
	&lt;/tr&gt;
	&lt;tr&gt;
		&lt;td class="tabelatd1"&gt;299&lt;/td&gt;
		&lt;td class="tabelatd1"&gt;Tipo Cobranca&lt;/td&gt;
		&lt;td class="tabelatd1"&gt;11/10/2018&lt;/td&gt;
		&lt;td class="tabelatd1"&gt;110.00&lt;/td&gt;
		&lt;td class="tabelatd1"&gt;10/10/2018 00:00:00&lt;/td&gt;
		&lt;td class="tabelatd1"&gt;Fulano de Tal (652.392.539-00)&lt;/td&gt;
		&lt;td class="tabelatd1"&gt;1&lt;/td&gt;
		&lt;td class="tabelatd1"&gt;Patrimonial&lt;/td&gt;
	&lt;/tr&gt;
	&lt;tr&gt;
		&lt;td class="tabelatd2"&gt;300&lt;/td&gt;
		&lt;td class="tabelatd2"&gt;Tipo Cobranca&lt;/td&gt;
		&lt;td class="tabelatd2"&gt;11/10/2018&lt;/td&gt;
		&lt;td class="tabelatd2"&gt;110.00&lt;/td&gt;
		&lt;td class="tabelatd2"&gt;10/10/2018 00:00:00&lt;/td&gt;
		&lt;td class="tabelatd2"&gt;Fulano de Tal (652.392.539-00)&lt;/td&gt;
		&lt;td class="tabelatd2"&gt;1&lt;/td&gt;
		&lt;td class="tabelatd2"&gt;Patrimonial&lt;/td&gt;
	&lt;/tr&gt;
	&lt;tr&gt;
		&lt;td class="tabelatd1"&gt;301&lt;/td&gt;
		&lt;td class="tabelatd1"&gt;Tipo Cobranca&lt;/td&gt;
		&lt;td class="tabelatd1"&gt;11/10/2018&lt;/td&gt;
		&lt;td class="tabelatd1"&gt;110.00&lt;/td&gt;
		&lt;td class="tabelatd1"&gt;10/10/2018 00:00:00&lt;/td&gt;
		&lt;td class="tabelatd1"&gt;Fulano de Tal (652.392.539-00)&lt;/td&gt;
		&lt;td class="tabelatd1"&gt;1&lt;/td&gt;
		&lt;td class="tabelatd1"&gt;Patrimonial&lt;/td&gt;
	&lt;/tr&gt;
	&lt;tr&gt;
		&lt;td class="tabelatd2"&gt;302&lt;/td&gt;
		&lt;td class="tabelatd2"&gt;Tipo Cobranca&lt;/td&gt;
		&lt;td class="tabelatd2"&gt;11/10/2018&lt;/td&gt;
		&lt;td class="tabelatd2"&gt;110.00&lt;/td&gt;
		&lt;td class="tabelatd2"&gt;10/10/2018 00:00:00&lt;/td&gt;
		&lt;td class="tabelatd2"&gt;Fulano de Tal (652.392.539-00)&lt;/td&gt;
		&lt;td class="tabelatd2"&gt;1&lt;/td&gt;
		&lt;td class="tabelatd2"&gt;Patrimonial&lt;/td&gt;
	&lt;/tr&gt;
	&lt;tr&gt;
		&lt;td class="tabelatd1"&gt;319&lt;/td&gt;
		&lt;td class="tabelatd1"&gt;Tipo Cobranca&lt;/td&gt;
		&lt;td class="tabelatd1"&gt;11/10/2018&lt;/td&gt;
		&lt;td class="tabelatd1"&gt;110.00&lt;/td&gt;
		&lt;td class="tabelatd1"&gt;10/10/2018 00:00:00&lt;/td&gt;
		&lt;td class="tabelatd1"&gt;Fulano de Tal (652.392.539-00)&lt;/td&gt;
		&lt;td class="tabelatd1"&gt;1&lt;/td&gt;
		&lt;td class="tabelatd1"&gt;Patrimonial&lt;/td&gt;
	&lt;/tr&gt;
	&lt;tr&gt;
		&lt;td class="tabelatd2"&gt;322&lt;/td&gt;
		&lt;td class="tabelatd2"&gt;Tipo Cobranca&lt;/td&gt;
		&lt;td class="tabelatd2"&gt;11/10/2018&lt;/td&gt;
		&lt;td class="tabelatd2"&gt;110.00&lt;/td&gt;
		&lt;td class="tabelatd2"&gt;10/10/2018 00:00:00&lt;/td&gt;
		&lt;td class="tabelatd2"&gt;Fulano de Tal (652.392.539-00)&lt;/td&gt;
		&lt;td class="tabelatd2"&gt;1&lt;/td&gt;
		&lt;td class="tabelatd2"&gt;Patrimonial&lt;/td&gt;
	&lt;/tr&gt;
	&lt;tr&gt;
		&lt;td class="tabelatd1"&gt;323&lt;/td&gt;
		&lt;td class="tabelatd1"&gt;Tipo Cobranca&lt;/td&gt;
		&lt;td class="tabelatd1"&gt;11/10/2018&lt;/td&gt;
		&lt;td class="tabelatd1"&gt;110.00&lt;/td&gt;
		&lt;td class="tabelatd1"&gt;10/10/2018 00:00:00&lt;/td&gt;
		&lt;td class="tabelatd1"&gt;Fulano de Tal (652.392.539-00)&lt;/td&gt;
		&lt;td class="tabelatd1"&gt;1&lt;/td&gt;
		&lt;td class="tabelatd1"&gt;Patrimonial&lt;/td&gt;
	&lt;/tr&gt;
	&lt;tr&gt;
		&lt;td class="tabelatd2"&gt;324&lt;/td&gt;
		&lt;td class="tabelatd2"&gt;Tipo Cobranca&lt;/td&gt;
		&lt;td class="tabelatd2"&gt;11/10/2018&lt;/td&gt;
		&lt;td class="tabelatd2"&gt;110.00&lt;/td&gt;
		&lt;td class="tabelatd2"&gt;10/10/2018 00:00:00&lt;/td&gt;
		&lt;td class="tabelatd2"&gt;Fulano de Tal (652.392.539-00)&lt;/td&gt;
		&lt;td class="tabelatd2"&gt;1&lt;/td&gt;
		&lt;td class="tabelatd2"&gt;Patrimonial&lt;/td&gt;
	&lt;/tr&gt;
	&lt;tr&gt;
		&lt;td class="tabelatd1"&gt;325&lt;/td&gt;
		&lt;td class="tabelatd1"&gt;Tipo Cobranca&lt;/td&gt;
		&lt;td class="tabelatd1"&gt;11/10/2018&lt;/td&gt;
		&lt;td class="tabelatd1"&gt;110.00&lt;/td&gt;
		&lt;td class="tabelatd1"&gt;10/10/2018 00:00:00&lt;/td&gt;
		&lt;td class="tabelatd1"&gt;Fulano de Tal (652.392.539-00)&lt;/td&gt;
		&lt;td class="tabelatd1"&gt;1&lt;/td&gt;
		&lt;td class="tabelatd1"&gt;Patrimonial&lt;/td&gt;
	&lt;/tr&gt;
	&lt;tr&gt;
		&lt;td class="tabelatd2"&gt;326&lt;/td&gt;
		&lt;td class="tabelatd2"&gt;Tipo Cobranca&lt;/td&gt;
		&lt;td class="tabelatd2"&gt;11/10/2018&lt;/td&gt;
		&lt;td class="tabelatd2"&gt;110.00&lt;/td&gt;
		&lt;td class="tabelatd2"&gt;10/10/2018 00:00:00&lt;/td&gt;
		&lt;td class="tabelatd2"&gt;Fulano de Tal (652.392.539-00)&lt;/td&gt;
		&lt;td class="tabelatd2"&gt;1&lt;/td&gt;
		&lt;td class="tabelatd2"&gt;Patrimonial&lt;/td&gt;
	&lt;/tr&gt;
	&lt;tr&gt;
		&lt;td class="tabelatd1"&gt;327&lt;/td&gt;
		&lt;td class="tabelatd1"&gt;Tipo Cobranca&lt;/td&gt;
		&lt;td class="tabelatd1"&gt;11/10/2018&lt;/td&gt;
		&lt;td class="tabelatd1"&gt;110.00&lt;/td&gt;
		&lt;td class="tabelatd1"&gt;10/10/2018 00:00:00&lt;/td&gt;
		&lt;td class="tabelatd1"&gt;Fulano de Tal (652.392.539-00)&lt;/td&gt;
		&lt;td class="tabelatd1"&gt;1&lt;/td&gt;
		&lt;td class="tabelatd1"&gt;Patrimonial&lt;/td&gt;
	&lt;/tr&gt;
	&lt;tr&gt;
		&lt;td class="tabelatd2"&gt;328&lt;/td&gt;
		&lt;td class="tabelatd2"&gt;Tipo Cobranca&lt;/td&gt;
		&lt;td class="tabelatd2"&gt;11/10/2018&lt;/td&gt;
		&lt;td class="tabelatd2"&gt;110.00&lt;/td&gt;
		&lt;td class="tabelatd2"&gt;10/10/2018 00:00:00&lt;/td&gt;
		&lt;td class="tabelatd2"&gt;Fulano de Tal (652.392.539-00)&lt;/td&gt;
		&lt;td class="tabelatd2"&gt;1&lt;/td&gt;
		&lt;td class="tabelatd2"&gt;Patrimonial&lt;/td&gt;
	&lt;/tr&gt;
	&lt;tr&gt;
		&lt;td class="tabelatd1"&gt;329&lt;/td&gt;
		&lt;td class="tabelatd1"&gt;Tipo Cobranca&lt;/td&gt;
		&lt;td class="tabelatd1"&gt;11/10/2018&lt;/td&gt;
		&lt;td class="tabelatd1"&gt;110.00&lt;/td&gt;
		&lt;td class="tabelatd1"&gt;10/10/2018 00:00:00&lt;/td&gt;
		&lt;td class="tabelatd1"&gt;Fulano de Tal (652.392.539-00)&lt;/td&gt;
		&lt;td class="tabelatd1"&gt;1&lt;/td&gt;
		&lt;td class="tabelatd1"&gt;Patrimonial&lt;/td&gt;
	&lt;/tr&gt;
	&lt;tr&gt;
		&lt;td class="tabelatd2"&gt;330&lt;/td&gt;
		&lt;td class="tabelatd2"&gt;Tipo Cobranca&lt;/td&gt;
		&lt;td class="tabelatd2"&gt;11/10/2018&lt;/td&gt;
		&lt;td class="tabelatd2"&gt;110.00&lt;/td&gt;
		&lt;td class="tabelatd2"&gt;10/10/2018 00:00:00&lt;/td&gt;
		&lt;td class="tabelatd2"&gt;Fulano de Tal (652.392.539-00)&lt;/td&gt;
		&lt;td class="tabelatd2"&gt;1&lt;/td&gt;
		&lt;td class="tabelatd2"&gt;Patrimonial&lt;/td&gt;
	&lt;/tr&gt;
	&lt;tr&gt;
		&lt;td class="tabelatd1"&gt;331&lt;/td&gt;
		&lt;td class="tabelatd1"&gt;Tipo Cobranca&lt;/td&gt;
		&lt;td class="tabelatd1"&gt;11/10/2018&lt;/td&gt;
		&lt;td class="tabelatd1"&gt;110.00&lt;/td&gt;
		&lt;td class="tabelatd1"&gt;10/10/2018 00:00:00&lt;/td&gt;
		&lt;td class="tabelatd1"&gt;Fulano de Tal (652.392.539-00)&lt;/td&gt;
		&lt;td class="tabelatd1"&gt;1&lt;/td&gt;
		&lt;td class="tabelatd1"&gt;Patrimonial&lt;/td&gt;
	&lt;/tr&gt;
	&lt;tr&gt;
		&lt;td class="tabelatd2"&gt;349&lt;/td&gt;
		&lt;td class="tabelatd2"&gt;Tipo Cobranca&lt;/td&gt;
		&lt;td class="tabelatd2"&gt;11/10/2018&lt;/td&gt;
		&lt;td class="tabelatd2"&gt;110.00&lt;/td&gt;
		&lt;td class="tabelatd2"&gt;10/10/2018 00:00:00&lt;/td&gt;
		&lt;td class="tabelatd2"&gt;Fulano de Tal (652.392.539-00)&lt;/td&gt;
		&lt;td class="tabelatd2"&gt;1&lt;/td&gt;
		&lt;td class="tabelatd2"&gt;Patrimonial&lt;/td&gt;
	&lt;/tr&gt;
	&lt;tr&gt;
		&lt;td class="tabelatd1"&gt;352&lt;/td&gt;
		&lt;td class="tabelatd1"&gt;Tipo Cobranca&lt;/td&gt;
		&lt;td class="tabelatd1"&gt;11/10/2018&lt;/td&gt;
		&lt;td class="tabelatd1"&gt;110.00&lt;/td&gt;
		&lt;td class="tabelatd1"&gt;10/10/2018 00:00:00&lt;/td&gt;
		&lt;td class="tabelatd1"&gt;Fulano de Tal (652.392.539-00)&lt;/td&gt;
		&lt;td class="tabelatd1"&gt;1&lt;/td&gt;
		&lt;td class="tabelatd1"&gt;Patrimonial&lt;/td&gt;
	&lt;/tr&gt;
	&lt;tr&gt;
		&lt;td class="tabelatd2"&gt;353&lt;/td&gt;
		&lt;td class="tabelatd2"&gt;Tipo Cobranca&lt;/td&gt;
		&lt;td class="tabelatd2"&gt;11/10/2018&lt;/td&gt;
		&lt;td class="tabelatd2"&gt;110.00&lt;/td&gt;
		&lt;td class="tabelatd2"&gt;10/10/2018 00:00:00&lt;/td&gt;
		&lt;td class="tabelatd2"&gt;Fulano de Tal (652.392.539-00)&lt;/td&gt;
		&lt;td class="tabelatd2"&gt;1&lt;/td&gt;
		&lt;td class="tabelatd2"&gt;Patrimonial&lt;/td&gt;
	&lt;/tr&gt;
	&lt;tr&gt;
		&lt;td class="tabelatd1"&gt;354&lt;/td&gt;
		&lt;td class="tabelatd1"&gt;Tipo Cobranca&lt;/td&gt;
		&lt;td class="tabelatd1"&gt;11/10/2018&lt;/td&gt;
		&lt;td class="tabelatd1"&gt;110.00&lt;/td&gt;
		&lt;td class="tabelatd1"&gt;10/10/2018 00:00:00&lt;/td&gt;
		&lt;td class="tabelatd1"&gt;Fulano de Tal (652.392.539-00)&lt;/td&gt;
		&lt;td class="tabelatd1"&gt;1&lt;/td&gt;
		&lt;td class="tabelatd1"&gt;Patrimonial&lt;/td&gt;
	&lt;/tr&gt;
	&lt;tr&gt;
		&lt;td class="tabelatd2"&gt;355&lt;/td&gt;
		&lt;td class="tabelatd2"&gt;Tipo Cobranca&lt;/td&gt;
		&lt;td class="tabelatd2"&gt;11/10/2018&lt;/td&gt;
		&lt;td class="tabelatd2"&gt;110.00&lt;/td&gt;
		&lt;td class="tabelatd2"&gt;10/10/2018 00:00:00&lt;/td&gt;
		&lt;td class="tabelatd2"&gt;Fulano de Tal (652.392.539-00)&lt;/td&gt;
		&lt;td class="tabelatd2"&gt;1&lt;/td&gt;
		&lt;td class="tabelatd2"&gt;Patrimonial&lt;/td&gt;
	&lt;/tr&gt;
	&lt;tr&gt;
		&lt;td class="tabelatd1"&gt;356&lt;/td&gt;
		&lt;td class="tabelatd1"&gt;Tipo Cobranca&lt;/td&gt;
		&lt;td class="tabelatd1"&gt;11/10/2018&lt;/td&gt;
		&lt;td class="tabelatd1"&gt;110.00&lt;/td&gt;
		&lt;td class="tabelatd1"&gt;10/10/2018 00:00:00&lt;/td&gt;
		&lt;td class="tabelatd1"&gt;Fulano de Tal (652.392.539-00)&lt;/td&gt;
		&lt;td class="tabelatd1"&gt;1&lt;/td&gt;
		&lt;td class="tabelatd1"&gt;Patrimonial&lt;/td&gt;
	&lt;/tr&gt;
	&lt;tr&gt;
		&lt;td class="tabelatd2"&gt;32&lt;/td&gt;
		&lt;td class="tabelatd2"&gt;Tipo Cobranca&lt;/td&gt;
		&lt;td class="tabelatd2"&gt;11/10/2018&lt;/td&gt;
		&lt;td class="tabelatd2"&gt;110.00&lt;/td&gt;
		&lt;td class="tabelatd2"&gt;10/10/2018 00:00:00&lt;/td&gt;
		&lt;td class="tabelatd2"&gt;Cicrano de Tal (222.222.222-22)&lt;/td&gt;
		&lt;td class="tabelatd2"&gt;23F&lt;/td&gt;
		&lt;td class="tabelatd2"&gt;Patrimonial&lt;/td&gt;
	&lt;/tr&gt;
	&lt;tr&gt;
		&lt;td class="tabelatd1"&gt;39&lt;/td&gt;
		&lt;td class="tabelatd1"&gt;Tipo Cobranca&lt;/td&gt;
		&lt;td class="tabelatd1"&gt;11/10/2018&lt;/td&gt;
		&lt;td class="tabelatd1"&gt;110.00&lt;/td&gt;
		&lt;td class="tabelatd1"&gt;10/10/2018 00:00:00&lt;/td&gt;
		&lt;td class="tabelatd1"&gt;Cicrano de Tal (222.222.222-22)&lt;/td&gt;
		&lt;td class="tabelatd1"&gt;23F&lt;/td&gt;
		&lt;td class="tabelatd1"&gt;Patrimonial&lt;/td&gt;
	&lt;/tr&gt;
	&lt;tr&gt;
		&lt;td class="tabelatd2"&gt;48&lt;/td&gt;
		&lt;td class="tabelatd2"&gt;Tipo Cobranca&lt;/td&gt;
		&lt;td class="tabelatd2"&gt;11/10/2018&lt;/td&gt;
		&lt;td class="tabelatd2"&gt;110.00&lt;/td&gt;
		&lt;td class="tabelatd2"&gt;10/10/2018 00:00:00&lt;/td&gt;
		&lt;td class="tabelatd2"&gt;Cicrano de Tal (222.222.222-22)&lt;/td&gt;
		&lt;td class="tabelatd2"&gt;23F&lt;/td&gt;
		&lt;td class="tabelatd2"&gt;Patrimonial&lt;/td&gt;
	&lt;/tr&gt;
	&lt;tr&gt;
		&lt;td class="tabelatd1"&gt;60&lt;/td&gt;
		&lt;td class="tabelatd1"&gt;Tipo Cobranca&lt;/td&gt;
		&lt;td class="tabelatd1"&gt;11/10/2018&lt;/td&gt;
		&lt;td class="tabelatd1"&gt;110.00&lt;/td&gt;
		&lt;td class="tabelatd1"&gt;10/10/2018 00:00:00&lt;/td&gt;
		&lt;td class="tabelatd1"&gt;Cicrano de Tal (222.222.222-22)&lt;/td&gt;
		&lt;td class="tabelatd1"&gt;23F&lt;/td&gt;
		&lt;td class="tabelatd1"&gt;Patrimonial&lt;/td&gt;
	&lt;/tr&gt;
	&lt;tr&gt;
		&lt;td class="tabelatd2"&gt;74&lt;/td&gt;
		&lt;td class="tabelatd2"&gt;Tipo Cobranca&lt;/td&gt;
		&lt;td class="tabelatd2"&gt;11/10/2018&lt;/td&gt;
		&lt;td class="tabelatd2"&gt;110.00&lt;/td&gt;
		&lt;td class="tabelatd2"&gt;10/10/2018 00:00:00&lt;/td&gt;
		&lt;td class="tabelatd2"&gt;Cicrano de Tal (222.222.222-22)&lt;/td&gt;
		&lt;td class="tabelatd2"&gt;23F&lt;/td&gt;
		&lt;td class="tabelatd2"&gt;Patrimonial&lt;/td&gt;
	&lt;/tr&gt;
	&lt;tr&gt;
		&lt;td class="tabelatd1"&gt;90&lt;/td&gt;
		&lt;td class="tabelatd1"&gt;Tipo Cobranca&lt;/td&gt;
		&lt;td class="tabelatd1"&gt;11/10/2018&lt;/td&gt;
		&lt;td class="tabelatd1"&gt;110.00&lt;/td&gt;
		&lt;td class="tabelatd1"&gt;10/10/2018 00:00:00&lt;/td&gt;
		&lt;td class="tabelatd1"&gt;Cicrano de Tal (222.222.222-22)&lt;/td&gt;
		&lt;td class="tabelatd1"&gt;23F&lt;/td&gt;
		&lt;td class="tabelatd1"&gt;Patrimonial&lt;/td&gt;
	&lt;/tr&gt;
	&lt;tr&gt;
		&lt;td class="tabelatd2"&gt;106&lt;/td&gt;
		&lt;td class="tabelatd2"&gt;Tipo Cobranca&lt;/td&gt;
		&lt;td class="tabelatd2"&gt;11/10/2018&lt;/td&gt;
		&lt;td class="tabelatd2"&gt;110.00&lt;/td&gt;
		&lt;td class="tabelatd2"&gt;10/10/2018 00:00:00&lt;/td&gt;
		&lt;td class="tabelatd2"&gt;Cicrano de Tal (222.222.222-22)&lt;/td&gt;
		&lt;td class="tabelatd2"&gt;23F&lt;/td&gt;
		&lt;td class="tabelatd2"&gt;Patrimonial&lt;/td&gt;
	&lt;/tr&gt;
	&lt;tr&gt;
		&lt;td class="tabelatd1"&gt;134&lt;/td&gt;
		&lt;td class="tabelatd1"&gt;Tipo Cobranca&lt;/td&gt;
		&lt;td class="tabelatd1"&gt;11/10/2018&lt;/td&gt;
		&lt;td class="tabelatd1"&gt;110.00&lt;/td&gt;
		&lt;td class="tabelatd1"&gt;10/10/2018 00:00:00&lt;/td&gt;
		&lt;td class="tabelatd1"&gt;Cicrano de Tal (222.222.222-22)&lt;/td&gt;
		&lt;td class="tabelatd1"&gt;23F&lt;/td&gt;
		&lt;td class="tabelatd1"&gt;Patrimonial&lt;/td&gt;
	&lt;/tr&gt;
	&lt;tr&gt;
		&lt;td class="tabelatd2"&gt;159&lt;/td&gt;
		&lt;td class="tabelatd2"&gt;Tipo Cobranca&lt;/td&gt;
		&lt;td class="tabelatd2"&gt;11/10/2018&lt;/td&gt;
		&lt;td class="tabelatd2"&gt;110.00&lt;/td&gt;
		&lt;td class="tabelatd2"&gt;10/10/2018 00:00:00&lt;/td&gt;
		&lt;td class="tabelatd2"&gt;Cicrano de Tal (222.222.222-22)&lt;/td&gt;
		&lt;td class="tabelatd2"&gt;23F&lt;/td&gt;
		&lt;td class="tabelatd2"&gt;Patrimonial&lt;/td&gt;
	&lt;/tr&gt;
	&lt;tr&gt;
		&lt;td class="tabelatd1"&gt;179&lt;/td&gt;
		&lt;td class="tabelatd1"&gt;Tipo Cobranca&lt;/td&gt;
		&lt;td class="tabelatd1"&gt;11/10/2018&lt;/td&gt;
		&lt;td class="tabelatd1"&gt;110.00&lt;/td&gt;
		&lt;td class="tabelatd1"&gt;10/10/2018 00:00:00&lt;/td&gt;
		&lt;td class="tabelatd1"&gt;Cicrano de Tal (222.222.222-22)&lt;/td&gt;
		&lt;td class="tabelatd1"&gt;23F&lt;/td&gt;
		&lt;td class="tabelatd1"&gt;Patrimonial&lt;/td&gt;
	&lt;/tr&gt;
	&lt;tr&gt;
		&lt;td class="tabelatd2"&gt;199&lt;/td&gt;
		&lt;td class="tabelatd2"&gt;Tipo Cobranca&lt;/td&gt;
		&lt;td class="tabelatd2"&gt;11/10/2018&lt;/td&gt;
		&lt;td class="tabelatd2"&gt;110.00&lt;/td&gt;
		&lt;td class="tabelatd2"&gt;10/10/2018 00:00:00&lt;/td&gt;
		&lt;td class="tabelatd2"&gt;Cicrano de Tal (222.222.222-22)&lt;/td&gt;
		&lt;td class="tabelatd2"&gt;23F&lt;/td&gt;
		&lt;td class="tabelatd2"&gt;Patrimonial&lt;/td&gt;
	&lt;/tr&gt;
	&lt;tr&gt;
		&lt;td class="tabelatd1"&gt;219&lt;/td&gt;
		&lt;td class="tabelatd1"&gt;Tipo Cobranca&lt;/td&gt;
		&lt;td class="tabelatd1"&gt;11/10/2018&lt;/td&gt;
		&lt;td class="tabelatd1"&gt;110.00&lt;/td&gt;
		&lt;td class="tabelatd1"&gt;10/10/2018 00:00:00&lt;/td&gt;
		&lt;td class="tabelatd1"&gt;Cicrano de Tal (222.222.222-22)&lt;/td&gt;
		&lt;td class="tabelatd1"&gt;23F&lt;/td&gt;
		&lt;td class="tabelatd1"&gt;Patrimonial&lt;/td&gt;
	&lt;/tr&gt;
	&lt;tr&gt;
		&lt;td class="tabelatd2"&gt;243&lt;/td&gt;
		&lt;td class="tabelatd2"&gt;Tipo Cobranca&lt;/td&gt;
		&lt;td class="tabelatd2"&gt;11/10/2018&lt;/td&gt;
		&lt;td class="tabelatd2"&gt;110.00&lt;/td&gt;
		&lt;td class="tabelatd2"&gt;10/10/2018 00:00:00&lt;/td&gt;
		&lt;td class="tabelatd2"&gt;Cicrano de Tal (222.222.222-22)&lt;/td&gt;
		&lt;td class="tabelatd2"&gt;23F&lt;/td&gt;
		&lt;td class="tabelatd2"&gt;Patrimonial&lt;/td&gt;
	&lt;/tr&gt;
	&lt;tr&gt;
		&lt;td class="tabelatd1"&gt;267&lt;/td&gt;
		&lt;td class="tabelatd1"&gt;Tipo Cobranca&lt;/td&gt;
		&lt;td class="tabelatd1"&gt;11/10/2018&lt;/td&gt;
		&lt;td class="tabelatd1"&gt;110.00&lt;/td&gt;
		&lt;td class="tabelatd1"&gt;10/10/2018 00:00:00&lt;/td&gt;
		&lt;td class="tabelatd1"&gt;Cicrano de Tal (222.222.222-22)&lt;/td&gt;
		&lt;td class="tabelatd1"&gt;23F&lt;/td&gt;
		&lt;td class="tabelatd1"&gt;Patrimonial&lt;/td&gt;
	&lt;/tr&gt;
	&lt;tr&gt;
		&lt;td class="tabelatd2"&gt;293&lt;/td&gt;
		&lt;td class="tabelatd2"&gt;Tipo Cobranca&lt;/td&gt;
		&lt;td class="tabelatd2"&gt;11/10/2018&lt;/td&gt;
		&lt;td class="tabelatd2"&gt;110.00&lt;/td&gt;
		&lt;td class="tabelatd2"&gt;10/10/2018 00:00:00&lt;/td&gt;
		&lt;td class="tabelatd2"&gt;Cicrano de Tal (222.222.222-22)&lt;/td&gt;
		&lt;td class="tabelatd2"&gt;23F&lt;/td&gt;
		&lt;td class="tabelatd2"&gt;Patrimonial&lt;/td&gt;
	&lt;/tr&gt;
	&lt;tr&gt;
		&lt;td class="tabelatd1"&gt;321&lt;/td&gt;
		&lt;td class="tabelatd1"&gt;Tipo Cobranca&lt;/td&gt;
		&lt;td class="tabelatd1"&gt;11/10/2018&lt;/td&gt;
		&lt;td class="tabelatd1"&gt;110.00&lt;/td&gt;
		&lt;td class="tabelatd1"&gt;10/10/2018 00:00:00&lt;/td&gt;
		&lt;td class="tabelatd1"&gt;Cicrano de Tal (222.222.222-22)&lt;/td&gt;
		&lt;td class="tabelatd1"&gt;23F&lt;/td&gt;
		&lt;td class="tabelatd1"&gt;Patrimonial&lt;/td&gt;
	&lt;/tr&gt;
	&lt;tr&gt;
		&lt;td class="tabelatd2"&gt;351&lt;/td&gt;
		&lt;td class="tabelatd2"&gt;Tipo Cobranca&lt;/td&gt;
		&lt;td class="tabelatd2"&gt;11/10/2018&lt;/td&gt;
		&lt;td class="tabelatd2"&gt;110.00&lt;/td&gt;
		&lt;td class="tabelatd2"&gt;10/10/2018 00:00:00&lt;/td&gt;
		&lt;td class="tabelatd2"&gt;Cicrano de Tal (222.222.222-22)&lt;/td&gt;
		&lt;td class="tabelatd2"&gt;23F&lt;/td&gt;
		&lt;td class="tabelatd2"&gt;Patrimonial&lt;/td&gt;
	&lt;/tr&gt;
	&lt;tr&gt;
		&lt;td class="tabelatd1"&gt;31&lt;/td&gt;
		&lt;td class="tabelatd1"&gt;Tipo Cobranca&lt;/td&gt;
		&lt;td class="tabelatd1"&gt;11/10/2018&lt;/td&gt;
		&lt;td class="tabelatd1"&gt;110.00&lt;/td&gt;
		&lt;td class="tabelatd1"&gt;10/10/2018 00:00:00&lt;/td&gt;
		&lt;td class="tabelatd1"&gt;Beltrano da Silva (333.333.333-33)&lt;/td&gt;
		&lt;td class="tabelatd1"&gt;0F&lt;/td&gt;
		&lt;td class="tabelatd1"&gt;Patrimonial&lt;/td&gt;
	&lt;/tr&gt;
	&lt;tr&gt;
		&lt;td class="tabelatd2"&gt;38&lt;/td&gt;
		&lt;td class="tabelatd2"&gt;Tipo Cobranca&lt;/td&gt;
		&lt;td class="tabelatd2"&gt;11/10/2018&lt;/td&gt;
		&lt;td class="tabelatd2"&gt;110.00&lt;/td&gt;
		&lt;td class="tabelatd2"&gt;10/10/2018 00:00:00&lt;/td&gt;
		&lt;td class="tabelatd2"&gt;Beltrano da Silva (333.333.333-33)&lt;/td&gt;
		&lt;td class="tabelatd2"&gt;0F&lt;/td&gt;
		&lt;td class="tabelatd2"&gt;Patrimonial&lt;/td&gt;
	&lt;/tr&gt;
	&lt;tr&gt;
		&lt;td class="tabelatd1"&gt;47&lt;/td&gt;
		&lt;td class="tabelatd1"&gt;Tipo Cobranca&lt;/td&gt;
		&lt;td class="tabelatd1"&gt;11/10/2018&lt;/td&gt;
		&lt;td class="tabelatd1"&gt;110.00&lt;/td&gt;
		&lt;td class="tabelatd1"&gt;10/10/2018 00:00:00&lt;/td&gt;
		&lt;td class="tabelatd1"&gt;Beltrano da Silva (333.333.333-33)&lt;/td&gt;
		&lt;td class="tabelatd1"&gt;0F&lt;/td&gt;
		&lt;td class="tabelatd1"&gt;Patrimonial&lt;/td&gt;
	&lt;/tr&gt;
	&lt;tr&gt;
		&lt;td class="tabelatd2"&gt;59&lt;/td&gt;
		&lt;td class="tabelatd2"&gt;Tipo Cobranca&lt;/td&gt;
		&lt;td class="tabelatd2"&gt;11/10/2018&lt;/td&gt;
		&lt;td class="tabelatd2"&gt;110.00&lt;/td&gt;
		&lt;td class="tabelatd2"&gt;10/10/2018 00:00:00&lt;/td&gt;
		&lt;td class="tabelatd2"&gt;Beltrano da Silva (333.333.333-33)&lt;/td&gt;
		&lt;td class="tabelatd2"&gt;0F&lt;/td&gt;
		&lt;td class="tabelatd2"&gt;Patrimonial&lt;/td&gt;
	&lt;/tr&gt;
	&lt;tr&gt;
		&lt;td class="tabelatd1"&gt;73&lt;/td&gt;
		&lt;td class="tabelatd1"&gt;Tipo Cobranca&lt;/td&gt;
		&lt;td class="tabelatd1"&gt;11/10/2018&lt;/td&gt;
		&lt;td class="tabelatd1"&gt;110.00&lt;/td&gt;
		&lt;td class="tabelatd1"&gt;10/10/2018 00:00:00&lt;/td&gt;
		&lt;td class="tabelatd1"&gt;Beltrano da Silva (333.333.333-33)&lt;/td&gt;
		&lt;td class="tabelatd1"&gt;0F&lt;/td&gt;
		&lt;td class="tabelatd1"&gt;Patrimonial&lt;/td&gt;
	&lt;/tr&gt;
	&lt;tr&gt;
		&lt;td class="tabelatd2"&gt;89&lt;/td&gt;
		&lt;td class="tabelatd2"&gt;Tipo Cobranca&lt;/td&gt;
		&lt;td class="tabelatd2"&gt;11/10/2018&lt;/td&gt;
		&lt;td class="tabelatd2"&gt;110.00&lt;/td&gt;
		&lt;td class="tabelatd2"&gt;10/10/2018 00:00:00&lt;/td&gt;
		&lt;td class="tabelatd2"&gt;Beltrano da Silva (333.333.333-33)&lt;/td&gt;
		&lt;td class="tabelatd2"&gt;0F&lt;/td&gt;
		&lt;td class="tabelatd2"&gt;Patrimonial&lt;/td&gt;
	&lt;/tr&gt;
	&lt;tr&gt;
		&lt;td class="tabelatd1"&gt;105&lt;/td&gt;
		&lt;td class="tabelatd1"&gt;Tipo Cobranca&lt;/td&gt;
		&lt;td class="tabelatd1"&gt;11/10/2018&lt;/td&gt;
		&lt;td class="tabelatd1"&gt;110.00&lt;/td&gt;
		&lt;td class="tabelatd1"&gt;10/10/2018 00:00:00&lt;/td&gt;
		&lt;td class="tabelatd1"&gt;Beltrano da Silva (333.333.333-33)&lt;/td&gt;
		&lt;td class="tabelatd1"&gt;0F&lt;/td&gt;
		&lt;td class="tabelatd1"&gt;Patrimonial&lt;/td&gt;
	&lt;/tr&gt;
	&lt;tr&gt;
		&lt;td class="tabelatd2"&gt;133&lt;/td&gt;
		&lt;td class="tabelatd2"&gt;Tipo Cobranca&lt;/td&gt;
		&lt;td class="tabelatd2"&gt;11/10/2018&lt;/td&gt;
		&lt;td class="tabelatd2"&gt;110.00&lt;/td&gt;
		&lt;td class="tabelatd2"&gt;10/10/2018 00:00:00&lt;/td&gt;
		&lt;td class="tabelatd2"&gt;Beltrano da Silva (333.333.333-33)&lt;/td&gt;
		&lt;td class="tabelatd2"&gt;0F&lt;/td&gt;
		&lt;td class="tabelatd2"&gt;Patrimonial&lt;/td&gt;
	&lt;/tr&gt;
	&lt;tr&gt;
		&lt;td class="tabelatd1"&gt;158&lt;/td&gt;
		&lt;td class="tabelatd1"&gt;Tipo Cobranca&lt;/td&gt;
		&lt;td class="tabelatd1"&gt;11/10/2018&lt;/td&gt;
		&lt;td class="tabelatd1"&gt;110.00&lt;/td&gt;
		&lt;td class="tabelatd1"&gt;10/10/2018 00:00:00&lt;/td&gt;
		&lt;td class="tabelatd1"&gt;Beltrano da Silva (333.333.333-33)&lt;/td&gt;
		&lt;td class="tabelatd1"&gt;0F&lt;/td&gt;
		&lt;td class="tabelatd1"&gt;Patrimonial&lt;/td&gt;
	&lt;/tr&gt;
	&lt;tr&gt;
		&lt;td class="tabelatd2"&gt;178&lt;/td&gt;
		&lt;td class="tabelatd2"&gt;Tipo Cobranca&lt;/td&gt;
		&lt;td class="tabelatd2"&gt;11/10/2018&lt;/td&gt;
		&lt;td class="tabelatd2"&gt;110.00&lt;/td&gt;
		&lt;td class="tabelatd2"&gt;10/10/2018 00:00:00&lt;/td&gt;
		&lt;td class="tabelatd2"&gt;Beltrano da Silva (333.333.333-33)&lt;/td&gt;
		&lt;td class="tabelatd2"&gt;0F&lt;/td&gt;
		&lt;td class="tabelatd2"&gt;Patrimonial&lt;/td&gt;
	&lt;/tr&gt;
	&lt;tr&gt;
		&lt;td class="tabelatd1"&gt;198&lt;/td&gt;
		&lt;td class="tabelatd1"&gt;Tipo Cobranca&lt;/td&gt;
		&lt;td class="tabelatd1"&gt;11/10/2018&lt;/td&gt;
		&lt;td class="tabelatd1"&gt;110.00&lt;/td&gt;
		&lt;td class="tabelatd1"&gt;10/10/2018 00:00:00&lt;/td&gt;
		&lt;td class="tabelatd1"&gt;Beltrano da Silva (333.333.333-33)&lt;/td&gt;
		&lt;td class="tabelatd1"&gt;0F&lt;/td&gt;
		&lt;td class="tabelatd1"&gt;Patrimonial&lt;/td&gt;
	&lt;/tr&gt;
	&lt;tr&gt;
		&lt;td class="tabelatd2"&gt;218&lt;/td&gt;
		&lt;td class="tabelatd2"&gt;Tipo Cobranca&lt;/td&gt;
		&lt;td class="tabelatd2"&gt;11/10/2018&lt;/td&gt;
		&lt;td class="tabelatd2"&gt;110.00&lt;/td&gt;
		&lt;td class="tabelatd2"&gt;10/10/2018 00:00:00&lt;/td&gt;
		&lt;td class="tabelatd2"&gt;Beltrano da Silva (333.333.333-33)&lt;/td&gt;
		&lt;td class="tabelatd2"&gt;0F&lt;/td&gt;
		&lt;td class="tabelatd2"&gt;Patrimonial&lt;/td&gt;
	&lt;/tr&gt;
	&lt;tr&gt;
		&lt;td class="tabelatd1"&gt;242&lt;/td&gt;
		&lt;td class="tabelatd1"&gt;Tipo Cobranca&lt;/td&gt;
		&lt;td class="tabelatd1"&gt;11/10/2018&lt;/td&gt;
		&lt;td class="tabelatd1"&gt;110.00&lt;/td&gt;
		&lt;td class="tabelatd1"&gt;10/10/2018 00:00:00&lt;/td&gt;
		&lt;td class="tabelatd1"&gt;Beltrano da Silva (333.333.333-33)&lt;/td&gt;
		&lt;td class="tabelatd1"&gt;0F&lt;/td&gt;
		&lt;td class="tabelatd1"&gt;Patrimonial&lt;/td&gt;
	&lt;/tr&gt;
	&lt;tr&gt;
		&lt;td class="tabelatd2"&gt;266&lt;/td&gt;
		&lt;td class="tabelatd2"&gt;Tipo Cobranca&lt;/td&gt;
		&lt;td class="tabelatd2"&gt;11/10/2018&lt;/td&gt;
		&lt;td class="tabelatd2"&gt;110.00&lt;/td&gt;
		&lt;td class="tabelatd2"&gt;10/10/2018 00:00:00&lt;/td&gt;
		&lt;td class="tabelatd2"&gt;Beltrano da Silva (333.333.333-33)&lt;/td&gt;
		&lt;td class="tabelatd2"&gt;0F&lt;/td&gt;
		&lt;td class="tabelatd2"&gt;Patrimonial&lt;/td&gt;
	&lt;/tr&gt;
	&lt;tr&gt;
		&lt;td class="tabelatd1"&gt;292&lt;/td&gt;
		&lt;td class="tabelatd1"&gt;Tipo Cobranca&lt;/td&gt;
		&lt;td class="tabelatd1"&gt;11/10/2018&lt;/td&gt;
		&lt;td class="tabelatd1"&gt;110.00&lt;/td&gt;
		&lt;td class="tabelatd1"&gt;10/10/2018 00:00:00&lt;/td&gt;
		&lt;td class="tabelatd1"&gt;Beltrano da Silva (333.333.333-33)&lt;/td&gt;
		&lt;td class="tabelatd1"&gt;0F&lt;/td&gt;
		&lt;td class="tabelatd1"&gt;Patrimonial&lt;/td&gt;
	&lt;/tr&gt;
	&lt;tr&gt;
		&lt;td class="tabelatd2"&gt;320&lt;/td&gt;
		&lt;td class="tabelatd2"&gt;Tipo Cobranca&lt;/td&gt;
		&lt;td class="tabelatd2"&gt;11/10/2018&lt;/td&gt;
		&lt;td class="tabelatd2"&gt;110.00&lt;/td&gt;
		&lt;td class="tabelatd2"&gt;10/10/2018 00:00:00&lt;/td&gt;
		&lt;td class="tabelatd2"&gt;Beltrano da Silva (333.333.333-33)&lt;/td&gt;
		&lt;td class="tabelatd2"&gt;0F&lt;/td&gt;
		&lt;td class="tabelatd2"&gt;Patrimonial&lt;/td&gt;
	&lt;/tr&gt;
	&lt;tr&gt;
		&lt;td class="tabelatd1"&gt;350&lt;/td&gt;
		&lt;td class="tabelatd1"&gt;Tipo Cobranca&lt;/td&gt;
		&lt;td class="tabelatd1"&gt;11/10/2018&lt;/td&gt;
		&lt;td class="tabelatd1"&gt;110.00&lt;/td&gt;
		&lt;td class="tabelatd1"&gt;10/10/2018 00:00:00&lt;/td&gt;
		&lt;td class="tabelatd1"&gt;Beltrano da Silva (333.333.333-33)&lt;/td&gt;
		&lt;td class="tabelatd1"&gt;0F&lt;/td&gt;
		&lt;td class="tabelatd1"&gt;Patrimonial&lt;/td&gt;
	&lt;/tr&gt;
	&lt;tr&gt;
		&lt;td class="tabelatd2"&gt;50&lt;/td&gt;
		&lt;td class="tabelatd2"&gt;Tipo Cobranca&lt;/td&gt;
		&lt;td class="tabelatd2"&gt;11/10/2018&lt;/td&gt;
		&lt;td class="tabelatd2"&gt;110.00&lt;/td&gt;
		&lt;td class="tabelatd2"&gt;10/10/2018 00:00:00&lt;/td&gt;
		&lt;td class="tabelatd2"&gt;Fulano de Tal (111.111.111-11)&lt;/td&gt;
		&lt;td class="tabelatd2"&gt;0F&lt;/td&gt;
		&lt;td class="tabelatd2"&gt;Patrimonial&lt;/td&gt;
	&lt;/tr&gt;
	&lt;tr&gt;
		&lt;td class="tabelatd1"&gt;63&lt;/td&gt;
		&lt;td class="tabelatd1"&gt;Tipo Cobranca&lt;/td&gt;
		&lt;td class="tabelatd1"&gt;11/10/2018&lt;/td&gt;
		&lt;td class="tabelatd1"&gt;110.00&lt;/td&gt;
		&lt;td class="tabelatd1"&gt;10/10/2018 00:00:00&lt;/td&gt;
		&lt;td class="tabelatd1"&gt;Fulano de Tal (111.111.111-11)&lt;/td&gt;
		&lt;td class="tabelatd1"&gt;0F&lt;/td&gt;
		&lt;td class="tabelatd1"&gt;Patrimonial&lt;/td&gt;
	&lt;/tr&gt;
	&lt;tr&gt;
		&lt;td class="tabelatd2"&gt;78&lt;/td&gt;
		&lt;td class="tabelatd2"&gt;Tipo Cobranca&lt;/td&gt;
		&lt;td class="tabelatd2"&gt;11/10/2018&lt;/td&gt;
		&lt;td class="tabelatd2"&gt;110.00&lt;/td&gt;
		&lt;td class="tabelatd2"&gt;10/10/2018 00:00:00&lt;/td&gt;
		&lt;td class="tabelatd2"&gt;Fulano de Tal (111.111.111-11)&lt;/td&gt;
		&lt;td class="tabelatd2"&gt;0F&lt;/td&gt;
		&lt;td class="tabelatd2"&gt;Patrimonial&lt;/td&gt;
	&lt;/tr&gt;
	&lt;tr&gt;
		&lt;td class="tabelatd1"&gt;95&lt;/td&gt;
		&lt;td class="tabelatd1"&gt;Tipo Cobranca&lt;/td&gt;
		&lt;td class="tabelatd1"&gt;11/10/2018&lt;/td&gt;
		&lt;td class="tabelatd1"&gt;110.00&lt;/td&gt;
		&lt;td class="tabelatd1"&gt;10/10/2018 00:00:00&lt;/td&gt;
		&lt;td class="tabelatd1"&gt;Fulano de Tal (111.111.111-11)&lt;/td&gt;
		&lt;td class="tabelatd1"&gt;0F&lt;/td&gt;
		&lt;td class="tabelatd1"&gt;Patrimonial&lt;/td&gt;
	&lt;/tr&gt;
	&lt;tr&gt;
		&lt;td class="tabelatd2"&gt;111&lt;/td&gt;
		&lt;td class="tabelatd2"&gt;Tipo Cobranca&lt;/td&gt;
		&lt;td class="tabelatd2"&gt;11/10/2018&lt;/td&gt;
		&lt;td class="tabelatd2"&gt;110.00&lt;/td&gt;
		&lt;td class="tabelatd2"&gt;10/10/2018 00:00:00&lt;/td&gt;
		&lt;td class="tabelatd2"&gt;Fulano de Tal (111.111.111-11)&lt;/td&gt;
		&lt;td class="tabelatd2"&gt;0F&lt;/td&gt;
		&lt;td class="tabelatd2"&gt;Patrimonial&lt;/td&gt;
	&lt;/tr&gt;
	&lt;tr&gt;
		&lt;td class="tabelatd1"&gt;140&lt;/td&gt;
		&lt;td class="tabelatd1"&gt;Tipo Cobranca&lt;/td&gt;
		&lt;td class="tabelatd1"&gt;11/10/2018&lt;/td&gt;
		&lt;td class="tabelatd1"&gt;110.00&lt;/td&gt;
		&lt;td class="tabelatd1"&gt;10/10/2018 00:00:00&lt;/td&gt;
		&lt;td class="tabelatd1"&gt;Fulano de Tal (111.111.111-11)&lt;/td&gt;
		&lt;td class="tabelatd1"&gt;0F&lt;/td&gt;
		&lt;td class="tabelatd1"&gt;Patrimonial&lt;/td&gt;
	&lt;/tr&gt;
	&lt;tr&gt;
		&lt;td class="tabelatd2"&gt;166&lt;/td&gt;
		&lt;td class="tabelatd2"&gt;Tipo Cobranca&lt;/td&gt;
		&lt;td class="tabelatd2"&gt;11/10/2018&lt;/td&gt;
		&lt;td class="tabelatd2"&gt;110.00&lt;/td&gt;
		&lt;td class="tabelatd2"&gt;10/10/2018 00:00:00&lt;/td&gt;
		&lt;td class="tabelatd2"&gt;Fulano de Tal (111.111.111-11)&lt;/td&gt;
		&lt;td class="tabelatd2"&gt;0F&lt;/td&gt;
		&lt;td class="tabelatd2"&gt;Patrimonial&lt;/td&gt;
	&lt;/tr&gt;
	&lt;tr&gt;
		&lt;td class="tabelatd1"&gt;186&lt;/td&gt;
		&lt;td class="tabelatd1"&gt;Tipo Cobranca&lt;/td&gt;
		&lt;td class="tabelatd1"&gt;11/10/2018&lt;/td&gt;
		&lt;td class="tabelatd1"&gt;110.00&lt;/td&gt;
		&lt;td class="tabelatd1"&gt;10/10/2018 00:00:00&lt;/td&gt;
		&lt;td class="tabelatd1"&gt;Fulano de Tal (111.111.111-11)&lt;/td&gt;
		&lt;td class="tabelatd1"&gt;0F&lt;/td&gt;
		&lt;td class="tabelatd1"&gt;Patrimonial&lt;/td&gt;
	&lt;/tr&gt;
	&lt;tr&gt;
		&lt;td class="tabelatd2"&gt;206&lt;/td&gt;
		&lt;td class="tabelatd2"&gt;Tipo Cobranca&lt;/td&gt;
		&lt;td class="tabelatd2"&gt;11/10/2018&lt;/td&gt;
		&lt;td class="tabelatd2"&gt;110.00&lt;/td&gt;
		&lt;td class="tabelatd2"&gt;10/10/2018 00:00:00&lt;/td&gt;
		&lt;td class="tabelatd2"&gt;Fulano de Tal (111.111.111-11)&lt;/td&gt;
		&lt;td class="tabelatd2"&gt;0F&lt;/td&gt;
		&lt;td class="tabelatd2"&gt;Patrimonial&lt;/td&gt;
	&lt;/tr&gt;
	&lt;tr&gt;
		&lt;td class="tabelatd1"&gt;226&lt;/td&gt;
		&lt;td class="tabelatd1"&gt;Tipo Cobranca&lt;/td&gt;
		&lt;td class="tabelatd1"&gt;11/10/2018&lt;/td&gt;
		&lt;td class="tabelatd1"&gt;110.00&lt;/td&gt;
		&lt;td class="tabelatd1"&gt;10/10/2018 00:00:00&lt;/td&gt;
		&lt;td class="tabelatd1"&gt;Fulano de Tal (111.111.111-11)&lt;/td&gt;
		&lt;td class="tabelatd1"&gt;0F&lt;/td&gt;
		&lt;td class="tabelatd1"&gt;Patrimonial&lt;/td&gt;
	&lt;/tr&gt;
	&lt;tr&gt;
		&lt;td class="tabelatd2"&gt;251&lt;/td&gt;
		&lt;td class="tabelatd2"&gt;Tipo Cobranca&lt;/td&gt;
		&lt;td class="tabelatd2"&gt;11/10/2018&lt;/td&gt;
		&lt;td class="tabelatd2"&gt;110.00&lt;/td&gt;
		&lt;td class="tabelatd2"&gt;10/10/2018 00:00:00&lt;/td&gt;
		&lt;td class="tabelatd2"&gt;Fulano de Tal (111.111.111-11)&lt;/td&gt;
		&lt;td class="tabelatd2"&gt;0F&lt;/td&gt;
		&lt;td class="tabelatd2"&gt;Patrimonial&lt;/td&gt;
	&lt;/tr&gt;
	&lt;tr&gt;
		&lt;td class="tabelatd1"&gt;276&lt;/td&gt;
		&lt;td class="tabelatd1"&gt;Tipo Cobranca&lt;/td&gt;
		&lt;td class="tabelatd1"&gt;11/10/2018&lt;/td&gt;
		&lt;td class="tabelatd1"&gt;110.00&lt;/td&gt;
		&lt;td class="tabelatd1"&gt;10/10/2018 00:00:00&lt;/td&gt;
		&lt;td class="tabelatd1"&gt;Fulano de Tal (111.111.111-11)&lt;/td&gt;
		&lt;td class="tabelatd1"&gt;0F&lt;/td&gt;
		&lt;td class="tabelatd1"&gt;Patrimonial&lt;/td&gt;
	&lt;/tr&gt;
	&lt;tr&gt;
		&lt;td class="tabelatd2"&gt;303&lt;/td&gt;
		&lt;td class="tabelatd2"&gt;Tipo Cobranca&lt;/td&gt;
		&lt;td class="tabelatd2"&gt;11/10/2018&lt;/td&gt;
		&lt;td class="tabelatd2"&gt;110.00&lt;/td&gt;
		&lt;td class="tabelatd2"&gt;10/10/2018 00:00:00&lt;/td&gt;
		&lt;td class="tabelatd2"&gt;Fulano de Tal (111.111.111-11)&lt;/td&gt;
		&lt;td class="tabelatd2"&gt;0F&lt;/td&gt;
		&lt;td class="tabelatd2"&gt;Patrimonial&lt;/td&gt;
	&lt;/tr&gt;
	&lt;tr&gt;
		&lt;td class="tabelatd1"&gt;332&lt;/td&gt;
		&lt;td class="tabelatd1"&gt;Tipo Cobranca&lt;/td&gt;
		&lt;td class="tabelatd1"&gt;11/10/2018&lt;/td&gt;
		&lt;td class="tabelatd1"&gt;110.00&lt;/td&gt;
		&lt;td class="tabelatd1"&gt;10/10/2018 00:00:00&lt;/td&gt;
		&lt;td class="tabelatd1"&gt;Fulano de Tal (111.111.111-11)&lt;/td&gt;
		&lt;td class="tabelatd1"&gt;0F&lt;/td&gt;
		&lt;td class="tabelatd1"&gt;Patrimonial&lt;/td&gt;
	&lt;/tr&gt;
	&lt;tr&gt;
		&lt;td class="tabelatd2"&gt;357&lt;/td&gt;
		&lt;td class="tabelatd2"&gt;Tipo Cobranca&lt;/td&gt;
		&lt;td class="tabelatd2"&gt;11/10/2018&lt;/td&gt;
		&lt;td class="tabelatd2"&gt;110.00&lt;/td&gt;
		&lt;td class="tabelatd2"&gt;10/10/2018 00:00:00&lt;/td&gt;
		&lt;td class="tabelatd2"&gt;Fulano de Tal (652.392.539-00)&lt;/td&gt;
		&lt;td class="tabelatd2"&gt;1&lt;/td&gt;
		&lt;td class="tabelatd2"&gt;Patrimonial&lt;/td&gt;
	&lt;/tr&gt;
	&lt;tr&gt;
		&lt;td class="tabelatd1"&gt;358&lt;/td&gt;
		&lt;td class="tabelatd1"&gt;Tipo Cobranca&lt;/td&gt;
		&lt;td class="tabelatd1"&gt;11/10/2018&lt;/td&gt;
		&lt;td class="tabelatd1"&gt;110.00&lt;/td&gt;
		&lt;td class="tabelatd1"&gt;10/10/2018 00:00:00&lt;/td&gt;
		&lt;td class="tabelatd1"&gt;Fulano de Tal (652.392.539-00)&lt;/td&gt;
		&lt;td class="tabelatd1"&gt;1&lt;/td&gt;
		&lt;td class="tabelatd1"&gt;Patrimonial&lt;/td&gt;
	&lt;/tr&gt;
	&lt;tr&gt;
		&lt;td class="tabelatd2"&gt;359&lt;/td&gt;
		&lt;td class="tabelatd2"&gt;Tipo Cobranca&lt;/td&gt;
		&lt;td class="tabelatd2"&gt;11/10/2018&lt;/td&gt;
		&lt;td class="tabelatd2"&gt;110.00&lt;/td&gt;
		&lt;td class="tabelatd2"&gt;10/10/2018 00:00:00&lt;/td&gt;
		&lt;td class="tabelatd2"&gt;Fulano de Tal (652.392.539-00)&lt;/td&gt;
		&lt;td class="tabelatd2"&gt;1&lt;/td&gt;
		&lt;td class="tabelatd2"&gt;Patrimonial&lt;/td&gt;
	&lt;/tr&gt;
	&lt;tr&gt;
		&lt;td class="tabelatd1"&gt;360&lt;/td&gt;
		&lt;td class="tabelatd1"&gt;Tipo Cobranca&lt;/td&gt;
		&lt;td class="tabelatd1"&gt;11/10/2018&lt;/td&gt;
		&lt;td class="tabelatd1"&gt;110.00&lt;/td&gt;
		&lt;td class="tabelatd1"&gt;10/10/2018 00:00:00&lt;/td&gt;
		&lt;td class="tabelatd1"&gt;Fulano de Tal (652.392.539-00)&lt;/td&gt;
		&lt;td class="tabelatd1"&gt;1&lt;/td&gt;
		&lt;td class="tabelatd1"&gt;Patrimonial&lt;/td&gt;
	&lt;/tr&gt;
	&lt;tr&gt;
		&lt;td class="tabelatd2"&gt;361&lt;/td&gt;
		&lt;td class="tabelatd2"&gt;Tipo Cobranca&lt;/td&gt;
		&lt;td class="tabelatd2"&gt;11/10/2018&lt;/td&gt;
		&lt;td class="tabelatd2"&gt;110.00&lt;/td&gt;
		&lt;td class="tabelatd2"&gt;10/10/2018 00:00:00&lt;/td&gt;
		&lt;td class="tabelatd2"&gt;Fulano de Tal (652.392.539-00)&lt;/td&gt;
		&lt;td class="tabelatd2"&gt;1&lt;/td&gt;
		&lt;td class="tabelatd2"&gt;Patrimonial&lt;/td&gt;
	&lt;/tr&gt;
	&lt;tr&gt;
		&lt;td class="tabelatd1"&gt;362&lt;/td&gt;
		&lt;td class="tabelatd1"&gt;Tipo Cobranca&lt;/td&gt;
		&lt;td class="tabelatd1"&gt;11/10/2018&lt;/td&gt;
		&lt;td class="tabelatd1"&gt;110.00&lt;/td&gt;
		&lt;td class="tabelatd1"&gt;10/10/2018 00:00:00&lt;/td&gt;
		&lt;td class="tabelatd1"&gt;Fulano de Tal (652.392.539-00)&lt;/td&gt;
		&lt;td class="tabelatd1"&gt;1&lt;/td&gt;
		&lt;td class="tabelatd1"&gt;Patrimonial&lt;/td&gt;
	&lt;/tr&gt;
	&lt;tr&gt;
		&lt;td class="tabelatd2"&gt;381&lt;/td&gt;
		&lt;td class="tabelatd2"&gt;Tipo Cobranca&lt;/td&gt;
		&lt;td class="tabelatd2"&gt;11/10/2018&lt;/td&gt;
		&lt;td class="tabelatd2"&gt;110.00&lt;/td&gt;
		&lt;td class="tabelatd2"&gt;10/10/2018 00:00:00&lt;/td&gt;
		&lt;td class="tabelatd2"&gt;Fulano de Tal (652.392.539-00)&lt;/td&gt;
		&lt;td class="tabelatd2"&gt;1&lt;/td&gt;
		&lt;td class="tabelatd2"&gt;Patrimonial&lt;/td&gt;
	&lt;/tr&gt;
	&lt;tr&gt;
		&lt;td class="tabelatd1"&gt;384&lt;/td&gt;
		&lt;td class="tabelatd1"&gt;Tipo Cobranca&lt;/td&gt;
		&lt;td class="tabelatd1"&gt;11/10/2018&lt;/td&gt;
		&lt;td class="tabelatd1"&gt;110.00&lt;/td&gt;
		&lt;td class="tabelatd1"&gt;10/10/2018 00:00:00&lt;/td&gt;
		&lt;td class="tabelatd1"&gt;Fulano de Tal (652.392.539-00)&lt;/td&gt;
		&lt;td class="tabelatd1"&gt;1&lt;/td&gt;
		&lt;td class="tabelatd1"&gt;Patrimonial&lt;/td&gt;
	&lt;/tr&gt;
	&lt;tr&gt;
		&lt;td class="tabelatd2"&gt;385&lt;/td&gt;
		&lt;td class="tabelatd2"&gt;Tipo Cobranca&lt;/td&gt;
		&lt;td class="tabelatd2"&gt;11/10/2018&lt;/td&gt;
		&lt;td class="tabelatd2"&gt;110.00&lt;/td&gt;
		&lt;td class="tabelatd2"&gt;10/10/2018 00:00:00&lt;/td&gt;
		&lt;td class="tabelatd2"&gt;Fulano de Tal (652.392.539-00)&lt;/td&gt;
		&lt;td class="tabelatd2"&gt;1&lt;/td&gt;
		&lt;td class="tabelatd2"&gt;Patrimonial&lt;/td&gt;
	&lt;/tr&gt;
	&lt;tr&gt;
		&lt;td class="tabelatd1"&gt;386&lt;/td&gt;
		&lt;td class="tabelatd1"&gt;Tipo Cobranca&lt;/td&gt;
		&lt;td class="tabelatd1"&gt;11/10/2018&lt;/td&gt;
		&lt;td class="tabelatd1"&gt;110.00&lt;/td&gt;
		&lt;td class="tabelatd1"&gt;10/10/2018 00:00:00&lt;/td&gt;
		&lt;td class="tabelatd1"&gt;Fulano de Tal (652.392.539-00)&lt;/td&gt;
		&lt;td class="tabelatd1"&gt;1&lt;/td&gt;
		&lt;td class="tabelatd1"&gt;Patrimonial&lt;/td&gt;
	&lt;/tr&gt;
	&lt;tr&gt;
		&lt;td class="tabelatd2"&gt;387&lt;/td&gt;
		&lt;td class="tabelatd2"&gt;Tipo Cobranca&lt;/td&gt;
		&lt;td class="tabelatd2"&gt;11/10/2018&lt;/td&gt;
		&lt;td class="tabelatd2"&gt;110.00&lt;/td&gt;
		&lt;td class="tabelatd2"&gt;10/10/2018 00:00:00&lt;/td&gt;
		&lt;td class="tabelatd2"&gt;Fulano de Tal (652.392.539-00)&lt;/td&gt;
		&lt;td class="tabelatd2"&gt;1&lt;/td&gt;
		&lt;td class="tabelatd2"&gt;Patrimonial&lt;/td&gt;
	&lt;/tr&gt;
	&lt;tr&gt;
		&lt;td class="tabelatd1"&gt;388&lt;/td&gt;
		&lt;td class="tabelatd1"&gt;Tipo Cobranca&lt;/td&gt;
		&lt;td class="tabelatd1"&gt;11/10/2018&lt;/td&gt;
		&lt;td class="tabelatd1"&gt;110.00&lt;/td&gt;
		&lt;td class="tabelatd1"&gt;10/10/2018 00:00:00&lt;/td&gt;
		&lt;td class="tabelatd1"&gt;Fulano de Tal (652.392.539-00)&lt;/td&gt;
		&lt;td class="tabelatd1"&gt;1&lt;/td&gt;
		&lt;td class="tabelatd1"&gt;Patrimonial&lt;/td&gt;
	&lt;/tr&gt;
	&lt;tr&gt;
		&lt;td class="tabelatd2"&gt;389&lt;/td&gt;
		&lt;td class="tabelatd2"&gt;Tipo Cobranca&lt;/td&gt;
		&lt;td class="tabelatd2"&gt;11/10/2018&lt;/td&gt;
		&lt;td class="tabelatd2"&gt;110.00&lt;/td&gt;
		&lt;td class="tabelatd2"&gt;10/10/2018 00:00:00&lt;/td&gt;
		&lt;td class="tabelatd2"&gt;Fulano de Tal (652.392.539-00)&lt;/td&gt;
		&lt;td class="tabelatd2"&gt;1&lt;/td&gt;
		&lt;td class="tabelatd2"&gt;Patrimonial&lt;/td&gt;
	&lt;/tr&gt;
	&lt;tr&gt;
		&lt;td class="tabelatd1"&gt;390&lt;/td&gt;
		&lt;td class="tabelatd1"&gt;Tipo Cobranca&lt;/td&gt;
		&lt;td class="tabelatd1"&gt;11/10/2018&lt;/td&gt;
		&lt;td class="tabelatd1"&gt;110.00&lt;/td&gt;
		&lt;td class="tabelatd1"&gt;10/10/2018 00:00:00&lt;/td&gt;
		&lt;td class="tabelatd1"&gt;Fulano de Tal (652.392.539-00)&lt;/td&gt;
		&lt;td class="tabelatd1"&gt;1&lt;/td&gt;
		&lt;td class="tabelatd1"&gt;Patrimonial&lt;/td&gt;
	&lt;/tr&gt;
	&lt;tr&gt;
		&lt;td class="tabelatd2"&gt;391&lt;/td&gt;
		&lt;td class="tabelatd2"&gt;Tipo Cobranca&lt;/td&gt;
		&lt;td class="tabelatd2"&gt;11/10/2018&lt;/td&gt;
		&lt;td class="tabelatd2"&gt;110.00&lt;/td&gt;
		&lt;td class="tabelatd2"&gt;10/10/2018 00:00:00&lt;/td&gt;
		&lt;td class="tabelatd2"&gt;Fulano de Tal (652.392.539-00)&lt;/td&gt;
		&lt;td class="tabelatd2"&gt;1&lt;/td&gt;
		&lt;td class="tabelatd2"&gt;Patrimonial&lt;/td&gt;
	&lt;/tr&gt;
	&lt;tr&gt;
		&lt;td class="tabelatd1"&gt;392&lt;/td&gt;
		&lt;td class="tabelatd1"&gt;Tipo Cobranca&lt;/td&gt;
		&lt;td class="tabelatd1"&gt;11/10/2018&lt;/td&gt;
		&lt;td class="tabelatd1"&gt;110.00&lt;/td&gt;
		&lt;td class="tabelatd1"&gt;10/10/2018 00:00:00&lt;/td&gt;
		&lt;td class="tabelatd1"&gt;Fulano de Tal (652.392.539-00)&lt;/td&gt;
		&lt;td class="tabelatd1"&gt;1&lt;/td&gt;
		&lt;td class="tabelatd1"&gt;Patrimonial&lt;/td&gt;
	&lt;/tr&gt;
	&lt;tr&gt;
		&lt;td class="tabelatd2"&gt;393&lt;/td&gt;
		&lt;td class="tabelatd2"&gt;Tipo Cobranca&lt;/td&gt;
		&lt;td class="tabelatd2"&gt;11/10/2018&lt;/td&gt;
		&lt;td class="tabelatd2"&gt;110.00&lt;/td&gt;
		&lt;td class="tabelatd2"&gt;10/10/2018 00:00:00&lt;/td&gt;
		&lt;td class="tabelatd2"&gt;Fulano de Tal (652.392.539-00)&lt;/td&gt;
		&lt;td class="tabelatd2"&gt;1&lt;/td&gt;
		&lt;td class="tabelatd2"&gt;Patrimonial&lt;/td&gt;
	&lt;/tr&gt;
	&lt;tr&gt;
		&lt;td class="tabelatd1"&gt;394&lt;/td&gt;
		&lt;td class="tabelatd1"&gt;Tipo Cobranca&lt;/td&gt;
		&lt;td class="tabelatd1"&gt;11/10/2018&lt;/td&gt;
		&lt;td class="tabelatd1"&gt;110.00&lt;/td&gt;
		&lt;td class="tabelatd1"&gt;10/10/2018 00:00:00&lt;/td&gt;
		&lt;td class="tabelatd1"&gt;Fulano de Tal (652.392.539-00)&lt;/td&gt;
		&lt;td class="tabelatd1"&gt;1&lt;/td&gt;
		&lt;td class="tabelatd1"&gt;Patrimonial&lt;/td&gt;
	&lt;/tr&gt;
	&lt;tr&gt;
		&lt;td class="tabelatd2"&gt;395&lt;/td&gt;
		&lt;td class="tabelatd2"&gt;Tipo Cobranca&lt;/td&gt;
		&lt;td class="tabelatd2"&gt;11/10/2018&lt;/td&gt;
		&lt;td class="tabelatd2"&gt;110.00&lt;/td&gt;
		&lt;td class="tabelatd2"&gt;10/10/2018 00:00:00&lt;/td&gt;
		&lt;td class="tabelatd2"&gt;Fulano de Tal (652.392.539-00)&lt;/td&gt;
		&lt;td class="tabelatd2"&gt;1&lt;/td&gt;
		&lt;td class="tabelatd2"&gt;Patrimonial&lt;/td&gt;
	&lt;/tr&gt;
	&lt;tr&gt;
		&lt;td class="tabelatd1"&gt;415&lt;/td&gt;
		&lt;td class="tabelatd1"&gt;Tipo Cobranca&lt;/td&gt;
		&lt;td class="tabelatd1"&gt;11/10/2018&lt;/td&gt;
		&lt;td class="tabelatd1"&gt;110.00&lt;/td&gt;
		&lt;td class="tabelatd1"&gt;10/10/2018 00:00:00&lt;/td&gt;
		&lt;td class="tabelatd1"&gt;Fulano de Tal (652.392.539-00)&lt;/td&gt;
		&lt;td class="tabelatd1"&gt;1&lt;/td&gt;
		&lt;td class="tabelatd1"&gt;Patrimonial&lt;/td&gt;
	&lt;/tr&gt;
	&lt;tr&gt;
		&lt;td class="tabelatd2"&gt;418&lt;/td&gt;
		&lt;td class="tabelatd2"&gt;Tipo Cobranca&lt;/td&gt;
		&lt;td class="tabelatd2"&gt;11/10/2018&lt;/td&gt;
		&lt;td class="tabelatd2"&gt;110.00&lt;/td&gt;
		&lt;td class="tabelatd2"&gt;10/10/2018 00:00:00&lt;/td&gt;
		&lt;td class="tabelatd2"&gt;Fulano de Tal (652.392.539-00)&lt;/td&gt;
		&lt;td class="tabelatd2"&gt;1&lt;/td&gt;
		&lt;td class="tabelatd2"&gt;Patrimonial&lt;/td&gt;
	&lt;/tr&gt;
	&lt;tr&gt;
		&lt;td class="tabelatd1"&gt;419&lt;/td&gt;
		&lt;td class="tabelatd1"&gt;Tipo Cobranca&lt;/td&gt;
		&lt;td class="tabelatd1"&gt;11/10/2018&lt;/td&gt;
		&lt;td class="tabelatd1"&gt;110.00&lt;/td&gt;
		&lt;td class="tabelatd1"&gt;10/10/2018 00:00:00&lt;/td&gt;
		&lt;td class="tabelatd1"&gt;Fulano de Tal (652.392.539-00)&lt;/td&gt;
		&lt;td class="tabelatd1"&gt;1&lt;/td&gt;
		&lt;td class="tabelatd1"&gt;Patrimonial&lt;/td&gt;
	&lt;/tr&gt;
	&lt;tr&gt;
		&lt;td class="tabelatd2"&gt;420&lt;/td&gt;
		&lt;td class="tabelatd2"&gt;Tipo Cobranca&lt;/td&gt;
		&lt;td class="tabelatd2"&gt;11/10/2018&lt;/td&gt;
		&lt;td class="tabelatd2"&gt;110.00&lt;/td&gt;
		&lt;td class="tabelatd2"&gt;10/10/2018 00:00:00&lt;/td&gt;
		&lt;td class="tabelatd2"&gt;Fulano de Tal (652.392.539-00)&lt;/td&gt;
		&lt;td class="tabelatd2"&gt;1&lt;/td&gt;
		&lt;td class="tabelatd2"&gt;Patrimonial&lt;/td&gt;
	&lt;/tr&gt;
	&lt;tr&gt;
		&lt;td class="tabelatd1"&gt;421&lt;/td&gt;
		&lt;td class="tabelatd1"&gt;Tipo Cobranca&lt;/td&gt;
		&lt;td class="tabelatd1"&gt;11/10/2018&lt;/td&gt;
		&lt;td class="tabelatd1"&gt;110.00&lt;/td&gt;
		&lt;td class="tabelatd1"&gt;10/10/2018 00:00:00&lt;/td&gt;
		&lt;td class="tabelatd1"&gt;Fulano de Tal (652.392.539-00)&lt;/td&gt;
		&lt;td class="tabelatd1"&gt;1&lt;/td&gt;
		&lt;td class="tabelatd1"&gt;Patrimonial&lt;/td&gt;
	&lt;/tr&gt;
	&lt;tr&gt;
		&lt;td class="tabelatd2"&gt;422&lt;/td&gt;
		&lt;td class="tabelatd2"&gt;Tipo Cobranca&lt;/td&gt;
		&lt;td class="tabelatd2"&gt;11/10/2018&lt;/td&gt;
		&lt;td class="tabelatd2"&gt;110.00&lt;/td&gt;
		&lt;td class="tabelatd2"&gt;10/10/2018 00:00:00&lt;/td&gt;
		&lt;td class="tabelatd2"&gt;Fulano de Tal (652.392.539-00)&lt;/td&gt;
		&lt;td class="tabelatd2"&gt;1&lt;/td&gt;
		&lt;td class="tabelatd2"&gt;Patrimonial&lt;/td&gt;
	&lt;/tr&gt;
	&lt;tr&gt;
		&lt;td class="tabelatd1"&gt;423&lt;/td&gt;
		&lt;td class="tabelatd1"&gt;Tipo Cobranca&lt;/td&gt;
		&lt;td class="tabelatd1"&gt;11/10/2018&lt;/td&gt;
		&lt;td class="tabelatd1"&gt;110.00&lt;/td&gt;
		&lt;td class="tabelatd1"&gt;10/10/2018 00:00:00&lt;/td&gt;
		&lt;td class="tabelatd1"&gt;Fulano de Tal (652.392.539-00)&lt;/td&gt;
		&lt;td class="tabelatd1"&gt;1&lt;/td&gt;
		&lt;td class="tabelatd1"&gt;Patrimonial&lt;/td&gt;
	&lt;/tr&gt;
	&lt;tr&gt;
		&lt;td class="tabelatd2"&gt;424&lt;/td&gt;
		&lt;td class="tabelatd2"&gt;Tipo Cobranca&lt;/td&gt;
		&lt;td class="tabelatd2"&gt;11/10/2018&lt;/td&gt;
		&lt;td class="tabelatd2"&gt;110.00&lt;/td&gt;
		&lt;td class="tabelatd2"&gt;10/10/2018 00:00:00&lt;/td&gt;
		&lt;td class="tabelatd2"&gt;Fulano de Tal (652.392.539-00)&lt;/td&gt;
		&lt;td class="tabelatd2"&gt;1&lt;/td&gt;
		&lt;td class="tabelatd2"&gt;Patrimonial&lt;/td&gt;
	&lt;/tr&gt;
	&lt;tr&gt;
		&lt;td class="tabelatd1"&gt;425&lt;/td&gt;
		&lt;td class="tabelatd1"&gt;Tipo Cobranca&lt;/td&gt;
		&lt;td class="tabelatd1"&gt;11/10/2018&lt;/td&gt;
		&lt;td class="tabelatd1"&gt;110.00&lt;/td&gt;
		&lt;td class="tabelatd1"&gt;10/10/2018 00:00:00&lt;/td&gt;
		&lt;td class="tabelatd1"&gt;Fulano de Tal (652.392.539-00)&lt;/td&gt;
		&lt;td class="tabelatd1"&gt;1&lt;/td&gt;
		&lt;td class="tabelatd1"&gt;Patrimonial&lt;/td&gt;
	&lt;/tr&gt;
	&lt;tr&gt;
		&lt;td class="tabelatd2"&gt;426&lt;/td&gt;
		&lt;td class="tabelatd2"&gt;Tipo Cobranca&lt;/td&gt;
		&lt;td class="tabelatd2"&gt;11/10/2018&lt;/td&gt;
		&lt;td class="tabelatd2"&gt;110.00&lt;/td&gt;
		&lt;td class="tabelatd2"&gt;10/10/2018 00:00:00&lt;/td&gt;
		&lt;td class="tabelatd2"&gt;Fulano de Tal (652.392.539-00)&lt;/td&gt;
		&lt;td class="tabelatd2"&gt;1&lt;/td&gt;
		&lt;td class="tabelatd2"&gt;Patrimonial&lt;/td&gt;
	&lt;/tr&gt;
	&lt;tr&gt;
		&lt;td class="tabelatd1"&gt;427&lt;/td&gt;
		&lt;td class="tabelatd1"&gt;Tipo Cobranca&lt;/td&gt;
		&lt;td class="tabelatd1"&gt;11/10/2018&lt;/td&gt;
		&lt;td class="tabelatd1"&gt;110.00&lt;/td&gt;
		&lt;td class="tabelatd1"&gt;10/10/2018 00:00:00&lt;/td&gt;
		&lt;td class="tabelatd1"&gt;Fulano de Tal (652.392.539-00)&lt;/td&gt;
		&lt;td class="tabelatd1"&gt;1&lt;/td&gt;
		&lt;td class="tabelatd1"&gt;Patrimonial&lt;/td&gt;
	&lt;/tr&gt;
	&lt;tr&gt;
		&lt;td class="tabelatd2"&gt;428&lt;/td&gt;
		&lt;td class="tabelatd2"&gt;Tipo Cobranca&lt;/td&gt;
		&lt;td class="tabelatd2"&gt;11/10/2018&lt;/td&gt;
		&lt;td class="tabelatd2"&gt;110.00&lt;/td&gt;
		&lt;td class="tabelatd2"&gt;10/10/2018 00:00:00&lt;/td&gt;
		&lt;td class="tabelatd2"&gt;Fulano de Tal (652.392.539-00)&lt;/td&gt;
		&lt;td class="tabelatd2"&gt;1&lt;/td&gt;
		&lt;td class="tabelatd2"&gt;Patrimonial&lt;/td&gt;
	&lt;/tr&gt;
	&lt;tr&gt;
		&lt;td class="tabelatd1"&gt;429&lt;/td&gt;
		&lt;td class="tabelatd1"&gt;Tipo Cobranca&lt;/td&gt;
		&lt;td class="tabelatd1"&gt;11/10/2018&lt;/td&gt;
		&lt;td class="tabelatd1"&gt;110.00&lt;/td&gt;
		&lt;td class="tabelatd1"&gt;10/10/2018 00:00:00&lt;/td&gt;
		&lt;td class="tabelatd1"&gt;Fulano de Tal (652.392.539-00)&lt;/td&gt;
		&lt;td class="tabelatd1"&gt;1&lt;/td&gt;
		&lt;td class="tabelatd1"&gt;Patrimonial&lt;/td&gt;
	&lt;/tr&gt;
	&lt;tr&gt;
		&lt;td class="tabelatd2"&gt;430&lt;/td&gt;
		&lt;td class="tabelatd2"&gt;Tipo Cobranca&lt;/td&gt;
		&lt;td class="tabelatd2"&gt;11/10/2018&lt;/td&gt;
		&lt;td class="tabelatd2"&gt;110.00&lt;/td&gt;
		&lt;td class="tabelatd2"&gt;10/10/2018 00:00:00&lt;/td&gt;
		&lt;td class="tabelatd2"&gt;Fulano de Tal (652.392.539-00)&lt;/td&gt;
		&lt;td class="tabelatd2"&gt;1&lt;/td&gt;
		&lt;td class="tabelatd2"&gt;Patrimonial&lt;/td&gt;
	&lt;/tr&gt;
	&lt;tr&gt;
		&lt;td class="tabelatd1"&gt;383&lt;/td&gt;
		&lt;td class="tabelatd1"&gt;Tipo Cobranca&lt;/td&gt;
		&lt;td class="tabelatd1"&gt;11/10/2018&lt;/td&gt;
		&lt;td class="tabelatd1"&gt;110.00&lt;/td&gt;
		&lt;td class="tabelatd1"&gt;10/10/2018 00:00:00&lt;/td&gt;
		&lt;td class="tabelatd1"&gt;Cicrano de Tal (222.222.222-22)&lt;/td&gt;
		&lt;td class="tabelatd1"&gt;23F&lt;/td&gt;
		&lt;td class="tabelatd1"&gt;Patrimonial&lt;/td&gt;
	&lt;/tr&gt;
	&lt;tr&gt;
		&lt;td class="tabelatd2"&gt;417&lt;/td&gt;
		&lt;td class="tabelatd2"&gt;Tipo Cobranca&lt;/td&gt;
		&lt;td class="tabelatd2"&gt;11/10/2018&lt;/td&gt;
		&lt;td class="tabelatd2"&gt;110.00&lt;/td&gt;
		&lt;td class="tabelatd2"&gt;10/10/2018 00:00:00&lt;/td&gt;
		&lt;td class="tabelatd2"&gt;Cicrano de Tal (222.222.222-22)&lt;/td&gt;
		&lt;td class="tabelatd2"&gt;23F&lt;/td&gt;
		&lt;td class="tabelatd2"&gt;Patrimonial&lt;/td&gt;
	&lt;/tr&gt;
	&lt;tr&gt;
		&lt;td class="tabelatd1"&gt;382&lt;/td&gt;
		&lt;td class="tabelatd1"&gt;Tipo Cobranca&lt;/td&gt;
		&lt;td class="tabelatd1"&gt;11/10/2018&lt;/td&gt;
		&lt;td class="tabelatd1"&gt;110.00&lt;/td&gt;
		&lt;td class="tabelatd1"&gt;10/10/2018 00:00:00&lt;/td&gt;
		&lt;td class="tabelatd1"&gt;Beltrano da Silva (333.333.333-33)&lt;/td&gt;
		&lt;td class="tabelatd1"&gt;0F&lt;/td&gt;
		&lt;td class="tabelatd1"&gt;Patrimonial&lt;/td&gt;
	&lt;/tr&gt;
	&lt;tr&gt;
		&lt;td class="tabelatd2"&gt;416&lt;/td&gt;
		&lt;td class="tabelatd2"&gt;Tipo Cobranca&lt;/td&gt;
		&lt;td class="tabelatd2"&gt;11/10/2018&lt;/td&gt;
		&lt;td class="tabelatd2"&gt;110.00&lt;/td&gt;
		&lt;td class="tabelatd2"&gt;10/10/2018 00:00:00&lt;/td&gt;
		&lt;td class="tabelatd2"&gt;Beltrano da Silva (333.333.333-33)&lt;/td&gt;
		&lt;td class="tabelatd2"&gt;0F&lt;/td&gt;
		&lt;td class="tabelatd2"&gt;Patrimonial&lt;/td&gt;
	&lt;/tr&gt;
	&lt;tr&gt;
		&lt;td class="tabelatd1"&gt;363&lt;/td&gt;
		&lt;td class="tabelatd1"&gt;Tipo Cobranca&lt;/td&gt;
		&lt;td class="tabelatd1"&gt;11/10/2018&lt;/td&gt;
		&lt;td class="tabelatd1"&gt;110.00&lt;/td&gt;
		&lt;td class="tabelatd1"&gt;10/10/2018 00:00:00&lt;/td&gt;
		&lt;td class="tabelatd1"&gt;Fulano de Tal (111.111.111-11)&lt;/td&gt;
		&lt;td class="tabelatd1"&gt;0F&lt;/td&gt;
		&lt;td class="tabelatd1"&gt;Patrimonial&lt;/td&gt;
	&lt;/tr&gt;
	&lt;tr&gt;
		&lt;td class="tabelatd2"&gt;396&lt;/td&gt;
		&lt;td class="tabelatd2"&gt;Tipo Cobranca&lt;/td&gt;
		&lt;td class="tabelatd2"&gt;11/10/2018&lt;/td&gt;
		&lt;td class="tabelatd2"&gt;110.00&lt;/td&gt;
		&lt;td class="tabelatd2"&gt;10/10/2018 00:00:00&lt;/td&gt;
		&lt;td class="tabelatd2"&gt;Fulano de Tal (111.111.111-11)&lt;/td&gt;
		&lt;td class="tabelatd2"&gt;0F&lt;/td&gt;
		&lt;td class="tabelatd2"&gt;Patrimonial&lt;/td&gt;
	&lt;/tr&gt;
	&lt;tr&gt;
		&lt;td class="tabelatd1"&gt;431&lt;/td&gt;
		&lt;td class="tabelatd1"&gt;Tipo Cobranca&lt;/td&gt;
		&lt;td class="tabelatd1"&gt;11/10/2018&lt;/td&gt;
		&lt;td class="tabelatd1"&gt;110.00&lt;/td&gt;
		&lt;td class="tabelatd1"&gt;10/10/2018 00:00:00&lt;/td&gt;
		&lt;td class="tabelatd1"&gt;Fulano de Tal (111.111.111-11)&lt;/td&gt;
		&lt;td class="tabelatd1"&gt;0F&lt;/td&gt;
		&lt;td class="tabelatd1"&gt;Patrimonial&lt;/td&gt;
	&lt;/tr&gt;
	&lt;tr&gt;
		&lt;td class="tabelatd2"&gt;&lt;/td&gt;
		&lt;td class="tabelatd2"&gt;Total&lt;/td&gt;
		&lt;td class="tabelatd2"&gt;&lt;/td&gt;
		&lt;td class="tabelatd2"&gt;47100.00&lt;/td&gt;
		&lt;td class="tabelatd2"&gt;&lt;/td&gt;
		&lt;td class="tabelatd2"&gt;&lt;/td&gt;
		&lt;td class="tabelatd2"&gt;&lt;/td&gt;
		&lt;td class="tabelatd2"&gt;&lt;/td&gt;
	&lt;/tr&gt;
&lt;/Table&gt;
&lt;h3&gt;Número de registros na lista: 432&lt;/h3&gt;
&lt;/div&gt;
&lt;input type="button" onclick="imprimirDiv('divCOBRANCA', this);" value="Imprimir lista"&gt;&lt;div id='divCOBRANCA'&gt;
&lt;Table class="tabela" width="100%" border="1" cellpadding="3" cellspacing="0"&gt;
&lt;tr&gt;
&lt;th class="tabelath" border="1"&gt;PARCELA&lt;/th&gt;
&lt;th class="tabelath" border="1"&gt;DESCRICAO&lt;/th&gt;
&lt;th class="tabelath" border="1"&gt;DATA_VENCIMENTO&lt;/th&gt;
&lt;th class="tabelath" border="1"&gt;VALOR_NOMINAL&lt;/th&gt;
&lt;th class="tabelath" border="1"&gt;DATA_REGISTRO_PARCELA&lt;/th&gt;
&lt;th class="tabelath" border="1"&gt;ASSOCIADO&lt;/th&gt;
&lt;th class="tabelath" border="1"&gt;NUMERO_TITULO&lt;/th&gt;
&lt;th class="tabelath" border="1"&gt;TIPO&lt;/th&gt;
&lt;/tr&gt;
&lt;/Table&gt;
&lt;h3&gt;Número de registros na lista: 0&lt;/h3&gt;
&lt;/div&gt;
</system-out>
      </testcase>
      <testcase name="testGravar" class="DaoCadastraParcelasTest" classname="DaoCadastraParcelasTest" file="C:\Apache24\htdocs\Associacao\tests\controller\DaoCadastraParcelasTest.php" line="73" assertions="2" time="0.071065"/>
      <testcase name="testGravarVarios" class="DaoCadastraParcelasTest" classname="DaoCadastraParcelasTest" file="C:\Apache24\htdocs\Associacao\tests\controller\DaoCadastraParcelasTest.php" line="83" assertions="2" time="0.086846">
        <warning type="PHPUnit\Framework\Warning">DaoCadastraParcelasTest::testGravarVarios
Trying to @cover or @use not existing method "DaoCadastraParcelas::gravarVarios".

</warning>
      </testcase>
    </testsuite>
    <testsuite name="DaoControleAssociadoTest" file="C:\Apache24\htdocs\Associacao\tests\controller\DaoControleAssociadoTest.php" tests="11" assertions="11" errors="0" failures="0" skipped="0" time="0.322062">
      <testcase name="testGetTabela" class="DaoControleAssociadoTest" classname="DaoControleAssociadoTest" file="C:\Apache24\htdocs\Associacao\tests\controller\DaoControleAssociadoTest.php" line="40" assertions="1" time="0.020984"/>
      <testcase name="testGetClassModel" class="DaoControleAssociadoTest" classname="DaoControleAssociadoTest" file="C:\Apache24\htdocs\Associacao\tests\controller\DaoControleAssociadoTest.php" line="48" assertions="1" time="0.031787"/>
      <testcase name="testGetClassView" class="DaoControleAssociadoTest" classname="DaoControleAssociadoTest" file="C:\Apache24\htdocs\Associacao\tests\controller\DaoControleAssociadoTest.php" line="56" assertions="1" time="0.017558"/>
      <testcase name="testExecutaView" class="DaoControleAssociadoTest" classname="DaoControleAssociadoTest" file="C:\Apache24\htdocs\Associacao\tests\controller\DaoControleAssociadoTest.php" line="64" assertions="1" time="0.042286">
        <system-out>﻿﻿&lt;!DOCTYPE html&gt;
&lt;html&gt;
    &lt;head&gt;
                        &lt;title&gt;Controle de associados&lt;/title&gt;
    &lt;/head&gt;
&lt;body&gt;
&lt;center&gt;&lt;div&gt;&lt;h1 class="tituloCadastro"&gt;Controle de associados &lt;/h1&gt;&lt;/div&gt;&lt;/center&gt;

&lt;form id="cadastro" name="cadastro" method="post" enctype="multipart/form-data" action="" onsubmit="return ValidaCamposAssociado(); return false;"&gt;
  &lt;table class="tabelaCadastro"&gt;
    &lt;tr&gt;
      &lt;td class="labelCadastro"&gt;Código:&lt;/td&gt;
      &lt;td class="campoCadastro" colspan="3"&gt;&lt;div class='campoID' name='labelID' id='labelID'&gt;&amp;nbsp;&lt;/div&gt;&lt;input class='campo' name='id' type='hidden' id='id' value='' /&gt;&lt;/td&gt;
    &lt;/tr&gt;
    &lt;tr&gt;
      &lt;td class="labelCadastro"&gt;Nome&amp;nbspdo&amp;nbspassociado:&lt;/td&gt;
      &lt;td class="campoCadastro"&gt;&lt;input class="campo" name="nome" type="text" onblur="ValidaCampo(this);" id="nome" size="50" maxlength="100" value="" /&gt;
        &lt;span class="campoObrigatorio"&gt;*&lt;/span&gt;&lt;/td&gt;
      &lt;td class="labelCadastro"&gt;Gênero:&lt;/td&gt;
      &lt;td class="campoCadastro"&gt;&lt;select class="campo" name="genero" id="genero" onblur="ValidaCampo(this);"&gt;  &lt;option&gt;[Selecione...]&lt;/option&gt;
  &lt;option value="1"&gt;Feminino&lt;/option&gt;
  &lt;option value="2"&gt;Masculino&lt;/option&gt;
  &lt;option value="3"&gt;Outro&lt;/option&gt;
&lt;/select&gt;
        &lt;span class="campoObrigatorio"&gt;*&lt;/span&gt;&lt;/td&gt;
    &lt;/tr&gt;
    &lt;tr&gt;
      &lt;td class="labelCadastro"&gt;Endereço:&lt;/td&gt;
      &lt;td class="campoCadastro" colspan="3"&gt;&lt;input class="campo" name="endereco" type="text" onblur="ValidaCampo(this);" id="endereco" size="85" maxlength="255" value="" /&gt;
        &lt;span class="campoObrigatorio"&gt;*&lt;/span&gt;&lt;/td&gt;
    &lt;/tr&gt;
    &lt;tr&gt;
      &lt;td class="labelCadastro"&gt;Nascimento:&lt;/td&gt;
      &lt;td class="campoCadastro"&gt;&lt;input class="campo" name="nascimento" type="text" onblur="FormataData(this);" id="nascimento" size="10" maxlength="10" value="" /&gt;
        &lt;span class="campoObrigatorio"&gt;*&lt;/span&gt;&lt;/td&gt;
      &lt;td class="labelCadastro"&gt;CPF:&lt;/td&gt;
      &lt;td class="campoCadastro"&gt;&lt;input class="campo" name="cpf" type="text" onblur="FormataCPF(this);" id="cpf" size="14" maxlength="14" value="" /&gt;
        &lt;span class="campoObrigatorio"&gt;*&lt;/span&gt;&lt;/td&gt;
    &lt;/tr&gt;
    &lt;tr&gt;
      &lt;td class="labelCadastro"&gt;Cidade:&lt;/td&gt;
      &lt;td class="campoCadastro"&gt;&lt;select class="campo" name="cidade" id="cidade" onblur="ValidaCampo(this);"&gt;  &lt;option&gt;[Selecione...]&lt;/option&gt;
  &lt;option value="5"&gt;Cocal do Sul/SC&lt;/option&gt;
  &lt;option value="1"&gt;Criciúma/SC&lt;/option&gt;
  &lt;option value="13"&gt;Criciúma/SC&lt;/option&gt;
  &lt;option value="14"&gt;Criciúma/SC&lt;/option&gt;
  &lt;option value="15"&gt;Criciúma/SC&lt;/option&gt;
  &lt;option value="16"&gt;Criciúma/SC&lt;/option&gt;
  &lt;option value="17"&gt;Criciúma/SC&lt;/option&gt;
  &lt;option value="18"&gt;Criciúma/SC&lt;/option&gt;
  &lt;option value="19"&gt;Criciúma/SC&lt;/option&gt;
  &lt;option value="20"&gt;Criciúma/SC&lt;/option&gt;
  &lt;option value="21"&gt;Criciúma/SC&lt;/option&gt;
  &lt;option value="22"&gt;Criciúma/SC&lt;/option&gt;
  &lt;option value="23"&gt;Criciúma/SC&lt;/option&gt;
  &lt;option value="24"&gt;Criciúma/SC&lt;/option&gt;
  &lt;option value="25"&gt;Criciúma/SC&lt;/option&gt;
  &lt;option value="26"&gt;Criciúma/SC&lt;/option&gt;
  &lt;option value="27"&gt;Criciúma/SC&lt;/option&gt;
  &lt;option value="28"&gt;Criciúma/SC&lt;/option&gt;
  &lt;option value="29"&gt;Criciúma/SC&lt;/option&gt;
  &lt;option value="30"&gt;Criciúma/SC&lt;/option&gt;
  &lt;option value="31"&gt;Criciúma/SC&lt;/option&gt;
  &lt;option value="32"&gt;Criciúma/SC&lt;/option&gt;
  &lt;option value="33"&gt;Criciúma/SC&lt;/option&gt;
  &lt;option value="34"&gt;Criciúma/SC&lt;/option&gt;
  &lt;option value="35"&gt;Criciúma/SC&lt;/option&gt;
  &lt;option value="36"&gt;Criciúma/SC&lt;/option&gt;
  &lt;option value="37"&gt;Criciúma/SC&lt;/option&gt;
  &lt;option value="38"&gt;Criciúma/SC&lt;/option&gt;
  &lt;option value="39"&gt;Criciúma/SC&lt;/option&gt;
  &lt;option value="40"&gt;Criciúma/SC&lt;/option&gt;
  &lt;option value="41"&gt;Criciúma/SC&lt;/option&gt;
  &lt;option value="42"&gt;Criciúma/SC&lt;/option&gt;
  &lt;option value="43"&gt;Criciúma/SC&lt;/option&gt;
  &lt;option value="44"&gt;Criciúma/SC&lt;/option&gt;
  &lt;option value="45"&gt;Criciúma/SC&lt;/option&gt;
  &lt;option value="46"&gt;Criciúma/SC&lt;/option&gt;
  &lt;option value="47"&gt;Criciúma/SC&lt;/option&gt;
  &lt;option value="48"&gt;Criciúma/SC&lt;/option&gt;
  &lt;option value="49"&gt;Criciúma/SC&lt;/option&gt;
  &lt;option value="50"&gt;Criciúma/SC&lt;/option&gt;
  &lt;option value="51"&gt;Criciúma/SC&lt;/option&gt;
  &lt;option value="52"&gt;Criciúma/SC&lt;/option&gt;
  &lt;option value="53"&gt;Criciúma/SC&lt;/option&gt;
  &lt;option value="54"&gt;Criciúma/SC&lt;/option&gt;
  &lt;option value="55"&gt;Criciúma/SC&lt;/option&gt;
  &lt;option value="56"&gt;Criciúma/SC&lt;/option&gt;
  &lt;option value="57"&gt;Criciúma/SC&lt;/option&gt;
  &lt;option value="11"&gt;Curitiba/PR&lt;/option&gt;
  &lt;option value="3"&gt;Florianópolis/SC&lt;/option&gt;
  &lt;option value="2"&gt;Forquilhinha/SC&lt;/option&gt;
  &lt;option value="6"&gt;Içara/SC&lt;/option&gt;
  &lt;option value="7"&gt;Maracajá/SC&lt;/option&gt;
  &lt;option value="12"&gt;Porto Alegre/RS&lt;/option&gt;
  &lt;option value="10"&gt;São Paulo (Capital)/SP&lt;/option&gt;
  &lt;option value="4"&gt;Urussanga/SC&lt;/option&gt;
&lt;/select&gt;
        &lt;span class="campoObrigatorio"&gt;*&lt;/span&gt;&lt;/td&gt;
      &lt;td class="labelCadastro"&gt;Situação do associado:&lt;/td&gt;
      &lt;td class="campoCadastro"&gt;&lt;select class="campo" name="situacao" id="situacao" onblur="ValidaCampo(this);"&gt;  &lt;option&gt;[Selecione...]&lt;/option&gt;
  &lt;option value="1"&gt;Ativo&lt;/option&gt;
  &lt;option value="2"&gt;Nao ativo&lt;/option&gt;
&lt;/select&gt;
        &lt;span class="campoObrigatorio"&gt;*&lt;/span&gt;&lt;/td&gt;
    &lt;/tr&gt;
    &lt;tr&gt;&lt;td colspan="4"&gt;
     ﻿     &lt;span class="campoObrigatorio labelCampoObrigatorio"&gt;&lt;b&gt;* Campos obrigatórios&lt;/b&gt;&lt;br&gt;&lt;/span&gt;
     &lt;input class="botaoGravar"    type="Submit" id="gravar"    name="gravar"    value="Gravar"&gt;
     &lt;input class="botaoReiniciar" type="button" id="reiniciar" name="reiniciar" value="Reiniciar"     onclick="JavaScript:ResetCadastro(document.cadastro);"&gt;
     &lt;input class="botaoLimpar"    type="button" id="limpar"    name="limpar"    value="Limpar"        onclick="JavaScript:LimparForm(document.cadastro);"&gt;
     &lt;input class="botaoNovo"      type="button" id="novo"      name="novo"      value="Novo cadastro" onclick="JavaScript:NovoCadastro(document.cadastro, 'gravar');"&gt;
&lt;Script LANGUAGE='javascript'&gt;setDisabed('gravar', false);&lt;/Script&gt;﻿ &lt;Center&gt;&#13;
 &lt;div id="Mensagem" name="Mensagem" style="display: none; position: relative; top: -280px; width: 400px; height: 80px; margin-top: -50px; margin-bottom: -50px; padding: 4px; border: 4px outset white; background: #20B2AA;"&gt;&#13;
 &lt;Table style="border: 2px inset white;" width="100%" height="100%"&gt;&#13;
  &lt;tr Align="center"&gt;&#13;
   &lt;td Align="center"&gt;&#13;
    &lt;span id="TextoMensagem" name="TextoMensagem" style="font: 14px Verdana, Arial, Helvetica, Sans-serif; color: white; font-weight: bold;"&gt;Por favor, aguarde...&lt;/span&gt;&#13;
   &lt;/td&gt;&#13;
  &lt;/tr&gt;&#13;
 &lt;/Table&gt;&#13;
 &lt;/div&gt;&#13;
 &lt;/Center&gt;&#13;
&lt;Script language="JavaScript"&gt;&#13;
OcultaMensagem();&#13;
&lt;/Script&gt;    &#13;
     &lt;input name="opSA" type="hidden" id="opSA" value="A" /&gt;
    &lt;/td&gt;&lt;/tr&gt;
  &lt;/table&gt;
&lt;/form&gt;
&lt;input type="button" onclick="imprimirDiv('divASSOCIADO', this);" value="Imprimir lista"&gt;&lt;div id='divASSOCIADO'&gt;
&lt;Table class="tabela" width="100%" border="1" cellpadding="3" cellspacing="0"&gt;
&lt;tr&gt;
&lt;th class="tabelath" border="1"&gt;CODIGO&lt;/th&gt;
&lt;th class="tabelath" border="1"&gt;ASSOCIADO&lt;/th&gt;
&lt;th class="tabelath" border="1"&gt;GENERO&lt;/th&gt;
&lt;th class="tabelath" border="1"&gt;CPF&lt;/th&gt;
&lt;th class="tabelath" border="1"&gt;CIDADE&lt;/th&gt;
&lt;th class="tabelath" border="1"&gt;SITUACAO&lt;/th&gt;
&lt;th class="tabelath" border="1"&gt;OPERAÇÃO&lt;/th&gt;
&lt;/tr&gt;
	&lt;tr&gt;
		&lt;td class="tabelatd1"&gt;4&lt;/td&gt;
		&lt;td class="tabelatd1"&gt;Beltrano da Silva&lt;/td&gt;
		&lt;td class="tabelatd1"&gt;Masculino&lt;/td&gt;
		&lt;td class="tabelatd1"&gt;333.333.333-33&lt;/td&gt;
		&lt;td class="tabelatd1"&gt;Cocal do Sul/SC&lt;/td&gt;
		&lt;td class="tabelatd1"&gt;Ativo&lt;/td&gt;
&lt;th class="tabelatd1" border="1"&gt;&lt;a class="noPrint" href="?class=ControleAssociado&amp;opera=A&amp;id=4"&gt;[Alterar] &lt;/a&gt;&lt;a class="noPrint" href="?class=ControleAssociado&amp;opera=C&amp;id=4"&gt;[Consultar] &lt;/a&gt;&lt;a class="noPrint" href="?class=ControleAssociado&amp;opera=D&amp;id=4" onClick="return ConfirmaExclusao('');"&gt;[Deletar&amp;nbsp;registro] &lt;/a&gt;&lt;a class="noPrint" href="?class=RelacionaParcelasAssociado&amp;opera=B;I;&amp;id=4&amp;associado=Beltrano da Silva"&gt;[Relaciona&amp;nbsp;parcelas] &lt;/a&gt;&lt;/th&gt;
	&lt;/tr&gt;
	&lt;tr&gt;
		&lt;td class="tabelatd2"&gt;3&lt;/td&gt;
		&lt;td class="tabelatd2"&gt;Cicrano de Tal&lt;/td&gt;
		&lt;td class="tabelatd2"&gt;Masculino&lt;/td&gt;
		&lt;td class="tabelatd2"&gt;222.222.222-22&lt;/td&gt;
		&lt;td class="tabelatd2"&gt;Criciúma/SC&lt;/td&gt;
		&lt;td class="tabelatd2"&gt;Ativo&lt;/td&gt;
&lt;th class="tabelatd2" border="1"&gt;&lt;a class="noPrint" href="?class=ControleAssociado&amp;opera=A&amp;id=3"&gt;[Alterar] &lt;/a&gt;&lt;a class="noPrint" href="?class=ControleAssociado&amp;opera=C&amp;id=3"&gt;[Consultar] &lt;/a&gt;&lt;a class="noPrint" href="?class=ControleAssociado&amp;opera=D&amp;id=3" onClick="return ConfirmaExclusao('');"&gt;[Deletar&amp;nbsp;registro] &lt;/a&gt;&lt;a class="noPrint" href="?class=RelacionaParcelasAssociado&amp;opera=B;I;&amp;id=3&amp;associado=Cicrano de Tal"&gt;[Relaciona&amp;nbsp;parcelas] &lt;/a&gt;&lt;/th&gt;
	&lt;/tr&gt;
	&lt;tr&gt;
		&lt;td class="tabelatd1"&gt;1&lt;/td&gt;
		&lt;td class="tabelatd1"&gt;Fulano de Tal&lt;/td&gt;
		&lt;td class="tabelatd1"&gt;Feminino&lt;/td&gt;
		&lt;td class="tabelatd1"&gt;652.392.539-00&lt;/td&gt;
		&lt;td class="tabelatd1"&gt;Criciúma/SC&lt;/td&gt;
		&lt;td class="tabelatd1"&gt;Ativo&lt;/td&gt;
&lt;th class="tabelatd1" border="1"&gt;&lt;a class="noPrint" href="?class=ControleAssociado&amp;opera=A&amp;id=1"&gt;[Alterar] &lt;/a&gt;&lt;a class="noPrint" href="?class=ControleAssociado&amp;opera=C&amp;id=1"&gt;[Consultar] &lt;/a&gt;&lt;a class="noPrint" href="?class=ControleAssociado&amp;opera=D&amp;id=1" onClick="return ConfirmaExclusao('');"&gt;[Deletar&amp;nbsp;registro] &lt;/a&gt;&lt;a class="noPrint" href="?class=RelacionaParcelasAssociado&amp;opera=B;I;&amp;id=1&amp;associado=Fulano de Tal"&gt;[Relaciona&amp;nbsp;parcelas] &lt;/a&gt;&lt;/th&gt;
	&lt;/tr&gt;
	&lt;tr&gt;
		&lt;td class="tabelatd2"&gt;5&lt;/td&gt;
		&lt;td class="tabelatd2"&gt;Fulano de Tal&lt;/td&gt;
		&lt;td class="tabelatd2"&gt;Feminino&lt;/td&gt;
		&lt;td class="tabelatd2"&gt;652.392.539-00&lt;/td&gt;
		&lt;td class="tabelatd2"&gt;Criciúma/SC&lt;/td&gt;
		&lt;td class="tabelatd2"&gt;Ativo&lt;/td&gt;
&lt;th class="tabelatd2" border="1"&gt;&lt;a class="noPrint" href="?class=ControleAssociado&amp;opera=A&amp;id=5"&gt;[Alterar] &lt;/a&gt;&lt;a class="noPrint" href="?class=ControleAssociado&amp;opera=C&amp;id=5"&gt;[Consultar] &lt;/a&gt;&lt;a class="noPrint" href="?class=ControleAssociado&amp;opera=D&amp;id=5" onClick="return ConfirmaExclusao('');"&gt;[Deletar&amp;nbsp;registro] &lt;/a&gt;&lt;a class="noPrint" href="?class=RelacionaParcelasAssociado&amp;opera=B;I;&amp;id=5&amp;associado=Fulano de Tal"&gt;[Relaciona&amp;nbsp;parcelas] &lt;/a&gt;&lt;/th&gt;
	&lt;/tr&gt;
	&lt;tr&gt;
		&lt;td class="tabelatd1"&gt;6&lt;/td&gt;
		&lt;td class="tabelatd1"&gt;Fulano de Tal&lt;/td&gt;
		&lt;td class="tabelatd1"&gt;Feminino&lt;/td&gt;
		&lt;td class="tabelatd1"&gt;652.392.539-00&lt;/td&gt;
		&lt;td class="tabelatd1"&gt;Criciúma/SC&lt;/td&gt;
		&lt;td class="tabelatd1"&gt;Ativo&lt;/td&gt;
&lt;th class="tabelatd1" border="1"&gt;&lt;a class="noPrint" href="?class=ControleAssociado&amp;opera=A&amp;id=6"&gt;[Alterar] &lt;/a&gt;&lt;a class="noPrint" href="?class=ControleAssociado&amp;opera=C&amp;id=6"&gt;[Consultar] &lt;/a&gt;&lt;a class="noPrint" href="?class=ControleAssociado&amp;opera=D&amp;id=6" onClick="return ConfirmaExclusao('');"&gt;[Deletar&amp;nbsp;registro] &lt;/a&gt;&lt;a class="noPrint" href="?class=RelacionaParcelasAssociado&amp;opera=B;I;&amp;id=6&amp;associado=Fulano de Tal"&gt;[Relaciona&amp;nbsp;parcelas] &lt;/a&gt;&lt;/th&gt;
	&lt;/tr&gt;
	&lt;tr&gt;
		&lt;td class="tabelatd2"&gt;7&lt;/td&gt;
		&lt;td class="tabelatd2"&gt;Fulano de Tal&lt;/td&gt;
		&lt;td class="tabelatd2"&gt;Feminino&lt;/td&gt;
		&lt;td class="tabelatd2"&gt;652.392.539-00&lt;/td&gt;
		&lt;td class="tabelatd2"&gt;Criciúma/SC&lt;/td&gt;
		&lt;td class="tabelatd2"&gt;Ativo&lt;/td&gt;
&lt;th class="tabelatd2" border="1"&gt;&lt;a class="noPrint" href="?class=ControleAssociado&amp;opera=A&amp;id=7"&gt;[Alterar] &lt;/a&gt;&lt;a class="noPrint" href="?class=ControleAssociado&amp;opera=C&amp;id=7"&gt;[Consultar] &lt;/a&gt;&lt;a class="noPrint" href="?class=ControleAssociado&amp;opera=D&amp;id=7" onClick="return ConfirmaExclusao('');"&gt;[Deletar&amp;nbsp;registro] &lt;/a&gt;&lt;a class="noPrint" href="?class=RelacionaParcelasAssociado&amp;opera=B;I;&amp;id=7&amp;associado=Fulano de Tal"&gt;[Relaciona&amp;nbsp;parcelas] &lt;/a&gt;&lt;/th&gt;
	&lt;/tr&gt;
	&lt;tr&gt;
		&lt;td class="tabelatd1"&gt;8&lt;/td&gt;
		&lt;td class="tabelatd1"&gt;Fulano de Tal&lt;/td&gt;
		&lt;td class="tabelatd1"&gt;Feminino&lt;/td&gt;
		&lt;td class="tabelatd1"&gt;652.392.539-00&lt;/td&gt;
		&lt;td class="tabelatd1"&gt;Criciúma/SC&lt;/td&gt;
		&lt;td class="tabelatd1"&gt;Ativo&lt;/td&gt;
&lt;th class="tabelatd1" border="1"&gt;&lt;a class="noPrint" href="?class=ControleAssociado&amp;opera=A&amp;id=8"&gt;[Alterar] &lt;/a&gt;&lt;a class="noPrint" href="?class=ControleAssociado&amp;opera=C&amp;id=8"&gt;[Consultar] &lt;/a&gt;&lt;a class="noPrint" href="?class=ControleAssociado&amp;opera=D&amp;id=8" onClick="return ConfirmaExclusao('');"&gt;[Deletar&amp;nbsp;registro] &lt;/a&gt;&lt;a class="noPrint" href="?class=RelacionaParcelasAssociado&amp;opera=B;I;&amp;id=8&amp;associado=Fulano de Tal"&gt;[Relaciona&amp;nbsp;parcelas] &lt;/a&gt;&lt;/th&gt;
	&lt;/tr&gt;
	&lt;tr&gt;
		&lt;td class="tabelatd2"&gt;9&lt;/td&gt;
		&lt;td class="tabelatd2"&gt;Fulano de Tal&lt;/td&gt;
		&lt;td class="tabelatd2"&gt;Feminino&lt;/td&gt;
		&lt;td class="tabelatd2"&gt;652.392.539-00&lt;/td&gt;
		&lt;td class="tabelatd2"&gt;Criciúma/SC&lt;/td&gt;
		&lt;td class="tabelatd2"&gt;Ativo&lt;/td&gt;
&lt;th class="tabelatd2" border="1"&gt;&lt;a class="noPrint" href="?class=ControleAssociado&amp;opera=A&amp;id=9"&gt;[Alterar] &lt;/a&gt;&lt;a class="noPrint" href="?class=ControleAssociado&amp;opera=C&amp;id=9"&gt;[Consultar] &lt;/a&gt;&lt;a class="noPrint" href="?class=ControleAssociado&amp;opera=D&amp;id=9" onClick="return ConfirmaExclusao('');"&gt;[Deletar&amp;nbsp;registro] &lt;/a&gt;&lt;a class="noPrint" href="?class=RelacionaParcelasAssociado&amp;opera=B;I;&amp;id=9&amp;associado=Fulano de Tal"&gt;[Relaciona&amp;nbsp;parcelas] &lt;/a&gt;&lt;/th&gt;
	&lt;/tr&gt;
	&lt;tr&gt;
		&lt;td class="tabelatd1"&gt;10&lt;/td&gt;
		&lt;td class="tabelatd1"&gt;Fulano de Tal&lt;/td&gt;
		&lt;td class="tabelatd1"&gt;Feminino&lt;/td&gt;
		&lt;td class="tabelatd1"&gt;652.392.539-00&lt;/td&gt;
		&lt;td class="tabelatd1"&gt;Criciúma/SC&lt;/td&gt;
		&lt;td class="tabelatd1"&gt;Ativo&lt;/td&gt;
&lt;th class="tabelatd1" border="1"&gt;&lt;a class="noPrint" href="?class=ControleAssociado&amp;opera=A&amp;id=10"&gt;[Alterar] &lt;/a&gt;&lt;a class="noPrint" href="?class=ControleAssociado&amp;opera=C&amp;id=10"&gt;[Consultar] &lt;/a&gt;&lt;a class="noPrint" href="?class=ControleAssociado&amp;opera=D&amp;id=10" onClick="return ConfirmaExclusao('');"&gt;[Deletar&amp;nbsp;registro] &lt;/a&gt;&lt;a class="noPrint" href="?class=RelacionaParcelasAssociado&amp;opera=B;I;&amp;id=10&amp;associado=Fulano de Tal"&gt;[Relaciona&amp;nbsp;parcelas] &lt;/a&gt;&lt;/th&gt;
	&lt;/tr&gt;
	&lt;tr&gt;
		&lt;td class="tabelatd2"&gt;11&lt;/td&gt;
		&lt;td class="tabelatd2"&gt;Fulano de Tal&lt;/td&gt;
		&lt;td class="tabelatd2"&gt;Feminino&lt;/td&gt;
		&lt;td class="tabelatd2"&gt;652.392.539-00&lt;/td&gt;
		&lt;td class="tabelatd2"&gt;Criciúma/SC&lt;/td&gt;
		&lt;td class="tabelatd2"&gt;Ativo&lt;/td&gt;
&lt;th class="tabelatd2" border="1"&gt;&lt;a class="noPrint" href="?class=ControleAssociado&amp;opera=A&amp;id=11"&gt;[Alterar] &lt;/a&gt;&lt;a class="noPrint" href="?class=ControleAssociado&amp;opera=C&amp;id=11"&gt;[Consultar] &lt;/a&gt;&lt;a class="noPrint" href="?class=ControleAssociado&amp;opera=D&amp;id=11" onClick="return ConfirmaExclusao('');"&gt;[Deletar&amp;nbsp;registro] &lt;/a&gt;&lt;a class="noPrint" href="?class=RelacionaParcelasAssociado&amp;opera=B;I;&amp;id=11&amp;associado=Fulano de Tal"&gt;[Relaciona&amp;nbsp;parcelas] &lt;/a&gt;&lt;/th&gt;
	&lt;/tr&gt;
	&lt;tr&gt;
		&lt;td class="tabelatd1"&gt;12&lt;/td&gt;
		&lt;td class="tabelatd1"&gt;Fulano de Tal&lt;/td&gt;
		&lt;td class="tabelatd1"&gt;Feminino&lt;/td&gt;
		&lt;td class="tabelatd1"&gt;652.392.539-00&lt;/td&gt;
		&lt;td class="tabelatd1"&gt;Criciúma/SC&lt;/td&gt;
		&lt;td class="tabelatd1"&gt;Ativo&lt;/td&gt;
&lt;th class="tabelatd1" border="1"&gt;&lt;a class="noPrint" href="?class=ControleAssociado&amp;opera=A&amp;id=12"&gt;[Alterar] &lt;/a&gt;&lt;a class="noPrint" href="?class=ControleAssociado&amp;opera=C&amp;id=12"&gt;[Consultar] &lt;/a&gt;&lt;a class="noPrint" href="?class=ControleAssociado&amp;opera=D&amp;id=12" onClick="return ConfirmaExclusao('');"&gt;[Deletar&amp;nbsp;registro] &lt;/a&gt;&lt;a class="noPrint" href="?class=RelacionaParcelasAssociado&amp;opera=B;I;&amp;id=12&amp;associado=Fulano de Tal"&gt;[Relaciona&amp;nbsp;parcelas] &lt;/a&gt;&lt;/th&gt;
	&lt;/tr&gt;
	&lt;tr&gt;
		&lt;td class="tabelatd2"&gt;13&lt;/td&gt;
		&lt;td class="tabelatd2"&gt;Fulano de Tal&lt;/td&gt;
		&lt;td class="tabelatd2"&gt;Feminino&lt;/td&gt;
		&lt;td class="tabelatd2"&gt;652.392.539-00&lt;/td&gt;
		&lt;td class="tabelatd2"&gt;Criciúma/SC&lt;/td&gt;
		&lt;td class="tabelatd2"&gt;Ativo&lt;/td&gt;
&lt;th class="tabelatd2" border="1"&gt;&lt;a class="noPrint" href="?class=ControleAssociado&amp;opera=A&amp;id=13"&gt;[Alterar] &lt;/a&gt;&lt;a class="noPrint" href="?class=ControleAssociado&amp;opera=C&amp;id=13"&gt;[Consultar] &lt;/a&gt;&lt;a class="noPrint" href="?class=ControleAssociado&amp;opera=D&amp;id=13" onClick="return ConfirmaExclusao('');"&gt;[Deletar&amp;nbsp;registro] &lt;/a&gt;&lt;a class="noPrint" href="?class=RelacionaParcelasAssociado&amp;opera=B;I;&amp;id=13&amp;associado=Fulano de Tal"&gt;[Relaciona&amp;nbsp;parcelas] &lt;/a&gt;&lt;/th&gt;
	&lt;/tr&gt;
	&lt;tr&gt;
		&lt;td class="tabelatd1"&gt;14&lt;/td&gt;
		&lt;td class="tabelatd1"&gt;Fulano de Tal&lt;/td&gt;
		&lt;td class="tabelatd1"&gt;Feminino&lt;/td&gt;
		&lt;td class="tabelatd1"&gt;652.392.539-00&lt;/td&gt;
		&lt;td class="tabelatd1"&gt;Criciúma/SC&lt;/td&gt;
		&lt;td class="tabelatd1"&gt;Ativo&lt;/td&gt;
&lt;th class="tabelatd1" border="1"&gt;&lt;a class="noPrint" href="?class=ControleAssociado&amp;opera=A&amp;id=14"&gt;[Alterar] &lt;/a&gt;&lt;a class="noPrint" href="?class=ControleAssociado&amp;opera=C&amp;id=14"&gt;[Consultar] &lt;/a&gt;&lt;a class="noPrint" href="?class=ControleAssociado&amp;opera=D&amp;id=14" onClick="return ConfirmaExclusao('');"&gt;[Deletar&amp;nbsp;registro] &lt;/a&gt;&lt;a class="noPrint" href="?class=RelacionaParcelasAssociado&amp;opera=B;I;&amp;id=14&amp;associado=Fulano de Tal"&gt;[Relaciona&amp;nbsp;parcelas] &lt;/a&gt;&lt;/th&gt;
	&lt;/tr&gt;
	&lt;tr&gt;
		&lt;td class="tabelatd2"&gt;15&lt;/td&gt;
		&lt;td class="tabelatd2"&gt;Fulano de Tal&lt;/td&gt;
		&lt;td class="tabelatd2"&gt;Feminino&lt;/td&gt;
		&lt;td class="tabelatd2"&gt;652.392.539-00&lt;/td&gt;
		&lt;td class="tabelatd2"&gt;Criciúma/SC&lt;/td&gt;
		&lt;td class="tabelatd2"&gt;Ativo&lt;/td&gt;
&lt;th class="tabelatd2" border="1"&gt;&lt;a class="noPrint" href="?class=ControleAssociado&amp;opera=A&amp;id=15"&gt;[Alterar] &lt;/a&gt;&lt;a class="noPrint" href="?class=ControleAssociado&amp;opera=C&amp;id=15"&gt;[Consultar] &lt;/a&gt;&lt;a class="noPrint" href="?class=ControleAssociado&amp;opera=D&amp;id=15" onClick="return ConfirmaExclusao('');"&gt;[Deletar&amp;nbsp;registro] &lt;/a&gt;&lt;a class="noPrint" href="?class=RelacionaParcelasAssociado&amp;opera=B;I;&amp;id=15&amp;associado=Fulano de Tal"&gt;[Relaciona&amp;nbsp;parcelas] &lt;/a&gt;&lt;/th&gt;
	&lt;/tr&gt;
	&lt;tr&gt;
		&lt;td class="tabelatd1"&gt;16&lt;/td&gt;
		&lt;td class="tabelatd1"&gt;Fulano de Tal&lt;/td&gt;
		&lt;td class="tabelatd1"&gt;Feminino&lt;/td&gt;
		&lt;td class="tabelatd1"&gt;652.392.539-00&lt;/td&gt;
		&lt;td class="tabelatd1"&gt;Criciúma/SC&lt;/td&gt;
		&lt;td class="tabelatd1"&gt;Ativo&lt;/td&gt;
&lt;th class="tabelatd1" border="1"&gt;&lt;a class="noPrint" href="?class=ControleAssociado&amp;opera=A&amp;id=16"&gt;[Alterar] &lt;/a&gt;&lt;a class="noPrint" href="?class=ControleAssociado&amp;opera=C&amp;id=16"&gt;[Consultar] &lt;/a&gt;&lt;a class="noPrint" href="?class=ControleAssociado&amp;opera=D&amp;id=16" onClick="return ConfirmaExclusao('');"&gt;[Deletar&amp;nbsp;registro] &lt;/a&gt;&lt;a class="noPrint" href="?class=RelacionaParcelasAssociado&amp;opera=B;I;&amp;id=16&amp;associado=Fulano de Tal"&gt;[Relaciona&amp;nbsp;parcelas] &lt;/a&gt;&lt;/th&gt;
	&lt;/tr&gt;
	&lt;tr&gt;
		&lt;td class="tabelatd2"&gt;17&lt;/td&gt;
		&lt;td class="tabelatd2"&gt;Fulano de Tal&lt;/td&gt;
		&lt;td class="tabelatd2"&gt;Feminino&lt;/td&gt;
		&lt;td class="tabelatd2"&gt;652.392.539-00&lt;/td&gt;
		&lt;td class="tabelatd2"&gt;Criciúma/SC&lt;/td&gt;
		&lt;td class="tabelatd2"&gt;Ativo&lt;/td&gt;
&lt;th class="tabelatd2" border="1"&gt;&lt;a class="noPrint" href="?class=ControleAssociado&amp;opera=A&amp;id=17"&gt;[Alterar] &lt;/a&gt;&lt;a class="noPrint" href="?class=ControleAssociado&amp;opera=C&amp;id=17"&gt;[Consultar] &lt;/a&gt;&lt;a class="noPrint" href="?class=ControleAssociado&amp;opera=D&amp;id=17" onClick="return ConfirmaExclusao('');"&gt;[Deletar&amp;nbsp;registro] &lt;/a&gt;&lt;a class="noPrint" href="?class=RelacionaParcelasAssociado&amp;opera=B;I;&amp;id=17&amp;associado=Fulano de Tal"&gt;[Relaciona&amp;nbsp;parcelas] &lt;/a&gt;&lt;/th&gt;
	&lt;/tr&gt;
	&lt;tr&gt;
		&lt;td class="tabelatd1"&gt;18&lt;/td&gt;
		&lt;td class="tabelatd1"&gt;Fulano de Tal&lt;/td&gt;
		&lt;td class="tabelatd1"&gt;Feminino&lt;/td&gt;
		&lt;td class="tabelatd1"&gt;652.392.539-00&lt;/td&gt;
		&lt;td class="tabelatd1"&gt;Criciúma/SC&lt;/td&gt;
		&lt;td class="tabelatd1"&gt;Ativo&lt;/td&gt;
&lt;th class="tabelatd1" border="1"&gt;&lt;a class="noPrint" href="?class=ControleAssociado&amp;opera=A&amp;id=18"&gt;[Alterar] &lt;/a&gt;&lt;a class="noPrint" href="?class=ControleAssociado&amp;opera=C&amp;id=18"&gt;[Consultar] &lt;/a&gt;&lt;a class="noPrint" href="?class=ControleAssociado&amp;opera=D&amp;id=18" onClick="return ConfirmaExclusao('');"&gt;[Deletar&amp;nbsp;registro] &lt;/a&gt;&lt;a class="noPrint" href="?class=RelacionaParcelasAssociado&amp;opera=B;I;&amp;id=18&amp;associado=Fulano de Tal"&gt;[Relaciona&amp;nbsp;parcelas] &lt;/a&gt;&lt;/th&gt;
	&lt;/tr&gt;
&lt;/Table&gt;
&lt;h3&gt;Número de registros na lista: 17&lt;/h3&gt;
&lt;/div&gt;
&lt;/body&gt;
&lt;/html&gt;
</system-out>
      </testcase>
      <testcase name="testInsere" class="DaoControleAssociadoTest" classname="DaoControleAssociadoTest" file="C:\Apache24\htdocs\Associacao\tests\controller\DaoControleAssociadoTest.php" line="72" assertions="1" time="0.034887"/>
      <testcase name="testExiste" class="DaoControleAssociadoTest" classname="DaoControleAssociadoTest" file="C:\Apache24\htdocs\Associacao\tests\controller\DaoControleAssociadoTest.php" line="80" assertions="1" time="0.045103"/>
      <testcase name="testApaga" class="DaoControleAssociadoTest" classname="DaoControleAssociadoTest" file="C:\Apache24\htdocs\Associacao\tests\controller\DaoControleAssociadoTest.php" line="88" assertions="1" time="0.025164"/>
      <testcase name="testAltera" class="DaoControleAssociadoTest" classname="DaoControleAssociadoTest" file="C:\Apache24\htdocs\Associacao\tests\controller\DaoControleAssociadoTest.php" line="96" assertions="1" time="0.025176"/>
      <testcase name="testGravar" class="DaoControleAssociadoTest" classname="DaoControleAssociadoTest" file="C:\Apache24\htdocs\Associacao\tests\controller\DaoControleAssociadoTest.php" line="104" assertions="1" time="0.026235"/>
      <testcase name="testLer" class="DaoControleAssociadoTest" classname="DaoControleAssociadoTest" file="C:\Apache24\htdocs\Associacao\tests\controller\DaoControleAssociadoTest.php" line="112" assertions="1" time="0.021250"/>
      <testcase name="testLista" class="DaoControleAssociadoTest" classname="DaoControleAssociadoTest" file="C:\Apache24\htdocs\Associacao\tests\controller\DaoControleAssociadoTest.php" line="120" assertions="1" time="0.031632">
        <system-out>&lt;input type="button" onclick="imprimirDiv('divASSOCIADO', this);" value="Imprimir lista"&gt;&lt;div id='divASSOCIADO'&gt;
&lt;Table class="tabela" width="100%" border="1" cellpadding="3" cellspacing="0"&gt;
&lt;tr&gt;
&lt;th class="tabelath" border="1"&gt;CODIGO&lt;/th&gt;
&lt;th class="tabelath" border="1"&gt;ASSOCIADO&lt;/th&gt;
&lt;th class="tabelath" border="1"&gt;GENERO&lt;/th&gt;
&lt;th class="tabelath" border="1"&gt;CPF&lt;/th&gt;
&lt;th class="tabelath" border="1"&gt;CIDADE&lt;/th&gt;
&lt;th class="tabelath" border="1"&gt;SITUACAO&lt;/th&gt;
&lt;th class="tabelath" border="1"&gt;OPERAÇÃO&lt;/th&gt;
&lt;/tr&gt;
	&lt;tr&gt;
		&lt;td class="tabelatd1"&gt;4&lt;/td&gt;
		&lt;td class="tabelatd1"&gt;Beltrano da Silva&lt;/td&gt;
		&lt;td class="tabelatd1"&gt;Masculino&lt;/td&gt;
		&lt;td class="tabelatd1"&gt;333.333.333-33&lt;/td&gt;
		&lt;td class="tabelatd1"&gt;Cocal do Sul/SC&lt;/td&gt;
		&lt;td class="tabelatd1"&gt;Ativo&lt;/td&gt;
&lt;th class="tabelatd1" border="1"&gt;&lt;a class="noPrint" href="?class=ControleAssociado&amp;opera=A&amp;id=4"&gt;[Alterar] &lt;/a&gt;&lt;a class="noPrint" href="?class=ControleAssociado&amp;opera=C&amp;id=4"&gt;[Consultar] &lt;/a&gt;&lt;a class="noPrint" href="?class=ControleAssociado&amp;opera=D&amp;id=4" onClick="return ConfirmaExclusao('');"&gt;[Deletar&amp;nbsp;registro] &lt;/a&gt;&lt;a class="noPrint" href="?class=RelacionaParcelasAssociado&amp;opera=B;I;&amp;id=4&amp;associado=Beltrano da Silva"&gt;[Relaciona&amp;nbsp;parcelas] &lt;/a&gt;&lt;/th&gt;
	&lt;/tr&gt;
	&lt;tr&gt;
		&lt;td class="tabelatd2"&gt;3&lt;/td&gt;
		&lt;td class="tabelatd2"&gt;Cicrano de Tal&lt;/td&gt;
		&lt;td class="tabelatd2"&gt;Masculino&lt;/td&gt;
		&lt;td class="tabelatd2"&gt;222.222.222-22&lt;/td&gt;
		&lt;td class="tabelatd2"&gt;Criciúma/SC&lt;/td&gt;
		&lt;td class="tabelatd2"&gt;Ativo&lt;/td&gt;
&lt;th class="tabelatd2" border="1"&gt;&lt;a class="noPrint" href="?class=ControleAssociado&amp;opera=A&amp;id=3"&gt;[Alterar] &lt;/a&gt;&lt;a class="noPrint" href="?class=ControleAssociado&amp;opera=C&amp;id=3"&gt;[Consultar] &lt;/a&gt;&lt;a class="noPrint" href="?class=ControleAssociado&amp;opera=D&amp;id=3" onClick="return ConfirmaExclusao('');"&gt;[Deletar&amp;nbsp;registro] &lt;/a&gt;&lt;a class="noPrint" href="?class=RelacionaParcelasAssociado&amp;opera=B;I;&amp;id=3&amp;associado=Cicrano de Tal"&gt;[Relaciona&amp;nbsp;parcelas] &lt;/a&gt;&lt;/th&gt;
	&lt;/tr&gt;
	&lt;tr&gt;
		&lt;td class="tabelatd1"&gt;1&lt;/td&gt;
		&lt;td class="tabelatd1"&gt;Fulano de Tal&lt;/td&gt;
		&lt;td class="tabelatd1"&gt;Feminino&lt;/td&gt;
		&lt;td class="tabelatd1"&gt;652.392.539-00&lt;/td&gt;
		&lt;td class="tabelatd1"&gt;Criciúma/SC&lt;/td&gt;
		&lt;td class="tabelatd1"&gt;Ativo&lt;/td&gt;
&lt;th class="tabelatd1" border="1"&gt;&lt;a class="noPrint" href="?class=ControleAssociado&amp;opera=A&amp;id=1"&gt;[Alterar] &lt;/a&gt;&lt;a class="noPrint" href="?class=ControleAssociado&amp;opera=C&amp;id=1"&gt;[Consultar] &lt;/a&gt;&lt;a class="noPrint" href="?class=ControleAssociado&amp;opera=D&amp;id=1" onClick="return ConfirmaExclusao('');"&gt;[Deletar&amp;nbsp;registro] &lt;/a&gt;&lt;a class="noPrint" href="?class=RelacionaParcelasAssociado&amp;opera=B;I;&amp;id=1&amp;associado=Fulano de Tal"&gt;[Relaciona&amp;nbsp;parcelas] &lt;/a&gt;&lt;/th&gt;
	&lt;/tr&gt;
	&lt;tr&gt;
		&lt;td class="tabelatd2"&gt;5&lt;/td&gt;
		&lt;td class="tabelatd2"&gt;Fulano de Tal&lt;/td&gt;
		&lt;td class="tabelatd2"&gt;Feminino&lt;/td&gt;
		&lt;td class="tabelatd2"&gt;652.392.539-00&lt;/td&gt;
		&lt;td class="tabelatd2"&gt;Criciúma/SC&lt;/td&gt;
		&lt;td class="tabelatd2"&gt;Ativo&lt;/td&gt;
&lt;th class="tabelatd2" border="1"&gt;&lt;a class="noPrint" href="?class=ControleAssociado&amp;opera=A&amp;id=5"&gt;[Alterar] &lt;/a&gt;&lt;a class="noPrint" href="?class=ControleAssociado&amp;opera=C&amp;id=5"&gt;[Consultar] &lt;/a&gt;&lt;a class="noPrint" href="?class=ControleAssociado&amp;opera=D&amp;id=5" onClick="return ConfirmaExclusao('');"&gt;[Deletar&amp;nbsp;registro] &lt;/a&gt;&lt;a class="noPrint" href="?class=RelacionaParcelasAssociado&amp;opera=B;I;&amp;id=5&amp;associado=Fulano de Tal"&gt;[Relaciona&amp;nbsp;parcelas] &lt;/a&gt;&lt;/th&gt;
	&lt;/tr&gt;
	&lt;tr&gt;
		&lt;td class="tabelatd1"&gt;6&lt;/td&gt;
		&lt;td class="tabelatd1"&gt;Fulano de Tal&lt;/td&gt;
		&lt;td class="tabelatd1"&gt;Feminino&lt;/td&gt;
		&lt;td class="tabelatd1"&gt;652.392.539-00&lt;/td&gt;
		&lt;td class="tabelatd1"&gt;Criciúma/SC&lt;/td&gt;
		&lt;td class="tabelatd1"&gt;Ativo&lt;/td&gt;
&lt;th class="tabelatd1" border="1"&gt;&lt;a class="noPrint" href="?class=ControleAssociado&amp;opera=A&amp;id=6"&gt;[Alterar] &lt;/a&gt;&lt;a class="noPrint" href="?class=ControleAssociado&amp;opera=C&amp;id=6"&gt;[Consultar] &lt;/a&gt;&lt;a class="noPrint" href="?class=ControleAssociado&amp;opera=D&amp;id=6" onClick="return ConfirmaExclusao('');"&gt;[Deletar&amp;nbsp;registro] &lt;/a&gt;&lt;a class="noPrint" href="?class=RelacionaParcelasAssociado&amp;opera=B;I;&amp;id=6&amp;associado=Fulano de Tal"&gt;[Relaciona&amp;nbsp;parcelas] &lt;/a&gt;&lt;/th&gt;
	&lt;/tr&gt;
	&lt;tr&gt;
		&lt;td class="tabelatd2"&gt;7&lt;/td&gt;
		&lt;td class="tabelatd2"&gt;Fulano de Tal&lt;/td&gt;
		&lt;td class="tabelatd2"&gt;Feminino&lt;/td&gt;
		&lt;td class="tabelatd2"&gt;652.392.539-00&lt;/td&gt;
		&lt;td class="tabelatd2"&gt;Criciúma/SC&lt;/td&gt;
		&lt;td class="tabelatd2"&gt;Ativo&lt;/td&gt;
&lt;th class="tabelatd2" border="1"&gt;&lt;a class="noPrint" href="?class=ControleAssociado&amp;opera=A&amp;id=7"&gt;[Alterar] &lt;/a&gt;&lt;a class="noPrint" href="?class=ControleAssociado&amp;opera=C&amp;id=7"&gt;[Consultar] &lt;/a&gt;&lt;a class="noPrint" href="?class=ControleAssociado&amp;opera=D&amp;id=7" onClick="return ConfirmaExclusao('');"&gt;[Deletar&amp;nbsp;registro] &lt;/a&gt;&lt;a class="noPrint" href="?class=RelacionaParcelasAssociado&amp;opera=B;I;&amp;id=7&amp;associado=Fulano de Tal"&gt;[Relaciona&amp;nbsp;parcelas] &lt;/a&gt;&lt;/th&gt;
	&lt;/tr&gt;
	&lt;tr&gt;
		&lt;td class="tabelatd1"&gt;8&lt;/td&gt;
		&lt;td class="tabelatd1"&gt;Fulano de Tal&lt;/td&gt;
		&lt;td class="tabelatd1"&gt;Feminino&lt;/td&gt;
		&lt;td class="tabelatd1"&gt;652.392.539-00&lt;/td&gt;
		&lt;td class="tabelatd1"&gt;Criciúma/SC&lt;/td&gt;
		&lt;td class="tabelatd1"&gt;Ativo&lt;/td&gt;
&lt;th class="tabelatd1" border="1"&gt;&lt;a class="noPrint" href="?class=ControleAssociado&amp;opera=A&amp;id=8"&gt;[Alterar] &lt;/a&gt;&lt;a class="noPrint" href="?class=ControleAssociado&amp;opera=C&amp;id=8"&gt;[Consultar] &lt;/a&gt;&lt;a class="noPrint" href="?class=ControleAssociado&amp;opera=D&amp;id=8" onClick="return ConfirmaExclusao('');"&gt;[Deletar&amp;nbsp;registro] &lt;/a&gt;&lt;a class="noPrint" href="?class=RelacionaParcelasAssociado&amp;opera=B;I;&amp;id=8&amp;associado=Fulano de Tal"&gt;[Relaciona&amp;nbsp;parcelas] &lt;/a&gt;&lt;/th&gt;
	&lt;/tr&gt;
	&lt;tr&gt;
		&lt;td class="tabelatd2"&gt;9&lt;/td&gt;
		&lt;td class="tabelatd2"&gt;Fulano de Tal&lt;/td&gt;
		&lt;td class="tabelatd2"&gt;Feminino&lt;/td&gt;
		&lt;td class="tabelatd2"&gt;652.392.539-00&lt;/td&gt;
		&lt;td class="tabelatd2"&gt;Criciúma/SC&lt;/td&gt;
		&lt;td class="tabelatd2"&gt;Ativo&lt;/td&gt;
&lt;th class="tabelatd2" border="1"&gt;&lt;a class="noPrint" href="?class=ControleAssociado&amp;opera=A&amp;id=9"&gt;[Alterar] &lt;/a&gt;&lt;a class="noPrint" href="?class=ControleAssociado&amp;opera=C&amp;id=9"&gt;[Consultar] &lt;/a&gt;&lt;a class="noPrint" href="?class=ControleAssociado&amp;opera=D&amp;id=9" onClick="return ConfirmaExclusao('');"&gt;[Deletar&amp;nbsp;registro] &lt;/a&gt;&lt;a class="noPrint" href="?class=RelacionaParcelasAssociado&amp;opera=B;I;&amp;id=9&amp;associado=Fulano de Tal"&gt;[Relaciona&amp;nbsp;parcelas] &lt;/a&gt;&lt;/th&gt;
	&lt;/tr&gt;
	&lt;tr&gt;
		&lt;td class="tabelatd1"&gt;10&lt;/td&gt;
		&lt;td class="tabelatd1"&gt;Fulano de Tal&lt;/td&gt;
		&lt;td class="tabelatd1"&gt;Feminino&lt;/td&gt;
		&lt;td class="tabelatd1"&gt;652.392.539-00&lt;/td&gt;
		&lt;td class="tabelatd1"&gt;Criciúma/SC&lt;/td&gt;
		&lt;td class="tabelatd1"&gt;Ativo&lt;/td&gt;
&lt;th class="tabelatd1" border="1"&gt;&lt;a class="noPrint" href="?class=ControleAssociado&amp;opera=A&amp;id=10"&gt;[Alterar] &lt;/a&gt;&lt;a class="noPrint" href="?class=ControleAssociado&amp;opera=C&amp;id=10"&gt;[Consultar] &lt;/a&gt;&lt;a class="noPrint" href="?class=ControleAssociado&amp;opera=D&amp;id=10" onClick="return ConfirmaExclusao('');"&gt;[Deletar&amp;nbsp;registro] &lt;/a&gt;&lt;a class="noPrint" href="?class=RelacionaParcelasAssociado&amp;opera=B;I;&amp;id=10&amp;associado=Fulano de Tal"&gt;[Relaciona&amp;nbsp;parcelas] &lt;/a&gt;&lt;/th&gt;
	&lt;/tr&gt;
	&lt;tr&gt;
		&lt;td class="tabelatd2"&gt;11&lt;/td&gt;
		&lt;td class="tabelatd2"&gt;Fulano de Tal&lt;/td&gt;
		&lt;td class="tabelatd2"&gt;Feminino&lt;/td&gt;
		&lt;td class="tabelatd2"&gt;652.392.539-00&lt;/td&gt;
		&lt;td class="tabelatd2"&gt;Criciúma/SC&lt;/td&gt;
		&lt;td class="tabelatd2"&gt;Ativo&lt;/td&gt;
&lt;th class="tabelatd2" border="1"&gt;&lt;a class="noPrint" href="?class=ControleAssociado&amp;opera=A&amp;id=11"&gt;[Alterar] &lt;/a&gt;&lt;a class="noPrint" href="?class=ControleAssociado&amp;opera=C&amp;id=11"&gt;[Consultar] &lt;/a&gt;&lt;a class="noPrint" href="?class=ControleAssociado&amp;opera=D&amp;id=11" onClick="return ConfirmaExclusao('');"&gt;[Deletar&amp;nbsp;registro] &lt;/a&gt;&lt;a class="noPrint" href="?class=RelacionaParcelasAssociado&amp;opera=B;I;&amp;id=11&amp;associado=Fulano de Tal"&gt;[Relaciona&amp;nbsp;parcelas] &lt;/a&gt;&lt;/th&gt;
	&lt;/tr&gt;
	&lt;tr&gt;
		&lt;td class="tabelatd1"&gt;12&lt;/td&gt;
		&lt;td class="tabelatd1"&gt;Fulano de Tal&lt;/td&gt;
		&lt;td class="tabelatd1"&gt;Feminino&lt;/td&gt;
		&lt;td class="tabelatd1"&gt;652.392.539-00&lt;/td&gt;
		&lt;td class="tabelatd1"&gt;Criciúma/SC&lt;/td&gt;
		&lt;td class="tabelatd1"&gt;Ativo&lt;/td&gt;
&lt;th class="tabelatd1" border="1"&gt;&lt;a class="noPrint" href="?class=ControleAssociado&amp;opera=A&amp;id=12"&gt;[Alterar] &lt;/a&gt;&lt;a class="noPrint" href="?class=ControleAssociado&amp;opera=C&amp;id=12"&gt;[Consultar] &lt;/a&gt;&lt;a class="noPrint" href="?class=ControleAssociado&amp;opera=D&amp;id=12" onClick="return ConfirmaExclusao('');"&gt;[Deletar&amp;nbsp;registro] &lt;/a&gt;&lt;a class="noPrint" href="?class=RelacionaParcelasAssociado&amp;opera=B;I;&amp;id=12&amp;associado=Fulano de Tal"&gt;[Relaciona&amp;nbsp;parcelas] &lt;/a&gt;&lt;/th&gt;
	&lt;/tr&gt;
	&lt;tr&gt;
		&lt;td class="tabelatd2"&gt;13&lt;/td&gt;
		&lt;td class="tabelatd2"&gt;Fulano de Tal&lt;/td&gt;
		&lt;td class="tabelatd2"&gt;Feminino&lt;/td&gt;
		&lt;td class="tabelatd2"&gt;652.392.539-00&lt;/td&gt;
		&lt;td class="tabelatd2"&gt;Criciúma/SC&lt;/td&gt;
		&lt;td class="tabelatd2"&gt;Ativo&lt;/td&gt;
&lt;th class="tabelatd2" border="1"&gt;&lt;a class="noPrint" href="?class=ControleAssociado&amp;opera=A&amp;id=13"&gt;[Alterar] &lt;/a&gt;&lt;a class="noPrint" href="?class=ControleAssociado&amp;opera=C&amp;id=13"&gt;[Consultar] &lt;/a&gt;&lt;a class="noPrint" href="?class=ControleAssociado&amp;opera=D&amp;id=13" onClick="return ConfirmaExclusao('');"&gt;[Deletar&amp;nbsp;registro] &lt;/a&gt;&lt;a class="noPrint" href="?class=RelacionaParcelasAssociado&amp;opera=B;I;&amp;id=13&amp;associado=Fulano de Tal"&gt;[Relaciona&amp;nbsp;parcelas] &lt;/a&gt;&lt;/th&gt;
	&lt;/tr&gt;
	&lt;tr&gt;
		&lt;td class="tabelatd1"&gt;14&lt;/td&gt;
		&lt;td class="tabelatd1"&gt;Fulano de Tal&lt;/td&gt;
		&lt;td class="tabelatd1"&gt;Feminino&lt;/td&gt;
		&lt;td class="tabelatd1"&gt;652.392.539-00&lt;/td&gt;
		&lt;td class="tabelatd1"&gt;Criciúma/SC&lt;/td&gt;
		&lt;td class="tabelatd1"&gt;Ativo&lt;/td&gt;
&lt;th class="tabelatd1" border="1"&gt;&lt;a class="noPrint" href="?class=ControleAssociado&amp;opera=A&amp;id=14"&gt;[Alterar] &lt;/a&gt;&lt;a class="noPrint" href="?class=ControleAssociado&amp;opera=C&amp;id=14"&gt;[Consultar] &lt;/a&gt;&lt;a class="noPrint" href="?class=ControleAssociado&amp;opera=D&amp;id=14" onClick="return ConfirmaExclusao('');"&gt;[Deletar&amp;nbsp;registro] &lt;/a&gt;&lt;a class="noPrint" href="?class=RelacionaParcelasAssociado&amp;opera=B;I;&amp;id=14&amp;associado=Fulano de Tal"&gt;[Relaciona&amp;nbsp;parcelas] &lt;/a&gt;&lt;/th&gt;
	&lt;/tr&gt;
	&lt;tr&gt;
		&lt;td class="tabelatd2"&gt;15&lt;/td&gt;
		&lt;td class="tabelatd2"&gt;Fulano de Tal&lt;/td&gt;
		&lt;td class="tabelatd2"&gt;Feminino&lt;/td&gt;
		&lt;td class="tabelatd2"&gt;652.392.539-00&lt;/td&gt;
		&lt;td class="tabelatd2"&gt;Criciúma/SC&lt;/td&gt;
		&lt;td class="tabelatd2"&gt;Ativo&lt;/td&gt;
&lt;th class="tabelatd2" border="1"&gt;&lt;a class="noPrint" href="?class=ControleAssociado&amp;opera=A&amp;id=15"&gt;[Alterar] &lt;/a&gt;&lt;a class="noPrint" href="?class=ControleAssociado&amp;opera=C&amp;id=15"&gt;[Consultar] &lt;/a&gt;&lt;a class="noPrint" href="?class=ControleAssociado&amp;opera=D&amp;id=15" onClick="return ConfirmaExclusao('');"&gt;[Deletar&amp;nbsp;registro] &lt;/a&gt;&lt;a class="noPrint" href="?class=RelacionaParcelasAssociado&amp;opera=B;I;&amp;id=15&amp;associado=Fulano de Tal"&gt;[Relaciona&amp;nbsp;parcelas] &lt;/a&gt;&lt;/th&gt;
	&lt;/tr&gt;
	&lt;tr&gt;
		&lt;td class="tabelatd1"&gt;16&lt;/td&gt;
		&lt;td class="tabelatd1"&gt;Fulano de Tal&lt;/td&gt;
		&lt;td class="tabelatd1"&gt;Feminino&lt;/td&gt;
		&lt;td class="tabelatd1"&gt;652.392.539-00&lt;/td&gt;
		&lt;td class="tabelatd1"&gt;Criciúma/SC&lt;/td&gt;
		&lt;td class="tabelatd1"&gt;Ativo&lt;/td&gt;
&lt;th class="tabelatd1" border="1"&gt;&lt;a class="noPrint" href="?class=ControleAssociado&amp;opera=A&amp;id=16"&gt;[Alterar] &lt;/a&gt;&lt;a class="noPrint" href="?class=ControleAssociado&amp;opera=C&amp;id=16"&gt;[Consultar] &lt;/a&gt;&lt;a class="noPrint" href="?class=ControleAssociado&amp;opera=D&amp;id=16" onClick="return ConfirmaExclusao('');"&gt;[Deletar&amp;nbsp;registro] &lt;/a&gt;&lt;a class="noPrint" href="?class=RelacionaParcelasAssociado&amp;opera=B;I;&amp;id=16&amp;associado=Fulano de Tal"&gt;[Relaciona&amp;nbsp;parcelas] &lt;/a&gt;&lt;/th&gt;
	&lt;/tr&gt;
	&lt;tr&gt;
		&lt;td class="tabelatd2"&gt;17&lt;/td&gt;
		&lt;td class="tabelatd2"&gt;Fulano de Tal&lt;/td&gt;
		&lt;td class="tabelatd2"&gt;Feminino&lt;/td&gt;
		&lt;td class="tabelatd2"&gt;652.392.539-00&lt;/td&gt;
		&lt;td class="tabelatd2"&gt;Criciúma/SC&lt;/td&gt;
		&lt;td class="tabelatd2"&gt;Ativo&lt;/td&gt;
&lt;th class="tabelatd2" border="1"&gt;&lt;a class="noPrint" href="?class=ControleAssociado&amp;opera=A&amp;id=17"&gt;[Alterar] &lt;/a&gt;&lt;a class="noPrint" href="?class=ControleAssociado&amp;opera=C&amp;id=17"&gt;[Consultar] &lt;/a&gt;&lt;a class="noPrint" href="?class=ControleAssociado&amp;opera=D&amp;id=17" onClick="return ConfirmaExclusao('');"&gt;[Deletar&amp;nbsp;registro] &lt;/a&gt;&lt;a class="noPrint" href="?class=RelacionaParcelasAssociado&amp;opera=B;I;&amp;id=17&amp;associado=Fulano de Tal"&gt;[Relaciona&amp;nbsp;parcelas] &lt;/a&gt;&lt;/th&gt;
	&lt;/tr&gt;
	&lt;tr&gt;
		&lt;td class="tabelatd1"&gt;18&lt;/td&gt;
		&lt;td class="tabelatd1"&gt;Fulano de Tal&lt;/td&gt;
		&lt;td class="tabelatd1"&gt;Feminino&lt;/td&gt;
		&lt;td class="tabelatd1"&gt;652.392.539-00&lt;/td&gt;
		&lt;td class="tabelatd1"&gt;Criciúma/SC&lt;/td&gt;
		&lt;td class="tabelatd1"&gt;Ativo&lt;/td&gt;
&lt;th class="tabelatd1" border="1"&gt;&lt;a class="noPrint" href="?class=ControleAssociado&amp;opera=A&amp;id=18"&gt;[Alterar] &lt;/a&gt;&lt;a class="noPrint" href="?class=ControleAssociado&amp;opera=C&amp;id=18"&gt;[Consultar] &lt;/a&gt;&lt;a class="noPrint" href="?class=ControleAssociado&amp;opera=D&amp;id=18" onClick="return ConfirmaExclusao('');"&gt;[Deletar&amp;nbsp;registro] &lt;/a&gt;&lt;a class="noPrint" href="?class=RelacionaParcelasAssociado&amp;opera=B;I;&amp;id=18&amp;associado=Fulano de Tal"&gt;[Relaciona&amp;nbsp;parcelas] &lt;/a&gt;&lt;/th&gt;
	&lt;/tr&gt;
	&lt;tr&gt;
		&lt;td class="tabelatd2"&gt;19&lt;/td&gt;
		&lt;td class="tabelatd2"&gt;Fulano de Tal&lt;/td&gt;
		&lt;td class="tabelatd2"&gt;Feminino&lt;/td&gt;
		&lt;td class="tabelatd2"&gt;652.392.539-00&lt;/td&gt;
		&lt;td class="tabelatd2"&gt;Criciúma/SC&lt;/td&gt;
		&lt;td class="tabelatd2"&gt;Ativo&lt;/td&gt;
&lt;th class="tabelatd2" border="1"&gt;&lt;a class="noPrint" href="?class=ControleAssociado&amp;opera=A&amp;id=19"&gt;[Alterar] &lt;/a&gt;&lt;a class="noPrint" href="?class=ControleAssociado&amp;opera=C&amp;id=19"&gt;[Consultar] &lt;/a&gt;&lt;a class="noPrint" href="?class=ControleAssociado&amp;opera=D&amp;id=19" onClick="return ConfirmaExclusao('');"&gt;[Deletar&amp;nbsp;registro] &lt;/a&gt;&lt;a class="noPrint" href="?class=RelacionaParcelasAssociado&amp;opera=B;I;&amp;id=19&amp;associado=Fulano de Tal"&gt;[Relaciona&amp;nbsp;parcelas] &lt;/a&gt;&lt;/th&gt;
	&lt;/tr&gt;
&lt;/Table&gt;
&lt;h3&gt;Número de registros na lista: 18&lt;/h3&gt;
&lt;/div&gt;
</system-out>
      </testcase>
    </testsuite>
    <testsuite name="DaoControleCidadeTest" file="C:\Apache24\htdocs\Associacao\tests\controller\DaoControleCidadeTest.php" tests="11" assertions="11" errors="0" failures="0" skipped="0" time="0.274198">
      <testcase name="testGetTabela" class="DaoControleCidadeTest" classname="DaoControleCidadeTest" file="C:\Apache24\htdocs\Associacao\tests\controller\DaoControleCidadeTest.php" line="35" assertions="1" time="0.020226"/>
      <testcase name="testGetClassModel" class="DaoControleCidadeTest" classname="DaoControleCidadeTest" file="C:\Apache24\htdocs\Associacao\tests\controller\DaoControleCidadeTest.php" line="43" assertions="1" time="0.016828"/>
      <testcase name="testGetClassView" class="DaoControleCidadeTest" classname="DaoControleCidadeTest" file="C:\Apache24\htdocs\Associacao\tests\controller\DaoControleCidadeTest.php" line="51" assertions="1" time="0.017198"/>
      <testcase name="testExecutaView" class="DaoControleCidadeTest" classname="DaoControleCidadeTest" file="C:\Apache24\htdocs\Associacao\tests\controller\DaoControleCidadeTest.php" line="59" assertions="1" time="0.037069">
        <system-out>﻿﻿&lt;!DOCTYPE html&gt;
&lt;html&gt;
    &lt;head&gt;
                        &lt;title&gt;Controle de cidades&lt;/title&gt;
    &lt;/head&gt;
&lt;body&gt;
&lt;center&gt;&lt;div&gt;&lt;h1 class="tituloCadastro"&gt;Controle de cidades&lt;/h1&gt;&lt;/div&gt;&lt;/center&gt;
    
&lt;form id="cadastro" name="cadastro" method="post" enctype="multipart/form-data" action="" onsubmit="return ValidaCamposCidade(); return false;"&gt;
  &lt;table class="tabelaCadastro"&gt;
    &lt;tr&gt;
      &lt;td class="labelCadastro"&gt;Código:&lt;/td&gt;
      &lt;td class="campoCadastro"&gt;&lt;div class='campoID' name='labelID' id='labelID'&gt;&amp;nbsp;&lt;/div&gt;&lt;input class='campo' name='id' type='hidden' id='id' value='' /&gt;&lt;/td&gt;
    &lt;/tr&gt;
    &lt;tr&gt;
      &lt;td class="labelCadastro"&gt;Nome&amp;nbspda&amp;nbspcidade:&lt;/td&gt;
      &lt;td class="campoCadastro"&gt;&lt;input class="campo" name="nome" type="text" onblur="ValidaCampo(this);" id="nome" size="70" maxlength="100" value="" /&gt;
        &lt;span class="campoObrigatorio"&gt;*&lt;/span&gt;&lt;/td&gt;
    &lt;/tr&gt;
    &lt;tr&gt;
      &lt;td class="labelCadastro"&gt;Estado:&lt;/td&gt;
      &lt;td class="campoCadastro"&gt;&lt;select class="campo" name="siglaUF" id="siglaUF" onblur="ValidaCampo(this);" value=""&gt;
        &lt;option&gt;[Selecione...]&lt;/option&gt;
        &lt;option value="AC" &gt;AC&lt;/option&gt;
        &lt;option value="AL" &gt;AL&lt;/option&gt;
        &lt;option value="AP" &gt;AP&lt;/option&gt;
        &lt;option value="AM" &gt;AM&lt;/option&gt;
        &lt;option value="BA" &gt;BA&lt;/option&gt;
        &lt;option value="CE" &gt;CE&lt;/option&gt;
        &lt;option value="ES" &gt;ES&lt;/option&gt;
        &lt;option value="DF" &gt;DF&lt;/option&gt;
        &lt;option value="MA" &gt;MA&lt;/option&gt;
        &lt;option value="MT" &gt;MT&lt;/option&gt;
        &lt;option value="MS" &gt;MS&lt;/option&gt;
        &lt;option value="MG" &gt;MG&lt;/option&gt;
        &lt;option value="PA" &gt;PA&lt;/option&gt;
        &lt;option value="PB" &gt;PB&lt;/option&gt;
        &lt;option value="PR" &gt;PR&lt;/option&gt;
        &lt;option value="PE" &gt;PE&lt;/option&gt;
        &lt;option value="PI" &gt;PI&lt;/option&gt;
        &lt;option value="RJ" &gt;RJ&lt;/option&gt;
        &lt;option value="RN" &gt;RN&lt;/option&gt;
        &lt;option value="RS" &gt;RS&lt;/option&gt;
        &lt;option value="RO" &gt;RO&lt;/option&gt;
        &lt;option value="RR" &gt;RR&lt;/option&gt;
        &lt;option value="SC" &gt;SC&lt;/option&gt;
        &lt;option value="SP" &gt;SP&lt;/option&gt;
        &lt;option value="SE" &gt;SE&lt;/option&gt;
        &lt;option value="TO" &gt;TO&lt;/option&gt;
          &lt;/select&gt;
        &lt;span class="campoObrigatorio"&gt;*&lt;/span&gt;&lt;/td&gt;
    &lt;/tr&gt;
    &lt;tr&gt;&lt;td colspan="2"&gt;
         &lt;/td&gt;&lt;/tr&gt;
  &lt;/table&gt;
&lt;/form&gt;
&lt;input type="button" onclick="imprimirDiv('divCIDADE', this);" value="Imprimir lista"&gt;&lt;div id='divCIDADE'&gt;
&lt;Table class="tabela" width="100%" border="1" cellpadding="3" cellspacing="0"&gt;
&lt;tr&gt;
&lt;th class="tabelath" border="1"&gt;ID&lt;/th&gt;
&lt;th class="tabelath" border="1"&gt;NOME&lt;/th&gt;
&lt;th class="tabelath" border="1"&gt;SIGLA_UF&lt;/th&gt;
&lt;th class="tabelath" border="1"&gt;OPERAÇÃO&lt;/th&gt;
&lt;/tr&gt;
	&lt;tr&gt;
		&lt;td class="tabelatd1"&gt;5&lt;/td&gt;
		&lt;td class="tabelatd1"&gt;Cocal do Sul&lt;/td&gt;
		&lt;td class="tabelatd1"&gt;SC&lt;/td&gt;
&lt;th class="tabelatd1" border="1"&gt;&lt;a class="noPrint" href="?class=ControleCidade&amp;opera=A&amp;id=5"&gt;[Alterar] &lt;/a&gt;&lt;a class="noPrint" href="?class=ControleCidade&amp;opera=C&amp;id=5"&gt;[Consultar] &lt;/a&gt;&lt;a class="noPrint" href="?class=ControleCidade&amp;opera=D&amp;id=5" onClick="return ConfirmaExclusao('');"&gt;[Deletar&amp;nbsp;registro] &lt;/a&gt;&lt;/th&gt;
	&lt;/tr&gt;
	&lt;tr&gt;
		&lt;td class="tabelatd2"&gt;1&lt;/td&gt;
		&lt;td class="tabelatd2"&gt;Criciúma&lt;/td&gt;
		&lt;td class="tabelatd2"&gt;SC&lt;/td&gt;
&lt;th class="tabelatd2" border="1"&gt;&lt;a class="noPrint" href="?class=ControleCidade&amp;opera=A&amp;id=1"&gt;[Alterar] &lt;/a&gt;&lt;a class="noPrint" href="?class=ControleCidade&amp;opera=C&amp;id=1"&gt;[Consultar] &lt;/a&gt;&lt;a class="noPrint" href="?class=ControleCidade&amp;opera=D&amp;id=1" onClick="return ConfirmaExclusao('');"&gt;[Deletar&amp;nbsp;registro] &lt;/a&gt;&lt;/th&gt;
	&lt;/tr&gt;
	&lt;tr&gt;
		&lt;td class="tabelatd1"&gt;13&lt;/td&gt;
		&lt;td class="tabelatd1"&gt;Criciúma&lt;/td&gt;
		&lt;td class="tabelatd1"&gt;SC&lt;/td&gt;
&lt;th class="tabelatd1" border="1"&gt;&lt;a class="noPrint" href="?class=ControleCidade&amp;opera=A&amp;id=13"&gt;[Alterar] &lt;/a&gt;&lt;a class="noPrint" href="?class=ControleCidade&amp;opera=C&amp;id=13"&gt;[Consultar] &lt;/a&gt;&lt;a class="noPrint" href="?class=ControleCidade&amp;opera=D&amp;id=13" onClick="return ConfirmaExclusao('');"&gt;[Deletar&amp;nbsp;registro] &lt;/a&gt;&lt;/th&gt;
	&lt;/tr&gt;
	&lt;tr&gt;
		&lt;td class="tabelatd2"&gt;14&lt;/td&gt;
		&lt;td class="tabelatd2"&gt;Criciúma&lt;/td&gt;
		&lt;td class="tabelatd2"&gt;SC&lt;/td&gt;
&lt;th class="tabelatd2" border="1"&gt;&lt;a class="noPrint" href="?class=ControleCidade&amp;opera=A&amp;id=14"&gt;[Alterar] &lt;/a&gt;&lt;a class="noPrint" href="?class=ControleCidade&amp;opera=C&amp;id=14"&gt;[Consultar] &lt;/a&gt;&lt;a class="noPrint" href="?class=ControleCidade&amp;opera=D&amp;id=14" onClick="return ConfirmaExclusao('');"&gt;[Deletar&amp;nbsp;registro] &lt;/a&gt;&lt;/th&gt;
	&lt;/tr&gt;
	&lt;tr&gt;
		&lt;td class="tabelatd1"&gt;15&lt;/td&gt;
		&lt;td class="tabelatd1"&gt;Criciúma&lt;/td&gt;
		&lt;td class="tabelatd1"&gt;SC&lt;/td&gt;
&lt;th class="tabelatd1" border="1"&gt;&lt;a class="noPrint" href="?class=ControleCidade&amp;opera=A&amp;id=15"&gt;[Alterar] &lt;/a&gt;&lt;a class="noPrint" href="?class=ControleCidade&amp;opera=C&amp;id=15"&gt;[Consultar] &lt;/a&gt;&lt;a class="noPrint" href="?class=ControleCidade&amp;opera=D&amp;id=15" onClick="return ConfirmaExclusao('');"&gt;[Deletar&amp;nbsp;registro] &lt;/a&gt;&lt;/th&gt;
	&lt;/tr&gt;
	&lt;tr&gt;
		&lt;td class="tabelatd2"&gt;16&lt;/td&gt;
		&lt;td class="tabelatd2"&gt;Criciúma&lt;/td&gt;
		&lt;td class="tabelatd2"&gt;SC&lt;/td&gt;
&lt;th class="tabelatd2" border="1"&gt;&lt;a class="noPrint" href="?class=ControleCidade&amp;opera=A&amp;id=16"&gt;[Alterar] &lt;/a&gt;&lt;a class="noPrint" href="?class=ControleCidade&amp;opera=C&amp;id=16"&gt;[Consultar] &lt;/a&gt;&lt;a class="noPrint" href="?class=ControleCidade&amp;opera=D&amp;id=16" onClick="return ConfirmaExclusao('');"&gt;[Deletar&amp;nbsp;registro] &lt;/a&gt;&lt;/th&gt;
	&lt;/tr&gt;
	&lt;tr&gt;
		&lt;td class="tabelatd1"&gt;17&lt;/td&gt;
		&lt;td class="tabelatd1"&gt;Criciúma&lt;/td&gt;
		&lt;td class="tabelatd1"&gt;SC&lt;/td&gt;
&lt;th class="tabelatd1" border="1"&gt;&lt;a class="noPrint" href="?class=ControleCidade&amp;opera=A&amp;id=17"&gt;[Alterar] &lt;/a&gt;&lt;a class="noPrint" href="?class=ControleCidade&amp;opera=C&amp;id=17"&gt;[Consultar] &lt;/a&gt;&lt;a class="noPrint" href="?class=ControleCidade&amp;opera=D&amp;id=17" onClick="return ConfirmaExclusao('');"&gt;[Deletar&amp;nbsp;registro] &lt;/a&gt;&lt;/th&gt;
	&lt;/tr&gt;
	&lt;tr&gt;
		&lt;td class="tabelatd2"&gt;18&lt;/td&gt;
		&lt;td class="tabelatd2"&gt;Criciúma&lt;/td&gt;
		&lt;td class="tabelatd2"&gt;SC&lt;/td&gt;
&lt;th class="tabelatd2" border="1"&gt;&lt;a class="noPrint" href="?class=ControleCidade&amp;opera=A&amp;id=18"&gt;[Alterar] &lt;/a&gt;&lt;a class="noPrint" href="?class=ControleCidade&amp;opera=C&amp;id=18"&gt;[Consultar] &lt;/a&gt;&lt;a class="noPrint" href="?class=ControleCidade&amp;opera=D&amp;id=18" onClick="return ConfirmaExclusao('');"&gt;[Deletar&amp;nbsp;registro] &lt;/a&gt;&lt;/th&gt;
	&lt;/tr&gt;
	&lt;tr&gt;
		&lt;td class="tabelatd1"&gt;19&lt;/td&gt;
		&lt;td class="tabelatd1"&gt;Criciúma&lt;/td&gt;
		&lt;td class="tabelatd1"&gt;SC&lt;/td&gt;
&lt;th class="tabelatd1" border="1"&gt;&lt;a class="noPrint" href="?class=ControleCidade&amp;opera=A&amp;id=19"&gt;[Alterar] &lt;/a&gt;&lt;a class="noPrint" href="?class=ControleCidade&amp;opera=C&amp;id=19"&gt;[Consultar] &lt;/a&gt;&lt;a class="noPrint" href="?class=ControleCidade&amp;opera=D&amp;id=19" onClick="return ConfirmaExclusao('');"&gt;[Deletar&amp;nbsp;registro] &lt;/a&gt;&lt;/th&gt;
	&lt;/tr&gt;
	&lt;tr&gt;
		&lt;td class="tabelatd2"&gt;20&lt;/td&gt;
		&lt;td class="tabelatd2"&gt;Criciúma&lt;/td&gt;
		&lt;td class="tabelatd2"&gt;SC&lt;/td&gt;
&lt;th class="tabelatd2" border="1"&gt;&lt;a class="noPrint" href="?class=ControleCidade&amp;opera=A&amp;id=20"&gt;[Alterar] &lt;/a&gt;&lt;a class="noPrint" href="?class=ControleCidade&amp;opera=C&amp;id=20"&gt;[Consultar] &lt;/a&gt;&lt;a class="noPrint" href="?class=ControleCidade&amp;opera=D&amp;id=20" onClick="return ConfirmaExclusao('');"&gt;[Deletar&amp;nbsp;registro] &lt;/a&gt;&lt;/th&gt;
	&lt;/tr&gt;
	&lt;tr&gt;
		&lt;td class="tabelatd1"&gt;21&lt;/td&gt;
		&lt;td class="tabelatd1"&gt;Criciúma&lt;/td&gt;
		&lt;td class="tabelatd1"&gt;SC&lt;/td&gt;
&lt;th class="tabelatd1" border="1"&gt;&lt;a class="noPrint" href="?class=ControleCidade&amp;opera=A&amp;id=21"&gt;[Alterar] &lt;/a&gt;&lt;a class="noPrint" href="?class=ControleCidade&amp;opera=C&amp;id=21"&gt;[Consultar] &lt;/a&gt;&lt;a class="noPrint" href="?class=ControleCidade&amp;opera=D&amp;id=21" onClick="return ConfirmaExclusao('');"&gt;[Deletar&amp;nbsp;registro] &lt;/a&gt;&lt;/th&gt;
	&lt;/tr&gt;
	&lt;tr&gt;
		&lt;td class="tabelatd2"&gt;22&lt;/td&gt;
		&lt;td class="tabelatd2"&gt;Criciúma&lt;/td&gt;
		&lt;td class="tabelatd2"&gt;SC&lt;/td&gt;
&lt;th class="tabelatd2" border="1"&gt;&lt;a class="noPrint" href="?class=ControleCidade&amp;opera=A&amp;id=22"&gt;[Alterar] &lt;/a&gt;&lt;a class="noPrint" href="?class=ControleCidade&amp;opera=C&amp;id=22"&gt;[Consultar] &lt;/a&gt;&lt;a class="noPrint" href="?class=ControleCidade&amp;opera=D&amp;id=22" onClick="return ConfirmaExclusao('');"&gt;[Deletar&amp;nbsp;registro] &lt;/a&gt;&lt;/th&gt;
	&lt;/tr&gt;
	&lt;tr&gt;
		&lt;td class="tabelatd1"&gt;23&lt;/td&gt;
		&lt;td class="tabelatd1"&gt;Criciúma&lt;/td&gt;
		&lt;td class="tabelatd1"&gt;SC&lt;/td&gt;
&lt;th class="tabelatd1" border="1"&gt;&lt;a class="noPrint" href="?class=ControleCidade&amp;opera=A&amp;id=23"&gt;[Alterar] &lt;/a&gt;&lt;a class="noPrint" href="?class=ControleCidade&amp;opera=C&amp;id=23"&gt;[Consultar] &lt;/a&gt;&lt;a class="noPrint" href="?class=ControleCidade&amp;opera=D&amp;id=23" onClick="return ConfirmaExclusao('');"&gt;[Deletar&amp;nbsp;registro] &lt;/a&gt;&lt;/th&gt;
	&lt;/tr&gt;
	&lt;tr&gt;
		&lt;td class="tabelatd2"&gt;24&lt;/td&gt;
		&lt;td class="tabelatd2"&gt;Criciúma&lt;/td&gt;
		&lt;td class="tabelatd2"&gt;SC&lt;/td&gt;
&lt;th class="tabelatd2" border="1"&gt;&lt;a class="noPrint" href="?class=ControleCidade&amp;opera=A&amp;id=24"&gt;[Alterar] &lt;/a&gt;&lt;a class="noPrint" href="?class=ControleCidade&amp;opera=C&amp;id=24"&gt;[Consultar] &lt;/a&gt;&lt;a class="noPrint" href="?class=ControleCidade&amp;opera=D&amp;id=24" onClick="return ConfirmaExclusao('');"&gt;[Deletar&amp;nbsp;registro] &lt;/a&gt;&lt;/th&gt;
	&lt;/tr&gt;
	&lt;tr&gt;
		&lt;td class="tabelatd1"&gt;25&lt;/td&gt;
		&lt;td class="tabelatd1"&gt;Criciúma&lt;/td&gt;
		&lt;td class="tabelatd1"&gt;SC&lt;/td&gt;
&lt;th class="tabelatd1" border="1"&gt;&lt;a class="noPrint" href="?class=ControleCidade&amp;opera=A&amp;id=25"&gt;[Alterar] &lt;/a&gt;&lt;a class="noPrint" href="?class=ControleCidade&amp;opera=C&amp;id=25"&gt;[Consultar] &lt;/a&gt;&lt;a class="noPrint" href="?class=ControleCidade&amp;opera=D&amp;id=25" onClick="return ConfirmaExclusao('');"&gt;[Deletar&amp;nbsp;registro] &lt;/a&gt;&lt;/th&gt;
	&lt;/tr&gt;
	&lt;tr&gt;
		&lt;td class="tabelatd2"&gt;26&lt;/td&gt;
		&lt;td class="tabelatd2"&gt;Criciúma&lt;/td&gt;
		&lt;td class="tabelatd2"&gt;SC&lt;/td&gt;
&lt;th class="tabelatd2" border="1"&gt;&lt;a class="noPrint" href="?class=ControleCidade&amp;opera=A&amp;id=26"&gt;[Alterar] &lt;/a&gt;&lt;a class="noPrint" href="?class=ControleCidade&amp;opera=C&amp;id=26"&gt;[Consultar] &lt;/a&gt;&lt;a class="noPrint" href="?class=ControleCidade&amp;opera=D&amp;id=26" onClick="return ConfirmaExclusao('');"&gt;[Deletar&amp;nbsp;registro] &lt;/a&gt;&lt;/th&gt;
	&lt;/tr&gt;
	&lt;tr&gt;
		&lt;td class="tabelatd1"&gt;27&lt;/td&gt;
		&lt;td class="tabelatd1"&gt;Criciúma&lt;/td&gt;
		&lt;td class="tabelatd1"&gt;SC&lt;/td&gt;
&lt;th class="tabelatd1" border="1"&gt;&lt;a class="noPrint" href="?class=ControleCidade&amp;opera=A&amp;id=27"&gt;[Alterar] &lt;/a&gt;&lt;a class="noPrint" href="?class=ControleCidade&amp;opera=C&amp;id=27"&gt;[Consultar] &lt;/a&gt;&lt;a class="noPrint" href="?class=ControleCidade&amp;opera=D&amp;id=27" onClick="return ConfirmaExclusao('');"&gt;[Deletar&amp;nbsp;registro] &lt;/a&gt;&lt;/th&gt;
	&lt;/tr&gt;
	&lt;tr&gt;
		&lt;td class="tabelatd2"&gt;28&lt;/td&gt;
		&lt;td class="tabelatd2"&gt;Criciúma&lt;/td&gt;
		&lt;td class="tabelatd2"&gt;SC&lt;/td&gt;
&lt;th class="tabelatd2" border="1"&gt;&lt;a class="noPrint" href="?class=ControleCidade&amp;opera=A&amp;id=28"&gt;[Alterar] &lt;/a&gt;&lt;a class="noPrint" href="?class=ControleCidade&amp;opera=C&amp;id=28"&gt;[Consultar] &lt;/a&gt;&lt;a class="noPrint" href="?class=ControleCidade&amp;opera=D&amp;id=28" onClick="return ConfirmaExclusao('');"&gt;[Deletar&amp;nbsp;registro] &lt;/a&gt;&lt;/th&gt;
	&lt;/tr&gt;
	&lt;tr&gt;
		&lt;td class="tabelatd1"&gt;29&lt;/td&gt;
		&lt;td class="tabelatd1"&gt;Criciúma&lt;/td&gt;
		&lt;td class="tabelatd1"&gt;SC&lt;/td&gt;
&lt;th class="tabelatd1" border="1"&gt;&lt;a class="noPrint" href="?class=ControleCidade&amp;opera=A&amp;id=29"&gt;[Alterar] &lt;/a&gt;&lt;a class="noPrint" href="?class=ControleCidade&amp;opera=C&amp;id=29"&gt;[Consultar] &lt;/a&gt;&lt;a class="noPrint" href="?class=ControleCidade&amp;opera=D&amp;id=29" onClick="return ConfirmaExclusao('');"&gt;[Deletar&amp;nbsp;registro] &lt;/a&gt;&lt;/th&gt;
	&lt;/tr&gt;
	&lt;tr&gt;
		&lt;td class="tabelatd2"&gt;30&lt;/td&gt;
		&lt;td class="tabelatd2"&gt;Criciúma&lt;/td&gt;
		&lt;td class="tabelatd2"&gt;SC&lt;/td&gt;
&lt;th class="tabelatd2" border="1"&gt;&lt;a class="noPrint" href="?class=ControleCidade&amp;opera=A&amp;id=30"&gt;[Alterar] &lt;/a&gt;&lt;a class="noPrint" href="?class=ControleCidade&amp;opera=C&amp;id=30"&gt;[Consultar] &lt;/a&gt;&lt;a class="noPrint" href="?class=ControleCidade&amp;opera=D&amp;id=30" onClick="return ConfirmaExclusao('');"&gt;[Deletar&amp;nbsp;registro] &lt;/a&gt;&lt;/th&gt;
	&lt;/tr&gt;
	&lt;tr&gt;
		&lt;td class="tabelatd1"&gt;31&lt;/td&gt;
		&lt;td class="tabelatd1"&gt;Criciúma&lt;/td&gt;
		&lt;td class="tabelatd1"&gt;SC&lt;/td&gt;
&lt;th class="tabelatd1" border="1"&gt;&lt;a class="noPrint" href="?class=ControleCidade&amp;opera=A&amp;id=31"&gt;[Alterar] &lt;/a&gt;&lt;a class="noPrint" href="?class=ControleCidade&amp;opera=C&amp;id=31"&gt;[Consultar] &lt;/a&gt;&lt;a class="noPrint" href="?class=ControleCidade&amp;opera=D&amp;id=31" onClick="return ConfirmaExclusao('');"&gt;[Deletar&amp;nbsp;registro] &lt;/a&gt;&lt;/th&gt;
	&lt;/tr&gt;
	&lt;tr&gt;
		&lt;td class="tabelatd2"&gt;32&lt;/td&gt;
		&lt;td class="tabelatd2"&gt;Criciúma&lt;/td&gt;
		&lt;td class="tabelatd2"&gt;SC&lt;/td&gt;
&lt;th class="tabelatd2" border="1"&gt;&lt;a class="noPrint" href="?class=ControleCidade&amp;opera=A&amp;id=32"&gt;[Alterar] &lt;/a&gt;&lt;a class="noPrint" href="?class=ControleCidade&amp;opera=C&amp;id=32"&gt;[Consultar] &lt;/a&gt;&lt;a class="noPrint" href="?class=ControleCidade&amp;opera=D&amp;id=32" onClick="return ConfirmaExclusao('');"&gt;[Deletar&amp;nbsp;registro] &lt;/a&gt;&lt;/th&gt;
	&lt;/tr&gt;
	&lt;tr&gt;
		&lt;td class="tabelatd1"&gt;33&lt;/td&gt;
		&lt;td class="tabelatd1"&gt;Criciúma&lt;/td&gt;
		&lt;td class="tabelatd1"&gt;SC&lt;/td&gt;
&lt;th class="tabelatd1" border="1"&gt;&lt;a class="noPrint" href="?class=ControleCidade&amp;opera=A&amp;id=33"&gt;[Alterar] &lt;/a&gt;&lt;a class="noPrint" href="?class=ControleCidade&amp;opera=C&amp;id=33"&gt;[Consultar] &lt;/a&gt;&lt;a class="noPrint" href="?class=ControleCidade&amp;opera=D&amp;id=33" onClick="return ConfirmaExclusao('');"&gt;[Deletar&amp;nbsp;registro] &lt;/a&gt;&lt;/th&gt;
	&lt;/tr&gt;
	&lt;tr&gt;
		&lt;td class="tabelatd2"&gt;34&lt;/td&gt;
		&lt;td class="tabelatd2"&gt;Criciúma&lt;/td&gt;
		&lt;td class="tabelatd2"&gt;SC&lt;/td&gt;
&lt;th class="tabelatd2" border="1"&gt;&lt;a class="noPrint" href="?class=ControleCidade&amp;opera=A&amp;id=34"&gt;[Alterar] &lt;/a&gt;&lt;a class="noPrint" href="?class=ControleCidade&amp;opera=C&amp;id=34"&gt;[Consultar] &lt;/a&gt;&lt;a class="noPrint" href="?class=ControleCidade&amp;opera=D&amp;id=34" onClick="return ConfirmaExclusao('');"&gt;[Deletar&amp;nbsp;registro] &lt;/a&gt;&lt;/th&gt;
	&lt;/tr&gt;
	&lt;tr&gt;
		&lt;td class="tabelatd1"&gt;35&lt;/td&gt;
		&lt;td class="tabelatd1"&gt;Criciúma&lt;/td&gt;
		&lt;td class="tabelatd1"&gt;SC&lt;/td&gt;
&lt;th class="tabelatd1" border="1"&gt;&lt;a class="noPrint" href="?class=ControleCidade&amp;opera=A&amp;id=35"&gt;[Alterar] &lt;/a&gt;&lt;a class="noPrint" href="?class=ControleCidade&amp;opera=C&amp;id=35"&gt;[Consultar] &lt;/a&gt;&lt;a class="noPrint" href="?class=ControleCidade&amp;opera=D&amp;id=35" onClick="return ConfirmaExclusao('');"&gt;[Deletar&amp;nbsp;registro] &lt;/a&gt;&lt;/th&gt;
	&lt;/tr&gt;
	&lt;tr&gt;
		&lt;td class="tabelatd2"&gt;36&lt;/td&gt;
		&lt;td class="tabelatd2"&gt;Criciúma&lt;/td&gt;
		&lt;td class="tabelatd2"&gt;SC&lt;/td&gt;
&lt;th class="tabelatd2" border="1"&gt;&lt;a class="noPrint" href="?class=ControleCidade&amp;opera=A&amp;id=36"&gt;[Alterar] &lt;/a&gt;&lt;a class="noPrint" href="?class=ControleCidade&amp;opera=C&amp;id=36"&gt;[Consultar] &lt;/a&gt;&lt;a class="noPrint" href="?class=ControleCidade&amp;opera=D&amp;id=36" onClick="return ConfirmaExclusao('');"&gt;[Deletar&amp;nbsp;registro] &lt;/a&gt;&lt;/th&gt;
	&lt;/tr&gt;
	&lt;tr&gt;
		&lt;td class="tabelatd1"&gt;37&lt;/td&gt;
		&lt;td class="tabelatd1"&gt;Criciúma&lt;/td&gt;
		&lt;td class="tabelatd1"&gt;SC&lt;/td&gt;
&lt;th class="tabelatd1" border="1"&gt;&lt;a class="noPrint" href="?class=ControleCidade&amp;opera=A&amp;id=37"&gt;[Alterar] &lt;/a&gt;&lt;a class="noPrint" href="?class=ControleCidade&amp;opera=C&amp;id=37"&gt;[Consultar] &lt;/a&gt;&lt;a class="noPrint" href="?class=ControleCidade&amp;opera=D&amp;id=37" onClick="return ConfirmaExclusao('');"&gt;[Deletar&amp;nbsp;registro] &lt;/a&gt;&lt;/th&gt;
	&lt;/tr&gt;
	&lt;tr&gt;
		&lt;td class="tabelatd2"&gt;38&lt;/td&gt;
		&lt;td class="tabelatd2"&gt;Criciúma&lt;/td&gt;
		&lt;td class="tabelatd2"&gt;SC&lt;/td&gt;
&lt;th class="tabelatd2" border="1"&gt;&lt;a class="noPrint" href="?class=ControleCidade&amp;opera=A&amp;id=38"&gt;[Alterar] &lt;/a&gt;&lt;a class="noPrint" href="?class=ControleCidade&amp;opera=C&amp;id=38"&gt;[Consultar] &lt;/a&gt;&lt;a class="noPrint" href="?class=ControleCidade&amp;opera=D&amp;id=38" onClick="return ConfirmaExclusao('');"&gt;[Deletar&amp;nbsp;registro] &lt;/a&gt;&lt;/th&gt;
	&lt;/tr&gt;
	&lt;tr&gt;
		&lt;td class="tabelatd1"&gt;39&lt;/td&gt;
		&lt;td class="tabelatd1"&gt;Criciúma&lt;/td&gt;
		&lt;td class="tabelatd1"&gt;SC&lt;/td&gt;
&lt;th class="tabelatd1" border="1"&gt;&lt;a class="noPrint" href="?class=ControleCidade&amp;opera=A&amp;id=39"&gt;[Alterar] &lt;/a&gt;&lt;a class="noPrint" href="?class=ControleCidade&amp;opera=C&amp;id=39"&gt;[Consultar] &lt;/a&gt;&lt;a class="noPrint" href="?class=ControleCidade&amp;opera=D&amp;id=39" onClick="return ConfirmaExclusao('');"&gt;[Deletar&amp;nbsp;registro] &lt;/a&gt;&lt;/th&gt;
	&lt;/tr&gt;
	&lt;tr&gt;
		&lt;td class="tabelatd2"&gt;40&lt;/td&gt;
		&lt;td class="tabelatd2"&gt;Criciúma&lt;/td&gt;
		&lt;td class="tabelatd2"&gt;SC&lt;/td&gt;
&lt;th class="tabelatd2" border="1"&gt;&lt;a class="noPrint" href="?class=ControleCidade&amp;opera=A&amp;id=40"&gt;[Alterar] &lt;/a&gt;&lt;a class="noPrint" href="?class=ControleCidade&amp;opera=C&amp;id=40"&gt;[Consultar] &lt;/a&gt;&lt;a class="noPrint" href="?class=ControleCidade&amp;opera=D&amp;id=40" onClick="return ConfirmaExclusao('');"&gt;[Deletar&amp;nbsp;registro] &lt;/a&gt;&lt;/th&gt;
	&lt;/tr&gt;
	&lt;tr&gt;
		&lt;td class="tabelatd1"&gt;41&lt;/td&gt;
		&lt;td class="tabelatd1"&gt;Criciúma&lt;/td&gt;
		&lt;td class="tabelatd1"&gt;SC&lt;/td&gt;
&lt;th class="tabelatd1" border="1"&gt;&lt;a class="noPrint" href="?class=ControleCidade&amp;opera=A&amp;id=41"&gt;[Alterar] &lt;/a&gt;&lt;a class="noPrint" href="?class=ControleCidade&amp;opera=C&amp;id=41"&gt;[Consultar] &lt;/a&gt;&lt;a class="noPrint" href="?class=ControleCidade&amp;opera=D&amp;id=41" onClick="return ConfirmaExclusao('');"&gt;[Deletar&amp;nbsp;registro] &lt;/a&gt;&lt;/th&gt;
	&lt;/tr&gt;
	&lt;tr&gt;
		&lt;td class="tabelatd2"&gt;42&lt;/td&gt;
		&lt;td class="tabelatd2"&gt;Criciúma&lt;/td&gt;
		&lt;td class="tabelatd2"&gt;SC&lt;/td&gt;
&lt;th class="tabelatd2" border="1"&gt;&lt;a class="noPrint" href="?class=ControleCidade&amp;opera=A&amp;id=42"&gt;[Alterar] &lt;/a&gt;&lt;a class="noPrint" href="?class=ControleCidade&amp;opera=C&amp;id=42"&gt;[Consultar] &lt;/a&gt;&lt;a class="noPrint" href="?class=ControleCidade&amp;opera=D&amp;id=42" onClick="return ConfirmaExclusao('');"&gt;[Deletar&amp;nbsp;registro] &lt;/a&gt;&lt;/th&gt;
	&lt;/tr&gt;
	&lt;tr&gt;
		&lt;td class="tabelatd1"&gt;43&lt;/td&gt;
		&lt;td class="tabelatd1"&gt;Criciúma&lt;/td&gt;
		&lt;td class="tabelatd1"&gt;SC&lt;/td&gt;
&lt;th class="tabelatd1" border="1"&gt;&lt;a class="noPrint" href="?class=ControleCidade&amp;opera=A&amp;id=43"&gt;[Alterar] &lt;/a&gt;&lt;a class="noPrint" href="?class=ControleCidade&amp;opera=C&amp;id=43"&gt;[Consultar] &lt;/a&gt;&lt;a class="noPrint" href="?class=ControleCidade&amp;opera=D&amp;id=43" onClick="return ConfirmaExclusao('');"&gt;[Deletar&amp;nbsp;registro] &lt;/a&gt;&lt;/th&gt;
	&lt;/tr&gt;
	&lt;tr&gt;
		&lt;td class="tabelatd2"&gt;44&lt;/td&gt;
		&lt;td class="tabelatd2"&gt;Criciúma&lt;/td&gt;
		&lt;td class="tabelatd2"&gt;SC&lt;/td&gt;
&lt;th class="tabelatd2" border="1"&gt;&lt;a class="noPrint" href="?class=ControleCidade&amp;opera=A&amp;id=44"&gt;[Alterar] &lt;/a&gt;&lt;a class="noPrint" href="?class=ControleCidade&amp;opera=C&amp;id=44"&gt;[Consultar] &lt;/a&gt;&lt;a class="noPrint" href="?class=ControleCidade&amp;opera=D&amp;id=44" onClick="return ConfirmaExclusao('');"&gt;[Deletar&amp;nbsp;registro] &lt;/a&gt;&lt;/th&gt;
	&lt;/tr&gt;
	&lt;tr&gt;
		&lt;td class="tabelatd1"&gt;45&lt;/td&gt;
		&lt;td class="tabelatd1"&gt;Criciúma&lt;/td&gt;
		&lt;td class="tabelatd1"&gt;SC&lt;/td&gt;
&lt;th class="tabelatd1" border="1"&gt;&lt;a class="noPrint" href="?class=ControleCidade&amp;opera=A&amp;id=45"&gt;[Alterar] &lt;/a&gt;&lt;a class="noPrint" href="?class=ControleCidade&amp;opera=C&amp;id=45"&gt;[Consultar] &lt;/a&gt;&lt;a class="noPrint" href="?class=ControleCidade&amp;opera=D&amp;id=45" onClick="return ConfirmaExclusao('');"&gt;[Deletar&amp;nbsp;registro] &lt;/a&gt;&lt;/th&gt;
	&lt;/tr&gt;
	&lt;tr&gt;
		&lt;td class="tabelatd2"&gt;46&lt;/td&gt;
		&lt;td class="tabelatd2"&gt;Criciúma&lt;/td&gt;
		&lt;td class="tabelatd2"&gt;SC&lt;/td&gt;
&lt;th class="tabelatd2" border="1"&gt;&lt;a class="noPrint" href="?class=ControleCidade&amp;opera=A&amp;id=46"&gt;[Alterar] &lt;/a&gt;&lt;a class="noPrint" href="?class=ControleCidade&amp;opera=C&amp;id=46"&gt;[Consultar] &lt;/a&gt;&lt;a class="noPrint" href="?class=ControleCidade&amp;opera=D&amp;id=46" onClick="return ConfirmaExclusao('');"&gt;[Deletar&amp;nbsp;registro] &lt;/a&gt;&lt;/th&gt;
	&lt;/tr&gt;
	&lt;tr&gt;
		&lt;td class="tabelatd1"&gt;47&lt;/td&gt;
		&lt;td class="tabelatd1"&gt;Criciúma&lt;/td&gt;
		&lt;td class="tabelatd1"&gt;SC&lt;/td&gt;
&lt;th class="tabelatd1" border="1"&gt;&lt;a class="noPrint" href="?class=ControleCidade&amp;opera=A&amp;id=47"&gt;[Alterar] &lt;/a&gt;&lt;a class="noPrint" href="?class=ControleCidade&amp;opera=C&amp;id=47"&gt;[Consultar] &lt;/a&gt;&lt;a class="noPrint" href="?class=ControleCidade&amp;opera=D&amp;id=47" onClick="return ConfirmaExclusao('');"&gt;[Deletar&amp;nbsp;registro] &lt;/a&gt;&lt;/th&gt;
	&lt;/tr&gt;
	&lt;tr&gt;
		&lt;td class="tabelatd2"&gt;48&lt;/td&gt;
		&lt;td class="tabelatd2"&gt;Criciúma&lt;/td&gt;
		&lt;td class="tabelatd2"&gt;SC&lt;/td&gt;
&lt;th class="tabelatd2" border="1"&gt;&lt;a class="noPrint" href="?class=ControleCidade&amp;opera=A&amp;id=48"&gt;[Alterar] &lt;/a&gt;&lt;a class="noPrint" href="?class=ControleCidade&amp;opera=C&amp;id=48"&gt;[Consultar] &lt;/a&gt;&lt;a class="noPrint" href="?class=ControleCidade&amp;opera=D&amp;id=48" onClick="return ConfirmaExclusao('');"&gt;[Deletar&amp;nbsp;registro] &lt;/a&gt;&lt;/th&gt;
	&lt;/tr&gt;
	&lt;tr&gt;
		&lt;td class="tabelatd1"&gt;49&lt;/td&gt;
		&lt;td class="tabelatd1"&gt;Criciúma&lt;/td&gt;
		&lt;td class="tabelatd1"&gt;SC&lt;/td&gt;
&lt;th class="tabelatd1" border="1"&gt;&lt;a class="noPrint" href="?class=ControleCidade&amp;opera=A&amp;id=49"&gt;[Alterar] &lt;/a&gt;&lt;a class="noPrint" href="?class=ControleCidade&amp;opera=C&amp;id=49"&gt;[Consultar] &lt;/a&gt;&lt;a class="noPrint" href="?class=ControleCidade&amp;opera=D&amp;id=49" onClick="return ConfirmaExclusao('');"&gt;[Deletar&amp;nbsp;registro] &lt;/a&gt;&lt;/th&gt;
	&lt;/tr&gt;
	&lt;tr&gt;
		&lt;td class="tabelatd2"&gt;50&lt;/td&gt;
		&lt;td class="tabelatd2"&gt;Criciúma&lt;/td&gt;
		&lt;td class="tabelatd2"&gt;SC&lt;/td&gt;
&lt;th class="tabelatd2" border="1"&gt;&lt;a class="noPrint" href="?class=ControleCidade&amp;opera=A&amp;id=50"&gt;[Alterar] &lt;/a&gt;&lt;a class="noPrint" href="?class=ControleCidade&amp;opera=C&amp;id=50"&gt;[Consultar] &lt;/a&gt;&lt;a class="noPrint" href="?class=ControleCidade&amp;opera=D&amp;id=50" onClick="return ConfirmaExclusao('');"&gt;[Deletar&amp;nbsp;registro] &lt;/a&gt;&lt;/th&gt;
	&lt;/tr&gt;
	&lt;tr&gt;
		&lt;td class="tabelatd1"&gt;51&lt;/td&gt;
		&lt;td class="tabelatd1"&gt;Criciúma&lt;/td&gt;
		&lt;td class="tabelatd1"&gt;SC&lt;/td&gt;
&lt;th class="tabelatd1" border="1"&gt;&lt;a class="noPrint" href="?class=ControleCidade&amp;opera=A&amp;id=51"&gt;[Alterar] &lt;/a&gt;&lt;a class="noPrint" href="?class=ControleCidade&amp;opera=C&amp;id=51"&gt;[Consultar] &lt;/a&gt;&lt;a class="noPrint" href="?class=ControleCidade&amp;opera=D&amp;id=51" onClick="return ConfirmaExclusao('');"&gt;[Deletar&amp;nbsp;registro] &lt;/a&gt;&lt;/th&gt;
	&lt;/tr&gt;
	&lt;tr&gt;
		&lt;td class="tabelatd2"&gt;52&lt;/td&gt;
		&lt;td class="tabelatd2"&gt;Criciúma&lt;/td&gt;
		&lt;td class="tabelatd2"&gt;SC&lt;/td&gt;
&lt;th class="tabelatd2" border="1"&gt;&lt;a class="noPrint" href="?class=ControleCidade&amp;opera=A&amp;id=52"&gt;[Alterar] &lt;/a&gt;&lt;a class="noPrint" href="?class=ControleCidade&amp;opera=C&amp;id=52"&gt;[Consultar] &lt;/a&gt;&lt;a class="noPrint" href="?class=ControleCidade&amp;opera=D&amp;id=52" onClick="return ConfirmaExclusao('');"&gt;[Deletar&amp;nbsp;registro] &lt;/a&gt;&lt;/th&gt;
	&lt;/tr&gt;
	&lt;tr&gt;
		&lt;td class="tabelatd1"&gt;53&lt;/td&gt;
		&lt;td class="tabelatd1"&gt;Criciúma&lt;/td&gt;
		&lt;td class="tabelatd1"&gt;SC&lt;/td&gt;
&lt;th class="tabelatd1" border="1"&gt;&lt;a class="noPrint" href="?class=ControleCidade&amp;opera=A&amp;id=53"&gt;[Alterar] &lt;/a&gt;&lt;a class="noPrint" href="?class=ControleCidade&amp;opera=C&amp;id=53"&gt;[Consultar] &lt;/a&gt;&lt;a class="noPrint" href="?class=ControleCidade&amp;opera=D&amp;id=53" onClick="return ConfirmaExclusao('');"&gt;[Deletar&amp;nbsp;registro] &lt;/a&gt;&lt;/th&gt;
	&lt;/tr&gt;
	&lt;tr&gt;
		&lt;td class="tabelatd2"&gt;54&lt;/td&gt;
		&lt;td class="tabelatd2"&gt;Criciúma&lt;/td&gt;
		&lt;td class="tabelatd2"&gt;SC&lt;/td&gt;
&lt;th class="tabelatd2" border="1"&gt;&lt;a class="noPrint" href="?class=ControleCidade&amp;opera=A&amp;id=54"&gt;[Alterar] &lt;/a&gt;&lt;a class="noPrint" href="?class=ControleCidade&amp;opera=C&amp;id=54"&gt;[Consultar] &lt;/a&gt;&lt;a class="noPrint" href="?class=ControleCidade&amp;opera=D&amp;id=54" onClick="return ConfirmaExclusao('');"&gt;[Deletar&amp;nbsp;registro] &lt;/a&gt;&lt;/th&gt;
	&lt;/tr&gt;
	&lt;tr&gt;
		&lt;td class="tabelatd1"&gt;55&lt;/td&gt;
		&lt;td class="tabelatd1"&gt;Criciúma&lt;/td&gt;
		&lt;td class="tabelatd1"&gt;SC&lt;/td&gt;
&lt;th class="tabelatd1" border="1"&gt;&lt;a class="noPrint" href="?class=ControleCidade&amp;opera=A&amp;id=55"&gt;[Alterar] &lt;/a&gt;&lt;a class="noPrint" href="?class=ControleCidade&amp;opera=C&amp;id=55"&gt;[Consultar] &lt;/a&gt;&lt;a class="noPrint" href="?class=ControleCidade&amp;opera=D&amp;id=55" onClick="return ConfirmaExclusao('');"&gt;[Deletar&amp;nbsp;registro] &lt;/a&gt;&lt;/th&gt;
	&lt;/tr&gt;
	&lt;tr&gt;
		&lt;td class="tabelatd2"&gt;56&lt;/td&gt;
		&lt;td class="tabelatd2"&gt;Criciúma&lt;/td&gt;
		&lt;td class="tabelatd2"&gt;SC&lt;/td&gt;
&lt;th class="tabelatd2" border="1"&gt;&lt;a class="noPrint" href="?class=ControleCidade&amp;opera=A&amp;id=56"&gt;[Alterar] &lt;/a&gt;&lt;a class="noPrint" href="?class=ControleCidade&amp;opera=C&amp;id=56"&gt;[Consultar] &lt;/a&gt;&lt;a class="noPrint" href="?class=ControleCidade&amp;opera=D&amp;id=56" onClick="return ConfirmaExclusao('');"&gt;[Deletar&amp;nbsp;registro] &lt;/a&gt;&lt;/th&gt;
	&lt;/tr&gt;
	&lt;tr&gt;
		&lt;td class="tabelatd1"&gt;57&lt;/td&gt;
		&lt;td class="tabelatd1"&gt;Criciúma&lt;/td&gt;
		&lt;td class="tabelatd1"&gt;SC&lt;/td&gt;
&lt;th class="tabelatd1" border="1"&gt;&lt;a class="noPrint" href="?class=ControleCidade&amp;opera=A&amp;id=57"&gt;[Alterar] &lt;/a&gt;&lt;a class="noPrint" href="?class=ControleCidade&amp;opera=C&amp;id=57"&gt;[Consultar] &lt;/a&gt;&lt;a class="noPrint" href="?class=ControleCidade&amp;opera=D&amp;id=57" onClick="return ConfirmaExclusao('');"&gt;[Deletar&amp;nbsp;registro] &lt;/a&gt;&lt;/th&gt;
	&lt;/tr&gt;
	&lt;tr&gt;
		&lt;td class="tabelatd2"&gt;11&lt;/td&gt;
		&lt;td class="tabelatd2"&gt;Curitiba&lt;/td&gt;
		&lt;td class="tabelatd2"&gt;PR&lt;/td&gt;
&lt;th class="tabelatd2" border="1"&gt;&lt;a class="noPrint" href="?class=ControleCidade&amp;opera=A&amp;id=11"&gt;[Alterar] &lt;/a&gt;&lt;a class="noPrint" href="?class=ControleCidade&amp;opera=C&amp;id=11"&gt;[Consultar] &lt;/a&gt;&lt;a class="noPrint" href="?class=ControleCidade&amp;opera=D&amp;id=11" onClick="return ConfirmaExclusao('');"&gt;[Deletar&amp;nbsp;registro] &lt;/a&gt;&lt;/th&gt;
	&lt;/tr&gt;
	&lt;tr&gt;
		&lt;td class="tabelatd1"&gt;3&lt;/td&gt;
		&lt;td class="tabelatd1"&gt;Florianópolis&lt;/td&gt;
		&lt;td class="tabelatd1"&gt;SC&lt;/td&gt;
&lt;th class="tabelatd1" border="1"&gt;&lt;a class="noPrint" href="?class=ControleCidade&amp;opera=A&amp;id=3"&gt;[Alterar] &lt;/a&gt;&lt;a class="noPrint" href="?class=ControleCidade&amp;opera=C&amp;id=3"&gt;[Consultar] &lt;/a&gt;&lt;a class="noPrint" href="?class=ControleCidade&amp;opera=D&amp;id=3" onClick="return ConfirmaExclusao('');"&gt;[Deletar&amp;nbsp;registro] &lt;/a&gt;&lt;/th&gt;
	&lt;/tr&gt;
	&lt;tr&gt;
		&lt;td class="tabelatd2"&gt;2&lt;/td&gt;
		&lt;td class="tabelatd2"&gt;Forquilhinha&lt;/td&gt;
		&lt;td class="tabelatd2"&gt;SC&lt;/td&gt;
&lt;th class="tabelatd2" border="1"&gt;&lt;a class="noPrint" href="?class=ControleCidade&amp;opera=A&amp;id=2"&gt;[Alterar] &lt;/a&gt;&lt;a class="noPrint" href="?class=ControleCidade&amp;opera=C&amp;id=2"&gt;[Consultar] &lt;/a&gt;&lt;a class="noPrint" href="?class=ControleCidade&amp;opera=D&amp;id=2" onClick="return ConfirmaExclusao('');"&gt;[Deletar&amp;nbsp;registro] &lt;/a&gt;&lt;/th&gt;
	&lt;/tr&gt;
	&lt;tr&gt;
		&lt;td class="tabelatd1"&gt;6&lt;/td&gt;
		&lt;td class="tabelatd1"&gt;Içara&lt;/td&gt;
		&lt;td class="tabelatd1"&gt;SC&lt;/td&gt;
&lt;th class="tabelatd1" border="1"&gt;&lt;a class="noPrint" href="?class=ControleCidade&amp;opera=A&amp;id=6"&gt;[Alterar] &lt;/a&gt;&lt;a class="noPrint" href="?class=ControleCidade&amp;opera=C&amp;id=6"&gt;[Consultar] &lt;/a&gt;&lt;a class="noPrint" href="?class=ControleCidade&amp;opera=D&amp;id=6" onClick="return ConfirmaExclusao('');"&gt;[Deletar&amp;nbsp;registro] &lt;/a&gt;&lt;/th&gt;
	&lt;/tr&gt;
	&lt;tr&gt;
		&lt;td class="tabelatd2"&gt;7&lt;/td&gt;
		&lt;td class="tabelatd2"&gt;Maracajá&lt;/td&gt;
		&lt;td class="tabelatd2"&gt;SC&lt;/td&gt;
&lt;th class="tabelatd2" border="1"&gt;&lt;a class="noPrint" href="?class=ControleCidade&amp;opera=A&amp;id=7"&gt;[Alterar] &lt;/a&gt;&lt;a class="noPrint" href="?class=ControleCidade&amp;opera=C&amp;id=7"&gt;[Consultar] &lt;/a&gt;&lt;a class="noPrint" href="?class=ControleCidade&amp;opera=D&amp;id=7" onClick="return ConfirmaExclusao('');"&gt;[Deletar&amp;nbsp;registro] &lt;/a&gt;&lt;/th&gt;
	&lt;/tr&gt;
	&lt;tr&gt;
		&lt;td class="tabelatd1"&gt;12&lt;/td&gt;
		&lt;td class="tabelatd1"&gt;Porto Alegre&lt;/td&gt;
		&lt;td class="tabelatd1"&gt;RS&lt;/td&gt;
&lt;th class="tabelatd1" border="1"&gt;&lt;a class="noPrint" href="?class=ControleCidade&amp;opera=A&amp;id=12"&gt;[Alterar] &lt;/a&gt;&lt;a class="noPrint" href="?class=ControleCidade&amp;opera=C&amp;id=12"&gt;[Consultar] &lt;/a&gt;&lt;a class="noPrint" href="?class=ControleCidade&amp;opera=D&amp;id=12" onClick="return ConfirmaExclusao('');"&gt;[Deletar&amp;nbsp;registro] &lt;/a&gt;&lt;/th&gt;
	&lt;/tr&gt;
	&lt;tr&gt;
		&lt;td class="tabelatd2"&gt;10&lt;/td&gt;
		&lt;td class="tabelatd2"&gt;São Paulo (Capital)&lt;/td&gt;
		&lt;td class="tabelatd2"&gt;SP&lt;/td&gt;
&lt;th class="tabelatd2" border="1"&gt;&lt;a class="noPrint" href="?class=ControleCidade&amp;opera=A&amp;id=10"&gt;[Alterar] &lt;/a&gt;&lt;a class="noPrint" href="?class=ControleCidade&amp;opera=C&amp;id=10"&gt;[Consultar] &lt;/a&gt;&lt;a class="noPrint" href="?class=ControleCidade&amp;opera=D&amp;id=10" onClick="return ConfirmaExclusao('');"&gt;[Deletar&amp;nbsp;registro] &lt;/a&gt;&lt;/th&gt;
	&lt;/tr&gt;
	&lt;tr&gt;
		&lt;td class="tabelatd1"&gt;4&lt;/td&gt;
		&lt;td class="tabelatd1"&gt;Urussanga&lt;/td&gt;
		&lt;td class="tabelatd1"&gt;SC&lt;/td&gt;
&lt;th class="tabelatd1" border="1"&gt;&lt;a class="noPrint" href="?class=ControleCidade&amp;opera=A&amp;id=4"&gt;[Alterar] &lt;/a&gt;&lt;a class="noPrint" href="?class=ControleCidade&amp;opera=C&amp;id=4"&gt;[Consultar] &lt;/a&gt;&lt;a class="noPrint" href="?class=ControleCidade&amp;opera=D&amp;id=4" onClick="return ConfirmaExclusao('');"&gt;[Deletar&amp;nbsp;registro] &lt;/a&gt;&lt;/th&gt;
	&lt;/tr&gt;
&lt;/Table&gt;
&lt;h3&gt;Número de registros na lista: 55&lt;/h3&gt;
&lt;/div&gt;
&lt;/body&gt;
&lt;/html&gt;</system-out>
      </testcase>
      <testcase name="testGravar" class="DaoControleCidadeTest" classname="DaoControleCidadeTest" file="C:\Apache24\htdocs\Associacao\tests\controller\DaoControleCidadeTest.php" line="67" assertions="1" time="0.024295"/>
      <testcase name="testExiste" class="DaoControleCidadeTest" classname="DaoControleCidadeTest" file="C:\Apache24\htdocs\Associacao\tests\controller\DaoControleCidadeTest.php" line="75" assertions="1" time="0.022761"/>
      <testcase name="testInsere" class="DaoControleCidadeTest" classname="DaoControleCidadeTest" file="C:\Apache24\htdocs\Associacao\tests\controller\DaoControleCidadeTest.php" line="83" assertions="1" time="0.024031"/>
      <testcase name="testAltera" class="DaoControleCidadeTest" classname="DaoControleCidadeTest" file="C:\Apache24\htdocs\Associacao\tests\controller\DaoControleCidadeTest.php" line="91" assertions="1" time="0.024151"/>
      <testcase name="testApaga" class="DaoControleCidadeTest" classname="DaoControleCidadeTest" file="C:\Apache24\htdocs\Associacao\tests\controller\DaoControleCidadeTest.php" line="99" assertions="1" time="0.022445"/>
      <testcase name="testLer" class="DaoControleCidadeTest" classname="DaoControleCidadeTest" file="C:\Apache24\htdocs\Associacao\tests\controller\DaoControleCidadeTest.php" line="107" assertions="1" time="0.022946"/>
      <testcase name="testLista" class="DaoControleCidadeTest" classname="DaoControleCidadeTest" file="C:\Apache24\htdocs\Associacao\tests\controller\DaoControleCidadeTest.php" line="115" assertions="1" time="0.042248">
        <system-out>&lt;input type="button" onclick="imprimirDiv('divCIDADE', this);" value="Imprimir lista"&gt;&lt;div id='divCIDADE'&gt;
&lt;Table class="tabela" width="100%" border="1" cellpadding="3" cellspacing="0"&gt;
&lt;tr&gt;
&lt;th class="tabelath" border="1"&gt;ID&lt;/th&gt;
&lt;th class="tabelath" border="1"&gt;NOME&lt;/th&gt;
&lt;th class="tabelath" border="1"&gt;SIGLA_UF&lt;/th&gt;
&lt;th class="tabelath" border="1"&gt;OPERAÇÃO&lt;/th&gt;
&lt;/tr&gt;
	&lt;tr&gt;
		&lt;td class="tabelatd1"&gt;5&lt;/td&gt;
		&lt;td class="tabelatd1"&gt;Cocal do Sul&lt;/td&gt;
		&lt;td class="tabelatd1"&gt;SC&lt;/td&gt;
&lt;th class="tabelatd1" border="1"&gt;&lt;a class="noPrint" href="?class=ControleCidade&amp;opera=A&amp;id=5"&gt;[Alterar] &lt;/a&gt;&lt;a class="noPrint" href="?class=ControleCidade&amp;opera=C&amp;id=5"&gt;[Consultar] &lt;/a&gt;&lt;a class="noPrint" href="?class=ControleCidade&amp;opera=D&amp;id=5" onClick="return ConfirmaExclusao('');"&gt;[Deletar&amp;nbsp;registro] &lt;/a&gt;&lt;/th&gt;
	&lt;/tr&gt;
	&lt;tr&gt;
		&lt;td class="tabelatd2"&gt;1&lt;/td&gt;
		&lt;td class="tabelatd2"&gt;Criciúma&lt;/td&gt;
		&lt;td class="tabelatd2"&gt;SC&lt;/td&gt;
&lt;th class="tabelatd2" border="1"&gt;&lt;a class="noPrint" href="?class=ControleCidade&amp;opera=A&amp;id=1"&gt;[Alterar] &lt;/a&gt;&lt;a class="noPrint" href="?class=ControleCidade&amp;opera=C&amp;id=1"&gt;[Consultar] &lt;/a&gt;&lt;a class="noPrint" href="?class=ControleCidade&amp;opera=D&amp;id=1" onClick="return ConfirmaExclusao('');"&gt;[Deletar&amp;nbsp;registro] &lt;/a&gt;&lt;/th&gt;
	&lt;/tr&gt;
	&lt;tr&gt;
		&lt;td class="tabelatd1"&gt;13&lt;/td&gt;
		&lt;td class="tabelatd1"&gt;Criciúma&lt;/td&gt;
		&lt;td class="tabelatd1"&gt;SC&lt;/td&gt;
&lt;th class="tabelatd1" border="1"&gt;&lt;a class="noPrint" href="?class=ControleCidade&amp;opera=A&amp;id=13"&gt;[Alterar] &lt;/a&gt;&lt;a class="noPrint" href="?class=ControleCidade&amp;opera=C&amp;id=13"&gt;[Consultar] &lt;/a&gt;&lt;a class="noPrint" href="?class=ControleCidade&amp;opera=D&amp;id=13" onClick="return ConfirmaExclusao('');"&gt;[Deletar&amp;nbsp;registro] &lt;/a&gt;&lt;/th&gt;
	&lt;/tr&gt;
	&lt;tr&gt;
		&lt;td class="tabelatd2"&gt;14&lt;/td&gt;
		&lt;td class="tabelatd2"&gt;Criciúma&lt;/td&gt;
		&lt;td class="tabelatd2"&gt;SC&lt;/td&gt;
&lt;th class="tabelatd2" border="1"&gt;&lt;a class="noPrint" href="?class=ControleCidade&amp;opera=A&amp;id=14"&gt;[Alterar] &lt;/a&gt;&lt;a class="noPrint" href="?class=ControleCidade&amp;opera=C&amp;id=14"&gt;[Consultar] &lt;/a&gt;&lt;a class="noPrint" href="?class=ControleCidade&amp;opera=D&amp;id=14" onClick="return ConfirmaExclusao('');"&gt;[Deletar&amp;nbsp;registro] &lt;/a&gt;&lt;/th&gt;
	&lt;/tr&gt;
	&lt;tr&gt;
		&lt;td class="tabelatd1"&gt;15&lt;/td&gt;
		&lt;td class="tabelatd1"&gt;Criciúma&lt;/td&gt;
		&lt;td class="tabelatd1"&gt;SC&lt;/td&gt;
&lt;th class="tabelatd1" border="1"&gt;&lt;a class="noPrint" href="?class=ControleCidade&amp;opera=A&amp;id=15"&gt;[Alterar] &lt;/a&gt;&lt;a class="noPrint" href="?class=ControleCidade&amp;opera=C&amp;id=15"&gt;[Consultar] &lt;/a&gt;&lt;a class="noPrint" href="?class=ControleCidade&amp;opera=D&amp;id=15" onClick="return ConfirmaExclusao('');"&gt;[Deletar&amp;nbsp;registro] &lt;/a&gt;&lt;/th&gt;
	&lt;/tr&gt;
	&lt;tr&gt;
		&lt;td class="tabelatd2"&gt;16&lt;/td&gt;
		&lt;td class="tabelatd2"&gt;Criciúma&lt;/td&gt;
		&lt;td class="tabelatd2"&gt;SC&lt;/td&gt;
&lt;th class="tabelatd2" border="1"&gt;&lt;a class="noPrint" href="?class=ControleCidade&amp;opera=A&amp;id=16"&gt;[Alterar] &lt;/a&gt;&lt;a class="noPrint" href="?class=ControleCidade&amp;opera=C&amp;id=16"&gt;[Consultar] &lt;/a&gt;&lt;a class="noPrint" href="?class=ControleCidade&amp;opera=D&amp;id=16" onClick="return ConfirmaExclusao('');"&gt;[Deletar&amp;nbsp;registro] &lt;/a&gt;&lt;/th&gt;
	&lt;/tr&gt;
	&lt;tr&gt;
		&lt;td class="tabelatd1"&gt;17&lt;/td&gt;
		&lt;td class="tabelatd1"&gt;Criciúma&lt;/td&gt;
		&lt;td class="tabelatd1"&gt;SC&lt;/td&gt;
&lt;th class="tabelatd1" border="1"&gt;&lt;a class="noPrint" href="?class=ControleCidade&amp;opera=A&amp;id=17"&gt;[Alterar] &lt;/a&gt;&lt;a class="noPrint" href="?class=ControleCidade&amp;opera=C&amp;id=17"&gt;[Consultar] &lt;/a&gt;&lt;a class="noPrint" href="?class=ControleCidade&amp;opera=D&amp;id=17" onClick="return ConfirmaExclusao('');"&gt;[Deletar&amp;nbsp;registro] &lt;/a&gt;&lt;/th&gt;
	&lt;/tr&gt;
	&lt;tr&gt;
		&lt;td class="tabelatd2"&gt;18&lt;/td&gt;
		&lt;td class="tabelatd2"&gt;Criciúma&lt;/td&gt;
		&lt;td class="tabelatd2"&gt;SC&lt;/td&gt;
&lt;th class="tabelatd2" border="1"&gt;&lt;a class="noPrint" href="?class=ControleCidade&amp;opera=A&amp;id=18"&gt;[Alterar] &lt;/a&gt;&lt;a class="noPrint" href="?class=ControleCidade&amp;opera=C&amp;id=18"&gt;[Consultar] &lt;/a&gt;&lt;a class="noPrint" href="?class=ControleCidade&amp;opera=D&amp;id=18" onClick="return ConfirmaExclusao('');"&gt;[Deletar&amp;nbsp;registro] &lt;/a&gt;&lt;/th&gt;
	&lt;/tr&gt;
	&lt;tr&gt;
		&lt;td class="tabelatd1"&gt;19&lt;/td&gt;
		&lt;td class="tabelatd1"&gt;Criciúma&lt;/td&gt;
		&lt;td class="tabelatd1"&gt;SC&lt;/td&gt;
&lt;th class="tabelatd1" border="1"&gt;&lt;a class="noPrint" href="?class=ControleCidade&amp;opera=A&amp;id=19"&gt;[Alterar] &lt;/a&gt;&lt;a class="noPrint" href="?class=ControleCidade&amp;opera=C&amp;id=19"&gt;[Consultar] &lt;/a&gt;&lt;a class="noPrint" href="?class=ControleCidade&amp;opera=D&amp;id=19" onClick="return ConfirmaExclusao('');"&gt;[Deletar&amp;nbsp;registro] &lt;/a&gt;&lt;/th&gt;
	&lt;/tr&gt;
	&lt;tr&gt;
		&lt;td class="tabelatd2"&gt;20&lt;/td&gt;
		&lt;td class="tabelatd2"&gt;Criciúma&lt;/td&gt;
		&lt;td class="tabelatd2"&gt;SC&lt;/td&gt;
&lt;th class="tabelatd2" border="1"&gt;&lt;a class="noPrint" href="?class=ControleCidade&amp;opera=A&amp;id=20"&gt;[Alterar] &lt;/a&gt;&lt;a class="noPrint" href="?class=ControleCidade&amp;opera=C&amp;id=20"&gt;[Consultar] &lt;/a&gt;&lt;a class="noPrint" href="?class=ControleCidade&amp;opera=D&amp;id=20" onClick="return ConfirmaExclusao('');"&gt;[Deletar&amp;nbsp;registro] &lt;/a&gt;&lt;/th&gt;
	&lt;/tr&gt;
	&lt;tr&gt;
		&lt;td class="tabelatd1"&gt;21&lt;/td&gt;
		&lt;td class="tabelatd1"&gt;Criciúma&lt;/td&gt;
		&lt;td class="tabelatd1"&gt;SC&lt;/td&gt;
&lt;th class="tabelatd1" border="1"&gt;&lt;a class="noPrint" href="?class=ControleCidade&amp;opera=A&amp;id=21"&gt;[Alterar] &lt;/a&gt;&lt;a class="noPrint" href="?class=ControleCidade&amp;opera=C&amp;id=21"&gt;[Consultar] &lt;/a&gt;&lt;a class="noPrint" href="?class=ControleCidade&amp;opera=D&amp;id=21" onClick="return ConfirmaExclusao('');"&gt;[Deletar&amp;nbsp;registro] &lt;/a&gt;&lt;/th&gt;
	&lt;/tr&gt;
	&lt;tr&gt;
		&lt;td class="tabelatd2"&gt;22&lt;/td&gt;
		&lt;td class="tabelatd2"&gt;Criciúma&lt;/td&gt;
		&lt;td class="tabelatd2"&gt;SC&lt;/td&gt;
&lt;th class="tabelatd2" border="1"&gt;&lt;a class="noPrint" href="?class=ControleCidade&amp;opera=A&amp;id=22"&gt;[Alterar] &lt;/a&gt;&lt;a class="noPrint" href="?class=ControleCidade&amp;opera=C&amp;id=22"&gt;[Consultar] &lt;/a&gt;&lt;a class="noPrint" href="?class=ControleCidade&amp;opera=D&amp;id=22" onClick="return ConfirmaExclusao('');"&gt;[Deletar&amp;nbsp;registro] &lt;/a&gt;&lt;/th&gt;
	&lt;/tr&gt;
	&lt;tr&gt;
		&lt;td class="tabelatd1"&gt;23&lt;/td&gt;
		&lt;td class="tabelatd1"&gt;Criciúma&lt;/td&gt;
		&lt;td class="tabelatd1"&gt;SC&lt;/td&gt;
&lt;th class="tabelatd1" border="1"&gt;&lt;a class="noPrint" href="?class=ControleCidade&amp;opera=A&amp;id=23"&gt;[Alterar] &lt;/a&gt;&lt;a class="noPrint" href="?class=ControleCidade&amp;opera=C&amp;id=23"&gt;[Consultar] &lt;/a&gt;&lt;a class="noPrint" href="?class=ControleCidade&amp;opera=D&amp;id=23" onClick="return ConfirmaExclusao('');"&gt;[Deletar&amp;nbsp;registro] &lt;/a&gt;&lt;/th&gt;
	&lt;/tr&gt;
	&lt;tr&gt;
		&lt;td class="tabelatd2"&gt;24&lt;/td&gt;
		&lt;td class="tabelatd2"&gt;Criciúma&lt;/td&gt;
		&lt;td class="tabelatd2"&gt;SC&lt;/td&gt;
&lt;th class="tabelatd2" border="1"&gt;&lt;a class="noPrint" href="?class=ControleCidade&amp;opera=A&amp;id=24"&gt;[Alterar] &lt;/a&gt;&lt;a class="noPrint" href="?class=ControleCidade&amp;opera=C&amp;id=24"&gt;[Consultar] &lt;/a&gt;&lt;a class="noPrint" href="?class=ControleCidade&amp;opera=D&amp;id=24" onClick="return ConfirmaExclusao('');"&gt;[Deletar&amp;nbsp;registro] &lt;/a&gt;&lt;/th&gt;
	&lt;/tr&gt;
	&lt;tr&gt;
		&lt;td class="tabelatd1"&gt;25&lt;/td&gt;
		&lt;td class="tabelatd1"&gt;Criciúma&lt;/td&gt;
		&lt;td class="tabelatd1"&gt;SC&lt;/td&gt;
&lt;th class="tabelatd1" border="1"&gt;&lt;a class="noPrint" href="?class=ControleCidade&amp;opera=A&amp;id=25"&gt;[Alterar] &lt;/a&gt;&lt;a class="noPrint" href="?class=ControleCidade&amp;opera=C&amp;id=25"&gt;[Consultar] &lt;/a&gt;&lt;a class="noPrint" href="?class=ControleCidade&amp;opera=D&amp;id=25" onClick="return ConfirmaExclusao('');"&gt;[Deletar&amp;nbsp;registro] &lt;/a&gt;&lt;/th&gt;
	&lt;/tr&gt;
	&lt;tr&gt;
		&lt;td class="tabelatd2"&gt;26&lt;/td&gt;
		&lt;td class="tabelatd2"&gt;Criciúma&lt;/td&gt;
		&lt;td class="tabelatd2"&gt;SC&lt;/td&gt;
&lt;th class="tabelatd2" border="1"&gt;&lt;a class="noPrint" href="?class=ControleCidade&amp;opera=A&amp;id=26"&gt;[Alterar] &lt;/a&gt;&lt;a class="noPrint" href="?class=ControleCidade&amp;opera=C&amp;id=26"&gt;[Consultar] &lt;/a&gt;&lt;a class="noPrint" href="?class=ControleCidade&amp;opera=D&amp;id=26" onClick="return ConfirmaExclusao('');"&gt;[Deletar&amp;nbsp;registro] &lt;/a&gt;&lt;/th&gt;
	&lt;/tr&gt;
	&lt;tr&gt;
		&lt;td class="tabelatd1"&gt;27&lt;/td&gt;
		&lt;td class="tabelatd1"&gt;Criciúma&lt;/td&gt;
		&lt;td class="tabelatd1"&gt;SC&lt;/td&gt;
&lt;th class="tabelatd1" border="1"&gt;&lt;a class="noPrint" href="?class=ControleCidade&amp;opera=A&amp;id=27"&gt;[Alterar] &lt;/a&gt;&lt;a class="noPrint" href="?class=ControleCidade&amp;opera=C&amp;id=27"&gt;[Consultar] &lt;/a&gt;&lt;a class="noPrint" href="?class=ControleCidade&amp;opera=D&amp;id=27" onClick="return ConfirmaExclusao('');"&gt;[Deletar&amp;nbsp;registro] &lt;/a&gt;&lt;/th&gt;
	&lt;/tr&gt;
	&lt;tr&gt;
		&lt;td class="tabelatd2"&gt;28&lt;/td&gt;
		&lt;td class="tabelatd2"&gt;Criciúma&lt;/td&gt;
		&lt;td class="tabelatd2"&gt;SC&lt;/td&gt;
&lt;th class="tabelatd2" border="1"&gt;&lt;a class="noPrint" href="?class=ControleCidade&amp;opera=A&amp;id=28"&gt;[Alterar] &lt;/a&gt;&lt;a class="noPrint" href="?class=ControleCidade&amp;opera=C&amp;id=28"&gt;[Consultar] &lt;/a&gt;&lt;a class="noPrint" href="?class=ControleCidade&amp;opera=D&amp;id=28" onClick="return ConfirmaExclusao('');"&gt;[Deletar&amp;nbsp;registro] &lt;/a&gt;&lt;/th&gt;
	&lt;/tr&gt;
	&lt;tr&gt;
		&lt;td class="tabelatd1"&gt;29&lt;/td&gt;
		&lt;td class="tabelatd1"&gt;Criciúma&lt;/td&gt;
		&lt;td class="tabelatd1"&gt;SC&lt;/td&gt;
&lt;th class="tabelatd1" border="1"&gt;&lt;a class="noPrint" href="?class=ControleCidade&amp;opera=A&amp;id=29"&gt;[Alterar] &lt;/a&gt;&lt;a class="noPrint" href="?class=ControleCidade&amp;opera=C&amp;id=29"&gt;[Consultar] &lt;/a&gt;&lt;a class="noPrint" href="?class=ControleCidade&amp;opera=D&amp;id=29" onClick="return ConfirmaExclusao('');"&gt;[Deletar&amp;nbsp;registro] &lt;/a&gt;&lt;/th&gt;
	&lt;/tr&gt;
	&lt;tr&gt;
		&lt;td class="tabelatd2"&gt;30&lt;/td&gt;
		&lt;td class="tabelatd2"&gt;Criciúma&lt;/td&gt;
		&lt;td class="tabelatd2"&gt;SC&lt;/td&gt;
&lt;th class="tabelatd2" border="1"&gt;&lt;a class="noPrint" href="?class=ControleCidade&amp;opera=A&amp;id=30"&gt;[Alterar] &lt;/a&gt;&lt;a class="noPrint" href="?class=ControleCidade&amp;opera=C&amp;id=30"&gt;[Consultar] &lt;/a&gt;&lt;a class="noPrint" href="?class=ControleCidade&amp;opera=D&amp;id=30" onClick="return ConfirmaExclusao('');"&gt;[Deletar&amp;nbsp;registro] &lt;/a&gt;&lt;/th&gt;
	&lt;/tr&gt;
	&lt;tr&gt;
		&lt;td class="tabelatd1"&gt;31&lt;/td&gt;
		&lt;td class="tabelatd1"&gt;Criciúma&lt;/td&gt;
		&lt;td class="tabelatd1"&gt;SC&lt;/td&gt;
&lt;th class="tabelatd1" border="1"&gt;&lt;a class="noPrint" href="?class=ControleCidade&amp;opera=A&amp;id=31"&gt;[Alterar] &lt;/a&gt;&lt;a class="noPrint" href="?class=ControleCidade&amp;opera=C&amp;id=31"&gt;[Consultar] &lt;/a&gt;&lt;a class="noPrint" href="?class=ControleCidade&amp;opera=D&amp;id=31" onClick="return ConfirmaExclusao('');"&gt;[Deletar&amp;nbsp;registro] &lt;/a&gt;&lt;/th&gt;
	&lt;/tr&gt;
	&lt;tr&gt;
		&lt;td class="tabelatd2"&gt;32&lt;/td&gt;
		&lt;td class="tabelatd2"&gt;Criciúma&lt;/td&gt;
		&lt;td class="tabelatd2"&gt;SC&lt;/td&gt;
&lt;th class="tabelatd2" border="1"&gt;&lt;a class="noPrint" href="?class=ControleCidade&amp;opera=A&amp;id=32"&gt;[Alterar] &lt;/a&gt;&lt;a class="noPrint" href="?class=ControleCidade&amp;opera=C&amp;id=32"&gt;[Consultar] &lt;/a&gt;&lt;a class="noPrint" href="?class=ControleCidade&amp;opera=D&amp;id=32" onClick="return ConfirmaExclusao('');"&gt;[Deletar&amp;nbsp;registro] &lt;/a&gt;&lt;/th&gt;
	&lt;/tr&gt;
	&lt;tr&gt;
		&lt;td class="tabelatd1"&gt;33&lt;/td&gt;
		&lt;td class="tabelatd1"&gt;Criciúma&lt;/td&gt;
		&lt;td class="tabelatd1"&gt;SC&lt;/td&gt;
&lt;th class="tabelatd1" border="1"&gt;&lt;a class="noPrint" href="?class=ControleCidade&amp;opera=A&amp;id=33"&gt;[Alterar] &lt;/a&gt;&lt;a class="noPrint" href="?class=ControleCidade&amp;opera=C&amp;id=33"&gt;[Consultar] &lt;/a&gt;&lt;a class="noPrint" href="?class=ControleCidade&amp;opera=D&amp;id=33" onClick="return ConfirmaExclusao('');"&gt;[Deletar&amp;nbsp;registro] &lt;/a&gt;&lt;/th&gt;
	&lt;/tr&gt;
	&lt;tr&gt;
		&lt;td class="tabelatd2"&gt;34&lt;/td&gt;
		&lt;td class="tabelatd2"&gt;Criciúma&lt;/td&gt;
		&lt;td class="tabelatd2"&gt;SC&lt;/td&gt;
&lt;th class="tabelatd2" border="1"&gt;&lt;a class="noPrint" href="?class=ControleCidade&amp;opera=A&amp;id=34"&gt;[Alterar] &lt;/a&gt;&lt;a class="noPrint" href="?class=ControleCidade&amp;opera=C&amp;id=34"&gt;[Consultar] &lt;/a&gt;&lt;a class="noPrint" href="?class=ControleCidade&amp;opera=D&amp;id=34" onClick="return ConfirmaExclusao('');"&gt;[Deletar&amp;nbsp;registro] &lt;/a&gt;&lt;/th&gt;
	&lt;/tr&gt;
	&lt;tr&gt;
		&lt;td class="tabelatd1"&gt;35&lt;/td&gt;
		&lt;td class="tabelatd1"&gt;Criciúma&lt;/td&gt;
		&lt;td class="tabelatd1"&gt;SC&lt;/td&gt;
&lt;th class="tabelatd1" border="1"&gt;&lt;a class="noPrint" href="?class=ControleCidade&amp;opera=A&amp;id=35"&gt;[Alterar] &lt;/a&gt;&lt;a class="noPrint" href="?class=ControleCidade&amp;opera=C&amp;id=35"&gt;[Consultar] &lt;/a&gt;&lt;a class="noPrint" href="?class=ControleCidade&amp;opera=D&amp;id=35" onClick="return ConfirmaExclusao('');"&gt;[Deletar&amp;nbsp;registro] &lt;/a&gt;&lt;/th&gt;
	&lt;/tr&gt;
	&lt;tr&gt;
		&lt;td class="tabelatd2"&gt;36&lt;/td&gt;
		&lt;td class="tabelatd2"&gt;Criciúma&lt;/td&gt;
		&lt;td class="tabelatd2"&gt;SC&lt;/td&gt;
&lt;th class="tabelatd2" border="1"&gt;&lt;a class="noPrint" href="?class=ControleCidade&amp;opera=A&amp;id=36"&gt;[Alterar] &lt;/a&gt;&lt;a class="noPrint" href="?class=ControleCidade&amp;opera=C&amp;id=36"&gt;[Consultar] &lt;/a&gt;&lt;a class="noPrint" href="?class=ControleCidade&amp;opera=D&amp;id=36" onClick="return ConfirmaExclusao('');"&gt;[Deletar&amp;nbsp;registro] &lt;/a&gt;&lt;/th&gt;
	&lt;/tr&gt;
	&lt;tr&gt;
		&lt;td class="tabelatd1"&gt;37&lt;/td&gt;
		&lt;td class="tabelatd1"&gt;Criciúma&lt;/td&gt;
		&lt;td class="tabelatd1"&gt;SC&lt;/td&gt;
&lt;th class="tabelatd1" border="1"&gt;&lt;a class="noPrint" href="?class=ControleCidade&amp;opera=A&amp;id=37"&gt;[Alterar] &lt;/a&gt;&lt;a class="noPrint" href="?class=ControleCidade&amp;opera=C&amp;id=37"&gt;[Consultar] &lt;/a&gt;&lt;a class="noPrint" href="?class=ControleCidade&amp;opera=D&amp;id=37" onClick="return ConfirmaExclusao('');"&gt;[Deletar&amp;nbsp;registro] &lt;/a&gt;&lt;/th&gt;
	&lt;/tr&gt;
	&lt;tr&gt;
		&lt;td class="tabelatd2"&gt;38&lt;/td&gt;
		&lt;td class="tabelatd2"&gt;Criciúma&lt;/td&gt;
		&lt;td class="tabelatd2"&gt;SC&lt;/td&gt;
&lt;th class="tabelatd2" border="1"&gt;&lt;a class="noPrint" href="?class=ControleCidade&amp;opera=A&amp;id=38"&gt;[Alterar] &lt;/a&gt;&lt;a class="noPrint" href="?class=ControleCidade&amp;opera=C&amp;id=38"&gt;[Consultar] &lt;/a&gt;&lt;a class="noPrint" href="?class=ControleCidade&amp;opera=D&amp;id=38" onClick="return ConfirmaExclusao('');"&gt;[Deletar&amp;nbsp;registro] &lt;/a&gt;&lt;/th&gt;
	&lt;/tr&gt;
	&lt;tr&gt;
		&lt;td class="tabelatd1"&gt;39&lt;/td&gt;
		&lt;td class="tabelatd1"&gt;Criciúma&lt;/td&gt;
		&lt;td class="tabelatd1"&gt;SC&lt;/td&gt;
&lt;th class="tabelatd1" border="1"&gt;&lt;a class="noPrint" href="?class=ControleCidade&amp;opera=A&amp;id=39"&gt;[Alterar] &lt;/a&gt;&lt;a class="noPrint" href="?class=ControleCidade&amp;opera=C&amp;id=39"&gt;[Consultar] &lt;/a&gt;&lt;a class="noPrint" href="?class=ControleCidade&amp;opera=D&amp;id=39" onClick="return ConfirmaExclusao('');"&gt;[Deletar&amp;nbsp;registro] &lt;/a&gt;&lt;/th&gt;
	&lt;/tr&gt;
	&lt;tr&gt;
		&lt;td class="tabelatd2"&gt;40&lt;/td&gt;
		&lt;td class="tabelatd2"&gt;Criciúma&lt;/td&gt;
		&lt;td class="tabelatd2"&gt;SC&lt;/td&gt;
&lt;th class="tabelatd2" border="1"&gt;&lt;a class="noPrint" href="?class=ControleCidade&amp;opera=A&amp;id=40"&gt;[Alterar] &lt;/a&gt;&lt;a class="noPrint" href="?class=ControleCidade&amp;opera=C&amp;id=40"&gt;[Consultar] &lt;/a&gt;&lt;a class="noPrint" href="?class=ControleCidade&amp;opera=D&amp;id=40" onClick="return ConfirmaExclusao('');"&gt;[Deletar&amp;nbsp;registro] &lt;/a&gt;&lt;/th&gt;
	&lt;/tr&gt;
	&lt;tr&gt;
		&lt;td class="tabelatd1"&gt;41&lt;/td&gt;
		&lt;td class="tabelatd1"&gt;Criciúma&lt;/td&gt;
		&lt;td class="tabelatd1"&gt;SC&lt;/td&gt;
&lt;th class="tabelatd1" border="1"&gt;&lt;a class="noPrint" href="?class=ControleCidade&amp;opera=A&amp;id=41"&gt;[Alterar] &lt;/a&gt;&lt;a class="noPrint" href="?class=ControleCidade&amp;opera=C&amp;id=41"&gt;[Consultar] &lt;/a&gt;&lt;a class="noPrint" href="?class=ControleCidade&amp;opera=D&amp;id=41" onClick="return ConfirmaExclusao('');"&gt;[Deletar&amp;nbsp;registro] &lt;/a&gt;&lt;/th&gt;
	&lt;/tr&gt;
	&lt;tr&gt;
		&lt;td class="tabelatd2"&gt;42&lt;/td&gt;
		&lt;td class="tabelatd2"&gt;Criciúma&lt;/td&gt;
		&lt;td class="tabelatd2"&gt;SC&lt;/td&gt;
&lt;th class="tabelatd2" border="1"&gt;&lt;a class="noPrint" href="?class=ControleCidade&amp;opera=A&amp;id=42"&gt;[Alterar] &lt;/a&gt;&lt;a class="noPrint" href="?class=ControleCidade&amp;opera=C&amp;id=42"&gt;[Consultar] &lt;/a&gt;&lt;a class="noPrint" href="?class=ControleCidade&amp;opera=D&amp;id=42" onClick="return ConfirmaExclusao('');"&gt;[Deletar&amp;nbsp;registro] &lt;/a&gt;&lt;/th&gt;
	&lt;/tr&gt;
	&lt;tr&gt;
		&lt;td class="tabelatd1"&gt;43&lt;/td&gt;
		&lt;td class="tabelatd1"&gt;Criciúma&lt;/td&gt;
		&lt;td class="tabelatd1"&gt;SC&lt;/td&gt;
&lt;th class="tabelatd1" border="1"&gt;&lt;a class="noPrint" href="?class=ControleCidade&amp;opera=A&amp;id=43"&gt;[Alterar] &lt;/a&gt;&lt;a class="noPrint" href="?class=ControleCidade&amp;opera=C&amp;id=43"&gt;[Consultar] &lt;/a&gt;&lt;a class="noPrint" href="?class=ControleCidade&amp;opera=D&amp;id=43" onClick="return ConfirmaExclusao('');"&gt;[Deletar&amp;nbsp;registro] &lt;/a&gt;&lt;/th&gt;
	&lt;/tr&gt;
	&lt;tr&gt;
		&lt;td class="tabelatd2"&gt;44&lt;/td&gt;
		&lt;td class="tabelatd2"&gt;Criciúma&lt;/td&gt;
		&lt;td class="tabelatd2"&gt;SC&lt;/td&gt;
&lt;th class="tabelatd2" border="1"&gt;&lt;a class="noPrint" href="?class=ControleCidade&amp;opera=A&amp;id=44"&gt;[Alterar] &lt;/a&gt;&lt;a class="noPrint" href="?class=ControleCidade&amp;opera=C&amp;id=44"&gt;[Consultar] &lt;/a&gt;&lt;a class="noPrint" href="?class=ControleCidade&amp;opera=D&amp;id=44" onClick="return ConfirmaExclusao('');"&gt;[Deletar&amp;nbsp;registro] &lt;/a&gt;&lt;/th&gt;
	&lt;/tr&gt;
	&lt;tr&gt;
		&lt;td class="tabelatd1"&gt;45&lt;/td&gt;
		&lt;td class="tabelatd1"&gt;Criciúma&lt;/td&gt;
		&lt;td class="tabelatd1"&gt;SC&lt;/td&gt;
&lt;th class="tabelatd1" border="1"&gt;&lt;a class="noPrint" href="?class=ControleCidade&amp;opera=A&amp;id=45"&gt;[Alterar] &lt;/a&gt;&lt;a class="noPrint" href="?class=ControleCidade&amp;opera=C&amp;id=45"&gt;[Consultar] &lt;/a&gt;&lt;a class="noPrint" href="?class=ControleCidade&amp;opera=D&amp;id=45" onClick="return ConfirmaExclusao('');"&gt;[Deletar&amp;nbsp;registro] &lt;/a&gt;&lt;/th&gt;
	&lt;/tr&gt;
	&lt;tr&gt;
		&lt;td class="tabelatd2"&gt;46&lt;/td&gt;
		&lt;td class="tabelatd2"&gt;Criciúma&lt;/td&gt;
		&lt;td class="tabelatd2"&gt;SC&lt;/td&gt;
&lt;th class="tabelatd2" border="1"&gt;&lt;a class="noPrint" href="?class=ControleCidade&amp;opera=A&amp;id=46"&gt;[Alterar] &lt;/a&gt;&lt;a class="noPrint" href="?class=ControleCidade&amp;opera=C&amp;id=46"&gt;[Consultar] &lt;/a&gt;&lt;a class="noPrint" href="?class=ControleCidade&amp;opera=D&amp;id=46" onClick="return ConfirmaExclusao('');"&gt;[Deletar&amp;nbsp;registro] &lt;/a&gt;&lt;/th&gt;
	&lt;/tr&gt;
	&lt;tr&gt;
		&lt;td class="tabelatd1"&gt;47&lt;/td&gt;
		&lt;td class="tabelatd1"&gt;Criciúma&lt;/td&gt;
		&lt;td class="tabelatd1"&gt;SC&lt;/td&gt;
&lt;th class="tabelatd1" border="1"&gt;&lt;a class="noPrint" href="?class=ControleCidade&amp;opera=A&amp;id=47"&gt;[Alterar] &lt;/a&gt;&lt;a class="noPrint" href="?class=ControleCidade&amp;opera=C&amp;id=47"&gt;[Consultar] &lt;/a&gt;&lt;a class="noPrint" href="?class=ControleCidade&amp;opera=D&amp;id=47" onClick="return ConfirmaExclusao('');"&gt;[Deletar&amp;nbsp;registro] &lt;/a&gt;&lt;/th&gt;
	&lt;/tr&gt;
	&lt;tr&gt;
		&lt;td class="tabelatd2"&gt;48&lt;/td&gt;
		&lt;td class="tabelatd2"&gt;Criciúma&lt;/td&gt;
		&lt;td class="tabelatd2"&gt;SC&lt;/td&gt;
&lt;th class="tabelatd2" border="1"&gt;&lt;a class="noPrint" href="?class=ControleCidade&amp;opera=A&amp;id=48"&gt;[Alterar] &lt;/a&gt;&lt;a class="noPrint" href="?class=ControleCidade&amp;opera=C&amp;id=48"&gt;[Consultar] &lt;/a&gt;&lt;a class="noPrint" href="?class=ControleCidade&amp;opera=D&amp;id=48" onClick="return ConfirmaExclusao('');"&gt;[Deletar&amp;nbsp;registro] &lt;/a&gt;&lt;/th&gt;
	&lt;/tr&gt;
	&lt;tr&gt;
		&lt;td class="tabelatd1"&gt;49&lt;/td&gt;
		&lt;td class="tabelatd1"&gt;Criciúma&lt;/td&gt;
		&lt;td class="tabelatd1"&gt;SC&lt;/td&gt;
&lt;th class="tabelatd1" border="1"&gt;&lt;a class="noPrint" href="?class=ControleCidade&amp;opera=A&amp;id=49"&gt;[Alterar] &lt;/a&gt;&lt;a class="noPrint" href="?class=ControleCidade&amp;opera=C&amp;id=49"&gt;[Consultar] &lt;/a&gt;&lt;a class="noPrint" href="?class=ControleCidade&amp;opera=D&amp;id=49" onClick="return ConfirmaExclusao('');"&gt;[Deletar&amp;nbsp;registro] &lt;/a&gt;&lt;/th&gt;
	&lt;/tr&gt;
	&lt;tr&gt;
		&lt;td class="tabelatd2"&gt;50&lt;/td&gt;
		&lt;td class="tabelatd2"&gt;Criciúma&lt;/td&gt;
		&lt;td class="tabelatd2"&gt;SC&lt;/td&gt;
&lt;th class="tabelatd2" border="1"&gt;&lt;a class="noPrint" href="?class=ControleCidade&amp;opera=A&amp;id=50"&gt;[Alterar] &lt;/a&gt;&lt;a class="noPrint" href="?class=ControleCidade&amp;opera=C&amp;id=50"&gt;[Consultar] &lt;/a&gt;&lt;a class="noPrint" href="?class=ControleCidade&amp;opera=D&amp;id=50" onClick="return ConfirmaExclusao('');"&gt;[Deletar&amp;nbsp;registro] &lt;/a&gt;&lt;/th&gt;
	&lt;/tr&gt;
	&lt;tr&gt;
		&lt;td class="tabelatd1"&gt;51&lt;/td&gt;
		&lt;td class="tabelatd1"&gt;Criciúma&lt;/td&gt;
		&lt;td class="tabelatd1"&gt;SC&lt;/td&gt;
&lt;th class="tabelatd1" border="1"&gt;&lt;a class="noPrint" href="?class=ControleCidade&amp;opera=A&amp;id=51"&gt;[Alterar] &lt;/a&gt;&lt;a class="noPrint" href="?class=ControleCidade&amp;opera=C&amp;id=51"&gt;[Consultar] &lt;/a&gt;&lt;a class="noPrint" href="?class=ControleCidade&amp;opera=D&amp;id=51" onClick="return ConfirmaExclusao('');"&gt;[Deletar&amp;nbsp;registro] &lt;/a&gt;&lt;/th&gt;
	&lt;/tr&gt;
	&lt;tr&gt;
		&lt;td class="tabelatd2"&gt;52&lt;/td&gt;
		&lt;td class="tabelatd2"&gt;Criciúma&lt;/td&gt;
		&lt;td class="tabelatd2"&gt;SC&lt;/td&gt;
&lt;th class="tabelatd2" border="1"&gt;&lt;a class="noPrint" href="?class=ControleCidade&amp;opera=A&amp;id=52"&gt;[Alterar] &lt;/a&gt;&lt;a class="noPrint" href="?class=ControleCidade&amp;opera=C&amp;id=52"&gt;[Consultar] &lt;/a&gt;&lt;a class="noPrint" href="?class=ControleCidade&amp;opera=D&amp;id=52" onClick="return ConfirmaExclusao('');"&gt;[Deletar&amp;nbsp;registro] &lt;/a&gt;&lt;/th&gt;
	&lt;/tr&gt;
	&lt;tr&gt;
		&lt;td class="tabelatd1"&gt;53&lt;/td&gt;
		&lt;td class="tabelatd1"&gt;Criciúma&lt;/td&gt;
		&lt;td class="tabelatd1"&gt;SC&lt;/td&gt;
&lt;th class="tabelatd1" border="1"&gt;&lt;a class="noPrint" href="?class=ControleCidade&amp;opera=A&amp;id=53"&gt;[Alterar] &lt;/a&gt;&lt;a class="noPrint" href="?class=ControleCidade&amp;opera=C&amp;id=53"&gt;[Consultar] &lt;/a&gt;&lt;a class="noPrint" href="?class=ControleCidade&amp;opera=D&amp;id=53" onClick="return ConfirmaExclusao('');"&gt;[Deletar&amp;nbsp;registro] &lt;/a&gt;&lt;/th&gt;
	&lt;/tr&gt;
	&lt;tr&gt;
		&lt;td class="tabelatd2"&gt;54&lt;/td&gt;
		&lt;td class="tabelatd2"&gt;Criciúma&lt;/td&gt;
		&lt;td class="tabelatd2"&gt;SC&lt;/td&gt;
&lt;th class="tabelatd2" border="1"&gt;&lt;a class="noPrint" href="?class=ControleCidade&amp;opera=A&amp;id=54"&gt;[Alterar] &lt;/a&gt;&lt;a class="noPrint" href="?class=ControleCidade&amp;opera=C&amp;id=54"&gt;[Consultar] &lt;/a&gt;&lt;a class="noPrint" href="?class=ControleCidade&amp;opera=D&amp;id=54" onClick="return ConfirmaExclusao('');"&gt;[Deletar&amp;nbsp;registro] &lt;/a&gt;&lt;/th&gt;
	&lt;/tr&gt;
	&lt;tr&gt;
		&lt;td class="tabelatd1"&gt;55&lt;/td&gt;
		&lt;td class="tabelatd1"&gt;Criciúma&lt;/td&gt;
		&lt;td class="tabelatd1"&gt;SC&lt;/td&gt;
&lt;th class="tabelatd1" border="1"&gt;&lt;a class="noPrint" href="?class=ControleCidade&amp;opera=A&amp;id=55"&gt;[Alterar] &lt;/a&gt;&lt;a class="noPrint" href="?class=ControleCidade&amp;opera=C&amp;id=55"&gt;[Consultar] &lt;/a&gt;&lt;a class="noPrint" href="?class=ControleCidade&amp;opera=D&amp;id=55" onClick="return ConfirmaExclusao('');"&gt;[Deletar&amp;nbsp;registro] &lt;/a&gt;&lt;/th&gt;
	&lt;/tr&gt;
	&lt;tr&gt;
		&lt;td class="tabelatd2"&gt;56&lt;/td&gt;
		&lt;td class="tabelatd2"&gt;Criciúma&lt;/td&gt;
		&lt;td class="tabelatd2"&gt;SC&lt;/td&gt;
&lt;th class="tabelatd2" border="1"&gt;&lt;a class="noPrint" href="?class=ControleCidade&amp;opera=A&amp;id=56"&gt;[Alterar] &lt;/a&gt;&lt;a class="noPrint" href="?class=ControleCidade&amp;opera=C&amp;id=56"&gt;[Consultar] &lt;/a&gt;&lt;a class="noPrint" href="?class=ControleCidade&amp;opera=D&amp;id=56" onClick="return ConfirmaExclusao('');"&gt;[Deletar&amp;nbsp;registro] &lt;/a&gt;&lt;/th&gt;
	&lt;/tr&gt;
	&lt;tr&gt;
		&lt;td class="tabelatd1"&gt;57&lt;/td&gt;
		&lt;td class="tabelatd1"&gt;Criciúma&lt;/td&gt;
		&lt;td class="tabelatd1"&gt;SC&lt;/td&gt;
&lt;th class="tabelatd1" border="1"&gt;&lt;a class="noPrint" href="?class=ControleCidade&amp;opera=A&amp;id=57"&gt;[Alterar] &lt;/a&gt;&lt;a class="noPrint" href="?class=ControleCidade&amp;opera=C&amp;id=57"&gt;[Consultar] &lt;/a&gt;&lt;a class="noPrint" href="?class=ControleCidade&amp;opera=D&amp;id=57" onClick="return ConfirmaExclusao('');"&gt;[Deletar&amp;nbsp;registro] &lt;/a&gt;&lt;/th&gt;
	&lt;/tr&gt;
	&lt;tr&gt;
		&lt;td class="tabelatd2"&gt;58&lt;/td&gt;
		&lt;td class="tabelatd2"&gt;Criciúma&lt;/td&gt;
		&lt;td class="tabelatd2"&gt;SC&lt;/td&gt;
&lt;th class="tabelatd2" border="1"&gt;&lt;a class="noPrint" href="?class=ControleCidade&amp;opera=A&amp;id=58"&gt;[Alterar] &lt;/a&gt;&lt;a class="noPrint" href="?class=ControleCidade&amp;opera=C&amp;id=58"&gt;[Consultar] &lt;/a&gt;&lt;a class="noPrint" href="?class=ControleCidade&amp;opera=D&amp;id=58" onClick="return ConfirmaExclusao('');"&gt;[Deletar&amp;nbsp;registro] &lt;/a&gt;&lt;/th&gt;
	&lt;/tr&gt;
	&lt;tr&gt;
		&lt;td class="tabelatd1"&gt;11&lt;/td&gt;
		&lt;td class="tabelatd1"&gt;Curitiba&lt;/td&gt;
		&lt;td class="tabelatd1"&gt;PR&lt;/td&gt;
&lt;th class="tabelatd1" border="1"&gt;&lt;a class="noPrint" href="?class=ControleCidade&amp;opera=A&amp;id=11"&gt;[Alterar] &lt;/a&gt;&lt;a class="noPrint" href="?class=ControleCidade&amp;opera=C&amp;id=11"&gt;[Consultar] &lt;/a&gt;&lt;a class="noPrint" href="?class=ControleCidade&amp;opera=D&amp;id=11" onClick="return ConfirmaExclusao('');"&gt;[Deletar&amp;nbsp;registro] &lt;/a&gt;&lt;/th&gt;
	&lt;/tr&gt;
	&lt;tr&gt;
		&lt;td class="tabelatd2"&gt;3&lt;/td&gt;
		&lt;td class="tabelatd2"&gt;Florianópolis&lt;/td&gt;
		&lt;td class="tabelatd2"&gt;SC&lt;/td&gt;
&lt;th class="tabelatd2" border="1"&gt;&lt;a class="noPrint" href="?class=ControleCidade&amp;opera=A&amp;id=3"&gt;[Alterar] &lt;/a&gt;&lt;a class="noPrint" href="?class=ControleCidade&amp;opera=C&amp;id=3"&gt;[Consultar] &lt;/a&gt;&lt;a class="noPrint" href="?class=ControleCidade&amp;opera=D&amp;id=3" onClick="return ConfirmaExclusao('');"&gt;[Deletar&amp;nbsp;registro] &lt;/a&gt;&lt;/th&gt;
	&lt;/tr&gt;
	&lt;tr&gt;
		&lt;td class="tabelatd1"&gt;2&lt;/td&gt;
		&lt;td class="tabelatd1"&gt;Forquilhinha&lt;/td&gt;
		&lt;td class="tabelatd1"&gt;SC&lt;/td&gt;
&lt;th class="tabelatd1" border="1"&gt;&lt;a class="noPrint" href="?class=ControleCidade&amp;opera=A&amp;id=2"&gt;[Alterar] &lt;/a&gt;&lt;a class="noPrint" href="?class=ControleCidade&amp;opera=C&amp;id=2"&gt;[Consultar] &lt;/a&gt;&lt;a class="noPrint" href="?class=ControleCidade&amp;opera=D&amp;id=2" onClick="return ConfirmaExclusao('');"&gt;[Deletar&amp;nbsp;registro] &lt;/a&gt;&lt;/th&gt;
	&lt;/tr&gt;
	&lt;tr&gt;
		&lt;td class="tabelatd2"&gt;6&lt;/td&gt;
		&lt;td class="tabelatd2"&gt;Içara&lt;/td&gt;
		&lt;td class="tabelatd2"&gt;SC&lt;/td&gt;
&lt;th class="tabelatd2" border="1"&gt;&lt;a class="noPrint" href="?class=ControleCidade&amp;opera=A&amp;id=6"&gt;[Alterar] &lt;/a&gt;&lt;a class="noPrint" href="?class=ControleCidade&amp;opera=C&amp;id=6"&gt;[Consultar] &lt;/a&gt;&lt;a class="noPrint" href="?class=ControleCidade&amp;opera=D&amp;id=6" onClick="return ConfirmaExclusao('');"&gt;[Deletar&amp;nbsp;registro] &lt;/a&gt;&lt;/th&gt;
	&lt;/tr&gt;
	&lt;tr&gt;
		&lt;td class="tabelatd1"&gt;7&lt;/td&gt;
		&lt;td class="tabelatd1"&gt;Maracajá&lt;/td&gt;
		&lt;td class="tabelatd1"&gt;SC&lt;/td&gt;
&lt;th class="tabelatd1" border="1"&gt;&lt;a class="noPrint" href="?class=ControleCidade&amp;opera=A&amp;id=7"&gt;[Alterar] &lt;/a&gt;&lt;a class="noPrint" href="?class=ControleCidade&amp;opera=C&amp;id=7"&gt;[Consultar] &lt;/a&gt;&lt;a class="noPrint" href="?class=ControleCidade&amp;opera=D&amp;id=7" onClick="return ConfirmaExclusao('');"&gt;[Deletar&amp;nbsp;registro] &lt;/a&gt;&lt;/th&gt;
	&lt;/tr&gt;
	&lt;tr&gt;
		&lt;td class="tabelatd2"&gt;12&lt;/td&gt;
		&lt;td class="tabelatd2"&gt;Porto Alegre&lt;/td&gt;
		&lt;td class="tabelatd2"&gt;RS&lt;/td&gt;
&lt;th class="tabelatd2" border="1"&gt;&lt;a class="noPrint" href="?class=ControleCidade&amp;opera=A&amp;id=12"&gt;[Alterar] &lt;/a&gt;&lt;a class="noPrint" href="?class=ControleCidade&amp;opera=C&amp;id=12"&gt;[Consultar] &lt;/a&gt;&lt;a class="noPrint" href="?class=ControleCidade&amp;opera=D&amp;id=12" onClick="return ConfirmaExclusao('');"&gt;[Deletar&amp;nbsp;registro] &lt;/a&gt;&lt;/th&gt;
	&lt;/tr&gt;
	&lt;tr&gt;
		&lt;td class="tabelatd1"&gt;10&lt;/td&gt;
		&lt;td class="tabelatd1"&gt;São Paulo (Capital)&lt;/td&gt;
		&lt;td class="tabelatd1"&gt;SP&lt;/td&gt;
&lt;th class="tabelatd1" border="1"&gt;&lt;a class="noPrint" href="?class=ControleCidade&amp;opera=A&amp;id=10"&gt;[Alterar] &lt;/a&gt;&lt;a class="noPrint" href="?class=ControleCidade&amp;opera=C&amp;id=10"&gt;[Consultar] &lt;/a&gt;&lt;a class="noPrint" href="?class=ControleCidade&amp;opera=D&amp;id=10" onClick="return ConfirmaExclusao('');"&gt;[Deletar&amp;nbsp;registro] &lt;/a&gt;&lt;/th&gt;
	&lt;/tr&gt;
	&lt;tr&gt;
		&lt;td class="tabelatd2"&gt;4&lt;/td&gt;
		&lt;td class="tabelatd2"&gt;Urussanga&lt;/td&gt;
		&lt;td class="tabelatd2"&gt;SC&lt;/td&gt;
&lt;th class="tabelatd2" border="1"&gt;&lt;a class="noPrint" href="?class=ControleCidade&amp;opera=A&amp;id=4"&gt;[Alterar] &lt;/a&gt;&lt;a class="noPrint" href="?class=ControleCidade&amp;opera=C&amp;id=4"&gt;[Consultar] &lt;/a&gt;&lt;a class="noPrint" href="?class=ControleCidade&amp;opera=D&amp;id=4" onClick="return ConfirmaExclusao('');"&gt;[Deletar&amp;nbsp;registro] &lt;/a&gt;&lt;/th&gt;
	&lt;/tr&gt;
&lt;/Table&gt;
&lt;h3&gt;Número de registros na lista: 56&lt;/h3&gt;
&lt;/div&gt;
</system-out>
      </testcase>
    </testsuite>
    <testsuite name="DaoControleCobrancaTest" file="C:\Apache24\htdocs\Associacao\tests\controller\DaoControleCobrancaTest.php" tests="12" assertions="17" errors="0" failures="0" skipped="0" time="0.656446">
      <testcase name="testGetTabela" class="DaoControleCobrancaTest" classname="DaoControleCobrancaTest" file="C:\Apache24\htdocs\Associacao\tests\controller\DaoControleCobrancaTest.php" line="42" assertions="1" time="0.026683"/>
      <testcase name="testGetClassModel" class="DaoControleCobrancaTest" classname="DaoControleCobrancaTest" file="C:\Apache24\htdocs\Associacao\tests\controller\DaoControleCobrancaTest.php" line="50" assertions="1" time="0.017294"/>
      <testcase name="testGetClassView" class="DaoControleCobrancaTest" classname="DaoControleCobrancaTest" file="C:\Apache24\htdocs\Associacao\tests\controller\DaoControleCobrancaTest.php" line="58" assertions="1" time="0.017124"/>
      <testcase name="testExecutaView" class="DaoControleCobrancaTest" classname="DaoControleCobrancaTest" file="C:\Apache24\htdocs\Associacao\tests\controller\DaoControleCobrancaTest.php" line="66" assertions="1" time="0.060267">
        <system-out>﻿﻿&lt;!DOCTYPE html&gt;&#13;
&lt;html&gt;&#13;
    &lt;head&gt;&#13;
                        &lt;title&gt;Controle de parcelas&lt;/title&gt;&#13;
    &lt;/head&gt;&#13;
&lt;body&gt;&#13;
&lt;center&gt;&lt;div&gt;&lt;h1 class="tituloCadastro"&gt;Controle de parcelas&lt;/h1&gt;&lt;/div&gt;&lt;/center&gt;&#13;
&#13;
&lt;form id="cadastro" name="cadastro" method="post" enctype="multipart/form-data" action="" onsubmit="return ValidaCamposCobranca(); return false;"&gt;&#13;
  &lt;table class="tabelaCadastro"&gt;&#13;
    &lt;tr&gt;&#13;
      &lt;td class="labelCadastro"&gt;Código da parcela:&lt;/td&gt;&#13;
      &lt;td class="campoCadastro"&gt;&lt;div class='campoID' name='labelID' id='labelID'&gt;&amp;nbsp;&lt;/div&gt;&lt;input class='campo' name='id' type='hidden' id='id' value='' /&gt;&lt;/td&gt;&#13;
    &lt;/tr&gt;&#13;
    &lt;tr&gt;&#13;
      &lt;td class="labelCadastro"&gt;Número do título:&lt;/td&gt;&#13;
      &lt;td class="campoCadastro"&gt;&lt;select class="campo" name="idTitulo" id="idTitulo" onblur="ValidaCampo(this);"&gt;  &lt;option&gt;[Selecione...]&lt;/option&gt;
  &lt;option value="3"&gt;0F&lt;/option&gt;
  &lt;option value="1"&gt;1&lt;/option&gt;
  &lt;option value="5"&gt;1&lt;/option&gt;
  &lt;option value="6"&gt;1&lt;/option&gt;
  &lt;option value="7"&gt;1&lt;/option&gt;
  &lt;option value="8"&gt;1&lt;/option&gt;
  &lt;option value="9"&gt;1&lt;/option&gt;
  &lt;option value="10"&gt;1&lt;/option&gt;
  &lt;option value="11"&gt;1&lt;/option&gt;
  &lt;option value="12"&gt;1&lt;/option&gt;
  &lt;option value="13"&gt;1&lt;/option&gt;
  &lt;option value="14"&gt;1&lt;/option&gt;
  &lt;option value="15"&gt;1&lt;/option&gt;
  &lt;option value="16"&gt;1&lt;/option&gt;
  &lt;option value="17"&gt;1&lt;/option&gt;
  &lt;option value="18"&gt;1&lt;/option&gt;
  &lt;option value="4"&gt;23F&lt;/option&gt;
&lt;/select&gt;&#13;
        &lt;span class="campoObrigatorio"&gt;*&lt;/span&gt;&lt;/td&gt;&#13;
      &lt;td class="labelCadastro"&gt;Nome&amp;nbspdo&amp;nbspassociado:&lt;/td&gt;&#13;
      &lt;td class="campoCadastro"&gt;&lt;select class="campo" name="idAssociado" id="idAssociado" disabled onblur="ValidaCampo(this);"&gt;  &lt;option&gt;[Selecione...]&lt;/option&gt;
  &lt;option value="4"&gt;Beltrano da Silva (333.333.333-33)&lt;/option&gt;
  &lt;option value="3"&gt;Cicrano de Tal (222.222.222-22)&lt;/option&gt;
  &lt;option value="1"&gt;Fulano de Tal (652.392.539-00)&lt;/option&gt;
  &lt;option value="5"&gt;Fulano de Tal (652.392.539-00)&lt;/option&gt;
  &lt;option value="6"&gt;Fulano de Tal (652.392.539-00)&lt;/option&gt;
  &lt;option value="7"&gt;Fulano de Tal (652.392.539-00)&lt;/option&gt;
  &lt;option value="8"&gt;Fulano de Tal (652.392.539-00)&lt;/option&gt;
  &lt;option value="9"&gt;Fulano de Tal (652.392.539-00)&lt;/option&gt;
  &lt;option value="10"&gt;Fulano de Tal (652.392.539-00)&lt;/option&gt;
  &lt;option value="11"&gt;Fulano de Tal (652.392.539-00)&lt;/option&gt;
  &lt;option value="12"&gt;Fulano de Tal (652.392.539-00)&lt;/option&gt;
  &lt;option value="13"&gt;Fulano de Tal (652.392.539-00)&lt;/option&gt;
  &lt;option value="14"&gt;Fulano de Tal (652.392.539-00)&lt;/option&gt;
  &lt;option value="15"&gt;Fulano de Tal (652.392.539-00)&lt;/option&gt;
  &lt;option value="16"&gt;Fulano de Tal (652.392.539-00)&lt;/option&gt;
  &lt;option value="17"&gt;Fulano de Tal (652.392.539-00)&lt;/option&gt;
  &lt;option value="18"&gt;Fulano de Tal (652.392.539-00)&lt;/option&gt;
  &lt;option value="19"&gt;Fulano de Tal (652.392.539-00)&lt;/option&gt;
&lt;/select&gt;&#13;
        &lt;/td&gt;&#13;
    &lt;/tr&gt;&#13;
    &lt;tr&gt;&#13;
      &lt;td class="labelCadastro"&gt;Tipo de cobrança:&lt;/td&gt;&#13;
      &lt;td class="campoCadastro"&gt;&lt;select class="campo" name="idTipoCobranca" id="idTipoCobranca" onblur="ValidaCampo(this);"&gt;  &lt;option&gt;[Selecione...]&lt;/option&gt;
  &lt;option value="5"&gt;Aula de dança de salão&lt;/option&gt;
  &lt;option value="3"&gt;Manutenção&lt;/option&gt;
  &lt;option value="4"&gt;Mensalidades&lt;/option&gt;
  &lt;option value="2"&gt;Taxa de Manutenção&lt;/option&gt;
  &lt;option value="1"&gt;Tipo Cobranca&lt;/option&gt;
  &lt;option value="10"&gt;Tipo Cobranca 10&lt;/option&gt;
  &lt;option value="11"&gt;Tipo Cobranca 11&lt;/option&gt;
  &lt;option value="12"&gt;Tipo Cobranca 12&lt;/option&gt;
  &lt;option value="13"&gt;Tipo Cobranca 13&lt;/option&gt;
  &lt;option value="14"&gt;Tipo Cobranca 14&lt;/option&gt;
  &lt;option value="15"&gt;Tipo Cobranca 15&lt;/option&gt;
  &lt;option value="16"&gt;Tipo Cobranca 16&lt;/option&gt;
  &lt;option value="17"&gt;Tipo Cobranca 17&lt;/option&gt;
  &lt;option value="18"&gt;Tipo Cobranca 18&lt;/option&gt;
  &lt;option value="19"&gt;Tipo Cobranca 19&lt;/option&gt;
  &lt;option value="20"&gt;Tipo Cobranca 20&lt;/option&gt;
  &lt;option value="21"&gt;Tipo Cobranca 21&lt;/option&gt;
  &lt;option value="22"&gt;Tipo Cobranca 22&lt;/option&gt;
  &lt;option value="23"&gt;Tipo Cobranca 23&lt;/option&gt;
  &lt;option value="24"&gt;Tipo Cobranca 24&lt;/option&gt;
  &lt;option value="25"&gt;Tipo Cobranca 25&lt;/option&gt;
  &lt;option value="26"&gt;Tipo Cobranca 26&lt;/option&gt;
  &lt;option value="27"&gt;Tipo Cobranca 27&lt;/option&gt;
  &lt;option value="28"&gt;Tipo Cobranca 28&lt;/option&gt;
  &lt;option value="29"&gt;Tipo Cobranca 29&lt;/option&gt;
  &lt;option value="30"&gt;Tipo Cobranca 30&lt;/option&gt;
  &lt;option value="31"&gt;Tipo Cobranca 31&lt;/option&gt;
  &lt;option value="32"&gt;Tipo Cobranca 32&lt;/option&gt;
  &lt;option value="33"&gt;Tipo Cobranca 33&lt;/option&gt;
  &lt;option value="34"&gt;Tipo Cobranca 34&lt;/option&gt;
  &lt;option value="35"&gt;Tipo Cobranca 35&lt;/option&gt;
  &lt;option value="36"&gt;Tipo Cobranca 36&lt;/option&gt;
  &lt;option value="37"&gt;Tipo Cobranca 37&lt;/option&gt;
  &lt;option value="38"&gt;Tipo Cobranca 38&lt;/option&gt;
  &lt;option value="39"&gt;Tipo Cobranca 39&lt;/option&gt;
  &lt;option value="40"&gt;Tipo Cobranca 40&lt;/option&gt;
  &lt;option value="41"&gt;Tipo Cobranca 41&lt;/option&gt;
  &lt;option value="42"&gt;Tipo Cobranca 42&lt;/option&gt;
  &lt;option value="43"&gt;Tipo Cobranca 43&lt;/option&gt;
  &lt;option value="44"&gt;Tipo Cobranca 44&lt;/option&gt;
  &lt;option value="45"&gt;Tipo Cobranca 45&lt;/option&gt;
  &lt;option value="46"&gt;Tipo Cobranca 46&lt;/option&gt;
  &lt;option value="47"&gt;Tipo Cobranca 47&lt;/option&gt;
  &lt;option value="48"&gt;Tipo Cobranca 48&lt;/option&gt;
  &lt;option value="49"&gt;Tipo Cobranca 49&lt;/option&gt;
  &lt;option value="50"&gt;Tipo Cobranca 50&lt;/option&gt;
  &lt;option value="51"&gt;Tipo Cobranca 51&lt;/option&gt;
  &lt;option value="52"&gt;Tipo Cobranca 52&lt;/option&gt;
  &lt;option value="53"&gt;Tipo Cobranca 53&lt;/option&gt;
  &lt;option value="54"&gt;Tipo Cobranca 54&lt;/option&gt;
  &lt;option value="55"&gt;Tipo Cobranca 55&lt;/option&gt;
  &lt;option value="6"&gt;Tipo Cobranca 6&lt;/option&gt;
  &lt;option value="7"&gt;Tipo Cobranca 7&lt;/option&gt;
  &lt;option value="8"&gt;Tipo Cobranca 8&lt;/option&gt;
  &lt;option value="9"&gt;Tipo Cobranca 9&lt;/option&gt;
&lt;/select&gt;&#13;
        &lt;span class="campoObrigatorio"&gt;*&lt;/span&gt;&lt;/td&gt;&#13;
      &lt;td class="labelCadastro"&gt;Situação da baixa:&lt;/td&gt;&#13;
      &lt;td class="campoCadastro"&gt;&lt;select class="campo" name="idSituacaoBaixa" id="idSituacaoBaixa" disabled onblur="ValidaCampo(this);"&gt;  &lt;option&gt;[Selecione...]&lt;/option&gt;
  &lt;option value="1"&gt;Em aberto&lt;/option&gt;
  &lt;option value="2"&gt;Pago&lt;/option&gt;
&lt;/select&gt;&#13;
        &lt;/td&gt;&#13;
    &lt;/tr&gt;&#13;
    &lt;tr&gt;&#13;
      &lt;td class="labelCadastro"&gt;Data do registro:&lt;/td&gt;&#13;
      &lt;td class="campoCadastro"&gt;&lt;input class="campo" name="dataRegistroParce" type="text" disabled onblur="FormataData(this);" id="dataRegistroParce" size="20" maxlength="20" value="" /&gt;&#13;
        &lt;/td&gt;&#13;
      &lt;td class="labelCadastro"&gt;Data do vencimento:&lt;/td&gt;&#13;
      &lt;td class="campoCadastro"&gt;&lt;input class="campo" name="dataVencimento" type="text" onblur="FormataData(this);" id="dataVencimento" size="10" maxlength="10" value="" /&gt;&#13;
        &lt;span class="campoObrigatorio"&gt;*&lt;/span&gt;&lt;/td&gt;&#13;
    &lt;/tr&gt;&#13;
    &lt;tr&gt;&#13;
      &lt;td class="labelCadastro"&gt;Data do baixa/Pagamento:&lt;/td&gt;&#13;
      &lt;td class="campoCadastro"&gt;&lt;input class="campo" name="dataBaixa" type="text" onblur="FormataData(this);" id="dataBaixa" size="10" maxlength="10" value="" /&gt;&#13;
        &lt;span class="campoObrigatorio"&gt; &lt;/span&gt;&lt;/td&gt;&#13;
      &lt;td class="labelCadastro"&gt;Data do registro da baixa:&lt;/td&gt;&#13;
      &lt;td class="campoCadastro"&gt;&lt;input class="campo" name="dataRegistroBaixa" type="text" disabled onblur="FormataData(this);" id="dataRegistroBaixa" size="20" maxlength="20" value="" /&gt;&#13;
        &lt;/td&gt;&#13;
    &lt;/tr&gt;&#13;
    &lt;tr&gt;&#13;
      &lt;td class="labelCadastro"&gt;Valor nominal:&lt;/td&gt;&#13;
      &lt;td class="campoCadastro"&gt;&lt;input class="campo" name="valorNominal" type="text" onblur="FormataDecimal(this);" id="valorNominal" size="14" maxlength="14" value="" /&gt;&#13;
        &lt;span class="campoObrigatorio"&gt;*&lt;/span&gt;&lt;/td&gt;&#13;
      &lt;td class="labelCadastro"&gt;Valor do acréscimo:&lt;/td&gt;&#13;
      &lt;td class="campoCadastro"&gt;&lt;input class="campo" name="valorAcrescimo" type="text" onblur="FormataDecimal(this);" id="valorAcrescimo" size="14" maxlength="14" value="" /&gt;&#13;
        &lt;span class="campoObrigatorio"&gt; &lt;/span&gt;&lt;/td&gt;&#13;
    &lt;/tr&gt;&#13;
    &lt;tr&gt;&#13;
      &lt;td class="labelCadastro"&gt;Valor do abatimento:&lt;/td&gt;&#13;
      &lt;td class="campoCadastro"&gt;&lt;input class="campo" name="valorAbatimento" type="text" onblur="FormataDecimal(this);" id="valorAbatimento" size="14" maxlength="14" value="" /&gt;&#13;
        &lt;span class="campoObrigatorio"&gt; &lt;/span&gt;&lt;/td&gt;&#13;
      &lt;td class="labelCadastro"&gt;Valor baixado/Pago:&lt;/td&gt;&#13;
      &lt;td class="campoCadastro"&gt;&lt;input class="campo" name="valorBaixado" type="text" onblur="FormataDecimal(this);" id="valorBaixado" size="14" maxlength="14" value="" /&gt;&#13;
        &lt;span class="campoObrigatorio"&gt; &lt;/span&gt;&lt;/td&gt;&#13;
    &lt;/tr&gt;&#13;
    &lt;tr&gt;&lt;td colspan="4"&gt;&#13;
          &lt;input class="botaoNovo"      type="button" id="varias"    name="varias"    value="Cadastra varias" onclick="JavaScript:AbrePagina('?class=CadastraParcelas');"&gt;&#13;
    &lt;/td&gt;&lt;/tr&gt;&#13;
  &lt;/table&gt;&#13;
&lt;/form&gt;&#13;
&#13;
&lt;form id="cadastro" name="relaciona" method="post" enctype="multipart/form-data" action=""&gt;&#13;
  &lt;input name="class" type="hidden" id="class" value="ControleCobranca" /&gt;&#13;
  &lt;table class="tabelaCadastro"&gt;&#13;
    &lt;tr&gt;&#13;
      &lt;td class="labelCadastro"&gt;Tipo de cobrança:&lt;/td&gt;&#13;
      &lt;td class="campoCadastro"&gt;&lt;select class="campo" name="idTipoCobranca" id="idTipoCobranca"&gt;  &lt;option&gt;[Selecione...]&lt;/option&gt;
  &lt;option value="5"&gt;Aula de dança de salão&lt;/option&gt;
  &lt;option value="3"&gt;Manutenção&lt;/option&gt;
  &lt;option value="4"&gt;Mensalidades&lt;/option&gt;
  &lt;option value="2"&gt;Taxa de Manutenção&lt;/option&gt;
  &lt;option value="1" selected&gt;Tipo Cobranca&lt;/option&gt;
  &lt;option value="10"&gt;Tipo Cobranca 10&lt;/option&gt;
  &lt;option value="11"&gt;Tipo Cobranca 11&lt;/option&gt;
  &lt;option value="12"&gt;Tipo Cobranca 12&lt;/option&gt;
  &lt;option value="13"&gt;Tipo Cobranca 13&lt;/option&gt;
  &lt;option value="14"&gt;Tipo Cobranca 14&lt;/option&gt;
  &lt;option value="15"&gt;Tipo Cobranca 15&lt;/option&gt;
  &lt;option value="16"&gt;Tipo Cobranca 16&lt;/option&gt;
  &lt;option value="17"&gt;Tipo Cobranca 17&lt;/option&gt;
  &lt;option value="18"&gt;Tipo Cobranca 18&lt;/option&gt;
  &lt;option value="19"&gt;Tipo Cobranca 19&lt;/option&gt;
  &lt;option value="20"&gt;Tipo Cobranca 20&lt;/option&gt;
  &lt;option value="21"&gt;Tipo Cobranca 21&lt;/option&gt;
  &lt;option value="22"&gt;Tipo Cobranca 22&lt;/option&gt;
  &lt;option value="23"&gt;Tipo Cobranca 23&lt;/option&gt;
  &lt;option value="24"&gt;Tipo Cobranca 24&lt;/option&gt;
  &lt;option value="25"&gt;Tipo Cobranca 25&lt;/option&gt;
  &lt;option value="26"&gt;Tipo Cobranca 26&lt;/option&gt;
  &lt;option value="27"&gt;Tipo Cobranca 27&lt;/option&gt;
  &lt;option value="28"&gt;Tipo Cobranca 28&lt;/option&gt;
  &lt;option value="29"&gt;Tipo Cobranca 29&lt;/option&gt;
  &lt;option value="30"&gt;Tipo Cobranca 30&lt;/option&gt;
  &lt;option value="31"&gt;Tipo Cobranca 31&lt;/option&gt;
  &lt;option value="32"&gt;Tipo Cobranca 32&lt;/option&gt;
  &lt;option value="33"&gt;Tipo Cobranca 33&lt;/option&gt;
  &lt;option value="34"&gt;Tipo Cobranca 34&lt;/option&gt;
  &lt;option value="35"&gt;Tipo Cobranca 35&lt;/option&gt;
  &lt;option value="36"&gt;Tipo Cobranca 36&lt;/option&gt;
  &lt;option value="37"&gt;Tipo Cobranca 37&lt;/option&gt;
  &lt;option value="38"&gt;Tipo Cobranca 38&lt;/option&gt;
  &lt;option value="39"&gt;Tipo Cobranca 39&lt;/option&gt;
  &lt;option value="40"&gt;Tipo Cobranca 40&lt;/option&gt;
  &lt;option value="41"&gt;Tipo Cobranca 41&lt;/option&gt;
  &lt;option value="42"&gt;Tipo Cobranca 42&lt;/option&gt;
  &lt;option value="43"&gt;Tipo Cobranca 43&lt;/option&gt;
  &lt;option value="44"&gt;Tipo Cobranca 44&lt;/option&gt;
  &lt;option value="45"&gt;Tipo Cobranca 45&lt;/option&gt;
  &lt;option value="46"&gt;Tipo Cobranca 46&lt;/option&gt;
  &lt;option value="47"&gt;Tipo Cobranca 47&lt;/option&gt;
  &lt;option value="48"&gt;Tipo Cobranca 48&lt;/option&gt;
  &lt;option value="49"&gt;Tipo Cobranca 49&lt;/option&gt;
  &lt;option value="50"&gt;Tipo Cobranca 50&lt;/option&gt;
  &lt;option value="51"&gt;Tipo Cobranca 51&lt;/option&gt;
  &lt;option value="52"&gt;Tipo Cobranca 52&lt;/option&gt;
  &lt;option value="53"&gt;Tipo Cobranca 53&lt;/option&gt;
  &lt;option value="54"&gt;Tipo Cobranca 54&lt;/option&gt;
  &lt;option value="55"&gt;Tipo Cobranca 55&lt;/option&gt;
  &lt;option value="6"&gt;Tipo Cobranca 6&lt;/option&gt;
  &lt;option value="7"&gt;Tipo Cobranca 7&lt;/option&gt;
  &lt;option value="8"&gt;Tipo Cobranca 8&lt;/option&gt;
  &lt;option value="9"&gt;Tipo Cobranca 9&lt;/option&gt;
&lt;/select&gt;&lt;/td&gt;&#13;
      &lt;td class="labelCadastro"&gt;Situação da baixa:&lt;/td&gt;&#13;
      &lt;td class="campoCadastro"&gt;&lt;select class="campo" name="idSituacaoBaixa" id="idSituacaoBaixa"&gt;  &lt;option&gt;[Selecione...]&lt;/option&gt;
  &lt;option value="1"&gt;Em aberto&lt;/option&gt;
  &lt;option value="2" selected&gt;Pago&lt;/option&gt;
&lt;/select&gt;&lt;/td&gt;&#13;
      &lt;td class="labelCadastro"&gt;Número do título:&lt;/td&gt;&#13;
      &lt;td class="campoCadastro"&gt;&lt;select class="campo" name="idTitulo" id="idTitulo" &gt;  &lt;option&gt;[Selecione...]&lt;/option&gt;
  &lt;option value="3"&gt;0F&lt;/option&gt;
  &lt;option value="1" selected&gt;1&lt;/option&gt;
  &lt;option value="5"&gt;1&lt;/option&gt;
  &lt;option value="6"&gt;1&lt;/option&gt;
  &lt;option value="7"&gt;1&lt;/option&gt;
  &lt;option value="8"&gt;1&lt;/option&gt;
  &lt;option value="9"&gt;1&lt;/option&gt;
  &lt;option value="10"&gt;1&lt;/option&gt;
  &lt;option value="11"&gt;1&lt;/option&gt;
  &lt;option value="12"&gt;1&lt;/option&gt;
  &lt;option value="13"&gt;1&lt;/option&gt;
  &lt;option value="14"&gt;1&lt;/option&gt;
  &lt;option value="15"&gt;1&lt;/option&gt;
  &lt;option value="16"&gt;1&lt;/option&gt;
  &lt;option value="17"&gt;1&lt;/option&gt;
  &lt;option value="18"&gt;1&lt;/option&gt;
  &lt;option value="4"&gt;23F&lt;/option&gt;
&lt;/select&gt;&lt;/td&gt;&#13;
      &lt;td class="labelCadastro"&gt;Nome&amp;nbspdo&amp;nbspassociado:&lt;/td&gt; &#13;
      &lt;td class="campoCadastro"&gt;&lt;select class="campo" name="idAssociado" id="idAssociado" &gt;  &lt;option&gt;[Selecione...]&lt;/option&gt;
  &lt;option value="4"&gt;Beltrano da Silva (333.333.333-33)&lt;/option&gt;
  &lt;option value="3"&gt;Cicrano de Tal (222.222.222-22)&lt;/option&gt;
  &lt;option value="1" selected&gt;Fulano de Tal (652.392.539-00)&lt;/option&gt;
  &lt;option value="5"&gt;Fulano de Tal (652.392.539-00)&lt;/option&gt;
  &lt;option value="6"&gt;Fulano de Tal (652.392.539-00)&lt;/option&gt;
  &lt;option value="7"&gt;Fulano de Tal (652.392.539-00)&lt;/option&gt;
  &lt;option value="8"&gt;Fulano de Tal (652.392.539-00)&lt;/option&gt;
  &lt;option value="9"&gt;Fulano de Tal (652.392.539-00)&lt;/option&gt;
  &lt;option value="10"&gt;Fulano de Tal (652.392.539-00)&lt;/option&gt;
  &lt;option value="11"&gt;Fulano de Tal (652.392.539-00)&lt;/option&gt;
  &lt;option value="12"&gt;Fulano de Tal (652.392.539-00)&lt;/option&gt;
  &lt;option value="13"&gt;Fulano de Tal (652.392.539-00)&lt;/option&gt;
  &lt;option value="14"&gt;Fulano de Tal (652.392.539-00)&lt;/option&gt;
  &lt;option value="15"&gt;Fulano de Tal (652.392.539-00)&lt;/option&gt;
  &lt;option value="16"&gt;Fulano de Tal (652.392.539-00)&lt;/option&gt;
  &lt;option value="17"&gt;Fulano de Tal (652.392.539-00)&lt;/option&gt;
  &lt;option value="18"&gt;Fulano de Tal (652.392.539-00)&lt;/option&gt;
  &lt;option value="19"&gt;Fulano de Tal (652.392.539-00)&lt;/option&gt;
&lt;/select&gt;&lt;/td&gt;&#13;
      &lt;td class="campoCadastro"&gt;&lt;input class="botaoAtualizar" type="Submit" id="atualizar" name="atualizar" value="Atualizar"&gt;&lt;/td&gt;&#13;
    &lt;/tr&gt;&#13;
  &lt;/table&gt;&#13;
&lt;/form&gt;&#13;
&#13;
&lt;input type="button" onclick="imprimirDiv('divCOBRANCA', this);" value="Imprimir lista"&gt;&lt;div id='divCOBRANCA'&gt;
&lt;Table class="tabela" width="100%" border="1" cellpadding="3" cellspacing="0"&gt;
&lt;tr&gt;
&lt;th class="tabelath" border="1"&gt;PARCELA&lt;/th&gt;
&lt;th class="tabelath" border="1"&gt;DESCRICAO&lt;/th&gt;
&lt;th class="tabelath" border="1"&gt;DATA_VENCIMENTO&lt;/th&gt;
&lt;th class="tabelath" border="1"&gt;VALOR_NOMINAL&lt;/th&gt;
&lt;th class="tabelath" border="1"&gt;VALOR_BAIXADO&lt;/th&gt;
&lt;th class="tabelath" border="1"&gt;SITUACAO&lt;/th&gt;
&lt;th class="tabelath" border="1"&gt;ASSOCIADO&lt;/th&gt;
&lt;th class="tabelath" border="1"&gt;NUMERO_TITULO&lt;/th&gt;
&lt;th class="tabelath" border="1"&gt;TIPO&lt;/th&gt;
&lt;th class="tabelath" border="1"&gt;OPERAÇÃO&lt;/th&gt;
&lt;/tr&gt;
	&lt;tr&gt;
		&lt;td class="tabelatd1"&gt;40&lt;/td&gt;
		&lt;td class="tabelatd1"&gt;Tipo Cobranca&lt;/td&gt;
		&lt;td class="tabelatd1"&gt;10/10/2018&lt;/td&gt;
		&lt;td class="tabelatd1"&gt;100.00&lt;/td&gt;
		&lt;td class="tabelatd1"&gt;100.00&lt;/td&gt;
		&lt;td class="tabelatd1"&gt;Pago&lt;/td&gt;
		&lt;td class="tabelatd1"&gt;Fulano de Tal (652.392.539-00)&lt;/td&gt;
		&lt;td class="tabelatd1"&gt;1&lt;/td&gt;
		&lt;td class="tabelatd1"&gt;Patrimonial&lt;/td&gt;
&lt;th class="tabelatd1" border="1"&gt;&lt;a class="noPrint" href="?class=ControleCobranca&amp;opera=A&amp;id=40"&gt;[Alterar] &lt;/a&gt;&lt;a class="noPrint" href="?class=ControleCobranca&amp;opera=C&amp;id=40"&gt;[Consultar] &lt;/a&gt;&lt;a class="noPrint" href="?class=ControleCobranca&amp;opera=D&amp;id=40" onClick="return ConfirmaExclusao('');"&gt;[Deletar&amp;nbsp;registro] &lt;/a&gt;&lt;a class="noPrint" href="?class=BaixarParcela&amp;id=40"&gt;[Baixar&amp;nbsp;parcela] &lt;/a&gt;&lt;a class="noPrint" href="?class=ImprimirParcela&amp;id=40"&gt;[Imprimir&amp;nbsp;parcela] &lt;/a&gt;&lt;/th&gt;
	&lt;/tr&gt;
	&lt;tr&gt;
		&lt;td class="tabelatd2"&gt;51&lt;/td&gt;
		&lt;td class="tabelatd2"&gt;Tipo Cobranca&lt;/td&gt;
		&lt;td class="tabelatd2"&gt;10/10/2018&lt;/td&gt;
		&lt;td class="tabelatd2"&gt;100.00&lt;/td&gt;
		&lt;td class="tabelatd2"&gt;100.00&lt;/td&gt;
		&lt;td class="tabelatd2"&gt;Pago&lt;/td&gt;
		&lt;td class="tabelatd2"&gt;Fulano de Tal (652.392.539-00)&lt;/td&gt;
		&lt;td class="tabelatd2"&gt;1&lt;/td&gt;
		&lt;td class="tabelatd2"&gt;Patrimonial&lt;/td&gt;
&lt;th class="tabelatd2" border="1"&gt;&lt;a class="noPrint" href="?class=ControleCobranca&amp;opera=A&amp;id=51"&gt;[Alterar] &lt;/a&gt;&lt;a class="noPrint" href="?class=ControleCobranca&amp;opera=C&amp;id=51"&gt;[Consultar] &lt;/a&gt;&lt;a class="noPrint" href="?class=ControleCobranca&amp;opera=D&amp;id=51" onClick="return ConfirmaExclusao('');"&gt;[Deletar&amp;nbsp;registro] &lt;/a&gt;&lt;a class="noPrint" href="?class=BaixarParcela&amp;id=51"&gt;[Baixar&amp;nbsp;parcela] &lt;/a&gt;&lt;a class="noPrint" href="?class=ImprimirParcela&amp;id=51"&gt;[Imprimir&amp;nbsp;parcela] &lt;/a&gt;&lt;/th&gt;
	&lt;/tr&gt;
	&lt;tr&gt;
		&lt;td class="tabelatd1"&gt;64&lt;/td&gt;
		&lt;td class="tabelatd1"&gt;Tipo Cobranca&lt;/td&gt;
		&lt;td class="tabelatd1"&gt;10/10/2018&lt;/td&gt;
		&lt;td class="tabelatd1"&gt;100.00&lt;/td&gt;
		&lt;td class="tabelatd1"&gt;100.00&lt;/td&gt;
		&lt;td class="tabelatd1"&gt;Pago&lt;/td&gt;
		&lt;td class="tabelatd1"&gt;Fulano de Tal (652.392.539-00)&lt;/td&gt;
		&lt;td class="tabelatd1"&gt;1&lt;/td&gt;
		&lt;td class="tabelatd1"&gt;Patrimonial&lt;/td&gt;
&lt;th class="tabelatd1" border="1"&gt;&lt;a class="noPrint" href="?class=ControleCobranca&amp;opera=A&amp;id=64"&gt;[Alterar] &lt;/a&gt;&lt;a class="noPrint" href="?class=ControleCobranca&amp;opera=C&amp;id=64"&gt;[Consultar] &lt;/a&gt;&lt;a class="noPrint" href="?class=ControleCobranca&amp;opera=D&amp;id=64" onClick="return ConfirmaExclusao('');"&gt;[Deletar&amp;nbsp;registro] &lt;/a&gt;&lt;a class="noPrint" href="?class=BaixarParcela&amp;id=64"&gt;[Baixar&amp;nbsp;parcela] &lt;/a&gt;&lt;a class="noPrint" href="?class=ImprimirParcela&amp;id=64"&gt;[Imprimir&amp;nbsp;parcela] &lt;/a&gt;&lt;/th&gt;
	&lt;/tr&gt;
	&lt;tr&gt;
		&lt;td class="tabelatd2"&gt;79&lt;/td&gt;
		&lt;td class="tabelatd2"&gt;Tipo Cobranca&lt;/td&gt;
		&lt;td class="tabelatd2"&gt;10/10/2018&lt;/td&gt;
		&lt;td class="tabelatd2"&gt;100.00&lt;/td&gt;
		&lt;td class="tabelatd2"&gt;100.00&lt;/td&gt;
		&lt;td class="tabelatd2"&gt;Pago&lt;/td&gt;
		&lt;td class="tabelatd2"&gt;Fulano de Tal (652.392.539-00)&lt;/td&gt;
		&lt;td class="tabelatd2"&gt;1&lt;/td&gt;
		&lt;td class="tabelatd2"&gt;Patrimonial&lt;/td&gt;
&lt;th class="tabelatd2" border="1"&gt;&lt;a class="noPrint" href="?class=ControleCobranca&amp;opera=A&amp;id=79"&gt;[Alterar] &lt;/a&gt;&lt;a class="noPrint" href="?class=ControleCobranca&amp;opera=C&amp;id=79"&gt;[Consultar] &lt;/a&gt;&lt;a class="noPrint" href="?class=ControleCobranca&amp;opera=D&amp;id=79" onClick="return ConfirmaExclusao('');"&gt;[Deletar&amp;nbsp;registro] &lt;/a&gt;&lt;a class="noPrint" href="?class=BaixarParcela&amp;id=79"&gt;[Baixar&amp;nbsp;parcela] &lt;/a&gt;&lt;a class="noPrint" href="?class=ImprimirParcela&amp;id=79"&gt;[Imprimir&amp;nbsp;parcela] &lt;/a&gt;&lt;/th&gt;
	&lt;/tr&gt;
	&lt;tr&gt;
		&lt;td class="tabelatd1"&gt;112&lt;/td&gt;
		&lt;td class="tabelatd1"&gt;Tipo Cobranca&lt;/td&gt;
		&lt;td class="tabelatd1"&gt;10/10/2018&lt;/td&gt;
		&lt;td class="tabelatd1"&gt;100.00&lt;/td&gt;
		&lt;td class="tabelatd1"&gt;100.00&lt;/td&gt;
		&lt;td class="tabelatd1"&gt;Pago&lt;/td&gt;
		&lt;td class="tabelatd1"&gt;Fulano de Tal (652.392.539-00)&lt;/td&gt;
		&lt;td class="tabelatd1"&gt;1&lt;/td&gt;
		&lt;td class="tabelatd1"&gt;Patrimonial&lt;/td&gt;
&lt;th class="tabelatd1" border="1"&gt;&lt;a class="noPrint" href="?class=ControleCobranca&amp;opera=A&amp;id=112"&gt;[Alterar] &lt;/a&gt;&lt;a class="noPrint" href="?class=ControleCobranca&amp;opera=C&amp;id=112"&gt;[Consultar] &lt;/a&gt;&lt;a class="noPrint" href="?class=ControleCobranca&amp;opera=D&amp;id=112" onClick="return ConfirmaExclusao('');"&gt;[Deletar&amp;nbsp;registro] &lt;/a&gt;&lt;a class="noPrint" href="?class=BaixarParcela&amp;id=112"&gt;[Baixar&amp;nbsp;parcela] &lt;/a&gt;&lt;a class="noPrint" href="?class=ImprimirParcela&amp;id=112"&gt;[Imprimir&amp;nbsp;parcela] &lt;/a&gt;&lt;/th&gt;
	&lt;/tr&gt;
	&lt;tr&gt;
		&lt;td class="tabelatd2"&gt;113&lt;/td&gt;
		&lt;td class="tabelatd2"&gt;Tipo Cobranca&lt;/td&gt;
		&lt;td class="tabelatd2"&gt;10/10/2018&lt;/td&gt;
		&lt;td class="tabelatd2"&gt;100.00&lt;/td&gt;
		&lt;td class="tabelatd2"&gt;100.00&lt;/td&gt;
		&lt;td class="tabelatd2"&gt;Pago&lt;/td&gt;
		&lt;td class="tabelatd2"&gt;Fulano de Tal (652.392.539-00)&lt;/td&gt;
		&lt;td class="tabelatd2"&gt;1&lt;/td&gt;
		&lt;td class="tabelatd2"&gt;Patrimonial&lt;/td&gt;
&lt;th class="tabelatd2" border="1"&gt;&lt;a class="noPrint" href="?class=ControleCobranca&amp;opera=A&amp;id=113"&gt;[Alterar] &lt;/a&gt;&lt;a class="noPrint" href="?class=ControleCobranca&amp;opera=C&amp;id=113"&gt;[Consultar] &lt;/a&gt;&lt;a class="noPrint" href="?class=ControleCobranca&amp;opera=D&amp;id=113" onClick="return ConfirmaExclusao('');"&gt;[Deletar&amp;nbsp;registro] &lt;/a&gt;&lt;a class="noPrint" href="?class=BaixarParcela&amp;id=113"&gt;[Baixar&amp;nbsp;parcela] &lt;/a&gt;&lt;a class="noPrint" href="?class=ImprimirParcela&amp;id=113"&gt;[Imprimir&amp;nbsp;parcela] &lt;/a&gt;&lt;/th&gt;
	&lt;/tr&gt;
	&lt;tr&gt;
		&lt;td class="tabelatd1"&gt;114&lt;/td&gt;
		&lt;td class="tabelatd1"&gt;Tipo Cobranca&lt;/td&gt;
		&lt;td class="tabelatd1"&gt;10/10/2018&lt;/td&gt;
		&lt;td class="tabelatd1"&gt;100.00&lt;/td&gt;
		&lt;td class="tabelatd1"&gt;100.00&lt;/td&gt;
		&lt;td class="tabelatd1"&gt;Pago&lt;/td&gt;
		&lt;td class="tabelatd1"&gt;Fulano de Tal (652.392.539-00)&lt;/td&gt;
		&lt;td class="tabelatd1"&gt;1&lt;/td&gt;
		&lt;td class="tabelatd1"&gt;Patrimonial&lt;/td&gt;
&lt;th class="tabelatd1" border="1"&gt;&lt;a class="noPrint" href="?class=ControleCobranca&amp;opera=A&amp;id=114"&gt;[Alterar] &lt;/a&gt;&lt;a class="noPrint" href="?class=ControleCobranca&amp;opera=C&amp;id=114"&gt;[Consultar] &lt;/a&gt;&lt;a class="noPrint" href="?class=ControleCobranca&amp;opera=D&amp;id=114" onClick="return ConfirmaExclusao('');"&gt;[Deletar&amp;nbsp;registro] &lt;/a&gt;&lt;a class="noPrint" href="?class=BaixarParcela&amp;id=114"&gt;[Baixar&amp;nbsp;parcela] &lt;/a&gt;&lt;a class="noPrint" href="?class=ImprimirParcela&amp;id=114"&gt;[Imprimir&amp;nbsp;parcela] &lt;/a&gt;&lt;/th&gt;
	&lt;/tr&gt;
	&lt;tr&gt;
		&lt;td class="tabelatd2"&gt;115&lt;/td&gt;
		&lt;td class="tabelatd2"&gt;Tipo Cobranca&lt;/td&gt;
		&lt;td class="tabelatd2"&gt;10/10/2018&lt;/td&gt;
		&lt;td class="tabelatd2"&gt;100.00&lt;/td&gt;
		&lt;td class="tabelatd2"&gt;100.00&lt;/td&gt;
		&lt;td class="tabelatd2"&gt;Pago&lt;/td&gt;
		&lt;td class="tabelatd2"&gt;Fulano de Tal (652.392.539-00)&lt;/td&gt;
		&lt;td class="tabelatd2"&gt;1&lt;/td&gt;
		&lt;td class="tabelatd2"&gt;Patrimonial&lt;/td&gt;
&lt;th class="tabelatd2" border="1"&gt;&lt;a class="noPrint" href="?class=ControleCobranca&amp;opera=A&amp;id=115"&gt;[Alterar] &lt;/a&gt;&lt;a class="noPrint" href="?class=ControleCobranca&amp;opera=C&amp;id=115"&gt;[Consultar] &lt;/a&gt;&lt;a class="noPrint" href="?class=ControleCobranca&amp;opera=D&amp;id=115" onClick="return ConfirmaExclusao('');"&gt;[Deletar&amp;nbsp;registro] &lt;/a&gt;&lt;a class="noPrint" href="?class=BaixarParcela&amp;id=115"&gt;[Baixar&amp;nbsp;parcela] &lt;/a&gt;&lt;a class="noPrint" href="?class=ImprimirParcela&amp;id=115"&gt;[Imprimir&amp;nbsp;parcela] &lt;/a&gt;&lt;/th&gt;
	&lt;/tr&gt;
	&lt;tr&gt;
		&lt;td class="tabelatd1"&gt;116&lt;/td&gt;
		&lt;td class="tabelatd1"&gt;Tipo Cobranca&lt;/td&gt;
		&lt;td class="tabelatd1"&gt;10/10/2018&lt;/td&gt;
		&lt;td class="tabelatd1"&gt;100.00&lt;/td&gt;
		&lt;td class="tabelatd1"&gt;100.00&lt;/td&gt;
		&lt;td class="tabelatd1"&gt;Pago&lt;/td&gt;
		&lt;td class="tabelatd1"&gt;Fulano de Tal (652.392.539-00)&lt;/td&gt;
		&lt;td class="tabelatd1"&gt;1&lt;/td&gt;
		&lt;td class="tabelatd1"&gt;Patrimonial&lt;/td&gt;
&lt;th class="tabelatd1" border="1"&gt;&lt;a class="noPrint" href="?class=ControleCobranca&amp;opera=A&amp;id=116"&gt;[Alterar] &lt;/a&gt;&lt;a class="noPrint" href="?class=ControleCobranca&amp;opera=C&amp;id=116"&gt;[Consultar] &lt;/a&gt;&lt;a class="noPrint" href="?class=ControleCobranca&amp;opera=D&amp;id=116" onClick="return ConfirmaExclusao('');"&gt;[Deletar&amp;nbsp;registro] &lt;/a&gt;&lt;a class="noPrint" href="?class=BaixarParcela&amp;id=116"&gt;[Baixar&amp;nbsp;parcela] &lt;/a&gt;&lt;a class="noPrint" href="?class=ImprimirParcela&amp;id=116"&gt;[Imprimir&amp;nbsp;parcela] &lt;/a&gt;&lt;/th&gt;
	&lt;/tr&gt;
	&lt;tr&gt;
		&lt;td class="tabelatd2"&gt;117&lt;/td&gt;
		&lt;td class="tabelatd2"&gt;Tipo Cobranca&lt;/td&gt;
		&lt;td class="tabelatd2"&gt;10/10/2018&lt;/td&gt;
		&lt;td class="tabelatd2"&gt;100.00&lt;/td&gt;
		&lt;td class="tabelatd2"&gt;100.00&lt;/td&gt;
		&lt;td class="tabelatd2"&gt;Pago&lt;/td&gt;
		&lt;td class="tabelatd2"&gt;Fulano de Tal (652.392.539-00)&lt;/td&gt;
		&lt;td class="tabelatd2"&gt;1&lt;/td&gt;
		&lt;td class="tabelatd2"&gt;Patrimonial&lt;/td&gt;
&lt;th class="tabelatd2" border="1"&gt;&lt;a class="noPrint" href="?class=ControleCobranca&amp;opera=A&amp;id=117"&gt;[Alterar] &lt;/a&gt;&lt;a class="noPrint" href="?class=ControleCobranca&amp;opera=C&amp;id=117"&gt;[Consultar] &lt;/a&gt;&lt;a class="noPrint" href="?class=ControleCobranca&amp;opera=D&amp;id=117" onClick="return ConfirmaExclusao('');"&gt;[Deletar&amp;nbsp;registro] &lt;/a&gt;&lt;a class="noPrint" href="?class=BaixarParcela&amp;id=117"&gt;[Baixar&amp;nbsp;parcela] &lt;/a&gt;&lt;a class="noPrint" href="?class=ImprimirParcela&amp;id=117"&gt;[Imprimir&amp;nbsp;parcela] &lt;/a&gt;&lt;/th&gt;
	&lt;/tr&gt;
	&lt;tr&gt;
		&lt;td class="tabelatd1"&gt;118&lt;/td&gt;
		&lt;td class="tabelatd1"&gt;Tipo Cobranca&lt;/td&gt;
		&lt;td class="tabelatd1"&gt;10/10/2018&lt;/td&gt;
		&lt;td class="tabelatd1"&gt;100.00&lt;/td&gt;
		&lt;td class="tabelatd1"&gt;100.00&lt;/td&gt;
		&lt;td class="tabelatd1"&gt;Pago&lt;/td&gt;
		&lt;td class="tabelatd1"&gt;Fulano de Tal (652.392.539-00)&lt;/td&gt;
		&lt;td class="tabelatd1"&gt;1&lt;/td&gt;
		&lt;td class="tabelatd1"&gt;Patrimonial&lt;/td&gt;
&lt;th class="tabelatd1" border="1"&gt;&lt;a class="noPrint" href="?class=ControleCobranca&amp;opera=A&amp;id=118"&gt;[Alterar] &lt;/a&gt;&lt;a class="noPrint" href="?class=ControleCobranca&amp;opera=C&amp;id=118"&gt;[Consultar] &lt;/a&gt;&lt;a class="noPrint" href="?class=ControleCobranca&amp;opera=D&amp;id=118" onClick="return ConfirmaExclusao('');"&gt;[Deletar&amp;nbsp;registro] &lt;/a&gt;&lt;a class="noPrint" href="?class=BaixarParcela&amp;id=118"&gt;[Baixar&amp;nbsp;parcela] &lt;/a&gt;&lt;a class="noPrint" href="?class=ImprimirParcela&amp;id=118"&gt;[Imprimir&amp;nbsp;parcela] &lt;/a&gt;&lt;/th&gt;
	&lt;/tr&gt;
	&lt;tr&gt;
		&lt;td class="tabelatd2"&gt;119&lt;/td&gt;
		&lt;td class="tabelatd2"&gt;Tipo Cobranca&lt;/td&gt;
		&lt;td class="tabelatd2"&gt;10/10/2018&lt;/td&gt;
		&lt;td class="tabelatd2"&gt;100.00&lt;/td&gt;
		&lt;td class="tabelatd2"&gt;100.00&lt;/td&gt;
		&lt;td class="tabelatd2"&gt;Pago&lt;/td&gt;
		&lt;td class="tabelatd2"&gt;Fulano de Tal (652.392.539-00)&lt;/td&gt;
		&lt;td class="tabelatd2"&gt;1&lt;/td&gt;
		&lt;td class="tabelatd2"&gt;Patrimonial&lt;/td&gt;
&lt;th class="tabelatd2" border="1"&gt;&lt;a class="noPrint" href="?class=ControleCobranca&amp;opera=A&amp;id=119"&gt;[Alterar] &lt;/a&gt;&lt;a class="noPrint" href="?class=ControleCobranca&amp;opera=C&amp;id=119"&gt;[Consultar] &lt;/a&gt;&lt;a class="noPrint" href="?class=ControleCobranca&amp;opera=D&amp;id=119" onClick="return ConfirmaExclusao('');"&gt;[Deletar&amp;nbsp;registro] &lt;/a&gt;&lt;a class="noPrint" href="?class=BaixarParcela&amp;id=119"&gt;[Baixar&amp;nbsp;parcela] &lt;/a&gt;&lt;a class="noPrint" href="?class=ImprimirParcela&amp;id=119"&gt;[Imprimir&amp;nbsp;parcela] &lt;/a&gt;&lt;/th&gt;
	&lt;/tr&gt;
	&lt;tr&gt;
		&lt;td class="tabelatd1"&gt;120&lt;/td&gt;
		&lt;td class="tabelatd1"&gt;Tipo Cobranca&lt;/td&gt;
		&lt;td class="tabelatd1"&gt;10/10/2018&lt;/td&gt;
		&lt;td class="tabelatd1"&gt;100.00&lt;/td&gt;
		&lt;td class="tabelatd1"&gt;100.00&lt;/td&gt;
		&lt;td class="tabelatd1"&gt;Pago&lt;/td&gt;
		&lt;td class="tabelatd1"&gt;Fulano de Tal (652.392.539-00)&lt;/td&gt;
		&lt;td class="tabelatd1"&gt;1&lt;/td&gt;
		&lt;td class="tabelatd1"&gt;Patrimonial&lt;/td&gt;
&lt;th class="tabelatd1" border="1"&gt;&lt;a class="noPrint" href="?class=ControleCobranca&amp;opera=A&amp;id=120"&gt;[Alterar] &lt;/a&gt;&lt;a class="noPrint" href="?class=ControleCobranca&amp;opera=C&amp;id=120"&gt;[Consultar] &lt;/a&gt;&lt;a class="noPrint" href="?class=ControleCobranca&amp;opera=D&amp;id=120" onClick="return ConfirmaExclusao('');"&gt;[Deletar&amp;nbsp;registro] &lt;/a&gt;&lt;a class="noPrint" href="?class=BaixarParcela&amp;id=120"&gt;[Baixar&amp;nbsp;parcela] &lt;/a&gt;&lt;a class="noPrint" href="?class=ImprimirParcela&amp;id=120"&gt;[Imprimir&amp;nbsp;parcela] &lt;/a&gt;&lt;/th&gt;
	&lt;/tr&gt;
	&lt;tr&gt;
		&lt;td class="tabelatd2"&gt;121&lt;/td&gt;
		&lt;td class="tabelatd2"&gt;Tipo Cobranca&lt;/td&gt;
		&lt;td class="tabelatd2"&gt;10/10/2018&lt;/td&gt;
		&lt;td class="tabelatd2"&gt;100.00&lt;/td&gt;
		&lt;td class="tabelatd2"&gt;100.00&lt;/td&gt;
		&lt;td class="tabelatd2"&gt;Pago&lt;/td&gt;
		&lt;td class="tabelatd2"&gt;Fulano de Tal (652.392.539-00)&lt;/td&gt;
		&lt;td class="tabelatd2"&gt;1&lt;/td&gt;
		&lt;td class="tabelatd2"&gt;Patrimonial&lt;/td&gt;
&lt;th class="tabelatd2" border="1"&gt;&lt;a class="noPrint" href="?class=ControleCobranca&amp;opera=A&amp;id=121"&gt;[Alterar] &lt;/a&gt;&lt;a class="noPrint" href="?class=ControleCobranca&amp;opera=C&amp;id=121"&gt;[Consultar] &lt;/a&gt;&lt;a class="noPrint" href="?class=ControleCobranca&amp;opera=D&amp;id=121" onClick="return ConfirmaExclusao('');"&gt;[Deletar&amp;nbsp;registro] &lt;/a&gt;&lt;a class="noPrint" href="?class=BaixarParcela&amp;id=121"&gt;[Baixar&amp;nbsp;parcela] &lt;/a&gt;&lt;a class="noPrint" href="?class=ImprimirParcela&amp;id=121"&gt;[Imprimir&amp;nbsp;parcela] &lt;/a&gt;&lt;/th&gt;
	&lt;/tr&gt;
	&lt;tr&gt;
		&lt;td class="tabelatd1"&gt;122&lt;/td&gt;
		&lt;td class="tabelatd1"&gt;Tipo Cobranca&lt;/td&gt;
		&lt;td class="tabelatd1"&gt;10/10/2018&lt;/td&gt;
		&lt;td class="tabelatd1"&gt;100.00&lt;/td&gt;
		&lt;td class="tabelatd1"&gt;100.00&lt;/td&gt;
		&lt;td class="tabelatd1"&gt;Pago&lt;/td&gt;
		&lt;td class="tabelatd1"&gt;Fulano de Tal (652.392.539-00)&lt;/td&gt;
		&lt;td class="tabelatd1"&gt;1&lt;/td&gt;
		&lt;td class="tabelatd1"&gt;Patrimonial&lt;/td&gt;
&lt;th class="tabelatd1" border="1"&gt;&lt;a class="noPrint" href="?class=ControleCobranca&amp;opera=A&amp;id=122"&gt;[Alterar] &lt;/a&gt;&lt;a class="noPrint" href="?class=ControleCobranca&amp;opera=C&amp;id=122"&gt;[Consultar] &lt;/a&gt;&lt;a class="noPrint" href="?class=ControleCobranca&amp;opera=D&amp;id=122" onClick="return ConfirmaExclusao('');"&gt;[Deletar&amp;nbsp;registro] &lt;/a&gt;&lt;a class="noPrint" href="?class=BaixarParcela&amp;id=122"&gt;[Baixar&amp;nbsp;parcela] &lt;/a&gt;&lt;a class="noPrint" href="?class=ImprimirParcela&amp;id=122"&gt;[Imprimir&amp;nbsp;parcela] &lt;/a&gt;&lt;/th&gt;
	&lt;/tr&gt;
	&lt;tr&gt;
		&lt;td class="tabelatd2"&gt;141&lt;/td&gt;
		&lt;td class="tabelatd2"&gt;Tipo Cobranca&lt;/td&gt;
		&lt;td class="tabelatd2"&gt;10/10/2018&lt;/td&gt;
		&lt;td class="tabelatd2"&gt;100.00&lt;/td&gt;
		&lt;td class="tabelatd2"&gt;100.00&lt;/td&gt;
		&lt;td class="tabelatd2"&gt;Pago&lt;/td&gt;
		&lt;td class="tabelatd2"&gt;Fulano de Tal (652.392.539-00)&lt;/td&gt;
		&lt;td class="tabelatd2"&gt;1&lt;/td&gt;
		&lt;td class="tabelatd2"&gt;Patrimonial&lt;/td&gt;
&lt;th class="tabelatd2" border="1"&gt;&lt;a class="noPrint" href="?class=ControleCobranca&amp;opera=A&amp;id=141"&gt;[Alterar] &lt;/a&gt;&lt;a class="noPrint" href="?class=ControleCobranca&amp;opera=C&amp;id=141"&gt;[Consultar] &lt;/a&gt;&lt;a class="noPrint" href="?class=ControleCobranca&amp;opera=D&amp;id=141" onClick="return ConfirmaExclusao('');"&gt;[Deletar&amp;nbsp;registro] &lt;/a&gt;&lt;a class="noPrint" href="?class=BaixarParcela&amp;id=141"&gt;[Baixar&amp;nbsp;parcela] &lt;/a&gt;&lt;a class="noPrint" href="?class=ImprimirParcela&amp;id=141"&gt;[Imprimir&amp;nbsp;parcela] &lt;/a&gt;&lt;/th&gt;
	&lt;/tr&gt;
	&lt;tr&gt;
		&lt;td class="tabelatd1"&gt;142&lt;/td&gt;
		&lt;td class="tabelatd1"&gt;Tipo Cobranca&lt;/td&gt;
		&lt;td class="tabelatd1"&gt;10/10/2018&lt;/td&gt;
		&lt;td class="tabelatd1"&gt;100.00&lt;/td&gt;
		&lt;td class="tabelatd1"&gt;100.00&lt;/td&gt;
		&lt;td class="tabelatd1"&gt;Pago&lt;/td&gt;
		&lt;td class="tabelatd1"&gt;Fulano de Tal (652.392.539-00)&lt;/td&gt;
		&lt;td class="tabelatd1"&gt;1&lt;/td&gt;
		&lt;td class="tabelatd1"&gt;Patrimonial&lt;/td&gt;
&lt;th class="tabelatd1" border="1"&gt;&lt;a class="noPrint" href="?class=ControleCobranca&amp;opera=A&amp;id=142"&gt;[Alterar] &lt;/a&gt;&lt;a class="noPrint" href="?class=ControleCobranca&amp;opera=C&amp;id=142"&gt;[Consultar] &lt;/a&gt;&lt;a class="noPrint" href="?class=ControleCobranca&amp;opera=D&amp;id=142" onClick="return ConfirmaExclusao('');"&gt;[Deletar&amp;nbsp;registro] &lt;/a&gt;&lt;a class="noPrint" href="?class=BaixarParcela&amp;id=142"&gt;[Baixar&amp;nbsp;parcela] &lt;/a&gt;&lt;a class="noPrint" href="?class=ImprimirParcela&amp;id=142"&gt;[Imprimir&amp;nbsp;parcela] &lt;/a&gt;&lt;/th&gt;
	&lt;/tr&gt;
	&lt;tr&gt;
		&lt;td class="tabelatd2"&gt;143&lt;/td&gt;
		&lt;td class="tabelatd2"&gt;Tipo Cobranca&lt;/td&gt;
		&lt;td class="tabelatd2"&gt;10/10/2018&lt;/td&gt;
		&lt;td class="tabelatd2"&gt;100.00&lt;/td&gt;
		&lt;td class="tabelatd2"&gt;100.00&lt;/td&gt;
		&lt;td class="tabelatd2"&gt;Pago&lt;/td&gt;
		&lt;td class="tabelatd2"&gt;Fulano de Tal (652.392.539-00)&lt;/td&gt;
		&lt;td class="tabelatd2"&gt;1&lt;/td&gt;
		&lt;td class="tabelatd2"&gt;Patrimonial&lt;/td&gt;
&lt;th class="tabelatd2" border="1"&gt;&lt;a class="noPrint" href="?class=ControleCobranca&amp;opera=A&amp;id=143"&gt;[Alterar] &lt;/a&gt;&lt;a class="noPrint" href="?class=ControleCobranca&amp;opera=C&amp;id=143"&gt;[Consultar] &lt;/a&gt;&lt;a class="noPrint" href="?class=ControleCobranca&amp;opera=D&amp;id=143" onClick="return ConfirmaExclusao('');"&gt;[Deletar&amp;nbsp;registro] &lt;/a&gt;&lt;a class="noPrint" href="?class=BaixarParcela&amp;id=143"&gt;[Baixar&amp;nbsp;parcela] &lt;/a&gt;&lt;a class="noPrint" href="?class=ImprimirParcela&amp;id=143"&gt;[Imprimir&amp;nbsp;parcela] &lt;/a&gt;&lt;/th&gt;
	&lt;/tr&gt;
	&lt;tr&gt;
		&lt;td class="tabelatd1"&gt;144&lt;/td&gt;
		&lt;td class="tabelatd1"&gt;Tipo Cobranca&lt;/td&gt;
		&lt;td class="tabelatd1"&gt;10/10/2018&lt;/td&gt;
		&lt;td class="tabelatd1"&gt;100.00&lt;/td&gt;
		&lt;td class="tabelatd1"&gt;100.00&lt;/td&gt;
		&lt;td class="tabelatd1"&gt;Pago&lt;/td&gt;
		&lt;td class="tabelatd1"&gt;Fulano de Tal (652.392.539-00)&lt;/td&gt;
		&lt;td class="tabelatd1"&gt;1&lt;/td&gt;
		&lt;td class="tabelatd1"&gt;Patrimonial&lt;/td&gt;
&lt;th class="tabelatd1" border="1"&gt;&lt;a class="noPrint" href="?class=ControleCobranca&amp;opera=A&amp;id=144"&gt;[Alterar] &lt;/a&gt;&lt;a class="noPrint" href="?class=ControleCobranca&amp;opera=C&amp;id=144"&gt;[Consultar] &lt;/a&gt;&lt;a class="noPrint" href="?class=ControleCobranca&amp;opera=D&amp;id=144" onClick="return ConfirmaExclusao('');"&gt;[Deletar&amp;nbsp;registro] &lt;/a&gt;&lt;a class="noPrint" href="?class=BaixarParcela&amp;id=144"&gt;[Baixar&amp;nbsp;parcela] &lt;/a&gt;&lt;a class="noPrint" href="?class=ImprimirParcela&amp;id=144"&gt;[Imprimir&amp;nbsp;parcela] &lt;/a&gt;&lt;/th&gt;
	&lt;/tr&gt;
	&lt;tr&gt;
		&lt;td class="tabelatd2"&gt;145&lt;/td&gt;
		&lt;td class="tabelatd2"&gt;Tipo Cobranca&lt;/td&gt;
		&lt;td class="tabelatd2"&gt;10/10/2018&lt;/td&gt;
		&lt;td class="tabelatd2"&gt;100.00&lt;/td&gt;
		&lt;td class="tabelatd2"&gt;100.00&lt;/td&gt;
		&lt;td class="tabelatd2"&gt;Pago&lt;/td&gt;
		&lt;td class="tabelatd2"&gt;Fulano de Tal (652.392.539-00)&lt;/td&gt;
		&lt;td class="tabelatd2"&gt;1&lt;/td&gt;
		&lt;td class="tabelatd2"&gt;Patrimonial&lt;/td&gt;
&lt;th class="tabelatd2" border="1"&gt;&lt;a class="noPrint" href="?class=ControleCobranca&amp;opera=A&amp;id=145"&gt;[Alterar] &lt;/a&gt;&lt;a class="noPrint" href="?class=ControleCobranca&amp;opera=C&amp;id=145"&gt;[Consultar] &lt;/a&gt;&lt;a class="noPrint" href="?class=ControleCobranca&amp;opera=D&amp;id=145" onClick="return ConfirmaExclusao('');"&gt;[Deletar&amp;nbsp;registro] &lt;/a&gt;&lt;a class="noPrint" href="?class=BaixarParcela&amp;id=145"&gt;[Baixar&amp;nbsp;parcela] &lt;/a&gt;&lt;a class="noPrint" href="?class=ImprimirParcela&amp;id=145"&gt;[Imprimir&amp;nbsp;parcela] &lt;/a&gt;&lt;/th&gt;
	&lt;/tr&gt;
	&lt;tr&gt;
		&lt;td class="tabelatd1"&gt;146&lt;/td&gt;
		&lt;td class="tabelatd1"&gt;Tipo Cobranca&lt;/td&gt;
		&lt;td class="tabelatd1"&gt;10/10/2018&lt;/td&gt;
		&lt;td class="tabelatd1"&gt;100.00&lt;/td&gt;
		&lt;td class="tabelatd1"&gt;100.00&lt;/td&gt;
		&lt;td class="tabelatd1"&gt;Pago&lt;/td&gt;
		&lt;td class="tabelatd1"&gt;Fulano de Tal (652.392.539-00)&lt;/td&gt;
		&lt;td class="tabelatd1"&gt;1&lt;/td&gt;
		&lt;td class="tabelatd1"&gt;Patrimonial&lt;/td&gt;
&lt;th class="tabelatd1" border="1"&gt;&lt;a class="noPrint" href="?class=ControleCobranca&amp;opera=A&amp;id=146"&gt;[Alterar] &lt;/a&gt;&lt;a class="noPrint" href="?class=ControleCobranca&amp;opera=C&amp;id=146"&gt;[Consultar] &lt;/a&gt;&lt;a class="noPrint" href="?class=ControleCobranca&amp;opera=D&amp;id=146" onClick="return ConfirmaExclusao('');"&gt;[Deletar&amp;nbsp;registro] &lt;/a&gt;&lt;a class="noPrint" href="?class=BaixarParcela&amp;id=146"&gt;[Baixar&amp;nbsp;parcela] &lt;/a&gt;&lt;a class="noPrint" href="?class=ImprimirParcela&amp;id=146"&gt;[Imprimir&amp;nbsp;parcela] &lt;/a&gt;&lt;/th&gt;
	&lt;/tr&gt;
	&lt;tr&gt;
		&lt;td class="tabelatd2"&gt;227&lt;/td&gt;
		&lt;td class="tabelatd2"&gt;Tipo Cobranca&lt;/td&gt;
		&lt;td class="tabelatd2"&gt;10/10/2018&lt;/td&gt;
		&lt;td class="tabelatd2"&gt;100.00&lt;/td&gt;
		&lt;td class="tabelatd2"&gt;100.00&lt;/td&gt;
		&lt;td class="tabelatd2"&gt;Pago&lt;/td&gt;
		&lt;td class="tabelatd2"&gt;Fulano de Tal (652.392.539-00)&lt;/td&gt;
		&lt;td class="tabelatd2"&gt;1&lt;/td&gt;
		&lt;td class="tabelatd2"&gt;Patrimonial&lt;/td&gt;
&lt;th class="tabelatd2" border="1"&gt;&lt;a class="noPrint" href="?class=ControleCobranca&amp;opera=A&amp;id=227"&gt;[Alterar] &lt;/a&gt;&lt;a class="noPrint" href="?class=ControleCobranca&amp;opera=C&amp;id=227"&gt;[Consultar] &lt;/a&gt;&lt;a class="noPrint" href="?class=ControleCobranca&amp;opera=D&amp;id=227" onClick="return ConfirmaExclusao('');"&gt;[Deletar&amp;nbsp;registro] &lt;/a&gt;&lt;a class="noPrint" href="?class=BaixarParcela&amp;id=227"&gt;[Baixar&amp;nbsp;parcela] &lt;/a&gt;&lt;a class="noPrint" href="?class=ImprimirParcela&amp;id=227"&gt;[Imprimir&amp;nbsp;parcela] &lt;/a&gt;&lt;/th&gt;
	&lt;/tr&gt;
	&lt;tr&gt;
		&lt;td class="tabelatd1"&gt;228&lt;/td&gt;
		&lt;td class="tabelatd1"&gt;Tipo Cobranca&lt;/td&gt;
		&lt;td class="tabelatd1"&gt;10/10/2018&lt;/td&gt;
		&lt;td class="tabelatd1"&gt;100.00&lt;/td&gt;
		&lt;td class="tabelatd1"&gt;100.00&lt;/td&gt;
		&lt;td class="tabelatd1"&gt;Pago&lt;/td&gt;
		&lt;td class="tabelatd1"&gt;Fulano de Tal (652.392.539-00)&lt;/td&gt;
		&lt;td class="tabelatd1"&gt;1&lt;/td&gt;
		&lt;td class="tabelatd1"&gt;Patrimonial&lt;/td&gt;
&lt;th class="tabelatd1" border="1"&gt;&lt;a class="noPrint" href="?class=ControleCobranca&amp;opera=A&amp;id=228"&gt;[Alterar] &lt;/a&gt;&lt;a class="noPrint" href="?class=ControleCobranca&amp;opera=C&amp;id=228"&gt;[Consultar] &lt;/a&gt;&lt;a class="noPrint" href="?class=ControleCobranca&amp;opera=D&amp;id=228" onClick="return ConfirmaExclusao('');"&gt;[Deletar&amp;nbsp;registro] &lt;/a&gt;&lt;a class="noPrint" href="?class=BaixarParcela&amp;id=228"&gt;[Baixar&amp;nbsp;parcela] &lt;/a&gt;&lt;a class="noPrint" href="?class=ImprimirParcela&amp;id=228"&gt;[Imprimir&amp;nbsp;parcela] &lt;/a&gt;&lt;/th&gt;
	&lt;/tr&gt;
	&lt;tr&gt;
		&lt;td class="tabelatd2"&gt;229&lt;/td&gt;
		&lt;td class="tabelatd2"&gt;Tipo Cobranca&lt;/td&gt;
		&lt;td class="tabelatd2"&gt;10/10/2018&lt;/td&gt;
		&lt;td class="tabelatd2"&gt;100.00&lt;/td&gt;
		&lt;td class="tabelatd2"&gt;100.00&lt;/td&gt;
		&lt;td class="tabelatd2"&gt;Pago&lt;/td&gt;
		&lt;td class="tabelatd2"&gt;Fulano de Tal (652.392.539-00)&lt;/td&gt;
		&lt;td class="tabelatd2"&gt;1&lt;/td&gt;
		&lt;td class="tabelatd2"&gt;Patrimonial&lt;/td&gt;
&lt;th class="tabelatd2" border="1"&gt;&lt;a class="noPrint" href="?class=ControleCobranca&amp;opera=A&amp;id=229"&gt;[Alterar] &lt;/a&gt;&lt;a class="noPrint" href="?class=ControleCobranca&amp;opera=C&amp;id=229"&gt;[Consultar] &lt;/a&gt;&lt;a class="noPrint" href="?class=ControleCobranca&amp;opera=D&amp;id=229" onClick="return ConfirmaExclusao('');"&gt;[Deletar&amp;nbsp;registro] &lt;/a&gt;&lt;a class="noPrint" href="?class=BaixarParcela&amp;id=229"&gt;[Baixar&amp;nbsp;parcela] &lt;/a&gt;&lt;a class="noPrint" href="?class=ImprimirParcela&amp;id=229"&gt;[Imprimir&amp;nbsp;parcela] &lt;/a&gt;&lt;/th&gt;
	&lt;/tr&gt;
	&lt;tr&gt;
		&lt;td class="tabelatd1"&gt;252&lt;/td&gt;
		&lt;td class="tabelatd1"&gt;Tipo Cobranca&lt;/td&gt;
		&lt;td class="tabelatd1"&gt;10/10/2018&lt;/td&gt;
		&lt;td class="tabelatd1"&gt;100.00&lt;/td&gt;
		&lt;td class="tabelatd1"&gt;100.00&lt;/td&gt;
		&lt;td class="tabelatd1"&gt;Pago&lt;/td&gt;
		&lt;td class="tabelatd1"&gt;Fulano de Tal (652.392.539-00)&lt;/td&gt;
		&lt;td class="tabelatd1"&gt;1&lt;/td&gt;
		&lt;td class="tabelatd1"&gt;Patrimonial&lt;/td&gt;
&lt;th class="tabelatd1" border="1"&gt;&lt;a class="noPrint" href="?class=ControleCobranca&amp;opera=A&amp;id=252"&gt;[Alterar] &lt;/a&gt;&lt;a class="noPrint" href="?class=ControleCobranca&amp;opera=C&amp;id=252"&gt;[Consultar] &lt;/a&gt;&lt;a class="noPrint" href="?class=ControleCobranca&amp;opera=D&amp;id=252" onClick="return ConfirmaExclusao('');"&gt;[Deletar&amp;nbsp;registro] &lt;/a&gt;&lt;a class="noPrint" href="?class=BaixarParcela&amp;id=252"&gt;[Baixar&amp;nbsp;parcela] &lt;/a&gt;&lt;a class="noPrint" href="?class=ImprimirParcela&amp;id=252"&gt;[Imprimir&amp;nbsp;parcela] &lt;/a&gt;&lt;/th&gt;
	&lt;/tr&gt;
	&lt;tr&gt;
		&lt;td class="tabelatd2"&gt;277&lt;/td&gt;
		&lt;td class="tabelatd2"&gt;Tipo Cobranca&lt;/td&gt;
		&lt;td class="tabelatd2"&gt;10/10/2018&lt;/td&gt;
		&lt;td class="tabelatd2"&gt;100.00&lt;/td&gt;
		&lt;td class="tabelatd2"&gt;100.00&lt;/td&gt;
		&lt;td class="tabelatd2"&gt;Pago&lt;/td&gt;
		&lt;td class="tabelatd2"&gt;Fulano de Tal (652.392.539-00)&lt;/td&gt;
		&lt;td class="tabelatd2"&gt;1&lt;/td&gt;
		&lt;td class="tabelatd2"&gt;Patrimonial&lt;/td&gt;
&lt;th class="tabelatd2" border="1"&gt;&lt;a class="noPrint" href="?class=ControleCobranca&amp;opera=A&amp;id=277"&gt;[Alterar] &lt;/a&gt;&lt;a class="noPrint" href="?class=ControleCobranca&amp;opera=C&amp;id=277"&gt;[Consultar] &lt;/a&gt;&lt;a class="noPrint" href="?class=ControleCobranca&amp;opera=D&amp;id=277" onClick="return ConfirmaExclusao('');"&gt;[Deletar&amp;nbsp;registro] &lt;/a&gt;&lt;a class="noPrint" href="?class=BaixarParcela&amp;id=277"&gt;[Baixar&amp;nbsp;parcela] &lt;/a&gt;&lt;a class="noPrint" href="?class=ImprimirParcela&amp;id=277"&gt;[Imprimir&amp;nbsp;parcela] &lt;/a&gt;&lt;/th&gt;
	&lt;/tr&gt;
	&lt;tr&gt;
		&lt;td class="tabelatd1"&gt;304&lt;/td&gt;
		&lt;td class="tabelatd1"&gt;Tipo Cobranca&lt;/td&gt;
		&lt;td class="tabelatd1"&gt;10/10/2018&lt;/td&gt;
		&lt;td class="tabelatd1"&gt;100.00&lt;/td&gt;
		&lt;td class="tabelatd1"&gt;100.00&lt;/td&gt;
		&lt;td class="tabelatd1"&gt;Pago&lt;/td&gt;
		&lt;td class="tabelatd1"&gt;Fulano de Tal (652.392.539-00)&lt;/td&gt;
		&lt;td class="tabelatd1"&gt;1&lt;/td&gt;
		&lt;td class="tabelatd1"&gt;Patrimonial&lt;/td&gt;
&lt;th class="tabelatd1" border="1"&gt;&lt;a class="noPrint" href="?class=ControleCobranca&amp;opera=A&amp;id=304"&gt;[Alterar] &lt;/a&gt;&lt;a class="noPrint" href="?class=ControleCobranca&amp;opera=C&amp;id=304"&gt;[Consultar] &lt;/a&gt;&lt;a class="noPrint" href="?class=ControleCobranca&amp;opera=D&amp;id=304" onClick="return ConfirmaExclusao('');"&gt;[Deletar&amp;nbsp;registro] &lt;/a&gt;&lt;a class="noPrint" href="?class=BaixarParcela&amp;id=304"&gt;[Baixar&amp;nbsp;parcela] &lt;/a&gt;&lt;a class="noPrint" href="?class=ImprimirParcela&amp;id=304"&gt;[Imprimir&amp;nbsp;parcela] &lt;/a&gt;&lt;/th&gt;
	&lt;/tr&gt;
	&lt;tr&gt;
		&lt;td class="tabelatd2"&gt;333&lt;/td&gt;
		&lt;td class="tabelatd2"&gt;Tipo Cobranca&lt;/td&gt;
		&lt;td class="tabelatd2"&gt;10/10/2018&lt;/td&gt;
		&lt;td class="tabelatd2"&gt;100.00&lt;/td&gt;
		&lt;td class="tabelatd2"&gt;100.00&lt;/td&gt;
		&lt;td class="tabelatd2"&gt;Pago&lt;/td&gt;
		&lt;td class="tabelatd2"&gt;Fulano de Tal (652.392.539-00)&lt;/td&gt;
		&lt;td class="tabelatd2"&gt;1&lt;/td&gt;
		&lt;td class="tabelatd2"&gt;Patrimonial&lt;/td&gt;
&lt;th class="tabelatd2" border="1"&gt;&lt;a class="noPrint" href="?class=ControleCobranca&amp;opera=A&amp;id=333"&gt;[Alterar] &lt;/a&gt;&lt;a class="noPrint" href="?class=ControleCobranca&amp;opera=C&amp;id=333"&gt;[Consultar] &lt;/a&gt;&lt;a class="noPrint" href="?class=ControleCobranca&amp;opera=D&amp;id=333" onClick="return ConfirmaExclusao('');"&gt;[Deletar&amp;nbsp;registro] &lt;/a&gt;&lt;a class="noPrint" href="?class=BaixarParcela&amp;id=333"&gt;[Baixar&amp;nbsp;parcela] &lt;/a&gt;&lt;a class="noPrint" href="?class=ImprimirParcela&amp;id=333"&gt;[Imprimir&amp;nbsp;parcela] &lt;/a&gt;&lt;/th&gt;
	&lt;/tr&gt;
	&lt;tr&gt;
		&lt;td class="tabelatd1"&gt;364&lt;/td&gt;
		&lt;td class="tabelatd1"&gt;Tipo Cobranca&lt;/td&gt;
		&lt;td class="tabelatd1"&gt;10/10/2018&lt;/td&gt;
		&lt;td class="tabelatd1"&gt;100.00&lt;/td&gt;
		&lt;td class="tabelatd1"&gt;100.00&lt;/td&gt;
		&lt;td class="tabelatd1"&gt;Pago&lt;/td&gt;
		&lt;td class="tabelatd1"&gt;Fulano de Tal (652.392.539-00)&lt;/td&gt;
		&lt;td class="tabelatd1"&gt;1&lt;/td&gt;
		&lt;td class="tabelatd1"&gt;Patrimonial&lt;/td&gt;
&lt;th class="tabelatd1" border="1"&gt;&lt;a class="noPrint" href="?class=ControleCobranca&amp;opera=A&amp;id=364"&gt;[Alterar] &lt;/a&gt;&lt;a class="noPrint" href="?class=ControleCobranca&amp;opera=C&amp;id=364"&gt;[Consultar] &lt;/a&gt;&lt;a class="noPrint" href="?class=ControleCobranca&amp;opera=D&amp;id=364" onClick="return ConfirmaExclusao('');"&gt;[Deletar&amp;nbsp;registro] &lt;/a&gt;&lt;a class="noPrint" href="?class=BaixarParcela&amp;id=364"&gt;[Baixar&amp;nbsp;parcela] &lt;/a&gt;&lt;a class="noPrint" href="?class=ImprimirParcela&amp;id=364"&gt;[Imprimir&amp;nbsp;parcela] &lt;/a&gt;&lt;/th&gt;
	&lt;/tr&gt;
	&lt;tr&gt;
		&lt;td class="tabelatd2"&gt;397&lt;/td&gt;
		&lt;td class="tabelatd2"&gt;Tipo Cobranca&lt;/td&gt;
		&lt;td class="tabelatd2"&gt;10/10/2018&lt;/td&gt;
		&lt;td class="tabelatd2"&gt;100.00&lt;/td&gt;
		&lt;td class="tabelatd2"&gt;100.00&lt;/td&gt;
		&lt;td class="tabelatd2"&gt;Pago&lt;/td&gt;
		&lt;td class="tabelatd2"&gt;Fulano de Tal (652.392.539-00)&lt;/td&gt;
		&lt;td class="tabelatd2"&gt;1&lt;/td&gt;
		&lt;td class="tabelatd2"&gt;Patrimonial&lt;/td&gt;
&lt;th class="tabelatd2" border="1"&gt;&lt;a class="noPrint" href="?class=ControleCobranca&amp;opera=A&amp;id=397"&gt;[Alterar] &lt;/a&gt;&lt;a class="noPrint" href="?class=ControleCobranca&amp;opera=C&amp;id=397"&gt;[Consultar] &lt;/a&gt;&lt;a class="noPrint" href="?class=ControleCobranca&amp;opera=D&amp;id=397" onClick="return ConfirmaExclusao('');"&gt;[Deletar&amp;nbsp;registro] &lt;/a&gt;&lt;a class="noPrint" href="?class=BaixarParcela&amp;id=397"&gt;[Baixar&amp;nbsp;parcela] &lt;/a&gt;&lt;a class="noPrint" href="?class=ImprimirParcela&amp;id=397"&gt;[Imprimir&amp;nbsp;parcela] &lt;/a&gt;&lt;/th&gt;
	&lt;/tr&gt;
	&lt;tr&gt;
		&lt;td class="tabelatd1"&gt;432&lt;/td&gt;
		&lt;td class="tabelatd1"&gt;Tipo Cobranca&lt;/td&gt;
		&lt;td class="tabelatd1"&gt;10/10/2018&lt;/td&gt;
		&lt;td class="tabelatd1"&gt;100.00&lt;/td&gt;
		&lt;td class="tabelatd1"&gt;100.00&lt;/td&gt;
		&lt;td class="tabelatd1"&gt;Pago&lt;/td&gt;
		&lt;td class="tabelatd1"&gt;Fulano de Tal (652.392.539-00)&lt;/td&gt;
		&lt;td class="tabelatd1"&gt;1&lt;/td&gt;
		&lt;td class="tabelatd1"&gt;Patrimonial&lt;/td&gt;
&lt;th class="tabelatd1" border="1"&gt;&lt;a class="noPrint" href="?class=ControleCobranca&amp;opera=A&amp;id=432"&gt;[Alterar] &lt;/a&gt;&lt;a class="noPrint" href="?class=ControleCobranca&amp;opera=C&amp;id=432"&gt;[Consultar] &lt;/a&gt;&lt;a class="noPrint" href="?class=ControleCobranca&amp;opera=D&amp;id=432" onClick="return ConfirmaExclusao('');"&gt;[Deletar&amp;nbsp;registro] &lt;/a&gt;&lt;a class="noPrint" href="?class=BaixarParcela&amp;id=432"&gt;[Baixar&amp;nbsp;parcela] &lt;/a&gt;&lt;a class="noPrint" href="?class=ImprimirParcela&amp;id=432"&gt;[Imprimir&amp;nbsp;parcela] &lt;/a&gt;&lt;/th&gt;
	&lt;/tr&gt;
&lt;/Table&gt;
&lt;h3&gt;Número de registros na lista: 31&lt;/h3&gt;
&lt;/div&gt;
&lt;/body&gt;&#13;
&lt;/html&gt;&#13;
</system-out>
      </testcase>
      <testcase name="testInsere" class="DaoControleCobrancaTest" classname="DaoControleCobrancaTest" file="C:\Apache24\htdocs\Associacao\tests\controller\DaoControleCobrancaTest.php" line="74" assertions="1" time="0.034848"/>
      <testcase name="testExiste" class="DaoControleCobrancaTest" classname="DaoControleCobrancaTest" file="C:\Apache24\htdocs\Associacao\tests\controller\DaoControleCobrancaTest.php" line="82" assertions="1" time="0.025616"/>
      <testcase name="testApaga" class="DaoControleCobrancaTest" classname="DaoControleCobrancaTest" file="C:\Apache24\htdocs\Associacao\tests\controller\DaoControleCobrancaTest.php" line="90" assertions="2" time="0.023331">
        <system-out>&lt;br&gt;&lt;br&gt;&lt;br&gt;&lt;br&gt;&lt;center&gt;&lt;div&gt;&lt;h2 class="tituloCadastro"&gt;Erro ao executar a tarefa!&lt;br&gt;DELETE FROM COBRANCA WHERE (ID = );&lt;br&gt;Dynamic SQL Error SQL error code = -104 Token unknown - line 1, column 34 ) &lt;/h2&gt;&lt;/div&gt;&lt;/center&gt;</system-out>
      </testcase>
      <testcase name="testGravar" class="DaoControleCobrancaTest" classname="DaoControleCobrancaTest" file="C:\Apache24\htdocs\Associacao\tests\controller\DaoControleCobrancaTest.php" line="99" assertions="2" time="0.030697">
        <system-out>&lt;br&gt;&lt;br&gt;&lt;br&gt;&lt;br&gt;&lt;center&gt;&lt;div&gt;&lt;h2 class="tituloCadastro"&gt;Erro ao executar a tarefa!&lt;br&gt;UPDATE COBRANCA
                SET ID_TITULO = '1',
                    ID_ASSOCIADO = '1',
                    ID_TIPO_COBRANCA = '1',
                    ID_SITUACAO_BAIXA = '2',
                    DATA_VENCIMENTO = '2018/10/10',
                    DATA_BAIXA = Null,
		    DATA_REGISTRO_BAIXA = Null, 
                    VALOR_NOMINAL = 100,
                    VALOR_ACRESCIMO = 10,
                    VALOR_ABATIMENTOS = 10,
                    VALOR_BAIXADO = 100
              WHERE ID = &lt;br&gt;Dynamic SQL Error SQL error code = -104 Unexpected end of command - line 13, column 24 &lt;/h2&gt;&lt;/div&gt;&lt;/center&gt;</system-out>
      </testcase>
      <testcase name="testAltera" class="DaoControleCobrancaTest" classname="DaoControleCobrancaTest" file="C:\Apache24\htdocs\Associacao\tests\controller\DaoControleCobrancaTest.php" line="110" assertions="2" time="0.029978"/>
      <testcase name="testLerAssociadoTitulo" class="DaoControleCobrancaTest" classname="DaoControleCobrancaTest" file="C:\Apache24\htdocs\Associacao\tests\controller\DaoControleCobrancaTest.php" line="122" assertions="2" time="0.023852">
        <system-out>Titulo sem associado relacionado!</system-out>
      </testcase>
      <testcase name="testLer" class="DaoControleCobrancaTest" classname="DaoControleCobrancaTest" file="C:\Apache24\htdocs\Associacao\tests\controller\DaoControleCobrancaTest.php" line="131" assertions="1" time="0.024551"/>
      <testcase name="testLista" class="DaoControleCobrancaTest" classname="DaoControleCobrancaTest" file="C:\Apache24\htdocs\Associacao\tests\controller\DaoControleCobrancaTest.php" line="139" assertions="2" time="0.342205">
        <system-out>&lt;input type="button" onclick="imprimirDiv('divCOBRANCA', this);" value="Imprimir lista"&gt;&lt;div id='divCOBRANCA'&gt;
&lt;Table class="tabela" width="100%" border="1" cellpadding="3" cellspacing="0"&gt;
&lt;tr&gt;
&lt;th class="tabelath" border="1"&gt;PARCELA&lt;/th&gt;
&lt;th class="tabelath" border="1"&gt;DESCRICAO&lt;/th&gt;
&lt;th class="tabelath" border="1"&gt;DATA_VENCIMENTO&lt;/th&gt;
&lt;th class="tabelath" border="1"&gt;VALOR_NOMINAL&lt;/th&gt;
&lt;th class="tabelath" border="1"&gt;VALOR_BAIXADO&lt;/th&gt;
&lt;th class="tabelath" border="1"&gt;SITUACAO&lt;/th&gt;
&lt;th class="tabelath" border="1"&gt;ASSOCIADO&lt;/th&gt;
&lt;th class="tabelath" border="1"&gt;NUMERO_TITULO&lt;/th&gt;
&lt;th class="tabelath" border="1"&gt;TIPO&lt;/th&gt;
&lt;th class="tabelath" border="1"&gt;OPERAÇÃO&lt;/th&gt;
&lt;/tr&gt;
	&lt;tr&gt;
		&lt;td class="tabelatd1"&gt;40&lt;/td&gt;
		&lt;td class="tabelatd1"&gt;Tipo Cobranca&lt;/td&gt;
		&lt;td class="tabelatd1"&gt;10/10/2018&lt;/td&gt;
		&lt;td class="tabelatd1"&gt;100.00&lt;/td&gt;
		&lt;td class="tabelatd1"&gt;100.00&lt;/td&gt;
		&lt;td class="tabelatd1"&gt;Pago&lt;/td&gt;
		&lt;td class="tabelatd1"&gt;Fulano de Tal (652.392.539-00)&lt;/td&gt;
		&lt;td class="tabelatd1"&gt;1&lt;/td&gt;
		&lt;td class="tabelatd1"&gt;Patrimonial&lt;/td&gt;
&lt;th class="tabelatd1" border="1"&gt;&lt;a class="noPrint" href="?class=ControleCobranca&amp;opera=A&amp;id=40"&gt;[Alterar] &lt;/a&gt;&lt;a class="noPrint" href="?class=ControleCobranca&amp;opera=C&amp;id=40"&gt;[Consultar] &lt;/a&gt;&lt;a class="noPrint" href="?class=ControleCobranca&amp;opera=D&amp;id=40" onClick="return ConfirmaExclusao('');"&gt;[Deletar&amp;nbsp;registro] &lt;/a&gt;&lt;a class="noPrint" href="?class=BaixarParcela&amp;id=40"&gt;[Baixar&amp;nbsp;parcela] &lt;/a&gt;&lt;a class="noPrint" href="?class=ImprimirParcela&amp;id=40"&gt;[Imprimir&amp;nbsp;parcela] &lt;/a&gt;&lt;/th&gt;
	&lt;/tr&gt;
	&lt;tr&gt;
		&lt;td class="tabelatd2"&gt;51&lt;/td&gt;
		&lt;td class="tabelatd2"&gt;Tipo Cobranca&lt;/td&gt;
		&lt;td class="tabelatd2"&gt;10/10/2018&lt;/td&gt;
		&lt;td class="tabelatd2"&gt;100.00&lt;/td&gt;
		&lt;td class="tabelatd2"&gt;100.00&lt;/td&gt;
		&lt;td class="tabelatd2"&gt;Pago&lt;/td&gt;
		&lt;td class="tabelatd2"&gt;Fulano de Tal (652.392.539-00)&lt;/td&gt;
		&lt;td class="tabelatd2"&gt;1&lt;/td&gt;
		&lt;td class="tabelatd2"&gt;Patrimonial&lt;/td&gt;
&lt;th class="tabelatd2" border="1"&gt;&lt;a class="noPrint" href="?class=ControleCobranca&amp;opera=A&amp;id=51"&gt;[Alterar] &lt;/a&gt;&lt;a class="noPrint" href="?class=ControleCobranca&amp;opera=C&amp;id=51"&gt;[Consultar] &lt;/a&gt;&lt;a class="noPrint" href="?class=ControleCobranca&amp;opera=D&amp;id=51" onClick="return ConfirmaExclusao('');"&gt;[Deletar&amp;nbsp;registro] &lt;/a&gt;&lt;a class="noPrint" href="?class=BaixarParcela&amp;id=51"&gt;[Baixar&amp;nbsp;parcela] &lt;/a&gt;&lt;a class="noPrint" href="?class=ImprimirParcela&amp;id=51"&gt;[Imprimir&amp;nbsp;parcela] &lt;/a&gt;&lt;/th&gt;
	&lt;/tr&gt;
	&lt;tr&gt;
		&lt;td class="tabelatd1"&gt;64&lt;/td&gt;
		&lt;td class="tabelatd1"&gt;Tipo Cobranca&lt;/td&gt;
		&lt;td class="tabelatd1"&gt;10/10/2018&lt;/td&gt;
		&lt;td class="tabelatd1"&gt;100.00&lt;/td&gt;
		&lt;td class="tabelatd1"&gt;100.00&lt;/td&gt;
		&lt;td class="tabelatd1"&gt;Pago&lt;/td&gt;
		&lt;td class="tabelatd1"&gt;Fulano de Tal (652.392.539-00)&lt;/td&gt;
		&lt;td class="tabelatd1"&gt;1&lt;/td&gt;
		&lt;td class="tabelatd1"&gt;Patrimonial&lt;/td&gt;
&lt;th class="tabelatd1" border="1"&gt;&lt;a class="noPrint" href="?class=ControleCobranca&amp;opera=A&amp;id=64"&gt;[Alterar] &lt;/a&gt;&lt;a class="noPrint" href="?class=ControleCobranca&amp;opera=C&amp;id=64"&gt;[Consultar] &lt;/a&gt;&lt;a class="noPrint" href="?class=ControleCobranca&amp;opera=D&amp;id=64" onClick="return ConfirmaExclusao('');"&gt;[Deletar&amp;nbsp;registro] &lt;/a&gt;&lt;a class="noPrint" href="?class=BaixarParcela&amp;id=64"&gt;[Baixar&amp;nbsp;parcela] &lt;/a&gt;&lt;a class="noPrint" href="?class=ImprimirParcela&amp;id=64"&gt;[Imprimir&amp;nbsp;parcela] &lt;/a&gt;&lt;/th&gt;
	&lt;/tr&gt;
	&lt;tr&gt;
		&lt;td class="tabelatd2"&gt;79&lt;/td&gt;
		&lt;td class="tabelatd2"&gt;Tipo Cobranca&lt;/td&gt;
		&lt;td class="tabelatd2"&gt;10/10/2018&lt;/td&gt;
		&lt;td class="tabelatd2"&gt;100.00&lt;/td&gt;
		&lt;td class="tabelatd2"&gt;100.00&lt;/td&gt;
		&lt;td class="tabelatd2"&gt;Pago&lt;/td&gt;
		&lt;td class="tabelatd2"&gt;Fulano de Tal (652.392.539-00)&lt;/td&gt;
		&lt;td class="tabelatd2"&gt;1&lt;/td&gt;
		&lt;td class="tabelatd2"&gt;Patrimonial&lt;/td&gt;
&lt;th class="tabelatd2" border="1"&gt;&lt;a class="noPrint" href="?class=ControleCobranca&amp;opera=A&amp;id=79"&gt;[Alterar] &lt;/a&gt;&lt;a class="noPrint" href="?class=ControleCobranca&amp;opera=C&amp;id=79"&gt;[Consultar] &lt;/a&gt;&lt;a class="noPrint" href="?class=ControleCobranca&amp;opera=D&amp;id=79" onClick="return ConfirmaExclusao('');"&gt;[Deletar&amp;nbsp;registro] &lt;/a&gt;&lt;a class="noPrint" href="?class=BaixarParcela&amp;id=79"&gt;[Baixar&amp;nbsp;parcela] &lt;/a&gt;&lt;a class="noPrint" href="?class=ImprimirParcela&amp;id=79"&gt;[Imprimir&amp;nbsp;parcela] &lt;/a&gt;&lt;/th&gt;
	&lt;/tr&gt;
	&lt;tr&gt;
		&lt;td class="tabelatd1"&gt;112&lt;/td&gt;
		&lt;td class="tabelatd1"&gt;Tipo Cobranca&lt;/td&gt;
		&lt;td class="tabelatd1"&gt;10/10/2018&lt;/td&gt;
		&lt;td class="tabelatd1"&gt;100.00&lt;/td&gt;
		&lt;td class="tabelatd1"&gt;100.00&lt;/td&gt;
		&lt;td class="tabelatd1"&gt;Pago&lt;/td&gt;
		&lt;td class="tabelatd1"&gt;Fulano de Tal (652.392.539-00)&lt;/td&gt;
		&lt;td class="tabelatd1"&gt;1&lt;/td&gt;
		&lt;td class="tabelatd1"&gt;Patrimonial&lt;/td&gt;
&lt;th class="tabelatd1" border="1"&gt;&lt;a class="noPrint" href="?class=ControleCobranca&amp;opera=A&amp;id=112"&gt;[Alterar] &lt;/a&gt;&lt;a class="noPrint" href="?class=ControleCobranca&amp;opera=C&amp;id=112"&gt;[Consultar] &lt;/a&gt;&lt;a class="noPrint" href="?class=ControleCobranca&amp;opera=D&amp;id=112" onClick="return ConfirmaExclusao('');"&gt;[Deletar&amp;nbsp;registro] &lt;/a&gt;&lt;a class="noPrint" href="?class=BaixarParcela&amp;id=112"&gt;[Baixar&amp;nbsp;parcela] &lt;/a&gt;&lt;a class="noPrint" href="?class=ImprimirParcela&amp;id=112"&gt;[Imprimir&amp;nbsp;parcela] &lt;/a&gt;&lt;/th&gt;
	&lt;/tr&gt;
	&lt;tr&gt;
		&lt;td class="tabelatd2"&gt;113&lt;/td&gt;
		&lt;td class="tabelatd2"&gt;Tipo Cobranca&lt;/td&gt;
		&lt;td class="tabelatd2"&gt;10/10/2018&lt;/td&gt;
		&lt;td class="tabelatd2"&gt;100.00&lt;/td&gt;
		&lt;td class="tabelatd2"&gt;100.00&lt;/td&gt;
		&lt;td class="tabelatd2"&gt;Pago&lt;/td&gt;
		&lt;td class="tabelatd2"&gt;Fulano de Tal (652.392.539-00)&lt;/td&gt;
		&lt;td class="tabelatd2"&gt;1&lt;/td&gt;
		&lt;td class="tabelatd2"&gt;Patrimonial&lt;/td&gt;
&lt;th class="tabelatd2" border="1"&gt;&lt;a class="noPrint" href="?class=ControleCobranca&amp;opera=A&amp;id=113"&gt;[Alterar] &lt;/a&gt;&lt;a class="noPrint" href="?class=ControleCobranca&amp;opera=C&amp;id=113"&gt;[Consultar] &lt;/a&gt;&lt;a class="noPrint" href="?class=ControleCobranca&amp;opera=D&amp;id=113" onClick="return ConfirmaExclusao('');"&gt;[Deletar&amp;nbsp;registro] &lt;/a&gt;&lt;a class="noPrint" href="?class=BaixarParcela&amp;id=113"&gt;[Baixar&amp;nbsp;parcela] &lt;/a&gt;&lt;a class="noPrint" href="?class=ImprimirParcela&amp;id=113"&gt;[Imprimir&amp;nbsp;parcela] &lt;/a&gt;&lt;/th&gt;
	&lt;/tr&gt;
	&lt;tr&gt;
		&lt;td class="tabelatd1"&gt;114&lt;/td&gt;
		&lt;td class="tabelatd1"&gt;Tipo Cobranca&lt;/td&gt;
		&lt;td class="tabelatd1"&gt;10/10/2018&lt;/td&gt;
		&lt;td class="tabelatd1"&gt;100.00&lt;/td&gt;
		&lt;td class="tabelatd1"&gt;100.00&lt;/td&gt;
		&lt;td class="tabelatd1"&gt;Pago&lt;/td&gt;
		&lt;td class="tabelatd1"&gt;Fulano de Tal (652.392.539-00)&lt;/td&gt;
		&lt;td class="tabelatd1"&gt;1&lt;/td&gt;
		&lt;td class="tabelatd1"&gt;Patrimonial&lt;/td&gt;
&lt;th class="tabelatd1" border="1"&gt;&lt;a class="noPrint" href="?class=ControleCobranca&amp;opera=A&amp;id=114"&gt;[Alterar] &lt;/a&gt;&lt;a class="noPrint" href="?class=ControleCobranca&amp;opera=C&amp;id=114"&gt;[Consultar] &lt;/a&gt;&lt;a class="noPrint" href="?class=ControleCobranca&amp;opera=D&amp;id=114" onClick="return ConfirmaExclusao('');"&gt;[Deletar&amp;nbsp;registro] &lt;/a&gt;&lt;a class="noPrint" href="?class=BaixarParcela&amp;id=114"&gt;[Baixar&amp;nbsp;parcela] &lt;/a&gt;&lt;a class="noPrint" href="?class=ImprimirParcela&amp;id=114"&gt;[Imprimir&amp;nbsp;parcela] &lt;/a&gt;&lt;/th&gt;
	&lt;/tr&gt;
	&lt;tr&gt;
		&lt;td class="tabelatd2"&gt;115&lt;/td&gt;
		&lt;td class="tabelatd2"&gt;Tipo Cobranca&lt;/td&gt;
		&lt;td class="tabelatd2"&gt;10/10/2018&lt;/td&gt;
		&lt;td class="tabelatd2"&gt;100.00&lt;/td&gt;
		&lt;td class="tabelatd2"&gt;100.00&lt;/td&gt;
		&lt;td class="tabelatd2"&gt;Pago&lt;/td&gt;
		&lt;td class="tabelatd2"&gt;Fulano de Tal (652.392.539-00)&lt;/td&gt;
		&lt;td class="tabelatd2"&gt;1&lt;/td&gt;
		&lt;td class="tabelatd2"&gt;Patrimonial&lt;/td&gt;
&lt;th class="tabelatd2" border="1"&gt;&lt;a class="noPrint" href="?class=ControleCobranca&amp;opera=A&amp;id=115"&gt;[Alterar] &lt;/a&gt;&lt;a class="noPrint" href="?class=ControleCobranca&amp;opera=C&amp;id=115"&gt;[Consultar] &lt;/a&gt;&lt;a class="noPrint" href="?class=ControleCobranca&amp;opera=D&amp;id=115" onClick="return ConfirmaExclusao('');"&gt;[Deletar&amp;nbsp;registro] &lt;/a&gt;&lt;a class="noPrint" href="?class=BaixarParcela&amp;id=115"&gt;[Baixar&amp;nbsp;parcela] &lt;/a&gt;&lt;a class="noPrint" href="?class=ImprimirParcela&amp;id=115"&gt;[Imprimir&amp;nbsp;parcela] &lt;/a&gt;&lt;/th&gt;
	&lt;/tr&gt;
	&lt;tr&gt;
		&lt;td class="tabelatd1"&gt;116&lt;/td&gt;
		&lt;td class="tabelatd1"&gt;Tipo Cobranca&lt;/td&gt;
		&lt;td class="tabelatd1"&gt;10/10/2018&lt;/td&gt;
		&lt;td class="tabelatd1"&gt;100.00&lt;/td&gt;
		&lt;td class="tabelatd1"&gt;100.00&lt;/td&gt;
		&lt;td class="tabelatd1"&gt;Pago&lt;/td&gt;
		&lt;td class="tabelatd1"&gt;Fulano de Tal (652.392.539-00)&lt;/td&gt;
		&lt;td class="tabelatd1"&gt;1&lt;/td&gt;
		&lt;td class="tabelatd1"&gt;Patrimonial&lt;/td&gt;
&lt;th class="tabelatd1" border="1"&gt;&lt;a class="noPrint" href="?class=ControleCobranca&amp;opera=A&amp;id=116"&gt;[Alterar] &lt;/a&gt;&lt;a class="noPrint" href="?class=ControleCobranca&amp;opera=C&amp;id=116"&gt;[Consultar] &lt;/a&gt;&lt;a class="noPrint" href="?class=ControleCobranca&amp;opera=D&amp;id=116" onClick="return ConfirmaExclusao('');"&gt;[Deletar&amp;nbsp;registro] &lt;/a&gt;&lt;a class="noPrint" href="?class=BaixarParcela&amp;id=116"&gt;[Baixar&amp;nbsp;parcela] &lt;/a&gt;&lt;a class="noPrint" href="?class=ImprimirParcela&amp;id=116"&gt;[Imprimir&amp;nbsp;parcela] &lt;/a&gt;&lt;/th&gt;
	&lt;/tr&gt;
	&lt;tr&gt;
		&lt;td class="tabelatd2"&gt;117&lt;/td&gt;
		&lt;td class="tabelatd2"&gt;Tipo Cobranca&lt;/td&gt;
		&lt;td class="tabelatd2"&gt;10/10/2018&lt;/td&gt;
		&lt;td class="tabelatd2"&gt;100.00&lt;/td&gt;
		&lt;td class="tabelatd2"&gt;100.00&lt;/td&gt;
		&lt;td class="tabelatd2"&gt;Pago&lt;/td&gt;
		&lt;td class="tabelatd2"&gt;Fulano de Tal (652.392.539-00)&lt;/td&gt;
		&lt;td class="tabelatd2"&gt;1&lt;/td&gt;
		&lt;td class="tabelatd2"&gt;Patrimonial&lt;/td&gt;
&lt;th class="tabelatd2" border="1"&gt;&lt;a class="noPrint" href="?class=ControleCobranca&amp;opera=A&amp;id=117"&gt;[Alterar] &lt;/a&gt;&lt;a class="noPrint" href="?class=ControleCobranca&amp;opera=C&amp;id=117"&gt;[Consultar] &lt;/a&gt;&lt;a class="noPrint" href="?class=ControleCobranca&amp;opera=D&amp;id=117" onClick="return ConfirmaExclusao('');"&gt;[Deletar&amp;nbsp;registro] &lt;/a&gt;&lt;a class="noPrint" href="?class=BaixarParcela&amp;id=117"&gt;[Baixar&amp;nbsp;parcela] &lt;/a&gt;&lt;a class="noPrint" href="?class=ImprimirParcela&amp;id=117"&gt;[Imprimir&amp;nbsp;parcela] &lt;/a&gt;&lt;/th&gt;
	&lt;/tr&gt;
	&lt;tr&gt;
		&lt;td class="tabelatd1"&gt;118&lt;/td&gt;
		&lt;td class="tabelatd1"&gt;Tipo Cobranca&lt;/td&gt;
		&lt;td class="tabelatd1"&gt;10/10/2018&lt;/td&gt;
		&lt;td class="tabelatd1"&gt;100.00&lt;/td&gt;
		&lt;td class="tabelatd1"&gt;100.00&lt;/td&gt;
		&lt;td class="tabelatd1"&gt;Pago&lt;/td&gt;
		&lt;td class="tabelatd1"&gt;Fulano de Tal (652.392.539-00)&lt;/td&gt;
		&lt;td class="tabelatd1"&gt;1&lt;/td&gt;
		&lt;td class="tabelatd1"&gt;Patrimonial&lt;/td&gt;
&lt;th class="tabelatd1" border="1"&gt;&lt;a class="noPrint" href="?class=ControleCobranca&amp;opera=A&amp;id=118"&gt;[Alterar] &lt;/a&gt;&lt;a class="noPrint" href="?class=ControleCobranca&amp;opera=C&amp;id=118"&gt;[Consultar] &lt;/a&gt;&lt;a class="noPrint" href="?class=ControleCobranca&amp;opera=D&amp;id=118" onClick="return ConfirmaExclusao('');"&gt;[Deletar&amp;nbsp;registro] &lt;/a&gt;&lt;a class="noPrint" href="?class=BaixarParcela&amp;id=118"&gt;[Baixar&amp;nbsp;parcela] &lt;/a&gt;&lt;a class="noPrint" href="?class=ImprimirParcela&amp;id=118"&gt;[Imprimir&amp;nbsp;parcela] &lt;/a&gt;&lt;/th&gt;
	&lt;/tr&gt;
	&lt;tr&gt;
		&lt;td class="tabelatd2"&gt;119&lt;/td&gt;
		&lt;td class="tabelatd2"&gt;Tipo Cobranca&lt;/td&gt;
		&lt;td class="tabelatd2"&gt;10/10/2018&lt;/td&gt;
		&lt;td class="tabelatd2"&gt;100.00&lt;/td&gt;
		&lt;td class="tabelatd2"&gt;100.00&lt;/td&gt;
		&lt;td class="tabelatd2"&gt;Pago&lt;/td&gt;
		&lt;td class="tabelatd2"&gt;Fulano de Tal (652.392.539-00)&lt;/td&gt;
		&lt;td class="tabelatd2"&gt;1&lt;/td&gt;
		&lt;td class="tabelatd2"&gt;Patrimonial&lt;/td&gt;
&lt;th class="tabelatd2" border="1"&gt;&lt;a class="noPrint" href="?class=ControleCobranca&amp;opera=A&amp;id=119"&gt;[Alterar] &lt;/a&gt;&lt;a class="noPrint" href="?class=ControleCobranca&amp;opera=C&amp;id=119"&gt;[Consultar] &lt;/a&gt;&lt;a class="noPrint" href="?class=ControleCobranca&amp;opera=D&amp;id=119" onClick="return ConfirmaExclusao('');"&gt;[Deletar&amp;nbsp;registro] &lt;/a&gt;&lt;a class="noPrint" href="?class=BaixarParcela&amp;id=119"&gt;[Baixar&amp;nbsp;parcela] &lt;/a&gt;&lt;a class="noPrint" href="?class=ImprimirParcela&amp;id=119"&gt;[Imprimir&amp;nbsp;parcela] &lt;/a&gt;&lt;/th&gt;
	&lt;/tr&gt;
	&lt;tr&gt;
		&lt;td class="tabelatd1"&gt;120&lt;/td&gt;
		&lt;td class="tabelatd1"&gt;Tipo Cobranca&lt;/td&gt;
		&lt;td class="tabelatd1"&gt;10/10/2018&lt;/td&gt;
		&lt;td class="tabelatd1"&gt;100.00&lt;/td&gt;
		&lt;td class="tabelatd1"&gt;100.00&lt;/td&gt;
		&lt;td class="tabelatd1"&gt;Pago&lt;/td&gt;
		&lt;td class="tabelatd1"&gt;Fulano de Tal (652.392.539-00)&lt;/td&gt;
		&lt;td class="tabelatd1"&gt;1&lt;/td&gt;
		&lt;td class="tabelatd1"&gt;Patrimonial&lt;/td&gt;
&lt;th class="tabelatd1" border="1"&gt;&lt;a class="noPrint" href="?class=ControleCobranca&amp;opera=A&amp;id=120"&gt;[Alterar] &lt;/a&gt;&lt;a class="noPrint" href="?class=ControleCobranca&amp;opera=C&amp;id=120"&gt;[Consultar] &lt;/a&gt;&lt;a class="noPrint" href="?class=ControleCobranca&amp;opera=D&amp;id=120" onClick="return ConfirmaExclusao('');"&gt;[Deletar&amp;nbsp;registro] &lt;/a&gt;&lt;a class="noPrint" href="?class=BaixarParcela&amp;id=120"&gt;[Baixar&amp;nbsp;parcela] &lt;/a&gt;&lt;a class="noPrint" href="?class=ImprimirParcela&amp;id=120"&gt;[Imprimir&amp;nbsp;parcela] &lt;/a&gt;&lt;/th&gt;
	&lt;/tr&gt;
	&lt;tr&gt;
		&lt;td class="tabelatd2"&gt;121&lt;/td&gt;
		&lt;td class="tabelatd2"&gt;Tipo Cobranca&lt;/td&gt;
		&lt;td class="tabelatd2"&gt;10/10/2018&lt;/td&gt;
		&lt;td class="tabelatd2"&gt;100.00&lt;/td&gt;
		&lt;td class="tabelatd2"&gt;100.00&lt;/td&gt;
		&lt;td class="tabelatd2"&gt;Pago&lt;/td&gt;
		&lt;td class="tabelatd2"&gt;Fulano de Tal (652.392.539-00)&lt;/td&gt;
		&lt;td class="tabelatd2"&gt;1&lt;/td&gt;
		&lt;td class="tabelatd2"&gt;Patrimonial&lt;/td&gt;
&lt;th class="tabelatd2" border="1"&gt;&lt;a class="noPrint" href="?class=ControleCobranca&amp;opera=A&amp;id=121"&gt;[Alterar] &lt;/a&gt;&lt;a class="noPrint" href="?class=ControleCobranca&amp;opera=C&amp;id=121"&gt;[Consultar] &lt;/a&gt;&lt;a class="noPrint" href="?class=ControleCobranca&amp;opera=D&amp;id=121" onClick="return ConfirmaExclusao('');"&gt;[Deletar&amp;nbsp;registro] &lt;/a&gt;&lt;a class="noPrint" href="?class=BaixarParcela&amp;id=121"&gt;[Baixar&amp;nbsp;parcela] &lt;/a&gt;&lt;a class="noPrint" href="?class=ImprimirParcela&amp;id=121"&gt;[Imprimir&amp;nbsp;parcela] &lt;/a&gt;&lt;/th&gt;
	&lt;/tr&gt;
	&lt;tr&gt;
		&lt;td class="tabelatd1"&gt;122&lt;/td&gt;
		&lt;td class="tabelatd1"&gt;Tipo Cobranca&lt;/td&gt;
		&lt;td class="tabelatd1"&gt;10/10/2018&lt;/td&gt;
		&lt;td class="tabelatd1"&gt;100.00&lt;/td&gt;
		&lt;td class="tabelatd1"&gt;100.00&lt;/td&gt;
		&lt;td class="tabelatd1"&gt;Pago&lt;/td&gt;
		&lt;td class="tabelatd1"&gt;Fulano de Tal (652.392.539-00)&lt;/td&gt;
		&lt;td class="tabelatd1"&gt;1&lt;/td&gt;
		&lt;td class="tabelatd1"&gt;Patrimonial&lt;/td&gt;
&lt;th class="tabelatd1" border="1"&gt;&lt;a class="noPrint" href="?class=ControleCobranca&amp;opera=A&amp;id=122"&gt;[Alterar] &lt;/a&gt;&lt;a class="noPrint" href="?class=ControleCobranca&amp;opera=C&amp;id=122"&gt;[Consultar] &lt;/a&gt;&lt;a class="noPrint" href="?class=ControleCobranca&amp;opera=D&amp;id=122" onClick="return ConfirmaExclusao('');"&gt;[Deletar&amp;nbsp;registro] &lt;/a&gt;&lt;a class="noPrint" href="?class=BaixarParcela&amp;id=122"&gt;[Baixar&amp;nbsp;parcela] &lt;/a&gt;&lt;a class="noPrint" href="?class=ImprimirParcela&amp;id=122"&gt;[Imprimir&amp;nbsp;parcela] &lt;/a&gt;&lt;/th&gt;
	&lt;/tr&gt;
	&lt;tr&gt;
		&lt;td class="tabelatd2"&gt;141&lt;/td&gt;
		&lt;td class="tabelatd2"&gt;Tipo Cobranca&lt;/td&gt;
		&lt;td class="tabelatd2"&gt;10/10/2018&lt;/td&gt;
		&lt;td class="tabelatd2"&gt;100.00&lt;/td&gt;
		&lt;td class="tabelatd2"&gt;100.00&lt;/td&gt;
		&lt;td class="tabelatd2"&gt;Pago&lt;/td&gt;
		&lt;td class="tabelatd2"&gt;Fulano de Tal (652.392.539-00)&lt;/td&gt;
		&lt;td class="tabelatd2"&gt;1&lt;/td&gt;
		&lt;td class="tabelatd2"&gt;Patrimonial&lt;/td&gt;
&lt;th class="tabelatd2" border="1"&gt;&lt;a class="noPrint" href="?class=ControleCobranca&amp;opera=A&amp;id=141"&gt;[Alterar] &lt;/a&gt;&lt;a class="noPrint" href="?class=ControleCobranca&amp;opera=C&amp;id=141"&gt;[Consultar] &lt;/a&gt;&lt;a class="noPrint" href="?class=ControleCobranca&amp;opera=D&amp;id=141" onClick="return ConfirmaExclusao('');"&gt;[Deletar&amp;nbsp;registro] &lt;/a&gt;&lt;a class="noPrint" href="?class=BaixarParcela&amp;id=141"&gt;[Baixar&amp;nbsp;parcela] &lt;/a&gt;&lt;a class="noPrint" href="?class=ImprimirParcela&amp;id=141"&gt;[Imprimir&amp;nbsp;parcela] &lt;/a&gt;&lt;/th&gt;
	&lt;/tr&gt;
	&lt;tr&gt;
		&lt;td class="tabelatd1"&gt;142&lt;/td&gt;
		&lt;td class="tabelatd1"&gt;Tipo Cobranca&lt;/td&gt;
		&lt;td class="tabelatd1"&gt;10/10/2018&lt;/td&gt;
		&lt;td class="tabelatd1"&gt;100.00&lt;/td&gt;
		&lt;td class="tabelatd1"&gt;100.00&lt;/td&gt;
		&lt;td class="tabelatd1"&gt;Pago&lt;/td&gt;
		&lt;td class="tabelatd1"&gt;Fulano de Tal (652.392.539-00)&lt;/td&gt;
		&lt;td class="tabelatd1"&gt;1&lt;/td&gt;
		&lt;td class="tabelatd1"&gt;Patrimonial&lt;/td&gt;
&lt;th class="tabelatd1" border="1"&gt;&lt;a class="noPrint" href="?class=ControleCobranca&amp;opera=A&amp;id=142"&gt;[Alterar] &lt;/a&gt;&lt;a class="noPrint" href="?class=ControleCobranca&amp;opera=C&amp;id=142"&gt;[Consultar] &lt;/a&gt;&lt;a class="noPrint" href="?class=ControleCobranca&amp;opera=D&amp;id=142" onClick="return ConfirmaExclusao('');"&gt;[Deletar&amp;nbsp;registro] &lt;/a&gt;&lt;a class="noPrint" href="?class=BaixarParcela&amp;id=142"&gt;[Baixar&amp;nbsp;parcela] &lt;/a&gt;&lt;a class="noPrint" href="?class=ImprimirParcela&amp;id=142"&gt;[Imprimir&amp;nbsp;parcela] &lt;/a&gt;&lt;/th&gt;
	&lt;/tr&gt;
	&lt;tr&gt;
		&lt;td class="tabelatd2"&gt;143&lt;/td&gt;
		&lt;td class="tabelatd2"&gt;Tipo Cobranca&lt;/td&gt;
		&lt;td class="tabelatd2"&gt;10/10/2018&lt;/td&gt;
		&lt;td class="tabelatd2"&gt;100.00&lt;/td&gt;
		&lt;td class="tabelatd2"&gt;100.00&lt;/td&gt;
		&lt;td class="tabelatd2"&gt;Pago&lt;/td&gt;
		&lt;td class="tabelatd2"&gt;Fulano de Tal (652.392.539-00)&lt;/td&gt;
		&lt;td class="tabelatd2"&gt;1&lt;/td&gt;
		&lt;td class="tabelatd2"&gt;Patrimonial&lt;/td&gt;
&lt;th class="tabelatd2" border="1"&gt;&lt;a class="noPrint" href="?class=ControleCobranca&amp;opera=A&amp;id=143"&gt;[Alterar] &lt;/a&gt;&lt;a class="noPrint" href="?class=ControleCobranca&amp;opera=C&amp;id=143"&gt;[Consultar] &lt;/a&gt;&lt;a class="noPrint" href="?class=ControleCobranca&amp;opera=D&amp;id=143" onClick="return ConfirmaExclusao('');"&gt;[Deletar&amp;nbsp;registro] &lt;/a&gt;&lt;a class="noPrint" href="?class=BaixarParcela&amp;id=143"&gt;[Baixar&amp;nbsp;parcela] &lt;/a&gt;&lt;a class="noPrint" href="?class=ImprimirParcela&amp;id=143"&gt;[Imprimir&amp;nbsp;parcela] &lt;/a&gt;&lt;/th&gt;
	&lt;/tr&gt;
	&lt;tr&gt;
		&lt;td class="tabelatd1"&gt;144&lt;/td&gt;
		&lt;td class="tabelatd1"&gt;Tipo Cobranca&lt;/td&gt;
		&lt;td class="tabelatd1"&gt;10/10/2018&lt;/td&gt;
		&lt;td class="tabelatd1"&gt;100.00&lt;/td&gt;
		&lt;td class="tabelatd1"&gt;100.00&lt;/td&gt;
		&lt;td class="tabelatd1"&gt;Pago&lt;/td&gt;
		&lt;td class="tabelatd1"&gt;Fulano de Tal (652.392.539-00)&lt;/td&gt;
		&lt;td class="tabelatd1"&gt;1&lt;/td&gt;
		&lt;td class="tabelatd1"&gt;Patrimonial&lt;/td&gt;
&lt;th class="tabelatd1" border="1"&gt;&lt;a class="noPrint" href="?class=ControleCobranca&amp;opera=A&amp;id=144"&gt;[Alterar] &lt;/a&gt;&lt;a class="noPrint" href="?class=ControleCobranca&amp;opera=C&amp;id=144"&gt;[Consultar] &lt;/a&gt;&lt;a class="noPrint" href="?class=ControleCobranca&amp;opera=D&amp;id=144" onClick="return ConfirmaExclusao('');"&gt;[Deletar&amp;nbsp;registro] &lt;/a&gt;&lt;a class="noPrint" href="?class=BaixarParcela&amp;id=144"&gt;[Baixar&amp;nbsp;parcela] &lt;/a&gt;&lt;a class="noPrint" href="?class=ImprimirParcela&amp;id=144"&gt;[Imprimir&amp;nbsp;parcela] &lt;/a&gt;&lt;/th&gt;
	&lt;/tr&gt;
	&lt;tr&gt;
		&lt;td class="tabelatd2"&gt;145&lt;/td&gt;
		&lt;td class="tabelatd2"&gt;Tipo Cobranca&lt;/td&gt;
		&lt;td class="tabelatd2"&gt;10/10/2018&lt;/td&gt;
		&lt;td class="tabelatd2"&gt;100.00&lt;/td&gt;
		&lt;td class="tabelatd2"&gt;100.00&lt;/td&gt;
		&lt;td class="tabelatd2"&gt;Pago&lt;/td&gt;
		&lt;td class="tabelatd2"&gt;Fulano de Tal (652.392.539-00)&lt;/td&gt;
		&lt;td class="tabelatd2"&gt;1&lt;/td&gt;
		&lt;td class="tabelatd2"&gt;Patrimonial&lt;/td&gt;
&lt;th class="tabelatd2" border="1"&gt;&lt;a class="noPrint" href="?class=ControleCobranca&amp;opera=A&amp;id=145"&gt;[Alterar] &lt;/a&gt;&lt;a class="noPrint" href="?class=ControleCobranca&amp;opera=C&amp;id=145"&gt;[Consultar] &lt;/a&gt;&lt;a class="noPrint" href="?class=ControleCobranca&amp;opera=D&amp;id=145" onClick="return ConfirmaExclusao('');"&gt;[Deletar&amp;nbsp;registro] &lt;/a&gt;&lt;a class="noPrint" href="?class=BaixarParcela&amp;id=145"&gt;[Baixar&amp;nbsp;parcela] &lt;/a&gt;&lt;a class="noPrint" href="?class=ImprimirParcela&amp;id=145"&gt;[Imprimir&amp;nbsp;parcela] &lt;/a&gt;&lt;/th&gt;
	&lt;/tr&gt;
	&lt;tr&gt;
		&lt;td class="tabelatd1"&gt;146&lt;/td&gt;
		&lt;td class="tabelatd1"&gt;Tipo Cobranca&lt;/td&gt;
		&lt;td class="tabelatd1"&gt;10/10/2018&lt;/td&gt;
		&lt;td class="tabelatd1"&gt;100.00&lt;/td&gt;
		&lt;td class="tabelatd1"&gt;100.00&lt;/td&gt;
		&lt;td class="tabelatd1"&gt;Pago&lt;/td&gt;
		&lt;td class="tabelatd1"&gt;Fulano de Tal (652.392.539-00)&lt;/td&gt;
		&lt;td class="tabelatd1"&gt;1&lt;/td&gt;
		&lt;td class="tabelatd1"&gt;Patrimonial&lt;/td&gt;
&lt;th class="tabelatd1" border="1"&gt;&lt;a class="noPrint" href="?class=ControleCobranca&amp;opera=A&amp;id=146"&gt;[Alterar] &lt;/a&gt;&lt;a class="noPrint" href="?class=ControleCobranca&amp;opera=C&amp;id=146"&gt;[Consultar] &lt;/a&gt;&lt;a class="noPrint" href="?class=ControleCobranca&amp;opera=D&amp;id=146" onClick="return ConfirmaExclusao('');"&gt;[Deletar&amp;nbsp;registro] &lt;/a&gt;&lt;a class="noPrint" href="?class=BaixarParcela&amp;id=146"&gt;[Baixar&amp;nbsp;parcela] &lt;/a&gt;&lt;a class="noPrint" href="?class=ImprimirParcela&amp;id=146"&gt;[Imprimir&amp;nbsp;parcela] &lt;/a&gt;&lt;/th&gt;
	&lt;/tr&gt;
	&lt;tr&gt;
		&lt;td class="tabelatd2"&gt;227&lt;/td&gt;
		&lt;td class="tabelatd2"&gt;Tipo Cobranca&lt;/td&gt;
		&lt;td class="tabelatd2"&gt;10/10/2018&lt;/td&gt;
		&lt;td class="tabelatd2"&gt;100.00&lt;/td&gt;
		&lt;td class="tabelatd2"&gt;100.00&lt;/td&gt;
		&lt;td class="tabelatd2"&gt;Pago&lt;/td&gt;
		&lt;td class="tabelatd2"&gt;Fulano de Tal (652.392.539-00)&lt;/td&gt;
		&lt;td class="tabelatd2"&gt;1&lt;/td&gt;
		&lt;td class="tabelatd2"&gt;Patrimonial&lt;/td&gt;
&lt;th class="tabelatd2" border="1"&gt;&lt;a class="noPrint" href="?class=ControleCobranca&amp;opera=A&amp;id=227"&gt;[Alterar] &lt;/a&gt;&lt;a class="noPrint" href="?class=ControleCobranca&amp;opera=C&amp;id=227"&gt;[Consultar] &lt;/a&gt;&lt;a class="noPrint" href="?class=ControleCobranca&amp;opera=D&amp;id=227" onClick="return ConfirmaExclusao('');"&gt;[Deletar&amp;nbsp;registro] &lt;/a&gt;&lt;a class="noPrint" href="?class=BaixarParcela&amp;id=227"&gt;[Baixar&amp;nbsp;parcela] &lt;/a&gt;&lt;a class="noPrint" href="?class=ImprimirParcela&amp;id=227"&gt;[Imprimir&amp;nbsp;parcela] &lt;/a&gt;&lt;/th&gt;
	&lt;/tr&gt;
	&lt;tr&gt;
		&lt;td class="tabelatd1"&gt;228&lt;/td&gt;
		&lt;td class="tabelatd1"&gt;Tipo Cobranca&lt;/td&gt;
		&lt;td class="tabelatd1"&gt;10/10/2018&lt;/td&gt;
		&lt;td class="tabelatd1"&gt;100.00&lt;/td&gt;
		&lt;td class="tabelatd1"&gt;100.00&lt;/td&gt;
		&lt;td class="tabelatd1"&gt;Pago&lt;/td&gt;
		&lt;td class="tabelatd1"&gt;Fulano de Tal (652.392.539-00)&lt;/td&gt;
		&lt;td class="tabelatd1"&gt;1&lt;/td&gt;
		&lt;td class="tabelatd1"&gt;Patrimonial&lt;/td&gt;
&lt;th class="tabelatd1" border="1"&gt;&lt;a class="noPrint" href="?class=ControleCobranca&amp;opera=A&amp;id=228"&gt;[Alterar] &lt;/a&gt;&lt;a class="noPrint" href="?class=ControleCobranca&amp;opera=C&amp;id=228"&gt;[Consultar] &lt;/a&gt;&lt;a class="noPrint" href="?class=ControleCobranca&amp;opera=D&amp;id=228" onClick="return ConfirmaExclusao('');"&gt;[Deletar&amp;nbsp;registro] &lt;/a&gt;&lt;a class="noPrint" href="?class=BaixarParcela&amp;id=228"&gt;[Baixar&amp;nbsp;parcela] &lt;/a&gt;&lt;a class="noPrint" href="?class=ImprimirParcela&amp;id=228"&gt;[Imprimir&amp;nbsp;parcela] &lt;/a&gt;&lt;/th&gt;
	&lt;/tr&gt;
	&lt;tr&gt;
		&lt;td class="tabelatd2"&gt;229&lt;/td&gt;
		&lt;td class="tabelatd2"&gt;Tipo Cobranca&lt;/td&gt;
		&lt;td class="tabelatd2"&gt;10/10/2018&lt;/td&gt;
		&lt;td class="tabelatd2"&gt;100.00&lt;/td&gt;
		&lt;td class="tabelatd2"&gt;100.00&lt;/td&gt;
		&lt;td class="tabelatd2"&gt;Pago&lt;/td&gt;
		&lt;td class="tabelatd2"&gt;Fulano de Tal (652.392.539-00)&lt;/td&gt;
		&lt;td class="tabelatd2"&gt;1&lt;/td&gt;
		&lt;td class="tabelatd2"&gt;Patrimonial&lt;/td&gt;
&lt;th class="tabelatd2" border="1"&gt;&lt;a class="noPrint" href="?class=ControleCobranca&amp;opera=A&amp;id=229"&gt;[Alterar] &lt;/a&gt;&lt;a class="noPrint" href="?class=ControleCobranca&amp;opera=C&amp;id=229"&gt;[Consultar] &lt;/a&gt;&lt;a class="noPrint" href="?class=ControleCobranca&amp;opera=D&amp;id=229" onClick="return ConfirmaExclusao('');"&gt;[Deletar&amp;nbsp;registro] &lt;/a&gt;&lt;a class="noPrint" href="?class=BaixarParcela&amp;id=229"&gt;[Baixar&amp;nbsp;parcela] &lt;/a&gt;&lt;a class="noPrint" href="?class=ImprimirParcela&amp;id=229"&gt;[Imprimir&amp;nbsp;parcela] &lt;/a&gt;&lt;/th&gt;
	&lt;/tr&gt;
	&lt;tr&gt;
		&lt;td class="tabelatd1"&gt;252&lt;/td&gt;
		&lt;td class="tabelatd1"&gt;Tipo Cobranca&lt;/td&gt;
		&lt;td class="tabelatd1"&gt;10/10/2018&lt;/td&gt;
		&lt;td class="tabelatd1"&gt;100.00&lt;/td&gt;
		&lt;td class="tabelatd1"&gt;100.00&lt;/td&gt;
		&lt;td class="tabelatd1"&gt;Pago&lt;/td&gt;
		&lt;td class="tabelatd1"&gt;Fulano de Tal (652.392.539-00)&lt;/td&gt;
		&lt;td class="tabelatd1"&gt;1&lt;/td&gt;
		&lt;td class="tabelatd1"&gt;Patrimonial&lt;/td&gt;
&lt;th class="tabelatd1" border="1"&gt;&lt;a class="noPrint" href="?class=ControleCobranca&amp;opera=A&amp;id=252"&gt;[Alterar] &lt;/a&gt;&lt;a class="noPrint" href="?class=ControleCobranca&amp;opera=C&amp;id=252"&gt;[Consultar] &lt;/a&gt;&lt;a class="noPrint" href="?class=ControleCobranca&amp;opera=D&amp;id=252" onClick="return ConfirmaExclusao('');"&gt;[Deletar&amp;nbsp;registro] &lt;/a&gt;&lt;a class="noPrint" href="?class=BaixarParcela&amp;id=252"&gt;[Baixar&amp;nbsp;parcela] &lt;/a&gt;&lt;a class="noPrint" href="?class=ImprimirParcela&amp;id=252"&gt;[Imprimir&amp;nbsp;parcela] &lt;/a&gt;&lt;/th&gt;
	&lt;/tr&gt;
	&lt;tr&gt;
		&lt;td class="tabelatd2"&gt;277&lt;/td&gt;
		&lt;td class="tabelatd2"&gt;Tipo Cobranca&lt;/td&gt;
		&lt;td class="tabelatd2"&gt;10/10/2018&lt;/td&gt;
		&lt;td class="tabelatd2"&gt;100.00&lt;/td&gt;
		&lt;td class="tabelatd2"&gt;100.00&lt;/td&gt;
		&lt;td class="tabelatd2"&gt;Pago&lt;/td&gt;
		&lt;td class="tabelatd2"&gt;Fulano de Tal (652.392.539-00)&lt;/td&gt;
		&lt;td class="tabelatd2"&gt;1&lt;/td&gt;
		&lt;td class="tabelatd2"&gt;Patrimonial&lt;/td&gt;
&lt;th class="tabelatd2" border="1"&gt;&lt;a class="noPrint" href="?class=ControleCobranca&amp;opera=A&amp;id=277"&gt;[Alterar] &lt;/a&gt;&lt;a class="noPrint" href="?class=ControleCobranca&amp;opera=C&amp;id=277"&gt;[Consultar] &lt;/a&gt;&lt;a class="noPrint" href="?class=ControleCobranca&amp;opera=D&amp;id=277" onClick="return ConfirmaExclusao('');"&gt;[Deletar&amp;nbsp;registro] &lt;/a&gt;&lt;a class="noPrint" href="?class=BaixarParcela&amp;id=277"&gt;[Baixar&amp;nbsp;parcela] &lt;/a&gt;&lt;a class="noPrint" href="?class=ImprimirParcela&amp;id=277"&gt;[Imprimir&amp;nbsp;parcela] &lt;/a&gt;&lt;/th&gt;
	&lt;/tr&gt;
	&lt;tr&gt;
		&lt;td class="tabelatd1"&gt;304&lt;/td&gt;
		&lt;td class="tabelatd1"&gt;Tipo Cobranca&lt;/td&gt;
		&lt;td class="tabelatd1"&gt;10/10/2018&lt;/td&gt;
		&lt;td class="tabelatd1"&gt;100.00&lt;/td&gt;
		&lt;td class="tabelatd1"&gt;100.00&lt;/td&gt;
		&lt;td class="tabelatd1"&gt;Pago&lt;/td&gt;
		&lt;td class="tabelatd1"&gt;Fulano de Tal (652.392.539-00)&lt;/td&gt;
		&lt;td class="tabelatd1"&gt;1&lt;/td&gt;
		&lt;td class="tabelatd1"&gt;Patrimonial&lt;/td&gt;
&lt;th class="tabelatd1" border="1"&gt;&lt;a class="noPrint" href="?class=ControleCobranca&amp;opera=A&amp;id=304"&gt;[Alterar] &lt;/a&gt;&lt;a class="noPrint" href="?class=ControleCobranca&amp;opera=C&amp;id=304"&gt;[Consultar] &lt;/a&gt;&lt;a class="noPrint" href="?class=ControleCobranca&amp;opera=D&amp;id=304" onClick="return ConfirmaExclusao('');"&gt;[Deletar&amp;nbsp;registro] &lt;/a&gt;&lt;a class="noPrint" href="?class=BaixarParcela&amp;id=304"&gt;[Baixar&amp;nbsp;parcela] &lt;/a&gt;&lt;a class="noPrint" href="?class=ImprimirParcela&amp;id=304"&gt;[Imprimir&amp;nbsp;parcela] &lt;/a&gt;&lt;/th&gt;
	&lt;/tr&gt;
	&lt;tr&gt;
		&lt;td class="tabelatd2"&gt;333&lt;/td&gt;
		&lt;td class="tabelatd2"&gt;Tipo Cobranca&lt;/td&gt;
		&lt;td class="tabelatd2"&gt;10/10/2018&lt;/td&gt;
		&lt;td class="tabelatd2"&gt;100.00&lt;/td&gt;
		&lt;td class="tabelatd2"&gt;100.00&lt;/td&gt;
		&lt;td class="tabelatd2"&gt;Pago&lt;/td&gt;
		&lt;td class="tabelatd2"&gt;Fulano de Tal (652.392.539-00)&lt;/td&gt;
		&lt;td class="tabelatd2"&gt;1&lt;/td&gt;
		&lt;td class="tabelatd2"&gt;Patrimonial&lt;/td&gt;
&lt;th class="tabelatd2" border="1"&gt;&lt;a class="noPrint" href="?class=ControleCobranca&amp;opera=A&amp;id=333"&gt;[Alterar] &lt;/a&gt;&lt;a class="noPrint" href="?class=ControleCobranca&amp;opera=C&amp;id=333"&gt;[Consultar] &lt;/a&gt;&lt;a class="noPrint" href="?class=ControleCobranca&amp;opera=D&amp;id=333" onClick="return ConfirmaExclusao('');"&gt;[Deletar&amp;nbsp;registro] &lt;/a&gt;&lt;a class="noPrint" href="?class=BaixarParcela&amp;id=333"&gt;[Baixar&amp;nbsp;parcela] &lt;/a&gt;&lt;a class="noPrint" href="?class=ImprimirParcela&amp;id=333"&gt;[Imprimir&amp;nbsp;parcela] &lt;/a&gt;&lt;/th&gt;
	&lt;/tr&gt;
	&lt;tr&gt;
		&lt;td class="tabelatd1"&gt;364&lt;/td&gt;
		&lt;td class="tabelatd1"&gt;Tipo Cobranca&lt;/td&gt;
		&lt;td class="tabelatd1"&gt;10/10/2018&lt;/td&gt;
		&lt;td class="tabelatd1"&gt;100.00&lt;/td&gt;
		&lt;td class="tabelatd1"&gt;100.00&lt;/td&gt;
		&lt;td class="tabelatd1"&gt;Pago&lt;/td&gt;
		&lt;td class="tabelatd1"&gt;Fulano de Tal (652.392.539-00)&lt;/td&gt;
		&lt;td class="tabelatd1"&gt;1&lt;/td&gt;
		&lt;td class="tabelatd1"&gt;Patrimonial&lt;/td&gt;
&lt;th class="tabelatd1" border="1"&gt;&lt;a class="noPrint" href="?class=ControleCobranca&amp;opera=A&amp;id=364"&gt;[Alterar] &lt;/a&gt;&lt;a class="noPrint" href="?class=ControleCobranca&amp;opera=C&amp;id=364"&gt;[Consultar] &lt;/a&gt;&lt;a class="noPrint" href="?class=ControleCobranca&amp;opera=D&amp;id=364" onClick="return ConfirmaExclusao('');"&gt;[Deletar&amp;nbsp;registro] &lt;/a&gt;&lt;a class="noPrint" href="?class=BaixarParcela&amp;id=364"&gt;[Baixar&amp;nbsp;parcela] &lt;/a&gt;&lt;a class="noPrint" href="?class=ImprimirParcela&amp;id=364"&gt;[Imprimir&amp;nbsp;parcela] &lt;/a&gt;&lt;/th&gt;
	&lt;/tr&gt;
	&lt;tr&gt;
		&lt;td class="tabelatd2"&gt;397&lt;/td&gt;
		&lt;td class="tabelatd2"&gt;Tipo Cobranca&lt;/td&gt;
		&lt;td class="tabelatd2"&gt;10/10/2018&lt;/td&gt;
		&lt;td class="tabelatd2"&gt;100.00&lt;/td&gt;
		&lt;td class="tabelatd2"&gt;100.00&lt;/td&gt;
		&lt;td class="tabelatd2"&gt;Pago&lt;/td&gt;
		&lt;td class="tabelatd2"&gt;Fulano de Tal (652.392.539-00)&lt;/td&gt;
		&lt;td class="tabelatd2"&gt;1&lt;/td&gt;
		&lt;td class="tabelatd2"&gt;Patrimonial&lt;/td&gt;
&lt;th class="tabelatd2" border="1"&gt;&lt;a class="noPrint" href="?class=ControleCobranca&amp;opera=A&amp;id=397"&gt;[Alterar] &lt;/a&gt;&lt;a class="noPrint" href="?class=ControleCobranca&amp;opera=C&amp;id=397"&gt;[Consultar] &lt;/a&gt;&lt;a class="noPrint" href="?class=ControleCobranca&amp;opera=D&amp;id=397" onClick="return ConfirmaExclusao('');"&gt;[Deletar&amp;nbsp;registro] &lt;/a&gt;&lt;a class="noPrint" href="?class=BaixarParcela&amp;id=397"&gt;[Baixar&amp;nbsp;parcela] &lt;/a&gt;&lt;a class="noPrint" href="?class=ImprimirParcela&amp;id=397"&gt;[Imprimir&amp;nbsp;parcela] &lt;/a&gt;&lt;/th&gt;
	&lt;/tr&gt;
	&lt;tr&gt;
		&lt;td class="tabelatd1"&gt;432&lt;/td&gt;
		&lt;td class="tabelatd1"&gt;Tipo Cobranca&lt;/td&gt;
		&lt;td class="tabelatd1"&gt;10/10/2018&lt;/td&gt;
		&lt;td class="tabelatd1"&gt;100.00&lt;/td&gt;
		&lt;td class="tabelatd1"&gt;100.00&lt;/td&gt;
		&lt;td class="tabelatd1"&gt;Pago&lt;/td&gt;
		&lt;td class="tabelatd1"&gt;Fulano de Tal (652.392.539-00)&lt;/td&gt;
		&lt;td class="tabelatd1"&gt;1&lt;/td&gt;
		&lt;td class="tabelatd1"&gt;Patrimonial&lt;/td&gt;
&lt;th class="tabelatd1" border="1"&gt;&lt;a class="noPrint" href="?class=ControleCobranca&amp;opera=A&amp;id=432"&gt;[Alterar] &lt;/a&gt;&lt;a class="noPrint" href="?class=ControleCobranca&amp;opera=C&amp;id=432"&gt;[Consultar] &lt;/a&gt;&lt;a class="noPrint" href="?class=ControleCobranca&amp;opera=D&amp;id=432" onClick="return ConfirmaExclusao('');"&gt;[Deletar&amp;nbsp;registro] &lt;/a&gt;&lt;a class="noPrint" href="?class=BaixarParcela&amp;id=432"&gt;[Baixar&amp;nbsp;parcela] &lt;/a&gt;&lt;a class="noPrint" href="?class=ImprimirParcela&amp;id=432"&gt;[Imprimir&amp;nbsp;parcela] &lt;/a&gt;&lt;/th&gt;
	&lt;/tr&gt;
	&lt;tr&gt;
		&lt;td class="tabelatd2"&gt;469&lt;/td&gt;
		&lt;td class="tabelatd2"&gt;Tipo Cobranca&lt;/td&gt;
		&lt;td class="tabelatd2"&gt;10/10/2018&lt;/td&gt;
		&lt;td class="tabelatd2"&gt;100.00&lt;/td&gt;
		&lt;td class="tabelatd2"&gt;100.00&lt;/td&gt;
		&lt;td class="tabelatd2"&gt;Pago&lt;/td&gt;
		&lt;td class="tabelatd2"&gt;Fulano de Tal (652.392.539-00)&lt;/td&gt;
		&lt;td class="tabelatd2"&gt;1&lt;/td&gt;
		&lt;td class="tabelatd2"&gt;Patrimonial&lt;/td&gt;
&lt;th class="tabelatd2" border="1"&gt;&lt;a class="noPrint" href="?class=ControleCobranca&amp;opera=A&amp;id=469"&gt;[Alterar] &lt;/a&gt;&lt;a class="noPrint" href="?class=ControleCobranca&amp;opera=C&amp;id=469"&gt;[Consultar] &lt;/a&gt;&lt;a class="noPrint" href="?class=ControleCobranca&amp;opera=D&amp;id=469" onClick="return ConfirmaExclusao('');"&gt;[Deletar&amp;nbsp;registro] &lt;/a&gt;&lt;a class="noPrint" href="?class=BaixarParcela&amp;id=469"&gt;[Baixar&amp;nbsp;parcela] &lt;/a&gt;&lt;a class="noPrint" href="?class=ImprimirParcela&amp;id=469"&gt;[Imprimir&amp;nbsp;parcela] &lt;/a&gt;&lt;/th&gt;
	&lt;/tr&gt;
&lt;/Table&gt;
&lt;h3&gt;Número de registros na lista: 32&lt;/h3&gt;
&lt;/div&gt;
&lt;input type="button" onclick="imprimirDiv('divCOBRANCA', this);" value="Imprimir lista"&gt;&lt;div id='divCOBRANCA'&gt;
&lt;Table class="tabela" width="100%" border="1" cellpadding="3" cellspacing="0"&gt;
&lt;tr&gt;
&lt;th class="tabelath" border="1"&gt;PARCELA&lt;/th&gt;
&lt;th class="tabelath" border="1"&gt;DESCRICAO&lt;/th&gt;
&lt;th class="tabelath" border="1"&gt;DATA_VENCIMENTO&lt;/th&gt;
&lt;th class="tabelath" border="1"&gt;VALOR_NOMINAL&lt;/th&gt;
&lt;th class="tabelath" border="1"&gt;VALOR_BAIXADO&lt;/th&gt;
&lt;th class="tabelath" border="1"&gt;SITUACAO&lt;/th&gt;
&lt;th class="tabelath" border="1"&gt;ASSOCIADO&lt;/th&gt;
&lt;th class="tabelath" border="1"&gt;NUMERO_TITULO&lt;/th&gt;
&lt;th class="tabelath" border="1"&gt;TIPO&lt;/th&gt;
&lt;th class="tabelath" border="1"&gt;OPERAÇÃO&lt;/th&gt;
&lt;/tr&gt;
	&lt;tr&gt;
		&lt;td class="tabelatd1"&gt;3&lt;/td&gt;
		&lt;td class="tabelatd1"&gt;Tipo Cobranca&lt;/td&gt;
		&lt;td class="tabelatd1"&gt;10/10/2018&lt;/td&gt;
		&lt;td class="tabelatd1"&gt;110.00&lt;/td&gt;
		&lt;td class="tabelatd1"&gt;0.00&lt;/td&gt;
		&lt;td class="tabelatd1"&gt;&lt;/td&gt;
		&lt;td class="tabelatd1"&gt;Fulano de Tal (111.111.111-11)&lt;/td&gt;
		&lt;td class="tabelatd1"&gt;0F&lt;/td&gt;
		&lt;td class="tabelatd1"&gt;Patrimonial&lt;/td&gt;
&lt;th class="tabelatd1" border="1"&gt;&lt;a class="noPrint" href="?class=ControleCobranca&amp;opera=A&amp;id=3"&gt;[Alterar] &lt;/a&gt;&lt;a class="noPrint" href="?class=ControleCobranca&amp;opera=C&amp;id=3"&gt;[Consultar] &lt;/a&gt;&lt;a class="noPrint" href="?class=ControleCobranca&amp;opera=D&amp;id=3" onClick="return ConfirmaExclusao('');"&gt;[Deletar&amp;nbsp;registro] &lt;/a&gt;&lt;a class="noPrint" href="?class=BaixarParcela&amp;id=3"&gt;[Baixar&amp;nbsp;parcela] &lt;/a&gt;&lt;a class="noPrint" href="?class=ImprimirParcela&amp;id=3"&gt;[Imprimir&amp;nbsp;parcela] &lt;/a&gt;&lt;/th&gt;
	&lt;/tr&gt;
	&lt;tr&gt;
		&lt;td class="tabelatd2"&gt;7&lt;/td&gt;
		&lt;td class="tabelatd2"&gt;Tipo Cobranca&lt;/td&gt;
		&lt;td class="tabelatd2"&gt;10/10/2018&lt;/td&gt;
		&lt;td class="tabelatd2"&gt;110.00&lt;/td&gt;
		&lt;td class="tabelatd2"&gt;0.00&lt;/td&gt;
		&lt;td class="tabelatd2"&gt;&lt;/td&gt;
		&lt;td class="tabelatd2"&gt;Fulano de Tal (111.111.111-11)&lt;/td&gt;
		&lt;td class="tabelatd2"&gt;0F&lt;/td&gt;
		&lt;td class="tabelatd2"&gt;Patrimonial&lt;/td&gt;
&lt;th class="tabelatd2" border="1"&gt;&lt;a class="noPrint" href="?class=ControleCobranca&amp;opera=A&amp;id=7"&gt;[Alterar] &lt;/a&gt;&lt;a class="noPrint" href="?class=ControleCobranca&amp;opera=C&amp;id=7"&gt;[Consultar] &lt;/a&gt;&lt;a class="noPrint" href="?class=ControleCobranca&amp;opera=D&amp;id=7" onClick="return ConfirmaExclusao('');"&gt;[Deletar&amp;nbsp;registro] &lt;/a&gt;&lt;a class="noPrint" href="?class=BaixarParcela&amp;id=7"&gt;[Baixar&amp;nbsp;parcela] &lt;/a&gt;&lt;a class="noPrint" href="?class=ImprimirParcela&amp;id=7"&gt;[Imprimir&amp;nbsp;parcela] &lt;/a&gt;&lt;/th&gt;
	&lt;/tr&gt;
	&lt;tr&gt;
		&lt;td class="tabelatd1"&gt;11&lt;/td&gt;
		&lt;td class="tabelatd1"&gt;Tipo Cobranca&lt;/td&gt;
		&lt;td class="tabelatd1"&gt;10/10/2018&lt;/td&gt;
		&lt;td class="tabelatd1"&gt;110.00&lt;/td&gt;
		&lt;td class="tabelatd1"&gt;0.00&lt;/td&gt;
		&lt;td class="tabelatd1"&gt;&lt;/td&gt;
		&lt;td class="tabelatd1"&gt;Fulano de Tal (111.111.111-11)&lt;/td&gt;
		&lt;td class="tabelatd1"&gt;0F&lt;/td&gt;
		&lt;td class="tabelatd1"&gt;Patrimonial&lt;/td&gt;
&lt;th class="tabelatd1" border="1"&gt;&lt;a class="noPrint" href="?class=ControleCobranca&amp;opera=A&amp;id=11"&gt;[Alterar] &lt;/a&gt;&lt;a class="noPrint" href="?class=ControleCobranca&amp;opera=C&amp;id=11"&gt;[Consultar] &lt;/a&gt;&lt;a class="noPrint" href="?class=ControleCobranca&amp;opera=D&amp;id=11" onClick="return ConfirmaExclusao('');"&gt;[Deletar&amp;nbsp;registro] &lt;/a&gt;&lt;a class="noPrint" href="?class=BaixarParcela&amp;id=11"&gt;[Baixar&amp;nbsp;parcela] &lt;/a&gt;&lt;a class="noPrint" href="?class=ImprimirParcela&amp;id=11"&gt;[Imprimir&amp;nbsp;parcela] &lt;/a&gt;&lt;/th&gt;
	&lt;/tr&gt;
	&lt;tr&gt;
		&lt;td class="tabelatd2"&gt;15&lt;/td&gt;
		&lt;td class="tabelatd2"&gt;Tipo Cobranca&lt;/td&gt;
		&lt;td class="tabelatd2"&gt;10/10/2018&lt;/td&gt;
		&lt;td class="tabelatd2"&gt;110.00&lt;/td&gt;
		&lt;td class="tabelatd2"&gt;0.00&lt;/td&gt;
		&lt;td class="tabelatd2"&gt;&lt;/td&gt;
		&lt;td class="tabelatd2"&gt;Fulano de Tal (111.111.111-11)&lt;/td&gt;
		&lt;td class="tabelatd2"&gt;0F&lt;/td&gt;
		&lt;td class="tabelatd2"&gt;Patrimonial&lt;/td&gt;
&lt;th class="tabelatd2" border="1"&gt;&lt;a class="noPrint" href="?class=ControleCobranca&amp;opera=A&amp;id=15"&gt;[Alterar] &lt;/a&gt;&lt;a class="noPrint" href="?class=ControleCobranca&amp;opera=C&amp;id=15"&gt;[Consultar] &lt;/a&gt;&lt;a class="noPrint" href="?class=ControleCobranca&amp;opera=D&amp;id=15" onClick="return ConfirmaExclusao('');"&gt;[Deletar&amp;nbsp;registro] &lt;/a&gt;&lt;a class="noPrint" href="?class=BaixarParcela&amp;id=15"&gt;[Baixar&amp;nbsp;parcela] &lt;/a&gt;&lt;a class="noPrint" href="?class=ImprimirParcela&amp;id=15"&gt;[Imprimir&amp;nbsp;parcela] &lt;/a&gt;&lt;/th&gt;
	&lt;/tr&gt;
	&lt;tr&gt;
		&lt;td class="tabelatd1"&gt;19&lt;/td&gt;
		&lt;td class="tabelatd1"&gt;Tipo Cobranca&lt;/td&gt;
		&lt;td class="tabelatd1"&gt;10/10/2018&lt;/td&gt;
		&lt;td class="tabelatd1"&gt;110.00&lt;/td&gt;
		&lt;td class="tabelatd1"&gt;0.00&lt;/td&gt;
		&lt;td class="tabelatd1"&gt;&lt;/td&gt;
		&lt;td class="tabelatd1"&gt;Fulano de Tal (111.111.111-11)&lt;/td&gt;
		&lt;td class="tabelatd1"&gt;0F&lt;/td&gt;
		&lt;td class="tabelatd1"&gt;Patrimonial&lt;/td&gt;
&lt;th class="tabelatd1" border="1"&gt;&lt;a class="noPrint" href="?class=ControleCobranca&amp;opera=A&amp;id=19"&gt;[Alterar] &lt;/a&gt;&lt;a class="noPrint" href="?class=ControleCobranca&amp;opera=C&amp;id=19"&gt;[Consultar] &lt;/a&gt;&lt;a class="noPrint" href="?class=ControleCobranca&amp;opera=D&amp;id=19" onClick="return ConfirmaExclusao('');"&gt;[Deletar&amp;nbsp;registro] &lt;/a&gt;&lt;a class="noPrint" href="?class=BaixarParcela&amp;id=19"&gt;[Baixar&amp;nbsp;parcela] &lt;/a&gt;&lt;a class="noPrint" href="?class=ImprimirParcela&amp;id=19"&gt;[Imprimir&amp;nbsp;parcela] &lt;/a&gt;&lt;/th&gt;
	&lt;/tr&gt;
	&lt;tr&gt;
		&lt;td class="tabelatd2"&gt;23&lt;/td&gt;
		&lt;td class="tabelatd2"&gt;Tipo Cobranca&lt;/td&gt;
		&lt;td class="tabelatd2"&gt;10/10/2018&lt;/td&gt;
		&lt;td class="tabelatd2"&gt;110.00&lt;/td&gt;
		&lt;td class="tabelatd2"&gt;0.00&lt;/td&gt;
		&lt;td class="tabelatd2"&gt;&lt;/td&gt;
		&lt;td class="tabelatd2"&gt;Fulano de Tal (111.111.111-11)&lt;/td&gt;
		&lt;td class="tabelatd2"&gt;0F&lt;/td&gt;
		&lt;td class="tabelatd2"&gt;Patrimonial&lt;/td&gt;
&lt;th class="tabelatd2" border="1"&gt;&lt;a class="noPrint" href="?class=ControleCobranca&amp;opera=A&amp;id=23"&gt;[Alterar] &lt;/a&gt;&lt;a class="noPrint" href="?class=ControleCobranca&amp;opera=C&amp;id=23"&gt;[Consultar] &lt;/a&gt;&lt;a class="noPrint" href="?class=ControleCobranca&amp;opera=D&amp;id=23" onClick="return ConfirmaExclusao('');"&gt;[Deletar&amp;nbsp;registro] &lt;/a&gt;&lt;a class="noPrint" href="?class=BaixarParcela&amp;id=23"&gt;[Baixar&amp;nbsp;parcela] &lt;/a&gt;&lt;a class="noPrint" href="?class=ImprimirParcela&amp;id=23"&gt;[Imprimir&amp;nbsp;parcela] &lt;/a&gt;&lt;/th&gt;
	&lt;/tr&gt;
	&lt;tr&gt;
		&lt;td class="tabelatd1"&gt;27&lt;/td&gt;
		&lt;td class="tabelatd1"&gt;Tipo Cobranca&lt;/td&gt;
		&lt;td class="tabelatd1"&gt;10/10/2018&lt;/td&gt;
		&lt;td class="tabelatd1"&gt;110.00&lt;/td&gt;
		&lt;td class="tabelatd1"&gt;0.00&lt;/td&gt;
		&lt;td class="tabelatd1"&gt;&lt;/td&gt;
		&lt;td class="tabelatd1"&gt;Fulano de Tal (111.111.111-11)&lt;/td&gt;
		&lt;td class="tabelatd1"&gt;0F&lt;/td&gt;
		&lt;td class="tabelatd1"&gt;Patrimonial&lt;/td&gt;
&lt;th class="tabelatd1" border="1"&gt;&lt;a class="noPrint" href="?class=ControleCobranca&amp;opera=A&amp;id=27"&gt;[Alterar] &lt;/a&gt;&lt;a class="noPrint" href="?class=ControleCobranca&amp;opera=C&amp;id=27"&gt;[Consultar] &lt;/a&gt;&lt;a class="noPrint" href="?class=ControleCobranca&amp;opera=D&amp;id=27" onClick="return ConfirmaExclusao('');"&gt;[Deletar&amp;nbsp;registro] &lt;/a&gt;&lt;a class="noPrint" href="?class=BaixarParcela&amp;id=27"&gt;[Baixar&amp;nbsp;parcela] &lt;/a&gt;&lt;a class="noPrint" href="?class=ImprimirParcela&amp;id=27"&gt;[Imprimir&amp;nbsp;parcela] &lt;/a&gt;&lt;/th&gt;
	&lt;/tr&gt;
	&lt;tr&gt;
		&lt;td class="tabelatd2"&gt;34&lt;/td&gt;
		&lt;td class="tabelatd2"&gt;Tipo Cobranca&lt;/td&gt;
		&lt;td class="tabelatd2"&gt;10/10/2018&lt;/td&gt;
		&lt;td class="tabelatd2"&gt;110.00&lt;/td&gt;
		&lt;td class="tabelatd2"&gt;0.00&lt;/td&gt;
		&lt;td class="tabelatd2"&gt;&lt;/td&gt;
		&lt;td class="tabelatd2"&gt;Fulano de Tal (111.111.111-11)&lt;/td&gt;
		&lt;td class="tabelatd2"&gt;0F&lt;/td&gt;
		&lt;td class="tabelatd2"&gt;Patrimonial&lt;/td&gt;
&lt;th class="tabelatd2" border="1"&gt;&lt;a class="noPrint" href="?class=ControleCobranca&amp;opera=A&amp;id=34"&gt;[Alterar] &lt;/a&gt;&lt;a class="noPrint" href="?class=ControleCobranca&amp;opera=C&amp;id=34"&gt;[Consultar] &lt;/a&gt;&lt;a class="noPrint" href="?class=ControleCobranca&amp;opera=D&amp;id=34" onClick="return ConfirmaExclusao('');"&gt;[Deletar&amp;nbsp;registro] &lt;/a&gt;&lt;a class="noPrint" href="?class=BaixarParcela&amp;id=34"&gt;[Baixar&amp;nbsp;parcela] &lt;/a&gt;&lt;a class="noPrint" href="?class=ImprimirParcela&amp;id=34"&gt;[Imprimir&amp;nbsp;parcela] &lt;/a&gt;&lt;/th&gt;
	&lt;/tr&gt;
	&lt;tr&gt;
		&lt;td class="tabelatd1"&gt;42&lt;/td&gt;
		&lt;td class="tabelatd1"&gt;Tipo Cobranca&lt;/td&gt;
		&lt;td class="tabelatd1"&gt;10/10/2018&lt;/td&gt;
		&lt;td class="tabelatd1"&gt;110.00&lt;/td&gt;
		&lt;td class="tabelatd1"&gt;0.00&lt;/td&gt;
		&lt;td class="tabelatd1"&gt;&lt;/td&gt;
		&lt;td class="tabelatd1"&gt;Fulano de Tal (111.111.111-11)&lt;/td&gt;
		&lt;td class="tabelatd1"&gt;0F&lt;/td&gt;
		&lt;td class="tabelatd1"&gt;Patrimonial&lt;/td&gt;
&lt;th class="tabelatd1" border="1"&gt;&lt;a class="noPrint" href="?class=ControleCobranca&amp;opera=A&amp;id=42"&gt;[Alterar] &lt;/a&gt;&lt;a class="noPrint" href="?class=ControleCobranca&amp;opera=C&amp;id=42"&gt;[Consultar] &lt;/a&gt;&lt;a class="noPrint" href="?class=ControleCobranca&amp;opera=D&amp;id=42" onClick="return ConfirmaExclusao('');"&gt;[Deletar&amp;nbsp;registro] &lt;/a&gt;&lt;a class="noPrint" href="?class=BaixarParcela&amp;id=42"&gt;[Baixar&amp;nbsp;parcela] &lt;/a&gt;&lt;a class="noPrint" href="?class=ImprimirParcela&amp;id=42"&gt;[Imprimir&amp;nbsp;parcela] &lt;/a&gt;&lt;/th&gt;
	&lt;/tr&gt;
	&lt;tr&gt;
		&lt;td class="tabelatd2"&gt;53&lt;/td&gt;
		&lt;td class="tabelatd2"&gt;Tipo Cobranca&lt;/td&gt;
		&lt;td class="tabelatd2"&gt;10/10/2018&lt;/td&gt;
		&lt;td class="tabelatd2"&gt;110.00&lt;/td&gt;
		&lt;td class="tabelatd2"&gt;0.00&lt;/td&gt;
		&lt;td class="tabelatd2"&gt;&lt;/td&gt;
		&lt;td class="tabelatd2"&gt;Fulano de Tal (111.111.111-11)&lt;/td&gt;
		&lt;td class="tabelatd2"&gt;0F&lt;/td&gt;
		&lt;td class="tabelatd2"&gt;Patrimonial&lt;/td&gt;
&lt;th class="tabelatd2" border="1"&gt;&lt;a class="noPrint" href="?class=ControleCobranca&amp;opera=A&amp;id=53"&gt;[Alterar] &lt;/a&gt;&lt;a class="noPrint" href="?class=ControleCobranca&amp;opera=C&amp;id=53"&gt;[Consultar] &lt;/a&gt;&lt;a class="noPrint" href="?class=ControleCobranca&amp;opera=D&amp;id=53" onClick="return ConfirmaExclusao('');"&gt;[Deletar&amp;nbsp;registro] &lt;/a&gt;&lt;a class="noPrint" href="?class=BaixarParcela&amp;id=53"&gt;[Baixar&amp;nbsp;parcela] &lt;/a&gt;&lt;a class="noPrint" href="?class=ImprimirParcela&amp;id=53"&gt;[Imprimir&amp;nbsp;parcela] &lt;/a&gt;&lt;/th&gt;
	&lt;/tr&gt;
	&lt;tr&gt;
		&lt;td class="tabelatd1"&gt;66&lt;/td&gt;
		&lt;td class="tabelatd1"&gt;Tipo Cobranca&lt;/td&gt;
		&lt;td class="tabelatd1"&gt;10/10/2018&lt;/td&gt;
		&lt;td class="tabelatd1"&gt;110.00&lt;/td&gt;
		&lt;td class="tabelatd1"&gt;0.00&lt;/td&gt;
		&lt;td class="tabelatd1"&gt;&lt;/td&gt;
		&lt;td class="tabelatd1"&gt;Fulano de Tal (111.111.111-11)&lt;/td&gt;
		&lt;td class="tabelatd1"&gt;0F&lt;/td&gt;
		&lt;td class="tabelatd1"&gt;Patrimonial&lt;/td&gt;
&lt;th class="tabelatd1" border="1"&gt;&lt;a class="noPrint" href="?class=ControleCobranca&amp;opera=A&amp;id=66"&gt;[Alterar] &lt;/a&gt;&lt;a class="noPrint" href="?class=ControleCobranca&amp;opera=C&amp;id=66"&gt;[Consultar] &lt;/a&gt;&lt;a class="noPrint" href="?class=ControleCobranca&amp;opera=D&amp;id=66" onClick="return ConfirmaExclusao('');"&gt;[Deletar&amp;nbsp;registro] &lt;/a&gt;&lt;a class="noPrint" href="?class=BaixarParcela&amp;id=66"&gt;[Baixar&amp;nbsp;parcela] &lt;/a&gt;&lt;a class="noPrint" href="?class=ImprimirParcela&amp;id=66"&gt;[Imprimir&amp;nbsp;parcela] &lt;/a&gt;&lt;/th&gt;
	&lt;/tr&gt;
	&lt;tr&gt;
		&lt;td class="tabelatd2"&gt;81&lt;/td&gt;
		&lt;td class="tabelatd2"&gt;Tipo Cobranca&lt;/td&gt;
		&lt;td class="tabelatd2"&gt;10/10/2018&lt;/td&gt;
		&lt;td class="tabelatd2"&gt;110.00&lt;/td&gt;
		&lt;td class="tabelatd2"&gt;0.00&lt;/td&gt;
		&lt;td class="tabelatd2"&gt;&lt;/td&gt;
		&lt;td class="tabelatd2"&gt;Fulano de Tal (111.111.111-11)&lt;/td&gt;
		&lt;td class="tabelatd2"&gt;0F&lt;/td&gt;
		&lt;td class="tabelatd2"&gt;Patrimonial&lt;/td&gt;
&lt;th class="tabelatd2" border="1"&gt;&lt;a class="noPrint" href="?class=ControleCobranca&amp;opera=A&amp;id=81"&gt;[Alterar] &lt;/a&gt;&lt;a class="noPrint" href="?class=ControleCobranca&amp;opera=C&amp;id=81"&gt;[Consultar] &lt;/a&gt;&lt;a class="noPrint" href="?class=ControleCobranca&amp;opera=D&amp;id=81" onClick="return ConfirmaExclusao('');"&gt;[Deletar&amp;nbsp;registro] &lt;/a&gt;&lt;a class="noPrint" href="?class=BaixarParcela&amp;id=81"&gt;[Baixar&amp;nbsp;parcela] &lt;/a&gt;&lt;a class="noPrint" href="?class=ImprimirParcela&amp;id=81"&gt;[Imprimir&amp;nbsp;parcela] &lt;/a&gt;&lt;/th&gt;
	&lt;/tr&gt;
	&lt;tr&gt;
		&lt;td class="tabelatd1"&gt;97&lt;/td&gt;
		&lt;td class="tabelatd1"&gt;Tipo Cobranca&lt;/td&gt;
		&lt;td class="tabelatd1"&gt;10/10/2018&lt;/td&gt;
		&lt;td class="tabelatd1"&gt;110.00&lt;/td&gt;
		&lt;td class="tabelatd1"&gt;0.00&lt;/td&gt;
		&lt;td class="tabelatd1"&gt;&lt;/td&gt;
		&lt;td class="tabelatd1"&gt;Fulano de Tal (111.111.111-11)&lt;/td&gt;
		&lt;td class="tabelatd1"&gt;0F&lt;/td&gt;
		&lt;td class="tabelatd1"&gt;Patrimonial&lt;/td&gt;
&lt;th class="tabelatd1" border="1"&gt;&lt;a class="noPrint" href="?class=ControleCobranca&amp;opera=A&amp;id=97"&gt;[Alterar] &lt;/a&gt;&lt;a class="noPrint" href="?class=ControleCobranca&amp;opera=C&amp;id=97"&gt;[Consultar] &lt;/a&gt;&lt;a class="noPrint" href="?class=ControleCobranca&amp;opera=D&amp;id=97" onClick="return ConfirmaExclusao('');"&gt;[Deletar&amp;nbsp;registro] &lt;/a&gt;&lt;a class="noPrint" href="?class=BaixarParcela&amp;id=97"&gt;[Baixar&amp;nbsp;parcela] &lt;/a&gt;&lt;a class="noPrint" href="?class=ImprimirParcela&amp;id=97"&gt;[Imprimir&amp;nbsp;parcela] &lt;/a&gt;&lt;/th&gt;
	&lt;/tr&gt;
	&lt;tr&gt;
		&lt;td class="tabelatd2"&gt;124&lt;/td&gt;
		&lt;td class="tabelatd2"&gt;Tipo Cobranca&lt;/td&gt;
		&lt;td class="tabelatd2"&gt;10/10/2018&lt;/td&gt;
		&lt;td class="tabelatd2"&gt;110.00&lt;/td&gt;
		&lt;td class="tabelatd2"&gt;0.00&lt;/td&gt;
		&lt;td class="tabelatd2"&gt;&lt;/td&gt;
		&lt;td class="tabelatd2"&gt;Fulano de Tal (111.111.111-11)&lt;/td&gt;
		&lt;td class="tabelatd2"&gt;0F&lt;/td&gt;
		&lt;td class="tabelatd2"&gt;Patrimonial&lt;/td&gt;
&lt;th class="tabelatd2" border="1"&gt;&lt;a class="noPrint" href="?class=ControleCobranca&amp;opera=A&amp;id=124"&gt;[Alterar] &lt;/a&gt;&lt;a class="noPrint" href="?class=ControleCobranca&amp;opera=C&amp;id=124"&gt;[Consultar] &lt;/a&gt;&lt;a class="noPrint" href="?class=ControleCobranca&amp;opera=D&amp;id=124" onClick="return ConfirmaExclusao('');"&gt;[Deletar&amp;nbsp;registro] &lt;/a&gt;&lt;a class="noPrint" href="?class=BaixarParcela&amp;id=124"&gt;[Baixar&amp;nbsp;parcela] &lt;/a&gt;&lt;a class="noPrint" href="?class=ImprimirParcela&amp;id=124"&gt;[Imprimir&amp;nbsp;parcela] &lt;/a&gt;&lt;/th&gt;
	&lt;/tr&gt;
	&lt;tr&gt;
		&lt;td class="tabelatd1"&gt;148&lt;/td&gt;
		&lt;td class="tabelatd1"&gt;Tipo Cobranca&lt;/td&gt;
		&lt;td class="tabelatd1"&gt;10/10/2018&lt;/td&gt;
		&lt;td class="tabelatd1"&gt;110.00&lt;/td&gt;
		&lt;td class="tabelatd1"&gt;0.00&lt;/td&gt;
		&lt;td class="tabelatd1"&gt;&lt;/td&gt;
		&lt;td class="tabelatd1"&gt;Fulano de Tal (111.111.111-11)&lt;/td&gt;
		&lt;td class="tabelatd1"&gt;0F&lt;/td&gt;
		&lt;td class="tabelatd1"&gt;Patrimonial&lt;/td&gt;
&lt;th class="tabelatd1" border="1"&gt;&lt;a class="noPrint" href="?class=ControleCobranca&amp;opera=A&amp;id=148"&gt;[Alterar] &lt;/a&gt;&lt;a class="noPrint" href="?class=ControleCobranca&amp;opera=C&amp;id=148"&gt;[Consultar] &lt;/a&gt;&lt;a class="noPrint" href="?class=ControleCobranca&amp;opera=D&amp;id=148" onClick="return ConfirmaExclusao('');"&gt;[Deletar&amp;nbsp;registro] &lt;/a&gt;&lt;a class="noPrint" href="?class=BaixarParcela&amp;id=148"&gt;[Baixar&amp;nbsp;parcela] &lt;/a&gt;&lt;a class="noPrint" href="?class=ImprimirParcela&amp;id=148"&gt;[Imprimir&amp;nbsp;parcela] &lt;/a&gt;&lt;/th&gt;
	&lt;/tr&gt;
	&lt;tr&gt;
		&lt;td class="tabelatd2"&gt;168&lt;/td&gt;
		&lt;td class="tabelatd2"&gt;Tipo Cobranca&lt;/td&gt;
		&lt;td class="tabelatd2"&gt;10/10/2018&lt;/td&gt;
		&lt;td class="tabelatd2"&gt;110.00&lt;/td&gt;
		&lt;td class="tabelatd2"&gt;0.00&lt;/td&gt;
		&lt;td class="tabelatd2"&gt;&lt;/td&gt;
		&lt;td class="tabelatd2"&gt;Fulano de Tal (111.111.111-11)&lt;/td&gt;
		&lt;td class="tabelatd2"&gt;0F&lt;/td&gt;
		&lt;td class="tabelatd2"&gt;Patrimonial&lt;/td&gt;
&lt;th class="tabelatd2" border="1"&gt;&lt;a class="noPrint" href="?class=ControleCobranca&amp;opera=A&amp;id=168"&gt;[Alterar] &lt;/a&gt;&lt;a class="noPrint" href="?class=ControleCobranca&amp;opera=C&amp;id=168"&gt;[Consultar] &lt;/a&gt;&lt;a class="noPrint" href="?class=ControleCobranca&amp;opera=D&amp;id=168" onClick="return ConfirmaExclusao('');"&gt;[Deletar&amp;nbsp;registro] &lt;/a&gt;&lt;a class="noPrint" href="?class=BaixarParcela&amp;id=168"&gt;[Baixar&amp;nbsp;parcela] &lt;/a&gt;&lt;a class="noPrint" href="?class=ImprimirParcela&amp;id=168"&gt;[Imprimir&amp;nbsp;parcela] &lt;/a&gt;&lt;/th&gt;
	&lt;/tr&gt;
	&lt;tr&gt;
		&lt;td class="tabelatd1"&gt;188&lt;/td&gt;
		&lt;td class="tabelatd1"&gt;Tipo Cobranca&lt;/td&gt;
		&lt;td class="tabelatd1"&gt;10/10/2018&lt;/td&gt;
		&lt;td class="tabelatd1"&gt;110.00&lt;/td&gt;
		&lt;td class="tabelatd1"&gt;0.00&lt;/td&gt;
		&lt;td class="tabelatd1"&gt;&lt;/td&gt;
		&lt;td class="tabelatd1"&gt;Fulano de Tal (111.111.111-11)&lt;/td&gt;
		&lt;td class="tabelatd1"&gt;0F&lt;/td&gt;
		&lt;td class="tabelatd1"&gt;Patrimonial&lt;/td&gt;
&lt;th class="tabelatd1" border="1"&gt;&lt;a class="noPrint" href="?class=ControleCobranca&amp;opera=A&amp;id=188"&gt;[Alterar] &lt;/a&gt;&lt;a class="noPrint" href="?class=ControleCobranca&amp;opera=C&amp;id=188"&gt;[Consultar] &lt;/a&gt;&lt;a class="noPrint" href="?class=ControleCobranca&amp;opera=D&amp;id=188" onClick="return ConfirmaExclusao('');"&gt;[Deletar&amp;nbsp;registro] &lt;/a&gt;&lt;a class="noPrint" href="?class=BaixarParcela&amp;id=188"&gt;[Baixar&amp;nbsp;parcela] &lt;/a&gt;&lt;a class="noPrint" href="?class=ImprimirParcela&amp;id=188"&gt;[Imprimir&amp;nbsp;parcela] &lt;/a&gt;&lt;/th&gt;
	&lt;/tr&gt;
	&lt;tr&gt;
		&lt;td class="tabelatd2"&gt;208&lt;/td&gt;
		&lt;td class="tabelatd2"&gt;Tipo Cobranca&lt;/td&gt;
		&lt;td class="tabelatd2"&gt;10/10/2018&lt;/td&gt;
		&lt;td class="tabelatd2"&gt;110.00&lt;/td&gt;
		&lt;td class="tabelatd2"&gt;0.00&lt;/td&gt;
		&lt;td class="tabelatd2"&gt;&lt;/td&gt;
		&lt;td class="tabelatd2"&gt;Fulano de Tal (111.111.111-11)&lt;/td&gt;
		&lt;td class="tabelatd2"&gt;0F&lt;/td&gt;
		&lt;td class="tabelatd2"&gt;Patrimonial&lt;/td&gt;
&lt;th class="tabelatd2" border="1"&gt;&lt;a class="noPrint" href="?class=ControleCobranca&amp;opera=A&amp;id=208"&gt;[Alterar] &lt;/a&gt;&lt;a class="noPrint" href="?class=ControleCobranca&amp;opera=C&amp;id=208"&gt;[Consultar] &lt;/a&gt;&lt;a class="noPrint" href="?class=ControleCobranca&amp;opera=D&amp;id=208" onClick="return ConfirmaExclusao('');"&gt;[Deletar&amp;nbsp;registro] &lt;/a&gt;&lt;a class="noPrint" href="?class=BaixarParcela&amp;id=208"&gt;[Baixar&amp;nbsp;parcela] &lt;/a&gt;&lt;a class="noPrint" href="?class=ImprimirParcela&amp;id=208"&gt;[Imprimir&amp;nbsp;parcela] &lt;/a&gt;&lt;/th&gt;
	&lt;/tr&gt;
	&lt;tr&gt;
		&lt;td class="tabelatd1"&gt;231&lt;/td&gt;
		&lt;td class="tabelatd1"&gt;Tipo Cobranca&lt;/td&gt;
		&lt;td class="tabelatd1"&gt;10/10/2018&lt;/td&gt;
		&lt;td class="tabelatd1"&gt;110.00&lt;/td&gt;
		&lt;td class="tabelatd1"&gt;0.00&lt;/td&gt;
		&lt;td class="tabelatd1"&gt;&lt;/td&gt;
		&lt;td class="tabelatd1"&gt;Fulano de Tal (111.111.111-11)&lt;/td&gt;
		&lt;td class="tabelatd1"&gt;0F&lt;/td&gt;
		&lt;td class="tabelatd1"&gt;Patrimonial&lt;/td&gt;
&lt;th class="tabelatd1" border="1"&gt;&lt;a class="noPrint" href="?class=ControleCobranca&amp;opera=A&amp;id=231"&gt;[Alterar] &lt;/a&gt;&lt;a class="noPrint" href="?class=ControleCobranca&amp;opera=C&amp;id=231"&gt;[Consultar] &lt;/a&gt;&lt;a class="noPrint" href="?class=ControleCobranca&amp;opera=D&amp;id=231" onClick="return ConfirmaExclusao('');"&gt;[Deletar&amp;nbsp;registro] &lt;/a&gt;&lt;a class="noPrint" href="?class=BaixarParcela&amp;id=231"&gt;[Baixar&amp;nbsp;parcela] &lt;/a&gt;&lt;a class="noPrint" href="?class=ImprimirParcela&amp;id=231"&gt;[Imprimir&amp;nbsp;parcela] &lt;/a&gt;&lt;/th&gt;
	&lt;/tr&gt;
	&lt;tr&gt;
		&lt;td class="tabelatd2"&gt;254&lt;/td&gt;
		&lt;td class="tabelatd2"&gt;Tipo Cobranca&lt;/td&gt;
		&lt;td class="tabelatd2"&gt;10/10/2018&lt;/td&gt;
		&lt;td class="tabelatd2"&gt;110.00&lt;/td&gt;
		&lt;td class="tabelatd2"&gt;0.00&lt;/td&gt;
		&lt;td class="tabelatd2"&gt;&lt;/td&gt;
		&lt;td class="tabelatd2"&gt;Fulano de Tal (111.111.111-11)&lt;/td&gt;
		&lt;td class="tabelatd2"&gt;0F&lt;/td&gt;
		&lt;td class="tabelatd2"&gt;Patrimonial&lt;/td&gt;
&lt;th class="tabelatd2" border="1"&gt;&lt;a class="noPrint" href="?class=ControleCobranca&amp;opera=A&amp;id=254"&gt;[Alterar] &lt;/a&gt;&lt;a class="noPrint" href="?class=ControleCobranca&amp;opera=C&amp;id=254"&gt;[Consultar] &lt;/a&gt;&lt;a class="noPrint" href="?class=ControleCobranca&amp;opera=D&amp;id=254" onClick="return ConfirmaExclusao('');"&gt;[Deletar&amp;nbsp;registro] &lt;/a&gt;&lt;a class="noPrint" href="?class=BaixarParcela&amp;id=254"&gt;[Baixar&amp;nbsp;parcela] &lt;/a&gt;&lt;a class="noPrint" href="?class=ImprimirParcela&amp;id=254"&gt;[Imprimir&amp;nbsp;parcela] &lt;/a&gt;&lt;/th&gt;
	&lt;/tr&gt;
	&lt;tr&gt;
		&lt;td class="tabelatd1"&gt;4&lt;/td&gt;
		&lt;td class="tabelatd1"&gt;Tipo Cobranca&lt;/td&gt;
		&lt;td class="tabelatd1"&gt;10/10/2018&lt;/td&gt;
		&lt;td class="tabelatd1"&gt;110.00&lt;/td&gt;
		&lt;td class="tabelatd1"&gt;0.00&lt;/td&gt;
		&lt;td class="tabelatd1"&gt;&lt;/td&gt;
		&lt;td class="tabelatd1"&gt;Beltrano da Silva (333.333.333-33)&lt;/td&gt;
		&lt;td class="tabelatd1"&gt;0F&lt;/td&gt;
		&lt;td class="tabelatd1"&gt;Patrimonial&lt;/td&gt;
&lt;th class="tabelatd1" border="1"&gt;&lt;a class="noPrint" href="?class=ControleCobranca&amp;opera=A&amp;id=4"&gt;[Alterar] &lt;/a&gt;&lt;a class="noPrint" href="?class=ControleCobranca&amp;opera=C&amp;id=4"&gt;[Consultar] &lt;/a&gt;&lt;a class="noPrint" href="?class=ControleCobranca&amp;opera=D&amp;id=4" onClick="return ConfirmaExclusao('');"&gt;[Deletar&amp;nbsp;registro] &lt;/a&gt;&lt;a class="noPrint" href="?class=BaixarParcela&amp;id=4"&gt;[Baixar&amp;nbsp;parcela] &lt;/a&gt;&lt;a class="noPrint" href="?class=ImprimirParcela&amp;id=4"&gt;[Imprimir&amp;nbsp;parcela] &lt;/a&gt;&lt;/th&gt;
	&lt;/tr&gt;
	&lt;tr&gt;
		&lt;td class="tabelatd2"&gt;8&lt;/td&gt;
		&lt;td class="tabelatd2"&gt;Tipo Cobranca&lt;/td&gt;
		&lt;td class="tabelatd2"&gt;10/10/2018&lt;/td&gt;
		&lt;td class="tabelatd2"&gt;110.00&lt;/td&gt;
		&lt;td class="tabelatd2"&gt;0.00&lt;/td&gt;
		&lt;td class="tabelatd2"&gt;&lt;/td&gt;
		&lt;td class="tabelatd2"&gt;Beltrano da Silva (333.333.333-33)&lt;/td&gt;
		&lt;td class="tabelatd2"&gt;0F&lt;/td&gt;
		&lt;td class="tabelatd2"&gt;Patrimonial&lt;/td&gt;
&lt;th class="tabelatd2" border="1"&gt;&lt;a class="noPrint" href="?class=ControleCobranca&amp;opera=A&amp;id=8"&gt;[Alterar] &lt;/a&gt;&lt;a class="noPrint" href="?class=ControleCobranca&amp;opera=C&amp;id=8"&gt;[Consultar] &lt;/a&gt;&lt;a class="noPrint" href="?class=ControleCobranca&amp;opera=D&amp;id=8" onClick="return ConfirmaExclusao('');"&gt;[Deletar&amp;nbsp;registro] &lt;/a&gt;&lt;a class="noPrint" href="?class=BaixarParcela&amp;id=8"&gt;[Baixar&amp;nbsp;parcela] &lt;/a&gt;&lt;a class="noPrint" href="?class=ImprimirParcela&amp;id=8"&gt;[Imprimir&amp;nbsp;parcela] &lt;/a&gt;&lt;/th&gt;
	&lt;/tr&gt;
	&lt;tr&gt;
		&lt;td class="tabelatd1"&gt;12&lt;/td&gt;
		&lt;td class="tabelatd1"&gt;Tipo Cobranca&lt;/td&gt;
		&lt;td class="tabelatd1"&gt;10/10/2018&lt;/td&gt;
		&lt;td class="tabelatd1"&gt;110.00&lt;/td&gt;
		&lt;td class="tabelatd1"&gt;0.00&lt;/td&gt;
		&lt;td class="tabelatd1"&gt;&lt;/td&gt;
		&lt;td class="tabelatd1"&gt;Beltrano da Silva (333.333.333-33)&lt;/td&gt;
		&lt;td class="tabelatd1"&gt;0F&lt;/td&gt;
		&lt;td class="tabelatd1"&gt;Patrimonial&lt;/td&gt;
&lt;th class="tabelatd1" border="1"&gt;&lt;a class="noPrint" href="?class=ControleCobranca&amp;opera=A&amp;id=12"&gt;[Alterar] &lt;/a&gt;&lt;a class="noPrint" href="?class=ControleCobranca&amp;opera=C&amp;id=12"&gt;[Consultar] &lt;/a&gt;&lt;a class="noPrint" href="?class=ControleCobranca&amp;opera=D&amp;id=12" onClick="return ConfirmaExclusao('');"&gt;[Deletar&amp;nbsp;registro] &lt;/a&gt;&lt;a class="noPrint" href="?class=BaixarParcela&amp;id=12"&gt;[Baixar&amp;nbsp;parcela] &lt;/a&gt;&lt;a class="noPrint" href="?class=ImprimirParcela&amp;id=12"&gt;[Imprimir&amp;nbsp;parcela] &lt;/a&gt;&lt;/th&gt;
	&lt;/tr&gt;
	&lt;tr&gt;
		&lt;td class="tabelatd2"&gt;16&lt;/td&gt;
		&lt;td class="tabelatd2"&gt;Tipo Cobranca&lt;/td&gt;
		&lt;td class="tabelatd2"&gt;10/10/2018&lt;/td&gt;
		&lt;td class="tabelatd2"&gt;110.00&lt;/td&gt;
		&lt;td class="tabelatd2"&gt;0.00&lt;/td&gt;
		&lt;td class="tabelatd2"&gt;&lt;/td&gt;
		&lt;td class="tabelatd2"&gt;Beltrano da Silva (333.333.333-33)&lt;/td&gt;
		&lt;td class="tabelatd2"&gt;0F&lt;/td&gt;
		&lt;td class="tabelatd2"&gt;Patrimonial&lt;/td&gt;
&lt;th class="tabelatd2" border="1"&gt;&lt;a class="noPrint" href="?class=ControleCobranca&amp;opera=A&amp;id=16"&gt;[Alterar] &lt;/a&gt;&lt;a class="noPrint" href="?class=ControleCobranca&amp;opera=C&amp;id=16"&gt;[Consultar] &lt;/a&gt;&lt;a class="noPrint" href="?class=ControleCobranca&amp;opera=D&amp;id=16" onClick="return ConfirmaExclusao('');"&gt;[Deletar&amp;nbsp;registro] &lt;/a&gt;&lt;a class="noPrint" href="?class=BaixarParcela&amp;id=16"&gt;[Baixar&amp;nbsp;parcela] &lt;/a&gt;&lt;a class="noPrint" href="?class=ImprimirParcela&amp;id=16"&gt;[Imprimir&amp;nbsp;parcela] &lt;/a&gt;&lt;/th&gt;
	&lt;/tr&gt;
	&lt;tr&gt;
		&lt;td class="tabelatd1"&gt;20&lt;/td&gt;
		&lt;td class="tabelatd1"&gt;Tipo Cobranca&lt;/td&gt;
		&lt;td class="tabelatd1"&gt;10/10/2018&lt;/td&gt;
		&lt;td class="tabelatd1"&gt;110.00&lt;/td&gt;
		&lt;td class="tabelatd1"&gt;0.00&lt;/td&gt;
		&lt;td class="tabelatd1"&gt;&lt;/td&gt;
		&lt;td class="tabelatd1"&gt;Beltrano da Silva (333.333.333-33)&lt;/td&gt;
		&lt;td class="tabelatd1"&gt;0F&lt;/td&gt;
		&lt;td class="tabelatd1"&gt;Patrimonial&lt;/td&gt;
&lt;th class="tabelatd1" border="1"&gt;&lt;a class="noPrint" href="?class=ControleCobranca&amp;opera=A&amp;id=20"&gt;[Alterar] &lt;/a&gt;&lt;a class="noPrint" href="?class=ControleCobranca&amp;opera=C&amp;id=20"&gt;[Consultar] &lt;/a&gt;&lt;a class="noPrint" href="?class=ControleCobranca&amp;opera=D&amp;id=20" onClick="return ConfirmaExclusao('');"&gt;[Deletar&amp;nbsp;registro] &lt;/a&gt;&lt;a class="noPrint" href="?class=BaixarParcela&amp;id=20"&gt;[Baixar&amp;nbsp;parcela] &lt;/a&gt;&lt;a class="noPrint" href="?class=ImprimirParcela&amp;id=20"&gt;[Imprimir&amp;nbsp;parcela] &lt;/a&gt;&lt;/th&gt;
	&lt;/tr&gt;
	&lt;tr&gt;
		&lt;td class="tabelatd2"&gt;24&lt;/td&gt;
		&lt;td class="tabelatd2"&gt;Tipo Cobranca&lt;/td&gt;
		&lt;td class="tabelatd2"&gt;10/10/2018&lt;/td&gt;
		&lt;td class="tabelatd2"&gt;110.00&lt;/td&gt;
		&lt;td class="tabelatd2"&gt;0.00&lt;/td&gt;
		&lt;td class="tabelatd2"&gt;&lt;/td&gt;
		&lt;td class="tabelatd2"&gt;Beltrano da Silva (333.333.333-33)&lt;/td&gt;
		&lt;td class="tabelatd2"&gt;0F&lt;/td&gt;
		&lt;td class="tabelatd2"&gt;Patrimonial&lt;/td&gt;
&lt;th class="tabelatd2" border="1"&gt;&lt;a class="noPrint" href="?class=ControleCobranca&amp;opera=A&amp;id=24"&gt;[Alterar] &lt;/a&gt;&lt;a class="noPrint" href="?class=ControleCobranca&amp;opera=C&amp;id=24"&gt;[Consultar] &lt;/a&gt;&lt;a class="noPrint" href="?class=ControleCobranca&amp;opera=D&amp;id=24" onClick="return ConfirmaExclusao('');"&gt;[Deletar&amp;nbsp;registro] &lt;/a&gt;&lt;a class="noPrint" href="?class=BaixarParcela&amp;id=24"&gt;[Baixar&amp;nbsp;parcela] &lt;/a&gt;&lt;a class="noPrint" href="?class=ImprimirParcela&amp;id=24"&gt;[Imprimir&amp;nbsp;parcela] &lt;/a&gt;&lt;/th&gt;
	&lt;/tr&gt;
	&lt;tr&gt;
		&lt;td class="tabelatd1"&gt;28&lt;/td&gt;
		&lt;td class="tabelatd1"&gt;Tipo Cobranca&lt;/td&gt;
		&lt;td class="tabelatd1"&gt;10/10/2018&lt;/td&gt;
		&lt;td class="tabelatd1"&gt;110.00&lt;/td&gt;
		&lt;td class="tabelatd1"&gt;0.00&lt;/td&gt;
		&lt;td class="tabelatd1"&gt;&lt;/td&gt;
		&lt;td class="tabelatd1"&gt;Beltrano da Silva (333.333.333-33)&lt;/td&gt;
		&lt;td class="tabelatd1"&gt;0F&lt;/td&gt;
		&lt;td class="tabelatd1"&gt;Patrimonial&lt;/td&gt;
&lt;th class="tabelatd1" border="1"&gt;&lt;a class="noPrint" href="?class=ControleCobranca&amp;opera=A&amp;id=28"&gt;[Alterar] &lt;/a&gt;&lt;a class="noPrint" href="?class=ControleCobranca&amp;opera=C&amp;id=28"&gt;[Consultar] &lt;/a&gt;&lt;a class="noPrint" href="?class=ControleCobranca&amp;opera=D&amp;id=28" onClick="return ConfirmaExclusao('');"&gt;[Deletar&amp;nbsp;registro] &lt;/a&gt;&lt;a class="noPrint" href="?class=BaixarParcela&amp;id=28"&gt;[Baixar&amp;nbsp;parcela] &lt;/a&gt;&lt;a class="noPrint" href="?class=ImprimirParcela&amp;id=28"&gt;[Imprimir&amp;nbsp;parcela] &lt;/a&gt;&lt;/th&gt;
	&lt;/tr&gt;
	&lt;tr&gt;
		&lt;td class="tabelatd2"&gt;35&lt;/td&gt;
		&lt;td class="tabelatd2"&gt;Tipo Cobranca&lt;/td&gt;
		&lt;td class="tabelatd2"&gt;10/10/2018&lt;/td&gt;
		&lt;td class="tabelatd2"&gt;110.00&lt;/td&gt;
		&lt;td class="tabelatd2"&gt;0.00&lt;/td&gt;
		&lt;td class="tabelatd2"&gt;&lt;/td&gt;
		&lt;td class="tabelatd2"&gt;Beltrano da Silva (333.333.333-33)&lt;/td&gt;
		&lt;td class="tabelatd2"&gt;0F&lt;/td&gt;
		&lt;td class="tabelatd2"&gt;Patrimonial&lt;/td&gt;
&lt;th class="tabelatd2" border="1"&gt;&lt;a class="noPrint" href="?class=ControleCobranca&amp;opera=A&amp;id=35"&gt;[Alterar] &lt;/a&gt;&lt;a class="noPrint" href="?class=ControleCobranca&amp;opera=C&amp;id=35"&gt;[Consultar] &lt;/a&gt;&lt;a class="noPrint" href="?class=ControleCobranca&amp;opera=D&amp;id=35" onClick="return ConfirmaExclusao('');"&gt;[Deletar&amp;nbsp;registro] &lt;/a&gt;&lt;a class="noPrint" href="?class=BaixarParcela&amp;id=35"&gt;[Baixar&amp;nbsp;parcela] &lt;/a&gt;&lt;a class="noPrint" href="?class=ImprimirParcela&amp;id=35"&gt;[Imprimir&amp;nbsp;parcela] &lt;/a&gt;&lt;/th&gt;
	&lt;/tr&gt;
	&lt;tr&gt;
		&lt;td class="tabelatd1"&gt;43&lt;/td&gt;
		&lt;td class="tabelatd1"&gt;Tipo Cobranca&lt;/td&gt;
		&lt;td class="tabelatd1"&gt;10/10/2018&lt;/td&gt;
		&lt;td class="tabelatd1"&gt;110.00&lt;/td&gt;
		&lt;td class="tabelatd1"&gt;0.00&lt;/td&gt;
		&lt;td class="tabelatd1"&gt;&lt;/td&gt;
		&lt;td class="tabelatd1"&gt;Beltrano da Silva (333.333.333-33)&lt;/td&gt;
		&lt;td class="tabelatd1"&gt;0F&lt;/td&gt;
		&lt;td class="tabelatd1"&gt;Patrimonial&lt;/td&gt;
&lt;th class="tabelatd1" border="1"&gt;&lt;a class="noPrint" href="?class=ControleCobranca&amp;opera=A&amp;id=43"&gt;[Alterar] &lt;/a&gt;&lt;a class="noPrint" href="?class=ControleCobranca&amp;opera=C&amp;id=43"&gt;[Consultar] &lt;/a&gt;&lt;a class="noPrint" href="?class=ControleCobranca&amp;opera=D&amp;id=43" onClick="return ConfirmaExclusao('');"&gt;[Deletar&amp;nbsp;registro] &lt;/a&gt;&lt;a class="noPrint" href="?class=BaixarParcela&amp;id=43"&gt;[Baixar&amp;nbsp;parcela] &lt;/a&gt;&lt;a class="noPrint" href="?class=ImprimirParcela&amp;id=43"&gt;[Imprimir&amp;nbsp;parcela] &lt;/a&gt;&lt;/th&gt;
	&lt;/tr&gt;
	&lt;tr&gt;
		&lt;td class="tabelatd2"&gt;54&lt;/td&gt;
		&lt;td class="tabelatd2"&gt;Tipo Cobranca&lt;/td&gt;
		&lt;td class="tabelatd2"&gt;10/10/2018&lt;/td&gt;
		&lt;td class="tabelatd2"&gt;110.00&lt;/td&gt;
		&lt;td class="tabelatd2"&gt;0.00&lt;/td&gt;
		&lt;td class="tabelatd2"&gt;&lt;/td&gt;
		&lt;td class="tabelatd2"&gt;Beltrano da Silva (333.333.333-33)&lt;/td&gt;
		&lt;td class="tabelatd2"&gt;0F&lt;/td&gt;
		&lt;td class="tabelatd2"&gt;Patrimonial&lt;/td&gt;
&lt;th class="tabelatd2" border="1"&gt;&lt;a class="noPrint" href="?class=ControleCobranca&amp;opera=A&amp;id=54"&gt;[Alterar] &lt;/a&gt;&lt;a class="noPrint" href="?class=ControleCobranca&amp;opera=C&amp;id=54"&gt;[Consultar] &lt;/a&gt;&lt;a class="noPrint" href="?class=ControleCobranca&amp;opera=D&amp;id=54" onClick="return ConfirmaExclusao('');"&gt;[Deletar&amp;nbsp;registro] &lt;/a&gt;&lt;a class="noPrint" href="?class=BaixarParcela&amp;id=54"&gt;[Baixar&amp;nbsp;parcela] &lt;/a&gt;&lt;a class="noPrint" href="?class=ImprimirParcela&amp;id=54"&gt;[Imprimir&amp;nbsp;parcela] &lt;/a&gt;&lt;/th&gt;
	&lt;/tr&gt;
	&lt;tr&gt;
		&lt;td class="tabelatd1"&gt;67&lt;/td&gt;
		&lt;td class="tabelatd1"&gt;Tipo Cobranca&lt;/td&gt;
		&lt;td class="tabelatd1"&gt;10/10/2018&lt;/td&gt;
		&lt;td class="tabelatd1"&gt;110.00&lt;/td&gt;
		&lt;td class="tabelatd1"&gt;0.00&lt;/td&gt;
		&lt;td class="tabelatd1"&gt;&lt;/td&gt;
		&lt;td class="tabelatd1"&gt;Beltrano da Silva (333.333.333-33)&lt;/td&gt;
		&lt;td class="tabelatd1"&gt;0F&lt;/td&gt;
		&lt;td class="tabelatd1"&gt;Patrimonial&lt;/td&gt;
&lt;th class="tabelatd1" border="1"&gt;&lt;a class="noPrint" href="?class=ControleCobranca&amp;opera=A&amp;id=67"&gt;[Alterar] &lt;/a&gt;&lt;a class="noPrint" href="?class=ControleCobranca&amp;opera=C&amp;id=67"&gt;[Consultar] &lt;/a&gt;&lt;a class="noPrint" href="?class=ControleCobranca&amp;opera=D&amp;id=67" onClick="return ConfirmaExclusao('');"&gt;[Deletar&amp;nbsp;registro] &lt;/a&gt;&lt;a class="noPrint" href="?class=BaixarParcela&amp;id=67"&gt;[Baixar&amp;nbsp;parcela] &lt;/a&gt;&lt;a class="noPrint" href="?class=ImprimirParcela&amp;id=67"&gt;[Imprimir&amp;nbsp;parcela] &lt;/a&gt;&lt;/th&gt;
	&lt;/tr&gt;
	&lt;tr&gt;
		&lt;td class="tabelatd2"&gt;82&lt;/td&gt;
		&lt;td class="tabelatd2"&gt;Tipo Cobranca&lt;/td&gt;
		&lt;td class="tabelatd2"&gt;10/10/2018&lt;/td&gt;
		&lt;td class="tabelatd2"&gt;110.00&lt;/td&gt;
		&lt;td class="tabelatd2"&gt;0.00&lt;/td&gt;
		&lt;td class="tabelatd2"&gt;&lt;/td&gt;
		&lt;td class="tabelatd2"&gt;Beltrano da Silva (333.333.333-33)&lt;/td&gt;
		&lt;td class="tabelatd2"&gt;0F&lt;/td&gt;
		&lt;td class="tabelatd2"&gt;Patrimonial&lt;/td&gt;
&lt;th class="tabelatd2" border="1"&gt;&lt;a class="noPrint" href="?class=ControleCobranca&amp;opera=A&amp;id=82"&gt;[Alterar] &lt;/a&gt;&lt;a class="noPrint" href="?class=ControleCobranca&amp;opera=C&amp;id=82"&gt;[Consultar] &lt;/a&gt;&lt;a class="noPrint" href="?class=ControleCobranca&amp;opera=D&amp;id=82" onClick="return ConfirmaExclusao('');"&gt;[Deletar&amp;nbsp;registro] &lt;/a&gt;&lt;a class="noPrint" href="?class=BaixarParcela&amp;id=82"&gt;[Baixar&amp;nbsp;parcela] &lt;/a&gt;&lt;a class="noPrint" href="?class=ImprimirParcela&amp;id=82"&gt;[Imprimir&amp;nbsp;parcela] &lt;/a&gt;&lt;/th&gt;
	&lt;/tr&gt;
	&lt;tr&gt;
		&lt;td class="tabelatd1"&gt;98&lt;/td&gt;
		&lt;td class="tabelatd1"&gt;Tipo Cobranca&lt;/td&gt;
		&lt;td class="tabelatd1"&gt;10/10/2018&lt;/td&gt;
		&lt;td class="tabelatd1"&gt;110.00&lt;/td&gt;
		&lt;td class="tabelatd1"&gt;0.00&lt;/td&gt;
		&lt;td class="tabelatd1"&gt;&lt;/td&gt;
		&lt;td class="tabelatd1"&gt;Beltrano da Silva (333.333.333-33)&lt;/td&gt;
		&lt;td class="tabelatd1"&gt;0F&lt;/td&gt;
		&lt;td class="tabelatd1"&gt;Patrimonial&lt;/td&gt;
&lt;th class="tabelatd1" border="1"&gt;&lt;a class="noPrint" href="?class=ControleCobranca&amp;opera=A&amp;id=98"&gt;[Alterar] &lt;/a&gt;&lt;a class="noPrint" href="?class=ControleCobranca&amp;opera=C&amp;id=98"&gt;[Consultar] &lt;/a&gt;&lt;a class="noPrint" href="?class=ControleCobranca&amp;opera=D&amp;id=98" onClick="return ConfirmaExclusao('');"&gt;[Deletar&amp;nbsp;registro] &lt;/a&gt;&lt;a class="noPrint" href="?class=BaixarParcela&amp;id=98"&gt;[Baixar&amp;nbsp;parcela] &lt;/a&gt;&lt;a class="noPrint" href="?class=ImprimirParcela&amp;id=98"&gt;[Imprimir&amp;nbsp;parcela] &lt;/a&gt;&lt;/th&gt;
	&lt;/tr&gt;
	&lt;tr&gt;
		&lt;td class="tabelatd2"&gt;125&lt;/td&gt;
		&lt;td class="tabelatd2"&gt;Tipo Cobranca&lt;/td&gt;
		&lt;td class="tabelatd2"&gt;10/10/2018&lt;/td&gt;
		&lt;td class="tabelatd2"&gt;110.00&lt;/td&gt;
		&lt;td class="tabelatd2"&gt;0.00&lt;/td&gt;
		&lt;td class="tabelatd2"&gt;&lt;/td&gt;
		&lt;td class="tabelatd2"&gt;Beltrano da Silva (333.333.333-33)&lt;/td&gt;
		&lt;td class="tabelatd2"&gt;0F&lt;/td&gt;
		&lt;td class="tabelatd2"&gt;Patrimonial&lt;/td&gt;
&lt;th class="tabelatd2" border="1"&gt;&lt;a class="noPrint" href="?class=ControleCobranca&amp;opera=A&amp;id=125"&gt;[Alterar] &lt;/a&gt;&lt;a class="noPrint" href="?class=ControleCobranca&amp;opera=C&amp;id=125"&gt;[Consultar] &lt;/a&gt;&lt;a class="noPrint" href="?class=ControleCobranca&amp;opera=D&amp;id=125" onClick="return ConfirmaExclusao('');"&gt;[Deletar&amp;nbsp;registro] &lt;/a&gt;&lt;a class="noPrint" href="?class=BaixarParcela&amp;id=125"&gt;[Baixar&amp;nbsp;parcela] &lt;/a&gt;&lt;a class="noPrint" href="?class=ImprimirParcela&amp;id=125"&gt;[Imprimir&amp;nbsp;parcela] &lt;/a&gt;&lt;/th&gt;
	&lt;/tr&gt;
	&lt;tr&gt;
		&lt;td class="tabelatd1"&gt;149&lt;/td&gt;
		&lt;td class="tabelatd1"&gt;Tipo Cobranca&lt;/td&gt;
		&lt;td class="tabelatd1"&gt;10/10/2018&lt;/td&gt;
		&lt;td class="tabelatd1"&gt;110.00&lt;/td&gt;
		&lt;td class="tabelatd1"&gt;0.00&lt;/td&gt;
		&lt;td class="tabelatd1"&gt;&lt;/td&gt;
		&lt;td class="tabelatd1"&gt;Beltrano da Silva (333.333.333-33)&lt;/td&gt;
		&lt;td class="tabelatd1"&gt;0F&lt;/td&gt;
		&lt;td class="tabelatd1"&gt;Patrimonial&lt;/td&gt;
&lt;th class="tabelatd1" border="1"&gt;&lt;a class="noPrint" href="?class=ControleCobranca&amp;opera=A&amp;id=149"&gt;[Alterar] &lt;/a&gt;&lt;a class="noPrint" href="?class=ControleCobranca&amp;opera=C&amp;id=149"&gt;[Consultar] &lt;/a&gt;&lt;a class="noPrint" href="?class=ControleCobranca&amp;opera=D&amp;id=149" onClick="return ConfirmaExclusao('');"&gt;[Deletar&amp;nbsp;registro] &lt;/a&gt;&lt;a class="noPrint" href="?class=BaixarParcela&amp;id=149"&gt;[Baixar&amp;nbsp;parcela] &lt;/a&gt;&lt;a class="noPrint" href="?class=ImprimirParcela&amp;id=149"&gt;[Imprimir&amp;nbsp;parcela] &lt;/a&gt;&lt;/th&gt;
	&lt;/tr&gt;
	&lt;tr&gt;
		&lt;td class="tabelatd2"&gt;169&lt;/td&gt;
		&lt;td class="tabelatd2"&gt;Tipo Cobranca&lt;/td&gt;
		&lt;td class="tabelatd2"&gt;10/10/2018&lt;/td&gt;
		&lt;td class="tabelatd2"&gt;110.00&lt;/td&gt;
		&lt;td class="tabelatd2"&gt;0.00&lt;/td&gt;
		&lt;td class="tabelatd2"&gt;&lt;/td&gt;
		&lt;td class="tabelatd2"&gt;Beltrano da Silva (333.333.333-33)&lt;/td&gt;
		&lt;td class="tabelatd2"&gt;0F&lt;/td&gt;
		&lt;td class="tabelatd2"&gt;Patrimonial&lt;/td&gt;
&lt;th class="tabelatd2" border="1"&gt;&lt;a class="noPrint" href="?class=ControleCobranca&amp;opera=A&amp;id=169"&gt;[Alterar] &lt;/a&gt;&lt;a class="noPrint" href="?class=ControleCobranca&amp;opera=C&amp;id=169"&gt;[Consultar] &lt;/a&gt;&lt;a class="noPrint" href="?class=ControleCobranca&amp;opera=D&amp;id=169" onClick="return ConfirmaExclusao('');"&gt;[Deletar&amp;nbsp;registro] &lt;/a&gt;&lt;a class="noPrint" href="?class=BaixarParcela&amp;id=169"&gt;[Baixar&amp;nbsp;parcela] &lt;/a&gt;&lt;a class="noPrint" href="?class=ImprimirParcela&amp;id=169"&gt;[Imprimir&amp;nbsp;parcela] &lt;/a&gt;&lt;/th&gt;
	&lt;/tr&gt;
	&lt;tr&gt;
		&lt;td class="tabelatd1"&gt;189&lt;/td&gt;
		&lt;td class="tabelatd1"&gt;Tipo Cobranca&lt;/td&gt;
		&lt;td class="tabelatd1"&gt;10/10/2018&lt;/td&gt;
		&lt;td class="tabelatd1"&gt;110.00&lt;/td&gt;
		&lt;td class="tabelatd1"&gt;0.00&lt;/td&gt;
		&lt;td class="tabelatd1"&gt;&lt;/td&gt;
		&lt;td class="tabelatd1"&gt;Beltrano da Silva (333.333.333-33)&lt;/td&gt;
		&lt;td class="tabelatd1"&gt;0F&lt;/td&gt;
		&lt;td class="tabelatd1"&gt;Patrimonial&lt;/td&gt;
&lt;th class="tabelatd1" border="1"&gt;&lt;a class="noPrint" href="?class=ControleCobranca&amp;opera=A&amp;id=189"&gt;[Alterar] &lt;/a&gt;&lt;a class="noPrint" href="?class=ControleCobranca&amp;opera=C&amp;id=189"&gt;[Consultar] &lt;/a&gt;&lt;a class="noPrint" href="?class=ControleCobranca&amp;opera=D&amp;id=189" onClick="return ConfirmaExclusao('');"&gt;[Deletar&amp;nbsp;registro] &lt;/a&gt;&lt;a class="noPrint" href="?class=BaixarParcela&amp;id=189"&gt;[Baixar&amp;nbsp;parcela] &lt;/a&gt;&lt;a class="noPrint" href="?class=ImprimirParcela&amp;id=189"&gt;[Imprimir&amp;nbsp;parcela] &lt;/a&gt;&lt;/th&gt;
	&lt;/tr&gt;
	&lt;tr&gt;
		&lt;td class="tabelatd2"&gt;209&lt;/td&gt;
		&lt;td class="tabelatd2"&gt;Tipo Cobranca&lt;/td&gt;
		&lt;td class="tabelatd2"&gt;10/10/2018&lt;/td&gt;
		&lt;td class="tabelatd2"&gt;110.00&lt;/td&gt;
		&lt;td class="tabelatd2"&gt;0.00&lt;/td&gt;
		&lt;td class="tabelatd2"&gt;&lt;/td&gt;
		&lt;td class="tabelatd2"&gt;Beltrano da Silva (333.333.333-33)&lt;/td&gt;
		&lt;td class="tabelatd2"&gt;0F&lt;/td&gt;
		&lt;td class="tabelatd2"&gt;Patrimonial&lt;/td&gt;
&lt;th class="tabelatd2" border="1"&gt;&lt;a class="noPrint" href="?class=ControleCobranca&amp;opera=A&amp;id=209"&gt;[Alterar] &lt;/a&gt;&lt;a class="noPrint" href="?class=ControleCobranca&amp;opera=C&amp;id=209"&gt;[Consultar] &lt;/a&gt;&lt;a class="noPrint" href="?class=ControleCobranca&amp;opera=D&amp;id=209" onClick="return ConfirmaExclusao('');"&gt;[Deletar&amp;nbsp;registro] &lt;/a&gt;&lt;a class="noPrint" href="?class=BaixarParcela&amp;id=209"&gt;[Baixar&amp;nbsp;parcela] &lt;/a&gt;&lt;a class="noPrint" href="?class=ImprimirParcela&amp;id=209"&gt;[Imprimir&amp;nbsp;parcela] &lt;/a&gt;&lt;/th&gt;
	&lt;/tr&gt;
	&lt;tr&gt;
		&lt;td class="tabelatd1"&gt;232&lt;/td&gt;
		&lt;td class="tabelatd1"&gt;Tipo Cobranca&lt;/td&gt;
		&lt;td class="tabelatd1"&gt;10/10/2018&lt;/td&gt;
		&lt;td class="tabelatd1"&gt;110.00&lt;/td&gt;
		&lt;td class="tabelatd1"&gt;0.00&lt;/td&gt;
		&lt;td class="tabelatd1"&gt;&lt;/td&gt;
		&lt;td class="tabelatd1"&gt;Beltrano da Silva (333.333.333-33)&lt;/td&gt;
		&lt;td class="tabelatd1"&gt;0F&lt;/td&gt;
		&lt;td class="tabelatd1"&gt;Patrimonial&lt;/td&gt;
&lt;th class="tabelatd1" border="1"&gt;&lt;a class="noPrint" href="?class=ControleCobranca&amp;opera=A&amp;id=232"&gt;[Alterar] &lt;/a&gt;&lt;a class="noPrint" href="?class=ControleCobranca&amp;opera=C&amp;id=232"&gt;[Consultar] &lt;/a&gt;&lt;a class="noPrint" href="?class=ControleCobranca&amp;opera=D&amp;id=232" onClick="return ConfirmaExclusao('');"&gt;[Deletar&amp;nbsp;registro] &lt;/a&gt;&lt;a class="noPrint" href="?class=BaixarParcela&amp;id=232"&gt;[Baixar&amp;nbsp;parcela] &lt;/a&gt;&lt;a class="noPrint" href="?class=ImprimirParcela&amp;id=232"&gt;[Imprimir&amp;nbsp;parcela] &lt;/a&gt;&lt;/th&gt;
	&lt;/tr&gt;
	&lt;tr&gt;
		&lt;td class="tabelatd2"&gt;255&lt;/td&gt;
		&lt;td class="tabelatd2"&gt;Tipo Cobranca&lt;/td&gt;
		&lt;td class="tabelatd2"&gt;10/10/2018&lt;/td&gt;
		&lt;td class="tabelatd2"&gt;110.00&lt;/td&gt;
		&lt;td class="tabelatd2"&gt;0.00&lt;/td&gt;
		&lt;td class="tabelatd2"&gt;&lt;/td&gt;
		&lt;td class="tabelatd2"&gt;Beltrano da Silva (333.333.333-33)&lt;/td&gt;
		&lt;td class="tabelatd2"&gt;0F&lt;/td&gt;
		&lt;td class="tabelatd2"&gt;Patrimonial&lt;/td&gt;
&lt;th class="tabelatd2" border="1"&gt;&lt;a class="noPrint" href="?class=ControleCobranca&amp;opera=A&amp;id=255"&gt;[Alterar] &lt;/a&gt;&lt;a class="noPrint" href="?class=ControleCobranca&amp;opera=C&amp;id=255"&gt;[Consultar] &lt;/a&gt;&lt;a class="noPrint" href="?class=ControleCobranca&amp;opera=D&amp;id=255" onClick="return ConfirmaExclusao('');"&gt;[Deletar&amp;nbsp;registro] &lt;/a&gt;&lt;a class="noPrint" href="?class=BaixarParcela&amp;id=255"&gt;[Baixar&amp;nbsp;parcela] &lt;/a&gt;&lt;a class="noPrint" href="?class=ImprimirParcela&amp;id=255"&gt;[Imprimir&amp;nbsp;parcela] &lt;/a&gt;&lt;/th&gt;
	&lt;/tr&gt;
	&lt;tr&gt;
		&lt;td class="tabelatd1"&gt;279&lt;/td&gt;
		&lt;td class="tabelatd1"&gt;Tipo Cobranca&lt;/td&gt;
		&lt;td class="tabelatd1"&gt;10/10/2018&lt;/td&gt;
		&lt;td class="tabelatd1"&gt;110.00&lt;/td&gt;
		&lt;td class="tabelatd1"&gt;0.00&lt;/td&gt;
		&lt;td class="tabelatd1"&gt;&lt;/td&gt;
		&lt;td class="tabelatd1"&gt;Fulano de Tal (111.111.111-11)&lt;/td&gt;
		&lt;td class="tabelatd1"&gt;0F&lt;/td&gt;
		&lt;td class="tabelatd1"&gt;Patrimonial&lt;/td&gt;
&lt;th class="tabelatd1" border="1"&gt;&lt;a class="noPrint" href="?class=ControleCobranca&amp;opera=A&amp;id=279"&gt;[Alterar] &lt;/a&gt;&lt;a class="noPrint" href="?class=ControleCobranca&amp;opera=C&amp;id=279"&gt;[Consultar] &lt;/a&gt;&lt;a class="noPrint" href="?class=ControleCobranca&amp;opera=D&amp;id=279" onClick="return ConfirmaExclusao('');"&gt;[Deletar&amp;nbsp;registro] &lt;/a&gt;&lt;a class="noPrint" href="?class=BaixarParcela&amp;id=279"&gt;[Baixar&amp;nbsp;parcela] &lt;/a&gt;&lt;a class="noPrint" href="?class=ImprimirParcela&amp;id=279"&gt;[Imprimir&amp;nbsp;parcela] &lt;/a&gt;&lt;/th&gt;
	&lt;/tr&gt;
	&lt;tr&gt;
		&lt;td class="tabelatd2"&gt;306&lt;/td&gt;
		&lt;td class="tabelatd2"&gt;Tipo Cobranca&lt;/td&gt;
		&lt;td class="tabelatd2"&gt;10/10/2018&lt;/td&gt;
		&lt;td class="tabelatd2"&gt;110.00&lt;/td&gt;
		&lt;td class="tabelatd2"&gt;0.00&lt;/td&gt;
		&lt;td class="tabelatd2"&gt;&lt;/td&gt;
		&lt;td class="tabelatd2"&gt;Fulano de Tal (111.111.111-11)&lt;/td&gt;
		&lt;td class="tabelatd2"&gt;0F&lt;/td&gt;
		&lt;td class="tabelatd2"&gt;Patrimonial&lt;/td&gt;
&lt;th class="tabelatd2" border="1"&gt;&lt;a class="noPrint" href="?class=ControleCobranca&amp;opera=A&amp;id=306"&gt;[Alterar] &lt;/a&gt;&lt;a class="noPrint" href="?class=ControleCobranca&amp;opera=C&amp;id=306"&gt;[Consultar] &lt;/a&gt;&lt;a class="noPrint" href="?class=ControleCobranca&amp;opera=D&amp;id=306" onClick="return ConfirmaExclusao('');"&gt;[Deletar&amp;nbsp;registro] &lt;/a&gt;&lt;a class="noPrint" href="?class=BaixarParcela&amp;id=306"&gt;[Baixar&amp;nbsp;parcela] &lt;/a&gt;&lt;a class="noPrint" href="?class=ImprimirParcela&amp;id=306"&gt;[Imprimir&amp;nbsp;parcela] &lt;/a&gt;&lt;/th&gt;
	&lt;/tr&gt;
	&lt;tr&gt;
		&lt;td class="tabelatd1"&gt;335&lt;/td&gt;
		&lt;td class="tabelatd1"&gt;Tipo Cobranca&lt;/td&gt;
		&lt;td class="tabelatd1"&gt;10/10/2018&lt;/td&gt;
		&lt;td class="tabelatd1"&gt;110.00&lt;/td&gt;
		&lt;td class="tabelatd1"&gt;0.00&lt;/td&gt;
		&lt;td class="tabelatd1"&gt;&lt;/td&gt;
		&lt;td class="tabelatd1"&gt;Fulano de Tal (111.111.111-11)&lt;/td&gt;
		&lt;td class="tabelatd1"&gt;0F&lt;/td&gt;
		&lt;td class="tabelatd1"&gt;Patrimonial&lt;/td&gt;
&lt;th class="tabelatd1" border="1"&gt;&lt;a class="noPrint" href="?class=ControleCobranca&amp;opera=A&amp;id=335"&gt;[Alterar] &lt;/a&gt;&lt;a class="noPrint" href="?class=ControleCobranca&amp;opera=C&amp;id=335"&gt;[Consultar] &lt;/a&gt;&lt;a class="noPrint" href="?class=ControleCobranca&amp;opera=D&amp;id=335" onClick="return ConfirmaExclusao('');"&gt;[Deletar&amp;nbsp;registro] &lt;/a&gt;&lt;a class="noPrint" href="?class=BaixarParcela&amp;id=335"&gt;[Baixar&amp;nbsp;parcela] &lt;/a&gt;&lt;a class="noPrint" href="?class=ImprimirParcela&amp;id=335"&gt;[Imprimir&amp;nbsp;parcela] &lt;/a&gt;&lt;/th&gt;
	&lt;/tr&gt;
	&lt;tr&gt;
		&lt;td class="tabelatd2"&gt;366&lt;/td&gt;
		&lt;td class="tabelatd2"&gt;Tipo Cobranca&lt;/td&gt;
		&lt;td class="tabelatd2"&gt;10/10/2018&lt;/td&gt;
		&lt;td class="tabelatd2"&gt;110.00&lt;/td&gt;
		&lt;td class="tabelatd2"&gt;0.00&lt;/td&gt;
		&lt;td class="tabelatd2"&gt;&lt;/td&gt;
		&lt;td class="tabelatd2"&gt;Fulano de Tal (111.111.111-11)&lt;/td&gt;
		&lt;td class="tabelatd2"&gt;0F&lt;/td&gt;
		&lt;td class="tabelatd2"&gt;Patrimonial&lt;/td&gt;
&lt;th class="tabelatd2" border="1"&gt;&lt;a class="noPrint" href="?class=ControleCobranca&amp;opera=A&amp;id=366"&gt;[Alterar] &lt;/a&gt;&lt;a class="noPrint" href="?class=ControleCobranca&amp;opera=C&amp;id=366"&gt;[Consultar] &lt;/a&gt;&lt;a class="noPrint" href="?class=ControleCobranca&amp;opera=D&amp;id=366" onClick="return ConfirmaExclusao('');"&gt;[Deletar&amp;nbsp;registro] &lt;/a&gt;&lt;a class="noPrint" href="?class=BaixarParcela&amp;id=366"&gt;[Baixar&amp;nbsp;parcela] &lt;/a&gt;&lt;a class="noPrint" href="?class=ImprimirParcela&amp;id=366"&gt;[Imprimir&amp;nbsp;parcela] &lt;/a&gt;&lt;/th&gt;
	&lt;/tr&gt;
	&lt;tr&gt;
		&lt;td class="tabelatd1"&gt;399&lt;/td&gt;
		&lt;td class="tabelatd1"&gt;Tipo Cobranca&lt;/td&gt;
		&lt;td class="tabelatd1"&gt;10/10/2018&lt;/td&gt;
		&lt;td class="tabelatd1"&gt;110.00&lt;/td&gt;
		&lt;td class="tabelatd1"&gt;0.00&lt;/td&gt;
		&lt;td class="tabelatd1"&gt;&lt;/td&gt;
		&lt;td class="tabelatd1"&gt;Fulano de Tal (111.111.111-11)&lt;/td&gt;
		&lt;td class="tabelatd1"&gt;0F&lt;/td&gt;
		&lt;td class="tabelatd1"&gt;Patrimonial&lt;/td&gt;
&lt;th class="tabelatd1" border="1"&gt;&lt;a class="noPrint" href="?class=ControleCobranca&amp;opera=A&amp;id=399"&gt;[Alterar] &lt;/a&gt;&lt;a class="noPrint" href="?class=ControleCobranca&amp;opera=C&amp;id=399"&gt;[Consultar] &lt;/a&gt;&lt;a class="noPrint" href="?class=ControleCobranca&amp;opera=D&amp;id=399" onClick="return ConfirmaExclusao('');"&gt;[Deletar&amp;nbsp;registro] &lt;/a&gt;&lt;a class="noPrint" href="?class=BaixarParcela&amp;id=399"&gt;[Baixar&amp;nbsp;parcela] &lt;/a&gt;&lt;a class="noPrint" href="?class=ImprimirParcela&amp;id=399"&gt;[Imprimir&amp;nbsp;parcela] &lt;/a&gt;&lt;/th&gt;
	&lt;/tr&gt;
	&lt;tr&gt;
		&lt;td class="tabelatd2"&gt;434&lt;/td&gt;
		&lt;td class="tabelatd2"&gt;Tipo Cobranca&lt;/td&gt;
		&lt;td class="tabelatd2"&gt;10/10/2018&lt;/td&gt;
		&lt;td class="tabelatd2"&gt;110.00&lt;/td&gt;
		&lt;td class="tabelatd2"&gt;0.00&lt;/td&gt;
		&lt;td class="tabelatd2"&gt;&lt;/td&gt;
		&lt;td class="tabelatd2"&gt;Fulano de Tal (111.111.111-11)&lt;/td&gt;
		&lt;td class="tabelatd2"&gt;0F&lt;/td&gt;
		&lt;td class="tabelatd2"&gt;Patrimonial&lt;/td&gt;
&lt;th class="tabelatd2" border="1"&gt;&lt;a class="noPrint" href="?class=ControleCobranca&amp;opera=A&amp;id=434"&gt;[Alterar] &lt;/a&gt;&lt;a class="noPrint" href="?class=ControleCobranca&amp;opera=C&amp;id=434"&gt;[Consultar] &lt;/a&gt;&lt;a class="noPrint" href="?class=ControleCobranca&amp;opera=D&amp;id=434" onClick="return ConfirmaExclusao('');"&gt;[Deletar&amp;nbsp;registro] &lt;/a&gt;&lt;a class="noPrint" href="?class=BaixarParcela&amp;id=434"&gt;[Baixar&amp;nbsp;parcela] &lt;/a&gt;&lt;a class="noPrint" href="?class=ImprimirParcela&amp;id=434"&gt;[Imprimir&amp;nbsp;parcela] &lt;/a&gt;&lt;/th&gt;
	&lt;/tr&gt;
	&lt;tr&gt;
		&lt;td class="tabelatd1"&gt;280&lt;/td&gt;
		&lt;td class="tabelatd1"&gt;Tipo Cobranca&lt;/td&gt;
		&lt;td class="tabelatd1"&gt;10/10/2018&lt;/td&gt;
		&lt;td class="tabelatd1"&gt;110.00&lt;/td&gt;
		&lt;td class="tabelatd1"&gt;0.00&lt;/td&gt;
		&lt;td class="tabelatd1"&gt;&lt;/td&gt;
		&lt;td class="tabelatd1"&gt;Beltrano da Silva (333.333.333-33)&lt;/td&gt;
		&lt;td class="tabelatd1"&gt;0F&lt;/td&gt;
		&lt;td class="tabelatd1"&gt;Patrimonial&lt;/td&gt;
&lt;th class="tabelatd1" border="1"&gt;&lt;a class="noPrint" href="?class=ControleCobranca&amp;opera=A&amp;id=280"&gt;[Alterar] &lt;/a&gt;&lt;a class="noPrint" href="?class=ControleCobranca&amp;opera=C&amp;id=280"&gt;[Consultar] &lt;/a&gt;&lt;a class="noPrint" href="?class=ControleCobranca&amp;opera=D&amp;id=280" onClick="return ConfirmaExclusao('');"&gt;[Deletar&amp;nbsp;registro] &lt;/a&gt;&lt;a class="noPrint" href="?class=BaixarParcela&amp;id=280"&gt;[Baixar&amp;nbsp;parcela] &lt;/a&gt;&lt;a class="noPrint" href="?class=ImprimirParcela&amp;id=280"&gt;[Imprimir&amp;nbsp;parcela] &lt;/a&gt;&lt;/th&gt;
	&lt;/tr&gt;
	&lt;tr&gt;
		&lt;td class="tabelatd2"&gt;307&lt;/td&gt;
		&lt;td class="tabelatd2"&gt;Tipo Cobranca&lt;/td&gt;
		&lt;td class="tabelatd2"&gt;10/10/2018&lt;/td&gt;
		&lt;td class="tabelatd2"&gt;110.00&lt;/td&gt;
		&lt;td class="tabelatd2"&gt;0.00&lt;/td&gt;
		&lt;td class="tabelatd2"&gt;&lt;/td&gt;
		&lt;td class="tabelatd2"&gt;Beltrano da Silva (333.333.333-33)&lt;/td&gt;
		&lt;td class="tabelatd2"&gt;0F&lt;/td&gt;
		&lt;td class="tabelatd2"&gt;Patrimonial&lt;/td&gt;
&lt;th class="tabelatd2" border="1"&gt;&lt;a class="noPrint" href="?class=ControleCobranca&amp;opera=A&amp;id=307"&gt;[Alterar] &lt;/a&gt;&lt;a class="noPrint" href="?class=ControleCobranca&amp;opera=C&amp;id=307"&gt;[Consultar] &lt;/a&gt;&lt;a class="noPrint" href="?class=ControleCobranca&amp;opera=D&amp;id=307" onClick="return ConfirmaExclusao('');"&gt;[Deletar&amp;nbsp;registro] &lt;/a&gt;&lt;a class="noPrint" href="?class=BaixarParcela&amp;id=307"&gt;[Baixar&amp;nbsp;parcela] &lt;/a&gt;&lt;a class="noPrint" href="?class=ImprimirParcela&amp;id=307"&gt;[Imprimir&amp;nbsp;parcela] &lt;/a&gt;&lt;/th&gt;
	&lt;/tr&gt;
	&lt;tr&gt;
		&lt;td class="tabelatd1"&gt;336&lt;/td&gt;
		&lt;td class="tabelatd1"&gt;Tipo Cobranca&lt;/td&gt;
		&lt;td class="tabelatd1"&gt;10/10/2018&lt;/td&gt;
		&lt;td class="tabelatd1"&gt;110.00&lt;/td&gt;
		&lt;td class="tabelatd1"&gt;0.00&lt;/td&gt;
		&lt;td class="tabelatd1"&gt;&lt;/td&gt;
		&lt;td class="tabelatd1"&gt;Beltrano da Silva (333.333.333-33)&lt;/td&gt;
		&lt;td class="tabelatd1"&gt;0F&lt;/td&gt;
		&lt;td class="tabelatd1"&gt;Patrimonial&lt;/td&gt;
&lt;th class="tabelatd1" border="1"&gt;&lt;a class="noPrint" href="?class=ControleCobranca&amp;opera=A&amp;id=336"&gt;[Alterar] &lt;/a&gt;&lt;a class="noPrint" href="?class=ControleCobranca&amp;opera=C&amp;id=336"&gt;[Consultar] &lt;/a&gt;&lt;a class="noPrint" href="?class=ControleCobranca&amp;opera=D&amp;id=336" onClick="return ConfirmaExclusao('');"&gt;[Deletar&amp;nbsp;registro] &lt;/a&gt;&lt;a class="noPrint" href="?class=BaixarParcela&amp;id=336"&gt;[Baixar&amp;nbsp;parcela] &lt;/a&gt;&lt;a class="noPrint" href="?class=ImprimirParcela&amp;id=336"&gt;[Imprimir&amp;nbsp;parcela] &lt;/a&gt;&lt;/th&gt;
	&lt;/tr&gt;
	&lt;tr&gt;
		&lt;td class="tabelatd2"&gt;367&lt;/td&gt;
		&lt;td class="tabelatd2"&gt;Tipo Cobranca&lt;/td&gt;
		&lt;td class="tabelatd2"&gt;10/10/2018&lt;/td&gt;
		&lt;td class="tabelatd2"&gt;110.00&lt;/td&gt;
		&lt;td class="tabelatd2"&gt;0.00&lt;/td&gt;
		&lt;td class="tabelatd2"&gt;&lt;/td&gt;
		&lt;td class="tabelatd2"&gt;Beltrano da Silva (333.333.333-33)&lt;/td&gt;
		&lt;td class="tabelatd2"&gt;0F&lt;/td&gt;
		&lt;td class="tabelatd2"&gt;Patrimonial&lt;/td&gt;
&lt;th class="tabelatd2" border="1"&gt;&lt;a class="noPrint" href="?class=ControleCobranca&amp;opera=A&amp;id=367"&gt;[Alterar] &lt;/a&gt;&lt;a class="noPrint" href="?class=ControleCobranca&amp;opera=C&amp;id=367"&gt;[Consultar] &lt;/a&gt;&lt;a class="noPrint" href="?class=ControleCobranca&amp;opera=D&amp;id=367" onClick="return ConfirmaExclusao('');"&gt;[Deletar&amp;nbsp;registro] &lt;/a&gt;&lt;a class="noPrint" href="?class=BaixarParcela&amp;id=367"&gt;[Baixar&amp;nbsp;parcela] &lt;/a&gt;&lt;a class="noPrint" href="?class=ImprimirParcela&amp;id=367"&gt;[Imprimir&amp;nbsp;parcela] &lt;/a&gt;&lt;/th&gt;
	&lt;/tr&gt;
	&lt;tr&gt;
		&lt;td class="tabelatd1"&gt;400&lt;/td&gt;
		&lt;td class="tabelatd1"&gt;Tipo Cobranca&lt;/td&gt;
		&lt;td class="tabelatd1"&gt;10/10/2018&lt;/td&gt;
		&lt;td class="tabelatd1"&gt;110.00&lt;/td&gt;
		&lt;td class="tabelatd1"&gt;0.00&lt;/td&gt;
		&lt;td class="tabelatd1"&gt;&lt;/td&gt;
		&lt;td class="tabelatd1"&gt;Beltrano da Silva (333.333.333-33)&lt;/td&gt;
		&lt;td class="tabelatd1"&gt;0F&lt;/td&gt;
		&lt;td class="tabelatd1"&gt;Patrimonial&lt;/td&gt;
&lt;th class="tabelatd1" border="1"&gt;&lt;a class="noPrint" href="?class=ControleCobranca&amp;opera=A&amp;id=400"&gt;[Alterar] &lt;/a&gt;&lt;a class="noPrint" href="?class=ControleCobranca&amp;opera=C&amp;id=400"&gt;[Consultar] &lt;/a&gt;&lt;a class="noPrint" href="?class=ControleCobranca&amp;opera=D&amp;id=400" onClick="return ConfirmaExclusao('');"&gt;[Deletar&amp;nbsp;registro] &lt;/a&gt;&lt;a class="noPrint" href="?class=BaixarParcela&amp;id=400"&gt;[Baixar&amp;nbsp;parcela] &lt;/a&gt;&lt;a class="noPrint" href="?class=ImprimirParcela&amp;id=400"&gt;[Imprimir&amp;nbsp;parcela] &lt;/a&gt;&lt;/th&gt;
	&lt;/tr&gt;
	&lt;tr&gt;
		&lt;td class="tabelatd2"&gt;435&lt;/td&gt;
		&lt;td class="tabelatd2"&gt;Tipo Cobranca&lt;/td&gt;
		&lt;td class="tabelatd2"&gt;10/10/2018&lt;/td&gt;
		&lt;td class="tabelatd2"&gt;110.00&lt;/td&gt;
		&lt;td class="tabelatd2"&gt;0.00&lt;/td&gt;
		&lt;td class="tabelatd2"&gt;&lt;/td&gt;
		&lt;td class="tabelatd2"&gt;Beltrano da Silva (333.333.333-33)&lt;/td&gt;
		&lt;td class="tabelatd2"&gt;0F&lt;/td&gt;
		&lt;td class="tabelatd2"&gt;Patrimonial&lt;/td&gt;
&lt;th class="tabelatd2" border="1"&gt;&lt;a class="noPrint" href="?class=ControleCobranca&amp;opera=A&amp;id=435"&gt;[Alterar] &lt;/a&gt;&lt;a class="noPrint" href="?class=ControleCobranca&amp;opera=C&amp;id=435"&gt;[Consultar] &lt;/a&gt;&lt;a class="noPrint" href="?class=ControleCobranca&amp;opera=D&amp;id=435" onClick="return ConfirmaExclusao('');"&gt;[Deletar&amp;nbsp;registro] &lt;/a&gt;&lt;a class="noPrint" href="?class=BaixarParcela&amp;id=435"&gt;[Baixar&amp;nbsp;parcela] &lt;/a&gt;&lt;a class="noPrint" href="?class=ImprimirParcela&amp;id=435"&gt;[Imprimir&amp;nbsp;parcela] &lt;/a&gt;&lt;/th&gt;
	&lt;/tr&gt;
	&lt;tr&gt;
		&lt;td class="tabelatd1"&gt;2&lt;/td&gt;
		&lt;td class="tabelatd1"&gt;Tipo Cobranca&lt;/td&gt;
		&lt;td class="tabelatd1"&gt;10/10/2018&lt;/td&gt;
		&lt;td class="tabelatd1"&gt;110.00&lt;/td&gt;
		&lt;td class="tabelatd1"&gt;0.00&lt;/td&gt;
		&lt;td class="tabelatd1"&gt;&lt;/td&gt;
		&lt;td class="tabelatd1"&gt;Fulano de Tal (652.392.539-00)&lt;/td&gt;
		&lt;td class="tabelatd1"&gt;1&lt;/td&gt;
		&lt;td class="tabelatd1"&gt;Patrimonial&lt;/td&gt;
&lt;th class="tabelatd1" border="1"&gt;&lt;a class="noPrint" href="?class=ControleCobranca&amp;opera=A&amp;id=2"&gt;[Alterar] &lt;/a&gt;&lt;a class="noPrint" href="?class=ControleCobranca&amp;opera=C&amp;id=2"&gt;[Consultar] &lt;/a&gt;&lt;a class="noPrint" href="?class=ControleCobranca&amp;opera=D&amp;id=2" onClick="return ConfirmaExclusao('');"&gt;[Deletar&amp;nbsp;registro] &lt;/a&gt;&lt;a class="noPrint" href="?class=BaixarParcela&amp;id=2"&gt;[Baixar&amp;nbsp;parcela] &lt;/a&gt;&lt;a class="noPrint" href="?class=ImprimirParcela&amp;id=2"&gt;[Imprimir&amp;nbsp;parcela] &lt;/a&gt;&lt;/th&gt;
	&lt;/tr&gt;
	&lt;tr&gt;
		&lt;td class="tabelatd2"&gt;6&lt;/td&gt;
		&lt;td class="tabelatd2"&gt;Tipo Cobranca&lt;/td&gt;
		&lt;td class="tabelatd2"&gt;10/10/2018&lt;/td&gt;
		&lt;td class="tabelatd2"&gt;110.00&lt;/td&gt;
		&lt;td class="tabelatd2"&gt;0.00&lt;/td&gt;
		&lt;td class="tabelatd2"&gt;&lt;/td&gt;
		&lt;td class="tabelatd2"&gt;Fulano de Tal (652.392.539-00)&lt;/td&gt;
		&lt;td class="tabelatd2"&gt;1&lt;/td&gt;
		&lt;td class="tabelatd2"&gt;Patrimonial&lt;/td&gt;
&lt;th class="tabelatd2" border="1"&gt;&lt;a class="noPrint" href="?class=ControleCobranca&amp;opera=A&amp;id=6"&gt;[Alterar] &lt;/a&gt;&lt;a class="noPrint" href="?class=ControleCobranca&amp;opera=C&amp;id=6"&gt;[Consultar] &lt;/a&gt;&lt;a class="noPrint" href="?class=ControleCobranca&amp;opera=D&amp;id=6" onClick="return ConfirmaExclusao('');"&gt;[Deletar&amp;nbsp;registro] &lt;/a&gt;&lt;a class="noPrint" href="?class=BaixarParcela&amp;id=6"&gt;[Baixar&amp;nbsp;parcela] &lt;/a&gt;&lt;a class="noPrint" href="?class=ImprimirParcela&amp;id=6"&gt;[Imprimir&amp;nbsp;parcela] &lt;/a&gt;&lt;/th&gt;
	&lt;/tr&gt;
	&lt;tr&gt;
		&lt;td class="tabelatd1"&gt;10&lt;/td&gt;
		&lt;td class="tabelatd1"&gt;Tipo Cobranca&lt;/td&gt;
		&lt;td class="tabelatd1"&gt;10/10/2018&lt;/td&gt;
		&lt;td class="tabelatd1"&gt;110.00&lt;/td&gt;
		&lt;td class="tabelatd1"&gt;0.00&lt;/td&gt;
		&lt;td class="tabelatd1"&gt;&lt;/td&gt;
		&lt;td class="tabelatd1"&gt;Fulano de Tal (652.392.539-00)&lt;/td&gt;
		&lt;td class="tabelatd1"&gt;1&lt;/td&gt;
		&lt;td class="tabelatd1"&gt;Patrimonial&lt;/td&gt;
&lt;th class="tabelatd1" border="1"&gt;&lt;a class="noPrint" href="?class=ControleCobranca&amp;opera=A&amp;id=10"&gt;[Alterar] &lt;/a&gt;&lt;a class="noPrint" href="?class=ControleCobranca&amp;opera=C&amp;id=10"&gt;[Consultar] &lt;/a&gt;&lt;a class="noPrint" href="?class=ControleCobranca&amp;opera=D&amp;id=10" onClick="return ConfirmaExclusao('');"&gt;[Deletar&amp;nbsp;registro] &lt;/a&gt;&lt;a class="noPrint" href="?class=BaixarParcela&amp;id=10"&gt;[Baixar&amp;nbsp;parcela] &lt;/a&gt;&lt;a class="noPrint" href="?class=ImprimirParcela&amp;id=10"&gt;[Imprimir&amp;nbsp;parcela] &lt;/a&gt;&lt;/th&gt;
	&lt;/tr&gt;
	&lt;tr&gt;
		&lt;td class="tabelatd2"&gt;14&lt;/td&gt;
		&lt;td class="tabelatd2"&gt;Tipo Cobranca&lt;/td&gt;
		&lt;td class="tabelatd2"&gt;10/10/2018&lt;/td&gt;
		&lt;td class="tabelatd2"&gt;110.00&lt;/td&gt;
		&lt;td class="tabelatd2"&gt;0.00&lt;/td&gt;
		&lt;td class="tabelatd2"&gt;&lt;/td&gt;
		&lt;td class="tabelatd2"&gt;Fulano de Tal (652.392.539-00)&lt;/td&gt;
		&lt;td class="tabelatd2"&gt;1&lt;/td&gt;
		&lt;td class="tabelatd2"&gt;Patrimonial&lt;/td&gt;
&lt;th class="tabelatd2" border="1"&gt;&lt;a class="noPrint" href="?class=ControleCobranca&amp;opera=A&amp;id=14"&gt;[Alterar] &lt;/a&gt;&lt;a class="noPrint" href="?class=ControleCobranca&amp;opera=C&amp;id=14"&gt;[Consultar] &lt;/a&gt;&lt;a class="noPrint" href="?class=ControleCobranca&amp;opera=D&amp;id=14" onClick="return ConfirmaExclusao('');"&gt;[Deletar&amp;nbsp;registro] &lt;/a&gt;&lt;a class="noPrint" href="?class=BaixarParcela&amp;id=14"&gt;[Baixar&amp;nbsp;parcela] &lt;/a&gt;&lt;a class="noPrint" href="?class=ImprimirParcela&amp;id=14"&gt;[Imprimir&amp;nbsp;parcela] &lt;/a&gt;&lt;/th&gt;
	&lt;/tr&gt;
	&lt;tr&gt;
		&lt;td class="tabelatd1"&gt;18&lt;/td&gt;
		&lt;td class="tabelatd1"&gt;Tipo Cobranca&lt;/td&gt;
		&lt;td class="tabelatd1"&gt;10/10/2018&lt;/td&gt;
		&lt;td class="tabelatd1"&gt;110.00&lt;/td&gt;
		&lt;td class="tabelatd1"&gt;0.00&lt;/td&gt;
		&lt;td class="tabelatd1"&gt;&lt;/td&gt;
		&lt;td class="tabelatd1"&gt;Fulano de Tal (652.392.539-00)&lt;/td&gt;
		&lt;td class="tabelatd1"&gt;1&lt;/td&gt;
		&lt;td class="tabelatd1"&gt;Patrimonial&lt;/td&gt;
&lt;th class="tabelatd1" border="1"&gt;&lt;a class="noPrint" href="?class=ControleCobranca&amp;opera=A&amp;id=18"&gt;[Alterar] &lt;/a&gt;&lt;a class="noPrint" href="?class=ControleCobranca&amp;opera=C&amp;id=18"&gt;[Consultar] &lt;/a&gt;&lt;a class="noPrint" href="?class=ControleCobranca&amp;opera=D&amp;id=18" onClick="return ConfirmaExclusao('');"&gt;[Deletar&amp;nbsp;registro] &lt;/a&gt;&lt;a class="noPrint" href="?class=BaixarParcela&amp;id=18"&gt;[Baixar&amp;nbsp;parcela] &lt;/a&gt;&lt;a class="noPrint" href="?class=ImprimirParcela&amp;id=18"&gt;[Imprimir&amp;nbsp;parcela] &lt;/a&gt;&lt;/th&gt;
	&lt;/tr&gt;
	&lt;tr&gt;
		&lt;td class="tabelatd2"&gt;22&lt;/td&gt;
		&lt;td class="tabelatd2"&gt;Tipo Cobranca&lt;/td&gt;
		&lt;td class="tabelatd2"&gt;10/10/2018&lt;/td&gt;
		&lt;td class="tabelatd2"&gt;110.00&lt;/td&gt;
		&lt;td class="tabelatd2"&gt;0.00&lt;/td&gt;
		&lt;td class="tabelatd2"&gt;&lt;/td&gt;
		&lt;td class="tabelatd2"&gt;Fulano de Tal (652.392.539-00)&lt;/td&gt;
		&lt;td class="tabelatd2"&gt;1&lt;/td&gt;
		&lt;td class="tabelatd2"&gt;Patrimonial&lt;/td&gt;
&lt;th class="tabelatd2" border="1"&gt;&lt;a class="noPrint" href="?class=ControleCobranca&amp;opera=A&amp;id=22"&gt;[Alterar] &lt;/a&gt;&lt;a class="noPrint" href="?class=ControleCobranca&amp;opera=C&amp;id=22"&gt;[Consultar] &lt;/a&gt;&lt;a class="noPrint" href="?class=ControleCobranca&amp;opera=D&amp;id=22" onClick="return ConfirmaExclusao('');"&gt;[Deletar&amp;nbsp;registro] &lt;/a&gt;&lt;a class="noPrint" href="?class=BaixarParcela&amp;id=22"&gt;[Baixar&amp;nbsp;parcela] &lt;/a&gt;&lt;a class="noPrint" href="?class=ImprimirParcela&amp;id=22"&gt;[Imprimir&amp;nbsp;parcela] &lt;/a&gt;&lt;/th&gt;
	&lt;/tr&gt;
	&lt;tr&gt;
		&lt;td class="tabelatd1"&gt;26&lt;/td&gt;
		&lt;td class="tabelatd1"&gt;Tipo Cobranca&lt;/td&gt;
		&lt;td class="tabelatd1"&gt;10/10/2018&lt;/td&gt;
		&lt;td class="tabelatd1"&gt;110.00&lt;/td&gt;
		&lt;td class="tabelatd1"&gt;0.00&lt;/td&gt;
		&lt;td class="tabelatd1"&gt;&lt;/td&gt;
		&lt;td class="tabelatd1"&gt;Fulano de Tal (652.392.539-00)&lt;/td&gt;
		&lt;td class="tabelatd1"&gt;1&lt;/td&gt;
		&lt;td class="tabelatd1"&gt;Patrimonial&lt;/td&gt;
&lt;th class="tabelatd1" border="1"&gt;&lt;a class="noPrint" href="?class=ControleCobranca&amp;opera=A&amp;id=26"&gt;[Alterar] &lt;/a&gt;&lt;a class="noPrint" href="?class=ControleCobranca&amp;opera=C&amp;id=26"&gt;[Consultar] &lt;/a&gt;&lt;a class="noPrint" href="?class=ControleCobranca&amp;opera=D&amp;id=26" onClick="return ConfirmaExclusao('');"&gt;[Deletar&amp;nbsp;registro] &lt;/a&gt;&lt;a class="noPrint" href="?class=BaixarParcela&amp;id=26"&gt;[Baixar&amp;nbsp;parcela] &lt;/a&gt;&lt;a class="noPrint" href="?class=ImprimirParcela&amp;id=26"&gt;[Imprimir&amp;nbsp;parcela] &lt;/a&gt;&lt;/th&gt;
	&lt;/tr&gt;
	&lt;tr&gt;
		&lt;td class="tabelatd2"&gt;33&lt;/td&gt;
		&lt;td class="tabelatd2"&gt;Tipo Cobranca&lt;/td&gt;
		&lt;td class="tabelatd2"&gt;10/10/2018&lt;/td&gt;
		&lt;td class="tabelatd2"&gt;110.00&lt;/td&gt;
		&lt;td class="tabelatd2"&gt;0.00&lt;/td&gt;
		&lt;td class="tabelatd2"&gt;&lt;/td&gt;
		&lt;td class="tabelatd2"&gt;Fulano de Tal (652.392.539-00)&lt;/td&gt;
		&lt;td class="tabelatd2"&gt;1&lt;/td&gt;
		&lt;td class="tabelatd2"&gt;Patrimonial&lt;/td&gt;
&lt;th class="tabelatd2" border="1"&gt;&lt;a class="noPrint" href="?class=ControleCobranca&amp;opera=A&amp;id=33"&gt;[Alterar] &lt;/a&gt;&lt;a class="noPrint" href="?class=ControleCobranca&amp;opera=C&amp;id=33"&gt;[Consultar] &lt;/a&gt;&lt;a class="noPrint" href="?class=ControleCobranca&amp;opera=D&amp;id=33" onClick="return ConfirmaExclusao('');"&gt;[Deletar&amp;nbsp;registro] &lt;/a&gt;&lt;a class="noPrint" href="?class=BaixarParcela&amp;id=33"&gt;[Baixar&amp;nbsp;parcela] &lt;/a&gt;&lt;a class="noPrint" href="?class=ImprimirParcela&amp;id=33"&gt;[Imprimir&amp;nbsp;parcela] &lt;/a&gt;&lt;/th&gt;
	&lt;/tr&gt;
	&lt;tr&gt;
		&lt;td class="tabelatd1"&gt;41&lt;/td&gt;
		&lt;td class="tabelatd1"&gt;Tipo Cobranca&lt;/td&gt;
		&lt;td class="tabelatd1"&gt;10/10/2018&lt;/td&gt;
		&lt;td class="tabelatd1"&gt;110.00&lt;/td&gt;
		&lt;td class="tabelatd1"&gt;0.00&lt;/td&gt;
		&lt;td class="tabelatd1"&gt;&lt;/td&gt;
		&lt;td class="tabelatd1"&gt;Fulano de Tal (652.392.539-00)&lt;/td&gt;
		&lt;td class="tabelatd1"&gt;1&lt;/td&gt;
		&lt;td class="tabelatd1"&gt;Patrimonial&lt;/td&gt;
&lt;th class="tabelatd1" border="1"&gt;&lt;a class="noPrint" href="?class=ControleCobranca&amp;opera=A&amp;id=41"&gt;[Alterar] &lt;/a&gt;&lt;a class="noPrint" href="?class=ControleCobranca&amp;opera=C&amp;id=41"&gt;[Consultar] &lt;/a&gt;&lt;a class="noPrint" href="?class=ControleCobranca&amp;opera=D&amp;id=41" onClick="return ConfirmaExclusao('');"&gt;[Deletar&amp;nbsp;registro] &lt;/a&gt;&lt;a class="noPrint" href="?class=BaixarParcela&amp;id=41"&gt;[Baixar&amp;nbsp;parcela] &lt;/a&gt;&lt;a class="noPrint" href="?class=ImprimirParcela&amp;id=41"&gt;[Imprimir&amp;nbsp;parcela] &lt;/a&gt;&lt;/th&gt;
	&lt;/tr&gt;
	&lt;tr&gt;
		&lt;td class="tabelatd2"&gt;52&lt;/td&gt;
		&lt;td class="tabelatd2"&gt;Tipo Cobranca&lt;/td&gt;
		&lt;td class="tabelatd2"&gt;10/10/2018&lt;/td&gt;
		&lt;td class="tabelatd2"&gt;110.00&lt;/td&gt;
		&lt;td class="tabelatd2"&gt;0.00&lt;/td&gt;
		&lt;td class="tabelatd2"&gt;&lt;/td&gt;
		&lt;td class="tabelatd2"&gt;Fulano de Tal (652.392.539-00)&lt;/td&gt;
		&lt;td class="tabelatd2"&gt;1&lt;/td&gt;
		&lt;td class="tabelatd2"&gt;Patrimonial&lt;/td&gt;
&lt;th class="tabelatd2" border="1"&gt;&lt;a class="noPrint" href="?class=ControleCobranca&amp;opera=A&amp;id=52"&gt;[Alterar] &lt;/a&gt;&lt;a class="noPrint" href="?class=ControleCobranca&amp;opera=C&amp;id=52"&gt;[Consultar] &lt;/a&gt;&lt;a class="noPrint" href="?class=ControleCobranca&amp;opera=D&amp;id=52" onClick="return ConfirmaExclusao('');"&gt;[Deletar&amp;nbsp;registro] &lt;/a&gt;&lt;a class="noPrint" href="?class=BaixarParcela&amp;id=52"&gt;[Baixar&amp;nbsp;parcela] &lt;/a&gt;&lt;a class="noPrint" href="?class=ImprimirParcela&amp;id=52"&gt;[Imprimir&amp;nbsp;parcela] &lt;/a&gt;&lt;/th&gt;
	&lt;/tr&gt;
	&lt;tr&gt;
		&lt;td class="tabelatd1"&gt;65&lt;/td&gt;
		&lt;td class="tabelatd1"&gt;Tipo Cobranca&lt;/td&gt;
		&lt;td class="tabelatd1"&gt;10/10/2018&lt;/td&gt;
		&lt;td class="tabelatd1"&gt;110.00&lt;/td&gt;
		&lt;td class="tabelatd1"&gt;0.00&lt;/td&gt;
		&lt;td class="tabelatd1"&gt;&lt;/td&gt;
		&lt;td class="tabelatd1"&gt;Fulano de Tal (652.392.539-00)&lt;/td&gt;
		&lt;td class="tabelatd1"&gt;1&lt;/td&gt;
		&lt;td class="tabelatd1"&gt;Patrimonial&lt;/td&gt;
&lt;th class="tabelatd1" border="1"&gt;&lt;a class="noPrint" href="?class=ControleCobranca&amp;opera=A&amp;id=65"&gt;[Alterar] &lt;/a&gt;&lt;a class="noPrint" href="?class=ControleCobranca&amp;opera=C&amp;id=65"&gt;[Consultar] &lt;/a&gt;&lt;a class="noPrint" href="?class=ControleCobranca&amp;opera=D&amp;id=65" onClick="return ConfirmaExclusao('');"&gt;[Deletar&amp;nbsp;registro] &lt;/a&gt;&lt;a class="noPrint" href="?class=BaixarParcela&amp;id=65"&gt;[Baixar&amp;nbsp;parcela] &lt;/a&gt;&lt;a class="noPrint" href="?class=ImprimirParcela&amp;id=65"&gt;[Imprimir&amp;nbsp;parcela] &lt;/a&gt;&lt;/th&gt;
	&lt;/tr&gt;
	&lt;tr&gt;
		&lt;td class="tabelatd2"&gt;80&lt;/td&gt;
		&lt;td class="tabelatd2"&gt;Tipo Cobranca&lt;/td&gt;
		&lt;td class="tabelatd2"&gt;10/10/2018&lt;/td&gt;
		&lt;td class="tabelatd2"&gt;110.00&lt;/td&gt;
		&lt;td class="tabelatd2"&gt;0.00&lt;/td&gt;
		&lt;td class="tabelatd2"&gt;&lt;/td&gt;
		&lt;td class="tabelatd2"&gt;Fulano de Tal (652.392.539-00)&lt;/td&gt;
		&lt;td class="tabelatd2"&gt;1&lt;/td&gt;
		&lt;td class="tabelatd2"&gt;Patrimonial&lt;/td&gt;
&lt;th class="tabelatd2" border="1"&gt;&lt;a class="noPrint" href="?class=ControleCobranca&amp;opera=A&amp;id=80"&gt;[Alterar] &lt;/a&gt;&lt;a class="noPrint" href="?class=ControleCobranca&amp;opera=C&amp;id=80"&gt;[Consultar] &lt;/a&gt;&lt;a class="noPrint" href="?class=ControleCobranca&amp;opera=D&amp;id=80" onClick="return ConfirmaExclusao('');"&gt;[Deletar&amp;nbsp;registro] &lt;/a&gt;&lt;a class="noPrint" href="?class=BaixarParcela&amp;id=80"&gt;[Baixar&amp;nbsp;parcela] &lt;/a&gt;&lt;a class="noPrint" href="?class=ImprimirParcela&amp;id=80"&gt;[Imprimir&amp;nbsp;parcela] &lt;/a&gt;&lt;/th&gt;
	&lt;/tr&gt;
	&lt;tr&gt;
		&lt;td class="tabelatd1"&gt;96&lt;/td&gt;
		&lt;td class="tabelatd1"&gt;Tipo Cobranca&lt;/td&gt;
		&lt;td class="tabelatd1"&gt;10/10/2018&lt;/td&gt;
		&lt;td class="tabelatd1"&gt;110.00&lt;/td&gt;
		&lt;td class="tabelatd1"&gt;0.00&lt;/td&gt;
		&lt;td class="tabelatd1"&gt;&lt;/td&gt;
		&lt;td class="tabelatd1"&gt;Fulano de Tal (652.392.539-00)&lt;/td&gt;
		&lt;td class="tabelatd1"&gt;1&lt;/td&gt;
		&lt;td class="tabelatd1"&gt;Patrimonial&lt;/td&gt;
&lt;th class="tabelatd1" border="1"&gt;&lt;a class="noPrint" href="?class=ControleCobranca&amp;opera=A&amp;id=96"&gt;[Alterar] &lt;/a&gt;&lt;a class="noPrint" href="?class=ControleCobranca&amp;opera=C&amp;id=96"&gt;[Consultar] &lt;/a&gt;&lt;a class="noPrint" href="?class=ControleCobranca&amp;opera=D&amp;id=96" onClick="return ConfirmaExclusao('');"&gt;[Deletar&amp;nbsp;registro] &lt;/a&gt;&lt;a class="noPrint" href="?class=BaixarParcela&amp;id=96"&gt;[Baixar&amp;nbsp;parcela] &lt;/a&gt;&lt;a class="noPrint" href="?class=ImprimirParcela&amp;id=96"&gt;[Imprimir&amp;nbsp;parcela] &lt;/a&gt;&lt;/th&gt;
	&lt;/tr&gt;
	&lt;tr&gt;
		&lt;td class="tabelatd2"&gt;123&lt;/td&gt;
		&lt;td class="tabelatd2"&gt;Tipo Cobranca&lt;/td&gt;
		&lt;td class="tabelatd2"&gt;10/10/2018&lt;/td&gt;
		&lt;td class="tabelatd2"&gt;110.00&lt;/td&gt;
		&lt;td class="tabelatd2"&gt;0.00&lt;/td&gt;
		&lt;td class="tabelatd2"&gt;&lt;/td&gt;
		&lt;td class="tabelatd2"&gt;Fulano de Tal (652.392.539-00)&lt;/td&gt;
		&lt;td class="tabelatd2"&gt;1&lt;/td&gt;
		&lt;td class="tabelatd2"&gt;Patrimonial&lt;/td&gt;
&lt;th class="tabelatd2" border="1"&gt;&lt;a class="noPrint" href="?class=ControleCobranca&amp;opera=A&amp;id=123"&gt;[Alterar] &lt;/a&gt;&lt;a class="noPrint" href="?class=ControleCobranca&amp;opera=C&amp;id=123"&gt;[Consultar] &lt;/a&gt;&lt;a class="noPrint" href="?class=ControleCobranca&amp;opera=D&amp;id=123" onClick="return ConfirmaExclusao('');"&gt;[Deletar&amp;nbsp;registro] &lt;/a&gt;&lt;a class="noPrint" href="?class=BaixarParcela&amp;id=123"&gt;[Baixar&amp;nbsp;parcela] &lt;/a&gt;&lt;a class="noPrint" href="?class=ImprimirParcela&amp;id=123"&gt;[Imprimir&amp;nbsp;parcela] &lt;/a&gt;&lt;/th&gt;
	&lt;/tr&gt;
	&lt;tr&gt;
		&lt;td class="tabelatd1"&gt;147&lt;/td&gt;
		&lt;td class="tabelatd1"&gt;Tipo Cobranca&lt;/td&gt;
		&lt;td class="tabelatd1"&gt;10/10/2018&lt;/td&gt;
		&lt;td class="tabelatd1"&gt;110.00&lt;/td&gt;
		&lt;td class="tabelatd1"&gt;0.00&lt;/td&gt;
		&lt;td class="tabelatd1"&gt;&lt;/td&gt;
		&lt;td class="tabelatd1"&gt;Fulano de Tal (652.392.539-00)&lt;/td&gt;
		&lt;td class="tabelatd1"&gt;1&lt;/td&gt;
		&lt;td class="tabelatd1"&gt;Patrimonial&lt;/td&gt;
&lt;th class="tabelatd1" border="1"&gt;&lt;a class="noPrint" href="?class=ControleCobranca&amp;opera=A&amp;id=147"&gt;[Alterar] &lt;/a&gt;&lt;a class="noPrint" href="?class=ControleCobranca&amp;opera=C&amp;id=147"&gt;[Consultar] &lt;/a&gt;&lt;a class="noPrint" href="?class=ControleCobranca&amp;opera=D&amp;id=147" onClick="return ConfirmaExclusao('');"&gt;[Deletar&amp;nbsp;registro] &lt;/a&gt;&lt;a class="noPrint" href="?class=BaixarParcela&amp;id=147"&gt;[Baixar&amp;nbsp;parcela] &lt;/a&gt;&lt;a class="noPrint" href="?class=ImprimirParcela&amp;id=147"&gt;[Imprimir&amp;nbsp;parcela] &lt;/a&gt;&lt;/th&gt;
	&lt;/tr&gt;
	&lt;tr&gt;
		&lt;td class="tabelatd2"&gt;167&lt;/td&gt;
		&lt;td class="tabelatd2"&gt;Tipo Cobranca&lt;/td&gt;
		&lt;td class="tabelatd2"&gt;10/10/2018&lt;/td&gt;
		&lt;td class="tabelatd2"&gt;110.00&lt;/td&gt;
		&lt;td class="tabelatd2"&gt;0.00&lt;/td&gt;
		&lt;td class="tabelatd2"&gt;&lt;/td&gt;
		&lt;td class="tabelatd2"&gt;Fulano de Tal (652.392.539-00)&lt;/td&gt;
		&lt;td class="tabelatd2"&gt;1&lt;/td&gt;
		&lt;td class="tabelatd2"&gt;Patrimonial&lt;/td&gt;
&lt;th class="tabelatd2" border="1"&gt;&lt;a class="noPrint" href="?class=ControleCobranca&amp;opera=A&amp;id=167"&gt;[Alterar] &lt;/a&gt;&lt;a class="noPrint" href="?class=ControleCobranca&amp;opera=C&amp;id=167"&gt;[Consultar] &lt;/a&gt;&lt;a class="noPrint" href="?class=ControleCobranca&amp;opera=D&amp;id=167" onClick="return ConfirmaExclusao('');"&gt;[Deletar&amp;nbsp;registro] &lt;/a&gt;&lt;a class="noPrint" href="?class=BaixarParcela&amp;id=167"&gt;[Baixar&amp;nbsp;parcela] &lt;/a&gt;&lt;a class="noPrint" href="?class=ImprimirParcela&amp;id=167"&gt;[Imprimir&amp;nbsp;parcela] &lt;/a&gt;&lt;/th&gt;
	&lt;/tr&gt;
	&lt;tr&gt;
		&lt;td class="tabelatd1"&gt;187&lt;/td&gt;
		&lt;td class="tabelatd1"&gt;Tipo Cobranca&lt;/td&gt;
		&lt;td class="tabelatd1"&gt;10/10/2018&lt;/td&gt;
		&lt;td class="tabelatd1"&gt;110.00&lt;/td&gt;
		&lt;td class="tabelatd1"&gt;0.00&lt;/td&gt;
		&lt;td class="tabelatd1"&gt;&lt;/td&gt;
		&lt;td class="tabelatd1"&gt;Fulano de Tal (652.392.539-00)&lt;/td&gt;
		&lt;td class="tabelatd1"&gt;1&lt;/td&gt;
		&lt;td class="tabelatd1"&gt;Patrimonial&lt;/td&gt;
&lt;th class="tabelatd1" border="1"&gt;&lt;a class="noPrint" href="?class=ControleCobranca&amp;opera=A&amp;id=187"&gt;[Alterar] &lt;/a&gt;&lt;a class="noPrint" href="?class=ControleCobranca&amp;opera=C&amp;id=187"&gt;[Consultar] &lt;/a&gt;&lt;a class="noPrint" href="?class=ControleCobranca&amp;opera=D&amp;id=187" onClick="return ConfirmaExclusao('');"&gt;[Deletar&amp;nbsp;registro] &lt;/a&gt;&lt;a class="noPrint" href="?class=BaixarParcela&amp;id=187"&gt;[Baixar&amp;nbsp;parcela] &lt;/a&gt;&lt;a class="noPrint" href="?class=ImprimirParcela&amp;id=187"&gt;[Imprimir&amp;nbsp;parcela] &lt;/a&gt;&lt;/th&gt;
	&lt;/tr&gt;
	&lt;tr&gt;
		&lt;td class="tabelatd2"&gt;207&lt;/td&gt;
		&lt;td class="tabelatd2"&gt;Tipo Cobranca&lt;/td&gt;
		&lt;td class="tabelatd2"&gt;10/10/2018&lt;/td&gt;
		&lt;td class="tabelatd2"&gt;110.00&lt;/td&gt;
		&lt;td class="tabelatd2"&gt;0.00&lt;/td&gt;
		&lt;td class="tabelatd2"&gt;&lt;/td&gt;
		&lt;td class="tabelatd2"&gt;Fulano de Tal (652.392.539-00)&lt;/td&gt;
		&lt;td class="tabelatd2"&gt;1&lt;/td&gt;
		&lt;td class="tabelatd2"&gt;Patrimonial&lt;/td&gt;
&lt;th class="tabelatd2" border="1"&gt;&lt;a class="noPrint" href="?class=ControleCobranca&amp;opera=A&amp;id=207"&gt;[Alterar] &lt;/a&gt;&lt;a class="noPrint" href="?class=ControleCobranca&amp;opera=C&amp;id=207"&gt;[Consultar] &lt;/a&gt;&lt;a class="noPrint" href="?class=ControleCobranca&amp;opera=D&amp;id=207" onClick="return ConfirmaExclusao('');"&gt;[Deletar&amp;nbsp;registro] &lt;/a&gt;&lt;a class="noPrint" href="?class=BaixarParcela&amp;id=207"&gt;[Baixar&amp;nbsp;parcela] &lt;/a&gt;&lt;a class="noPrint" href="?class=ImprimirParcela&amp;id=207"&gt;[Imprimir&amp;nbsp;parcela] &lt;/a&gt;&lt;/th&gt;
	&lt;/tr&gt;
	&lt;tr&gt;
		&lt;td class="tabelatd1"&gt;230&lt;/td&gt;
		&lt;td class="tabelatd1"&gt;Tipo Cobranca&lt;/td&gt;
		&lt;td class="tabelatd1"&gt;10/10/2018&lt;/td&gt;
		&lt;td class="tabelatd1"&gt;110.00&lt;/td&gt;
		&lt;td class="tabelatd1"&gt;0.00&lt;/td&gt;
		&lt;td class="tabelatd1"&gt;&lt;/td&gt;
		&lt;td class="tabelatd1"&gt;Fulano de Tal (652.392.539-00)&lt;/td&gt;
		&lt;td class="tabelatd1"&gt;1&lt;/td&gt;
		&lt;td class="tabelatd1"&gt;Patrimonial&lt;/td&gt;
&lt;th class="tabelatd1" border="1"&gt;&lt;a class="noPrint" href="?class=ControleCobranca&amp;opera=A&amp;id=230"&gt;[Alterar] &lt;/a&gt;&lt;a class="noPrint" href="?class=ControleCobranca&amp;opera=C&amp;id=230"&gt;[Consultar] &lt;/a&gt;&lt;a class="noPrint" href="?class=ControleCobranca&amp;opera=D&amp;id=230" onClick="return ConfirmaExclusao('');"&gt;[Deletar&amp;nbsp;registro] &lt;/a&gt;&lt;a class="noPrint" href="?class=BaixarParcela&amp;id=230"&gt;[Baixar&amp;nbsp;parcela] &lt;/a&gt;&lt;a class="noPrint" href="?class=ImprimirParcela&amp;id=230"&gt;[Imprimir&amp;nbsp;parcela] &lt;/a&gt;&lt;/th&gt;
	&lt;/tr&gt;
	&lt;tr&gt;
		&lt;td class="tabelatd2"&gt;253&lt;/td&gt;
		&lt;td class="tabelatd2"&gt;Tipo Cobranca&lt;/td&gt;
		&lt;td class="tabelatd2"&gt;10/10/2018&lt;/td&gt;
		&lt;td class="tabelatd2"&gt;110.00&lt;/td&gt;
		&lt;td class="tabelatd2"&gt;0.00&lt;/td&gt;
		&lt;td class="tabelatd2"&gt;&lt;/td&gt;
		&lt;td class="tabelatd2"&gt;Fulano de Tal (652.392.539-00)&lt;/td&gt;
		&lt;td class="tabelatd2"&gt;1&lt;/td&gt;
		&lt;td class="tabelatd2"&gt;Patrimonial&lt;/td&gt;
&lt;th class="tabelatd2" border="1"&gt;&lt;a class="noPrint" href="?class=ControleCobranca&amp;opera=A&amp;id=253"&gt;[Alterar] &lt;/a&gt;&lt;a class="noPrint" href="?class=ControleCobranca&amp;opera=C&amp;id=253"&gt;[Consultar] &lt;/a&gt;&lt;a class="noPrint" href="?class=ControleCobranca&amp;opera=D&amp;id=253" onClick="return ConfirmaExclusao('');"&gt;[Deletar&amp;nbsp;registro] &lt;/a&gt;&lt;a class="noPrint" href="?class=BaixarParcela&amp;id=253"&gt;[Baixar&amp;nbsp;parcela] &lt;/a&gt;&lt;a class="noPrint" href="?class=ImprimirParcela&amp;id=253"&gt;[Imprimir&amp;nbsp;parcela] &lt;/a&gt;&lt;/th&gt;
	&lt;/tr&gt;
	&lt;tr&gt;
		&lt;td class="tabelatd1"&gt;40&lt;/td&gt;
		&lt;td class="tabelatd1"&gt;Tipo Cobranca&lt;/td&gt;
		&lt;td class="tabelatd1"&gt;10/10/2018&lt;/td&gt;
		&lt;td class="tabelatd1"&gt;100.00&lt;/td&gt;
		&lt;td class="tabelatd1"&gt;100.00&lt;/td&gt;
		&lt;td class="tabelatd1"&gt;&lt;/td&gt;
		&lt;td class="tabelatd1"&gt;Fulano de Tal (652.392.539-00)&lt;/td&gt;
		&lt;td class="tabelatd1"&gt;1&lt;/td&gt;
		&lt;td class="tabelatd1"&gt;Patrimonial&lt;/td&gt;
&lt;th class="tabelatd1" border="1"&gt;&lt;a class="noPrint" href="?class=ControleCobranca&amp;opera=A&amp;id=40"&gt;[Alterar] &lt;/a&gt;&lt;a class="noPrint" href="?class=ControleCobranca&amp;opera=C&amp;id=40"&gt;[Consultar] &lt;/a&gt;&lt;a class="noPrint" href="?class=ControleCobranca&amp;opera=D&amp;id=40" onClick="return ConfirmaExclusao('');"&gt;[Deletar&amp;nbsp;registro] &lt;/a&gt;&lt;a class="noPrint" href="?class=BaixarParcela&amp;id=40"&gt;[Baixar&amp;nbsp;parcela] &lt;/a&gt;&lt;a class="noPrint" href="?class=ImprimirParcela&amp;id=40"&gt;[Imprimir&amp;nbsp;parcela] &lt;/a&gt;&lt;/th&gt;
	&lt;/tr&gt;
	&lt;tr&gt;
		&lt;td class="tabelatd2"&gt;51&lt;/td&gt;
		&lt;td class="tabelatd2"&gt;Tipo Cobranca&lt;/td&gt;
		&lt;td class="tabelatd2"&gt;10/10/2018&lt;/td&gt;
		&lt;td class="tabelatd2"&gt;100.00&lt;/td&gt;
		&lt;td class="tabelatd2"&gt;100.00&lt;/td&gt;
		&lt;td class="tabelatd2"&gt;&lt;/td&gt;
		&lt;td class="tabelatd2"&gt;Fulano de Tal (652.392.539-00)&lt;/td&gt;
		&lt;td class="tabelatd2"&gt;1&lt;/td&gt;
		&lt;td class="tabelatd2"&gt;Patrimonial&lt;/td&gt;
&lt;th class="tabelatd2" border="1"&gt;&lt;a class="noPrint" href="?class=ControleCobranca&amp;opera=A&amp;id=51"&gt;[Alterar] &lt;/a&gt;&lt;a class="noPrint" href="?class=ControleCobranca&amp;opera=C&amp;id=51"&gt;[Consultar] &lt;/a&gt;&lt;a class="noPrint" href="?class=ControleCobranca&amp;opera=D&amp;id=51" onClick="return ConfirmaExclusao('');"&gt;[Deletar&amp;nbsp;registro] &lt;/a&gt;&lt;a class="noPrint" href="?class=BaixarParcela&amp;id=51"&gt;[Baixar&amp;nbsp;parcela] &lt;/a&gt;&lt;a class="noPrint" href="?class=ImprimirParcela&amp;id=51"&gt;[Imprimir&amp;nbsp;parcela] &lt;/a&gt;&lt;/th&gt;
	&lt;/tr&gt;
	&lt;tr&gt;
		&lt;td class="tabelatd1"&gt;64&lt;/td&gt;
		&lt;td class="tabelatd1"&gt;Tipo Cobranca&lt;/td&gt;
		&lt;td class="tabelatd1"&gt;10/10/2018&lt;/td&gt;
		&lt;td class="tabelatd1"&gt;100.00&lt;/td&gt;
		&lt;td class="tabelatd1"&gt;100.00&lt;/td&gt;
		&lt;td class="tabelatd1"&gt;&lt;/td&gt;
		&lt;td class="tabelatd1"&gt;Fulano de Tal (652.392.539-00)&lt;/td&gt;
		&lt;td class="tabelatd1"&gt;1&lt;/td&gt;
		&lt;td class="tabelatd1"&gt;Patrimonial&lt;/td&gt;
&lt;th class="tabelatd1" border="1"&gt;&lt;a class="noPrint" href="?class=ControleCobranca&amp;opera=A&amp;id=64"&gt;[Alterar] &lt;/a&gt;&lt;a class="noPrint" href="?class=ControleCobranca&amp;opera=C&amp;id=64"&gt;[Consultar] &lt;/a&gt;&lt;a class="noPrint" href="?class=ControleCobranca&amp;opera=D&amp;id=64" onClick="return ConfirmaExclusao('');"&gt;[Deletar&amp;nbsp;registro] &lt;/a&gt;&lt;a class="noPrint" href="?class=BaixarParcela&amp;id=64"&gt;[Baixar&amp;nbsp;parcela] &lt;/a&gt;&lt;a class="noPrint" href="?class=ImprimirParcela&amp;id=64"&gt;[Imprimir&amp;nbsp;parcela] &lt;/a&gt;&lt;/th&gt;
	&lt;/tr&gt;
	&lt;tr&gt;
		&lt;td class="tabelatd2"&gt;79&lt;/td&gt;
		&lt;td class="tabelatd2"&gt;Tipo Cobranca&lt;/td&gt;
		&lt;td class="tabelatd2"&gt;10/10/2018&lt;/td&gt;
		&lt;td class="tabelatd2"&gt;100.00&lt;/td&gt;
		&lt;td class="tabelatd2"&gt;100.00&lt;/td&gt;
		&lt;td class="tabelatd2"&gt;&lt;/td&gt;
		&lt;td class="tabelatd2"&gt;Fulano de Tal (652.392.539-00)&lt;/td&gt;
		&lt;td class="tabelatd2"&gt;1&lt;/td&gt;
		&lt;td class="tabelatd2"&gt;Patrimonial&lt;/td&gt;
&lt;th class="tabelatd2" border="1"&gt;&lt;a class="noPrint" href="?class=ControleCobranca&amp;opera=A&amp;id=79"&gt;[Alterar] &lt;/a&gt;&lt;a class="noPrint" href="?class=ControleCobranca&amp;opera=C&amp;id=79"&gt;[Consultar] &lt;/a&gt;&lt;a class="noPrint" href="?class=ControleCobranca&amp;opera=D&amp;id=79" onClick="return ConfirmaExclusao('');"&gt;[Deletar&amp;nbsp;registro] &lt;/a&gt;&lt;a class="noPrint" href="?class=BaixarParcela&amp;id=79"&gt;[Baixar&amp;nbsp;parcela] &lt;/a&gt;&lt;a class="noPrint" href="?class=ImprimirParcela&amp;id=79"&gt;[Imprimir&amp;nbsp;parcela] &lt;/a&gt;&lt;/th&gt;
	&lt;/tr&gt;
	&lt;tr&gt;
		&lt;td class="tabelatd1"&gt;112&lt;/td&gt;
		&lt;td class="tabelatd1"&gt;Tipo Cobranca&lt;/td&gt;
		&lt;td class="tabelatd1"&gt;10/10/2018&lt;/td&gt;
		&lt;td class="tabelatd1"&gt;100.00&lt;/td&gt;
		&lt;td class="tabelatd1"&gt;100.00&lt;/td&gt;
		&lt;td class="tabelatd1"&gt;&lt;/td&gt;
		&lt;td class="tabelatd1"&gt;Fulano de Tal (652.392.539-00)&lt;/td&gt;
		&lt;td class="tabelatd1"&gt;1&lt;/td&gt;
		&lt;td class="tabelatd1"&gt;Patrimonial&lt;/td&gt;
&lt;th class="tabelatd1" border="1"&gt;&lt;a class="noPrint" href="?class=ControleCobranca&amp;opera=A&amp;id=112"&gt;[Alterar] &lt;/a&gt;&lt;a class="noPrint" href="?class=ControleCobranca&amp;opera=C&amp;id=112"&gt;[Consultar] &lt;/a&gt;&lt;a class="noPrint" href="?class=ControleCobranca&amp;opera=D&amp;id=112" onClick="return ConfirmaExclusao('');"&gt;[Deletar&amp;nbsp;registro] &lt;/a&gt;&lt;a class="noPrint" href="?class=BaixarParcela&amp;id=112"&gt;[Baixar&amp;nbsp;parcela] &lt;/a&gt;&lt;a class="noPrint" href="?class=ImprimirParcela&amp;id=112"&gt;[Imprimir&amp;nbsp;parcela] &lt;/a&gt;&lt;/th&gt;
	&lt;/tr&gt;
	&lt;tr&gt;
		&lt;td class="tabelatd2"&gt;113&lt;/td&gt;
		&lt;td class="tabelatd2"&gt;Tipo Cobranca&lt;/td&gt;
		&lt;td class="tabelatd2"&gt;10/10/2018&lt;/td&gt;
		&lt;td class="tabelatd2"&gt;100.00&lt;/td&gt;
		&lt;td class="tabelatd2"&gt;100.00&lt;/td&gt;
		&lt;td class="tabelatd2"&gt;&lt;/td&gt;
		&lt;td class="tabelatd2"&gt;Fulano de Tal (652.392.539-00)&lt;/td&gt;
		&lt;td class="tabelatd2"&gt;1&lt;/td&gt;
		&lt;td class="tabelatd2"&gt;Patrimonial&lt;/td&gt;
&lt;th class="tabelatd2" border="1"&gt;&lt;a class="noPrint" href="?class=ControleCobranca&amp;opera=A&amp;id=113"&gt;[Alterar] &lt;/a&gt;&lt;a class="noPrint" href="?class=ControleCobranca&amp;opera=C&amp;id=113"&gt;[Consultar] &lt;/a&gt;&lt;a class="noPrint" href="?class=ControleCobranca&amp;opera=D&amp;id=113" onClick="return ConfirmaExclusao('');"&gt;[Deletar&amp;nbsp;registro] &lt;/a&gt;&lt;a class="noPrint" href="?class=BaixarParcela&amp;id=113"&gt;[Baixar&amp;nbsp;parcela] &lt;/a&gt;&lt;a class="noPrint" href="?class=ImprimirParcela&amp;id=113"&gt;[Imprimir&amp;nbsp;parcela] &lt;/a&gt;&lt;/th&gt;
	&lt;/tr&gt;
	&lt;tr&gt;
		&lt;td class="tabelatd1"&gt;114&lt;/td&gt;
		&lt;td class="tabelatd1"&gt;Tipo Cobranca&lt;/td&gt;
		&lt;td class="tabelatd1"&gt;10/10/2018&lt;/td&gt;
		&lt;td class="tabelatd1"&gt;100.00&lt;/td&gt;
		&lt;td class="tabelatd1"&gt;100.00&lt;/td&gt;
		&lt;td class="tabelatd1"&gt;&lt;/td&gt;
		&lt;td class="tabelatd1"&gt;Fulano de Tal (652.392.539-00)&lt;/td&gt;
		&lt;td class="tabelatd1"&gt;1&lt;/td&gt;
		&lt;td class="tabelatd1"&gt;Patrimonial&lt;/td&gt;
&lt;th class="tabelatd1" border="1"&gt;&lt;a class="noPrint" href="?class=ControleCobranca&amp;opera=A&amp;id=114"&gt;[Alterar] &lt;/a&gt;&lt;a class="noPrint" href="?class=ControleCobranca&amp;opera=C&amp;id=114"&gt;[Consultar] &lt;/a&gt;&lt;a class="noPrint" href="?class=ControleCobranca&amp;opera=D&amp;id=114" onClick="return ConfirmaExclusao('');"&gt;[Deletar&amp;nbsp;registro] &lt;/a&gt;&lt;a class="noPrint" href="?class=BaixarParcela&amp;id=114"&gt;[Baixar&amp;nbsp;parcela] &lt;/a&gt;&lt;a class="noPrint" href="?class=ImprimirParcela&amp;id=114"&gt;[Imprimir&amp;nbsp;parcela] &lt;/a&gt;&lt;/th&gt;
	&lt;/tr&gt;
	&lt;tr&gt;
		&lt;td class="tabelatd2"&gt;115&lt;/td&gt;
		&lt;td class="tabelatd2"&gt;Tipo Cobranca&lt;/td&gt;
		&lt;td class="tabelatd2"&gt;10/10/2018&lt;/td&gt;
		&lt;td class="tabelatd2"&gt;100.00&lt;/td&gt;
		&lt;td class="tabelatd2"&gt;100.00&lt;/td&gt;
		&lt;td class="tabelatd2"&gt;&lt;/td&gt;
		&lt;td class="tabelatd2"&gt;Fulano de Tal (652.392.539-00)&lt;/td&gt;
		&lt;td class="tabelatd2"&gt;1&lt;/td&gt;
		&lt;td class="tabelatd2"&gt;Patrimonial&lt;/td&gt;
&lt;th class="tabelatd2" border="1"&gt;&lt;a class="noPrint" href="?class=ControleCobranca&amp;opera=A&amp;id=115"&gt;[Alterar] &lt;/a&gt;&lt;a class="noPrint" href="?class=ControleCobranca&amp;opera=C&amp;id=115"&gt;[Consultar] &lt;/a&gt;&lt;a class="noPrint" href="?class=ControleCobranca&amp;opera=D&amp;id=115" onClick="return ConfirmaExclusao('');"&gt;[Deletar&amp;nbsp;registro] &lt;/a&gt;&lt;a class="noPrint" href="?class=BaixarParcela&amp;id=115"&gt;[Baixar&amp;nbsp;parcela] &lt;/a&gt;&lt;a class="noPrint" href="?class=ImprimirParcela&amp;id=115"&gt;[Imprimir&amp;nbsp;parcela] &lt;/a&gt;&lt;/th&gt;
	&lt;/tr&gt;
	&lt;tr&gt;
		&lt;td class="tabelatd1"&gt;116&lt;/td&gt;
		&lt;td class="tabelatd1"&gt;Tipo Cobranca&lt;/td&gt;
		&lt;td class="tabelatd1"&gt;10/10/2018&lt;/td&gt;
		&lt;td class="tabelatd1"&gt;100.00&lt;/td&gt;
		&lt;td class="tabelatd1"&gt;100.00&lt;/td&gt;
		&lt;td class="tabelatd1"&gt;&lt;/td&gt;
		&lt;td class="tabelatd1"&gt;Fulano de Tal (652.392.539-00)&lt;/td&gt;
		&lt;td class="tabelatd1"&gt;1&lt;/td&gt;
		&lt;td class="tabelatd1"&gt;Patrimonial&lt;/td&gt;
&lt;th class="tabelatd1" border="1"&gt;&lt;a class="noPrint" href="?class=ControleCobranca&amp;opera=A&amp;id=116"&gt;[Alterar] &lt;/a&gt;&lt;a class="noPrint" href="?class=ControleCobranca&amp;opera=C&amp;id=116"&gt;[Consultar] &lt;/a&gt;&lt;a class="noPrint" href="?class=ControleCobranca&amp;opera=D&amp;id=116" onClick="return ConfirmaExclusao('');"&gt;[Deletar&amp;nbsp;registro] &lt;/a&gt;&lt;a class="noPrint" href="?class=BaixarParcela&amp;id=116"&gt;[Baixar&amp;nbsp;parcela] &lt;/a&gt;&lt;a class="noPrint" href="?class=ImprimirParcela&amp;id=116"&gt;[Imprimir&amp;nbsp;parcela] &lt;/a&gt;&lt;/th&gt;
	&lt;/tr&gt;
	&lt;tr&gt;
		&lt;td class="tabelatd2"&gt;117&lt;/td&gt;
		&lt;td class="tabelatd2"&gt;Tipo Cobranca&lt;/td&gt;
		&lt;td class="tabelatd2"&gt;10/10/2018&lt;/td&gt;
		&lt;td class="tabelatd2"&gt;100.00&lt;/td&gt;
		&lt;td class="tabelatd2"&gt;100.00&lt;/td&gt;
		&lt;td class="tabelatd2"&gt;&lt;/td&gt;
		&lt;td class="tabelatd2"&gt;Fulano de Tal (652.392.539-00)&lt;/td&gt;
		&lt;td class="tabelatd2"&gt;1&lt;/td&gt;
		&lt;td class="tabelatd2"&gt;Patrimonial&lt;/td&gt;
&lt;th class="tabelatd2" border="1"&gt;&lt;a class="noPrint" href="?class=ControleCobranca&amp;opera=A&amp;id=117"&gt;[Alterar] &lt;/a&gt;&lt;a class="noPrint" href="?class=ControleCobranca&amp;opera=C&amp;id=117"&gt;[Consultar] &lt;/a&gt;&lt;a class="noPrint" href="?class=ControleCobranca&amp;opera=D&amp;id=117" onClick="return ConfirmaExclusao('');"&gt;[Deletar&amp;nbsp;registro] &lt;/a&gt;&lt;a class="noPrint" href="?class=BaixarParcela&amp;id=117"&gt;[Baixar&amp;nbsp;parcela] &lt;/a&gt;&lt;a class="noPrint" href="?class=ImprimirParcela&amp;id=117"&gt;[Imprimir&amp;nbsp;parcela] &lt;/a&gt;&lt;/th&gt;
	&lt;/tr&gt;
	&lt;tr&gt;
		&lt;td class="tabelatd1"&gt;118&lt;/td&gt;
		&lt;td class="tabelatd1"&gt;Tipo Cobranca&lt;/td&gt;
		&lt;td class="tabelatd1"&gt;10/10/2018&lt;/td&gt;
		&lt;td class="tabelatd1"&gt;100.00&lt;/td&gt;
		&lt;td class="tabelatd1"&gt;100.00&lt;/td&gt;
		&lt;td class="tabelatd1"&gt;&lt;/td&gt;
		&lt;td class="tabelatd1"&gt;Fulano de Tal (652.392.539-00)&lt;/td&gt;
		&lt;td class="tabelatd1"&gt;1&lt;/td&gt;
		&lt;td class="tabelatd1"&gt;Patrimonial&lt;/td&gt;
&lt;th class="tabelatd1" border="1"&gt;&lt;a class="noPrint" href="?class=ControleCobranca&amp;opera=A&amp;id=118"&gt;[Alterar] &lt;/a&gt;&lt;a class="noPrint" href="?class=ControleCobranca&amp;opera=C&amp;id=118"&gt;[Consultar] &lt;/a&gt;&lt;a class="noPrint" href="?class=ControleCobranca&amp;opera=D&amp;id=118" onClick="return ConfirmaExclusao('');"&gt;[Deletar&amp;nbsp;registro] &lt;/a&gt;&lt;a class="noPrint" href="?class=BaixarParcela&amp;id=118"&gt;[Baixar&amp;nbsp;parcela] &lt;/a&gt;&lt;a class="noPrint" href="?class=ImprimirParcela&amp;id=118"&gt;[Imprimir&amp;nbsp;parcela] &lt;/a&gt;&lt;/th&gt;
	&lt;/tr&gt;
	&lt;tr&gt;
		&lt;td class="tabelatd2"&gt;119&lt;/td&gt;
		&lt;td class="tabelatd2"&gt;Tipo Cobranca&lt;/td&gt;
		&lt;td class="tabelatd2"&gt;10/10/2018&lt;/td&gt;
		&lt;td class="tabelatd2"&gt;100.00&lt;/td&gt;
		&lt;td class="tabelatd2"&gt;100.00&lt;/td&gt;
		&lt;td class="tabelatd2"&gt;&lt;/td&gt;
		&lt;td class="tabelatd2"&gt;Fulano de Tal (652.392.539-00)&lt;/td&gt;
		&lt;td class="tabelatd2"&gt;1&lt;/td&gt;
		&lt;td class="tabelatd2"&gt;Patrimonial&lt;/td&gt;
&lt;th class="tabelatd2" border="1"&gt;&lt;a class="noPrint" href="?class=ControleCobranca&amp;opera=A&amp;id=119"&gt;[Alterar] &lt;/a&gt;&lt;a class="noPrint" href="?class=ControleCobranca&amp;opera=C&amp;id=119"&gt;[Consultar] &lt;/a&gt;&lt;a class="noPrint" href="?class=ControleCobranca&amp;opera=D&amp;id=119" onClick="return ConfirmaExclusao('');"&gt;[Deletar&amp;nbsp;registro] &lt;/a&gt;&lt;a class="noPrint" href="?class=BaixarParcela&amp;id=119"&gt;[Baixar&amp;nbsp;parcela] &lt;/a&gt;&lt;a class="noPrint" href="?class=ImprimirParcela&amp;id=119"&gt;[Imprimir&amp;nbsp;parcela] &lt;/a&gt;&lt;/th&gt;
	&lt;/tr&gt;
	&lt;tr&gt;
		&lt;td class="tabelatd1"&gt;120&lt;/td&gt;
		&lt;td class="tabelatd1"&gt;Tipo Cobranca&lt;/td&gt;
		&lt;td class="tabelatd1"&gt;10/10/2018&lt;/td&gt;
		&lt;td class="tabelatd1"&gt;100.00&lt;/td&gt;
		&lt;td class="tabelatd1"&gt;100.00&lt;/td&gt;
		&lt;td class="tabelatd1"&gt;&lt;/td&gt;
		&lt;td class="tabelatd1"&gt;Fulano de Tal (652.392.539-00)&lt;/td&gt;
		&lt;td class="tabelatd1"&gt;1&lt;/td&gt;
		&lt;td class="tabelatd1"&gt;Patrimonial&lt;/td&gt;
&lt;th class="tabelatd1" border="1"&gt;&lt;a class="noPrint" href="?class=ControleCobranca&amp;opera=A&amp;id=120"&gt;[Alterar] &lt;/a&gt;&lt;a class="noPrint" href="?class=ControleCobranca&amp;opera=C&amp;id=120"&gt;[Consultar] &lt;/a&gt;&lt;a class="noPrint" href="?class=ControleCobranca&amp;opera=D&amp;id=120" onClick="return ConfirmaExclusao('');"&gt;[Deletar&amp;nbsp;registro] &lt;/a&gt;&lt;a class="noPrint" href="?class=BaixarParcela&amp;id=120"&gt;[Baixar&amp;nbsp;parcela] &lt;/a&gt;&lt;a class="noPrint" href="?class=ImprimirParcela&amp;id=120"&gt;[Imprimir&amp;nbsp;parcela] &lt;/a&gt;&lt;/th&gt;
	&lt;/tr&gt;
	&lt;tr&gt;
		&lt;td class="tabelatd2"&gt;121&lt;/td&gt;
		&lt;td class="tabelatd2"&gt;Tipo Cobranca&lt;/td&gt;
		&lt;td class="tabelatd2"&gt;10/10/2018&lt;/td&gt;
		&lt;td class="tabelatd2"&gt;100.00&lt;/td&gt;
		&lt;td class="tabelatd2"&gt;100.00&lt;/td&gt;
		&lt;td class="tabelatd2"&gt;&lt;/td&gt;
		&lt;td class="tabelatd2"&gt;Fulano de Tal (652.392.539-00)&lt;/td&gt;
		&lt;td class="tabelatd2"&gt;1&lt;/td&gt;
		&lt;td class="tabelatd2"&gt;Patrimonial&lt;/td&gt;
&lt;th class="tabelatd2" border="1"&gt;&lt;a class="noPrint" href="?class=ControleCobranca&amp;opera=A&amp;id=121"&gt;[Alterar] &lt;/a&gt;&lt;a class="noPrint" href="?class=ControleCobranca&amp;opera=C&amp;id=121"&gt;[Consultar] &lt;/a&gt;&lt;a class="noPrint" href="?class=ControleCobranca&amp;opera=D&amp;id=121" onClick="return ConfirmaExclusao('');"&gt;[Deletar&amp;nbsp;registro] &lt;/a&gt;&lt;a class="noPrint" href="?class=BaixarParcela&amp;id=121"&gt;[Baixar&amp;nbsp;parcela] &lt;/a&gt;&lt;a class="noPrint" href="?class=ImprimirParcela&amp;id=121"&gt;[Imprimir&amp;nbsp;parcela] &lt;/a&gt;&lt;/th&gt;
	&lt;/tr&gt;
	&lt;tr&gt;
		&lt;td class="tabelatd1"&gt;122&lt;/td&gt;
		&lt;td class="tabelatd1"&gt;Tipo Cobranca&lt;/td&gt;
		&lt;td class="tabelatd1"&gt;10/10/2018&lt;/td&gt;
		&lt;td class="tabelatd1"&gt;100.00&lt;/td&gt;
		&lt;td class="tabelatd1"&gt;100.00&lt;/td&gt;
		&lt;td class="tabelatd1"&gt;&lt;/td&gt;
		&lt;td class="tabelatd1"&gt;Fulano de Tal (652.392.539-00)&lt;/td&gt;
		&lt;td class="tabelatd1"&gt;1&lt;/td&gt;
		&lt;td class="tabelatd1"&gt;Patrimonial&lt;/td&gt;
&lt;th class="tabelatd1" border="1"&gt;&lt;a class="noPrint" href="?class=ControleCobranca&amp;opera=A&amp;id=122"&gt;[Alterar] &lt;/a&gt;&lt;a class="noPrint" href="?class=ControleCobranca&amp;opera=C&amp;id=122"&gt;[Consultar] &lt;/a&gt;&lt;a class="noPrint" href="?class=ControleCobranca&amp;opera=D&amp;id=122" onClick="return ConfirmaExclusao('');"&gt;[Deletar&amp;nbsp;registro] &lt;/a&gt;&lt;a class="noPrint" href="?class=BaixarParcela&amp;id=122"&gt;[Baixar&amp;nbsp;parcela] &lt;/a&gt;&lt;a class="noPrint" href="?class=ImprimirParcela&amp;id=122"&gt;[Imprimir&amp;nbsp;parcela] &lt;/a&gt;&lt;/th&gt;
	&lt;/tr&gt;
	&lt;tr&gt;
		&lt;td class="tabelatd2"&gt;141&lt;/td&gt;
		&lt;td class="tabelatd2"&gt;Tipo Cobranca&lt;/td&gt;
		&lt;td class="tabelatd2"&gt;10/10/2018&lt;/td&gt;
		&lt;td class="tabelatd2"&gt;100.00&lt;/td&gt;
		&lt;td class="tabelatd2"&gt;100.00&lt;/td&gt;
		&lt;td class="tabelatd2"&gt;&lt;/td&gt;
		&lt;td class="tabelatd2"&gt;Fulano de Tal (652.392.539-00)&lt;/td&gt;
		&lt;td class="tabelatd2"&gt;1&lt;/td&gt;
		&lt;td class="tabelatd2"&gt;Patrimonial&lt;/td&gt;
&lt;th class="tabelatd2" border="1"&gt;&lt;a class="noPrint" href="?class=ControleCobranca&amp;opera=A&amp;id=141"&gt;[Alterar] &lt;/a&gt;&lt;a class="noPrint" href="?class=ControleCobranca&amp;opera=C&amp;id=141"&gt;[Consultar] &lt;/a&gt;&lt;a class="noPrint" href="?class=ControleCobranca&amp;opera=D&amp;id=141" onClick="return ConfirmaExclusao('');"&gt;[Deletar&amp;nbsp;registro] &lt;/a&gt;&lt;a class="noPrint" href="?class=BaixarParcela&amp;id=141"&gt;[Baixar&amp;nbsp;parcela] &lt;/a&gt;&lt;a class="noPrint" href="?class=ImprimirParcela&amp;id=141"&gt;[Imprimir&amp;nbsp;parcela] &lt;/a&gt;&lt;/th&gt;
	&lt;/tr&gt;
	&lt;tr&gt;
		&lt;td class="tabelatd1"&gt;142&lt;/td&gt;
		&lt;td class="tabelatd1"&gt;Tipo Cobranca&lt;/td&gt;
		&lt;td class="tabelatd1"&gt;10/10/2018&lt;/td&gt;
		&lt;td class="tabelatd1"&gt;100.00&lt;/td&gt;
		&lt;td class="tabelatd1"&gt;100.00&lt;/td&gt;
		&lt;td class="tabelatd1"&gt;&lt;/td&gt;
		&lt;td class="tabelatd1"&gt;Fulano de Tal (652.392.539-00)&lt;/td&gt;
		&lt;td class="tabelatd1"&gt;1&lt;/td&gt;
		&lt;td class="tabelatd1"&gt;Patrimonial&lt;/td&gt;
&lt;th class="tabelatd1" border="1"&gt;&lt;a class="noPrint" href="?class=ControleCobranca&amp;opera=A&amp;id=142"&gt;[Alterar] &lt;/a&gt;&lt;a class="noPrint" href="?class=ControleCobranca&amp;opera=C&amp;id=142"&gt;[Consultar] &lt;/a&gt;&lt;a class="noPrint" href="?class=ControleCobranca&amp;opera=D&amp;id=142" onClick="return ConfirmaExclusao('');"&gt;[Deletar&amp;nbsp;registro] &lt;/a&gt;&lt;a class="noPrint" href="?class=BaixarParcela&amp;id=142"&gt;[Baixar&amp;nbsp;parcela] &lt;/a&gt;&lt;a class="noPrint" href="?class=ImprimirParcela&amp;id=142"&gt;[Imprimir&amp;nbsp;parcela] &lt;/a&gt;&lt;/th&gt;
	&lt;/tr&gt;
	&lt;tr&gt;
		&lt;td class="tabelatd2"&gt;143&lt;/td&gt;
		&lt;td class="tabelatd2"&gt;Tipo Cobranca&lt;/td&gt;
		&lt;td class="tabelatd2"&gt;10/10/2018&lt;/td&gt;
		&lt;td class="tabelatd2"&gt;100.00&lt;/td&gt;
		&lt;td class="tabelatd2"&gt;100.00&lt;/td&gt;
		&lt;td class="tabelatd2"&gt;&lt;/td&gt;
		&lt;td class="tabelatd2"&gt;Fulano de Tal (652.392.539-00)&lt;/td&gt;
		&lt;td class="tabelatd2"&gt;1&lt;/td&gt;
		&lt;td class="tabelatd2"&gt;Patrimonial&lt;/td&gt;
&lt;th class="tabelatd2" border="1"&gt;&lt;a class="noPrint" href="?class=ControleCobranca&amp;opera=A&amp;id=143"&gt;[Alterar] &lt;/a&gt;&lt;a class="noPrint" href="?class=ControleCobranca&amp;opera=C&amp;id=143"&gt;[Consultar] &lt;/a&gt;&lt;a class="noPrint" href="?class=ControleCobranca&amp;opera=D&amp;id=143" onClick="return ConfirmaExclusao('');"&gt;[Deletar&amp;nbsp;registro] &lt;/a&gt;&lt;a class="noPrint" href="?class=BaixarParcela&amp;id=143"&gt;[Baixar&amp;nbsp;parcela] &lt;/a&gt;&lt;a class="noPrint" href="?class=ImprimirParcela&amp;id=143"&gt;[Imprimir&amp;nbsp;parcela] &lt;/a&gt;&lt;/th&gt;
	&lt;/tr&gt;
	&lt;tr&gt;
		&lt;td class="tabelatd1"&gt;144&lt;/td&gt;
		&lt;td class="tabelatd1"&gt;Tipo Cobranca&lt;/td&gt;
		&lt;td class="tabelatd1"&gt;10/10/2018&lt;/td&gt;
		&lt;td class="tabelatd1"&gt;100.00&lt;/td&gt;
		&lt;td class="tabelatd1"&gt;100.00&lt;/td&gt;
		&lt;td class="tabelatd1"&gt;&lt;/td&gt;
		&lt;td class="tabelatd1"&gt;Fulano de Tal (652.392.539-00)&lt;/td&gt;
		&lt;td class="tabelatd1"&gt;1&lt;/td&gt;
		&lt;td class="tabelatd1"&gt;Patrimonial&lt;/td&gt;
&lt;th class="tabelatd1" border="1"&gt;&lt;a class="noPrint" href="?class=ControleCobranca&amp;opera=A&amp;id=144"&gt;[Alterar] &lt;/a&gt;&lt;a class="noPrint" href="?class=ControleCobranca&amp;opera=C&amp;id=144"&gt;[Consultar] &lt;/a&gt;&lt;a class="noPrint" href="?class=ControleCobranca&amp;opera=D&amp;id=144" onClick="return ConfirmaExclusao('');"&gt;[Deletar&amp;nbsp;registro] &lt;/a&gt;&lt;a class="noPrint" href="?class=BaixarParcela&amp;id=144"&gt;[Baixar&amp;nbsp;parcela] &lt;/a&gt;&lt;a class="noPrint" href="?class=ImprimirParcela&amp;id=144"&gt;[Imprimir&amp;nbsp;parcela] &lt;/a&gt;&lt;/th&gt;
	&lt;/tr&gt;
	&lt;tr&gt;
		&lt;td class="tabelatd2"&gt;145&lt;/td&gt;
		&lt;td class="tabelatd2"&gt;Tipo Cobranca&lt;/td&gt;
		&lt;td class="tabelatd2"&gt;10/10/2018&lt;/td&gt;
		&lt;td class="tabelatd2"&gt;100.00&lt;/td&gt;
		&lt;td class="tabelatd2"&gt;100.00&lt;/td&gt;
		&lt;td class="tabelatd2"&gt;&lt;/td&gt;
		&lt;td class="tabelatd2"&gt;Fulano de Tal (652.392.539-00)&lt;/td&gt;
		&lt;td class="tabelatd2"&gt;1&lt;/td&gt;
		&lt;td class="tabelatd2"&gt;Patrimonial&lt;/td&gt;
&lt;th class="tabelatd2" border="1"&gt;&lt;a class="noPrint" href="?class=ControleCobranca&amp;opera=A&amp;id=145"&gt;[Alterar] &lt;/a&gt;&lt;a class="noPrint" href="?class=ControleCobranca&amp;opera=C&amp;id=145"&gt;[Consultar] &lt;/a&gt;&lt;a class="noPrint" href="?class=ControleCobranca&amp;opera=D&amp;id=145" onClick="return ConfirmaExclusao('');"&gt;[Deletar&amp;nbsp;registro] &lt;/a&gt;&lt;a class="noPrint" href="?class=BaixarParcela&amp;id=145"&gt;[Baixar&amp;nbsp;parcela] &lt;/a&gt;&lt;a class="noPrint" href="?class=ImprimirParcela&amp;id=145"&gt;[Imprimir&amp;nbsp;parcela] &lt;/a&gt;&lt;/th&gt;
	&lt;/tr&gt;
	&lt;tr&gt;
		&lt;td class="tabelatd1"&gt;146&lt;/td&gt;
		&lt;td class="tabelatd1"&gt;Tipo Cobranca&lt;/td&gt;
		&lt;td class="tabelatd1"&gt;10/10/2018&lt;/td&gt;
		&lt;td class="tabelatd1"&gt;100.00&lt;/td&gt;
		&lt;td class="tabelatd1"&gt;100.00&lt;/td&gt;
		&lt;td class="tabelatd1"&gt;&lt;/td&gt;
		&lt;td class="tabelatd1"&gt;Fulano de Tal (652.392.539-00)&lt;/td&gt;
		&lt;td class="tabelatd1"&gt;1&lt;/td&gt;
		&lt;td class="tabelatd1"&gt;Patrimonial&lt;/td&gt;
&lt;th class="tabelatd1" border="1"&gt;&lt;a class="noPrint" href="?class=ControleCobranca&amp;opera=A&amp;id=146"&gt;[Alterar] &lt;/a&gt;&lt;a class="noPrint" href="?class=ControleCobranca&amp;opera=C&amp;id=146"&gt;[Consultar] &lt;/a&gt;&lt;a class="noPrint" href="?class=ControleCobranca&amp;opera=D&amp;id=146" onClick="return ConfirmaExclusao('');"&gt;[Deletar&amp;nbsp;registro] &lt;/a&gt;&lt;a class="noPrint" href="?class=BaixarParcela&amp;id=146"&gt;[Baixar&amp;nbsp;parcela] &lt;/a&gt;&lt;a class="noPrint" href="?class=ImprimirParcela&amp;id=146"&gt;[Imprimir&amp;nbsp;parcela] &lt;/a&gt;&lt;/th&gt;
	&lt;/tr&gt;
	&lt;tr&gt;
		&lt;td class="tabelatd2"&gt;227&lt;/td&gt;
		&lt;td class="tabelatd2"&gt;Tipo Cobranca&lt;/td&gt;
		&lt;td class="tabelatd2"&gt;10/10/2018&lt;/td&gt;
		&lt;td class="tabelatd2"&gt;100.00&lt;/td&gt;
		&lt;td class="tabelatd2"&gt;100.00&lt;/td&gt;
		&lt;td class="tabelatd2"&gt;&lt;/td&gt;
		&lt;td class="tabelatd2"&gt;Fulano de Tal (652.392.539-00)&lt;/td&gt;
		&lt;td class="tabelatd2"&gt;1&lt;/td&gt;
		&lt;td class="tabelatd2"&gt;Patrimonial&lt;/td&gt;
&lt;th class="tabelatd2" border="1"&gt;&lt;a class="noPrint" href="?class=ControleCobranca&amp;opera=A&amp;id=227"&gt;[Alterar] &lt;/a&gt;&lt;a class="noPrint" href="?class=ControleCobranca&amp;opera=C&amp;id=227"&gt;[Consultar] &lt;/a&gt;&lt;a class="noPrint" href="?class=ControleCobranca&amp;opera=D&amp;id=227" onClick="return ConfirmaExclusao('');"&gt;[Deletar&amp;nbsp;registro] &lt;/a&gt;&lt;a class="noPrint" href="?class=BaixarParcela&amp;id=227"&gt;[Baixar&amp;nbsp;parcela] &lt;/a&gt;&lt;a class="noPrint" href="?class=ImprimirParcela&amp;id=227"&gt;[Imprimir&amp;nbsp;parcela] &lt;/a&gt;&lt;/th&gt;
	&lt;/tr&gt;
	&lt;tr&gt;
		&lt;td class="tabelatd1"&gt;228&lt;/td&gt;
		&lt;td class="tabelatd1"&gt;Tipo Cobranca&lt;/td&gt;
		&lt;td class="tabelatd1"&gt;10/10/2018&lt;/td&gt;
		&lt;td class="tabelatd1"&gt;100.00&lt;/td&gt;
		&lt;td class="tabelatd1"&gt;100.00&lt;/td&gt;
		&lt;td class="tabelatd1"&gt;&lt;/td&gt;
		&lt;td class="tabelatd1"&gt;Fulano de Tal (652.392.539-00)&lt;/td&gt;
		&lt;td class="tabelatd1"&gt;1&lt;/td&gt;
		&lt;td class="tabelatd1"&gt;Patrimonial&lt;/td&gt;
&lt;th class="tabelatd1" border="1"&gt;&lt;a class="noPrint" href="?class=ControleCobranca&amp;opera=A&amp;id=228"&gt;[Alterar] &lt;/a&gt;&lt;a class="noPrint" href="?class=ControleCobranca&amp;opera=C&amp;id=228"&gt;[Consultar] &lt;/a&gt;&lt;a class="noPrint" href="?class=ControleCobranca&amp;opera=D&amp;id=228" onClick="return ConfirmaExclusao('');"&gt;[Deletar&amp;nbsp;registro] &lt;/a&gt;&lt;a class="noPrint" href="?class=BaixarParcela&amp;id=228"&gt;[Baixar&amp;nbsp;parcela] &lt;/a&gt;&lt;a class="noPrint" href="?class=ImprimirParcela&amp;id=228"&gt;[Imprimir&amp;nbsp;parcela] &lt;/a&gt;&lt;/th&gt;
	&lt;/tr&gt;
	&lt;tr&gt;
		&lt;td class="tabelatd2"&gt;229&lt;/td&gt;
		&lt;td class="tabelatd2"&gt;Tipo Cobranca&lt;/td&gt;
		&lt;td class="tabelatd2"&gt;10/10/2018&lt;/td&gt;
		&lt;td class="tabelatd2"&gt;100.00&lt;/td&gt;
		&lt;td class="tabelatd2"&gt;100.00&lt;/td&gt;
		&lt;td class="tabelatd2"&gt;&lt;/td&gt;
		&lt;td class="tabelatd2"&gt;Fulano de Tal (652.392.539-00)&lt;/td&gt;
		&lt;td class="tabelatd2"&gt;1&lt;/td&gt;
		&lt;td class="tabelatd2"&gt;Patrimonial&lt;/td&gt;
&lt;th class="tabelatd2" border="1"&gt;&lt;a class="noPrint" href="?class=ControleCobranca&amp;opera=A&amp;id=229"&gt;[Alterar] &lt;/a&gt;&lt;a class="noPrint" href="?class=ControleCobranca&amp;opera=C&amp;id=229"&gt;[Consultar] &lt;/a&gt;&lt;a class="noPrint" href="?class=ControleCobranca&amp;opera=D&amp;id=229" onClick="return ConfirmaExclusao('');"&gt;[Deletar&amp;nbsp;registro] &lt;/a&gt;&lt;a class="noPrint" href="?class=BaixarParcela&amp;id=229"&gt;[Baixar&amp;nbsp;parcela] &lt;/a&gt;&lt;a class="noPrint" href="?class=ImprimirParcela&amp;id=229"&gt;[Imprimir&amp;nbsp;parcela] &lt;/a&gt;&lt;/th&gt;
	&lt;/tr&gt;
	&lt;tr&gt;
		&lt;td class="tabelatd1"&gt;252&lt;/td&gt;
		&lt;td class="tabelatd1"&gt;Tipo Cobranca&lt;/td&gt;
		&lt;td class="tabelatd1"&gt;10/10/2018&lt;/td&gt;
		&lt;td class="tabelatd1"&gt;100.00&lt;/td&gt;
		&lt;td class="tabelatd1"&gt;100.00&lt;/td&gt;
		&lt;td class="tabelatd1"&gt;&lt;/td&gt;
		&lt;td class="tabelatd1"&gt;Fulano de Tal (652.392.539-00)&lt;/td&gt;
		&lt;td class="tabelatd1"&gt;1&lt;/td&gt;
		&lt;td class="tabelatd1"&gt;Patrimonial&lt;/td&gt;
&lt;th class="tabelatd1" border="1"&gt;&lt;a class="noPrint" href="?class=ControleCobranca&amp;opera=A&amp;id=252"&gt;[Alterar] &lt;/a&gt;&lt;a class="noPrint" href="?class=ControleCobranca&amp;opera=C&amp;id=252"&gt;[Consultar] &lt;/a&gt;&lt;a class="noPrint" href="?class=ControleCobranca&amp;opera=D&amp;id=252" onClick="return ConfirmaExclusao('');"&gt;[Deletar&amp;nbsp;registro] &lt;/a&gt;&lt;a class="noPrint" href="?class=BaixarParcela&amp;id=252"&gt;[Baixar&amp;nbsp;parcela] &lt;/a&gt;&lt;a class="noPrint" href="?class=ImprimirParcela&amp;id=252"&gt;[Imprimir&amp;nbsp;parcela] &lt;/a&gt;&lt;/th&gt;
	&lt;/tr&gt;
	&lt;tr&gt;
		&lt;td class="tabelatd2"&gt;45&lt;/td&gt;
		&lt;td class="tabelatd2"&gt;Tipo Cobranca&lt;/td&gt;
		&lt;td class="tabelatd2"&gt;10/10/2018&lt;/td&gt;
		&lt;td class="tabelatd2"&gt;110.00&lt;/td&gt;
		&lt;td class="tabelatd2"&gt;0.00&lt;/td&gt;
		&lt;td class="tabelatd2"&gt;&lt;/td&gt;
		&lt;td class="tabelatd2"&gt;Fulano de Tal (652.392.539-00)&lt;/td&gt;
		&lt;td class="tabelatd2"&gt;1&lt;/td&gt;
		&lt;td class="tabelatd2"&gt;Patrimonial&lt;/td&gt;
&lt;th class="tabelatd2" border="1"&gt;&lt;a class="noPrint" href="?class=ControleCobranca&amp;opera=A&amp;id=45"&gt;[Alterar] &lt;/a&gt;&lt;a class="noPrint" href="?class=ControleCobranca&amp;opera=C&amp;id=45"&gt;[Consultar] &lt;/a&gt;&lt;a class="noPrint" href="?class=ControleCobranca&amp;opera=D&amp;id=45" onClick="return ConfirmaExclusao('');"&gt;[Deletar&amp;nbsp;registro] &lt;/a&gt;&lt;a class="noPrint" href="?class=BaixarParcela&amp;id=45"&gt;[Baixar&amp;nbsp;parcela] &lt;/a&gt;&lt;a class="noPrint" href="?class=ImprimirParcela&amp;id=45"&gt;[Imprimir&amp;nbsp;parcela] &lt;/a&gt;&lt;/th&gt;
	&lt;/tr&gt;
	&lt;tr&gt;
		&lt;td class="tabelatd1"&gt;56&lt;/td&gt;
		&lt;td class="tabelatd1"&gt;Tipo Cobranca&lt;/td&gt;
		&lt;td class="tabelatd1"&gt;10/10/2018&lt;/td&gt;
		&lt;td class="tabelatd1"&gt;110.00&lt;/td&gt;
		&lt;td class="tabelatd1"&gt;0.00&lt;/td&gt;
		&lt;td class="tabelatd1"&gt;&lt;/td&gt;
		&lt;td class="tabelatd1"&gt;Fulano de Tal (652.392.539-00)&lt;/td&gt;
		&lt;td class="tabelatd1"&gt;1&lt;/td&gt;
		&lt;td class="tabelatd1"&gt;Patrimonial&lt;/td&gt;
&lt;th class="tabelatd1" border="1"&gt;&lt;a class="noPrint" href="?class=ControleCobranca&amp;opera=A&amp;id=56"&gt;[Alterar] &lt;/a&gt;&lt;a class="noPrint" href="?class=ControleCobranca&amp;opera=C&amp;id=56"&gt;[Consultar] &lt;/a&gt;&lt;a class="noPrint" href="?class=ControleCobranca&amp;opera=D&amp;id=56" onClick="return ConfirmaExclusao('');"&gt;[Deletar&amp;nbsp;registro] &lt;/a&gt;&lt;a class="noPrint" href="?class=BaixarParcela&amp;id=56"&gt;[Baixar&amp;nbsp;parcela] &lt;/a&gt;&lt;a class="noPrint" href="?class=ImprimirParcela&amp;id=56"&gt;[Imprimir&amp;nbsp;parcela] &lt;/a&gt;&lt;/th&gt;
	&lt;/tr&gt;
	&lt;tr&gt;
		&lt;td class="tabelatd2"&gt;69&lt;/td&gt;
		&lt;td class="tabelatd2"&gt;Tipo Cobranca&lt;/td&gt;
		&lt;td class="tabelatd2"&gt;10/10/2018&lt;/td&gt;
		&lt;td class="tabelatd2"&gt;110.00&lt;/td&gt;
		&lt;td class="tabelatd2"&gt;0.00&lt;/td&gt;
		&lt;td class="tabelatd2"&gt;&lt;/td&gt;
		&lt;td class="tabelatd2"&gt;Fulano de Tal (652.392.539-00)&lt;/td&gt;
		&lt;td class="tabelatd2"&gt;1&lt;/td&gt;
		&lt;td class="tabelatd2"&gt;Patrimonial&lt;/td&gt;
&lt;th class="tabelatd2" border="1"&gt;&lt;a class="noPrint" href="?class=ControleCobranca&amp;opera=A&amp;id=69"&gt;[Alterar] &lt;/a&gt;&lt;a class="noPrint" href="?class=ControleCobranca&amp;opera=C&amp;id=69"&gt;[Consultar] &lt;/a&gt;&lt;a class="noPrint" href="?class=ControleCobranca&amp;opera=D&amp;id=69" onClick="return ConfirmaExclusao('');"&gt;[Deletar&amp;nbsp;registro] &lt;/a&gt;&lt;a class="noPrint" href="?class=BaixarParcela&amp;id=69"&gt;[Baixar&amp;nbsp;parcela] &lt;/a&gt;&lt;a class="noPrint" href="?class=ImprimirParcela&amp;id=69"&gt;[Imprimir&amp;nbsp;parcela] &lt;/a&gt;&lt;/th&gt;
	&lt;/tr&gt;
	&lt;tr&gt;
		&lt;td class="tabelatd1"&gt;84&lt;/td&gt;
		&lt;td class="tabelatd1"&gt;Tipo Cobranca&lt;/td&gt;
		&lt;td class="tabelatd1"&gt;10/10/2018&lt;/td&gt;
		&lt;td class="tabelatd1"&gt;110.00&lt;/td&gt;
		&lt;td class="tabelatd1"&gt;0.00&lt;/td&gt;
		&lt;td class="tabelatd1"&gt;&lt;/td&gt;
		&lt;td class="tabelatd1"&gt;Fulano de Tal (652.392.539-00)&lt;/td&gt;
		&lt;td class="tabelatd1"&gt;1&lt;/td&gt;
		&lt;td class="tabelatd1"&gt;Patrimonial&lt;/td&gt;
&lt;th class="tabelatd1" border="1"&gt;&lt;a class="noPrint" href="?class=ControleCobranca&amp;opera=A&amp;id=84"&gt;[Alterar] &lt;/a&gt;&lt;a class="noPrint" href="?class=ControleCobranca&amp;opera=C&amp;id=84"&gt;[Consultar] &lt;/a&gt;&lt;a class="noPrint" href="?class=ControleCobranca&amp;opera=D&amp;id=84" onClick="return ConfirmaExclusao('');"&gt;[Deletar&amp;nbsp;registro] &lt;/a&gt;&lt;a class="noPrint" href="?class=BaixarParcela&amp;id=84"&gt;[Baixar&amp;nbsp;parcela] &lt;/a&gt;&lt;a class="noPrint" href="?class=ImprimirParcela&amp;id=84"&gt;[Imprimir&amp;nbsp;parcela] &lt;/a&gt;&lt;/th&gt;
	&lt;/tr&gt;
	&lt;tr&gt;
		&lt;td class="tabelatd2"&gt;100&lt;/td&gt;
		&lt;td class="tabelatd2"&gt;Tipo Cobranca&lt;/td&gt;
		&lt;td class="tabelatd2"&gt;10/10/2018&lt;/td&gt;
		&lt;td class="tabelatd2"&gt;110.00&lt;/td&gt;
		&lt;td class="tabelatd2"&gt;0.00&lt;/td&gt;
		&lt;td class="tabelatd2"&gt;&lt;/td&gt;
		&lt;td class="tabelatd2"&gt;Fulano de Tal (652.392.539-00)&lt;/td&gt;
		&lt;td class="tabelatd2"&gt;1&lt;/td&gt;
		&lt;td class="tabelatd2"&gt;Patrimonial&lt;/td&gt;
&lt;th class="tabelatd2" border="1"&gt;&lt;a class="noPrint" href="?class=ControleCobranca&amp;opera=A&amp;id=100"&gt;[Alterar] &lt;/a&gt;&lt;a class="noPrint" href="?class=ControleCobranca&amp;opera=C&amp;id=100"&gt;[Consultar] &lt;/a&gt;&lt;a class="noPrint" href="?class=ControleCobranca&amp;opera=D&amp;id=100" onClick="return ConfirmaExclusao('');"&gt;[Deletar&amp;nbsp;registro] &lt;/a&gt;&lt;a class="noPrint" href="?class=BaixarParcela&amp;id=100"&gt;[Baixar&amp;nbsp;parcela] &lt;/a&gt;&lt;a class="noPrint" href="?class=ImprimirParcela&amp;id=100"&gt;[Imprimir&amp;nbsp;parcela] &lt;/a&gt;&lt;/th&gt;
	&lt;/tr&gt;
	&lt;tr&gt;
		&lt;td class="tabelatd1"&gt;127&lt;/td&gt;
		&lt;td class="tabelatd1"&gt;Tipo Cobranca&lt;/td&gt;
		&lt;td class="tabelatd1"&gt;10/10/2018&lt;/td&gt;
		&lt;td class="tabelatd1"&gt;110.00&lt;/td&gt;
		&lt;td class="tabelatd1"&gt;0.00&lt;/td&gt;
		&lt;td class="tabelatd1"&gt;&lt;/td&gt;
		&lt;td class="tabelatd1"&gt;Fulano de Tal (652.392.539-00)&lt;/td&gt;
		&lt;td class="tabelatd1"&gt;1&lt;/td&gt;
		&lt;td class="tabelatd1"&gt;Patrimonial&lt;/td&gt;
&lt;th class="tabelatd1" border="1"&gt;&lt;a class="noPrint" href="?class=ControleCobranca&amp;opera=A&amp;id=127"&gt;[Alterar] &lt;/a&gt;&lt;a class="noPrint" href="?class=ControleCobranca&amp;opera=C&amp;id=127"&gt;[Consultar] &lt;/a&gt;&lt;a class="noPrint" href="?class=ControleCobranca&amp;opera=D&amp;id=127" onClick="return ConfirmaExclusao('');"&gt;[Deletar&amp;nbsp;registro] &lt;/a&gt;&lt;a class="noPrint" href="?class=BaixarParcela&amp;id=127"&gt;[Baixar&amp;nbsp;parcela] &lt;/a&gt;&lt;a class="noPrint" href="?class=ImprimirParcela&amp;id=127"&gt;[Imprimir&amp;nbsp;parcela] &lt;/a&gt;&lt;/th&gt;
	&lt;/tr&gt;
	&lt;tr&gt;
		&lt;td class="tabelatd2"&gt;151&lt;/td&gt;
		&lt;td class="tabelatd2"&gt;Tipo Cobranca&lt;/td&gt;
		&lt;td class="tabelatd2"&gt;10/10/2018&lt;/td&gt;
		&lt;td class="tabelatd2"&gt;110.00&lt;/td&gt;
		&lt;td class="tabelatd2"&gt;0.00&lt;/td&gt;
		&lt;td class="tabelatd2"&gt;&lt;/td&gt;
		&lt;td class="tabelatd2"&gt;Fulano de Tal (652.392.539-00)&lt;/td&gt;
		&lt;td class="tabelatd2"&gt;1&lt;/td&gt;
		&lt;td class="tabelatd2"&gt;Patrimonial&lt;/td&gt;
&lt;th class="tabelatd2" border="1"&gt;&lt;a class="noPrint" href="?class=ControleCobranca&amp;opera=A&amp;id=151"&gt;[Alterar] &lt;/a&gt;&lt;a class="noPrint" href="?class=ControleCobranca&amp;opera=C&amp;id=151"&gt;[Consultar] &lt;/a&gt;&lt;a class="noPrint" href="?class=ControleCobranca&amp;opera=D&amp;id=151" onClick="return ConfirmaExclusao('');"&gt;[Deletar&amp;nbsp;registro] &lt;/a&gt;&lt;a class="noPrint" href="?class=BaixarParcela&amp;id=151"&gt;[Baixar&amp;nbsp;parcela] &lt;/a&gt;&lt;a class="noPrint" href="?class=ImprimirParcela&amp;id=151"&gt;[Imprimir&amp;nbsp;parcela] &lt;/a&gt;&lt;/th&gt;
	&lt;/tr&gt;
	&lt;tr&gt;
		&lt;td class="tabelatd1"&gt;171&lt;/td&gt;
		&lt;td class="tabelatd1"&gt;Tipo Cobranca&lt;/td&gt;
		&lt;td class="tabelatd1"&gt;10/10/2018&lt;/td&gt;
		&lt;td class="tabelatd1"&gt;110.00&lt;/td&gt;
		&lt;td class="tabelatd1"&gt;0.00&lt;/td&gt;
		&lt;td class="tabelatd1"&gt;&lt;/td&gt;
		&lt;td class="tabelatd1"&gt;Fulano de Tal (652.392.539-00)&lt;/td&gt;
		&lt;td class="tabelatd1"&gt;1&lt;/td&gt;
		&lt;td class="tabelatd1"&gt;Patrimonial&lt;/td&gt;
&lt;th class="tabelatd1" border="1"&gt;&lt;a class="noPrint" href="?class=ControleCobranca&amp;opera=A&amp;id=171"&gt;[Alterar] &lt;/a&gt;&lt;a class="noPrint" href="?class=ControleCobranca&amp;opera=C&amp;id=171"&gt;[Consultar] &lt;/a&gt;&lt;a class="noPrint" href="?class=ControleCobranca&amp;opera=D&amp;id=171" onClick="return ConfirmaExclusao('');"&gt;[Deletar&amp;nbsp;registro] &lt;/a&gt;&lt;a class="noPrint" href="?class=BaixarParcela&amp;id=171"&gt;[Baixar&amp;nbsp;parcela] &lt;/a&gt;&lt;a class="noPrint" href="?class=ImprimirParcela&amp;id=171"&gt;[Imprimir&amp;nbsp;parcela] &lt;/a&gt;&lt;/th&gt;
	&lt;/tr&gt;
	&lt;tr&gt;
		&lt;td class="tabelatd2"&gt;191&lt;/td&gt;
		&lt;td class="tabelatd2"&gt;Tipo Cobranca&lt;/td&gt;
		&lt;td class="tabelatd2"&gt;10/10/2018&lt;/td&gt;
		&lt;td class="tabelatd2"&gt;110.00&lt;/td&gt;
		&lt;td class="tabelatd2"&gt;0.00&lt;/td&gt;
		&lt;td class="tabelatd2"&gt;&lt;/td&gt;
		&lt;td class="tabelatd2"&gt;Fulano de Tal (652.392.539-00)&lt;/td&gt;
		&lt;td class="tabelatd2"&gt;1&lt;/td&gt;
		&lt;td class="tabelatd2"&gt;Patrimonial&lt;/td&gt;
&lt;th class="tabelatd2" border="1"&gt;&lt;a class="noPrint" href="?class=ControleCobranca&amp;opera=A&amp;id=191"&gt;[Alterar] &lt;/a&gt;&lt;a class="noPrint" href="?class=ControleCobranca&amp;opera=C&amp;id=191"&gt;[Consultar] &lt;/a&gt;&lt;a class="noPrint" href="?class=ControleCobranca&amp;opera=D&amp;id=191" onClick="return ConfirmaExclusao('');"&gt;[Deletar&amp;nbsp;registro] &lt;/a&gt;&lt;a class="noPrint" href="?class=BaixarParcela&amp;id=191"&gt;[Baixar&amp;nbsp;parcela] &lt;/a&gt;&lt;a class="noPrint" href="?class=ImprimirParcela&amp;id=191"&gt;[Imprimir&amp;nbsp;parcela] &lt;/a&gt;&lt;/th&gt;
	&lt;/tr&gt;
	&lt;tr&gt;
		&lt;td class="tabelatd1"&gt;211&lt;/td&gt;
		&lt;td class="tabelatd1"&gt;Tipo Cobranca&lt;/td&gt;
		&lt;td class="tabelatd1"&gt;10/10/2018&lt;/td&gt;
		&lt;td class="tabelatd1"&gt;110.00&lt;/td&gt;
		&lt;td class="tabelatd1"&gt;0.00&lt;/td&gt;
		&lt;td class="tabelatd1"&gt;&lt;/td&gt;
		&lt;td class="tabelatd1"&gt;Fulano de Tal (652.392.539-00)&lt;/td&gt;
		&lt;td class="tabelatd1"&gt;1&lt;/td&gt;
		&lt;td class="tabelatd1"&gt;Patrimonial&lt;/td&gt;
&lt;th class="tabelatd1" border="1"&gt;&lt;a class="noPrint" href="?class=ControleCobranca&amp;opera=A&amp;id=211"&gt;[Alterar] &lt;/a&gt;&lt;a class="noPrint" href="?class=ControleCobranca&amp;opera=C&amp;id=211"&gt;[Consultar] &lt;/a&gt;&lt;a class="noPrint" href="?class=ControleCobranca&amp;opera=D&amp;id=211" onClick="return ConfirmaExclusao('');"&gt;[Deletar&amp;nbsp;registro] &lt;/a&gt;&lt;a class="noPrint" href="?class=BaixarParcela&amp;id=211"&gt;[Baixar&amp;nbsp;parcela] &lt;/a&gt;&lt;a class="noPrint" href="?class=ImprimirParcela&amp;id=211"&gt;[Imprimir&amp;nbsp;parcela] &lt;/a&gt;&lt;/th&gt;
	&lt;/tr&gt;
	&lt;tr&gt;
		&lt;td class="tabelatd2"&gt;234&lt;/td&gt;
		&lt;td class="tabelatd2"&gt;Tipo Cobranca&lt;/td&gt;
		&lt;td class="tabelatd2"&gt;10/10/2018&lt;/td&gt;
		&lt;td class="tabelatd2"&gt;110.00&lt;/td&gt;
		&lt;td class="tabelatd2"&gt;0.00&lt;/td&gt;
		&lt;td class="tabelatd2"&gt;&lt;/td&gt;
		&lt;td class="tabelatd2"&gt;Fulano de Tal (652.392.539-00)&lt;/td&gt;
		&lt;td class="tabelatd2"&gt;1&lt;/td&gt;
		&lt;td class="tabelatd2"&gt;Patrimonial&lt;/td&gt;
&lt;th class="tabelatd2" border="1"&gt;&lt;a class="noPrint" href="?class=ControleCobranca&amp;opera=A&amp;id=234"&gt;[Alterar] &lt;/a&gt;&lt;a class="noPrint" href="?class=ControleCobranca&amp;opera=C&amp;id=234"&gt;[Consultar] &lt;/a&gt;&lt;a class="noPrint" href="?class=ControleCobranca&amp;opera=D&amp;id=234" onClick="return ConfirmaExclusao('');"&gt;[Deletar&amp;nbsp;registro] &lt;/a&gt;&lt;a class="noPrint" href="?class=BaixarParcela&amp;id=234"&gt;[Baixar&amp;nbsp;parcela] &lt;/a&gt;&lt;a class="noPrint" href="?class=ImprimirParcela&amp;id=234"&gt;[Imprimir&amp;nbsp;parcela] &lt;/a&gt;&lt;/th&gt;
	&lt;/tr&gt;
	&lt;tr&gt;
		&lt;td class="tabelatd1"&gt;257&lt;/td&gt;
		&lt;td class="tabelatd1"&gt;Tipo Cobranca&lt;/td&gt;
		&lt;td class="tabelatd1"&gt;10/10/2018&lt;/td&gt;
		&lt;td class="tabelatd1"&gt;110.00&lt;/td&gt;
		&lt;td class="tabelatd1"&gt;0.00&lt;/td&gt;
		&lt;td class="tabelatd1"&gt;&lt;/td&gt;
		&lt;td class="tabelatd1"&gt;Fulano de Tal (652.392.539-00)&lt;/td&gt;
		&lt;td class="tabelatd1"&gt;1&lt;/td&gt;
		&lt;td class="tabelatd1"&gt;Patrimonial&lt;/td&gt;
&lt;th class="tabelatd1" border="1"&gt;&lt;a class="noPrint" href="?class=ControleCobranca&amp;opera=A&amp;id=257"&gt;[Alterar] &lt;/a&gt;&lt;a class="noPrint" href="?class=ControleCobranca&amp;opera=C&amp;id=257"&gt;[Consultar] &lt;/a&gt;&lt;a class="noPrint" href="?class=ControleCobranca&amp;opera=D&amp;id=257" onClick="return ConfirmaExclusao('');"&gt;[Deletar&amp;nbsp;registro] &lt;/a&gt;&lt;a class="noPrint" href="?class=BaixarParcela&amp;id=257"&gt;[Baixar&amp;nbsp;parcela] &lt;/a&gt;&lt;a class="noPrint" href="?class=ImprimirParcela&amp;id=257"&gt;[Imprimir&amp;nbsp;parcela] &lt;/a&gt;&lt;/th&gt;
	&lt;/tr&gt;
	&lt;tr&gt;
		&lt;td class="tabelatd2"&gt;57&lt;/td&gt;
		&lt;td class="tabelatd2"&gt;Tipo Cobranca&lt;/td&gt;
		&lt;td class="tabelatd2"&gt;10/10/2018&lt;/td&gt;
		&lt;td class="tabelatd2"&gt;110.00&lt;/td&gt;
		&lt;td class="tabelatd2"&gt;0.00&lt;/td&gt;
		&lt;td class="tabelatd2"&gt;&lt;/td&gt;
		&lt;td class="tabelatd2"&gt;Fulano de Tal (652.392.539-00)&lt;/td&gt;
		&lt;td class="tabelatd2"&gt;1&lt;/td&gt;
		&lt;td class="tabelatd2"&gt;Patrimonial&lt;/td&gt;
&lt;th class="tabelatd2" border="1"&gt;&lt;a class="noPrint" href="?class=ControleCobranca&amp;opera=A&amp;id=57"&gt;[Alterar] &lt;/a&gt;&lt;a class="noPrint" href="?class=ControleCobranca&amp;opera=C&amp;id=57"&gt;[Consultar] &lt;/a&gt;&lt;a class="noPrint" href="?class=ControleCobranca&amp;opera=D&amp;id=57" onClick="return ConfirmaExclusao('');"&gt;[Deletar&amp;nbsp;registro] &lt;/a&gt;&lt;a class="noPrint" href="?class=BaixarParcela&amp;id=57"&gt;[Baixar&amp;nbsp;parcela] &lt;/a&gt;&lt;a class="noPrint" href="?class=ImprimirParcela&amp;id=57"&gt;[Imprimir&amp;nbsp;parcela] &lt;/a&gt;&lt;/th&gt;
	&lt;/tr&gt;
	&lt;tr&gt;
		&lt;td class="tabelatd1"&gt;70&lt;/td&gt;
		&lt;td class="tabelatd1"&gt;Tipo Cobranca&lt;/td&gt;
		&lt;td class="tabelatd1"&gt;10/10/2018&lt;/td&gt;
		&lt;td class="tabelatd1"&gt;110.00&lt;/td&gt;
		&lt;td class="tabelatd1"&gt;0.00&lt;/td&gt;
		&lt;td class="tabelatd1"&gt;&lt;/td&gt;
		&lt;td class="tabelatd1"&gt;Fulano de Tal (652.392.539-00)&lt;/td&gt;
		&lt;td class="tabelatd1"&gt;1&lt;/td&gt;
		&lt;td class="tabelatd1"&gt;Patrimonial&lt;/td&gt;
&lt;th class="tabelatd1" border="1"&gt;&lt;a class="noPrint" href="?class=ControleCobranca&amp;opera=A&amp;id=70"&gt;[Alterar] &lt;/a&gt;&lt;a class="noPrint" href="?class=ControleCobranca&amp;opera=C&amp;id=70"&gt;[Consultar] &lt;/a&gt;&lt;a class="noPrint" href="?class=ControleCobranca&amp;opera=D&amp;id=70" onClick="return ConfirmaExclusao('');"&gt;[Deletar&amp;nbsp;registro] &lt;/a&gt;&lt;a class="noPrint" href="?class=BaixarParcela&amp;id=70"&gt;[Baixar&amp;nbsp;parcela] &lt;/a&gt;&lt;a class="noPrint" href="?class=ImprimirParcela&amp;id=70"&gt;[Imprimir&amp;nbsp;parcela] &lt;/a&gt;&lt;/th&gt;
	&lt;/tr&gt;
	&lt;tr&gt;
		&lt;td class="tabelatd2"&gt;85&lt;/td&gt;
		&lt;td class="tabelatd2"&gt;Tipo Cobranca&lt;/td&gt;
		&lt;td class="tabelatd2"&gt;10/10/2018&lt;/td&gt;
		&lt;td class="tabelatd2"&gt;110.00&lt;/td&gt;
		&lt;td class="tabelatd2"&gt;0.00&lt;/td&gt;
		&lt;td class="tabelatd2"&gt;&lt;/td&gt;
		&lt;td class="tabelatd2"&gt;Fulano de Tal (652.392.539-00)&lt;/td&gt;
		&lt;td class="tabelatd2"&gt;1&lt;/td&gt;
		&lt;td class="tabelatd2"&gt;Patrimonial&lt;/td&gt;
&lt;th class="tabelatd2" border="1"&gt;&lt;a class="noPrint" href="?class=ControleCobranca&amp;opera=A&amp;id=85"&gt;[Alterar] &lt;/a&gt;&lt;a class="noPrint" href="?class=ControleCobranca&amp;opera=C&amp;id=85"&gt;[Consultar] &lt;/a&gt;&lt;a class="noPrint" href="?class=ControleCobranca&amp;opera=D&amp;id=85" onClick="return ConfirmaExclusao('');"&gt;[Deletar&amp;nbsp;registro] &lt;/a&gt;&lt;a class="noPrint" href="?class=BaixarParcela&amp;id=85"&gt;[Baixar&amp;nbsp;parcela] &lt;/a&gt;&lt;a class="noPrint" href="?class=ImprimirParcela&amp;id=85"&gt;[Imprimir&amp;nbsp;parcela] &lt;/a&gt;&lt;/th&gt;
	&lt;/tr&gt;
	&lt;tr&gt;
		&lt;td class="tabelatd1"&gt;101&lt;/td&gt;
		&lt;td class="tabelatd1"&gt;Tipo Cobranca&lt;/td&gt;
		&lt;td class="tabelatd1"&gt;10/10/2018&lt;/td&gt;
		&lt;td class="tabelatd1"&gt;110.00&lt;/td&gt;
		&lt;td class="tabelatd1"&gt;0.00&lt;/td&gt;
		&lt;td class="tabelatd1"&gt;&lt;/td&gt;
		&lt;td class="tabelatd1"&gt;Fulano de Tal (652.392.539-00)&lt;/td&gt;
		&lt;td class="tabelatd1"&gt;1&lt;/td&gt;
		&lt;td class="tabelatd1"&gt;Patrimonial&lt;/td&gt;
&lt;th class="tabelatd1" border="1"&gt;&lt;a class="noPrint" href="?class=ControleCobranca&amp;opera=A&amp;id=101"&gt;[Alterar] &lt;/a&gt;&lt;a class="noPrint" href="?class=ControleCobranca&amp;opera=C&amp;id=101"&gt;[Consultar] &lt;/a&gt;&lt;a class="noPrint" href="?class=ControleCobranca&amp;opera=D&amp;id=101" onClick="return ConfirmaExclusao('');"&gt;[Deletar&amp;nbsp;registro] &lt;/a&gt;&lt;a class="noPrint" href="?class=BaixarParcela&amp;id=101"&gt;[Baixar&amp;nbsp;parcela] &lt;/a&gt;&lt;a class="noPrint" href="?class=ImprimirParcela&amp;id=101"&gt;[Imprimir&amp;nbsp;parcela] &lt;/a&gt;&lt;/th&gt;
	&lt;/tr&gt;
	&lt;tr&gt;
		&lt;td class="tabelatd2"&gt;128&lt;/td&gt;
		&lt;td class="tabelatd2"&gt;Tipo Cobranca&lt;/td&gt;
		&lt;td class="tabelatd2"&gt;10/10/2018&lt;/td&gt;
		&lt;td class="tabelatd2"&gt;110.00&lt;/td&gt;
		&lt;td class="tabelatd2"&gt;0.00&lt;/td&gt;
		&lt;td class="tabelatd2"&gt;&lt;/td&gt;
		&lt;td class="tabelatd2"&gt;Fulano de Tal (652.392.539-00)&lt;/td&gt;
		&lt;td class="tabelatd2"&gt;1&lt;/td&gt;
		&lt;td class="tabelatd2"&gt;Patrimonial&lt;/td&gt;
&lt;th class="tabelatd2" border="1"&gt;&lt;a class="noPrint" href="?class=ControleCobranca&amp;opera=A&amp;id=128"&gt;[Alterar] &lt;/a&gt;&lt;a class="noPrint" href="?class=ControleCobranca&amp;opera=C&amp;id=128"&gt;[Consultar] &lt;/a&gt;&lt;a class="noPrint" href="?class=ControleCobranca&amp;opera=D&amp;id=128" onClick="return ConfirmaExclusao('');"&gt;[Deletar&amp;nbsp;registro] &lt;/a&gt;&lt;a class="noPrint" href="?class=BaixarParcela&amp;id=128"&gt;[Baixar&amp;nbsp;parcela] &lt;/a&gt;&lt;a class="noPrint" href="?class=ImprimirParcela&amp;id=128"&gt;[Imprimir&amp;nbsp;parcela] &lt;/a&gt;&lt;/th&gt;
	&lt;/tr&gt;
	&lt;tr&gt;
		&lt;td class="tabelatd1"&gt;152&lt;/td&gt;
		&lt;td class="tabelatd1"&gt;Tipo Cobranca&lt;/td&gt;
		&lt;td class="tabelatd1"&gt;10/10/2018&lt;/td&gt;
		&lt;td class="tabelatd1"&gt;110.00&lt;/td&gt;
		&lt;td class="tabelatd1"&gt;0.00&lt;/td&gt;
		&lt;td class="tabelatd1"&gt;&lt;/td&gt;
		&lt;td class="tabelatd1"&gt;Fulano de Tal (652.392.539-00)&lt;/td&gt;
		&lt;td class="tabelatd1"&gt;1&lt;/td&gt;
		&lt;td class="tabelatd1"&gt;Patrimonial&lt;/td&gt;
&lt;th class="tabelatd1" border="1"&gt;&lt;a class="noPrint" href="?class=ControleCobranca&amp;opera=A&amp;id=152"&gt;[Alterar] &lt;/a&gt;&lt;a class="noPrint" href="?class=ControleCobranca&amp;opera=C&amp;id=152"&gt;[Consultar] &lt;/a&gt;&lt;a class="noPrint" href="?class=ControleCobranca&amp;opera=D&amp;id=152" onClick="return ConfirmaExclusao('');"&gt;[Deletar&amp;nbsp;registro] &lt;/a&gt;&lt;a class="noPrint" href="?class=BaixarParcela&amp;id=152"&gt;[Baixar&amp;nbsp;parcela] &lt;/a&gt;&lt;a class="noPrint" href="?class=ImprimirParcela&amp;id=152"&gt;[Imprimir&amp;nbsp;parcela] &lt;/a&gt;&lt;/th&gt;
	&lt;/tr&gt;
	&lt;tr&gt;
		&lt;td class="tabelatd2"&gt;172&lt;/td&gt;
		&lt;td class="tabelatd2"&gt;Tipo Cobranca&lt;/td&gt;
		&lt;td class="tabelatd2"&gt;10/10/2018&lt;/td&gt;
		&lt;td class="tabelatd2"&gt;110.00&lt;/td&gt;
		&lt;td class="tabelatd2"&gt;0.00&lt;/td&gt;
		&lt;td class="tabelatd2"&gt;&lt;/td&gt;
		&lt;td class="tabelatd2"&gt;Fulano de Tal (652.392.539-00)&lt;/td&gt;
		&lt;td class="tabelatd2"&gt;1&lt;/td&gt;
		&lt;td class="tabelatd2"&gt;Patrimonial&lt;/td&gt;
&lt;th class="tabelatd2" border="1"&gt;&lt;a class="noPrint" href="?class=ControleCobranca&amp;opera=A&amp;id=172"&gt;[Alterar] &lt;/a&gt;&lt;a class="noPrint" href="?class=ControleCobranca&amp;opera=C&amp;id=172"&gt;[Consultar] &lt;/a&gt;&lt;a class="noPrint" href="?class=ControleCobranca&amp;opera=D&amp;id=172" onClick="return ConfirmaExclusao('');"&gt;[Deletar&amp;nbsp;registro] &lt;/a&gt;&lt;a class="noPrint" href="?class=BaixarParcela&amp;id=172"&gt;[Baixar&amp;nbsp;parcela] &lt;/a&gt;&lt;a class="noPrint" href="?class=ImprimirParcela&amp;id=172"&gt;[Imprimir&amp;nbsp;parcela] &lt;/a&gt;&lt;/th&gt;
	&lt;/tr&gt;
	&lt;tr&gt;
		&lt;td class="tabelatd1"&gt;192&lt;/td&gt;
		&lt;td class="tabelatd1"&gt;Tipo Cobranca&lt;/td&gt;
		&lt;td class="tabelatd1"&gt;10/10/2018&lt;/td&gt;
		&lt;td class="tabelatd1"&gt;110.00&lt;/td&gt;
		&lt;td class="tabelatd1"&gt;0.00&lt;/td&gt;
		&lt;td class="tabelatd1"&gt;&lt;/td&gt;
		&lt;td class="tabelatd1"&gt;Fulano de Tal (652.392.539-00)&lt;/td&gt;
		&lt;td class="tabelatd1"&gt;1&lt;/td&gt;
		&lt;td class="tabelatd1"&gt;Patrimonial&lt;/td&gt;
&lt;th class="tabelatd1" border="1"&gt;&lt;a class="noPrint" href="?class=ControleCobranca&amp;opera=A&amp;id=192"&gt;[Alterar] &lt;/a&gt;&lt;a class="noPrint" href="?class=ControleCobranca&amp;opera=C&amp;id=192"&gt;[Consultar] &lt;/a&gt;&lt;a class="noPrint" href="?class=ControleCobranca&amp;opera=D&amp;id=192" onClick="return ConfirmaExclusao('');"&gt;[Deletar&amp;nbsp;registro] &lt;/a&gt;&lt;a class="noPrint" href="?class=BaixarParcela&amp;id=192"&gt;[Baixar&amp;nbsp;parcela] &lt;/a&gt;&lt;a class="noPrint" href="?class=ImprimirParcela&amp;id=192"&gt;[Imprimir&amp;nbsp;parcela] &lt;/a&gt;&lt;/th&gt;
	&lt;/tr&gt;
	&lt;tr&gt;
		&lt;td class="tabelatd2"&gt;212&lt;/td&gt;
		&lt;td class="tabelatd2"&gt;Tipo Cobranca&lt;/td&gt;
		&lt;td class="tabelatd2"&gt;10/10/2018&lt;/td&gt;
		&lt;td class="tabelatd2"&gt;110.00&lt;/td&gt;
		&lt;td class="tabelatd2"&gt;0.00&lt;/td&gt;
		&lt;td class="tabelatd2"&gt;&lt;/td&gt;
		&lt;td class="tabelatd2"&gt;Fulano de Tal (652.392.539-00)&lt;/td&gt;
		&lt;td class="tabelatd2"&gt;1&lt;/td&gt;
		&lt;td class="tabelatd2"&gt;Patrimonial&lt;/td&gt;
&lt;th class="tabelatd2" border="1"&gt;&lt;a class="noPrint" href="?class=ControleCobranca&amp;opera=A&amp;id=212"&gt;[Alterar] &lt;/a&gt;&lt;a class="noPrint" href="?class=ControleCobranca&amp;opera=C&amp;id=212"&gt;[Consultar] &lt;/a&gt;&lt;a class="noPrint" href="?class=ControleCobranca&amp;opera=D&amp;id=212" onClick="return ConfirmaExclusao('');"&gt;[Deletar&amp;nbsp;registro] &lt;/a&gt;&lt;a class="noPrint" href="?class=BaixarParcela&amp;id=212"&gt;[Baixar&amp;nbsp;parcela] &lt;/a&gt;&lt;a class="noPrint" href="?class=ImprimirParcela&amp;id=212"&gt;[Imprimir&amp;nbsp;parcela] &lt;/a&gt;&lt;/th&gt;
	&lt;/tr&gt;
	&lt;tr&gt;
		&lt;td class="tabelatd1"&gt;235&lt;/td&gt;
		&lt;td class="tabelatd1"&gt;Tipo Cobranca&lt;/td&gt;
		&lt;td class="tabelatd1"&gt;10/10/2018&lt;/td&gt;
		&lt;td class="tabelatd1"&gt;110.00&lt;/td&gt;
		&lt;td class="tabelatd1"&gt;0.00&lt;/td&gt;
		&lt;td class="tabelatd1"&gt;&lt;/td&gt;
		&lt;td class="tabelatd1"&gt;Fulano de Tal (652.392.539-00)&lt;/td&gt;
		&lt;td class="tabelatd1"&gt;1&lt;/td&gt;
		&lt;td class="tabelatd1"&gt;Patrimonial&lt;/td&gt;
&lt;th class="tabelatd1" border="1"&gt;&lt;a class="noPrint" href="?class=ControleCobranca&amp;opera=A&amp;id=235"&gt;[Alterar] &lt;/a&gt;&lt;a class="noPrint" href="?class=ControleCobranca&amp;opera=C&amp;id=235"&gt;[Consultar] &lt;/a&gt;&lt;a class="noPrint" href="?class=ControleCobranca&amp;opera=D&amp;id=235" onClick="return ConfirmaExclusao('');"&gt;[Deletar&amp;nbsp;registro] &lt;/a&gt;&lt;a class="noPrint" href="?class=BaixarParcela&amp;id=235"&gt;[Baixar&amp;nbsp;parcela] &lt;/a&gt;&lt;a class="noPrint" href="?class=ImprimirParcela&amp;id=235"&gt;[Imprimir&amp;nbsp;parcela] &lt;/a&gt;&lt;/th&gt;
	&lt;/tr&gt;
	&lt;tr&gt;
		&lt;td class="tabelatd2"&gt;258&lt;/td&gt;
		&lt;td class="tabelatd2"&gt;Tipo Cobranca&lt;/td&gt;
		&lt;td class="tabelatd2"&gt;10/10/2018&lt;/td&gt;
		&lt;td class="tabelatd2"&gt;110.00&lt;/td&gt;
		&lt;td class="tabelatd2"&gt;0.00&lt;/td&gt;
		&lt;td class="tabelatd2"&gt;&lt;/td&gt;
		&lt;td class="tabelatd2"&gt;Fulano de Tal (652.392.539-00)&lt;/td&gt;
		&lt;td class="tabelatd2"&gt;1&lt;/td&gt;
		&lt;td class="tabelatd2"&gt;Patrimonial&lt;/td&gt;
&lt;th class="tabelatd2" border="1"&gt;&lt;a class="noPrint" href="?class=ControleCobranca&amp;opera=A&amp;id=258"&gt;[Alterar] &lt;/a&gt;&lt;a class="noPrint" href="?class=ControleCobranca&amp;opera=C&amp;id=258"&gt;[Consultar] &lt;/a&gt;&lt;a class="noPrint" href="?class=ControleCobranca&amp;opera=D&amp;id=258" onClick="return ConfirmaExclusao('');"&gt;[Deletar&amp;nbsp;registro] &lt;/a&gt;&lt;a class="noPrint" href="?class=BaixarParcela&amp;id=258"&gt;[Baixar&amp;nbsp;parcela] &lt;/a&gt;&lt;a class="noPrint" href="?class=ImprimirParcela&amp;id=258"&gt;[Imprimir&amp;nbsp;parcela] &lt;/a&gt;&lt;/th&gt;
	&lt;/tr&gt;
	&lt;tr&gt;
		&lt;td class="tabelatd1"&gt;71&lt;/td&gt;
		&lt;td class="tabelatd1"&gt;Tipo Cobranca&lt;/td&gt;
		&lt;td class="tabelatd1"&gt;10/10/2018&lt;/td&gt;
		&lt;td class="tabelatd1"&gt;110.00&lt;/td&gt;
		&lt;td class="tabelatd1"&gt;0.00&lt;/td&gt;
		&lt;td class="tabelatd1"&gt;&lt;/td&gt;
		&lt;td class="tabelatd1"&gt;Fulano de Tal (652.392.539-00)&lt;/td&gt;
		&lt;td class="tabelatd1"&gt;1&lt;/td&gt;
		&lt;td class="tabelatd1"&gt;Patrimonial&lt;/td&gt;
&lt;th class="tabelatd1" border="1"&gt;&lt;a class="noPrint" href="?class=ControleCobranca&amp;opera=A&amp;id=71"&gt;[Alterar] &lt;/a&gt;&lt;a class="noPrint" href="?class=ControleCobranca&amp;opera=C&amp;id=71"&gt;[Consultar] &lt;/a&gt;&lt;a class="noPrint" href="?class=ControleCobranca&amp;opera=D&amp;id=71" onClick="return ConfirmaExclusao('');"&gt;[Deletar&amp;nbsp;registro] &lt;/a&gt;&lt;a class="noPrint" href="?class=BaixarParcela&amp;id=71"&gt;[Baixar&amp;nbsp;parcela] &lt;/a&gt;&lt;a class="noPrint" href="?class=ImprimirParcela&amp;id=71"&gt;[Imprimir&amp;nbsp;parcela] &lt;/a&gt;&lt;/th&gt;
	&lt;/tr&gt;
	&lt;tr&gt;
		&lt;td class="tabelatd2"&gt;86&lt;/td&gt;
		&lt;td class="tabelatd2"&gt;Tipo Cobranca&lt;/td&gt;
		&lt;td class="tabelatd2"&gt;10/10/2018&lt;/td&gt;
		&lt;td class="tabelatd2"&gt;110.00&lt;/td&gt;
		&lt;td class="tabelatd2"&gt;0.00&lt;/td&gt;
		&lt;td class="tabelatd2"&gt;&lt;/td&gt;
		&lt;td class="tabelatd2"&gt;Fulano de Tal (652.392.539-00)&lt;/td&gt;
		&lt;td class="tabelatd2"&gt;1&lt;/td&gt;
		&lt;td class="tabelatd2"&gt;Patrimonial&lt;/td&gt;
&lt;th class="tabelatd2" border="1"&gt;&lt;a class="noPrint" href="?class=ControleCobranca&amp;opera=A&amp;id=86"&gt;[Alterar] &lt;/a&gt;&lt;a class="noPrint" href="?class=ControleCobranca&amp;opera=C&amp;id=86"&gt;[Consultar] &lt;/a&gt;&lt;a class="noPrint" href="?class=ControleCobranca&amp;opera=D&amp;id=86" onClick="return ConfirmaExclusao('');"&gt;[Deletar&amp;nbsp;registro] &lt;/a&gt;&lt;a class="noPrint" href="?class=BaixarParcela&amp;id=86"&gt;[Baixar&amp;nbsp;parcela] &lt;/a&gt;&lt;a class="noPrint" href="?class=ImprimirParcela&amp;id=86"&gt;[Imprimir&amp;nbsp;parcela] &lt;/a&gt;&lt;/th&gt;
	&lt;/tr&gt;
	&lt;tr&gt;
		&lt;td class="tabelatd1"&gt;102&lt;/td&gt;
		&lt;td class="tabelatd1"&gt;Tipo Cobranca&lt;/td&gt;
		&lt;td class="tabelatd1"&gt;10/10/2018&lt;/td&gt;
		&lt;td class="tabelatd1"&gt;110.00&lt;/td&gt;
		&lt;td class="tabelatd1"&gt;0.00&lt;/td&gt;
		&lt;td class="tabelatd1"&gt;&lt;/td&gt;
		&lt;td class="tabelatd1"&gt;Fulano de Tal (652.392.539-00)&lt;/td&gt;
		&lt;td class="tabelatd1"&gt;1&lt;/td&gt;
		&lt;td class="tabelatd1"&gt;Patrimonial&lt;/td&gt;
&lt;th class="tabelatd1" border="1"&gt;&lt;a class="noPrint" href="?class=ControleCobranca&amp;opera=A&amp;id=102"&gt;[Alterar] &lt;/a&gt;&lt;a class="noPrint" href="?class=ControleCobranca&amp;opera=C&amp;id=102"&gt;[Consultar] &lt;/a&gt;&lt;a class="noPrint" href="?class=ControleCobranca&amp;opera=D&amp;id=102" onClick="return ConfirmaExclusao('');"&gt;[Deletar&amp;nbsp;registro] &lt;/a&gt;&lt;a class="noPrint" href="?class=BaixarParcela&amp;id=102"&gt;[Baixar&amp;nbsp;parcela] &lt;/a&gt;&lt;a class="noPrint" href="?class=ImprimirParcela&amp;id=102"&gt;[Imprimir&amp;nbsp;parcela] &lt;/a&gt;&lt;/th&gt;
	&lt;/tr&gt;
	&lt;tr&gt;
		&lt;td class="tabelatd2"&gt;129&lt;/td&gt;
		&lt;td class="tabelatd2"&gt;Tipo Cobranca&lt;/td&gt;
		&lt;td class="tabelatd2"&gt;10/10/2018&lt;/td&gt;
		&lt;td class="tabelatd2"&gt;110.00&lt;/td&gt;
		&lt;td class="tabelatd2"&gt;0.00&lt;/td&gt;
		&lt;td class="tabelatd2"&gt;&lt;/td&gt;
		&lt;td class="tabelatd2"&gt;Fulano de Tal (652.392.539-00)&lt;/td&gt;
		&lt;td class="tabelatd2"&gt;1&lt;/td&gt;
		&lt;td class="tabelatd2"&gt;Patrimonial&lt;/td&gt;
&lt;th class="tabelatd2" border="1"&gt;&lt;a class="noPrint" href="?class=ControleCobranca&amp;opera=A&amp;id=129"&gt;[Alterar] &lt;/a&gt;&lt;a class="noPrint" href="?class=ControleCobranca&amp;opera=C&amp;id=129"&gt;[Consultar] &lt;/a&gt;&lt;a class="noPrint" href="?class=ControleCobranca&amp;opera=D&amp;id=129" onClick="return ConfirmaExclusao('');"&gt;[Deletar&amp;nbsp;registro] &lt;/a&gt;&lt;a class="noPrint" href="?class=BaixarParcela&amp;id=129"&gt;[Baixar&amp;nbsp;parcela] &lt;/a&gt;&lt;a class="noPrint" href="?class=ImprimirParcela&amp;id=129"&gt;[Imprimir&amp;nbsp;parcela] &lt;/a&gt;&lt;/th&gt;
	&lt;/tr&gt;
	&lt;tr&gt;
		&lt;td class="tabelatd1"&gt;153&lt;/td&gt;
		&lt;td class="tabelatd1"&gt;Tipo Cobranca&lt;/td&gt;
		&lt;td class="tabelatd1"&gt;10/10/2018&lt;/td&gt;
		&lt;td class="tabelatd1"&gt;110.00&lt;/td&gt;
		&lt;td class="tabelatd1"&gt;0.00&lt;/td&gt;
		&lt;td class="tabelatd1"&gt;&lt;/td&gt;
		&lt;td class="tabelatd1"&gt;Fulano de Tal (652.392.539-00)&lt;/td&gt;
		&lt;td class="tabelatd1"&gt;1&lt;/td&gt;
		&lt;td class="tabelatd1"&gt;Patrimonial&lt;/td&gt;
&lt;th class="tabelatd1" border="1"&gt;&lt;a class="noPrint" href="?class=ControleCobranca&amp;opera=A&amp;id=153"&gt;[Alterar] &lt;/a&gt;&lt;a class="noPrint" href="?class=ControleCobranca&amp;opera=C&amp;id=153"&gt;[Consultar] &lt;/a&gt;&lt;a class="noPrint" href="?class=ControleCobranca&amp;opera=D&amp;id=153" onClick="return ConfirmaExclusao('');"&gt;[Deletar&amp;nbsp;registro] &lt;/a&gt;&lt;a class="noPrint" href="?class=BaixarParcela&amp;id=153"&gt;[Baixar&amp;nbsp;parcela] &lt;/a&gt;&lt;a class="noPrint" href="?class=ImprimirParcela&amp;id=153"&gt;[Imprimir&amp;nbsp;parcela] &lt;/a&gt;&lt;/th&gt;
	&lt;/tr&gt;
	&lt;tr&gt;
		&lt;td class="tabelatd2"&gt;173&lt;/td&gt;
		&lt;td class="tabelatd2"&gt;Tipo Cobranca&lt;/td&gt;
		&lt;td class="tabelatd2"&gt;10/10/2018&lt;/td&gt;
		&lt;td class="tabelatd2"&gt;110.00&lt;/td&gt;
		&lt;td class="tabelatd2"&gt;0.00&lt;/td&gt;
		&lt;td class="tabelatd2"&gt;&lt;/td&gt;
		&lt;td class="tabelatd2"&gt;Fulano de Tal (652.392.539-00)&lt;/td&gt;
		&lt;td class="tabelatd2"&gt;1&lt;/td&gt;
		&lt;td class="tabelatd2"&gt;Patrimonial&lt;/td&gt;
&lt;th class="tabelatd2" border="1"&gt;&lt;a class="noPrint" href="?class=ControleCobranca&amp;opera=A&amp;id=173"&gt;[Alterar] &lt;/a&gt;&lt;a class="noPrint" href="?class=ControleCobranca&amp;opera=C&amp;id=173"&gt;[Consultar] &lt;/a&gt;&lt;a class="noPrint" href="?class=ControleCobranca&amp;opera=D&amp;id=173" onClick="return ConfirmaExclusao('');"&gt;[Deletar&amp;nbsp;registro] &lt;/a&gt;&lt;a class="noPrint" href="?class=BaixarParcela&amp;id=173"&gt;[Baixar&amp;nbsp;parcela] &lt;/a&gt;&lt;a class="noPrint" href="?class=ImprimirParcela&amp;id=173"&gt;[Imprimir&amp;nbsp;parcela] &lt;/a&gt;&lt;/th&gt;
	&lt;/tr&gt;
	&lt;tr&gt;
		&lt;td class="tabelatd1"&gt;193&lt;/td&gt;
		&lt;td class="tabelatd1"&gt;Tipo Cobranca&lt;/td&gt;
		&lt;td class="tabelatd1"&gt;10/10/2018&lt;/td&gt;
		&lt;td class="tabelatd1"&gt;110.00&lt;/td&gt;
		&lt;td class="tabelatd1"&gt;0.00&lt;/td&gt;
		&lt;td class="tabelatd1"&gt;&lt;/td&gt;
		&lt;td class="tabelatd1"&gt;Fulano de Tal (652.392.539-00)&lt;/td&gt;
		&lt;td class="tabelatd1"&gt;1&lt;/td&gt;
		&lt;td class="tabelatd1"&gt;Patrimonial&lt;/td&gt;
&lt;th class="tabelatd1" border="1"&gt;&lt;a class="noPrint" href="?class=ControleCobranca&amp;opera=A&amp;id=193"&gt;[Alterar] &lt;/a&gt;&lt;a class="noPrint" href="?class=ControleCobranca&amp;opera=C&amp;id=193"&gt;[Consultar] &lt;/a&gt;&lt;a class="noPrint" href="?class=ControleCobranca&amp;opera=D&amp;id=193" onClick="return ConfirmaExclusao('');"&gt;[Deletar&amp;nbsp;registro] &lt;/a&gt;&lt;a class="noPrint" href="?class=BaixarParcela&amp;id=193"&gt;[Baixar&amp;nbsp;parcela] &lt;/a&gt;&lt;a class="noPrint" href="?class=ImprimirParcela&amp;id=193"&gt;[Imprimir&amp;nbsp;parcela] &lt;/a&gt;&lt;/th&gt;
	&lt;/tr&gt;
	&lt;tr&gt;
		&lt;td class="tabelatd2"&gt;213&lt;/td&gt;
		&lt;td class="tabelatd2"&gt;Tipo Cobranca&lt;/td&gt;
		&lt;td class="tabelatd2"&gt;10/10/2018&lt;/td&gt;
		&lt;td class="tabelatd2"&gt;110.00&lt;/td&gt;
		&lt;td class="tabelatd2"&gt;0.00&lt;/td&gt;
		&lt;td class="tabelatd2"&gt;&lt;/td&gt;
		&lt;td class="tabelatd2"&gt;Fulano de Tal (652.392.539-00)&lt;/td&gt;
		&lt;td class="tabelatd2"&gt;1&lt;/td&gt;
		&lt;td class="tabelatd2"&gt;Patrimonial&lt;/td&gt;
&lt;th class="tabelatd2" border="1"&gt;&lt;a class="noPrint" href="?class=ControleCobranca&amp;opera=A&amp;id=213"&gt;[Alterar] &lt;/a&gt;&lt;a class="noPrint" href="?class=ControleCobranca&amp;opera=C&amp;id=213"&gt;[Consultar] &lt;/a&gt;&lt;a class="noPrint" href="?class=ControleCobranca&amp;opera=D&amp;id=213" onClick="return ConfirmaExclusao('');"&gt;[Deletar&amp;nbsp;registro] &lt;/a&gt;&lt;a class="noPrint" href="?class=BaixarParcela&amp;id=213"&gt;[Baixar&amp;nbsp;parcela] &lt;/a&gt;&lt;a class="noPrint" href="?class=ImprimirParcela&amp;id=213"&gt;[Imprimir&amp;nbsp;parcela] &lt;/a&gt;&lt;/th&gt;
	&lt;/tr&gt;
	&lt;tr&gt;
		&lt;td class="tabelatd1"&gt;236&lt;/td&gt;
		&lt;td class="tabelatd1"&gt;Tipo Cobranca&lt;/td&gt;
		&lt;td class="tabelatd1"&gt;10/10/2018&lt;/td&gt;
		&lt;td class="tabelatd1"&gt;110.00&lt;/td&gt;
		&lt;td class="tabelatd1"&gt;0.00&lt;/td&gt;
		&lt;td class="tabelatd1"&gt;&lt;/td&gt;
		&lt;td class="tabelatd1"&gt;Fulano de Tal (652.392.539-00)&lt;/td&gt;
		&lt;td class="tabelatd1"&gt;1&lt;/td&gt;
		&lt;td class="tabelatd1"&gt;Patrimonial&lt;/td&gt;
&lt;th class="tabelatd1" border="1"&gt;&lt;a class="noPrint" href="?class=ControleCobranca&amp;opera=A&amp;id=236"&gt;[Alterar] &lt;/a&gt;&lt;a class="noPrint" href="?class=ControleCobranca&amp;opera=C&amp;id=236"&gt;[Consultar] &lt;/a&gt;&lt;a class="noPrint" href="?class=ControleCobranca&amp;opera=D&amp;id=236" onClick="return ConfirmaExclusao('');"&gt;[Deletar&amp;nbsp;registro] &lt;/a&gt;&lt;a class="noPrint" href="?class=BaixarParcela&amp;id=236"&gt;[Baixar&amp;nbsp;parcela] &lt;/a&gt;&lt;a class="noPrint" href="?class=ImprimirParcela&amp;id=236"&gt;[Imprimir&amp;nbsp;parcela] &lt;/a&gt;&lt;/th&gt;
	&lt;/tr&gt;
	&lt;tr&gt;
		&lt;td class="tabelatd2"&gt;259&lt;/td&gt;
		&lt;td class="tabelatd2"&gt;Tipo Cobranca&lt;/td&gt;
		&lt;td class="tabelatd2"&gt;10/10/2018&lt;/td&gt;
		&lt;td class="tabelatd2"&gt;110.00&lt;/td&gt;
		&lt;td class="tabelatd2"&gt;0.00&lt;/td&gt;
		&lt;td class="tabelatd2"&gt;&lt;/td&gt;
		&lt;td class="tabelatd2"&gt;Fulano de Tal (652.392.539-00)&lt;/td&gt;
		&lt;td class="tabelatd2"&gt;1&lt;/td&gt;
		&lt;td class="tabelatd2"&gt;Patrimonial&lt;/td&gt;
&lt;th class="tabelatd2" border="1"&gt;&lt;a class="noPrint" href="?class=ControleCobranca&amp;opera=A&amp;id=259"&gt;[Alterar] &lt;/a&gt;&lt;a class="noPrint" href="?class=ControleCobranca&amp;opera=C&amp;id=259"&gt;[Consultar] &lt;/a&gt;&lt;a class="noPrint" href="?class=ControleCobranca&amp;opera=D&amp;id=259" onClick="return ConfirmaExclusao('');"&gt;[Deletar&amp;nbsp;registro] &lt;/a&gt;&lt;a class="noPrint" href="?class=BaixarParcela&amp;id=259"&gt;[Baixar&amp;nbsp;parcela] &lt;/a&gt;&lt;a class="noPrint" href="?class=ImprimirParcela&amp;id=259"&gt;[Imprimir&amp;nbsp;parcela] &lt;/a&gt;&lt;/th&gt;
	&lt;/tr&gt;
	&lt;tr&gt;
		&lt;td class="tabelatd1"&gt;87&lt;/td&gt;
		&lt;td class="tabelatd1"&gt;Tipo Cobranca&lt;/td&gt;
		&lt;td class="tabelatd1"&gt;10/10/2018&lt;/td&gt;
		&lt;td class="tabelatd1"&gt;110.00&lt;/td&gt;
		&lt;td class="tabelatd1"&gt;0.00&lt;/td&gt;
		&lt;td class="tabelatd1"&gt;&lt;/td&gt;
		&lt;td class="tabelatd1"&gt;Fulano de Tal (652.392.539-00)&lt;/td&gt;
		&lt;td class="tabelatd1"&gt;1&lt;/td&gt;
		&lt;td class="tabelatd1"&gt;Patrimonial&lt;/td&gt;
&lt;th class="tabelatd1" border="1"&gt;&lt;a class="noPrint" href="?class=ControleCobranca&amp;opera=A&amp;id=87"&gt;[Alterar] &lt;/a&gt;&lt;a class="noPrint" href="?class=ControleCobranca&amp;opera=C&amp;id=87"&gt;[Consultar] &lt;/a&gt;&lt;a class="noPrint" href="?class=ControleCobranca&amp;opera=D&amp;id=87" onClick="return ConfirmaExclusao('');"&gt;[Deletar&amp;nbsp;registro] &lt;/a&gt;&lt;a class="noPrint" href="?class=BaixarParcela&amp;id=87"&gt;[Baixar&amp;nbsp;parcela] &lt;/a&gt;&lt;a class="noPrint" href="?class=ImprimirParcela&amp;id=87"&gt;[Imprimir&amp;nbsp;parcela] &lt;/a&gt;&lt;/th&gt;
	&lt;/tr&gt;
	&lt;tr&gt;
		&lt;td class="tabelatd2"&gt;103&lt;/td&gt;
		&lt;td class="tabelatd2"&gt;Tipo Cobranca&lt;/td&gt;
		&lt;td class="tabelatd2"&gt;10/10/2018&lt;/td&gt;
		&lt;td class="tabelatd2"&gt;110.00&lt;/td&gt;
		&lt;td class="tabelatd2"&gt;0.00&lt;/td&gt;
		&lt;td class="tabelatd2"&gt;&lt;/td&gt;
		&lt;td class="tabelatd2"&gt;Fulano de Tal (652.392.539-00)&lt;/td&gt;
		&lt;td class="tabelatd2"&gt;1&lt;/td&gt;
		&lt;td class="tabelatd2"&gt;Patrimonial&lt;/td&gt;
&lt;th class="tabelatd2" border="1"&gt;&lt;a class="noPrint" href="?class=ControleCobranca&amp;opera=A&amp;id=103"&gt;[Alterar] &lt;/a&gt;&lt;a class="noPrint" href="?class=ControleCobranca&amp;opera=C&amp;id=103"&gt;[Consultar] &lt;/a&gt;&lt;a class="noPrint" href="?class=ControleCobranca&amp;opera=D&amp;id=103" onClick="return ConfirmaExclusao('');"&gt;[Deletar&amp;nbsp;registro] &lt;/a&gt;&lt;a class="noPrint" href="?class=BaixarParcela&amp;id=103"&gt;[Baixar&amp;nbsp;parcela] &lt;/a&gt;&lt;a class="noPrint" href="?class=ImprimirParcela&amp;id=103"&gt;[Imprimir&amp;nbsp;parcela] &lt;/a&gt;&lt;/th&gt;
	&lt;/tr&gt;
	&lt;tr&gt;
		&lt;td class="tabelatd1"&gt;130&lt;/td&gt;
		&lt;td class="tabelatd1"&gt;Tipo Cobranca&lt;/td&gt;
		&lt;td class="tabelatd1"&gt;10/10/2018&lt;/td&gt;
		&lt;td class="tabelatd1"&gt;110.00&lt;/td&gt;
		&lt;td class="tabelatd1"&gt;0.00&lt;/td&gt;
		&lt;td class="tabelatd1"&gt;&lt;/td&gt;
		&lt;td class="tabelatd1"&gt;Fulano de Tal (652.392.539-00)&lt;/td&gt;
		&lt;td class="tabelatd1"&gt;1&lt;/td&gt;
		&lt;td class="tabelatd1"&gt;Patrimonial&lt;/td&gt;
&lt;th class="tabelatd1" border="1"&gt;&lt;a class="noPrint" href="?class=ControleCobranca&amp;opera=A&amp;id=130"&gt;[Alterar] &lt;/a&gt;&lt;a class="noPrint" href="?class=ControleCobranca&amp;opera=C&amp;id=130"&gt;[Consultar] &lt;/a&gt;&lt;a class="noPrint" href="?class=ControleCobranca&amp;opera=D&amp;id=130" onClick="return ConfirmaExclusao('');"&gt;[Deletar&amp;nbsp;registro] &lt;/a&gt;&lt;a class="noPrint" href="?class=BaixarParcela&amp;id=130"&gt;[Baixar&amp;nbsp;parcela] &lt;/a&gt;&lt;a class="noPrint" href="?class=ImprimirParcela&amp;id=130"&gt;[Imprimir&amp;nbsp;parcela] &lt;/a&gt;&lt;/th&gt;
	&lt;/tr&gt;
	&lt;tr&gt;
		&lt;td class="tabelatd2"&gt;154&lt;/td&gt;
		&lt;td class="tabelatd2"&gt;Tipo Cobranca&lt;/td&gt;
		&lt;td class="tabelatd2"&gt;10/10/2018&lt;/td&gt;
		&lt;td class="tabelatd2"&gt;110.00&lt;/td&gt;
		&lt;td class="tabelatd2"&gt;0.00&lt;/td&gt;
		&lt;td class="tabelatd2"&gt;&lt;/td&gt;
		&lt;td class="tabelatd2"&gt;Fulano de Tal (652.392.539-00)&lt;/td&gt;
		&lt;td class="tabelatd2"&gt;1&lt;/td&gt;
		&lt;td class="tabelatd2"&gt;Patrimonial&lt;/td&gt;
&lt;th class="tabelatd2" border="1"&gt;&lt;a class="noPrint" href="?class=ControleCobranca&amp;opera=A&amp;id=154"&gt;[Alterar] &lt;/a&gt;&lt;a class="noPrint" href="?class=ControleCobranca&amp;opera=C&amp;id=154"&gt;[Consultar] &lt;/a&gt;&lt;a class="noPrint" href="?class=ControleCobranca&amp;opera=D&amp;id=154" onClick="return ConfirmaExclusao('');"&gt;[Deletar&amp;nbsp;registro] &lt;/a&gt;&lt;a class="noPrint" href="?class=BaixarParcela&amp;id=154"&gt;[Baixar&amp;nbsp;parcela] &lt;/a&gt;&lt;a class="noPrint" href="?class=ImprimirParcela&amp;id=154"&gt;[Imprimir&amp;nbsp;parcela] &lt;/a&gt;&lt;/th&gt;
	&lt;/tr&gt;
	&lt;tr&gt;
		&lt;td class="tabelatd1"&gt;174&lt;/td&gt;
		&lt;td class="tabelatd1"&gt;Tipo Cobranca&lt;/td&gt;
		&lt;td class="tabelatd1"&gt;10/10/2018&lt;/td&gt;
		&lt;td class="tabelatd1"&gt;110.00&lt;/td&gt;
		&lt;td class="tabelatd1"&gt;0.00&lt;/td&gt;
		&lt;td class="tabelatd1"&gt;&lt;/td&gt;
		&lt;td class="tabelatd1"&gt;Fulano de Tal (652.392.539-00)&lt;/td&gt;
		&lt;td class="tabelatd1"&gt;1&lt;/td&gt;
		&lt;td class="tabelatd1"&gt;Patrimonial&lt;/td&gt;
&lt;th class="tabelatd1" border="1"&gt;&lt;a class="noPrint" href="?class=ControleCobranca&amp;opera=A&amp;id=174"&gt;[Alterar] &lt;/a&gt;&lt;a class="noPrint" href="?class=ControleCobranca&amp;opera=C&amp;id=174"&gt;[Consultar] &lt;/a&gt;&lt;a class="noPrint" href="?class=ControleCobranca&amp;opera=D&amp;id=174" onClick="return ConfirmaExclusao('');"&gt;[Deletar&amp;nbsp;registro] &lt;/a&gt;&lt;a class="noPrint" href="?class=BaixarParcela&amp;id=174"&gt;[Baixar&amp;nbsp;parcela] &lt;/a&gt;&lt;a class="noPrint" href="?class=ImprimirParcela&amp;id=174"&gt;[Imprimir&amp;nbsp;parcela] &lt;/a&gt;&lt;/th&gt;
	&lt;/tr&gt;
	&lt;tr&gt;
		&lt;td class="tabelatd2"&gt;194&lt;/td&gt;
		&lt;td class="tabelatd2"&gt;Tipo Cobranca&lt;/td&gt;
		&lt;td class="tabelatd2"&gt;10/10/2018&lt;/td&gt;
		&lt;td class="tabelatd2"&gt;110.00&lt;/td&gt;
		&lt;td class="tabelatd2"&gt;0.00&lt;/td&gt;
		&lt;td class="tabelatd2"&gt;&lt;/td&gt;
		&lt;td class="tabelatd2"&gt;Fulano de Tal (652.392.539-00)&lt;/td&gt;
		&lt;td class="tabelatd2"&gt;1&lt;/td&gt;
		&lt;td class="tabelatd2"&gt;Patrimonial&lt;/td&gt;
&lt;th class="tabelatd2" border="1"&gt;&lt;a class="noPrint" href="?class=ControleCobranca&amp;opera=A&amp;id=194"&gt;[Alterar] &lt;/a&gt;&lt;a class="noPrint" href="?class=ControleCobranca&amp;opera=C&amp;id=194"&gt;[Consultar] &lt;/a&gt;&lt;a class="noPrint" href="?class=ControleCobranca&amp;opera=D&amp;id=194" onClick="return ConfirmaExclusao('');"&gt;[Deletar&amp;nbsp;registro] &lt;/a&gt;&lt;a class="noPrint" href="?class=BaixarParcela&amp;id=194"&gt;[Baixar&amp;nbsp;parcela] &lt;/a&gt;&lt;a class="noPrint" href="?class=ImprimirParcela&amp;id=194"&gt;[Imprimir&amp;nbsp;parcela] &lt;/a&gt;&lt;/th&gt;
	&lt;/tr&gt;
	&lt;tr&gt;
		&lt;td class="tabelatd1"&gt;214&lt;/td&gt;
		&lt;td class="tabelatd1"&gt;Tipo Cobranca&lt;/td&gt;
		&lt;td class="tabelatd1"&gt;10/10/2018&lt;/td&gt;
		&lt;td class="tabelatd1"&gt;110.00&lt;/td&gt;
		&lt;td class="tabelatd1"&gt;0.00&lt;/td&gt;
		&lt;td class="tabelatd1"&gt;&lt;/td&gt;
		&lt;td class="tabelatd1"&gt;Fulano de Tal (652.392.539-00)&lt;/td&gt;
		&lt;td class="tabelatd1"&gt;1&lt;/td&gt;
		&lt;td class="tabelatd1"&gt;Patrimonial&lt;/td&gt;
&lt;th class="tabelatd1" border="1"&gt;&lt;a class="noPrint" href="?class=ControleCobranca&amp;opera=A&amp;id=214"&gt;[Alterar] &lt;/a&gt;&lt;a class="noPrint" href="?class=ControleCobranca&amp;opera=C&amp;id=214"&gt;[Consultar] &lt;/a&gt;&lt;a class="noPrint" href="?class=ControleCobranca&amp;opera=D&amp;id=214" onClick="return ConfirmaExclusao('');"&gt;[Deletar&amp;nbsp;registro] &lt;/a&gt;&lt;a class="noPrint" href="?class=BaixarParcela&amp;id=214"&gt;[Baixar&amp;nbsp;parcela] &lt;/a&gt;&lt;a class="noPrint" href="?class=ImprimirParcela&amp;id=214"&gt;[Imprimir&amp;nbsp;parcela] &lt;/a&gt;&lt;/th&gt;
	&lt;/tr&gt;
	&lt;tr&gt;
		&lt;td class="tabelatd2"&gt;237&lt;/td&gt;
		&lt;td class="tabelatd2"&gt;Tipo Cobranca&lt;/td&gt;
		&lt;td class="tabelatd2"&gt;10/10/2018&lt;/td&gt;
		&lt;td class="tabelatd2"&gt;110.00&lt;/td&gt;
		&lt;td class="tabelatd2"&gt;0.00&lt;/td&gt;
		&lt;td class="tabelatd2"&gt;&lt;/td&gt;
		&lt;td class="tabelatd2"&gt;Fulano de Tal (652.392.539-00)&lt;/td&gt;
		&lt;td class="tabelatd2"&gt;1&lt;/td&gt;
		&lt;td class="tabelatd2"&gt;Patrimonial&lt;/td&gt;
&lt;th class="tabelatd2" border="1"&gt;&lt;a class="noPrint" href="?class=ControleCobranca&amp;opera=A&amp;id=237"&gt;[Alterar] &lt;/a&gt;&lt;a class="noPrint" href="?class=ControleCobranca&amp;opera=C&amp;id=237"&gt;[Consultar] &lt;/a&gt;&lt;a class="noPrint" href="?class=ControleCobranca&amp;opera=D&amp;id=237" onClick="return ConfirmaExclusao('');"&gt;[Deletar&amp;nbsp;registro] &lt;/a&gt;&lt;a class="noPrint" href="?class=BaixarParcela&amp;id=237"&gt;[Baixar&amp;nbsp;parcela] &lt;/a&gt;&lt;a class="noPrint" href="?class=ImprimirParcela&amp;id=237"&gt;[Imprimir&amp;nbsp;parcela] &lt;/a&gt;&lt;/th&gt;
	&lt;/tr&gt;
	&lt;tr&gt;
		&lt;td class="tabelatd1"&gt;260&lt;/td&gt;
		&lt;td class="tabelatd1"&gt;Tipo Cobranca&lt;/td&gt;
		&lt;td class="tabelatd1"&gt;10/10/2018&lt;/td&gt;
		&lt;td class="tabelatd1"&gt;110.00&lt;/td&gt;
		&lt;td class="tabelatd1"&gt;0.00&lt;/td&gt;
		&lt;td class="tabelatd1"&gt;&lt;/td&gt;
		&lt;td class="tabelatd1"&gt;Fulano de Tal (652.392.539-00)&lt;/td&gt;
		&lt;td class="tabelatd1"&gt;1&lt;/td&gt;
		&lt;td class="tabelatd1"&gt;Patrimonial&lt;/td&gt;
&lt;th class="tabelatd1" border="1"&gt;&lt;a class="noPrint" href="?class=ControleCobranca&amp;opera=A&amp;id=260"&gt;[Alterar] &lt;/a&gt;&lt;a class="noPrint" href="?class=ControleCobranca&amp;opera=C&amp;id=260"&gt;[Consultar] &lt;/a&gt;&lt;a class="noPrint" href="?class=ControleCobranca&amp;opera=D&amp;id=260" onClick="return ConfirmaExclusao('');"&gt;[Deletar&amp;nbsp;registro] &lt;/a&gt;&lt;a class="noPrint" href="?class=BaixarParcela&amp;id=260"&gt;[Baixar&amp;nbsp;parcela] &lt;/a&gt;&lt;a class="noPrint" href="?class=ImprimirParcela&amp;id=260"&gt;[Imprimir&amp;nbsp;parcela] &lt;/a&gt;&lt;/th&gt;
	&lt;/tr&gt;
	&lt;tr&gt;
		&lt;td class="tabelatd2"&gt;131&lt;/td&gt;
		&lt;td class="tabelatd2"&gt;Tipo Cobranca&lt;/td&gt;
		&lt;td class="tabelatd2"&gt;10/10/2018&lt;/td&gt;
		&lt;td class="tabelatd2"&gt;110.00&lt;/td&gt;
		&lt;td class="tabelatd2"&gt;0.00&lt;/td&gt;
		&lt;td class="tabelatd2"&gt;&lt;/td&gt;
		&lt;td class="tabelatd2"&gt;Fulano de Tal (652.392.539-00)&lt;/td&gt;
		&lt;td class="tabelatd2"&gt;1&lt;/td&gt;
		&lt;td class="tabelatd2"&gt;Patrimonial&lt;/td&gt;
&lt;th class="tabelatd2" border="1"&gt;&lt;a class="noPrint" href="?class=ControleCobranca&amp;opera=A&amp;id=131"&gt;[Alterar] &lt;/a&gt;&lt;a class="noPrint" href="?class=ControleCobranca&amp;opera=C&amp;id=131"&gt;[Consultar] &lt;/a&gt;&lt;a class="noPrint" href="?class=ControleCobranca&amp;opera=D&amp;id=131" onClick="return ConfirmaExclusao('');"&gt;[Deletar&amp;nbsp;registro] &lt;/a&gt;&lt;a class="noPrint" href="?class=BaixarParcela&amp;id=131"&gt;[Baixar&amp;nbsp;parcela] &lt;/a&gt;&lt;a class="noPrint" href="?class=ImprimirParcela&amp;id=131"&gt;[Imprimir&amp;nbsp;parcela] &lt;/a&gt;&lt;/th&gt;
	&lt;/tr&gt;
	&lt;tr&gt;
		&lt;td class="tabelatd1"&gt;155&lt;/td&gt;
		&lt;td class="tabelatd1"&gt;Tipo Cobranca&lt;/td&gt;
		&lt;td class="tabelatd1"&gt;10/10/2018&lt;/td&gt;
		&lt;td class="tabelatd1"&gt;110.00&lt;/td&gt;
		&lt;td class="tabelatd1"&gt;0.00&lt;/td&gt;
		&lt;td class="tabelatd1"&gt;&lt;/td&gt;
		&lt;td class="tabelatd1"&gt;Fulano de Tal (652.392.539-00)&lt;/td&gt;
		&lt;td class="tabelatd1"&gt;1&lt;/td&gt;
		&lt;td class="tabelatd1"&gt;Patrimonial&lt;/td&gt;
&lt;th class="tabelatd1" border="1"&gt;&lt;a class="noPrint" href="?class=ControleCobranca&amp;opera=A&amp;id=155"&gt;[Alterar] &lt;/a&gt;&lt;a class="noPrint" href="?class=ControleCobranca&amp;opera=C&amp;id=155"&gt;[Consultar] &lt;/a&gt;&lt;a class="noPrint" href="?class=ControleCobranca&amp;opera=D&amp;id=155" onClick="return ConfirmaExclusao('');"&gt;[Deletar&amp;nbsp;registro] &lt;/a&gt;&lt;a class="noPrint" href="?class=BaixarParcela&amp;id=155"&gt;[Baixar&amp;nbsp;parcela] &lt;/a&gt;&lt;a class="noPrint" href="?class=ImprimirParcela&amp;id=155"&gt;[Imprimir&amp;nbsp;parcela] &lt;/a&gt;&lt;/th&gt;
	&lt;/tr&gt;
	&lt;tr&gt;
		&lt;td class="tabelatd2"&gt;175&lt;/td&gt;
		&lt;td class="tabelatd2"&gt;Tipo Cobranca&lt;/td&gt;
		&lt;td class="tabelatd2"&gt;10/10/2018&lt;/td&gt;
		&lt;td class="tabelatd2"&gt;110.00&lt;/td&gt;
		&lt;td class="tabelatd2"&gt;0.00&lt;/td&gt;
		&lt;td class="tabelatd2"&gt;&lt;/td&gt;
		&lt;td class="tabelatd2"&gt;Fulano de Tal (652.392.539-00)&lt;/td&gt;
		&lt;td class="tabelatd2"&gt;1&lt;/td&gt;
		&lt;td class="tabelatd2"&gt;Patrimonial&lt;/td&gt;
&lt;th class="tabelatd2" border="1"&gt;&lt;a class="noPrint" href="?class=ControleCobranca&amp;opera=A&amp;id=175"&gt;[Alterar] &lt;/a&gt;&lt;a class="noPrint" href="?class=ControleCobranca&amp;opera=C&amp;id=175"&gt;[Consultar] &lt;/a&gt;&lt;a class="noPrint" href="?class=ControleCobranca&amp;opera=D&amp;id=175" onClick="return ConfirmaExclusao('');"&gt;[Deletar&amp;nbsp;registro] &lt;/a&gt;&lt;a class="noPrint" href="?class=BaixarParcela&amp;id=175"&gt;[Baixar&amp;nbsp;parcela] &lt;/a&gt;&lt;a class="noPrint" href="?class=ImprimirParcela&amp;id=175"&gt;[Imprimir&amp;nbsp;parcela] &lt;/a&gt;&lt;/th&gt;
	&lt;/tr&gt;
	&lt;tr&gt;
		&lt;td class="tabelatd1"&gt;195&lt;/td&gt;
		&lt;td class="tabelatd1"&gt;Tipo Cobranca&lt;/td&gt;
		&lt;td class="tabelatd1"&gt;10/10/2018&lt;/td&gt;
		&lt;td class="tabelatd1"&gt;110.00&lt;/td&gt;
		&lt;td class="tabelatd1"&gt;0.00&lt;/td&gt;
		&lt;td class="tabelatd1"&gt;&lt;/td&gt;
		&lt;td class="tabelatd1"&gt;Fulano de Tal (652.392.539-00)&lt;/td&gt;
		&lt;td class="tabelatd1"&gt;1&lt;/td&gt;
		&lt;td class="tabelatd1"&gt;Patrimonial&lt;/td&gt;
&lt;th class="tabelatd1" border="1"&gt;&lt;a class="noPrint" href="?class=ControleCobranca&amp;opera=A&amp;id=195"&gt;[Alterar] &lt;/a&gt;&lt;a class="noPrint" href="?class=ControleCobranca&amp;opera=C&amp;id=195"&gt;[Consultar] &lt;/a&gt;&lt;a class="noPrint" href="?class=ControleCobranca&amp;opera=D&amp;id=195" onClick="return ConfirmaExclusao('');"&gt;[Deletar&amp;nbsp;registro] &lt;/a&gt;&lt;a class="noPrint" href="?class=BaixarParcela&amp;id=195"&gt;[Baixar&amp;nbsp;parcela] &lt;/a&gt;&lt;a class="noPrint" href="?class=ImprimirParcela&amp;id=195"&gt;[Imprimir&amp;nbsp;parcela] &lt;/a&gt;&lt;/th&gt;
	&lt;/tr&gt;
	&lt;tr&gt;
		&lt;td class="tabelatd2"&gt;215&lt;/td&gt;
		&lt;td class="tabelatd2"&gt;Tipo Cobranca&lt;/td&gt;
		&lt;td class="tabelatd2"&gt;10/10/2018&lt;/td&gt;
		&lt;td class="tabelatd2"&gt;110.00&lt;/td&gt;
		&lt;td class="tabelatd2"&gt;0.00&lt;/td&gt;
		&lt;td class="tabelatd2"&gt;&lt;/td&gt;
		&lt;td class="tabelatd2"&gt;Fulano de Tal (652.392.539-00)&lt;/td&gt;
		&lt;td class="tabelatd2"&gt;1&lt;/td&gt;
		&lt;td class="tabelatd2"&gt;Patrimonial&lt;/td&gt;
&lt;th class="tabelatd2" border="1"&gt;&lt;a class="noPrint" href="?class=ControleCobranca&amp;opera=A&amp;id=215"&gt;[Alterar] &lt;/a&gt;&lt;a class="noPrint" href="?class=ControleCobranca&amp;opera=C&amp;id=215"&gt;[Consultar] &lt;/a&gt;&lt;a class="noPrint" href="?class=ControleCobranca&amp;opera=D&amp;id=215" onClick="return ConfirmaExclusao('');"&gt;[Deletar&amp;nbsp;registro] &lt;/a&gt;&lt;a class="noPrint" href="?class=BaixarParcela&amp;id=215"&gt;[Baixar&amp;nbsp;parcela] &lt;/a&gt;&lt;a class="noPrint" href="?class=ImprimirParcela&amp;id=215"&gt;[Imprimir&amp;nbsp;parcela] &lt;/a&gt;&lt;/th&gt;
	&lt;/tr&gt;
	&lt;tr&gt;
		&lt;td class="tabelatd1"&gt;238&lt;/td&gt;
		&lt;td class="tabelatd1"&gt;Tipo Cobranca&lt;/td&gt;
		&lt;td class="tabelatd1"&gt;10/10/2018&lt;/td&gt;
		&lt;td class="tabelatd1"&gt;110.00&lt;/td&gt;
		&lt;td class="tabelatd1"&gt;0.00&lt;/td&gt;
		&lt;td class="tabelatd1"&gt;&lt;/td&gt;
		&lt;td class="tabelatd1"&gt;Fulano de Tal (652.392.539-00)&lt;/td&gt;
		&lt;td class="tabelatd1"&gt;1&lt;/td&gt;
		&lt;td class="tabelatd1"&gt;Patrimonial&lt;/td&gt;
&lt;th class="tabelatd1" border="1"&gt;&lt;a class="noPrint" href="?class=ControleCobranca&amp;opera=A&amp;id=238"&gt;[Alterar] &lt;/a&gt;&lt;a class="noPrint" href="?class=ControleCobranca&amp;opera=C&amp;id=238"&gt;[Consultar] &lt;/a&gt;&lt;a class="noPrint" href="?class=ControleCobranca&amp;opera=D&amp;id=238" onClick="return ConfirmaExclusao('');"&gt;[Deletar&amp;nbsp;registro] &lt;/a&gt;&lt;a class="noPrint" href="?class=BaixarParcela&amp;id=238"&gt;[Baixar&amp;nbsp;parcela] &lt;/a&gt;&lt;a class="noPrint" href="?class=ImprimirParcela&amp;id=238"&gt;[Imprimir&amp;nbsp;parcela] &lt;/a&gt;&lt;/th&gt;
	&lt;/tr&gt;
	&lt;tr&gt;
		&lt;td class="tabelatd2"&gt;261&lt;/td&gt;
		&lt;td class="tabelatd2"&gt;Tipo Cobranca&lt;/td&gt;
		&lt;td class="tabelatd2"&gt;10/10/2018&lt;/td&gt;
		&lt;td class="tabelatd2"&gt;110.00&lt;/td&gt;
		&lt;td class="tabelatd2"&gt;0.00&lt;/td&gt;
		&lt;td class="tabelatd2"&gt;&lt;/td&gt;
		&lt;td class="tabelatd2"&gt;Fulano de Tal (652.392.539-00)&lt;/td&gt;
		&lt;td class="tabelatd2"&gt;1&lt;/td&gt;
		&lt;td class="tabelatd2"&gt;Patrimonial&lt;/td&gt;
&lt;th class="tabelatd2" border="1"&gt;&lt;a class="noPrint" href="?class=ControleCobranca&amp;opera=A&amp;id=261"&gt;[Alterar] &lt;/a&gt;&lt;a class="noPrint" href="?class=ControleCobranca&amp;opera=C&amp;id=261"&gt;[Consultar] &lt;/a&gt;&lt;a class="noPrint" href="?class=ControleCobranca&amp;opera=D&amp;id=261" onClick="return ConfirmaExclusao('');"&gt;[Deletar&amp;nbsp;registro] &lt;/a&gt;&lt;a class="noPrint" href="?class=BaixarParcela&amp;id=261"&gt;[Baixar&amp;nbsp;parcela] &lt;/a&gt;&lt;a class="noPrint" href="?class=ImprimirParcela&amp;id=261"&gt;[Imprimir&amp;nbsp;parcela] &lt;/a&gt;&lt;/th&gt;
	&lt;/tr&gt;
	&lt;tr&gt;
		&lt;td class="tabelatd1"&gt;156&lt;/td&gt;
		&lt;td class="tabelatd1"&gt;Tipo Cobranca&lt;/td&gt;
		&lt;td class="tabelatd1"&gt;10/10/2018&lt;/td&gt;
		&lt;td class="tabelatd1"&gt;110.00&lt;/td&gt;
		&lt;td class="tabelatd1"&gt;0.00&lt;/td&gt;
		&lt;td class="tabelatd1"&gt;&lt;/td&gt;
		&lt;td class="tabelatd1"&gt;Fulano de Tal (652.392.539-00)&lt;/td&gt;
		&lt;td class="tabelatd1"&gt;1&lt;/td&gt;
		&lt;td class="tabelatd1"&gt;Patrimonial&lt;/td&gt;
&lt;th class="tabelatd1" border="1"&gt;&lt;a class="noPrint" href="?class=ControleCobranca&amp;opera=A&amp;id=156"&gt;[Alterar] &lt;/a&gt;&lt;a class="noPrint" href="?class=ControleCobranca&amp;opera=C&amp;id=156"&gt;[Consultar] &lt;/a&gt;&lt;a class="noPrint" href="?class=ControleCobranca&amp;opera=D&amp;id=156" onClick="return ConfirmaExclusao('');"&gt;[Deletar&amp;nbsp;registro] &lt;/a&gt;&lt;a class="noPrint" href="?class=BaixarParcela&amp;id=156"&gt;[Baixar&amp;nbsp;parcela] &lt;/a&gt;&lt;a class="noPrint" href="?class=ImprimirParcela&amp;id=156"&gt;[Imprimir&amp;nbsp;parcela] &lt;/a&gt;&lt;/th&gt;
	&lt;/tr&gt;
	&lt;tr&gt;
		&lt;td class="tabelatd2"&gt;176&lt;/td&gt;
		&lt;td class="tabelatd2"&gt;Tipo Cobranca&lt;/td&gt;
		&lt;td class="tabelatd2"&gt;10/10/2018&lt;/td&gt;
		&lt;td class="tabelatd2"&gt;110.00&lt;/td&gt;
		&lt;td class="tabelatd2"&gt;0.00&lt;/td&gt;
		&lt;td class="tabelatd2"&gt;&lt;/td&gt;
		&lt;td class="tabelatd2"&gt;Fulano de Tal (652.392.539-00)&lt;/td&gt;
		&lt;td class="tabelatd2"&gt;1&lt;/td&gt;
		&lt;td class="tabelatd2"&gt;Patrimonial&lt;/td&gt;
&lt;th class="tabelatd2" border="1"&gt;&lt;a class="noPrint" href="?class=ControleCobranca&amp;opera=A&amp;id=176"&gt;[Alterar] &lt;/a&gt;&lt;a class="noPrint" href="?class=ControleCobranca&amp;opera=C&amp;id=176"&gt;[Consultar] &lt;/a&gt;&lt;a class="noPrint" href="?class=ControleCobranca&amp;opera=D&amp;id=176" onClick="return ConfirmaExclusao('');"&gt;[Deletar&amp;nbsp;registro] &lt;/a&gt;&lt;a class="noPrint" href="?class=BaixarParcela&amp;id=176"&gt;[Baixar&amp;nbsp;parcela] &lt;/a&gt;&lt;a class="noPrint" href="?class=ImprimirParcela&amp;id=176"&gt;[Imprimir&amp;nbsp;parcela] &lt;/a&gt;&lt;/th&gt;
	&lt;/tr&gt;
	&lt;tr&gt;
		&lt;td class="tabelatd1"&gt;196&lt;/td&gt;
		&lt;td class="tabelatd1"&gt;Tipo Cobranca&lt;/td&gt;
		&lt;td class="tabelatd1"&gt;10/10/2018&lt;/td&gt;
		&lt;td class="tabelatd1"&gt;110.00&lt;/td&gt;
		&lt;td class="tabelatd1"&gt;0.00&lt;/td&gt;
		&lt;td class="tabelatd1"&gt;&lt;/td&gt;
		&lt;td class="tabelatd1"&gt;Fulano de Tal (652.392.539-00)&lt;/td&gt;
		&lt;td class="tabelatd1"&gt;1&lt;/td&gt;
		&lt;td class="tabelatd1"&gt;Patrimonial&lt;/td&gt;
&lt;th class="tabelatd1" border="1"&gt;&lt;a class="noPrint" href="?class=ControleCobranca&amp;opera=A&amp;id=196"&gt;[Alterar] &lt;/a&gt;&lt;a class="noPrint" href="?class=ControleCobranca&amp;opera=C&amp;id=196"&gt;[Consultar] &lt;/a&gt;&lt;a class="noPrint" href="?class=ControleCobranca&amp;opera=D&amp;id=196" onClick="return ConfirmaExclusao('');"&gt;[Deletar&amp;nbsp;registro] &lt;/a&gt;&lt;a class="noPrint" href="?class=BaixarParcela&amp;id=196"&gt;[Baixar&amp;nbsp;parcela] &lt;/a&gt;&lt;a class="noPrint" href="?class=ImprimirParcela&amp;id=196"&gt;[Imprimir&amp;nbsp;parcela] &lt;/a&gt;&lt;/th&gt;
	&lt;/tr&gt;
	&lt;tr&gt;
		&lt;td class="tabelatd2"&gt;216&lt;/td&gt;
		&lt;td class="tabelatd2"&gt;Tipo Cobranca&lt;/td&gt;
		&lt;td class="tabelatd2"&gt;10/10/2018&lt;/td&gt;
		&lt;td class="tabelatd2"&gt;110.00&lt;/td&gt;
		&lt;td class="tabelatd2"&gt;0.00&lt;/td&gt;
		&lt;td class="tabelatd2"&gt;&lt;/td&gt;
		&lt;td class="tabelatd2"&gt;Fulano de Tal (652.392.539-00)&lt;/td&gt;
		&lt;td class="tabelatd2"&gt;1&lt;/td&gt;
		&lt;td class="tabelatd2"&gt;Patrimonial&lt;/td&gt;
&lt;th class="tabelatd2" border="1"&gt;&lt;a class="noPrint" href="?class=ControleCobranca&amp;opera=A&amp;id=216"&gt;[Alterar] &lt;/a&gt;&lt;a class="noPrint" href="?class=ControleCobranca&amp;opera=C&amp;id=216"&gt;[Consultar] &lt;/a&gt;&lt;a class="noPrint" href="?class=ControleCobranca&amp;opera=D&amp;id=216" onClick="return ConfirmaExclusao('');"&gt;[Deletar&amp;nbsp;registro] &lt;/a&gt;&lt;a class="noPrint" href="?class=BaixarParcela&amp;id=216"&gt;[Baixar&amp;nbsp;parcela] &lt;/a&gt;&lt;a class="noPrint" href="?class=ImprimirParcela&amp;id=216"&gt;[Imprimir&amp;nbsp;parcela] &lt;/a&gt;&lt;/th&gt;
	&lt;/tr&gt;
	&lt;tr&gt;
		&lt;td class="tabelatd1"&gt;239&lt;/td&gt;
		&lt;td class="tabelatd1"&gt;Tipo Cobranca&lt;/td&gt;
		&lt;td class="tabelatd1"&gt;10/10/2018&lt;/td&gt;
		&lt;td class="tabelatd1"&gt;110.00&lt;/td&gt;
		&lt;td class="tabelatd1"&gt;0.00&lt;/td&gt;
		&lt;td class="tabelatd1"&gt;&lt;/td&gt;
		&lt;td class="tabelatd1"&gt;Fulano de Tal (652.392.539-00)&lt;/td&gt;
		&lt;td class="tabelatd1"&gt;1&lt;/td&gt;
		&lt;td class="tabelatd1"&gt;Patrimonial&lt;/td&gt;
&lt;th class="tabelatd1" border="1"&gt;&lt;a class="noPrint" href="?class=ControleCobranca&amp;opera=A&amp;id=239"&gt;[Alterar] &lt;/a&gt;&lt;a class="noPrint" href="?class=ControleCobranca&amp;opera=C&amp;id=239"&gt;[Consultar] &lt;/a&gt;&lt;a class="noPrint" href="?class=ControleCobranca&amp;opera=D&amp;id=239" onClick="return ConfirmaExclusao('');"&gt;[Deletar&amp;nbsp;registro] &lt;/a&gt;&lt;a class="noPrint" href="?class=BaixarParcela&amp;id=239"&gt;[Baixar&amp;nbsp;parcela] &lt;/a&gt;&lt;a class="noPrint" href="?class=ImprimirParcela&amp;id=239"&gt;[Imprimir&amp;nbsp;parcela] &lt;/a&gt;&lt;/th&gt;
	&lt;/tr&gt;
	&lt;tr&gt;
		&lt;td class="tabelatd2"&gt;262&lt;/td&gt;
		&lt;td class="tabelatd2"&gt;Tipo Cobranca&lt;/td&gt;
		&lt;td class="tabelatd2"&gt;10/10/2018&lt;/td&gt;
		&lt;td class="tabelatd2"&gt;110.00&lt;/td&gt;
		&lt;td class="tabelatd2"&gt;0.00&lt;/td&gt;
		&lt;td class="tabelatd2"&gt;&lt;/td&gt;
		&lt;td class="tabelatd2"&gt;Fulano de Tal (652.392.539-00)&lt;/td&gt;
		&lt;td class="tabelatd2"&gt;1&lt;/td&gt;
		&lt;td class="tabelatd2"&gt;Patrimonial&lt;/td&gt;
&lt;th class="tabelatd2" border="1"&gt;&lt;a class="noPrint" href="?class=ControleCobranca&amp;opera=A&amp;id=262"&gt;[Alterar] &lt;/a&gt;&lt;a class="noPrint" href="?class=ControleCobranca&amp;opera=C&amp;id=262"&gt;[Consultar] &lt;/a&gt;&lt;a class="noPrint" href="?class=ControleCobranca&amp;opera=D&amp;id=262" onClick="return ConfirmaExclusao('');"&gt;[Deletar&amp;nbsp;registro] &lt;/a&gt;&lt;a class="noPrint" href="?class=BaixarParcela&amp;id=262"&gt;[Baixar&amp;nbsp;parcela] &lt;/a&gt;&lt;a class="noPrint" href="?class=ImprimirParcela&amp;id=262"&gt;[Imprimir&amp;nbsp;parcela] &lt;/a&gt;&lt;/th&gt;
	&lt;/tr&gt;
	&lt;tr&gt;
		&lt;td class="tabelatd1"&gt;240&lt;/td&gt;
		&lt;td class="tabelatd1"&gt;Tipo Cobranca&lt;/td&gt;
		&lt;td class="tabelatd1"&gt;10/10/2018&lt;/td&gt;
		&lt;td class="tabelatd1"&gt;110.00&lt;/td&gt;
		&lt;td class="tabelatd1"&gt;0.00&lt;/td&gt;
		&lt;td class="tabelatd1"&gt;&lt;/td&gt;
		&lt;td class="tabelatd1"&gt;Fulano de Tal (652.392.539-00)&lt;/td&gt;
		&lt;td class="tabelatd1"&gt;1&lt;/td&gt;
		&lt;td class="tabelatd1"&gt;Patrimonial&lt;/td&gt;
&lt;th class="tabelatd1" border="1"&gt;&lt;a class="noPrint" href="?class=ControleCobranca&amp;opera=A&amp;id=240"&gt;[Alterar] &lt;/a&gt;&lt;a class="noPrint" href="?class=ControleCobranca&amp;opera=C&amp;id=240"&gt;[Consultar] &lt;/a&gt;&lt;a class="noPrint" href="?class=ControleCobranca&amp;opera=D&amp;id=240" onClick="return ConfirmaExclusao('');"&gt;[Deletar&amp;nbsp;registro] &lt;/a&gt;&lt;a class="noPrint" href="?class=BaixarParcela&amp;id=240"&gt;[Baixar&amp;nbsp;parcela] &lt;/a&gt;&lt;a class="noPrint" href="?class=ImprimirParcela&amp;id=240"&gt;[Imprimir&amp;nbsp;parcela] &lt;/a&gt;&lt;/th&gt;
	&lt;/tr&gt;
	&lt;tr&gt;
		&lt;td class="tabelatd2"&gt;263&lt;/td&gt;
		&lt;td class="tabelatd2"&gt;Tipo Cobranca&lt;/td&gt;
		&lt;td class="tabelatd2"&gt;10/10/2018&lt;/td&gt;
		&lt;td class="tabelatd2"&gt;110.00&lt;/td&gt;
		&lt;td class="tabelatd2"&gt;0.00&lt;/td&gt;
		&lt;td class="tabelatd2"&gt;&lt;/td&gt;
		&lt;td class="tabelatd2"&gt;Fulano de Tal (652.392.539-00)&lt;/td&gt;
		&lt;td class="tabelatd2"&gt;1&lt;/td&gt;
		&lt;td class="tabelatd2"&gt;Patrimonial&lt;/td&gt;
&lt;th class="tabelatd2" border="1"&gt;&lt;a class="noPrint" href="?class=ControleCobranca&amp;opera=A&amp;id=263"&gt;[Alterar] &lt;/a&gt;&lt;a class="noPrint" href="?class=ControleCobranca&amp;opera=C&amp;id=263"&gt;[Consultar] &lt;/a&gt;&lt;a class="noPrint" href="?class=ControleCobranca&amp;opera=D&amp;id=263" onClick="return ConfirmaExclusao('');"&gt;[Deletar&amp;nbsp;registro] &lt;/a&gt;&lt;a class="noPrint" href="?class=BaixarParcela&amp;id=263"&gt;[Baixar&amp;nbsp;parcela] &lt;/a&gt;&lt;a class="noPrint" href="?class=ImprimirParcela&amp;id=263"&gt;[Imprimir&amp;nbsp;parcela] &lt;/a&gt;&lt;/th&gt;
	&lt;/tr&gt;
	&lt;tr&gt;
		&lt;td class="tabelatd1"&gt;264&lt;/td&gt;
		&lt;td class="tabelatd1"&gt;Tipo Cobranca&lt;/td&gt;
		&lt;td class="tabelatd1"&gt;10/10/2018&lt;/td&gt;
		&lt;td class="tabelatd1"&gt;110.00&lt;/td&gt;
		&lt;td class="tabelatd1"&gt;0.00&lt;/td&gt;
		&lt;td class="tabelatd1"&gt;&lt;/td&gt;
		&lt;td class="tabelatd1"&gt;Fulano de Tal (652.392.539-00)&lt;/td&gt;
		&lt;td class="tabelatd1"&gt;1&lt;/td&gt;
		&lt;td class="tabelatd1"&gt;Patrimonial&lt;/td&gt;
&lt;th class="tabelatd1" border="1"&gt;&lt;a class="noPrint" href="?class=ControleCobranca&amp;opera=A&amp;id=264"&gt;[Alterar] &lt;/a&gt;&lt;a class="noPrint" href="?class=ControleCobranca&amp;opera=C&amp;id=264"&gt;[Consultar] &lt;/a&gt;&lt;a class="noPrint" href="?class=ControleCobranca&amp;opera=D&amp;id=264" onClick="return ConfirmaExclusao('');"&gt;[Deletar&amp;nbsp;registro] &lt;/a&gt;&lt;a class="noPrint" href="?class=BaixarParcela&amp;id=264"&gt;[Baixar&amp;nbsp;parcela] &lt;/a&gt;&lt;a class="noPrint" href="?class=ImprimirParcela&amp;id=264"&gt;[Imprimir&amp;nbsp;parcela] &lt;/a&gt;&lt;/th&gt;
	&lt;/tr&gt;
	&lt;tr&gt;
		&lt;td class="tabelatd2"&gt;278&lt;/td&gt;
		&lt;td class="tabelatd2"&gt;Tipo Cobranca&lt;/td&gt;
		&lt;td class="tabelatd2"&gt;10/10/2018&lt;/td&gt;
		&lt;td class="tabelatd2"&gt;110.00&lt;/td&gt;
		&lt;td class="tabelatd2"&gt;0.00&lt;/td&gt;
		&lt;td class="tabelatd2"&gt;&lt;/td&gt;
		&lt;td class="tabelatd2"&gt;Fulano de Tal (652.392.539-00)&lt;/td&gt;
		&lt;td class="tabelatd2"&gt;1&lt;/td&gt;
		&lt;td class="tabelatd2"&gt;Patrimonial&lt;/td&gt;
&lt;th class="tabelatd2" border="1"&gt;&lt;a class="noPrint" href="?class=ControleCobranca&amp;opera=A&amp;id=278"&gt;[Alterar] &lt;/a&gt;&lt;a class="noPrint" href="?class=ControleCobranca&amp;opera=C&amp;id=278"&gt;[Consultar] &lt;/a&gt;&lt;a class="noPrint" href="?class=ControleCobranca&amp;opera=D&amp;id=278" onClick="return ConfirmaExclusao('');"&gt;[Deletar&amp;nbsp;registro] &lt;/a&gt;&lt;a class="noPrint" href="?class=BaixarParcela&amp;id=278"&gt;[Baixar&amp;nbsp;parcela] &lt;/a&gt;&lt;a class="noPrint" href="?class=ImprimirParcela&amp;id=278"&gt;[Imprimir&amp;nbsp;parcela] &lt;/a&gt;&lt;/th&gt;
	&lt;/tr&gt;
	&lt;tr&gt;
		&lt;td class="tabelatd1"&gt;305&lt;/td&gt;
		&lt;td class="tabelatd1"&gt;Tipo Cobranca&lt;/td&gt;
		&lt;td class="tabelatd1"&gt;10/10/2018&lt;/td&gt;
		&lt;td class="tabelatd1"&gt;110.00&lt;/td&gt;
		&lt;td class="tabelatd1"&gt;0.00&lt;/td&gt;
		&lt;td class="tabelatd1"&gt;&lt;/td&gt;
		&lt;td class="tabelatd1"&gt;Fulano de Tal (652.392.539-00)&lt;/td&gt;
		&lt;td class="tabelatd1"&gt;1&lt;/td&gt;
		&lt;td class="tabelatd1"&gt;Patrimonial&lt;/td&gt;
&lt;th class="tabelatd1" border="1"&gt;&lt;a class="noPrint" href="?class=ControleCobranca&amp;opera=A&amp;id=305"&gt;[Alterar] &lt;/a&gt;&lt;a class="noPrint" href="?class=ControleCobranca&amp;opera=C&amp;id=305"&gt;[Consultar] &lt;/a&gt;&lt;a class="noPrint" href="?class=ControleCobranca&amp;opera=D&amp;id=305" onClick="return ConfirmaExclusao('');"&gt;[Deletar&amp;nbsp;registro] &lt;/a&gt;&lt;a class="noPrint" href="?class=BaixarParcela&amp;id=305"&gt;[Baixar&amp;nbsp;parcela] &lt;/a&gt;&lt;a class="noPrint" href="?class=ImprimirParcela&amp;id=305"&gt;[Imprimir&amp;nbsp;parcela] &lt;/a&gt;&lt;/th&gt;
	&lt;/tr&gt;
	&lt;tr&gt;
		&lt;td class="tabelatd2"&gt;334&lt;/td&gt;
		&lt;td class="tabelatd2"&gt;Tipo Cobranca&lt;/td&gt;
		&lt;td class="tabelatd2"&gt;10/10/2018&lt;/td&gt;
		&lt;td class="tabelatd2"&gt;110.00&lt;/td&gt;
		&lt;td class="tabelatd2"&gt;0.00&lt;/td&gt;
		&lt;td class="tabelatd2"&gt;&lt;/td&gt;
		&lt;td class="tabelatd2"&gt;Fulano de Tal (652.392.539-00)&lt;/td&gt;
		&lt;td class="tabelatd2"&gt;1&lt;/td&gt;
		&lt;td class="tabelatd2"&gt;Patrimonial&lt;/td&gt;
&lt;th class="tabelatd2" border="1"&gt;&lt;a class="noPrint" href="?class=ControleCobranca&amp;opera=A&amp;id=334"&gt;[Alterar] &lt;/a&gt;&lt;a class="noPrint" href="?class=ControleCobranca&amp;opera=C&amp;id=334"&gt;[Consultar] &lt;/a&gt;&lt;a class="noPrint" href="?class=ControleCobranca&amp;opera=D&amp;id=334" onClick="return ConfirmaExclusao('');"&gt;[Deletar&amp;nbsp;registro] &lt;/a&gt;&lt;a class="noPrint" href="?class=BaixarParcela&amp;id=334"&gt;[Baixar&amp;nbsp;parcela] &lt;/a&gt;&lt;a class="noPrint" href="?class=ImprimirParcela&amp;id=334"&gt;[Imprimir&amp;nbsp;parcela] &lt;/a&gt;&lt;/th&gt;
	&lt;/tr&gt;
	&lt;tr&gt;
		&lt;td class="tabelatd1"&gt;365&lt;/td&gt;
		&lt;td class="tabelatd1"&gt;Tipo Cobranca&lt;/td&gt;
		&lt;td class="tabelatd1"&gt;10/10/2018&lt;/td&gt;
		&lt;td class="tabelatd1"&gt;110.00&lt;/td&gt;
		&lt;td class="tabelatd1"&gt;0.00&lt;/td&gt;
		&lt;td class="tabelatd1"&gt;&lt;/td&gt;
		&lt;td class="tabelatd1"&gt;Fulano de Tal (652.392.539-00)&lt;/td&gt;
		&lt;td class="tabelatd1"&gt;1&lt;/td&gt;
		&lt;td class="tabelatd1"&gt;Patrimonial&lt;/td&gt;
&lt;th class="tabelatd1" border="1"&gt;&lt;a class="noPrint" href="?class=ControleCobranca&amp;opera=A&amp;id=365"&gt;[Alterar] &lt;/a&gt;&lt;a class="noPrint" href="?class=ControleCobranca&amp;opera=C&amp;id=365"&gt;[Consultar] &lt;/a&gt;&lt;a class="noPrint" href="?class=ControleCobranca&amp;opera=D&amp;id=365" onClick="return ConfirmaExclusao('');"&gt;[Deletar&amp;nbsp;registro] &lt;/a&gt;&lt;a class="noPrint" href="?class=BaixarParcela&amp;id=365"&gt;[Baixar&amp;nbsp;parcela] &lt;/a&gt;&lt;a class="noPrint" href="?class=ImprimirParcela&amp;id=365"&gt;[Imprimir&amp;nbsp;parcela] &lt;/a&gt;&lt;/th&gt;
	&lt;/tr&gt;
	&lt;tr&gt;
		&lt;td class="tabelatd2"&gt;398&lt;/td&gt;
		&lt;td class="tabelatd2"&gt;Tipo Cobranca&lt;/td&gt;
		&lt;td class="tabelatd2"&gt;10/10/2018&lt;/td&gt;
		&lt;td class="tabelatd2"&gt;110.00&lt;/td&gt;
		&lt;td class="tabelatd2"&gt;0.00&lt;/td&gt;
		&lt;td class="tabelatd2"&gt;&lt;/td&gt;
		&lt;td class="tabelatd2"&gt;Fulano de Tal (652.392.539-00)&lt;/td&gt;
		&lt;td class="tabelatd2"&gt;1&lt;/td&gt;
		&lt;td class="tabelatd2"&gt;Patrimonial&lt;/td&gt;
&lt;th class="tabelatd2" border="1"&gt;&lt;a class="noPrint" href="?class=ControleCobranca&amp;opera=A&amp;id=398"&gt;[Alterar] &lt;/a&gt;&lt;a class="noPrint" href="?class=ControleCobranca&amp;opera=C&amp;id=398"&gt;[Consultar] &lt;/a&gt;&lt;a class="noPrint" href="?class=ControleCobranca&amp;opera=D&amp;id=398" onClick="return ConfirmaExclusao('');"&gt;[Deletar&amp;nbsp;registro] &lt;/a&gt;&lt;a class="noPrint" href="?class=BaixarParcela&amp;id=398"&gt;[Baixar&amp;nbsp;parcela] &lt;/a&gt;&lt;a class="noPrint" href="?class=ImprimirParcela&amp;id=398"&gt;[Imprimir&amp;nbsp;parcela] &lt;/a&gt;&lt;/th&gt;
	&lt;/tr&gt;
	&lt;tr&gt;
		&lt;td class="tabelatd1"&gt;433&lt;/td&gt;
		&lt;td class="tabelatd1"&gt;Tipo Cobranca&lt;/td&gt;
		&lt;td class="tabelatd1"&gt;10/10/2018&lt;/td&gt;
		&lt;td class="tabelatd1"&gt;110.00&lt;/td&gt;
		&lt;td class="tabelatd1"&gt;0.00&lt;/td&gt;
		&lt;td class="tabelatd1"&gt;&lt;/td&gt;
		&lt;td class="tabelatd1"&gt;Fulano de Tal (652.392.539-00)&lt;/td&gt;
		&lt;td class="tabelatd1"&gt;1&lt;/td&gt;
		&lt;td class="tabelatd1"&gt;Patrimonial&lt;/td&gt;
&lt;th class="tabelatd1" border="1"&gt;&lt;a class="noPrint" href="?class=ControleCobranca&amp;opera=A&amp;id=433"&gt;[Alterar] &lt;/a&gt;&lt;a class="noPrint" href="?class=ControleCobranca&amp;opera=C&amp;id=433"&gt;[Consultar] &lt;/a&gt;&lt;a class="noPrint" href="?class=ControleCobranca&amp;opera=D&amp;id=433" onClick="return ConfirmaExclusao('');"&gt;[Deletar&amp;nbsp;registro] &lt;/a&gt;&lt;a class="noPrint" href="?class=BaixarParcela&amp;id=433"&gt;[Baixar&amp;nbsp;parcela] &lt;/a&gt;&lt;a class="noPrint" href="?class=ImprimirParcela&amp;id=433"&gt;[Imprimir&amp;nbsp;parcela] &lt;/a&gt;&lt;/th&gt;
	&lt;/tr&gt;
	&lt;tr&gt;
		&lt;td class="tabelatd2"&gt;277&lt;/td&gt;
		&lt;td class="tabelatd2"&gt;Tipo Cobranca&lt;/td&gt;
		&lt;td class="tabelatd2"&gt;10/10/2018&lt;/td&gt;
		&lt;td class="tabelatd2"&gt;100.00&lt;/td&gt;
		&lt;td class="tabelatd2"&gt;100.00&lt;/td&gt;
		&lt;td class="tabelatd2"&gt;&lt;/td&gt;
		&lt;td class="tabelatd2"&gt;Fulano de Tal (652.392.539-00)&lt;/td&gt;
		&lt;td class="tabelatd2"&gt;1&lt;/td&gt;
		&lt;td class="tabelatd2"&gt;Patrimonial&lt;/td&gt;
&lt;th class="tabelatd2" border="1"&gt;&lt;a class="noPrint" href="?class=ControleCobranca&amp;opera=A&amp;id=277"&gt;[Alterar] &lt;/a&gt;&lt;a class="noPrint" href="?class=ControleCobranca&amp;opera=C&amp;id=277"&gt;[Consultar] &lt;/a&gt;&lt;a class="noPrint" href="?class=ControleCobranca&amp;opera=D&amp;id=277" onClick="return ConfirmaExclusao('');"&gt;[Deletar&amp;nbsp;registro] &lt;/a&gt;&lt;a class="noPrint" href="?class=BaixarParcela&amp;id=277"&gt;[Baixar&amp;nbsp;parcela] &lt;/a&gt;&lt;a class="noPrint" href="?class=ImprimirParcela&amp;id=277"&gt;[Imprimir&amp;nbsp;parcela] &lt;/a&gt;&lt;/th&gt;
	&lt;/tr&gt;
	&lt;tr&gt;
		&lt;td class="tabelatd1"&gt;304&lt;/td&gt;
		&lt;td class="tabelatd1"&gt;Tipo Cobranca&lt;/td&gt;
		&lt;td class="tabelatd1"&gt;10/10/2018&lt;/td&gt;
		&lt;td class="tabelatd1"&gt;100.00&lt;/td&gt;
		&lt;td class="tabelatd1"&gt;100.00&lt;/td&gt;
		&lt;td class="tabelatd1"&gt;&lt;/td&gt;
		&lt;td class="tabelatd1"&gt;Fulano de Tal (652.392.539-00)&lt;/td&gt;
		&lt;td class="tabelatd1"&gt;1&lt;/td&gt;
		&lt;td class="tabelatd1"&gt;Patrimonial&lt;/td&gt;
&lt;th class="tabelatd1" border="1"&gt;&lt;a class="noPrint" href="?class=ControleCobranca&amp;opera=A&amp;id=304"&gt;[Alterar] &lt;/a&gt;&lt;a class="noPrint" href="?class=ControleCobranca&amp;opera=C&amp;id=304"&gt;[Consultar] &lt;/a&gt;&lt;a class="noPrint" href="?class=ControleCobranca&amp;opera=D&amp;id=304" onClick="return ConfirmaExclusao('');"&gt;[Deletar&amp;nbsp;registro] &lt;/a&gt;&lt;a class="noPrint" href="?class=BaixarParcela&amp;id=304"&gt;[Baixar&amp;nbsp;parcela] &lt;/a&gt;&lt;a class="noPrint" href="?class=ImprimirParcela&amp;id=304"&gt;[Imprimir&amp;nbsp;parcela] &lt;/a&gt;&lt;/th&gt;
	&lt;/tr&gt;
	&lt;tr&gt;
		&lt;td class="tabelatd2"&gt;333&lt;/td&gt;
		&lt;td class="tabelatd2"&gt;Tipo Cobranca&lt;/td&gt;
		&lt;td class="tabelatd2"&gt;10/10/2018&lt;/td&gt;
		&lt;td class="tabelatd2"&gt;100.00&lt;/td&gt;
		&lt;td class="tabelatd2"&gt;100.00&lt;/td&gt;
		&lt;td class="tabelatd2"&gt;&lt;/td&gt;
		&lt;td class="tabelatd2"&gt;Fulano de Tal (652.392.539-00)&lt;/td&gt;
		&lt;td class="tabelatd2"&gt;1&lt;/td&gt;
		&lt;td class="tabelatd2"&gt;Patrimonial&lt;/td&gt;
&lt;th class="tabelatd2" border="1"&gt;&lt;a class="noPrint" href="?class=ControleCobranca&amp;opera=A&amp;id=333"&gt;[Alterar] &lt;/a&gt;&lt;a class="noPrint" href="?class=ControleCobranca&amp;opera=C&amp;id=333"&gt;[Consultar] &lt;/a&gt;&lt;a class="noPrint" href="?class=ControleCobranca&amp;opera=D&amp;id=333" onClick="return ConfirmaExclusao('');"&gt;[Deletar&amp;nbsp;registro] &lt;/a&gt;&lt;a class="noPrint" href="?class=BaixarParcela&amp;id=333"&gt;[Baixar&amp;nbsp;parcela] &lt;/a&gt;&lt;a class="noPrint" href="?class=ImprimirParcela&amp;id=333"&gt;[Imprimir&amp;nbsp;parcela] &lt;/a&gt;&lt;/th&gt;
	&lt;/tr&gt;
	&lt;tr&gt;
		&lt;td class="tabelatd1"&gt;364&lt;/td&gt;
		&lt;td class="tabelatd1"&gt;Tipo Cobranca&lt;/td&gt;
		&lt;td class="tabelatd1"&gt;10/10/2018&lt;/td&gt;
		&lt;td class="tabelatd1"&gt;100.00&lt;/td&gt;
		&lt;td class="tabelatd1"&gt;100.00&lt;/td&gt;
		&lt;td class="tabelatd1"&gt;&lt;/td&gt;
		&lt;td class="tabelatd1"&gt;Fulano de Tal (652.392.539-00)&lt;/td&gt;
		&lt;td class="tabelatd1"&gt;1&lt;/td&gt;
		&lt;td class="tabelatd1"&gt;Patrimonial&lt;/td&gt;
&lt;th class="tabelatd1" border="1"&gt;&lt;a class="noPrint" href="?class=ControleCobranca&amp;opera=A&amp;id=364"&gt;[Alterar] &lt;/a&gt;&lt;a class="noPrint" href="?class=ControleCobranca&amp;opera=C&amp;id=364"&gt;[Consultar] &lt;/a&gt;&lt;a class="noPrint" href="?class=ControleCobranca&amp;opera=D&amp;id=364" onClick="return ConfirmaExclusao('');"&gt;[Deletar&amp;nbsp;registro] &lt;/a&gt;&lt;a class="noPrint" href="?class=BaixarParcela&amp;id=364"&gt;[Baixar&amp;nbsp;parcela] &lt;/a&gt;&lt;a class="noPrint" href="?class=ImprimirParcela&amp;id=364"&gt;[Imprimir&amp;nbsp;parcela] &lt;/a&gt;&lt;/th&gt;
	&lt;/tr&gt;
	&lt;tr&gt;
		&lt;td class="tabelatd2"&gt;397&lt;/td&gt;
		&lt;td class="tabelatd2"&gt;Tipo Cobranca&lt;/td&gt;
		&lt;td class="tabelatd2"&gt;10/10/2018&lt;/td&gt;
		&lt;td class="tabelatd2"&gt;100.00&lt;/td&gt;
		&lt;td class="tabelatd2"&gt;100.00&lt;/td&gt;
		&lt;td class="tabelatd2"&gt;&lt;/td&gt;
		&lt;td class="tabelatd2"&gt;Fulano de Tal (652.392.539-00)&lt;/td&gt;
		&lt;td class="tabelatd2"&gt;1&lt;/td&gt;
		&lt;td class="tabelatd2"&gt;Patrimonial&lt;/td&gt;
&lt;th class="tabelatd2" border="1"&gt;&lt;a class="noPrint" href="?class=ControleCobranca&amp;opera=A&amp;id=397"&gt;[Alterar] &lt;/a&gt;&lt;a class="noPrint" href="?class=ControleCobranca&amp;opera=C&amp;id=397"&gt;[Consultar] &lt;/a&gt;&lt;a class="noPrint" href="?class=ControleCobranca&amp;opera=D&amp;id=397" onClick="return ConfirmaExclusao('');"&gt;[Deletar&amp;nbsp;registro] &lt;/a&gt;&lt;a class="noPrint" href="?class=BaixarParcela&amp;id=397"&gt;[Baixar&amp;nbsp;parcela] &lt;/a&gt;&lt;a class="noPrint" href="?class=ImprimirParcela&amp;id=397"&gt;[Imprimir&amp;nbsp;parcela] &lt;/a&gt;&lt;/th&gt;
	&lt;/tr&gt;
	&lt;tr&gt;
		&lt;td class="tabelatd1"&gt;432&lt;/td&gt;
		&lt;td class="tabelatd1"&gt;Tipo Cobranca&lt;/td&gt;
		&lt;td class="tabelatd1"&gt;10/10/2018&lt;/td&gt;
		&lt;td class="tabelatd1"&gt;100.00&lt;/td&gt;
		&lt;td class="tabelatd1"&gt;100.00&lt;/td&gt;
		&lt;td class="tabelatd1"&gt;&lt;/td&gt;
		&lt;td class="tabelatd1"&gt;Fulano de Tal (652.392.539-00)&lt;/td&gt;
		&lt;td class="tabelatd1"&gt;1&lt;/td&gt;
		&lt;td class="tabelatd1"&gt;Patrimonial&lt;/td&gt;
&lt;th class="tabelatd1" border="1"&gt;&lt;a class="noPrint" href="?class=ControleCobranca&amp;opera=A&amp;id=432"&gt;[Alterar] &lt;/a&gt;&lt;a class="noPrint" href="?class=ControleCobranca&amp;opera=C&amp;id=432"&gt;[Consultar] &lt;/a&gt;&lt;a class="noPrint" href="?class=ControleCobranca&amp;opera=D&amp;id=432" onClick="return ConfirmaExclusao('');"&gt;[Deletar&amp;nbsp;registro] &lt;/a&gt;&lt;a class="noPrint" href="?class=BaixarParcela&amp;id=432"&gt;[Baixar&amp;nbsp;parcela] &lt;/a&gt;&lt;a class="noPrint" href="?class=ImprimirParcela&amp;id=432"&gt;[Imprimir&amp;nbsp;parcela] &lt;/a&gt;&lt;/th&gt;
	&lt;/tr&gt;
	&lt;tr&gt;
		&lt;td class="tabelatd2"&gt;469&lt;/td&gt;
		&lt;td class="tabelatd2"&gt;Tipo Cobranca&lt;/td&gt;
		&lt;td class="tabelatd2"&gt;10/10/2018&lt;/td&gt;
		&lt;td class="tabelatd2"&gt;100.00&lt;/td&gt;
		&lt;td class="tabelatd2"&gt;100.00&lt;/td&gt;
		&lt;td class="tabelatd2"&gt;&lt;/td&gt;
		&lt;td class="tabelatd2"&gt;Fulano de Tal (652.392.539-00)&lt;/td&gt;
		&lt;td class="tabelatd2"&gt;1&lt;/td&gt;
		&lt;td class="tabelatd2"&gt;Patrimonial&lt;/td&gt;
&lt;th class="tabelatd2" border="1"&gt;&lt;a class="noPrint" href="?class=ControleCobranca&amp;opera=A&amp;id=469"&gt;[Alterar] &lt;/a&gt;&lt;a class="noPrint" href="?class=ControleCobranca&amp;opera=C&amp;id=469"&gt;[Consultar] &lt;/a&gt;&lt;a class="noPrint" href="?class=ControleCobranca&amp;opera=D&amp;id=469" onClick="return ConfirmaExclusao('');"&gt;[Deletar&amp;nbsp;registro] &lt;/a&gt;&lt;a class="noPrint" href="?class=BaixarParcela&amp;id=469"&gt;[Baixar&amp;nbsp;parcela] &lt;/a&gt;&lt;a class="noPrint" href="?class=ImprimirParcela&amp;id=469"&gt;[Imprimir&amp;nbsp;parcela] &lt;/a&gt;&lt;/th&gt;
	&lt;/tr&gt;
	&lt;tr&gt;
		&lt;td class="tabelatd1"&gt;282&lt;/td&gt;
		&lt;td class="tabelatd1"&gt;Tipo Cobranca&lt;/td&gt;
		&lt;td class="tabelatd1"&gt;10/10/2018&lt;/td&gt;
		&lt;td class="tabelatd1"&gt;110.00&lt;/td&gt;
		&lt;td class="tabelatd1"&gt;0.00&lt;/td&gt;
		&lt;td class="tabelatd1"&gt;&lt;/td&gt;
		&lt;td class="tabelatd1"&gt;Fulano de Tal (652.392.539-00)&lt;/td&gt;
		&lt;td class="tabelatd1"&gt;1&lt;/td&gt;
		&lt;td class="tabelatd1"&gt;Patrimonial&lt;/td&gt;
&lt;th class="tabelatd1" border="1"&gt;&lt;a class="noPrint" href="?class=ControleCobranca&amp;opera=A&amp;id=282"&gt;[Alterar] &lt;/a&gt;&lt;a class="noPrint" href="?class=ControleCobranca&amp;opera=C&amp;id=282"&gt;[Consultar] &lt;/a&gt;&lt;a class="noPrint" href="?class=ControleCobranca&amp;opera=D&amp;id=282" onClick="return ConfirmaExclusao('');"&gt;[Deletar&amp;nbsp;registro] &lt;/a&gt;&lt;a class="noPrint" href="?class=BaixarParcela&amp;id=282"&gt;[Baixar&amp;nbsp;parcela] &lt;/a&gt;&lt;a class="noPrint" href="?class=ImprimirParcela&amp;id=282"&gt;[Imprimir&amp;nbsp;parcela] &lt;/a&gt;&lt;/th&gt;
	&lt;/tr&gt;
	&lt;tr&gt;
		&lt;td class="tabelatd2"&gt;309&lt;/td&gt;
		&lt;td class="tabelatd2"&gt;Tipo Cobranca&lt;/td&gt;
		&lt;td class="tabelatd2"&gt;10/10/2018&lt;/td&gt;
		&lt;td class="tabelatd2"&gt;110.00&lt;/td&gt;
		&lt;td class="tabelatd2"&gt;0.00&lt;/td&gt;
		&lt;td class="tabelatd2"&gt;&lt;/td&gt;
		&lt;td class="tabelatd2"&gt;Fulano de Tal (652.392.539-00)&lt;/td&gt;
		&lt;td class="tabelatd2"&gt;1&lt;/td&gt;
		&lt;td class="tabelatd2"&gt;Patrimonial&lt;/td&gt;
&lt;th class="tabelatd2" border="1"&gt;&lt;a class="noPrint" href="?class=ControleCobranca&amp;opera=A&amp;id=309"&gt;[Alterar] &lt;/a&gt;&lt;a class="noPrint" href="?class=ControleCobranca&amp;opera=C&amp;id=309"&gt;[Consultar] &lt;/a&gt;&lt;a class="noPrint" href="?class=ControleCobranca&amp;opera=D&amp;id=309" onClick="return ConfirmaExclusao('');"&gt;[Deletar&amp;nbsp;registro] &lt;/a&gt;&lt;a class="noPrint" href="?class=BaixarParcela&amp;id=309"&gt;[Baixar&amp;nbsp;parcela] &lt;/a&gt;&lt;a class="noPrint" href="?class=ImprimirParcela&amp;id=309"&gt;[Imprimir&amp;nbsp;parcela] &lt;/a&gt;&lt;/th&gt;
	&lt;/tr&gt;
	&lt;tr&gt;
		&lt;td class="tabelatd1"&gt;338&lt;/td&gt;
		&lt;td class="tabelatd1"&gt;Tipo Cobranca&lt;/td&gt;
		&lt;td class="tabelatd1"&gt;10/10/2018&lt;/td&gt;
		&lt;td class="tabelatd1"&gt;110.00&lt;/td&gt;
		&lt;td class="tabelatd1"&gt;0.00&lt;/td&gt;
		&lt;td class="tabelatd1"&gt;&lt;/td&gt;
		&lt;td class="tabelatd1"&gt;Fulano de Tal (652.392.539-00)&lt;/td&gt;
		&lt;td class="tabelatd1"&gt;1&lt;/td&gt;
		&lt;td class="tabelatd1"&gt;Patrimonial&lt;/td&gt;
&lt;th class="tabelatd1" border="1"&gt;&lt;a class="noPrint" href="?class=ControleCobranca&amp;opera=A&amp;id=338"&gt;[Alterar] &lt;/a&gt;&lt;a class="noPrint" href="?class=ControleCobranca&amp;opera=C&amp;id=338"&gt;[Consultar] &lt;/a&gt;&lt;a class="noPrint" href="?class=ControleCobranca&amp;opera=D&amp;id=338" onClick="return ConfirmaExclusao('');"&gt;[Deletar&amp;nbsp;registro] &lt;/a&gt;&lt;a class="noPrint" href="?class=BaixarParcela&amp;id=338"&gt;[Baixar&amp;nbsp;parcela] &lt;/a&gt;&lt;a class="noPrint" href="?class=ImprimirParcela&amp;id=338"&gt;[Imprimir&amp;nbsp;parcela] &lt;/a&gt;&lt;/th&gt;
	&lt;/tr&gt;
	&lt;tr&gt;
		&lt;td class="tabelatd2"&gt;369&lt;/td&gt;
		&lt;td class="tabelatd2"&gt;Tipo Cobranca&lt;/td&gt;
		&lt;td class="tabelatd2"&gt;10/10/2018&lt;/td&gt;
		&lt;td class="tabelatd2"&gt;110.00&lt;/td&gt;
		&lt;td class="tabelatd2"&gt;0.00&lt;/td&gt;
		&lt;td class="tabelatd2"&gt;&lt;/td&gt;
		&lt;td class="tabelatd2"&gt;Fulano de Tal (652.392.539-00)&lt;/td&gt;
		&lt;td class="tabelatd2"&gt;1&lt;/td&gt;
		&lt;td class="tabelatd2"&gt;Patrimonial&lt;/td&gt;
&lt;th class="tabelatd2" border="1"&gt;&lt;a class="noPrint" href="?class=ControleCobranca&amp;opera=A&amp;id=369"&gt;[Alterar] &lt;/a&gt;&lt;a class="noPrint" href="?class=ControleCobranca&amp;opera=C&amp;id=369"&gt;[Consultar] &lt;/a&gt;&lt;a class="noPrint" href="?class=ControleCobranca&amp;opera=D&amp;id=369" onClick="return ConfirmaExclusao('');"&gt;[Deletar&amp;nbsp;registro] &lt;/a&gt;&lt;a class="noPrint" href="?class=BaixarParcela&amp;id=369"&gt;[Baixar&amp;nbsp;parcela] &lt;/a&gt;&lt;a class="noPrint" href="?class=ImprimirParcela&amp;id=369"&gt;[Imprimir&amp;nbsp;parcela] &lt;/a&gt;&lt;/th&gt;
	&lt;/tr&gt;
	&lt;tr&gt;
		&lt;td class="tabelatd1"&gt;402&lt;/td&gt;
		&lt;td class="tabelatd1"&gt;Tipo Cobranca&lt;/td&gt;
		&lt;td class="tabelatd1"&gt;10/10/2018&lt;/td&gt;
		&lt;td class="tabelatd1"&gt;110.00&lt;/td&gt;
		&lt;td class="tabelatd1"&gt;0.00&lt;/td&gt;
		&lt;td class="tabelatd1"&gt;&lt;/td&gt;
		&lt;td class="tabelatd1"&gt;Fulano de Tal (652.392.539-00)&lt;/td&gt;
		&lt;td class="tabelatd1"&gt;1&lt;/td&gt;
		&lt;td class="tabelatd1"&gt;Patrimonial&lt;/td&gt;
&lt;th class="tabelatd1" border="1"&gt;&lt;a class="noPrint" href="?class=ControleCobranca&amp;opera=A&amp;id=402"&gt;[Alterar] &lt;/a&gt;&lt;a class="noPrint" href="?class=ControleCobranca&amp;opera=C&amp;id=402"&gt;[Consultar] &lt;/a&gt;&lt;a class="noPrint" href="?class=ControleCobranca&amp;opera=D&amp;id=402" onClick="return ConfirmaExclusao('');"&gt;[Deletar&amp;nbsp;registro] &lt;/a&gt;&lt;a class="noPrint" href="?class=BaixarParcela&amp;id=402"&gt;[Baixar&amp;nbsp;parcela] &lt;/a&gt;&lt;a class="noPrint" href="?class=ImprimirParcela&amp;id=402"&gt;[Imprimir&amp;nbsp;parcela] &lt;/a&gt;&lt;/th&gt;
	&lt;/tr&gt;
	&lt;tr&gt;
		&lt;td class="tabelatd2"&gt;437&lt;/td&gt;
		&lt;td class="tabelatd2"&gt;Tipo Cobranca&lt;/td&gt;
		&lt;td class="tabelatd2"&gt;10/10/2018&lt;/td&gt;
		&lt;td class="tabelatd2"&gt;110.00&lt;/td&gt;
		&lt;td class="tabelatd2"&gt;0.00&lt;/td&gt;
		&lt;td class="tabelatd2"&gt;&lt;/td&gt;
		&lt;td class="tabelatd2"&gt;Fulano de Tal (652.392.539-00)&lt;/td&gt;
		&lt;td class="tabelatd2"&gt;1&lt;/td&gt;
		&lt;td class="tabelatd2"&gt;Patrimonial&lt;/td&gt;
&lt;th class="tabelatd2" border="1"&gt;&lt;a class="noPrint" href="?class=ControleCobranca&amp;opera=A&amp;id=437"&gt;[Alterar] &lt;/a&gt;&lt;a class="noPrint" href="?class=ControleCobranca&amp;opera=C&amp;id=437"&gt;[Consultar] &lt;/a&gt;&lt;a class="noPrint" href="?class=ControleCobranca&amp;opera=D&amp;id=437" onClick="return ConfirmaExclusao('');"&gt;[Deletar&amp;nbsp;registro] &lt;/a&gt;&lt;a class="noPrint" href="?class=BaixarParcela&amp;id=437"&gt;[Baixar&amp;nbsp;parcela] &lt;/a&gt;&lt;a class="noPrint" href="?class=ImprimirParcela&amp;id=437"&gt;[Imprimir&amp;nbsp;parcela] &lt;/a&gt;&lt;/th&gt;
	&lt;/tr&gt;
	&lt;tr&gt;
		&lt;td class="tabelatd1"&gt;283&lt;/td&gt;
		&lt;td class="tabelatd1"&gt;Tipo Cobranca&lt;/td&gt;
		&lt;td class="tabelatd1"&gt;10/10/2018&lt;/td&gt;
		&lt;td class="tabelatd1"&gt;110.00&lt;/td&gt;
		&lt;td class="tabelatd1"&gt;0.00&lt;/td&gt;
		&lt;td class="tabelatd1"&gt;&lt;/td&gt;
		&lt;td class="tabelatd1"&gt;Fulano de Tal (652.392.539-00)&lt;/td&gt;
		&lt;td class="tabelatd1"&gt;1&lt;/td&gt;
		&lt;td class="tabelatd1"&gt;Patrimonial&lt;/td&gt;
&lt;th class="tabelatd1" border="1"&gt;&lt;a class="noPrint" href="?class=ControleCobranca&amp;opera=A&amp;id=283"&gt;[Alterar] &lt;/a&gt;&lt;a class="noPrint" href="?class=ControleCobranca&amp;opera=C&amp;id=283"&gt;[Consultar] &lt;/a&gt;&lt;a class="noPrint" href="?class=ControleCobranca&amp;opera=D&amp;id=283" onClick="return ConfirmaExclusao('');"&gt;[Deletar&amp;nbsp;registro] &lt;/a&gt;&lt;a class="noPrint" href="?class=BaixarParcela&amp;id=283"&gt;[Baixar&amp;nbsp;parcela] &lt;/a&gt;&lt;a class="noPrint" href="?class=ImprimirParcela&amp;id=283"&gt;[Imprimir&amp;nbsp;parcela] &lt;/a&gt;&lt;/th&gt;
	&lt;/tr&gt;
	&lt;tr&gt;
		&lt;td class="tabelatd2"&gt;310&lt;/td&gt;
		&lt;td class="tabelatd2"&gt;Tipo Cobranca&lt;/td&gt;
		&lt;td class="tabelatd2"&gt;10/10/2018&lt;/td&gt;
		&lt;td class="tabelatd2"&gt;110.00&lt;/td&gt;
		&lt;td class="tabelatd2"&gt;0.00&lt;/td&gt;
		&lt;td class="tabelatd2"&gt;&lt;/td&gt;
		&lt;td class="tabelatd2"&gt;Fulano de Tal (652.392.539-00)&lt;/td&gt;
		&lt;td class="tabelatd2"&gt;1&lt;/td&gt;
		&lt;td class="tabelatd2"&gt;Patrimonial&lt;/td&gt;
&lt;th class="tabelatd2" border="1"&gt;&lt;a class="noPrint" href="?class=ControleCobranca&amp;opera=A&amp;id=310"&gt;[Alterar] &lt;/a&gt;&lt;a class="noPrint" href="?class=ControleCobranca&amp;opera=C&amp;id=310"&gt;[Consultar] &lt;/a&gt;&lt;a class="noPrint" href="?class=ControleCobranca&amp;opera=D&amp;id=310" onClick="return ConfirmaExclusao('');"&gt;[Deletar&amp;nbsp;registro] &lt;/a&gt;&lt;a class="noPrint" href="?class=BaixarParcela&amp;id=310"&gt;[Baixar&amp;nbsp;parcela] &lt;/a&gt;&lt;a class="noPrint" href="?class=ImprimirParcela&amp;id=310"&gt;[Imprimir&amp;nbsp;parcela] &lt;/a&gt;&lt;/th&gt;
	&lt;/tr&gt;
	&lt;tr&gt;
		&lt;td class="tabelatd1"&gt;339&lt;/td&gt;
		&lt;td class="tabelatd1"&gt;Tipo Cobranca&lt;/td&gt;
		&lt;td class="tabelatd1"&gt;10/10/2018&lt;/td&gt;
		&lt;td class="tabelatd1"&gt;110.00&lt;/td&gt;
		&lt;td class="tabelatd1"&gt;0.00&lt;/td&gt;
		&lt;td class="tabelatd1"&gt;&lt;/td&gt;
		&lt;td class="tabelatd1"&gt;Fulano de Tal (652.392.539-00)&lt;/td&gt;
		&lt;td class="tabelatd1"&gt;1&lt;/td&gt;
		&lt;td class="tabelatd1"&gt;Patrimonial&lt;/td&gt;
&lt;th class="tabelatd1" border="1"&gt;&lt;a class="noPrint" href="?class=ControleCobranca&amp;opera=A&amp;id=339"&gt;[Alterar] &lt;/a&gt;&lt;a class="noPrint" href="?class=ControleCobranca&amp;opera=C&amp;id=339"&gt;[Consultar] &lt;/a&gt;&lt;a class="noPrint" href="?class=ControleCobranca&amp;opera=D&amp;id=339" onClick="return ConfirmaExclusao('');"&gt;[Deletar&amp;nbsp;registro] &lt;/a&gt;&lt;a class="noPrint" href="?class=BaixarParcela&amp;id=339"&gt;[Baixar&amp;nbsp;parcela] &lt;/a&gt;&lt;a class="noPrint" href="?class=ImprimirParcela&amp;id=339"&gt;[Imprimir&amp;nbsp;parcela] &lt;/a&gt;&lt;/th&gt;
	&lt;/tr&gt;
	&lt;tr&gt;
		&lt;td class="tabelatd2"&gt;370&lt;/td&gt;
		&lt;td class="tabelatd2"&gt;Tipo Cobranca&lt;/td&gt;
		&lt;td class="tabelatd2"&gt;10/10/2018&lt;/td&gt;
		&lt;td class="tabelatd2"&gt;110.00&lt;/td&gt;
		&lt;td class="tabelatd2"&gt;0.00&lt;/td&gt;
		&lt;td class="tabelatd2"&gt;&lt;/td&gt;
		&lt;td class="tabelatd2"&gt;Fulano de Tal (652.392.539-00)&lt;/td&gt;
		&lt;td class="tabelatd2"&gt;1&lt;/td&gt;
		&lt;td class="tabelatd2"&gt;Patrimonial&lt;/td&gt;
&lt;th class="tabelatd2" border="1"&gt;&lt;a class="noPrint" href="?class=ControleCobranca&amp;opera=A&amp;id=370"&gt;[Alterar] &lt;/a&gt;&lt;a class="noPrint" href="?class=ControleCobranca&amp;opera=C&amp;id=370"&gt;[Consultar] &lt;/a&gt;&lt;a class="noPrint" href="?class=ControleCobranca&amp;opera=D&amp;id=370" onClick="return ConfirmaExclusao('');"&gt;[Deletar&amp;nbsp;registro] &lt;/a&gt;&lt;a class="noPrint" href="?class=BaixarParcela&amp;id=370"&gt;[Baixar&amp;nbsp;parcela] &lt;/a&gt;&lt;a class="noPrint" href="?class=ImprimirParcela&amp;id=370"&gt;[Imprimir&amp;nbsp;parcela] &lt;/a&gt;&lt;/th&gt;
	&lt;/tr&gt;
	&lt;tr&gt;
		&lt;td class="tabelatd1"&gt;403&lt;/td&gt;
		&lt;td class="tabelatd1"&gt;Tipo Cobranca&lt;/td&gt;
		&lt;td class="tabelatd1"&gt;10/10/2018&lt;/td&gt;
		&lt;td class="tabelatd1"&gt;110.00&lt;/td&gt;
		&lt;td class="tabelatd1"&gt;0.00&lt;/td&gt;
		&lt;td class="tabelatd1"&gt;&lt;/td&gt;
		&lt;td class="tabelatd1"&gt;Fulano de Tal (652.392.539-00)&lt;/td&gt;
		&lt;td class="tabelatd1"&gt;1&lt;/td&gt;
		&lt;td class="tabelatd1"&gt;Patrimonial&lt;/td&gt;
&lt;th class="tabelatd1" border="1"&gt;&lt;a class="noPrint" href="?class=ControleCobranca&amp;opera=A&amp;id=403"&gt;[Alterar] &lt;/a&gt;&lt;a class="noPrint" href="?class=ControleCobranca&amp;opera=C&amp;id=403"&gt;[Consultar] &lt;/a&gt;&lt;a class="noPrint" href="?class=ControleCobranca&amp;opera=D&amp;id=403" onClick="return ConfirmaExclusao('');"&gt;[Deletar&amp;nbsp;registro] &lt;/a&gt;&lt;a class="noPrint" href="?class=BaixarParcela&amp;id=403"&gt;[Baixar&amp;nbsp;parcela] &lt;/a&gt;&lt;a class="noPrint" href="?class=ImprimirParcela&amp;id=403"&gt;[Imprimir&amp;nbsp;parcela] &lt;/a&gt;&lt;/th&gt;
	&lt;/tr&gt;
	&lt;tr&gt;
		&lt;td class="tabelatd2"&gt;438&lt;/td&gt;
		&lt;td class="tabelatd2"&gt;Tipo Cobranca&lt;/td&gt;
		&lt;td class="tabelatd2"&gt;10/10/2018&lt;/td&gt;
		&lt;td class="tabelatd2"&gt;110.00&lt;/td&gt;
		&lt;td class="tabelatd2"&gt;0.00&lt;/td&gt;
		&lt;td class="tabelatd2"&gt;&lt;/td&gt;
		&lt;td class="tabelatd2"&gt;Fulano de Tal (652.392.539-00)&lt;/td&gt;
		&lt;td class="tabelatd2"&gt;1&lt;/td&gt;
		&lt;td class="tabelatd2"&gt;Patrimonial&lt;/td&gt;
&lt;th class="tabelatd2" border="1"&gt;&lt;a class="noPrint" href="?class=ControleCobranca&amp;opera=A&amp;id=438"&gt;[Alterar] &lt;/a&gt;&lt;a class="noPrint" href="?class=ControleCobranca&amp;opera=C&amp;id=438"&gt;[Consultar] &lt;/a&gt;&lt;a class="noPrint" href="?class=ControleCobranca&amp;opera=D&amp;id=438" onClick="return ConfirmaExclusao('');"&gt;[Deletar&amp;nbsp;registro] &lt;/a&gt;&lt;a class="noPrint" href="?class=BaixarParcela&amp;id=438"&gt;[Baixar&amp;nbsp;parcela] &lt;/a&gt;&lt;a class="noPrint" href="?class=ImprimirParcela&amp;id=438"&gt;[Imprimir&amp;nbsp;parcela] &lt;/a&gt;&lt;/th&gt;
	&lt;/tr&gt;
	&lt;tr&gt;
		&lt;td class="tabelatd1"&gt;284&lt;/td&gt;
		&lt;td class="tabelatd1"&gt;Tipo Cobranca&lt;/td&gt;
		&lt;td class="tabelatd1"&gt;10/10/2018&lt;/td&gt;
		&lt;td class="tabelatd1"&gt;110.00&lt;/td&gt;
		&lt;td class="tabelatd1"&gt;0.00&lt;/td&gt;
		&lt;td class="tabelatd1"&gt;&lt;/td&gt;
		&lt;td class="tabelatd1"&gt;Fulano de Tal (652.392.539-00)&lt;/td&gt;
		&lt;td class="tabelatd1"&gt;1&lt;/td&gt;
		&lt;td class="tabelatd1"&gt;Patrimonial&lt;/td&gt;
&lt;th class="tabelatd1" border="1"&gt;&lt;a class="noPrint" href="?class=ControleCobranca&amp;opera=A&amp;id=284"&gt;[Alterar] &lt;/a&gt;&lt;a class="noPrint" href="?class=ControleCobranca&amp;opera=C&amp;id=284"&gt;[Consultar] &lt;/a&gt;&lt;a class="noPrint" href="?class=ControleCobranca&amp;opera=D&amp;id=284" onClick="return ConfirmaExclusao('');"&gt;[Deletar&amp;nbsp;registro] &lt;/a&gt;&lt;a class="noPrint" href="?class=BaixarParcela&amp;id=284"&gt;[Baixar&amp;nbsp;parcela] &lt;/a&gt;&lt;a class="noPrint" href="?class=ImprimirParcela&amp;id=284"&gt;[Imprimir&amp;nbsp;parcela] &lt;/a&gt;&lt;/th&gt;
	&lt;/tr&gt;
	&lt;tr&gt;
		&lt;td class="tabelatd2"&gt;311&lt;/td&gt;
		&lt;td class="tabelatd2"&gt;Tipo Cobranca&lt;/td&gt;
		&lt;td class="tabelatd2"&gt;10/10/2018&lt;/td&gt;
		&lt;td class="tabelatd2"&gt;110.00&lt;/td&gt;
		&lt;td class="tabelatd2"&gt;0.00&lt;/td&gt;
		&lt;td class="tabelatd2"&gt;&lt;/td&gt;
		&lt;td class="tabelatd2"&gt;Fulano de Tal (652.392.539-00)&lt;/td&gt;
		&lt;td class="tabelatd2"&gt;1&lt;/td&gt;
		&lt;td class="tabelatd2"&gt;Patrimonial&lt;/td&gt;
&lt;th class="tabelatd2" border="1"&gt;&lt;a class="noPrint" href="?class=ControleCobranca&amp;opera=A&amp;id=311"&gt;[Alterar] &lt;/a&gt;&lt;a class="noPrint" href="?class=ControleCobranca&amp;opera=C&amp;id=311"&gt;[Consultar] &lt;/a&gt;&lt;a class="noPrint" href="?class=ControleCobranca&amp;opera=D&amp;id=311" onClick="return ConfirmaExclusao('');"&gt;[Deletar&amp;nbsp;registro] &lt;/a&gt;&lt;a class="noPrint" href="?class=BaixarParcela&amp;id=311"&gt;[Baixar&amp;nbsp;parcela] &lt;/a&gt;&lt;a class="noPrint" href="?class=ImprimirParcela&amp;id=311"&gt;[Imprimir&amp;nbsp;parcela] &lt;/a&gt;&lt;/th&gt;
	&lt;/tr&gt;
	&lt;tr&gt;
		&lt;td class="tabelatd1"&gt;340&lt;/td&gt;
		&lt;td class="tabelatd1"&gt;Tipo Cobranca&lt;/td&gt;
		&lt;td class="tabelatd1"&gt;10/10/2018&lt;/td&gt;
		&lt;td class="tabelatd1"&gt;110.00&lt;/td&gt;
		&lt;td class="tabelatd1"&gt;0.00&lt;/td&gt;
		&lt;td class="tabelatd1"&gt;&lt;/td&gt;
		&lt;td class="tabelatd1"&gt;Fulano de Tal (652.392.539-00)&lt;/td&gt;
		&lt;td class="tabelatd1"&gt;1&lt;/td&gt;
		&lt;td class="tabelatd1"&gt;Patrimonial&lt;/td&gt;
&lt;th class="tabelatd1" border="1"&gt;&lt;a class="noPrint" href="?class=ControleCobranca&amp;opera=A&amp;id=340"&gt;[Alterar] &lt;/a&gt;&lt;a class="noPrint" href="?class=ControleCobranca&amp;opera=C&amp;id=340"&gt;[Consultar] &lt;/a&gt;&lt;a class="noPrint" href="?class=ControleCobranca&amp;opera=D&amp;id=340" onClick="return ConfirmaExclusao('');"&gt;[Deletar&amp;nbsp;registro] &lt;/a&gt;&lt;a class="noPrint" href="?class=BaixarParcela&amp;id=340"&gt;[Baixar&amp;nbsp;parcela] &lt;/a&gt;&lt;a class="noPrint" href="?class=ImprimirParcela&amp;id=340"&gt;[Imprimir&amp;nbsp;parcela] &lt;/a&gt;&lt;/th&gt;
	&lt;/tr&gt;
	&lt;tr&gt;
		&lt;td class="tabelatd2"&gt;371&lt;/td&gt;
		&lt;td class="tabelatd2"&gt;Tipo Cobranca&lt;/td&gt;
		&lt;td class="tabelatd2"&gt;10/10/2018&lt;/td&gt;
		&lt;td class="tabelatd2"&gt;110.00&lt;/td&gt;
		&lt;td class="tabelatd2"&gt;0.00&lt;/td&gt;
		&lt;td class="tabelatd2"&gt;&lt;/td&gt;
		&lt;td class="tabelatd2"&gt;Fulano de Tal (652.392.539-00)&lt;/td&gt;
		&lt;td class="tabelatd2"&gt;1&lt;/td&gt;
		&lt;td class="tabelatd2"&gt;Patrimonial&lt;/td&gt;
&lt;th class="tabelatd2" border="1"&gt;&lt;a class="noPrint" href="?class=ControleCobranca&amp;opera=A&amp;id=371"&gt;[Alterar] &lt;/a&gt;&lt;a class="noPrint" href="?class=ControleCobranca&amp;opera=C&amp;id=371"&gt;[Consultar] &lt;/a&gt;&lt;a class="noPrint" href="?class=ControleCobranca&amp;opera=D&amp;id=371" onClick="return ConfirmaExclusao('');"&gt;[Deletar&amp;nbsp;registro] &lt;/a&gt;&lt;a class="noPrint" href="?class=BaixarParcela&amp;id=371"&gt;[Baixar&amp;nbsp;parcela] &lt;/a&gt;&lt;a class="noPrint" href="?class=ImprimirParcela&amp;id=371"&gt;[Imprimir&amp;nbsp;parcela] &lt;/a&gt;&lt;/th&gt;
	&lt;/tr&gt;
	&lt;tr&gt;
		&lt;td class="tabelatd1"&gt;404&lt;/td&gt;
		&lt;td class="tabelatd1"&gt;Tipo Cobranca&lt;/td&gt;
		&lt;td class="tabelatd1"&gt;10/10/2018&lt;/td&gt;
		&lt;td class="tabelatd1"&gt;110.00&lt;/td&gt;
		&lt;td class="tabelatd1"&gt;0.00&lt;/td&gt;
		&lt;td class="tabelatd1"&gt;&lt;/td&gt;
		&lt;td class="tabelatd1"&gt;Fulano de Tal (652.392.539-00)&lt;/td&gt;
		&lt;td class="tabelatd1"&gt;1&lt;/td&gt;
		&lt;td class="tabelatd1"&gt;Patrimonial&lt;/td&gt;
&lt;th class="tabelatd1" border="1"&gt;&lt;a class="noPrint" href="?class=ControleCobranca&amp;opera=A&amp;id=404"&gt;[Alterar] &lt;/a&gt;&lt;a class="noPrint" href="?class=ControleCobranca&amp;opera=C&amp;id=404"&gt;[Consultar] &lt;/a&gt;&lt;a class="noPrint" href="?class=ControleCobranca&amp;opera=D&amp;id=404" onClick="return ConfirmaExclusao('');"&gt;[Deletar&amp;nbsp;registro] &lt;/a&gt;&lt;a class="noPrint" href="?class=BaixarParcela&amp;id=404"&gt;[Baixar&amp;nbsp;parcela] &lt;/a&gt;&lt;a class="noPrint" href="?class=ImprimirParcela&amp;id=404"&gt;[Imprimir&amp;nbsp;parcela] &lt;/a&gt;&lt;/th&gt;
	&lt;/tr&gt;
	&lt;tr&gt;
		&lt;td class="tabelatd2"&gt;439&lt;/td&gt;
		&lt;td class="tabelatd2"&gt;Tipo Cobranca&lt;/td&gt;
		&lt;td class="tabelatd2"&gt;10/10/2018&lt;/td&gt;
		&lt;td class="tabelatd2"&gt;110.00&lt;/td&gt;
		&lt;td class="tabelatd2"&gt;0.00&lt;/td&gt;
		&lt;td class="tabelatd2"&gt;&lt;/td&gt;
		&lt;td class="tabelatd2"&gt;Fulano de Tal (652.392.539-00)&lt;/td&gt;
		&lt;td class="tabelatd2"&gt;1&lt;/td&gt;
		&lt;td class="tabelatd2"&gt;Patrimonial&lt;/td&gt;
&lt;th class="tabelatd2" border="1"&gt;&lt;a class="noPrint" href="?class=ControleCobranca&amp;opera=A&amp;id=439"&gt;[Alterar] &lt;/a&gt;&lt;a class="noPrint" href="?class=ControleCobranca&amp;opera=C&amp;id=439"&gt;[Consultar] &lt;/a&gt;&lt;a class="noPrint" href="?class=ControleCobranca&amp;opera=D&amp;id=439" onClick="return ConfirmaExclusao('');"&gt;[Deletar&amp;nbsp;registro] &lt;/a&gt;&lt;a class="noPrint" href="?class=BaixarParcela&amp;id=439"&gt;[Baixar&amp;nbsp;parcela] &lt;/a&gt;&lt;a class="noPrint" href="?class=ImprimirParcela&amp;id=439"&gt;[Imprimir&amp;nbsp;parcela] &lt;/a&gt;&lt;/th&gt;
	&lt;/tr&gt;
	&lt;tr&gt;
		&lt;td class="tabelatd1"&gt;285&lt;/td&gt;
		&lt;td class="tabelatd1"&gt;Tipo Cobranca&lt;/td&gt;
		&lt;td class="tabelatd1"&gt;10/10/2018&lt;/td&gt;
		&lt;td class="tabelatd1"&gt;110.00&lt;/td&gt;
		&lt;td class="tabelatd1"&gt;0.00&lt;/td&gt;
		&lt;td class="tabelatd1"&gt;&lt;/td&gt;
		&lt;td class="tabelatd1"&gt;Fulano de Tal (652.392.539-00)&lt;/td&gt;
		&lt;td class="tabelatd1"&gt;1&lt;/td&gt;
		&lt;td class="tabelatd1"&gt;Patrimonial&lt;/td&gt;
&lt;th class="tabelatd1" border="1"&gt;&lt;a class="noPrint" href="?class=ControleCobranca&amp;opera=A&amp;id=285"&gt;[Alterar] &lt;/a&gt;&lt;a class="noPrint" href="?class=ControleCobranca&amp;opera=C&amp;id=285"&gt;[Consultar] &lt;/a&gt;&lt;a class="noPrint" href="?class=ControleCobranca&amp;opera=D&amp;id=285" onClick="return ConfirmaExclusao('');"&gt;[Deletar&amp;nbsp;registro] &lt;/a&gt;&lt;a class="noPrint" href="?class=BaixarParcela&amp;id=285"&gt;[Baixar&amp;nbsp;parcela] &lt;/a&gt;&lt;a class="noPrint" href="?class=ImprimirParcela&amp;id=285"&gt;[Imprimir&amp;nbsp;parcela] &lt;/a&gt;&lt;/th&gt;
	&lt;/tr&gt;
	&lt;tr&gt;
		&lt;td class="tabelatd2"&gt;312&lt;/td&gt;
		&lt;td class="tabelatd2"&gt;Tipo Cobranca&lt;/td&gt;
		&lt;td class="tabelatd2"&gt;10/10/2018&lt;/td&gt;
		&lt;td class="tabelatd2"&gt;110.00&lt;/td&gt;
		&lt;td class="tabelatd2"&gt;0.00&lt;/td&gt;
		&lt;td class="tabelatd2"&gt;&lt;/td&gt;
		&lt;td class="tabelatd2"&gt;Fulano de Tal (652.392.539-00)&lt;/td&gt;
		&lt;td class="tabelatd2"&gt;1&lt;/td&gt;
		&lt;td class="tabelatd2"&gt;Patrimonial&lt;/td&gt;
&lt;th class="tabelatd2" border="1"&gt;&lt;a class="noPrint" href="?class=ControleCobranca&amp;opera=A&amp;id=312"&gt;[Alterar] &lt;/a&gt;&lt;a class="noPrint" href="?class=ControleCobranca&amp;opera=C&amp;id=312"&gt;[Consultar] &lt;/a&gt;&lt;a class="noPrint" href="?class=ControleCobranca&amp;opera=D&amp;id=312" onClick="return ConfirmaExclusao('');"&gt;[Deletar&amp;nbsp;registro] &lt;/a&gt;&lt;a class="noPrint" href="?class=BaixarParcela&amp;id=312"&gt;[Baixar&amp;nbsp;parcela] &lt;/a&gt;&lt;a class="noPrint" href="?class=ImprimirParcela&amp;id=312"&gt;[Imprimir&amp;nbsp;parcela] &lt;/a&gt;&lt;/th&gt;
	&lt;/tr&gt;
	&lt;tr&gt;
		&lt;td class="tabelatd1"&gt;341&lt;/td&gt;
		&lt;td class="tabelatd1"&gt;Tipo Cobranca&lt;/td&gt;
		&lt;td class="tabelatd1"&gt;10/10/2018&lt;/td&gt;
		&lt;td class="tabelatd1"&gt;110.00&lt;/td&gt;
		&lt;td class="tabelatd1"&gt;0.00&lt;/td&gt;
		&lt;td class="tabelatd1"&gt;&lt;/td&gt;
		&lt;td class="tabelatd1"&gt;Fulano de Tal (652.392.539-00)&lt;/td&gt;
		&lt;td class="tabelatd1"&gt;1&lt;/td&gt;
		&lt;td class="tabelatd1"&gt;Patrimonial&lt;/td&gt;
&lt;th class="tabelatd1" border="1"&gt;&lt;a class="noPrint" href="?class=ControleCobranca&amp;opera=A&amp;id=341"&gt;[Alterar] &lt;/a&gt;&lt;a class="noPrint" href="?class=ControleCobranca&amp;opera=C&amp;id=341"&gt;[Consultar] &lt;/a&gt;&lt;a class="noPrint" href="?class=ControleCobranca&amp;opera=D&amp;id=341" onClick="return ConfirmaExclusao('');"&gt;[Deletar&amp;nbsp;registro] &lt;/a&gt;&lt;a class="noPrint" href="?class=BaixarParcela&amp;id=341"&gt;[Baixar&amp;nbsp;parcela] &lt;/a&gt;&lt;a class="noPrint" href="?class=ImprimirParcela&amp;id=341"&gt;[Imprimir&amp;nbsp;parcela] &lt;/a&gt;&lt;/th&gt;
	&lt;/tr&gt;
	&lt;tr&gt;
		&lt;td class="tabelatd2"&gt;372&lt;/td&gt;
		&lt;td class="tabelatd2"&gt;Tipo Cobranca&lt;/td&gt;
		&lt;td class="tabelatd2"&gt;10/10/2018&lt;/td&gt;
		&lt;td class="tabelatd2"&gt;110.00&lt;/td&gt;
		&lt;td class="tabelatd2"&gt;0.00&lt;/td&gt;
		&lt;td class="tabelatd2"&gt;&lt;/td&gt;
		&lt;td class="tabelatd2"&gt;Fulano de Tal (652.392.539-00)&lt;/td&gt;
		&lt;td class="tabelatd2"&gt;1&lt;/td&gt;
		&lt;td class="tabelatd2"&gt;Patrimonial&lt;/td&gt;
&lt;th class="tabelatd2" border="1"&gt;&lt;a class="noPrint" href="?class=ControleCobranca&amp;opera=A&amp;id=372"&gt;[Alterar] &lt;/a&gt;&lt;a class="noPrint" href="?class=ControleCobranca&amp;opera=C&amp;id=372"&gt;[Consultar] &lt;/a&gt;&lt;a class="noPrint" href="?class=ControleCobranca&amp;opera=D&amp;id=372" onClick="return ConfirmaExclusao('');"&gt;[Deletar&amp;nbsp;registro] &lt;/a&gt;&lt;a class="noPrint" href="?class=BaixarParcela&amp;id=372"&gt;[Baixar&amp;nbsp;parcela] &lt;/a&gt;&lt;a class="noPrint" href="?class=ImprimirParcela&amp;id=372"&gt;[Imprimir&amp;nbsp;parcela] &lt;/a&gt;&lt;/th&gt;
	&lt;/tr&gt;
	&lt;tr&gt;
		&lt;td class="tabelatd1"&gt;405&lt;/td&gt;
		&lt;td class="tabelatd1"&gt;Tipo Cobranca&lt;/td&gt;
		&lt;td class="tabelatd1"&gt;10/10/2018&lt;/td&gt;
		&lt;td class="tabelatd1"&gt;110.00&lt;/td&gt;
		&lt;td class="tabelatd1"&gt;0.00&lt;/td&gt;
		&lt;td class="tabelatd1"&gt;&lt;/td&gt;
		&lt;td class="tabelatd1"&gt;Fulano de Tal (652.392.539-00)&lt;/td&gt;
		&lt;td class="tabelatd1"&gt;1&lt;/td&gt;
		&lt;td class="tabelatd1"&gt;Patrimonial&lt;/td&gt;
&lt;th class="tabelatd1" border="1"&gt;&lt;a class="noPrint" href="?class=ControleCobranca&amp;opera=A&amp;id=405"&gt;[Alterar] &lt;/a&gt;&lt;a class="noPrint" href="?class=ControleCobranca&amp;opera=C&amp;id=405"&gt;[Consultar] &lt;/a&gt;&lt;a class="noPrint" href="?class=ControleCobranca&amp;opera=D&amp;id=405" onClick="return ConfirmaExclusao('');"&gt;[Deletar&amp;nbsp;registro] &lt;/a&gt;&lt;a class="noPrint" href="?class=BaixarParcela&amp;id=405"&gt;[Baixar&amp;nbsp;parcela] &lt;/a&gt;&lt;a class="noPrint" href="?class=ImprimirParcela&amp;id=405"&gt;[Imprimir&amp;nbsp;parcela] &lt;/a&gt;&lt;/th&gt;
	&lt;/tr&gt;
	&lt;tr&gt;
		&lt;td class="tabelatd2"&gt;440&lt;/td&gt;
		&lt;td class="tabelatd2"&gt;Tipo Cobranca&lt;/td&gt;
		&lt;td class="tabelatd2"&gt;10/10/2018&lt;/td&gt;
		&lt;td class="tabelatd2"&gt;110.00&lt;/td&gt;
		&lt;td class="tabelatd2"&gt;0.00&lt;/td&gt;
		&lt;td class="tabelatd2"&gt;&lt;/td&gt;
		&lt;td class="tabelatd2"&gt;Fulano de Tal (652.392.539-00)&lt;/td&gt;
		&lt;td class="tabelatd2"&gt;1&lt;/td&gt;
		&lt;td class="tabelatd2"&gt;Patrimonial&lt;/td&gt;
&lt;th class="tabelatd2" border="1"&gt;&lt;a class="noPrint" href="?class=ControleCobranca&amp;opera=A&amp;id=440"&gt;[Alterar] &lt;/a&gt;&lt;a class="noPrint" href="?class=ControleCobranca&amp;opera=C&amp;id=440"&gt;[Consultar] &lt;/a&gt;&lt;a class="noPrint" href="?class=ControleCobranca&amp;opera=D&amp;id=440" onClick="return ConfirmaExclusao('');"&gt;[Deletar&amp;nbsp;registro] &lt;/a&gt;&lt;a class="noPrint" href="?class=BaixarParcela&amp;id=440"&gt;[Baixar&amp;nbsp;parcela] &lt;/a&gt;&lt;a class="noPrint" href="?class=ImprimirParcela&amp;id=440"&gt;[Imprimir&amp;nbsp;parcela] &lt;/a&gt;&lt;/th&gt;
	&lt;/tr&gt;
	&lt;tr&gt;
		&lt;td class="tabelatd1"&gt;286&lt;/td&gt;
		&lt;td class="tabelatd1"&gt;Tipo Cobranca&lt;/td&gt;
		&lt;td class="tabelatd1"&gt;10/10/2018&lt;/td&gt;
		&lt;td class="tabelatd1"&gt;110.00&lt;/td&gt;
		&lt;td class="tabelatd1"&gt;0.00&lt;/td&gt;
		&lt;td class="tabelatd1"&gt;&lt;/td&gt;
		&lt;td class="tabelatd1"&gt;Fulano de Tal (652.392.539-00)&lt;/td&gt;
		&lt;td class="tabelatd1"&gt;1&lt;/td&gt;
		&lt;td class="tabelatd1"&gt;Patrimonial&lt;/td&gt;
&lt;th class="tabelatd1" border="1"&gt;&lt;a class="noPrint" href="?class=ControleCobranca&amp;opera=A&amp;id=286"&gt;[Alterar] &lt;/a&gt;&lt;a class="noPrint" href="?class=ControleCobranca&amp;opera=C&amp;id=286"&gt;[Consultar] &lt;/a&gt;&lt;a class="noPrint" href="?class=ControleCobranca&amp;opera=D&amp;id=286" onClick="return ConfirmaExclusao('');"&gt;[Deletar&amp;nbsp;registro] &lt;/a&gt;&lt;a class="noPrint" href="?class=BaixarParcela&amp;id=286"&gt;[Baixar&amp;nbsp;parcela] &lt;/a&gt;&lt;a class="noPrint" href="?class=ImprimirParcela&amp;id=286"&gt;[Imprimir&amp;nbsp;parcela] &lt;/a&gt;&lt;/th&gt;
	&lt;/tr&gt;
	&lt;tr&gt;
		&lt;td class="tabelatd2"&gt;313&lt;/td&gt;
		&lt;td class="tabelatd2"&gt;Tipo Cobranca&lt;/td&gt;
		&lt;td class="tabelatd2"&gt;10/10/2018&lt;/td&gt;
		&lt;td class="tabelatd2"&gt;110.00&lt;/td&gt;
		&lt;td class="tabelatd2"&gt;0.00&lt;/td&gt;
		&lt;td class="tabelatd2"&gt;&lt;/td&gt;
		&lt;td class="tabelatd2"&gt;Fulano de Tal (652.392.539-00)&lt;/td&gt;
		&lt;td class="tabelatd2"&gt;1&lt;/td&gt;
		&lt;td class="tabelatd2"&gt;Patrimonial&lt;/td&gt;
&lt;th class="tabelatd2" border="1"&gt;&lt;a class="noPrint" href="?class=ControleCobranca&amp;opera=A&amp;id=313"&gt;[Alterar] &lt;/a&gt;&lt;a class="noPrint" href="?class=ControleCobranca&amp;opera=C&amp;id=313"&gt;[Consultar] &lt;/a&gt;&lt;a class="noPrint" href="?class=ControleCobranca&amp;opera=D&amp;id=313" onClick="return ConfirmaExclusao('');"&gt;[Deletar&amp;nbsp;registro] &lt;/a&gt;&lt;a class="noPrint" href="?class=BaixarParcela&amp;id=313"&gt;[Baixar&amp;nbsp;parcela] &lt;/a&gt;&lt;a class="noPrint" href="?class=ImprimirParcela&amp;id=313"&gt;[Imprimir&amp;nbsp;parcela] &lt;/a&gt;&lt;/th&gt;
	&lt;/tr&gt;
	&lt;tr&gt;
		&lt;td class="tabelatd1"&gt;342&lt;/td&gt;
		&lt;td class="tabelatd1"&gt;Tipo Cobranca&lt;/td&gt;
		&lt;td class="tabelatd1"&gt;10/10/2018&lt;/td&gt;
		&lt;td class="tabelatd1"&gt;110.00&lt;/td&gt;
		&lt;td class="tabelatd1"&gt;0.00&lt;/td&gt;
		&lt;td class="tabelatd1"&gt;&lt;/td&gt;
		&lt;td class="tabelatd1"&gt;Fulano de Tal (652.392.539-00)&lt;/td&gt;
		&lt;td class="tabelatd1"&gt;1&lt;/td&gt;
		&lt;td class="tabelatd1"&gt;Patrimonial&lt;/td&gt;
&lt;th class="tabelatd1" border="1"&gt;&lt;a class="noPrint" href="?class=ControleCobranca&amp;opera=A&amp;id=342"&gt;[Alterar] &lt;/a&gt;&lt;a class="noPrint" href="?class=ControleCobranca&amp;opera=C&amp;id=342"&gt;[Consultar] &lt;/a&gt;&lt;a class="noPrint" href="?class=ControleCobranca&amp;opera=D&amp;id=342" onClick="return ConfirmaExclusao('');"&gt;[Deletar&amp;nbsp;registro] &lt;/a&gt;&lt;a class="noPrint" href="?class=BaixarParcela&amp;id=342"&gt;[Baixar&amp;nbsp;parcela] &lt;/a&gt;&lt;a class="noPrint" href="?class=ImprimirParcela&amp;id=342"&gt;[Imprimir&amp;nbsp;parcela] &lt;/a&gt;&lt;/th&gt;
	&lt;/tr&gt;
	&lt;tr&gt;
		&lt;td class="tabelatd2"&gt;373&lt;/td&gt;
		&lt;td class="tabelatd2"&gt;Tipo Cobranca&lt;/td&gt;
		&lt;td class="tabelatd2"&gt;10/10/2018&lt;/td&gt;
		&lt;td class="tabelatd2"&gt;110.00&lt;/td&gt;
		&lt;td class="tabelatd2"&gt;0.00&lt;/td&gt;
		&lt;td class="tabelatd2"&gt;&lt;/td&gt;
		&lt;td class="tabelatd2"&gt;Fulano de Tal (652.392.539-00)&lt;/td&gt;
		&lt;td class="tabelatd2"&gt;1&lt;/td&gt;
		&lt;td class="tabelatd2"&gt;Patrimonial&lt;/td&gt;
&lt;th class="tabelatd2" border="1"&gt;&lt;a class="noPrint" href="?class=ControleCobranca&amp;opera=A&amp;id=373"&gt;[Alterar] &lt;/a&gt;&lt;a class="noPrint" href="?class=ControleCobranca&amp;opera=C&amp;id=373"&gt;[Consultar] &lt;/a&gt;&lt;a class="noPrint" href="?class=ControleCobranca&amp;opera=D&amp;id=373" onClick="return ConfirmaExclusao('');"&gt;[Deletar&amp;nbsp;registro] &lt;/a&gt;&lt;a class="noPrint" href="?class=BaixarParcela&amp;id=373"&gt;[Baixar&amp;nbsp;parcela] &lt;/a&gt;&lt;a class="noPrint" href="?class=ImprimirParcela&amp;id=373"&gt;[Imprimir&amp;nbsp;parcela] &lt;/a&gt;&lt;/th&gt;
	&lt;/tr&gt;
	&lt;tr&gt;
		&lt;td class="tabelatd1"&gt;406&lt;/td&gt;
		&lt;td class="tabelatd1"&gt;Tipo Cobranca&lt;/td&gt;
		&lt;td class="tabelatd1"&gt;10/10/2018&lt;/td&gt;
		&lt;td class="tabelatd1"&gt;110.00&lt;/td&gt;
		&lt;td class="tabelatd1"&gt;0.00&lt;/td&gt;
		&lt;td class="tabelatd1"&gt;&lt;/td&gt;
		&lt;td class="tabelatd1"&gt;Fulano de Tal (652.392.539-00)&lt;/td&gt;
		&lt;td class="tabelatd1"&gt;1&lt;/td&gt;
		&lt;td class="tabelatd1"&gt;Patrimonial&lt;/td&gt;
&lt;th class="tabelatd1" border="1"&gt;&lt;a class="noPrint" href="?class=ControleCobranca&amp;opera=A&amp;id=406"&gt;[Alterar] &lt;/a&gt;&lt;a class="noPrint" href="?class=ControleCobranca&amp;opera=C&amp;id=406"&gt;[Consultar] &lt;/a&gt;&lt;a class="noPrint" href="?class=ControleCobranca&amp;opera=D&amp;id=406" onClick="return ConfirmaExclusao('');"&gt;[Deletar&amp;nbsp;registro] &lt;/a&gt;&lt;a class="noPrint" href="?class=BaixarParcela&amp;id=406"&gt;[Baixar&amp;nbsp;parcela] &lt;/a&gt;&lt;a class="noPrint" href="?class=ImprimirParcela&amp;id=406"&gt;[Imprimir&amp;nbsp;parcela] &lt;/a&gt;&lt;/th&gt;
	&lt;/tr&gt;
	&lt;tr&gt;
		&lt;td class="tabelatd2"&gt;441&lt;/td&gt;
		&lt;td class="tabelatd2"&gt;Tipo Cobranca&lt;/td&gt;
		&lt;td class="tabelatd2"&gt;10/10/2018&lt;/td&gt;
		&lt;td class="tabelatd2"&gt;110.00&lt;/td&gt;
		&lt;td class="tabelatd2"&gt;0.00&lt;/td&gt;
		&lt;td class="tabelatd2"&gt;&lt;/td&gt;
		&lt;td class="tabelatd2"&gt;Fulano de Tal (652.392.539-00)&lt;/td&gt;
		&lt;td class="tabelatd2"&gt;1&lt;/td&gt;
		&lt;td class="tabelatd2"&gt;Patrimonial&lt;/td&gt;
&lt;th class="tabelatd2" border="1"&gt;&lt;a class="noPrint" href="?class=ControleCobranca&amp;opera=A&amp;id=441"&gt;[Alterar] &lt;/a&gt;&lt;a class="noPrint" href="?class=ControleCobranca&amp;opera=C&amp;id=441"&gt;[Consultar] &lt;/a&gt;&lt;a class="noPrint" href="?class=ControleCobranca&amp;opera=D&amp;id=441" onClick="return ConfirmaExclusao('');"&gt;[Deletar&amp;nbsp;registro] &lt;/a&gt;&lt;a class="noPrint" href="?class=BaixarParcela&amp;id=441"&gt;[Baixar&amp;nbsp;parcela] &lt;/a&gt;&lt;a class="noPrint" href="?class=ImprimirParcela&amp;id=441"&gt;[Imprimir&amp;nbsp;parcela] &lt;/a&gt;&lt;/th&gt;
	&lt;/tr&gt;
	&lt;tr&gt;
		&lt;td class="tabelatd1"&gt;287&lt;/td&gt;
		&lt;td class="tabelatd1"&gt;Tipo Cobranca&lt;/td&gt;
		&lt;td class="tabelatd1"&gt;10/10/2018&lt;/td&gt;
		&lt;td class="tabelatd1"&gt;110.00&lt;/td&gt;
		&lt;td class="tabelatd1"&gt;0.00&lt;/td&gt;
		&lt;td class="tabelatd1"&gt;&lt;/td&gt;
		&lt;td class="tabelatd1"&gt;Fulano de Tal (652.392.539-00)&lt;/td&gt;
		&lt;td class="tabelatd1"&gt;1&lt;/td&gt;
		&lt;td class="tabelatd1"&gt;Patrimonial&lt;/td&gt;
&lt;th class="tabelatd1" border="1"&gt;&lt;a class="noPrint" href="?class=ControleCobranca&amp;opera=A&amp;id=287"&gt;[Alterar] &lt;/a&gt;&lt;a class="noPrint" href="?class=ControleCobranca&amp;opera=C&amp;id=287"&gt;[Consultar] &lt;/a&gt;&lt;a class="noPrint" href="?class=ControleCobranca&amp;opera=D&amp;id=287" onClick="return ConfirmaExclusao('');"&gt;[Deletar&amp;nbsp;registro] &lt;/a&gt;&lt;a class="noPrint" href="?class=BaixarParcela&amp;id=287"&gt;[Baixar&amp;nbsp;parcela] &lt;/a&gt;&lt;a class="noPrint" href="?class=ImprimirParcela&amp;id=287"&gt;[Imprimir&amp;nbsp;parcela] &lt;/a&gt;&lt;/th&gt;
	&lt;/tr&gt;
	&lt;tr&gt;
		&lt;td class="tabelatd2"&gt;314&lt;/td&gt;
		&lt;td class="tabelatd2"&gt;Tipo Cobranca&lt;/td&gt;
		&lt;td class="tabelatd2"&gt;10/10/2018&lt;/td&gt;
		&lt;td class="tabelatd2"&gt;110.00&lt;/td&gt;
		&lt;td class="tabelatd2"&gt;0.00&lt;/td&gt;
		&lt;td class="tabelatd2"&gt;&lt;/td&gt;
		&lt;td class="tabelatd2"&gt;Fulano de Tal (652.392.539-00)&lt;/td&gt;
		&lt;td class="tabelatd2"&gt;1&lt;/td&gt;
		&lt;td class="tabelatd2"&gt;Patrimonial&lt;/td&gt;
&lt;th class="tabelatd2" border="1"&gt;&lt;a class="noPrint" href="?class=ControleCobranca&amp;opera=A&amp;id=314"&gt;[Alterar] &lt;/a&gt;&lt;a class="noPrint" href="?class=ControleCobranca&amp;opera=C&amp;id=314"&gt;[Consultar] &lt;/a&gt;&lt;a class="noPrint" href="?class=ControleCobranca&amp;opera=D&amp;id=314" onClick="return ConfirmaExclusao('');"&gt;[Deletar&amp;nbsp;registro] &lt;/a&gt;&lt;a class="noPrint" href="?class=BaixarParcela&amp;id=314"&gt;[Baixar&amp;nbsp;parcela] &lt;/a&gt;&lt;a class="noPrint" href="?class=ImprimirParcela&amp;id=314"&gt;[Imprimir&amp;nbsp;parcela] &lt;/a&gt;&lt;/th&gt;
	&lt;/tr&gt;
	&lt;tr&gt;
		&lt;td class="tabelatd1"&gt;343&lt;/td&gt;
		&lt;td class="tabelatd1"&gt;Tipo Cobranca&lt;/td&gt;
		&lt;td class="tabelatd1"&gt;10/10/2018&lt;/td&gt;
		&lt;td class="tabelatd1"&gt;110.00&lt;/td&gt;
		&lt;td class="tabelatd1"&gt;0.00&lt;/td&gt;
		&lt;td class="tabelatd1"&gt;&lt;/td&gt;
		&lt;td class="tabelatd1"&gt;Fulano de Tal (652.392.539-00)&lt;/td&gt;
		&lt;td class="tabelatd1"&gt;1&lt;/td&gt;
		&lt;td class="tabelatd1"&gt;Patrimonial&lt;/td&gt;
&lt;th class="tabelatd1" border="1"&gt;&lt;a class="noPrint" href="?class=ControleCobranca&amp;opera=A&amp;id=343"&gt;[Alterar] &lt;/a&gt;&lt;a class="noPrint" href="?class=ControleCobranca&amp;opera=C&amp;id=343"&gt;[Consultar] &lt;/a&gt;&lt;a class="noPrint" href="?class=ControleCobranca&amp;opera=D&amp;id=343" onClick="return ConfirmaExclusao('');"&gt;[Deletar&amp;nbsp;registro] &lt;/a&gt;&lt;a class="noPrint" href="?class=BaixarParcela&amp;id=343"&gt;[Baixar&amp;nbsp;parcela] &lt;/a&gt;&lt;a class="noPrint" href="?class=ImprimirParcela&amp;id=343"&gt;[Imprimir&amp;nbsp;parcela] &lt;/a&gt;&lt;/th&gt;
	&lt;/tr&gt;
	&lt;tr&gt;
		&lt;td class="tabelatd2"&gt;374&lt;/td&gt;
		&lt;td class="tabelatd2"&gt;Tipo Cobranca&lt;/td&gt;
		&lt;td class="tabelatd2"&gt;10/10/2018&lt;/td&gt;
		&lt;td class="tabelatd2"&gt;110.00&lt;/td&gt;
		&lt;td class="tabelatd2"&gt;0.00&lt;/td&gt;
		&lt;td class="tabelatd2"&gt;&lt;/td&gt;
		&lt;td class="tabelatd2"&gt;Fulano de Tal (652.392.539-00)&lt;/td&gt;
		&lt;td class="tabelatd2"&gt;1&lt;/td&gt;
		&lt;td class="tabelatd2"&gt;Patrimonial&lt;/td&gt;
&lt;th class="tabelatd2" border="1"&gt;&lt;a class="noPrint" href="?class=ControleCobranca&amp;opera=A&amp;id=374"&gt;[Alterar] &lt;/a&gt;&lt;a class="noPrint" href="?class=ControleCobranca&amp;opera=C&amp;id=374"&gt;[Consultar] &lt;/a&gt;&lt;a class="noPrint" href="?class=ControleCobranca&amp;opera=D&amp;id=374" onClick="return ConfirmaExclusao('');"&gt;[Deletar&amp;nbsp;registro] &lt;/a&gt;&lt;a class="noPrint" href="?class=BaixarParcela&amp;id=374"&gt;[Baixar&amp;nbsp;parcela] &lt;/a&gt;&lt;a class="noPrint" href="?class=ImprimirParcela&amp;id=374"&gt;[Imprimir&amp;nbsp;parcela] &lt;/a&gt;&lt;/th&gt;
	&lt;/tr&gt;
	&lt;tr&gt;
		&lt;td class="tabelatd1"&gt;407&lt;/td&gt;
		&lt;td class="tabelatd1"&gt;Tipo Cobranca&lt;/td&gt;
		&lt;td class="tabelatd1"&gt;10/10/2018&lt;/td&gt;
		&lt;td class="tabelatd1"&gt;110.00&lt;/td&gt;
		&lt;td class="tabelatd1"&gt;0.00&lt;/td&gt;
		&lt;td class="tabelatd1"&gt;&lt;/td&gt;
		&lt;td class="tabelatd1"&gt;Fulano de Tal (652.392.539-00)&lt;/td&gt;
		&lt;td class="tabelatd1"&gt;1&lt;/td&gt;
		&lt;td class="tabelatd1"&gt;Patrimonial&lt;/td&gt;
&lt;th class="tabelatd1" border="1"&gt;&lt;a class="noPrint" href="?class=ControleCobranca&amp;opera=A&amp;id=407"&gt;[Alterar] &lt;/a&gt;&lt;a class="noPrint" href="?class=ControleCobranca&amp;opera=C&amp;id=407"&gt;[Consultar] &lt;/a&gt;&lt;a class="noPrint" href="?class=ControleCobranca&amp;opera=D&amp;id=407" onClick="return ConfirmaExclusao('');"&gt;[Deletar&amp;nbsp;registro] &lt;/a&gt;&lt;a class="noPrint" href="?class=BaixarParcela&amp;id=407"&gt;[Baixar&amp;nbsp;parcela] &lt;/a&gt;&lt;a class="noPrint" href="?class=ImprimirParcela&amp;id=407"&gt;[Imprimir&amp;nbsp;parcela] &lt;/a&gt;&lt;/th&gt;
	&lt;/tr&gt;
	&lt;tr&gt;
		&lt;td class="tabelatd2"&gt;442&lt;/td&gt;
		&lt;td class="tabelatd2"&gt;Tipo Cobranca&lt;/td&gt;
		&lt;td class="tabelatd2"&gt;10/10/2018&lt;/td&gt;
		&lt;td class="tabelatd2"&gt;110.00&lt;/td&gt;
		&lt;td class="tabelatd2"&gt;0.00&lt;/td&gt;
		&lt;td class="tabelatd2"&gt;&lt;/td&gt;
		&lt;td class="tabelatd2"&gt;Fulano de Tal (652.392.539-00)&lt;/td&gt;
		&lt;td class="tabelatd2"&gt;1&lt;/td&gt;
		&lt;td class="tabelatd2"&gt;Patrimonial&lt;/td&gt;
&lt;th class="tabelatd2" border="1"&gt;&lt;a class="noPrint" href="?class=ControleCobranca&amp;opera=A&amp;id=442"&gt;[Alterar] &lt;/a&gt;&lt;a class="noPrint" href="?class=ControleCobranca&amp;opera=C&amp;id=442"&gt;[Consultar] &lt;/a&gt;&lt;a class="noPrint" href="?class=ControleCobranca&amp;opera=D&amp;id=442" onClick="return ConfirmaExclusao('');"&gt;[Deletar&amp;nbsp;registro] &lt;/a&gt;&lt;a class="noPrint" href="?class=BaixarParcela&amp;id=442"&gt;[Baixar&amp;nbsp;parcela] &lt;/a&gt;&lt;a class="noPrint" href="?class=ImprimirParcela&amp;id=442"&gt;[Imprimir&amp;nbsp;parcela] &lt;/a&gt;&lt;/th&gt;
	&lt;/tr&gt;
	&lt;tr&gt;
		&lt;td class="tabelatd1"&gt;288&lt;/td&gt;
		&lt;td class="tabelatd1"&gt;Tipo Cobranca&lt;/td&gt;
		&lt;td class="tabelatd1"&gt;10/10/2018&lt;/td&gt;
		&lt;td class="tabelatd1"&gt;110.00&lt;/td&gt;
		&lt;td class="tabelatd1"&gt;0.00&lt;/td&gt;
		&lt;td class="tabelatd1"&gt;&lt;/td&gt;
		&lt;td class="tabelatd1"&gt;Fulano de Tal (652.392.539-00)&lt;/td&gt;
		&lt;td class="tabelatd1"&gt;1&lt;/td&gt;
		&lt;td class="tabelatd1"&gt;Patrimonial&lt;/td&gt;
&lt;th class="tabelatd1" border="1"&gt;&lt;a class="noPrint" href="?class=ControleCobranca&amp;opera=A&amp;id=288"&gt;[Alterar] &lt;/a&gt;&lt;a class="noPrint" href="?class=ControleCobranca&amp;opera=C&amp;id=288"&gt;[Consultar] &lt;/a&gt;&lt;a class="noPrint" href="?class=ControleCobranca&amp;opera=D&amp;id=288" onClick="return ConfirmaExclusao('');"&gt;[Deletar&amp;nbsp;registro] &lt;/a&gt;&lt;a class="noPrint" href="?class=BaixarParcela&amp;id=288"&gt;[Baixar&amp;nbsp;parcela] &lt;/a&gt;&lt;a class="noPrint" href="?class=ImprimirParcela&amp;id=288"&gt;[Imprimir&amp;nbsp;parcela] &lt;/a&gt;&lt;/th&gt;
	&lt;/tr&gt;
	&lt;tr&gt;
		&lt;td class="tabelatd2"&gt;315&lt;/td&gt;
		&lt;td class="tabelatd2"&gt;Tipo Cobranca&lt;/td&gt;
		&lt;td class="tabelatd2"&gt;10/10/2018&lt;/td&gt;
		&lt;td class="tabelatd2"&gt;110.00&lt;/td&gt;
		&lt;td class="tabelatd2"&gt;0.00&lt;/td&gt;
		&lt;td class="tabelatd2"&gt;&lt;/td&gt;
		&lt;td class="tabelatd2"&gt;Fulano de Tal (652.392.539-00)&lt;/td&gt;
		&lt;td class="tabelatd2"&gt;1&lt;/td&gt;
		&lt;td class="tabelatd2"&gt;Patrimonial&lt;/td&gt;
&lt;th class="tabelatd2" border="1"&gt;&lt;a class="noPrint" href="?class=ControleCobranca&amp;opera=A&amp;id=315"&gt;[Alterar] &lt;/a&gt;&lt;a class="noPrint" href="?class=ControleCobranca&amp;opera=C&amp;id=315"&gt;[Consultar] &lt;/a&gt;&lt;a class="noPrint" href="?class=ControleCobranca&amp;opera=D&amp;id=315" onClick="return ConfirmaExclusao('');"&gt;[Deletar&amp;nbsp;registro] &lt;/a&gt;&lt;a class="noPrint" href="?class=BaixarParcela&amp;id=315"&gt;[Baixar&amp;nbsp;parcela] &lt;/a&gt;&lt;a class="noPrint" href="?class=ImprimirParcela&amp;id=315"&gt;[Imprimir&amp;nbsp;parcela] &lt;/a&gt;&lt;/th&gt;
	&lt;/tr&gt;
	&lt;tr&gt;
		&lt;td class="tabelatd1"&gt;344&lt;/td&gt;
		&lt;td class="tabelatd1"&gt;Tipo Cobranca&lt;/td&gt;
		&lt;td class="tabelatd1"&gt;10/10/2018&lt;/td&gt;
		&lt;td class="tabelatd1"&gt;110.00&lt;/td&gt;
		&lt;td class="tabelatd1"&gt;0.00&lt;/td&gt;
		&lt;td class="tabelatd1"&gt;&lt;/td&gt;
		&lt;td class="tabelatd1"&gt;Fulano de Tal (652.392.539-00)&lt;/td&gt;
		&lt;td class="tabelatd1"&gt;1&lt;/td&gt;
		&lt;td class="tabelatd1"&gt;Patrimonial&lt;/td&gt;
&lt;th class="tabelatd1" border="1"&gt;&lt;a class="noPrint" href="?class=ControleCobranca&amp;opera=A&amp;id=344"&gt;[Alterar] &lt;/a&gt;&lt;a class="noPrint" href="?class=ControleCobranca&amp;opera=C&amp;id=344"&gt;[Consultar] &lt;/a&gt;&lt;a class="noPrint" href="?class=ControleCobranca&amp;opera=D&amp;id=344" onClick="return ConfirmaExclusao('');"&gt;[Deletar&amp;nbsp;registro] &lt;/a&gt;&lt;a class="noPrint" href="?class=BaixarParcela&amp;id=344"&gt;[Baixar&amp;nbsp;parcela] &lt;/a&gt;&lt;a class="noPrint" href="?class=ImprimirParcela&amp;id=344"&gt;[Imprimir&amp;nbsp;parcela] &lt;/a&gt;&lt;/th&gt;
	&lt;/tr&gt;
	&lt;tr&gt;
		&lt;td class="tabelatd2"&gt;375&lt;/td&gt;
		&lt;td class="tabelatd2"&gt;Tipo Cobranca&lt;/td&gt;
		&lt;td class="tabelatd2"&gt;10/10/2018&lt;/td&gt;
		&lt;td class="tabelatd2"&gt;110.00&lt;/td&gt;
		&lt;td class="tabelatd2"&gt;0.00&lt;/td&gt;
		&lt;td class="tabelatd2"&gt;&lt;/td&gt;
		&lt;td class="tabelatd2"&gt;Fulano de Tal (652.392.539-00)&lt;/td&gt;
		&lt;td class="tabelatd2"&gt;1&lt;/td&gt;
		&lt;td class="tabelatd2"&gt;Patrimonial&lt;/td&gt;
&lt;th class="tabelatd2" border="1"&gt;&lt;a class="noPrint" href="?class=ControleCobranca&amp;opera=A&amp;id=375"&gt;[Alterar] &lt;/a&gt;&lt;a class="noPrint" href="?class=ControleCobranca&amp;opera=C&amp;id=375"&gt;[Consultar] &lt;/a&gt;&lt;a class="noPrint" href="?class=ControleCobranca&amp;opera=D&amp;id=375" onClick="return ConfirmaExclusao('');"&gt;[Deletar&amp;nbsp;registro] &lt;/a&gt;&lt;a class="noPrint" href="?class=BaixarParcela&amp;id=375"&gt;[Baixar&amp;nbsp;parcela] &lt;/a&gt;&lt;a class="noPrint" href="?class=ImprimirParcela&amp;id=375"&gt;[Imprimir&amp;nbsp;parcela] &lt;/a&gt;&lt;/th&gt;
	&lt;/tr&gt;
	&lt;tr&gt;
		&lt;td class="tabelatd1"&gt;408&lt;/td&gt;
		&lt;td class="tabelatd1"&gt;Tipo Cobranca&lt;/td&gt;
		&lt;td class="tabelatd1"&gt;10/10/2018&lt;/td&gt;
		&lt;td class="tabelatd1"&gt;110.00&lt;/td&gt;
		&lt;td class="tabelatd1"&gt;0.00&lt;/td&gt;
		&lt;td class="tabelatd1"&gt;&lt;/td&gt;
		&lt;td class="tabelatd1"&gt;Fulano de Tal (652.392.539-00)&lt;/td&gt;
		&lt;td class="tabelatd1"&gt;1&lt;/td&gt;
		&lt;td class="tabelatd1"&gt;Patrimonial&lt;/td&gt;
&lt;th class="tabelatd1" border="1"&gt;&lt;a class="noPrint" href="?class=ControleCobranca&amp;opera=A&amp;id=408"&gt;[Alterar] &lt;/a&gt;&lt;a class="noPrint" href="?class=ControleCobranca&amp;opera=C&amp;id=408"&gt;[Consultar] &lt;/a&gt;&lt;a class="noPrint" href="?class=ControleCobranca&amp;opera=D&amp;id=408" onClick="return ConfirmaExclusao('');"&gt;[Deletar&amp;nbsp;registro] &lt;/a&gt;&lt;a class="noPrint" href="?class=BaixarParcela&amp;id=408"&gt;[Baixar&amp;nbsp;parcela] &lt;/a&gt;&lt;a class="noPrint" href="?class=ImprimirParcela&amp;id=408"&gt;[Imprimir&amp;nbsp;parcela] &lt;/a&gt;&lt;/th&gt;
	&lt;/tr&gt;
	&lt;tr&gt;
		&lt;td class="tabelatd2"&gt;443&lt;/td&gt;
		&lt;td class="tabelatd2"&gt;Tipo Cobranca&lt;/td&gt;
		&lt;td class="tabelatd2"&gt;10/10/2018&lt;/td&gt;
		&lt;td class="tabelatd2"&gt;110.00&lt;/td&gt;
		&lt;td class="tabelatd2"&gt;0.00&lt;/td&gt;
		&lt;td class="tabelatd2"&gt;&lt;/td&gt;
		&lt;td class="tabelatd2"&gt;Fulano de Tal (652.392.539-00)&lt;/td&gt;
		&lt;td class="tabelatd2"&gt;1&lt;/td&gt;
		&lt;td class="tabelatd2"&gt;Patrimonial&lt;/td&gt;
&lt;th class="tabelatd2" border="1"&gt;&lt;a class="noPrint" href="?class=ControleCobranca&amp;opera=A&amp;id=443"&gt;[Alterar] &lt;/a&gt;&lt;a class="noPrint" href="?class=ControleCobranca&amp;opera=C&amp;id=443"&gt;[Consultar] &lt;/a&gt;&lt;a class="noPrint" href="?class=ControleCobranca&amp;opera=D&amp;id=443" onClick="return ConfirmaExclusao('');"&gt;[Deletar&amp;nbsp;registro] &lt;/a&gt;&lt;a class="noPrint" href="?class=BaixarParcela&amp;id=443"&gt;[Baixar&amp;nbsp;parcela] &lt;/a&gt;&lt;a class="noPrint" href="?class=ImprimirParcela&amp;id=443"&gt;[Imprimir&amp;nbsp;parcela] &lt;/a&gt;&lt;/th&gt;
	&lt;/tr&gt;
	&lt;tr&gt;
		&lt;td class="tabelatd1"&gt;289&lt;/td&gt;
		&lt;td class="tabelatd1"&gt;Tipo Cobranca&lt;/td&gt;
		&lt;td class="tabelatd1"&gt;10/10/2018&lt;/td&gt;
		&lt;td class="tabelatd1"&gt;110.00&lt;/td&gt;
		&lt;td class="tabelatd1"&gt;0.00&lt;/td&gt;
		&lt;td class="tabelatd1"&gt;&lt;/td&gt;
		&lt;td class="tabelatd1"&gt;Fulano de Tal (652.392.539-00)&lt;/td&gt;
		&lt;td class="tabelatd1"&gt;1&lt;/td&gt;
		&lt;td class="tabelatd1"&gt;Patrimonial&lt;/td&gt;
&lt;th class="tabelatd1" border="1"&gt;&lt;a class="noPrint" href="?class=ControleCobranca&amp;opera=A&amp;id=289"&gt;[Alterar] &lt;/a&gt;&lt;a class="noPrint" href="?class=ControleCobranca&amp;opera=C&amp;id=289"&gt;[Consultar] &lt;/a&gt;&lt;a class="noPrint" href="?class=ControleCobranca&amp;opera=D&amp;id=289" onClick="return ConfirmaExclusao('');"&gt;[Deletar&amp;nbsp;registro] &lt;/a&gt;&lt;a class="noPrint" href="?class=BaixarParcela&amp;id=289"&gt;[Baixar&amp;nbsp;parcela] &lt;/a&gt;&lt;a class="noPrint" href="?class=ImprimirParcela&amp;id=289"&gt;[Imprimir&amp;nbsp;parcela] &lt;/a&gt;&lt;/th&gt;
	&lt;/tr&gt;
	&lt;tr&gt;
		&lt;td class="tabelatd2"&gt;316&lt;/td&gt;
		&lt;td class="tabelatd2"&gt;Tipo Cobranca&lt;/td&gt;
		&lt;td class="tabelatd2"&gt;10/10/2018&lt;/td&gt;
		&lt;td class="tabelatd2"&gt;110.00&lt;/td&gt;
		&lt;td class="tabelatd2"&gt;0.00&lt;/td&gt;
		&lt;td class="tabelatd2"&gt;&lt;/td&gt;
		&lt;td class="tabelatd2"&gt;Fulano de Tal (652.392.539-00)&lt;/td&gt;
		&lt;td class="tabelatd2"&gt;1&lt;/td&gt;
		&lt;td class="tabelatd2"&gt;Patrimonial&lt;/td&gt;
&lt;th class="tabelatd2" border="1"&gt;&lt;a class="noPrint" href="?class=ControleCobranca&amp;opera=A&amp;id=316"&gt;[Alterar] &lt;/a&gt;&lt;a class="noPrint" href="?class=ControleCobranca&amp;opera=C&amp;id=316"&gt;[Consultar] &lt;/a&gt;&lt;a class="noPrint" href="?class=ControleCobranca&amp;opera=D&amp;id=316" onClick="return ConfirmaExclusao('');"&gt;[Deletar&amp;nbsp;registro] &lt;/a&gt;&lt;a class="noPrint" href="?class=BaixarParcela&amp;id=316"&gt;[Baixar&amp;nbsp;parcela] &lt;/a&gt;&lt;a class="noPrint" href="?class=ImprimirParcela&amp;id=316"&gt;[Imprimir&amp;nbsp;parcela] &lt;/a&gt;&lt;/th&gt;
	&lt;/tr&gt;
	&lt;tr&gt;
		&lt;td class="tabelatd1"&gt;345&lt;/td&gt;
		&lt;td class="tabelatd1"&gt;Tipo Cobranca&lt;/td&gt;
		&lt;td class="tabelatd1"&gt;10/10/2018&lt;/td&gt;
		&lt;td class="tabelatd1"&gt;110.00&lt;/td&gt;
		&lt;td class="tabelatd1"&gt;0.00&lt;/td&gt;
		&lt;td class="tabelatd1"&gt;&lt;/td&gt;
		&lt;td class="tabelatd1"&gt;Fulano de Tal (652.392.539-00)&lt;/td&gt;
		&lt;td class="tabelatd1"&gt;1&lt;/td&gt;
		&lt;td class="tabelatd1"&gt;Patrimonial&lt;/td&gt;
&lt;th class="tabelatd1" border="1"&gt;&lt;a class="noPrint" href="?class=ControleCobranca&amp;opera=A&amp;id=345"&gt;[Alterar] &lt;/a&gt;&lt;a class="noPrint" href="?class=ControleCobranca&amp;opera=C&amp;id=345"&gt;[Consultar] &lt;/a&gt;&lt;a class="noPrint" href="?class=ControleCobranca&amp;opera=D&amp;id=345" onClick="return ConfirmaExclusao('');"&gt;[Deletar&amp;nbsp;registro] &lt;/a&gt;&lt;a class="noPrint" href="?class=BaixarParcela&amp;id=345"&gt;[Baixar&amp;nbsp;parcela] &lt;/a&gt;&lt;a class="noPrint" href="?class=ImprimirParcela&amp;id=345"&gt;[Imprimir&amp;nbsp;parcela] &lt;/a&gt;&lt;/th&gt;
	&lt;/tr&gt;
	&lt;tr&gt;
		&lt;td class="tabelatd2"&gt;376&lt;/td&gt;
		&lt;td class="tabelatd2"&gt;Tipo Cobranca&lt;/td&gt;
		&lt;td class="tabelatd2"&gt;10/10/2018&lt;/td&gt;
		&lt;td class="tabelatd2"&gt;110.00&lt;/td&gt;
		&lt;td class="tabelatd2"&gt;0.00&lt;/td&gt;
		&lt;td class="tabelatd2"&gt;&lt;/td&gt;
		&lt;td class="tabelatd2"&gt;Fulano de Tal (652.392.539-00)&lt;/td&gt;
		&lt;td class="tabelatd2"&gt;1&lt;/td&gt;
		&lt;td class="tabelatd2"&gt;Patrimonial&lt;/td&gt;
&lt;th class="tabelatd2" border="1"&gt;&lt;a class="noPrint" href="?class=ControleCobranca&amp;opera=A&amp;id=376"&gt;[Alterar] &lt;/a&gt;&lt;a class="noPrint" href="?class=ControleCobranca&amp;opera=C&amp;id=376"&gt;[Consultar] &lt;/a&gt;&lt;a class="noPrint" href="?class=ControleCobranca&amp;opera=D&amp;id=376" onClick="return ConfirmaExclusao('');"&gt;[Deletar&amp;nbsp;registro] &lt;/a&gt;&lt;a class="noPrint" href="?class=BaixarParcela&amp;id=376"&gt;[Baixar&amp;nbsp;parcela] &lt;/a&gt;&lt;a class="noPrint" href="?class=ImprimirParcela&amp;id=376"&gt;[Imprimir&amp;nbsp;parcela] &lt;/a&gt;&lt;/th&gt;
	&lt;/tr&gt;
	&lt;tr&gt;
		&lt;td class="tabelatd1"&gt;409&lt;/td&gt;
		&lt;td class="tabelatd1"&gt;Tipo Cobranca&lt;/td&gt;
		&lt;td class="tabelatd1"&gt;10/10/2018&lt;/td&gt;
		&lt;td class="tabelatd1"&gt;110.00&lt;/td&gt;
		&lt;td class="tabelatd1"&gt;0.00&lt;/td&gt;
		&lt;td class="tabelatd1"&gt;&lt;/td&gt;
		&lt;td class="tabelatd1"&gt;Fulano de Tal (652.392.539-00)&lt;/td&gt;
		&lt;td class="tabelatd1"&gt;1&lt;/td&gt;
		&lt;td class="tabelatd1"&gt;Patrimonial&lt;/td&gt;
&lt;th class="tabelatd1" border="1"&gt;&lt;a class="noPrint" href="?class=ControleCobranca&amp;opera=A&amp;id=409"&gt;[Alterar] &lt;/a&gt;&lt;a class="noPrint" href="?class=ControleCobranca&amp;opera=C&amp;id=409"&gt;[Consultar] &lt;/a&gt;&lt;a class="noPrint" href="?class=ControleCobranca&amp;opera=D&amp;id=409" onClick="return ConfirmaExclusao('');"&gt;[Deletar&amp;nbsp;registro] &lt;/a&gt;&lt;a class="noPrint" href="?class=BaixarParcela&amp;id=409"&gt;[Baixar&amp;nbsp;parcela] &lt;/a&gt;&lt;a class="noPrint" href="?class=ImprimirParcela&amp;id=409"&gt;[Imprimir&amp;nbsp;parcela] &lt;/a&gt;&lt;/th&gt;
	&lt;/tr&gt;
	&lt;tr&gt;
		&lt;td class="tabelatd2"&gt;444&lt;/td&gt;
		&lt;td class="tabelatd2"&gt;Tipo Cobranca&lt;/td&gt;
		&lt;td class="tabelatd2"&gt;10/10/2018&lt;/td&gt;
		&lt;td class="tabelatd2"&gt;110.00&lt;/td&gt;
		&lt;td class="tabelatd2"&gt;0.00&lt;/td&gt;
		&lt;td class="tabelatd2"&gt;&lt;/td&gt;
		&lt;td class="tabelatd2"&gt;Fulano de Tal (652.392.539-00)&lt;/td&gt;
		&lt;td class="tabelatd2"&gt;1&lt;/td&gt;
		&lt;td class="tabelatd2"&gt;Patrimonial&lt;/td&gt;
&lt;th class="tabelatd2" border="1"&gt;&lt;a class="noPrint" href="?class=ControleCobranca&amp;opera=A&amp;id=444"&gt;[Alterar] &lt;/a&gt;&lt;a class="noPrint" href="?class=ControleCobranca&amp;opera=C&amp;id=444"&gt;[Consultar] &lt;/a&gt;&lt;a class="noPrint" href="?class=ControleCobranca&amp;opera=D&amp;id=444" onClick="return ConfirmaExclusao('');"&gt;[Deletar&amp;nbsp;registro] &lt;/a&gt;&lt;a class="noPrint" href="?class=BaixarParcela&amp;id=444"&gt;[Baixar&amp;nbsp;parcela] &lt;/a&gt;&lt;a class="noPrint" href="?class=ImprimirParcela&amp;id=444"&gt;[Imprimir&amp;nbsp;parcela] &lt;/a&gt;&lt;/th&gt;
	&lt;/tr&gt;
	&lt;tr&gt;
		&lt;td class="tabelatd1"&gt;290&lt;/td&gt;
		&lt;td class="tabelatd1"&gt;Tipo Cobranca&lt;/td&gt;
		&lt;td class="tabelatd1"&gt;10/10/2018&lt;/td&gt;
		&lt;td class="tabelatd1"&gt;110.00&lt;/td&gt;
		&lt;td class="tabelatd1"&gt;0.00&lt;/td&gt;
		&lt;td class="tabelatd1"&gt;&lt;/td&gt;
		&lt;td class="tabelatd1"&gt;Fulano de Tal (652.392.539-00)&lt;/td&gt;
		&lt;td class="tabelatd1"&gt;1&lt;/td&gt;
		&lt;td class="tabelatd1"&gt;Patrimonial&lt;/td&gt;
&lt;th class="tabelatd1" border="1"&gt;&lt;a class="noPrint" href="?class=ControleCobranca&amp;opera=A&amp;id=290"&gt;[Alterar] &lt;/a&gt;&lt;a class="noPrint" href="?class=ControleCobranca&amp;opera=C&amp;id=290"&gt;[Consultar] &lt;/a&gt;&lt;a class="noPrint" href="?class=ControleCobranca&amp;opera=D&amp;id=290" onClick="return ConfirmaExclusao('');"&gt;[Deletar&amp;nbsp;registro] &lt;/a&gt;&lt;a class="noPrint" href="?class=BaixarParcela&amp;id=290"&gt;[Baixar&amp;nbsp;parcela] &lt;/a&gt;&lt;a class="noPrint" href="?class=ImprimirParcela&amp;id=290"&gt;[Imprimir&amp;nbsp;parcela] &lt;/a&gt;&lt;/th&gt;
	&lt;/tr&gt;
	&lt;tr&gt;
		&lt;td class="tabelatd2"&gt;317&lt;/td&gt;
		&lt;td class="tabelatd2"&gt;Tipo Cobranca&lt;/td&gt;
		&lt;td class="tabelatd2"&gt;10/10/2018&lt;/td&gt;
		&lt;td class="tabelatd2"&gt;110.00&lt;/td&gt;
		&lt;td class="tabelatd2"&gt;0.00&lt;/td&gt;
		&lt;td class="tabelatd2"&gt;&lt;/td&gt;
		&lt;td class="tabelatd2"&gt;Fulano de Tal (652.392.539-00)&lt;/td&gt;
		&lt;td class="tabelatd2"&gt;1&lt;/td&gt;
		&lt;td class="tabelatd2"&gt;Patrimonial&lt;/td&gt;
&lt;th class="tabelatd2" border="1"&gt;&lt;a class="noPrint" href="?class=ControleCobranca&amp;opera=A&amp;id=317"&gt;[Alterar] &lt;/a&gt;&lt;a class="noPrint" href="?class=ControleCobranca&amp;opera=C&amp;id=317"&gt;[Consultar] &lt;/a&gt;&lt;a class="noPrint" href="?class=ControleCobranca&amp;opera=D&amp;id=317" onClick="return ConfirmaExclusao('');"&gt;[Deletar&amp;nbsp;registro] &lt;/a&gt;&lt;a class="noPrint" href="?class=BaixarParcela&amp;id=317"&gt;[Baixar&amp;nbsp;parcela] &lt;/a&gt;&lt;a class="noPrint" href="?class=ImprimirParcela&amp;id=317"&gt;[Imprimir&amp;nbsp;parcela] &lt;/a&gt;&lt;/th&gt;
	&lt;/tr&gt;
	&lt;tr&gt;
		&lt;td class="tabelatd1"&gt;346&lt;/td&gt;
		&lt;td class="tabelatd1"&gt;Tipo Cobranca&lt;/td&gt;
		&lt;td class="tabelatd1"&gt;10/10/2018&lt;/td&gt;
		&lt;td class="tabelatd1"&gt;110.00&lt;/td&gt;
		&lt;td class="tabelatd1"&gt;0.00&lt;/td&gt;
		&lt;td class="tabelatd1"&gt;&lt;/td&gt;
		&lt;td class="tabelatd1"&gt;Fulano de Tal (652.392.539-00)&lt;/td&gt;
		&lt;td class="tabelatd1"&gt;1&lt;/td&gt;
		&lt;td class="tabelatd1"&gt;Patrimonial&lt;/td&gt;
&lt;th class="tabelatd1" border="1"&gt;&lt;a class="noPrint" href="?class=ControleCobranca&amp;opera=A&amp;id=346"&gt;[Alterar] &lt;/a&gt;&lt;a class="noPrint" href="?class=ControleCobranca&amp;opera=C&amp;id=346"&gt;[Consultar] &lt;/a&gt;&lt;a class="noPrint" href="?class=ControleCobranca&amp;opera=D&amp;id=346" onClick="return ConfirmaExclusao('');"&gt;[Deletar&amp;nbsp;registro] &lt;/a&gt;&lt;a class="noPrint" href="?class=BaixarParcela&amp;id=346"&gt;[Baixar&amp;nbsp;parcela] &lt;/a&gt;&lt;a class="noPrint" href="?class=ImprimirParcela&amp;id=346"&gt;[Imprimir&amp;nbsp;parcela] &lt;/a&gt;&lt;/th&gt;
	&lt;/tr&gt;
	&lt;tr&gt;
		&lt;td class="tabelatd2"&gt;377&lt;/td&gt;
		&lt;td class="tabelatd2"&gt;Tipo Cobranca&lt;/td&gt;
		&lt;td class="tabelatd2"&gt;10/10/2018&lt;/td&gt;
		&lt;td class="tabelatd2"&gt;110.00&lt;/td&gt;
		&lt;td class="tabelatd2"&gt;0.00&lt;/td&gt;
		&lt;td class="tabelatd2"&gt;&lt;/td&gt;
		&lt;td class="tabelatd2"&gt;Fulano de Tal (652.392.539-00)&lt;/td&gt;
		&lt;td class="tabelatd2"&gt;1&lt;/td&gt;
		&lt;td class="tabelatd2"&gt;Patrimonial&lt;/td&gt;
&lt;th class="tabelatd2" border="1"&gt;&lt;a class="noPrint" href="?class=ControleCobranca&amp;opera=A&amp;id=377"&gt;[Alterar] &lt;/a&gt;&lt;a class="noPrint" href="?class=ControleCobranca&amp;opera=C&amp;id=377"&gt;[Consultar] &lt;/a&gt;&lt;a class="noPrint" href="?class=ControleCobranca&amp;opera=D&amp;id=377" onClick="return ConfirmaExclusao('');"&gt;[Deletar&amp;nbsp;registro] &lt;/a&gt;&lt;a class="noPrint" href="?class=BaixarParcela&amp;id=377"&gt;[Baixar&amp;nbsp;parcela] &lt;/a&gt;&lt;a class="noPrint" href="?class=ImprimirParcela&amp;id=377"&gt;[Imprimir&amp;nbsp;parcela] &lt;/a&gt;&lt;/th&gt;
	&lt;/tr&gt;
	&lt;tr&gt;
		&lt;td class="tabelatd1"&gt;410&lt;/td&gt;
		&lt;td class="tabelatd1"&gt;Tipo Cobranca&lt;/td&gt;
		&lt;td class="tabelatd1"&gt;10/10/2018&lt;/td&gt;
		&lt;td class="tabelatd1"&gt;110.00&lt;/td&gt;
		&lt;td class="tabelatd1"&gt;0.00&lt;/td&gt;
		&lt;td class="tabelatd1"&gt;&lt;/td&gt;
		&lt;td class="tabelatd1"&gt;Fulano de Tal (652.392.539-00)&lt;/td&gt;
		&lt;td class="tabelatd1"&gt;1&lt;/td&gt;
		&lt;td class="tabelatd1"&gt;Patrimonial&lt;/td&gt;
&lt;th class="tabelatd1" border="1"&gt;&lt;a class="noPrint" href="?class=ControleCobranca&amp;opera=A&amp;id=410"&gt;[Alterar] &lt;/a&gt;&lt;a class="noPrint" href="?class=ControleCobranca&amp;opera=C&amp;id=410"&gt;[Consultar] &lt;/a&gt;&lt;a class="noPrint" href="?class=ControleCobranca&amp;opera=D&amp;id=410" onClick="return ConfirmaExclusao('');"&gt;[Deletar&amp;nbsp;registro] &lt;/a&gt;&lt;a class="noPrint" href="?class=BaixarParcela&amp;id=410"&gt;[Baixar&amp;nbsp;parcela] &lt;/a&gt;&lt;a class="noPrint" href="?class=ImprimirParcela&amp;id=410"&gt;[Imprimir&amp;nbsp;parcela] &lt;/a&gt;&lt;/th&gt;
	&lt;/tr&gt;
	&lt;tr&gt;
		&lt;td class="tabelatd2"&gt;445&lt;/td&gt;
		&lt;td class="tabelatd2"&gt;Tipo Cobranca&lt;/td&gt;
		&lt;td class="tabelatd2"&gt;10/10/2018&lt;/td&gt;
		&lt;td class="tabelatd2"&gt;110.00&lt;/td&gt;
		&lt;td class="tabelatd2"&gt;0.00&lt;/td&gt;
		&lt;td class="tabelatd2"&gt;&lt;/td&gt;
		&lt;td class="tabelatd2"&gt;Fulano de Tal (652.392.539-00)&lt;/td&gt;
		&lt;td class="tabelatd2"&gt;1&lt;/td&gt;
		&lt;td class="tabelatd2"&gt;Patrimonial&lt;/td&gt;
&lt;th class="tabelatd2" border="1"&gt;&lt;a class="noPrint" href="?class=ControleCobranca&amp;opera=A&amp;id=445"&gt;[Alterar] &lt;/a&gt;&lt;a class="noPrint" href="?class=ControleCobranca&amp;opera=C&amp;id=445"&gt;[Consultar] &lt;/a&gt;&lt;a class="noPrint" href="?class=ControleCobranca&amp;opera=D&amp;id=445" onClick="return ConfirmaExclusao('');"&gt;[Deletar&amp;nbsp;registro] &lt;/a&gt;&lt;a class="noPrint" href="?class=BaixarParcela&amp;id=445"&gt;[Baixar&amp;nbsp;parcela] &lt;/a&gt;&lt;a class="noPrint" href="?class=ImprimirParcela&amp;id=445"&gt;[Imprimir&amp;nbsp;parcela] &lt;/a&gt;&lt;/th&gt;
	&lt;/tr&gt;
	&lt;tr&gt;
		&lt;td class="tabelatd1"&gt;318&lt;/td&gt;
		&lt;td class="tabelatd1"&gt;Tipo Cobranca&lt;/td&gt;
		&lt;td class="tabelatd1"&gt;10/10/2018&lt;/td&gt;
		&lt;td class="tabelatd1"&gt;110.00&lt;/td&gt;
		&lt;td class="tabelatd1"&gt;0.00&lt;/td&gt;
		&lt;td class="tabelatd1"&gt;&lt;/td&gt;
		&lt;td class="tabelatd1"&gt;Fulano de Tal (652.392.539-00)&lt;/td&gt;
		&lt;td class="tabelatd1"&gt;1&lt;/td&gt;
		&lt;td class="tabelatd1"&gt;Patrimonial&lt;/td&gt;
&lt;th class="tabelatd1" border="1"&gt;&lt;a class="noPrint" href="?class=ControleCobranca&amp;opera=A&amp;id=318"&gt;[Alterar] &lt;/a&gt;&lt;a class="noPrint" href="?class=ControleCobranca&amp;opera=C&amp;id=318"&gt;[Consultar] &lt;/a&gt;&lt;a class="noPrint" href="?class=ControleCobranca&amp;opera=D&amp;id=318" onClick="return ConfirmaExclusao('');"&gt;[Deletar&amp;nbsp;registro] &lt;/a&gt;&lt;a class="noPrint" href="?class=BaixarParcela&amp;id=318"&gt;[Baixar&amp;nbsp;parcela] &lt;/a&gt;&lt;a class="noPrint" href="?class=ImprimirParcela&amp;id=318"&gt;[Imprimir&amp;nbsp;parcela] &lt;/a&gt;&lt;/th&gt;
	&lt;/tr&gt;
	&lt;tr&gt;
		&lt;td class="tabelatd2"&gt;347&lt;/td&gt;
		&lt;td class="tabelatd2"&gt;Tipo Cobranca&lt;/td&gt;
		&lt;td class="tabelatd2"&gt;10/10/2018&lt;/td&gt;
		&lt;td class="tabelatd2"&gt;110.00&lt;/td&gt;
		&lt;td class="tabelatd2"&gt;0.00&lt;/td&gt;
		&lt;td class="tabelatd2"&gt;&lt;/td&gt;
		&lt;td class="tabelatd2"&gt;Fulano de Tal (652.392.539-00)&lt;/td&gt;
		&lt;td class="tabelatd2"&gt;1&lt;/td&gt;
		&lt;td class="tabelatd2"&gt;Patrimonial&lt;/td&gt;
&lt;th class="tabelatd2" border="1"&gt;&lt;a class="noPrint" href="?class=ControleCobranca&amp;opera=A&amp;id=347"&gt;[Alterar] &lt;/a&gt;&lt;a class="noPrint" href="?class=ControleCobranca&amp;opera=C&amp;id=347"&gt;[Consultar] &lt;/a&gt;&lt;a class="noPrint" href="?class=ControleCobranca&amp;opera=D&amp;id=347" onClick="return ConfirmaExclusao('');"&gt;[Deletar&amp;nbsp;registro] &lt;/a&gt;&lt;a class="noPrint" href="?class=BaixarParcela&amp;id=347"&gt;[Baixar&amp;nbsp;parcela] &lt;/a&gt;&lt;a class="noPrint" href="?class=ImprimirParcela&amp;id=347"&gt;[Imprimir&amp;nbsp;parcela] &lt;/a&gt;&lt;/th&gt;
	&lt;/tr&gt;
	&lt;tr&gt;
		&lt;td class="tabelatd1"&gt;378&lt;/td&gt;
		&lt;td class="tabelatd1"&gt;Tipo Cobranca&lt;/td&gt;
		&lt;td class="tabelatd1"&gt;10/10/2018&lt;/td&gt;
		&lt;td class="tabelatd1"&gt;110.00&lt;/td&gt;
		&lt;td class="tabelatd1"&gt;0.00&lt;/td&gt;
		&lt;td class="tabelatd1"&gt;&lt;/td&gt;
		&lt;td class="tabelatd1"&gt;Fulano de Tal (652.392.539-00)&lt;/td&gt;
		&lt;td class="tabelatd1"&gt;1&lt;/td&gt;
		&lt;td class="tabelatd1"&gt;Patrimonial&lt;/td&gt;
&lt;th class="tabelatd1" border="1"&gt;&lt;a class="noPrint" href="?class=ControleCobranca&amp;opera=A&amp;id=378"&gt;[Alterar] &lt;/a&gt;&lt;a class="noPrint" href="?class=ControleCobranca&amp;opera=C&amp;id=378"&gt;[Consultar] &lt;/a&gt;&lt;a class="noPrint" href="?class=ControleCobranca&amp;opera=D&amp;id=378" onClick="return ConfirmaExclusao('');"&gt;[Deletar&amp;nbsp;registro] &lt;/a&gt;&lt;a class="noPrint" href="?class=BaixarParcela&amp;id=378"&gt;[Baixar&amp;nbsp;parcela] &lt;/a&gt;&lt;a class="noPrint" href="?class=ImprimirParcela&amp;id=378"&gt;[Imprimir&amp;nbsp;parcela] &lt;/a&gt;&lt;/th&gt;
	&lt;/tr&gt;
	&lt;tr&gt;
		&lt;td class="tabelatd2"&gt;411&lt;/td&gt;
		&lt;td class="tabelatd2"&gt;Tipo Cobranca&lt;/td&gt;
		&lt;td class="tabelatd2"&gt;10/10/2018&lt;/td&gt;
		&lt;td class="tabelatd2"&gt;110.00&lt;/td&gt;
		&lt;td class="tabelatd2"&gt;0.00&lt;/td&gt;
		&lt;td class="tabelatd2"&gt;&lt;/td&gt;
		&lt;td class="tabelatd2"&gt;Fulano de Tal (652.392.539-00)&lt;/td&gt;
		&lt;td class="tabelatd2"&gt;1&lt;/td&gt;
		&lt;td class="tabelatd2"&gt;Patrimonial&lt;/td&gt;
&lt;th class="tabelatd2" border="1"&gt;&lt;a class="noPrint" href="?class=ControleCobranca&amp;opera=A&amp;id=411"&gt;[Alterar] &lt;/a&gt;&lt;a class="noPrint" href="?class=ControleCobranca&amp;opera=C&amp;id=411"&gt;[Consultar] &lt;/a&gt;&lt;a class="noPrint" href="?class=ControleCobranca&amp;opera=D&amp;id=411" onClick="return ConfirmaExclusao('');"&gt;[Deletar&amp;nbsp;registro] &lt;/a&gt;&lt;a class="noPrint" href="?class=BaixarParcela&amp;id=411"&gt;[Baixar&amp;nbsp;parcela] &lt;/a&gt;&lt;a class="noPrint" href="?class=ImprimirParcela&amp;id=411"&gt;[Imprimir&amp;nbsp;parcela] &lt;/a&gt;&lt;/th&gt;
	&lt;/tr&gt;
	&lt;tr&gt;
		&lt;td class="tabelatd1"&gt;446&lt;/td&gt;
		&lt;td class="tabelatd1"&gt;Tipo Cobranca&lt;/td&gt;
		&lt;td class="tabelatd1"&gt;10/10/2018&lt;/td&gt;
		&lt;td class="tabelatd1"&gt;110.00&lt;/td&gt;
		&lt;td class="tabelatd1"&gt;0.00&lt;/td&gt;
		&lt;td class="tabelatd1"&gt;&lt;/td&gt;
		&lt;td class="tabelatd1"&gt;Fulano de Tal (652.392.539-00)&lt;/td&gt;
		&lt;td class="tabelatd1"&gt;1&lt;/td&gt;
		&lt;td class="tabelatd1"&gt;Patrimonial&lt;/td&gt;
&lt;th class="tabelatd1" border="1"&gt;&lt;a class="noPrint" href="?class=ControleCobranca&amp;opera=A&amp;id=446"&gt;[Alterar] &lt;/a&gt;&lt;a class="noPrint" href="?class=ControleCobranca&amp;opera=C&amp;id=446"&gt;[Consultar] &lt;/a&gt;&lt;a class="noPrint" href="?class=ControleCobranca&amp;opera=D&amp;id=446" onClick="return ConfirmaExclusao('');"&gt;[Deletar&amp;nbsp;registro] &lt;/a&gt;&lt;a class="noPrint" href="?class=BaixarParcela&amp;id=446"&gt;[Baixar&amp;nbsp;parcela] &lt;/a&gt;&lt;a class="noPrint" href="?class=ImprimirParcela&amp;id=446"&gt;[Imprimir&amp;nbsp;parcela] &lt;/a&gt;&lt;/th&gt;
	&lt;/tr&gt;
	&lt;tr&gt;
		&lt;td class="tabelatd2"&gt;348&lt;/td&gt;
		&lt;td class="tabelatd2"&gt;Tipo Cobranca&lt;/td&gt;
		&lt;td class="tabelatd2"&gt;10/10/2018&lt;/td&gt;
		&lt;td class="tabelatd2"&gt;110.00&lt;/td&gt;
		&lt;td class="tabelatd2"&gt;0.00&lt;/td&gt;
		&lt;td class="tabelatd2"&gt;&lt;/td&gt;
		&lt;td class="tabelatd2"&gt;Fulano de Tal (652.392.539-00)&lt;/td&gt;
		&lt;td class="tabelatd2"&gt;1&lt;/td&gt;
		&lt;td class="tabelatd2"&gt;Patrimonial&lt;/td&gt;
&lt;th class="tabelatd2" border="1"&gt;&lt;a class="noPrint" href="?class=ControleCobranca&amp;opera=A&amp;id=348"&gt;[Alterar] &lt;/a&gt;&lt;a class="noPrint" href="?class=ControleCobranca&amp;opera=C&amp;id=348"&gt;[Consultar] &lt;/a&gt;&lt;a class="noPrint" href="?class=ControleCobranca&amp;opera=D&amp;id=348" onClick="return ConfirmaExclusao('');"&gt;[Deletar&amp;nbsp;registro] &lt;/a&gt;&lt;a class="noPrint" href="?class=BaixarParcela&amp;id=348"&gt;[Baixar&amp;nbsp;parcela] &lt;/a&gt;&lt;a class="noPrint" href="?class=ImprimirParcela&amp;id=348"&gt;[Imprimir&amp;nbsp;parcela] &lt;/a&gt;&lt;/th&gt;
	&lt;/tr&gt;
	&lt;tr&gt;
		&lt;td class="tabelatd1"&gt;379&lt;/td&gt;
		&lt;td class="tabelatd1"&gt;Tipo Cobranca&lt;/td&gt;
		&lt;td class="tabelatd1"&gt;10/10/2018&lt;/td&gt;
		&lt;td class="tabelatd1"&gt;110.00&lt;/td&gt;
		&lt;td class="tabelatd1"&gt;0.00&lt;/td&gt;
		&lt;td class="tabelatd1"&gt;&lt;/td&gt;
		&lt;td class="tabelatd1"&gt;Fulano de Tal (652.392.539-00)&lt;/td&gt;
		&lt;td class="tabelatd1"&gt;1&lt;/td&gt;
		&lt;td class="tabelatd1"&gt;Patrimonial&lt;/td&gt;
&lt;th class="tabelatd1" border="1"&gt;&lt;a class="noPrint" href="?class=ControleCobranca&amp;opera=A&amp;id=379"&gt;[Alterar] &lt;/a&gt;&lt;a class="noPrint" href="?class=ControleCobranca&amp;opera=C&amp;id=379"&gt;[Consultar] &lt;/a&gt;&lt;a class="noPrint" href="?class=ControleCobranca&amp;opera=D&amp;id=379" onClick="return ConfirmaExclusao('');"&gt;[Deletar&amp;nbsp;registro] &lt;/a&gt;&lt;a class="noPrint" href="?class=BaixarParcela&amp;id=379"&gt;[Baixar&amp;nbsp;parcela] &lt;/a&gt;&lt;a class="noPrint" href="?class=ImprimirParcela&amp;id=379"&gt;[Imprimir&amp;nbsp;parcela] &lt;/a&gt;&lt;/th&gt;
	&lt;/tr&gt;
	&lt;tr&gt;
		&lt;td class="tabelatd2"&gt;412&lt;/td&gt;
		&lt;td class="tabelatd2"&gt;Tipo Cobranca&lt;/td&gt;
		&lt;td class="tabelatd2"&gt;10/10/2018&lt;/td&gt;
		&lt;td class="tabelatd2"&gt;110.00&lt;/td&gt;
		&lt;td class="tabelatd2"&gt;0.00&lt;/td&gt;
		&lt;td class="tabelatd2"&gt;&lt;/td&gt;
		&lt;td class="tabelatd2"&gt;Fulano de Tal (652.392.539-00)&lt;/td&gt;
		&lt;td class="tabelatd2"&gt;1&lt;/td&gt;
		&lt;td class="tabelatd2"&gt;Patrimonial&lt;/td&gt;
&lt;th class="tabelatd2" border="1"&gt;&lt;a class="noPrint" href="?class=ControleCobranca&amp;opera=A&amp;id=412"&gt;[Alterar] &lt;/a&gt;&lt;a class="noPrint" href="?class=ControleCobranca&amp;opera=C&amp;id=412"&gt;[Consultar] &lt;/a&gt;&lt;a class="noPrint" href="?class=ControleCobranca&amp;opera=D&amp;id=412" onClick="return ConfirmaExclusao('');"&gt;[Deletar&amp;nbsp;registro] &lt;/a&gt;&lt;a class="noPrint" href="?class=BaixarParcela&amp;id=412"&gt;[Baixar&amp;nbsp;parcela] &lt;/a&gt;&lt;a class="noPrint" href="?class=ImprimirParcela&amp;id=412"&gt;[Imprimir&amp;nbsp;parcela] &lt;/a&gt;&lt;/th&gt;
	&lt;/tr&gt;
	&lt;tr&gt;
		&lt;td class="tabelatd1"&gt;447&lt;/td&gt;
		&lt;td class="tabelatd1"&gt;Tipo Cobranca&lt;/td&gt;
		&lt;td class="tabelatd1"&gt;10/10/2018&lt;/td&gt;
		&lt;td class="tabelatd1"&gt;110.00&lt;/td&gt;
		&lt;td class="tabelatd1"&gt;0.00&lt;/td&gt;
		&lt;td class="tabelatd1"&gt;&lt;/td&gt;
		&lt;td class="tabelatd1"&gt;Fulano de Tal (652.392.539-00)&lt;/td&gt;
		&lt;td class="tabelatd1"&gt;1&lt;/td&gt;
		&lt;td class="tabelatd1"&gt;Patrimonial&lt;/td&gt;
&lt;th class="tabelatd1" border="1"&gt;&lt;a class="noPrint" href="?class=ControleCobranca&amp;opera=A&amp;id=447"&gt;[Alterar] &lt;/a&gt;&lt;a class="noPrint" href="?class=ControleCobranca&amp;opera=C&amp;id=447"&gt;[Consultar] &lt;/a&gt;&lt;a class="noPrint" href="?class=ControleCobranca&amp;opera=D&amp;id=447" onClick="return ConfirmaExclusao('');"&gt;[Deletar&amp;nbsp;registro] &lt;/a&gt;&lt;a class="noPrint" href="?class=BaixarParcela&amp;id=447"&gt;[Baixar&amp;nbsp;parcela] &lt;/a&gt;&lt;a class="noPrint" href="?class=ImprimirParcela&amp;id=447"&gt;[Imprimir&amp;nbsp;parcela] &lt;/a&gt;&lt;/th&gt;
	&lt;/tr&gt;
	&lt;tr&gt;
		&lt;td class="tabelatd2"&gt;380&lt;/td&gt;
		&lt;td class="tabelatd2"&gt;Tipo Cobranca&lt;/td&gt;
		&lt;td class="tabelatd2"&gt;10/10/2018&lt;/td&gt;
		&lt;td class="tabelatd2"&gt;110.00&lt;/td&gt;
		&lt;td class="tabelatd2"&gt;0.00&lt;/td&gt;
		&lt;td class="tabelatd2"&gt;&lt;/td&gt;
		&lt;td class="tabelatd2"&gt;Fulano de Tal (652.392.539-00)&lt;/td&gt;
		&lt;td class="tabelatd2"&gt;1&lt;/td&gt;
		&lt;td class="tabelatd2"&gt;Patrimonial&lt;/td&gt;
&lt;th class="tabelatd2" border="1"&gt;&lt;a class="noPrint" href="?class=ControleCobranca&amp;opera=A&amp;id=380"&gt;[Alterar] &lt;/a&gt;&lt;a class="noPrint" href="?class=ControleCobranca&amp;opera=C&amp;id=380"&gt;[Consultar] &lt;/a&gt;&lt;a class="noPrint" href="?class=ControleCobranca&amp;opera=D&amp;id=380" onClick="return ConfirmaExclusao('');"&gt;[Deletar&amp;nbsp;registro] &lt;/a&gt;&lt;a class="noPrint" href="?class=BaixarParcela&amp;id=380"&gt;[Baixar&amp;nbsp;parcela] &lt;/a&gt;&lt;a class="noPrint" href="?class=ImprimirParcela&amp;id=380"&gt;[Imprimir&amp;nbsp;parcela] &lt;/a&gt;&lt;/th&gt;
	&lt;/tr&gt;
	&lt;tr&gt;
		&lt;td class="tabelatd1"&gt;413&lt;/td&gt;
		&lt;td class="tabelatd1"&gt;Tipo Cobranca&lt;/td&gt;
		&lt;td class="tabelatd1"&gt;10/10/2018&lt;/td&gt;
		&lt;td class="tabelatd1"&gt;110.00&lt;/td&gt;
		&lt;td class="tabelatd1"&gt;0.00&lt;/td&gt;
		&lt;td class="tabelatd1"&gt;&lt;/td&gt;
		&lt;td class="tabelatd1"&gt;Fulano de Tal (652.392.539-00)&lt;/td&gt;
		&lt;td class="tabelatd1"&gt;1&lt;/td&gt;
		&lt;td class="tabelatd1"&gt;Patrimonial&lt;/td&gt;
&lt;th class="tabelatd1" border="1"&gt;&lt;a class="noPrint" href="?class=ControleCobranca&amp;opera=A&amp;id=413"&gt;[Alterar] &lt;/a&gt;&lt;a class="noPrint" href="?class=ControleCobranca&amp;opera=C&amp;id=413"&gt;[Consultar] &lt;/a&gt;&lt;a class="noPrint" href="?class=ControleCobranca&amp;opera=D&amp;id=413" onClick="return ConfirmaExclusao('');"&gt;[Deletar&amp;nbsp;registro] &lt;/a&gt;&lt;a class="noPrint" href="?class=BaixarParcela&amp;id=413"&gt;[Baixar&amp;nbsp;parcela] &lt;/a&gt;&lt;a class="noPrint" href="?class=ImprimirParcela&amp;id=413"&gt;[Imprimir&amp;nbsp;parcela] &lt;/a&gt;&lt;/th&gt;
	&lt;/tr&gt;
	&lt;tr&gt;
		&lt;td class="tabelatd2"&gt;448&lt;/td&gt;
		&lt;td class="tabelatd2"&gt;Tipo Cobranca&lt;/td&gt;
		&lt;td class="tabelatd2"&gt;10/10/2018&lt;/td&gt;
		&lt;td class="tabelatd2"&gt;110.00&lt;/td&gt;
		&lt;td class="tabelatd2"&gt;0.00&lt;/td&gt;
		&lt;td class="tabelatd2"&gt;&lt;/td&gt;
		&lt;td class="tabelatd2"&gt;Fulano de Tal (652.392.539-00)&lt;/td&gt;
		&lt;td class="tabelatd2"&gt;1&lt;/td&gt;
		&lt;td class="tabelatd2"&gt;Patrimonial&lt;/td&gt;
&lt;th class="tabelatd2" border="1"&gt;&lt;a class="noPrint" href="?class=ControleCobranca&amp;opera=A&amp;id=448"&gt;[Alterar] &lt;/a&gt;&lt;a class="noPrint" href="?class=ControleCobranca&amp;opera=C&amp;id=448"&gt;[Consultar] &lt;/a&gt;&lt;a class="noPrint" href="?class=ControleCobranca&amp;opera=D&amp;id=448" onClick="return ConfirmaExclusao('');"&gt;[Deletar&amp;nbsp;registro] &lt;/a&gt;&lt;a class="noPrint" href="?class=BaixarParcela&amp;id=448"&gt;[Baixar&amp;nbsp;parcela] &lt;/a&gt;&lt;a class="noPrint" href="?class=ImprimirParcela&amp;id=448"&gt;[Imprimir&amp;nbsp;parcela] &lt;/a&gt;&lt;/th&gt;
	&lt;/tr&gt;
	&lt;tr&gt;
		&lt;td class="tabelatd1"&gt;414&lt;/td&gt;
		&lt;td class="tabelatd1"&gt;Tipo Cobranca&lt;/td&gt;
		&lt;td class="tabelatd1"&gt;10/10/2018&lt;/td&gt;
		&lt;td class="tabelatd1"&gt;110.00&lt;/td&gt;
		&lt;td class="tabelatd1"&gt;0.00&lt;/td&gt;
		&lt;td class="tabelatd1"&gt;&lt;/td&gt;
		&lt;td class="tabelatd1"&gt;Fulano de Tal (652.392.539-00)&lt;/td&gt;
		&lt;td class="tabelatd1"&gt;1&lt;/td&gt;
		&lt;td class="tabelatd1"&gt;Patrimonial&lt;/td&gt;
&lt;th class="tabelatd1" border="1"&gt;&lt;a class="noPrint" href="?class=ControleCobranca&amp;opera=A&amp;id=414"&gt;[Alterar] &lt;/a&gt;&lt;a class="noPrint" href="?class=ControleCobranca&amp;opera=C&amp;id=414"&gt;[Consultar] &lt;/a&gt;&lt;a class="noPrint" href="?class=ControleCobranca&amp;opera=D&amp;id=414" onClick="return ConfirmaExclusao('');"&gt;[Deletar&amp;nbsp;registro] &lt;/a&gt;&lt;a class="noPrint" href="?class=BaixarParcela&amp;id=414"&gt;[Baixar&amp;nbsp;parcela] &lt;/a&gt;&lt;a class="noPrint" href="?class=ImprimirParcela&amp;id=414"&gt;[Imprimir&amp;nbsp;parcela] &lt;/a&gt;&lt;/th&gt;
	&lt;/tr&gt;
	&lt;tr&gt;
		&lt;td class="tabelatd2"&gt;449&lt;/td&gt;
		&lt;td class="tabelatd2"&gt;Tipo Cobranca&lt;/td&gt;
		&lt;td class="tabelatd2"&gt;10/10/2018&lt;/td&gt;
		&lt;td class="tabelatd2"&gt;110.00&lt;/td&gt;
		&lt;td class="tabelatd2"&gt;0.00&lt;/td&gt;
		&lt;td class="tabelatd2"&gt;&lt;/td&gt;
		&lt;td class="tabelatd2"&gt;Fulano de Tal (652.392.539-00)&lt;/td&gt;
		&lt;td class="tabelatd2"&gt;1&lt;/td&gt;
		&lt;td class="tabelatd2"&gt;Patrimonial&lt;/td&gt;
&lt;th class="tabelatd2" border="1"&gt;&lt;a class="noPrint" href="?class=ControleCobranca&amp;opera=A&amp;id=449"&gt;[Alterar] &lt;/a&gt;&lt;a class="noPrint" href="?class=ControleCobranca&amp;opera=C&amp;id=449"&gt;[Consultar] &lt;/a&gt;&lt;a class="noPrint" href="?class=ControleCobranca&amp;opera=D&amp;id=449" onClick="return ConfirmaExclusao('');"&gt;[Deletar&amp;nbsp;registro] &lt;/a&gt;&lt;a class="noPrint" href="?class=BaixarParcela&amp;id=449"&gt;[Baixar&amp;nbsp;parcela] &lt;/a&gt;&lt;a class="noPrint" href="?class=ImprimirParcela&amp;id=449"&gt;[Imprimir&amp;nbsp;parcela] &lt;/a&gt;&lt;/th&gt;
	&lt;/tr&gt;
	&lt;tr&gt;
		&lt;td class="tabelatd1"&gt;450&lt;/td&gt;
		&lt;td class="tabelatd1"&gt;Tipo Cobranca&lt;/td&gt;
		&lt;td class="tabelatd1"&gt;10/10/2018&lt;/td&gt;
		&lt;td class="tabelatd1"&gt;110.00&lt;/td&gt;
		&lt;td class="tabelatd1"&gt;0.00&lt;/td&gt;
		&lt;td class="tabelatd1"&gt;&lt;/td&gt;
		&lt;td class="tabelatd1"&gt;Fulano de Tal (652.392.539-00)&lt;/td&gt;
		&lt;td class="tabelatd1"&gt;1&lt;/td&gt;
		&lt;td class="tabelatd1"&gt;Patrimonial&lt;/td&gt;
&lt;th class="tabelatd1" border="1"&gt;&lt;a class="noPrint" href="?class=ControleCobranca&amp;opera=A&amp;id=450"&gt;[Alterar] &lt;/a&gt;&lt;a class="noPrint" href="?class=ControleCobranca&amp;opera=C&amp;id=450"&gt;[Consultar] &lt;/a&gt;&lt;a class="noPrint" href="?class=ControleCobranca&amp;opera=D&amp;id=450" onClick="return ConfirmaExclusao('');"&gt;[Deletar&amp;nbsp;registro] &lt;/a&gt;&lt;a class="noPrint" href="?class=BaixarParcela&amp;id=450"&gt;[Baixar&amp;nbsp;parcela] &lt;/a&gt;&lt;a class="noPrint" href="?class=ImprimirParcela&amp;id=450"&gt;[Imprimir&amp;nbsp;parcela] &lt;/a&gt;&lt;/th&gt;
	&lt;/tr&gt;
	&lt;tr&gt;
		&lt;td class="tabelatd2"&gt;5&lt;/td&gt;
		&lt;td class="tabelatd2"&gt;Tipo Cobranca&lt;/td&gt;
		&lt;td class="tabelatd2"&gt;10/10/2018&lt;/td&gt;
		&lt;td class="tabelatd2"&gt;110.00&lt;/td&gt;
		&lt;td class="tabelatd2"&gt;0.00&lt;/td&gt;
		&lt;td class="tabelatd2"&gt;&lt;/td&gt;
		&lt;td class="tabelatd2"&gt;Cicrano de Tal (222.222.222-22)&lt;/td&gt;
		&lt;td class="tabelatd2"&gt;23F&lt;/td&gt;
		&lt;td class="tabelatd2"&gt;Patrimonial&lt;/td&gt;
&lt;th class="tabelatd2" border="1"&gt;&lt;a class="noPrint" href="?class=ControleCobranca&amp;opera=A&amp;id=5"&gt;[Alterar] &lt;/a&gt;&lt;a class="noPrint" href="?class=ControleCobranca&amp;opera=C&amp;id=5"&gt;[Consultar] &lt;/a&gt;&lt;a class="noPrint" href="?class=ControleCobranca&amp;opera=D&amp;id=5" onClick="return ConfirmaExclusao('');"&gt;[Deletar&amp;nbsp;registro] &lt;/a&gt;&lt;a class="noPrint" href="?class=BaixarParcela&amp;id=5"&gt;[Baixar&amp;nbsp;parcela] &lt;/a&gt;&lt;a class="noPrint" href="?class=ImprimirParcela&amp;id=5"&gt;[Imprimir&amp;nbsp;parcela] &lt;/a&gt;&lt;/th&gt;
	&lt;/tr&gt;
	&lt;tr&gt;
		&lt;td class="tabelatd1"&gt;9&lt;/td&gt;
		&lt;td class="tabelatd1"&gt;Tipo Cobranca&lt;/td&gt;
		&lt;td class="tabelatd1"&gt;10/10/2018&lt;/td&gt;
		&lt;td class="tabelatd1"&gt;110.00&lt;/td&gt;
		&lt;td class="tabelatd1"&gt;0.00&lt;/td&gt;
		&lt;td class="tabelatd1"&gt;&lt;/td&gt;
		&lt;td class="tabelatd1"&gt;Cicrano de Tal (222.222.222-22)&lt;/td&gt;
		&lt;td class="tabelatd1"&gt;23F&lt;/td&gt;
		&lt;td class="tabelatd1"&gt;Patrimonial&lt;/td&gt;
&lt;th class="tabelatd1" border="1"&gt;&lt;a class="noPrint" href="?class=ControleCobranca&amp;opera=A&amp;id=9"&gt;[Alterar] &lt;/a&gt;&lt;a class="noPrint" href="?class=ControleCobranca&amp;opera=C&amp;id=9"&gt;[Consultar] &lt;/a&gt;&lt;a class="noPrint" href="?class=ControleCobranca&amp;opera=D&amp;id=9" onClick="return ConfirmaExclusao('');"&gt;[Deletar&amp;nbsp;registro] &lt;/a&gt;&lt;a class="noPrint" href="?class=BaixarParcela&amp;id=9"&gt;[Baixar&amp;nbsp;parcela] &lt;/a&gt;&lt;a class="noPrint" href="?class=ImprimirParcela&amp;id=9"&gt;[Imprimir&amp;nbsp;parcela] &lt;/a&gt;&lt;/th&gt;
	&lt;/tr&gt;
	&lt;tr&gt;
		&lt;td class="tabelatd2"&gt;13&lt;/td&gt;
		&lt;td class="tabelatd2"&gt;Tipo Cobranca&lt;/td&gt;
		&lt;td class="tabelatd2"&gt;10/10/2018&lt;/td&gt;
		&lt;td class="tabelatd2"&gt;110.00&lt;/td&gt;
		&lt;td class="tabelatd2"&gt;0.00&lt;/td&gt;
		&lt;td class="tabelatd2"&gt;&lt;/td&gt;
		&lt;td class="tabelatd2"&gt;Cicrano de Tal (222.222.222-22)&lt;/td&gt;
		&lt;td class="tabelatd2"&gt;23F&lt;/td&gt;
		&lt;td class="tabelatd2"&gt;Patrimonial&lt;/td&gt;
&lt;th class="tabelatd2" border="1"&gt;&lt;a class="noPrint" href="?class=ControleCobranca&amp;opera=A&amp;id=13"&gt;[Alterar] &lt;/a&gt;&lt;a class="noPrint" href="?class=ControleCobranca&amp;opera=C&amp;id=13"&gt;[Consultar] &lt;/a&gt;&lt;a class="noPrint" href="?class=ControleCobranca&amp;opera=D&amp;id=13" onClick="return ConfirmaExclusao('');"&gt;[Deletar&amp;nbsp;registro] &lt;/a&gt;&lt;a class="noPrint" href="?class=BaixarParcela&amp;id=13"&gt;[Baixar&amp;nbsp;parcela] &lt;/a&gt;&lt;a class="noPrint" href="?class=ImprimirParcela&amp;id=13"&gt;[Imprimir&amp;nbsp;parcela] &lt;/a&gt;&lt;/th&gt;
	&lt;/tr&gt;
	&lt;tr&gt;
		&lt;td class="tabelatd1"&gt;17&lt;/td&gt;
		&lt;td class="tabelatd1"&gt;Tipo Cobranca&lt;/td&gt;
		&lt;td class="tabelatd1"&gt;10/10/2018&lt;/td&gt;
		&lt;td class="tabelatd1"&gt;110.00&lt;/td&gt;
		&lt;td class="tabelatd1"&gt;0.00&lt;/td&gt;
		&lt;td class="tabelatd1"&gt;&lt;/td&gt;
		&lt;td class="tabelatd1"&gt;Cicrano de Tal (222.222.222-22)&lt;/td&gt;
		&lt;td class="tabelatd1"&gt;23F&lt;/td&gt;
		&lt;td class="tabelatd1"&gt;Patrimonial&lt;/td&gt;
&lt;th class="tabelatd1" border="1"&gt;&lt;a class="noPrint" href="?class=ControleCobranca&amp;opera=A&amp;id=17"&gt;[Alterar] &lt;/a&gt;&lt;a class="noPrint" href="?class=ControleCobranca&amp;opera=C&amp;id=17"&gt;[Consultar] &lt;/a&gt;&lt;a class="noPrint" href="?class=ControleCobranca&amp;opera=D&amp;id=17" onClick="return ConfirmaExclusao('');"&gt;[Deletar&amp;nbsp;registro] &lt;/a&gt;&lt;a class="noPrint" href="?class=BaixarParcela&amp;id=17"&gt;[Baixar&amp;nbsp;parcela] &lt;/a&gt;&lt;a class="noPrint" href="?class=ImprimirParcela&amp;id=17"&gt;[Imprimir&amp;nbsp;parcela] &lt;/a&gt;&lt;/th&gt;
	&lt;/tr&gt;
	&lt;tr&gt;
		&lt;td class="tabelatd2"&gt;21&lt;/td&gt;
		&lt;td class="tabelatd2"&gt;Tipo Cobranca&lt;/td&gt;
		&lt;td class="tabelatd2"&gt;10/10/2018&lt;/td&gt;
		&lt;td class="tabelatd2"&gt;110.00&lt;/td&gt;
		&lt;td class="tabelatd2"&gt;0.00&lt;/td&gt;
		&lt;td class="tabelatd2"&gt;&lt;/td&gt;
		&lt;td class="tabelatd2"&gt;Cicrano de Tal (222.222.222-22)&lt;/td&gt;
		&lt;td class="tabelatd2"&gt;23F&lt;/td&gt;
		&lt;td class="tabelatd2"&gt;Patrimonial&lt;/td&gt;
&lt;th class="tabelatd2" border="1"&gt;&lt;a class="noPrint" href="?class=ControleCobranca&amp;opera=A&amp;id=21"&gt;[Alterar] &lt;/a&gt;&lt;a class="noPrint" href="?class=ControleCobranca&amp;opera=C&amp;id=21"&gt;[Consultar] &lt;/a&gt;&lt;a class="noPrint" href="?class=ControleCobranca&amp;opera=D&amp;id=21" onClick="return ConfirmaExclusao('');"&gt;[Deletar&amp;nbsp;registro] &lt;/a&gt;&lt;a class="noPrint" href="?class=BaixarParcela&amp;id=21"&gt;[Baixar&amp;nbsp;parcela] &lt;/a&gt;&lt;a class="noPrint" href="?class=ImprimirParcela&amp;id=21"&gt;[Imprimir&amp;nbsp;parcela] &lt;/a&gt;&lt;/th&gt;
	&lt;/tr&gt;
	&lt;tr&gt;
		&lt;td class="tabelatd1"&gt;25&lt;/td&gt;
		&lt;td class="tabelatd1"&gt;Tipo Cobranca&lt;/td&gt;
		&lt;td class="tabelatd1"&gt;10/10/2018&lt;/td&gt;
		&lt;td class="tabelatd1"&gt;110.00&lt;/td&gt;
		&lt;td class="tabelatd1"&gt;0.00&lt;/td&gt;
		&lt;td class="tabelatd1"&gt;&lt;/td&gt;
		&lt;td class="tabelatd1"&gt;Cicrano de Tal (222.222.222-22)&lt;/td&gt;
		&lt;td class="tabelatd1"&gt;23F&lt;/td&gt;
		&lt;td class="tabelatd1"&gt;Patrimonial&lt;/td&gt;
&lt;th class="tabelatd1" border="1"&gt;&lt;a class="noPrint" href="?class=ControleCobranca&amp;opera=A&amp;id=25"&gt;[Alterar] &lt;/a&gt;&lt;a class="noPrint" href="?class=ControleCobranca&amp;opera=C&amp;id=25"&gt;[Consultar] &lt;/a&gt;&lt;a class="noPrint" href="?class=ControleCobranca&amp;opera=D&amp;id=25" onClick="return ConfirmaExclusao('');"&gt;[Deletar&amp;nbsp;registro] &lt;/a&gt;&lt;a class="noPrint" href="?class=BaixarParcela&amp;id=25"&gt;[Baixar&amp;nbsp;parcela] &lt;/a&gt;&lt;a class="noPrint" href="?class=ImprimirParcela&amp;id=25"&gt;[Imprimir&amp;nbsp;parcela] &lt;/a&gt;&lt;/th&gt;
	&lt;/tr&gt;
	&lt;tr&gt;
		&lt;td class="tabelatd2"&gt;29&lt;/td&gt;
		&lt;td class="tabelatd2"&gt;Tipo Cobranca&lt;/td&gt;
		&lt;td class="tabelatd2"&gt;10/10/2018&lt;/td&gt;
		&lt;td class="tabelatd2"&gt;110.00&lt;/td&gt;
		&lt;td class="tabelatd2"&gt;0.00&lt;/td&gt;
		&lt;td class="tabelatd2"&gt;&lt;/td&gt;
		&lt;td class="tabelatd2"&gt;Cicrano de Tal (222.222.222-22)&lt;/td&gt;
		&lt;td class="tabelatd2"&gt;23F&lt;/td&gt;
		&lt;td class="tabelatd2"&gt;Patrimonial&lt;/td&gt;
&lt;th class="tabelatd2" border="1"&gt;&lt;a class="noPrint" href="?class=ControleCobranca&amp;opera=A&amp;id=29"&gt;[Alterar] &lt;/a&gt;&lt;a class="noPrint" href="?class=ControleCobranca&amp;opera=C&amp;id=29"&gt;[Consultar] &lt;/a&gt;&lt;a class="noPrint" href="?class=ControleCobranca&amp;opera=D&amp;id=29" onClick="return ConfirmaExclusao('');"&gt;[Deletar&amp;nbsp;registro] &lt;/a&gt;&lt;a class="noPrint" href="?class=BaixarParcela&amp;id=29"&gt;[Baixar&amp;nbsp;parcela] &lt;/a&gt;&lt;a class="noPrint" href="?class=ImprimirParcela&amp;id=29"&gt;[Imprimir&amp;nbsp;parcela] &lt;/a&gt;&lt;/th&gt;
	&lt;/tr&gt;
	&lt;tr&gt;
		&lt;td class="tabelatd1"&gt;36&lt;/td&gt;
		&lt;td class="tabelatd1"&gt;Tipo Cobranca&lt;/td&gt;
		&lt;td class="tabelatd1"&gt;10/10/2018&lt;/td&gt;
		&lt;td class="tabelatd1"&gt;110.00&lt;/td&gt;
		&lt;td class="tabelatd1"&gt;0.00&lt;/td&gt;
		&lt;td class="tabelatd1"&gt;&lt;/td&gt;
		&lt;td class="tabelatd1"&gt;Cicrano de Tal (222.222.222-22)&lt;/td&gt;
		&lt;td class="tabelatd1"&gt;23F&lt;/td&gt;
		&lt;td class="tabelatd1"&gt;Patrimonial&lt;/td&gt;
&lt;th class="tabelatd1" border="1"&gt;&lt;a class="noPrint" href="?class=ControleCobranca&amp;opera=A&amp;id=36"&gt;[Alterar] &lt;/a&gt;&lt;a class="noPrint" href="?class=ControleCobranca&amp;opera=C&amp;id=36"&gt;[Consultar] &lt;/a&gt;&lt;a class="noPrint" href="?class=ControleCobranca&amp;opera=D&amp;id=36" onClick="return ConfirmaExclusao('');"&gt;[Deletar&amp;nbsp;registro] &lt;/a&gt;&lt;a class="noPrint" href="?class=BaixarParcela&amp;id=36"&gt;[Baixar&amp;nbsp;parcela] &lt;/a&gt;&lt;a class="noPrint" href="?class=ImprimirParcela&amp;id=36"&gt;[Imprimir&amp;nbsp;parcela] &lt;/a&gt;&lt;/th&gt;
	&lt;/tr&gt;
	&lt;tr&gt;
		&lt;td class="tabelatd2"&gt;44&lt;/td&gt;
		&lt;td class="tabelatd2"&gt;Tipo Cobranca&lt;/td&gt;
		&lt;td class="tabelatd2"&gt;10/10/2018&lt;/td&gt;
		&lt;td class="tabelatd2"&gt;110.00&lt;/td&gt;
		&lt;td class="tabelatd2"&gt;0.00&lt;/td&gt;
		&lt;td class="tabelatd2"&gt;&lt;/td&gt;
		&lt;td class="tabelatd2"&gt;Cicrano de Tal (222.222.222-22)&lt;/td&gt;
		&lt;td class="tabelatd2"&gt;23F&lt;/td&gt;
		&lt;td class="tabelatd2"&gt;Patrimonial&lt;/td&gt;
&lt;th class="tabelatd2" border="1"&gt;&lt;a class="noPrint" href="?class=ControleCobranca&amp;opera=A&amp;id=44"&gt;[Alterar] &lt;/a&gt;&lt;a class="noPrint" href="?class=ControleCobranca&amp;opera=C&amp;id=44"&gt;[Consultar] &lt;/a&gt;&lt;a class="noPrint" href="?class=ControleCobranca&amp;opera=D&amp;id=44" onClick="return ConfirmaExclusao('');"&gt;[Deletar&amp;nbsp;registro] &lt;/a&gt;&lt;a class="noPrint" href="?class=BaixarParcela&amp;id=44"&gt;[Baixar&amp;nbsp;parcela] &lt;/a&gt;&lt;a class="noPrint" href="?class=ImprimirParcela&amp;id=44"&gt;[Imprimir&amp;nbsp;parcela] &lt;/a&gt;&lt;/th&gt;
	&lt;/tr&gt;
	&lt;tr&gt;
		&lt;td class="tabelatd1"&gt;55&lt;/td&gt;
		&lt;td class="tabelatd1"&gt;Tipo Cobranca&lt;/td&gt;
		&lt;td class="tabelatd1"&gt;10/10/2018&lt;/td&gt;
		&lt;td class="tabelatd1"&gt;110.00&lt;/td&gt;
		&lt;td class="tabelatd1"&gt;0.00&lt;/td&gt;
		&lt;td class="tabelatd1"&gt;&lt;/td&gt;
		&lt;td class="tabelatd1"&gt;Cicrano de Tal (222.222.222-22)&lt;/td&gt;
		&lt;td class="tabelatd1"&gt;23F&lt;/td&gt;
		&lt;td class="tabelatd1"&gt;Patrimonial&lt;/td&gt;
&lt;th class="tabelatd1" border="1"&gt;&lt;a class="noPrint" href="?class=ControleCobranca&amp;opera=A&amp;id=55"&gt;[Alterar] &lt;/a&gt;&lt;a class="noPrint" href="?class=ControleCobranca&amp;opera=C&amp;id=55"&gt;[Consultar] &lt;/a&gt;&lt;a class="noPrint" href="?class=ControleCobranca&amp;opera=D&amp;id=55" onClick="return ConfirmaExclusao('');"&gt;[Deletar&amp;nbsp;registro] &lt;/a&gt;&lt;a class="noPrint" href="?class=BaixarParcela&amp;id=55"&gt;[Baixar&amp;nbsp;parcela] &lt;/a&gt;&lt;a class="noPrint" href="?class=ImprimirParcela&amp;id=55"&gt;[Imprimir&amp;nbsp;parcela] &lt;/a&gt;&lt;/th&gt;
	&lt;/tr&gt;
	&lt;tr&gt;
		&lt;td class="tabelatd2"&gt;68&lt;/td&gt;
		&lt;td class="tabelatd2"&gt;Tipo Cobranca&lt;/td&gt;
		&lt;td class="tabelatd2"&gt;10/10/2018&lt;/td&gt;
		&lt;td class="tabelatd2"&gt;110.00&lt;/td&gt;
		&lt;td class="tabelatd2"&gt;0.00&lt;/td&gt;
		&lt;td class="tabelatd2"&gt;&lt;/td&gt;
		&lt;td class="tabelatd2"&gt;Cicrano de Tal (222.222.222-22)&lt;/td&gt;
		&lt;td class="tabelatd2"&gt;23F&lt;/td&gt;
		&lt;td class="tabelatd2"&gt;Patrimonial&lt;/td&gt;
&lt;th class="tabelatd2" border="1"&gt;&lt;a class="noPrint" href="?class=ControleCobranca&amp;opera=A&amp;id=68"&gt;[Alterar] &lt;/a&gt;&lt;a class="noPrint" href="?class=ControleCobranca&amp;opera=C&amp;id=68"&gt;[Consultar] &lt;/a&gt;&lt;a class="noPrint" href="?class=ControleCobranca&amp;opera=D&amp;id=68" onClick="return ConfirmaExclusao('');"&gt;[Deletar&amp;nbsp;registro] &lt;/a&gt;&lt;a class="noPrint" href="?class=BaixarParcela&amp;id=68"&gt;[Baixar&amp;nbsp;parcela] &lt;/a&gt;&lt;a class="noPrint" href="?class=ImprimirParcela&amp;id=68"&gt;[Imprimir&amp;nbsp;parcela] &lt;/a&gt;&lt;/th&gt;
	&lt;/tr&gt;
	&lt;tr&gt;
		&lt;td class="tabelatd1"&gt;83&lt;/td&gt;
		&lt;td class="tabelatd1"&gt;Tipo Cobranca&lt;/td&gt;
		&lt;td class="tabelatd1"&gt;10/10/2018&lt;/td&gt;
		&lt;td class="tabelatd1"&gt;110.00&lt;/td&gt;
		&lt;td class="tabelatd1"&gt;0.00&lt;/td&gt;
		&lt;td class="tabelatd1"&gt;&lt;/td&gt;
		&lt;td class="tabelatd1"&gt;Cicrano de Tal (222.222.222-22)&lt;/td&gt;
		&lt;td class="tabelatd1"&gt;23F&lt;/td&gt;
		&lt;td class="tabelatd1"&gt;Patrimonial&lt;/td&gt;
&lt;th class="tabelatd1" border="1"&gt;&lt;a class="noPrint" href="?class=ControleCobranca&amp;opera=A&amp;id=83"&gt;[Alterar] &lt;/a&gt;&lt;a class="noPrint" href="?class=ControleCobranca&amp;opera=C&amp;id=83"&gt;[Consultar] &lt;/a&gt;&lt;a class="noPrint" href="?class=ControleCobranca&amp;opera=D&amp;id=83" onClick="return ConfirmaExclusao('');"&gt;[Deletar&amp;nbsp;registro] &lt;/a&gt;&lt;a class="noPrint" href="?class=BaixarParcela&amp;id=83"&gt;[Baixar&amp;nbsp;parcela] &lt;/a&gt;&lt;a class="noPrint" href="?class=ImprimirParcela&amp;id=83"&gt;[Imprimir&amp;nbsp;parcela] &lt;/a&gt;&lt;/th&gt;
	&lt;/tr&gt;
	&lt;tr&gt;
		&lt;td class="tabelatd2"&gt;99&lt;/td&gt;
		&lt;td class="tabelatd2"&gt;Tipo Cobranca&lt;/td&gt;
		&lt;td class="tabelatd2"&gt;10/10/2018&lt;/td&gt;
		&lt;td class="tabelatd2"&gt;110.00&lt;/td&gt;
		&lt;td class="tabelatd2"&gt;0.00&lt;/td&gt;
		&lt;td class="tabelatd2"&gt;&lt;/td&gt;
		&lt;td class="tabelatd2"&gt;Cicrano de Tal (222.222.222-22)&lt;/td&gt;
		&lt;td class="tabelatd2"&gt;23F&lt;/td&gt;
		&lt;td class="tabelatd2"&gt;Patrimonial&lt;/td&gt;
&lt;th class="tabelatd2" border="1"&gt;&lt;a class="noPrint" href="?class=ControleCobranca&amp;opera=A&amp;id=99"&gt;[Alterar] &lt;/a&gt;&lt;a class="noPrint" href="?class=ControleCobranca&amp;opera=C&amp;id=99"&gt;[Consultar] &lt;/a&gt;&lt;a class="noPrint" href="?class=ControleCobranca&amp;opera=D&amp;id=99" onClick="return ConfirmaExclusao('');"&gt;[Deletar&amp;nbsp;registro] &lt;/a&gt;&lt;a class="noPrint" href="?class=BaixarParcela&amp;id=99"&gt;[Baixar&amp;nbsp;parcela] &lt;/a&gt;&lt;a class="noPrint" href="?class=ImprimirParcela&amp;id=99"&gt;[Imprimir&amp;nbsp;parcela] &lt;/a&gt;&lt;/th&gt;
	&lt;/tr&gt;
	&lt;tr&gt;
		&lt;td class="tabelatd1"&gt;126&lt;/td&gt;
		&lt;td class="tabelatd1"&gt;Tipo Cobranca&lt;/td&gt;
		&lt;td class="tabelatd1"&gt;10/10/2018&lt;/td&gt;
		&lt;td class="tabelatd1"&gt;110.00&lt;/td&gt;
		&lt;td class="tabelatd1"&gt;0.00&lt;/td&gt;
		&lt;td class="tabelatd1"&gt;&lt;/td&gt;
		&lt;td class="tabelatd1"&gt;Cicrano de Tal (222.222.222-22)&lt;/td&gt;
		&lt;td class="tabelatd1"&gt;23F&lt;/td&gt;
		&lt;td class="tabelatd1"&gt;Patrimonial&lt;/td&gt;
&lt;th class="tabelatd1" border="1"&gt;&lt;a class="noPrint" href="?class=ControleCobranca&amp;opera=A&amp;id=126"&gt;[Alterar] &lt;/a&gt;&lt;a class="noPrint" href="?class=ControleCobranca&amp;opera=C&amp;id=126"&gt;[Consultar] &lt;/a&gt;&lt;a class="noPrint" href="?class=ControleCobranca&amp;opera=D&amp;id=126" onClick="return ConfirmaExclusao('');"&gt;[Deletar&amp;nbsp;registro] &lt;/a&gt;&lt;a class="noPrint" href="?class=BaixarParcela&amp;id=126"&gt;[Baixar&amp;nbsp;parcela] &lt;/a&gt;&lt;a class="noPrint" href="?class=ImprimirParcela&amp;id=126"&gt;[Imprimir&amp;nbsp;parcela] &lt;/a&gt;&lt;/th&gt;
	&lt;/tr&gt;
	&lt;tr&gt;
		&lt;td class="tabelatd2"&gt;150&lt;/td&gt;
		&lt;td class="tabelatd2"&gt;Tipo Cobranca&lt;/td&gt;
		&lt;td class="tabelatd2"&gt;10/10/2018&lt;/td&gt;
		&lt;td class="tabelatd2"&gt;110.00&lt;/td&gt;
		&lt;td class="tabelatd2"&gt;0.00&lt;/td&gt;
		&lt;td class="tabelatd2"&gt;&lt;/td&gt;
		&lt;td class="tabelatd2"&gt;Cicrano de Tal (222.222.222-22)&lt;/td&gt;
		&lt;td class="tabelatd2"&gt;23F&lt;/td&gt;
		&lt;td class="tabelatd2"&gt;Patrimonial&lt;/td&gt;
&lt;th class="tabelatd2" border="1"&gt;&lt;a class="noPrint" href="?class=ControleCobranca&amp;opera=A&amp;id=150"&gt;[Alterar] &lt;/a&gt;&lt;a class="noPrint" href="?class=ControleCobranca&amp;opera=C&amp;id=150"&gt;[Consultar] &lt;/a&gt;&lt;a class="noPrint" href="?class=ControleCobranca&amp;opera=D&amp;id=150" onClick="return ConfirmaExclusao('');"&gt;[Deletar&amp;nbsp;registro] &lt;/a&gt;&lt;a class="noPrint" href="?class=BaixarParcela&amp;id=150"&gt;[Baixar&amp;nbsp;parcela] &lt;/a&gt;&lt;a class="noPrint" href="?class=ImprimirParcela&amp;id=150"&gt;[Imprimir&amp;nbsp;parcela] &lt;/a&gt;&lt;/th&gt;
	&lt;/tr&gt;
	&lt;tr&gt;
		&lt;td class="tabelatd1"&gt;170&lt;/td&gt;
		&lt;td class="tabelatd1"&gt;Tipo Cobranca&lt;/td&gt;
		&lt;td class="tabelatd1"&gt;10/10/2018&lt;/td&gt;
		&lt;td class="tabelatd1"&gt;110.00&lt;/td&gt;
		&lt;td class="tabelatd1"&gt;0.00&lt;/td&gt;
		&lt;td class="tabelatd1"&gt;&lt;/td&gt;
		&lt;td class="tabelatd1"&gt;Cicrano de Tal (222.222.222-22)&lt;/td&gt;
		&lt;td class="tabelatd1"&gt;23F&lt;/td&gt;
		&lt;td class="tabelatd1"&gt;Patrimonial&lt;/td&gt;
&lt;th class="tabelatd1" border="1"&gt;&lt;a class="noPrint" href="?class=ControleCobranca&amp;opera=A&amp;id=170"&gt;[Alterar] &lt;/a&gt;&lt;a class="noPrint" href="?class=ControleCobranca&amp;opera=C&amp;id=170"&gt;[Consultar] &lt;/a&gt;&lt;a class="noPrint" href="?class=ControleCobranca&amp;opera=D&amp;id=170" onClick="return ConfirmaExclusao('');"&gt;[Deletar&amp;nbsp;registro] &lt;/a&gt;&lt;a class="noPrint" href="?class=BaixarParcela&amp;id=170"&gt;[Baixar&amp;nbsp;parcela] &lt;/a&gt;&lt;a class="noPrint" href="?class=ImprimirParcela&amp;id=170"&gt;[Imprimir&amp;nbsp;parcela] &lt;/a&gt;&lt;/th&gt;
	&lt;/tr&gt;
	&lt;tr&gt;
		&lt;td class="tabelatd2"&gt;190&lt;/td&gt;
		&lt;td class="tabelatd2"&gt;Tipo Cobranca&lt;/td&gt;
		&lt;td class="tabelatd2"&gt;10/10/2018&lt;/td&gt;
		&lt;td class="tabelatd2"&gt;110.00&lt;/td&gt;
		&lt;td class="tabelatd2"&gt;0.00&lt;/td&gt;
		&lt;td class="tabelatd2"&gt;&lt;/td&gt;
		&lt;td class="tabelatd2"&gt;Cicrano de Tal (222.222.222-22)&lt;/td&gt;
		&lt;td class="tabelatd2"&gt;23F&lt;/td&gt;
		&lt;td class="tabelatd2"&gt;Patrimonial&lt;/td&gt;
&lt;th class="tabelatd2" border="1"&gt;&lt;a class="noPrint" href="?class=ControleCobranca&amp;opera=A&amp;id=190"&gt;[Alterar] &lt;/a&gt;&lt;a class="noPrint" href="?class=ControleCobranca&amp;opera=C&amp;id=190"&gt;[Consultar] &lt;/a&gt;&lt;a class="noPrint" href="?class=ControleCobranca&amp;opera=D&amp;id=190" onClick="return ConfirmaExclusao('');"&gt;[Deletar&amp;nbsp;registro] &lt;/a&gt;&lt;a class="noPrint" href="?class=BaixarParcela&amp;id=190"&gt;[Baixar&amp;nbsp;parcela] &lt;/a&gt;&lt;a class="noPrint" href="?class=ImprimirParcela&amp;id=190"&gt;[Imprimir&amp;nbsp;parcela] &lt;/a&gt;&lt;/th&gt;
	&lt;/tr&gt;
	&lt;tr&gt;
		&lt;td class="tabelatd1"&gt;210&lt;/td&gt;
		&lt;td class="tabelatd1"&gt;Tipo Cobranca&lt;/td&gt;
		&lt;td class="tabelatd1"&gt;10/10/2018&lt;/td&gt;
		&lt;td class="tabelatd1"&gt;110.00&lt;/td&gt;
		&lt;td class="tabelatd1"&gt;0.00&lt;/td&gt;
		&lt;td class="tabelatd1"&gt;&lt;/td&gt;
		&lt;td class="tabelatd1"&gt;Cicrano de Tal (222.222.222-22)&lt;/td&gt;
		&lt;td class="tabelatd1"&gt;23F&lt;/td&gt;
		&lt;td class="tabelatd1"&gt;Patrimonial&lt;/td&gt;
&lt;th class="tabelatd1" border="1"&gt;&lt;a class="noPrint" href="?class=ControleCobranca&amp;opera=A&amp;id=210"&gt;[Alterar] &lt;/a&gt;&lt;a class="noPrint" href="?class=ControleCobranca&amp;opera=C&amp;id=210"&gt;[Consultar] &lt;/a&gt;&lt;a class="noPrint" href="?class=ControleCobranca&amp;opera=D&amp;id=210" onClick="return ConfirmaExclusao('');"&gt;[Deletar&amp;nbsp;registro] &lt;/a&gt;&lt;a class="noPrint" href="?class=BaixarParcela&amp;id=210"&gt;[Baixar&amp;nbsp;parcela] &lt;/a&gt;&lt;a class="noPrint" href="?class=ImprimirParcela&amp;id=210"&gt;[Imprimir&amp;nbsp;parcela] &lt;/a&gt;&lt;/th&gt;
	&lt;/tr&gt;
	&lt;tr&gt;
		&lt;td class="tabelatd2"&gt;233&lt;/td&gt;
		&lt;td class="tabelatd2"&gt;Tipo Cobranca&lt;/td&gt;
		&lt;td class="tabelatd2"&gt;10/10/2018&lt;/td&gt;
		&lt;td class="tabelatd2"&gt;110.00&lt;/td&gt;
		&lt;td class="tabelatd2"&gt;0.00&lt;/td&gt;
		&lt;td class="tabelatd2"&gt;&lt;/td&gt;
		&lt;td class="tabelatd2"&gt;Cicrano de Tal (222.222.222-22)&lt;/td&gt;
		&lt;td class="tabelatd2"&gt;23F&lt;/td&gt;
		&lt;td class="tabelatd2"&gt;Patrimonial&lt;/td&gt;
&lt;th class="tabelatd2" border="1"&gt;&lt;a class="noPrint" href="?class=ControleCobranca&amp;opera=A&amp;id=233"&gt;[Alterar] &lt;/a&gt;&lt;a class="noPrint" href="?class=ControleCobranca&amp;opera=C&amp;id=233"&gt;[Consultar] &lt;/a&gt;&lt;a class="noPrint" href="?class=ControleCobranca&amp;opera=D&amp;id=233" onClick="return ConfirmaExclusao('');"&gt;[Deletar&amp;nbsp;registro] &lt;/a&gt;&lt;a class="noPrint" href="?class=BaixarParcela&amp;id=233"&gt;[Baixar&amp;nbsp;parcela] &lt;/a&gt;&lt;a class="noPrint" href="?class=ImprimirParcela&amp;id=233"&gt;[Imprimir&amp;nbsp;parcela] &lt;/a&gt;&lt;/th&gt;
	&lt;/tr&gt;
	&lt;tr&gt;
		&lt;td class="tabelatd1"&gt;256&lt;/td&gt;
		&lt;td class="tabelatd1"&gt;Tipo Cobranca&lt;/td&gt;
		&lt;td class="tabelatd1"&gt;10/10/2018&lt;/td&gt;
		&lt;td class="tabelatd1"&gt;110.00&lt;/td&gt;
		&lt;td class="tabelatd1"&gt;0.00&lt;/td&gt;
		&lt;td class="tabelatd1"&gt;&lt;/td&gt;
		&lt;td class="tabelatd1"&gt;Cicrano de Tal (222.222.222-22)&lt;/td&gt;
		&lt;td class="tabelatd1"&gt;23F&lt;/td&gt;
		&lt;td class="tabelatd1"&gt;Patrimonial&lt;/td&gt;
&lt;th class="tabelatd1" border="1"&gt;&lt;a class="noPrint" href="?class=ControleCobranca&amp;opera=A&amp;id=256"&gt;[Alterar] &lt;/a&gt;&lt;a class="noPrint" href="?class=ControleCobranca&amp;opera=C&amp;id=256"&gt;[Consultar] &lt;/a&gt;&lt;a class="noPrint" href="?class=ControleCobranca&amp;opera=D&amp;id=256" onClick="return ConfirmaExclusao('');"&gt;[Deletar&amp;nbsp;registro] &lt;/a&gt;&lt;a class="noPrint" href="?class=BaixarParcela&amp;id=256"&gt;[Baixar&amp;nbsp;parcela] &lt;/a&gt;&lt;a class="noPrint" href="?class=ImprimirParcela&amp;id=256"&gt;[Imprimir&amp;nbsp;parcela] &lt;/a&gt;&lt;/th&gt;
	&lt;/tr&gt;
	&lt;tr&gt;
		&lt;td class="tabelatd2"&gt;281&lt;/td&gt;
		&lt;td class="tabelatd2"&gt;Tipo Cobranca&lt;/td&gt;
		&lt;td class="tabelatd2"&gt;10/10/2018&lt;/td&gt;
		&lt;td class="tabelatd2"&gt;110.00&lt;/td&gt;
		&lt;td class="tabelatd2"&gt;0.00&lt;/td&gt;
		&lt;td class="tabelatd2"&gt;&lt;/td&gt;
		&lt;td class="tabelatd2"&gt;Cicrano de Tal (222.222.222-22)&lt;/td&gt;
		&lt;td class="tabelatd2"&gt;23F&lt;/td&gt;
		&lt;td class="tabelatd2"&gt;Patrimonial&lt;/td&gt;
&lt;th class="tabelatd2" border="1"&gt;&lt;a class="noPrint" href="?class=ControleCobranca&amp;opera=A&amp;id=281"&gt;[Alterar] &lt;/a&gt;&lt;a class="noPrint" href="?class=ControleCobranca&amp;opera=C&amp;id=281"&gt;[Consultar] &lt;/a&gt;&lt;a class="noPrint" href="?class=ControleCobranca&amp;opera=D&amp;id=281" onClick="return ConfirmaExclusao('');"&gt;[Deletar&amp;nbsp;registro] &lt;/a&gt;&lt;a class="noPrint" href="?class=BaixarParcela&amp;id=281"&gt;[Baixar&amp;nbsp;parcela] &lt;/a&gt;&lt;a class="noPrint" href="?class=ImprimirParcela&amp;id=281"&gt;[Imprimir&amp;nbsp;parcela] &lt;/a&gt;&lt;/th&gt;
	&lt;/tr&gt;
	&lt;tr&gt;
		&lt;td class="tabelatd1"&gt;308&lt;/td&gt;
		&lt;td class="tabelatd1"&gt;Tipo Cobranca&lt;/td&gt;
		&lt;td class="tabelatd1"&gt;10/10/2018&lt;/td&gt;
		&lt;td class="tabelatd1"&gt;110.00&lt;/td&gt;
		&lt;td class="tabelatd1"&gt;0.00&lt;/td&gt;
		&lt;td class="tabelatd1"&gt;&lt;/td&gt;
		&lt;td class="tabelatd1"&gt;Cicrano de Tal (222.222.222-22)&lt;/td&gt;
		&lt;td class="tabelatd1"&gt;23F&lt;/td&gt;
		&lt;td class="tabelatd1"&gt;Patrimonial&lt;/td&gt;
&lt;th class="tabelatd1" border="1"&gt;&lt;a class="noPrint" href="?class=ControleCobranca&amp;opera=A&amp;id=308"&gt;[Alterar] &lt;/a&gt;&lt;a class="noPrint" href="?class=ControleCobranca&amp;opera=C&amp;id=308"&gt;[Consultar] &lt;/a&gt;&lt;a class="noPrint" href="?class=ControleCobranca&amp;opera=D&amp;id=308" onClick="return ConfirmaExclusao('');"&gt;[Deletar&amp;nbsp;registro] &lt;/a&gt;&lt;a class="noPrint" href="?class=BaixarParcela&amp;id=308"&gt;[Baixar&amp;nbsp;parcela] &lt;/a&gt;&lt;a class="noPrint" href="?class=ImprimirParcela&amp;id=308"&gt;[Imprimir&amp;nbsp;parcela] &lt;/a&gt;&lt;/th&gt;
	&lt;/tr&gt;
	&lt;tr&gt;
		&lt;td class="tabelatd2"&gt;337&lt;/td&gt;
		&lt;td class="tabelatd2"&gt;Tipo Cobranca&lt;/td&gt;
		&lt;td class="tabelatd2"&gt;10/10/2018&lt;/td&gt;
		&lt;td class="tabelatd2"&gt;110.00&lt;/td&gt;
		&lt;td class="tabelatd2"&gt;0.00&lt;/td&gt;
		&lt;td class="tabelatd2"&gt;&lt;/td&gt;
		&lt;td class="tabelatd2"&gt;Cicrano de Tal (222.222.222-22)&lt;/td&gt;
		&lt;td class="tabelatd2"&gt;23F&lt;/td&gt;
		&lt;td class="tabelatd2"&gt;Patrimonial&lt;/td&gt;
&lt;th class="tabelatd2" border="1"&gt;&lt;a class="noPrint" href="?class=ControleCobranca&amp;opera=A&amp;id=337"&gt;[Alterar] &lt;/a&gt;&lt;a class="noPrint" href="?class=ControleCobranca&amp;opera=C&amp;id=337"&gt;[Consultar] &lt;/a&gt;&lt;a class="noPrint" href="?class=ControleCobranca&amp;opera=D&amp;id=337" onClick="return ConfirmaExclusao('');"&gt;[Deletar&amp;nbsp;registro] &lt;/a&gt;&lt;a class="noPrint" href="?class=BaixarParcela&amp;id=337"&gt;[Baixar&amp;nbsp;parcela] &lt;/a&gt;&lt;a class="noPrint" href="?class=ImprimirParcela&amp;id=337"&gt;[Imprimir&amp;nbsp;parcela] &lt;/a&gt;&lt;/th&gt;
	&lt;/tr&gt;
	&lt;tr&gt;
		&lt;td class="tabelatd1"&gt;368&lt;/td&gt;
		&lt;td class="tabelatd1"&gt;Tipo Cobranca&lt;/td&gt;
		&lt;td class="tabelatd1"&gt;10/10/2018&lt;/td&gt;
		&lt;td class="tabelatd1"&gt;110.00&lt;/td&gt;
		&lt;td class="tabelatd1"&gt;0.00&lt;/td&gt;
		&lt;td class="tabelatd1"&gt;&lt;/td&gt;
		&lt;td class="tabelatd1"&gt;Cicrano de Tal (222.222.222-22)&lt;/td&gt;
		&lt;td class="tabelatd1"&gt;23F&lt;/td&gt;
		&lt;td class="tabelatd1"&gt;Patrimonial&lt;/td&gt;
&lt;th class="tabelatd1" border="1"&gt;&lt;a class="noPrint" href="?class=ControleCobranca&amp;opera=A&amp;id=368"&gt;[Alterar] &lt;/a&gt;&lt;a class="noPrint" href="?class=ControleCobranca&amp;opera=C&amp;id=368"&gt;[Consultar] &lt;/a&gt;&lt;a class="noPrint" href="?class=ControleCobranca&amp;opera=D&amp;id=368" onClick="return ConfirmaExclusao('');"&gt;[Deletar&amp;nbsp;registro] &lt;/a&gt;&lt;a class="noPrint" href="?class=BaixarParcela&amp;id=368"&gt;[Baixar&amp;nbsp;parcela] &lt;/a&gt;&lt;a class="noPrint" href="?class=ImprimirParcela&amp;id=368"&gt;[Imprimir&amp;nbsp;parcela] &lt;/a&gt;&lt;/th&gt;
	&lt;/tr&gt;
	&lt;tr&gt;
		&lt;td class="tabelatd2"&gt;401&lt;/td&gt;
		&lt;td class="tabelatd2"&gt;Tipo Cobranca&lt;/td&gt;
		&lt;td class="tabelatd2"&gt;10/10/2018&lt;/td&gt;
		&lt;td class="tabelatd2"&gt;110.00&lt;/td&gt;
		&lt;td class="tabelatd2"&gt;0.00&lt;/td&gt;
		&lt;td class="tabelatd2"&gt;&lt;/td&gt;
		&lt;td class="tabelatd2"&gt;Cicrano de Tal (222.222.222-22)&lt;/td&gt;
		&lt;td class="tabelatd2"&gt;23F&lt;/td&gt;
		&lt;td class="tabelatd2"&gt;Patrimonial&lt;/td&gt;
&lt;th class="tabelatd2" border="1"&gt;&lt;a class="noPrint" href="?class=ControleCobranca&amp;opera=A&amp;id=401"&gt;[Alterar] &lt;/a&gt;&lt;a class="noPrint" href="?class=ControleCobranca&amp;opera=C&amp;id=401"&gt;[Consultar] &lt;/a&gt;&lt;a class="noPrint" href="?class=ControleCobranca&amp;opera=D&amp;id=401" onClick="return ConfirmaExclusao('');"&gt;[Deletar&amp;nbsp;registro] &lt;/a&gt;&lt;a class="noPrint" href="?class=BaixarParcela&amp;id=401"&gt;[Baixar&amp;nbsp;parcela] &lt;/a&gt;&lt;a class="noPrint" href="?class=ImprimirParcela&amp;id=401"&gt;[Imprimir&amp;nbsp;parcela] &lt;/a&gt;&lt;/th&gt;
	&lt;/tr&gt;
	&lt;tr&gt;
		&lt;td class="tabelatd1"&gt;436&lt;/td&gt;
		&lt;td class="tabelatd1"&gt;Tipo Cobranca&lt;/td&gt;
		&lt;td class="tabelatd1"&gt;10/10/2018&lt;/td&gt;
		&lt;td class="tabelatd1"&gt;110.00&lt;/td&gt;
		&lt;td class="tabelatd1"&gt;0.00&lt;/td&gt;
		&lt;td class="tabelatd1"&gt;&lt;/td&gt;
		&lt;td class="tabelatd1"&gt;Cicrano de Tal (222.222.222-22)&lt;/td&gt;
		&lt;td class="tabelatd1"&gt;23F&lt;/td&gt;
		&lt;td class="tabelatd1"&gt;Patrimonial&lt;/td&gt;
&lt;th class="tabelatd1" border="1"&gt;&lt;a class="noPrint" href="?class=ControleCobranca&amp;opera=A&amp;id=436"&gt;[Alterar] &lt;/a&gt;&lt;a class="noPrint" href="?class=ControleCobranca&amp;opera=C&amp;id=436"&gt;[Consultar] &lt;/a&gt;&lt;a class="noPrint" href="?class=ControleCobranca&amp;opera=D&amp;id=436" onClick="return ConfirmaExclusao('');"&gt;[Deletar&amp;nbsp;registro] &lt;/a&gt;&lt;a class="noPrint" href="?class=BaixarParcela&amp;id=436"&gt;[Baixar&amp;nbsp;parcela] &lt;/a&gt;&lt;a class="noPrint" href="?class=ImprimirParcela&amp;id=436"&gt;[Imprimir&amp;nbsp;parcela] &lt;/a&gt;&lt;/th&gt;
	&lt;/tr&gt;
	&lt;tr&gt;
		&lt;td class="tabelatd2"&gt;50&lt;/td&gt;
		&lt;td class="tabelatd2"&gt;Tipo Cobranca&lt;/td&gt;
		&lt;td class="tabelatd2"&gt;11/10/2018&lt;/td&gt;
		&lt;td class="tabelatd2"&gt;110.00&lt;/td&gt;
		&lt;td class="tabelatd2"&gt;0.00&lt;/td&gt;
		&lt;td class="tabelatd2"&gt;&lt;/td&gt;
		&lt;td class="tabelatd2"&gt;Fulano de Tal (111.111.111-11)&lt;/td&gt;
		&lt;td class="tabelatd2"&gt;0F&lt;/td&gt;
		&lt;td class="tabelatd2"&gt;Patrimonial&lt;/td&gt;
&lt;th class="tabelatd2" border="1"&gt;&lt;a class="noPrint" href="?class=ControleCobranca&amp;opera=A&amp;id=50"&gt;[Alterar] &lt;/a&gt;&lt;a class="noPrint" href="?class=ControleCobranca&amp;opera=C&amp;id=50"&gt;[Consultar] &lt;/a&gt;&lt;a class="noPrint" href="?class=ControleCobranca&amp;opera=D&amp;id=50" onClick="return ConfirmaExclusao('');"&gt;[Deletar&amp;nbsp;registro] &lt;/a&gt;&lt;a class="noPrint" href="?class=BaixarParcela&amp;id=50"&gt;[Baixar&amp;nbsp;parcela] &lt;/a&gt;&lt;a class="noPrint" href="?class=ImprimirParcela&amp;id=50"&gt;[Imprimir&amp;nbsp;parcela] &lt;/a&gt;&lt;/th&gt;
	&lt;/tr&gt;
	&lt;tr&gt;
		&lt;td class="tabelatd1"&gt;63&lt;/td&gt;
		&lt;td class="tabelatd1"&gt;Tipo Cobranca&lt;/td&gt;
		&lt;td class="tabelatd1"&gt;11/10/2018&lt;/td&gt;
		&lt;td class="tabelatd1"&gt;110.00&lt;/td&gt;
		&lt;td class="tabelatd1"&gt;0.00&lt;/td&gt;
		&lt;td class="tabelatd1"&gt;&lt;/td&gt;
		&lt;td class="tabelatd1"&gt;Fulano de Tal (111.111.111-11)&lt;/td&gt;
		&lt;td class="tabelatd1"&gt;0F&lt;/td&gt;
		&lt;td class="tabelatd1"&gt;Patrimonial&lt;/td&gt;
&lt;th class="tabelatd1" border="1"&gt;&lt;a class="noPrint" href="?class=ControleCobranca&amp;opera=A&amp;id=63"&gt;[Alterar] &lt;/a&gt;&lt;a class="noPrint" href="?class=ControleCobranca&amp;opera=C&amp;id=63"&gt;[Consultar] &lt;/a&gt;&lt;a class="noPrint" href="?class=ControleCobranca&amp;opera=D&amp;id=63" onClick="return ConfirmaExclusao('');"&gt;[Deletar&amp;nbsp;registro] &lt;/a&gt;&lt;a class="noPrint" href="?class=BaixarParcela&amp;id=63"&gt;[Baixar&amp;nbsp;parcela] &lt;/a&gt;&lt;a class="noPrint" href="?class=ImprimirParcela&amp;id=63"&gt;[Imprimir&amp;nbsp;parcela] &lt;/a&gt;&lt;/th&gt;
	&lt;/tr&gt;
	&lt;tr&gt;
		&lt;td class="tabelatd2"&gt;78&lt;/td&gt;
		&lt;td class="tabelatd2"&gt;Tipo Cobranca&lt;/td&gt;
		&lt;td class="tabelatd2"&gt;11/10/2018&lt;/td&gt;
		&lt;td class="tabelatd2"&gt;110.00&lt;/td&gt;
		&lt;td class="tabelatd2"&gt;0.00&lt;/td&gt;
		&lt;td class="tabelatd2"&gt;&lt;/td&gt;
		&lt;td class="tabelatd2"&gt;Fulano de Tal (111.111.111-11)&lt;/td&gt;
		&lt;td class="tabelatd2"&gt;0F&lt;/td&gt;
		&lt;td class="tabelatd2"&gt;Patrimonial&lt;/td&gt;
&lt;th class="tabelatd2" border="1"&gt;&lt;a class="noPrint" href="?class=ControleCobranca&amp;opera=A&amp;id=78"&gt;[Alterar] &lt;/a&gt;&lt;a class="noPrint" href="?class=ControleCobranca&amp;opera=C&amp;id=78"&gt;[Consultar] &lt;/a&gt;&lt;a class="noPrint" href="?class=ControleCobranca&amp;opera=D&amp;id=78" onClick="return ConfirmaExclusao('');"&gt;[Deletar&amp;nbsp;registro] &lt;/a&gt;&lt;a class="noPrint" href="?class=BaixarParcela&amp;id=78"&gt;[Baixar&amp;nbsp;parcela] &lt;/a&gt;&lt;a class="noPrint" href="?class=ImprimirParcela&amp;id=78"&gt;[Imprimir&amp;nbsp;parcela] &lt;/a&gt;&lt;/th&gt;
	&lt;/tr&gt;
	&lt;tr&gt;
		&lt;td class="tabelatd1"&gt;95&lt;/td&gt;
		&lt;td class="tabelatd1"&gt;Tipo Cobranca&lt;/td&gt;
		&lt;td class="tabelatd1"&gt;11/10/2018&lt;/td&gt;
		&lt;td class="tabelatd1"&gt;110.00&lt;/td&gt;
		&lt;td class="tabelatd1"&gt;0.00&lt;/td&gt;
		&lt;td class="tabelatd1"&gt;&lt;/td&gt;
		&lt;td class="tabelatd1"&gt;Fulano de Tal (111.111.111-11)&lt;/td&gt;
		&lt;td class="tabelatd1"&gt;0F&lt;/td&gt;
		&lt;td class="tabelatd1"&gt;Patrimonial&lt;/td&gt;
&lt;th class="tabelatd1" border="1"&gt;&lt;a class="noPrint" href="?class=ControleCobranca&amp;opera=A&amp;id=95"&gt;[Alterar] &lt;/a&gt;&lt;a class="noPrint" href="?class=ControleCobranca&amp;opera=C&amp;id=95"&gt;[Consultar] &lt;/a&gt;&lt;a class="noPrint" href="?class=ControleCobranca&amp;opera=D&amp;id=95" onClick="return ConfirmaExclusao('');"&gt;[Deletar&amp;nbsp;registro] &lt;/a&gt;&lt;a class="noPrint" href="?class=BaixarParcela&amp;id=95"&gt;[Baixar&amp;nbsp;parcela] &lt;/a&gt;&lt;a class="noPrint" href="?class=ImprimirParcela&amp;id=95"&gt;[Imprimir&amp;nbsp;parcela] &lt;/a&gt;&lt;/th&gt;
	&lt;/tr&gt;
	&lt;tr&gt;
		&lt;td class="tabelatd2"&gt;111&lt;/td&gt;
		&lt;td class="tabelatd2"&gt;Tipo Cobranca&lt;/td&gt;
		&lt;td class="tabelatd2"&gt;11/10/2018&lt;/td&gt;
		&lt;td class="tabelatd2"&gt;110.00&lt;/td&gt;
		&lt;td class="tabelatd2"&gt;0.00&lt;/td&gt;
		&lt;td class="tabelatd2"&gt;&lt;/td&gt;
		&lt;td class="tabelatd2"&gt;Fulano de Tal (111.111.111-11)&lt;/td&gt;
		&lt;td class="tabelatd2"&gt;0F&lt;/td&gt;
		&lt;td class="tabelatd2"&gt;Patrimonial&lt;/td&gt;
&lt;th class="tabelatd2" border="1"&gt;&lt;a class="noPrint" href="?class=ControleCobranca&amp;opera=A&amp;id=111"&gt;[Alterar] &lt;/a&gt;&lt;a class="noPrint" href="?class=ControleCobranca&amp;opera=C&amp;id=111"&gt;[Consultar] &lt;/a&gt;&lt;a class="noPrint" href="?class=ControleCobranca&amp;opera=D&amp;id=111" onClick="return ConfirmaExclusao('');"&gt;[Deletar&amp;nbsp;registro] &lt;/a&gt;&lt;a class="noPrint" href="?class=BaixarParcela&amp;id=111"&gt;[Baixar&amp;nbsp;parcela] &lt;/a&gt;&lt;a class="noPrint" href="?class=ImprimirParcela&amp;id=111"&gt;[Imprimir&amp;nbsp;parcela] &lt;/a&gt;&lt;/th&gt;
	&lt;/tr&gt;
	&lt;tr&gt;
		&lt;td class="tabelatd1"&gt;140&lt;/td&gt;
		&lt;td class="tabelatd1"&gt;Tipo Cobranca&lt;/td&gt;
		&lt;td class="tabelatd1"&gt;11/10/2018&lt;/td&gt;
		&lt;td class="tabelatd1"&gt;110.00&lt;/td&gt;
		&lt;td class="tabelatd1"&gt;0.00&lt;/td&gt;
		&lt;td class="tabelatd1"&gt;&lt;/td&gt;
		&lt;td class="tabelatd1"&gt;Fulano de Tal (111.111.111-11)&lt;/td&gt;
		&lt;td class="tabelatd1"&gt;0F&lt;/td&gt;
		&lt;td class="tabelatd1"&gt;Patrimonial&lt;/td&gt;
&lt;th class="tabelatd1" border="1"&gt;&lt;a class="noPrint" href="?class=ControleCobranca&amp;opera=A&amp;id=140"&gt;[Alterar] &lt;/a&gt;&lt;a class="noPrint" href="?class=ControleCobranca&amp;opera=C&amp;id=140"&gt;[Consultar] &lt;/a&gt;&lt;a class="noPrint" href="?class=ControleCobranca&amp;opera=D&amp;id=140" onClick="return ConfirmaExclusao('');"&gt;[Deletar&amp;nbsp;registro] &lt;/a&gt;&lt;a class="noPrint" href="?class=BaixarParcela&amp;id=140"&gt;[Baixar&amp;nbsp;parcela] &lt;/a&gt;&lt;a class="noPrint" href="?class=ImprimirParcela&amp;id=140"&gt;[Imprimir&amp;nbsp;parcela] &lt;/a&gt;&lt;/th&gt;
	&lt;/tr&gt;
	&lt;tr&gt;
		&lt;td class="tabelatd2"&gt;166&lt;/td&gt;
		&lt;td class="tabelatd2"&gt;Tipo Cobranca&lt;/td&gt;
		&lt;td class="tabelatd2"&gt;11/10/2018&lt;/td&gt;
		&lt;td class="tabelatd2"&gt;110.00&lt;/td&gt;
		&lt;td class="tabelatd2"&gt;0.00&lt;/td&gt;
		&lt;td class="tabelatd2"&gt;&lt;/td&gt;
		&lt;td class="tabelatd2"&gt;Fulano de Tal (111.111.111-11)&lt;/td&gt;
		&lt;td class="tabelatd2"&gt;0F&lt;/td&gt;
		&lt;td class="tabelatd2"&gt;Patrimonial&lt;/td&gt;
&lt;th class="tabelatd2" border="1"&gt;&lt;a class="noPrint" href="?class=ControleCobranca&amp;opera=A&amp;id=166"&gt;[Alterar] &lt;/a&gt;&lt;a class="noPrint" href="?class=ControleCobranca&amp;opera=C&amp;id=166"&gt;[Consultar] &lt;/a&gt;&lt;a class="noPrint" href="?class=ControleCobranca&amp;opera=D&amp;id=166" onClick="return ConfirmaExclusao('');"&gt;[Deletar&amp;nbsp;registro] &lt;/a&gt;&lt;a class="noPrint" href="?class=BaixarParcela&amp;id=166"&gt;[Baixar&amp;nbsp;parcela] &lt;/a&gt;&lt;a class="noPrint" href="?class=ImprimirParcela&amp;id=166"&gt;[Imprimir&amp;nbsp;parcela] &lt;/a&gt;&lt;/th&gt;
	&lt;/tr&gt;
	&lt;tr&gt;
		&lt;td class="tabelatd1"&gt;186&lt;/td&gt;
		&lt;td class="tabelatd1"&gt;Tipo Cobranca&lt;/td&gt;
		&lt;td class="tabelatd1"&gt;11/10/2018&lt;/td&gt;
		&lt;td class="tabelatd1"&gt;110.00&lt;/td&gt;
		&lt;td class="tabelatd1"&gt;0.00&lt;/td&gt;
		&lt;td class="tabelatd1"&gt;&lt;/td&gt;
		&lt;td class="tabelatd1"&gt;Fulano de Tal (111.111.111-11)&lt;/td&gt;
		&lt;td class="tabelatd1"&gt;0F&lt;/td&gt;
		&lt;td class="tabelatd1"&gt;Patrimonial&lt;/td&gt;
&lt;th class="tabelatd1" border="1"&gt;&lt;a class="noPrint" href="?class=ControleCobranca&amp;opera=A&amp;id=186"&gt;[Alterar] &lt;/a&gt;&lt;a class="noPrint" href="?class=ControleCobranca&amp;opera=C&amp;id=186"&gt;[Consultar] &lt;/a&gt;&lt;a class="noPrint" href="?class=ControleCobranca&amp;opera=D&amp;id=186" onClick="return ConfirmaExclusao('');"&gt;[Deletar&amp;nbsp;registro] &lt;/a&gt;&lt;a class="noPrint" href="?class=BaixarParcela&amp;id=186"&gt;[Baixar&amp;nbsp;parcela] &lt;/a&gt;&lt;a class="noPrint" href="?class=ImprimirParcela&amp;id=186"&gt;[Imprimir&amp;nbsp;parcela] &lt;/a&gt;&lt;/th&gt;
	&lt;/tr&gt;
	&lt;tr&gt;
		&lt;td class="tabelatd2"&gt;206&lt;/td&gt;
		&lt;td class="tabelatd2"&gt;Tipo Cobranca&lt;/td&gt;
		&lt;td class="tabelatd2"&gt;11/10/2018&lt;/td&gt;
		&lt;td class="tabelatd2"&gt;110.00&lt;/td&gt;
		&lt;td class="tabelatd2"&gt;0.00&lt;/td&gt;
		&lt;td class="tabelatd2"&gt;&lt;/td&gt;
		&lt;td class="tabelatd2"&gt;Fulano de Tal (111.111.111-11)&lt;/td&gt;
		&lt;td class="tabelatd2"&gt;0F&lt;/td&gt;
		&lt;td class="tabelatd2"&gt;Patrimonial&lt;/td&gt;
&lt;th class="tabelatd2" border="1"&gt;&lt;a class="noPrint" href="?class=ControleCobranca&amp;opera=A&amp;id=206"&gt;[Alterar] &lt;/a&gt;&lt;a class="noPrint" href="?class=ControleCobranca&amp;opera=C&amp;id=206"&gt;[Consultar] &lt;/a&gt;&lt;a class="noPrint" href="?class=ControleCobranca&amp;opera=D&amp;id=206" onClick="return ConfirmaExclusao('');"&gt;[Deletar&amp;nbsp;registro] &lt;/a&gt;&lt;a class="noPrint" href="?class=BaixarParcela&amp;id=206"&gt;[Baixar&amp;nbsp;parcela] &lt;/a&gt;&lt;a class="noPrint" href="?class=ImprimirParcela&amp;id=206"&gt;[Imprimir&amp;nbsp;parcela] &lt;/a&gt;&lt;/th&gt;
	&lt;/tr&gt;
	&lt;tr&gt;
		&lt;td class="tabelatd1"&gt;226&lt;/td&gt;
		&lt;td class="tabelatd1"&gt;Tipo Cobranca&lt;/td&gt;
		&lt;td class="tabelatd1"&gt;11/10/2018&lt;/td&gt;
		&lt;td class="tabelatd1"&gt;110.00&lt;/td&gt;
		&lt;td class="tabelatd1"&gt;0.00&lt;/td&gt;
		&lt;td class="tabelatd1"&gt;&lt;/td&gt;
		&lt;td class="tabelatd1"&gt;Fulano de Tal (111.111.111-11)&lt;/td&gt;
		&lt;td class="tabelatd1"&gt;0F&lt;/td&gt;
		&lt;td class="tabelatd1"&gt;Patrimonial&lt;/td&gt;
&lt;th class="tabelatd1" border="1"&gt;&lt;a class="noPrint" href="?class=ControleCobranca&amp;opera=A&amp;id=226"&gt;[Alterar] &lt;/a&gt;&lt;a class="noPrint" href="?class=ControleCobranca&amp;opera=C&amp;id=226"&gt;[Consultar] &lt;/a&gt;&lt;a class="noPrint" href="?class=ControleCobranca&amp;opera=D&amp;id=226" onClick="return ConfirmaExclusao('');"&gt;[Deletar&amp;nbsp;registro] &lt;/a&gt;&lt;a class="noPrint" href="?class=BaixarParcela&amp;id=226"&gt;[Baixar&amp;nbsp;parcela] &lt;/a&gt;&lt;a class="noPrint" href="?class=ImprimirParcela&amp;id=226"&gt;[Imprimir&amp;nbsp;parcela] &lt;/a&gt;&lt;/th&gt;
	&lt;/tr&gt;
	&lt;tr&gt;
		&lt;td class="tabelatd2"&gt;251&lt;/td&gt;
		&lt;td class="tabelatd2"&gt;Tipo Cobranca&lt;/td&gt;
		&lt;td class="tabelatd2"&gt;11/10/2018&lt;/td&gt;
		&lt;td class="tabelatd2"&gt;110.00&lt;/td&gt;
		&lt;td class="tabelatd2"&gt;0.00&lt;/td&gt;
		&lt;td class="tabelatd2"&gt;&lt;/td&gt;
		&lt;td class="tabelatd2"&gt;Fulano de Tal (111.111.111-11)&lt;/td&gt;
		&lt;td class="tabelatd2"&gt;0F&lt;/td&gt;
		&lt;td class="tabelatd2"&gt;Patrimonial&lt;/td&gt;
&lt;th class="tabelatd2" border="1"&gt;&lt;a class="noPrint" href="?class=ControleCobranca&amp;opera=A&amp;id=251"&gt;[Alterar] &lt;/a&gt;&lt;a class="noPrint" href="?class=ControleCobranca&amp;opera=C&amp;id=251"&gt;[Consultar] &lt;/a&gt;&lt;a class="noPrint" href="?class=ControleCobranca&amp;opera=D&amp;id=251" onClick="return ConfirmaExclusao('');"&gt;[Deletar&amp;nbsp;registro] &lt;/a&gt;&lt;a class="noPrint" href="?class=BaixarParcela&amp;id=251"&gt;[Baixar&amp;nbsp;parcela] &lt;/a&gt;&lt;a class="noPrint" href="?class=ImprimirParcela&amp;id=251"&gt;[Imprimir&amp;nbsp;parcela] &lt;/a&gt;&lt;/th&gt;
	&lt;/tr&gt;
	&lt;tr&gt;
		&lt;td class="tabelatd1"&gt;31&lt;/td&gt;
		&lt;td class="tabelatd1"&gt;Tipo Cobranca&lt;/td&gt;
		&lt;td class="tabelatd1"&gt;11/10/2018&lt;/td&gt;
		&lt;td class="tabelatd1"&gt;110.00&lt;/td&gt;
		&lt;td class="tabelatd1"&gt;0.00&lt;/td&gt;
		&lt;td class="tabelatd1"&gt;&lt;/td&gt;
		&lt;td class="tabelatd1"&gt;Beltrano da Silva (333.333.333-33)&lt;/td&gt;
		&lt;td class="tabelatd1"&gt;0F&lt;/td&gt;
		&lt;td class="tabelatd1"&gt;Patrimonial&lt;/td&gt;
&lt;th class="tabelatd1" border="1"&gt;&lt;a class="noPrint" href="?class=ControleCobranca&amp;opera=A&amp;id=31"&gt;[Alterar] &lt;/a&gt;&lt;a class="noPrint" href="?class=ControleCobranca&amp;opera=C&amp;id=31"&gt;[Consultar] &lt;/a&gt;&lt;a class="noPrint" href="?class=ControleCobranca&amp;opera=D&amp;id=31" onClick="return ConfirmaExclusao('');"&gt;[Deletar&amp;nbsp;registro] &lt;/a&gt;&lt;a class="noPrint" href="?class=BaixarParcela&amp;id=31"&gt;[Baixar&amp;nbsp;parcela] &lt;/a&gt;&lt;a class="noPrint" href="?class=ImprimirParcela&amp;id=31"&gt;[Imprimir&amp;nbsp;parcela] &lt;/a&gt;&lt;/th&gt;
	&lt;/tr&gt;
	&lt;tr&gt;
		&lt;td class="tabelatd2"&gt;38&lt;/td&gt;
		&lt;td class="tabelatd2"&gt;Tipo Cobranca&lt;/td&gt;
		&lt;td class="tabelatd2"&gt;11/10/2018&lt;/td&gt;
		&lt;td class="tabelatd2"&gt;110.00&lt;/td&gt;
		&lt;td class="tabelatd2"&gt;0.00&lt;/td&gt;
		&lt;td class="tabelatd2"&gt;&lt;/td&gt;
		&lt;td class="tabelatd2"&gt;Beltrano da Silva (333.333.333-33)&lt;/td&gt;
		&lt;td class="tabelatd2"&gt;0F&lt;/td&gt;
		&lt;td class="tabelatd2"&gt;Patrimonial&lt;/td&gt;
&lt;th class="tabelatd2" border="1"&gt;&lt;a class="noPrint" href="?class=ControleCobranca&amp;opera=A&amp;id=38"&gt;[Alterar] &lt;/a&gt;&lt;a class="noPrint" href="?class=ControleCobranca&amp;opera=C&amp;id=38"&gt;[Consultar] &lt;/a&gt;&lt;a class="noPrint" href="?class=ControleCobranca&amp;opera=D&amp;id=38" onClick="return ConfirmaExclusao('');"&gt;[Deletar&amp;nbsp;registro] &lt;/a&gt;&lt;a class="noPrint" href="?class=BaixarParcela&amp;id=38"&gt;[Baixar&amp;nbsp;parcela] &lt;/a&gt;&lt;a class="noPrint" href="?class=ImprimirParcela&amp;id=38"&gt;[Imprimir&amp;nbsp;parcela] &lt;/a&gt;&lt;/th&gt;
	&lt;/tr&gt;
	&lt;tr&gt;
		&lt;td class="tabelatd1"&gt;47&lt;/td&gt;
		&lt;td class="tabelatd1"&gt;Tipo Cobranca&lt;/td&gt;
		&lt;td class="tabelatd1"&gt;11/10/2018&lt;/td&gt;
		&lt;td class="tabelatd1"&gt;110.00&lt;/td&gt;
		&lt;td class="tabelatd1"&gt;0.00&lt;/td&gt;
		&lt;td class="tabelatd1"&gt;&lt;/td&gt;
		&lt;td class="tabelatd1"&gt;Beltrano da Silva (333.333.333-33)&lt;/td&gt;
		&lt;td class="tabelatd1"&gt;0F&lt;/td&gt;
		&lt;td class="tabelatd1"&gt;Patrimonial&lt;/td&gt;
&lt;th class="tabelatd1" border="1"&gt;&lt;a class="noPrint" href="?class=ControleCobranca&amp;opera=A&amp;id=47"&gt;[Alterar] &lt;/a&gt;&lt;a class="noPrint" href="?class=ControleCobranca&amp;opera=C&amp;id=47"&gt;[Consultar] &lt;/a&gt;&lt;a class="noPrint" href="?class=ControleCobranca&amp;opera=D&amp;id=47" onClick="return ConfirmaExclusao('');"&gt;[Deletar&amp;nbsp;registro] &lt;/a&gt;&lt;a class="noPrint" href="?class=BaixarParcela&amp;id=47"&gt;[Baixar&amp;nbsp;parcela] &lt;/a&gt;&lt;a class="noPrint" href="?class=ImprimirParcela&amp;id=47"&gt;[Imprimir&amp;nbsp;parcela] &lt;/a&gt;&lt;/th&gt;
	&lt;/tr&gt;
	&lt;tr&gt;
		&lt;td class="tabelatd2"&gt;59&lt;/td&gt;
		&lt;td class="tabelatd2"&gt;Tipo Cobranca&lt;/td&gt;
		&lt;td class="tabelatd2"&gt;11/10/2018&lt;/td&gt;
		&lt;td class="tabelatd2"&gt;110.00&lt;/td&gt;
		&lt;td class="tabelatd2"&gt;0.00&lt;/td&gt;
		&lt;td class="tabelatd2"&gt;&lt;/td&gt;
		&lt;td class="tabelatd2"&gt;Beltrano da Silva (333.333.333-33)&lt;/td&gt;
		&lt;td class="tabelatd2"&gt;0F&lt;/td&gt;
		&lt;td class="tabelatd2"&gt;Patrimonial&lt;/td&gt;
&lt;th class="tabelatd2" border="1"&gt;&lt;a class="noPrint" href="?class=ControleCobranca&amp;opera=A&amp;id=59"&gt;[Alterar] &lt;/a&gt;&lt;a class="noPrint" href="?class=ControleCobranca&amp;opera=C&amp;id=59"&gt;[Consultar] &lt;/a&gt;&lt;a class="noPrint" href="?class=ControleCobranca&amp;opera=D&amp;id=59" onClick="return ConfirmaExclusao('');"&gt;[Deletar&amp;nbsp;registro] &lt;/a&gt;&lt;a class="noPrint" href="?class=BaixarParcela&amp;id=59"&gt;[Baixar&amp;nbsp;parcela] &lt;/a&gt;&lt;a class="noPrint" href="?class=ImprimirParcela&amp;id=59"&gt;[Imprimir&amp;nbsp;parcela] &lt;/a&gt;&lt;/th&gt;
	&lt;/tr&gt;
	&lt;tr&gt;
		&lt;td class="tabelatd1"&gt;73&lt;/td&gt;
		&lt;td class="tabelatd1"&gt;Tipo Cobranca&lt;/td&gt;
		&lt;td class="tabelatd1"&gt;11/10/2018&lt;/td&gt;
		&lt;td class="tabelatd1"&gt;110.00&lt;/td&gt;
		&lt;td class="tabelatd1"&gt;0.00&lt;/td&gt;
		&lt;td class="tabelatd1"&gt;&lt;/td&gt;
		&lt;td class="tabelatd1"&gt;Beltrano da Silva (333.333.333-33)&lt;/td&gt;
		&lt;td class="tabelatd1"&gt;0F&lt;/td&gt;
		&lt;td class="tabelatd1"&gt;Patrimonial&lt;/td&gt;
&lt;th class="tabelatd1" border="1"&gt;&lt;a class="noPrint" href="?class=ControleCobranca&amp;opera=A&amp;id=73"&gt;[Alterar] &lt;/a&gt;&lt;a class="noPrint" href="?class=ControleCobranca&amp;opera=C&amp;id=73"&gt;[Consultar] &lt;/a&gt;&lt;a class="noPrint" href="?class=ControleCobranca&amp;opera=D&amp;id=73" onClick="return ConfirmaExclusao('');"&gt;[Deletar&amp;nbsp;registro] &lt;/a&gt;&lt;a class="noPrint" href="?class=BaixarParcela&amp;id=73"&gt;[Baixar&amp;nbsp;parcela] &lt;/a&gt;&lt;a class="noPrint" href="?class=ImprimirParcela&amp;id=73"&gt;[Imprimir&amp;nbsp;parcela] &lt;/a&gt;&lt;/th&gt;
	&lt;/tr&gt;
	&lt;tr&gt;
		&lt;td class="tabelatd2"&gt;89&lt;/td&gt;
		&lt;td class="tabelatd2"&gt;Tipo Cobranca&lt;/td&gt;
		&lt;td class="tabelatd2"&gt;11/10/2018&lt;/td&gt;
		&lt;td class="tabelatd2"&gt;110.00&lt;/td&gt;
		&lt;td class="tabelatd2"&gt;0.00&lt;/td&gt;
		&lt;td class="tabelatd2"&gt;&lt;/td&gt;
		&lt;td class="tabelatd2"&gt;Beltrano da Silva (333.333.333-33)&lt;/td&gt;
		&lt;td class="tabelatd2"&gt;0F&lt;/td&gt;
		&lt;td class="tabelatd2"&gt;Patrimonial&lt;/td&gt;
&lt;th class="tabelatd2" border="1"&gt;&lt;a class="noPrint" href="?class=ControleCobranca&amp;opera=A&amp;id=89"&gt;[Alterar] &lt;/a&gt;&lt;a class="noPrint" href="?class=ControleCobranca&amp;opera=C&amp;id=89"&gt;[Consultar] &lt;/a&gt;&lt;a class="noPrint" href="?class=ControleCobranca&amp;opera=D&amp;id=89" onClick="return ConfirmaExclusao('');"&gt;[Deletar&amp;nbsp;registro] &lt;/a&gt;&lt;a class="noPrint" href="?class=BaixarParcela&amp;id=89"&gt;[Baixar&amp;nbsp;parcela] &lt;/a&gt;&lt;a class="noPrint" href="?class=ImprimirParcela&amp;id=89"&gt;[Imprimir&amp;nbsp;parcela] &lt;/a&gt;&lt;/th&gt;
	&lt;/tr&gt;
	&lt;tr&gt;
		&lt;td class="tabelatd1"&gt;105&lt;/td&gt;
		&lt;td class="tabelatd1"&gt;Tipo Cobranca&lt;/td&gt;
		&lt;td class="tabelatd1"&gt;11/10/2018&lt;/td&gt;
		&lt;td class="tabelatd1"&gt;110.00&lt;/td&gt;
		&lt;td class="tabelatd1"&gt;0.00&lt;/td&gt;
		&lt;td class="tabelatd1"&gt;&lt;/td&gt;
		&lt;td class="tabelatd1"&gt;Beltrano da Silva (333.333.333-33)&lt;/td&gt;
		&lt;td class="tabelatd1"&gt;0F&lt;/td&gt;
		&lt;td class="tabelatd1"&gt;Patrimonial&lt;/td&gt;
&lt;th class="tabelatd1" border="1"&gt;&lt;a class="noPrint" href="?class=ControleCobranca&amp;opera=A&amp;id=105"&gt;[Alterar] &lt;/a&gt;&lt;a class="noPrint" href="?class=ControleCobranca&amp;opera=C&amp;id=105"&gt;[Consultar] &lt;/a&gt;&lt;a class="noPrint" href="?class=ControleCobranca&amp;opera=D&amp;id=105" onClick="return ConfirmaExclusao('');"&gt;[Deletar&amp;nbsp;registro] &lt;/a&gt;&lt;a class="noPrint" href="?class=BaixarParcela&amp;id=105"&gt;[Baixar&amp;nbsp;parcela] &lt;/a&gt;&lt;a class="noPrint" href="?class=ImprimirParcela&amp;id=105"&gt;[Imprimir&amp;nbsp;parcela] &lt;/a&gt;&lt;/th&gt;
	&lt;/tr&gt;
	&lt;tr&gt;
		&lt;td class="tabelatd2"&gt;133&lt;/td&gt;
		&lt;td class="tabelatd2"&gt;Tipo Cobranca&lt;/td&gt;
		&lt;td class="tabelatd2"&gt;11/10/2018&lt;/td&gt;
		&lt;td class="tabelatd2"&gt;110.00&lt;/td&gt;
		&lt;td class="tabelatd2"&gt;0.00&lt;/td&gt;
		&lt;td class="tabelatd2"&gt;&lt;/td&gt;
		&lt;td class="tabelatd2"&gt;Beltrano da Silva (333.333.333-33)&lt;/td&gt;
		&lt;td class="tabelatd2"&gt;0F&lt;/td&gt;
		&lt;td class="tabelatd2"&gt;Patrimonial&lt;/td&gt;
&lt;th class="tabelatd2" border="1"&gt;&lt;a class="noPrint" href="?class=ControleCobranca&amp;opera=A&amp;id=133"&gt;[Alterar] &lt;/a&gt;&lt;a class="noPrint" href="?class=ControleCobranca&amp;opera=C&amp;id=133"&gt;[Consultar] &lt;/a&gt;&lt;a class="noPrint" href="?class=ControleCobranca&amp;opera=D&amp;id=133" onClick="return ConfirmaExclusao('');"&gt;[Deletar&amp;nbsp;registro] &lt;/a&gt;&lt;a class="noPrint" href="?class=BaixarParcela&amp;id=133"&gt;[Baixar&amp;nbsp;parcela] &lt;/a&gt;&lt;a class="noPrint" href="?class=ImprimirParcela&amp;id=133"&gt;[Imprimir&amp;nbsp;parcela] &lt;/a&gt;&lt;/th&gt;
	&lt;/tr&gt;
	&lt;tr&gt;
		&lt;td class="tabelatd1"&gt;158&lt;/td&gt;
		&lt;td class="tabelatd1"&gt;Tipo Cobranca&lt;/td&gt;
		&lt;td class="tabelatd1"&gt;11/10/2018&lt;/td&gt;
		&lt;td class="tabelatd1"&gt;110.00&lt;/td&gt;
		&lt;td class="tabelatd1"&gt;0.00&lt;/td&gt;
		&lt;td class="tabelatd1"&gt;&lt;/td&gt;
		&lt;td class="tabelatd1"&gt;Beltrano da Silva (333.333.333-33)&lt;/td&gt;
		&lt;td class="tabelatd1"&gt;0F&lt;/td&gt;
		&lt;td class="tabelatd1"&gt;Patrimonial&lt;/td&gt;
&lt;th class="tabelatd1" border="1"&gt;&lt;a class="noPrint" href="?class=ControleCobranca&amp;opera=A&amp;id=158"&gt;[Alterar] &lt;/a&gt;&lt;a class="noPrint" href="?class=ControleCobranca&amp;opera=C&amp;id=158"&gt;[Consultar] &lt;/a&gt;&lt;a class="noPrint" href="?class=ControleCobranca&amp;opera=D&amp;id=158" onClick="return ConfirmaExclusao('');"&gt;[Deletar&amp;nbsp;registro] &lt;/a&gt;&lt;a class="noPrint" href="?class=BaixarParcela&amp;id=158"&gt;[Baixar&amp;nbsp;parcela] &lt;/a&gt;&lt;a class="noPrint" href="?class=ImprimirParcela&amp;id=158"&gt;[Imprimir&amp;nbsp;parcela] &lt;/a&gt;&lt;/th&gt;
	&lt;/tr&gt;
	&lt;tr&gt;
		&lt;td class="tabelatd2"&gt;178&lt;/td&gt;
		&lt;td class="tabelatd2"&gt;Tipo Cobranca&lt;/td&gt;
		&lt;td class="tabelatd2"&gt;11/10/2018&lt;/td&gt;
		&lt;td class="tabelatd2"&gt;110.00&lt;/td&gt;
		&lt;td class="tabelatd2"&gt;0.00&lt;/td&gt;
		&lt;td class="tabelatd2"&gt;&lt;/td&gt;
		&lt;td class="tabelatd2"&gt;Beltrano da Silva (333.333.333-33)&lt;/td&gt;
		&lt;td class="tabelatd2"&gt;0F&lt;/td&gt;
		&lt;td class="tabelatd2"&gt;Patrimonial&lt;/td&gt;
&lt;th class="tabelatd2" border="1"&gt;&lt;a class="noPrint" href="?class=ControleCobranca&amp;opera=A&amp;id=178"&gt;[Alterar] &lt;/a&gt;&lt;a class="noPrint" href="?class=ControleCobranca&amp;opera=C&amp;id=178"&gt;[Consultar] &lt;/a&gt;&lt;a class="noPrint" href="?class=ControleCobranca&amp;opera=D&amp;id=178" onClick="return ConfirmaExclusao('');"&gt;[Deletar&amp;nbsp;registro] &lt;/a&gt;&lt;a class="noPrint" href="?class=BaixarParcela&amp;id=178"&gt;[Baixar&amp;nbsp;parcela] &lt;/a&gt;&lt;a class="noPrint" href="?class=ImprimirParcela&amp;id=178"&gt;[Imprimir&amp;nbsp;parcela] &lt;/a&gt;&lt;/th&gt;
	&lt;/tr&gt;
	&lt;tr&gt;
		&lt;td class="tabelatd1"&gt;198&lt;/td&gt;
		&lt;td class="tabelatd1"&gt;Tipo Cobranca&lt;/td&gt;
		&lt;td class="tabelatd1"&gt;11/10/2018&lt;/td&gt;
		&lt;td class="tabelatd1"&gt;110.00&lt;/td&gt;
		&lt;td class="tabelatd1"&gt;0.00&lt;/td&gt;
		&lt;td class="tabelatd1"&gt;&lt;/td&gt;
		&lt;td class="tabelatd1"&gt;Beltrano da Silva (333.333.333-33)&lt;/td&gt;
		&lt;td class="tabelatd1"&gt;0F&lt;/td&gt;
		&lt;td class="tabelatd1"&gt;Patrimonial&lt;/td&gt;
&lt;th class="tabelatd1" border="1"&gt;&lt;a class="noPrint" href="?class=ControleCobranca&amp;opera=A&amp;id=198"&gt;[Alterar] &lt;/a&gt;&lt;a class="noPrint" href="?class=ControleCobranca&amp;opera=C&amp;id=198"&gt;[Consultar] &lt;/a&gt;&lt;a class="noPrint" href="?class=ControleCobranca&amp;opera=D&amp;id=198" onClick="return ConfirmaExclusao('');"&gt;[Deletar&amp;nbsp;registro] &lt;/a&gt;&lt;a class="noPrint" href="?class=BaixarParcela&amp;id=198"&gt;[Baixar&amp;nbsp;parcela] &lt;/a&gt;&lt;a class="noPrint" href="?class=ImprimirParcela&amp;id=198"&gt;[Imprimir&amp;nbsp;parcela] &lt;/a&gt;&lt;/th&gt;
	&lt;/tr&gt;
	&lt;tr&gt;
		&lt;td class="tabelatd2"&gt;218&lt;/td&gt;
		&lt;td class="tabelatd2"&gt;Tipo Cobranca&lt;/td&gt;
		&lt;td class="tabelatd2"&gt;11/10/2018&lt;/td&gt;
		&lt;td class="tabelatd2"&gt;110.00&lt;/td&gt;
		&lt;td class="tabelatd2"&gt;0.00&lt;/td&gt;
		&lt;td class="tabelatd2"&gt;&lt;/td&gt;
		&lt;td class="tabelatd2"&gt;Beltrano da Silva (333.333.333-33)&lt;/td&gt;
		&lt;td class="tabelatd2"&gt;0F&lt;/td&gt;
		&lt;td class="tabelatd2"&gt;Patrimonial&lt;/td&gt;
&lt;th class="tabelatd2" border="1"&gt;&lt;a class="noPrint" href="?class=ControleCobranca&amp;opera=A&amp;id=218"&gt;[Alterar] &lt;/a&gt;&lt;a class="noPrint" href="?class=ControleCobranca&amp;opera=C&amp;id=218"&gt;[Consultar] &lt;/a&gt;&lt;a class="noPrint" href="?class=ControleCobranca&amp;opera=D&amp;id=218" onClick="return ConfirmaExclusao('');"&gt;[Deletar&amp;nbsp;registro] &lt;/a&gt;&lt;a class="noPrint" href="?class=BaixarParcela&amp;id=218"&gt;[Baixar&amp;nbsp;parcela] &lt;/a&gt;&lt;a class="noPrint" href="?class=ImprimirParcela&amp;id=218"&gt;[Imprimir&amp;nbsp;parcela] &lt;/a&gt;&lt;/th&gt;
	&lt;/tr&gt;
	&lt;tr&gt;
		&lt;td class="tabelatd1"&gt;242&lt;/td&gt;
		&lt;td class="tabelatd1"&gt;Tipo Cobranca&lt;/td&gt;
		&lt;td class="tabelatd1"&gt;11/10/2018&lt;/td&gt;
		&lt;td class="tabelatd1"&gt;110.00&lt;/td&gt;
		&lt;td class="tabelatd1"&gt;0.00&lt;/td&gt;
		&lt;td class="tabelatd1"&gt;&lt;/td&gt;
		&lt;td class="tabelatd1"&gt;Beltrano da Silva (333.333.333-33)&lt;/td&gt;
		&lt;td class="tabelatd1"&gt;0F&lt;/td&gt;
		&lt;td class="tabelatd1"&gt;Patrimonial&lt;/td&gt;
&lt;th class="tabelatd1" border="1"&gt;&lt;a class="noPrint" href="?class=ControleCobranca&amp;opera=A&amp;id=242"&gt;[Alterar] &lt;/a&gt;&lt;a class="noPrint" href="?class=ControleCobranca&amp;opera=C&amp;id=242"&gt;[Consultar] &lt;/a&gt;&lt;a class="noPrint" href="?class=ControleCobranca&amp;opera=D&amp;id=242" onClick="return ConfirmaExclusao('');"&gt;[Deletar&amp;nbsp;registro] &lt;/a&gt;&lt;a class="noPrint" href="?class=BaixarParcela&amp;id=242"&gt;[Baixar&amp;nbsp;parcela] &lt;/a&gt;&lt;a class="noPrint" href="?class=ImprimirParcela&amp;id=242"&gt;[Imprimir&amp;nbsp;parcela] &lt;/a&gt;&lt;/th&gt;
	&lt;/tr&gt;
	&lt;tr&gt;
		&lt;td class="tabelatd2"&gt;266&lt;/td&gt;
		&lt;td class="tabelatd2"&gt;Tipo Cobranca&lt;/td&gt;
		&lt;td class="tabelatd2"&gt;11/10/2018&lt;/td&gt;
		&lt;td class="tabelatd2"&gt;110.00&lt;/td&gt;
		&lt;td class="tabelatd2"&gt;0.00&lt;/td&gt;
		&lt;td class="tabelatd2"&gt;&lt;/td&gt;
		&lt;td class="tabelatd2"&gt;Beltrano da Silva (333.333.333-33)&lt;/td&gt;
		&lt;td class="tabelatd2"&gt;0F&lt;/td&gt;
		&lt;td class="tabelatd2"&gt;Patrimonial&lt;/td&gt;
&lt;th class="tabelatd2" border="1"&gt;&lt;a class="noPrint" href="?class=ControleCobranca&amp;opera=A&amp;id=266"&gt;[Alterar] &lt;/a&gt;&lt;a class="noPrint" href="?class=ControleCobranca&amp;opera=C&amp;id=266"&gt;[Consultar] &lt;/a&gt;&lt;a class="noPrint" href="?class=ControleCobranca&amp;opera=D&amp;id=266" onClick="return ConfirmaExclusao('');"&gt;[Deletar&amp;nbsp;registro] &lt;/a&gt;&lt;a class="noPrint" href="?class=BaixarParcela&amp;id=266"&gt;[Baixar&amp;nbsp;parcela] &lt;/a&gt;&lt;a class="noPrint" href="?class=ImprimirParcela&amp;id=266"&gt;[Imprimir&amp;nbsp;parcela] &lt;/a&gt;&lt;/th&gt;
	&lt;/tr&gt;
	&lt;tr&gt;
		&lt;td class="tabelatd1"&gt;276&lt;/td&gt;
		&lt;td class="tabelatd1"&gt;Tipo Cobranca&lt;/td&gt;
		&lt;td class="tabelatd1"&gt;11/10/2018&lt;/td&gt;
		&lt;td class="tabelatd1"&gt;110.00&lt;/td&gt;
		&lt;td class="tabelatd1"&gt;0.00&lt;/td&gt;
		&lt;td class="tabelatd1"&gt;&lt;/td&gt;
		&lt;td class="tabelatd1"&gt;Fulano de Tal (111.111.111-11)&lt;/td&gt;
		&lt;td class="tabelatd1"&gt;0F&lt;/td&gt;
		&lt;td class="tabelatd1"&gt;Patrimonial&lt;/td&gt;
&lt;th class="tabelatd1" border="1"&gt;&lt;a class="noPrint" href="?class=ControleCobranca&amp;opera=A&amp;id=276"&gt;[Alterar] &lt;/a&gt;&lt;a class="noPrint" href="?class=ControleCobranca&amp;opera=C&amp;id=276"&gt;[Consultar] &lt;/a&gt;&lt;a class="noPrint" href="?class=ControleCobranca&amp;opera=D&amp;id=276" onClick="return ConfirmaExclusao('');"&gt;[Deletar&amp;nbsp;registro] &lt;/a&gt;&lt;a class="noPrint" href="?class=BaixarParcela&amp;id=276"&gt;[Baixar&amp;nbsp;parcela] &lt;/a&gt;&lt;a class="noPrint" href="?class=ImprimirParcela&amp;id=276"&gt;[Imprimir&amp;nbsp;parcela] &lt;/a&gt;&lt;/th&gt;
	&lt;/tr&gt;
	&lt;tr&gt;
		&lt;td class="tabelatd2"&gt;303&lt;/td&gt;
		&lt;td class="tabelatd2"&gt;Tipo Cobranca&lt;/td&gt;
		&lt;td class="tabelatd2"&gt;11/10/2018&lt;/td&gt;
		&lt;td class="tabelatd2"&gt;110.00&lt;/td&gt;
		&lt;td class="tabelatd2"&gt;0.00&lt;/td&gt;
		&lt;td class="tabelatd2"&gt;&lt;/td&gt;
		&lt;td class="tabelatd2"&gt;Fulano de Tal (111.111.111-11)&lt;/td&gt;
		&lt;td class="tabelatd2"&gt;0F&lt;/td&gt;
		&lt;td class="tabelatd2"&gt;Patrimonial&lt;/td&gt;
&lt;th class="tabelatd2" border="1"&gt;&lt;a class="noPrint" href="?class=ControleCobranca&amp;opera=A&amp;id=303"&gt;[Alterar] &lt;/a&gt;&lt;a class="noPrint" href="?class=ControleCobranca&amp;opera=C&amp;id=303"&gt;[Consultar] &lt;/a&gt;&lt;a class="noPrint" href="?class=ControleCobranca&amp;opera=D&amp;id=303" onClick="return ConfirmaExclusao('');"&gt;[Deletar&amp;nbsp;registro] &lt;/a&gt;&lt;a class="noPrint" href="?class=BaixarParcela&amp;id=303"&gt;[Baixar&amp;nbsp;parcela] &lt;/a&gt;&lt;a class="noPrint" href="?class=ImprimirParcela&amp;id=303"&gt;[Imprimir&amp;nbsp;parcela] &lt;/a&gt;&lt;/th&gt;
	&lt;/tr&gt;
	&lt;tr&gt;
		&lt;td class="tabelatd1"&gt;332&lt;/td&gt;
		&lt;td class="tabelatd1"&gt;Tipo Cobranca&lt;/td&gt;
		&lt;td class="tabelatd1"&gt;11/10/2018&lt;/td&gt;
		&lt;td class="tabelatd1"&gt;110.00&lt;/td&gt;
		&lt;td class="tabelatd1"&gt;0.00&lt;/td&gt;
		&lt;td class="tabelatd1"&gt;&lt;/td&gt;
		&lt;td class="tabelatd1"&gt;Fulano de Tal (111.111.111-11)&lt;/td&gt;
		&lt;td class="tabelatd1"&gt;0F&lt;/td&gt;
		&lt;td class="tabelatd1"&gt;Patrimonial&lt;/td&gt;
&lt;th class="tabelatd1" border="1"&gt;&lt;a class="noPrint" href="?class=ControleCobranca&amp;opera=A&amp;id=332"&gt;[Alterar] &lt;/a&gt;&lt;a class="noPrint" href="?class=ControleCobranca&amp;opera=C&amp;id=332"&gt;[Consultar] &lt;/a&gt;&lt;a class="noPrint" href="?class=ControleCobranca&amp;opera=D&amp;id=332" onClick="return ConfirmaExclusao('');"&gt;[Deletar&amp;nbsp;registro] &lt;/a&gt;&lt;a class="noPrint" href="?class=BaixarParcela&amp;id=332"&gt;[Baixar&amp;nbsp;parcela] &lt;/a&gt;&lt;a class="noPrint" href="?class=ImprimirParcela&amp;id=332"&gt;[Imprimir&amp;nbsp;parcela] &lt;/a&gt;&lt;/th&gt;
	&lt;/tr&gt;
	&lt;tr&gt;
		&lt;td class="tabelatd2"&gt;363&lt;/td&gt;
		&lt;td class="tabelatd2"&gt;Tipo Cobranca&lt;/td&gt;
		&lt;td class="tabelatd2"&gt;11/10/2018&lt;/td&gt;
		&lt;td class="tabelatd2"&gt;110.00&lt;/td&gt;
		&lt;td class="tabelatd2"&gt;0.00&lt;/td&gt;
		&lt;td class="tabelatd2"&gt;&lt;/td&gt;
		&lt;td class="tabelatd2"&gt;Fulano de Tal (111.111.111-11)&lt;/td&gt;
		&lt;td class="tabelatd2"&gt;0F&lt;/td&gt;
		&lt;td class="tabelatd2"&gt;Patrimonial&lt;/td&gt;
&lt;th class="tabelatd2" border="1"&gt;&lt;a class="noPrint" href="?class=ControleCobranca&amp;opera=A&amp;id=363"&gt;[Alterar] &lt;/a&gt;&lt;a class="noPrint" href="?class=ControleCobranca&amp;opera=C&amp;id=363"&gt;[Consultar] &lt;/a&gt;&lt;a class="noPrint" href="?class=ControleCobranca&amp;opera=D&amp;id=363" onClick="return ConfirmaExclusao('');"&gt;[Deletar&amp;nbsp;registro] &lt;/a&gt;&lt;a class="noPrint" href="?class=BaixarParcela&amp;id=363"&gt;[Baixar&amp;nbsp;parcela] &lt;/a&gt;&lt;a class="noPrint" href="?class=ImprimirParcela&amp;id=363"&gt;[Imprimir&amp;nbsp;parcela] &lt;/a&gt;&lt;/th&gt;
	&lt;/tr&gt;
	&lt;tr&gt;
		&lt;td class="tabelatd1"&gt;396&lt;/td&gt;
		&lt;td class="tabelatd1"&gt;Tipo Cobranca&lt;/td&gt;
		&lt;td class="tabelatd1"&gt;11/10/2018&lt;/td&gt;
		&lt;td class="tabelatd1"&gt;110.00&lt;/td&gt;
		&lt;td class="tabelatd1"&gt;0.00&lt;/td&gt;
		&lt;td class="tabelatd1"&gt;&lt;/td&gt;
		&lt;td class="tabelatd1"&gt;Fulano de Tal (111.111.111-11)&lt;/td&gt;
		&lt;td class="tabelatd1"&gt;0F&lt;/td&gt;
		&lt;td class="tabelatd1"&gt;Patrimonial&lt;/td&gt;
&lt;th class="tabelatd1" border="1"&gt;&lt;a class="noPrint" href="?class=ControleCobranca&amp;opera=A&amp;id=396"&gt;[Alterar] &lt;/a&gt;&lt;a class="noPrint" href="?class=ControleCobranca&amp;opera=C&amp;id=396"&gt;[Consultar] &lt;/a&gt;&lt;a class="noPrint" href="?class=ControleCobranca&amp;opera=D&amp;id=396" onClick="return ConfirmaExclusao('');"&gt;[Deletar&amp;nbsp;registro] &lt;/a&gt;&lt;a class="noPrint" href="?class=BaixarParcela&amp;id=396"&gt;[Baixar&amp;nbsp;parcela] &lt;/a&gt;&lt;a class="noPrint" href="?class=ImprimirParcela&amp;id=396"&gt;[Imprimir&amp;nbsp;parcela] &lt;/a&gt;&lt;/th&gt;
	&lt;/tr&gt;
	&lt;tr&gt;
		&lt;td class="tabelatd2"&gt;431&lt;/td&gt;
		&lt;td class="tabelatd2"&gt;Tipo Cobranca&lt;/td&gt;
		&lt;td class="tabelatd2"&gt;11/10/2018&lt;/td&gt;
		&lt;td class="tabelatd2"&gt;110.00&lt;/td&gt;
		&lt;td class="tabelatd2"&gt;0.00&lt;/td&gt;
		&lt;td class="tabelatd2"&gt;&lt;/td&gt;
		&lt;td class="tabelatd2"&gt;Fulano de Tal (111.111.111-11)&lt;/td&gt;
		&lt;td class="tabelatd2"&gt;0F&lt;/td&gt;
		&lt;td class="tabelatd2"&gt;Patrimonial&lt;/td&gt;
&lt;th class="tabelatd2" border="1"&gt;&lt;a class="noPrint" href="?class=ControleCobranca&amp;opera=A&amp;id=431"&gt;[Alterar] &lt;/a&gt;&lt;a class="noPrint" href="?class=ControleCobranca&amp;opera=C&amp;id=431"&gt;[Consultar] &lt;/a&gt;&lt;a class="noPrint" href="?class=ControleCobranca&amp;opera=D&amp;id=431" onClick="return ConfirmaExclusao('');"&gt;[Deletar&amp;nbsp;registro] &lt;/a&gt;&lt;a class="noPrint" href="?class=BaixarParcela&amp;id=431"&gt;[Baixar&amp;nbsp;parcela] &lt;/a&gt;&lt;a class="noPrint" href="?class=ImprimirParcela&amp;id=431"&gt;[Imprimir&amp;nbsp;parcela] &lt;/a&gt;&lt;/th&gt;
	&lt;/tr&gt;
	&lt;tr&gt;
		&lt;td class="tabelatd1"&gt;468&lt;/td&gt;
		&lt;td class="tabelatd1"&gt;Tipo Cobranca&lt;/td&gt;
		&lt;td class="tabelatd1"&gt;11/10/2018&lt;/td&gt;
		&lt;td class="tabelatd1"&gt;110.00&lt;/td&gt;
		&lt;td class="tabelatd1"&gt;0.00&lt;/td&gt;
		&lt;td class="tabelatd1"&gt;&lt;/td&gt;
		&lt;td class="tabelatd1"&gt;Fulano de Tal (111.111.111-11)&lt;/td&gt;
		&lt;td class="tabelatd1"&gt;0F&lt;/td&gt;
		&lt;td class="tabelatd1"&gt;Patrimonial&lt;/td&gt;
&lt;th class="tabelatd1" border="1"&gt;&lt;a class="noPrint" href="?class=ControleCobranca&amp;opera=A&amp;id=468"&gt;[Alterar] &lt;/a&gt;&lt;a class="noPrint" href="?class=ControleCobranca&amp;opera=C&amp;id=468"&gt;[Consultar] &lt;/a&gt;&lt;a class="noPrint" href="?class=ControleCobranca&amp;opera=D&amp;id=468" onClick="return ConfirmaExclusao('');"&gt;[Deletar&amp;nbsp;registro] &lt;/a&gt;&lt;a class="noPrint" href="?class=BaixarParcela&amp;id=468"&gt;[Baixar&amp;nbsp;parcela] &lt;/a&gt;&lt;a class="noPrint" href="?class=ImprimirParcela&amp;id=468"&gt;[Imprimir&amp;nbsp;parcela] &lt;/a&gt;&lt;/th&gt;
	&lt;/tr&gt;
	&lt;tr&gt;
		&lt;td class="tabelatd2"&gt;292&lt;/td&gt;
		&lt;td class="tabelatd2"&gt;Tipo Cobranca&lt;/td&gt;
		&lt;td class="tabelatd2"&gt;11/10/2018&lt;/td&gt;
		&lt;td class="tabelatd2"&gt;110.00&lt;/td&gt;
		&lt;td class="tabelatd2"&gt;0.00&lt;/td&gt;
		&lt;td class="tabelatd2"&gt;&lt;/td&gt;
		&lt;td class="tabelatd2"&gt;Beltrano da Silva (333.333.333-33)&lt;/td&gt;
		&lt;td class="tabelatd2"&gt;0F&lt;/td&gt;
		&lt;td class="tabelatd2"&gt;Patrimonial&lt;/td&gt;
&lt;th class="tabelatd2" border="1"&gt;&lt;a class="noPrint" href="?class=ControleCobranca&amp;opera=A&amp;id=292"&gt;[Alterar] &lt;/a&gt;&lt;a class="noPrint" href="?class=ControleCobranca&amp;opera=C&amp;id=292"&gt;[Consultar] &lt;/a&gt;&lt;a class="noPrint" href="?class=ControleCobranca&amp;opera=D&amp;id=292" onClick="return ConfirmaExclusao('');"&gt;[Deletar&amp;nbsp;registro] &lt;/a&gt;&lt;a class="noPrint" href="?class=BaixarParcela&amp;id=292"&gt;[Baixar&amp;nbsp;parcela] &lt;/a&gt;&lt;a class="noPrint" href="?class=ImprimirParcela&amp;id=292"&gt;[Imprimir&amp;nbsp;parcela] &lt;/a&gt;&lt;/th&gt;
	&lt;/tr&gt;
	&lt;tr&gt;
		&lt;td class="tabelatd1"&gt;320&lt;/td&gt;
		&lt;td class="tabelatd1"&gt;Tipo Cobranca&lt;/td&gt;
		&lt;td class="tabelatd1"&gt;11/10/2018&lt;/td&gt;
		&lt;td class="tabelatd1"&gt;110.00&lt;/td&gt;
		&lt;td class="tabelatd1"&gt;0.00&lt;/td&gt;
		&lt;td class="tabelatd1"&gt;&lt;/td&gt;
		&lt;td class="tabelatd1"&gt;Beltrano da Silva (333.333.333-33)&lt;/td&gt;
		&lt;td class="tabelatd1"&gt;0F&lt;/td&gt;
		&lt;td class="tabelatd1"&gt;Patrimonial&lt;/td&gt;
&lt;th class="tabelatd1" border="1"&gt;&lt;a class="noPrint" href="?class=ControleCobranca&amp;opera=A&amp;id=320"&gt;[Alterar] &lt;/a&gt;&lt;a class="noPrint" href="?class=ControleCobranca&amp;opera=C&amp;id=320"&gt;[Consultar] &lt;/a&gt;&lt;a class="noPrint" href="?class=ControleCobranca&amp;opera=D&amp;id=320" onClick="return ConfirmaExclusao('');"&gt;[Deletar&amp;nbsp;registro] &lt;/a&gt;&lt;a class="noPrint" href="?class=BaixarParcela&amp;id=320"&gt;[Baixar&amp;nbsp;parcela] &lt;/a&gt;&lt;a class="noPrint" href="?class=ImprimirParcela&amp;id=320"&gt;[Imprimir&amp;nbsp;parcela] &lt;/a&gt;&lt;/th&gt;
	&lt;/tr&gt;
	&lt;tr&gt;
		&lt;td class="tabelatd2"&gt;350&lt;/td&gt;
		&lt;td class="tabelatd2"&gt;Tipo Cobranca&lt;/td&gt;
		&lt;td class="tabelatd2"&gt;11/10/2018&lt;/td&gt;
		&lt;td class="tabelatd2"&gt;110.00&lt;/td&gt;
		&lt;td class="tabelatd2"&gt;0.00&lt;/td&gt;
		&lt;td class="tabelatd2"&gt;&lt;/td&gt;
		&lt;td class="tabelatd2"&gt;Beltrano da Silva (333.333.333-33)&lt;/td&gt;
		&lt;td class="tabelatd2"&gt;0F&lt;/td&gt;
		&lt;td class="tabelatd2"&gt;Patrimonial&lt;/td&gt;
&lt;th class="tabelatd2" border="1"&gt;&lt;a class="noPrint" href="?class=ControleCobranca&amp;opera=A&amp;id=350"&gt;[Alterar] &lt;/a&gt;&lt;a class="noPrint" href="?class=ControleCobranca&amp;opera=C&amp;id=350"&gt;[Consultar] &lt;/a&gt;&lt;a class="noPrint" href="?class=ControleCobranca&amp;opera=D&amp;id=350" onClick="return ConfirmaExclusao('');"&gt;[Deletar&amp;nbsp;registro] &lt;/a&gt;&lt;a class="noPrint" href="?class=BaixarParcela&amp;id=350"&gt;[Baixar&amp;nbsp;parcela] &lt;/a&gt;&lt;a class="noPrint" href="?class=ImprimirParcela&amp;id=350"&gt;[Imprimir&amp;nbsp;parcela] &lt;/a&gt;&lt;/th&gt;
	&lt;/tr&gt;
	&lt;tr&gt;
		&lt;td class="tabelatd1"&gt;382&lt;/td&gt;
		&lt;td class="tabelatd1"&gt;Tipo Cobranca&lt;/td&gt;
		&lt;td class="tabelatd1"&gt;11/10/2018&lt;/td&gt;
		&lt;td class="tabelatd1"&gt;110.00&lt;/td&gt;
		&lt;td class="tabelatd1"&gt;0.00&lt;/td&gt;
		&lt;td class="tabelatd1"&gt;&lt;/td&gt;
		&lt;td class="tabelatd1"&gt;Beltrano da Silva (333.333.333-33)&lt;/td&gt;
		&lt;td class="tabelatd1"&gt;0F&lt;/td&gt;
		&lt;td class="tabelatd1"&gt;Patrimonial&lt;/td&gt;
&lt;th class="tabelatd1" border="1"&gt;&lt;a class="noPrint" href="?class=ControleCobranca&amp;opera=A&amp;id=382"&gt;[Alterar] &lt;/a&gt;&lt;a class="noPrint" href="?class=ControleCobranca&amp;opera=C&amp;id=382"&gt;[Consultar] &lt;/a&gt;&lt;a class="noPrint" href="?class=ControleCobranca&amp;opera=D&amp;id=382" onClick="return ConfirmaExclusao('');"&gt;[Deletar&amp;nbsp;registro] &lt;/a&gt;&lt;a class="noPrint" href="?class=BaixarParcela&amp;id=382"&gt;[Baixar&amp;nbsp;parcela] &lt;/a&gt;&lt;a class="noPrint" href="?class=ImprimirParcela&amp;id=382"&gt;[Imprimir&amp;nbsp;parcela] &lt;/a&gt;&lt;/th&gt;
	&lt;/tr&gt;
	&lt;tr&gt;
		&lt;td class="tabelatd2"&gt;416&lt;/td&gt;
		&lt;td class="tabelatd2"&gt;Tipo Cobranca&lt;/td&gt;
		&lt;td class="tabelatd2"&gt;11/10/2018&lt;/td&gt;
		&lt;td class="tabelatd2"&gt;110.00&lt;/td&gt;
		&lt;td class="tabelatd2"&gt;0.00&lt;/td&gt;
		&lt;td class="tabelatd2"&gt;&lt;/td&gt;
		&lt;td class="tabelatd2"&gt;Beltrano da Silva (333.333.333-33)&lt;/td&gt;
		&lt;td class="tabelatd2"&gt;0F&lt;/td&gt;
		&lt;td class="tabelatd2"&gt;Patrimonial&lt;/td&gt;
&lt;th class="tabelatd2" border="1"&gt;&lt;a class="noPrint" href="?class=ControleCobranca&amp;opera=A&amp;id=416"&gt;[Alterar] &lt;/a&gt;&lt;a class="noPrint" href="?class=ControleCobranca&amp;opera=C&amp;id=416"&gt;[Consultar] &lt;/a&gt;&lt;a class="noPrint" href="?class=ControleCobranca&amp;opera=D&amp;id=416" onClick="return ConfirmaExclusao('');"&gt;[Deletar&amp;nbsp;registro] &lt;/a&gt;&lt;a class="noPrint" href="?class=BaixarParcela&amp;id=416"&gt;[Baixar&amp;nbsp;parcela] &lt;/a&gt;&lt;a class="noPrint" href="?class=ImprimirParcela&amp;id=416"&gt;[Imprimir&amp;nbsp;parcela] &lt;/a&gt;&lt;/th&gt;
	&lt;/tr&gt;
	&lt;tr&gt;
		&lt;td class="tabelatd1"&gt;452&lt;/td&gt;
		&lt;td class="tabelatd1"&gt;Tipo Cobranca&lt;/td&gt;
		&lt;td class="tabelatd1"&gt;11/10/2018&lt;/td&gt;
		&lt;td class="tabelatd1"&gt;110.00&lt;/td&gt;
		&lt;td class="tabelatd1"&gt;0.00&lt;/td&gt;
		&lt;td class="tabelatd1"&gt;&lt;/td&gt;
		&lt;td class="tabelatd1"&gt;Beltrano da Silva (333.333.333-33)&lt;/td&gt;
		&lt;td class="tabelatd1"&gt;0F&lt;/td&gt;
		&lt;td class="tabelatd1"&gt;Patrimonial&lt;/td&gt;
&lt;th class="tabelatd1" border="1"&gt;&lt;a class="noPrint" href="?class=ControleCobranca&amp;opera=A&amp;id=452"&gt;[Alterar] &lt;/a&gt;&lt;a class="noPrint" href="?class=ControleCobranca&amp;opera=C&amp;id=452"&gt;[Consultar] &lt;/a&gt;&lt;a class="noPrint" href="?class=ControleCobranca&amp;opera=D&amp;id=452" onClick="return ConfirmaExclusao('');"&gt;[Deletar&amp;nbsp;registro] &lt;/a&gt;&lt;a class="noPrint" href="?class=BaixarParcela&amp;id=452"&gt;[Baixar&amp;nbsp;parcela] &lt;/a&gt;&lt;a class="noPrint" href="?class=ImprimirParcela&amp;id=452"&gt;[Imprimir&amp;nbsp;parcela] &lt;/a&gt;&lt;/th&gt;
	&lt;/tr&gt;
	&lt;tr&gt;
		&lt;td class="tabelatd2"&gt;30&lt;/td&gt;
		&lt;td class="tabelatd2"&gt;Tipo Cobranca&lt;/td&gt;
		&lt;td class="tabelatd2"&gt;11/10/2018&lt;/td&gt;
		&lt;td class="tabelatd2"&gt;110.00&lt;/td&gt;
		&lt;td class="tabelatd2"&gt;0.00&lt;/td&gt;
		&lt;td class="tabelatd2"&gt;&lt;/td&gt;
		&lt;td class="tabelatd2"&gt;Fulano de Tal (652.392.539-00)&lt;/td&gt;
		&lt;td class="tabelatd2"&gt;1&lt;/td&gt;
		&lt;td class="tabelatd2"&gt;Patrimonial&lt;/td&gt;
&lt;th class="tabelatd2" border="1"&gt;&lt;a class="noPrint" href="?class=ControleCobranca&amp;opera=A&amp;id=30"&gt;[Alterar] &lt;/a&gt;&lt;a class="noPrint" href="?class=ControleCobranca&amp;opera=C&amp;id=30"&gt;[Consultar] &lt;/a&gt;&lt;a class="noPrint" href="?class=ControleCobranca&amp;opera=D&amp;id=30" onClick="return ConfirmaExclusao('');"&gt;[Deletar&amp;nbsp;registro] &lt;/a&gt;&lt;a class="noPrint" href="?class=BaixarParcela&amp;id=30"&gt;[Baixar&amp;nbsp;parcela] &lt;/a&gt;&lt;a class="noPrint" href="?class=ImprimirParcela&amp;id=30"&gt;[Imprimir&amp;nbsp;parcela] &lt;/a&gt;&lt;/th&gt;
	&lt;/tr&gt;
	&lt;tr&gt;
		&lt;td class="tabelatd1"&gt;37&lt;/td&gt;
		&lt;td class="tabelatd1"&gt;Tipo Cobranca&lt;/td&gt;
		&lt;td class="tabelatd1"&gt;11/10/2018&lt;/td&gt;
		&lt;td class="tabelatd1"&gt;110.00&lt;/td&gt;
		&lt;td class="tabelatd1"&gt;0.00&lt;/td&gt;
		&lt;td class="tabelatd1"&gt;&lt;/td&gt;
		&lt;td class="tabelatd1"&gt;Fulano de Tal (652.392.539-00)&lt;/td&gt;
		&lt;td class="tabelatd1"&gt;1&lt;/td&gt;
		&lt;td class="tabelatd1"&gt;Patrimonial&lt;/td&gt;
&lt;th class="tabelatd1" border="1"&gt;&lt;a class="noPrint" href="?class=ControleCobranca&amp;opera=A&amp;id=37"&gt;[Alterar] &lt;/a&gt;&lt;a class="noPrint" href="?class=ControleCobranca&amp;opera=C&amp;id=37"&gt;[Consultar] &lt;/a&gt;&lt;a class="noPrint" href="?class=ControleCobranca&amp;opera=D&amp;id=37" onClick="return ConfirmaExclusao('');"&gt;[Deletar&amp;nbsp;registro] &lt;/a&gt;&lt;a class="noPrint" href="?class=BaixarParcela&amp;id=37"&gt;[Baixar&amp;nbsp;parcela] &lt;/a&gt;&lt;a class="noPrint" href="?class=ImprimirParcela&amp;id=37"&gt;[Imprimir&amp;nbsp;parcela] &lt;/a&gt;&lt;/th&gt;
	&lt;/tr&gt;
	&lt;tr&gt;
		&lt;td class="tabelatd2"&gt;46&lt;/td&gt;
		&lt;td class="tabelatd2"&gt;Tipo Cobranca&lt;/td&gt;
		&lt;td class="tabelatd2"&gt;11/10/2018&lt;/td&gt;
		&lt;td class="tabelatd2"&gt;110.00&lt;/td&gt;
		&lt;td class="tabelatd2"&gt;0.00&lt;/td&gt;
		&lt;td class="tabelatd2"&gt;&lt;/td&gt;
		&lt;td class="tabelatd2"&gt;Fulano de Tal (652.392.539-00)&lt;/td&gt;
		&lt;td class="tabelatd2"&gt;1&lt;/td&gt;
		&lt;td class="tabelatd2"&gt;Patrimonial&lt;/td&gt;
&lt;th class="tabelatd2" border="1"&gt;&lt;a class="noPrint" href="?class=ControleCobranca&amp;opera=A&amp;id=46"&gt;[Alterar] &lt;/a&gt;&lt;a class="noPrint" href="?class=ControleCobranca&amp;opera=C&amp;id=46"&gt;[Consultar] &lt;/a&gt;&lt;a class="noPrint" href="?class=ControleCobranca&amp;opera=D&amp;id=46" onClick="return ConfirmaExclusao('');"&gt;[Deletar&amp;nbsp;registro] &lt;/a&gt;&lt;a class="noPrint" href="?class=BaixarParcela&amp;id=46"&gt;[Baixar&amp;nbsp;parcela] &lt;/a&gt;&lt;a class="noPrint" href="?class=ImprimirParcela&amp;id=46"&gt;[Imprimir&amp;nbsp;parcela] &lt;/a&gt;&lt;/th&gt;
	&lt;/tr&gt;
	&lt;tr&gt;
		&lt;td class="tabelatd1"&gt;58&lt;/td&gt;
		&lt;td class="tabelatd1"&gt;Tipo Cobranca&lt;/td&gt;
		&lt;td class="tabelatd1"&gt;11/10/2018&lt;/td&gt;
		&lt;td class="tabelatd1"&gt;110.00&lt;/td&gt;
		&lt;td class="tabelatd1"&gt;0.00&lt;/td&gt;
		&lt;td class="tabelatd1"&gt;&lt;/td&gt;
		&lt;td class="tabelatd1"&gt;Fulano de Tal (652.392.539-00)&lt;/td&gt;
		&lt;td class="tabelatd1"&gt;1&lt;/td&gt;
		&lt;td class="tabelatd1"&gt;Patrimonial&lt;/td&gt;
&lt;th class="tabelatd1" border="1"&gt;&lt;a class="noPrint" href="?class=ControleCobranca&amp;opera=A&amp;id=58"&gt;[Alterar] &lt;/a&gt;&lt;a class="noPrint" href="?class=ControleCobranca&amp;opera=C&amp;id=58"&gt;[Consultar] &lt;/a&gt;&lt;a class="noPrint" href="?class=ControleCobranca&amp;opera=D&amp;id=58" onClick="return ConfirmaExclusao('');"&gt;[Deletar&amp;nbsp;registro] &lt;/a&gt;&lt;a class="noPrint" href="?class=BaixarParcela&amp;id=58"&gt;[Baixar&amp;nbsp;parcela] &lt;/a&gt;&lt;a class="noPrint" href="?class=ImprimirParcela&amp;id=58"&gt;[Imprimir&amp;nbsp;parcela] &lt;/a&gt;&lt;/th&gt;
	&lt;/tr&gt;
	&lt;tr&gt;
		&lt;td class="tabelatd2"&gt;72&lt;/td&gt;
		&lt;td class="tabelatd2"&gt;Tipo Cobranca&lt;/td&gt;
		&lt;td class="tabelatd2"&gt;11/10/2018&lt;/td&gt;
		&lt;td class="tabelatd2"&gt;110.00&lt;/td&gt;
		&lt;td class="tabelatd2"&gt;0.00&lt;/td&gt;
		&lt;td class="tabelatd2"&gt;&lt;/td&gt;
		&lt;td class="tabelatd2"&gt;Fulano de Tal (652.392.539-00)&lt;/td&gt;
		&lt;td class="tabelatd2"&gt;1&lt;/td&gt;
		&lt;td class="tabelatd2"&gt;Patrimonial&lt;/td&gt;
&lt;th class="tabelatd2" border="1"&gt;&lt;a class="noPrint" href="?class=ControleCobranca&amp;opera=A&amp;id=72"&gt;[Alterar] &lt;/a&gt;&lt;a class="noPrint" href="?class=ControleCobranca&amp;opera=C&amp;id=72"&gt;[Consultar] &lt;/a&gt;&lt;a class="noPrint" href="?class=ControleCobranca&amp;opera=D&amp;id=72" onClick="return ConfirmaExclusao('');"&gt;[Deletar&amp;nbsp;registro] &lt;/a&gt;&lt;a class="noPrint" href="?class=BaixarParcela&amp;id=72"&gt;[Baixar&amp;nbsp;parcela] &lt;/a&gt;&lt;a class="noPrint" href="?class=ImprimirParcela&amp;id=72"&gt;[Imprimir&amp;nbsp;parcela] &lt;/a&gt;&lt;/th&gt;
	&lt;/tr&gt;
	&lt;tr&gt;
		&lt;td class="tabelatd1"&gt;88&lt;/td&gt;
		&lt;td class="tabelatd1"&gt;Tipo Cobranca&lt;/td&gt;
		&lt;td class="tabelatd1"&gt;11/10/2018&lt;/td&gt;
		&lt;td class="tabelatd1"&gt;110.00&lt;/td&gt;
		&lt;td class="tabelatd1"&gt;0.00&lt;/td&gt;
		&lt;td class="tabelatd1"&gt;&lt;/td&gt;
		&lt;td class="tabelatd1"&gt;Fulano de Tal (652.392.539-00)&lt;/td&gt;
		&lt;td class="tabelatd1"&gt;1&lt;/td&gt;
		&lt;td class="tabelatd1"&gt;Patrimonial&lt;/td&gt;
&lt;th class="tabelatd1" border="1"&gt;&lt;a class="noPrint" href="?class=ControleCobranca&amp;opera=A&amp;id=88"&gt;[Alterar] &lt;/a&gt;&lt;a class="noPrint" href="?class=ControleCobranca&amp;opera=C&amp;id=88"&gt;[Consultar] &lt;/a&gt;&lt;a class="noPrint" href="?class=ControleCobranca&amp;opera=D&amp;id=88" onClick="return ConfirmaExclusao('');"&gt;[Deletar&amp;nbsp;registro] &lt;/a&gt;&lt;a class="noPrint" href="?class=BaixarParcela&amp;id=88"&gt;[Baixar&amp;nbsp;parcela] &lt;/a&gt;&lt;a class="noPrint" href="?class=ImprimirParcela&amp;id=88"&gt;[Imprimir&amp;nbsp;parcela] &lt;/a&gt;&lt;/th&gt;
	&lt;/tr&gt;
	&lt;tr&gt;
		&lt;td class="tabelatd2"&gt;104&lt;/td&gt;
		&lt;td class="tabelatd2"&gt;Tipo Cobranca&lt;/td&gt;
		&lt;td class="tabelatd2"&gt;11/10/2018&lt;/td&gt;
		&lt;td class="tabelatd2"&gt;110.00&lt;/td&gt;
		&lt;td class="tabelatd2"&gt;0.00&lt;/td&gt;
		&lt;td class="tabelatd2"&gt;&lt;/td&gt;
		&lt;td class="tabelatd2"&gt;Fulano de Tal (652.392.539-00)&lt;/td&gt;
		&lt;td class="tabelatd2"&gt;1&lt;/td&gt;
		&lt;td class="tabelatd2"&gt;Patrimonial&lt;/td&gt;
&lt;th class="tabelatd2" border="1"&gt;&lt;a class="noPrint" href="?class=ControleCobranca&amp;opera=A&amp;id=104"&gt;[Alterar] &lt;/a&gt;&lt;a class="noPrint" href="?class=ControleCobranca&amp;opera=C&amp;id=104"&gt;[Consultar] &lt;/a&gt;&lt;a class="noPrint" href="?class=ControleCobranca&amp;opera=D&amp;id=104" onClick="return ConfirmaExclusao('');"&gt;[Deletar&amp;nbsp;registro] &lt;/a&gt;&lt;a class="noPrint" href="?class=BaixarParcela&amp;id=104"&gt;[Baixar&amp;nbsp;parcela] &lt;/a&gt;&lt;a class="noPrint" href="?class=ImprimirParcela&amp;id=104"&gt;[Imprimir&amp;nbsp;parcela] &lt;/a&gt;&lt;/th&gt;
	&lt;/tr&gt;
	&lt;tr&gt;
		&lt;td class="tabelatd1"&gt;132&lt;/td&gt;
		&lt;td class="tabelatd1"&gt;Tipo Cobranca&lt;/td&gt;
		&lt;td class="tabelatd1"&gt;11/10/2018&lt;/td&gt;
		&lt;td class="tabelatd1"&gt;110.00&lt;/td&gt;
		&lt;td class="tabelatd1"&gt;0.00&lt;/td&gt;
		&lt;td class="tabelatd1"&gt;&lt;/td&gt;
		&lt;td class="tabelatd1"&gt;Fulano de Tal (652.392.539-00)&lt;/td&gt;
		&lt;td class="tabelatd1"&gt;1&lt;/td&gt;
		&lt;td class="tabelatd1"&gt;Patrimonial&lt;/td&gt;
&lt;th class="tabelatd1" border="1"&gt;&lt;a class="noPrint" href="?class=ControleCobranca&amp;opera=A&amp;id=132"&gt;[Alterar] &lt;/a&gt;&lt;a class="noPrint" href="?class=ControleCobranca&amp;opera=C&amp;id=132"&gt;[Consultar] &lt;/a&gt;&lt;a class="noPrint" href="?class=ControleCobranca&amp;opera=D&amp;id=132" onClick="return ConfirmaExclusao('');"&gt;[Deletar&amp;nbsp;registro] &lt;/a&gt;&lt;a class="noPrint" href="?class=BaixarParcela&amp;id=132"&gt;[Baixar&amp;nbsp;parcela] &lt;/a&gt;&lt;a class="noPrint" href="?class=ImprimirParcela&amp;id=132"&gt;[Imprimir&amp;nbsp;parcela] &lt;/a&gt;&lt;/th&gt;
	&lt;/tr&gt;
	&lt;tr&gt;
		&lt;td class="tabelatd2"&gt;157&lt;/td&gt;
		&lt;td class="tabelatd2"&gt;Tipo Cobranca&lt;/td&gt;
		&lt;td class="tabelatd2"&gt;11/10/2018&lt;/td&gt;
		&lt;td class="tabelatd2"&gt;110.00&lt;/td&gt;
		&lt;td class="tabelatd2"&gt;0.00&lt;/td&gt;
		&lt;td class="tabelatd2"&gt;&lt;/td&gt;
		&lt;td class="tabelatd2"&gt;Fulano de Tal (652.392.539-00)&lt;/td&gt;
		&lt;td class="tabelatd2"&gt;1&lt;/td&gt;
		&lt;td class="tabelatd2"&gt;Patrimonial&lt;/td&gt;
&lt;th class="tabelatd2" border="1"&gt;&lt;a class="noPrint" href="?class=ControleCobranca&amp;opera=A&amp;id=157"&gt;[Alterar] &lt;/a&gt;&lt;a class="noPrint" href="?class=ControleCobranca&amp;opera=C&amp;id=157"&gt;[Consultar] &lt;/a&gt;&lt;a class="noPrint" href="?class=ControleCobranca&amp;opera=D&amp;id=157" onClick="return ConfirmaExclusao('');"&gt;[Deletar&amp;nbsp;registro] &lt;/a&gt;&lt;a class="noPrint" href="?class=BaixarParcela&amp;id=157"&gt;[Baixar&amp;nbsp;parcela] &lt;/a&gt;&lt;a class="noPrint" href="?class=ImprimirParcela&amp;id=157"&gt;[Imprimir&amp;nbsp;parcela] &lt;/a&gt;&lt;/th&gt;
	&lt;/tr&gt;
	&lt;tr&gt;
		&lt;td class="tabelatd1"&gt;177&lt;/td&gt;
		&lt;td class="tabelatd1"&gt;Tipo Cobranca&lt;/td&gt;
		&lt;td class="tabelatd1"&gt;11/10/2018&lt;/td&gt;
		&lt;td class="tabelatd1"&gt;110.00&lt;/td&gt;
		&lt;td class="tabelatd1"&gt;0.00&lt;/td&gt;
		&lt;td class="tabelatd1"&gt;&lt;/td&gt;
		&lt;td class="tabelatd1"&gt;Fulano de Tal (652.392.539-00)&lt;/td&gt;
		&lt;td class="tabelatd1"&gt;1&lt;/td&gt;
		&lt;td class="tabelatd1"&gt;Patrimonial&lt;/td&gt;
&lt;th class="tabelatd1" border="1"&gt;&lt;a class="noPrint" href="?class=ControleCobranca&amp;opera=A&amp;id=177"&gt;[Alterar] &lt;/a&gt;&lt;a class="noPrint" href="?class=ControleCobranca&amp;opera=C&amp;id=177"&gt;[Consultar] &lt;/a&gt;&lt;a class="noPrint" href="?class=ControleCobranca&amp;opera=D&amp;id=177" onClick="return ConfirmaExclusao('');"&gt;[Deletar&amp;nbsp;registro] &lt;/a&gt;&lt;a class="noPrint" href="?class=BaixarParcela&amp;id=177"&gt;[Baixar&amp;nbsp;parcela] &lt;/a&gt;&lt;a class="noPrint" href="?class=ImprimirParcela&amp;id=177"&gt;[Imprimir&amp;nbsp;parcela] &lt;/a&gt;&lt;/th&gt;
	&lt;/tr&gt;
	&lt;tr&gt;
		&lt;td class="tabelatd2"&gt;197&lt;/td&gt;
		&lt;td class="tabelatd2"&gt;Tipo Cobranca&lt;/td&gt;
		&lt;td class="tabelatd2"&gt;11/10/2018&lt;/td&gt;
		&lt;td class="tabelatd2"&gt;110.00&lt;/td&gt;
		&lt;td class="tabelatd2"&gt;0.00&lt;/td&gt;
		&lt;td class="tabelatd2"&gt;&lt;/td&gt;
		&lt;td class="tabelatd2"&gt;Fulano de Tal (652.392.539-00)&lt;/td&gt;
		&lt;td class="tabelatd2"&gt;1&lt;/td&gt;
		&lt;td class="tabelatd2"&gt;Patrimonial&lt;/td&gt;
&lt;th class="tabelatd2" border="1"&gt;&lt;a class="noPrint" href="?class=ControleCobranca&amp;opera=A&amp;id=197"&gt;[Alterar] &lt;/a&gt;&lt;a class="noPrint" href="?class=ControleCobranca&amp;opera=C&amp;id=197"&gt;[Consultar] &lt;/a&gt;&lt;a class="noPrint" href="?class=ControleCobranca&amp;opera=D&amp;id=197" onClick="return ConfirmaExclusao('');"&gt;[Deletar&amp;nbsp;registro] &lt;/a&gt;&lt;a class="noPrint" href="?class=BaixarParcela&amp;id=197"&gt;[Baixar&amp;nbsp;parcela] &lt;/a&gt;&lt;a class="noPrint" href="?class=ImprimirParcela&amp;id=197"&gt;[Imprimir&amp;nbsp;parcela] &lt;/a&gt;&lt;/th&gt;
	&lt;/tr&gt;
	&lt;tr&gt;
		&lt;td class="tabelatd1"&gt;217&lt;/td&gt;
		&lt;td class="tabelatd1"&gt;Tipo Cobranca&lt;/td&gt;
		&lt;td class="tabelatd1"&gt;11/10/2018&lt;/td&gt;
		&lt;td class="tabelatd1"&gt;110.00&lt;/td&gt;
		&lt;td class="tabelatd1"&gt;0.00&lt;/td&gt;
		&lt;td class="tabelatd1"&gt;&lt;/td&gt;
		&lt;td class="tabelatd1"&gt;Fulano de Tal (652.392.539-00)&lt;/td&gt;
		&lt;td class="tabelatd1"&gt;1&lt;/td&gt;
		&lt;td class="tabelatd1"&gt;Patrimonial&lt;/td&gt;
&lt;th class="tabelatd1" border="1"&gt;&lt;a class="noPrint" href="?class=ControleCobranca&amp;opera=A&amp;id=217"&gt;[Alterar] &lt;/a&gt;&lt;a class="noPrint" href="?class=ControleCobranca&amp;opera=C&amp;id=217"&gt;[Consultar] &lt;/a&gt;&lt;a class="noPrint" href="?class=ControleCobranca&amp;opera=D&amp;id=217" onClick="return ConfirmaExclusao('');"&gt;[Deletar&amp;nbsp;registro] &lt;/a&gt;&lt;a class="noPrint" href="?class=BaixarParcela&amp;id=217"&gt;[Baixar&amp;nbsp;parcela] &lt;/a&gt;&lt;a class="noPrint" href="?class=ImprimirParcela&amp;id=217"&gt;[Imprimir&amp;nbsp;parcela] &lt;/a&gt;&lt;/th&gt;
	&lt;/tr&gt;
	&lt;tr&gt;
		&lt;td class="tabelatd2"&gt;241&lt;/td&gt;
		&lt;td class="tabelatd2"&gt;Tipo Cobranca&lt;/td&gt;
		&lt;td class="tabelatd2"&gt;11/10/2018&lt;/td&gt;
		&lt;td class="tabelatd2"&gt;110.00&lt;/td&gt;
		&lt;td class="tabelatd2"&gt;0.00&lt;/td&gt;
		&lt;td class="tabelatd2"&gt;&lt;/td&gt;
		&lt;td class="tabelatd2"&gt;Fulano de Tal (652.392.539-00)&lt;/td&gt;
		&lt;td class="tabelatd2"&gt;1&lt;/td&gt;
		&lt;td class="tabelatd2"&gt;Patrimonial&lt;/td&gt;
&lt;th class="tabelatd2" border="1"&gt;&lt;a class="noPrint" href="?class=ControleCobranca&amp;opera=A&amp;id=241"&gt;[Alterar] &lt;/a&gt;&lt;a class="noPrint" href="?class=ControleCobranca&amp;opera=C&amp;id=241"&gt;[Consultar] &lt;/a&gt;&lt;a class="noPrint" href="?class=ControleCobranca&amp;opera=D&amp;id=241" onClick="return ConfirmaExclusao('');"&gt;[Deletar&amp;nbsp;registro] &lt;/a&gt;&lt;a class="noPrint" href="?class=BaixarParcela&amp;id=241"&gt;[Baixar&amp;nbsp;parcela] &lt;/a&gt;&lt;a class="noPrint" href="?class=ImprimirParcela&amp;id=241"&gt;[Imprimir&amp;nbsp;parcela] &lt;/a&gt;&lt;/th&gt;
	&lt;/tr&gt;
	&lt;tr&gt;
		&lt;td class="tabelatd1"&gt;265&lt;/td&gt;
		&lt;td class="tabelatd1"&gt;Tipo Cobranca&lt;/td&gt;
		&lt;td class="tabelatd1"&gt;11/10/2018&lt;/td&gt;
		&lt;td class="tabelatd1"&gt;110.00&lt;/td&gt;
		&lt;td class="tabelatd1"&gt;0.00&lt;/td&gt;
		&lt;td class="tabelatd1"&gt;&lt;/td&gt;
		&lt;td class="tabelatd1"&gt;Fulano de Tal (652.392.539-00)&lt;/td&gt;
		&lt;td class="tabelatd1"&gt;1&lt;/td&gt;
		&lt;td class="tabelatd1"&gt;Patrimonial&lt;/td&gt;
&lt;th class="tabelatd1" border="1"&gt;&lt;a class="noPrint" href="?class=ControleCobranca&amp;opera=A&amp;id=265"&gt;[Alterar] &lt;/a&gt;&lt;a class="noPrint" href="?class=ControleCobranca&amp;opera=C&amp;id=265"&gt;[Consultar] &lt;/a&gt;&lt;a class="noPrint" href="?class=ControleCobranca&amp;opera=D&amp;id=265" onClick="return ConfirmaExclusao('');"&gt;[Deletar&amp;nbsp;registro] &lt;/a&gt;&lt;a class="noPrint" href="?class=BaixarParcela&amp;id=265"&gt;[Baixar&amp;nbsp;parcela] &lt;/a&gt;&lt;a class="noPrint" href="?class=ImprimirParcela&amp;id=265"&gt;[Imprimir&amp;nbsp;parcela] &lt;/a&gt;&lt;/th&gt;
	&lt;/tr&gt;
	&lt;tr&gt;
		&lt;td class="tabelatd2"&gt;49&lt;/td&gt;
		&lt;td class="tabelatd2"&gt;Tipo Cobranca&lt;/td&gt;
		&lt;td class="tabelatd2"&gt;11/10/2018&lt;/td&gt;
		&lt;td class="tabelatd2"&gt;110.00&lt;/td&gt;
		&lt;td class="tabelatd2"&gt;0.00&lt;/td&gt;
		&lt;td class="tabelatd2"&gt;&lt;/td&gt;
		&lt;td class="tabelatd2"&gt;Fulano de Tal (652.392.539-00)&lt;/td&gt;
		&lt;td class="tabelatd2"&gt;1&lt;/td&gt;
		&lt;td class="tabelatd2"&gt;Patrimonial&lt;/td&gt;
&lt;th class="tabelatd2" border="1"&gt;&lt;a class="noPrint" href="?class=ControleCobranca&amp;opera=A&amp;id=49"&gt;[Alterar] &lt;/a&gt;&lt;a class="noPrint" href="?class=ControleCobranca&amp;opera=C&amp;id=49"&gt;[Consultar] &lt;/a&gt;&lt;a class="noPrint" href="?class=ControleCobranca&amp;opera=D&amp;id=49" onClick="return ConfirmaExclusao('');"&gt;[Deletar&amp;nbsp;registro] &lt;/a&gt;&lt;a class="noPrint" href="?class=BaixarParcela&amp;id=49"&gt;[Baixar&amp;nbsp;parcela] &lt;/a&gt;&lt;a class="noPrint" href="?class=ImprimirParcela&amp;id=49"&gt;[Imprimir&amp;nbsp;parcela] &lt;/a&gt;&lt;/th&gt;
	&lt;/tr&gt;
	&lt;tr&gt;
		&lt;td class="tabelatd1"&gt;61&lt;/td&gt;
		&lt;td class="tabelatd1"&gt;Tipo Cobranca&lt;/td&gt;
		&lt;td class="tabelatd1"&gt;11/10/2018&lt;/td&gt;
		&lt;td class="tabelatd1"&gt;110.00&lt;/td&gt;
		&lt;td class="tabelatd1"&gt;0.00&lt;/td&gt;
		&lt;td class="tabelatd1"&gt;&lt;/td&gt;
		&lt;td class="tabelatd1"&gt;Fulano de Tal (652.392.539-00)&lt;/td&gt;
		&lt;td class="tabelatd1"&gt;1&lt;/td&gt;
		&lt;td class="tabelatd1"&gt;Patrimonial&lt;/td&gt;
&lt;th class="tabelatd1" border="1"&gt;&lt;a class="noPrint" href="?class=ControleCobranca&amp;opera=A&amp;id=61"&gt;[Alterar] &lt;/a&gt;&lt;a class="noPrint" href="?class=ControleCobranca&amp;opera=C&amp;id=61"&gt;[Consultar] &lt;/a&gt;&lt;a class="noPrint" href="?class=ControleCobranca&amp;opera=D&amp;id=61" onClick="return ConfirmaExclusao('');"&gt;[Deletar&amp;nbsp;registro] &lt;/a&gt;&lt;a class="noPrint" href="?class=BaixarParcela&amp;id=61"&gt;[Baixar&amp;nbsp;parcela] &lt;/a&gt;&lt;a class="noPrint" href="?class=ImprimirParcela&amp;id=61"&gt;[Imprimir&amp;nbsp;parcela] &lt;/a&gt;&lt;/th&gt;
	&lt;/tr&gt;
	&lt;tr&gt;
		&lt;td class="tabelatd2"&gt;75&lt;/td&gt;
		&lt;td class="tabelatd2"&gt;Tipo Cobranca&lt;/td&gt;
		&lt;td class="tabelatd2"&gt;11/10/2018&lt;/td&gt;
		&lt;td class="tabelatd2"&gt;110.00&lt;/td&gt;
		&lt;td class="tabelatd2"&gt;0.00&lt;/td&gt;
		&lt;td class="tabelatd2"&gt;&lt;/td&gt;
		&lt;td class="tabelatd2"&gt;Fulano de Tal (652.392.539-00)&lt;/td&gt;
		&lt;td class="tabelatd2"&gt;1&lt;/td&gt;
		&lt;td class="tabelatd2"&gt;Patrimonial&lt;/td&gt;
&lt;th class="tabelatd2" border="1"&gt;&lt;a class="noPrint" href="?class=ControleCobranca&amp;opera=A&amp;id=75"&gt;[Alterar] &lt;/a&gt;&lt;a class="noPrint" href="?class=ControleCobranca&amp;opera=C&amp;id=75"&gt;[Consultar] &lt;/a&gt;&lt;a class="noPrint" href="?class=ControleCobranca&amp;opera=D&amp;id=75" onClick="return ConfirmaExclusao('');"&gt;[Deletar&amp;nbsp;registro] &lt;/a&gt;&lt;a class="noPrint" href="?class=BaixarParcela&amp;id=75"&gt;[Baixar&amp;nbsp;parcela] &lt;/a&gt;&lt;a class="noPrint" href="?class=ImprimirParcela&amp;id=75"&gt;[Imprimir&amp;nbsp;parcela] &lt;/a&gt;&lt;/th&gt;
	&lt;/tr&gt;
	&lt;tr&gt;
		&lt;td class="tabelatd1"&gt;91&lt;/td&gt;
		&lt;td class="tabelatd1"&gt;Tipo Cobranca&lt;/td&gt;
		&lt;td class="tabelatd1"&gt;11/10/2018&lt;/td&gt;
		&lt;td class="tabelatd1"&gt;110.00&lt;/td&gt;
		&lt;td class="tabelatd1"&gt;0.00&lt;/td&gt;
		&lt;td class="tabelatd1"&gt;&lt;/td&gt;
		&lt;td class="tabelatd1"&gt;Fulano de Tal (652.392.539-00)&lt;/td&gt;
		&lt;td class="tabelatd1"&gt;1&lt;/td&gt;
		&lt;td class="tabelatd1"&gt;Patrimonial&lt;/td&gt;
&lt;th class="tabelatd1" border="1"&gt;&lt;a class="noPrint" href="?class=ControleCobranca&amp;opera=A&amp;id=91"&gt;[Alterar] &lt;/a&gt;&lt;a class="noPrint" href="?class=ControleCobranca&amp;opera=C&amp;id=91"&gt;[Consultar] &lt;/a&gt;&lt;a class="noPrint" href="?class=ControleCobranca&amp;opera=D&amp;id=91" onClick="return ConfirmaExclusao('');"&gt;[Deletar&amp;nbsp;registro] &lt;/a&gt;&lt;a class="noPrint" href="?class=BaixarParcela&amp;id=91"&gt;[Baixar&amp;nbsp;parcela] &lt;/a&gt;&lt;a class="noPrint" href="?class=ImprimirParcela&amp;id=91"&gt;[Imprimir&amp;nbsp;parcela] &lt;/a&gt;&lt;/th&gt;
	&lt;/tr&gt;
	&lt;tr&gt;
		&lt;td class="tabelatd2"&gt;107&lt;/td&gt;
		&lt;td class="tabelatd2"&gt;Tipo Cobranca&lt;/td&gt;
		&lt;td class="tabelatd2"&gt;11/10/2018&lt;/td&gt;
		&lt;td class="tabelatd2"&gt;110.00&lt;/td&gt;
		&lt;td class="tabelatd2"&gt;0.00&lt;/td&gt;
		&lt;td class="tabelatd2"&gt;&lt;/td&gt;
		&lt;td class="tabelatd2"&gt;Fulano de Tal (652.392.539-00)&lt;/td&gt;
		&lt;td class="tabelatd2"&gt;1&lt;/td&gt;
		&lt;td class="tabelatd2"&gt;Patrimonial&lt;/td&gt;
&lt;th class="tabelatd2" border="1"&gt;&lt;a class="noPrint" href="?class=ControleCobranca&amp;opera=A&amp;id=107"&gt;[Alterar] &lt;/a&gt;&lt;a class="noPrint" href="?class=ControleCobranca&amp;opera=C&amp;id=107"&gt;[Consultar] &lt;/a&gt;&lt;a class="noPrint" href="?class=ControleCobranca&amp;opera=D&amp;id=107" onClick="return ConfirmaExclusao('');"&gt;[Deletar&amp;nbsp;registro] &lt;/a&gt;&lt;a class="noPrint" href="?class=BaixarParcela&amp;id=107"&gt;[Baixar&amp;nbsp;parcela] &lt;/a&gt;&lt;a class="noPrint" href="?class=ImprimirParcela&amp;id=107"&gt;[Imprimir&amp;nbsp;parcela] &lt;/a&gt;&lt;/th&gt;
	&lt;/tr&gt;
	&lt;tr&gt;
		&lt;td class="tabelatd1"&gt;135&lt;/td&gt;
		&lt;td class="tabelatd1"&gt;Tipo Cobranca&lt;/td&gt;
		&lt;td class="tabelatd1"&gt;11/10/2018&lt;/td&gt;
		&lt;td class="tabelatd1"&gt;110.00&lt;/td&gt;
		&lt;td class="tabelatd1"&gt;0.00&lt;/td&gt;
		&lt;td class="tabelatd1"&gt;&lt;/td&gt;
		&lt;td class="tabelatd1"&gt;Fulano de Tal (652.392.539-00)&lt;/td&gt;
		&lt;td class="tabelatd1"&gt;1&lt;/td&gt;
		&lt;td class="tabelatd1"&gt;Patrimonial&lt;/td&gt;
&lt;th class="tabelatd1" border="1"&gt;&lt;a class="noPrint" href="?class=ControleCobranca&amp;opera=A&amp;id=135"&gt;[Alterar] &lt;/a&gt;&lt;a class="noPrint" href="?class=ControleCobranca&amp;opera=C&amp;id=135"&gt;[Consultar] &lt;/a&gt;&lt;a class="noPrint" href="?class=ControleCobranca&amp;opera=D&amp;id=135" onClick="return ConfirmaExclusao('');"&gt;[Deletar&amp;nbsp;registro] &lt;/a&gt;&lt;a class="noPrint" href="?class=BaixarParcela&amp;id=135"&gt;[Baixar&amp;nbsp;parcela] &lt;/a&gt;&lt;a class="noPrint" href="?class=ImprimirParcela&amp;id=135"&gt;[Imprimir&amp;nbsp;parcela] &lt;/a&gt;&lt;/th&gt;
	&lt;/tr&gt;
	&lt;tr&gt;
		&lt;td class="tabelatd2"&gt;160&lt;/td&gt;
		&lt;td class="tabelatd2"&gt;Tipo Cobranca&lt;/td&gt;
		&lt;td class="tabelatd2"&gt;11/10/2018&lt;/td&gt;
		&lt;td class="tabelatd2"&gt;110.00&lt;/td&gt;
		&lt;td class="tabelatd2"&gt;0.00&lt;/td&gt;
		&lt;td class="tabelatd2"&gt;&lt;/td&gt;
		&lt;td class="tabelatd2"&gt;Fulano de Tal (652.392.539-00)&lt;/td&gt;
		&lt;td class="tabelatd2"&gt;1&lt;/td&gt;
		&lt;td class="tabelatd2"&gt;Patrimonial&lt;/td&gt;
&lt;th class="tabelatd2" border="1"&gt;&lt;a class="noPrint" href="?class=ControleCobranca&amp;opera=A&amp;id=160"&gt;[Alterar] &lt;/a&gt;&lt;a class="noPrint" href="?class=ControleCobranca&amp;opera=C&amp;id=160"&gt;[Consultar] &lt;/a&gt;&lt;a class="noPrint" href="?class=ControleCobranca&amp;opera=D&amp;id=160" onClick="return ConfirmaExclusao('');"&gt;[Deletar&amp;nbsp;registro] &lt;/a&gt;&lt;a class="noPrint" href="?class=BaixarParcela&amp;id=160"&gt;[Baixar&amp;nbsp;parcela] &lt;/a&gt;&lt;a class="noPrint" href="?class=ImprimirParcela&amp;id=160"&gt;[Imprimir&amp;nbsp;parcela] &lt;/a&gt;&lt;/th&gt;
	&lt;/tr&gt;
	&lt;tr&gt;
		&lt;td class="tabelatd1"&gt;180&lt;/td&gt;
		&lt;td class="tabelatd1"&gt;Tipo Cobranca&lt;/td&gt;
		&lt;td class="tabelatd1"&gt;11/10/2018&lt;/td&gt;
		&lt;td class="tabelatd1"&gt;110.00&lt;/td&gt;
		&lt;td class="tabelatd1"&gt;0.00&lt;/td&gt;
		&lt;td class="tabelatd1"&gt;&lt;/td&gt;
		&lt;td class="tabelatd1"&gt;Fulano de Tal (652.392.539-00)&lt;/td&gt;
		&lt;td class="tabelatd1"&gt;1&lt;/td&gt;
		&lt;td class="tabelatd1"&gt;Patrimonial&lt;/td&gt;
&lt;th class="tabelatd1" border="1"&gt;&lt;a class="noPrint" href="?class=ControleCobranca&amp;opera=A&amp;id=180"&gt;[Alterar] &lt;/a&gt;&lt;a class="noPrint" href="?class=ControleCobranca&amp;opera=C&amp;id=180"&gt;[Consultar] &lt;/a&gt;&lt;a class="noPrint" href="?class=ControleCobranca&amp;opera=D&amp;id=180" onClick="return ConfirmaExclusao('');"&gt;[Deletar&amp;nbsp;registro] &lt;/a&gt;&lt;a class="noPrint" href="?class=BaixarParcela&amp;id=180"&gt;[Baixar&amp;nbsp;parcela] &lt;/a&gt;&lt;a class="noPrint" href="?class=ImprimirParcela&amp;id=180"&gt;[Imprimir&amp;nbsp;parcela] &lt;/a&gt;&lt;/th&gt;
	&lt;/tr&gt;
	&lt;tr&gt;
		&lt;td class="tabelatd2"&gt;200&lt;/td&gt;
		&lt;td class="tabelatd2"&gt;Tipo Cobranca&lt;/td&gt;
		&lt;td class="tabelatd2"&gt;11/10/2018&lt;/td&gt;
		&lt;td class="tabelatd2"&gt;110.00&lt;/td&gt;
		&lt;td class="tabelatd2"&gt;0.00&lt;/td&gt;
		&lt;td class="tabelatd2"&gt;&lt;/td&gt;
		&lt;td class="tabelatd2"&gt;Fulano de Tal (652.392.539-00)&lt;/td&gt;
		&lt;td class="tabelatd2"&gt;1&lt;/td&gt;
		&lt;td class="tabelatd2"&gt;Patrimonial&lt;/td&gt;
&lt;th class="tabelatd2" border="1"&gt;&lt;a class="noPrint" href="?class=ControleCobranca&amp;opera=A&amp;id=200"&gt;[Alterar] &lt;/a&gt;&lt;a class="noPrint" href="?class=ControleCobranca&amp;opera=C&amp;id=200"&gt;[Consultar] &lt;/a&gt;&lt;a class="noPrint" href="?class=ControleCobranca&amp;opera=D&amp;id=200" onClick="return ConfirmaExclusao('');"&gt;[Deletar&amp;nbsp;registro] &lt;/a&gt;&lt;a class="noPrint" href="?class=BaixarParcela&amp;id=200"&gt;[Baixar&amp;nbsp;parcela] &lt;/a&gt;&lt;a class="noPrint" href="?class=ImprimirParcela&amp;id=200"&gt;[Imprimir&amp;nbsp;parcela] &lt;/a&gt;&lt;/th&gt;
	&lt;/tr&gt;
	&lt;tr&gt;
		&lt;td class="tabelatd1"&gt;220&lt;/td&gt;
		&lt;td class="tabelatd1"&gt;Tipo Cobranca&lt;/td&gt;
		&lt;td class="tabelatd1"&gt;11/10/2018&lt;/td&gt;
		&lt;td class="tabelatd1"&gt;110.00&lt;/td&gt;
		&lt;td class="tabelatd1"&gt;0.00&lt;/td&gt;
		&lt;td class="tabelatd1"&gt;&lt;/td&gt;
		&lt;td class="tabelatd1"&gt;Fulano de Tal (652.392.539-00)&lt;/td&gt;
		&lt;td class="tabelatd1"&gt;1&lt;/td&gt;
		&lt;td class="tabelatd1"&gt;Patrimonial&lt;/td&gt;
&lt;th class="tabelatd1" border="1"&gt;&lt;a class="noPrint" href="?class=ControleCobranca&amp;opera=A&amp;id=220"&gt;[Alterar] &lt;/a&gt;&lt;a class="noPrint" href="?class=ControleCobranca&amp;opera=C&amp;id=220"&gt;[Consultar] &lt;/a&gt;&lt;a class="noPrint" href="?class=ControleCobranca&amp;opera=D&amp;id=220" onClick="return ConfirmaExclusao('');"&gt;[Deletar&amp;nbsp;registro] &lt;/a&gt;&lt;a class="noPrint" href="?class=BaixarParcela&amp;id=220"&gt;[Baixar&amp;nbsp;parcela] &lt;/a&gt;&lt;a class="noPrint" href="?class=ImprimirParcela&amp;id=220"&gt;[Imprimir&amp;nbsp;parcela] &lt;/a&gt;&lt;/th&gt;
	&lt;/tr&gt;
	&lt;tr&gt;
		&lt;td class="tabelatd2"&gt;244&lt;/td&gt;
		&lt;td class="tabelatd2"&gt;Tipo Cobranca&lt;/td&gt;
		&lt;td class="tabelatd2"&gt;11/10/2018&lt;/td&gt;
		&lt;td class="tabelatd2"&gt;110.00&lt;/td&gt;
		&lt;td class="tabelatd2"&gt;0.00&lt;/td&gt;
		&lt;td class="tabelatd2"&gt;&lt;/td&gt;
		&lt;td class="tabelatd2"&gt;Fulano de Tal (652.392.539-00)&lt;/td&gt;
		&lt;td class="tabelatd2"&gt;1&lt;/td&gt;
		&lt;td class="tabelatd2"&gt;Patrimonial&lt;/td&gt;
&lt;th class="tabelatd2" border="1"&gt;&lt;a class="noPrint" href="?class=ControleCobranca&amp;opera=A&amp;id=244"&gt;[Alterar] &lt;/a&gt;&lt;a class="noPrint" href="?class=ControleCobranca&amp;opera=C&amp;id=244"&gt;[Consultar] &lt;/a&gt;&lt;a class="noPrint" href="?class=ControleCobranca&amp;opera=D&amp;id=244" onClick="return ConfirmaExclusao('');"&gt;[Deletar&amp;nbsp;registro] &lt;/a&gt;&lt;a class="noPrint" href="?class=BaixarParcela&amp;id=244"&gt;[Baixar&amp;nbsp;parcela] &lt;/a&gt;&lt;a class="noPrint" href="?class=ImprimirParcela&amp;id=244"&gt;[Imprimir&amp;nbsp;parcela] &lt;/a&gt;&lt;/th&gt;
	&lt;/tr&gt;
	&lt;tr&gt;
		&lt;td class="tabelatd1"&gt;268&lt;/td&gt;
		&lt;td class="tabelatd1"&gt;Tipo Cobranca&lt;/td&gt;
		&lt;td class="tabelatd1"&gt;11/10/2018&lt;/td&gt;
		&lt;td class="tabelatd1"&gt;110.00&lt;/td&gt;
		&lt;td class="tabelatd1"&gt;0.00&lt;/td&gt;
		&lt;td class="tabelatd1"&gt;&lt;/td&gt;
		&lt;td class="tabelatd1"&gt;Fulano de Tal (652.392.539-00)&lt;/td&gt;
		&lt;td class="tabelatd1"&gt;1&lt;/td&gt;
		&lt;td class="tabelatd1"&gt;Patrimonial&lt;/td&gt;
&lt;th class="tabelatd1" border="1"&gt;&lt;a class="noPrint" href="?class=ControleCobranca&amp;opera=A&amp;id=268"&gt;[Alterar] &lt;/a&gt;&lt;a class="noPrint" href="?class=ControleCobranca&amp;opera=C&amp;id=268"&gt;[Consultar] &lt;/a&gt;&lt;a class="noPrint" href="?class=ControleCobranca&amp;opera=D&amp;id=268" onClick="return ConfirmaExclusao('');"&gt;[Deletar&amp;nbsp;registro] &lt;/a&gt;&lt;a class="noPrint" href="?class=BaixarParcela&amp;id=268"&gt;[Baixar&amp;nbsp;parcela] &lt;/a&gt;&lt;a class="noPrint" href="?class=ImprimirParcela&amp;id=268"&gt;[Imprimir&amp;nbsp;parcela] &lt;/a&gt;&lt;/th&gt;
	&lt;/tr&gt;
	&lt;tr&gt;
		&lt;td class="tabelatd2"&gt;62&lt;/td&gt;
		&lt;td class="tabelatd2"&gt;Tipo Cobranca&lt;/td&gt;
		&lt;td class="tabelatd2"&gt;11/10/2018&lt;/td&gt;
		&lt;td class="tabelatd2"&gt;110.00&lt;/td&gt;
		&lt;td class="tabelatd2"&gt;0.00&lt;/td&gt;
		&lt;td class="tabelatd2"&gt;&lt;/td&gt;
		&lt;td class="tabelatd2"&gt;Fulano de Tal (652.392.539-00)&lt;/td&gt;
		&lt;td class="tabelatd2"&gt;1&lt;/td&gt;
		&lt;td class="tabelatd2"&gt;Patrimonial&lt;/td&gt;
&lt;th class="tabelatd2" border="1"&gt;&lt;a class="noPrint" href="?class=ControleCobranca&amp;opera=A&amp;id=62"&gt;[Alterar] &lt;/a&gt;&lt;a class="noPrint" href="?class=ControleCobranca&amp;opera=C&amp;id=62"&gt;[Consultar] &lt;/a&gt;&lt;a class="noPrint" href="?class=ControleCobranca&amp;opera=D&amp;id=62" onClick="return ConfirmaExclusao('');"&gt;[Deletar&amp;nbsp;registro] &lt;/a&gt;&lt;a class="noPrint" href="?class=BaixarParcela&amp;id=62"&gt;[Baixar&amp;nbsp;parcela] &lt;/a&gt;&lt;a class="noPrint" href="?class=ImprimirParcela&amp;id=62"&gt;[Imprimir&amp;nbsp;parcela] &lt;/a&gt;&lt;/th&gt;
	&lt;/tr&gt;
	&lt;tr&gt;
		&lt;td class="tabelatd1"&gt;76&lt;/td&gt;
		&lt;td class="tabelatd1"&gt;Tipo Cobranca&lt;/td&gt;
		&lt;td class="tabelatd1"&gt;11/10/2018&lt;/td&gt;
		&lt;td class="tabelatd1"&gt;110.00&lt;/td&gt;
		&lt;td class="tabelatd1"&gt;0.00&lt;/td&gt;
		&lt;td class="tabelatd1"&gt;&lt;/td&gt;
		&lt;td class="tabelatd1"&gt;Fulano de Tal (652.392.539-00)&lt;/td&gt;
		&lt;td class="tabelatd1"&gt;1&lt;/td&gt;
		&lt;td class="tabelatd1"&gt;Patrimonial&lt;/td&gt;
&lt;th class="tabelatd1" border="1"&gt;&lt;a class="noPrint" href="?class=ControleCobranca&amp;opera=A&amp;id=76"&gt;[Alterar] &lt;/a&gt;&lt;a class="noPrint" href="?class=ControleCobranca&amp;opera=C&amp;id=76"&gt;[Consultar] &lt;/a&gt;&lt;a class="noPrint" href="?class=ControleCobranca&amp;opera=D&amp;id=76" onClick="return ConfirmaExclusao('');"&gt;[Deletar&amp;nbsp;registro] &lt;/a&gt;&lt;a class="noPrint" href="?class=BaixarParcela&amp;id=76"&gt;[Baixar&amp;nbsp;parcela] &lt;/a&gt;&lt;a class="noPrint" href="?class=ImprimirParcela&amp;id=76"&gt;[Imprimir&amp;nbsp;parcela] &lt;/a&gt;&lt;/th&gt;
	&lt;/tr&gt;
	&lt;tr&gt;
		&lt;td class="tabelatd2"&gt;92&lt;/td&gt;
		&lt;td class="tabelatd2"&gt;Tipo Cobranca&lt;/td&gt;
		&lt;td class="tabelatd2"&gt;11/10/2018&lt;/td&gt;
		&lt;td class="tabelatd2"&gt;110.00&lt;/td&gt;
		&lt;td class="tabelatd2"&gt;0.00&lt;/td&gt;
		&lt;td class="tabelatd2"&gt;&lt;/td&gt;
		&lt;td class="tabelatd2"&gt;Fulano de Tal (652.392.539-00)&lt;/td&gt;
		&lt;td class="tabelatd2"&gt;1&lt;/td&gt;
		&lt;td class="tabelatd2"&gt;Patrimonial&lt;/td&gt;
&lt;th class="tabelatd2" border="1"&gt;&lt;a class="noPrint" href="?class=ControleCobranca&amp;opera=A&amp;id=92"&gt;[Alterar] &lt;/a&gt;&lt;a class="noPrint" href="?class=ControleCobranca&amp;opera=C&amp;id=92"&gt;[Consultar] &lt;/a&gt;&lt;a class="noPrint" href="?class=ControleCobranca&amp;opera=D&amp;id=92" onClick="return ConfirmaExclusao('');"&gt;[Deletar&amp;nbsp;registro] &lt;/a&gt;&lt;a class="noPrint" href="?class=BaixarParcela&amp;id=92"&gt;[Baixar&amp;nbsp;parcela] &lt;/a&gt;&lt;a class="noPrint" href="?class=ImprimirParcela&amp;id=92"&gt;[Imprimir&amp;nbsp;parcela] &lt;/a&gt;&lt;/th&gt;
	&lt;/tr&gt;
	&lt;tr&gt;
		&lt;td class="tabelatd1"&gt;108&lt;/td&gt;
		&lt;td class="tabelatd1"&gt;Tipo Cobranca&lt;/td&gt;
		&lt;td class="tabelatd1"&gt;11/10/2018&lt;/td&gt;
		&lt;td class="tabelatd1"&gt;110.00&lt;/td&gt;
		&lt;td class="tabelatd1"&gt;0.00&lt;/td&gt;
		&lt;td class="tabelatd1"&gt;&lt;/td&gt;
		&lt;td class="tabelatd1"&gt;Fulano de Tal (652.392.539-00)&lt;/td&gt;
		&lt;td class="tabelatd1"&gt;1&lt;/td&gt;
		&lt;td class="tabelatd1"&gt;Patrimonial&lt;/td&gt;
&lt;th class="tabelatd1" border="1"&gt;&lt;a class="noPrint" href="?class=ControleCobranca&amp;opera=A&amp;id=108"&gt;[Alterar] &lt;/a&gt;&lt;a class="noPrint" href="?class=ControleCobranca&amp;opera=C&amp;id=108"&gt;[Consultar] &lt;/a&gt;&lt;a class="noPrint" href="?class=ControleCobranca&amp;opera=D&amp;id=108" onClick="return ConfirmaExclusao('');"&gt;[Deletar&amp;nbsp;registro] &lt;/a&gt;&lt;a class="noPrint" href="?class=BaixarParcela&amp;id=108"&gt;[Baixar&amp;nbsp;parcela] &lt;/a&gt;&lt;a class="noPrint" href="?class=ImprimirParcela&amp;id=108"&gt;[Imprimir&amp;nbsp;parcela] &lt;/a&gt;&lt;/th&gt;
	&lt;/tr&gt;
	&lt;tr&gt;
		&lt;td class="tabelatd2"&gt;136&lt;/td&gt;
		&lt;td class="tabelatd2"&gt;Tipo Cobranca&lt;/td&gt;
		&lt;td class="tabelatd2"&gt;11/10/2018&lt;/td&gt;
		&lt;td class="tabelatd2"&gt;110.00&lt;/td&gt;
		&lt;td class="tabelatd2"&gt;0.00&lt;/td&gt;
		&lt;td class="tabelatd2"&gt;&lt;/td&gt;
		&lt;td class="tabelatd2"&gt;Fulano de Tal (652.392.539-00)&lt;/td&gt;
		&lt;td class="tabelatd2"&gt;1&lt;/td&gt;
		&lt;td class="tabelatd2"&gt;Patrimonial&lt;/td&gt;
&lt;th class="tabelatd2" border="1"&gt;&lt;a class="noPrint" href="?class=ControleCobranca&amp;opera=A&amp;id=136"&gt;[Alterar] &lt;/a&gt;&lt;a class="noPrint" href="?class=ControleCobranca&amp;opera=C&amp;id=136"&gt;[Consultar] &lt;/a&gt;&lt;a class="noPrint" href="?class=ControleCobranca&amp;opera=D&amp;id=136" onClick="return ConfirmaExclusao('');"&gt;[Deletar&amp;nbsp;registro] &lt;/a&gt;&lt;a class="noPrint" href="?class=BaixarParcela&amp;id=136"&gt;[Baixar&amp;nbsp;parcela] &lt;/a&gt;&lt;a class="noPrint" href="?class=ImprimirParcela&amp;id=136"&gt;[Imprimir&amp;nbsp;parcela] &lt;/a&gt;&lt;/th&gt;
	&lt;/tr&gt;
	&lt;tr&gt;
		&lt;td class="tabelatd1"&gt;161&lt;/td&gt;
		&lt;td class="tabelatd1"&gt;Tipo Cobranca&lt;/td&gt;
		&lt;td class="tabelatd1"&gt;11/10/2018&lt;/td&gt;
		&lt;td class="tabelatd1"&gt;110.00&lt;/td&gt;
		&lt;td class="tabelatd1"&gt;0.00&lt;/td&gt;
		&lt;td class="tabelatd1"&gt;&lt;/td&gt;
		&lt;td class="tabelatd1"&gt;Fulano de Tal (652.392.539-00)&lt;/td&gt;
		&lt;td class="tabelatd1"&gt;1&lt;/td&gt;
		&lt;td class="tabelatd1"&gt;Patrimonial&lt;/td&gt;
&lt;th class="tabelatd1" border="1"&gt;&lt;a class="noPrint" href="?class=ControleCobranca&amp;opera=A&amp;id=161"&gt;[Alterar] &lt;/a&gt;&lt;a class="noPrint" href="?class=ControleCobranca&amp;opera=C&amp;id=161"&gt;[Consultar] &lt;/a&gt;&lt;a class="noPrint" href="?class=ControleCobranca&amp;opera=D&amp;id=161" onClick="return ConfirmaExclusao('');"&gt;[Deletar&amp;nbsp;registro] &lt;/a&gt;&lt;a class="noPrint" href="?class=BaixarParcela&amp;id=161"&gt;[Baixar&amp;nbsp;parcela] &lt;/a&gt;&lt;a class="noPrint" href="?class=ImprimirParcela&amp;id=161"&gt;[Imprimir&amp;nbsp;parcela] &lt;/a&gt;&lt;/th&gt;
	&lt;/tr&gt;
	&lt;tr&gt;
		&lt;td class="tabelatd2"&gt;181&lt;/td&gt;
		&lt;td class="tabelatd2"&gt;Tipo Cobranca&lt;/td&gt;
		&lt;td class="tabelatd2"&gt;11/10/2018&lt;/td&gt;
		&lt;td class="tabelatd2"&gt;110.00&lt;/td&gt;
		&lt;td class="tabelatd2"&gt;0.00&lt;/td&gt;
		&lt;td class="tabelatd2"&gt;&lt;/td&gt;
		&lt;td class="tabelatd2"&gt;Fulano de Tal (652.392.539-00)&lt;/td&gt;
		&lt;td class="tabelatd2"&gt;1&lt;/td&gt;
		&lt;td class="tabelatd2"&gt;Patrimonial&lt;/td&gt;
&lt;th class="tabelatd2" border="1"&gt;&lt;a class="noPrint" href="?class=ControleCobranca&amp;opera=A&amp;id=181"&gt;[Alterar] &lt;/a&gt;&lt;a class="noPrint" href="?class=ControleCobranca&amp;opera=C&amp;id=181"&gt;[Consultar] &lt;/a&gt;&lt;a class="noPrint" href="?class=ControleCobranca&amp;opera=D&amp;id=181" onClick="return ConfirmaExclusao('');"&gt;[Deletar&amp;nbsp;registro] &lt;/a&gt;&lt;a class="noPrint" href="?class=BaixarParcela&amp;id=181"&gt;[Baixar&amp;nbsp;parcela] &lt;/a&gt;&lt;a class="noPrint" href="?class=ImprimirParcela&amp;id=181"&gt;[Imprimir&amp;nbsp;parcela] &lt;/a&gt;&lt;/th&gt;
	&lt;/tr&gt;
	&lt;tr&gt;
		&lt;td class="tabelatd1"&gt;201&lt;/td&gt;
		&lt;td class="tabelatd1"&gt;Tipo Cobranca&lt;/td&gt;
		&lt;td class="tabelatd1"&gt;11/10/2018&lt;/td&gt;
		&lt;td class="tabelatd1"&gt;110.00&lt;/td&gt;
		&lt;td class="tabelatd1"&gt;0.00&lt;/td&gt;
		&lt;td class="tabelatd1"&gt;&lt;/td&gt;
		&lt;td class="tabelatd1"&gt;Fulano de Tal (652.392.539-00)&lt;/td&gt;
		&lt;td class="tabelatd1"&gt;1&lt;/td&gt;
		&lt;td class="tabelatd1"&gt;Patrimonial&lt;/td&gt;
&lt;th class="tabelatd1" border="1"&gt;&lt;a class="noPrint" href="?class=ControleCobranca&amp;opera=A&amp;id=201"&gt;[Alterar] &lt;/a&gt;&lt;a class="noPrint" href="?class=ControleCobranca&amp;opera=C&amp;id=201"&gt;[Consultar] &lt;/a&gt;&lt;a class="noPrint" href="?class=ControleCobranca&amp;opera=D&amp;id=201" onClick="return ConfirmaExclusao('');"&gt;[Deletar&amp;nbsp;registro] &lt;/a&gt;&lt;a class="noPrint" href="?class=BaixarParcela&amp;id=201"&gt;[Baixar&amp;nbsp;parcela] &lt;/a&gt;&lt;a class="noPrint" href="?class=ImprimirParcela&amp;id=201"&gt;[Imprimir&amp;nbsp;parcela] &lt;/a&gt;&lt;/th&gt;
	&lt;/tr&gt;
	&lt;tr&gt;
		&lt;td class="tabelatd2"&gt;221&lt;/td&gt;
		&lt;td class="tabelatd2"&gt;Tipo Cobranca&lt;/td&gt;
		&lt;td class="tabelatd2"&gt;11/10/2018&lt;/td&gt;
		&lt;td class="tabelatd2"&gt;110.00&lt;/td&gt;
		&lt;td class="tabelatd2"&gt;0.00&lt;/td&gt;
		&lt;td class="tabelatd2"&gt;&lt;/td&gt;
		&lt;td class="tabelatd2"&gt;Fulano de Tal (652.392.539-00)&lt;/td&gt;
		&lt;td class="tabelatd2"&gt;1&lt;/td&gt;
		&lt;td class="tabelatd2"&gt;Patrimonial&lt;/td&gt;
&lt;th class="tabelatd2" border="1"&gt;&lt;a class="noPrint" href="?class=ControleCobranca&amp;opera=A&amp;id=221"&gt;[Alterar] &lt;/a&gt;&lt;a class="noPrint" href="?class=ControleCobranca&amp;opera=C&amp;id=221"&gt;[Consultar] &lt;/a&gt;&lt;a class="noPrint" href="?class=ControleCobranca&amp;opera=D&amp;id=221" onClick="return ConfirmaExclusao('');"&gt;[Deletar&amp;nbsp;registro] &lt;/a&gt;&lt;a class="noPrint" href="?class=BaixarParcela&amp;id=221"&gt;[Baixar&amp;nbsp;parcela] &lt;/a&gt;&lt;a class="noPrint" href="?class=ImprimirParcela&amp;id=221"&gt;[Imprimir&amp;nbsp;parcela] &lt;/a&gt;&lt;/th&gt;
	&lt;/tr&gt;
	&lt;tr&gt;
		&lt;td class="tabelatd1"&gt;245&lt;/td&gt;
		&lt;td class="tabelatd1"&gt;Tipo Cobranca&lt;/td&gt;
		&lt;td class="tabelatd1"&gt;11/10/2018&lt;/td&gt;
		&lt;td class="tabelatd1"&gt;110.00&lt;/td&gt;
		&lt;td class="tabelatd1"&gt;0.00&lt;/td&gt;
		&lt;td class="tabelatd1"&gt;&lt;/td&gt;
		&lt;td class="tabelatd1"&gt;Fulano de Tal (652.392.539-00)&lt;/td&gt;
		&lt;td class="tabelatd1"&gt;1&lt;/td&gt;
		&lt;td class="tabelatd1"&gt;Patrimonial&lt;/td&gt;
&lt;th class="tabelatd1" border="1"&gt;&lt;a class="noPrint" href="?class=ControleCobranca&amp;opera=A&amp;id=245"&gt;[Alterar] &lt;/a&gt;&lt;a class="noPrint" href="?class=ControleCobranca&amp;opera=C&amp;id=245"&gt;[Consultar] &lt;/a&gt;&lt;a class="noPrint" href="?class=ControleCobranca&amp;opera=D&amp;id=245" onClick="return ConfirmaExclusao('');"&gt;[Deletar&amp;nbsp;registro] &lt;/a&gt;&lt;a class="noPrint" href="?class=BaixarParcela&amp;id=245"&gt;[Baixar&amp;nbsp;parcela] &lt;/a&gt;&lt;a class="noPrint" href="?class=ImprimirParcela&amp;id=245"&gt;[Imprimir&amp;nbsp;parcela] &lt;/a&gt;&lt;/th&gt;
	&lt;/tr&gt;
	&lt;tr&gt;
		&lt;td class="tabelatd2"&gt;269&lt;/td&gt;
		&lt;td class="tabelatd2"&gt;Tipo Cobranca&lt;/td&gt;
		&lt;td class="tabelatd2"&gt;11/10/2018&lt;/td&gt;
		&lt;td class="tabelatd2"&gt;110.00&lt;/td&gt;
		&lt;td class="tabelatd2"&gt;0.00&lt;/td&gt;
		&lt;td class="tabelatd2"&gt;&lt;/td&gt;
		&lt;td class="tabelatd2"&gt;Fulano de Tal (652.392.539-00)&lt;/td&gt;
		&lt;td class="tabelatd2"&gt;1&lt;/td&gt;
		&lt;td class="tabelatd2"&gt;Patrimonial&lt;/td&gt;
&lt;th class="tabelatd2" border="1"&gt;&lt;a class="noPrint" href="?class=ControleCobranca&amp;opera=A&amp;id=269"&gt;[Alterar] &lt;/a&gt;&lt;a class="noPrint" href="?class=ControleCobranca&amp;opera=C&amp;id=269"&gt;[Consultar] &lt;/a&gt;&lt;a class="noPrint" href="?class=ControleCobranca&amp;opera=D&amp;id=269" onClick="return ConfirmaExclusao('');"&gt;[Deletar&amp;nbsp;registro] &lt;/a&gt;&lt;a class="noPrint" href="?class=BaixarParcela&amp;id=269"&gt;[Baixar&amp;nbsp;parcela] &lt;/a&gt;&lt;a class="noPrint" href="?class=ImprimirParcela&amp;id=269"&gt;[Imprimir&amp;nbsp;parcela] &lt;/a&gt;&lt;/th&gt;
	&lt;/tr&gt;
	&lt;tr&gt;
		&lt;td class="tabelatd1"&gt;77&lt;/td&gt;
		&lt;td class="tabelatd1"&gt;Tipo Cobranca&lt;/td&gt;
		&lt;td class="tabelatd1"&gt;11/10/2018&lt;/td&gt;
		&lt;td class="tabelatd1"&gt;110.00&lt;/td&gt;
		&lt;td class="tabelatd1"&gt;0.00&lt;/td&gt;
		&lt;td class="tabelatd1"&gt;&lt;/td&gt;
		&lt;td class="tabelatd1"&gt;Fulano de Tal (652.392.539-00)&lt;/td&gt;
		&lt;td class="tabelatd1"&gt;1&lt;/td&gt;
		&lt;td class="tabelatd1"&gt;Patrimonial&lt;/td&gt;
&lt;th class="tabelatd1" border="1"&gt;&lt;a class="noPrint" href="?class=ControleCobranca&amp;opera=A&amp;id=77"&gt;[Alterar] &lt;/a&gt;&lt;a class="noPrint" href="?class=ControleCobranca&amp;opera=C&amp;id=77"&gt;[Consultar] &lt;/a&gt;&lt;a class="noPrint" href="?class=ControleCobranca&amp;opera=D&amp;id=77" onClick="return ConfirmaExclusao('');"&gt;[Deletar&amp;nbsp;registro] &lt;/a&gt;&lt;a class="noPrint" href="?class=BaixarParcela&amp;id=77"&gt;[Baixar&amp;nbsp;parcela] &lt;/a&gt;&lt;a class="noPrint" href="?class=ImprimirParcela&amp;id=77"&gt;[Imprimir&amp;nbsp;parcela] &lt;/a&gt;&lt;/th&gt;
	&lt;/tr&gt;
	&lt;tr&gt;
		&lt;td class="tabelatd2"&gt;93&lt;/td&gt;
		&lt;td class="tabelatd2"&gt;Tipo Cobranca&lt;/td&gt;
		&lt;td class="tabelatd2"&gt;11/10/2018&lt;/td&gt;
		&lt;td class="tabelatd2"&gt;110.00&lt;/td&gt;
		&lt;td class="tabelatd2"&gt;0.00&lt;/td&gt;
		&lt;td class="tabelatd2"&gt;&lt;/td&gt;
		&lt;td class="tabelatd2"&gt;Fulano de Tal (652.392.539-00)&lt;/td&gt;
		&lt;td class="tabelatd2"&gt;1&lt;/td&gt;
		&lt;td class="tabelatd2"&gt;Patrimonial&lt;/td&gt;
&lt;th class="tabelatd2" border="1"&gt;&lt;a class="noPrint" href="?class=ControleCobranca&amp;opera=A&amp;id=93"&gt;[Alterar] &lt;/a&gt;&lt;a class="noPrint" href="?class=ControleCobranca&amp;opera=C&amp;id=93"&gt;[Consultar] &lt;/a&gt;&lt;a class="noPrint" href="?class=ControleCobranca&amp;opera=D&amp;id=93" onClick="return ConfirmaExclusao('');"&gt;[Deletar&amp;nbsp;registro] &lt;/a&gt;&lt;a class="noPrint" href="?class=BaixarParcela&amp;id=93"&gt;[Baixar&amp;nbsp;parcela] &lt;/a&gt;&lt;a class="noPrint" href="?class=ImprimirParcela&amp;id=93"&gt;[Imprimir&amp;nbsp;parcela] &lt;/a&gt;&lt;/th&gt;
	&lt;/tr&gt;
	&lt;tr&gt;
		&lt;td class="tabelatd1"&gt;109&lt;/td&gt;
		&lt;td class="tabelatd1"&gt;Tipo Cobranca&lt;/td&gt;
		&lt;td class="tabelatd1"&gt;11/10/2018&lt;/td&gt;
		&lt;td class="tabelatd1"&gt;110.00&lt;/td&gt;
		&lt;td class="tabelatd1"&gt;0.00&lt;/td&gt;
		&lt;td class="tabelatd1"&gt;&lt;/td&gt;
		&lt;td class="tabelatd1"&gt;Fulano de Tal (652.392.539-00)&lt;/td&gt;
		&lt;td class="tabelatd1"&gt;1&lt;/td&gt;
		&lt;td class="tabelatd1"&gt;Patrimonial&lt;/td&gt;
&lt;th class="tabelatd1" border="1"&gt;&lt;a class="noPrint" href="?class=ControleCobranca&amp;opera=A&amp;id=109"&gt;[Alterar] &lt;/a&gt;&lt;a class="noPrint" href="?class=ControleCobranca&amp;opera=C&amp;id=109"&gt;[Consultar] &lt;/a&gt;&lt;a class="noPrint" href="?class=ControleCobranca&amp;opera=D&amp;id=109" onClick="return ConfirmaExclusao('');"&gt;[Deletar&amp;nbsp;registro] &lt;/a&gt;&lt;a class="noPrint" href="?class=BaixarParcela&amp;id=109"&gt;[Baixar&amp;nbsp;parcela] &lt;/a&gt;&lt;a class="noPrint" href="?class=ImprimirParcela&amp;id=109"&gt;[Imprimir&amp;nbsp;parcela] &lt;/a&gt;&lt;/th&gt;
	&lt;/tr&gt;
	&lt;tr&gt;
		&lt;td class="tabelatd2"&gt;137&lt;/td&gt;
		&lt;td class="tabelatd2"&gt;Tipo Cobranca&lt;/td&gt;
		&lt;td class="tabelatd2"&gt;11/10/2018&lt;/td&gt;
		&lt;td class="tabelatd2"&gt;110.00&lt;/td&gt;
		&lt;td class="tabelatd2"&gt;0.00&lt;/td&gt;
		&lt;td class="tabelatd2"&gt;&lt;/td&gt;
		&lt;td class="tabelatd2"&gt;Fulano de Tal (652.392.539-00)&lt;/td&gt;
		&lt;td class="tabelatd2"&gt;1&lt;/td&gt;
		&lt;td class="tabelatd2"&gt;Patrimonial&lt;/td&gt;
&lt;th class="tabelatd2" border="1"&gt;&lt;a class="noPrint" href="?class=ControleCobranca&amp;opera=A&amp;id=137"&gt;[Alterar] &lt;/a&gt;&lt;a class="noPrint" href="?class=ControleCobranca&amp;opera=C&amp;id=137"&gt;[Consultar] &lt;/a&gt;&lt;a class="noPrint" href="?class=ControleCobranca&amp;opera=D&amp;id=137" onClick="return ConfirmaExclusao('');"&gt;[Deletar&amp;nbsp;registro] &lt;/a&gt;&lt;a class="noPrint" href="?class=BaixarParcela&amp;id=137"&gt;[Baixar&amp;nbsp;parcela] &lt;/a&gt;&lt;a class="noPrint" href="?class=ImprimirParcela&amp;id=137"&gt;[Imprimir&amp;nbsp;parcela] &lt;/a&gt;&lt;/th&gt;
	&lt;/tr&gt;
	&lt;tr&gt;
		&lt;td class="tabelatd1"&gt;162&lt;/td&gt;
		&lt;td class="tabelatd1"&gt;Tipo Cobranca&lt;/td&gt;
		&lt;td class="tabelatd1"&gt;11/10/2018&lt;/td&gt;
		&lt;td class="tabelatd1"&gt;110.00&lt;/td&gt;
		&lt;td class="tabelatd1"&gt;0.00&lt;/td&gt;
		&lt;td class="tabelatd1"&gt;&lt;/td&gt;
		&lt;td class="tabelatd1"&gt;Fulano de Tal (652.392.539-00)&lt;/td&gt;
		&lt;td class="tabelatd1"&gt;1&lt;/td&gt;
		&lt;td class="tabelatd1"&gt;Patrimonial&lt;/td&gt;
&lt;th class="tabelatd1" border="1"&gt;&lt;a class="noPrint" href="?class=ControleCobranca&amp;opera=A&amp;id=162"&gt;[Alterar] &lt;/a&gt;&lt;a class="noPrint" href="?class=ControleCobranca&amp;opera=C&amp;id=162"&gt;[Consultar] &lt;/a&gt;&lt;a class="noPrint" href="?class=ControleCobranca&amp;opera=D&amp;id=162" onClick="return ConfirmaExclusao('');"&gt;[Deletar&amp;nbsp;registro] &lt;/a&gt;&lt;a class="noPrint" href="?class=BaixarParcela&amp;id=162"&gt;[Baixar&amp;nbsp;parcela] &lt;/a&gt;&lt;a class="noPrint" href="?class=ImprimirParcela&amp;id=162"&gt;[Imprimir&amp;nbsp;parcela] &lt;/a&gt;&lt;/th&gt;
	&lt;/tr&gt;
	&lt;tr&gt;
		&lt;td class="tabelatd2"&gt;182&lt;/td&gt;
		&lt;td class="tabelatd2"&gt;Tipo Cobranca&lt;/td&gt;
		&lt;td class="tabelatd2"&gt;11/10/2018&lt;/td&gt;
		&lt;td class="tabelatd2"&gt;110.00&lt;/td&gt;
		&lt;td class="tabelatd2"&gt;0.00&lt;/td&gt;
		&lt;td class="tabelatd2"&gt;&lt;/td&gt;
		&lt;td class="tabelatd2"&gt;Fulano de Tal (652.392.539-00)&lt;/td&gt;
		&lt;td class="tabelatd2"&gt;1&lt;/td&gt;
		&lt;td class="tabelatd2"&gt;Patrimonial&lt;/td&gt;
&lt;th class="tabelatd2" border="1"&gt;&lt;a class="noPrint" href="?class=ControleCobranca&amp;opera=A&amp;id=182"&gt;[Alterar] &lt;/a&gt;&lt;a class="noPrint" href="?class=ControleCobranca&amp;opera=C&amp;id=182"&gt;[Consultar] &lt;/a&gt;&lt;a class="noPrint" href="?class=ControleCobranca&amp;opera=D&amp;id=182" onClick="return ConfirmaExclusao('');"&gt;[Deletar&amp;nbsp;registro] &lt;/a&gt;&lt;a class="noPrint" href="?class=BaixarParcela&amp;id=182"&gt;[Baixar&amp;nbsp;parcela] &lt;/a&gt;&lt;a class="noPrint" href="?class=ImprimirParcela&amp;id=182"&gt;[Imprimir&amp;nbsp;parcela] &lt;/a&gt;&lt;/th&gt;
	&lt;/tr&gt;
	&lt;tr&gt;
		&lt;td class="tabelatd1"&gt;202&lt;/td&gt;
		&lt;td class="tabelatd1"&gt;Tipo Cobranca&lt;/td&gt;
		&lt;td class="tabelatd1"&gt;11/10/2018&lt;/td&gt;
		&lt;td class="tabelatd1"&gt;110.00&lt;/td&gt;
		&lt;td class="tabelatd1"&gt;0.00&lt;/td&gt;
		&lt;td class="tabelatd1"&gt;&lt;/td&gt;
		&lt;td class="tabelatd1"&gt;Fulano de Tal (652.392.539-00)&lt;/td&gt;
		&lt;td class="tabelatd1"&gt;1&lt;/td&gt;
		&lt;td class="tabelatd1"&gt;Patrimonial&lt;/td&gt;
&lt;th class="tabelatd1" border="1"&gt;&lt;a class="noPrint" href="?class=ControleCobranca&amp;opera=A&amp;id=202"&gt;[Alterar] &lt;/a&gt;&lt;a class="noPrint" href="?class=ControleCobranca&amp;opera=C&amp;id=202"&gt;[Consultar] &lt;/a&gt;&lt;a class="noPrint" href="?class=ControleCobranca&amp;opera=D&amp;id=202" onClick="return ConfirmaExclusao('');"&gt;[Deletar&amp;nbsp;registro] &lt;/a&gt;&lt;a class="noPrint" href="?class=BaixarParcela&amp;id=202"&gt;[Baixar&amp;nbsp;parcela] &lt;/a&gt;&lt;a class="noPrint" href="?class=ImprimirParcela&amp;id=202"&gt;[Imprimir&amp;nbsp;parcela] &lt;/a&gt;&lt;/th&gt;
	&lt;/tr&gt;
	&lt;tr&gt;
		&lt;td class="tabelatd2"&gt;222&lt;/td&gt;
		&lt;td class="tabelatd2"&gt;Tipo Cobranca&lt;/td&gt;
		&lt;td class="tabelatd2"&gt;11/10/2018&lt;/td&gt;
		&lt;td class="tabelatd2"&gt;110.00&lt;/td&gt;
		&lt;td class="tabelatd2"&gt;0.00&lt;/td&gt;
		&lt;td class="tabelatd2"&gt;&lt;/td&gt;
		&lt;td class="tabelatd2"&gt;Fulano de Tal (652.392.539-00)&lt;/td&gt;
		&lt;td class="tabelatd2"&gt;1&lt;/td&gt;
		&lt;td class="tabelatd2"&gt;Patrimonial&lt;/td&gt;
&lt;th class="tabelatd2" border="1"&gt;&lt;a class="noPrint" href="?class=ControleCobranca&amp;opera=A&amp;id=222"&gt;[Alterar] &lt;/a&gt;&lt;a class="noPrint" href="?class=ControleCobranca&amp;opera=C&amp;id=222"&gt;[Consultar] &lt;/a&gt;&lt;a class="noPrint" href="?class=ControleCobranca&amp;opera=D&amp;id=222" onClick="return ConfirmaExclusao('');"&gt;[Deletar&amp;nbsp;registro] &lt;/a&gt;&lt;a class="noPrint" href="?class=BaixarParcela&amp;id=222"&gt;[Baixar&amp;nbsp;parcela] &lt;/a&gt;&lt;a class="noPrint" href="?class=ImprimirParcela&amp;id=222"&gt;[Imprimir&amp;nbsp;parcela] &lt;/a&gt;&lt;/th&gt;
	&lt;/tr&gt;
	&lt;tr&gt;
		&lt;td class="tabelatd1"&gt;246&lt;/td&gt;
		&lt;td class="tabelatd1"&gt;Tipo Cobranca&lt;/td&gt;
		&lt;td class="tabelatd1"&gt;11/10/2018&lt;/td&gt;
		&lt;td class="tabelatd1"&gt;110.00&lt;/td&gt;
		&lt;td class="tabelatd1"&gt;0.00&lt;/td&gt;
		&lt;td class="tabelatd1"&gt;&lt;/td&gt;
		&lt;td class="tabelatd1"&gt;Fulano de Tal (652.392.539-00)&lt;/td&gt;
		&lt;td class="tabelatd1"&gt;1&lt;/td&gt;
		&lt;td class="tabelatd1"&gt;Patrimonial&lt;/td&gt;
&lt;th class="tabelatd1" border="1"&gt;&lt;a class="noPrint" href="?class=ControleCobranca&amp;opera=A&amp;id=246"&gt;[Alterar] &lt;/a&gt;&lt;a class="noPrint" href="?class=ControleCobranca&amp;opera=C&amp;id=246"&gt;[Consultar] &lt;/a&gt;&lt;a class="noPrint" href="?class=ControleCobranca&amp;opera=D&amp;id=246" onClick="return ConfirmaExclusao('');"&gt;[Deletar&amp;nbsp;registro] &lt;/a&gt;&lt;a class="noPrint" href="?class=BaixarParcela&amp;id=246"&gt;[Baixar&amp;nbsp;parcela] &lt;/a&gt;&lt;a class="noPrint" href="?class=ImprimirParcela&amp;id=246"&gt;[Imprimir&amp;nbsp;parcela] &lt;/a&gt;&lt;/th&gt;
	&lt;/tr&gt;
	&lt;tr&gt;
		&lt;td class="tabelatd2"&gt;270&lt;/td&gt;
		&lt;td class="tabelatd2"&gt;Tipo Cobranca&lt;/td&gt;
		&lt;td class="tabelatd2"&gt;11/10/2018&lt;/td&gt;
		&lt;td class="tabelatd2"&gt;110.00&lt;/td&gt;
		&lt;td class="tabelatd2"&gt;0.00&lt;/td&gt;
		&lt;td class="tabelatd2"&gt;&lt;/td&gt;
		&lt;td class="tabelatd2"&gt;Fulano de Tal (652.392.539-00)&lt;/td&gt;
		&lt;td class="tabelatd2"&gt;1&lt;/td&gt;
		&lt;td class="tabelatd2"&gt;Patrimonial&lt;/td&gt;
&lt;th class="tabelatd2" border="1"&gt;&lt;a class="noPrint" href="?class=ControleCobranca&amp;opera=A&amp;id=270"&gt;[Alterar] &lt;/a&gt;&lt;a class="noPrint" href="?class=ControleCobranca&amp;opera=C&amp;id=270"&gt;[Consultar] &lt;/a&gt;&lt;a class="noPrint" href="?class=ControleCobranca&amp;opera=D&amp;id=270" onClick="return ConfirmaExclusao('');"&gt;[Deletar&amp;nbsp;registro] &lt;/a&gt;&lt;a class="noPrint" href="?class=BaixarParcela&amp;id=270"&gt;[Baixar&amp;nbsp;parcela] &lt;/a&gt;&lt;a class="noPrint" href="?class=ImprimirParcela&amp;id=270"&gt;[Imprimir&amp;nbsp;parcela] &lt;/a&gt;&lt;/th&gt;
	&lt;/tr&gt;
	&lt;tr&gt;
		&lt;td class="tabelatd1"&gt;94&lt;/td&gt;
		&lt;td class="tabelatd1"&gt;Tipo Cobranca&lt;/td&gt;
		&lt;td class="tabelatd1"&gt;11/10/2018&lt;/td&gt;
		&lt;td class="tabelatd1"&gt;110.00&lt;/td&gt;
		&lt;td class="tabelatd1"&gt;0.00&lt;/td&gt;
		&lt;td class="tabelatd1"&gt;&lt;/td&gt;
		&lt;td class="tabelatd1"&gt;Fulano de Tal (652.392.539-00)&lt;/td&gt;
		&lt;td class="tabelatd1"&gt;1&lt;/td&gt;
		&lt;td class="tabelatd1"&gt;Patrimonial&lt;/td&gt;
&lt;th class="tabelatd1" border="1"&gt;&lt;a class="noPrint" href="?class=ControleCobranca&amp;opera=A&amp;id=94"&gt;[Alterar] &lt;/a&gt;&lt;a class="noPrint" href="?class=ControleCobranca&amp;opera=C&amp;id=94"&gt;[Consultar] &lt;/a&gt;&lt;a class="noPrint" href="?class=ControleCobranca&amp;opera=D&amp;id=94" onClick="return ConfirmaExclusao('');"&gt;[Deletar&amp;nbsp;registro] &lt;/a&gt;&lt;a class="noPrint" href="?class=BaixarParcela&amp;id=94"&gt;[Baixar&amp;nbsp;parcela] &lt;/a&gt;&lt;a class="noPrint" href="?class=ImprimirParcela&amp;id=94"&gt;[Imprimir&amp;nbsp;parcela] &lt;/a&gt;&lt;/th&gt;
	&lt;/tr&gt;
	&lt;tr&gt;
		&lt;td class="tabelatd2"&gt;110&lt;/td&gt;
		&lt;td class="tabelatd2"&gt;Tipo Cobranca&lt;/td&gt;
		&lt;td class="tabelatd2"&gt;11/10/2018&lt;/td&gt;
		&lt;td class="tabelatd2"&gt;110.00&lt;/td&gt;
		&lt;td class="tabelatd2"&gt;0.00&lt;/td&gt;
		&lt;td class="tabelatd2"&gt;&lt;/td&gt;
		&lt;td class="tabelatd2"&gt;Fulano de Tal (652.392.539-00)&lt;/td&gt;
		&lt;td class="tabelatd2"&gt;1&lt;/td&gt;
		&lt;td class="tabelatd2"&gt;Patrimonial&lt;/td&gt;
&lt;th class="tabelatd2" border="1"&gt;&lt;a class="noPrint" href="?class=ControleCobranca&amp;opera=A&amp;id=110"&gt;[Alterar] &lt;/a&gt;&lt;a class="noPrint" href="?class=ControleCobranca&amp;opera=C&amp;id=110"&gt;[Consultar] &lt;/a&gt;&lt;a class="noPrint" href="?class=ControleCobranca&amp;opera=D&amp;id=110" onClick="return ConfirmaExclusao('');"&gt;[Deletar&amp;nbsp;registro] &lt;/a&gt;&lt;a class="noPrint" href="?class=BaixarParcela&amp;id=110"&gt;[Baixar&amp;nbsp;parcela] &lt;/a&gt;&lt;a class="noPrint" href="?class=ImprimirParcela&amp;id=110"&gt;[Imprimir&amp;nbsp;parcela] &lt;/a&gt;&lt;/th&gt;
	&lt;/tr&gt;
	&lt;tr&gt;
		&lt;td class="tabelatd1"&gt;138&lt;/td&gt;
		&lt;td class="tabelatd1"&gt;Tipo Cobranca&lt;/td&gt;
		&lt;td class="tabelatd1"&gt;11/10/2018&lt;/td&gt;
		&lt;td class="tabelatd1"&gt;110.00&lt;/td&gt;
		&lt;td class="tabelatd1"&gt;0.00&lt;/td&gt;
		&lt;td class="tabelatd1"&gt;&lt;/td&gt;
		&lt;td class="tabelatd1"&gt;Fulano de Tal (652.392.539-00)&lt;/td&gt;
		&lt;td class="tabelatd1"&gt;1&lt;/td&gt;
		&lt;td class="tabelatd1"&gt;Patrimonial&lt;/td&gt;
&lt;th class="tabelatd1" border="1"&gt;&lt;a class="noPrint" href="?class=ControleCobranca&amp;opera=A&amp;id=138"&gt;[Alterar] &lt;/a&gt;&lt;a class="noPrint" href="?class=ControleCobranca&amp;opera=C&amp;id=138"&gt;[Consultar] &lt;/a&gt;&lt;a class="noPrint" href="?class=ControleCobranca&amp;opera=D&amp;id=138" onClick="return ConfirmaExclusao('');"&gt;[Deletar&amp;nbsp;registro] &lt;/a&gt;&lt;a class="noPrint" href="?class=BaixarParcela&amp;id=138"&gt;[Baixar&amp;nbsp;parcela] &lt;/a&gt;&lt;a class="noPrint" href="?class=ImprimirParcela&amp;id=138"&gt;[Imprimir&amp;nbsp;parcela] &lt;/a&gt;&lt;/th&gt;
	&lt;/tr&gt;
	&lt;tr&gt;
		&lt;td class="tabelatd2"&gt;163&lt;/td&gt;
		&lt;td class="tabelatd2"&gt;Tipo Cobranca&lt;/td&gt;
		&lt;td class="tabelatd2"&gt;11/10/2018&lt;/td&gt;
		&lt;td class="tabelatd2"&gt;110.00&lt;/td&gt;
		&lt;td class="tabelatd2"&gt;0.00&lt;/td&gt;
		&lt;td class="tabelatd2"&gt;&lt;/td&gt;
		&lt;td class="tabelatd2"&gt;Fulano de Tal (652.392.539-00)&lt;/td&gt;
		&lt;td class="tabelatd2"&gt;1&lt;/td&gt;
		&lt;td class="tabelatd2"&gt;Patrimonial&lt;/td&gt;
&lt;th class="tabelatd2" border="1"&gt;&lt;a class="noPrint" href="?class=ControleCobranca&amp;opera=A&amp;id=163"&gt;[Alterar] &lt;/a&gt;&lt;a class="noPrint" href="?class=ControleCobranca&amp;opera=C&amp;id=163"&gt;[Consultar] &lt;/a&gt;&lt;a class="noPrint" href="?class=ControleCobranca&amp;opera=D&amp;id=163" onClick="return ConfirmaExclusao('');"&gt;[Deletar&amp;nbsp;registro] &lt;/a&gt;&lt;a class="noPrint" href="?class=BaixarParcela&amp;id=163"&gt;[Baixar&amp;nbsp;parcela] &lt;/a&gt;&lt;a class="noPrint" href="?class=ImprimirParcela&amp;id=163"&gt;[Imprimir&amp;nbsp;parcela] &lt;/a&gt;&lt;/th&gt;
	&lt;/tr&gt;
	&lt;tr&gt;
		&lt;td class="tabelatd1"&gt;183&lt;/td&gt;
		&lt;td class="tabelatd1"&gt;Tipo Cobranca&lt;/td&gt;
		&lt;td class="tabelatd1"&gt;11/10/2018&lt;/td&gt;
		&lt;td class="tabelatd1"&gt;110.00&lt;/td&gt;
		&lt;td class="tabelatd1"&gt;0.00&lt;/td&gt;
		&lt;td class="tabelatd1"&gt;&lt;/td&gt;
		&lt;td class="tabelatd1"&gt;Fulano de Tal (652.392.539-00)&lt;/td&gt;
		&lt;td class="tabelatd1"&gt;1&lt;/td&gt;
		&lt;td class="tabelatd1"&gt;Patrimonial&lt;/td&gt;
&lt;th class="tabelatd1" border="1"&gt;&lt;a class="noPrint" href="?class=ControleCobranca&amp;opera=A&amp;id=183"&gt;[Alterar] &lt;/a&gt;&lt;a class="noPrint" href="?class=ControleCobranca&amp;opera=C&amp;id=183"&gt;[Consultar] &lt;/a&gt;&lt;a class="noPrint" href="?class=ControleCobranca&amp;opera=D&amp;id=183" onClick="return ConfirmaExclusao('');"&gt;[Deletar&amp;nbsp;registro] &lt;/a&gt;&lt;a class="noPrint" href="?class=BaixarParcela&amp;id=183"&gt;[Baixar&amp;nbsp;parcela] &lt;/a&gt;&lt;a class="noPrint" href="?class=ImprimirParcela&amp;id=183"&gt;[Imprimir&amp;nbsp;parcela] &lt;/a&gt;&lt;/th&gt;
	&lt;/tr&gt;
	&lt;tr&gt;
		&lt;td class="tabelatd2"&gt;203&lt;/td&gt;
		&lt;td class="tabelatd2"&gt;Tipo Cobranca&lt;/td&gt;
		&lt;td class="tabelatd2"&gt;11/10/2018&lt;/td&gt;
		&lt;td class="tabelatd2"&gt;110.00&lt;/td&gt;
		&lt;td class="tabelatd2"&gt;0.00&lt;/td&gt;
		&lt;td class="tabelatd2"&gt;&lt;/td&gt;
		&lt;td class="tabelatd2"&gt;Fulano de Tal (652.392.539-00)&lt;/td&gt;
		&lt;td class="tabelatd2"&gt;1&lt;/td&gt;
		&lt;td class="tabelatd2"&gt;Patrimonial&lt;/td&gt;
&lt;th class="tabelatd2" border="1"&gt;&lt;a class="noPrint" href="?class=ControleCobranca&amp;opera=A&amp;id=203"&gt;[Alterar] &lt;/a&gt;&lt;a class="noPrint" href="?class=ControleCobranca&amp;opera=C&amp;id=203"&gt;[Consultar] &lt;/a&gt;&lt;a class="noPrint" href="?class=ControleCobranca&amp;opera=D&amp;id=203" onClick="return ConfirmaExclusao('');"&gt;[Deletar&amp;nbsp;registro] &lt;/a&gt;&lt;a class="noPrint" href="?class=BaixarParcela&amp;id=203"&gt;[Baixar&amp;nbsp;parcela] &lt;/a&gt;&lt;a class="noPrint" href="?class=ImprimirParcela&amp;id=203"&gt;[Imprimir&amp;nbsp;parcela] &lt;/a&gt;&lt;/th&gt;
	&lt;/tr&gt;
	&lt;tr&gt;
		&lt;td class="tabelatd1"&gt;223&lt;/td&gt;
		&lt;td class="tabelatd1"&gt;Tipo Cobranca&lt;/td&gt;
		&lt;td class="tabelatd1"&gt;11/10/2018&lt;/td&gt;
		&lt;td class="tabelatd1"&gt;110.00&lt;/td&gt;
		&lt;td class="tabelatd1"&gt;0.00&lt;/td&gt;
		&lt;td class="tabelatd1"&gt;&lt;/td&gt;
		&lt;td class="tabelatd1"&gt;Fulano de Tal (652.392.539-00)&lt;/td&gt;
		&lt;td class="tabelatd1"&gt;1&lt;/td&gt;
		&lt;td class="tabelatd1"&gt;Patrimonial&lt;/td&gt;
&lt;th class="tabelatd1" border="1"&gt;&lt;a class="noPrint" href="?class=ControleCobranca&amp;opera=A&amp;id=223"&gt;[Alterar] &lt;/a&gt;&lt;a class="noPrint" href="?class=ControleCobranca&amp;opera=C&amp;id=223"&gt;[Consultar] &lt;/a&gt;&lt;a class="noPrint" href="?class=ControleCobranca&amp;opera=D&amp;id=223" onClick="return ConfirmaExclusao('');"&gt;[Deletar&amp;nbsp;registro] &lt;/a&gt;&lt;a class="noPrint" href="?class=BaixarParcela&amp;id=223"&gt;[Baixar&amp;nbsp;parcela] &lt;/a&gt;&lt;a class="noPrint" href="?class=ImprimirParcela&amp;id=223"&gt;[Imprimir&amp;nbsp;parcela] &lt;/a&gt;&lt;/th&gt;
	&lt;/tr&gt;
	&lt;tr&gt;
		&lt;td class="tabelatd2"&gt;247&lt;/td&gt;
		&lt;td class="tabelatd2"&gt;Tipo Cobranca&lt;/td&gt;
		&lt;td class="tabelatd2"&gt;11/10/2018&lt;/td&gt;
		&lt;td class="tabelatd2"&gt;110.00&lt;/td&gt;
		&lt;td class="tabelatd2"&gt;0.00&lt;/td&gt;
		&lt;td class="tabelatd2"&gt;&lt;/td&gt;
		&lt;td class="tabelatd2"&gt;Fulano de Tal (652.392.539-00)&lt;/td&gt;
		&lt;td class="tabelatd2"&gt;1&lt;/td&gt;
		&lt;td class="tabelatd2"&gt;Patrimonial&lt;/td&gt;
&lt;th class="tabelatd2" border="1"&gt;&lt;a class="noPrint" href="?class=ControleCobranca&amp;opera=A&amp;id=247"&gt;[Alterar] &lt;/a&gt;&lt;a class="noPrint" href="?class=ControleCobranca&amp;opera=C&amp;id=247"&gt;[Consultar] &lt;/a&gt;&lt;a class="noPrint" href="?class=ControleCobranca&amp;opera=D&amp;id=247" onClick="return ConfirmaExclusao('');"&gt;[Deletar&amp;nbsp;registro] &lt;/a&gt;&lt;a class="noPrint" href="?class=BaixarParcela&amp;id=247"&gt;[Baixar&amp;nbsp;parcela] &lt;/a&gt;&lt;a class="noPrint" href="?class=ImprimirParcela&amp;id=247"&gt;[Imprimir&amp;nbsp;parcela] &lt;/a&gt;&lt;/th&gt;
	&lt;/tr&gt;
	&lt;tr&gt;
		&lt;td class="tabelatd1"&gt;271&lt;/td&gt;
		&lt;td class="tabelatd1"&gt;Tipo Cobranca&lt;/td&gt;
		&lt;td class="tabelatd1"&gt;11/10/2018&lt;/td&gt;
		&lt;td class="tabelatd1"&gt;110.00&lt;/td&gt;
		&lt;td class="tabelatd1"&gt;0.00&lt;/td&gt;
		&lt;td class="tabelatd1"&gt;&lt;/td&gt;
		&lt;td class="tabelatd1"&gt;Fulano de Tal (652.392.539-00)&lt;/td&gt;
		&lt;td class="tabelatd1"&gt;1&lt;/td&gt;
		&lt;td class="tabelatd1"&gt;Patrimonial&lt;/td&gt;
&lt;th class="tabelatd1" border="1"&gt;&lt;a class="noPrint" href="?class=ControleCobranca&amp;opera=A&amp;id=271"&gt;[Alterar] &lt;/a&gt;&lt;a class="noPrint" href="?class=ControleCobranca&amp;opera=C&amp;id=271"&gt;[Consultar] &lt;/a&gt;&lt;a class="noPrint" href="?class=ControleCobranca&amp;opera=D&amp;id=271" onClick="return ConfirmaExclusao('');"&gt;[Deletar&amp;nbsp;registro] &lt;/a&gt;&lt;a class="noPrint" href="?class=BaixarParcela&amp;id=271"&gt;[Baixar&amp;nbsp;parcela] &lt;/a&gt;&lt;a class="noPrint" href="?class=ImprimirParcela&amp;id=271"&gt;[Imprimir&amp;nbsp;parcela] &lt;/a&gt;&lt;/th&gt;
	&lt;/tr&gt;
	&lt;tr&gt;
		&lt;td class="tabelatd2"&gt;139&lt;/td&gt;
		&lt;td class="tabelatd2"&gt;Tipo Cobranca&lt;/td&gt;
		&lt;td class="tabelatd2"&gt;11/10/2018&lt;/td&gt;
		&lt;td class="tabelatd2"&gt;110.00&lt;/td&gt;
		&lt;td class="tabelatd2"&gt;0.00&lt;/td&gt;
		&lt;td class="tabelatd2"&gt;&lt;/td&gt;
		&lt;td class="tabelatd2"&gt;Fulano de Tal (652.392.539-00)&lt;/td&gt;
		&lt;td class="tabelatd2"&gt;1&lt;/td&gt;
		&lt;td class="tabelatd2"&gt;Patrimonial&lt;/td&gt;
&lt;th class="tabelatd2" border="1"&gt;&lt;a class="noPrint" href="?class=ControleCobranca&amp;opera=A&amp;id=139"&gt;[Alterar] &lt;/a&gt;&lt;a class="noPrint" href="?class=ControleCobranca&amp;opera=C&amp;id=139"&gt;[Consultar] &lt;/a&gt;&lt;a class="noPrint" href="?class=ControleCobranca&amp;opera=D&amp;id=139" onClick="return ConfirmaExclusao('');"&gt;[Deletar&amp;nbsp;registro] &lt;/a&gt;&lt;a class="noPrint" href="?class=BaixarParcela&amp;id=139"&gt;[Baixar&amp;nbsp;parcela] &lt;/a&gt;&lt;a class="noPrint" href="?class=ImprimirParcela&amp;id=139"&gt;[Imprimir&amp;nbsp;parcela] &lt;/a&gt;&lt;/th&gt;
	&lt;/tr&gt;
	&lt;tr&gt;
		&lt;td class="tabelatd1"&gt;164&lt;/td&gt;
		&lt;td class="tabelatd1"&gt;Tipo Cobranca&lt;/td&gt;
		&lt;td class="tabelatd1"&gt;11/10/2018&lt;/td&gt;
		&lt;td class="tabelatd1"&gt;110.00&lt;/td&gt;
		&lt;td class="tabelatd1"&gt;0.00&lt;/td&gt;
		&lt;td class="tabelatd1"&gt;&lt;/td&gt;
		&lt;td class="tabelatd1"&gt;Fulano de Tal (652.392.539-00)&lt;/td&gt;
		&lt;td class="tabelatd1"&gt;1&lt;/td&gt;
		&lt;td class="tabelatd1"&gt;Patrimonial&lt;/td&gt;
&lt;th class="tabelatd1" border="1"&gt;&lt;a class="noPrint" href="?class=ControleCobranca&amp;opera=A&amp;id=164"&gt;[Alterar] &lt;/a&gt;&lt;a class="noPrint" href="?class=ControleCobranca&amp;opera=C&amp;id=164"&gt;[Consultar] &lt;/a&gt;&lt;a class="noPrint" href="?class=ControleCobranca&amp;opera=D&amp;id=164" onClick="return ConfirmaExclusao('');"&gt;[Deletar&amp;nbsp;registro] &lt;/a&gt;&lt;a class="noPrint" href="?class=BaixarParcela&amp;id=164"&gt;[Baixar&amp;nbsp;parcela] &lt;/a&gt;&lt;a class="noPrint" href="?class=ImprimirParcela&amp;id=164"&gt;[Imprimir&amp;nbsp;parcela] &lt;/a&gt;&lt;/th&gt;
	&lt;/tr&gt;
	&lt;tr&gt;
		&lt;td class="tabelatd2"&gt;184&lt;/td&gt;
		&lt;td class="tabelatd2"&gt;Tipo Cobranca&lt;/td&gt;
		&lt;td class="tabelatd2"&gt;11/10/2018&lt;/td&gt;
		&lt;td class="tabelatd2"&gt;110.00&lt;/td&gt;
		&lt;td class="tabelatd2"&gt;0.00&lt;/td&gt;
		&lt;td class="tabelatd2"&gt;&lt;/td&gt;
		&lt;td class="tabelatd2"&gt;Fulano de Tal (652.392.539-00)&lt;/td&gt;
		&lt;td class="tabelatd2"&gt;1&lt;/td&gt;
		&lt;td class="tabelatd2"&gt;Patrimonial&lt;/td&gt;
&lt;th class="tabelatd2" border="1"&gt;&lt;a class="noPrint" href="?class=ControleCobranca&amp;opera=A&amp;id=184"&gt;[Alterar] &lt;/a&gt;&lt;a class="noPrint" href="?class=ControleCobranca&amp;opera=C&amp;id=184"&gt;[Consultar] &lt;/a&gt;&lt;a class="noPrint" href="?class=ControleCobranca&amp;opera=D&amp;id=184" onClick="return ConfirmaExclusao('');"&gt;[Deletar&amp;nbsp;registro] &lt;/a&gt;&lt;a class="noPrint" href="?class=BaixarParcela&amp;id=184"&gt;[Baixar&amp;nbsp;parcela] &lt;/a&gt;&lt;a class="noPrint" href="?class=ImprimirParcela&amp;id=184"&gt;[Imprimir&amp;nbsp;parcela] &lt;/a&gt;&lt;/th&gt;
	&lt;/tr&gt;
	&lt;tr&gt;
		&lt;td class="tabelatd1"&gt;204&lt;/td&gt;
		&lt;td class="tabelatd1"&gt;Tipo Cobranca&lt;/td&gt;
		&lt;td class="tabelatd1"&gt;11/10/2018&lt;/td&gt;
		&lt;td class="tabelatd1"&gt;110.00&lt;/td&gt;
		&lt;td class="tabelatd1"&gt;0.00&lt;/td&gt;
		&lt;td class="tabelatd1"&gt;&lt;/td&gt;
		&lt;td class="tabelatd1"&gt;Fulano de Tal (652.392.539-00)&lt;/td&gt;
		&lt;td class="tabelatd1"&gt;1&lt;/td&gt;
		&lt;td class="tabelatd1"&gt;Patrimonial&lt;/td&gt;
&lt;th class="tabelatd1" border="1"&gt;&lt;a class="noPrint" href="?class=ControleCobranca&amp;opera=A&amp;id=204"&gt;[Alterar] &lt;/a&gt;&lt;a class="noPrint" href="?class=ControleCobranca&amp;opera=C&amp;id=204"&gt;[Consultar] &lt;/a&gt;&lt;a class="noPrint" href="?class=ControleCobranca&amp;opera=D&amp;id=204" onClick="return ConfirmaExclusao('');"&gt;[Deletar&amp;nbsp;registro] &lt;/a&gt;&lt;a class="noPrint" href="?class=BaixarParcela&amp;id=204"&gt;[Baixar&amp;nbsp;parcela] &lt;/a&gt;&lt;a class="noPrint" href="?class=ImprimirParcela&amp;id=204"&gt;[Imprimir&amp;nbsp;parcela] &lt;/a&gt;&lt;/th&gt;
	&lt;/tr&gt;
	&lt;tr&gt;
		&lt;td class="tabelatd2"&gt;224&lt;/td&gt;
		&lt;td class="tabelatd2"&gt;Tipo Cobranca&lt;/td&gt;
		&lt;td class="tabelatd2"&gt;11/10/2018&lt;/td&gt;
		&lt;td class="tabelatd2"&gt;110.00&lt;/td&gt;
		&lt;td class="tabelatd2"&gt;0.00&lt;/td&gt;
		&lt;td class="tabelatd2"&gt;&lt;/td&gt;
		&lt;td class="tabelatd2"&gt;Fulano de Tal (652.392.539-00)&lt;/td&gt;
		&lt;td class="tabelatd2"&gt;1&lt;/td&gt;
		&lt;td class="tabelatd2"&gt;Patrimonial&lt;/td&gt;
&lt;th class="tabelatd2" border="1"&gt;&lt;a class="noPrint" href="?class=ControleCobranca&amp;opera=A&amp;id=224"&gt;[Alterar] &lt;/a&gt;&lt;a class="noPrint" href="?class=ControleCobranca&amp;opera=C&amp;id=224"&gt;[Consultar] &lt;/a&gt;&lt;a class="noPrint" href="?class=ControleCobranca&amp;opera=D&amp;id=224" onClick="return ConfirmaExclusao('');"&gt;[Deletar&amp;nbsp;registro] &lt;/a&gt;&lt;a class="noPrint" href="?class=BaixarParcela&amp;id=224"&gt;[Baixar&amp;nbsp;parcela] &lt;/a&gt;&lt;a class="noPrint" href="?class=ImprimirParcela&amp;id=224"&gt;[Imprimir&amp;nbsp;parcela] &lt;/a&gt;&lt;/th&gt;
	&lt;/tr&gt;
	&lt;tr&gt;
		&lt;td class="tabelatd1"&gt;248&lt;/td&gt;
		&lt;td class="tabelatd1"&gt;Tipo Cobranca&lt;/td&gt;
		&lt;td class="tabelatd1"&gt;11/10/2018&lt;/td&gt;
		&lt;td class="tabelatd1"&gt;110.00&lt;/td&gt;
		&lt;td class="tabelatd1"&gt;0.00&lt;/td&gt;
		&lt;td class="tabelatd1"&gt;&lt;/td&gt;
		&lt;td class="tabelatd1"&gt;Fulano de Tal (652.392.539-00)&lt;/td&gt;
		&lt;td class="tabelatd1"&gt;1&lt;/td&gt;
		&lt;td class="tabelatd1"&gt;Patrimonial&lt;/td&gt;
&lt;th class="tabelatd1" border="1"&gt;&lt;a class="noPrint" href="?class=ControleCobranca&amp;opera=A&amp;id=248"&gt;[Alterar] &lt;/a&gt;&lt;a class="noPrint" href="?class=ControleCobranca&amp;opera=C&amp;id=248"&gt;[Consultar] &lt;/a&gt;&lt;a class="noPrint" href="?class=ControleCobranca&amp;opera=D&amp;id=248" onClick="return ConfirmaExclusao('');"&gt;[Deletar&amp;nbsp;registro] &lt;/a&gt;&lt;a class="noPrint" href="?class=BaixarParcela&amp;id=248"&gt;[Baixar&amp;nbsp;parcela] &lt;/a&gt;&lt;a class="noPrint" href="?class=ImprimirParcela&amp;id=248"&gt;[Imprimir&amp;nbsp;parcela] &lt;/a&gt;&lt;/th&gt;
	&lt;/tr&gt;
	&lt;tr&gt;
		&lt;td class="tabelatd2"&gt;272&lt;/td&gt;
		&lt;td class="tabelatd2"&gt;Tipo Cobranca&lt;/td&gt;
		&lt;td class="tabelatd2"&gt;11/10/2018&lt;/td&gt;
		&lt;td class="tabelatd2"&gt;110.00&lt;/td&gt;
		&lt;td class="tabelatd2"&gt;0.00&lt;/td&gt;
		&lt;td class="tabelatd2"&gt;&lt;/td&gt;
		&lt;td class="tabelatd2"&gt;Fulano de Tal (652.392.539-00)&lt;/td&gt;
		&lt;td class="tabelatd2"&gt;1&lt;/td&gt;
		&lt;td class="tabelatd2"&gt;Patrimonial&lt;/td&gt;
&lt;th class="tabelatd2" border="1"&gt;&lt;a class="noPrint" href="?class=ControleCobranca&amp;opera=A&amp;id=272"&gt;[Alterar] &lt;/a&gt;&lt;a class="noPrint" href="?class=ControleCobranca&amp;opera=C&amp;id=272"&gt;[Consultar] &lt;/a&gt;&lt;a class="noPrint" href="?class=ControleCobranca&amp;opera=D&amp;id=272" onClick="return ConfirmaExclusao('');"&gt;[Deletar&amp;nbsp;registro] &lt;/a&gt;&lt;a class="noPrint" href="?class=BaixarParcela&amp;id=272"&gt;[Baixar&amp;nbsp;parcela] &lt;/a&gt;&lt;a class="noPrint" href="?class=ImprimirParcela&amp;id=272"&gt;[Imprimir&amp;nbsp;parcela] &lt;/a&gt;&lt;/th&gt;
	&lt;/tr&gt;
	&lt;tr&gt;
		&lt;td class="tabelatd1"&gt;165&lt;/td&gt;
		&lt;td class="tabelatd1"&gt;Tipo Cobranca&lt;/td&gt;
		&lt;td class="tabelatd1"&gt;11/10/2018&lt;/td&gt;
		&lt;td class="tabelatd1"&gt;110.00&lt;/td&gt;
		&lt;td class="tabelatd1"&gt;0.00&lt;/td&gt;
		&lt;td class="tabelatd1"&gt;&lt;/td&gt;
		&lt;td class="tabelatd1"&gt;Fulano de Tal (652.392.539-00)&lt;/td&gt;
		&lt;td class="tabelatd1"&gt;1&lt;/td&gt;
		&lt;td class="tabelatd1"&gt;Patrimonial&lt;/td&gt;
&lt;th class="tabelatd1" border="1"&gt;&lt;a class="noPrint" href="?class=ControleCobranca&amp;opera=A&amp;id=165"&gt;[Alterar] &lt;/a&gt;&lt;a class="noPrint" href="?class=ControleCobranca&amp;opera=C&amp;id=165"&gt;[Consultar] &lt;/a&gt;&lt;a class="noPrint" href="?class=ControleCobranca&amp;opera=D&amp;id=165" onClick="return ConfirmaExclusao('');"&gt;[Deletar&amp;nbsp;registro] &lt;/a&gt;&lt;a class="noPrint" href="?class=BaixarParcela&amp;id=165"&gt;[Baixar&amp;nbsp;parcela] &lt;/a&gt;&lt;a class="noPrint" href="?class=ImprimirParcela&amp;id=165"&gt;[Imprimir&amp;nbsp;parcela] &lt;/a&gt;&lt;/th&gt;
	&lt;/tr&gt;
	&lt;tr&gt;
		&lt;td class="tabelatd2"&gt;185&lt;/td&gt;
		&lt;td class="tabelatd2"&gt;Tipo Cobranca&lt;/td&gt;
		&lt;td class="tabelatd2"&gt;11/10/2018&lt;/td&gt;
		&lt;td class="tabelatd2"&gt;110.00&lt;/td&gt;
		&lt;td class="tabelatd2"&gt;0.00&lt;/td&gt;
		&lt;td class="tabelatd2"&gt;&lt;/td&gt;
		&lt;td class="tabelatd2"&gt;Fulano de Tal (652.392.539-00)&lt;/td&gt;
		&lt;td class="tabelatd2"&gt;1&lt;/td&gt;
		&lt;td class="tabelatd2"&gt;Patrimonial&lt;/td&gt;
&lt;th class="tabelatd2" border="1"&gt;&lt;a class="noPrint" href="?class=ControleCobranca&amp;opera=A&amp;id=185"&gt;[Alterar] &lt;/a&gt;&lt;a class="noPrint" href="?class=ControleCobranca&amp;opera=C&amp;id=185"&gt;[Consultar] &lt;/a&gt;&lt;a class="noPrint" href="?class=ControleCobranca&amp;opera=D&amp;id=185" onClick="return ConfirmaExclusao('');"&gt;[Deletar&amp;nbsp;registro] &lt;/a&gt;&lt;a class="noPrint" href="?class=BaixarParcela&amp;id=185"&gt;[Baixar&amp;nbsp;parcela] &lt;/a&gt;&lt;a class="noPrint" href="?class=ImprimirParcela&amp;id=185"&gt;[Imprimir&amp;nbsp;parcela] &lt;/a&gt;&lt;/th&gt;
	&lt;/tr&gt;
	&lt;tr&gt;
		&lt;td class="tabelatd1"&gt;205&lt;/td&gt;
		&lt;td class="tabelatd1"&gt;Tipo Cobranca&lt;/td&gt;
		&lt;td class="tabelatd1"&gt;11/10/2018&lt;/td&gt;
		&lt;td class="tabelatd1"&gt;110.00&lt;/td&gt;
		&lt;td class="tabelatd1"&gt;0.00&lt;/td&gt;
		&lt;td class="tabelatd1"&gt;&lt;/td&gt;
		&lt;td class="tabelatd1"&gt;Fulano de Tal (652.392.539-00)&lt;/td&gt;
		&lt;td class="tabelatd1"&gt;1&lt;/td&gt;
		&lt;td class="tabelatd1"&gt;Patrimonial&lt;/td&gt;
&lt;th class="tabelatd1" border="1"&gt;&lt;a class="noPrint" href="?class=ControleCobranca&amp;opera=A&amp;id=205"&gt;[Alterar] &lt;/a&gt;&lt;a class="noPrint" href="?class=ControleCobranca&amp;opera=C&amp;id=205"&gt;[Consultar] &lt;/a&gt;&lt;a class="noPrint" href="?class=ControleCobranca&amp;opera=D&amp;id=205" onClick="return ConfirmaExclusao('');"&gt;[Deletar&amp;nbsp;registro] &lt;/a&gt;&lt;a class="noPrint" href="?class=BaixarParcela&amp;id=205"&gt;[Baixar&amp;nbsp;parcela] &lt;/a&gt;&lt;a class="noPrint" href="?class=ImprimirParcela&amp;id=205"&gt;[Imprimir&amp;nbsp;parcela] &lt;/a&gt;&lt;/th&gt;
	&lt;/tr&gt;
	&lt;tr&gt;
		&lt;td class="tabelatd2"&gt;225&lt;/td&gt;
		&lt;td class="tabelatd2"&gt;Tipo Cobranca&lt;/td&gt;
		&lt;td class="tabelatd2"&gt;11/10/2018&lt;/td&gt;
		&lt;td class="tabelatd2"&gt;110.00&lt;/td&gt;
		&lt;td class="tabelatd2"&gt;0.00&lt;/td&gt;
		&lt;td class="tabelatd2"&gt;&lt;/td&gt;
		&lt;td class="tabelatd2"&gt;Fulano de Tal (652.392.539-00)&lt;/td&gt;
		&lt;td class="tabelatd2"&gt;1&lt;/td&gt;
		&lt;td class="tabelatd2"&gt;Patrimonial&lt;/td&gt;
&lt;th class="tabelatd2" border="1"&gt;&lt;a class="noPrint" href="?class=ControleCobranca&amp;opera=A&amp;id=225"&gt;[Alterar] &lt;/a&gt;&lt;a class="noPrint" href="?class=ControleCobranca&amp;opera=C&amp;id=225"&gt;[Consultar] &lt;/a&gt;&lt;a class="noPrint" href="?class=ControleCobranca&amp;opera=D&amp;id=225" onClick="return ConfirmaExclusao('');"&gt;[Deletar&amp;nbsp;registro] &lt;/a&gt;&lt;a class="noPrint" href="?class=BaixarParcela&amp;id=225"&gt;[Baixar&amp;nbsp;parcela] &lt;/a&gt;&lt;a class="noPrint" href="?class=ImprimirParcela&amp;id=225"&gt;[Imprimir&amp;nbsp;parcela] &lt;/a&gt;&lt;/th&gt;
	&lt;/tr&gt;
	&lt;tr&gt;
		&lt;td class="tabelatd1"&gt;249&lt;/td&gt;
		&lt;td class="tabelatd1"&gt;Tipo Cobranca&lt;/td&gt;
		&lt;td class="tabelatd1"&gt;11/10/2018&lt;/td&gt;
		&lt;td class="tabelatd1"&gt;110.00&lt;/td&gt;
		&lt;td class="tabelatd1"&gt;0.00&lt;/td&gt;
		&lt;td class="tabelatd1"&gt;&lt;/td&gt;
		&lt;td class="tabelatd1"&gt;Fulano de Tal (652.392.539-00)&lt;/td&gt;
		&lt;td class="tabelatd1"&gt;1&lt;/td&gt;
		&lt;td class="tabelatd1"&gt;Patrimonial&lt;/td&gt;
&lt;th class="tabelatd1" border="1"&gt;&lt;a class="noPrint" href="?class=ControleCobranca&amp;opera=A&amp;id=249"&gt;[Alterar] &lt;/a&gt;&lt;a class="noPrint" href="?class=ControleCobranca&amp;opera=C&amp;id=249"&gt;[Consultar] &lt;/a&gt;&lt;a class="noPrint" href="?class=ControleCobranca&amp;opera=D&amp;id=249" onClick="return ConfirmaExclusao('');"&gt;[Deletar&amp;nbsp;registro] &lt;/a&gt;&lt;a class="noPrint" href="?class=BaixarParcela&amp;id=249"&gt;[Baixar&amp;nbsp;parcela] &lt;/a&gt;&lt;a class="noPrint" href="?class=ImprimirParcela&amp;id=249"&gt;[Imprimir&amp;nbsp;parcela] &lt;/a&gt;&lt;/th&gt;
	&lt;/tr&gt;
	&lt;tr&gt;
		&lt;td class="tabelatd2"&gt;273&lt;/td&gt;
		&lt;td class="tabelatd2"&gt;Tipo Cobranca&lt;/td&gt;
		&lt;td class="tabelatd2"&gt;11/10/2018&lt;/td&gt;
		&lt;td class="tabelatd2"&gt;110.00&lt;/td&gt;
		&lt;td class="tabelatd2"&gt;0.00&lt;/td&gt;
		&lt;td class="tabelatd2"&gt;&lt;/td&gt;
		&lt;td class="tabelatd2"&gt;Fulano de Tal (652.392.539-00)&lt;/td&gt;
		&lt;td class="tabelatd2"&gt;1&lt;/td&gt;
		&lt;td class="tabelatd2"&gt;Patrimonial&lt;/td&gt;
&lt;th class="tabelatd2" border="1"&gt;&lt;a class="noPrint" href="?class=ControleCobranca&amp;opera=A&amp;id=273"&gt;[Alterar] &lt;/a&gt;&lt;a class="noPrint" href="?class=ControleCobranca&amp;opera=C&amp;id=273"&gt;[Consultar] &lt;/a&gt;&lt;a class="noPrint" href="?class=ControleCobranca&amp;opera=D&amp;id=273" onClick="return ConfirmaExclusao('');"&gt;[Deletar&amp;nbsp;registro] &lt;/a&gt;&lt;a class="noPrint" href="?class=BaixarParcela&amp;id=273"&gt;[Baixar&amp;nbsp;parcela] &lt;/a&gt;&lt;a class="noPrint" href="?class=ImprimirParcela&amp;id=273"&gt;[Imprimir&amp;nbsp;parcela] &lt;/a&gt;&lt;/th&gt;
	&lt;/tr&gt;
	&lt;tr&gt;
		&lt;td class="tabelatd1"&gt;250&lt;/td&gt;
		&lt;td class="tabelatd1"&gt;Tipo Cobranca&lt;/td&gt;
		&lt;td class="tabelatd1"&gt;11/10/2018&lt;/td&gt;
		&lt;td class="tabelatd1"&gt;110.00&lt;/td&gt;
		&lt;td class="tabelatd1"&gt;0.00&lt;/td&gt;
		&lt;td class="tabelatd1"&gt;&lt;/td&gt;
		&lt;td class="tabelatd1"&gt;Fulano de Tal (652.392.539-00)&lt;/td&gt;
		&lt;td class="tabelatd1"&gt;1&lt;/td&gt;
		&lt;td class="tabelatd1"&gt;Patrimonial&lt;/td&gt;
&lt;th class="tabelatd1" border="1"&gt;&lt;a class="noPrint" href="?class=ControleCobranca&amp;opera=A&amp;id=250"&gt;[Alterar] &lt;/a&gt;&lt;a class="noPrint" href="?class=ControleCobranca&amp;opera=C&amp;id=250"&gt;[Consultar] &lt;/a&gt;&lt;a class="noPrint" href="?class=ControleCobranca&amp;opera=D&amp;id=250" onClick="return ConfirmaExclusao('');"&gt;[Deletar&amp;nbsp;registro] &lt;/a&gt;&lt;a class="noPrint" href="?class=BaixarParcela&amp;id=250"&gt;[Baixar&amp;nbsp;parcela] &lt;/a&gt;&lt;a class="noPrint" href="?class=ImprimirParcela&amp;id=250"&gt;[Imprimir&amp;nbsp;parcela] &lt;/a&gt;&lt;/th&gt;
	&lt;/tr&gt;
	&lt;tr&gt;
		&lt;td class="tabelatd2"&gt;274&lt;/td&gt;
		&lt;td class="tabelatd2"&gt;Tipo Cobranca&lt;/td&gt;
		&lt;td class="tabelatd2"&gt;11/10/2018&lt;/td&gt;
		&lt;td class="tabelatd2"&gt;110.00&lt;/td&gt;
		&lt;td class="tabelatd2"&gt;0.00&lt;/td&gt;
		&lt;td class="tabelatd2"&gt;&lt;/td&gt;
		&lt;td class="tabelatd2"&gt;Fulano de Tal (652.392.539-00)&lt;/td&gt;
		&lt;td class="tabelatd2"&gt;1&lt;/td&gt;
		&lt;td class="tabelatd2"&gt;Patrimonial&lt;/td&gt;
&lt;th class="tabelatd2" border="1"&gt;&lt;a class="noPrint" href="?class=ControleCobranca&amp;opera=A&amp;id=274"&gt;[Alterar] &lt;/a&gt;&lt;a class="noPrint" href="?class=ControleCobranca&amp;opera=C&amp;id=274"&gt;[Consultar] &lt;/a&gt;&lt;a class="noPrint" href="?class=ControleCobranca&amp;opera=D&amp;id=274" onClick="return ConfirmaExclusao('');"&gt;[Deletar&amp;nbsp;registro] &lt;/a&gt;&lt;a class="noPrint" href="?class=BaixarParcela&amp;id=274"&gt;[Baixar&amp;nbsp;parcela] &lt;/a&gt;&lt;a class="noPrint" href="?class=ImprimirParcela&amp;id=274"&gt;[Imprimir&amp;nbsp;parcela] &lt;/a&gt;&lt;/th&gt;
	&lt;/tr&gt;
	&lt;tr&gt;
		&lt;td class="tabelatd1"&gt;291&lt;/td&gt;
		&lt;td class="tabelatd1"&gt;Tipo Cobranca&lt;/td&gt;
		&lt;td class="tabelatd1"&gt;11/10/2018&lt;/td&gt;
		&lt;td class="tabelatd1"&gt;110.00&lt;/td&gt;
		&lt;td class="tabelatd1"&gt;0.00&lt;/td&gt;
		&lt;td class="tabelatd1"&gt;&lt;/td&gt;
		&lt;td class="tabelatd1"&gt;Fulano de Tal (652.392.539-00)&lt;/td&gt;
		&lt;td class="tabelatd1"&gt;1&lt;/td&gt;
		&lt;td class="tabelatd1"&gt;Patrimonial&lt;/td&gt;
&lt;th class="tabelatd1" border="1"&gt;&lt;a class="noPrint" href="?class=ControleCobranca&amp;opera=A&amp;id=291"&gt;[Alterar] &lt;/a&gt;&lt;a class="noPrint" href="?class=ControleCobranca&amp;opera=C&amp;id=291"&gt;[Consultar] &lt;/a&gt;&lt;a class="noPrint" href="?class=ControleCobranca&amp;opera=D&amp;id=291" onClick="return ConfirmaExclusao('');"&gt;[Deletar&amp;nbsp;registro] &lt;/a&gt;&lt;a class="noPrint" href="?class=BaixarParcela&amp;id=291"&gt;[Baixar&amp;nbsp;parcela] &lt;/a&gt;&lt;a class="noPrint" href="?class=ImprimirParcela&amp;id=291"&gt;[Imprimir&amp;nbsp;parcela] &lt;/a&gt;&lt;/th&gt;
	&lt;/tr&gt;
	&lt;tr&gt;
		&lt;td class="tabelatd2"&gt;319&lt;/td&gt;
		&lt;td class="tabelatd2"&gt;Tipo Cobranca&lt;/td&gt;
		&lt;td class="tabelatd2"&gt;11/10/2018&lt;/td&gt;
		&lt;td class="tabelatd2"&gt;110.00&lt;/td&gt;
		&lt;td class="tabelatd2"&gt;0.00&lt;/td&gt;
		&lt;td class="tabelatd2"&gt;&lt;/td&gt;
		&lt;td class="tabelatd2"&gt;Fulano de Tal (652.392.539-00)&lt;/td&gt;
		&lt;td class="tabelatd2"&gt;1&lt;/td&gt;
		&lt;td class="tabelatd2"&gt;Patrimonial&lt;/td&gt;
&lt;th class="tabelatd2" border="1"&gt;&lt;a class="noPrint" href="?class=ControleCobranca&amp;opera=A&amp;id=319"&gt;[Alterar] &lt;/a&gt;&lt;a class="noPrint" href="?class=ControleCobranca&amp;opera=C&amp;id=319"&gt;[Consultar] &lt;/a&gt;&lt;a class="noPrint" href="?class=ControleCobranca&amp;opera=D&amp;id=319" onClick="return ConfirmaExclusao('');"&gt;[Deletar&amp;nbsp;registro] &lt;/a&gt;&lt;a class="noPrint" href="?class=BaixarParcela&amp;id=319"&gt;[Baixar&amp;nbsp;parcela] &lt;/a&gt;&lt;a class="noPrint" href="?class=ImprimirParcela&amp;id=319"&gt;[Imprimir&amp;nbsp;parcela] &lt;/a&gt;&lt;/th&gt;
	&lt;/tr&gt;
	&lt;tr&gt;
		&lt;td class="tabelatd1"&gt;349&lt;/td&gt;
		&lt;td class="tabelatd1"&gt;Tipo Cobranca&lt;/td&gt;
		&lt;td class="tabelatd1"&gt;11/10/2018&lt;/td&gt;
		&lt;td class="tabelatd1"&gt;110.00&lt;/td&gt;
		&lt;td class="tabelatd1"&gt;0.00&lt;/td&gt;
		&lt;td class="tabelatd1"&gt;&lt;/td&gt;
		&lt;td class="tabelatd1"&gt;Fulano de Tal (652.392.539-00)&lt;/td&gt;
		&lt;td class="tabelatd1"&gt;1&lt;/td&gt;
		&lt;td class="tabelatd1"&gt;Patrimonial&lt;/td&gt;
&lt;th class="tabelatd1" border="1"&gt;&lt;a class="noPrint" href="?class=ControleCobranca&amp;opera=A&amp;id=349"&gt;[Alterar] &lt;/a&gt;&lt;a class="noPrint" href="?class=ControleCobranca&amp;opera=C&amp;id=349"&gt;[Consultar] &lt;/a&gt;&lt;a class="noPrint" href="?class=ControleCobranca&amp;opera=D&amp;id=349" onClick="return ConfirmaExclusao('');"&gt;[Deletar&amp;nbsp;registro] &lt;/a&gt;&lt;a class="noPrint" href="?class=BaixarParcela&amp;id=349"&gt;[Baixar&amp;nbsp;parcela] &lt;/a&gt;&lt;a class="noPrint" href="?class=ImprimirParcela&amp;id=349"&gt;[Imprimir&amp;nbsp;parcela] &lt;/a&gt;&lt;/th&gt;
	&lt;/tr&gt;
	&lt;tr&gt;
		&lt;td class="tabelatd2"&gt;381&lt;/td&gt;
		&lt;td class="tabelatd2"&gt;Tipo Cobranca&lt;/td&gt;
		&lt;td class="tabelatd2"&gt;11/10/2018&lt;/td&gt;
		&lt;td class="tabelatd2"&gt;110.00&lt;/td&gt;
		&lt;td class="tabelatd2"&gt;0.00&lt;/td&gt;
		&lt;td class="tabelatd2"&gt;&lt;/td&gt;
		&lt;td class="tabelatd2"&gt;Fulano de Tal (652.392.539-00)&lt;/td&gt;
		&lt;td class="tabelatd2"&gt;1&lt;/td&gt;
		&lt;td class="tabelatd2"&gt;Patrimonial&lt;/td&gt;
&lt;th class="tabelatd2" border="1"&gt;&lt;a class="noPrint" href="?class=ControleCobranca&amp;opera=A&amp;id=381"&gt;[Alterar] &lt;/a&gt;&lt;a class="noPrint" href="?class=ControleCobranca&amp;opera=C&amp;id=381"&gt;[Consultar] &lt;/a&gt;&lt;a class="noPrint" href="?class=ControleCobranca&amp;opera=D&amp;id=381" onClick="return ConfirmaExclusao('');"&gt;[Deletar&amp;nbsp;registro] &lt;/a&gt;&lt;a class="noPrint" href="?class=BaixarParcela&amp;id=381"&gt;[Baixar&amp;nbsp;parcela] &lt;/a&gt;&lt;a class="noPrint" href="?class=ImprimirParcela&amp;id=381"&gt;[Imprimir&amp;nbsp;parcela] &lt;/a&gt;&lt;/th&gt;
	&lt;/tr&gt;
	&lt;tr&gt;
		&lt;td class="tabelatd1"&gt;415&lt;/td&gt;
		&lt;td class="tabelatd1"&gt;Tipo Cobranca&lt;/td&gt;
		&lt;td class="tabelatd1"&gt;11/10/2018&lt;/td&gt;
		&lt;td class="tabelatd1"&gt;110.00&lt;/td&gt;
		&lt;td class="tabelatd1"&gt;0.00&lt;/td&gt;
		&lt;td class="tabelatd1"&gt;&lt;/td&gt;
		&lt;td class="tabelatd1"&gt;Fulano de Tal (652.392.539-00)&lt;/td&gt;
		&lt;td class="tabelatd1"&gt;1&lt;/td&gt;
		&lt;td class="tabelatd1"&gt;Patrimonial&lt;/td&gt;
&lt;th class="tabelatd1" border="1"&gt;&lt;a class="noPrint" href="?class=ControleCobranca&amp;opera=A&amp;id=415"&gt;[Alterar] &lt;/a&gt;&lt;a class="noPrint" href="?class=ControleCobranca&amp;opera=C&amp;id=415"&gt;[Consultar] &lt;/a&gt;&lt;a class="noPrint" href="?class=ControleCobranca&amp;opera=D&amp;id=415" onClick="return ConfirmaExclusao('');"&gt;[Deletar&amp;nbsp;registro] &lt;/a&gt;&lt;a class="noPrint" href="?class=BaixarParcela&amp;id=415"&gt;[Baixar&amp;nbsp;parcela] &lt;/a&gt;&lt;a class="noPrint" href="?class=ImprimirParcela&amp;id=415"&gt;[Imprimir&amp;nbsp;parcela] &lt;/a&gt;&lt;/th&gt;
	&lt;/tr&gt;
	&lt;tr&gt;
		&lt;td class="tabelatd2"&gt;451&lt;/td&gt;
		&lt;td class="tabelatd2"&gt;Tipo Cobranca&lt;/td&gt;
		&lt;td class="tabelatd2"&gt;11/10/2018&lt;/td&gt;
		&lt;td class="tabelatd2"&gt;110.00&lt;/td&gt;
		&lt;td class="tabelatd2"&gt;0.00&lt;/td&gt;
		&lt;td class="tabelatd2"&gt;&lt;/td&gt;
		&lt;td class="tabelatd2"&gt;Fulano de Tal (652.392.539-00)&lt;/td&gt;
		&lt;td class="tabelatd2"&gt;1&lt;/td&gt;
		&lt;td class="tabelatd2"&gt;Patrimonial&lt;/td&gt;
&lt;th class="tabelatd2" border="1"&gt;&lt;a class="noPrint" href="?class=ControleCobranca&amp;opera=A&amp;id=451"&gt;[Alterar] &lt;/a&gt;&lt;a class="noPrint" href="?class=ControleCobranca&amp;opera=C&amp;id=451"&gt;[Consultar] &lt;/a&gt;&lt;a class="noPrint" href="?class=ControleCobranca&amp;opera=D&amp;id=451" onClick="return ConfirmaExclusao('');"&gt;[Deletar&amp;nbsp;registro] &lt;/a&gt;&lt;a class="noPrint" href="?class=BaixarParcela&amp;id=451"&gt;[Baixar&amp;nbsp;parcela] &lt;/a&gt;&lt;a class="noPrint" href="?class=ImprimirParcela&amp;id=451"&gt;[Imprimir&amp;nbsp;parcela] &lt;/a&gt;&lt;/th&gt;
	&lt;/tr&gt;
	&lt;tr&gt;
		&lt;td class="tabelatd1"&gt;294&lt;/td&gt;
		&lt;td class="tabelatd1"&gt;Tipo Cobranca&lt;/td&gt;
		&lt;td class="tabelatd1"&gt;11/10/2018&lt;/td&gt;
		&lt;td class="tabelatd1"&gt;110.00&lt;/td&gt;
		&lt;td class="tabelatd1"&gt;0.00&lt;/td&gt;
		&lt;td class="tabelatd1"&gt;&lt;/td&gt;
		&lt;td class="tabelatd1"&gt;Fulano de Tal (652.392.539-00)&lt;/td&gt;
		&lt;td class="tabelatd1"&gt;1&lt;/td&gt;
		&lt;td class="tabelatd1"&gt;Patrimonial&lt;/td&gt;
&lt;th class="tabelatd1" border="1"&gt;&lt;a class="noPrint" href="?class=ControleCobranca&amp;opera=A&amp;id=294"&gt;[Alterar] &lt;/a&gt;&lt;a class="noPrint" href="?class=ControleCobranca&amp;opera=C&amp;id=294"&gt;[Consultar] &lt;/a&gt;&lt;a class="noPrint" href="?class=ControleCobranca&amp;opera=D&amp;id=294" onClick="return ConfirmaExclusao('');"&gt;[Deletar&amp;nbsp;registro] &lt;/a&gt;&lt;a class="noPrint" href="?class=BaixarParcela&amp;id=294"&gt;[Baixar&amp;nbsp;parcela] &lt;/a&gt;&lt;a class="noPrint" href="?class=ImprimirParcela&amp;id=294"&gt;[Imprimir&amp;nbsp;parcela] &lt;/a&gt;&lt;/th&gt;
	&lt;/tr&gt;
	&lt;tr&gt;
		&lt;td class="tabelatd2"&gt;322&lt;/td&gt;
		&lt;td class="tabelatd2"&gt;Tipo Cobranca&lt;/td&gt;
		&lt;td class="tabelatd2"&gt;11/10/2018&lt;/td&gt;
		&lt;td class="tabelatd2"&gt;110.00&lt;/td&gt;
		&lt;td class="tabelatd2"&gt;0.00&lt;/td&gt;
		&lt;td class="tabelatd2"&gt;&lt;/td&gt;
		&lt;td class="tabelatd2"&gt;Fulano de Tal (652.392.539-00)&lt;/td&gt;
		&lt;td class="tabelatd2"&gt;1&lt;/td&gt;
		&lt;td class="tabelatd2"&gt;Patrimonial&lt;/td&gt;
&lt;th class="tabelatd2" border="1"&gt;&lt;a class="noPrint" href="?class=ControleCobranca&amp;opera=A&amp;id=322"&gt;[Alterar] &lt;/a&gt;&lt;a class="noPrint" href="?class=ControleCobranca&amp;opera=C&amp;id=322"&gt;[Consultar] &lt;/a&gt;&lt;a class="noPrint" href="?class=ControleCobranca&amp;opera=D&amp;id=322" onClick="return ConfirmaExclusao('');"&gt;[Deletar&amp;nbsp;registro] &lt;/a&gt;&lt;a class="noPrint" href="?class=BaixarParcela&amp;id=322"&gt;[Baixar&amp;nbsp;parcela] &lt;/a&gt;&lt;a class="noPrint" href="?class=ImprimirParcela&amp;id=322"&gt;[Imprimir&amp;nbsp;parcela] &lt;/a&gt;&lt;/th&gt;
	&lt;/tr&gt;
	&lt;tr&gt;
		&lt;td class="tabelatd1"&gt;352&lt;/td&gt;
		&lt;td class="tabelatd1"&gt;Tipo Cobranca&lt;/td&gt;
		&lt;td class="tabelatd1"&gt;11/10/2018&lt;/td&gt;
		&lt;td class="tabelatd1"&gt;110.00&lt;/td&gt;
		&lt;td class="tabelatd1"&gt;0.00&lt;/td&gt;
		&lt;td class="tabelatd1"&gt;&lt;/td&gt;
		&lt;td class="tabelatd1"&gt;Fulano de Tal (652.392.539-00)&lt;/td&gt;
		&lt;td class="tabelatd1"&gt;1&lt;/td&gt;
		&lt;td class="tabelatd1"&gt;Patrimonial&lt;/td&gt;
&lt;th class="tabelatd1" border="1"&gt;&lt;a class="noPrint" href="?class=ControleCobranca&amp;opera=A&amp;id=352"&gt;[Alterar] &lt;/a&gt;&lt;a class="noPrint" href="?class=ControleCobranca&amp;opera=C&amp;id=352"&gt;[Consultar] &lt;/a&gt;&lt;a class="noPrint" href="?class=ControleCobranca&amp;opera=D&amp;id=352" onClick="return ConfirmaExclusao('');"&gt;[Deletar&amp;nbsp;registro] &lt;/a&gt;&lt;a class="noPrint" href="?class=BaixarParcela&amp;id=352"&gt;[Baixar&amp;nbsp;parcela] &lt;/a&gt;&lt;a class="noPrint" href="?class=ImprimirParcela&amp;id=352"&gt;[Imprimir&amp;nbsp;parcela] &lt;/a&gt;&lt;/th&gt;
	&lt;/tr&gt;
	&lt;tr&gt;
		&lt;td class="tabelatd2"&gt;384&lt;/td&gt;
		&lt;td class="tabelatd2"&gt;Tipo Cobranca&lt;/td&gt;
		&lt;td class="tabelatd2"&gt;11/10/2018&lt;/td&gt;
		&lt;td class="tabelatd2"&gt;110.00&lt;/td&gt;
		&lt;td class="tabelatd2"&gt;0.00&lt;/td&gt;
		&lt;td class="tabelatd2"&gt;&lt;/td&gt;
		&lt;td class="tabelatd2"&gt;Fulano de Tal (652.392.539-00)&lt;/td&gt;
		&lt;td class="tabelatd2"&gt;1&lt;/td&gt;
		&lt;td class="tabelatd2"&gt;Patrimonial&lt;/td&gt;
&lt;th class="tabelatd2" border="1"&gt;&lt;a class="noPrint" href="?class=ControleCobranca&amp;opera=A&amp;id=384"&gt;[Alterar] &lt;/a&gt;&lt;a class="noPrint" href="?class=ControleCobranca&amp;opera=C&amp;id=384"&gt;[Consultar] &lt;/a&gt;&lt;a class="noPrint" href="?class=ControleCobranca&amp;opera=D&amp;id=384" onClick="return ConfirmaExclusao('');"&gt;[Deletar&amp;nbsp;registro] &lt;/a&gt;&lt;a class="noPrint" href="?class=BaixarParcela&amp;id=384"&gt;[Baixar&amp;nbsp;parcela] &lt;/a&gt;&lt;a class="noPrint" href="?class=ImprimirParcela&amp;id=384"&gt;[Imprimir&amp;nbsp;parcela] &lt;/a&gt;&lt;/th&gt;
	&lt;/tr&gt;
	&lt;tr&gt;
		&lt;td class="tabelatd1"&gt;418&lt;/td&gt;
		&lt;td class="tabelatd1"&gt;Tipo Cobranca&lt;/td&gt;
		&lt;td class="tabelatd1"&gt;11/10/2018&lt;/td&gt;
		&lt;td class="tabelatd1"&gt;110.00&lt;/td&gt;
		&lt;td class="tabelatd1"&gt;0.00&lt;/td&gt;
		&lt;td class="tabelatd1"&gt;&lt;/td&gt;
		&lt;td class="tabelatd1"&gt;Fulano de Tal (652.392.539-00)&lt;/td&gt;
		&lt;td class="tabelatd1"&gt;1&lt;/td&gt;
		&lt;td class="tabelatd1"&gt;Patrimonial&lt;/td&gt;
&lt;th class="tabelatd1" border="1"&gt;&lt;a class="noPrint" href="?class=ControleCobranca&amp;opera=A&amp;id=418"&gt;[Alterar] &lt;/a&gt;&lt;a class="noPrint" href="?class=ControleCobranca&amp;opera=C&amp;id=418"&gt;[Consultar] &lt;/a&gt;&lt;a class="noPrint" href="?class=ControleCobranca&amp;opera=D&amp;id=418" onClick="return ConfirmaExclusao('');"&gt;[Deletar&amp;nbsp;registro] &lt;/a&gt;&lt;a class="noPrint" href="?class=BaixarParcela&amp;id=418"&gt;[Baixar&amp;nbsp;parcela] &lt;/a&gt;&lt;a class="noPrint" href="?class=ImprimirParcela&amp;id=418"&gt;[Imprimir&amp;nbsp;parcela] &lt;/a&gt;&lt;/th&gt;
	&lt;/tr&gt;
	&lt;tr&gt;
		&lt;td class="tabelatd2"&gt;454&lt;/td&gt;
		&lt;td class="tabelatd2"&gt;Tipo Cobranca&lt;/td&gt;
		&lt;td class="tabelatd2"&gt;11/10/2018&lt;/td&gt;
		&lt;td class="tabelatd2"&gt;110.00&lt;/td&gt;
		&lt;td class="tabelatd2"&gt;0.00&lt;/td&gt;
		&lt;td class="tabelatd2"&gt;&lt;/td&gt;
		&lt;td class="tabelatd2"&gt;Fulano de Tal (652.392.539-00)&lt;/td&gt;
		&lt;td class="tabelatd2"&gt;1&lt;/td&gt;
		&lt;td class="tabelatd2"&gt;Patrimonial&lt;/td&gt;
&lt;th class="tabelatd2" border="1"&gt;&lt;a class="noPrint" href="?class=ControleCobranca&amp;opera=A&amp;id=454"&gt;[Alterar] &lt;/a&gt;&lt;a class="noPrint" href="?class=ControleCobranca&amp;opera=C&amp;id=454"&gt;[Consultar] &lt;/a&gt;&lt;a class="noPrint" href="?class=ControleCobranca&amp;opera=D&amp;id=454" onClick="return ConfirmaExclusao('');"&gt;[Deletar&amp;nbsp;registro] &lt;/a&gt;&lt;a class="noPrint" href="?class=BaixarParcela&amp;id=454"&gt;[Baixar&amp;nbsp;parcela] &lt;/a&gt;&lt;a class="noPrint" href="?class=ImprimirParcela&amp;id=454"&gt;[Imprimir&amp;nbsp;parcela] &lt;/a&gt;&lt;/th&gt;
	&lt;/tr&gt;
	&lt;tr&gt;
		&lt;td class="tabelatd1"&gt;295&lt;/td&gt;
		&lt;td class="tabelatd1"&gt;Tipo Cobranca&lt;/td&gt;
		&lt;td class="tabelatd1"&gt;11/10/2018&lt;/td&gt;
		&lt;td class="tabelatd1"&gt;110.00&lt;/td&gt;
		&lt;td class="tabelatd1"&gt;0.00&lt;/td&gt;
		&lt;td class="tabelatd1"&gt;&lt;/td&gt;
		&lt;td class="tabelatd1"&gt;Fulano de Tal (652.392.539-00)&lt;/td&gt;
		&lt;td class="tabelatd1"&gt;1&lt;/td&gt;
		&lt;td class="tabelatd1"&gt;Patrimonial&lt;/td&gt;
&lt;th class="tabelatd1" border="1"&gt;&lt;a class="noPrint" href="?class=ControleCobranca&amp;opera=A&amp;id=295"&gt;[Alterar] &lt;/a&gt;&lt;a class="noPrint" href="?class=ControleCobranca&amp;opera=C&amp;id=295"&gt;[Consultar] &lt;/a&gt;&lt;a class="noPrint" href="?class=ControleCobranca&amp;opera=D&amp;id=295" onClick="return ConfirmaExclusao('');"&gt;[Deletar&amp;nbsp;registro] &lt;/a&gt;&lt;a class="noPrint" href="?class=BaixarParcela&amp;id=295"&gt;[Baixar&amp;nbsp;parcela] &lt;/a&gt;&lt;a class="noPrint" href="?class=ImprimirParcela&amp;id=295"&gt;[Imprimir&amp;nbsp;parcela] &lt;/a&gt;&lt;/th&gt;
	&lt;/tr&gt;
	&lt;tr&gt;
		&lt;td class="tabelatd2"&gt;323&lt;/td&gt;
		&lt;td class="tabelatd2"&gt;Tipo Cobranca&lt;/td&gt;
		&lt;td class="tabelatd2"&gt;11/10/2018&lt;/td&gt;
		&lt;td class="tabelatd2"&gt;110.00&lt;/td&gt;
		&lt;td class="tabelatd2"&gt;0.00&lt;/td&gt;
		&lt;td class="tabelatd2"&gt;&lt;/td&gt;
		&lt;td class="tabelatd2"&gt;Fulano de Tal (652.392.539-00)&lt;/td&gt;
		&lt;td class="tabelatd2"&gt;1&lt;/td&gt;
		&lt;td class="tabelatd2"&gt;Patrimonial&lt;/td&gt;
&lt;th class="tabelatd2" border="1"&gt;&lt;a class="noPrint" href="?class=ControleCobranca&amp;opera=A&amp;id=323"&gt;[Alterar] &lt;/a&gt;&lt;a class="noPrint" href="?class=ControleCobranca&amp;opera=C&amp;id=323"&gt;[Consultar] &lt;/a&gt;&lt;a class="noPrint" href="?class=ControleCobranca&amp;opera=D&amp;id=323" onClick="return ConfirmaExclusao('');"&gt;[Deletar&amp;nbsp;registro] &lt;/a&gt;&lt;a class="noPrint" href="?class=BaixarParcela&amp;id=323"&gt;[Baixar&amp;nbsp;parcela] &lt;/a&gt;&lt;a class="noPrint" href="?class=ImprimirParcela&amp;id=323"&gt;[Imprimir&amp;nbsp;parcela] &lt;/a&gt;&lt;/th&gt;
	&lt;/tr&gt;
	&lt;tr&gt;
		&lt;td class="tabelatd1"&gt;353&lt;/td&gt;
		&lt;td class="tabelatd1"&gt;Tipo Cobranca&lt;/td&gt;
		&lt;td class="tabelatd1"&gt;11/10/2018&lt;/td&gt;
		&lt;td class="tabelatd1"&gt;110.00&lt;/td&gt;
		&lt;td class="tabelatd1"&gt;0.00&lt;/td&gt;
		&lt;td class="tabelatd1"&gt;&lt;/td&gt;
		&lt;td class="tabelatd1"&gt;Fulano de Tal (652.392.539-00)&lt;/td&gt;
		&lt;td class="tabelatd1"&gt;1&lt;/td&gt;
		&lt;td class="tabelatd1"&gt;Patrimonial&lt;/td&gt;
&lt;th class="tabelatd1" border="1"&gt;&lt;a class="noPrint" href="?class=ControleCobranca&amp;opera=A&amp;id=353"&gt;[Alterar] &lt;/a&gt;&lt;a class="noPrint" href="?class=ControleCobranca&amp;opera=C&amp;id=353"&gt;[Consultar] &lt;/a&gt;&lt;a class="noPrint" href="?class=ControleCobranca&amp;opera=D&amp;id=353" onClick="return ConfirmaExclusao('');"&gt;[Deletar&amp;nbsp;registro] &lt;/a&gt;&lt;a class="noPrint" href="?class=BaixarParcela&amp;id=353"&gt;[Baixar&amp;nbsp;parcela] &lt;/a&gt;&lt;a class="noPrint" href="?class=ImprimirParcela&amp;id=353"&gt;[Imprimir&amp;nbsp;parcela] &lt;/a&gt;&lt;/th&gt;
	&lt;/tr&gt;
	&lt;tr&gt;
		&lt;td class="tabelatd2"&gt;385&lt;/td&gt;
		&lt;td class="tabelatd2"&gt;Tipo Cobranca&lt;/td&gt;
		&lt;td class="tabelatd2"&gt;11/10/2018&lt;/td&gt;
		&lt;td class="tabelatd2"&gt;110.00&lt;/td&gt;
		&lt;td class="tabelatd2"&gt;0.00&lt;/td&gt;
		&lt;td class="tabelatd2"&gt;&lt;/td&gt;
		&lt;td class="tabelatd2"&gt;Fulano de Tal (652.392.539-00)&lt;/td&gt;
		&lt;td class="tabelatd2"&gt;1&lt;/td&gt;
		&lt;td class="tabelatd2"&gt;Patrimonial&lt;/td&gt;
&lt;th class="tabelatd2" border="1"&gt;&lt;a class="noPrint" href="?class=ControleCobranca&amp;opera=A&amp;id=385"&gt;[Alterar] &lt;/a&gt;&lt;a class="noPrint" href="?class=ControleCobranca&amp;opera=C&amp;id=385"&gt;[Consultar] &lt;/a&gt;&lt;a class="noPrint" href="?class=ControleCobranca&amp;opera=D&amp;id=385" onClick="return ConfirmaExclusao('');"&gt;[Deletar&amp;nbsp;registro] &lt;/a&gt;&lt;a class="noPrint" href="?class=BaixarParcela&amp;id=385"&gt;[Baixar&amp;nbsp;parcela] &lt;/a&gt;&lt;a class="noPrint" href="?class=ImprimirParcela&amp;id=385"&gt;[Imprimir&amp;nbsp;parcela] &lt;/a&gt;&lt;/th&gt;
	&lt;/tr&gt;
	&lt;tr&gt;
		&lt;td class="tabelatd1"&gt;419&lt;/td&gt;
		&lt;td class="tabelatd1"&gt;Tipo Cobranca&lt;/td&gt;
		&lt;td class="tabelatd1"&gt;11/10/2018&lt;/td&gt;
		&lt;td class="tabelatd1"&gt;110.00&lt;/td&gt;
		&lt;td class="tabelatd1"&gt;0.00&lt;/td&gt;
		&lt;td class="tabelatd1"&gt;&lt;/td&gt;
		&lt;td class="tabelatd1"&gt;Fulano de Tal (652.392.539-00)&lt;/td&gt;
		&lt;td class="tabelatd1"&gt;1&lt;/td&gt;
		&lt;td class="tabelatd1"&gt;Patrimonial&lt;/td&gt;
&lt;th class="tabelatd1" border="1"&gt;&lt;a class="noPrint" href="?class=ControleCobranca&amp;opera=A&amp;id=419"&gt;[Alterar] &lt;/a&gt;&lt;a class="noPrint" href="?class=ControleCobranca&amp;opera=C&amp;id=419"&gt;[Consultar] &lt;/a&gt;&lt;a class="noPrint" href="?class=ControleCobranca&amp;opera=D&amp;id=419" onClick="return ConfirmaExclusao('');"&gt;[Deletar&amp;nbsp;registro] &lt;/a&gt;&lt;a class="noPrint" href="?class=BaixarParcela&amp;id=419"&gt;[Baixar&amp;nbsp;parcela] &lt;/a&gt;&lt;a class="noPrint" href="?class=ImprimirParcela&amp;id=419"&gt;[Imprimir&amp;nbsp;parcela] &lt;/a&gt;&lt;/th&gt;
	&lt;/tr&gt;
	&lt;tr&gt;
		&lt;td class="tabelatd2"&gt;455&lt;/td&gt;
		&lt;td class="tabelatd2"&gt;Tipo Cobranca&lt;/td&gt;
		&lt;td class="tabelatd2"&gt;11/10/2018&lt;/td&gt;
		&lt;td class="tabelatd2"&gt;110.00&lt;/td&gt;
		&lt;td class="tabelatd2"&gt;0.00&lt;/td&gt;
		&lt;td class="tabelatd2"&gt;&lt;/td&gt;
		&lt;td class="tabelatd2"&gt;Fulano de Tal (652.392.539-00)&lt;/td&gt;
		&lt;td class="tabelatd2"&gt;1&lt;/td&gt;
		&lt;td class="tabelatd2"&gt;Patrimonial&lt;/td&gt;
&lt;th class="tabelatd2" border="1"&gt;&lt;a class="noPrint" href="?class=ControleCobranca&amp;opera=A&amp;id=455"&gt;[Alterar] &lt;/a&gt;&lt;a class="noPrint" href="?class=ControleCobranca&amp;opera=C&amp;id=455"&gt;[Consultar] &lt;/a&gt;&lt;a class="noPrint" href="?class=ControleCobranca&amp;opera=D&amp;id=455" onClick="return ConfirmaExclusao('');"&gt;[Deletar&amp;nbsp;registro] &lt;/a&gt;&lt;a class="noPrint" href="?class=BaixarParcela&amp;id=455"&gt;[Baixar&amp;nbsp;parcela] &lt;/a&gt;&lt;a class="noPrint" href="?class=ImprimirParcela&amp;id=455"&gt;[Imprimir&amp;nbsp;parcela] &lt;/a&gt;&lt;/th&gt;
	&lt;/tr&gt;
	&lt;tr&gt;
		&lt;td class="tabelatd1"&gt;296&lt;/td&gt;
		&lt;td class="tabelatd1"&gt;Tipo Cobranca&lt;/td&gt;
		&lt;td class="tabelatd1"&gt;11/10/2018&lt;/td&gt;
		&lt;td class="tabelatd1"&gt;110.00&lt;/td&gt;
		&lt;td class="tabelatd1"&gt;0.00&lt;/td&gt;
		&lt;td class="tabelatd1"&gt;&lt;/td&gt;
		&lt;td class="tabelatd1"&gt;Fulano de Tal (652.392.539-00)&lt;/td&gt;
		&lt;td class="tabelatd1"&gt;1&lt;/td&gt;
		&lt;td class="tabelatd1"&gt;Patrimonial&lt;/td&gt;
&lt;th class="tabelatd1" border="1"&gt;&lt;a class="noPrint" href="?class=ControleCobranca&amp;opera=A&amp;id=296"&gt;[Alterar] &lt;/a&gt;&lt;a class="noPrint" href="?class=ControleCobranca&amp;opera=C&amp;id=296"&gt;[Consultar] &lt;/a&gt;&lt;a class="noPrint" href="?class=ControleCobranca&amp;opera=D&amp;id=296" onClick="return ConfirmaExclusao('');"&gt;[Deletar&amp;nbsp;registro] &lt;/a&gt;&lt;a class="noPrint" href="?class=BaixarParcela&amp;id=296"&gt;[Baixar&amp;nbsp;parcela] &lt;/a&gt;&lt;a class="noPrint" href="?class=ImprimirParcela&amp;id=296"&gt;[Imprimir&amp;nbsp;parcela] &lt;/a&gt;&lt;/th&gt;
	&lt;/tr&gt;
	&lt;tr&gt;
		&lt;td class="tabelatd2"&gt;324&lt;/td&gt;
		&lt;td class="tabelatd2"&gt;Tipo Cobranca&lt;/td&gt;
		&lt;td class="tabelatd2"&gt;11/10/2018&lt;/td&gt;
		&lt;td class="tabelatd2"&gt;110.00&lt;/td&gt;
		&lt;td class="tabelatd2"&gt;0.00&lt;/td&gt;
		&lt;td class="tabelatd2"&gt;&lt;/td&gt;
		&lt;td class="tabelatd2"&gt;Fulano de Tal (652.392.539-00)&lt;/td&gt;
		&lt;td class="tabelatd2"&gt;1&lt;/td&gt;
		&lt;td class="tabelatd2"&gt;Patrimonial&lt;/td&gt;
&lt;th class="tabelatd2" border="1"&gt;&lt;a class="noPrint" href="?class=ControleCobranca&amp;opera=A&amp;id=324"&gt;[Alterar] &lt;/a&gt;&lt;a class="noPrint" href="?class=ControleCobranca&amp;opera=C&amp;id=324"&gt;[Consultar] &lt;/a&gt;&lt;a class="noPrint" href="?class=ControleCobranca&amp;opera=D&amp;id=324" onClick="return ConfirmaExclusao('');"&gt;[Deletar&amp;nbsp;registro] &lt;/a&gt;&lt;a class="noPrint" href="?class=BaixarParcela&amp;id=324"&gt;[Baixar&amp;nbsp;parcela] &lt;/a&gt;&lt;a class="noPrint" href="?class=ImprimirParcela&amp;id=324"&gt;[Imprimir&amp;nbsp;parcela] &lt;/a&gt;&lt;/th&gt;
	&lt;/tr&gt;
	&lt;tr&gt;
		&lt;td class="tabelatd1"&gt;354&lt;/td&gt;
		&lt;td class="tabelatd1"&gt;Tipo Cobranca&lt;/td&gt;
		&lt;td class="tabelatd1"&gt;11/10/2018&lt;/td&gt;
		&lt;td class="tabelatd1"&gt;110.00&lt;/td&gt;
		&lt;td class="tabelatd1"&gt;0.00&lt;/td&gt;
		&lt;td class="tabelatd1"&gt;&lt;/td&gt;
		&lt;td class="tabelatd1"&gt;Fulano de Tal (652.392.539-00)&lt;/td&gt;
		&lt;td class="tabelatd1"&gt;1&lt;/td&gt;
		&lt;td class="tabelatd1"&gt;Patrimonial&lt;/td&gt;
&lt;th class="tabelatd1" border="1"&gt;&lt;a class="noPrint" href="?class=ControleCobranca&amp;opera=A&amp;id=354"&gt;[Alterar] &lt;/a&gt;&lt;a class="noPrint" href="?class=ControleCobranca&amp;opera=C&amp;id=354"&gt;[Consultar] &lt;/a&gt;&lt;a class="noPrint" href="?class=ControleCobranca&amp;opera=D&amp;id=354" onClick="return ConfirmaExclusao('');"&gt;[Deletar&amp;nbsp;registro] &lt;/a&gt;&lt;a class="noPrint" href="?class=BaixarParcela&amp;id=354"&gt;[Baixar&amp;nbsp;parcela] &lt;/a&gt;&lt;a class="noPrint" href="?class=ImprimirParcela&amp;id=354"&gt;[Imprimir&amp;nbsp;parcela] &lt;/a&gt;&lt;/th&gt;
	&lt;/tr&gt;
	&lt;tr&gt;
		&lt;td class="tabelatd2"&gt;386&lt;/td&gt;
		&lt;td class="tabelatd2"&gt;Tipo Cobranca&lt;/td&gt;
		&lt;td class="tabelatd2"&gt;11/10/2018&lt;/td&gt;
		&lt;td class="tabelatd2"&gt;110.00&lt;/td&gt;
		&lt;td class="tabelatd2"&gt;0.00&lt;/td&gt;
		&lt;td class="tabelatd2"&gt;&lt;/td&gt;
		&lt;td class="tabelatd2"&gt;Fulano de Tal (652.392.539-00)&lt;/td&gt;
		&lt;td class="tabelatd2"&gt;1&lt;/td&gt;
		&lt;td class="tabelatd2"&gt;Patrimonial&lt;/td&gt;
&lt;th class="tabelatd2" border="1"&gt;&lt;a class="noPrint" href="?class=ControleCobranca&amp;opera=A&amp;id=386"&gt;[Alterar] &lt;/a&gt;&lt;a class="noPrint" href="?class=ControleCobranca&amp;opera=C&amp;id=386"&gt;[Consultar] &lt;/a&gt;&lt;a class="noPrint" href="?class=ControleCobranca&amp;opera=D&amp;id=386" onClick="return ConfirmaExclusao('');"&gt;[Deletar&amp;nbsp;registro] &lt;/a&gt;&lt;a class="noPrint" href="?class=BaixarParcela&amp;id=386"&gt;[Baixar&amp;nbsp;parcela] &lt;/a&gt;&lt;a class="noPrint" href="?class=ImprimirParcela&amp;id=386"&gt;[Imprimir&amp;nbsp;parcela] &lt;/a&gt;&lt;/th&gt;
	&lt;/tr&gt;
	&lt;tr&gt;
		&lt;td class="tabelatd1"&gt;420&lt;/td&gt;
		&lt;td class="tabelatd1"&gt;Tipo Cobranca&lt;/td&gt;
		&lt;td class="tabelatd1"&gt;11/10/2018&lt;/td&gt;
		&lt;td class="tabelatd1"&gt;110.00&lt;/td&gt;
		&lt;td class="tabelatd1"&gt;0.00&lt;/td&gt;
		&lt;td class="tabelatd1"&gt;&lt;/td&gt;
		&lt;td class="tabelatd1"&gt;Fulano de Tal (652.392.539-00)&lt;/td&gt;
		&lt;td class="tabelatd1"&gt;1&lt;/td&gt;
		&lt;td class="tabelatd1"&gt;Patrimonial&lt;/td&gt;
&lt;th class="tabelatd1" border="1"&gt;&lt;a class="noPrint" href="?class=ControleCobranca&amp;opera=A&amp;id=420"&gt;[Alterar] &lt;/a&gt;&lt;a class="noPrint" href="?class=ControleCobranca&amp;opera=C&amp;id=420"&gt;[Consultar] &lt;/a&gt;&lt;a class="noPrint" href="?class=ControleCobranca&amp;opera=D&amp;id=420" onClick="return ConfirmaExclusao('');"&gt;[Deletar&amp;nbsp;registro] &lt;/a&gt;&lt;a class="noPrint" href="?class=BaixarParcela&amp;id=420"&gt;[Baixar&amp;nbsp;parcela] &lt;/a&gt;&lt;a class="noPrint" href="?class=ImprimirParcela&amp;id=420"&gt;[Imprimir&amp;nbsp;parcela] &lt;/a&gt;&lt;/th&gt;
	&lt;/tr&gt;
	&lt;tr&gt;
		&lt;td class="tabelatd2"&gt;456&lt;/td&gt;
		&lt;td class="tabelatd2"&gt;Tipo Cobranca&lt;/td&gt;
		&lt;td class="tabelatd2"&gt;11/10/2018&lt;/td&gt;
		&lt;td class="tabelatd2"&gt;110.00&lt;/td&gt;
		&lt;td class="tabelatd2"&gt;0.00&lt;/td&gt;
		&lt;td class="tabelatd2"&gt;&lt;/td&gt;
		&lt;td class="tabelatd2"&gt;Fulano de Tal (652.392.539-00)&lt;/td&gt;
		&lt;td class="tabelatd2"&gt;1&lt;/td&gt;
		&lt;td class="tabelatd2"&gt;Patrimonial&lt;/td&gt;
&lt;th class="tabelatd2" border="1"&gt;&lt;a class="noPrint" href="?class=ControleCobranca&amp;opera=A&amp;id=456"&gt;[Alterar] &lt;/a&gt;&lt;a class="noPrint" href="?class=ControleCobranca&amp;opera=C&amp;id=456"&gt;[Consultar] &lt;/a&gt;&lt;a class="noPrint" href="?class=ControleCobranca&amp;opera=D&amp;id=456" onClick="return ConfirmaExclusao('');"&gt;[Deletar&amp;nbsp;registro] &lt;/a&gt;&lt;a class="noPrint" href="?class=BaixarParcela&amp;id=456"&gt;[Baixar&amp;nbsp;parcela] &lt;/a&gt;&lt;a class="noPrint" href="?class=ImprimirParcela&amp;id=456"&gt;[Imprimir&amp;nbsp;parcela] &lt;/a&gt;&lt;/th&gt;
	&lt;/tr&gt;
	&lt;tr&gt;
		&lt;td class="tabelatd1"&gt;297&lt;/td&gt;
		&lt;td class="tabelatd1"&gt;Tipo Cobranca&lt;/td&gt;
		&lt;td class="tabelatd1"&gt;11/10/2018&lt;/td&gt;
		&lt;td class="tabelatd1"&gt;110.00&lt;/td&gt;
		&lt;td class="tabelatd1"&gt;0.00&lt;/td&gt;
		&lt;td class="tabelatd1"&gt;&lt;/td&gt;
		&lt;td class="tabelatd1"&gt;Fulano de Tal (652.392.539-00)&lt;/td&gt;
		&lt;td class="tabelatd1"&gt;1&lt;/td&gt;
		&lt;td class="tabelatd1"&gt;Patrimonial&lt;/td&gt;
&lt;th class="tabelatd1" border="1"&gt;&lt;a class="noPrint" href="?class=ControleCobranca&amp;opera=A&amp;id=297"&gt;[Alterar] &lt;/a&gt;&lt;a class="noPrint" href="?class=ControleCobranca&amp;opera=C&amp;id=297"&gt;[Consultar] &lt;/a&gt;&lt;a class="noPrint" href="?class=ControleCobranca&amp;opera=D&amp;id=297" onClick="return ConfirmaExclusao('');"&gt;[Deletar&amp;nbsp;registro] &lt;/a&gt;&lt;a class="noPrint" href="?class=BaixarParcela&amp;id=297"&gt;[Baixar&amp;nbsp;parcela] &lt;/a&gt;&lt;a class="noPrint" href="?class=ImprimirParcela&amp;id=297"&gt;[Imprimir&amp;nbsp;parcela] &lt;/a&gt;&lt;/th&gt;
	&lt;/tr&gt;
	&lt;tr&gt;
		&lt;td class="tabelatd2"&gt;325&lt;/td&gt;
		&lt;td class="tabelatd2"&gt;Tipo Cobranca&lt;/td&gt;
		&lt;td class="tabelatd2"&gt;11/10/2018&lt;/td&gt;
		&lt;td class="tabelatd2"&gt;110.00&lt;/td&gt;
		&lt;td class="tabelatd2"&gt;0.00&lt;/td&gt;
		&lt;td class="tabelatd2"&gt;&lt;/td&gt;
		&lt;td class="tabelatd2"&gt;Fulano de Tal (652.392.539-00)&lt;/td&gt;
		&lt;td class="tabelatd2"&gt;1&lt;/td&gt;
		&lt;td class="tabelatd2"&gt;Patrimonial&lt;/td&gt;
&lt;th class="tabelatd2" border="1"&gt;&lt;a class="noPrint" href="?class=ControleCobranca&amp;opera=A&amp;id=325"&gt;[Alterar] &lt;/a&gt;&lt;a class="noPrint" href="?class=ControleCobranca&amp;opera=C&amp;id=325"&gt;[Consultar] &lt;/a&gt;&lt;a class="noPrint" href="?class=ControleCobranca&amp;opera=D&amp;id=325" onClick="return ConfirmaExclusao('');"&gt;[Deletar&amp;nbsp;registro] &lt;/a&gt;&lt;a class="noPrint" href="?class=BaixarParcela&amp;id=325"&gt;[Baixar&amp;nbsp;parcela] &lt;/a&gt;&lt;a class="noPrint" href="?class=ImprimirParcela&amp;id=325"&gt;[Imprimir&amp;nbsp;parcela] &lt;/a&gt;&lt;/th&gt;
	&lt;/tr&gt;
	&lt;tr&gt;
		&lt;td class="tabelatd1"&gt;355&lt;/td&gt;
		&lt;td class="tabelatd1"&gt;Tipo Cobranca&lt;/td&gt;
		&lt;td class="tabelatd1"&gt;11/10/2018&lt;/td&gt;
		&lt;td class="tabelatd1"&gt;110.00&lt;/td&gt;
		&lt;td class="tabelatd1"&gt;0.00&lt;/td&gt;
		&lt;td class="tabelatd1"&gt;&lt;/td&gt;
		&lt;td class="tabelatd1"&gt;Fulano de Tal (652.392.539-00)&lt;/td&gt;
		&lt;td class="tabelatd1"&gt;1&lt;/td&gt;
		&lt;td class="tabelatd1"&gt;Patrimonial&lt;/td&gt;
&lt;th class="tabelatd1" border="1"&gt;&lt;a class="noPrint" href="?class=ControleCobranca&amp;opera=A&amp;id=355"&gt;[Alterar] &lt;/a&gt;&lt;a class="noPrint" href="?class=ControleCobranca&amp;opera=C&amp;id=355"&gt;[Consultar] &lt;/a&gt;&lt;a class="noPrint" href="?class=ControleCobranca&amp;opera=D&amp;id=355" onClick="return ConfirmaExclusao('');"&gt;[Deletar&amp;nbsp;registro] &lt;/a&gt;&lt;a class="noPrint" href="?class=BaixarParcela&amp;id=355"&gt;[Baixar&amp;nbsp;parcela] &lt;/a&gt;&lt;a class="noPrint" href="?class=ImprimirParcela&amp;id=355"&gt;[Imprimir&amp;nbsp;parcela] &lt;/a&gt;&lt;/th&gt;
	&lt;/tr&gt;
	&lt;tr&gt;
		&lt;td class="tabelatd2"&gt;387&lt;/td&gt;
		&lt;td class="tabelatd2"&gt;Tipo Cobranca&lt;/td&gt;
		&lt;td class="tabelatd2"&gt;11/10/2018&lt;/td&gt;
		&lt;td class="tabelatd2"&gt;110.00&lt;/td&gt;
		&lt;td class="tabelatd2"&gt;0.00&lt;/td&gt;
		&lt;td class="tabelatd2"&gt;&lt;/td&gt;
		&lt;td class="tabelatd2"&gt;Fulano de Tal (652.392.539-00)&lt;/td&gt;
		&lt;td class="tabelatd2"&gt;1&lt;/td&gt;
		&lt;td class="tabelatd2"&gt;Patrimonial&lt;/td&gt;
&lt;th class="tabelatd2" border="1"&gt;&lt;a class="noPrint" href="?class=ControleCobranca&amp;opera=A&amp;id=387"&gt;[Alterar] &lt;/a&gt;&lt;a class="noPrint" href="?class=ControleCobranca&amp;opera=C&amp;id=387"&gt;[Consultar] &lt;/a&gt;&lt;a class="noPrint" href="?class=ControleCobranca&amp;opera=D&amp;id=387" onClick="return ConfirmaExclusao('');"&gt;[Deletar&amp;nbsp;registro] &lt;/a&gt;&lt;a class="noPrint" href="?class=BaixarParcela&amp;id=387"&gt;[Baixar&amp;nbsp;parcela] &lt;/a&gt;&lt;a class="noPrint" href="?class=ImprimirParcela&amp;id=387"&gt;[Imprimir&amp;nbsp;parcela] &lt;/a&gt;&lt;/th&gt;
	&lt;/tr&gt;
	&lt;tr&gt;
		&lt;td class="tabelatd1"&gt;421&lt;/td&gt;
		&lt;td class="tabelatd1"&gt;Tipo Cobranca&lt;/td&gt;
		&lt;td class="tabelatd1"&gt;11/10/2018&lt;/td&gt;
		&lt;td class="tabelatd1"&gt;110.00&lt;/td&gt;
		&lt;td class="tabelatd1"&gt;0.00&lt;/td&gt;
		&lt;td class="tabelatd1"&gt;&lt;/td&gt;
		&lt;td class="tabelatd1"&gt;Fulano de Tal (652.392.539-00)&lt;/td&gt;
		&lt;td class="tabelatd1"&gt;1&lt;/td&gt;
		&lt;td class="tabelatd1"&gt;Patrimonial&lt;/td&gt;
&lt;th class="tabelatd1" border="1"&gt;&lt;a class="noPrint" href="?class=ControleCobranca&amp;opera=A&amp;id=421"&gt;[Alterar] &lt;/a&gt;&lt;a class="noPrint" href="?class=ControleCobranca&amp;opera=C&amp;id=421"&gt;[Consultar] &lt;/a&gt;&lt;a class="noPrint" href="?class=ControleCobranca&amp;opera=D&amp;id=421" onClick="return ConfirmaExclusao('');"&gt;[Deletar&amp;nbsp;registro] &lt;/a&gt;&lt;a class="noPrint" href="?class=BaixarParcela&amp;id=421"&gt;[Baixar&amp;nbsp;parcela] &lt;/a&gt;&lt;a class="noPrint" href="?class=ImprimirParcela&amp;id=421"&gt;[Imprimir&amp;nbsp;parcela] &lt;/a&gt;&lt;/th&gt;
	&lt;/tr&gt;
	&lt;tr&gt;
		&lt;td class="tabelatd2"&gt;457&lt;/td&gt;
		&lt;td class="tabelatd2"&gt;Tipo Cobranca&lt;/td&gt;
		&lt;td class="tabelatd2"&gt;11/10/2018&lt;/td&gt;
		&lt;td class="tabelatd2"&gt;110.00&lt;/td&gt;
		&lt;td class="tabelatd2"&gt;0.00&lt;/td&gt;
		&lt;td class="tabelatd2"&gt;&lt;/td&gt;
		&lt;td class="tabelatd2"&gt;Fulano de Tal (652.392.539-00)&lt;/td&gt;
		&lt;td class="tabelatd2"&gt;1&lt;/td&gt;
		&lt;td class="tabelatd2"&gt;Patrimonial&lt;/td&gt;
&lt;th class="tabelatd2" border="1"&gt;&lt;a class="noPrint" href="?class=ControleCobranca&amp;opera=A&amp;id=457"&gt;[Alterar] &lt;/a&gt;&lt;a class="noPrint" href="?class=ControleCobranca&amp;opera=C&amp;id=457"&gt;[Consultar] &lt;/a&gt;&lt;a class="noPrint" href="?class=ControleCobranca&amp;opera=D&amp;id=457" onClick="return ConfirmaExclusao('');"&gt;[Deletar&amp;nbsp;registro] &lt;/a&gt;&lt;a class="noPrint" href="?class=BaixarParcela&amp;id=457"&gt;[Baixar&amp;nbsp;parcela] &lt;/a&gt;&lt;a class="noPrint" href="?class=ImprimirParcela&amp;id=457"&gt;[Imprimir&amp;nbsp;parcela] &lt;/a&gt;&lt;/th&gt;
	&lt;/tr&gt;
	&lt;tr&gt;
		&lt;td class="tabelatd1"&gt;298&lt;/td&gt;
		&lt;td class="tabelatd1"&gt;Tipo Cobranca&lt;/td&gt;
		&lt;td class="tabelatd1"&gt;11/10/2018&lt;/td&gt;
		&lt;td class="tabelatd1"&gt;110.00&lt;/td&gt;
		&lt;td class="tabelatd1"&gt;0.00&lt;/td&gt;
		&lt;td class="tabelatd1"&gt;&lt;/td&gt;
		&lt;td class="tabelatd1"&gt;Fulano de Tal (652.392.539-00)&lt;/td&gt;
		&lt;td class="tabelatd1"&gt;1&lt;/td&gt;
		&lt;td class="tabelatd1"&gt;Patrimonial&lt;/td&gt;
&lt;th class="tabelatd1" border="1"&gt;&lt;a class="noPrint" href="?class=ControleCobranca&amp;opera=A&amp;id=298"&gt;[Alterar] &lt;/a&gt;&lt;a class="noPrint" href="?class=ControleCobranca&amp;opera=C&amp;id=298"&gt;[Consultar] &lt;/a&gt;&lt;a class="noPrint" href="?class=ControleCobranca&amp;opera=D&amp;id=298" onClick="return ConfirmaExclusao('');"&gt;[Deletar&amp;nbsp;registro] &lt;/a&gt;&lt;a class="noPrint" href="?class=BaixarParcela&amp;id=298"&gt;[Baixar&amp;nbsp;parcela] &lt;/a&gt;&lt;a class="noPrint" href="?class=ImprimirParcela&amp;id=298"&gt;[Imprimir&amp;nbsp;parcela] &lt;/a&gt;&lt;/th&gt;
	&lt;/tr&gt;
	&lt;tr&gt;
		&lt;td class="tabelatd2"&gt;326&lt;/td&gt;
		&lt;td class="tabelatd2"&gt;Tipo Cobranca&lt;/td&gt;
		&lt;td class="tabelatd2"&gt;11/10/2018&lt;/td&gt;
		&lt;td class="tabelatd2"&gt;110.00&lt;/td&gt;
		&lt;td class="tabelatd2"&gt;0.00&lt;/td&gt;
		&lt;td class="tabelatd2"&gt;&lt;/td&gt;
		&lt;td class="tabelatd2"&gt;Fulano de Tal (652.392.539-00)&lt;/td&gt;
		&lt;td class="tabelatd2"&gt;1&lt;/td&gt;
		&lt;td class="tabelatd2"&gt;Patrimonial&lt;/td&gt;
&lt;th class="tabelatd2" border="1"&gt;&lt;a class="noPrint" href="?class=ControleCobranca&amp;opera=A&amp;id=326"&gt;[Alterar] &lt;/a&gt;&lt;a class="noPrint" href="?class=ControleCobranca&amp;opera=C&amp;id=326"&gt;[Consultar] &lt;/a&gt;&lt;a class="noPrint" href="?class=ControleCobranca&amp;opera=D&amp;id=326" onClick="return ConfirmaExclusao('');"&gt;[Deletar&amp;nbsp;registro] &lt;/a&gt;&lt;a class="noPrint" href="?class=BaixarParcela&amp;id=326"&gt;[Baixar&amp;nbsp;parcela] &lt;/a&gt;&lt;a class="noPrint" href="?class=ImprimirParcela&amp;id=326"&gt;[Imprimir&amp;nbsp;parcela] &lt;/a&gt;&lt;/th&gt;
	&lt;/tr&gt;
	&lt;tr&gt;
		&lt;td class="tabelatd1"&gt;356&lt;/td&gt;
		&lt;td class="tabelatd1"&gt;Tipo Cobranca&lt;/td&gt;
		&lt;td class="tabelatd1"&gt;11/10/2018&lt;/td&gt;
		&lt;td class="tabelatd1"&gt;110.00&lt;/td&gt;
		&lt;td class="tabelatd1"&gt;0.00&lt;/td&gt;
		&lt;td class="tabelatd1"&gt;&lt;/td&gt;
		&lt;td class="tabelatd1"&gt;Fulano de Tal (652.392.539-00)&lt;/td&gt;
		&lt;td class="tabelatd1"&gt;1&lt;/td&gt;
		&lt;td class="tabelatd1"&gt;Patrimonial&lt;/td&gt;
&lt;th class="tabelatd1" border="1"&gt;&lt;a class="noPrint" href="?class=ControleCobranca&amp;opera=A&amp;id=356"&gt;[Alterar] &lt;/a&gt;&lt;a class="noPrint" href="?class=ControleCobranca&amp;opera=C&amp;id=356"&gt;[Consultar] &lt;/a&gt;&lt;a class="noPrint" href="?class=ControleCobranca&amp;opera=D&amp;id=356" onClick="return ConfirmaExclusao('');"&gt;[Deletar&amp;nbsp;registro] &lt;/a&gt;&lt;a class="noPrint" href="?class=BaixarParcela&amp;id=356"&gt;[Baixar&amp;nbsp;parcela] &lt;/a&gt;&lt;a class="noPrint" href="?class=ImprimirParcela&amp;id=356"&gt;[Imprimir&amp;nbsp;parcela] &lt;/a&gt;&lt;/th&gt;
	&lt;/tr&gt;
	&lt;tr&gt;
		&lt;td class="tabelatd2"&gt;388&lt;/td&gt;
		&lt;td class="tabelatd2"&gt;Tipo Cobranca&lt;/td&gt;
		&lt;td class="tabelatd2"&gt;11/10/2018&lt;/td&gt;
		&lt;td class="tabelatd2"&gt;110.00&lt;/td&gt;
		&lt;td class="tabelatd2"&gt;0.00&lt;/td&gt;
		&lt;td class="tabelatd2"&gt;&lt;/td&gt;
		&lt;td class="tabelatd2"&gt;Fulano de Tal (652.392.539-00)&lt;/td&gt;
		&lt;td class="tabelatd2"&gt;1&lt;/td&gt;
		&lt;td class="tabelatd2"&gt;Patrimonial&lt;/td&gt;
&lt;th class="tabelatd2" border="1"&gt;&lt;a class="noPrint" href="?class=ControleCobranca&amp;opera=A&amp;id=388"&gt;[Alterar] &lt;/a&gt;&lt;a class="noPrint" href="?class=ControleCobranca&amp;opera=C&amp;id=388"&gt;[Consultar] &lt;/a&gt;&lt;a class="noPrint" href="?class=ControleCobranca&amp;opera=D&amp;id=388" onClick="return ConfirmaExclusao('');"&gt;[Deletar&amp;nbsp;registro] &lt;/a&gt;&lt;a class="noPrint" href="?class=BaixarParcela&amp;id=388"&gt;[Baixar&amp;nbsp;parcela] &lt;/a&gt;&lt;a class="noPrint" href="?class=ImprimirParcela&amp;id=388"&gt;[Imprimir&amp;nbsp;parcela] &lt;/a&gt;&lt;/th&gt;
	&lt;/tr&gt;
	&lt;tr&gt;
		&lt;td class="tabelatd1"&gt;422&lt;/td&gt;
		&lt;td class="tabelatd1"&gt;Tipo Cobranca&lt;/td&gt;
		&lt;td class="tabelatd1"&gt;11/10/2018&lt;/td&gt;
		&lt;td class="tabelatd1"&gt;110.00&lt;/td&gt;
		&lt;td class="tabelatd1"&gt;0.00&lt;/td&gt;
		&lt;td class="tabelatd1"&gt;&lt;/td&gt;
		&lt;td class="tabelatd1"&gt;Fulano de Tal (652.392.539-00)&lt;/td&gt;
		&lt;td class="tabelatd1"&gt;1&lt;/td&gt;
		&lt;td class="tabelatd1"&gt;Patrimonial&lt;/td&gt;
&lt;th class="tabelatd1" border="1"&gt;&lt;a class="noPrint" href="?class=ControleCobranca&amp;opera=A&amp;id=422"&gt;[Alterar] &lt;/a&gt;&lt;a class="noPrint" href="?class=ControleCobranca&amp;opera=C&amp;id=422"&gt;[Consultar] &lt;/a&gt;&lt;a class="noPrint" href="?class=ControleCobranca&amp;opera=D&amp;id=422" onClick="return ConfirmaExclusao('');"&gt;[Deletar&amp;nbsp;registro] &lt;/a&gt;&lt;a class="noPrint" href="?class=BaixarParcela&amp;id=422"&gt;[Baixar&amp;nbsp;parcela] &lt;/a&gt;&lt;a class="noPrint" href="?class=ImprimirParcela&amp;id=422"&gt;[Imprimir&amp;nbsp;parcela] &lt;/a&gt;&lt;/th&gt;
	&lt;/tr&gt;
	&lt;tr&gt;
		&lt;td class="tabelatd2"&gt;458&lt;/td&gt;
		&lt;td class="tabelatd2"&gt;Tipo Cobranca&lt;/td&gt;
		&lt;td class="tabelatd2"&gt;11/10/2018&lt;/td&gt;
		&lt;td class="tabelatd2"&gt;110.00&lt;/td&gt;
		&lt;td class="tabelatd2"&gt;0.00&lt;/td&gt;
		&lt;td class="tabelatd2"&gt;&lt;/td&gt;
		&lt;td class="tabelatd2"&gt;Fulano de Tal (652.392.539-00)&lt;/td&gt;
		&lt;td class="tabelatd2"&gt;1&lt;/td&gt;
		&lt;td class="tabelatd2"&gt;Patrimonial&lt;/td&gt;
&lt;th class="tabelatd2" border="1"&gt;&lt;a class="noPrint" href="?class=ControleCobranca&amp;opera=A&amp;id=458"&gt;[Alterar] &lt;/a&gt;&lt;a class="noPrint" href="?class=ControleCobranca&amp;opera=C&amp;id=458"&gt;[Consultar] &lt;/a&gt;&lt;a class="noPrint" href="?class=ControleCobranca&amp;opera=D&amp;id=458" onClick="return ConfirmaExclusao('');"&gt;[Deletar&amp;nbsp;registro] &lt;/a&gt;&lt;a class="noPrint" href="?class=BaixarParcela&amp;id=458"&gt;[Baixar&amp;nbsp;parcela] &lt;/a&gt;&lt;a class="noPrint" href="?class=ImprimirParcela&amp;id=458"&gt;[Imprimir&amp;nbsp;parcela] &lt;/a&gt;&lt;/th&gt;
	&lt;/tr&gt;
	&lt;tr&gt;
		&lt;td class="tabelatd1"&gt;299&lt;/td&gt;
		&lt;td class="tabelatd1"&gt;Tipo Cobranca&lt;/td&gt;
		&lt;td class="tabelatd1"&gt;11/10/2018&lt;/td&gt;
		&lt;td class="tabelatd1"&gt;110.00&lt;/td&gt;
		&lt;td class="tabelatd1"&gt;0.00&lt;/td&gt;
		&lt;td class="tabelatd1"&gt;&lt;/td&gt;
		&lt;td class="tabelatd1"&gt;Fulano de Tal (652.392.539-00)&lt;/td&gt;
		&lt;td class="tabelatd1"&gt;1&lt;/td&gt;
		&lt;td class="tabelatd1"&gt;Patrimonial&lt;/td&gt;
&lt;th class="tabelatd1" border="1"&gt;&lt;a class="noPrint" href="?class=ControleCobranca&amp;opera=A&amp;id=299"&gt;[Alterar] &lt;/a&gt;&lt;a class="noPrint" href="?class=ControleCobranca&amp;opera=C&amp;id=299"&gt;[Consultar] &lt;/a&gt;&lt;a class="noPrint" href="?class=ControleCobranca&amp;opera=D&amp;id=299" onClick="return ConfirmaExclusao('');"&gt;[Deletar&amp;nbsp;registro] &lt;/a&gt;&lt;a class="noPrint" href="?class=BaixarParcela&amp;id=299"&gt;[Baixar&amp;nbsp;parcela] &lt;/a&gt;&lt;a class="noPrint" href="?class=ImprimirParcela&amp;id=299"&gt;[Imprimir&amp;nbsp;parcela] &lt;/a&gt;&lt;/th&gt;
	&lt;/tr&gt;
	&lt;tr&gt;
		&lt;td class="tabelatd2"&gt;327&lt;/td&gt;
		&lt;td class="tabelatd2"&gt;Tipo Cobranca&lt;/td&gt;
		&lt;td class="tabelatd2"&gt;11/10/2018&lt;/td&gt;
		&lt;td class="tabelatd2"&gt;110.00&lt;/td&gt;
		&lt;td class="tabelatd2"&gt;0.00&lt;/td&gt;
		&lt;td class="tabelatd2"&gt;&lt;/td&gt;
		&lt;td class="tabelatd2"&gt;Fulano de Tal (652.392.539-00)&lt;/td&gt;
		&lt;td class="tabelatd2"&gt;1&lt;/td&gt;
		&lt;td class="tabelatd2"&gt;Patrimonial&lt;/td&gt;
&lt;th class="tabelatd2" border="1"&gt;&lt;a class="noPrint" href="?class=ControleCobranca&amp;opera=A&amp;id=327"&gt;[Alterar] &lt;/a&gt;&lt;a class="noPrint" href="?class=ControleCobranca&amp;opera=C&amp;id=327"&gt;[Consultar] &lt;/a&gt;&lt;a class="noPrint" href="?class=ControleCobranca&amp;opera=D&amp;id=327" onClick="return ConfirmaExclusao('');"&gt;[Deletar&amp;nbsp;registro] &lt;/a&gt;&lt;a class="noPrint" href="?class=BaixarParcela&amp;id=327"&gt;[Baixar&amp;nbsp;parcela] &lt;/a&gt;&lt;a class="noPrint" href="?class=ImprimirParcela&amp;id=327"&gt;[Imprimir&amp;nbsp;parcela] &lt;/a&gt;&lt;/th&gt;
	&lt;/tr&gt;
	&lt;tr&gt;
		&lt;td class="tabelatd1"&gt;357&lt;/td&gt;
		&lt;td class="tabelatd1"&gt;Tipo Cobranca&lt;/td&gt;
		&lt;td class="tabelatd1"&gt;11/10/2018&lt;/td&gt;
		&lt;td class="tabelatd1"&gt;110.00&lt;/td&gt;
		&lt;td class="tabelatd1"&gt;0.00&lt;/td&gt;
		&lt;td class="tabelatd1"&gt;&lt;/td&gt;
		&lt;td class="tabelatd1"&gt;Fulano de Tal (652.392.539-00)&lt;/td&gt;
		&lt;td class="tabelatd1"&gt;1&lt;/td&gt;
		&lt;td class="tabelatd1"&gt;Patrimonial&lt;/td&gt;
&lt;th class="tabelatd1" border="1"&gt;&lt;a class="noPrint" href="?class=ControleCobranca&amp;opera=A&amp;id=357"&gt;[Alterar] &lt;/a&gt;&lt;a class="noPrint" href="?class=ControleCobranca&amp;opera=C&amp;id=357"&gt;[Consultar] &lt;/a&gt;&lt;a class="noPrint" href="?class=ControleCobranca&amp;opera=D&amp;id=357" onClick="return ConfirmaExclusao('');"&gt;[Deletar&amp;nbsp;registro] &lt;/a&gt;&lt;a class="noPrint" href="?class=BaixarParcela&amp;id=357"&gt;[Baixar&amp;nbsp;parcela] &lt;/a&gt;&lt;a class="noPrint" href="?class=ImprimirParcela&amp;id=357"&gt;[Imprimir&amp;nbsp;parcela] &lt;/a&gt;&lt;/th&gt;
	&lt;/tr&gt;
	&lt;tr&gt;
		&lt;td class="tabelatd2"&gt;389&lt;/td&gt;
		&lt;td class="tabelatd2"&gt;Tipo Cobranca&lt;/td&gt;
		&lt;td class="tabelatd2"&gt;11/10/2018&lt;/td&gt;
		&lt;td class="tabelatd2"&gt;110.00&lt;/td&gt;
		&lt;td class="tabelatd2"&gt;0.00&lt;/td&gt;
		&lt;td class="tabelatd2"&gt;&lt;/td&gt;
		&lt;td class="tabelatd2"&gt;Fulano de Tal (652.392.539-00)&lt;/td&gt;
		&lt;td class="tabelatd2"&gt;1&lt;/td&gt;
		&lt;td class="tabelatd2"&gt;Patrimonial&lt;/td&gt;
&lt;th class="tabelatd2" border="1"&gt;&lt;a class="noPrint" href="?class=ControleCobranca&amp;opera=A&amp;id=389"&gt;[Alterar] &lt;/a&gt;&lt;a class="noPrint" href="?class=ControleCobranca&amp;opera=C&amp;id=389"&gt;[Consultar] &lt;/a&gt;&lt;a class="noPrint" href="?class=ControleCobranca&amp;opera=D&amp;id=389" onClick="return ConfirmaExclusao('');"&gt;[Deletar&amp;nbsp;registro] &lt;/a&gt;&lt;a class="noPrint" href="?class=BaixarParcela&amp;id=389"&gt;[Baixar&amp;nbsp;parcela] &lt;/a&gt;&lt;a class="noPrint" href="?class=ImprimirParcela&amp;id=389"&gt;[Imprimir&amp;nbsp;parcela] &lt;/a&gt;&lt;/th&gt;
	&lt;/tr&gt;
	&lt;tr&gt;
		&lt;td class="tabelatd1"&gt;423&lt;/td&gt;
		&lt;td class="tabelatd1"&gt;Tipo Cobranca&lt;/td&gt;
		&lt;td class="tabelatd1"&gt;11/10/2018&lt;/td&gt;
		&lt;td class="tabelatd1"&gt;110.00&lt;/td&gt;
		&lt;td class="tabelatd1"&gt;0.00&lt;/td&gt;
		&lt;td class="tabelatd1"&gt;&lt;/td&gt;
		&lt;td class="tabelatd1"&gt;Fulano de Tal (652.392.539-00)&lt;/td&gt;
		&lt;td class="tabelatd1"&gt;1&lt;/td&gt;
		&lt;td class="tabelatd1"&gt;Patrimonial&lt;/td&gt;
&lt;th class="tabelatd1" border="1"&gt;&lt;a class="noPrint" href="?class=ControleCobranca&amp;opera=A&amp;id=423"&gt;[Alterar] &lt;/a&gt;&lt;a class="noPrint" href="?class=ControleCobranca&amp;opera=C&amp;id=423"&gt;[Consultar] &lt;/a&gt;&lt;a class="noPrint" href="?class=ControleCobranca&amp;opera=D&amp;id=423" onClick="return ConfirmaExclusao('');"&gt;[Deletar&amp;nbsp;registro] &lt;/a&gt;&lt;a class="noPrint" href="?class=BaixarParcela&amp;id=423"&gt;[Baixar&amp;nbsp;parcela] &lt;/a&gt;&lt;a class="noPrint" href="?class=ImprimirParcela&amp;id=423"&gt;[Imprimir&amp;nbsp;parcela] &lt;/a&gt;&lt;/th&gt;
	&lt;/tr&gt;
	&lt;tr&gt;
		&lt;td class="tabelatd2"&gt;459&lt;/td&gt;
		&lt;td class="tabelatd2"&gt;Tipo Cobranca&lt;/td&gt;
		&lt;td class="tabelatd2"&gt;11/10/2018&lt;/td&gt;
		&lt;td class="tabelatd2"&gt;110.00&lt;/td&gt;
		&lt;td class="tabelatd2"&gt;0.00&lt;/td&gt;
		&lt;td class="tabelatd2"&gt;&lt;/td&gt;
		&lt;td class="tabelatd2"&gt;Fulano de Tal (652.392.539-00)&lt;/td&gt;
		&lt;td class="tabelatd2"&gt;1&lt;/td&gt;
		&lt;td class="tabelatd2"&gt;Patrimonial&lt;/td&gt;
&lt;th class="tabelatd2" border="1"&gt;&lt;a class="noPrint" href="?class=ControleCobranca&amp;opera=A&amp;id=459"&gt;[Alterar] &lt;/a&gt;&lt;a class="noPrint" href="?class=ControleCobranca&amp;opera=C&amp;id=459"&gt;[Consultar] &lt;/a&gt;&lt;a class="noPrint" href="?class=ControleCobranca&amp;opera=D&amp;id=459" onClick="return ConfirmaExclusao('');"&gt;[Deletar&amp;nbsp;registro] &lt;/a&gt;&lt;a class="noPrint" href="?class=BaixarParcela&amp;id=459"&gt;[Baixar&amp;nbsp;parcela] &lt;/a&gt;&lt;a class="noPrint" href="?class=ImprimirParcela&amp;id=459"&gt;[Imprimir&amp;nbsp;parcela] &lt;/a&gt;&lt;/th&gt;
	&lt;/tr&gt;
	&lt;tr&gt;
		&lt;td class="tabelatd1"&gt;300&lt;/td&gt;
		&lt;td class="tabelatd1"&gt;Tipo Cobranca&lt;/td&gt;
		&lt;td class="tabelatd1"&gt;11/10/2018&lt;/td&gt;
		&lt;td class="tabelatd1"&gt;110.00&lt;/td&gt;
		&lt;td class="tabelatd1"&gt;0.00&lt;/td&gt;
		&lt;td class="tabelatd1"&gt;&lt;/td&gt;
		&lt;td class="tabelatd1"&gt;Fulano de Tal (652.392.539-00)&lt;/td&gt;
		&lt;td class="tabelatd1"&gt;1&lt;/td&gt;
		&lt;td class="tabelatd1"&gt;Patrimonial&lt;/td&gt;
&lt;th class="tabelatd1" border="1"&gt;&lt;a class="noPrint" href="?class=ControleCobranca&amp;opera=A&amp;id=300"&gt;[Alterar] &lt;/a&gt;&lt;a class="noPrint" href="?class=ControleCobranca&amp;opera=C&amp;id=300"&gt;[Consultar] &lt;/a&gt;&lt;a class="noPrint" href="?class=ControleCobranca&amp;opera=D&amp;id=300" onClick="return ConfirmaExclusao('');"&gt;[Deletar&amp;nbsp;registro] &lt;/a&gt;&lt;a class="noPrint" href="?class=BaixarParcela&amp;id=300"&gt;[Baixar&amp;nbsp;parcela] &lt;/a&gt;&lt;a class="noPrint" href="?class=ImprimirParcela&amp;id=300"&gt;[Imprimir&amp;nbsp;parcela] &lt;/a&gt;&lt;/th&gt;
	&lt;/tr&gt;
	&lt;tr&gt;
		&lt;td class="tabelatd2"&gt;328&lt;/td&gt;
		&lt;td class="tabelatd2"&gt;Tipo Cobranca&lt;/td&gt;
		&lt;td class="tabelatd2"&gt;11/10/2018&lt;/td&gt;
		&lt;td class="tabelatd2"&gt;110.00&lt;/td&gt;
		&lt;td class="tabelatd2"&gt;0.00&lt;/td&gt;
		&lt;td class="tabelatd2"&gt;&lt;/td&gt;
		&lt;td class="tabelatd2"&gt;Fulano de Tal (652.392.539-00)&lt;/td&gt;
		&lt;td class="tabelatd2"&gt;1&lt;/td&gt;
		&lt;td class="tabelatd2"&gt;Patrimonial&lt;/td&gt;
&lt;th class="tabelatd2" border="1"&gt;&lt;a class="noPrint" href="?class=ControleCobranca&amp;opera=A&amp;id=328"&gt;[Alterar] &lt;/a&gt;&lt;a class="noPrint" href="?class=ControleCobranca&amp;opera=C&amp;id=328"&gt;[Consultar] &lt;/a&gt;&lt;a class="noPrint" href="?class=ControleCobranca&amp;opera=D&amp;id=328" onClick="return ConfirmaExclusao('');"&gt;[Deletar&amp;nbsp;registro] &lt;/a&gt;&lt;a class="noPrint" href="?class=BaixarParcela&amp;id=328"&gt;[Baixar&amp;nbsp;parcela] &lt;/a&gt;&lt;a class="noPrint" href="?class=ImprimirParcela&amp;id=328"&gt;[Imprimir&amp;nbsp;parcela] &lt;/a&gt;&lt;/th&gt;
	&lt;/tr&gt;
	&lt;tr&gt;
		&lt;td class="tabelatd1"&gt;358&lt;/td&gt;
		&lt;td class="tabelatd1"&gt;Tipo Cobranca&lt;/td&gt;
		&lt;td class="tabelatd1"&gt;11/10/2018&lt;/td&gt;
		&lt;td class="tabelatd1"&gt;110.00&lt;/td&gt;
		&lt;td class="tabelatd1"&gt;0.00&lt;/td&gt;
		&lt;td class="tabelatd1"&gt;&lt;/td&gt;
		&lt;td class="tabelatd1"&gt;Fulano de Tal (652.392.539-00)&lt;/td&gt;
		&lt;td class="tabelatd1"&gt;1&lt;/td&gt;
		&lt;td class="tabelatd1"&gt;Patrimonial&lt;/td&gt;
&lt;th class="tabelatd1" border="1"&gt;&lt;a class="noPrint" href="?class=ControleCobranca&amp;opera=A&amp;id=358"&gt;[Alterar] &lt;/a&gt;&lt;a class="noPrint" href="?class=ControleCobranca&amp;opera=C&amp;id=358"&gt;[Consultar] &lt;/a&gt;&lt;a class="noPrint" href="?class=ControleCobranca&amp;opera=D&amp;id=358" onClick="return ConfirmaExclusao('');"&gt;[Deletar&amp;nbsp;registro] &lt;/a&gt;&lt;a class="noPrint" href="?class=BaixarParcela&amp;id=358"&gt;[Baixar&amp;nbsp;parcela] &lt;/a&gt;&lt;a class="noPrint" href="?class=ImprimirParcela&amp;id=358"&gt;[Imprimir&amp;nbsp;parcela] &lt;/a&gt;&lt;/th&gt;
	&lt;/tr&gt;
	&lt;tr&gt;
		&lt;td class="tabelatd2"&gt;390&lt;/td&gt;
		&lt;td class="tabelatd2"&gt;Tipo Cobranca&lt;/td&gt;
		&lt;td class="tabelatd2"&gt;11/10/2018&lt;/td&gt;
		&lt;td class="tabelatd2"&gt;110.00&lt;/td&gt;
		&lt;td class="tabelatd2"&gt;0.00&lt;/td&gt;
		&lt;td class="tabelatd2"&gt;&lt;/td&gt;
		&lt;td class="tabelatd2"&gt;Fulano de Tal (652.392.539-00)&lt;/td&gt;
		&lt;td class="tabelatd2"&gt;1&lt;/td&gt;
		&lt;td class="tabelatd2"&gt;Patrimonial&lt;/td&gt;
&lt;th class="tabelatd2" border="1"&gt;&lt;a class="noPrint" href="?class=ControleCobranca&amp;opera=A&amp;id=390"&gt;[Alterar] &lt;/a&gt;&lt;a class="noPrint" href="?class=ControleCobranca&amp;opera=C&amp;id=390"&gt;[Consultar] &lt;/a&gt;&lt;a class="noPrint" href="?class=ControleCobranca&amp;opera=D&amp;id=390" onClick="return ConfirmaExclusao('');"&gt;[Deletar&amp;nbsp;registro] &lt;/a&gt;&lt;a class="noPrint" href="?class=BaixarParcela&amp;id=390"&gt;[Baixar&amp;nbsp;parcela] &lt;/a&gt;&lt;a class="noPrint" href="?class=ImprimirParcela&amp;id=390"&gt;[Imprimir&amp;nbsp;parcela] &lt;/a&gt;&lt;/th&gt;
	&lt;/tr&gt;
	&lt;tr&gt;
		&lt;td class="tabelatd1"&gt;424&lt;/td&gt;
		&lt;td class="tabelatd1"&gt;Tipo Cobranca&lt;/td&gt;
		&lt;td class="tabelatd1"&gt;11/10/2018&lt;/td&gt;
		&lt;td class="tabelatd1"&gt;110.00&lt;/td&gt;
		&lt;td class="tabelatd1"&gt;0.00&lt;/td&gt;
		&lt;td class="tabelatd1"&gt;&lt;/td&gt;
		&lt;td class="tabelatd1"&gt;Fulano de Tal (652.392.539-00)&lt;/td&gt;
		&lt;td class="tabelatd1"&gt;1&lt;/td&gt;
		&lt;td class="tabelatd1"&gt;Patrimonial&lt;/td&gt;
&lt;th class="tabelatd1" border="1"&gt;&lt;a class="noPrint" href="?class=ControleCobranca&amp;opera=A&amp;id=424"&gt;[Alterar] &lt;/a&gt;&lt;a class="noPrint" href="?class=ControleCobranca&amp;opera=C&amp;id=424"&gt;[Consultar] &lt;/a&gt;&lt;a class="noPrint" href="?class=ControleCobranca&amp;opera=D&amp;id=424" onClick="return ConfirmaExclusao('');"&gt;[Deletar&amp;nbsp;registro] &lt;/a&gt;&lt;a class="noPrint" href="?class=BaixarParcela&amp;id=424"&gt;[Baixar&amp;nbsp;parcela] &lt;/a&gt;&lt;a class="noPrint" href="?class=ImprimirParcela&amp;id=424"&gt;[Imprimir&amp;nbsp;parcela] &lt;/a&gt;&lt;/th&gt;
	&lt;/tr&gt;
	&lt;tr&gt;
		&lt;td class="tabelatd2"&gt;460&lt;/td&gt;
		&lt;td class="tabelatd2"&gt;Tipo Cobranca&lt;/td&gt;
		&lt;td class="tabelatd2"&gt;11/10/2018&lt;/td&gt;
		&lt;td class="tabelatd2"&gt;110.00&lt;/td&gt;
		&lt;td class="tabelatd2"&gt;0.00&lt;/td&gt;
		&lt;td class="tabelatd2"&gt;&lt;/td&gt;
		&lt;td class="tabelatd2"&gt;Fulano de Tal (652.392.539-00)&lt;/td&gt;
		&lt;td class="tabelatd2"&gt;1&lt;/td&gt;
		&lt;td class="tabelatd2"&gt;Patrimonial&lt;/td&gt;
&lt;th class="tabelatd2" border="1"&gt;&lt;a class="noPrint" href="?class=ControleCobranca&amp;opera=A&amp;id=460"&gt;[Alterar] &lt;/a&gt;&lt;a class="noPrint" href="?class=ControleCobranca&amp;opera=C&amp;id=460"&gt;[Consultar] &lt;/a&gt;&lt;a class="noPrint" href="?class=ControleCobranca&amp;opera=D&amp;id=460" onClick="return ConfirmaExclusao('');"&gt;[Deletar&amp;nbsp;registro] &lt;/a&gt;&lt;a class="noPrint" href="?class=BaixarParcela&amp;id=460"&gt;[Baixar&amp;nbsp;parcela] &lt;/a&gt;&lt;a class="noPrint" href="?class=ImprimirParcela&amp;id=460"&gt;[Imprimir&amp;nbsp;parcela] &lt;/a&gt;&lt;/th&gt;
	&lt;/tr&gt;
	&lt;tr&gt;
		&lt;td class="tabelatd1"&gt;275&lt;/td&gt;
		&lt;td class="tabelatd1"&gt;Tipo Cobranca&lt;/td&gt;
		&lt;td class="tabelatd1"&gt;11/10/2018&lt;/td&gt;
		&lt;td class="tabelatd1"&gt;110.00&lt;/td&gt;
		&lt;td class="tabelatd1"&gt;0.00&lt;/td&gt;
		&lt;td class="tabelatd1"&gt;&lt;/td&gt;
		&lt;td class="tabelatd1"&gt;Fulano de Tal (652.392.539-00)&lt;/td&gt;
		&lt;td class="tabelatd1"&gt;1&lt;/td&gt;
		&lt;td class="tabelatd1"&gt;Patrimonial&lt;/td&gt;
&lt;th class="tabelatd1" border="1"&gt;&lt;a class="noPrint" href="?class=ControleCobranca&amp;opera=A&amp;id=275"&gt;[Alterar] &lt;/a&gt;&lt;a class="noPrint" href="?class=ControleCobranca&amp;opera=C&amp;id=275"&gt;[Consultar] &lt;/a&gt;&lt;a class="noPrint" href="?class=ControleCobranca&amp;opera=D&amp;id=275" onClick="return ConfirmaExclusao('');"&gt;[Deletar&amp;nbsp;registro] &lt;/a&gt;&lt;a class="noPrint" href="?class=BaixarParcela&amp;id=275"&gt;[Baixar&amp;nbsp;parcela] &lt;/a&gt;&lt;a class="noPrint" href="?class=ImprimirParcela&amp;id=275"&gt;[Imprimir&amp;nbsp;parcela] &lt;/a&gt;&lt;/th&gt;
	&lt;/tr&gt;
	&lt;tr&gt;
		&lt;td class="tabelatd2"&gt;301&lt;/td&gt;
		&lt;td class="tabelatd2"&gt;Tipo Cobranca&lt;/td&gt;
		&lt;td class="tabelatd2"&gt;11/10/2018&lt;/td&gt;
		&lt;td class="tabelatd2"&gt;110.00&lt;/td&gt;
		&lt;td class="tabelatd2"&gt;0.00&lt;/td&gt;
		&lt;td class="tabelatd2"&gt;&lt;/td&gt;
		&lt;td class="tabelatd2"&gt;Fulano de Tal (652.392.539-00)&lt;/td&gt;
		&lt;td class="tabelatd2"&gt;1&lt;/td&gt;
		&lt;td class="tabelatd2"&gt;Patrimonial&lt;/td&gt;
&lt;th class="tabelatd2" border="1"&gt;&lt;a class="noPrint" href="?class=ControleCobranca&amp;opera=A&amp;id=301"&gt;[Alterar] &lt;/a&gt;&lt;a class="noPrint" href="?class=ControleCobranca&amp;opera=C&amp;id=301"&gt;[Consultar] &lt;/a&gt;&lt;a class="noPrint" href="?class=ControleCobranca&amp;opera=D&amp;id=301" onClick="return ConfirmaExclusao('');"&gt;[Deletar&amp;nbsp;registro] &lt;/a&gt;&lt;a class="noPrint" href="?class=BaixarParcela&amp;id=301"&gt;[Baixar&amp;nbsp;parcela] &lt;/a&gt;&lt;a class="noPrint" href="?class=ImprimirParcela&amp;id=301"&gt;[Imprimir&amp;nbsp;parcela] &lt;/a&gt;&lt;/th&gt;
	&lt;/tr&gt;
	&lt;tr&gt;
		&lt;td class="tabelatd1"&gt;329&lt;/td&gt;
		&lt;td class="tabelatd1"&gt;Tipo Cobranca&lt;/td&gt;
		&lt;td class="tabelatd1"&gt;11/10/2018&lt;/td&gt;
		&lt;td class="tabelatd1"&gt;110.00&lt;/td&gt;
		&lt;td class="tabelatd1"&gt;0.00&lt;/td&gt;
		&lt;td class="tabelatd1"&gt;&lt;/td&gt;
		&lt;td class="tabelatd1"&gt;Fulano de Tal (652.392.539-00)&lt;/td&gt;
		&lt;td class="tabelatd1"&gt;1&lt;/td&gt;
		&lt;td class="tabelatd1"&gt;Patrimonial&lt;/td&gt;
&lt;th class="tabelatd1" border="1"&gt;&lt;a class="noPrint" href="?class=ControleCobranca&amp;opera=A&amp;id=329"&gt;[Alterar] &lt;/a&gt;&lt;a class="noPrint" href="?class=ControleCobranca&amp;opera=C&amp;id=329"&gt;[Consultar] &lt;/a&gt;&lt;a class="noPrint" href="?class=ControleCobranca&amp;opera=D&amp;id=329" onClick="return ConfirmaExclusao('');"&gt;[Deletar&amp;nbsp;registro] &lt;/a&gt;&lt;a class="noPrint" href="?class=BaixarParcela&amp;id=329"&gt;[Baixar&amp;nbsp;parcela] &lt;/a&gt;&lt;a class="noPrint" href="?class=ImprimirParcela&amp;id=329"&gt;[Imprimir&amp;nbsp;parcela] &lt;/a&gt;&lt;/th&gt;
	&lt;/tr&gt;
	&lt;tr&gt;
		&lt;td class="tabelatd2"&gt;359&lt;/td&gt;
		&lt;td class="tabelatd2"&gt;Tipo Cobranca&lt;/td&gt;
		&lt;td class="tabelatd2"&gt;11/10/2018&lt;/td&gt;
		&lt;td class="tabelatd2"&gt;110.00&lt;/td&gt;
		&lt;td class="tabelatd2"&gt;0.00&lt;/td&gt;
		&lt;td class="tabelatd2"&gt;&lt;/td&gt;
		&lt;td class="tabelatd2"&gt;Fulano de Tal (652.392.539-00)&lt;/td&gt;
		&lt;td class="tabelatd2"&gt;1&lt;/td&gt;
		&lt;td class="tabelatd2"&gt;Patrimonial&lt;/td&gt;
&lt;th class="tabelatd2" border="1"&gt;&lt;a class="noPrint" href="?class=ControleCobranca&amp;opera=A&amp;id=359"&gt;[Alterar] &lt;/a&gt;&lt;a class="noPrint" href="?class=ControleCobranca&amp;opera=C&amp;id=359"&gt;[Consultar] &lt;/a&gt;&lt;a class="noPrint" href="?class=ControleCobranca&amp;opera=D&amp;id=359" onClick="return ConfirmaExclusao('');"&gt;[Deletar&amp;nbsp;registro] &lt;/a&gt;&lt;a class="noPrint" href="?class=BaixarParcela&amp;id=359"&gt;[Baixar&amp;nbsp;parcela] &lt;/a&gt;&lt;a class="noPrint" href="?class=ImprimirParcela&amp;id=359"&gt;[Imprimir&amp;nbsp;parcela] &lt;/a&gt;&lt;/th&gt;
	&lt;/tr&gt;
	&lt;tr&gt;
		&lt;td class="tabelatd1"&gt;391&lt;/td&gt;
		&lt;td class="tabelatd1"&gt;Tipo Cobranca&lt;/td&gt;
		&lt;td class="tabelatd1"&gt;11/10/2018&lt;/td&gt;
		&lt;td class="tabelatd1"&gt;110.00&lt;/td&gt;
		&lt;td class="tabelatd1"&gt;0.00&lt;/td&gt;
		&lt;td class="tabelatd1"&gt;&lt;/td&gt;
		&lt;td class="tabelatd1"&gt;Fulano de Tal (652.392.539-00)&lt;/td&gt;
		&lt;td class="tabelatd1"&gt;1&lt;/td&gt;
		&lt;td class="tabelatd1"&gt;Patrimonial&lt;/td&gt;
&lt;th class="tabelatd1" border="1"&gt;&lt;a class="noPrint" href="?class=ControleCobranca&amp;opera=A&amp;id=391"&gt;[Alterar] &lt;/a&gt;&lt;a class="noPrint" href="?class=ControleCobranca&amp;opera=C&amp;id=391"&gt;[Consultar] &lt;/a&gt;&lt;a class="noPrint" href="?class=ControleCobranca&amp;opera=D&amp;id=391" onClick="return ConfirmaExclusao('');"&gt;[Deletar&amp;nbsp;registro] &lt;/a&gt;&lt;a class="noPrint" href="?class=BaixarParcela&amp;id=391"&gt;[Baixar&amp;nbsp;parcela] &lt;/a&gt;&lt;a class="noPrint" href="?class=ImprimirParcela&amp;id=391"&gt;[Imprimir&amp;nbsp;parcela] &lt;/a&gt;&lt;/th&gt;
	&lt;/tr&gt;
	&lt;tr&gt;
		&lt;td class="tabelatd2"&gt;425&lt;/td&gt;
		&lt;td class="tabelatd2"&gt;Tipo Cobranca&lt;/td&gt;
		&lt;td class="tabelatd2"&gt;11/10/2018&lt;/td&gt;
		&lt;td class="tabelatd2"&gt;110.00&lt;/td&gt;
		&lt;td class="tabelatd2"&gt;0.00&lt;/td&gt;
		&lt;td class="tabelatd2"&gt;&lt;/td&gt;
		&lt;td class="tabelatd2"&gt;Fulano de Tal (652.392.539-00)&lt;/td&gt;
		&lt;td class="tabelatd2"&gt;1&lt;/td&gt;
		&lt;td class="tabelatd2"&gt;Patrimonial&lt;/td&gt;
&lt;th class="tabelatd2" border="1"&gt;&lt;a class="noPrint" href="?class=ControleCobranca&amp;opera=A&amp;id=425"&gt;[Alterar] &lt;/a&gt;&lt;a class="noPrint" href="?class=ControleCobranca&amp;opera=C&amp;id=425"&gt;[Consultar] &lt;/a&gt;&lt;a class="noPrint" href="?class=ControleCobranca&amp;opera=D&amp;id=425" onClick="return ConfirmaExclusao('');"&gt;[Deletar&amp;nbsp;registro] &lt;/a&gt;&lt;a class="noPrint" href="?class=BaixarParcela&amp;id=425"&gt;[Baixar&amp;nbsp;parcela] &lt;/a&gt;&lt;a class="noPrint" href="?class=ImprimirParcela&amp;id=425"&gt;[Imprimir&amp;nbsp;parcela] &lt;/a&gt;&lt;/th&gt;
	&lt;/tr&gt;
	&lt;tr&gt;
		&lt;td class="tabelatd1"&gt;461&lt;/td&gt;
		&lt;td class="tabelatd1"&gt;Tipo Cobranca&lt;/td&gt;
		&lt;td class="tabelatd1"&gt;11/10/2018&lt;/td&gt;
		&lt;td class="tabelatd1"&gt;110.00&lt;/td&gt;
		&lt;td class="tabelatd1"&gt;0.00&lt;/td&gt;
		&lt;td class="tabelatd1"&gt;&lt;/td&gt;
		&lt;td class="tabelatd1"&gt;Fulano de Tal (652.392.539-00)&lt;/td&gt;
		&lt;td class="tabelatd1"&gt;1&lt;/td&gt;
		&lt;td class="tabelatd1"&gt;Patrimonial&lt;/td&gt;
&lt;th class="tabelatd1" border="1"&gt;&lt;a class="noPrint" href="?class=ControleCobranca&amp;opera=A&amp;id=461"&gt;[Alterar] &lt;/a&gt;&lt;a class="noPrint" href="?class=ControleCobranca&amp;opera=C&amp;id=461"&gt;[Consultar] &lt;/a&gt;&lt;a class="noPrint" href="?class=ControleCobranca&amp;opera=D&amp;id=461" onClick="return ConfirmaExclusao('');"&gt;[Deletar&amp;nbsp;registro] &lt;/a&gt;&lt;a class="noPrint" href="?class=BaixarParcela&amp;id=461"&gt;[Baixar&amp;nbsp;parcela] &lt;/a&gt;&lt;a class="noPrint" href="?class=ImprimirParcela&amp;id=461"&gt;[Imprimir&amp;nbsp;parcela] &lt;/a&gt;&lt;/th&gt;
	&lt;/tr&gt;
	&lt;tr&gt;
		&lt;td class="tabelatd2"&gt;302&lt;/td&gt;
		&lt;td class="tabelatd2"&gt;Tipo Cobranca&lt;/td&gt;
		&lt;td class="tabelatd2"&gt;11/10/2018&lt;/td&gt;
		&lt;td class="tabelatd2"&gt;110.00&lt;/td&gt;
		&lt;td class="tabelatd2"&gt;0.00&lt;/td&gt;
		&lt;td class="tabelatd2"&gt;&lt;/td&gt;
		&lt;td class="tabelatd2"&gt;Fulano de Tal (652.392.539-00)&lt;/td&gt;
		&lt;td class="tabelatd2"&gt;1&lt;/td&gt;
		&lt;td class="tabelatd2"&gt;Patrimonial&lt;/td&gt;
&lt;th class="tabelatd2" border="1"&gt;&lt;a class="noPrint" href="?class=ControleCobranca&amp;opera=A&amp;id=302"&gt;[Alterar] &lt;/a&gt;&lt;a class="noPrint" href="?class=ControleCobranca&amp;opera=C&amp;id=302"&gt;[Consultar] &lt;/a&gt;&lt;a class="noPrint" href="?class=ControleCobranca&amp;opera=D&amp;id=302" onClick="return ConfirmaExclusao('');"&gt;[Deletar&amp;nbsp;registro] &lt;/a&gt;&lt;a class="noPrint" href="?class=BaixarParcela&amp;id=302"&gt;[Baixar&amp;nbsp;parcela] &lt;/a&gt;&lt;a class="noPrint" href="?class=ImprimirParcela&amp;id=302"&gt;[Imprimir&amp;nbsp;parcela] &lt;/a&gt;&lt;/th&gt;
	&lt;/tr&gt;
	&lt;tr&gt;
		&lt;td class="tabelatd1"&gt;330&lt;/td&gt;
		&lt;td class="tabelatd1"&gt;Tipo Cobranca&lt;/td&gt;
		&lt;td class="tabelatd1"&gt;11/10/2018&lt;/td&gt;
		&lt;td class="tabelatd1"&gt;110.00&lt;/td&gt;
		&lt;td class="tabelatd1"&gt;0.00&lt;/td&gt;
		&lt;td class="tabelatd1"&gt;&lt;/td&gt;
		&lt;td class="tabelatd1"&gt;Fulano de Tal (652.392.539-00)&lt;/td&gt;
		&lt;td class="tabelatd1"&gt;1&lt;/td&gt;
		&lt;td class="tabelatd1"&gt;Patrimonial&lt;/td&gt;
&lt;th class="tabelatd1" border="1"&gt;&lt;a class="noPrint" href="?class=ControleCobranca&amp;opera=A&amp;id=330"&gt;[Alterar] &lt;/a&gt;&lt;a class="noPrint" href="?class=ControleCobranca&amp;opera=C&amp;id=330"&gt;[Consultar] &lt;/a&gt;&lt;a class="noPrint" href="?class=ControleCobranca&amp;opera=D&amp;id=330" onClick="return ConfirmaExclusao('');"&gt;[Deletar&amp;nbsp;registro] &lt;/a&gt;&lt;a class="noPrint" href="?class=BaixarParcela&amp;id=330"&gt;[Baixar&amp;nbsp;parcela] &lt;/a&gt;&lt;a class="noPrint" href="?class=ImprimirParcela&amp;id=330"&gt;[Imprimir&amp;nbsp;parcela] &lt;/a&gt;&lt;/th&gt;
	&lt;/tr&gt;
	&lt;tr&gt;
		&lt;td class="tabelatd2"&gt;360&lt;/td&gt;
		&lt;td class="tabelatd2"&gt;Tipo Cobranca&lt;/td&gt;
		&lt;td class="tabelatd2"&gt;11/10/2018&lt;/td&gt;
		&lt;td class="tabelatd2"&gt;110.00&lt;/td&gt;
		&lt;td class="tabelatd2"&gt;0.00&lt;/td&gt;
		&lt;td class="tabelatd2"&gt;&lt;/td&gt;
		&lt;td class="tabelatd2"&gt;Fulano de Tal (652.392.539-00)&lt;/td&gt;
		&lt;td class="tabelatd2"&gt;1&lt;/td&gt;
		&lt;td class="tabelatd2"&gt;Patrimonial&lt;/td&gt;
&lt;th class="tabelatd2" border="1"&gt;&lt;a class="noPrint" href="?class=ControleCobranca&amp;opera=A&amp;id=360"&gt;[Alterar] &lt;/a&gt;&lt;a class="noPrint" href="?class=ControleCobranca&amp;opera=C&amp;id=360"&gt;[Consultar] &lt;/a&gt;&lt;a class="noPrint" href="?class=ControleCobranca&amp;opera=D&amp;id=360" onClick="return ConfirmaExclusao('');"&gt;[Deletar&amp;nbsp;registro] &lt;/a&gt;&lt;a class="noPrint" href="?class=BaixarParcela&amp;id=360"&gt;[Baixar&amp;nbsp;parcela] &lt;/a&gt;&lt;a class="noPrint" href="?class=ImprimirParcela&amp;id=360"&gt;[Imprimir&amp;nbsp;parcela] &lt;/a&gt;&lt;/th&gt;
	&lt;/tr&gt;
	&lt;tr&gt;
		&lt;td class="tabelatd1"&gt;392&lt;/td&gt;
		&lt;td class="tabelatd1"&gt;Tipo Cobranca&lt;/td&gt;
		&lt;td class="tabelatd1"&gt;11/10/2018&lt;/td&gt;
		&lt;td class="tabelatd1"&gt;110.00&lt;/td&gt;
		&lt;td class="tabelatd1"&gt;0.00&lt;/td&gt;
		&lt;td class="tabelatd1"&gt;&lt;/td&gt;
		&lt;td class="tabelatd1"&gt;Fulano de Tal (652.392.539-00)&lt;/td&gt;
		&lt;td class="tabelatd1"&gt;1&lt;/td&gt;
		&lt;td class="tabelatd1"&gt;Patrimonial&lt;/td&gt;
&lt;th class="tabelatd1" border="1"&gt;&lt;a class="noPrint" href="?class=ControleCobranca&amp;opera=A&amp;id=392"&gt;[Alterar] &lt;/a&gt;&lt;a class="noPrint" href="?class=ControleCobranca&amp;opera=C&amp;id=392"&gt;[Consultar] &lt;/a&gt;&lt;a class="noPrint" href="?class=ControleCobranca&amp;opera=D&amp;id=392" onClick="return ConfirmaExclusao('');"&gt;[Deletar&amp;nbsp;registro] &lt;/a&gt;&lt;a class="noPrint" href="?class=BaixarParcela&amp;id=392"&gt;[Baixar&amp;nbsp;parcela] &lt;/a&gt;&lt;a class="noPrint" href="?class=ImprimirParcela&amp;id=392"&gt;[Imprimir&amp;nbsp;parcela] &lt;/a&gt;&lt;/th&gt;
	&lt;/tr&gt;
	&lt;tr&gt;
		&lt;td class="tabelatd2"&gt;426&lt;/td&gt;
		&lt;td class="tabelatd2"&gt;Tipo Cobranca&lt;/td&gt;
		&lt;td class="tabelatd2"&gt;11/10/2018&lt;/td&gt;
		&lt;td class="tabelatd2"&gt;110.00&lt;/td&gt;
		&lt;td class="tabelatd2"&gt;0.00&lt;/td&gt;
		&lt;td class="tabelatd2"&gt;&lt;/td&gt;
		&lt;td class="tabelatd2"&gt;Fulano de Tal (652.392.539-00)&lt;/td&gt;
		&lt;td class="tabelatd2"&gt;1&lt;/td&gt;
		&lt;td class="tabelatd2"&gt;Patrimonial&lt;/td&gt;
&lt;th class="tabelatd2" border="1"&gt;&lt;a class="noPrint" href="?class=ControleCobranca&amp;opera=A&amp;id=426"&gt;[Alterar] &lt;/a&gt;&lt;a class="noPrint" href="?class=ControleCobranca&amp;opera=C&amp;id=426"&gt;[Consultar] &lt;/a&gt;&lt;a class="noPrint" href="?class=ControleCobranca&amp;opera=D&amp;id=426" onClick="return ConfirmaExclusao('');"&gt;[Deletar&amp;nbsp;registro] &lt;/a&gt;&lt;a class="noPrint" href="?class=BaixarParcela&amp;id=426"&gt;[Baixar&amp;nbsp;parcela] &lt;/a&gt;&lt;a class="noPrint" href="?class=ImprimirParcela&amp;id=426"&gt;[Imprimir&amp;nbsp;parcela] &lt;/a&gt;&lt;/th&gt;
	&lt;/tr&gt;
	&lt;tr&gt;
		&lt;td class="tabelatd1"&gt;462&lt;/td&gt;
		&lt;td class="tabelatd1"&gt;Tipo Cobranca&lt;/td&gt;
		&lt;td class="tabelatd1"&gt;11/10/2018&lt;/td&gt;
		&lt;td class="tabelatd1"&gt;110.00&lt;/td&gt;
		&lt;td class="tabelatd1"&gt;0.00&lt;/td&gt;
		&lt;td class="tabelatd1"&gt;&lt;/td&gt;
		&lt;td class="tabelatd1"&gt;Fulano de Tal (652.392.539-00)&lt;/td&gt;
		&lt;td class="tabelatd1"&gt;1&lt;/td&gt;
		&lt;td class="tabelatd1"&gt;Patrimonial&lt;/td&gt;
&lt;th class="tabelatd1" border="1"&gt;&lt;a class="noPrint" href="?class=ControleCobranca&amp;opera=A&amp;id=462"&gt;[Alterar] &lt;/a&gt;&lt;a class="noPrint" href="?class=ControleCobranca&amp;opera=C&amp;id=462"&gt;[Consultar] &lt;/a&gt;&lt;a class="noPrint" href="?class=ControleCobranca&amp;opera=D&amp;id=462" onClick="return ConfirmaExclusao('');"&gt;[Deletar&amp;nbsp;registro] &lt;/a&gt;&lt;a class="noPrint" href="?class=BaixarParcela&amp;id=462"&gt;[Baixar&amp;nbsp;parcela] &lt;/a&gt;&lt;a class="noPrint" href="?class=ImprimirParcela&amp;id=462"&gt;[Imprimir&amp;nbsp;parcela] &lt;/a&gt;&lt;/th&gt;
	&lt;/tr&gt;
	&lt;tr&gt;
		&lt;td class="tabelatd2"&gt;331&lt;/td&gt;
		&lt;td class="tabelatd2"&gt;Tipo Cobranca&lt;/td&gt;
		&lt;td class="tabelatd2"&gt;11/10/2018&lt;/td&gt;
		&lt;td class="tabelatd2"&gt;110.00&lt;/td&gt;
		&lt;td class="tabelatd2"&gt;0.00&lt;/td&gt;
		&lt;td class="tabelatd2"&gt;&lt;/td&gt;
		&lt;td class="tabelatd2"&gt;Fulano de Tal (652.392.539-00)&lt;/td&gt;
		&lt;td class="tabelatd2"&gt;1&lt;/td&gt;
		&lt;td class="tabelatd2"&gt;Patrimonial&lt;/td&gt;
&lt;th class="tabelatd2" border="1"&gt;&lt;a class="noPrint" href="?class=ControleCobranca&amp;opera=A&amp;id=331"&gt;[Alterar] &lt;/a&gt;&lt;a class="noPrint" href="?class=ControleCobranca&amp;opera=C&amp;id=331"&gt;[Consultar] &lt;/a&gt;&lt;a class="noPrint" href="?class=ControleCobranca&amp;opera=D&amp;id=331" onClick="return ConfirmaExclusao('');"&gt;[Deletar&amp;nbsp;registro] &lt;/a&gt;&lt;a class="noPrint" href="?class=BaixarParcela&amp;id=331"&gt;[Baixar&amp;nbsp;parcela] &lt;/a&gt;&lt;a class="noPrint" href="?class=ImprimirParcela&amp;id=331"&gt;[Imprimir&amp;nbsp;parcela] &lt;/a&gt;&lt;/th&gt;
	&lt;/tr&gt;
	&lt;tr&gt;
		&lt;td class="tabelatd1"&gt;361&lt;/td&gt;
		&lt;td class="tabelatd1"&gt;Tipo Cobranca&lt;/td&gt;
		&lt;td class="tabelatd1"&gt;11/10/2018&lt;/td&gt;
		&lt;td class="tabelatd1"&gt;110.00&lt;/td&gt;
		&lt;td class="tabelatd1"&gt;0.00&lt;/td&gt;
		&lt;td class="tabelatd1"&gt;&lt;/td&gt;
		&lt;td class="tabelatd1"&gt;Fulano de Tal (652.392.539-00)&lt;/td&gt;
		&lt;td class="tabelatd1"&gt;1&lt;/td&gt;
		&lt;td class="tabelatd1"&gt;Patrimonial&lt;/td&gt;
&lt;th class="tabelatd1" border="1"&gt;&lt;a class="noPrint" href="?class=ControleCobranca&amp;opera=A&amp;id=361"&gt;[Alterar] &lt;/a&gt;&lt;a class="noPrint" href="?class=ControleCobranca&amp;opera=C&amp;id=361"&gt;[Consultar] &lt;/a&gt;&lt;a class="noPrint" href="?class=ControleCobranca&amp;opera=D&amp;id=361" onClick="return ConfirmaExclusao('');"&gt;[Deletar&amp;nbsp;registro] &lt;/a&gt;&lt;a class="noPrint" href="?class=BaixarParcela&amp;id=361"&gt;[Baixar&amp;nbsp;parcela] &lt;/a&gt;&lt;a class="noPrint" href="?class=ImprimirParcela&amp;id=361"&gt;[Imprimir&amp;nbsp;parcela] &lt;/a&gt;&lt;/th&gt;
	&lt;/tr&gt;
	&lt;tr&gt;
		&lt;td class="tabelatd2"&gt;393&lt;/td&gt;
		&lt;td class="tabelatd2"&gt;Tipo Cobranca&lt;/td&gt;
		&lt;td class="tabelatd2"&gt;11/10/2018&lt;/td&gt;
		&lt;td class="tabelatd2"&gt;110.00&lt;/td&gt;
		&lt;td class="tabelatd2"&gt;0.00&lt;/td&gt;
		&lt;td class="tabelatd2"&gt;&lt;/td&gt;
		&lt;td class="tabelatd2"&gt;Fulano de Tal (652.392.539-00)&lt;/td&gt;
		&lt;td class="tabelatd2"&gt;1&lt;/td&gt;
		&lt;td class="tabelatd2"&gt;Patrimonial&lt;/td&gt;
&lt;th class="tabelatd2" border="1"&gt;&lt;a class="noPrint" href="?class=ControleCobranca&amp;opera=A&amp;id=393"&gt;[Alterar] &lt;/a&gt;&lt;a class="noPrint" href="?class=ControleCobranca&amp;opera=C&amp;id=393"&gt;[Consultar] &lt;/a&gt;&lt;a class="noPrint" href="?class=ControleCobranca&amp;opera=D&amp;id=393" onClick="return ConfirmaExclusao('');"&gt;[Deletar&amp;nbsp;registro] &lt;/a&gt;&lt;a class="noPrint" href="?class=BaixarParcela&amp;id=393"&gt;[Baixar&amp;nbsp;parcela] &lt;/a&gt;&lt;a class="noPrint" href="?class=ImprimirParcela&amp;id=393"&gt;[Imprimir&amp;nbsp;parcela] &lt;/a&gt;&lt;/th&gt;
	&lt;/tr&gt;
	&lt;tr&gt;
		&lt;td class="tabelatd1"&gt;427&lt;/td&gt;
		&lt;td class="tabelatd1"&gt;Tipo Cobranca&lt;/td&gt;
		&lt;td class="tabelatd1"&gt;11/10/2018&lt;/td&gt;
		&lt;td class="tabelatd1"&gt;110.00&lt;/td&gt;
		&lt;td class="tabelatd1"&gt;0.00&lt;/td&gt;
		&lt;td class="tabelatd1"&gt;&lt;/td&gt;
		&lt;td class="tabelatd1"&gt;Fulano de Tal (652.392.539-00)&lt;/td&gt;
		&lt;td class="tabelatd1"&gt;1&lt;/td&gt;
		&lt;td class="tabelatd1"&gt;Patrimonial&lt;/td&gt;
&lt;th class="tabelatd1" border="1"&gt;&lt;a class="noPrint" href="?class=ControleCobranca&amp;opera=A&amp;id=427"&gt;[Alterar] &lt;/a&gt;&lt;a class="noPrint" href="?class=ControleCobranca&amp;opera=C&amp;id=427"&gt;[Consultar] &lt;/a&gt;&lt;a class="noPrint" href="?class=ControleCobranca&amp;opera=D&amp;id=427" onClick="return ConfirmaExclusao('');"&gt;[Deletar&amp;nbsp;registro] &lt;/a&gt;&lt;a class="noPrint" href="?class=BaixarParcela&amp;id=427"&gt;[Baixar&amp;nbsp;parcela] &lt;/a&gt;&lt;a class="noPrint" href="?class=ImprimirParcela&amp;id=427"&gt;[Imprimir&amp;nbsp;parcela] &lt;/a&gt;&lt;/th&gt;
	&lt;/tr&gt;
	&lt;tr&gt;
		&lt;td class="tabelatd2"&gt;463&lt;/td&gt;
		&lt;td class="tabelatd2"&gt;Tipo Cobranca&lt;/td&gt;
		&lt;td class="tabelatd2"&gt;11/10/2018&lt;/td&gt;
		&lt;td class="tabelatd2"&gt;110.00&lt;/td&gt;
		&lt;td class="tabelatd2"&gt;0.00&lt;/td&gt;
		&lt;td class="tabelatd2"&gt;&lt;/td&gt;
		&lt;td class="tabelatd2"&gt;Fulano de Tal (652.392.539-00)&lt;/td&gt;
		&lt;td class="tabelatd2"&gt;1&lt;/td&gt;
		&lt;td class="tabelatd2"&gt;Patrimonial&lt;/td&gt;
&lt;th class="tabelatd2" border="1"&gt;&lt;a class="noPrint" href="?class=ControleCobranca&amp;opera=A&amp;id=463"&gt;[Alterar] &lt;/a&gt;&lt;a class="noPrint" href="?class=ControleCobranca&amp;opera=C&amp;id=463"&gt;[Consultar] &lt;/a&gt;&lt;a class="noPrint" href="?class=ControleCobranca&amp;opera=D&amp;id=463" onClick="return ConfirmaExclusao('');"&gt;[Deletar&amp;nbsp;registro] &lt;/a&gt;&lt;a class="noPrint" href="?class=BaixarParcela&amp;id=463"&gt;[Baixar&amp;nbsp;parcela] &lt;/a&gt;&lt;a class="noPrint" href="?class=ImprimirParcela&amp;id=463"&gt;[Imprimir&amp;nbsp;parcela] &lt;/a&gt;&lt;/th&gt;
	&lt;/tr&gt;
	&lt;tr&gt;
		&lt;td class="tabelatd1"&gt;362&lt;/td&gt;
		&lt;td class="tabelatd1"&gt;Tipo Cobranca&lt;/td&gt;
		&lt;td class="tabelatd1"&gt;11/10/2018&lt;/td&gt;
		&lt;td class="tabelatd1"&gt;110.00&lt;/td&gt;
		&lt;td class="tabelatd1"&gt;0.00&lt;/td&gt;
		&lt;td class="tabelatd1"&gt;&lt;/td&gt;
		&lt;td class="tabelatd1"&gt;Fulano de Tal (652.392.539-00)&lt;/td&gt;
		&lt;td class="tabelatd1"&gt;1&lt;/td&gt;
		&lt;td class="tabelatd1"&gt;Patrimonial&lt;/td&gt;
&lt;th class="tabelatd1" border="1"&gt;&lt;a class="noPrint" href="?class=ControleCobranca&amp;opera=A&amp;id=362"&gt;[Alterar] &lt;/a&gt;&lt;a class="noPrint" href="?class=ControleCobranca&amp;opera=C&amp;id=362"&gt;[Consultar] &lt;/a&gt;&lt;a class="noPrint" href="?class=ControleCobranca&amp;opera=D&amp;id=362" onClick="return ConfirmaExclusao('');"&gt;[Deletar&amp;nbsp;registro] &lt;/a&gt;&lt;a class="noPrint" href="?class=BaixarParcela&amp;id=362"&gt;[Baixar&amp;nbsp;parcela] &lt;/a&gt;&lt;a class="noPrint" href="?class=ImprimirParcela&amp;id=362"&gt;[Imprimir&amp;nbsp;parcela] &lt;/a&gt;&lt;/th&gt;
	&lt;/tr&gt;
	&lt;tr&gt;
		&lt;td class="tabelatd2"&gt;394&lt;/td&gt;
		&lt;td class="tabelatd2"&gt;Tipo Cobranca&lt;/td&gt;
		&lt;td class="tabelatd2"&gt;11/10/2018&lt;/td&gt;
		&lt;td class="tabelatd2"&gt;110.00&lt;/td&gt;
		&lt;td class="tabelatd2"&gt;0.00&lt;/td&gt;
		&lt;td class="tabelatd2"&gt;&lt;/td&gt;
		&lt;td class="tabelatd2"&gt;Fulano de Tal (652.392.539-00)&lt;/td&gt;
		&lt;td class="tabelatd2"&gt;1&lt;/td&gt;
		&lt;td class="tabelatd2"&gt;Patrimonial&lt;/td&gt;
&lt;th class="tabelatd2" border="1"&gt;&lt;a class="noPrint" href="?class=ControleCobranca&amp;opera=A&amp;id=394"&gt;[Alterar] &lt;/a&gt;&lt;a class="noPrint" href="?class=ControleCobranca&amp;opera=C&amp;id=394"&gt;[Consultar] &lt;/a&gt;&lt;a class="noPrint" href="?class=ControleCobranca&amp;opera=D&amp;id=394" onClick="return ConfirmaExclusao('');"&gt;[Deletar&amp;nbsp;registro] &lt;/a&gt;&lt;a class="noPrint" href="?class=BaixarParcela&amp;id=394"&gt;[Baixar&amp;nbsp;parcela] &lt;/a&gt;&lt;a class="noPrint" href="?class=ImprimirParcela&amp;id=394"&gt;[Imprimir&amp;nbsp;parcela] &lt;/a&gt;&lt;/th&gt;
	&lt;/tr&gt;
	&lt;tr&gt;
		&lt;td class="tabelatd1"&gt;428&lt;/td&gt;
		&lt;td class="tabelatd1"&gt;Tipo Cobranca&lt;/td&gt;
		&lt;td class="tabelatd1"&gt;11/10/2018&lt;/td&gt;
		&lt;td class="tabelatd1"&gt;110.00&lt;/td&gt;
		&lt;td class="tabelatd1"&gt;0.00&lt;/td&gt;
		&lt;td class="tabelatd1"&gt;&lt;/td&gt;
		&lt;td class="tabelatd1"&gt;Fulano de Tal (652.392.539-00)&lt;/td&gt;
		&lt;td class="tabelatd1"&gt;1&lt;/td&gt;
		&lt;td class="tabelatd1"&gt;Patrimonial&lt;/td&gt;
&lt;th class="tabelatd1" border="1"&gt;&lt;a class="noPrint" href="?class=ControleCobranca&amp;opera=A&amp;id=428"&gt;[Alterar] &lt;/a&gt;&lt;a class="noPrint" href="?class=ControleCobranca&amp;opera=C&amp;id=428"&gt;[Consultar] &lt;/a&gt;&lt;a class="noPrint" href="?class=ControleCobranca&amp;opera=D&amp;id=428" onClick="return ConfirmaExclusao('');"&gt;[Deletar&amp;nbsp;registro] &lt;/a&gt;&lt;a class="noPrint" href="?class=BaixarParcela&amp;id=428"&gt;[Baixar&amp;nbsp;parcela] &lt;/a&gt;&lt;a class="noPrint" href="?class=ImprimirParcela&amp;id=428"&gt;[Imprimir&amp;nbsp;parcela] &lt;/a&gt;&lt;/th&gt;
	&lt;/tr&gt;
	&lt;tr&gt;
		&lt;td class="tabelatd2"&gt;464&lt;/td&gt;
		&lt;td class="tabelatd2"&gt;Tipo Cobranca&lt;/td&gt;
		&lt;td class="tabelatd2"&gt;11/10/2018&lt;/td&gt;
		&lt;td class="tabelatd2"&gt;110.00&lt;/td&gt;
		&lt;td class="tabelatd2"&gt;0.00&lt;/td&gt;
		&lt;td class="tabelatd2"&gt;&lt;/td&gt;
		&lt;td class="tabelatd2"&gt;Fulano de Tal (652.392.539-00)&lt;/td&gt;
		&lt;td class="tabelatd2"&gt;1&lt;/td&gt;
		&lt;td class="tabelatd2"&gt;Patrimonial&lt;/td&gt;
&lt;th class="tabelatd2" border="1"&gt;&lt;a class="noPrint" href="?class=ControleCobranca&amp;opera=A&amp;id=464"&gt;[Alterar] &lt;/a&gt;&lt;a class="noPrint" href="?class=ControleCobranca&amp;opera=C&amp;id=464"&gt;[Consultar] &lt;/a&gt;&lt;a class="noPrint" href="?class=ControleCobranca&amp;opera=D&amp;id=464" onClick="return ConfirmaExclusao('');"&gt;[Deletar&amp;nbsp;registro] &lt;/a&gt;&lt;a class="noPrint" href="?class=BaixarParcela&amp;id=464"&gt;[Baixar&amp;nbsp;parcela] &lt;/a&gt;&lt;a class="noPrint" href="?class=ImprimirParcela&amp;id=464"&gt;[Imprimir&amp;nbsp;parcela] &lt;/a&gt;&lt;/th&gt;
	&lt;/tr&gt;
	&lt;tr&gt;
		&lt;td class="tabelatd1"&gt;395&lt;/td&gt;
		&lt;td class="tabelatd1"&gt;Tipo Cobranca&lt;/td&gt;
		&lt;td class="tabelatd1"&gt;11/10/2018&lt;/td&gt;
		&lt;td class="tabelatd1"&gt;110.00&lt;/td&gt;
		&lt;td class="tabelatd1"&gt;0.00&lt;/td&gt;
		&lt;td class="tabelatd1"&gt;&lt;/td&gt;
		&lt;td class="tabelatd1"&gt;Fulano de Tal (652.392.539-00)&lt;/td&gt;
		&lt;td class="tabelatd1"&gt;1&lt;/td&gt;
		&lt;td class="tabelatd1"&gt;Patrimonial&lt;/td&gt;
&lt;th class="tabelatd1" border="1"&gt;&lt;a class="noPrint" href="?class=ControleCobranca&amp;opera=A&amp;id=395"&gt;[Alterar] &lt;/a&gt;&lt;a class="noPrint" href="?class=ControleCobranca&amp;opera=C&amp;id=395"&gt;[Consultar] &lt;/a&gt;&lt;a class="noPrint" href="?class=ControleCobranca&amp;opera=D&amp;id=395" onClick="return ConfirmaExclusao('');"&gt;[Deletar&amp;nbsp;registro] &lt;/a&gt;&lt;a class="noPrint" href="?class=BaixarParcela&amp;id=395"&gt;[Baixar&amp;nbsp;parcela] &lt;/a&gt;&lt;a class="noPrint" href="?class=ImprimirParcela&amp;id=395"&gt;[Imprimir&amp;nbsp;parcela] &lt;/a&gt;&lt;/th&gt;
	&lt;/tr&gt;
	&lt;tr&gt;
		&lt;td class="tabelatd2"&gt;429&lt;/td&gt;
		&lt;td class="tabelatd2"&gt;Tipo Cobranca&lt;/td&gt;
		&lt;td class="tabelatd2"&gt;11/10/2018&lt;/td&gt;
		&lt;td class="tabelatd2"&gt;110.00&lt;/td&gt;
		&lt;td class="tabelatd2"&gt;0.00&lt;/td&gt;
		&lt;td class="tabelatd2"&gt;&lt;/td&gt;
		&lt;td class="tabelatd2"&gt;Fulano de Tal (652.392.539-00)&lt;/td&gt;
		&lt;td class="tabelatd2"&gt;1&lt;/td&gt;
		&lt;td class="tabelatd2"&gt;Patrimonial&lt;/td&gt;
&lt;th class="tabelatd2" border="1"&gt;&lt;a class="noPrint" href="?class=ControleCobranca&amp;opera=A&amp;id=429"&gt;[Alterar] &lt;/a&gt;&lt;a class="noPrint" href="?class=ControleCobranca&amp;opera=C&amp;id=429"&gt;[Consultar] &lt;/a&gt;&lt;a class="noPrint" href="?class=ControleCobranca&amp;opera=D&amp;id=429" onClick="return ConfirmaExclusao('');"&gt;[Deletar&amp;nbsp;registro] &lt;/a&gt;&lt;a class="noPrint" href="?class=BaixarParcela&amp;id=429"&gt;[Baixar&amp;nbsp;parcela] &lt;/a&gt;&lt;a class="noPrint" href="?class=ImprimirParcela&amp;id=429"&gt;[Imprimir&amp;nbsp;parcela] &lt;/a&gt;&lt;/th&gt;
	&lt;/tr&gt;
	&lt;tr&gt;
		&lt;td class="tabelatd1"&gt;465&lt;/td&gt;
		&lt;td class="tabelatd1"&gt;Tipo Cobranca&lt;/td&gt;
		&lt;td class="tabelatd1"&gt;11/10/2018&lt;/td&gt;
		&lt;td class="tabelatd1"&gt;110.00&lt;/td&gt;
		&lt;td class="tabelatd1"&gt;0.00&lt;/td&gt;
		&lt;td class="tabelatd1"&gt;&lt;/td&gt;
		&lt;td class="tabelatd1"&gt;Fulano de Tal (652.392.539-00)&lt;/td&gt;
		&lt;td class="tabelatd1"&gt;1&lt;/td&gt;
		&lt;td class="tabelatd1"&gt;Patrimonial&lt;/td&gt;
&lt;th class="tabelatd1" border="1"&gt;&lt;a class="noPrint" href="?class=ControleCobranca&amp;opera=A&amp;id=465"&gt;[Alterar] &lt;/a&gt;&lt;a class="noPrint" href="?class=ControleCobranca&amp;opera=C&amp;id=465"&gt;[Consultar] &lt;/a&gt;&lt;a class="noPrint" href="?class=ControleCobranca&amp;opera=D&amp;id=465" onClick="return ConfirmaExclusao('');"&gt;[Deletar&amp;nbsp;registro] &lt;/a&gt;&lt;a class="noPrint" href="?class=BaixarParcela&amp;id=465"&gt;[Baixar&amp;nbsp;parcela] &lt;/a&gt;&lt;a class="noPrint" href="?class=ImprimirParcela&amp;id=465"&gt;[Imprimir&amp;nbsp;parcela] &lt;/a&gt;&lt;/th&gt;
	&lt;/tr&gt;
	&lt;tr&gt;
		&lt;td class="tabelatd2"&gt;430&lt;/td&gt;
		&lt;td class="tabelatd2"&gt;Tipo Cobranca&lt;/td&gt;
		&lt;td class="tabelatd2"&gt;11/10/2018&lt;/td&gt;
		&lt;td class="tabelatd2"&gt;110.00&lt;/td&gt;
		&lt;td class="tabelatd2"&gt;0.00&lt;/td&gt;
		&lt;td class="tabelatd2"&gt;&lt;/td&gt;
		&lt;td class="tabelatd2"&gt;Fulano de Tal (652.392.539-00)&lt;/td&gt;
		&lt;td class="tabelatd2"&gt;1&lt;/td&gt;
		&lt;td class="tabelatd2"&gt;Patrimonial&lt;/td&gt;
&lt;th class="tabelatd2" border="1"&gt;&lt;a class="noPrint" href="?class=ControleCobranca&amp;opera=A&amp;id=430"&gt;[Alterar] &lt;/a&gt;&lt;a class="noPrint" href="?class=ControleCobranca&amp;opera=C&amp;id=430"&gt;[Consultar] &lt;/a&gt;&lt;a class="noPrint" href="?class=ControleCobranca&amp;opera=D&amp;id=430" onClick="return ConfirmaExclusao('');"&gt;[Deletar&amp;nbsp;registro] &lt;/a&gt;&lt;a class="noPrint" href="?class=BaixarParcela&amp;id=430"&gt;[Baixar&amp;nbsp;parcela] &lt;/a&gt;&lt;a class="noPrint" href="?class=ImprimirParcela&amp;id=430"&gt;[Imprimir&amp;nbsp;parcela] &lt;/a&gt;&lt;/th&gt;
	&lt;/tr&gt;
	&lt;tr&gt;
		&lt;td class="tabelatd1"&gt;466&lt;/td&gt;
		&lt;td class="tabelatd1"&gt;Tipo Cobranca&lt;/td&gt;
		&lt;td class="tabelatd1"&gt;11/10/2018&lt;/td&gt;
		&lt;td class="tabelatd1"&gt;110.00&lt;/td&gt;
		&lt;td class="tabelatd1"&gt;0.00&lt;/td&gt;
		&lt;td class="tabelatd1"&gt;&lt;/td&gt;
		&lt;td class="tabelatd1"&gt;Fulano de Tal (652.392.539-00)&lt;/td&gt;
		&lt;td class="tabelatd1"&gt;1&lt;/td&gt;
		&lt;td class="tabelatd1"&gt;Patrimonial&lt;/td&gt;
&lt;th class="tabelatd1" border="1"&gt;&lt;a class="noPrint" href="?class=ControleCobranca&amp;opera=A&amp;id=466"&gt;[Alterar] &lt;/a&gt;&lt;a class="noPrint" href="?class=ControleCobranca&amp;opera=C&amp;id=466"&gt;[Consultar] &lt;/a&gt;&lt;a class="noPrint" href="?class=ControleCobranca&amp;opera=D&amp;id=466" onClick="return ConfirmaExclusao('');"&gt;[Deletar&amp;nbsp;registro] &lt;/a&gt;&lt;a class="noPrint" href="?class=BaixarParcela&amp;id=466"&gt;[Baixar&amp;nbsp;parcela] &lt;/a&gt;&lt;a class="noPrint" href="?class=ImprimirParcela&amp;id=466"&gt;[Imprimir&amp;nbsp;parcela] &lt;/a&gt;&lt;/th&gt;
	&lt;/tr&gt;
	&lt;tr&gt;
		&lt;td class="tabelatd2"&gt;467&lt;/td&gt;
		&lt;td class="tabelatd2"&gt;Tipo Cobranca&lt;/td&gt;
		&lt;td class="tabelatd2"&gt;11/10/2018&lt;/td&gt;
		&lt;td class="tabelatd2"&gt;110.00&lt;/td&gt;
		&lt;td class="tabelatd2"&gt;0.00&lt;/td&gt;
		&lt;td class="tabelatd2"&gt;&lt;/td&gt;
		&lt;td class="tabelatd2"&gt;Fulano de Tal (652.392.539-00)&lt;/td&gt;
		&lt;td class="tabelatd2"&gt;1&lt;/td&gt;
		&lt;td class="tabelatd2"&gt;Patrimonial&lt;/td&gt;
&lt;th class="tabelatd2" border="1"&gt;&lt;a class="noPrint" href="?class=ControleCobranca&amp;opera=A&amp;id=467"&gt;[Alterar] &lt;/a&gt;&lt;a class="noPrint" href="?class=ControleCobranca&amp;opera=C&amp;id=467"&gt;[Consultar] &lt;/a&gt;&lt;a class="noPrint" href="?class=ControleCobranca&amp;opera=D&amp;id=467" onClick="return ConfirmaExclusao('');"&gt;[Deletar&amp;nbsp;registro] &lt;/a&gt;&lt;a class="noPrint" href="?class=BaixarParcela&amp;id=467"&gt;[Baixar&amp;nbsp;parcela] &lt;/a&gt;&lt;a class="noPrint" href="?class=ImprimirParcela&amp;id=467"&gt;[Imprimir&amp;nbsp;parcela] &lt;/a&gt;&lt;/th&gt;
	&lt;/tr&gt;
	&lt;tr&gt;
		&lt;td class="tabelatd1"&gt;32&lt;/td&gt;
		&lt;td class="tabelatd1"&gt;Tipo Cobranca&lt;/td&gt;
		&lt;td class="tabelatd1"&gt;11/10/2018&lt;/td&gt;
		&lt;td class="tabelatd1"&gt;110.00&lt;/td&gt;
		&lt;td class="tabelatd1"&gt;0.00&lt;/td&gt;
		&lt;td class="tabelatd1"&gt;&lt;/td&gt;
		&lt;td class="tabelatd1"&gt;Cicrano de Tal (222.222.222-22)&lt;/td&gt;
		&lt;td class="tabelatd1"&gt;23F&lt;/td&gt;
		&lt;td class="tabelatd1"&gt;Patrimonial&lt;/td&gt;
&lt;th class="tabelatd1" border="1"&gt;&lt;a class="noPrint" href="?class=ControleCobranca&amp;opera=A&amp;id=32"&gt;[Alterar] &lt;/a&gt;&lt;a class="noPrint" href="?class=ControleCobranca&amp;opera=C&amp;id=32"&gt;[Consultar] &lt;/a&gt;&lt;a class="noPrint" href="?class=ControleCobranca&amp;opera=D&amp;id=32" onClick="return ConfirmaExclusao('');"&gt;[Deletar&amp;nbsp;registro] &lt;/a&gt;&lt;a class="noPrint" href="?class=BaixarParcela&amp;id=32"&gt;[Baixar&amp;nbsp;parcela] &lt;/a&gt;&lt;a class="noPrint" href="?class=ImprimirParcela&amp;id=32"&gt;[Imprimir&amp;nbsp;parcela] &lt;/a&gt;&lt;/th&gt;
	&lt;/tr&gt;
	&lt;tr&gt;
		&lt;td class="tabelatd2"&gt;39&lt;/td&gt;
		&lt;td class="tabelatd2"&gt;Tipo Cobranca&lt;/td&gt;
		&lt;td class="tabelatd2"&gt;11/10/2018&lt;/td&gt;
		&lt;td class="tabelatd2"&gt;110.00&lt;/td&gt;
		&lt;td class="tabelatd2"&gt;0.00&lt;/td&gt;
		&lt;td class="tabelatd2"&gt;&lt;/td&gt;
		&lt;td class="tabelatd2"&gt;Cicrano de Tal (222.222.222-22)&lt;/td&gt;
		&lt;td class="tabelatd2"&gt;23F&lt;/td&gt;
		&lt;td class="tabelatd2"&gt;Patrimonial&lt;/td&gt;
&lt;th class="tabelatd2" border="1"&gt;&lt;a class="noPrint" href="?class=ControleCobranca&amp;opera=A&amp;id=39"&gt;[Alterar] &lt;/a&gt;&lt;a class="noPrint" href="?class=ControleCobranca&amp;opera=C&amp;id=39"&gt;[Consultar] &lt;/a&gt;&lt;a class="noPrint" href="?class=ControleCobranca&amp;opera=D&amp;id=39" onClick="return ConfirmaExclusao('');"&gt;[Deletar&amp;nbsp;registro] &lt;/a&gt;&lt;a class="noPrint" href="?class=BaixarParcela&amp;id=39"&gt;[Baixar&amp;nbsp;parcela] &lt;/a&gt;&lt;a class="noPrint" href="?class=ImprimirParcela&amp;id=39"&gt;[Imprimir&amp;nbsp;parcela] &lt;/a&gt;&lt;/th&gt;
	&lt;/tr&gt;
	&lt;tr&gt;
		&lt;td class="tabelatd1"&gt;48&lt;/td&gt;
		&lt;td class="tabelatd1"&gt;Tipo Cobranca&lt;/td&gt;
		&lt;td class="tabelatd1"&gt;11/10/2018&lt;/td&gt;
		&lt;td class="tabelatd1"&gt;110.00&lt;/td&gt;
		&lt;td class="tabelatd1"&gt;0.00&lt;/td&gt;
		&lt;td class="tabelatd1"&gt;&lt;/td&gt;
		&lt;td class="tabelatd1"&gt;Cicrano de Tal (222.222.222-22)&lt;/td&gt;
		&lt;td class="tabelatd1"&gt;23F&lt;/td&gt;
		&lt;td class="tabelatd1"&gt;Patrimonial&lt;/td&gt;
&lt;th class="tabelatd1" border="1"&gt;&lt;a class="noPrint" href="?class=ControleCobranca&amp;opera=A&amp;id=48"&gt;[Alterar] &lt;/a&gt;&lt;a class="noPrint" href="?class=ControleCobranca&amp;opera=C&amp;id=48"&gt;[Consultar] &lt;/a&gt;&lt;a class="noPrint" href="?class=ControleCobranca&amp;opera=D&amp;id=48" onClick="return ConfirmaExclusao('');"&gt;[Deletar&amp;nbsp;registro] &lt;/a&gt;&lt;a class="noPrint" href="?class=BaixarParcela&amp;id=48"&gt;[Baixar&amp;nbsp;parcela] &lt;/a&gt;&lt;a class="noPrint" href="?class=ImprimirParcela&amp;id=48"&gt;[Imprimir&amp;nbsp;parcela] &lt;/a&gt;&lt;/th&gt;
	&lt;/tr&gt;
	&lt;tr&gt;
		&lt;td class="tabelatd2"&gt;60&lt;/td&gt;
		&lt;td class="tabelatd2"&gt;Tipo Cobranca&lt;/td&gt;
		&lt;td class="tabelatd2"&gt;11/10/2018&lt;/td&gt;
		&lt;td class="tabelatd2"&gt;110.00&lt;/td&gt;
		&lt;td class="tabelatd2"&gt;0.00&lt;/td&gt;
		&lt;td class="tabelatd2"&gt;&lt;/td&gt;
		&lt;td class="tabelatd2"&gt;Cicrano de Tal (222.222.222-22)&lt;/td&gt;
		&lt;td class="tabelatd2"&gt;23F&lt;/td&gt;
		&lt;td class="tabelatd2"&gt;Patrimonial&lt;/td&gt;
&lt;th class="tabelatd2" border="1"&gt;&lt;a class="noPrint" href="?class=ControleCobranca&amp;opera=A&amp;id=60"&gt;[Alterar] &lt;/a&gt;&lt;a class="noPrint" href="?class=ControleCobranca&amp;opera=C&amp;id=60"&gt;[Consultar] &lt;/a&gt;&lt;a class="noPrint" href="?class=ControleCobranca&amp;opera=D&amp;id=60" onClick="return ConfirmaExclusao('');"&gt;[Deletar&amp;nbsp;registro] &lt;/a&gt;&lt;a class="noPrint" href="?class=BaixarParcela&amp;id=60"&gt;[Baixar&amp;nbsp;parcela] &lt;/a&gt;&lt;a class="noPrint" href="?class=ImprimirParcela&amp;id=60"&gt;[Imprimir&amp;nbsp;parcela] &lt;/a&gt;&lt;/th&gt;
	&lt;/tr&gt;
	&lt;tr&gt;
		&lt;td class="tabelatd1"&gt;74&lt;/td&gt;
		&lt;td class="tabelatd1"&gt;Tipo Cobranca&lt;/td&gt;
		&lt;td class="tabelatd1"&gt;11/10/2018&lt;/td&gt;
		&lt;td class="tabelatd1"&gt;110.00&lt;/td&gt;
		&lt;td class="tabelatd1"&gt;0.00&lt;/td&gt;
		&lt;td class="tabelatd1"&gt;&lt;/td&gt;
		&lt;td class="tabelatd1"&gt;Cicrano de Tal (222.222.222-22)&lt;/td&gt;
		&lt;td class="tabelatd1"&gt;23F&lt;/td&gt;
		&lt;td class="tabelatd1"&gt;Patrimonial&lt;/td&gt;
&lt;th class="tabelatd1" border="1"&gt;&lt;a class="noPrint" href="?class=ControleCobranca&amp;opera=A&amp;id=74"&gt;[Alterar] &lt;/a&gt;&lt;a class="noPrint" href="?class=ControleCobranca&amp;opera=C&amp;id=74"&gt;[Consultar] &lt;/a&gt;&lt;a class="noPrint" href="?class=ControleCobranca&amp;opera=D&amp;id=74" onClick="return ConfirmaExclusao('');"&gt;[Deletar&amp;nbsp;registro] &lt;/a&gt;&lt;a class="noPrint" href="?class=BaixarParcela&amp;id=74"&gt;[Baixar&amp;nbsp;parcela] &lt;/a&gt;&lt;a class="noPrint" href="?class=ImprimirParcela&amp;id=74"&gt;[Imprimir&amp;nbsp;parcela] &lt;/a&gt;&lt;/th&gt;
	&lt;/tr&gt;
	&lt;tr&gt;
		&lt;td class="tabelatd2"&gt;90&lt;/td&gt;
		&lt;td class="tabelatd2"&gt;Tipo Cobranca&lt;/td&gt;
		&lt;td class="tabelatd2"&gt;11/10/2018&lt;/td&gt;
		&lt;td class="tabelatd2"&gt;110.00&lt;/td&gt;
		&lt;td class="tabelatd2"&gt;0.00&lt;/td&gt;
		&lt;td class="tabelatd2"&gt;&lt;/td&gt;
		&lt;td class="tabelatd2"&gt;Cicrano de Tal (222.222.222-22)&lt;/td&gt;
		&lt;td class="tabelatd2"&gt;23F&lt;/td&gt;
		&lt;td class="tabelatd2"&gt;Patrimonial&lt;/td&gt;
&lt;th class="tabelatd2" border="1"&gt;&lt;a class="noPrint" href="?class=ControleCobranca&amp;opera=A&amp;id=90"&gt;[Alterar] &lt;/a&gt;&lt;a class="noPrint" href="?class=ControleCobranca&amp;opera=C&amp;id=90"&gt;[Consultar] &lt;/a&gt;&lt;a class="noPrint" href="?class=ControleCobranca&amp;opera=D&amp;id=90" onClick="return ConfirmaExclusao('');"&gt;[Deletar&amp;nbsp;registro] &lt;/a&gt;&lt;a class="noPrint" href="?class=BaixarParcela&amp;id=90"&gt;[Baixar&amp;nbsp;parcela] &lt;/a&gt;&lt;a class="noPrint" href="?class=ImprimirParcela&amp;id=90"&gt;[Imprimir&amp;nbsp;parcela] &lt;/a&gt;&lt;/th&gt;
	&lt;/tr&gt;
	&lt;tr&gt;
		&lt;td class="tabelatd1"&gt;106&lt;/td&gt;
		&lt;td class="tabelatd1"&gt;Tipo Cobranca&lt;/td&gt;
		&lt;td class="tabelatd1"&gt;11/10/2018&lt;/td&gt;
		&lt;td class="tabelatd1"&gt;110.00&lt;/td&gt;
		&lt;td class="tabelatd1"&gt;0.00&lt;/td&gt;
		&lt;td class="tabelatd1"&gt;&lt;/td&gt;
		&lt;td class="tabelatd1"&gt;Cicrano de Tal (222.222.222-22)&lt;/td&gt;
		&lt;td class="tabelatd1"&gt;23F&lt;/td&gt;
		&lt;td class="tabelatd1"&gt;Patrimonial&lt;/td&gt;
&lt;th class="tabelatd1" border="1"&gt;&lt;a class="noPrint" href="?class=ControleCobranca&amp;opera=A&amp;id=106"&gt;[Alterar] &lt;/a&gt;&lt;a class="noPrint" href="?class=ControleCobranca&amp;opera=C&amp;id=106"&gt;[Consultar] &lt;/a&gt;&lt;a class="noPrint" href="?class=ControleCobranca&amp;opera=D&amp;id=106" onClick="return ConfirmaExclusao('');"&gt;[Deletar&amp;nbsp;registro] &lt;/a&gt;&lt;a class="noPrint" href="?class=BaixarParcela&amp;id=106"&gt;[Baixar&amp;nbsp;parcela] &lt;/a&gt;&lt;a class="noPrint" href="?class=ImprimirParcela&amp;id=106"&gt;[Imprimir&amp;nbsp;parcela] &lt;/a&gt;&lt;/th&gt;
	&lt;/tr&gt;
	&lt;tr&gt;
		&lt;td class="tabelatd2"&gt;134&lt;/td&gt;
		&lt;td class="tabelatd2"&gt;Tipo Cobranca&lt;/td&gt;
		&lt;td class="tabelatd2"&gt;11/10/2018&lt;/td&gt;
		&lt;td class="tabelatd2"&gt;110.00&lt;/td&gt;
		&lt;td class="tabelatd2"&gt;0.00&lt;/td&gt;
		&lt;td class="tabelatd2"&gt;&lt;/td&gt;
		&lt;td class="tabelatd2"&gt;Cicrano de Tal (222.222.222-22)&lt;/td&gt;
		&lt;td class="tabelatd2"&gt;23F&lt;/td&gt;
		&lt;td class="tabelatd2"&gt;Patrimonial&lt;/td&gt;
&lt;th class="tabelatd2" border="1"&gt;&lt;a class="noPrint" href="?class=ControleCobranca&amp;opera=A&amp;id=134"&gt;[Alterar] &lt;/a&gt;&lt;a class="noPrint" href="?class=ControleCobranca&amp;opera=C&amp;id=134"&gt;[Consultar] &lt;/a&gt;&lt;a class="noPrint" href="?class=ControleCobranca&amp;opera=D&amp;id=134" onClick="return ConfirmaExclusao('');"&gt;[Deletar&amp;nbsp;registro] &lt;/a&gt;&lt;a class="noPrint" href="?class=BaixarParcela&amp;id=134"&gt;[Baixar&amp;nbsp;parcela] &lt;/a&gt;&lt;a class="noPrint" href="?class=ImprimirParcela&amp;id=134"&gt;[Imprimir&amp;nbsp;parcela] &lt;/a&gt;&lt;/th&gt;
	&lt;/tr&gt;
	&lt;tr&gt;
		&lt;td class="tabelatd1"&gt;159&lt;/td&gt;
		&lt;td class="tabelatd1"&gt;Tipo Cobranca&lt;/td&gt;
		&lt;td class="tabelatd1"&gt;11/10/2018&lt;/td&gt;
		&lt;td class="tabelatd1"&gt;110.00&lt;/td&gt;
		&lt;td class="tabelatd1"&gt;0.00&lt;/td&gt;
		&lt;td class="tabelatd1"&gt;&lt;/td&gt;
		&lt;td class="tabelatd1"&gt;Cicrano de Tal (222.222.222-22)&lt;/td&gt;
		&lt;td class="tabelatd1"&gt;23F&lt;/td&gt;
		&lt;td class="tabelatd1"&gt;Patrimonial&lt;/td&gt;
&lt;th class="tabelatd1" border="1"&gt;&lt;a class="noPrint" href="?class=ControleCobranca&amp;opera=A&amp;id=159"&gt;[Alterar] &lt;/a&gt;&lt;a class="noPrint" href="?class=ControleCobranca&amp;opera=C&amp;id=159"&gt;[Consultar] &lt;/a&gt;&lt;a class="noPrint" href="?class=ControleCobranca&amp;opera=D&amp;id=159" onClick="return ConfirmaExclusao('');"&gt;[Deletar&amp;nbsp;registro] &lt;/a&gt;&lt;a class="noPrint" href="?class=BaixarParcela&amp;id=159"&gt;[Baixar&amp;nbsp;parcela] &lt;/a&gt;&lt;a class="noPrint" href="?class=ImprimirParcela&amp;id=159"&gt;[Imprimir&amp;nbsp;parcela] &lt;/a&gt;&lt;/th&gt;
	&lt;/tr&gt;
	&lt;tr&gt;
		&lt;td class="tabelatd2"&gt;179&lt;/td&gt;
		&lt;td class="tabelatd2"&gt;Tipo Cobranca&lt;/td&gt;
		&lt;td class="tabelatd2"&gt;11/10/2018&lt;/td&gt;
		&lt;td class="tabelatd2"&gt;110.00&lt;/td&gt;
		&lt;td class="tabelatd2"&gt;0.00&lt;/td&gt;
		&lt;td class="tabelatd2"&gt;&lt;/td&gt;
		&lt;td class="tabelatd2"&gt;Cicrano de Tal (222.222.222-22)&lt;/td&gt;
		&lt;td class="tabelatd2"&gt;23F&lt;/td&gt;
		&lt;td class="tabelatd2"&gt;Patrimonial&lt;/td&gt;
&lt;th class="tabelatd2" border="1"&gt;&lt;a class="noPrint" href="?class=ControleCobranca&amp;opera=A&amp;id=179"&gt;[Alterar] &lt;/a&gt;&lt;a class="noPrint" href="?class=ControleCobranca&amp;opera=C&amp;id=179"&gt;[Consultar] &lt;/a&gt;&lt;a class="noPrint" href="?class=ControleCobranca&amp;opera=D&amp;id=179" onClick="return ConfirmaExclusao('');"&gt;[Deletar&amp;nbsp;registro] &lt;/a&gt;&lt;a class="noPrint" href="?class=BaixarParcela&amp;id=179"&gt;[Baixar&amp;nbsp;parcela] &lt;/a&gt;&lt;a class="noPrint" href="?class=ImprimirParcela&amp;id=179"&gt;[Imprimir&amp;nbsp;parcela] &lt;/a&gt;&lt;/th&gt;
	&lt;/tr&gt;
	&lt;tr&gt;
		&lt;td class="tabelatd1"&gt;199&lt;/td&gt;
		&lt;td class="tabelatd1"&gt;Tipo Cobranca&lt;/td&gt;
		&lt;td class="tabelatd1"&gt;11/10/2018&lt;/td&gt;
		&lt;td class="tabelatd1"&gt;110.00&lt;/td&gt;
		&lt;td class="tabelatd1"&gt;0.00&lt;/td&gt;
		&lt;td class="tabelatd1"&gt;&lt;/td&gt;
		&lt;td class="tabelatd1"&gt;Cicrano de Tal (222.222.222-22)&lt;/td&gt;
		&lt;td class="tabelatd1"&gt;23F&lt;/td&gt;
		&lt;td class="tabelatd1"&gt;Patrimonial&lt;/td&gt;
&lt;th class="tabelatd1" border="1"&gt;&lt;a class="noPrint" href="?class=ControleCobranca&amp;opera=A&amp;id=199"&gt;[Alterar] &lt;/a&gt;&lt;a class="noPrint" href="?class=ControleCobranca&amp;opera=C&amp;id=199"&gt;[Consultar] &lt;/a&gt;&lt;a class="noPrint" href="?class=ControleCobranca&amp;opera=D&amp;id=199" onClick="return ConfirmaExclusao('');"&gt;[Deletar&amp;nbsp;registro] &lt;/a&gt;&lt;a class="noPrint" href="?class=BaixarParcela&amp;id=199"&gt;[Baixar&amp;nbsp;parcela] &lt;/a&gt;&lt;a class="noPrint" href="?class=ImprimirParcela&amp;id=199"&gt;[Imprimir&amp;nbsp;parcela] &lt;/a&gt;&lt;/th&gt;
	&lt;/tr&gt;
	&lt;tr&gt;
		&lt;td class="tabelatd2"&gt;219&lt;/td&gt;
		&lt;td class="tabelatd2"&gt;Tipo Cobranca&lt;/td&gt;
		&lt;td class="tabelatd2"&gt;11/10/2018&lt;/td&gt;
		&lt;td class="tabelatd2"&gt;110.00&lt;/td&gt;
		&lt;td class="tabelatd2"&gt;0.00&lt;/td&gt;
		&lt;td class="tabelatd2"&gt;&lt;/td&gt;
		&lt;td class="tabelatd2"&gt;Cicrano de Tal (222.222.222-22)&lt;/td&gt;
		&lt;td class="tabelatd2"&gt;23F&lt;/td&gt;
		&lt;td class="tabelatd2"&gt;Patrimonial&lt;/td&gt;
&lt;th class="tabelatd2" border="1"&gt;&lt;a class="noPrint" href="?class=ControleCobranca&amp;opera=A&amp;id=219"&gt;[Alterar] &lt;/a&gt;&lt;a class="noPrint" href="?class=ControleCobranca&amp;opera=C&amp;id=219"&gt;[Consultar] &lt;/a&gt;&lt;a class="noPrint" href="?class=ControleCobranca&amp;opera=D&amp;id=219" onClick="return ConfirmaExclusao('');"&gt;[Deletar&amp;nbsp;registro] &lt;/a&gt;&lt;a class="noPrint" href="?class=BaixarParcela&amp;id=219"&gt;[Baixar&amp;nbsp;parcela] &lt;/a&gt;&lt;a class="noPrint" href="?class=ImprimirParcela&amp;id=219"&gt;[Imprimir&amp;nbsp;parcela] &lt;/a&gt;&lt;/th&gt;
	&lt;/tr&gt;
	&lt;tr&gt;
		&lt;td class="tabelatd1"&gt;243&lt;/td&gt;
		&lt;td class="tabelatd1"&gt;Tipo Cobranca&lt;/td&gt;
		&lt;td class="tabelatd1"&gt;11/10/2018&lt;/td&gt;
		&lt;td class="tabelatd1"&gt;110.00&lt;/td&gt;
		&lt;td class="tabelatd1"&gt;0.00&lt;/td&gt;
		&lt;td class="tabelatd1"&gt;&lt;/td&gt;
		&lt;td class="tabelatd1"&gt;Cicrano de Tal (222.222.222-22)&lt;/td&gt;
		&lt;td class="tabelatd1"&gt;23F&lt;/td&gt;
		&lt;td class="tabelatd1"&gt;Patrimonial&lt;/td&gt;
&lt;th class="tabelatd1" border="1"&gt;&lt;a class="noPrint" href="?class=ControleCobranca&amp;opera=A&amp;id=243"&gt;[Alterar] &lt;/a&gt;&lt;a class="noPrint" href="?class=ControleCobranca&amp;opera=C&amp;id=243"&gt;[Consultar] &lt;/a&gt;&lt;a class="noPrint" href="?class=ControleCobranca&amp;opera=D&amp;id=243" onClick="return ConfirmaExclusao('');"&gt;[Deletar&amp;nbsp;registro] &lt;/a&gt;&lt;a class="noPrint" href="?class=BaixarParcela&amp;id=243"&gt;[Baixar&amp;nbsp;parcela] &lt;/a&gt;&lt;a class="noPrint" href="?class=ImprimirParcela&amp;id=243"&gt;[Imprimir&amp;nbsp;parcela] &lt;/a&gt;&lt;/th&gt;
	&lt;/tr&gt;
	&lt;tr&gt;
		&lt;td class="tabelatd2"&gt;267&lt;/td&gt;
		&lt;td class="tabelatd2"&gt;Tipo Cobranca&lt;/td&gt;
		&lt;td class="tabelatd2"&gt;11/10/2018&lt;/td&gt;
		&lt;td class="tabelatd2"&gt;110.00&lt;/td&gt;
		&lt;td class="tabelatd2"&gt;0.00&lt;/td&gt;
		&lt;td class="tabelatd2"&gt;&lt;/td&gt;
		&lt;td class="tabelatd2"&gt;Cicrano de Tal (222.222.222-22)&lt;/td&gt;
		&lt;td class="tabelatd2"&gt;23F&lt;/td&gt;
		&lt;td class="tabelatd2"&gt;Patrimonial&lt;/td&gt;
&lt;th class="tabelatd2" border="1"&gt;&lt;a class="noPrint" href="?class=ControleCobranca&amp;opera=A&amp;id=267"&gt;[Alterar] &lt;/a&gt;&lt;a class="noPrint" href="?class=ControleCobranca&amp;opera=C&amp;id=267"&gt;[Consultar] &lt;/a&gt;&lt;a class="noPrint" href="?class=ControleCobranca&amp;opera=D&amp;id=267" onClick="return ConfirmaExclusao('');"&gt;[Deletar&amp;nbsp;registro] &lt;/a&gt;&lt;a class="noPrint" href="?class=BaixarParcela&amp;id=267"&gt;[Baixar&amp;nbsp;parcela] &lt;/a&gt;&lt;a class="noPrint" href="?class=ImprimirParcela&amp;id=267"&gt;[Imprimir&amp;nbsp;parcela] &lt;/a&gt;&lt;/th&gt;
	&lt;/tr&gt;
	&lt;tr&gt;
		&lt;td class="tabelatd1"&gt;293&lt;/td&gt;
		&lt;td class="tabelatd1"&gt;Tipo Cobranca&lt;/td&gt;
		&lt;td class="tabelatd1"&gt;11/10/2018&lt;/td&gt;
		&lt;td class="tabelatd1"&gt;110.00&lt;/td&gt;
		&lt;td class="tabelatd1"&gt;0.00&lt;/td&gt;
		&lt;td class="tabelatd1"&gt;&lt;/td&gt;
		&lt;td class="tabelatd1"&gt;Cicrano de Tal (222.222.222-22)&lt;/td&gt;
		&lt;td class="tabelatd1"&gt;23F&lt;/td&gt;
		&lt;td class="tabelatd1"&gt;Patrimonial&lt;/td&gt;
&lt;th class="tabelatd1" border="1"&gt;&lt;a class="noPrint" href="?class=ControleCobranca&amp;opera=A&amp;id=293"&gt;[Alterar] &lt;/a&gt;&lt;a class="noPrint" href="?class=ControleCobranca&amp;opera=C&amp;id=293"&gt;[Consultar] &lt;/a&gt;&lt;a class="noPrint" href="?class=ControleCobranca&amp;opera=D&amp;id=293" onClick="return ConfirmaExclusao('');"&gt;[Deletar&amp;nbsp;registro] &lt;/a&gt;&lt;a class="noPrint" href="?class=BaixarParcela&amp;id=293"&gt;[Baixar&amp;nbsp;parcela] &lt;/a&gt;&lt;a class="noPrint" href="?class=ImprimirParcela&amp;id=293"&gt;[Imprimir&amp;nbsp;parcela] &lt;/a&gt;&lt;/th&gt;
	&lt;/tr&gt;
	&lt;tr&gt;
		&lt;td class="tabelatd2"&gt;321&lt;/td&gt;
		&lt;td class="tabelatd2"&gt;Tipo Cobranca&lt;/td&gt;
		&lt;td class="tabelatd2"&gt;11/10/2018&lt;/td&gt;
		&lt;td class="tabelatd2"&gt;110.00&lt;/td&gt;
		&lt;td class="tabelatd2"&gt;0.00&lt;/td&gt;
		&lt;td class="tabelatd2"&gt;&lt;/td&gt;
		&lt;td class="tabelatd2"&gt;Cicrano de Tal (222.222.222-22)&lt;/td&gt;
		&lt;td class="tabelatd2"&gt;23F&lt;/td&gt;
		&lt;td class="tabelatd2"&gt;Patrimonial&lt;/td&gt;
&lt;th class="tabelatd2" border="1"&gt;&lt;a class="noPrint" href="?class=ControleCobranca&amp;opera=A&amp;id=321"&gt;[Alterar] &lt;/a&gt;&lt;a class="noPrint" href="?class=ControleCobranca&amp;opera=C&amp;id=321"&gt;[Consultar] &lt;/a&gt;&lt;a class="noPrint" href="?class=ControleCobranca&amp;opera=D&amp;id=321" onClick="return ConfirmaExclusao('');"&gt;[Deletar&amp;nbsp;registro] &lt;/a&gt;&lt;a class="noPrint" href="?class=BaixarParcela&amp;id=321"&gt;[Baixar&amp;nbsp;parcela] &lt;/a&gt;&lt;a class="noPrint" href="?class=ImprimirParcela&amp;id=321"&gt;[Imprimir&amp;nbsp;parcela] &lt;/a&gt;&lt;/th&gt;
	&lt;/tr&gt;
	&lt;tr&gt;
		&lt;td class="tabelatd1"&gt;351&lt;/td&gt;
		&lt;td class="tabelatd1"&gt;Tipo Cobranca&lt;/td&gt;
		&lt;td class="tabelatd1"&gt;11/10/2018&lt;/td&gt;
		&lt;td class="tabelatd1"&gt;110.00&lt;/td&gt;
		&lt;td class="tabelatd1"&gt;0.00&lt;/td&gt;
		&lt;td class="tabelatd1"&gt;&lt;/td&gt;
		&lt;td class="tabelatd1"&gt;Cicrano de Tal (222.222.222-22)&lt;/td&gt;
		&lt;td class="tabelatd1"&gt;23F&lt;/td&gt;
		&lt;td class="tabelatd1"&gt;Patrimonial&lt;/td&gt;
&lt;th class="tabelatd1" border="1"&gt;&lt;a class="noPrint" href="?class=ControleCobranca&amp;opera=A&amp;id=351"&gt;[Alterar] &lt;/a&gt;&lt;a class="noPrint" href="?class=ControleCobranca&amp;opera=C&amp;id=351"&gt;[Consultar] &lt;/a&gt;&lt;a class="noPrint" href="?class=ControleCobranca&amp;opera=D&amp;id=351" onClick="return ConfirmaExclusao('');"&gt;[Deletar&amp;nbsp;registro] &lt;/a&gt;&lt;a class="noPrint" href="?class=BaixarParcela&amp;id=351"&gt;[Baixar&amp;nbsp;parcela] &lt;/a&gt;&lt;a class="noPrint" href="?class=ImprimirParcela&amp;id=351"&gt;[Imprimir&amp;nbsp;parcela] &lt;/a&gt;&lt;/th&gt;
	&lt;/tr&gt;
	&lt;tr&gt;
		&lt;td class="tabelatd2"&gt;383&lt;/td&gt;
		&lt;td class="tabelatd2"&gt;Tipo Cobranca&lt;/td&gt;
		&lt;td class="tabelatd2"&gt;11/10/2018&lt;/td&gt;
		&lt;td class="tabelatd2"&gt;110.00&lt;/td&gt;
		&lt;td class="tabelatd2"&gt;0.00&lt;/td&gt;
		&lt;td class="tabelatd2"&gt;&lt;/td&gt;
		&lt;td class="tabelatd2"&gt;Cicrano de Tal (222.222.222-22)&lt;/td&gt;
		&lt;td class="tabelatd2"&gt;23F&lt;/td&gt;
		&lt;td class="tabelatd2"&gt;Patrimonial&lt;/td&gt;
&lt;th class="tabelatd2" border="1"&gt;&lt;a class="noPrint" href="?class=ControleCobranca&amp;opera=A&amp;id=383"&gt;[Alterar] &lt;/a&gt;&lt;a class="noPrint" href="?class=ControleCobranca&amp;opera=C&amp;id=383"&gt;[Consultar] &lt;/a&gt;&lt;a class="noPrint" href="?class=ControleCobranca&amp;opera=D&amp;id=383" onClick="return ConfirmaExclusao('');"&gt;[Deletar&amp;nbsp;registro] &lt;/a&gt;&lt;a class="noPrint" href="?class=BaixarParcela&amp;id=383"&gt;[Baixar&amp;nbsp;parcela] &lt;/a&gt;&lt;a class="noPrint" href="?class=ImprimirParcela&amp;id=383"&gt;[Imprimir&amp;nbsp;parcela] &lt;/a&gt;&lt;/th&gt;
	&lt;/tr&gt;
	&lt;tr&gt;
		&lt;td class="tabelatd1"&gt;417&lt;/td&gt;
		&lt;td class="tabelatd1"&gt;Tipo Cobranca&lt;/td&gt;
		&lt;td class="tabelatd1"&gt;11/10/2018&lt;/td&gt;
		&lt;td class="tabelatd1"&gt;110.00&lt;/td&gt;
		&lt;td class="tabelatd1"&gt;0.00&lt;/td&gt;
		&lt;td class="tabelatd1"&gt;&lt;/td&gt;
		&lt;td class="tabelatd1"&gt;Cicrano de Tal (222.222.222-22)&lt;/td&gt;
		&lt;td class="tabelatd1"&gt;23F&lt;/td&gt;
		&lt;td class="tabelatd1"&gt;Patrimonial&lt;/td&gt;
&lt;th class="tabelatd1" border="1"&gt;&lt;a class="noPrint" href="?class=ControleCobranca&amp;opera=A&amp;id=417"&gt;[Alterar] &lt;/a&gt;&lt;a class="noPrint" href="?class=ControleCobranca&amp;opera=C&amp;id=417"&gt;[Consultar] &lt;/a&gt;&lt;a class="noPrint" href="?class=ControleCobranca&amp;opera=D&amp;id=417" onClick="return ConfirmaExclusao('');"&gt;[Deletar&amp;nbsp;registro] &lt;/a&gt;&lt;a class="noPrint" href="?class=BaixarParcela&amp;id=417"&gt;[Baixar&amp;nbsp;parcela] &lt;/a&gt;&lt;a class="noPrint" href="?class=ImprimirParcela&amp;id=417"&gt;[Imprimir&amp;nbsp;parcela] &lt;/a&gt;&lt;/th&gt;
	&lt;/tr&gt;
	&lt;tr&gt;
		&lt;td class="tabelatd2"&gt;453&lt;/td&gt;
		&lt;td class="tabelatd2"&gt;Tipo Cobranca&lt;/td&gt;
		&lt;td class="tabelatd2"&gt;11/10/2018&lt;/td&gt;
		&lt;td class="tabelatd2"&gt;110.00&lt;/td&gt;
		&lt;td class="tabelatd2"&gt;0.00&lt;/td&gt;
		&lt;td class="tabelatd2"&gt;&lt;/td&gt;
		&lt;td class="tabelatd2"&gt;Cicrano de Tal (222.222.222-22)&lt;/td&gt;
		&lt;td class="tabelatd2"&gt;23F&lt;/td&gt;
		&lt;td class="tabelatd2"&gt;Patrimonial&lt;/td&gt;
&lt;th class="tabelatd2" border="1"&gt;&lt;a class="noPrint" href="?class=ControleCobranca&amp;opera=A&amp;id=453"&gt;[Alterar] &lt;/a&gt;&lt;a class="noPrint" href="?class=ControleCobranca&amp;opera=C&amp;id=453"&gt;[Consultar] &lt;/a&gt;&lt;a class="noPrint" href="?class=ControleCobranca&amp;opera=D&amp;id=453" onClick="return ConfirmaExclusao('');"&gt;[Deletar&amp;nbsp;registro] &lt;/a&gt;&lt;a class="noPrint" href="?class=BaixarParcela&amp;id=453"&gt;[Baixar&amp;nbsp;parcela] &lt;/a&gt;&lt;a class="noPrint" href="?class=ImprimirParcela&amp;id=453"&gt;[Imprimir&amp;nbsp;parcela] &lt;/a&gt;&lt;/th&gt;
	&lt;/tr&gt;
&lt;/Table&gt;
&lt;h3&gt;Número de registros na lista: 468&lt;/h3&gt;
&lt;/div&gt;
</system-out>
      </testcase>
    </testsuite>
    <testsuite name="DaoControleTipoCobrancaTest" file="C:\Apache24\htdocs\Associacao\tests\controller\DaoControleTipoCobrancaTest.php" tests="11" assertions="11" errors="0" failures="0" skipped="0" time="0.282034">
      <testcase name="testGetTabela" class="DaoControleTipoCobrancaTest" classname="DaoControleTipoCobrancaTest" file="C:\Apache24\htdocs\Associacao\tests\controller\DaoControleTipoCobrancaTest.php" line="35" assertions="1" time="0.026418"/>
      <testcase name="testGetClassModel" class="DaoControleTipoCobrancaTest" classname="DaoControleTipoCobrancaTest" file="C:\Apache24\htdocs\Associacao\tests\controller\DaoControleTipoCobrancaTest.php" line="43" assertions="1" time="0.017598"/>
      <testcase name="testGetClassView" class="DaoControleTipoCobrancaTest" classname="DaoControleTipoCobrancaTest" file="C:\Apache24\htdocs\Associacao\tests\controller\DaoControleTipoCobrancaTest.php" line="51" assertions="1" time="0.017407"/>
      <testcase name="testExecutaView" class="DaoControleTipoCobrancaTest" classname="DaoControleTipoCobrancaTest" file="C:\Apache24\htdocs\Associacao\tests\controller\DaoControleTipoCobrancaTest.php" line="59" assertions="1" time="0.035817">
        <system-out>﻿﻿&lt;!DOCTYPE html&gt;
&lt;html&gt;
    &lt;head&gt;
                        &lt;title&gt;Tipos de cobrança&lt;/title&gt;
    &lt;/head&gt;
&lt;body&gt;
&lt;center&gt;&lt;div&gt;&lt;h1 class="tituloCadastro"&gt;Tipos de cobrança&lt;/h1&gt;&lt;/div&gt;&lt;/center&gt;
    
&lt;form id="cadastro" name="cadastro" method="post" enctype="multipart/form-data" action="" onsubmit="return ValidaCamposTipoCobranca(); return false;"&gt;
  &lt;table class="tabelaCadastro"&gt;
    &lt;tr&gt;
      &lt;td class="labelCadastro"&gt;Código:&lt;/td&gt;
      &lt;td class="campoCadastro"&gt;&lt;div class='campoID' name='labelID' id='labelID'&gt;&amp;nbsp;&lt;/div&gt;&lt;input class='campo' name='id' type='hidden' id='id' value='' /&gt;&lt;/td&gt;
    &lt;/tr&gt;
    &lt;tr&gt;
      &lt;td class="labelCadastro"&gt;Descrição:&lt;/td&gt;
      &lt;td class="campoCadastro"&gt;&lt;input class="campo" name="descricao" type="text" onblur="ValidaCampo(this);" id="descricao" size="30" maxlength="30" value="" /&gt;
        &lt;span class="campoObrigatorio"&gt;*&lt;/span&gt;&lt;/td&gt;
    &lt;/tr&gt;
    &lt;tr&gt;
      &lt;td class="labelCadastro"&gt;Sigla:&lt;/td&gt;
      &lt;td class="campoCadastro"&gt;&lt;input class="campo" name="sigla" type="text" onblur="ValidaCampo(this);" id="sigla" size="5" maxlength="2" value="" /&gt;
        &lt;span class="campoObrigatorio"&gt;*&lt;/span&gt;&lt;/td&gt;
    &lt;/tr&gt;
    &lt;tr&gt;&lt;td colspan="2"&gt;
         &lt;/td&gt;&lt;/tr&gt;
  &lt;/table&gt;
&lt;/form&gt;
&lt;input type="button" onclick="imprimirDiv('divTIPO_COBRANCA', this);" value="Imprimir lista"&gt;&lt;div id='divTIPO_COBRANCA'&gt;
&lt;Table class="tabela" width="100%" border="1" cellpadding="3" cellspacing="0"&gt;
&lt;tr&gt;
&lt;th class="tabelath" border="1"&gt;ID&lt;/th&gt;
&lt;th class="tabelath" border="1"&gt;DESCRICAO&lt;/th&gt;
&lt;th class="tabelath" border="1"&gt;SIGLA&lt;/th&gt;
&lt;th class="tabelath" border="1"&gt;OPERAÇÃO&lt;/th&gt;
&lt;/tr&gt;
	&lt;tr&gt;
		&lt;td class="tabelatd1"&gt;5&lt;/td&gt;
		&lt;td class="tabelatd1"&gt;Aula de dança de salão&lt;/td&gt;
		&lt;td class="tabelatd1"&gt;AD&lt;/td&gt;
&lt;th class="tabelatd1" border="1"&gt;&lt;a class="noPrint" href="?class=ControleTipoCobranca&amp;opera=A&amp;id=5"&gt;[Alterar] &lt;/a&gt;&lt;a class="noPrint" href="?class=ControleTipoCobranca&amp;opera=C&amp;id=5"&gt;[Consultar] &lt;/a&gt;&lt;a class="noPrint" href="?class=ControleTipoCobranca&amp;opera=D&amp;id=5" onClick="return ConfirmaExclusao('');"&gt;[Deletar&amp;nbsp;registro] &lt;/a&gt;&lt;/th&gt;
	&lt;/tr&gt;
	&lt;tr&gt;
		&lt;td class="tabelatd2"&gt;3&lt;/td&gt;
		&lt;td class="tabelatd2"&gt;Manutenção&lt;/td&gt;
		&lt;td class="tabelatd2"&gt;MA&lt;/td&gt;
&lt;th class="tabelatd2" border="1"&gt;&lt;a class="noPrint" href="?class=ControleTipoCobranca&amp;opera=A&amp;id=3"&gt;[Alterar] &lt;/a&gt;&lt;a class="noPrint" href="?class=ControleTipoCobranca&amp;opera=C&amp;id=3"&gt;[Consultar] &lt;/a&gt;&lt;a class="noPrint" href="?class=ControleTipoCobranca&amp;opera=D&amp;id=3" onClick="return ConfirmaExclusao('');"&gt;[Deletar&amp;nbsp;registro] &lt;/a&gt;&lt;/th&gt;
	&lt;/tr&gt;
	&lt;tr&gt;
		&lt;td class="tabelatd1"&gt;4&lt;/td&gt;
		&lt;td class="tabelatd1"&gt;Mensalidades&lt;/td&gt;
		&lt;td class="tabelatd1"&gt;ME&lt;/td&gt;
&lt;th class="tabelatd1" border="1"&gt;&lt;a class="noPrint" href="?class=ControleTipoCobranca&amp;opera=A&amp;id=4"&gt;[Alterar] &lt;/a&gt;&lt;a class="noPrint" href="?class=ControleTipoCobranca&amp;opera=C&amp;id=4"&gt;[Consultar] &lt;/a&gt;&lt;a class="noPrint" href="?class=ControleTipoCobranca&amp;opera=D&amp;id=4" onClick="return ConfirmaExclusao('');"&gt;[Deletar&amp;nbsp;registro] &lt;/a&gt;&lt;/th&gt;
	&lt;/tr&gt;
	&lt;tr&gt;
		&lt;td class="tabelatd2"&gt;2&lt;/td&gt;
		&lt;td class="tabelatd2"&gt;Taxa de Manutenção&lt;/td&gt;
		&lt;td class="tabelatd2"&gt;TM&lt;/td&gt;
&lt;th class="tabelatd2" border="1"&gt;&lt;a class="noPrint" href="?class=ControleTipoCobranca&amp;opera=A&amp;id=2"&gt;[Alterar] &lt;/a&gt;&lt;a class="noPrint" href="?class=ControleTipoCobranca&amp;opera=C&amp;id=2"&gt;[Consultar] &lt;/a&gt;&lt;a class="noPrint" href="?class=ControleTipoCobranca&amp;opera=D&amp;id=2" onClick="return ConfirmaExclusao('');"&gt;[Deletar&amp;nbsp;registro] &lt;/a&gt;&lt;/th&gt;
	&lt;/tr&gt;
	&lt;tr&gt;
		&lt;td class="tabelatd1"&gt;1&lt;/td&gt;
		&lt;td class="tabelatd1"&gt;Tipo Cobranca&lt;/td&gt;
		&lt;td class="tabelatd1"&gt;TC&lt;/td&gt;
&lt;th class="tabelatd1" border="1"&gt;&lt;a class="noPrint" href="?class=ControleTipoCobranca&amp;opera=A&amp;id=1"&gt;[Alterar] &lt;/a&gt;&lt;a class="noPrint" href="?class=ControleTipoCobranca&amp;opera=C&amp;id=1"&gt;[Consultar] &lt;/a&gt;&lt;a class="noPrint" href="?class=ControleTipoCobranca&amp;opera=D&amp;id=1" onClick="return ConfirmaExclusao('');"&gt;[Deletar&amp;nbsp;registro] &lt;/a&gt;&lt;/th&gt;
	&lt;/tr&gt;
	&lt;tr&gt;
		&lt;td class="tabelatd2"&gt;10&lt;/td&gt;
		&lt;td class="tabelatd2"&gt;Tipo Cobranca 10&lt;/td&gt;
		&lt;td class="tabelatd2"&gt;10&lt;/td&gt;
&lt;th class="tabelatd2" border="1"&gt;&lt;a class="noPrint" href="?class=ControleTipoCobranca&amp;opera=A&amp;id=10"&gt;[Alterar] &lt;/a&gt;&lt;a class="noPrint" href="?class=ControleTipoCobranca&amp;opera=C&amp;id=10"&gt;[Consultar] &lt;/a&gt;&lt;a class="noPrint" href="?class=ControleTipoCobranca&amp;opera=D&amp;id=10" onClick="return ConfirmaExclusao('');"&gt;[Deletar&amp;nbsp;registro] &lt;/a&gt;&lt;/th&gt;
	&lt;/tr&gt;
	&lt;tr&gt;
		&lt;td class="tabelatd1"&gt;11&lt;/td&gt;
		&lt;td class="tabelatd1"&gt;Tipo Cobranca 11&lt;/td&gt;
		&lt;td class="tabelatd1"&gt;11&lt;/td&gt;
&lt;th class="tabelatd1" border="1"&gt;&lt;a class="noPrint" href="?class=ControleTipoCobranca&amp;opera=A&amp;id=11"&gt;[Alterar] &lt;/a&gt;&lt;a class="noPrint" href="?class=ControleTipoCobranca&amp;opera=C&amp;id=11"&gt;[Consultar] &lt;/a&gt;&lt;a class="noPrint" href="?class=ControleTipoCobranca&amp;opera=D&amp;id=11" onClick="return ConfirmaExclusao('');"&gt;[Deletar&amp;nbsp;registro] &lt;/a&gt;&lt;/th&gt;
	&lt;/tr&gt;
	&lt;tr&gt;
		&lt;td class="tabelatd2"&gt;12&lt;/td&gt;
		&lt;td class="tabelatd2"&gt;Tipo Cobranca 12&lt;/td&gt;
		&lt;td class="tabelatd2"&gt;12&lt;/td&gt;
&lt;th class="tabelatd2" border="1"&gt;&lt;a class="noPrint" href="?class=ControleTipoCobranca&amp;opera=A&amp;id=12"&gt;[Alterar] &lt;/a&gt;&lt;a class="noPrint" href="?class=ControleTipoCobranca&amp;opera=C&amp;id=12"&gt;[Consultar] &lt;/a&gt;&lt;a class="noPrint" href="?class=ControleTipoCobranca&amp;opera=D&amp;id=12" onClick="return ConfirmaExclusao('');"&gt;[Deletar&amp;nbsp;registro] &lt;/a&gt;&lt;/th&gt;
	&lt;/tr&gt;
	&lt;tr&gt;
		&lt;td class="tabelatd1"&gt;13&lt;/td&gt;
		&lt;td class="tabelatd1"&gt;Tipo Cobranca 13&lt;/td&gt;
		&lt;td class="tabelatd1"&gt;13&lt;/td&gt;
&lt;th class="tabelatd1" border="1"&gt;&lt;a class="noPrint" href="?class=ControleTipoCobranca&amp;opera=A&amp;id=13"&gt;[Alterar] &lt;/a&gt;&lt;a class="noPrint" href="?class=ControleTipoCobranca&amp;opera=C&amp;id=13"&gt;[Consultar] &lt;/a&gt;&lt;a class="noPrint" href="?class=ControleTipoCobranca&amp;opera=D&amp;id=13" onClick="return ConfirmaExclusao('');"&gt;[Deletar&amp;nbsp;registro] &lt;/a&gt;&lt;/th&gt;
	&lt;/tr&gt;
	&lt;tr&gt;
		&lt;td class="tabelatd2"&gt;14&lt;/td&gt;
		&lt;td class="tabelatd2"&gt;Tipo Cobranca 14&lt;/td&gt;
		&lt;td class="tabelatd2"&gt;14&lt;/td&gt;
&lt;th class="tabelatd2" border="1"&gt;&lt;a class="noPrint" href="?class=ControleTipoCobranca&amp;opera=A&amp;id=14"&gt;[Alterar] &lt;/a&gt;&lt;a class="noPrint" href="?class=ControleTipoCobranca&amp;opera=C&amp;id=14"&gt;[Consultar] &lt;/a&gt;&lt;a class="noPrint" href="?class=ControleTipoCobranca&amp;opera=D&amp;id=14" onClick="return ConfirmaExclusao('');"&gt;[Deletar&amp;nbsp;registro] &lt;/a&gt;&lt;/th&gt;
	&lt;/tr&gt;
	&lt;tr&gt;
		&lt;td class="tabelatd1"&gt;15&lt;/td&gt;
		&lt;td class="tabelatd1"&gt;Tipo Cobranca 15&lt;/td&gt;
		&lt;td class="tabelatd1"&gt;15&lt;/td&gt;
&lt;th class="tabelatd1" border="1"&gt;&lt;a class="noPrint" href="?class=ControleTipoCobranca&amp;opera=A&amp;id=15"&gt;[Alterar] &lt;/a&gt;&lt;a class="noPrint" href="?class=ControleTipoCobranca&amp;opera=C&amp;id=15"&gt;[Consultar] &lt;/a&gt;&lt;a class="noPrint" href="?class=ControleTipoCobranca&amp;opera=D&amp;id=15" onClick="return ConfirmaExclusao('');"&gt;[Deletar&amp;nbsp;registro] &lt;/a&gt;&lt;/th&gt;
	&lt;/tr&gt;
	&lt;tr&gt;
		&lt;td class="tabelatd2"&gt;16&lt;/td&gt;
		&lt;td class="tabelatd2"&gt;Tipo Cobranca 16&lt;/td&gt;
		&lt;td class="tabelatd2"&gt;16&lt;/td&gt;
&lt;th class="tabelatd2" border="1"&gt;&lt;a class="noPrint" href="?class=ControleTipoCobranca&amp;opera=A&amp;id=16"&gt;[Alterar] &lt;/a&gt;&lt;a class="noPrint" href="?class=ControleTipoCobranca&amp;opera=C&amp;id=16"&gt;[Consultar] &lt;/a&gt;&lt;a class="noPrint" href="?class=ControleTipoCobranca&amp;opera=D&amp;id=16" onClick="return ConfirmaExclusao('');"&gt;[Deletar&amp;nbsp;registro] &lt;/a&gt;&lt;/th&gt;
	&lt;/tr&gt;
	&lt;tr&gt;
		&lt;td class="tabelatd1"&gt;17&lt;/td&gt;
		&lt;td class="tabelatd1"&gt;Tipo Cobranca 17&lt;/td&gt;
		&lt;td class="tabelatd1"&gt;17&lt;/td&gt;
&lt;th class="tabelatd1" border="1"&gt;&lt;a class="noPrint" href="?class=ControleTipoCobranca&amp;opera=A&amp;id=17"&gt;[Alterar] &lt;/a&gt;&lt;a class="noPrint" href="?class=ControleTipoCobranca&amp;opera=C&amp;id=17"&gt;[Consultar] &lt;/a&gt;&lt;a class="noPrint" href="?class=ControleTipoCobranca&amp;opera=D&amp;id=17" onClick="return ConfirmaExclusao('');"&gt;[Deletar&amp;nbsp;registro] &lt;/a&gt;&lt;/th&gt;
	&lt;/tr&gt;
	&lt;tr&gt;
		&lt;td class="tabelatd2"&gt;18&lt;/td&gt;
		&lt;td class="tabelatd2"&gt;Tipo Cobranca 18&lt;/td&gt;
		&lt;td class="tabelatd2"&gt;18&lt;/td&gt;
&lt;th class="tabelatd2" border="1"&gt;&lt;a class="noPrint" href="?class=ControleTipoCobranca&amp;opera=A&amp;id=18"&gt;[Alterar] &lt;/a&gt;&lt;a class="noPrint" href="?class=ControleTipoCobranca&amp;opera=C&amp;id=18"&gt;[Consultar] &lt;/a&gt;&lt;a class="noPrint" href="?class=ControleTipoCobranca&amp;opera=D&amp;id=18" onClick="return ConfirmaExclusao('');"&gt;[Deletar&amp;nbsp;registro] &lt;/a&gt;&lt;/th&gt;
	&lt;/tr&gt;
	&lt;tr&gt;
		&lt;td class="tabelatd1"&gt;19&lt;/td&gt;
		&lt;td class="tabelatd1"&gt;Tipo Cobranca 19&lt;/td&gt;
		&lt;td class="tabelatd1"&gt;19&lt;/td&gt;
&lt;th class="tabelatd1" border="1"&gt;&lt;a class="noPrint" href="?class=ControleTipoCobranca&amp;opera=A&amp;id=19"&gt;[Alterar] &lt;/a&gt;&lt;a class="noPrint" href="?class=ControleTipoCobranca&amp;opera=C&amp;id=19"&gt;[Consultar] &lt;/a&gt;&lt;a class="noPrint" href="?class=ControleTipoCobranca&amp;opera=D&amp;id=19" onClick="return ConfirmaExclusao('');"&gt;[Deletar&amp;nbsp;registro] &lt;/a&gt;&lt;/th&gt;
	&lt;/tr&gt;
	&lt;tr&gt;
		&lt;td class="tabelatd2"&gt;20&lt;/td&gt;
		&lt;td class="tabelatd2"&gt;Tipo Cobranca 20&lt;/td&gt;
		&lt;td class="tabelatd2"&gt;20&lt;/td&gt;
&lt;th class="tabelatd2" border="1"&gt;&lt;a class="noPrint" href="?class=ControleTipoCobranca&amp;opera=A&amp;id=20"&gt;[Alterar] &lt;/a&gt;&lt;a class="noPrint" href="?class=ControleTipoCobranca&amp;opera=C&amp;id=20"&gt;[Consultar] &lt;/a&gt;&lt;a class="noPrint" href="?class=ControleTipoCobranca&amp;opera=D&amp;id=20" onClick="return ConfirmaExclusao('');"&gt;[Deletar&amp;nbsp;registro] &lt;/a&gt;&lt;/th&gt;
	&lt;/tr&gt;
	&lt;tr&gt;
		&lt;td class="tabelatd1"&gt;21&lt;/td&gt;
		&lt;td class="tabelatd1"&gt;Tipo Cobranca 21&lt;/td&gt;
		&lt;td class="tabelatd1"&gt;21&lt;/td&gt;
&lt;th class="tabelatd1" border="1"&gt;&lt;a class="noPrint" href="?class=ControleTipoCobranca&amp;opera=A&amp;id=21"&gt;[Alterar] &lt;/a&gt;&lt;a class="noPrint" href="?class=ControleTipoCobranca&amp;opera=C&amp;id=21"&gt;[Consultar] &lt;/a&gt;&lt;a class="noPrint" href="?class=ControleTipoCobranca&amp;opera=D&amp;id=21" onClick="return ConfirmaExclusao('');"&gt;[Deletar&amp;nbsp;registro] &lt;/a&gt;&lt;/th&gt;
	&lt;/tr&gt;
	&lt;tr&gt;
		&lt;td class="tabelatd2"&gt;22&lt;/td&gt;
		&lt;td class="tabelatd2"&gt;Tipo Cobranca 22&lt;/td&gt;
		&lt;td class="tabelatd2"&gt;22&lt;/td&gt;
&lt;th class="tabelatd2" border="1"&gt;&lt;a class="noPrint" href="?class=ControleTipoCobranca&amp;opera=A&amp;id=22"&gt;[Alterar] &lt;/a&gt;&lt;a class="noPrint" href="?class=ControleTipoCobranca&amp;opera=C&amp;id=22"&gt;[Consultar] &lt;/a&gt;&lt;a class="noPrint" href="?class=ControleTipoCobranca&amp;opera=D&amp;id=22" onClick="return ConfirmaExclusao('');"&gt;[Deletar&amp;nbsp;registro] &lt;/a&gt;&lt;/th&gt;
	&lt;/tr&gt;
	&lt;tr&gt;
		&lt;td class="tabelatd1"&gt;23&lt;/td&gt;
		&lt;td class="tabelatd1"&gt;Tipo Cobranca 23&lt;/td&gt;
		&lt;td class="tabelatd1"&gt;23&lt;/td&gt;
&lt;th class="tabelatd1" border="1"&gt;&lt;a class="noPrint" href="?class=ControleTipoCobranca&amp;opera=A&amp;id=23"&gt;[Alterar] &lt;/a&gt;&lt;a class="noPrint" href="?class=ControleTipoCobranca&amp;opera=C&amp;id=23"&gt;[Consultar] &lt;/a&gt;&lt;a class="noPrint" href="?class=ControleTipoCobranca&amp;opera=D&amp;id=23" onClick="return ConfirmaExclusao('');"&gt;[Deletar&amp;nbsp;registro] &lt;/a&gt;&lt;/th&gt;
	&lt;/tr&gt;
	&lt;tr&gt;
		&lt;td class="tabelatd2"&gt;24&lt;/td&gt;
		&lt;td class="tabelatd2"&gt;Tipo Cobranca 24&lt;/td&gt;
		&lt;td class="tabelatd2"&gt;24&lt;/td&gt;
&lt;th class="tabelatd2" border="1"&gt;&lt;a class="noPrint" href="?class=ControleTipoCobranca&amp;opera=A&amp;id=24"&gt;[Alterar] &lt;/a&gt;&lt;a class="noPrint" href="?class=ControleTipoCobranca&amp;opera=C&amp;id=24"&gt;[Consultar] &lt;/a&gt;&lt;a class="noPrint" href="?class=ControleTipoCobranca&amp;opera=D&amp;id=24" onClick="return ConfirmaExclusao('');"&gt;[Deletar&amp;nbsp;registro] &lt;/a&gt;&lt;/th&gt;
	&lt;/tr&gt;
	&lt;tr&gt;
		&lt;td class="tabelatd1"&gt;25&lt;/td&gt;
		&lt;td class="tabelatd1"&gt;Tipo Cobranca 25&lt;/td&gt;
		&lt;td class="tabelatd1"&gt;25&lt;/td&gt;
&lt;th class="tabelatd1" border="1"&gt;&lt;a class="noPrint" href="?class=ControleTipoCobranca&amp;opera=A&amp;id=25"&gt;[Alterar] &lt;/a&gt;&lt;a class="noPrint" href="?class=ControleTipoCobranca&amp;opera=C&amp;id=25"&gt;[Consultar] &lt;/a&gt;&lt;a class="noPrint" href="?class=ControleTipoCobranca&amp;opera=D&amp;id=25" onClick="return ConfirmaExclusao('');"&gt;[Deletar&amp;nbsp;registro] &lt;/a&gt;&lt;/th&gt;
	&lt;/tr&gt;
	&lt;tr&gt;
		&lt;td class="tabelatd2"&gt;26&lt;/td&gt;
		&lt;td class="tabelatd2"&gt;Tipo Cobranca 26&lt;/td&gt;
		&lt;td class="tabelatd2"&gt;26&lt;/td&gt;
&lt;th class="tabelatd2" border="1"&gt;&lt;a class="noPrint" href="?class=ControleTipoCobranca&amp;opera=A&amp;id=26"&gt;[Alterar] &lt;/a&gt;&lt;a class="noPrint" href="?class=ControleTipoCobranca&amp;opera=C&amp;id=26"&gt;[Consultar] &lt;/a&gt;&lt;a class="noPrint" href="?class=ControleTipoCobranca&amp;opera=D&amp;id=26" onClick="return ConfirmaExclusao('');"&gt;[Deletar&amp;nbsp;registro] &lt;/a&gt;&lt;/th&gt;
	&lt;/tr&gt;
	&lt;tr&gt;
		&lt;td class="tabelatd1"&gt;27&lt;/td&gt;
		&lt;td class="tabelatd1"&gt;Tipo Cobranca 27&lt;/td&gt;
		&lt;td class="tabelatd1"&gt;27&lt;/td&gt;
&lt;th class="tabelatd1" border="1"&gt;&lt;a class="noPrint" href="?class=ControleTipoCobranca&amp;opera=A&amp;id=27"&gt;[Alterar] &lt;/a&gt;&lt;a class="noPrint" href="?class=ControleTipoCobranca&amp;opera=C&amp;id=27"&gt;[Consultar] &lt;/a&gt;&lt;a class="noPrint" href="?class=ControleTipoCobranca&amp;opera=D&amp;id=27" onClick="return ConfirmaExclusao('');"&gt;[Deletar&amp;nbsp;registro] &lt;/a&gt;&lt;/th&gt;
	&lt;/tr&gt;
	&lt;tr&gt;
		&lt;td class="tabelatd2"&gt;28&lt;/td&gt;
		&lt;td class="tabelatd2"&gt;Tipo Cobranca 28&lt;/td&gt;
		&lt;td class="tabelatd2"&gt;28&lt;/td&gt;
&lt;th class="tabelatd2" border="1"&gt;&lt;a class="noPrint" href="?class=ControleTipoCobranca&amp;opera=A&amp;id=28"&gt;[Alterar] &lt;/a&gt;&lt;a class="noPrint" href="?class=ControleTipoCobranca&amp;opera=C&amp;id=28"&gt;[Consultar] &lt;/a&gt;&lt;a class="noPrint" href="?class=ControleTipoCobranca&amp;opera=D&amp;id=28" onClick="return ConfirmaExclusao('');"&gt;[Deletar&amp;nbsp;registro] &lt;/a&gt;&lt;/th&gt;
	&lt;/tr&gt;
	&lt;tr&gt;
		&lt;td class="tabelatd1"&gt;29&lt;/td&gt;
		&lt;td class="tabelatd1"&gt;Tipo Cobranca 29&lt;/td&gt;
		&lt;td class="tabelatd1"&gt;29&lt;/td&gt;
&lt;th class="tabelatd1" border="1"&gt;&lt;a class="noPrint" href="?class=ControleTipoCobranca&amp;opera=A&amp;id=29"&gt;[Alterar] &lt;/a&gt;&lt;a class="noPrint" href="?class=ControleTipoCobranca&amp;opera=C&amp;id=29"&gt;[Consultar] &lt;/a&gt;&lt;a class="noPrint" href="?class=ControleTipoCobranca&amp;opera=D&amp;id=29" onClick="return ConfirmaExclusao('');"&gt;[Deletar&amp;nbsp;registro] &lt;/a&gt;&lt;/th&gt;
	&lt;/tr&gt;
	&lt;tr&gt;
		&lt;td class="tabelatd2"&gt;30&lt;/td&gt;
		&lt;td class="tabelatd2"&gt;Tipo Cobranca 30&lt;/td&gt;
		&lt;td class="tabelatd2"&gt;30&lt;/td&gt;
&lt;th class="tabelatd2" border="1"&gt;&lt;a class="noPrint" href="?class=ControleTipoCobranca&amp;opera=A&amp;id=30"&gt;[Alterar] &lt;/a&gt;&lt;a class="noPrint" href="?class=ControleTipoCobranca&amp;opera=C&amp;id=30"&gt;[Consultar] &lt;/a&gt;&lt;a class="noPrint" href="?class=ControleTipoCobranca&amp;opera=D&amp;id=30" onClick="return ConfirmaExclusao('');"&gt;[Deletar&amp;nbsp;registro] &lt;/a&gt;&lt;/th&gt;
	&lt;/tr&gt;
	&lt;tr&gt;
		&lt;td class="tabelatd1"&gt;31&lt;/td&gt;
		&lt;td class="tabelatd1"&gt;Tipo Cobranca 31&lt;/td&gt;
		&lt;td class="tabelatd1"&gt;31&lt;/td&gt;
&lt;th class="tabelatd1" border="1"&gt;&lt;a class="noPrint" href="?class=ControleTipoCobranca&amp;opera=A&amp;id=31"&gt;[Alterar] &lt;/a&gt;&lt;a class="noPrint" href="?class=ControleTipoCobranca&amp;opera=C&amp;id=31"&gt;[Consultar] &lt;/a&gt;&lt;a class="noPrint" href="?class=ControleTipoCobranca&amp;opera=D&amp;id=31" onClick="return ConfirmaExclusao('');"&gt;[Deletar&amp;nbsp;registro] &lt;/a&gt;&lt;/th&gt;
	&lt;/tr&gt;
	&lt;tr&gt;
		&lt;td class="tabelatd2"&gt;32&lt;/td&gt;
		&lt;td class="tabelatd2"&gt;Tipo Cobranca 32&lt;/td&gt;
		&lt;td class="tabelatd2"&gt;32&lt;/td&gt;
&lt;th class="tabelatd2" border="1"&gt;&lt;a class="noPrint" href="?class=ControleTipoCobranca&amp;opera=A&amp;id=32"&gt;[Alterar] &lt;/a&gt;&lt;a class="noPrint" href="?class=ControleTipoCobranca&amp;opera=C&amp;id=32"&gt;[Consultar] &lt;/a&gt;&lt;a class="noPrint" href="?class=ControleTipoCobranca&amp;opera=D&amp;id=32" onClick="return ConfirmaExclusao('');"&gt;[Deletar&amp;nbsp;registro] &lt;/a&gt;&lt;/th&gt;
	&lt;/tr&gt;
	&lt;tr&gt;
		&lt;td class="tabelatd1"&gt;33&lt;/td&gt;
		&lt;td class="tabelatd1"&gt;Tipo Cobranca 33&lt;/td&gt;
		&lt;td class="tabelatd1"&gt;33&lt;/td&gt;
&lt;th class="tabelatd1" border="1"&gt;&lt;a class="noPrint" href="?class=ControleTipoCobranca&amp;opera=A&amp;id=33"&gt;[Alterar] &lt;/a&gt;&lt;a class="noPrint" href="?class=ControleTipoCobranca&amp;opera=C&amp;id=33"&gt;[Consultar] &lt;/a&gt;&lt;a class="noPrint" href="?class=ControleTipoCobranca&amp;opera=D&amp;id=33" onClick="return ConfirmaExclusao('');"&gt;[Deletar&amp;nbsp;registro] &lt;/a&gt;&lt;/th&gt;
	&lt;/tr&gt;
	&lt;tr&gt;
		&lt;td class="tabelatd2"&gt;34&lt;/td&gt;
		&lt;td class="tabelatd2"&gt;Tipo Cobranca 34&lt;/td&gt;
		&lt;td class="tabelatd2"&gt;34&lt;/td&gt;
&lt;th class="tabelatd2" border="1"&gt;&lt;a class="noPrint" href="?class=ControleTipoCobranca&amp;opera=A&amp;id=34"&gt;[Alterar] &lt;/a&gt;&lt;a class="noPrint" href="?class=ControleTipoCobranca&amp;opera=C&amp;id=34"&gt;[Consultar] &lt;/a&gt;&lt;a class="noPrint" href="?class=ControleTipoCobranca&amp;opera=D&amp;id=34" onClick="return ConfirmaExclusao('');"&gt;[Deletar&amp;nbsp;registro] &lt;/a&gt;&lt;/th&gt;
	&lt;/tr&gt;
	&lt;tr&gt;
		&lt;td class="tabelatd1"&gt;35&lt;/td&gt;
		&lt;td class="tabelatd1"&gt;Tipo Cobranca 35&lt;/td&gt;
		&lt;td class="tabelatd1"&gt;35&lt;/td&gt;
&lt;th class="tabelatd1" border="1"&gt;&lt;a class="noPrint" href="?class=ControleTipoCobranca&amp;opera=A&amp;id=35"&gt;[Alterar] &lt;/a&gt;&lt;a class="noPrint" href="?class=ControleTipoCobranca&amp;opera=C&amp;id=35"&gt;[Consultar] &lt;/a&gt;&lt;a class="noPrint" href="?class=ControleTipoCobranca&amp;opera=D&amp;id=35" onClick="return ConfirmaExclusao('');"&gt;[Deletar&amp;nbsp;registro] &lt;/a&gt;&lt;/th&gt;
	&lt;/tr&gt;
	&lt;tr&gt;
		&lt;td class="tabelatd2"&gt;36&lt;/td&gt;
		&lt;td class="tabelatd2"&gt;Tipo Cobranca 36&lt;/td&gt;
		&lt;td class="tabelatd2"&gt;36&lt;/td&gt;
&lt;th class="tabelatd2" border="1"&gt;&lt;a class="noPrint" href="?class=ControleTipoCobranca&amp;opera=A&amp;id=36"&gt;[Alterar] &lt;/a&gt;&lt;a class="noPrint" href="?class=ControleTipoCobranca&amp;opera=C&amp;id=36"&gt;[Consultar] &lt;/a&gt;&lt;a class="noPrint" href="?class=ControleTipoCobranca&amp;opera=D&amp;id=36" onClick="return ConfirmaExclusao('');"&gt;[Deletar&amp;nbsp;registro] &lt;/a&gt;&lt;/th&gt;
	&lt;/tr&gt;
	&lt;tr&gt;
		&lt;td class="tabelatd1"&gt;37&lt;/td&gt;
		&lt;td class="tabelatd1"&gt;Tipo Cobranca 37&lt;/td&gt;
		&lt;td class="tabelatd1"&gt;37&lt;/td&gt;
&lt;th class="tabelatd1" border="1"&gt;&lt;a class="noPrint" href="?class=ControleTipoCobranca&amp;opera=A&amp;id=37"&gt;[Alterar] &lt;/a&gt;&lt;a class="noPrint" href="?class=ControleTipoCobranca&amp;opera=C&amp;id=37"&gt;[Consultar] &lt;/a&gt;&lt;a class="noPrint" href="?class=ControleTipoCobranca&amp;opera=D&amp;id=37" onClick="return ConfirmaExclusao('');"&gt;[Deletar&amp;nbsp;registro] &lt;/a&gt;&lt;/th&gt;
	&lt;/tr&gt;
	&lt;tr&gt;
		&lt;td class="tabelatd2"&gt;38&lt;/td&gt;
		&lt;td class="tabelatd2"&gt;Tipo Cobranca 38&lt;/td&gt;
		&lt;td class="tabelatd2"&gt;38&lt;/td&gt;
&lt;th class="tabelatd2" border="1"&gt;&lt;a class="noPrint" href="?class=ControleTipoCobranca&amp;opera=A&amp;id=38"&gt;[Alterar] &lt;/a&gt;&lt;a class="noPrint" href="?class=ControleTipoCobranca&amp;opera=C&amp;id=38"&gt;[Consultar] &lt;/a&gt;&lt;a class="noPrint" href="?class=ControleTipoCobranca&amp;opera=D&amp;id=38" onClick="return ConfirmaExclusao('');"&gt;[Deletar&amp;nbsp;registro] &lt;/a&gt;&lt;/th&gt;
	&lt;/tr&gt;
	&lt;tr&gt;
		&lt;td class="tabelatd1"&gt;39&lt;/td&gt;
		&lt;td class="tabelatd1"&gt;Tipo Cobranca 39&lt;/td&gt;
		&lt;td class="tabelatd1"&gt;39&lt;/td&gt;
&lt;th class="tabelatd1" border="1"&gt;&lt;a class="noPrint" href="?class=ControleTipoCobranca&amp;opera=A&amp;id=39"&gt;[Alterar] &lt;/a&gt;&lt;a class="noPrint" href="?class=ControleTipoCobranca&amp;opera=C&amp;id=39"&gt;[Consultar] &lt;/a&gt;&lt;a class="noPrint" href="?class=ControleTipoCobranca&amp;opera=D&amp;id=39" onClick="return ConfirmaExclusao('');"&gt;[Deletar&amp;nbsp;registro] &lt;/a&gt;&lt;/th&gt;
	&lt;/tr&gt;
	&lt;tr&gt;
		&lt;td class="tabelatd2"&gt;40&lt;/td&gt;
		&lt;td class="tabelatd2"&gt;Tipo Cobranca 40&lt;/td&gt;
		&lt;td class="tabelatd2"&gt;40&lt;/td&gt;
&lt;th class="tabelatd2" border="1"&gt;&lt;a class="noPrint" href="?class=ControleTipoCobranca&amp;opera=A&amp;id=40"&gt;[Alterar] &lt;/a&gt;&lt;a class="noPrint" href="?class=ControleTipoCobranca&amp;opera=C&amp;id=40"&gt;[Consultar] &lt;/a&gt;&lt;a class="noPrint" href="?class=ControleTipoCobranca&amp;opera=D&amp;id=40" onClick="return ConfirmaExclusao('');"&gt;[Deletar&amp;nbsp;registro] &lt;/a&gt;&lt;/th&gt;
	&lt;/tr&gt;
	&lt;tr&gt;
		&lt;td class="tabelatd1"&gt;41&lt;/td&gt;
		&lt;td class="tabelatd1"&gt;Tipo Cobranca 41&lt;/td&gt;
		&lt;td class="tabelatd1"&gt;41&lt;/td&gt;
&lt;th class="tabelatd1" border="1"&gt;&lt;a class="noPrint" href="?class=ControleTipoCobranca&amp;opera=A&amp;id=41"&gt;[Alterar] &lt;/a&gt;&lt;a class="noPrint" href="?class=ControleTipoCobranca&amp;opera=C&amp;id=41"&gt;[Consultar] &lt;/a&gt;&lt;a class="noPrint" href="?class=ControleTipoCobranca&amp;opera=D&amp;id=41" onClick="return ConfirmaExclusao('');"&gt;[Deletar&amp;nbsp;registro] &lt;/a&gt;&lt;/th&gt;
	&lt;/tr&gt;
	&lt;tr&gt;
		&lt;td class="tabelatd2"&gt;42&lt;/td&gt;
		&lt;td class="tabelatd2"&gt;Tipo Cobranca 42&lt;/td&gt;
		&lt;td class="tabelatd2"&gt;42&lt;/td&gt;
&lt;th class="tabelatd2" border="1"&gt;&lt;a class="noPrint" href="?class=ControleTipoCobranca&amp;opera=A&amp;id=42"&gt;[Alterar] &lt;/a&gt;&lt;a class="noPrint" href="?class=ControleTipoCobranca&amp;opera=C&amp;id=42"&gt;[Consultar] &lt;/a&gt;&lt;a class="noPrint" href="?class=ControleTipoCobranca&amp;opera=D&amp;id=42" onClick="return ConfirmaExclusao('');"&gt;[Deletar&amp;nbsp;registro] &lt;/a&gt;&lt;/th&gt;
	&lt;/tr&gt;
	&lt;tr&gt;
		&lt;td class="tabelatd1"&gt;43&lt;/td&gt;
		&lt;td class="tabelatd1"&gt;Tipo Cobranca 43&lt;/td&gt;
		&lt;td class="tabelatd1"&gt;43&lt;/td&gt;
&lt;th class="tabelatd1" border="1"&gt;&lt;a class="noPrint" href="?class=ControleTipoCobranca&amp;opera=A&amp;id=43"&gt;[Alterar] &lt;/a&gt;&lt;a class="noPrint" href="?class=ControleTipoCobranca&amp;opera=C&amp;id=43"&gt;[Consultar] &lt;/a&gt;&lt;a class="noPrint" href="?class=ControleTipoCobranca&amp;opera=D&amp;id=43" onClick="return ConfirmaExclusao('');"&gt;[Deletar&amp;nbsp;registro] &lt;/a&gt;&lt;/th&gt;
	&lt;/tr&gt;
	&lt;tr&gt;
		&lt;td class="tabelatd2"&gt;44&lt;/td&gt;
		&lt;td class="tabelatd2"&gt;Tipo Cobranca 44&lt;/td&gt;
		&lt;td class="tabelatd2"&gt;44&lt;/td&gt;
&lt;th class="tabelatd2" border="1"&gt;&lt;a class="noPrint" href="?class=ControleTipoCobranca&amp;opera=A&amp;id=44"&gt;[Alterar] &lt;/a&gt;&lt;a class="noPrint" href="?class=ControleTipoCobranca&amp;opera=C&amp;id=44"&gt;[Consultar] &lt;/a&gt;&lt;a class="noPrint" href="?class=ControleTipoCobranca&amp;opera=D&amp;id=44" onClick="return ConfirmaExclusao('');"&gt;[Deletar&amp;nbsp;registro] &lt;/a&gt;&lt;/th&gt;
	&lt;/tr&gt;
	&lt;tr&gt;
		&lt;td class="tabelatd1"&gt;45&lt;/td&gt;
		&lt;td class="tabelatd1"&gt;Tipo Cobranca 45&lt;/td&gt;
		&lt;td class="tabelatd1"&gt;45&lt;/td&gt;
&lt;th class="tabelatd1" border="1"&gt;&lt;a class="noPrint" href="?class=ControleTipoCobranca&amp;opera=A&amp;id=45"&gt;[Alterar] &lt;/a&gt;&lt;a class="noPrint" href="?class=ControleTipoCobranca&amp;opera=C&amp;id=45"&gt;[Consultar] &lt;/a&gt;&lt;a class="noPrint" href="?class=ControleTipoCobranca&amp;opera=D&amp;id=45" onClick="return ConfirmaExclusao('');"&gt;[Deletar&amp;nbsp;registro] &lt;/a&gt;&lt;/th&gt;
	&lt;/tr&gt;
	&lt;tr&gt;
		&lt;td class="tabelatd2"&gt;46&lt;/td&gt;
		&lt;td class="tabelatd2"&gt;Tipo Cobranca 46&lt;/td&gt;
		&lt;td class="tabelatd2"&gt;46&lt;/td&gt;
&lt;th class="tabelatd2" border="1"&gt;&lt;a class="noPrint" href="?class=ControleTipoCobranca&amp;opera=A&amp;id=46"&gt;[Alterar] &lt;/a&gt;&lt;a class="noPrint" href="?class=ControleTipoCobranca&amp;opera=C&amp;id=46"&gt;[Consultar] &lt;/a&gt;&lt;a class="noPrint" href="?class=ControleTipoCobranca&amp;opera=D&amp;id=46" onClick="return ConfirmaExclusao('');"&gt;[Deletar&amp;nbsp;registro] &lt;/a&gt;&lt;/th&gt;
	&lt;/tr&gt;
	&lt;tr&gt;
		&lt;td class="tabelatd1"&gt;47&lt;/td&gt;
		&lt;td class="tabelatd1"&gt;Tipo Cobranca 47&lt;/td&gt;
		&lt;td class="tabelatd1"&gt;47&lt;/td&gt;
&lt;th class="tabelatd1" border="1"&gt;&lt;a class="noPrint" href="?class=ControleTipoCobranca&amp;opera=A&amp;id=47"&gt;[Alterar] &lt;/a&gt;&lt;a class="noPrint" href="?class=ControleTipoCobranca&amp;opera=C&amp;id=47"&gt;[Consultar] &lt;/a&gt;&lt;a class="noPrint" href="?class=ControleTipoCobranca&amp;opera=D&amp;id=47" onClick="return ConfirmaExclusao('');"&gt;[Deletar&amp;nbsp;registro] &lt;/a&gt;&lt;/th&gt;
	&lt;/tr&gt;
	&lt;tr&gt;
		&lt;td class="tabelatd2"&gt;48&lt;/td&gt;
		&lt;td class="tabelatd2"&gt;Tipo Cobranca 48&lt;/td&gt;
		&lt;td class="tabelatd2"&gt;48&lt;/td&gt;
&lt;th class="tabelatd2" border="1"&gt;&lt;a class="noPrint" href="?class=ControleTipoCobranca&amp;opera=A&amp;id=48"&gt;[Alterar] &lt;/a&gt;&lt;a class="noPrint" href="?class=ControleTipoCobranca&amp;opera=C&amp;id=48"&gt;[Consultar] &lt;/a&gt;&lt;a class="noPrint" href="?class=ControleTipoCobranca&amp;opera=D&amp;id=48" onClick="return ConfirmaExclusao('');"&gt;[Deletar&amp;nbsp;registro] &lt;/a&gt;&lt;/th&gt;
	&lt;/tr&gt;
	&lt;tr&gt;
		&lt;td class="tabelatd1"&gt;49&lt;/td&gt;
		&lt;td class="tabelatd1"&gt;Tipo Cobranca 49&lt;/td&gt;
		&lt;td class="tabelatd1"&gt;49&lt;/td&gt;
&lt;th class="tabelatd1" border="1"&gt;&lt;a class="noPrint" href="?class=ControleTipoCobranca&amp;opera=A&amp;id=49"&gt;[Alterar] &lt;/a&gt;&lt;a class="noPrint" href="?class=ControleTipoCobranca&amp;opera=C&amp;id=49"&gt;[Consultar] &lt;/a&gt;&lt;a class="noPrint" href="?class=ControleTipoCobranca&amp;opera=D&amp;id=49" onClick="return ConfirmaExclusao('');"&gt;[Deletar&amp;nbsp;registro] &lt;/a&gt;&lt;/th&gt;
	&lt;/tr&gt;
	&lt;tr&gt;
		&lt;td class="tabelatd2"&gt;50&lt;/td&gt;
		&lt;td class="tabelatd2"&gt;Tipo Cobranca 50&lt;/td&gt;
		&lt;td class="tabelatd2"&gt;50&lt;/td&gt;
&lt;th class="tabelatd2" border="1"&gt;&lt;a class="noPrint" href="?class=ControleTipoCobranca&amp;opera=A&amp;id=50"&gt;[Alterar] &lt;/a&gt;&lt;a class="noPrint" href="?class=ControleTipoCobranca&amp;opera=C&amp;id=50"&gt;[Consultar] &lt;/a&gt;&lt;a class="noPrint" href="?class=ControleTipoCobranca&amp;opera=D&amp;id=50" onClick="return ConfirmaExclusao('');"&gt;[Deletar&amp;nbsp;registro] &lt;/a&gt;&lt;/th&gt;
	&lt;/tr&gt;
	&lt;tr&gt;
		&lt;td class="tabelatd1"&gt;51&lt;/td&gt;
		&lt;td class="tabelatd1"&gt;Tipo Cobranca 51&lt;/td&gt;
		&lt;td class="tabelatd1"&gt;51&lt;/td&gt;
&lt;th class="tabelatd1" border="1"&gt;&lt;a class="noPrint" href="?class=ControleTipoCobranca&amp;opera=A&amp;id=51"&gt;[Alterar] &lt;/a&gt;&lt;a class="noPrint" href="?class=ControleTipoCobranca&amp;opera=C&amp;id=51"&gt;[Consultar] &lt;/a&gt;&lt;a class="noPrint" href="?class=ControleTipoCobranca&amp;opera=D&amp;id=51" onClick="return ConfirmaExclusao('');"&gt;[Deletar&amp;nbsp;registro] &lt;/a&gt;&lt;/th&gt;
	&lt;/tr&gt;
	&lt;tr&gt;
		&lt;td class="tabelatd2"&gt;52&lt;/td&gt;
		&lt;td class="tabelatd2"&gt;Tipo Cobranca 52&lt;/td&gt;
		&lt;td class="tabelatd2"&gt;52&lt;/td&gt;
&lt;th class="tabelatd2" border="1"&gt;&lt;a class="noPrint" href="?class=ControleTipoCobranca&amp;opera=A&amp;id=52"&gt;[Alterar] &lt;/a&gt;&lt;a class="noPrint" href="?class=ControleTipoCobranca&amp;opera=C&amp;id=52"&gt;[Consultar] &lt;/a&gt;&lt;a class="noPrint" href="?class=ControleTipoCobranca&amp;opera=D&amp;id=52" onClick="return ConfirmaExclusao('');"&gt;[Deletar&amp;nbsp;registro] &lt;/a&gt;&lt;/th&gt;
	&lt;/tr&gt;
	&lt;tr&gt;
		&lt;td class="tabelatd1"&gt;53&lt;/td&gt;
		&lt;td class="tabelatd1"&gt;Tipo Cobranca 53&lt;/td&gt;
		&lt;td class="tabelatd1"&gt;53&lt;/td&gt;
&lt;th class="tabelatd1" border="1"&gt;&lt;a class="noPrint" href="?class=ControleTipoCobranca&amp;opera=A&amp;id=53"&gt;[Alterar] &lt;/a&gt;&lt;a class="noPrint" href="?class=ControleTipoCobranca&amp;opera=C&amp;id=53"&gt;[Consultar] &lt;/a&gt;&lt;a class="noPrint" href="?class=ControleTipoCobranca&amp;opera=D&amp;id=53" onClick="return ConfirmaExclusao('');"&gt;[Deletar&amp;nbsp;registro] &lt;/a&gt;&lt;/th&gt;
	&lt;/tr&gt;
	&lt;tr&gt;
		&lt;td class="tabelatd2"&gt;54&lt;/td&gt;
		&lt;td class="tabelatd2"&gt;Tipo Cobranca 54&lt;/td&gt;
		&lt;td class="tabelatd2"&gt;54&lt;/td&gt;
&lt;th class="tabelatd2" border="1"&gt;&lt;a class="noPrint" href="?class=ControleTipoCobranca&amp;opera=A&amp;id=54"&gt;[Alterar] &lt;/a&gt;&lt;a class="noPrint" href="?class=ControleTipoCobranca&amp;opera=C&amp;id=54"&gt;[Consultar] &lt;/a&gt;&lt;a class="noPrint" href="?class=ControleTipoCobranca&amp;opera=D&amp;id=54" onClick="return ConfirmaExclusao('');"&gt;[Deletar&amp;nbsp;registro] &lt;/a&gt;&lt;/th&gt;
	&lt;/tr&gt;
	&lt;tr&gt;
		&lt;td class="tabelatd1"&gt;55&lt;/td&gt;
		&lt;td class="tabelatd1"&gt;Tipo Cobranca 55&lt;/td&gt;
		&lt;td class="tabelatd1"&gt;55&lt;/td&gt;
&lt;th class="tabelatd1" border="1"&gt;&lt;a class="noPrint" href="?class=ControleTipoCobranca&amp;opera=A&amp;id=55"&gt;[Alterar] &lt;/a&gt;&lt;a class="noPrint" href="?class=ControleTipoCobranca&amp;opera=C&amp;id=55"&gt;[Consultar] &lt;/a&gt;&lt;a class="noPrint" href="?class=ControleTipoCobranca&amp;opera=D&amp;id=55" onClick="return ConfirmaExclusao('');"&gt;[Deletar&amp;nbsp;registro] &lt;/a&gt;&lt;/th&gt;
	&lt;/tr&gt;
	&lt;tr&gt;
		&lt;td class="tabelatd2"&gt;6&lt;/td&gt;
		&lt;td class="tabelatd2"&gt;Tipo Cobranca 6&lt;/td&gt;
		&lt;td class="tabelatd2"&gt;6 &lt;/td&gt;
&lt;th class="tabelatd2" border="1"&gt;&lt;a class="noPrint" href="?class=ControleTipoCobranca&amp;opera=A&amp;id=6"&gt;[Alterar] &lt;/a&gt;&lt;a class="noPrint" href="?class=ControleTipoCobranca&amp;opera=C&amp;id=6"&gt;[Consultar] &lt;/a&gt;&lt;a class="noPrint" href="?class=ControleTipoCobranca&amp;opera=D&amp;id=6" onClick="return ConfirmaExclusao('');"&gt;[Deletar&amp;nbsp;registro] &lt;/a&gt;&lt;/th&gt;
	&lt;/tr&gt;
	&lt;tr&gt;
		&lt;td class="tabelatd1"&gt;7&lt;/td&gt;
		&lt;td class="tabelatd1"&gt;Tipo Cobranca 7&lt;/td&gt;
		&lt;td class="tabelatd1"&gt;7 &lt;/td&gt;
&lt;th class="tabelatd1" border="1"&gt;&lt;a class="noPrint" href="?class=ControleTipoCobranca&amp;opera=A&amp;id=7"&gt;[Alterar] &lt;/a&gt;&lt;a class="noPrint" href="?class=ControleTipoCobranca&amp;opera=C&amp;id=7"&gt;[Consultar] &lt;/a&gt;&lt;a class="noPrint" href="?class=ControleTipoCobranca&amp;opera=D&amp;id=7" onClick="return ConfirmaExclusao('');"&gt;[Deletar&amp;nbsp;registro] &lt;/a&gt;&lt;/th&gt;
	&lt;/tr&gt;
	&lt;tr&gt;
		&lt;td class="tabelatd2"&gt;8&lt;/td&gt;
		&lt;td class="tabelatd2"&gt;Tipo Cobranca 8&lt;/td&gt;
		&lt;td class="tabelatd2"&gt;8 &lt;/td&gt;
&lt;th class="tabelatd2" border="1"&gt;&lt;a class="noPrint" href="?class=ControleTipoCobranca&amp;opera=A&amp;id=8"&gt;[Alterar] &lt;/a&gt;&lt;a class="noPrint" href="?class=ControleTipoCobranca&amp;opera=C&amp;id=8"&gt;[Consultar] &lt;/a&gt;&lt;a class="noPrint" href="?class=ControleTipoCobranca&amp;opera=D&amp;id=8" onClick="return ConfirmaExclusao('');"&gt;[Deletar&amp;nbsp;registro] &lt;/a&gt;&lt;/th&gt;
	&lt;/tr&gt;
	&lt;tr&gt;
		&lt;td class="tabelatd1"&gt;9&lt;/td&gt;
		&lt;td class="tabelatd1"&gt;Tipo Cobranca 9&lt;/td&gt;
		&lt;td class="tabelatd1"&gt;9 &lt;/td&gt;
&lt;th class="tabelatd1" border="1"&gt;&lt;a class="noPrint" href="?class=ControleTipoCobranca&amp;opera=A&amp;id=9"&gt;[Alterar] &lt;/a&gt;&lt;a class="noPrint" href="?class=ControleTipoCobranca&amp;opera=C&amp;id=9"&gt;[Consultar] &lt;/a&gt;&lt;a class="noPrint" href="?class=ControleTipoCobranca&amp;opera=D&amp;id=9" onClick="return ConfirmaExclusao('');"&gt;[Deletar&amp;nbsp;registro] &lt;/a&gt;&lt;/th&gt;
	&lt;/tr&gt;
&lt;/Table&gt;
&lt;h3&gt;Número de registros na lista: 55&lt;/h3&gt;
&lt;/div&gt;
&lt;/body&gt;
&lt;/html&gt;</system-out>
      </testcase>
      <testcase name="testExiste" class="DaoControleTipoCobrancaTest" classname="DaoControleTipoCobrancaTest" file="C:\Apache24\htdocs\Associacao\tests\controller\DaoControleTipoCobrancaTest.php" line="67" assertions="1" time="0.024567"/>
      <testcase name="testAltera" class="DaoControleTipoCobrancaTest" classname="DaoControleTipoCobrancaTest" file="C:\Apache24\htdocs\Associacao\tests\controller\DaoControleTipoCobrancaTest.php" line="75" assertions="1" time="0.023555"/>
      <testcase name="testGravar" class="DaoControleTipoCobrancaTest" classname="DaoControleTipoCobrancaTest" file="C:\Apache24\htdocs\Associacao\tests\controller\DaoControleTipoCobrancaTest.php" line="83" assertions="1" time="0.024761"/>
      <testcase name="testApaga" class="DaoControleTipoCobrancaTest" classname="DaoControleTipoCobrancaTest" file="C:\Apache24\htdocs\Associacao\tests\controller\DaoControleTipoCobrancaTest.php" line="91" assertions="1" time="0.023546"/>
      <testcase name="testInsere" class="DaoControleTipoCobrancaTest" classname="DaoControleTipoCobrancaTest" file="C:\Apache24\htdocs\Associacao\tests\controller\DaoControleTipoCobrancaTest.php" line="99" assertions="1" time="0.024968"/>
      <testcase name="testLer" class="DaoControleTipoCobrancaTest" classname="DaoControleTipoCobrancaTest" file="C:\Apache24\htdocs\Associacao\tests\controller\DaoControleTipoCobrancaTest.php" line="111" assertions="1" time="0.025543"/>
      <testcase name="testLista" class="DaoControleTipoCobrancaTest" classname="DaoControleTipoCobrancaTest" file="C:\Apache24\htdocs\Associacao\tests\controller\DaoControleTipoCobrancaTest.php" line="119" assertions="1" time="0.037854">
        <system-out>&lt;input type="button" onclick="imprimirDiv('divTIPO_COBRANCA', this);" value="Imprimir lista"&gt;&lt;div id='divTIPO_COBRANCA'&gt;
&lt;Table class="tabela" width="100%" border="1" cellpadding="3" cellspacing="0"&gt;
&lt;tr&gt;
&lt;th class="tabelath" border="1"&gt;ID&lt;/th&gt;
&lt;th class="tabelath" border="1"&gt;DESCRICAO&lt;/th&gt;
&lt;th class="tabelath" border="1"&gt;SIGLA&lt;/th&gt;
&lt;th class="tabelath" border="1"&gt;OPERAÇÃO&lt;/th&gt;
&lt;/tr&gt;
	&lt;tr&gt;
		&lt;td class="tabelatd1"&gt;5&lt;/td&gt;
		&lt;td class="tabelatd1"&gt;Aula de dança de salão&lt;/td&gt;
		&lt;td class="tabelatd1"&gt;AD&lt;/td&gt;
&lt;th class="tabelatd1" border="1"&gt;&lt;a class="noPrint" href="?class=ControleTipoCobranca&amp;opera=A&amp;id=5"&gt;[Alterar] &lt;/a&gt;&lt;a class="noPrint" href="?class=ControleTipoCobranca&amp;opera=C&amp;id=5"&gt;[Consultar] &lt;/a&gt;&lt;a class="noPrint" href="?class=ControleTipoCobranca&amp;opera=D&amp;id=5" onClick="return ConfirmaExclusao('');"&gt;[Deletar&amp;nbsp;registro] &lt;/a&gt;&lt;/th&gt;
	&lt;/tr&gt;
	&lt;tr&gt;
		&lt;td class="tabelatd2"&gt;3&lt;/td&gt;
		&lt;td class="tabelatd2"&gt;Manutenção&lt;/td&gt;
		&lt;td class="tabelatd2"&gt;MA&lt;/td&gt;
&lt;th class="tabelatd2" border="1"&gt;&lt;a class="noPrint" href="?class=ControleTipoCobranca&amp;opera=A&amp;id=3"&gt;[Alterar] &lt;/a&gt;&lt;a class="noPrint" href="?class=ControleTipoCobranca&amp;opera=C&amp;id=3"&gt;[Consultar] &lt;/a&gt;&lt;a class="noPrint" href="?class=ControleTipoCobranca&amp;opera=D&amp;id=3" onClick="return ConfirmaExclusao('');"&gt;[Deletar&amp;nbsp;registro] &lt;/a&gt;&lt;/th&gt;
	&lt;/tr&gt;
	&lt;tr&gt;
		&lt;td class="tabelatd1"&gt;4&lt;/td&gt;
		&lt;td class="tabelatd1"&gt;Mensalidades&lt;/td&gt;
		&lt;td class="tabelatd1"&gt;ME&lt;/td&gt;
&lt;th class="tabelatd1" border="1"&gt;&lt;a class="noPrint" href="?class=ControleTipoCobranca&amp;opera=A&amp;id=4"&gt;[Alterar] &lt;/a&gt;&lt;a class="noPrint" href="?class=ControleTipoCobranca&amp;opera=C&amp;id=4"&gt;[Consultar] &lt;/a&gt;&lt;a class="noPrint" href="?class=ControleTipoCobranca&amp;opera=D&amp;id=4" onClick="return ConfirmaExclusao('');"&gt;[Deletar&amp;nbsp;registro] &lt;/a&gt;&lt;/th&gt;
	&lt;/tr&gt;
	&lt;tr&gt;
		&lt;td class="tabelatd2"&gt;2&lt;/td&gt;
		&lt;td class="tabelatd2"&gt;Taxa de Manutenção&lt;/td&gt;
		&lt;td class="tabelatd2"&gt;TM&lt;/td&gt;
&lt;th class="tabelatd2" border="1"&gt;&lt;a class="noPrint" href="?class=ControleTipoCobranca&amp;opera=A&amp;id=2"&gt;[Alterar] &lt;/a&gt;&lt;a class="noPrint" href="?class=ControleTipoCobranca&amp;opera=C&amp;id=2"&gt;[Consultar] &lt;/a&gt;&lt;a class="noPrint" href="?class=ControleTipoCobranca&amp;opera=D&amp;id=2" onClick="return ConfirmaExclusao('');"&gt;[Deletar&amp;nbsp;registro] &lt;/a&gt;&lt;/th&gt;
	&lt;/tr&gt;
	&lt;tr&gt;
		&lt;td class="tabelatd1"&gt;1&lt;/td&gt;
		&lt;td class="tabelatd1"&gt;Tipo Cobranca&lt;/td&gt;
		&lt;td class="tabelatd1"&gt;TC&lt;/td&gt;
&lt;th class="tabelatd1" border="1"&gt;&lt;a class="noPrint" href="?class=ControleTipoCobranca&amp;opera=A&amp;id=1"&gt;[Alterar] &lt;/a&gt;&lt;a class="noPrint" href="?class=ControleTipoCobranca&amp;opera=C&amp;id=1"&gt;[Consultar] &lt;/a&gt;&lt;a class="noPrint" href="?class=ControleTipoCobranca&amp;opera=D&amp;id=1" onClick="return ConfirmaExclusao('');"&gt;[Deletar&amp;nbsp;registro] &lt;/a&gt;&lt;/th&gt;
	&lt;/tr&gt;
	&lt;tr&gt;
		&lt;td class="tabelatd2"&gt;10&lt;/td&gt;
		&lt;td class="tabelatd2"&gt;Tipo Cobranca 10&lt;/td&gt;
		&lt;td class="tabelatd2"&gt;10&lt;/td&gt;
&lt;th class="tabelatd2" border="1"&gt;&lt;a class="noPrint" href="?class=ControleTipoCobranca&amp;opera=A&amp;id=10"&gt;[Alterar] &lt;/a&gt;&lt;a class="noPrint" href="?class=ControleTipoCobranca&amp;opera=C&amp;id=10"&gt;[Consultar] &lt;/a&gt;&lt;a class="noPrint" href="?class=ControleTipoCobranca&amp;opera=D&amp;id=10" onClick="return ConfirmaExclusao('');"&gt;[Deletar&amp;nbsp;registro] &lt;/a&gt;&lt;/th&gt;
	&lt;/tr&gt;
	&lt;tr&gt;
		&lt;td class="tabelatd1"&gt;11&lt;/td&gt;
		&lt;td class="tabelatd1"&gt;Tipo Cobranca 11&lt;/td&gt;
		&lt;td class="tabelatd1"&gt;11&lt;/td&gt;
&lt;th class="tabelatd1" border="1"&gt;&lt;a class="noPrint" href="?class=ControleTipoCobranca&amp;opera=A&amp;id=11"&gt;[Alterar] &lt;/a&gt;&lt;a class="noPrint" href="?class=ControleTipoCobranca&amp;opera=C&amp;id=11"&gt;[Consultar] &lt;/a&gt;&lt;a class="noPrint" href="?class=ControleTipoCobranca&amp;opera=D&amp;id=11" onClick="return ConfirmaExclusao('');"&gt;[Deletar&amp;nbsp;registro] &lt;/a&gt;&lt;/th&gt;
	&lt;/tr&gt;
	&lt;tr&gt;
		&lt;td class="tabelatd2"&gt;12&lt;/td&gt;
		&lt;td class="tabelatd2"&gt;Tipo Cobranca 12&lt;/td&gt;
		&lt;td class="tabelatd2"&gt;12&lt;/td&gt;
&lt;th class="tabelatd2" border="1"&gt;&lt;a class="noPrint" href="?class=ControleTipoCobranca&amp;opera=A&amp;id=12"&gt;[Alterar] &lt;/a&gt;&lt;a class="noPrint" href="?class=ControleTipoCobranca&amp;opera=C&amp;id=12"&gt;[Consultar] &lt;/a&gt;&lt;a class="noPrint" href="?class=ControleTipoCobranca&amp;opera=D&amp;id=12" onClick="return ConfirmaExclusao('');"&gt;[Deletar&amp;nbsp;registro] &lt;/a&gt;&lt;/th&gt;
	&lt;/tr&gt;
	&lt;tr&gt;
		&lt;td class="tabelatd1"&gt;13&lt;/td&gt;
		&lt;td class="tabelatd1"&gt;Tipo Cobranca 13&lt;/td&gt;
		&lt;td class="tabelatd1"&gt;13&lt;/td&gt;
&lt;th class="tabelatd1" border="1"&gt;&lt;a class="noPrint" href="?class=ControleTipoCobranca&amp;opera=A&amp;id=13"&gt;[Alterar] &lt;/a&gt;&lt;a class="noPrint" href="?class=ControleTipoCobranca&amp;opera=C&amp;id=13"&gt;[Consultar] &lt;/a&gt;&lt;a class="noPrint" href="?class=ControleTipoCobranca&amp;opera=D&amp;id=13" onClick="return ConfirmaExclusao('');"&gt;[Deletar&amp;nbsp;registro] &lt;/a&gt;&lt;/th&gt;
	&lt;/tr&gt;
	&lt;tr&gt;
		&lt;td class="tabelatd2"&gt;14&lt;/td&gt;
		&lt;td class="tabelatd2"&gt;Tipo Cobranca 14&lt;/td&gt;
		&lt;td class="tabelatd2"&gt;14&lt;/td&gt;
&lt;th class="tabelatd2" border="1"&gt;&lt;a class="noPrint" href="?class=ControleTipoCobranca&amp;opera=A&amp;id=14"&gt;[Alterar] &lt;/a&gt;&lt;a class="noPrint" href="?class=ControleTipoCobranca&amp;opera=C&amp;id=14"&gt;[Consultar] &lt;/a&gt;&lt;a class="noPrint" href="?class=ControleTipoCobranca&amp;opera=D&amp;id=14" onClick="return ConfirmaExclusao('');"&gt;[Deletar&amp;nbsp;registro] &lt;/a&gt;&lt;/th&gt;
	&lt;/tr&gt;
	&lt;tr&gt;
		&lt;td class="tabelatd1"&gt;15&lt;/td&gt;
		&lt;td class="tabelatd1"&gt;Tipo Cobranca 15&lt;/td&gt;
		&lt;td class="tabelatd1"&gt;15&lt;/td&gt;
&lt;th class="tabelatd1" border="1"&gt;&lt;a class="noPrint" href="?class=ControleTipoCobranca&amp;opera=A&amp;id=15"&gt;[Alterar] &lt;/a&gt;&lt;a class="noPrint" href="?class=ControleTipoCobranca&amp;opera=C&amp;id=15"&gt;[Consultar] &lt;/a&gt;&lt;a class="noPrint" href="?class=ControleTipoCobranca&amp;opera=D&amp;id=15" onClick="return ConfirmaExclusao('');"&gt;[Deletar&amp;nbsp;registro] &lt;/a&gt;&lt;/th&gt;
	&lt;/tr&gt;
	&lt;tr&gt;
		&lt;td class="tabelatd2"&gt;16&lt;/td&gt;
		&lt;td class="tabelatd2"&gt;Tipo Cobranca 16&lt;/td&gt;
		&lt;td class="tabelatd2"&gt;16&lt;/td&gt;
&lt;th class="tabelatd2" border="1"&gt;&lt;a class="noPrint" href="?class=ControleTipoCobranca&amp;opera=A&amp;id=16"&gt;[Alterar] &lt;/a&gt;&lt;a class="noPrint" href="?class=ControleTipoCobranca&amp;opera=C&amp;id=16"&gt;[Consultar] &lt;/a&gt;&lt;a class="noPrint" href="?class=ControleTipoCobranca&amp;opera=D&amp;id=16" onClick="return ConfirmaExclusao('');"&gt;[Deletar&amp;nbsp;registro] &lt;/a&gt;&lt;/th&gt;
	&lt;/tr&gt;
	&lt;tr&gt;
		&lt;td class="tabelatd1"&gt;17&lt;/td&gt;
		&lt;td class="tabelatd1"&gt;Tipo Cobranca 17&lt;/td&gt;
		&lt;td class="tabelatd1"&gt;17&lt;/td&gt;
&lt;th class="tabelatd1" border="1"&gt;&lt;a class="noPrint" href="?class=ControleTipoCobranca&amp;opera=A&amp;id=17"&gt;[Alterar] &lt;/a&gt;&lt;a class="noPrint" href="?class=ControleTipoCobranca&amp;opera=C&amp;id=17"&gt;[Consultar] &lt;/a&gt;&lt;a class="noPrint" href="?class=ControleTipoCobranca&amp;opera=D&amp;id=17" onClick="return ConfirmaExclusao('');"&gt;[Deletar&amp;nbsp;registro] &lt;/a&gt;&lt;/th&gt;
	&lt;/tr&gt;
	&lt;tr&gt;
		&lt;td class="tabelatd2"&gt;18&lt;/td&gt;
		&lt;td class="tabelatd2"&gt;Tipo Cobranca 18&lt;/td&gt;
		&lt;td class="tabelatd2"&gt;18&lt;/td&gt;
&lt;th class="tabelatd2" border="1"&gt;&lt;a class="noPrint" href="?class=ControleTipoCobranca&amp;opera=A&amp;id=18"&gt;[Alterar] &lt;/a&gt;&lt;a class="noPrint" href="?class=ControleTipoCobranca&amp;opera=C&amp;id=18"&gt;[Consultar] &lt;/a&gt;&lt;a class="noPrint" href="?class=ControleTipoCobranca&amp;opera=D&amp;id=18" onClick="return ConfirmaExclusao('');"&gt;[Deletar&amp;nbsp;registro] &lt;/a&gt;&lt;/th&gt;
	&lt;/tr&gt;
	&lt;tr&gt;
		&lt;td class="tabelatd1"&gt;19&lt;/td&gt;
		&lt;td class="tabelatd1"&gt;Tipo Cobranca 19&lt;/td&gt;
		&lt;td class="tabelatd1"&gt;19&lt;/td&gt;
&lt;th class="tabelatd1" border="1"&gt;&lt;a class="noPrint" href="?class=ControleTipoCobranca&amp;opera=A&amp;id=19"&gt;[Alterar] &lt;/a&gt;&lt;a class="noPrint" href="?class=ControleTipoCobranca&amp;opera=C&amp;id=19"&gt;[Consultar] &lt;/a&gt;&lt;a class="noPrint" href="?class=ControleTipoCobranca&amp;opera=D&amp;id=19" onClick="return ConfirmaExclusao('');"&gt;[Deletar&amp;nbsp;registro] &lt;/a&gt;&lt;/th&gt;
	&lt;/tr&gt;
	&lt;tr&gt;
		&lt;td class="tabelatd2"&gt;20&lt;/td&gt;
		&lt;td class="tabelatd2"&gt;Tipo Cobranca 20&lt;/td&gt;
		&lt;td class="tabelatd2"&gt;20&lt;/td&gt;
&lt;th class="tabelatd2" border="1"&gt;&lt;a class="noPrint" href="?class=ControleTipoCobranca&amp;opera=A&amp;id=20"&gt;[Alterar] &lt;/a&gt;&lt;a class="noPrint" href="?class=ControleTipoCobranca&amp;opera=C&amp;id=20"&gt;[Consultar] &lt;/a&gt;&lt;a class="noPrint" href="?class=ControleTipoCobranca&amp;opera=D&amp;id=20" onClick="return ConfirmaExclusao('');"&gt;[Deletar&amp;nbsp;registro] &lt;/a&gt;&lt;/th&gt;
	&lt;/tr&gt;
	&lt;tr&gt;
		&lt;td class="tabelatd1"&gt;21&lt;/td&gt;
		&lt;td class="tabelatd1"&gt;Tipo Cobranca 21&lt;/td&gt;
		&lt;td class="tabelatd1"&gt;21&lt;/td&gt;
&lt;th class="tabelatd1" border="1"&gt;&lt;a class="noPrint" href="?class=ControleTipoCobranca&amp;opera=A&amp;id=21"&gt;[Alterar] &lt;/a&gt;&lt;a class="noPrint" href="?class=ControleTipoCobranca&amp;opera=C&amp;id=21"&gt;[Consultar] &lt;/a&gt;&lt;a class="noPrint" href="?class=ControleTipoCobranca&amp;opera=D&amp;id=21" onClick="return ConfirmaExclusao('');"&gt;[Deletar&amp;nbsp;registro] &lt;/a&gt;&lt;/th&gt;
	&lt;/tr&gt;
	&lt;tr&gt;
		&lt;td class="tabelatd2"&gt;22&lt;/td&gt;
		&lt;td class="tabelatd2"&gt;Tipo Cobranca 22&lt;/td&gt;
		&lt;td class="tabelatd2"&gt;22&lt;/td&gt;
&lt;th class="tabelatd2" border="1"&gt;&lt;a class="noPrint" href="?class=ControleTipoCobranca&amp;opera=A&amp;id=22"&gt;[Alterar] &lt;/a&gt;&lt;a class="noPrint" href="?class=ControleTipoCobranca&amp;opera=C&amp;id=22"&gt;[Consultar] &lt;/a&gt;&lt;a class="noPrint" href="?class=ControleTipoCobranca&amp;opera=D&amp;id=22" onClick="return ConfirmaExclusao('');"&gt;[Deletar&amp;nbsp;registro] &lt;/a&gt;&lt;/th&gt;
	&lt;/tr&gt;
	&lt;tr&gt;
		&lt;td class="tabelatd1"&gt;23&lt;/td&gt;
		&lt;td class="tabelatd1"&gt;Tipo Cobranca 23&lt;/td&gt;
		&lt;td class="tabelatd1"&gt;23&lt;/td&gt;
&lt;th class="tabelatd1" border="1"&gt;&lt;a class="noPrint" href="?class=ControleTipoCobranca&amp;opera=A&amp;id=23"&gt;[Alterar] &lt;/a&gt;&lt;a class="noPrint" href="?class=ControleTipoCobranca&amp;opera=C&amp;id=23"&gt;[Consultar] &lt;/a&gt;&lt;a class="noPrint" href="?class=ControleTipoCobranca&amp;opera=D&amp;id=23" onClick="return ConfirmaExclusao('');"&gt;[Deletar&amp;nbsp;registro] &lt;/a&gt;&lt;/th&gt;
	&lt;/tr&gt;
	&lt;tr&gt;
		&lt;td class="tabelatd2"&gt;24&lt;/td&gt;
		&lt;td class="tabelatd2"&gt;Tipo Cobranca 24&lt;/td&gt;
		&lt;td class="tabelatd2"&gt;24&lt;/td&gt;
&lt;th class="tabelatd2" border="1"&gt;&lt;a class="noPrint" href="?class=ControleTipoCobranca&amp;opera=A&amp;id=24"&gt;[Alterar] &lt;/a&gt;&lt;a class="noPrint" href="?class=ControleTipoCobranca&amp;opera=C&amp;id=24"&gt;[Consultar] &lt;/a&gt;&lt;a class="noPrint" href="?class=ControleTipoCobranca&amp;opera=D&amp;id=24" onClick="return ConfirmaExclusao('');"&gt;[Deletar&amp;nbsp;registro] &lt;/a&gt;&lt;/th&gt;
	&lt;/tr&gt;
	&lt;tr&gt;
		&lt;td class="tabelatd1"&gt;25&lt;/td&gt;
		&lt;td class="tabelatd1"&gt;Tipo Cobranca 25&lt;/td&gt;
		&lt;td class="tabelatd1"&gt;25&lt;/td&gt;
&lt;th class="tabelatd1" border="1"&gt;&lt;a class="noPrint" href="?class=ControleTipoCobranca&amp;opera=A&amp;id=25"&gt;[Alterar] &lt;/a&gt;&lt;a class="noPrint" href="?class=ControleTipoCobranca&amp;opera=C&amp;id=25"&gt;[Consultar] &lt;/a&gt;&lt;a class="noPrint" href="?class=ControleTipoCobranca&amp;opera=D&amp;id=25" onClick="return ConfirmaExclusao('');"&gt;[Deletar&amp;nbsp;registro] &lt;/a&gt;&lt;/th&gt;
	&lt;/tr&gt;
	&lt;tr&gt;
		&lt;td class="tabelatd2"&gt;26&lt;/td&gt;
		&lt;td class="tabelatd2"&gt;Tipo Cobranca 26&lt;/td&gt;
		&lt;td class="tabelatd2"&gt;26&lt;/td&gt;
&lt;th class="tabelatd2" border="1"&gt;&lt;a class="noPrint" href="?class=ControleTipoCobranca&amp;opera=A&amp;id=26"&gt;[Alterar] &lt;/a&gt;&lt;a class="noPrint" href="?class=ControleTipoCobranca&amp;opera=C&amp;id=26"&gt;[Consultar] &lt;/a&gt;&lt;a class="noPrint" href="?class=ControleTipoCobranca&amp;opera=D&amp;id=26" onClick="return ConfirmaExclusao('');"&gt;[Deletar&amp;nbsp;registro] &lt;/a&gt;&lt;/th&gt;
	&lt;/tr&gt;
	&lt;tr&gt;
		&lt;td class="tabelatd1"&gt;27&lt;/td&gt;
		&lt;td class="tabelatd1"&gt;Tipo Cobranca 27&lt;/td&gt;
		&lt;td class="tabelatd1"&gt;27&lt;/td&gt;
&lt;th class="tabelatd1" border="1"&gt;&lt;a class="noPrint" href="?class=ControleTipoCobranca&amp;opera=A&amp;id=27"&gt;[Alterar] &lt;/a&gt;&lt;a class="noPrint" href="?class=ControleTipoCobranca&amp;opera=C&amp;id=27"&gt;[Consultar] &lt;/a&gt;&lt;a class="noPrint" href="?class=ControleTipoCobranca&amp;opera=D&amp;id=27" onClick="return ConfirmaExclusao('');"&gt;[Deletar&amp;nbsp;registro] &lt;/a&gt;&lt;/th&gt;
	&lt;/tr&gt;
	&lt;tr&gt;
		&lt;td class="tabelatd2"&gt;28&lt;/td&gt;
		&lt;td class="tabelatd2"&gt;Tipo Cobranca 28&lt;/td&gt;
		&lt;td class="tabelatd2"&gt;28&lt;/td&gt;
&lt;th class="tabelatd2" border="1"&gt;&lt;a class="noPrint" href="?class=ControleTipoCobranca&amp;opera=A&amp;id=28"&gt;[Alterar] &lt;/a&gt;&lt;a class="noPrint" href="?class=ControleTipoCobranca&amp;opera=C&amp;id=28"&gt;[Consultar] &lt;/a&gt;&lt;a class="noPrint" href="?class=ControleTipoCobranca&amp;opera=D&amp;id=28" onClick="return ConfirmaExclusao('');"&gt;[Deletar&amp;nbsp;registro] &lt;/a&gt;&lt;/th&gt;
	&lt;/tr&gt;
	&lt;tr&gt;
		&lt;td class="tabelatd1"&gt;29&lt;/td&gt;
		&lt;td class="tabelatd1"&gt;Tipo Cobranca 29&lt;/td&gt;
		&lt;td class="tabelatd1"&gt;29&lt;/td&gt;
&lt;th class="tabelatd1" border="1"&gt;&lt;a class="noPrint" href="?class=ControleTipoCobranca&amp;opera=A&amp;id=29"&gt;[Alterar] &lt;/a&gt;&lt;a class="noPrint" href="?class=ControleTipoCobranca&amp;opera=C&amp;id=29"&gt;[Consultar] &lt;/a&gt;&lt;a class="noPrint" href="?class=ControleTipoCobranca&amp;opera=D&amp;id=29" onClick="return ConfirmaExclusao('');"&gt;[Deletar&amp;nbsp;registro] &lt;/a&gt;&lt;/th&gt;
	&lt;/tr&gt;
	&lt;tr&gt;
		&lt;td class="tabelatd2"&gt;30&lt;/td&gt;
		&lt;td class="tabelatd2"&gt;Tipo Cobranca 30&lt;/td&gt;
		&lt;td class="tabelatd2"&gt;30&lt;/td&gt;
&lt;th class="tabelatd2" border="1"&gt;&lt;a class="noPrint" href="?class=ControleTipoCobranca&amp;opera=A&amp;id=30"&gt;[Alterar] &lt;/a&gt;&lt;a class="noPrint" href="?class=ControleTipoCobranca&amp;opera=C&amp;id=30"&gt;[Consultar] &lt;/a&gt;&lt;a class="noPrint" href="?class=ControleTipoCobranca&amp;opera=D&amp;id=30" onClick="return ConfirmaExclusao('');"&gt;[Deletar&amp;nbsp;registro] &lt;/a&gt;&lt;/th&gt;
	&lt;/tr&gt;
	&lt;tr&gt;
		&lt;td class="tabelatd1"&gt;31&lt;/td&gt;
		&lt;td class="tabelatd1"&gt;Tipo Cobranca 31&lt;/td&gt;
		&lt;td class="tabelatd1"&gt;31&lt;/td&gt;
&lt;th class="tabelatd1" border="1"&gt;&lt;a class="noPrint" href="?class=ControleTipoCobranca&amp;opera=A&amp;id=31"&gt;[Alterar] &lt;/a&gt;&lt;a class="noPrint" href="?class=ControleTipoCobranca&amp;opera=C&amp;id=31"&gt;[Consultar] &lt;/a&gt;&lt;a class="noPrint" href="?class=ControleTipoCobranca&amp;opera=D&amp;id=31" onClick="return ConfirmaExclusao('');"&gt;[Deletar&amp;nbsp;registro] &lt;/a&gt;&lt;/th&gt;
	&lt;/tr&gt;
	&lt;tr&gt;
		&lt;td class="tabelatd2"&gt;32&lt;/td&gt;
		&lt;td class="tabelatd2"&gt;Tipo Cobranca 32&lt;/td&gt;
		&lt;td class="tabelatd2"&gt;32&lt;/td&gt;
&lt;th class="tabelatd2" border="1"&gt;&lt;a class="noPrint" href="?class=ControleTipoCobranca&amp;opera=A&amp;id=32"&gt;[Alterar] &lt;/a&gt;&lt;a class="noPrint" href="?class=ControleTipoCobranca&amp;opera=C&amp;id=32"&gt;[Consultar] &lt;/a&gt;&lt;a class="noPrint" href="?class=ControleTipoCobranca&amp;opera=D&amp;id=32" onClick="return ConfirmaExclusao('');"&gt;[Deletar&amp;nbsp;registro] &lt;/a&gt;&lt;/th&gt;
	&lt;/tr&gt;
	&lt;tr&gt;
		&lt;td class="tabelatd1"&gt;33&lt;/td&gt;
		&lt;td class="tabelatd1"&gt;Tipo Cobranca 33&lt;/td&gt;
		&lt;td class="tabelatd1"&gt;33&lt;/td&gt;
&lt;th class="tabelatd1" border="1"&gt;&lt;a class="noPrint" href="?class=ControleTipoCobranca&amp;opera=A&amp;id=33"&gt;[Alterar] &lt;/a&gt;&lt;a class="noPrint" href="?class=ControleTipoCobranca&amp;opera=C&amp;id=33"&gt;[Consultar] &lt;/a&gt;&lt;a class="noPrint" href="?class=ControleTipoCobranca&amp;opera=D&amp;id=33" onClick="return ConfirmaExclusao('');"&gt;[Deletar&amp;nbsp;registro] &lt;/a&gt;&lt;/th&gt;
	&lt;/tr&gt;
	&lt;tr&gt;
		&lt;td class="tabelatd2"&gt;34&lt;/td&gt;
		&lt;td class="tabelatd2"&gt;Tipo Cobranca 34&lt;/td&gt;
		&lt;td class="tabelatd2"&gt;34&lt;/td&gt;
&lt;th class="tabelatd2" border="1"&gt;&lt;a class="noPrint" href="?class=ControleTipoCobranca&amp;opera=A&amp;id=34"&gt;[Alterar] &lt;/a&gt;&lt;a class="noPrint" href="?class=ControleTipoCobranca&amp;opera=C&amp;id=34"&gt;[Consultar] &lt;/a&gt;&lt;a class="noPrint" href="?class=ControleTipoCobranca&amp;opera=D&amp;id=34" onClick="return ConfirmaExclusao('');"&gt;[Deletar&amp;nbsp;registro] &lt;/a&gt;&lt;/th&gt;
	&lt;/tr&gt;
	&lt;tr&gt;
		&lt;td class="tabelatd1"&gt;35&lt;/td&gt;
		&lt;td class="tabelatd1"&gt;Tipo Cobranca 35&lt;/td&gt;
		&lt;td class="tabelatd1"&gt;35&lt;/td&gt;
&lt;th class="tabelatd1" border="1"&gt;&lt;a class="noPrint" href="?class=ControleTipoCobranca&amp;opera=A&amp;id=35"&gt;[Alterar] &lt;/a&gt;&lt;a class="noPrint" href="?class=ControleTipoCobranca&amp;opera=C&amp;id=35"&gt;[Consultar] &lt;/a&gt;&lt;a class="noPrint" href="?class=ControleTipoCobranca&amp;opera=D&amp;id=35" onClick="return ConfirmaExclusao('');"&gt;[Deletar&amp;nbsp;registro] &lt;/a&gt;&lt;/th&gt;
	&lt;/tr&gt;
	&lt;tr&gt;
		&lt;td class="tabelatd2"&gt;36&lt;/td&gt;
		&lt;td class="tabelatd2"&gt;Tipo Cobranca 36&lt;/td&gt;
		&lt;td class="tabelatd2"&gt;36&lt;/td&gt;
&lt;th class="tabelatd2" border="1"&gt;&lt;a class="noPrint" href="?class=ControleTipoCobranca&amp;opera=A&amp;id=36"&gt;[Alterar] &lt;/a&gt;&lt;a class="noPrint" href="?class=ControleTipoCobranca&amp;opera=C&amp;id=36"&gt;[Consultar] &lt;/a&gt;&lt;a class="noPrint" href="?class=ControleTipoCobranca&amp;opera=D&amp;id=36" onClick="return ConfirmaExclusao('');"&gt;[Deletar&amp;nbsp;registro] &lt;/a&gt;&lt;/th&gt;
	&lt;/tr&gt;
	&lt;tr&gt;
		&lt;td class="tabelatd1"&gt;37&lt;/td&gt;
		&lt;td class="tabelatd1"&gt;Tipo Cobranca 37&lt;/td&gt;
		&lt;td class="tabelatd1"&gt;37&lt;/td&gt;
&lt;th class="tabelatd1" border="1"&gt;&lt;a class="noPrint" href="?class=ControleTipoCobranca&amp;opera=A&amp;id=37"&gt;[Alterar] &lt;/a&gt;&lt;a class="noPrint" href="?class=ControleTipoCobranca&amp;opera=C&amp;id=37"&gt;[Consultar] &lt;/a&gt;&lt;a class="noPrint" href="?class=ControleTipoCobranca&amp;opera=D&amp;id=37" onClick="return ConfirmaExclusao('');"&gt;[Deletar&amp;nbsp;registro] &lt;/a&gt;&lt;/th&gt;
	&lt;/tr&gt;
	&lt;tr&gt;
		&lt;td class="tabelatd2"&gt;38&lt;/td&gt;
		&lt;td class="tabelatd2"&gt;Tipo Cobranca 38&lt;/td&gt;
		&lt;td class="tabelatd2"&gt;38&lt;/td&gt;
&lt;th class="tabelatd2" border="1"&gt;&lt;a class="noPrint" href="?class=ControleTipoCobranca&amp;opera=A&amp;id=38"&gt;[Alterar] &lt;/a&gt;&lt;a class="noPrint" href="?class=ControleTipoCobranca&amp;opera=C&amp;id=38"&gt;[Consultar] &lt;/a&gt;&lt;a class="noPrint" href="?class=ControleTipoCobranca&amp;opera=D&amp;id=38" onClick="return ConfirmaExclusao('');"&gt;[Deletar&amp;nbsp;registro] &lt;/a&gt;&lt;/th&gt;
	&lt;/tr&gt;
	&lt;tr&gt;
		&lt;td class="tabelatd1"&gt;39&lt;/td&gt;
		&lt;td class="tabelatd1"&gt;Tipo Cobranca 39&lt;/td&gt;
		&lt;td class="tabelatd1"&gt;39&lt;/td&gt;
&lt;th class="tabelatd1" border="1"&gt;&lt;a class="noPrint" href="?class=ControleTipoCobranca&amp;opera=A&amp;id=39"&gt;[Alterar] &lt;/a&gt;&lt;a class="noPrint" href="?class=ControleTipoCobranca&amp;opera=C&amp;id=39"&gt;[Consultar] &lt;/a&gt;&lt;a class="noPrint" href="?class=ControleTipoCobranca&amp;opera=D&amp;id=39" onClick="return ConfirmaExclusao('');"&gt;[Deletar&amp;nbsp;registro] &lt;/a&gt;&lt;/th&gt;
	&lt;/tr&gt;
	&lt;tr&gt;
		&lt;td class="tabelatd2"&gt;40&lt;/td&gt;
		&lt;td class="tabelatd2"&gt;Tipo Cobranca 40&lt;/td&gt;
		&lt;td class="tabelatd2"&gt;40&lt;/td&gt;
&lt;th class="tabelatd2" border="1"&gt;&lt;a class="noPrint" href="?class=ControleTipoCobranca&amp;opera=A&amp;id=40"&gt;[Alterar] &lt;/a&gt;&lt;a class="noPrint" href="?class=ControleTipoCobranca&amp;opera=C&amp;id=40"&gt;[Consultar] &lt;/a&gt;&lt;a class="noPrint" href="?class=ControleTipoCobranca&amp;opera=D&amp;id=40" onClick="return ConfirmaExclusao('');"&gt;[Deletar&amp;nbsp;registro] &lt;/a&gt;&lt;/th&gt;
	&lt;/tr&gt;
	&lt;tr&gt;
		&lt;td class="tabelatd1"&gt;41&lt;/td&gt;
		&lt;td class="tabelatd1"&gt;Tipo Cobranca 41&lt;/td&gt;
		&lt;td class="tabelatd1"&gt;41&lt;/td&gt;
&lt;th class="tabelatd1" border="1"&gt;&lt;a class="noPrint" href="?class=ControleTipoCobranca&amp;opera=A&amp;id=41"&gt;[Alterar] &lt;/a&gt;&lt;a class="noPrint" href="?class=ControleTipoCobranca&amp;opera=C&amp;id=41"&gt;[Consultar] &lt;/a&gt;&lt;a class="noPrint" href="?class=ControleTipoCobranca&amp;opera=D&amp;id=41" onClick="return ConfirmaExclusao('');"&gt;[Deletar&amp;nbsp;registro] &lt;/a&gt;&lt;/th&gt;
	&lt;/tr&gt;
	&lt;tr&gt;
		&lt;td class="tabelatd2"&gt;42&lt;/td&gt;
		&lt;td class="tabelatd2"&gt;Tipo Cobranca 42&lt;/td&gt;
		&lt;td class="tabelatd2"&gt;42&lt;/td&gt;
&lt;th class="tabelatd2" border="1"&gt;&lt;a class="noPrint" href="?class=ControleTipoCobranca&amp;opera=A&amp;id=42"&gt;[Alterar] &lt;/a&gt;&lt;a class="noPrint" href="?class=ControleTipoCobranca&amp;opera=C&amp;id=42"&gt;[Consultar] &lt;/a&gt;&lt;a class="noPrint" href="?class=ControleTipoCobranca&amp;opera=D&amp;id=42" onClick="return ConfirmaExclusao('');"&gt;[Deletar&amp;nbsp;registro] &lt;/a&gt;&lt;/th&gt;
	&lt;/tr&gt;
	&lt;tr&gt;
		&lt;td class="tabelatd1"&gt;43&lt;/td&gt;
		&lt;td class="tabelatd1"&gt;Tipo Cobranca 43&lt;/td&gt;
		&lt;td class="tabelatd1"&gt;43&lt;/td&gt;
&lt;th class="tabelatd1" border="1"&gt;&lt;a class="noPrint" href="?class=ControleTipoCobranca&amp;opera=A&amp;id=43"&gt;[Alterar] &lt;/a&gt;&lt;a class="noPrint" href="?class=ControleTipoCobranca&amp;opera=C&amp;id=43"&gt;[Consultar] &lt;/a&gt;&lt;a class="noPrint" href="?class=ControleTipoCobranca&amp;opera=D&amp;id=43" onClick="return ConfirmaExclusao('');"&gt;[Deletar&amp;nbsp;registro] &lt;/a&gt;&lt;/th&gt;
	&lt;/tr&gt;
	&lt;tr&gt;
		&lt;td class="tabelatd2"&gt;44&lt;/td&gt;
		&lt;td class="tabelatd2"&gt;Tipo Cobranca 44&lt;/td&gt;
		&lt;td class="tabelatd2"&gt;44&lt;/td&gt;
&lt;th class="tabelatd2" border="1"&gt;&lt;a class="noPrint" href="?class=ControleTipoCobranca&amp;opera=A&amp;id=44"&gt;[Alterar] &lt;/a&gt;&lt;a class="noPrint" href="?class=ControleTipoCobranca&amp;opera=C&amp;id=44"&gt;[Consultar] &lt;/a&gt;&lt;a class="noPrint" href="?class=ControleTipoCobranca&amp;opera=D&amp;id=44" onClick="return ConfirmaExclusao('');"&gt;[Deletar&amp;nbsp;registro] &lt;/a&gt;&lt;/th&gt;
	&lt;/tr&gt;
	&lt;tr&gt;
		&lt;td class="tabelatd1"&gt;45&lt;/td&gt;
		&lt;td class="tabelatd1"&gt;Tipo Cobranca 45&lt;/td&gt;
		&lt;td class="tabelatd1"&gt;45&lt;/td&gt;
&lt;th class="tabelatd1" border="1"&gt;&lt;a class="noPrint" href="?class=ControleTipoCobranca&amp;opera=A&amp;id=45"&gt;[Alterar] &lt;/a&gt;&lt;a class="noPrint" href="?class=ControleTipoCobranca&amp;opera=C&amp;id=45"&gt;[Consultar] &lt;/a&gt;&lt;a class="noPrint" href="?class=ControleTipoCobranca&amp;opera=D&amp;id=45" onClick="return ConfirmaExclusao('');"&gt;[Deletar&amp;nbsp;registro] &lt;/a&gt;&lt;/th&gt;
	&lt;/tr&gt;
	&lt;tr&gt;
		&lt;td class="tabelatd2"&gt;46&lt;/td&gt;
		&lt;td class="tabelatd2"&gt;Tipo Cobranca 46&lt;/td&gt;
		&lt;td class="tabelatd2"&gt;46&lt;/td&gt;
&lt;th class="tabelatd2" border="1"&gt;&lt;a class="noPrint" href="?class=ControleTipoCobranca&amp;opera=A&amp;id=46"&gt;[Alterar] &lt;/a&gt;&lt;a class="noPrint" href="?class=ControleTipoCobranca&amp;opera=C&amp;id=46"&gt;[Consultar] &lt;/a&gt;&lt;a class="noPrint" href="?class=ControleTipoCobranca&amp;opera=D&amp;id=46" onClick="return ConfirmaExclusao('');"&gt;[Deletar&amp;nbsp;registro] &lt;/a&gt;&lt;/th&gt;
	&lt;/tr&gt;
	&lt;tr&gt;
		&lt;td class="tabelatd1"&gt;47&lt;/td&gt;
		&lt;td class="tabelatd1"&gt;Tipo Cobranca 47&lt;/td&gt;
		&lt;td class="tabelatd1"&gt;47&lt;/td&gt;
&lt;th class="tabelatd1" border="1"&gt;&lt;a class="noPrint" href="?class=ControleTipoCobranca&amp;opera=A&amp;id=47"&gt;[Alterar] &lt;/a&gt;&lt;a class="noPrint" href="?class=ControleTipoCobranca&amp;opera=C&amp;id=47"&gt;[Consultar] &lt;/a&gt;&lt;a class="noPrint" href="?class=ControleTipoCobranca&amp;opera=D&amp;id=47" onClick="return ConfirmaExclusao('');"&gt;[Deletar&amp;nbsp;registro] &lt;/a&gt;&lt;/th&gt;
	&lt;/tr&gt;
	&lt;tr&gt;
		&lt;td class="tabelatd2"&gt;48&lt;/td&gt;
		&lt;td class="tabelatd2"&gt;Tipo Cobranca 48&lt;/td&gt;
		&lt;td class="tabelatd2"&gt;48&lt;/td&gt;
&lt;th class="tabelatd2" border="1"&gt;&lt;a class="noPrint" href="?class=ControleTipoCobranca&amp;opera=A&amp;id=48"&gt;[Alterar] &lt;/a&gt;&lt;a class="noPrint" href="?class=ControleTipoCobranca&amp;opera=C&amp;id=48"&gt;[Consultar] &lt;/a&gt;&lt;a class="noPrint" href="?class=ControleTipoCobranca&amp;opera=D&amp;id=48" onClick="return ConfirmaExclusao('');"&gt;[Deletar&amp;nbsp;registro] &lt;/a&gt;&lt;/th&gt;
	&lt;/tr&gt;
	&lt;tr&gt;
		&lt;td class="tabelatd1"&gt;49&lt;/td&gt;
		&lt;td class="tabelatd1"&gt;Tipo Cobranca 49&lt;/td&gt;
		&lt;td class="tabelatd1"&gt;49&lt;/td&gt;
&lt;th class="tabelatd1" border="1"&gt;&lt;a class="noPrint" href="?class=ControleTipoCobranca&amp;opera=A&amp;id=49"&gt;[Alterar] &lt;/a&gt;&lt;a class="noPrint" href="?class=ControleTipoCobranca&amp;opera=C&amp;id=49"&gt;[Consultar] &lt;/a&gt;&lt;a class="noPrint" href="?class=ControleTipoCobranca&amp;opera=D&amp;id=49" onClick="return ConfirmaExclusao('');"&gt;[Deletar&amp;nbsp;registro] &lt;/a&gt;&lt;/th&gt;
	&lt;/tr&gt;
	&lt;tr&gt;
		&lt;td class="tabelatd2"&gt;50&lt;/td&gt;
		&lt;td class="tabelatd2"&gt;Tipo Cobranca 50&lt;/td&gt;
		&lt;td class="tabelatd2"&gt;50&lt;/td&gt;
&lt;th class="tabelatd2" border="1"&gt;&lt;a class="noPrint" href="?class=ControleTipoCobranca&amp;opera=A&amp;id=50"&gt;[Alterar] &lt;/a&gt;&lt;a class="noPrint" href="?class=ControleTipoCobranca&amp;opera=C&amp;id=50"&gt;[Consultar] &lt;/a&gt;&lt;a class="noPrint" href="?class=ControleTipoCobranca&amp;opera=D&amp;id=50" onClick="return ConfirmaExclusao('');"&gt;[Deletar&amp;nbsp;registro] &lt;/a&gt;&lt;/th&gt;
	&lt;/tr&gt;
	&lt;tr&gt;
		&lt;td class="tabelatd1"&gt;51&lt;/td&gt;
		&lt;td class="tabelatd1"&gt;Tipo Cobranca 51&lt;/td&gt;
		&lt;td class="tabelatd1"&gt;51&lt;/td&gt;
&lt;th class="tabelatd1" border="1"&gt;&lt;a class="noPrint" href="?class=ControleTipoCobranca&amp;opera=A&amp;id=51"&gt;[Alterar] &lt;/a&gt;&lt;a class="noPrint" href="?class=ControleTipoCobranca&amp;opera=C&amp;id=51"&gt;[Consultar] &lt;/a&gt;&lt;a class="noPrint" href="?class=ControleTipoCobranca&amp;opera=D&amp;id=51" onClick="return ConfirmaExclusao('');"&gt;[Deletar&amp;nbsp;registro] &lt;/a&gt;&lt;/th&gt;
	&lt;/tr&gt;
	&lt;tr&gt;
		&lt;td class="tabelatd2"&gt;52&lt;/td&gt;
		&lt;td class="tabelatd2"&gt;Tipo Cobranca 52&lt;/td&gt;
		&lt;td class="tabelatd2"&gt;52&lt;/td&gt;
&lt;th class="tabelatd2" border="1"&gt;&lt;a class="noPrint" href="?class=ControleTipoCobranca&amp;opera=A&amp;id=52"&gt;[Alterar] &lt;/a&gt;&lt;a class="noPrint" href="?class=ControleTipoCobranca&amp;opera=C&amp;id=52"&gt;[Consultar] &lt;/a&gt;&lt;a class="noPrint" href="?class=ControleTipoCobranca&amp;opera=D&amp;id=52" onClick="return ConfirmaExclusao('');"&gt;[Deletar&amp;nbsp;registro] &lt;/a&gt;&lt;/th&gt;
	&lt;/tr&gt;
	&lt;tr&gt;
		&lt;td class="tabelatd1"&gt;53&lt;/td&gt;
		&lt;td class="tabelatd1"&gt;Tipo Cobranca 53&lt;/td&gt;
		&lt;td class="tabelatd1"&gt;53&lt;/td&gt;
&lt;th class="tabelatd1" border="1"&gt;&lt;a class="noPrint" href="?class=ControleTipoCobranca&amp;opera=A&amp;id=53"&gt;[Alterar] &lt;/a&gt;&lt;a class="noPrint" href="?class=ControleTipoCobranca&amp;opera=C&amp;id=53"&gt;[Consultar] &lt;/a&gt;&lt;a class="noPrint" href="?class=ControleTipoCobranca&amp;opera=D&amp;id=53" onClick="return ConfirmaExclusao('');"&gt;[Deletar&amp;nbsp;registro] &lt;/a&gt;&lt;/th&gt;
	&lt;/tr&gt;
	&lt;tr&gt;
		&lt;td class="tabelatd2"&gt;54&lt;/td&gt;
		&lt;td class="tabelatd2"&gt;Tipo Cobranca 54&lt;/td&gt;
		&lt;td class="tabelatd2"&gt;54&lt;/td&gt;
&lt;th class="tabelatd2" border="1"&gt;&lt;a class="noPrint" href="?class=ControleTipoCobranca&amp;opera=A&amp;id=54"&gt;[Alterar] &lt;/a&gt;&lt;a class="noPrint" href="?class=ControleTipoCobranca&amp;opera=C&amp;id=54"&gt;[Consultar] &lt;/a&gt;&lt;a class="noPrint" href="?class=ControleTipoCobranca&amp;opera=D&amp;id=54" onClick="return ConfirmaExclusao('');"&gt;[Deletar&amp;nbsp;registro] &lt;/a&gt;&lt;/th&gt;
	&lt;/tr&gt;
	&lt;tr&gt;
		&lt;td class="tabelatd1"&gt;55&lt;/td&gt;
		&lt;td class="tabelatd1"&gt;Tipo Cobranca 55&lt;/td&gt;
		&lt;td class="tabelatd1"&gt;55&lt;/td&gt;
&lt;th class="tabelatd1" border="1"&gt;&lt;a class="noPrint" href="?class=ControleTipoCobranca&amp;opera=A&amp;id=55"&gt;[Alterar] &lt;/a&gt;&lt;a class="noPrint" href="?class=ControleTipoCobranca&amp;opera=C&amp;id=55"&gt;[Consultar] &lt;/a&gt;&lt;a class="noPrint" href="?class=ControleTipoCobranca&amp;opera=D&amp;id=55" onClick="return ConfirmaExclusao('');"&gt;[Deletar&amp;nbsp;registro] &lt;/a&gt;&lt;/th&gt;
	&lt;/tr&gt;
	&lt;tr&gt;
		&lt;td class="tabelatd2"&gt;56&lt;/td&gt;
		&lt;td class="tabelatd2"&gt;Tipo Cobranca 56&lt;/td&gt;
		&lt;td class="tabelatd2"&gt;56&lt;/td&gt;
&lt;th class="tabelatd2" border="1"&gt;&lt;a class="noPrint" href="?class=ControleTipoCobranca&amp;opera=A&amp;id=56"&gt;[Alterar] &lt;/a&gt;&lt;a class="noPrint" href="?class=ControleTipoCobranca&amp;opera=C&amp;id=56"&gt;[Consultar] &lt;/a&gt;&lt;a class="noPrint" href="?class=ControleTipoCobranca&amp;opera=D&amp;id=56" onClick="return ConfirmaExclusao('');"&gt;[Deletar&amp;nbsp;registro] &lt;/a&gt;&lt;/th&gt;
	&lt;/tr&gt;
	&lt;tr&gt;
		&lt;td class="tabelatd1"&gt;6&lt;/td&gt;
		&lt;td class="tabelatd1"&gt;Tipo Cobranca 6&lt;/td&gt;
		&lt;td class="tabelatd1"&gt;6 &lt;/td&gt;
&lt;th class="tabelatd1" border="1"&gt;&lt;a class="noPrint" href="?class=ControleTipoCobranca&amp;opera=A&amp;id=6"&gt;[Alterar] &lt;/a&gt;&lt;a class="noPrint" href="?class=ControleTipoCobranca&amp;opera=C&amp;id=6"&gt;[Consultar] &lt;/a&gt;&lt;a class="noPrint" href="?class=ControleTipoCobranca&amp;opera=D&amp;id=6" onClick="return ConfirmaExclusao('');"&gt;[Deletar&amp;nbsp;registro] &lt;/a&gt;&lt;/th&gt;
	&lt;/tr&gt;
	&lt;tr&gt;
		&lt;td class="tabelatd2"&gt;7&lt;/td&gt;
		&lt;td class="tabelatd2"&gt;Tipo Cobranca 7&lt;/td&gt;
		&lt;td class="tabelatd2"&gt;7 &lt;/td&gt;
&lt;th class="tabelatd2" border="1"&gt;&lt;a class="noPrint" href="?class=ControleTipoCobranca&amp;opera=A&amp;id=7"&gt;[Alterar] &lt;/a&gt;&lt;a class="noPrint" href="?class=ControleTipoCobranca&amp;opera=C&amp;id=7"&gt;[Consultar] &lt;/a&gt;&lt;a class="noPrint" href="?class=ControleTipoCobranca&amp;opera=D&amp;id=7" onClick="return ConfirmaExclusao('');"&gt;[Deletar&amp;nbsp;registro] &lt;/a&gt;&lt;/th&gt;
	&lt;/tr&gt;
	&lt;tr&gt;
		&lt;td class="tabelatd1"&gt;8&lt;/td&gt;
		&lt;td class="tabelatd1"&gt;Tipo Cobranca 8&lt;/td&gt;
		&lt;td class="tabelatd1"&gt;8 &lt;/td&gt;
&lt;th class="tabelatd1" border="1"&gt;&lt;a class="noPrint" href="?class=ControleTipoCobranca&amp;opera=A&amp;id=8"&gt;[Alterar] &lt;/a&gt;&lt;a class="noPrint" href="?class=ControleTipoCobranca&amp;opera=C&amp;id=8"&gt;[Consultar] &lt;/a&gt;&lt;a class="noPrint" href="?class=ControleTipoCobranca&amp;opera=D&amp;id=8" onClick="return ConfirmaExclusao('');"&gt;[Deletar&amp;nbsp;registro] &lt;/a&gt;&lt;/th&gt;
	&lt;/tr&gt;
	&lt;tr&gt;
		&lt;td class="tabelatd2"&gt;9&lt;/td&gt;
		&lt;td class="tabelatd2"&gt;Tipo Cobranca 9&lt;/td&gt;
		&lt;td class="tabelatd2"&gt;9 &lt;/td&gt;
&lt;th class="tabelatd2" border="1"&gt;&lt;a class="noPrint" href="?class=ControleTipoCobranca&amp;opera=A&amp;id=9"&gt;[Alterar] &lt;/a&gt;&lt;a class="noPrint" href="?class=ControleTipoCobranca&amp;opera=C&amp;id=9"&gt;[Consultar] &lt;/a&gt;&lt;a class="noPrint" href="?class=ControleTipoCobranca&amp;opera=D&amp;id=9" onClick="return ConfirmaExclusao('');"&gt;[Deletar&amp;nbsp;registro] &lt;/a&gt;&lt;/th&gt;
	&lt;/tr&gt;
&lt;/Table&gt;
&lt;h3&gt;Número de registros na lista: 56&lt;/h3&gt;
&lt;/div&gt;
</system-out>
      </testcase>
    </testsuite>
    <testsuite name="DaoControleTituloTest" file="C:\Apache24\htdocs\Associacao\tests\controller\DaoControleTituloTest.php" tests="11" assertions="11" errors="0" failures="0" skipped="0" time="0.274761">
      <testcase name="testGetTabela" class="DaoControleTituloTest" classname="DaoControleTituloTest" file="C:\Apache24\htdocs\Associacao\tests\controller\DaoControleTituloTest.php" line="38" assertions="1" time="0.018009"/>
      <testcase name="testGetClassModel" class="DaoControleTituloTest" classname="DaoControleTituloTest" file="C:\Apache24\htdocs\Associacao\tests\controller\DaoControleTituloTest.php" line="46" assertions="1" time="0.017496"/>
      <testcase name="testGetClassView" class="DaoControleTituloTest" classname="DaoControleTituloTest" file="C:\Apache24\htdocs\Associacao\tests\controller\DaoControleTituloTest.php" line="54" assertions="1" time="0.017263"/>
      <testcase name="testExecutaView" class="DaoControleTituloTest" classname="DaoControleTituloTest" file="C:\Apache24\htdocs\Associacao\tests\controller\DaoControleTituloTest.php" line="62" assertions="1" time="0.037785">
        <system-out>﻿﻿&lt;!DOCTYPE html&gt;&#13;
&lt;html&gt;&#13;
    &lt;head&gt;&#13;
                        &lt;title&gt;Controle de títulos&lt;/title&gt;&#13;
    &lt;/head&gt;&#13;
&lt;body&gt;&#13;
&lt;center&gt;&lt;div&gt;&lt;h1 class="tituloCadastro"&gt;Controle de títulos &lt;/h1&gt;&lt;/div&gt;&lt;/center&gt;&#13;
&#13;
&lt;form id="cadastro" name="cadastro" method="post" enctype="multipart/form-data" action="" onsubmit="return ValidaCamposTitulos(); return false;"&gt;&#13;
  &lt;table class="tabelaCadastro"&gt;&#13;
    &lt;tr&gt;&#13;
      &lt;td class="labelCadastro"&gt;Código do título:&lt;/td&gt;&#13;
      &lt;td class="campoCadastro" colspan="3"&gt;&lt;div class='campoID' name='labelID' id='labelID'&gt;&amp;nbsp;&lt;/div&gt;&lt;input class='campo' name='id' type='hidden' id='id' value='' /&gt;&lt;/td&gt;&#13;
    &lt;/tr&gt;&#13;
    &lt;tr&gt;&#13;
      &lt;td class="labelCadastro"&gt;Número do título:&lt;/td&gt;&#13;
      &lt;td class="campoCadastro"&gt;&lt;input class="campo" name="numeroTitulo" type="text" onblur="ValidaCampo(this);" id="numeroTitulo" size="25" maxlength="25" value="" /&gt;&#13;
        &lt;span class="campoObrigatorio"&gt;*&lt;/span&gt;&lt;/td&gt;&#13;
      &lt;td class="labelCadastro"&gt;Nome&amp;nbspdo&amp;nbspassociado:&lt;/td&gt;&#13;
      &lt;td class="campoCadastro"&gt;&#13;
          &lt;select class="campo" name="idAssociado" id="idAssociado" onblur="ValidaCampo(this);" value=""&gt;  &lt;option&gt;[Selecione...]&lt;/option&gt;
  &lt;option value="4"&gt;Beltrano da Silva (333.333.333-33)&lt;/option&gt;
  &lt;option value="3"&gt;Cicrano de Tal (222.222.222-22)&lt;/option&gt;
  &lt;option value="1"&gt;Fulano de Tal (652.392.539-00)&lt;/option&gt;
  &lt;option value="5"&gt;Fulano de Tal (652.392.539-00)&lt;/option&gt;
  &lt;option value="6"&gt;Fulano de Tal (652.392.539-00)&lt;/option&gt;
  &lt;option value="7"&gt;Fulano de Tal (652.392.539-00)&lt;/option&gt;
  &lt;option value="8"&gt;Fulano de Tal (652.392.539-00)&lt;/option&gt;
  &lt;option value="9"&gt;Fulano de Tal (652.392.539-00)&lt;/option&gt;
  &lt;option value="10"&gt;Fulano de Tal (652.392.539-00)&lt;/option&gt;
  &lt;option value="11"&gt;Fulano de Tal (652.392.539-00)&lt;/option&gt;
  &lt;option value="12"&gt;Fulano de Tal (652.392.539-00)&lt;/option&gt;
  &lt;option value="13"&gt;Fulano de Tal (652.392.539-00)&lt;/option&gt;
  &lt;option value="14"&gt;Fulano de Tal (652.392.539-00)&lt;/option&gt;
  &lt;option value="15"&gt;Fulano de Tal (652.392.539-00)&lt;/option&gt;
  &lt;option value="16"&gt;Fulano de Tal (652.392.539-00)&lt;/option&gt;
  &lt;option value="17"&gt;Fulano de Tal (652.392.539-00)&lt;/option&gt;
  &lt;option value="18"&gt;Fulano de Tal (652.392.539-00)&lt;/option&gt;
  &lt;option value="19"&gt;Fulano de Tal (652.392.539-00)&lt;/option&gt;
&lt;/select&gt;&#13;
        &lt;span class="campoObrigatorio"&gt;*&lt;/span&gt;&lt;/td&gt;&#13;
    &lt;/tr&gt;&#13;
    &lt;tr&gt;&#13;
      &lt;td class="labelCadastro"&gt;Data da compra:&lt;/td&gt;&#13;
      &lt;td class="campoCadastro"&gt;&lt;input class="campo" name="dataSocio" type="text" onblur="FormataData(this);" id="dataSocio" size="10" maxlength="10" value="" /&gt;&#13;
        &lt;span class="campoObrigatorio"&gt;*&lt;/span&gt;&lt;/td&gt;&#13;
      &lt;td class="labelCadastro"&gt;Tipo do título:&lt;/td&gt;&#13;
      &lt;td class="campoCadastro"&gt;&#13;
        &lt;select class="campo" name="idTipoTitulo" id="idTipoTitulo" onblur="ValidaCampo(this);" value=""&gt;  &lt;option&gt;[Selecione...]&lt;/option&gt;
  &lt;option value="1"&gt;Patrimonial&lt;/option&gt;
&lt;/select&gt;&#13;
        &lt;span class="campoObrigatorio"&gt;*&lt;/span&gt;&lt;/td&gt;&#13;
    &lt;/tr&gt;&#13;
    &lt;tr&gt;&#13;
      &lt;td class="labelCadastro"&gt;Situação do título:&lt;/td&gt;&#13;
      &lt;td class="campoCadastro" colspan="3"&gt;&lt;select class="campo" name="idSituacaoTitulo" id="idSituacaoTitulo" onblur="ValidaCampo(this);" value=""&gt;  &lt;option&gt;[Selecione...]&lt;/option&gt;
  &lt;option value="1"&gt;Ativo&lt;/option&gt;
  &lt;option value="2"&gt;Nao ativo&lt;/option&gt;
&lt;/select&gt;&#13;
        &lt;span class="campoObrigatorio"&gt;*&lt;/span&gt;&lt;/td&gt;&#13;
    &lt;/tr&gt;&#13;
    &lt;tr&gt;&lt;td colspan="4"&gt;&#13;
          &lt;input name="opST" type="hidden" id="opST" value="A" /&gt;&#13;
    &lt;/td&gt;&lt;/tr&gt;&#13;
  &lt;/table&gt;&#13;
&lt;/form&gt;&#13;
&lt;input type="button" onclick="imprimirDiv('divTITULO', this);" value="Imprimir lista"&gt;&lt;div id='divTITULO'&gt;
&lt;Table class="tabela" width="100%" border="1" cellpadding="3" cellspacing="0"&gt;
&lt;tr&gt;
&lt;th class="tabelath" border="1"&gt;CODIGO&lt;/th&gt;
&lt;th class="tabelath" border="1"&gt;NUMERO_TITULO&lt;/th&gt;
&lt;th class="tabelath" border="1"&gt;TIPO&lt;/th&gt;
&lt;th class="tabelath" border="1"&gt;ASSOCIADO&lt;/th&gt;
&lt;th class="tabelath" border="1"&gt;DATA_SOCIO&lt;/th&gt;
&lt;th class="tabelath" border="1"&gt;SITUACAO&lt;/th&gt;
&lt;th class="tabelath" border="1"&gt;OPERAÇÃO&lt;/th&gt;
&lt;/tr&gt;
	&lt;tr&gt;
		&lt;td class="tabelatd1"&gt;3&lt;/td&gt;
		&lt;td class="tabelatd1"&gt;0F&lt;/td&gt;
		&lt;td class="tabelatd1"&gt;Patrimonial&lt;/td&gt;
		&lt;td class="tabelatd1"&gt;Beltrano da Silva (333.333.333-33)&lt;/td&gt;
		&lt;td class="tabelatd1"&gt;01/02/2016&lt;/td&gt;
		&lt;td class="tabelatd1"&gt;Ativo&lt;/td&gt;
&lt;th class="tabelatd1" border="1"&gt;&lt;a class="noPrint" href="?class=ControleTitulo&amp;opera=A&amp;id=3"&gt;[Alterar] &lt;/a&gt;&lt;a class="noPrint" href="?class=ControleTitulo&amp;opera=C&amp;id=3"&gt;[Consultar] &lt;/a&gt;&lt;a class="noPrint" href="?class=ControleTitulo&amp;opera=D&amp;id=3" onClick="return ConfirmaExclusao('');"&gt;[Deletar&amp;nbsp;registro] &lt;/a&gt;&lt;/th&gt;
	&lt;/tr&gt;
	&lt;tr&gt;
		&lt;td class="tabelatd2"&gt;1&lt;/td&gt;
		&lt;td class="tabelatd2"&gt;1&lt;/td&gt;
		&lt;td class="tabelatd2"&gt;Patrimonial&lt;/td&gt;
		&lt;td class="tabelatd2"&gt;Fulano de Tal (652.392.539-00)&lt;/td&gt;
		&lt;td class="tabelatd2"&gt;10/01/2010&lt;/td&gt;
		&lt;td class="tabelatd2"&gt;Ativo&lt;/td&gt;
&lt;th class="tabelatd2" border="1"&gt;&lt;a class="noPrint" href="?class=ControleTitulo&amp;opera=A&amp;id=1"&gt;[Alterar] &lt;/a&gt;&lt;a class="noPrint" href="?class=ControleTitulo&amp;opera=C&amp;id=1"&gt;[Consultar] &lt;/a&gt;&lt;a class="noPrint" href="?class=ControleTitulo&amp;opera=D&amp;id=1" onClick="return ConfirmaExclusao('');"&gt;[Deletar&amp;nbsp;registro] &lt;/a&gt;&lt;/th&gt;
	&lt;/tr&gt;
	&lt;tr&gt;
		&lt;td class="tabelatd1"&gt;5&lt;/td&gt;
		&lt;td class="tabelatd1"&gt;1&lt;/td&gt;
		&lt;td class="tabelatd1"&gt;Patrimonial&lt;/td&gt;
		&lt;td class="tabelatd1"&gt;Fulano de Tal (652.392.539-00)&lt;/td&gt;
		&lt;td class="tabelatd1"&gt;10/01/2010&lt;/td&gt;
		&lt;td class="tabelatd1"&gt;Ativo&lt;/td&gt;
&lt;th class="tabelatd1" border="1"&gt;&lt;a class="noPrint" href="?class=ControleTitulo&amp;opera=A&amp;id=5"&gt;[Alterar] &lt;/a&gt;&lt;a class="noPrint" href="?class=ControleTitulo&amp;opera=C&amp;id=5"&gt;[Consultar] &lt;/a&gt;&lt;a class="noPrint" href="?class=ControleTitulo&amp;opera=D&amp;id=5" onClick="return ConfirmaExclusao('');"&gt;[Deletar&amp;nbsp;registro] &lt;/a&gt;&lt;/th&gt;
	&lt;/tr&gt;
	&lt;tr&gt;
		&lt;td class="tabelatd2"&gt;6&lt;/td&gt;
		&lt;td class="tabelatd2"&gt;1&lt;/td&gt;
		&lt;td class="tabelatd2"&gt;Patrimonial&lt;/td&gt;
		&lt;td class="tabelatd2"&gt;Fulano de Tal (652.392.539-00)&lt;/td&gt;
		&lt;td class="tabelatd2"&gt;10/01/2010&lt;/td&gt;
		&lt;td class="tabelatd2"&gt;Ativo&lt;/td&gt;
&lt;th class="tabelatd2" border="1"&gt;&lt;a class="noPrint" href="?class=ControleTitulo&amp;opera=A&amp;id=6"&gt;[Alterar] &lt;/a&gt;&lt;a class="noPrint" href="?class=ControleTitulo&amp;opera=C&amp;id=6"&gt;[Consultar] &lt;/a&gt;&lt;a class="noPrint" href="?class=ControleTitulo&amp;opera=D&amp;id=6" onClick="return ConfirmaExclusao('');"&gt;[Deletar&amp;nbsp;registro] &lt;/a&gt;&lt;/th&gt;
	&lt;/tr&gt;
	&lt;tr&gt;
		&lt;td class="tabelatd1"&gt;7&lt;/td&gt;
		&lt;td class="tabelatd1"&gt;1&lt;/td&gt;
		&lt;td class="tabelatd1"&gt;Patrimonial&lt;/td&gt;
		&lt;td class="tabelatd1"&gt;Fulano de Tal (652.392.539-00)&lt;/td&gt;
		&lt;td class="tabelatd1"&gt;10/01/2010&lt;/td&gt;
		&lt;td class="tabelatd1"&gt;Ativo&lt;/td&gt;
&lt;th class="tabelatd1" border="1"&gt;&lt;a class="noPrint" href="?class=ControleTitulo&amp;opera=A&amp;id=7"&gt;[Alterar] &lt;/a&gt;&lt;a class="noPrint" href="?class=ControleTitulo&amp;opera=C&amp;id=7"&gt;[Consultar] &lt;/a&gt;&lt;a class="noPrint" href="?class=ControleTitulo&amp;opera=D&amp;id=7" onClick="return ConfirmaExclusao('');"&gt;[Deletar&amp;nbsp;registro] &lt;/a&gt;&lt;/th&gt;
	&lt;/tr&gt;
	&lt;tr&gt;
		&lt;td class="tabelatd2"&gt;8&lt;/td&gt;
		&lt;td class="tabelatd2"&gt;1&lt;/td&gt;
		&lt;td class="tabelatd2"&gt;Patrimonial&lt;/td&gt;
		&lt;td class="tabelatd2"&gt;Fulano de Tal (652.392.539-00)&lt;/td&gt;
		&lt;td class="tabelatd2"&gt;10/01/2010&lt;/td&gt;
		&lt;td class="tabelatd2"&gt;Ativo&lt;/td&gt;
&lt;th class="tabelatd2" border="1"&gt;&lt;a class="noPrint" href="?class=ControleTitulo&amp;opera=A&amp;id=8"&gt;[Alterar] &lt;/a&gt;&lt;a class="noPrint" href="?class=ControleTitulo&amp;opera=C&amp;id=8"&gt;[Consultar] &lt;/a&gt;&lt;a class="noPrint" href="?class=ControleTitulo&amp;opera=D&amp;id=8" onClick="return ConfirmaExclusao('');"&gt;[Deletar&amp;nbsp;registro] &lt;/a&gt;&lt;/th&gt;
	&lt;/tr&gt;
	&lt;tr&gt;
		&lt;td class="tabelatd1"&gt;9&lt;/td&gt;
		&lt;td class="tabelatd1"&gt;1&lt;/td&gt;
		&lt;td class="tabelatd1"&gt;Patrimonial&lt;/td&gt;
		&lt;td class="tabelatd1"&gt;Fulano de Tal (652.392.539-00)&lt;/td&gt;
		&lt;td class="tabelatd1"&gt;10/01/2010&lt;/td&gt;
		&lt;td class="tabelatd1"&gt;Ativo&lt;/td&gt;
&lt;th class="tabelatd1" border="1"&gt;&lt;a class="noPrint" href="?class=ControleTitulo&amp;opera=A&amp;id=9"&gt;[Alterar] &lt;/a&gt;&lt;a class="noPrint" href="?class=ControleTitulo&amp;opera=C&amp;id=9"&gt;[Consultar] &lt;/a&gt;&lt;a class="noPrint" href="?class=ControleTitulo&amp;opera=D&amp;id=9" onClick="return ConfirmaExclusao('');"&gt;[Deletar&amp;nbsp;registro] &lt;/a&gt;&lt;/th&gt;
	&lt;/tr&gt;
	&lt;tr&gt;
		&lt;td class="tabelatd2"&gt;10&lt;/td&gt;
		&lt;td class="tabelatd2"&gt;1&lt;/td&gt;
		&lt;td class="tabelatd2"&gt;Patrimonial&lt;/td&gt;
		&lt;td class="tabelatd2"&gt;Fulano de Tal (652.392.539-00)&lt;/td&gt;
		&lt;td class="tabelatd2"&gt;10/01/2010&lt;/td&gt;
		&lt;td class="tabelatd2"&gt;Ativo&lt;/td&gt;
&lt;th class="tabelatd2" border="1"&gt;&lt;a class="noPrint" href="?class=ControleTitulo&amp;opera=A&amp;id=10"&gt;[Alterar] &lt;/a&gt;&lt;a class="noPrint" href="?class=ControleTitulo&amp;opera=C&amp;id=10"&gt;[Consultar] &lt;/a&gt;&lt;a class="noPrint" href="?class=ControleTitulo&amp;opera=D&amp;id=10" onClick="return ConfirmaExclusao('');"&gt;[Deletar&amp;nbsp;registro] &lt;/a&gt;&lt;/th&gt;
	&lt;/tr&gt;
	&lt;tr&gt;
		&lt;td class="tabelatd1"&gt;11&lt;/td&gt;
		&lt;td class="tabelatd1"&gt;1&lt;/td&gt;
		&lt;td class="tabelatd1"&gt;Patrimonial&lt;/td&gt;
		&lt;td class="tabelatd1"&gt;Fulano de Tal (652.392.539-00)&lt;/td&gt;
		&lt;td class="tabelatd1"&gt;10/01/2010&lt;/td&gt;
		&lt;td class="tabelatd1"&gt;Ativo&lt;/td&gt;
&lt;th class="tabelatd1" border="1"&gt;&lt;a class="noPrint" href="?class=ControleTitulo&amp;opera=A&amp;id=11"&gt;[Alterar] &lt;/a&gt;&lt;a class="noPrint" href="?class=ControleTitulo&amp;opera=C&amp;id=11"&gt;[Consultar] &lt;/a&gt;&lt;a class="noPrint" href="?class=ControleTitulo&amp;opera=D&amp;id=11" onClick="return ConfirmaExclusao('');"&gt;[Deletar&amp;nbsp;registro] &lt;/a&gt;&lt;/th&gt;
	&lt;/tr&gt;
	&lt;tr&gt;
		&lt;td class="tabelatd2"&gt;12&lt;/td&gt;
		&lt;td class="tabelatd2"&gt;1&lt;/td&gt;
		&lt;td class="tabelatd2"&gt;Patrimonial&lt;/td&gt;
		&lt;td class="tabelatd2"&gt;Fulano de Tal (652.392.539-00)&lt;/td&gt;
		&lt;td class="tabelatd2"&gt;10/01/2010&lt;/td&gt;
		&lt;td class="tabelatd2"&gt;Ativo&lt;/td&gt;
&lt;th class="tabelatd2" border="1"&gt;&lt;a class="noPrint" href="?class=ControleTitulo&amp;opera=A&amp;id=12"&gt;[Alterar] &lt;/a&gt;&lt;a class="noPrint" href="?class=ControleTitulo&amp;opera=C&amp;id=12"&gt;[Consultar] &lt;/a&gt;&lt;a class="noPrint" href="?class=ControleTitulo&amp;opera=D&amp;id=12" onClick="return ConfirmaExclusao('');"&gt;[Deletar&amp;nbsp;registro] &lt;/a&gt;&lt;/th&gt;
	&lt;/tr&gt;
	&lt;tr&gt;
		&lt;td class="tabelatd1"&gt;13&lt;/td&gt;
		&lt;td class="tabelatd1"&gt;1&lt;/td&gt;
		&lt;td class="tabelatd1"&gt;Patrimonial&lt;/td&gt;
		&lt;td class="tabelatd1"&gt;Fulano de Tal (652.392.539-00)&lt;/td&gt;
		&lt;td class="tabelatd1"&gt;10/01/2010&lt;/td&gt;
		&lt;td class="tabelatd1"&gt;Ativo&lt;/td&gt;
&lt;th class="tabelatd1" border="1"&gt;&lt;a class="noPrint" href="?class=ControleTitulo&amp;opera=A&amp;id=13"&gt;[Alterar] &lt;/a&gt;&lt;a class="noPrint" href="?class=ControleTitulo&amp;opera=C&amp;id=13"&gt;[Consultar] &lt;/a&gt;&lt;a class="noPrint" href="?class=ControleTitulo&amp;opera=D&amp;id=13" onClick="return ConfirmaExclusao('');"&gt;[Deletar&amp;nbsp;registro] &lt;/a&gt;&lt;/th&gt;
	&lt;/tr&gt;
	&lt;tr&gt;
		&lt;td class="tabelatd2"&gt;14&lt;/td&gt;
		&lt;td class="tabelatd2"&gt;1&lt;/td&gt;
		&lt;td class="tabelatd2"&gt;Patrimonial&lt;/td&gt;
		&lt;td class="tabelatd2"&gt;Fulano de Tal (652.392.539-00)&lt;/td&gt;
		&lt;td class="tabelatd2"&gt;10/01/2010&lt;/td&gt;
		&lt;td class="tabelatd2"&gt;Ativo&lt;/td&gt;
&lt;th class="tabelatd2" border="1"&gt;&lt;a class="noPrint" href="?class=ControleTitulo&amp;opera=A&amp;id=14"&gt;[Alterar] &lt;/a&gt;&lt;a class="noPrint" href="?class=ControleTitulo&amp;opera=C&amp;id=14"&gt;[Consultar] &lt;/a&gt;&lt;a class="noPrint" href="?class=ControleTitulo&amp;opera=D&amp;id=14" onClick="return ConfirmaExclusao('');"&gt;[Deletar&amp;nbsp;registro] &lt;/a&gt;&lt;/th&gt;
	&lt;/tr&gt;
	&lt;tr&gt;
		&lt;td class="tabelatd1"&gt;15&lt;/td&gt;
		&lt;td class="tabelatd1"&gt;1&lt;/td&gt;
		&lt;td class="tabelatd1"&gt;Patrimonial&lt;/td&gt;
		&lt;td class="tabelatd1"&gt;Fulano de Tal (652.392.539-00)&lt;/td&gt;
		&lt;td class="tabelatd1"&gt;10/01/2010&lt;/td&gt;
		&lt;td class="tabelatd1"&gt;Ativo&lt;/td&gt;
&lt;th class="tabelatd1" border="1"&gt;&lt;a class="noPrint" href="?class=ControleTitulo&amp;opera=A&amp;id=15"&gt;[Alterar] &lt;/a&gt;&lt;a class="noPrint" href="?class=ControleTitulo&amp;opera=C&amp;id=15"&gt;[Consultar] &lt;/a&gt;&lt;a class="noPrint" href="?class=ControleTitulo&amp;opera=D&amp;id=15" onClick="return ConfirmaExclusao('');"&gt;[Deletar&amp;nbsp;registro] &lt;/a&gt;&lt;/th&gt;
	&lt;/tr&gt;
	&lt;tr&gt;
		&lt;td class="tabelatd2"&gt;16&lt;/td&gt;
		&lt;td class="tabelatd2"&gt;1&lt;/td&gt;
		&lt;td class="tabelatd2"&gt;Patrimonial&lt;/td&gt;
		&lt;td class="tabelatd2"&gt;Fulano de Tal (652.392.539-00)&lt;/td&gt;
		&lt;td class="tabelatd2"&gt;10/01/2010&lt;/td&gt;
		&lt;td class="tabelatd2"&gt;Ativo&lt;/td&gt;
&lt;th class="tabelatd2" border="1"&gt;&lt;a class="noPrint" href="?class=ControleTitulo&amp;opera=A&amp;id=16"&gt;[Alterar] &lt;/a&gt;&lt;a class="noPrint" href="?class=ControleTitulo&amp;opera=C&amp;id=16"&gt;[Consultar] &lt;/a&gt;&lt;a class="noPrint" href="?class=ControleTitulo&amp;opera=D&amp;id=16" onClick="return ConfirmaExclusao('');"&gt;[Deletar&amp;nbsp;registro] &lt;/a&gt;&lt;/th&gt;
	&lt;/tr&gt;
	&lt;tr&gt;
		&lt;td class="tabelatd1"&gt;17&lt;/td&gt;
		&lt;td class="tabelatd1"&gt;1&lt;/td&gt;
		&lt;td class="tabelatd1"&gt;Patrimonial&lt;/td&gt;
		&lt;td class="tabelatd1"&gt;Fulano de Tal (652.392.539-00)&lt;/td&gt;
		&lt;td class="tabelatd1"&gt;10/01/2010&lt;/td&gt;
		&lt;td class="tabelatd1"&gt;Ativo&lt;/td&gt;
&lt;th class="tabelatd1" border="1"&gt;&lt;a class="noPrint" href="?class=ControleTitulo&amp;opera=A&amp;id=17"&gt;[Alterar] &lt;/a&gt;&lt;a class="noPrint" href="?class=ControleTitulo&amp;opera=C&amp;id=17"&gt;[Consultar] &lt;/a&gt;&lt;a class="noPrint" href="?class=ControleTitulo&amp;opera=D&amp;id=17" onClick="return ConfirmaExclusao('');"&gt;[Deletar&amp;nbsp;registro] &lt;/a&gt;&lt;/th&gt;
	&lt;/tr&gt;
	&lt;tr&gt;
		&lt;td class="tabelatd2"&gt;18&lt;/td&gt;
		&lt;td class="tabelatd2"&gt;1&lt;/td&gt;
		&lt;td class="tabelatd2"&gt;Patrimonial&lt;/td&gt;
		&lt;td class="tabelatd2"&gt;Fulano de Tal (652.392.539-00)&lt;/td&gt;
		&lt;td class="tabelatd2"&gt;10/01/2010&lt;/td&gt;
		&lt;td class="tabelatd2"&gt;Ativo&lt;/td&gt;
&lt;th class="tabelatd2" border="1"&gt;&lt;a class="noPrint" href="?class=ControleTitulo&amp;opera=A&amp;id=18"&gt;[Alterar] &lt;/a&gt;&lt;a class="noPrint" href="?class=ControleTitulo&amp;opera=C&amp;id=18"&gt;[Consultar] &lt;/a&gt;&lt;a class="noPrint" href="?class=ControleTitulo&amp;opera=D&amp;id=18" onClick="return ConfirmaExclusao('');"&gt;[Deletar&amp;nbsp;registro] &lt;/a&gt;&lt;/th&gt;
	&lt;/tr&gt;
	&lt;tr&gt;
		&lt;td class="tabelatd1"&gt;4&lt;/td&gt;
		&lt;td class="tabelatd1"&gt;23F&lt;/td&gt;
		&lt;td class="tabelatd1"&gt;Patrimonial&lt;/td&gt;
		&lt;td class="tabelatd1"&gt;Cicrano de Tal (222.222.222-22)&lt;/td&gt;
		&lt;td class="tabelatd1"&gt;01/02/2016&lt;/td&gt;
		&lt;td class="tabelatd1"&gt;Ativo&lt;/td&gt;
&lt;th class="tabelatd1" border="1"&gt;&lt;a class="noPrint" href="?class=ControleTitulo&amp;opera=A&amp;id=4"&gt;[Alterar] &lt;/a&gt;&lt;a class="noPrint" href="?class=ControleTitulo&amp;opera=C&amp;id=4"&gt;[Consultar] &lt;/a&gt;&lt;a class="noPrint" href="?class=ControleTitulo&amp;opera=D&amp;id=4" onClick="return ConfirmaExclusao('');"&gt;[Deletar&amp;nbsp;registro] &lt;/a&gt;&lt;/th&gt;
	&lt;/tr&gt;
&lt;/Table&gt;
&lt;h3&gt;Número de registros na lista: 17&lt;/h3&gt;
&lt;/div&gt;
&lt;/body&gt;&#13;
&lt;/html&gt;&#13;
</system-out>
      </testcase>
      <testcase name="testGravar" class="DaoControleTituloTest" classname="DaoControleTituloTest" file="C:\Apache24\htdocs\Associacao\tests\controller\DaoControleTituloTest.php" line="70" assertions="1" time="0.033472"/>
      <testcase name="testExiste" class="DaoControleTituloTest" classname="DaoControleTituloTest" file="C:\Apache24\htdocs\Associacao\tests\controller\DaoControleTituloTest.php" line="78" assertions="1" time="0.021638"/>
      <testcase name="testApaga" class="DaoControleTituloTest" classname="DaoControleTituloTest" file="C:\Apache24\htdocs\Associacao\tests\controller\DaoControleTituloTest.php" line="86" assertions="1" time="0.021446"/>
      <testcase name="testInsere" class="DaoControleTituloTest" classname="DaoControleTituloTest" file="C:\Apache24\htdocs\Associacao\tests\controller\DaoControleTituloTest.php" line="94" assertions="1" time="0.026224"/>
      <testcase name="testAltera" class="DaoControleTituloTest" classname="DaoControleTituloTest" file="C:\Apache24\htdocs\Associacao\tests\controller\DaoControleTituloTest.php" line="102" assertions="1" time="0.024780"/>
      <testcase name="testLer" class="DaoControleTituloTest" classname="DaoControleTituloTest" file="C:\Apache24\htdocs\Associacao\tests\controller\DaoControleTituloTest.php" line="110" assertions="1" time="0.023004"/>
      <testcase name="testLista" class="DaoControleTituloTest" classname="DaoControleTituloTest" file="C:\Apache24\htdocs\Associacao\tests\controller\DaoControleTituloTest.php" line="118" assertions="1" time="0.033644">
        <system-out>&lt;input type="button" onclick="imprimirDiv('divTITULO', this);" value="Imprimir lista"&gt;&lt;div id='divTITULO'&gt;
&lt;Table class="tabela" width="100%" border="1" cellpadding="3" cellspacing="0"&gt;
&lt;tr&gt;
&lt;th class="tabelath" border="1"&gt;CODIGO&lt;/th&gt;
&lt;th class="tabelath" border="1"&gt;NUMERO_TITULO&lt;/th&gt;
&lt;th class="tabelath" border="1"&gt;TIPO&lt;/th&gt;
&lt;th class="tabelath" border="1"&gt;ASSOCIADO&lt;/th&gt;
&lt;th class="tabelath" border="1"&gt;DATA_SOCIO&lt;/th&gt;
&lt;th class="tabelath" border="1"&gt;SITUACAO&lt;/th&gt;
&lt;th class="tabelath" border="1"&gt;OPERAÇÃO&lt;/th&gt;
&lt;/tr&gt;
	&lt;tr&gt;
		&lt;td class="tabelatd1"&gt;3&lt;/td&gt;
		&lt;td class="tabelatd1"&gt;0F&lt;/td&gt;
		&lt;td class="tabelatd1"&gt;Patrimonial&lt;/td&gt;
		&lt;td class="tabelatd1"&gt;Beltrano da Silva (333.333.333-33)&lt;/td&gt;
		&lt;td class="tabelatd1"&gt;01/02/2016&lt;/td&gt;
		&lt;td class="tabelatd1"&gt;Ativo&lt;/td&gt;
&lt;th class="tabelatd1" border="1"&gt;&lt;a class="noPrint" href="?class=ControleTitulo&amp;opera=A&amp;id=3"&gt;[Alterar] &lt;/a&gt;&lt;a class="noPrint" href="?class=ControleTitulo&amp;opera=C&amp;id=3"&gt;[Consultar] &lt;/a&gt;&lt;a class="noPrint" href="?class=ControleTitulo&amp;opera=D&amp;id=3" onClick="return ConfirmaExclusao('');"&gt;[Deletar&amp;nbsp;registro] &lt;/a&gt;&lt;/th&gt;
	&lt;/tr&gt;
	&lt;tr&gt;
		&lt;td class="tabelatd2"&gt;1&lt;/td&gt;
		&lt;td class="tabelatd2"&gt;1&lt;/td&gt;
		&lt;td class="tabelatd2"&gt;Patrimonial&lt;/td&gt;
		&lt;td class="tabelatd2"&gt;Fulano de Tal (652.392.539-00)&lt;/td&gt;
		&lt;td class="tabelatd2"&gt;10/01/2010&lt;/td&gt;
		&lt;td class="tabelatd2"&gt;Ativo&lt;/td&gt;
&lt;th class="tabelatd2" border="1"&gt;&lt;a class="noPrint" href="?class=ControleTitulo&amp;opera=A&amp;id=1"&gt;[Alterar] &lt;/a&gt;&lt;a class="noPrint" href="?class=ControleTitulo&amp;opera=C&amp;id=1"&gt;[Consultar] &lt;/a&gt;&lt;a class="noPrint" href="?class=ControleTitulo&amp;opera=D&amp;id=1" onClick="return ConfirmaExclusao('');"&gt;[Deletar&amp;nbsp;registro] &lt;/a&gt;&lt;/th&gt;
	&lt;/tr&gt;
	&lt;tr&gt;
		&lt;td class="tabelatd1"&gt;5&lt;/td&gt;
		&lt;td class="tabelatd1"&gt;1&lt;/td&gt;
		&lt;td class="tabelatd1"&gt;Patrimonial&lt;/td&gt;
		&lt;td class="tabelatd1"&gt;Fulano de Tal (652.392.539-00)&lt;/td&gt;
		&lt;td class="tabelatd1"&gt;10/01/2010&lt;/td&gt;
		&lt;td class="tabelatd1"&gt;Ativo&lt;/td&gt;
&lt;th class="tabelatd1" border="1"&gt;&lt;a class="noPrint" href="?class=ControleTitulo&amp;opera=A&amp;id=5"&gt;[Alterar] &lt;/a&gt;&lt;a class="noPrint" href="?class=ControleTitulo&amp;opera=C&amp;id=5"&gt;[Consultar] &lt;/a&gt;&lt;a class="noPrint" href="?class=ControleTitulo&amp;opera=D&amp;id=5" onClick="return ConfirmaExclusao('');"&gt;[Deletar&amp;nbsp;registro] &lt;/a&gt;&lt;/th&gt;
	&lt;/tr&gt;
	&lt;tr&gt;
		&lt;td class="tabelatd2"&gt;6&lt;/td&gt;
		&lt;td class="tabelatd2"&gt;1&lt;/td&gt;
		&lt;td class="tabelatd2"&gt;Patrimonial&lt;/td&gt;
		&lt;td class="tabelatd2"&gt;Fulano de Tal (652.392.539-00)&lt;/td&gt;
		&lt;td class="tabelatd2"&gt;10/01/2010&lt;/td&gt;
		&lt;td class="tabelatd2"&gt;Ativo&lt;/td&gt;
&lt;th class="tabelatd2" border="1"&gt;&lt;a class="noPrint" href="?class=ControleTitulo&amp;opera=A&amp;id=6"&gt;[Alterar] &lt;/a&gt;&lt;a class="noPrint" href="?class=ControleTitulo&amp;opera=C&amp;id=6"&gt;[Consultar] &lt;/a&gt;&lt;a class="noPrint" href="?class=ControleTitulo&amp;opera=D&amp;id=6" onClick="return ConfirmaExclusao('');"&gt;[Deletar&amp;nbsp;registro] &lt;/a&gt;&lt;/th&gt;
	&lt;/tr&gt;
	&lt;tr&gt;
		&lt;td class="tabelatd1"&gt;7&lt;/td&gt;
		&lt;td class="tabelatd1"&gt;1&lt;/td&gt;
		&lt;td class="tabelatd1"&gt;Patrimonial&lt;/td&gt;
		&lt;td class="tabelatd1"&gt;Fulano de Tal (652.392.539-00)&lt;/td&gt;
		&lt;td class="tabelatd1"&gt;10/01/2010&lt;/td&gt;
		&lt;td class="tabelatd1"&gt;Ativo&lt;/td&gt;
&lt;th class="tabelatd1" border="1"&gt;&lt;a class="noPrint" href="?class=ControleTitulo&amp;opera=A&amp;id=7"&gt;[Alterar] &lt;/a&gt;&lt;a class="noPrint" href="?class=ControleTitulo&amp;opera=C&amp;id=7"&gt;[Consultar] &lt;/a&gt;&lt;a class="noPrint" href="?class=ControleTitulo&amp;opera=D&amp;id=7" onClick="return ConfirmaExclusao('');"&gt;[Deletar&amp;nbsp;registro] &lt;/a&gt;&lt;/th&gt;
	&lt;/tr&gt;
	&lt;tr&gt;
		&lt;td class="tabelatd2"&gt;8&lt;/td&gt;
		&lt;td class="tabelatd2"&gt;1&lt;/td&gt;
		&lt;td class="tabelatd2"&gt;Patrimonial&lt;/td&gt;
		&lt;td class="tabelatd2"&gt;Fulano de Tal (652.392.539-00)&lt;/td&gt;
		&lt;td class="tabelatd2"&gt;10/01/2010&lt;/td&gt;
		&lt;td class="tabelatd2"&gt;Ativo&lt;/td&gt;
&lt;th class="tabelatd2" border="1"&gt;&lt;a class="noPrint" href="?class=ControleTitulo&amp;opera=A&amp;id=8"&gt;[Alterar] &lt;/a&gt;&lt;a class="noPrint" href="?class=ControleTitulo&amp;opera=C&amp;id=8"&gt;[Consultar] &lt;/a&gt;&lt;a class="noPrint" href="?class=ControleTitulo&amp;opera=D&amp;id=8" onClick="return ConfirmaExclusao('');"&gt;[Deletar&amp;nbsp;registro] &lt;/a&gt;&lt;/th&gt;
	&lt;/tr&gt;
	&lt;tr&gt;
		&lt;td class="tabelatd1"&gt;9&lt;/td&gt;
		&lt;td class="tabelatd1"&gt;1&lt;/td&gt;
		&lt;td class="tabelatd1"&gt;Patrimonial&lt;/td&gt;
		&lt;td class="tabelatd1"&gt;Fulano de Tal (652.392.539-00)&lt;/td&gt;
		&lt;td class="tabelatd1"&gt;10/01/2010&lt;/td&gt;
		&lt;td class="tabelatd1"&gt;Ativo&lt;/td&gt;
&lt;th class="tabelatd1" border="1"&gt;&lt;a class="noPrint" href="?class=ControleTitulo&amp;opera=A&amp;id=9"&gt;[Alterar] &lt;/a&gt;&lt;a class="noPrint" href="?class=ControleTitulo&amp;opera=C&amp;id=9"&gt;[Consultar] &lt;/a&gt;&lt;a class="noPrint" href="?class=ControleTitulo&amp;opera=D&amp;id=9" onClick="return ConfirmaExclusao('');"&gt;[Deletar&amp;nbsp;registro] &lt;/a&gt;&lt;/th&gt;
	&lt;/tr&gt;
	&lt;tr&gt;
		&lt;td class="tabelatd2"&gt;10&lt;/td&gt;
		&lt;td class="tabelatd2"&gt;1&lt;/td&gt;
		&lt;td class="tabelatd2"&gt;Patrimonial&lt;/td&gt;
		&lt;td class="tabelatd2"&gt;Fulano de Tal (652.392.539-00)&lt;/td&gt;
		&lt;td class="tabelatd2"&gt;10/01/2010&lt;/td&gt;
		&lt;td class="tabelatd2"&gt;Ativo&lt;/td&gt;
&lt;th class="tabelatd2" border="1"&gt;&lt;a class="noPrint" href="?class=ControleTitulo&amp;opera=A&amp;id=10"&gt;[Alterar] &lt;/a&gt;&lt;a class="noPrint" href="?class=ControleTitulo&amp;opera=C&amp;id=10"&gt;[Consultar] &lt;/a&gt;&lt;a class="noPrint" href="?class=ControleTitulo&amp;opera=D&amp;id=10" onClick="return ConfirmaExclusao('');"&gt;[Deletar&amp;nbsp;registro] &lt;/a&gt;&lt;/th&gt;
	&lt;/tr&gt;
	&lt;tr&gt;
		&lt;td class="tabelatd1"&gt;11&lt;/td&gt;
		&lt;td class="tabelatd1"&gt;1&lt;/td&gt;
		&lt;td class="tabelatd1"&gt;Patrimonial&lt;/td&gt;
		&lt;td class="tabelatd1"&gt;Fulano de Tal (652.392.539-00)&lt;/td&gt;
		&lt;td class="tabelatd1"&gt;10/01/2010&lt;/td&gt;
		&lt;td class="tabelatd1"&gt;Ativo&lt;/td&gt;
&lt;th class="tabelatd1" border="1"&gt;&lt;a class="noPrint" href="?class=ControleTitulo&amp;opera=A&amp;id=11"&gt;[Alterar] &lt;/a&gt;&lt;a class="noPrint" href="?class=ControleTitulo&amp;opera=C&amp;id=11"&gt;[Consultar] &lt;/a&gt;&lt;a class="noPrint" href="?class=ControleTitulo&amp;opera=D&amp;id=11" onClick="return ConfirmaExclusao('');"&gt;[Deletar&amp;nbsp;registro] &lt;/a&gt;&lt;/th&gt;
	&lt;/tr&gt;
	&lt;tr&gt;
		&lt;td class="tabelatd2"&gt;12&lt;/td&gt;
		&lt;td class="tabelatd2"&gt;1&lt;/td&gt;
		&lt;td class="tabelatd2"&gt;Patrimonial&lt;/td&gt;
		&lt;td class="tabelatd2"&gt;Fulano de Tal (652.392.539-00)&lt;/td&gt;
		&lt;td class="tabelatd2"&gt;10/01/2010&lt;/td&gt;
		&lt;td class="tabelatd2"&gt;Ativo&lt;/td&gt;
&lt;th class="tabelatd2" border="1"&gt;&lt;a class="noPrint" href="?class=ControleTitulo&amp;opera=A&amp;id=12"&gt;[Alterar] &lt;/a&gt;&lt;a class="noPrint" href="?class=ControleTitulo&amp;opera=C&amp;id=12"&gt;[Consultar] &lt;/a&gt;&lt;a class="noPrint" href="?class=ControleTitulo&amp;opera=D&amp;id=12" onClick="return ConfirmaExclusao('');"&gt;[Deletar&amp;nbsp;registro] &lt;/a&gt;&lt;/th&gt;
	&lt;/tr&gt;
	&lt;tr&gt;
		&lt;td class="tabelatd1"&gt;13&lt;/td&gt;
		&lt;td class="tabelatd1"&gt;1&lt;/td&gt;
		&lt;td class="tabelatd1"&gt;Patrimonial&lt;/td&gt;
		&lt;td class="tabelatd1"&gt;Fulano de Tal (652.392.539-00)&lt;/td&gt;
		&lt;td class="tabelatd1"&gt;10/01/2010&lt;/td&gt;
		&lt;td class="tabelatd1"&gt;Ativo&lt;/td&gt;
&lt;th class="tabelatd1" border="1"&gt;&lt;a class="noPrint" href="?class=ControleTitulo&amp;opera=A&amp;id=13"&gt;[Alterar] &lt;/a&gt;&lt;a class="noPrint" href="?class=ControleTitulo&amp;opera=C&amp;id=13"&gt;[Consultar] &lt;/a&gt;&lt;a class="noPrint" href="?class=ControleTitulo&amp;opera=D&amp;id=13" onClick="return ConfirmaExclusao('');"&gt;[Deletar&amp;nbsp;registro] &lt;/a&gt;&lt;/th&gt;
	&lt;/tr&gt;
	&lt;tr&gt;
		&lt;td class="tabelatd2"&gt;14&lt;/td&gt;
		&lt;td class="tabelatd2"&gt;1&lt;/td&gt;
		&lt;td class="tabelatd2"&gt;Patrimonial&lt;/td&gt;
		&lt;td class="tabelatd2"&gt;Fulano de Tal (652.392.539-00)&lt;/td&gt;
		&lt;td class="tabelatd2"&gt;10/01/2010&lt;/td&gt;
		&lt;td class="tabelatd2"&gt;Ativo&lt;/td&gt;
&lt;th class="tabelatd2" border="1"&gt;&lt;a class="noPrint" href="?class=ControleTitulo&amp;opera=A&amp;id=14"&gt;[Alterar] &lt;/a&gt;&lt;a class="noPrint" href="?class=ControleTitulo&amp;opera=C&amp;id=14"&gt;[Consultar] &lt;/a&gt;&lt;a class="noPrint" href="?class=ControleTitulo&amp;opera=D&amp;id=14" onClick="return ConfirmaExclusao('');"&gt;[Deletar&amp;nbsp;registro] &lt;/a&gt;&lt;/th&gt;
	&lt;/tr&gt;
	&lt;tr&gt;
		&lt;td class="tabelatd1"&gt;15&lt;/td&gt;
		&lt;td class="tabelatd1"&gt;1&lt;/td&gt;
		&lt;td class="tabelatd1"&gt;Patrimonial&lt;/td&gt;
		&lt;td class="tabelatd1"&gt;Fulano de Tal (652.392.539-00)&lt;/td&gt;
		&lt;td class="tabelatd1"&gt;10/01/2010&lt;/td&gt;
		&lt;td class="tabelatd1"&gt;Ativo&lt;/td&gt;
&lt;th class="tabelatd1" border="1"&gt;&lt;a class="noPrint" href="?class=ControleTitulo&amp;opera=A&amp;id=15"&gt;[Alterar] &lt;/a&gt;&lt;a class="noPrint" href="?class=ControleTitulo&amp;opera=C&amp;id=15"&gt;[Consultar] &lt;/a&gt;&lt;a class="noPrint" href="?class=ControleTitulo&amp;opera=D&amp;id=15" onClick="return ConfirmaExclusao('');"&gt;[Deletar&amp;nbsp;registro] &lt;/a&gt;&lt;/th&gt;
	&lt;/tr&gt;
	&lt;tr&gt;
		&lt;td class="tabelatd2"&gt;16&lt;/td&gt;
		&lt;td class="tabelatd2"&gt;1&lt;/td&gt;
		&lt;td class="tabelatd2"&gt;Patrimonial&lt;/td&gt;
		&lt;td class="tabelatd2"&gt;Fulano de Tal (652.392.539-00)&lt;/td&gt;
		&lt;td class="tabelatd2"&gt;10/01/2010&lt;/td&gt;
		&lt;td class="tabelatd2"&gt;Ativo&lt;/td&gt;
&lt;th class="tabelatd2" border="1"&gt;&lt;a class="noPrint" href="?class=ControleTitulo&amp;opera=A&amp;id=16"&gt;[Alterar] &lt;/a&gt;&lt;a class="noPrint" href="?class=ControleTitulo&amp;opera=C&amp;id=16"&gt;[Consultar] &lt;/a&gt;&lt;a class="noPrint" href="?class=ControleTitulo&amp;opera=D&amp;id=16" onClick="return ConfirmaExclusao('');"&gt;[Deletar&amp;nbsp;registro] &lt;/a&gt;&lt;/th&gt;
	&lt;/tr&gt;
	&lt;tr&gt;
		&lt;td class="tabelatd1"&gt;17&lt;/td&gt;
		&lt;td class="tabelatd1"&gt;1&lt;/td&gt;
		&lt;td class="tabelatd1"&gt;Patrimonial&lt;/td&gt;
		&lt;td class="tabelatd1"&gt;Fulano de Tal (652.392.539-00)&lt;/td&gt;
		&lt;td class="tabelatd1"&gt;10/01/2010&lt;/td&gt;
		&lt;td class="tabelatd1"&gt;Ativo&lt;/td&gt;
&lt;th class="tabelatd1" border="1"&gt;&lt;a class="noPrint" href="?class=ControleTitulo&amp;opera=A&amp;id=17"&gt;[Alterar] &lt;/a&gt;&lt;a class="noPrint" href="?class=ControleTitulo&amp;opera=C&amp;id=17"&gt;[Consultar] &lt;/a&gt;&lt;a class="noPrint" href="?class=ControleTitulo&amp;opera=D&amp;id=17" onClick="return ConfirmaExclusao('');"&gt;[Deletar&amp;nbsp;registro] &lt;/a&gt;&lt;/th&gt;
	&lt;/tr&gt;
	&lt;tr&gt;
		&lt;td class="tabelatd2"&gt;18&lt;/td&gt;
		&lt;td class="tabelatd2"&gt;1&lt;/td&gt;
		&lt;td class="tabelatd2"&gt;Patrimonial&lt;/td&gt;
		&lt;td class="tabelatd2"&gt;Fulano de Tal (652.392.539-00)&lt;/td&gt;
		&lt;td class="tabelatd2"&gt;10/01/2010&lt;/td&gt;
		&lt;td class="tabelatd2"&gt;Ativo&lt;/td&gt;
&lt;th class="tabelatd2" border="1"&gt;&lt;a class="noPrint" href="?class=ControleTitulo&amp;opera=A&amp;id=18"&gt;[Alterar] &lt;/a&gt;&lt;a class="noPrint" href="?class=ControleTitulo&amp;opera=C&amp;id=18"&gt;[Consultar] &lt;/a&gt;&lt;a class="noPrint" href="?class=ControleTitulo&amp;opera=D&amp;id=18" onClick="return ConfirmaExclusao('');"&gt;[Deletar&amp;nbsp;registro] &lt;/a&gt;&lt;/th&gt;
	&lt;/tr&gt;
	&lt;tr&gt;
		&lt;td class="tabelatd1"&gt;19&lt;/td&gt;
		&lt;td class="tabelatd1"&gt;1&lt;/td&gt;
		&lt;td class="tabelatd1"&gt;Patrimonial&lt;/td&gt;
		&lt;td class="tabelatd1"&gt;Fulano de Tal (652.392.539-00)&lt;/td&gt;
		&lt;td class="tabelatd1"&gt;10/01/2010&lt;/td&gt;
		&lt;td class="tabelatd1"&gt;Ativo&lt;/td&gt;
&lt;th class="tabelatd1" border="1"&gt;&lt;a class="noPrint" href="?class=ControleTitulo&amp;opera=A&amp;id=19"&gt;[Alterar] &lt;/a&gt;&lt;a class="noPrint" href="?class=ControleTitulo&amp;opera=C&amp;id=19"&gt;[Consultar] &lt;/a&gt;&lt;a class="noPrint" href="?class=ControleTitulo&amp;opera=D&amp;id=19" onClick="return ConfirmaExclusao('');"&gt;[Deletar&amp;nbsp;registro] &lt;/a&gt;&lt;/th&gt;
	&lt;/tr&gt;
	&lt;tr&gt;
		&lt;td class="tabelatd2"&gt;4&lt;/td&gt;
		&lt;td class="tabelatd2"&gt;23F&lt;/td&gt;
		&lt;td class="tabelatd2"&gt;Patrimonial&lt;/td&gt;
		&lt;td class="tabelatd2"&gt;Cicrano de Tal (222.222.222-22)&lt;/td&gt;
		&lt;td class="tabelatd2"&gt;01/02/2016&lt;/td&gt;
		&lt;td class="tabelatd2"&gt;Ativo&lt;/td&gt;
&lt;th class="tabelatd2" border="1"&gt;&lt;a class="noPrint" href="?class=ControleTitulo&amp;opera=A&amp;id=4"&gt;[Alterar] &lt;/a&gt;&lt;a class="noPrint" href="?class=ControleTitulo&amp;opera=C&amp;id=4"&gt;[Consultar] &lt;/a&gt;&lt;a class="noPrint" href="?class=ControleTitulo&amp;opera=D&amp;id=4" onClick="return ConfirmaExclusao('');"&gt;[Deletar&amp;nbsp;registro] &lt;/a&gt;&lt;/th&gt;
	&lt;/tr&gt;
&lt;/Table&gt;
&lt;h3&gt;Número de registros na lista: 18&lt;/h3&gt;
&lt;/div&gt;
</system-out>
      </testcase>
    </testsuite>
    <testsuite name="DaoHomeTest" file="C:\Apache24\htdocs\Associacao\tests\controller\DaoHomeTest.php" tests="5" assertions="5" errors="0" failures="0" skipped="0" time="0.655195">
      <testcase name="testGetClassView" class="DaoHomeTest" classname="DaoHomeTest" file="C:\Apache24\htdocs\Associacao\tests\controller\DaoHomeTest.php" line="32" assertions="1" time="0.019103"/>
      <testcase name="testExecutaView" class="DaoHomeTest" classname="DaoHomeTest" file="C:\Apache24\htdocs\Associacao\tests\controller\DaoHomeTest.php" line="40" assertions="1" time="0.297893">
        <system-out>﻿&lt;!DOCTYPE html&gt;&#13;
&lt;html&gt;&#13;
    &lt;head&gt;&#13;
                        &lt;title&gt;Inicio&lt;/title&gt;&#13;
    &lt;/head&gt;&#13;
    &lt;body&gt;&#13;
     &lt;center&gt;&lt;h2&gt;Parcelas em aberto&lt;/h2&gt;&lt;/center&gt;&#13;
     &lt;input type="button" onclick="imprimirDiv('divCOBRANCA', this);" value="Imprimir lista"&gt;&lt;div id='divCOBRANCA'&gt;
&lt;Table class="tabela" width="100%" border="1" cellpadding="3" cellspacing="0"&gt;
&lt;tr&gt;
&lt;th class="tabelath" border="1"&gt;PARCELA&lt;/th&gt;
&lt;th class="tabelath" border="1"&gt;DESCRICAO&lt;/th&gt;
&lt;th class="tabelath" border="1"&gt;DATA_VENCIMENTO&lt;/th&gt;
&lt;th class="tabelath" border="1"&gt;VALOR_NOMINAL&lt;/th&gt;
&lt;th class="tabelath" border="1"&gt;VALOR_BAIXADO&lt;/th&gt;
&lt;th class="tabelath" border="1"&gt;SITUACAO&lt;/th&gt;
&lt;th class="tabelath" border="1"&gt;ASSOCIADO&lt;/th&gt;
&lt;th class="tabelath" border="1"&gt;NUMERO_TITULO&lt;/th&gt;
&lt;th class="tabelath" border="1"&gt;TIPO&lt;/th&gt;
&lt;th class="tabelath" border="1"&gt;OPERAÇÃO&lt;/th&gt;
&lt;/tr&gt;
	&lt;tr&gt;
		&lt;td class="tabelatd1"&gt;4&lt;/td&gt;
		&lt;td class="tabelatd1"&gt;Tipo Cobranca&lt;/td&gt;
		&lt;td class="tabelatd1"&gt;10/10/2018&lt;/td&gt;
		&lt;td class="tabelatd1"&gt;110.00&lt;/td&gt;
		&lt;td class="tabelatd1"&gt;0.00&lt;/td&gt;
		&lt;td class="tabelatd1"&gt;Em aberto&lt;/td&gt;
		&lt;td class="tabelatd1"&gt;4-Beltrano da Silva (333.333.333-33)&lt;/td&gt;
		&lt;td class="tabelatd1"&gt;0F&lt;/td&gt;
		&lt;td class="tabelatd1"&gt;Patrimonial&lt;/td&gt;
&lt;th class="tabelatd1" border="1"&gt;&lt;a class="noPrint" href="?class=BaixarParcela&amp;id=4"&gt;[Baixar&amp;nbsp;parcela] &lt;/a&gt;&lt;a class="noPrint" href="?class=ImprimirParcela&amp;id=4"&gt;[Imprimir&amp;nbsp;parcela] &lt;/a&gt;&lt;/th&gt;
	&lt;/tr&gt;
	&lt;tr&gt;
		&lt;td class="tabelatd2"&gt;8&lt;/td&gt;
		&lt;td class="tabelatd2"&gt;Tipo Cobranca&lt;/td&gt;
		&lt;td class="tabelatd2"&gt;10/10/2018&lt;/td&gt;
		&lt;td class="tabelatd2"&gt;110.00&lt;/td&gt;
		&lt;td class="tabelatd2"&gt;0.00&lt;/td&gt;
		&lt;td class="tabelatd2"&gt;Em aberto&lt;/td&gt;
		&lt;td class="tabelatd2"&gt;4-Beltrano da Silva (333.333.333-33)&lt;/td&gt;
		&lt;td class="tabelatd2"&gt;0F&lt;/td&gt;
		&lt;td class="tabelatd2"&gt;Patrimonial&lt;/td&gt;
&lt;th class="tabelatd2" border="1"&gt;&lt;a class="noPrint" href="?class=BaixarParcela&amp;id=8"&gt;[Baixar&amp;nbsp;parcela] &lt;/a&gt;&lt;a class="noPrint" href="?class=ImprimirParcela&amp;id=8"&gt;[Imprimir&amp;nbsp;parcela] &lt;/a&gt;&lt;/th&gt;
	&lt;/tr&gt;
	&lt;tr&gt;
		&lt;td class="tabelatd1"&gt;12&lt;/td&gt;
		&lt;td class="tabelatd1"&gt;Tipo Cobranca&lt;/td&gt;
		&lt;td class="tabelatd1"&gt;10/10/2018&lt;/td&gt;
		&lt;td class="tabelatd1"&gt;110.00&lt;/td&gt;
		&lt;td class="tabelatd1"&gt;0.00&lt;/td&gt;
		&lt;td class="tabelatd1"&gt;Em aberto&lt;/td&gt;
		&lt;td class="tabelatd1"&gt;4-Beltrano da Silva (333.333.333-33)&lt;/td&gt;
		&lt;td class="tabelatd1"&gt;0F&lt;/td&gt;
		&lt;td class="tabelatd1"&gt;Patrimonial&lt;/td&gt;
&lt;th class="tabelatd1" border="1"&gt;&lt;a class="noPrint" href="?class=BaixarParcela&amp;id=12"&gt;[Baixar&amp;nbsp;parcela] &lt;/a&gt;&lt;a class="noPrint" href="?class=ImprimirParcela&amp;id=12"&gt;[Imprimir&amp;nbsp;parcela] &lt;/a&gt;&lt;/th&gt;
	&lt;/tr&gt;
	&lt;tr&gt;
		&lt;td class="tabelatd2"&gt;16&lt;/td&gt;
		&lt;td class="tabelatd2"&gt;Tipo Cobranca&lt;/td&gt;
		&lt;td class="tabelatd2"&gt;10/10/2018&lt;/td&gt;
		&lt;td class="tabelatd2"&gt;110.00&lt;/td&gt;
		&lt;td class="tabelatd2"&gt;0.00&lt;/td&gt;
		&lt;td class="tabelatd2"&gt;Em aberto&lt;/td&gt;
		&lt;td class="tabelatd2"&gt;4-Beltrano da Silva (333.333.333-33)&lt;/td&gt;
		&lt;td class="tabelatd2"&gt;0F&lt;/td&gt;
		&lt;td class="tabelatd2"&gt;Patrimonial&lt;/td&gt;
&lt;th class="tabelatd2" border="1"&gt;&lt;a class="noPrint" href="?class=BaixarParcela&amp;id=16"&gt;[Baixar&amp;nbsp;parcela] &lt;/a&gt;&lt;a class="noPrint" href="?class=ImprimirParcela&amp;id=16"&gt;[Imprimir&amp;nbsp;parcela] &lt;/a&gt;&lt;/th&gt;
	&lt;/tr&gt;
	&lt;tr&gt;
		&lt;td class="tabelatd1"&gt;20&lt;/td&gt;
		&lt;td class="tabelatd1"&gt;Tipo Cobranca&lt;/td&gt;
		&lt;td class="tabelatd1"&gt;10/10/2018&lt;/td&gt;
		&lt;td class="tabelatd1"&gt;110.00&lt;/td&gt;
		&lt;td class="tabelatd1"&gt;0.00&lt;/td&gt;
		&lt;td class="tabelatd1"&gt;Em aberto&lt;/td&gt;
		&lt;td class="tabelatd1"&gt;4-Beltrano da Silva (333.333.333-33)&lt;/td&gt;
		&lt;td class="tabelatd1"&gt;0F&lt;/td&gt;
		&lt;td class="tabelatd1"&gt;Patrimonial&lt;/td&gt;
&lt;th class="tabelatd1" border="1"&gt;&lt;a class="noPrint" href="?class=BaixarParcela&amp;id=20"&gt;[Baixar&amp;nbsp;parcela] &lt;/a&gt;&lt;a class="noPrint" href="?class=ImprimirParcela&amp;id=20"&gt;[Imprimir&amp;nbsp;parcela] &lt;/a&gt;&lt;/th&gt;
	&lt;/tr&gt;
	&lt;tr&gt;
		&lt;td class="tabelatd2"&gt;24&lt;/td&gt;
		&lt;td class="tabelatd2"&gt;Tipo Cobranca&lt;/td&gt;
		&lt;td class="tabelatd2"&gt;10/10/2018&lt;/td&gt;
		&lt;td class="tabelatd2"&gt;110.00&lt;/td&gt;
		&lt;td class="tabelatd2"&gt;0.00&lt;/td&gt;
		&lt;td class="tabelatd2"&gt;Em aberto&lt;/td&gt;
		&lt;td class="tabelatd2"&gt;4-Beltrano da Silva (333.333.333-33)&lt;/td&gt;
		&lt;td class="tabelatd2"&gt;0F&lt;/td&gt;
		&lt;td class="tabelatd2"&gt;Patrimonial&lt;/td&gt;
&lt;th class="tabelatd2" border="1"&gt;&lt;a class="noPrint" href="?class=BaixarParcela&amp;id=24"&gt;[Baixar&amp;nbsp;parcela] &lt;/a&gt;&lt;a class="noPrint" href="?class=ImprimirParcela&amp;id=24"&gt;[Imprimir&amp;nbsp;parcela] &lt;/a&gt;&lt;/th&gt;
	&lt;/tr&gt;
	&lt;tr&gt;
		&lt;td class="tabelatd1"&gt;28&lt;/td&gt;
		&lt;td class="tabelatd1"&gt;Tipo Cobranca&lt;/td&gt;
		&lt;td class="tabelatd1"&gt;10/10/2018&lt;/td&gt;
		&lt;td class="tabelatd1"&gt;110.00&lt;/td&gt;
		&lt;td class="tabelatd1"&gt;0.00&lt;/td&gt;
		&lt;td class="tabelatd1"&gt;Em aberto&lt;/td&gt;
		&lt;td class="tabelatd1"&gt;4-Beltrano da Silva (333.333.333-33)&lt;/td&gt;
		&lt;td class="tabelatd1"&gt;0F&lt;/td&gt;
		&lt;td class="tabelatd1"&gt;Patrimonial&lt;/td&gt;
&lt;th class="tabelatd1" border="1"&gt;&lt;a class="noPrint" href="?class=BaixarParcela&amp;id=28"&gt;[Baixar&amp;nbsp;parcela] &lt;/a&gt;&lt;a class="noPrint" href="?class=ImprimirParcela&amp;id=28"&gt;[Imprimir&amp;nbsp;parcela] &lt;/a&gt;&lt;/th&gt;
	&lt;/tr&gt;
	&lt;tr&gt;
		&lt;td class="tabelatd2"&gt;35&lt;/td&gt;
		&lt;td class="tabelatd2"&gt;Tipo Cobranca&lt;/td&gt;
		&lt;td class="tabelatd2"&gt;10/10/2018&lt;/td&gt;
		&lt;td class="tabelatd2"&gt;110.00&lt;/td&gt;
		&lt;td class="tabelatd2"&gt;0.00&lt;/td&gt;
		&lt;td class="tabelatd2"&gt;Em aberto&lt;/td&gt;
		&lt;td class="tabelatd2"&gt;4-Beltrano da Silva (333.333.333-33)&lt;/td&gt;
		&lt;td class="tabelatd2"&gt;0F&lt;/td&gt;
		&lt;td class="tabelatd2"&gt;Patrimonial&lt;/td&gt;
&lt;th class="tabelatd2" border="1"&gt;&lt;a class="noPrint" href="?class=BaixarParcela&amp;id=35"&gt;[Baixar&amp;nbsp;parcela] &lt;/a&gt;&lt;a class="noPrint" href="?class=ImprimirParcela&amp;id=35"&gt;[Imprimir&amp;nbsp;parcela] &lt;/a&gt;&lt;/th&gt;
	&lt;/tr&gt;
	&lt;tr&gt;
		&lt;td class="tabelatd1"&gt;43&lt;/td&gt;
		&lt;td class="tabelatd1"&gt;Tipo Cobranca&lt;/td&gt;
		&lt;td class="tabelatd1"&gt;10/10/2018&lt;/td&gt;
		&lt;td class="tabelatd1"&gt;110.00&lt;/td&gt;
		&lt;td class="tabelatd1"&gt;0.00&lt;/td&gt;
		&lt;td class="tabelatd1"&gt;Em aberto&lt;/td&gt;
		&lt;td class="tabelatd1"&gt;4-Beltrano da Silva (333.333.333-33)&lt;/td&gt;
		&lt;td class="tabelatd1"&gt;0F&lt;/td&gt;
		&lt;td class="tabelatd1"&gt;Patrimonial&lt;/td&gt;
&lt;th class="tabelatd1" border="1"&gt;&lt;a class="noPrint" href="?class=BaixarParcela&amp;id=43"&gt;[Baixar&amp;nbsp;parcela] &lt;/a&gt;&lt;a class="noPrint" href="?class=ImprimirParcela&amp;id=43"&gt;[Imprimir&amp;nbsp;parcela] &lt;/a&gt;&lt;/th&gt;
	&lt;/tr&gt;
	&lt;tr&gt;
		&lt;td class="tabelatd2"&gt;54&lt;/td&gt;
		&lt;td class="tabelatd2"&gt;Tipo Cobranca&lt;/td&gt;
		&lt;td class="tabelatd2"&gt;10/10/2018&lt;/td&gt;
		&lt;td class="tabelatd2"&gt;110.00&lt;/td&gt;
		&lt;td class="tabelatd2"&gt;0.00&lt;/td&gt;
		&lt;td class="tabelatd2"&gt;Em aberto&lt;/td&gt;
		&lt;td class="tabelatd2"&gt;4-Beltrano da Silva (333.333.333-33)&lt;/td&gt;
		&lt;td class="tabelatd2"&gt;0F&lt;/td&gt;
		&lt;td class="tabelatd2"&gt;Patrimonial&lt;/td&gt;
&lt;th class="tabelatd2" border="1"&gt;&lt;a class="noPrint" href="?class=BaixarParcela&amp;id=54"&gt;[Baixar&amp;nbsp;parcela] &lt;/a&gt;&lt;a class="noPrint" href="?class=ImprimirParcela&amp;id=54"&gt;[Imprimir&amp;nbsp;parcela] &lt;/a&gt;&lt;/th&gt;
	&lt;/tr&gt;
	&lt;tr&gt;
		&lt;td class="tabelatd1"&gt;67&lt;/td&gt;
		&lt;td class="tabelatd1"&gt;Tipo Cobranca&lt;/td&gt;
		&lt;td class="tabelatd1"&gt;10/10/2018&lt;/td&gt;
		&lt;td class="tabelatd1"&gt;110.00&lt;/td&gt;
		&lt;td class="tabelatd1"&gt;0.00&lt;/td&gt;
		&lt;td class="tabelatd1"&gt;Em aberto&lt;/td&gt;
		&lt;td class="tabelatd1"&gt;4-Beltrano da Silva (333.333.333-33)&lt;/td&gt;
		&lt;td class="tabelatd1"&gt;0F&lt;/td&gt;
		&lt;td class="tabelatd1"&gt;Patrimonial&lt;/td&gt;
&lt;th class="tabelatd1" border="1"&gt;&lt;a class="noPrint" href="?class=BaixarParcela&amp;id=67"&gt;[Baixar&amp;nbsp;parcela] &lt;/a&gt;&lt;a class="noPrint" href="?class=ImprimirParcela&amp;id=67"&gt;[Imprimir&amp;nbsp;parcela] &lt;/a&gt;&lt;/th&gt;
	&lt;/tr&gt;
	&lt;tr&gt;
		&lt;td class="tabelatd2"&gt;82&lt;/td&gt;
		&lt;td class="tabelatd2"&gt;Tipo Cobranca&lt;/td&gt;
		&lt;td class="tabelatd2"&gt;10/10/2018&lt;/td&gt;
		&lt;td class="tabelatd2"&gt;110.00&lt;/td&gt;
		&lt;td class="tabelatd2"&gt;0.00&lt;/td&gt;
		&lt;td class="tabelatd2"&gt;Em aberto&lt;/td&gt;
		&lt;td class="tabelatd2"&gt;4-Beltrano da Silva (333.333.333-33)&lt;/td&gt;
		&lt;td class="tabelatd2"&gt;0F&lt;/td&gt;
		&lt;td class="tabelatd2"&gt;Patrimonial&lt;/td&gt;
&lt;th class="tabelatd2" border="1"&gt;&lt;a class="noPrint" href="?class=BaixarParcela&amp;id=82"&gt;[Baixar&amp;nbsp;parcela] &lt;/a&gt;&lt;a class="noPrint" href="?class=ImprimirParcela&amp;id=82"&gt;[Imprimir&amp;nbsp;parcela] &lt;/a&gt;&lt;/th&gt;
	&lt;/tr&gt;
	&lt;tr&gt;
		&lt;td class="tabelatd1"&gt;98&lt;/td&gt;
		&lt;td class="tabelatd1"&gt;Tipo Cobranca&lt;/td&gt;
		&lt;td class="tabelatd1"&gt;10/10/2018&lt;/td&gt;
		&lt;td class="tabelatd1"&gt;110.00&lt;/td&gt;
		&lt;td class="tabelatd1"&gt;0.00&lt;/td&gt;
		&lt;td class="tabelatd1"&gt;Em aberto&lt;/td&gt;
		&lt;td class="tabelatd1"&gt;4-Beltrano da Silva (333.333.333-33)&lt;/td&gt;
		&lt;td class="tabelatd1"&gt;0F&lt;/td&gt;
		&lt;td class="tabelatd1"&gt;Patrimonial&lt;/td&gt;
&lt;th class="tabelatd1" border="1"&gt;&lt;a class="noPrint" href="?class=BaixarParcela&amp;id=98"&gt;[Baixar&amp;nbsp;parcela] &lt;/a&gt;&lt;a class="noPrint" href="?class=ImprimirParcela&amp;id=98"&gt;[Imprimir&amp;nbsp;parcela] &lt;/a&gt;&lt;/th&gt;
	&lt;/tr&gt;
	&lt;tr&gt;
		&lt;td class="tabelatd2"&gt;125&lt;/td&gt;
		&lt;td class="tabelatd2"&gt;Tipo Cobranca&lt;/td&gt;
		&lt;td class="tabelatd2"&gt;10/10/2018&lt;/td&gt;
		&lt;td class="tabelatd2"&gt;110.00&lt;/td&gt;
		&lt;td class="tabelatd2"&gt;0.00&lt;/td&gt;
		&lt;td class="tabelatd2"&gt;Em aberto&lt;/td&gt;
		&lt;td class="tabelatd2"&gt;4-Beltrano da Silva (333.333.333-33)&lt;/td&gt;
		&lt;td class="tabelatd2"&gt;0F&lt;/td&gt;
		&lt;td class="tabelatd2"&gt;Patrimonial&lt;/td&gt;
&lt;th class="tabelatd2" border="1"&gt;&lt;a class="noPrint" href="?class=BaixarParcela&amp;id=125"&gt;[Baixar&amp;nbsp;parcela] &lt;/a&gt;&lt;a class="noPrint" href="?class=ImprimirParcela&amp;id=125"&gt;[Imprimir&amp;nbsp;parcela] &lt;/a&gt;&lt;/th&gt;
	&lt;/tr&gt;
	&lt;tr&gt;
		&lt;td class="tabelatd1"&gt;149&lt;/td&gt;
		&lt;td class="tabelatd1"&gt;Tipo Cobranca&lt;/td&gt;
		&lt;td class="tabelatd1"&gt;10/10/2018&lt;/td&gt;
		&lt;td class="tabelatd1"&gt;110.00&lt;/td&gt;
		&lt;td class="tabelatd1"&gt;0.00&lt;/td&gt;
		&lt;td class="tabelatd1"&gt;Em aberto&lt;/td&gt;
		&lt;td class="tabelatd1"&gt;4-Beltrano da Silva (333.333.333-33)&lt;/td&gt;
		&lt;td class="tabelatd1"&gt;0F&lt;/td&gt;
		&lt;td class="tabelatd1"&gt;Patrimonial&lt;/td&gt;
&lt;th class="tabelatd1" border="1"&gt;&lt;a class="noPrint" href="?class=BaixarParcela&amp;id=149"&gt;[Baixar&amp;nbsp;parcela] &lt;/a&gt;&lt;a class="noPrint" href="?class=ImprimirParcela&amp;id=149"&gt;[Imprimir&amp;nbsp;parcela] &lt;/a&gt;&lt;/th&gt;
	&lt;/tr&gt;
	&lt;tr&gt;
		&lt;td class="tabelatd2"&gt;169&lt;/td&gt;
		&lt;td class="tabelatd2"&gt;Tipo Cobranca&lt;/td&gt;
		&lt;td class="tabelatd2"&gt;10/10/2018&lt;/td&gt;
		&lt;td class="tabelatd2"&gt;110.00&lt;/td&gt;
		&lt;td class="tabelatd2"&gt;0.00&lt;/td&gt;
		&lt;td class="tabelatd2"&gt;Em aberto&lt;/td&gt;
		&lt;td class="tabelatd2"&gt;4-Beltrano da Silva (333.333.333-33)&lt;/td&gt;
		&lt;td class="tabelatd2"&gt;0F&lt;/td&gt;
		&lt;td class="tabelatd2"&gt;Patrimonial&lt;/td&gt;
&lt;th class="tabelatd2" border="1"&gt;&lt;a class="noPrint" href="?class=BaixarParcela&amp;id=169"&gt;[Baixar&amp;nbsp;parcela] &lt;/a&gt;&lt;a class="noPrint" href="?class=ImprimirParcela&amp;id=169"&gt;[Imprimir&amp;nbsp;parcela] &lt;/a&gt;&lt;/th&gt;
	&lt;/tr&gt;
	&lt;tr&gt;
		&lt;td class="tabelatd1"&gt;189&lt;/td&gt;
		&lt;td class="tabelatd1"&gt;Tipo Cobranca&lt;/td&gt;
		&lt;td class="tabelatd1"&gt;10/10/2018&lt;/td&gt;
		&lt;td class="tabelatd1"&gt;110.00&lt;/td&gt;
		&lt;td class="tabelatd1"&gt;0.00&lt;/td&gt;
		&lt;td class="tabelatd1"&gt;Em aberto&lt;/td&gt;
		&lt;td class="tabelatd1"&gt;4-Beltrano da Silva (333.333.333-33)&lt;/td&gt;
		&lt;td class="tabelatd1"&gt;0F&lt;/td&gt;
		&lt;td class="tabelatd1"&gt;Patrimonial&lt;/td&gt;
&lt;th class="tabelatd1" border="1"&gt;&lt;a class="noPrint" href="?class=BaixarParcela&amp;id=189"&gt;[Baixar&amp;nbsp;parcela] &lt;/a&gt;&lt;a class="noPrint" href="?class=ImprimirParcela&amp;id=189"&gt;[Imprimir&amp;nbsp;parcela] &lt;/a&gt;&lt;/th&gt;
	&lt;/tr&gt;
	&lt;tr&gt;
		&lt;td class="tabelatd2"&gt;209&lt;/td&gt;
		&lt;td class="tabelatd2"&gt;Tipo Cobranca&lt;/td&gt;
		&lt;td class="tabelatd2"&gt;10/10/2018&lt;/td&gt;
		&lt;td class="tabelatd2"&gt;110.00&lt;/td&gt;
		&lt;td class="tabelatd2"&gt;0.00&lt;/td&gt;
		&lt;td class="tabelatd2"&gt;Em aberto&lt;/td&gt;
		&lt;td class="tabelatd2"&gt;4-Beltrano da Silva (333.333.333-33)&lt;/td&gt;
		&lt;td class="tabelatd2"&gt;0F&lt;/td&gt;
		&lt;td class="tabelatd2"&gt;Patrimonial&lt;/td&gt;
&lt;th class="tabelatd2" border="1"&gt;&lt;a class="noPrint" href="?class=BaixarParcela&amp;id=209"&gt;[Baixar&amp;nbsp;parcela] &lt;/a&gt;&lt;a class="noPrint" href="?class=ImprimirParcela&amp;id=209"&gt;[Imprimir&amp;nbsp;parcela] &lt;/a&gt;&lt;/th&gt;
	&lt;/tr&gt;
	&lt;tr&gt;
		&lt;td class="tabelatd1"&gt;232&lt;/td&gt;
		&lt;td class="tabelatd1"&gt;Tipo Cobranca&lt;/td&gt;
		&lt;td class="tabelatd1"&gt;10/10/2018&lt;/td&gt;
		&lt;td class="tabelatd1"&gt;110.00&lt;/td&gt;
		&lt;td class="tabelatd1"&gt;0.00&lt;/td&gt;
		&lt;td class="tabelatd1"&gt;Em aberto&lt;/td&gt;
		&lt;td class="tabelatd1"&gt;4-Beltrano da Silva (333.333.333-33)&lt;/td&gt;
		&lt;td class="tabelatd1"&gt;0F&lt;/td&gt;
		&lt;td class="tabelatd1"&gt;Patrimonial&lt;/td&gt;
&lt;th class="tabelatd1" border="1"&gt;&lt;a class="noPrint" href="?class=BaixarParcela&amp;id=232"&gt;[Baixar&amp;nbsp;parcela] &lt;/a&gt;&lt;a class="noPrint" href="?class=ImprimirParcela&amp;id=232"&gt;[Imprimir&amp;nbsp;parcela] &lt;/a&gt;&lt;/th&gt;
	&lt;/tr&gt;
	&lt;tr&gt;
		&lt;td class="tabelatd2"&gt;255&lt;/td&gt;
		&lt;td class="tabelatd2"&gt;Tipo Cobranca&lt;/td&gt;
		&lt;td class="tabelatd2"&gt;10/10/2018&lt;/td&gt;
		&lt;td class="tabelatd2"&gt;110.00&lt;/td&gt;
		&lt;td class="tabelatd2"&gt;0.00&lt;/td&gt;
		&lt;td class="tabelatd2"&gt;Em aberto&lt;/td&gt;
		&lt;td class="tabelatd2"&gt;4-Beltrano da Silva (333.333.333-33)&lt;/td&gt;
		&lt;td class="tabelatd2"&gt;0F&lt;/td&gt;
		&lt;td class="tabelatd2"&gt;Patrimonial&lt;/td&gt;
&lt;th class="tabelatd2" border="1"&gt;&lt;a class="noPrint" href="?class=BaixarParcela&amp;id=255"&gt;[Baixar&amp;nbsp;parcela] &lt;/a&gt;&lt;a class="noPrint" href="?class=ImprimirParcela&amp;id=255"&gt;[Imprimir&amp;nbsp;parcela] &lt;/a&gt;&lt;/th&gt;
	&lt;/tr&gt;
	&lt;tr&gt;
		&lt;td class="tabelatd1"&gt;280&lt;/td&gt;
		&lt;td class="tabelatd1"&gt;Tipo Cobranca&lt;/td&gt;
		&lt;td class="tabelatd1"&gt;10/10/2018&lt;/td&gt;
		&lt;td class="tabelatd1"&gt;110.00&lt;/td&gt;
		&lt;td class="tabelatd1"&gt;0.00&lt;/td&gt;
		&lt;td class="tabelatd1"&gt;Em aberto&lt;/td&gt;
		&lt;td class="tabelatd1"&gt;4-Beltrano da Silva (333.333.333-33)&lt;/td&gt;
		&lt;td class="tabelatd1"&gt;0F&lt;/td&gt;
		&lt;td class="tabelatd1"&gt;Patrimonial&lt;/td&gt;
&lt;th class="tabelatd1" border="1"&gt;&lt;a class="noPrint" href="?class=BaixarParcela&amp;id=280"&gt;[Baixar&amp;nbsp;parcela] &lt;/a&gt;&lt;a class="noPrint" href="?class=ImprimirParcela&amp;id=280"&gt;[Imprimir&amp;nbsp;parcela] &lt;/a&gt;&lt;/th&gt;
	&lt;/tr&gt;
	&lt;tr&gt;
		&lt;td class="tabelatd2"&gt;307&lt;/td&gt;
		&lt;td class="tabelatd2"&gt;Tipo Cobranca&lt;/td&gt;
		&lt;td class="tabelatd2"&gt;10/10/2018&lt;/td&gt;
		&lt;td class="tabelatd2"&gt;110.00&lt;/td&gt;
		&lt;td class="tabelatd2"&gt;0.00&lt;/td&gt;
		&lt;td class="tabelatd2"&gt;Em aberto&lt;/td&gt;
		&lt;td class="tabelatd2"&gt;4-Beltrano da Silva (333.333.333-33)&lt;/td&gt;
		&lt;td class="tabelatd2"&gt;0F&lt;/td&gt;
		&lt;td class="tabelatd2"&gt;Patrimonial&lt;/td&gt;
&lt;th class="tabelatd2" border="1"&gt;&lt;a class="noPrint" href="?class=BaixarParcela&amp;id=307"&gt;[Baixar&amp;nbsp;parcela] &lt;/a&gt;&lt;a class="noPrint" href="?class=ImprimirParcela&amp;id=307"&gt;[Imprimir&amp;nbsp;parcela] &lt;/a&gt;&lt;/th&gt;
	&lt;/tr&gt;
	&lt;tr&gt;
		&lt;td class="tabelatd1"&gt;336&lt;/td&gt;
		&lt;td class="tabelatd1"&gt;Tipo Cobranca&lt;/td&gt;
		&lt;td class="tabelatd1"&gt;10/10/2018&lt;/td&gt;
		&lt;td class="tabelatd1"&gt;110.00&lt;/td&gt;
		&lt;td class="tabelatd1"&gt;0.00&lt;/td&gt;
		&lt;td class="tabelatd1"&gt;Em aberto&lt;/td&gt;
		&lt;td class="tabelatd1"&gt;4-Beltrano da Silva (333.333.333-33)&lt;/td&gt;
		&lt;td class="tabelatd1"&gt;0F&lt;/td&gt;
		&lt;td class="tabelatd1"&gt;Patrimonial&lt;/td&gt;
&lt;th class="tabelatd1" border="1"&gt;&lt;a class="noPrint" href="?class=BaixarParcela&amp;id=336"&gt;[Baixar&amp;nbsp;parcela] &lt;/a&gt;&lt;a class="noPrint" href="?class=ImprimirParcela&amp;id=336"&gt;[Imprimir&amp;nbsp;parcela] &lt;/a&gt;&lt;/th&gt;
	&lt;/tr&gt;
	&lt;tr&gt;
		&lt;td class="tabelatd2"&gt;367&lt;/td&gt;
		&lt;td class="tabelatd2"&gt;Tipo Cobranca&lt;/td&gt;
		&lt;td class="tabelatd2"&gt;10/10/2018&lt;/td&gt;
		&lt;td class="tabelatd2"&gt;110.00&lt;/td&gt;
		&lt;td class="tabelatd2"&gt;0.00&lt;/td&gt;
		&lt;td class="tabelatd2"&gt;Em aberto&lt;/td&gt;
		&lt;td class="tabelatd2"&gt;4-Beltrano da Silva (333.333.333-33)&lt;/td&gt;
		&lt;td class="tabelatd2"&gt;0F&lt;/td&gt;
		&lt;td class="tabelatd2"&gt;Patrimonial&lt;/td&gt;
&lt;th class="tabelatd2" border="1"&gt;&lt;a class="noPrint" href="?class=BaixarParcela&amp;id=367"&gt;[Baixar&amp;nbsp;parcela] &lt;/a&gt;&lt;a class="noPrint" href="?class=ImprimirParcela&amp;id=367"&gt;[Imprimir&amp;nbsp;parcela] &lt;/a&gt;&lt;/th&gt;
	&lt;/tr&gt;
	&lt;tr&gt;
		&lt;td class="tabelatd1"&gt;400&lt;/td&gt;
		&lt;td class="tabelatd1"&gt;Tipo Cobranca&lt;/td&gt;
		&lt;td class="tabelatd1"&gt;10/10/2018&lt;/td&gt;
		&lt;td class="tabelatd1"&gt;110.00&lt;/td&gt;
		&lt;td class="tabelatd1"&gt;0.00&lt;/td&gt;
		&lt;td class="tabelatd1"&gt;Em aberto&lt;/td&gt;
		&lt;td class="tabelatd1"&gt;4-Beltrano da Silva (333.333.333-33)&lt;/td&gt;
		&lt;td class="tabelatd1"&gt;0F&lt;/td&gt;
		&lt;td class="tabelatd1"&gt;Patrimonial&lt;/td&gt;
&lt;th class="tabelatd1" border="1"&gt;&lt;a class="noPrint" href="?class=BaixarParcela&amp;id=400"&gt;[Baixar&amp;nbsp;parcela] &lt;/a&gt;&lt;a class="noPrint" href="?class=ImprimirParcela&amp;id=400"&gt;[Imprimir&amp;nbsp;parcela] &lt;/a&gt;&lt;/th&gt;
	&lt;/tr&gt;
	&lt;tr&gt;
		&lt;td class="tabelatd2"&gt;435&lt;/td&gt;
		&lt;td class="tabelatd2"&gt;Tipo Cobranca&lt;/td&gt;
		&lt;td class="tabelatd2"&gt;10/10/2018&lt;/td&gt;
		&lt;td class="tabelatd2"&gt;110.00&lt;/td&gt;
		&lt;td class="tabelatd2"&gt;0.00&lt;/td&gt;
		&lt;td class="tabelatd2"&gt;Em aberto&lt;/td&gt;
		&lt;td class="tabelatd2"&gt;4-Beltrano da Silva (333.333.333-33)&lt;/td&gt;
		&lt;td class="tabelatd2"&gt;0F&lt;/td&gt;
		&lt;td class="tabelatd2"&gt;Patrimonial&lt;/td&gt;
&lt;th class="tabelatd2" border="1"&gt;&lt;a class="noPrint" href="?class=BaixarParcela&amp;id=435"&gt;[Baixar&amp;nbsp;parcela] &lt;/a&gt;&lt;a class="noPrint" href="?class=ImprimirParcela&amp;id=435"&gt;[Imprimir&amp;nbsp;parcela] &lt;/a&gt;&lt;/th&gt;
	&lt;/tr&gt;
	&lt;tr&gt;
		&lt;td class="tabelatd1"&gt;31&lt;/td&gt;
		&lt;td class="tabelatd1"&gt;Tipo Cobranca&lt;/td&gt;
		&lt;td class="tabelatd1"&gt;11/10/2018&lt;/td&gt;
		&lt;td class="tabelatd1"&gt;110.00&lt;/td&gt;
		&lt;td class="tabelatd1"&gt;0.00&lt;/td&gt;
		&lt;td class="tabelatd1"&gt;Em aberto&lt;/td&gt;
		&lt;td class="tabelatd1"&gt;4-Beltrano da Silva (333.333.333-33)&lt;/td&gt;
		&lt;td class="tabelatd1"&gt;0F&lt;/td&gt;
		&lt;td class="tabelatd1"&gt;Patrimonial&lt;/td&gt;
&lt;th class="tabelatd1" border="1"&gt;&lt;a class="noPrint" href="?class=BaixarParcela&amp;id=31"&gt;[Baixar&amp;nbsp;parcela] &lt;/a&gt;&lt;a class="noPrint" href="?class=ImprimirParcela&amp;id=31"&gt;[Imprimir&amp;nbsp;parcela] &lt;/a&gt;&lt;/th&gt;
	&lt;/tr&gt;
	&lt;tr&gt;
		&lt;td class="tabelatd2"&gt;38&lt;/td&gt;
		&lt;td class="tabelatd2"&gt;Tipo Cobranca&lt;/td&gt;
		&lt;td class="tabelatd2"&gt;11/10/2018&lt;/td&gt;
		&lt;td class="tabelatd2"&gt;110.00&lt;/td&gt;
		&lt;td class="tabelatd2"&gt;0.00&lt;/td&gt;
		&lt;td class="tabelatd2"&gt;Em aberto&lt;/td&gt;
		&lt;td class="tabelatd2"&gt;4-Beltrano da Silva (333.333.333-33)&lt;/td&gt;
		&lt;td class="tabelatd2"&gt;0F&lt;/td&gt;
		&lt;td class="tabelatd2"&gt;Patrimonial&lt;/td&gt;
&lt;th class="tabelatd2" border="1"&gt;&lt;a class="noPrint" href="?class=BaixarParcela&amp;id=38"&gt;[Baixar&amp;nbsp;parcela] &lt;/a&gt;&lt;a class="noPrint" href="?class=ImprimirParcela&amp;id=38"&gt;[Imprimir&amp;nbsp;parcela] &lt;/a&gt;&lt;/th&gt;
	&lt;/tr&gt;
	&lt;tr&gt;
		&lt;td class="tabelatd1"&gt;47&lt;/td&gt;
		&lt;td class="tabelatd1"&gt;Tipo Cobranca&lt;/td&gt;
		&lt;td class="tabelatd1"&gt;11/10/2018&lt;/td&gt;
		&lt;td class="tabelatd1"&gt;110.00&lt;/td&gt;
		&lt;td class="tabelatd1"&gt;0.00&lt;/td&gt;
		&lt;td class="tabelatd1"&gt;Em aberto&lt;/td&gt;
		&lt;td class="tabelatd1"&gt;4-Beltrano da Silva (333.333.333-33)&lt;/td&gt;
		&lt;td class="tabelatd1"&gt;0F&lt;/td&gt;
		&lt;td class="tabelatd1"&gt;Patrimonial&lt;/td&gt;
&lt;th class="tabelatd1" border="1"&gt;&lt;a class="noPrint" href="?class=BaixarParcela&amp;id=47"&gt;[Baixar&amp;nbsp;parcela] &lt;/a&gt;&lt;a class="noPrint" href="?class=ImprimirParcela&amp;id=47"&gt;[Imprimir&amp;nbsp;parcela] &lt;/a&gt;&lt;/th&gt;
	&lt;/tr&gt;
	&lt;tr&gt;
		&lt;td class="tabelatd2"&gt;59&lt;/td&gt;
		&lt;td class="tabelatd2"&gt;Tipo Cobranca&lt;/td&gt;
		&lt;td class="tabelatd2"&gt;11/10/2018&lt;/td&gt;
		&lt;td class="tabelatd2"&gt;110.00&lt;/td&gt;
		&lt;td class="tabelatd2"&gt;0.00&lt;/td&gt;
		&lt;td class="tabelatd2"&gt;Em aberto&lt;/td&gt;
		&lt;td class="tabelatd2"&gt;4-Beltrano da Silva (333.333.333-33)&lt;/td&gt;
		&lt;td class="tabelatd2"&gt;0F&lt;/td&gt;
		&lt;td class="tabelatd2"&gt;Patrimonial&lt;/td&gt;
&lt;th class="tabelatd2" border="1"&gt;&lt;a class="noPrint" href="?class=BaixarParcela&amp;id=59"&gt;[Baixar&amp;nbsp;parcela] &lt;/a&gt;&lt;a class="noPrint" href="?class=ImprimirParcela&amp;id=59"&gt;[Imprimir&amp;nbsp;parcela] &lt;/a&gt;&lt;/th&gt;
	&lt;/tr&gt;
	&lt;tr&gt;
		&lt;td class="tabelatd1"&gt;73&lt;/td&gt;
		&lt;td class="tabelatd1"&gt;Tipo Cobranca&lt;/td&gt;
		&lt;td class="tabelatd1"&gt;11/10/2018&lt;/td&gt;
		&lt;td class="tabelatd1"&gt;110.00&lt;/td&gt;
		&lt;td class="tabelatd1"&gt;0.00&lt;/td&gt;
		&lt;td class="tabelatd1"&gt;Em aberto&lt;/td&gt;
		&lt;td class="tabelatd1"&gt;4-Beltrano da Silva (333.333.333-33)&lt;/td&gt;
		&lt;td class="tabelatd1"&gt;0F&lt;/td&gt;
		&lt;td class="tabelatd1"&gt;Patrimonial&lt;/td&gt;
&lt;th class="tabelatd1" border="1"&gt;&lt;a class="noPrint" href="?class=BaixarParcela&amp;id=73"&gt;[Baixar&amp;nbsp;parcela] &lt;/a&gt;&lt;a class="noPrint" href="?class=ImprimirParcela&amp;id=73"&gt;[Imprimir&amp;nbsp;parcela] &lt;/a&gt;&lt;/th&gt;
	&lt;/tr&gt;
	&lt;tr&gt;
		&lt;td class="tabelatd2"&gt;89&lt;/td&gt;
		&lt;td class="tabelatd2"&gt;Tipo Cobranca&lt;/td&gt;
		&lt;td class="tabelatd2"&gt;11/10/2018&lt;/td&gt;
		&lt;td class="tabelatd2"&gt;110.00&lt;/td&gt;
		&lt;td class="tabelatd2"&gt;0.00&lt;/td&gt;
		&lt;td class="tabelatd2"&gt;Em aberto&lt;/td&gt;
		&lt;td class="tabelatd2"&gt;4-Beltrano da Silva (333.333.333-33)&lt;/td&gt;
		&lt;td class="tabelatd2"&gt;0F&lt;/td&gt;
		&lt;td class="tabelatd2"&gt;Patrimonial&lt;/td&gt;
&lt;th class="tabelatd2" border="1"&gt;&lt;a class="noPrint" href="?class=BaixarParcela&amp;id=89"&gt;[Baixar&amp;nbsp;parcela] &lt;/a&gt;&lt;a class="noPrint" href="?class=ImprimirParcela&amp;id=89"&gt;[Imprimir&amp;nbsp;parcela] &lt;/a&gt;&lt;/th&gt;
	&lt;/tr&gt;
	&lt;tr&gt;
		&lt;td class="tabelatd1"&gt;105&lt;/td&gt;
		&lt;td class="tabelatd1"&gt;Tipo Cobranca&lt;/td&gt;
		&lt;td class="tabelatd1"&gt;11/10/2018&lt;/td&gt;
		&lt;td class="tabelatd1"&gt;110.00&lt;/td&gt;
		&lt;td class="tabelatd1"&gt;0.00&lt;/td&gt;
		&lt;td class="tabelatd1"&gt;Em aberto&lt;/td&gt;
		&lt;td class="tabelatd1"&gt;4-Beltrano da Silva (333.333.333-33)&lt;/td&gt;
		&lt;td class="tabelatd1"&gt;0F&lt;/td&gt;
		&lt;td class="tabelatd1"&gt;Patrimonial&lt;/td&gt;
&lt;th class="tabelatd1" border="1"&gt;&lt;a class="noPrint" href="?class=BaixarParcela&amp;id=105"&gt;[Baixar&amp;nbsp;parcela] &lt;/a&gt;&lt;a class="noPrint" href="?class=ImprimirParcela&amp;id=105"&gt;[Imprimir&amp;nbsp;parcela] &lt;/a&gt;&lt;/th&gt;
	&lt;/tr&gt;
	&lt;tr&gt;
		&lt;td class="tabelatd2"&gt;133&lt;/td&gt;
		&lt;td class="tabelatd2"&gt;Tipo Cobranca&lt;/td&gt;
		&lt;td class="tabelatd2"&gt;11/10/2018&lt;/td&gt;
		&lt;td class="tabelatd2"&gt;110.00&lt;/td&gt;
		&lt;td class="tabelatd2"&gt;0.00&lt;/td&gt;
		&lt;td class="tabelatd2"&gt;Em aberto&lt;/td&gt;
		&lt;td class="tabelatd2"&gt;4-Beltrano da Silva (333.333.333-33)&lt;/td&gt;
		&lt;td class="tabelatd2"&gt;0F&lt;/td&gt;
		&lt;td class="tabelatd2"&gt;Patrimonial&lt;/td&gt;
&lt;th class="tabelatd2" border="1"&gt;&lt;a class="noPrint" href="?class=BaixarParcela&amp;id=133"&gt;[Baixar&amp;nbsp;parcela] &lt;/a&gt;&lt;a class="noPrint" href="?class=ImprimirParcela&amp;id=133"&gt;[Imprimir&amp;nbsp;parcela] &lt;/a&gt;&lt;/th&gt;
	&lt;/tr&gt;
	&lt;tr&gt;
		&lt;td class="tabelatd1"&gt;158&lt;/td&gt;
		&lt;td class="tabelatd1"&gt;Tipo Cobranca&lt;/td&gt;
		&lt;td class="tabelatd1"&gt;11/10/2018&lt;/td&gt;
		&lt;td class="tabelatd1"&gt;110.00&lt;/td&gt;
		&lt;td class="tabelatd1"&gt;0.00&lt;/td&gt;
		&lt;td class="tabelatd1"&gt;Em aberto&lt;/td&gt;
		&lt;td class="tabelatd1"&gt;4-Beltrano da Silva (333.333.333-33)&lt;/td&gt;
		&lt;td class="tabelatd1"&gt;0F&lt;/td&gt;
		&lt;td class="tabelatd1"&gt;Patrimonial&lt;/td&gt;
&lt;th class="tabelatd1" border="1"&gt;&lt;a class="noPrint" href="?class=BaixarParcela&amp;id=158"&gt;[Baixar&amp;nbsp;parcela] &lt;/a&gt;&lt;a class="noPrint" href="?class=ImprimirParcela&amp;id=158"&gt;[Imprimir&amp;nbsp;parcela] &lt;/a&gt;&lt;/th&gt;
	&lt;/tr&gt;
	&lt;tr&gt;
		&lt;td class="tabelatd2"&gt;178&lt;/td&gt;
		&lt;td class="tabelatd2"&gt;Tipo Cobranca&lt;/td&gt;
		&lt;td class="tabelatd2"&gt;11/10/2018&lt;/td&gt;
		&lt;td class="tabelatd2"&gt;110.00&lt;/td&gt;
		&lt;td class="tabelatd2"&gt;0.00&lt;/td&gt;
		&lt;td class="tabelatd2"&gt;Em aberto&lt;/td&gt;
		&lt;td class="tabelatd2"&gt;4-Beltrano da Silva (333.333.333-33)&lt;/td&gt;
		&lt;td class="tabelatd2"&gt;0F&lt;/td&gt;
		&lt;td class="tabelatd2"&gt;Patrimonial&lt;/td&gt;
&lt;th class="tabelatd2" border="1"&gt;&lt;a class="noPrint" href="?class=BaixarParcela&amp;id=178"&gt;[Baixar&amp;nbsp;parcela] &lt;/a&gt;&lt;a class="noPrint" href="?class=ImprimirParcela&amp;id=178"&gt;[Imprimir&amp;nbsp;parcela] &lt;/a&gt;&lt;/th&gt;
	&lt;/tr&gt;
	&lt;tr&gt;
		&lt;td class="tabelatd1"&gt;198&lt;/td&gt;
		&lt;td class="tabelatd1"&gt;Tipo Cobranca&lt;/td&gt;
		&lt;td class="tabelatd1"&gt;11/10/2018&lt;/td&gt;
		&lt;td class="tabelatd1"&gt;110.00&lt;/td&gt;
		&lt;td class="tabelatd1"&gt;0.00&lt;/td&gt;
		&lt;td class="tabelatd1"&gt;Em aberto&lt;/td&gt;
		&lt;td class="tabelatd1"&gt;4-Beltrano da Silva (333.333.333-33)&lt;/td&gt;
		&lt;td class="tabelatd1"&gt;0F&lt;/td&gt;
		&lt;td class="tabelatd1"&gt;Patrimonial&lt;/td&gt;
&lt;th class="tabelatd1" border="1"&gt;&lt;a class="noPrint" href="?class=BaixarParcela&amp;id=198"&gt;[Baixar&amp;nbsp;parcela] &lt;/a&gt;&lt;a class="noPrint" href="?class=ImprimirParcela&amp;id=198"&gt;[Imprimir&amp;nbsp;parcela] &lt;/a&gt;&lt;/th&gt;
	&lt;/tr&gt;
	&lt;tr&gt;
		&lt;td class="tabelatd2"&gt;218&lt;/td&gt;
		&lt;td class="tabelatd2"&gt;Tipo Cobranca&lt;/td&gt;
		&lt;td class="tabelatd2"&gt;11/10/2018&lt;/td&gt;
		&lt;td class="tabelatd2"&gt;110.00&lt;/td&gt;
		&lt;td class="tabelatd2"&gt;0.00&lt;/td&gt;
		&lt;td class="tabelatd2"&gt;Em aberto&lt;/td&gt;
		&lt;td class="tabelatd2"&gt;4-Beltrano da Silva (333.333.333-33)&lt;/td&gt;
		&lt;td class="tabelatd2"&gt;0F&lt;/td&gt;
		&lt;td class="tabelatd2"&gt;Patrimonial&lt;/td&gt;
&lt;th class="tabelatd2" border="1"&gt;&lt;a class="noPrint" href="?class=BaixarParcela&amp;id=218"&gt;[Baixar&amp;nbsp;parcela] &lt;/a&gt;&lt;a class="noPrint" href="?class=ImprimirParcela&amp;id=218"&gt;[Imprimir&amp;nbsp;parcela] &lt;/a&gt;&lt;/th&gt;
	&lt;/tr&gt;
	&lt;tr&gt;
		&lt;td class="tabelatd1"&gt;242&lt;/td&gt;
		&lt;td class="tabelatd1"&gt;Tipo Cobranca&lt;/td&gt;
		&lt;td class="tabelatd1"&gt;11/10/2018&lt;/td&gt;
		&lt;td class="tabelatd1"&gt;110.00&lt;/td&gt;
		&lt;td class="tabelatd1"&gt;0.00&lt;/td&gt;
		&lt;td class="tabelatd1"&gt;Em aberto&lt;/td&gt;
		&lt;td class="tabelatd1"&gt;4-Beltrano da Silva (333.333.333-33)&lt;/td&gt;
		&lt;td class="tabelatd1"&gt;0F&lt;/td&gt;
		&lt;td class="tabelatd1"&gt;Patrimonial&lt;/td&gt;
&lt;th class="tabelatd1" border="1"&gt;&lt;a class="noPrint" href="?class=BaixarParcela&amp;id=242"&gt;[Baixar&amp;nbsp;parcela] &lt;/a&gt;&lt;a class="noPrint" href="?class=ImprimirParcela&amp;id=242"&gt;[Imprimir&amp;nbsp;parcela] &lt;/a&gt;&lt;/th&gt;
	&lt;/tr&gt;
	&lt;tr&gt;
		&lt;td class="tabelatd2"&gt;266&lt;/td&gt;
		&lt;td class="tabelatd2"&gt;Tipo Cobranca&lt;/td&gt;
		&lt;td class="tabelatd2"&gt;11/10/2018&lt;/td&gt;
		&lt;td class="tabelatd2"&gt;110.00&lt;/td&gt;
		&lt;td class="tabelatd2"&gt;0.00&lt;/td&gt;
		&lt;td class="tabelatd2"&gt;Em aberto&lt;/td&gt;
		&lt;td class="tabelatd2"&gt;4-Beltrano da Silva (333.333.333-33)&lt;/td&gt;
		&lt;td class="tabelatd2"&gt;0F&lt;/td&gt;
		&lt;td class="tabelatd2"&gt;Patrimonial&lt;/td&gt;
&lt;th class="tabelatd2" border="1"&gt;&lt;a class="noPrint" href="?class=BaixarParcela&amp;id=266"&gt;[Baixar&amp;nbsp;parcela] &lt;/a&gt;&lt;a class="noPrint" href="?class=ImprimirParcela&amp;id=266"&gt;[Imprimir&amp;nbsp;parcela] &lt;/a&gt;&lt;/th&gt;
	&lt;/tr&gt;
	&lt;tr&gt;
		&lt;td class="tabelatd1"&gt;292&lt;/td&gt;
		&lt;td class="tabelatd1"&gt;Tipo Cobranca&lt;/td&gt;
		&lt;td class="tabelatd1"&gt;11/10/2018&lt;/td&gt;
		&lt;td class="tabelatd1"&gt;110.00&lt;/td&gt;
		&lt;td class="tabelatd1"&gt;0.00&lt;/td&gt;
		&lt;td class="tabelatd1"&gt;Em aberto&lt;/td&gt;
		&lt;td class="tabelatd1"&gt;4-Beltrano da Silva (333.333.333-33)&lt;/td&gt;
		&lt;td class="tabelatd1"&gt;0F&lt;/td&gt;
		&lt;td class="tabelatd1"&gt;Patrimonial&lt;/td&gt;
&lt;th class="tabelatd1" border="1"&gt;&lt;a class="noPrint" href="?class=BaixarParcela&amp;id=292"&gt;[Baixar&amp;nbsp;parcela] &lt;/a&gt;&lt;a class="noPrint" href="?class=ImprimirParcela&amp;id=292"&gt;[Imprimir&amp;nbsp;parcela] &lt;/a&gt;&lt;/th&gt;
	&lt;/tr&gt;
	&lt;tr&gt;
		&lt;td class="tabelatd2"&gt;320&lt;/td&gt;
		&lt;td class="tabelatd2"&gt;Tipo Cobranca&lt;/td&gt;
		&lt;td class="tabelatd2"&gt;11/10/2018&lt;/td&gt;
		&lt;td class="tabelatd2"&gt;110.00&lt;/td&gt;
		&lt;td class="tabelatd2"&gt;0.00&lt;/td&gt;
		&lt;td class="tabelatd2"&gt;Em aberto&lt;/td&gt;
		&lt;td class="tabelatd2"&gt;4-Beltrano da Silva (333.333.333-33)&lt;/td&gt;
		&lt;td class="tabelatd2"&gt;0F&lt;/td&gt;
		&lt;td class="tabelatd2"&gt;Patrimonial&lt;/td&gt;
&lt;th class="tabelatd2" border="1"&gt;&lt;a class="noPrint" href="?class=BaixarParcela&amp;id=320"&gt;[Baixar&amp;nbsp;parcela] &lt;/a&gt;&lt;a class="noPrint" href="?class=ImprimirParcela&amp;id=320"&gt;[Imprimir&amp;nbsp;parcela] &lt;/a&gt;&lt;/th&gt;
	&lt;/tr&gt;
	&lt;tr&gt;
		&lt;td class="tabelatd1"&gt;350&lt;/td&gt;
		&lt;td class="tabelatd1"&gt;Tipo Cobranca&lt;/td&gt;
		&lt;td class="tabelatd1"&gt;11/10/2018&lt;/td&gt;
		&lt;td class="tabelatd1"&gt;110.00&lt;/td&gt;
		&lt;td class="tabelatd1"&gt;0.00&lt;/td&gt;
		&lt;td class="tabelatd1"&gt;Em aberto&lt;/td&gt;
		&lt;td class="tabelatd1"&gt;4-Beltrano da Silva (333.333.333-33)&lt;/td&gt;
		&lt;td class="tabelatd1"&gt;0F&lt;/td&gt;
		&lt;td class="tabelatd1"&gt;Patrimonial&lt;/td&gt;
&lt;th class="tabelatd1" border="1"&gt;&lt;a class="noPrint" href="?class=BaixarParcela&amp;id=350"&gt;[Baixar&amp;nbsp;parcela] &lt;/a&gt;&lt;a class="noPrint" href="?class=ImprimirParcela&amp;id=350"&gt;[Imprimir&amp;nbsp;parcela] &lt;/a&gt;&lt;/th&gt;
	&lt;/tr&gt;
	&lt;tr&gt;
		&lt;td class="tabelatd2"&gt;382&lt;/td&gt;
		&lt;td class="tabelatd2"&gt;Tipo Cobranca&lt;/td&gt;
		&lt;td class="tabelatd2"&gt;11/10/2018&lt;/td&gt;
		&lt;td class="tabelatd2"&gt;110.00&lt;/td&gt;
		&lt;td class="tabelatd2"&gt;0.00&lt;/td&gt;
		&lt;td class="tabelatd2"&gt;Em aberto&lt;/td&gt;
		&lt;td class="tabelatd2"&gt;4-Beltrano da Silva (333.333.333-33)&lt;/td&gt;
		&lt;td class="tabelatd2"&gt;0F&lt;/td&gt;
		&lt;td class="tabelatd2"&gt;Patrimonial&lt;/td&gt;
&lt;th class="tabelatd2" border="1"&gt;&lt;a class="noPrint" href="?class=BaixarParcela&amp;id=382"&gt;[Baixar&amp;nbsp;parcela] &lt;/a&gt;&lt;a class="noPrint" href="?class=ImprimirParcela&amp;id=382"&gt;[Imprimir&amp;nbsp;parcela] &lt;/a&gt;&lt;/th&gt;
	&lt;/tr&gt;
	&lt;tr&gt;
		&lt;td class="tabelatd1"&gt;416&lt;/td&gt;
		&lt;td class="tabelatd1"&gt;Tipo Cobranca&lt;/td&gt;
		&lt;td class="tabelatd1"&gt;11/10/2018&lt;/td&gt;
		&lt;td class="tabelatd1"&gt;110.00&lt;/td&gt;
		&lt;td class="tabelatd1"&gt;0.00&lt;/td&gt;
		&lt;td class="tabelatd1"&gt;Em aberto&lt;/td&gt;
		&lt;td class="tabelatd1"&gt;4-Beltrano da Silva (333.333.333-33)&lt;/td&gt;
		&lt;td class="tabelatd1"&gt;0F&lt;/td&gt;
		&lt;td class="tabelatd1"&gt;Patrimonial&lt;/td&gt;
&lt;th class="tabelatd1" border="1"&gt;&lt;a class="noPrint" href="?class=BaixarParcela&amp;id=416"&gt;[Baixar&amp;nbsp;parcela] &lt;/a&gt;&lt;a class="noPrint" href="?class=ImprimirParcela&amp;id=416"&gt;[Imprimir&amp;nbsp;parcela] &lt;/a&gt;&lt;/th&gt;
	&lt;/tr&gt;
	&lt;tr&gt;
		&lt;td class="tabelatd2"&gt;452&lt;/td&gt;
		&lt;td class="tabelatd2"&gt;Tipo Cobranca&lt;/td&gt;
		&lt;td class="tabelatd2"&gt;11/10/2018&lt;/td&gt;
		&lt;td class="tabelatd2"&gt;110.00&lt;/td&gt;
		&lt;td class="tabelatd2"&gt;0.00&lt;/td&gt;
		&lt;td class="tabelatd2"&gt;Em aberto&lt;/td&gt;
		&lt;td class="tabelatd2"&gt;4-Beltrano da Silva (333.333.333-33)&lt;/td&gt;
		&lt;td class="tabelatd2"&gt;0F&lt;/td&gt;
		&lt;td class="tabelatd2"&gt;Patrimonial&lt;/td&gt;
&lt;th class="tabelatd2" border="1"&gt;&lt;a class="noPrint" href="?class=BaixarParcela&amp;id=452"&gt;[Baixar&amp;nbsp;parcela] &lt;/a&gt;&lt;a class="noPrint" href="?class=ImprimirParcela&amp;id=452"&gt;[Imprimir&amp;nbsp;parcela] &lt;/a&gt;&lt;/th&gt;
	&lt;/tr&gt;
	&lt;tr&gt;
		&lt;td class="tabelatd1"&gt;5&lt;/td&gt;
		&lt;td class="tabelatd1"&gt;Tipo Cobranca&lt;/td&gt;
		&lt;td class="tabelatd1"&gt;10/10/2018&lt;/td&gt;
		&lt;td class="tabelatd1"&gt;110.00&lt;/td&gt;
		&lt;td class="tabelatd1"&gt;0.00&lt;/td&gt;
		&lt;td class="tabelatd1"&gt;Em aberto&lt;/td&gt;
		&lt;td class="tabelatd1"&gt;3-Cicrano de Tal (222.222.222-22)&lt;/td&gt;
		&lt;td class="tabelatd1"&gt;23F&lt;/td&gt;
		&lt;td class="tabelatd1"&gt;Patrimonial&lt;/td&gt;
&lt;th class="tabelatd1" border="1"&gt;&lt;a class="noPrint" href="?class=BaixarParcela&amp;id=5"&gt;[Baixar&amp;nbsp;parcela] &lt;/a&gt;&lt;a class="noPrint" href="?class=ImprimirParcela&amp;id=5"&gt;[Imprimir&amp;nbsp;parcela] &lt;/a&gt;&lt;/th&gt;
	&lt;/tr&gt;
	&lt;tr&gt;
		&lt;td class="tabelatd2"&gt;9&lt;/td&gt;
		&lt;td class="tabelatd2"&gt;Tipo Cobranca&lt;/td&gt;
		&lt;td class="tabelatd2"&gt;10/10/2018&lt;/td&gt;
		&lt;td class="tabelatd2"&gt;110.00&lt;/td&gt;
		&lt;td class="tabelatd2"&gt;0.00&lt;/td&gt;
		&lt;td class="tabelatd2"&gt;Em aberto&lt;/td&gt;
		&lt;td class="tabelatd2"&gt;3-Cicrano de Tal (222.222.222-22)&lt;/td&gt;
		&lt;td class="tabelatd2"&gt;23F&lt;/td&gt;
		&lt;td class="tabelatd2"&gt;Patrimonial&lt;/td&gt;
&lt;th class="tabelatd2" border="1"&gt;&lt;a class="noPrint" href="?class=BaixarParcela&amp;id=9"&gt;[Baixar&amp;nbsp;parcela] &lt;/a&gt;&lt;a class="noPrint" href="?class=ImprimirParcela&amp;id=9"&gt;[Imprimir&amp;nbsp;parcela] &lt;/a&gt;&lt;/th&gt;
	&lt;/tr&gt;
	&lt;tr&gt;
		&lt;td class="tabelatd1"&gt;13&lt;/td&gt;
		&lt;td class="tabelatd1"&gt;Tipo Cobranca&lt;/td&gt;
		&lt;td class="tabelatd1"&gt;10/10/2018&lt;/td&gt;
		&lt;td class="tabelatd1"&gt;110.00&lt;/td&gt;
		&lt;td class="tabelatd1"&gt;0.00&lt;/td&gt;
		&lt;td class="tabelatd1"&gt;Em aberto&lt;/td&gt;
		&lt;td class="tabelatd1"&gt;3-Cicrano de Tal (222.222.222-22)&lt;/td&gt;
		&lt;td class="tabelatd1"&gt;23F&lt;/td&gt;
		&lt;td class="tabelatd1"&gt;Patrimonial&lt;/td&gt;
&lt;th class="tabelatd1" border="1"&gt;&lt;a class="noPrint" href="?class=BaixarParcela&amp;id=13"&gt;[Baixar&amp;nbsp;parcela] &lt;/a&gt;&lt;a class="noPrint" href="?class=ImprimirParcela&amp;id=13"&gt;[Imprimir&amp;nbsp;parcela] &lt;/a&gt;&lt;/th&gt;
	&lt;/tr&gt;
	&lt;tr&gt;
		&lt;td class="tabelatd2"&gt;17&lt;/td&gt;
		&lt;td class="tabelatd2"&gt;Tipo Cobranca&lt;/td&gt;
		&lt;td class="tabelatd2"&gt;10/10/2018&lt;/td&gt;
		&lt;td class="tabelatd2"&gt;110.00&lt;/td&gt;
		&lt;td class="tabelatd2"&gt;0.00&lt;/td&gt;
		&lt;td class="tabelatd2"&gt;Em aberto&lt;/td&gt;
		&lt;td class="tabelatd2"&gt;3-Cicrano de Tal (222.222.222-22)&lt;/td&gt;
		&lt;td class="tabelatd2"&gt;23F&lt;/td&gt;
		&lt;td class="tabelatd2"&gt;Patrimonial&lt;/td&gt;
&lt;th class="tabelatd2" border="1"&gt;&lt;a class="noPrint" href="?class=BaixarParcela&amp;id=17"&gt;[Baixar&amp;nbsp;parcela] &lt;/a&gt;&lt;a class="noPrint" href="?class=ImprimirParcela&amp;id=17"&gt;[Imprimir&amp;nbsp;parcela] &lt;/a&gt;&lt;/th&gt;
	&lt;/tr&gt;
	&lt;tr&gt;
		&lt;td class="tabelatd1"&gt;21&lt;/td&gt;
		&lt;td class="tabelatd1"&gt;Tipo Cobranca&lt;/td&gt;
		&lt;td class="tabelatd1"&gt;10/10/2018&lt;/td&gt;
		&lt;td class="tabelatd1"&gt;110.00&lt;/td&gt;
		&lt;td class="tabelatd1"&gt;0.00&lt;/td&gt;
		&lt;td class="tabelatd1"&gt;Em aberto&lt;/td&gt;
		&lt;td class="tabelatd1"&gt;3-Cicrano de Tal (222.222.222-22)&lt;/td&gt;
		&lt;td class="tabelatd1"&gt;23F&lt;/td&gt;
		&lt;td class="tabelatd1"&gt;Patrimonial&lt;/td&gt;
&lt;th class="tabelatd1" border="1"&gt;&lt;a class="noPrint" href="?class=BaixarParcela&amp;id=21"&gt;[Baixar&amp;nbsp;parcela] &lt;/a&gt;&lt;a class="noPrint" href="?class=ImprimirParcela&amp;id=21"&gt;[Imprimir&amp;nbsp;parcela] &lt;/a&gt;&lt;/th&gt;
	&lt;/tr&gt;
	&lt;tr&gt;
		&lt;td class="tabelatd2"&gt;25&lt;/td&gt;
		&lt;td class="tabelatd2"&gt;Tipo Cobranca&lt;/td&gt;
		&lt;td class="tabelatd2"&gt;10/10/2018&lt;/td&gt;
		&lt;td class="tabelatd2"&gt;110.00&lt;/td&gt;
		&lt;td class="tabelatd2"&gt;0.00&lt;/td&gt;
		&lt;td class="tabelatd2"&gt;Em aberto&lt;/td&gt;
		&lt;td class="tabelatd2"&gt;3-Cicrano de Tal (222.222.222-22)&lt;/td&gt;
		&lt;td class="tabelatd2"&gt;23F&lt;/td&gt;
		&lt;td class="tabelatd2"&gt;Patrimonial&lt;/td&gt;
&lt;th class="tabelatd2" border="1"&gt;&lt;a class="noPrint" href="?class=BaixarParcela&amp;id=25"&gt;[Baixar&amp;nbsp;parcela] &lt;/a&gt;&lt;a class="noPrint" href="?class=ImprimirParcela&amp;id=25"&gt;[Imprimir&amp;nbsp;parcela] &lt;/a&gt;&lt;/th&gt;
	&lt;/tr&gt;
	&lt;tr&gt;
		&lt;td class="tabelatd1"&gt;29&lt;/td&gt;
		&lt;td class="tabelatd1"&gt;Tipo Cobranca&lt;/td&gt;
		&lt;td class="tabelatd1"&gt;10/10/2018&lt;/td&gt;
		&lt;td class="tabelatd1"&gt;110.00&lt;/td&gt;
		&lt;td class="tabelatd1"&gt;0.00&lt;/td&gt;
		&lt;td class="tabelatd1"&gt;Em aberto&lt;/td&gt;
		&lt;td class="tabelatd1"&gt;3-Cicrano de Tal (222.222.222-22)&lt;/td&gt;
		&lt;td class="tabelatd1"&gt;23F&lt;/td&gt;
		&lt;td class="tabelatd1"&gt;Patrimonial&lt;/td&gt;
&lt;th class="tabelatd1" border="1"&gt;&lt;a class="noPrint" href="?class=BaixarParcela&amp;id=29"&gt;[Baixar&amp;nbsp;parcela] &lt;/a&gt;&lt;a class="noPrint" href="?class=ImprimirParcela&amp;id=29"&gt;[Imprimir&amp;nbsp;parcela] &lt;/a&gt;&lt;/th&gt;
	&lt;/tr&gt;
	&lt;tr&gt;
		&lt;td class="tabelatd2"&gt;36&lt;/td&gt;
		&lt;td class="tabelatd2"&gt;Tipo Cobranca&lt;/td&gt;
		&lt;td class="tabelatd2"&gt;10/10/2018&lt;/td&gt;
		&lt;td class="tabelatd2"&gt;110.00&lt;/td&gt;
		&lt;td class="tabelatd2"&gt;0.00&lt;/td&gt;
		&lt;td class="tabelatd2"&gt;Em aberto&lt;/td&gt;
		&lt;td class="tabelatd2"&gt;3-Cicrano de Tal (222.222.222-22)&lt;/td&gt;
		&lt;td class="tabelatd2"&gt;23F&lt;/td&gt;
		&lt;td class="tabelatd2"&gt;Patrimonial&lt;/td&gt;
&lt;th class="tabelatd2" border="1"&gt;&lt;a class="noPrint" href="?class=BaixarParcela&amp;id=36"&gt;[Baixar&amp;nbsp;parcela] &lt;/a&gt;&lt;a class="noPrint" href="?class=ImprimirParcela&amp;id=36"&gt;[Imprimir&amp;nbsp;parcela] &lt;/a&gt;&lt;/th&gt;
	&lt;/tr&gt;
	&lt;tr&gt;
		&lt;td class="tabelatd1"&gt;44&lt;/td&gt;
		&lt;td class="tabelatd1"&gt;Tipo Cobranca&lt;/td&gt;
		&lt;td class="tabelatd1"&gt;10/10/2018&lt;/td&gt;
		&lt;td class="tabelatd1"&gt;110.00&lt;/td&gt;
		&lt;td class="tabelatd1"&gt;0.00&lt;/td&gt;
		&lt;td class="tabelatd1"&gt;Em aberto&lt;/td&gt;
		&lt;td class="tabelatd1"&gt;3-Cicrano de Tal (222.222.222-22)&lt;/td&gt;
		&lt;td class="tabelatd1"&gt;23F&lt;/td&gt;
		&lt;td class="tabelatd1"&gt;Patrimonial&lt;/td&gt;
&lt;th class="tabelatd1" border="1"&gt;&lt;a class="noPrint" href="?class=BaixarParcela&amp;id=44"&gt;[Baixar&amp;nbsp;parcela] &lt;/a&gt;&lt;a class="noPrint" href="?class=ImprimirParcela&amp;id=44"&gt;[Imprimir&amp;nbsp;parcela] &lt;/a&gt;&lt;/th&gt;
	&lt;/tr&gt;
	&lt;tr&gt;
		&lt;td class="tabelatd2"&gt;55&lt;/td&gt;
		&lt;td class="tabelatd2"&gt;Tipo Cobranca&lt;/td&gt;
		&lt;td class="tabelatd2"&gt;10/10/2018&lt;/td&gt;
		&lt;td class="tabelatd2"&gt;110.00&lt;/td&gt;
		&lt;td class="tabelatd2"&gt;0.00&lt;/td&gt;
		&lt;td class="tabelatd2"&gt;Em aberto&lt;/td&gt;
		&lt;td class="tabelatd2"&gt;3-Cicrano de Tal (222.222.222-22)&lt;/td&gt;
		&lt;td class="tabelatd2"&gt;23F&lt;/td&gt;
		&lt;td class="tabelatd2"&gt;Patrimonial&lt;/td&gt;
&lt;th class="tabelatd2" border="1"&gt;&lt;a class="noPrint" href="?class=BaixarParcela&amp;id=55"&gt;[Baixar&amp;nbsp;parcela] &lt;/a&gt;&lt;a class="noPrint" href="?class=ImprimirParcela&amp;id=55"&gt;[Imprimir&amp;nbsp;parcela] &lt;/a&gt;&lt;/th&gt;
	&lt;/tr&gt;
	&lt;tr&gt;
		&lt;td class="tabelatd1"&gt;68&lt;/td&gt;
		&lt;td class="tabelatd1"&gt;Tipo Cobranca&lt;/td&gt;
		&lt;td class="tabelatd1"&gt;10/10/2018&lt;/td&gt;
		&lt;td class="tabelatd1"&gt;110.00&lt;/td&gt;
		&lt;td class="tabelatd1"&gt;0.00&lt;/td&gt;
		&lt;td class="tabelatd1"&gt;Em aberto&lt;/td&gt;
		&lt;td class="tabelatd1"&gt;3-Cicrano de Tal (222.222.222-22)&lt;/td&gt;
		&lt;td class="tabelatd1"&gt;23F&lt;/td&gt;
		&lt;td class="tabelatd1"&gt;Patrimonial&lt;/td&gt;
&lt;th class="tabelatd1" border="1"&gt;&lt;a class="noPrint" href="?class=BaixarParcela&amp;id=68"&gt;[Baixar&amp;nbsp;parcela] &lt;/a&gt;&lt;a class="noPrint" href="?class=ImprimirParcela&amp;id=68"&gt;[Imprimir&amp;nbsp;parcela] &lt;/a&gt;&lt;/th&gt;
	&lt;/tr&gt;
	&lt;tr&gt;
		&lt;td class="tabelatd2"&gt;83&lt;/td&gt;
		&lt;td class="tabelatd2"&gt;Tipo Cobranca&lt;/td&gt;
		&lt;td class="tabelatd2"&gt;10/10/2018&lt;/td&gt;
		&lt;td class="tabelatd2"&gt;110.00&lt;/td&gt;
		&lt;td class="tabelatd2"&gt;0.00&lt;/td&gt;
		&lt;td class="tabelatd2"&gt;Em aberto&lt;/td&gt;
		&lt;td class="tabelatd2"&gt;3-Cicrano de Tal (222.222.222-22)&lt;/td&gt;
		&lt;td class="tabelatd2"&gt;23F&lt;/td&gt;
		&lt;td class="tabelatd2"&gt;Patrimonial&lt;/td&gt;
&lt;th class="tabelatd2" border="1"&gt;&lt;a class="noPrint" href="?class=BaixarParcela&amp;id=83"&gt;[Baixar&amp;nbsp;parcela] &lt;/a&gt;&lt;a class="noPrint" href="?class=ImprimirParcela&amp;id=83"&gt;[Imprimir&amp;nbsp;parcela] &lt;/a&gt;&lt;/th&gt;
	&lt;/tr&gt;
	&lt;tr&gt;
		&lt;td class="tabelatd1"&gt;99&lt;/td&gt;
		&lt;td class="tabelatd1"&gt;Tipo Cobranca&lt;/td&gt;
		&lt;td class="tabelatd1"&gt;10/10/2018&lt;/td&gt;
		&lt;td class="tabelatd1"&gt;110.00&lt;/td&gt;
		&lt;td class="tabelatd1"&gt;0.00&lt;/td&gt;
		&lt;td class="tabelatd1"&gt;Em aberto&lt;/td&gt;
		&lt;td class="tabelatd1"&gt;3-Cicrano de Tal (222.222.222-22)&lt;/td&gt;
		&lt;td class="tabelatd1"&gt;23F&lt;/td&gt;
		&lt;td class="tabelatd1"&gt;Patrimonial&lt;/td&gt;
&lt;th class="tabelatd1" border="1"&gt;&lt;a class="noPrint" href="?class=BaixarParcela&amp;id=99"&gt;[Baixar&amp;nbsp;parcela] &lt;/a&gt;&lt;a class="noPrint" href="?class=ImprimirParcela&amp;id=99"&gt;[Imprimir&amp;nbsp;parcela] &lt;/a&gt;&lt;/th&gt;
	&lt;/tr&gt;
	&lt;tr&gt;
		&lt;td class="tabelatd2"&gt;126&lt;/td&gt;
		&lt;td class="tabelatd2"&gt;Tipo Cobranca&lt;/td&gt;
		&lt;td class="tabelatd2"&gt;10/10/2018&lt;/td&gt;
		&lt;td class="tabelatd2"&gt;110.00&lt;/td&gt;
		&lt;td class="tabelatd2"&gt;0.00&lt;/td&gt;
		&lt;td class="tabelatd2"&gt;Em aberto&lt;/td&gt;
		&lt;td class="tabelatd2"&gt;3-Cicrano de Tal (222.222.222-22)&lt;/td&gt;
		&lt;td class="tabelatd2"&gt;23F&lt;/td&gt;
		&lt;td class="tabelatd2"&gt;Patrimonial&lt;/td&gt;
&lt;th class="tabelatd2" border="1"&gt;&lt;a class="noPrint" href="?class=BaixarParcela&amp;id=126"&gt;[Baixar&amp;nbsp;parcela] &lt;/a&gt;&lt;a class="noPrint" href="?class=ImprimirParcela&amp;id=126"&gt;[Imprimir&amp;nbsp;parcela] &lt;/a&gt;&lt;/th&gt;
	&lt;/tr&gt;
	&lt;tr&gt;
		&lt;td class="tabelatd1"&gt;150&lt;/td&gt;
		&lt;td class="tabelatd1"&gt;Tipo Cobranca&lt;/td&gt;
		&lt;td class="tabelatd1"&gt;10/10/2018&lt;/td&gt;
		&lt;td class="tabelatd1"&gt;110.00&lt;/td&gt;
		&lt;td class="tabelatd1"&gt;0.00&lt;/td&gt;
		&lt;td class="tabelatd1"&gt;Em aberto&lt;/td&gt;
		&lt;td class="tabelatd1"&gt;3-Cicrano de Tal (222.222.222-22)&lt;/td&gt;
		&lt;td class="tabelatd1"&gt;23F&lt;/td&gt;
		&lt;td class="tabelatd1"&gt;Patrimonial&lt;/td&gt;
&lt;th class="tabelatd1" border="1"&gt;&lt;a class="noPrint" href="?class=BaixarParcela&amp;id=150"&gt;[Baixar&amp;nbsp;parcela] &lt;/a&gt;&lt;a class="noPrint" href="?class=ImprimirParcela&amp;id=150"&gt;[Imprimir&amp;nbsp;parcela] &lt;/a&gt;&lt;/th&gt;
	&lt;/tr&gt;
	&lt;tr&gt;
		&lt;td class="tabelatd2"&gt;170&lt;/td&gt;
		&lt;td class="tabelatd2"&gt;Tipo Cobranca&lt;/td&gt;
		&lt;td class="tabelatd2"&gt;10/10/2018&lt;/td&gt;
		&lt;td class="tabelatd2"&gt;110.00&lt;/td&gt;
		&lt;td class="tabelatd2"&gt;0.00&lt;/td&gt;
		&lt;td class="tabelatd2"&gt;Em aberto&lt;/td&gt;
		&lt;td class="tabelatd2"&gt;3-Cicrano de Tal (222.222.222-22)&lt;/td&gt;
		&lt;td class="tabelatd2"&gt;23F&lt;/td&gt;
		&lt;td class="tabelatd2"&gt;Patrimonial&lt;/td&gt;
&lt;th class="tabelatd2" border="1"&gt;&lt;a class="noPrint" href="?class=BaixarParcela&amp;id=170"&gt;[Baixar&amp;nbsp;parcela] &lt;/a&gt;&lt;a class="noPrint" href="?class=ImprimirParcela&amp;id=170"&gt;[Imprimir&amp;nbsp;parcela] &lt;/a&gt;&lt;/th&gt;
	&lt;/tr&gt;
	&lt;tr&gt;
		&lt;td class="tabelatd1"&gt;190&lt;/td&gt;
		&lt;td class="tabelatd1"&gt;Tipo Cobranca&lt;/td&gt;
		&lt;td class="tabelatd1"&gt;10/10/2018&lt;/td&gt;
		&lt;td class="tabelatd1"&gt;110.00&lt;/td&gt;
		&lt;td class="tabelatd1"&gt;0.00&lt;/td&gt;
		&lt;td class="tabelatd1"&gt;Em aberto&lt;/td&gt;
		&lt;td class="tabelatd1"&gt;3-Cicrano de Tal (222.222.222-22)&lt;/td&gt;
		&lt;td class="tabelatd1"&gt;23F&lt;/td&gt;
		&lt;td class="tabelatd1"&gt;Patrimonial&lt;/td&gt;
&lt;th class="tabelatd1" border="1"&gt;&lt;a class="noPrint" href="?class=BaixarParcela&amp;id=190"&gt;[Baixar&amp;nbsp;parcela] &lt;/a&gt;&lt;a class="noPrint" href="?class=ImprimirParcela&amp;id=190"&gt;[Imprimir&amp;nbsp;parcela] &lt;/a&gt;&lt;/th&gt;
	&lt;/tr&gt;
	&lt;tr&gt;
		&lt;td class="tabelatd2"&gt;210&lt;/td&gt;
		&lt;td class="tabelatd2"&gt;Tipo Cobranca&lt;/td&gt;
		&lt;td class="tabelatd2"&gt;10/10/2018&lt;/td&gt;
		&lt;td class="tabelatd2"&gt;110.00&lt;/td&gt;
		&lt;td class="tabelatd2"&gt;0.00&lt;/td&gt;
		&lt;td class="tabelatd2"&gt;Em aberto&lt;/td&gt;
		&lt;td class="tabelatd2"&gt;3-Cicrano de Tal (222.222.222-22)&lt;/td&gt;
		&lt;td class="tabelatd2"&gt;23F&lt;/td&gt;
		&lt;td class="tabelatd2"&gt;Patrimonial&lt;/td&gt;
&lt;th class="tabelatd2" border="1"&gt;&lt;a class="noPrint" href="?class=BaixarParcela&amp;id=210"&gt;[Baixar&amp;nbsp;parcela] &lt;/a&gt;&lt;a class="noPrint" href="?class=ImprimirParcela&amp;id=210"&gt;[Imprimir&amp;nbsp;parcela] &lt;/a&gt;&lt;/th&gt;
	&lt;/tr&gt;
	&lt;tr&gt;
		&lt;td class="tabelatd1"&gt;233&lt;/td&gt;
		&lt;td class="tabelatd1"&gt;Tipo Cobranca&lt;/td&gt;
		&lt;td class="tabelatd1"&gt;10/10/2018&lt;/td&gt;
		&lt;td class="tabelatd1"&gt;110.00&lt;/td&gt;
		&lt;td class="tabelatd1"&gt;0.00&lt;/td&gt;
		&lt;td class="tabelatd1"&gt;Em aberto&lt;/td&gt;
		&lt;td class="tabelatd1"&gt;3-Cicrano de Tal (222.222.222-22)&lt;/td&gt;
		&lt;td class="tabelatd1"&gt;23F&lt;/td&gt;
		&lt;td class="tabelatd1"&gt;Patrimonial&lt;/td&gt;
&lt;th class="tabelatd1" border="1"&gt;&lt;a class="noPrint" href="?class=BaixarParcela&amp;id=233"&gt;[Baixar&amp;nbsp;parcela] &lt;/a&gt;&lt;a class="noPrint" href="?class=ImprimirParcela&amp;id=233"&gt;[Imprimir&amp;nbsp;parcela] &lt;/a&gt;&lt;/th&gt;
	&lt;/tr&gt;
	&lt;tr&gt;
		&lt;td class="tabelatd2"&gt;256&lt;/td&gt;
		&lt;td class="tabelatd2"&gt;Tipo Cobranca&lt;/td&gt;
		&lt;td class="tabelatd2"&gt;10/10/2018&lt;/td&gt;
		&lt;td class="tabelatd2"&gt;110.00&lt;/td&gt;
		&lt;td class="tabelatd2"&gt;0.00&lt;/td&gt;
		&lt;td class="tabelatd2"&gt;Em aberto&lt;/td&gt;
		&lt;td class="tabelatd2"&gt;3-Cicrano de Tal (222.222.222-22)&lt;/td&gt;
		&lt;td class="tabelatd2"&gt;23F&lt;/td&gt;
		&lt;td class="tabelatd2"&gt;Patrimonial&lt;/td&gt;
&lt;th class="tabelatd2" border="1"&gt;&lt;a class="noPrint" href="?class=BaixarParcela&amp;id=256"&gt;[Baixar&amp;nbsp;parcela] &lt;/a&gt;&lt;a class="noPrint" href="?class=ImprimirParcela&amp;id=256"&gt;[Imprimir&amp;nbsp;parcela] &lt;/a&gt;&lt;/th&gt;
	&lt;/tr&gt;
	&lt;tr&gt;
		&lt;td class="tabelatd1"&gt;281&lt;/td&gt;
		&lt;td class="tabelatd1"&gt;Tipo Cobranca&lt;/td&gt;
		&lt;td class="tabelatd1"&gt;10/10/2018&lt;/td&gt;
		&lt;td class="tabelatd1"&gt;110.00&lt;/td&gt;
		&lt;td class="tabelatd1"&gt;0.00&lt;/td&gt;
		&lt;td class="tabelatd1"&gt;Em aberto&lt;/td&gt;
		&lt;td class="tabelatd1"&gt;3-Cicrano de Tal (222.222.222-22)&lt;/td&gt;
		&lt;td class="tabelatd1"&gt;23F&lt;/td&gt;
		&lt;td class="tabelatd1"&gt;Patrimonial&lt;/td&gt;
&lt;th class="tabelatd1" border="1"&gt;&lt;a class="noPrint" href="?class=BaixarParcela&amp;id=281"&gt;[Baixar&amp;nbsp;parcela] &lt;/a&gt;&lt;a class="noPrint" href="?class=ImprimirParcela&amp;id=281"&gt;[Imprimir&amp;nbsp;parcela] &lt;/a&gt;&lt;/th&gt;
	&lt;/tr&gt;
	&lt;tr&gt;
		&lt;td class="tabelatd2"&gt;308&lt;/td&gt;
		&lt;td class="tabelatd2"&gt;Tipo Cobranca&lt;/td&gt;
		&lt;td class="tabelatd2"&gt;10/10/2018&lt;/td&gt;
		&lt;td class="tabelatd2"&gt;110.00&lt;/td&gt;
		&lt;td class="tabelatd2"&gt;0.00&lt;/td&gt;
		&lt;td class="tabelatd2"&gt;Em aberto&lt;/td&gt;
		&lt;td class="tabelatd2"&gt;3-Cicrano de Tal (222.222.222-22)&lt;/td&gt;
		&lt;td class="tabelatd2"&gt;23F&lt;/td&gt;
		&lt;td class="tabelatd2"&gt;Patrimonial&lt;/td&gt;
&lt;th class="tabelatd2" border="1"&gt;&lt;a class="noPrint" href="?class=BaixarParcela&amp;id=308"&gt;[Baixar&amp;nbsp;parcela] &lt;/a&gt;&lt;a class="noPrint" href="?class=ImprimirParcela&amp;id=308"&gt;[Imprimir&amp;nbsp;parcela] &lt;/a&gt;&lt;/th&gt;
	&lt;/tr&gt;
	&lt;tr&gt;
		&lt;td class="tabelatd1"&gt;337&lt;/td&gt;
		&lt;td class="tabelatd1"&gt;Tipo Cobranca&lt;/td&gt;
		&lt;td class="tabelatd1"&gt;10/10/2018&lt;/td&gt;
		&lt;td class="tabelatd1"&gt;110.00&lt;/td&gt;
		&lt;td class="tabelatd1"&gt;0.00&lt;/td&gt;
		&lt;td class="tabelatd1"&gt;Em aberto&lt;/td&gt;
		&lt;td class="tabelatd1"&gt;3-Cicrano de Tal (222.222.222-22)&lt;/td&gt;
		&lt;td class="tabelatd1"&gt;23F&lt;/td&gt;
		&lt;td class="tabelatd1"&gt;Patrimonial&lt;/td&gt;
&lt;th class="tabelatd1" border="1"&gt;&lt;a class="noPrint" href="?class=BaixarParcela&amp;id=337"&gt;[Baixar&amp;nbsp;parcela] &lt;/a&gt;&lt;a class="noPrint" href="?class=ImprimirParcela&amp;id=337"&gt;[Imprimir&amp;nbsp;parcela] &lt;/a&gt;&lt;/th&gt;
	&lt;/tr&gt;
	&lt;tr&gt;
		&lt;td class="tabelatd2"&gt;368&lt;/td&gt;
		&lt;td class="tabelatd2"&gt;Tipo Cobranca&lt;/td&gt;
		&lt;td class="tabelatd2"&gt;10/10/2018&lt;/td&gt;
		&lt;td class="tabelatd2"&gt;110.00&lt;/td&gt;
		&lt;td class="tabelatd2"&gt;0.00&lt;/td&gt;
		&lt;td class="tabelatd2"&gt;Em aberto&lt;/td&gt;
		&lt;td class="tabelatd2"&gt;3-Cicrano de Tal (222.222.222-22)&lt;/td&gt;
		&lt;td class="tabelatd2"&gt;23F&lt;/td&gt;
		&lt;td class="tabelatd2"&gt;Patrimonial&lt;/td&gt;
&lt;th class="tabelatd2" border="1"&gt;&lt;a class="noPrint" href="?class=BaixarParcela&amp;id=368"&gt;[Baixar&amp;nbsp;parcela] &lt;/a&gt;&lt;a class="noPrint" href="?class=ImprimirParcela&amp;id=368"&gt;[Imprimir&amp;nbsp;parcela] &lt;/a&gt;&lt;/th&gt;
	&lt;/tr&gt;
	&lt;tr&gt;
		&lt;td class="tabelatd1"&gt;401&lt;/td&gt;
		&lt;td class="tabelatd1"&gt;Tipo Cobranca&lt;/td&gt;
		&lt;td class="tabelatd1"&gt;10/10/2018&lt;/td&gt;
		&lt;td class="tabelatd1"&gt;110.00&lt;/td&gt;
		&lt;td class="tabelatd1"&gt;0.00&lt;/td&gt;
		&lt;td class="tabelatd1"&gt;Em aberto&lt;/td&gt;
		&lt;td class="tabelatd1"&gt;3-Cicrano de Tal (222.222.222-22)&lt;/td&gt;
		&lt;td class="tabelatd1"&gt;23F&lt;/td&gt;
		&lt;td class="tabelatd1"&gt;Patrimonial&lt;/td&gt;
&lt;th class="tabelatd1" border="1"&gt;&lt;a class="noPrint" href="?class=BaixarParcela&amp;id=401"&gt;[Baixar&amp;nbsp;parcela] &lt;/a&gt;&lt;a class="noPrint" href="?class=ImprimirParcela&amp;id=401"&gt;[Imprimir&amp;nbsp;parcela] &lt;/a&gt;&lt;/th&gt;
	&lt;/tr&gt;
	&lt;tr&gt;
		&lt;td class="tabelatd2"&gt;436&lt;/td&gt;
		&lt;td class="tabelatd2"&gt;Tipo Cobranca&lt;/td&gt;
		&lt;td class="tabelatd2"&gt;10/10/2018&lt;/td&gt;
		&lt;td class="tabelatd2"&gt;110.00&lt;/td&gt;
		&lt;td class="tabelatd2"&gt;0.00&lt;/td&gt;
		&lt;td class="tabelatd2"&gt;Em aberto&lt;/td&gt;
		&lt;td class="tabelatd2"&gt;3-Cicrano de Tal (222.222.222-22)&lt;/td&gt;
		&lt;td class="tabelatd2"&gt;23F&lt;/td&gt;
		&lt;td class="tabelatd2"&gt;Patrimonial&lt;/td&gt;
&lt;th class="tabelatd2" border="1"&gt;&lt;a class="noPrint" href="?class=BaixarParcela&amp;id=436"&gt;[Baixar&amp;nbsp;parcela] &lt;/a&gt;&lt;a class="noPrint" href="?class=ImprimirParcela&amp;id=436"&gt;[Imprimir&amp;nbsp;parcela] &lt;/a&gt;&lt;/th&gt;
	&lt;/tr&gt;
	&lt;tr&gt;
		&lt;td class="tabelatd1"&gt;32&lt;/td&gt;
		&lt;td class="tabelatd1"&gt;Tipo Cobranca&lt;/td&gt;
		&lt;td class="tabelatd1"&gt;11/10/2018&lt;/td&gt;
		&lt;td class="tabelatd1"&gt;110.00&lt;/td&gt;
		&lt;td class="tabelatd1"&gt;0.00&lt;/td&gt;
		&lt;td class="tabelatd1"&gt;Em aberto&lt;/td&gt;
		&lt;td class="tabelatd1"&gt;3-Cicrano de Tal (222.222.222-22)&lt;/td&gt;
		&lt;td class="tabelatd1"&gt;23F&lt;/td&gt;
		&lt;td class="tabelatd1"&gt;Patrimonial&lt;/td&gt;
&lt;th class="tabelatd1" border="1"&gt;&lt;a class="noPrint" href="?class=BaixarParcela&amp;id=32"&gt;[Baixar&amp;nbsp;parcela] &lt;/a&gt;&lt;a class="noPrint" href="?class=ImprimirParcela&amp;id=32"&gt;[Imprimir&amp;nbsp;parcela] &lt;/a&gt;&lt;/th&gt;
	&lt;/tr&gt;
	&lt;tr&gt;
		&lt;td class="tabelatd2"&gt;39&lt;/td&gt;
		&lt;td class="tabelatd2"&gt;Tipo Cobranca&lt;/td&gt;
		&lt;td class="tabelatd2"&gt;11/10/2018&lt;/td&gt;
		&lt;td class="tabelatd2"&gt;110.00&lt;/td&gt;
		&lt;td class="tabelatd2"&gt;0.00&lt;/td&gt;
		&lt;td class="tabelatd2"&gt;Em aberto&lt;/td&gt;
		&lt;td class="tabelatd2"&gt;3-Cicrano de Tal (222.222.222-22)&lt;/td&gt;
		&lt;td class="tabelatd2"&gt;23F&lt;/td&gt;
		&lt;td class="tabelatd2"&gt;Patrimonial&lt;/td&gt;
&lt;th class="tabelatd2" border="1"&gt;&lt;a class="noPrint" href="?class=BaixarParcela&amp;id=39"&gt;[Baixar&amp;nbsp;parcela] &lt;/a&gt;&lt;a class="noPrint" href="?class=ImprimirParcela&amp;id=39"&gt;[Imprimir&amp;nbsp;parcela] &lt;/a&gt;&lt;/th&gt;
	&lt;/tr&gt;
	&lt;tr&gt;
		&lt;td class="tabelatd1"&gt;48&lt;/td&gt;
		&lt;td class="tabelatd1"&gt;Tipo Cobranca&lt;/td&gt;
		&lt;td class="tabelatd1"&gt;11/10/2018&lt;/td&gt;
		&lt;td class="tabelatd1"&gt;110.00&lt;/td&gt;
		&lt;td class="tabelatd1"&gt;0.00&lt;/td&gt;
		&lt;td class="tabelatd1"&gt;Em aberto&lt;/td&gt;
		&lt;td class="tabelatd1"&gt;3-Cicrano de Tal (222.222.222-22)&lt;/td&gt;
		&lt;td class="tabelatd1"&gt;23F&lt;/td&gt;
		&lt;td class="tabelatd1"&gt;Patrimonial&lt;/td&gt;
&lt;th class="tabelatd1" border="1"&gt;&lt;a class="noPrint" href="?class=BaixarParcela&amp;id=48"&gt;[Baixar&amp;nbsp;parcela] &lt;/a&gt;&lt;a class="noPrint" href="?class=ImprimirParcela&amp;id=48"&gt;[Imprimir&amp;nbsp;parcela] &lt;/a&gt;&lt;/th&gt;
	&lt;/tr&gt;
	&lt;tr&gt;
		&lt;td class="tabelatd2"&gt;60&lt;/td&gt;
		&lt;td class="tabelatd2"&gt;Tipo Cobranca&lt;/td&gt;
		&lt;td class="tabelatd2"&gt;11/10/2018&lt;/td&gt;
		&lt;td class="tabelatd2"&gt;110.00&lt;/td&gt;
		&lt;td class="tabelatd2"&gt;0.00&lt;/td&gt;
		&lt;td class="tabelatd2"&gt;Em aberto&lt;/td&gt;
		&lt;td class="tabelatd2"&gt;3-Cicrano de Tal (222.222.222-22)&lt;/td&gt;
		&lt;td class="tabelatd2"&gt;23F&lt;/td&gt;
		&lt;td class="tabelatd2"&gt;Patrimonial&lt;/td&gt;
&lt;th class="tabelatd2" border="1"&gt;&lt;a class="noPrint" href="?class=BaixarParcela&amp;id=60"&gt;[Baixar&amp;nbsp;parcela] &lt;/a&gt;&lt;a class="noPrint" href="?class=ImprimirParcela&amp;id=60"&gt;[Imprimir&amp;nbsp;parcela] &lt;/a&gt;&lt;/th&gt;
	&lt;/tr&gt;
	&lt;tr&gt;
		&lt;td class="tabelatd1"&gt;74&lt;/td&gt;
		&lt;td class="tabelatd1"&gt;Tipo Cobranca&lt;/td&gt;
		&lt;td class="tabelatd1"&gt;11/10/2018&lt;/td&gt;
		&lt;td class="tabelatd1"&gt;110.00&lt;/td&gt;
		&lt;td class="tabelatd1"&gt;0.00&lt;/td&gt;
		&lt;td class="tabelatd1"&gt;Em aberto&lt;/td&gt;
		&lt;td class="tabelatd1"&gt;3-Cicrano de Tal (222.222.222-22)&lt;/td&gt;
		&lt;td class="tabelatd1"&gt;23F&lt;/td&gt;
		&lt;td class="tabelatd1"&gt;Patrimonial&lt;/td&gt;
&lt;th class="tabelatd1" border="1"&gt;&lt;a class="noPrint" href="?class=BaixarParcela&amp;id=74"&gt;[Baixar&amp;nbsp;parcela] &lt;/a&gt;&lt;a class="noPrint" href="?class=ImprimirParcela&amp;id=74"&gt;[Imprimir&amp;nbsp;parcela] &lt;/a&gt;&lt;/th&gt;
	&lt;/tr&gt;
	&lt;tr&gt;
		&lt;td class="tabelatd2"&gt;90&lt;/td&gt;
		&lt;td class="tabelatd2"&gt;Tipo Cobranca&lt;/td&gt;
		&lt;td class="tabelatd2"&gt;11/10/2018&lt;/td&gt;
		&lt;td class="tabelatd2"&gt;110.00&lt;/td&gt;
		&lt;td class="tabelatd2"&gt;0.00&lt;/td&gt;
		&lt;td class="tabelatd2"&gt;Em aberto&lt;/td&gt;
		&lt;td class="tabelatd2"&gt;3-Cicrano de Tal (222.222.222-22)&lt;/td&gt;
		&lt;td class="tabelatd2"&gt;23F&lt;/td&gt;
		&lt;td class="tabelatd2"&gt;Patrimonial&lt;/td&gt;
&lt;th class="tabelatd2" border="1"&gt;&lt;a class="noPrint" href="?class=BaixarParcela&amp;id=90"&gt;[Baixar&amp;nbsp;parcela] &lt;/a&gt;&lt;a class="noPrint" href="?class=ImprimirParcela&amp;id=90"&gt;[Imprimir&amp;nbsp;parcela] &lt;/a&gt;&lt;/th&gt;
	&lt;/tr&gt;
	&lt;tr&gt;
		&lt;td class="tabelatd1"&gt;106&lt;/td&gt;
		&lt;td class="tabelatd1"&gt;Tipo Cobranca&lt;/td&gt;
		&lt;td class="tabelatd1"&gt;11/10/2018&lt;/td&gt;
		&lt;td class="tabelatd1"&gt;110.00&lt;/td&gt;
		&lt;td class="tabelatd1"&gt;0.00&lt;/td&gt;
		&lt;td class="tabelatd1"&gt;Em aberto&lt;/td&gt;
		&lt;td class="tabelatd1"&gt;3-Cicrano de Tal (222.222.222-22)&lt;/td&gt;
		&lt;td class="tabelatd1"&gt;23F&lt;/td&gt;
		&lt;td class="tabelatd1"&gt;Patrimonial&lt;/td&gt;
&lt;th class="tabelatd1" border="1"&gt;&lt;a class="noPrint" href="?class=BaixarParcela&amp;id=106"&gt;[Baixar&amp;nbsp;parcela] &lt;/a&gt;&lt;a class="noPrint" href="?class=ImprimirParcela&amp;id=106"&gt;[Imprimir&amp;nbsp;parcela] &lt;/a&gt;&lt;/th&gt;
	&lt;/tr&gt;
	&lt;tr&gt;
		&lt;td class="tabelatd2"&gt;134&lt;/td&gt;
		&lt;td class="tabelatd2"&gt;Tipo Cobranca&lt;/td&gt;
		&lt;td class="tabelatd2"&gt;11/10/2018&lt;/td&gt;
		&lt;td class="tabelatd2"&gt;110.00&lt;/td&gt;
		&lt;td class="tabelatd2"&gt;0.00&lt;/td&gt;
		&lt;td class="tabelatd2"&gt;Em aberto&lt;/td&gt;
		&lt;td class="tabelatd2"&gt;3-Cicrano de Tal (222.222.222-22)&lt;/td&gt;
		&lt;td class="tabelatd2"&gt;23F&lt;/td&gt;
		&lt;td class="tabelatd2"&gt;Patrimonial&lt;/td&gt;
&lt;th class="tabelatd2" border="1"&gt;&lt;a class="noPrint" href="?class=BaixarParcela&amp;id=134"&gt;[Baixar&amp;nbsp;parcela] &lt;/a&gt;&lt;a class="noPrint" href="?class=ImprimirParcela&amp;id=134"&gt;[Imprimir&amp;nbsp;parcela] &lt;/a&gt;&lt;/th&gt;
	&lt;/tr&gt;
	&lt;tr&gt;
		&lt;td class="tabelatd1"&gt;159&lt;/td&gt;
		&lt;td class="tabelatd1"&gt;Tipo Cobranca&lt;/td&gt;
		&lt;td class="tabelatd1"&gt;11/10/2018&lt;/td&gt;
		&lt;td class="tabelatd1"&gt;110.00&lt;/td&gt;
		&lt;td class="tabelatd1"&gt;0.00&lt;/td&gt;
		&lt;td class="tabelatd1"&gt;Em aberto&lt;/td&gt;
		&lt;td class="tabelatd1"&gt;3-Cicrano de Tal (222.222.222-22)&lt;/td&gt;
		&lt;td class="tabelatd1"&gt;23F&lt;/td&gt;
		&lt;td class="tabelatd1"&gt;Patrimonial&lt;/td&gt;
&lt;th class="tabelatd1" border="1"&gt;&lt;a class="noPrint" href="?class=BaixarParcela&amp;id=159"&gt;[Baixar&amp;nbsp;parcela] &lt;/a&gt;&lt;a class="noPrint" href="?class=ImprimirParcela&amp;id=159"&gt;[Imprimir&amp;nbsp;parcela] &lt;/a&gt;&lt;/th&gt;
	&lt;/tr&gt;
	&lt;tr&gt;
		&lt;td class="tabelatd2"&gt;179&lt;/td&gt;
		&lt;td class="tabelatd2"&gt;Tipo Cobranca&lt;/td&gt;
		&lt;td class="tabelatd2"&gt;11/10/2018&lt;/td&gt;
		&lt;td class="tabelatd2"&gt;110.00&lt;/td&gt;
		&lt;td class="tabelatd2"&gt;0.00&lt;/td&gt;
		&lt;td class="tabelatd2"&gt;Em aberto&lt;/td&gt;
		&lt;td class="tabelatd2"&gt;3-Cicrano de Tal (222.222.222-22)&lt;/td&gt;
		&lt;td class="tabelatd2"&gt;23F&lt;/td&gt;
		&lt;td class="tabelatd2"&gt;Patrimonial&lt;/td&gt;
&lt;th class="tabelatd2" border="1"&gt;&lt;a class="noPrint" href="?class=BaixarParcela&amp;id=179"&gt;[Baixar&amp;nbsp;parcela] &lt;/a&gt;&lt;a class="noPrint" href="?class=ImprimirParcela&amp;id=179"&gt;[Imprimir&amp;nbsp;parcela] &lt;/a&gt;&lt;/th&gt;
	&lt;/tr&gt;
	&lt;tr&gt;
		&lt;td class="tabelatd1"&gt;199&lt;/td&gt;
		&lt;td class="tabelatd1"&gt;Tipo Cobranca&lt;/td&gt;
		&lt;td class="tabelatd1"&gt;11/10/2018&lt;/td&gt;
		&lt;td class="tabelatd1"&gt;110.00&lt;/td&gt;
		&lt;td class="tabelatd1"&gt;0.00&lt;/td&gt;
		&lt;td class="tabelatd1"&gt;Em aberto&lt;/td&gt;
		&lt;td class="tabelatd1"&gt;3-Cicrano de Tal (222.222.222-22)&lt;/td&gt;
		&lt;td class="tabelatd1"&gt;23F&lt;/td&gt;
		&lt;td class="tabelatd1"&gt;Patrimonial&lt;/td&gt;
&lt;th class="tabelatd1" border="1"&gt;&lt;a class="noPrint" href="?class=BaixarParcela&amp;id=199"&gt;[Baixar&amp;nbsp;parcela] &lt;/a&gt;&lt;a class="noPrint" href="?class=ImprimirParcela&amp;id=199"&gt;[Imprimir&amp;nbsp;parcela] &lt;/a&gt;&lt;/th&gt;
	&lt;/tr&gt;
	&lt;tr&gt;
		&lt;td class="tabelatd2"&gt;219&lt;/td&gt;
		&lt;td class="tabelatd2"&gt;Tipo Cobranca&lt;/td&gt;
		&lt;td class="tabelatd2"&gt;11/10/2018&lt;/td&gt;
		&lt;td class="tabelatd2"&gt;110.00&lt;/td&gt;
		&lt;td class="tabelatd2"&gt;0.00&lt;/td&gt;
		&lt;td class="tabelatd2"&gt;Em aberto&lt;/td&gt;
		&lt;td class="tabelatd2"&gt;3-Cicrano de Tal (222.222.222-22)&lt;/td&gt;
		&lt;td class="tabelatd2"&gt;23F&lt;/td&gt;
		&lt;td class="tabelatd2"&gt;Patrimonial&lt;/td&gt;
&lt;th class="tabelatd2" border="1"&gt;&lt;a class="noPrint" href="?class=BaixarParcela&amp;id=219"&gt;[Baixar&amp;nbsp;parcela] &lt;/a&gt;&lt;a class="noPrint" href="?class=ImprimirParcela&amp;id=219"&gt;[Imprimir&amp;nbsp;parcela] &lt;/a&gt;&lt;/th&gt;
	&lt;/tr&gt;
	&lt;tr&gt;
		&lt;td class="tabelatd1"&gt;243&lt;/td&gt;
		&lt;td class="tabelatd1"&gt;Tipo Cobranca&lt;/td&gt;
		&lt;td class="tabelatd1"&gt;11/10/2018&lt;/td&gt;
		&lt;td class="tabelatd1"&gt;110.00&lt;/td&gt;
		&lt;td class="tabelatd1"&gt;0.00&lt;/td&gt;
		&lt;td class="tabelatd1"&gt;Em aberto&lt;/td&gt;
		&lt;td class="tabelatd1"&gt;3-Cicrano de Tal (222.222.222-22)&lt;/td&gt;
		&lt;td class="tabelatd1"&gt;23F&lt;/td&gt;
		&lt;td class="tabelatd1"&gt;Patrimonial&lt;/td&gt;
&lt;th class="tabelatd1" border="1"&gt;&lt;a class="noPrint" href="?class=BaixarParcela&amp;id=243"&gt;[Baixar&amp;nbsp;parcela] &lt;/a&gt;&lt;a class="noPrint" href="?class=ImprimirParcela&amp;id=243"&gt;[Imprimir&amp;nbsp;parcela] &lt;/a&gt;&lt;/th&gt;
	&lt;/tr&gt;
	&lt;tr&gt;
		&lt;td class="tabelatd2"&gt;267&lt;/td&gt;
		&lt;td class="tabelatd2"&gt;Tipo Cobranca&lt;/td&gt;
		&lt;td class="tabelatd2"&gt;11/10/2018&lt;/td&gt;
		&lt;td class="tabelatd2"&gt;110.00&lt;/td&gt;
		&lt;td class="tabelatd2"&gt;0.00&lt;/td&gt;
		&lt;td class="tabelatd2"&gt;Em aberto&lt;/td&gt;
		&lt;td class="tabelatd2"&gt;3-Cicrano de Tal (222.222.222-22)&lt;/td&gt;
		&lt;td class="tabelatd2"&gt;23F&lt;/td&gt;
		&lt;td class="tabelatd2"&gt;Patrimonial&lt;/td&gt;
&lt;th class="tabelatd2" border="1"&gt;&lt;a class="noPrint" href="?class=BaixarParcela&amp;id=267"&gt;[Baixar&amp;nbsp;parcela] &lt;/a&gt;&lt;a class="noPrint" href="?class=ImprimirParcela&amp;id=267"&gt;[Imprimir&amp;nbsp;parcela] &lt;/a&gt;&lt;/th&gt;
	&lt;/tr&gt;
	&lt;tr&gt;
		&lt;td class="tabelatd1"&gt;293&lt;/td&gt;
		&lt;td class="tabelatd1"&gt;Tipo Cobranca&lt;/td&gt;
		&lt;td class="tabelatd1"&gt;11/10/2018&lt;/td&gt;
		&lt;td class="tabelatd1"&gt;110.00&lt;/td&gt;
		&lt;td class="tabelatd1"&gt;0.00&lt;/td&gt;
		&lt;td class="tabelatd1"&gt;Em aberto&lt;/td&gt;
		&lt;td class="tabelatd1"&gt;3-Cicrano de Tal (222.222.222-22)&lt;/td&gt;
		&lt;td class="tabelatd1"&gt;23F&lt;/td&gt;
		&lt;td class="tabelatd1"&gt;Patrimonial&lt;/td&gt;
&lt;th class="tabelatd1" border="1"&gt;&lt;a class="noPrint" href="?class=BaixarParcela&amp;id=293"&gt;[Baixar&amp;nbsp;parcela] &lt;/a&gt;&lt;a class="noPrint" href="?class=ImprimirParcela&amp;id=293"&gt;[Imprimir&amp;nbsp;parcela] &lt;/a&gt;&lt;/th&gt;
	&lt;/tr&gt;
	&lt;tr&gt;
		&lt;td class="tabelatd2"&gt;321&lt;/td&gt;
		&lt;td class="tabelatd2"&gt;Tipo Cobranca&lt;/td&gt;
		&lt;td class="tabelatd2"&gt;11/10/2018&lt;/td&gt;
		&lt;td class="tabelatd2"&gt;110.00&lt;/td&gt;
		&lt;td class="tabelatd2"&gt;0.00&lt;/td&gt;
		&lt;td class="tabelatd2"&gt;Em aberto&lt;/td&gt;
		&lt;td class="tabelatd2"&gt;3-Cicrano de Tal (222.222.222-22)&lt;/td&gt;
		&lt;td class="tabelatd2"&gt;23F&lt;/td&gt;
		&lt;td class="tabelatd2"&gt;Patrimonial&lt;/td&gt;
&lt;th class="tabelatd2" border="1"&gt;&lt;a class="noPrint" href="?class=BaixarParcela&amp;id=321"&gt;[Baixar&amp;nbsp;parcela] &lt;/a&gt;&lt;a class="noPrint" href="?class=ImprimirParcela&amp;id=321"&gt;[Imprimir&amp;nbsp;parcela] &lt;/a&gt;&lt;/th&gt;
	&lt;/tr&gt;
	&lt;tr&gt;
		&lt;td class="tabelatd1"&gt;351&lt;/td&gt;
		&lt;td class="tabelatd1"&gt;Tipo Cobranca&lt;/td&gt;
		&lt;td class="tabelatd1"&gt;11/10/2018&lt;/td&gt;
		&lt;td class="tabelatd1"&gt;110.00&lt;/td&gt;
		&lt;td class="tabelatd1"&gt;0.00&lt;/td&gt;
		&lt;td class="tabelatd1"&gt;Em aberto&lt;/td&gt;
		&lt;td class="tabelatd1"&gt;3-Cicrano de Tal (222.222.222-22)&lt;/td&gt;
		&lt;td class="tabelatd1"&gt;23F&lt;/td&gt;
		&lt;td class="tabelatd1"&gt;Patrimonial&lt;/td&gt;
&lt;th class="tabelatd1" border="1"&gt;&lt;a class="noPrint" href="?class=BaixarParcela&amp;id=351"&gt;[Baixar&amp;nbsp;parcela] &lt;/a&gt;&lt;a class="noPrint" href="?class=ImprimirParcela&amp;id=351"&gt;[Imprimir&amp;nbsp;parcela] &lt;/a&gt;&lt;/th&gt;
	&lt;/tr&gt;
	&lt;tr&gt;
		&lt;td class="tabelatd2"&gt;383&lt;/td&gt;
		&lt;td class="tabelatd2"&gt;Tipo Cobranca&lt;/td&gt;
		&lt;td class="tabelatd2"&gt;11/10/2018&lt;/td&gt;
		&lt;td class="tabelatd2"&gt;110.00&lt;/td&gt;
		&lt;td class="tabelatd2"&gt;0.00&lt;/td&gt;
		&lt;td class="tabelatd2"&gt;Em aberto&lt;/td&gt;
		&lt;td class="tabelatd2"&gt;3-Cicrano de Tal (222.222.222-22)&lt;/td&gt;
		&lt;td class="tabelatd2"&gt;23F&lt;/td&gt;
		&lt;td class="tabelatd2"&gt;Patrimonial&lt;/td&gt;
&lt;th class="tabelatd2" border="1"&gt;&lt;a class="noPrint" href="?class=BaixarParcela&amp;id=383"&gt;[Baixar&amp;nbsp;parcela] &lt;/a&gt;&lt;a class="noPrint" href="?class=ImprimirParcela&amp;id=383"&gt;[Imprimir&amp;nbsp;parcela] &lt;/a&gt;&lt;/th&gt;
	&lt;/tr&gt;
	&lt;tr&gt;
		&lt;td class="tabelatd1"&gt;417&lt;/td&gt;
		&lt;td class="tabelatd1"&gt;Tipo Cobranca&lt;/td&gt;
		&lt;td class="tabelatd1"&gt;11/10/2018&lt;/td&gt;
		&lt;td class="tabelatd1"&gt;110.00&lt;/td&gt;
		&lt;td class="tabelatd1"&gt;0.00&lt;/td&gt;
		&lt;td class="tabelatd1"&gt;Em aberto&lt;/td&gt;
		&lt;td class="tabelatd1"&gt;3-Cicrano de Tal (222.222.222-22)&lt;/td&gt;
		&lt;td class="tabelatd1"&gt;23F&lt;/td&gt;
		&lt;td class="tabelatd1"&gt;Patrimonial&lt;/td&gt;
&lt;th class="tabelatd1" border="1"&gt;&lt;a class="noPrint" href="?class=BaixarParcela&amp;id=417"&gt;[Baixar&amp;nbsp;parcela] &lt;/a&gt;&lt;a class="noPrint" href="?class=ImprimirParcela&amp;id=417"&gt;[Imprimir&amp;nbsp;parcela] &lt;/a&gt;&lt;/th&gt;
	&lt;/tr&gt;
	&lt;tr&gt;
		&lt;td class="tabelatd2"&gt;453&lt;/td&gt;
		&lt;td class="tabelatd2"&gt;Tipo Cobranca&lt;/td&gt;
		&lt;td class="tabelatd2"&gt;11/10/2018&lt;/td&gt;
		&lt;td class="tabelatd2"&gt;110.00&lt;/td&gt;
		&lt;td class="tabelatd2"&gt;0.00&lt;/td&gt;
		&lt;td class="tabelatd2"&gt;Em aberto&lt;/td&gt;
		&lt;td class="tabelatd2"&gt;3-Cicrano de Tal (222.222.222-22)&lt;/td&gt;
		&lt;td class="tabelatd2"&gt;23F&lt;/td&gt;
		&lt;td class="tabelatd2"&gt;Patrimonial&lt;/td&gt;
&lt;th class="tabelatd2" border="1"&gt;&lt;a class="noPrint" href="?class=BaixarParcela&amp;id=453"&gt;[Baixar&amp;nbsp;parcela] &lt;/a&gt;&lt;a class="noPrint" href="?class=ImprimirParcela&amp;id=453"&gt;[Imprimir&amp;nbsp;parcela] &lt;/a&gt;&lt;/th&gt;
	&lt;/tr&gt;
	&lt;tr&gt;
		&lt;td class="tabelatd1"&gt;3&lt;/td&gt;
		&lt;td class="tabelatd1"&gt;Tipo Cobranca&lt;/td&gt;
		&lt;td class="tabelatd1"&gt;10/10/2018&lt;/td&gt;
		&lt;td class="tabelatd1"&gt;110.00&lt;/td&gt;
		&lt;td class="tabelatd1"&gt;0.00&lt;/td&gt;
		&lt;td class="tabelatd1"&gt;Em aberto&lt;/td&gt;
		&lt;td class="tabelatd1"&gt;2-Fulano de Tal (111.111.111-11)&lt;/td&gt;
		&lt;td class="tabelatd1"&gt;0F&lt;/td&gt;
		&lt;td class="tabelatd1"&gt;Patrimonial&lt;/td&gt;
&lt;th class="tabelatd1" border="1"&gt;&lt;a class="noPrint" href="?class=BaixarParcela&amp;id=3"&gt;[Baixar&amp;nbsp;parcela] &lt;/a&gt;&lt;a class="noPrint" href="?class=ImprimirParcela&amp;id=3"&gt;[Imprimir&amp;nbsp;parcela] &lt;/a&gt;&lt;/th&gt;
	&lt;/tr&gt;
	&lt;tr&gt;
		&lt;td class="tabelatd2"&gt;7&lt;/td&gt;
		&lt;td class="tabelatd2"&gt;Tipo Cobranca&lt;/td&gt;
		&lt;td class="tabelatd2"&gt;10/10/2018&lt;/td&gt;
		&lt;td class="tabelatd2"&gt;110.00&lt;/td&gt;
		&lt;td class="tabelatd2"&gt;0.00&lt;/td&gt;
		&lt;td class="tabelatd2"&gt;Em aberto&lt;/td&gt;
		&lt;td class="tabelatd2"&gt;2-Fulano de Tal (111.111.111-11)&lt;/td&gt;
		&lt;td class="tabelatd2"&gt;0F&lt;/td&gt;
		&lt;td class="tabelatd2"&gt;Patrimonial&lt;/td&gt;
&lt;th class="tabelatd2" border="1"&gt;&lt;a class="noPrint" href="?class=BaixarParcela&amp;id=7"&gt;[Baixar&amp;nbsp;parcela] &lt;/a&gt;&lt;a class="noPrint" href="?class=ImprimirParcela&amp;id=7"&gt;[Imprimir&amp;nbsp;parcela] &lt;/a&gt;&lt;/th&gt;
	&lt;/tr&gt;
	&lt;tr&gt;
		&lt;td class="tabelatd1"&gt;11&lt;/td&gt;
		&lt;td class="tabelatd1"&gt;Tipo Cobranca&lt;/td&gt;
		&lt;td class="tabelatd1"&gt;10/10/2018&lt;/td&gt;
		&lt;td class="tabelatd1"&gt;110.00&lt;/td&gt;
		&lt;td class="tabelatd1"&gt;0.00&lt;/td&gt;
		&lt;td class="tabelatd1"&gt;Em aberto&lt;/td&gt;
		&lt;td class="tabelatd1"&gt;2-Fulano de Tal (111.111.111-11)&lt;/td&gt;
		&lt;td class="tabelatd1"&gt;0F&lt;/td&gt;
		&lt;td class="tabelatd1"&gt;Patrimonial&lt;/td&gt;
&lt;th class="tabelatd1" border="1"&gt;&lt;a class="noPrint" href="?class=BaixarParcela&amp;id=11"&gt;[Baixar&amp;nbsp;parcela] &lt;/a&gt;&lt;a class="noPrint" href="?class=ImprimirParcela&amp;id=11"&gt;[Imprimir&amp;nbsp;parcela] &lt;/a&gt;&lt;/th&gt;
	&lt;/tr&gt;
	&lt;tr&gt;
		&lt;td class="tabelatd2"&gt;15&lt;/td&gt;
		&lt;td class="tabelatd2"&gt;Tipo Cobranca&lt;/td&gt;
		&lt;td class="tabelatd2"&gt;10/10/2018&lt;/td&gt;
		&lt;td class="tabelatd2"&gt;110.00&lt;/td&gt;
		&lt;td class="tabelatd2"&gt;0.00&lt;/td&gt;
		&lt;td class="tabelatd2"&gt;Em aberto&lt;/td&gt;
		&lt;td class="tabelatd2"&gt;2-Fulano de Tal (111.111.111-11)&lt;/td&gt;
		&lt;td class="tabelatd2"&gt;0F&lt;/td&gt;
		&lt;td class="tabelatd2"&gt;Patrimonial&lt;/td&gt;
&lt;th class="tabelatd2" border="1"&gt;&lt;a class="noPrint" href="?class=BaixarParcela&amp;id=15"&gt;[Baixar&amp;nbsp;parcela] &lt;/a&gt;&lt;a class="noPrint" href="?class=ImprimirParcela&amp;id=15"&gt;[Imprimir&amp;nbsp;parcela] &lt;/a&gt;&lt;/th&gt;
	&lt;/tr&gt;
	&lt;tr&gt;
		&lt;td class="tabelatd1"&gt;19&lt;/td&gt;
		&lt;td class="tabelatd1"&gt;Tipo Cobranca&lt;/td&gt;
		&lt;td class="tabelatd1"&gt;10/10/2018&lt;/td&gt;
		&lt;td class="tabelatd1"&gt;110.00&lt;/td&gt;
		&lt;td class="tabelatd1"&gt;0.00&lt;/td&gt;
		&lt;td class="tabelatd1"&gt;Em aberto&lt;/td&gt;
		&lt;td class="tabelatd1"&gt;2-Fulano de Tal (111.111.111-11)&lt;/td&gt;
		&lt;td class="tabelatd1"&gt;0F&lt;/td&gt;
		&lt;td class="tabelatd1"&gt;Patrimonial&lt;/td&gt;
&lt;th class="tabelatd1" border="1"&gt;&lt;a class="noPrint" href="?class=BaixarParcela&amp;id=19"&gt;[Baixar&amp;nbsp;parcela] &lt;/a&gt;&lt;a class="noPrint" href="?class=ImprimirParcela&amp;id=19"&gt;[Imprimir&amp;nbsp;parcela] &lt;/a&gt;&lt;/th&gt;
	&lt;/tr&gt;
	&lt;tr&gt;
		&lt;td class="tabelatd2"&gt;23&lt;/td&gt;
		&lt;td class="tabelatd2"&gt;Tipo Cobranca&lt;/td&gt;
		&lt;td class="tabelatd2"&gt;10/10/2018&lt;/td&gt;
		&lt;td class="tabelatd2"&gt;110.00&lt;/td&gt;
		&lt;td class="tabelatd2"&gt;0.00&lt;/td&gt;
		&lt;td class="tabelatd2"&gt;Em aberto&lt;/td&gt;
		&lt;td class="tabelatd2"&gt;2-Fulano de Tal (111.111.111-11)&lt;/td&gt;
		&lt;td class="tabelatd2"&gt;0F&lt;/td&gt;
		&lt;td class="tabelatd2"&gt;Patrimonial&lt;/td&gt;
&lt;th class="tabelatd2" border="1"&gt;&lt;a class="noPrint" href="?class=BaixarParcela&amp;id=23"&gt;[Baixar&amp;nbsp;parcela] &lt;/a&gt;&lt;a class="noPrint" href="?class=ImprimirParcela&amp;id=23"&gt;[Imprimir&amp;nbsp;parcela] &lt;/a&gt;&lt;/th&gt;
	&lt;/tr&gt;
	&lt;tr&gt;
		&lt;td class="tabelatd1"&gt;27&lt;/td&gt;
		&lt;td class="tabelatd1"&gt;Tipo Cobranca&lt;/td&gt;
		&lt;td class="tabelatd1"&gt;10/10/2018&lt;/td&gt;
		&lt;td class="tabelatd1"&gt;110.00&lt;/td&gt;
		&lt;td class="tabelatd1"&gt;0.00&lt;/td&gt;
		&lt;td class="tabelatd1"&gt;Em aberto&lt;/td&gt;
		&lt;td class="tabelatd1"&gt;2-Fulano de Tal (111.111.111-11)&lt;/td&gt;
		&lt;td class="tabelatd1"&gt;0F&lt;/td&gt;
		&lt;td class="tabelatd1"&gt;Patrimonial&lt;/td&gt;
&lt;th class="tabelatd1" border="1"&gt;&lt;a class="noPrint" href="?class=BaixarParcela&amp;id=27"&gt;[Baixar&amp;nbsp;parcela] &lt;/a&gt;&lt;a class="noPrint" href="?class=ImprimirParcela&amp;id=27"&gt;[Imprimir&amp;nbsp;parcela] &lt;/a&gt;&lt;/th&gt;
	&lt;/tr&gt;
	&lt;tr&gt;
		&lt;td class="tabelatd2"&gt;34&lt;/td&gt;
		&lt;td class="tabelatd2"&gt;Tipo Cobranca&lt;/td&gt;
		&lt;td class="tabelatd2"&gt;10/10/2018&lt;/td&gt;
		&lt;td class="tabelatd2"&gt;110.00&lt;/td&gt;
		&lt;td class="tabelatd2"&gt;0.00&lt;/td&gt;
		&lt;td class="tabelatd2"&gt;Em aberto&lt;/td&gt;
		&lt;td class="tabelatd2"&gt;2-Fulano de Tal (111.111.111-11)&lt;/td&gt;
		&lt;td class="tabelatd2"&gt;0F&lt;/td&gt;
		&lt;td class="tabelatd2"&gt;Patrimonial&lt;/td&gt;
&lt;th class="tabelatd2" border="1"&gt;&lt;a class="noPrint" href="?class=BaixarParcela&amp;id=34"&gt;[Baixar&amp;nbsp;parcela] &lt;/a&gt;&lt;a class="noPrint" href="?class=ImprimirParcela&amp;id=34"&gt;[Imprimir&amp;nbsp;parcela] &lt;/a&gt;&lt;/th&gt;
	&lt;/tr&gt;
	&lt;tr&gt;
		&lt;td class="tabelatd1"&gt;42&lt;/td&gt;
		&lt;td class="tabelatd1"&gt;Tipo Cobranca&lt;/td&gt;
		&lt;td class="tabelatd1"&gt;10/10/2018&lt;/td&gt;
		&lt;td class="tabelatd1"&gt;110.00&lt;/td&gt;
		&lt;td class="tabelatd1"&gt;0.00&lt;/td&gt;
		&lt;td class="tabelatd1"&gt;Em aberto&lt;/td&gt;
		&lt;td class="tabelatd1"&gt;2-Fulano de Tal (111.111.111-11)&lt;/td&gt;
		&lt;td class="tabelatd1"&gt;0F&lt;/td&gt;
		&lt;td class="tabelatd1"&gt;Patrimonial&lt;/td&gt;
&lt;th class="tabelatd1" border="1"&gt;&lt;a class="noPrint" href="?class=BaixarParcela&amp;id=42"&gt;[Baixar&amp;nbsp;parcela] &lt;/a&gt;&lt;a class="noPrint" href="?class=ImprimirParcela&amp;id=42"&gt;[Imprimir&amp;nbsp;parcela] &lt;/a&gt;&lt;/th&gt;
	&lt;/tr&gt;
	&lt;tr&gt;
		&lt;td class="tabelatd2"&gt;53&lt;/td&gt;
		&lt;td class="tabelatd2"&gt;Tipo Cobranca&lt;/td&gt;
		&lt;td class="tabelatd2"&gt;10/10/2018&lt;/td&gt;
		&lt;td class="tabelatd2"&gt;110.00&lt;/td&gt;
		&lt;td class="tabelatd2"&gt;0.00&lt;/td&gt;
		&lt;td class="tabelatd2"&gt;Em aberto&lt;/td&gt;
		&lt;td class="tabelatd2"&gt;2-Fulano de Tal (111.111.111-11)&lt;/td&gt;
		&lt;td class="tabelatd2"&gt;0F&lt;/td&gt;
		&lt;td class="tabelatd2"&gt;Patrimonial&lt;/td&gt;
&lt;th class="tabelatd2" border="1"&gt;&lt;a class="noPrint" href="?class=BaixarParcela&amp;id=53"&gt;[Baixar&amp;nbsp;parcela] &lt;/a&gt;&lt;a class="noPrint" href="?class=ImprimirParcela&amp;id=53"&gt;[Imprimir&amp;nbsp;parcela] &lt;/a&gt;&lt;/th&gt;
	&lt;/tr&gt;
	&lt;tr&gt;
		&lt;td class="tabelatd1"&gt;66&lt;/td&gt;
		&lt;td class="tabelatd1"&gt;Tipo Cobranca&lt;/td&gt;
		&lt;td class="tabelatd1"&gt;10/10/2018&lt;/td&gt;
		&lt;td class="tabelatd1"&gt;110.00&lt;/td&gt;
		&lt;td class="tabelatd1"&gt;0.00&lt;/td&gt;
		&lt;td class="tabelatd1"&gt;Em aberto&lt;/td&gt;
		&lt;td class="tabelatd1"&gt;2-Fulano de Tal (111.111.111-11)&lt;/td&gt;
		&lt;td class="tabelatd1"&gt;0F&lt;/td&gt;
		&lt;td class="tabelatd1"&gt;Patrimonial&lt;/td&gt;
&lt;th class="tabelatd1" border="1"&gt;&lt;a class="noPrint" href="?class=BaixarParcela&amp;id=66"&gt;[Baixar&amp;nbsp;parcela] &lt;/a&gt;&lt;a class="noPrint" href="?class=ImprimirParcela&amp;id=66"&gt;[Imprimir&amp;nbsp;parcela] &lt;/a&gt;&lt;/th&gt;
	&lt;/tr&gt;
	&lt;tr&gt;
		&lt;td class="tabelatd2"&gt;81&lt;/td&gt;
		&lt;td class="tabelatd2"&gt;Tipo Cobranca&lt;/td&gt;
		&lt;td class="tabelatd2"&gt;10/10/2018&lt;/td&gt;
		&lt;td class="tabelatd2"&gt;110.00&lt;/td&gt;
		&lt;td class="tabelatd2"&gt;0.00&lt;/td&gt;
		&lt;td class="tabelatd2"&gt;Em aberto&lt;/td&gt;
		&lt;td class="tabelatd2"&gt;2-Fulano de Tal (111.111.111-11)&lt;/td&gt;
		&lt;td class="tabelatd2"&gt;0F&lt;/td&gt;
		&lt;td class="tabelatd2"&gt;Patrimonial&lt;/td&gt;
&lt;th class="tabelatd2" border="1"&gt;&lt;a class="noPrint" href="?class=BaixarParcela&amp;id=81"&gt;[Baixar&amp;nbsp;parcela] &lt;/a&gt;&lt;a class="noPrint" href="?class=ImprimirParcela&amp;id=81"&gt;[Imprimir&amp;nbsp;parcela] &lt;/a&gt;&lt;/th&gt;
	&lt;/tr&gt;
	&lt;tr&gt;
		&lt;td class="tabelatd1"&gt;97&lt;/td&gt;
		&lt;td class="tabelatd1"&gt;Tipo Cobranca&lt;/td&gt;
		&lt;td class="tabelatd1"&gt;10/10/2018&lt;/td&gt;
		&lt;td class="tabelatd1"&gt;110.00&lt;/td&gt;
		&lt;td class="tabelatd1"&gt;0.00&lt;/td&gt;
		&lt;td class="tabelatd1"&gt;Em aberto&lt;/td&gt;
		&lt;td class="tabelatd1"&gt;2-Fulano de Tal (111.111.111-11)&lt;/td&gt;
		&lt;td class="tabelatd1"&gt;0F&lt;/td&gt;
		&lt;td class="tabelatd1"&gt;Patrimonial&lt;/td&gt;
&lt;th class="tabelatd1" border="1"&gt;&lt;a class="noPrint" href="?class=BaixarParcela&amp;id=97"&gt;[Baixar&amp;nbsp;parcela] &lt;/a&gt;&lt;a class="noPrint" href="?class=ImprimirParcela&amp;id=97"&gt;[Imprimir&amp;nbsp;parcela] &lt;/a&gt;&lt;/th&gt;
	&lt;/tr&gt;
	&lt;tr&gt;
		&lt;td class="tabelatd2"&gt;124&lt;/td&gt;
		&lt;td class="tabelatd2"&gt;Tipo Cobranca&lt;/td&gt;
		&lt;td class="tabelatd2"&gt;10/10/2018&lt;/td&gt;
		&lt;td class="tabelatd2"&gt;110.00&lt;/td&gt;
		&lt;td class="tabelatd2"&gt;0.00&lt;/td&gt;
		&lt;td class="tabelatd2"&gt;Em aberto&lt;/td&gt;
		&lt;td class="tabelatd2"&gt;2-Fulano de Tal (111.111.111-11)&lt;/td&gt;
		&lt;td class="tabelatd2"&gt;0F&lt;/td&gt;
		&lt;td class="tabelatd2"&gt;Patrimonial&lt;/td&gt;
&lt;th class="tabelatd2" border="1"&gt;&lt;a class="noPrint" href="?class=BaixarParcela&amp;id=124"&gt;[Baixar&amp;nbsp;parcela] &lt;/a&gt;&lt;a class="noPrint" href="?class=ImprimirParcela&amp;id=124"&gt;[Imprimir&amp;nbsp;parcela] &lt;/a&gt;&lt;/th&gt;
	&lt;/tr&gt;
	&lt;tr&gt;
		&lt;td class="tabelatd1"&gt;148&lt;/td&gt;
		&lt;td class="tabelatd1"&gt;Tipo Cobranca&lt;/td&gt;
		&lt;td class="tabelatd1"&gt;10/10/2018&lt;/td&gt;
		&lt;td class="tabelatd1"&gt;110.00&lt;/td&gt;
		&lt;td class="tabelatd1"&gt;0.00&lt;/td&gt;
		&lt;td class="tabelatd1"&gt;Em aberto&lt;/td&gt;
		&lt;td class="tabelatd1"&gt;2-Fulano de Tal (111.111.111-11)&lt;/td&gt;
		&lt;td class="tabelatd1"&gt;0F&lt;/td&gt;
		&lt;td class="tabelatd1"&gt;Patrimonial&lt;/td&gt;
&lt;th class="tabelatd1" border="1"&gt;&lt;a class="noPrint" href="?class=BaixarParcela&amp;id=148"&gt;[Baixar&amp;nbsp;parcela] &lt;/a&gt;&lt;a class="noPrint" href="?class=ImprimirParcela&amp;id=148"&gt;[Imprimir&amp;nbsp;parcela] &lt;/a&gt;&lt;/th&gt;
	&lt;/tr&gt;
	&lt;tr&gt;
		&lt;td class="tabelatd2"&gt;168&lt;/td&gt;
		&lt;td class="tabelatd2"&gt;Tipo Cobranca&lt;/td&gt;
		&lt;td class="tabelatd2"&gt;10/10/2018&lt;/td&gt;
		&lt;td class="tabelatd2"&gt;110.00&lt;/td&gt;
		&lt;td class="tabelatd2"&gt;0.00&lt;/td&gt;
		&lt;td class="tabelatd2"&gt;Em aberto&lt;/td&gt;
		&lt;td class="tabelatd2"&gt;2-Fulano de Tal (111.111.111-11)&lt;/td&gt;
		&lt;td class="tabelatd2"&gt;0F&lt;/td&gt;
		&lt;td class="tabelatd2"&gt;Patrimonial&lt;/td&gt;
&lt;th class="tabelatd2" border="1"&gt;&lt;a class="noPrint" href="?class=BaixarParcela&amp;id=168"&gt;[Baixar&amp;nbsp;parcela] &lt;/a&gt;&lt;a class="noPrint" href="?class=ImprimirParcela&amp;id=168"&gt;[Imprimir&amp;nbsp;parcela] &lt;/a&gt;&lt;/th&gt;
	&lt;/tr&gt;
	&lt;tr&gt;
		&lt;td class="tabelatd1"&gt;188&lt;/td&gt;
		&lt;td class="tabelatd1"&gt;Tipo Cobranca&lt;/td&gt;
		&lt;td class="tabelatd1"&gt;10/10/2018&lt;/td&gt;
		&lt;td class="tabelatd1"&gt;110.00&lt;/td&gt;
		&lt;td class="tabelatd1"&gt;0.00&lt;/td&gt;
		&lt;td class="tabelatd1"&gt;Em aberto&lt;/td&gt;
		&lt;td class="tabelatd1"&gt;2-Fulano de Tal (111.111.111-11)&lt;/td&gt;
		&lt;td class="tabelatd1"&gt;0F&lt;/td&gt;
		&lt;td class="tabelatd1"&gt;Patrimonial&lt;/td&gt;
&lt;th class="tabelatd1" border="1"&gt;&lt;a class="noPrint" href="?class=BaixarParcela&amp;id=188"&gt;[Baixar&amp;nbsp;parcela] &lt;/a&gt;&lt;a class="noPrint" href="?class=ImprimirParcela&amp;id=188"&gt;[Imprimir&amp;nbsp;parcela] &lt;/a&gt;&lt;/th&gt;
	&lt;/tr&gt;
	&lt;tr&gt;
		&lt;td class="tabelatd2"&gt;208&lt;/td&gt;
		&lt;td class="tabelatd2"&gt;Tipo Cobranca&lt;/td&gt;
		&lt;td class="tabelatd2"&gt;10/10/2018&lt;/td&gt;
		&lt;td class="tabelatd2"&gt;110.00&lt;/td&gt;
		&lt;td class="tabelatd2"&gt;0.00&lt;/td&gt;
		&lt;td class="tabelatd2"&gt;Em aberto&lt;/td&gt;
		&lt;td class="tabelatd2"&gt;2-Fulano de Tal (111.111.111-11)&lt;/td&gt;
		&lt;td class="tabelatd2"&gt;0F&lt;/td&gt;
		&lt;td class="tabelatd2"&gt;Patrimonial&lt;/td&gt;
&lt;th class="tabelatd2" border="1"&gt;&lt;a class="noPrint" href="?class=BaixarParcela&amp;id=208"&gt;[Baixar&amp;nbsp;parcela] &lt;/a&gt;&lt;a class="noPrint" href="?class=ImprimirParcela&amp;id=208"&gt;[Imprimir&amp;nbsp;parcela] &lt;/a&gt;&lt;/th&gt;
	&lt;/tr&gt;
	&lt;tr&gt;
		&lt;td class="tabelatd1"&gt;231&lt;/td&gt;
		&lt;td class="tabelatd1"&gt;Tipo Cobranca&lt;/td&gt;
		&lt;td class="tabelatd1"&gt;10/10/2018&lt;/td&gt;
		&lt;td class="tabelatd1"&gt;110.00&lt;/td&gt;
		&lt;td class="tabelatd1"&gt;0.00&lt;/td&gt;
		&lt;td class="tabelatd1"&gt;Em aberto&lt;/td&gt;
		&lt;td class="tabelatd1"&gt;2-Fulano de Tal (111.111.111-11)&lt;/td&gt;
		&lt;td class="tabelatd1"&gt;0F&lt;/td&gt;
		&lt;td class="tabelatd1"&gt;Patrimonial&lt;/td&gt;
&lt;th class="tabelatd1" border="1"&gt;&lt;a class="noPrint" href="?class=BaixarParcela&amp;id=231"&gt;[Baixar&amp;nbsp;parcela] &lt;/a&gt;&lt;a class="noPrint" href="?class=ImprimirParcela&amp;id=231"&gt;[Imprimir&amp;nbsp;parcela] &lt;/a&gt;&lt;/th&gt;
	&lt;/tr&gt;
	&lt;tr&gt;
		&lt;td class="tabelatd2"&gt;254&lt;/td&gt;
		&lt;td class="tabelatd2"&gt;Tipo Cobranca&lt;/td&gt;
		&lt;td class="tabelatd2"&gt;10/10/2018&lt;/td&gt;
		&lt;td class="tabelatd2"&gt;110.00&lt;/td&gt;
		&lt;td class="tabelatd2"&gt;0.00&lt;/td&gt;
		&lt;td class="tabelatd2"&gt;Em aberto&lt;/td&gt;
		&lt;td class="tabelatd2"&gt;2-Fulano de Tal (111.111.111-11)&lt;/td&gt;
		&lt;td class="tabelatd2"&gt;0F&lt;/td&gt;
		&lt;td class="tabelatd2"&gt;Patrimonial&lt;/td&gt;
&lt;th class="tabelatd2" border="1"&gt;&lt;a class="noPrint" href="?class=BaixarParcela&amp;id=254"&gt;[Baixar&amp;nbsp;parcela] &lt;/a&gt;&lt;a class="noPrint" href="?class=ImprimirParcela&amp;id=254"&gt;[Imprimir&amp;nbsp;parcela] &lt;/a&gt;&lt;/th&gt;
	&lt;/tr&gt;
	&lt;tr&gt;
		&lt;td class="tabelatd1"&gt;279&lt;/td&gt;
		&lt;td class="tabelatd1"&gt;Tipo Cobranca&lt;/td&gt;
		&lt;td class="tabelatd1"&gt;10/10/2018&lt;/td&gt;
		&lt;td class="tabelatd1"&gt;110.00&lt;/td&gt;
		&lt;td class="tabelatd1"&gt;0.00&lt;/td&gt;
		&lt;td class="tabelatd1"&gt;Em aberto&lt;/td&gt;
		&lt;td class="tabelatd1"&gt;2-Fulano de Tal (111.111.111-11)&lt;/td&gt;
		&lt;td class="tabelatd1"&gt;0F&lt;/td&gt;
		&lt;td class="tabelatd1"&gt;Patrimonial&lt;/td&gt;
&lt;th class="tabelatd1" border="1"&gt;&lt;a class="noPrint" href="?class=BaixarParcela&amp;id=279"&gt;[Baixar&amp;nbsp;parcela] &lt;/a&gt;&lt;a class="noPrint" href="?class=ImprimirParcela&amp;id=279"&gt;[Imprimir&amp;nbsp;parcela] &lt;/a&gt;&lt;/th&gt;
	&lt;/tr&gt;
	&lt;tr&gt;
		&lt;td class="tabelatd2"&gt;306&lt;/td&gt;
		&lt;td class="tabelatd2"&gt;Tipo Cobranca&lt;/td&gt;
		&lt;td class="tabelatd2"&gt;10/10/2018&lt;/td&gt;
		&lt;td class="tabelatd2"&gt;110.00&lt;/td&gt;
		&lt;td class="tabelatd2"&gt;0.00&lt;/td&gt;
		&lt;td class="tabelatd2"&gt;Em aberto&lt;/td&gt;
		&lt;td class="tabelatd2"&gt;2-Fulano de Tal (111.111.111-11)&lt;/td&gt;
		&lt;td class="tabelatd2"&gt;0F&lt;/td&gt;
		&lt;td class="tabelatd2"&gt;Patrimonial&lt;/td&gt;
&lt;th class="tabelatd2" border="1"&gt;&lt;a class="noPrint" href="?class=BaixarParcela&amp;id=306"&gt;[Baixar&amp;nbsp;parcela] &lt;/a&gt;&lt;a class="noPrint" href="?class=ImprimirParcela&amp;id=306"&gt;[Imprimir&amp;nbsp;parcela] &lt;/a&gt;&lt;/th&gt;
	&lt;/tr&gt;
	&lt;tr&gt;
		&lt;td class="tabelatd1"&gt;335&lt;/td&gt;
		&lt;td class="tabelatd1"&gt;Tipo Cobranca&lt;/td&gt;
		&lt;td class="tabelatd1"&gt;10/10/2018&lt;/td&gt;
		&lt;td class="tabelatd1"&gt;110.00&lt;/td&gt;
		&lt;td class="tabelatd1"&gt;0.00&lt;/td&gt;
		&lt;td class="tabelatd1"&gt;Em aberto&lt;/td&gt;
		&lt;td class="tabelatd1"&gt;2-Fulano de Tal (111.111.111-11)&lt;/td&gt;
		&lt;td class="tabelatd1"&gt;0F&lt;/td&gt;
		&lt;td class="tabelatd1"&gt;Patrimonial&lt;/td&gt;
&lt;th class="tabelatd1" border="1"&gt;&lt;a class="noPrint" href="?class=BaixarParcela&amp;id=335"&gt;[Baixar&amp;nbsp;parcela] &lt;/a&gt;&lt;a class="noPrint" href="?class=ImprimirParcela&amp;id=335"&gt;[Imprimir&amp;nbsp;parcela] &lt;/a&gt;&lt;/th&gt;
	&lt;/tr&gt;
	&lt;tr&gt;
		&lt;td class="tabelatd2"&gt;366&lt;/td&gt;
		&lt;td class="tabelatd2"&gt;Tipo Cobranca&lt;/td&gt;
		&lt;td class="tabelatd2"&gt;10/10/2018&lt;/td&gt;
		&lt;td class="tabelatd2"&gt;110.00&lt;/td&gt;
		&lt;td class="tabelatd2"&gt;0.00&lt;/td&gt;
		&lt;td class="tabelatd2"&gt;Em aberto&lt;/td&gt;
		&lt;td class="tabelatd2"&gt;2-Fulano de Tal (111.111.111-11)&lt;/td&gt;
		&lt;td class="tabelatd2"&gt;0F&lt;/td&gt;
		&lt;td class="tabelatd2"&gt;Patrimonial&lt;/td&gt;
&lt;th class="tabelatd2" border="1"&gt;&lt;a class="noPrint" href="?class=BaixarParcela&amp;id=366"&gt;[Baixar&amp;nbsp;parcela] &lt;/a&gt;&lt;a class="noPrint" href="?class=ImprimirParcela&amp;id=366"&gt;[Imprimir&amp;nbsp;parcela] &lt;/a&gt;&lt;/th&gt;
	&lt;/tr&gt;
	&lt;tr&gt;
		&lt;td class="tabelatd1"&gt;399&lt;/td&gt;
		&lt;td class="tabelatd1"&gt;Tipo Cobranca&lt;/td&gt;
		&lt;td class="tabelatd1"&gt;10/10/2018&lt;/td&gt;
		&lt;td class="tabelatd1"&gt;110.00&lt;/td&gt;
		&lt;td class="tabelatd1"&gt;0.00&lt;/td&gt;
		&lt;td class="tabelatd1"&gt;Em aberto&lt;/td&gt;
		&lt;td class="tabelatd1"&gt;2-Fulano de Tal (111.111.111-11)&lt;/td&gt;
		&lt;td class="tabelatd1"&gt;0F&lt;/td&gt;
		&lt;td class="tabelatd1"&gt;Patrimonial&lt;/td&gt;
&lt;th class="tabelatd1" border="1"&gt;&lt;a class="noPrint" href="?class=BaixarParcela&amp;id=399"&gt;[Baixar&amp;nbsp;parcela] &lt;/a&gt;&lt;a class="noPrint" href="?class=ImprimirParcela&amp;id=399"&gt;[Imprimir&amp;nbsp;parcela] &lt;/a&gt;&lt;/th&gt;
	&lt;/tr&gt;
	&lt;tr&gt;
		&lt;td class="tabelatd2"&gt;434&lt;/td&gt;
		&lt;td class="tabelatd2"&gt;Tipo Cobranca&lt;/td&gt;
		&lt;td class="tabelatd2"&gt;10/10/2018&lt;/td&gt;
		&lt;td class="tabelatd2"&gt;110.00&lt;/td&gt;
		&lt;td class="tabelatd2"&gt;0.00&lt;/td&gt;
		&lt;td class="tabelatd2"&gt;Em aberto&lt;/td&gt;
		&lt;td class="tabelatd2"&gt;2-Fulano de Tal (111.111.111-11)&lt;/td&gt;
		&lt;td class="tabelatd2"&gt;0F&lt;/td&gt;
		&lt;td class="tabelatd2"&gt;Patrimonial&lt;/td&gt;
&lt;th class="tabelatd2" border="1"&gt;&lt;a class="noPrint" href="?class=BaixarParcela&amp;id=434"&gt;[Baixar&amp;nbsp;parcela] &lt;/a&gt;&lt;a class="noPrint" href="?class=ImprimirParcela&amp;id=434"&gt;[Imprimir&amp;nbsp;parcela] &lt;/a&gt;&lt;/th&gt;
	&lt;/tr&gt;
	&lt;tr&gt;
		&lt;td class="tabelatd1"&gt;2&lt;/td&gt;
		&lt;td class="tabelatd1"&gt;Tipo Cobranca&lt;/td&gt;
		&lt;td class="tabelatd1"&gt;10/10/2018&lt;/td&gt;
		&lt;td class="tabelatd1"&gt;110.00&lt;/td&gt;
		&lt;td class="tabelatd1"&gt;0.00&lt;/td&gt;
		&lt;td class="tabelatd1"&gt;Em aberto&lt;/td&gt;
		&lt;td class="tabelatd1"&gt;1-Fulano de Tal (652.392.539-00)&lt;/td&gt;
		&lt;td class="tabelatd1"&gt;1&lt;/td&gt;
		&lt;td class="tabelatd1"&gt;Patrimonial&lt;/td&gt;
&lt;th class="tabelatd1" border="1"&gt;&lt;a class="noPrint" href="?class=BaixarParcela&amp;id=2"&gt;[Baixar&amp;nbsp;parcela] &lt;/a&gt;&lt;a class="noPrint" href="?class=ImprimirParcela&amp;id=2"&gt;[Imprimir&amp;nbsp;parcela] &lt;/a&gt;&lt;/th&gt;
	&lt;/tr&gt;
	&lt;tr&gt;
		&lt;td class="tabelatd2"&gt;6&lt;/td&gt;
		&lt;td class="tabelatd2"&gt;Tipo Cobranca&lt;/td&gt;
		&lt;td class="tabelatd2"&gt;10/10/2018&lt;/td&gt;
		&lt;td class="tabelatd2"&gt;110.00&lt;/td&gt;
		&lt;td class="tabelatd2"&gt;0.00&lt;/td&gt;
		&lt;td class="tabelatd2"&gt;Em aberto&lt;/td&gt;
		&lt;td class="tabelatd2"&gt;1-Fulano de Tal (652.392.539-00)&lt;/td&gt;
		&lt;td class="tabelatd2"&gt;1&lt;/td&gt;
		&lt;td class="tabelatd2"&gt;Patrimonial&lt;/td&gt;
&lt;th class="tabelatd2" border="1"&gt;&lt;a class="noPrint" href="?class=BaixarParcela&amp;id=6"&gt;[Baixar&amp;nbsp;parcela] &lt;/a&gt;&lt;a class="noPrint" href="?class=ImprimirParcela&amp;id=6"&gt;[Imprimir&amp;nbsp;parcela] &lt;/a&gt;&lt;/th&gt;
	&lt;/tr&gt;
	&lt;tr&gt;
		&lt;td class="tabelatd1"&gt;10&lt;/td&gt;
		&lt;td class="tabelatd1"&gt;Tipo Cobranca&lt;/td&gt;
		&lt;td class="tabelatd1"&gt;10/10/2018&lt;/td&gt;
		&lt;td class="tabelatd1"&gt;110.00&lt;/td&gt;
		&lt;td class="tabelatd1"&gt;0.00&lt;/td&gt;
		&lt;td class="tabelatd1"&gt;Em aberto&lt;/td&gt;
		&lt;td class="tabelatd1"&gt;1-Fulano de Tal (652.392.539-00)&lt;/td&gt;
		&lt;td class="tabelatd1"&gt;1&lt;/td&gt;
		&lt;td class="tabelatd1"&gt;Patrimonial&lt;/td&gt;
&lt;th class="tabelatd1" border="1"&gt;&lt;a class="noPrint" href="?class=BaixarParcela&amp;id=10"&gt;[Baixar&amp;nbsp;parcela] &lt;/a&gt;&lt;a class="noPrint" href="?class=ImprimirParcela&amp;id=10"&gt;[Imprimir&amp;nbsp;parcela] &lt;/a&gt;&lt;/th&gt;
	&lt;/tr&gt;
	&lt;tr&gt;
		&lt;td class="tabelatd2"&gt;14&lt;/td&gt;
		&lt;td class="tabelatd2"&gt;Tipo Cobranca&lt;/td&gt;
		&lt;td class="tabelatd2"&gt;10/10/2018&lt;/td&gt;
		&lt;td class="tabelatd2"&gt;110.00&lt;/td&gt;
		&lt;td class="tabelatd2"&gt;0.00&lt;/td&gt;
		&lt;td class="tabelatd2"&gt;Em aberto&lt;/td&gt;
		&lt;td class="tabelatd2"&gt;1-Fulano de Tal (652.392.539-00)&lt;/td&gt;
		&lt;td class="tabelatd2"&gt;1&lt;/td&gt;
		&lt;td class="tabelatd2"&gt;Patrimonial&lt;/td&gt;
&lt;th class="tabelatd2" border="1"&gt;&lt;a class="noPrint" href="?class=BaixarParcela&amp;id=14"&gt;[Baixar&amp;nbsp;parcela] &lt;/a&gt;&lt;a class="noPrint" href="?class=ImprimirParcela&amp;id=14"&gt;[Imprimir&amp;nbsp;parcela] &lt;/a&gt;&lt;/th&gt;
	&lt;/tr&gt;
	&lt;tr&gt;
		&lt;td class="tabelatd1"&gt;18&lt;/td&gt;
		&lt;td class="tabelatd1"&gt;Tipo Cobranca&lt;/td&gt;
		&lt;td class="tabelatd1"&gt;10/10/2018&lt;/td&gt;
		&lt;td class="tabelatd1"&gt;110.00&lt;/td&gt;
		&lt;td class="tabelatd1"&gt;0.00&lt;/td&gt;
		&lt;td class="tabelatd1"&gt;Em aberto&lt;/td&gt;
		&lt;td class="tabelatd1"&gt;1-Fulano de Tal (652.392.539-00)&lt;/td&gt;
		&lt;td class="tabelatd1"&gt;1&lt;/td&gt;
		&lt;td class="tabelatd1"&gt;Patrimonial&lt;/td&gt;
&lt;th class="tabelatd1" border="1"&gt;&lt;a class="noPrint" href="?class=BaixarParcela&amp;id=18"&gt;[Baixar&amp;nbsp;parcela] &lt;/a&gt;&lt;a class="noPrint" href="?class=ImprimirParcela&amp;id=18"&gt;[Imprimir&amp;nbsp;parcela] &lt;/a&gt;&lt;/th&gt;
	&lt;/tr&gt;
	&lt;tr&gt;
		&lt;td class="tabelatd2"&gt;22&lt;/td&gt;
		&lt;td class="tabelatd2"&gt;Tipo Cobranca&lt;/td&gt;
		&lt;td class="tabelatd2"&gt;10/10/2018&lt;/td&gt;
		&lt;td class="tabelatd2"&gt;110.00&lt;/td&gt;
		&lt;td class="tabelatd2"&gt;0.00&lt;/td&gt;
		&lt;td class="tabelatd2"&gt;Em aberto&lt;/td&gt;
		&lt;td class="tabelatd2"&gt;1-Fulano de Tal (652.392.539-00)&lt;/td&gt;
		&lt;td class="tabelatd2"&gt;1&lt;/td&gt;
		&lt;td class="tabelatd2"&gt;Patrimonial&lt;/td&gt;
&lt;th class="tabelatd2" border="1"&gt;&lt;a class="noPrint" href="?class=BaixarParcela&amp;id=22"&gt;[Baixar&amp;nbsp;parcela] &lt;/a&gt;&lt;a class="noPrint" href="?class=ImprimirParcela&amp;id=22"&gt;[Imprimir&amp;nbsp;parcela] &lt;/a&gt;&lt;/th&gt;
	&lt;/tr&gt;
	&lt;tr&gt;
		&lt;td class="tabelatd1"&gt;26&lt;/td&gt;
		&lt;td class="tabelatd1"&gt;Tipo Cobranca&lt;/td&gt;
		&lt;td class="tabelatd1"&gt;10/10/2018&lt;/td&gt;
		&lt;td class="tabelatd1"&gt;110.00&lt;/td&gt;
		&lt;td class="tabelatd1"&gt;0.00&lt;/td&gt;
		&lt;td class="tabelatd1"&gt;Em aberto&lt;/td&gt;
		&lt;td class="tabelatd1"&gt;1-Fulano de Tal (652.392.539-00)&lt;/td&gt;
		&lt;td class="tabelatd1"&gt;1&lt;/td&gt;
		&lt;td class="tabelatd1"&gt;Patrimonial&lt;/td&gt;
&lt;th class="tabelatd1" border="1"&gt;&lt;a class="noPrint" href="?class=BaixarParcela&amp;id=26"&gt;[Baixar&amp;nbsp;parcela] &lt;/a&gt;&lt;a class="noPrint" href="?class=ImprimirParcela&amp;id=26"&gt;[Imprimir&amp;nbsp;parcela] &lt;/a&gt;&lt;/th&gt;
	&lt;/tr&gt;
	&lt;tr&gt;
		&lt;td class="tabelatd2"&gt;33&lt;/td&gt;
		&lt;td class="tabelatd2"&gt;Tipo Cobranca&lt;/td&gt;
		&lt;td class="tabelatd2"&gt;10/10/2018&lt;/td&gt;
		&lt;td class="tabelatd2"&gt;110.00&lt;/td&gt;
		&lt;td class="tabelatd2"&gt;0.00&lt;/td&gt;
		&lt;td class="tabelatd2"&gt;Em aberto&lt;/td&gt;
		&lt;td class="tabelatd2"&gt;1-Fulano de Tal (652.392.539-00)&lt;/td&gt;
		&lt;td class="tabelatd2"&gt;1&lt;/td&gt;
		&lt;td class="tabelatd2"&gt;Patrimonial&lt;/td&gt;
&lt;th class="tabelatd2" border="1"&gt;&lt;a class="noPrint" href="?class=BaixarParcela&amp;id=33"&gt;[Baixar&amp;nbsp;parcela] &lt;/a&gt;&lt;a class="noPrint" href="?class=ImprimirParcela&amp;id=33"&gt;[Imprimir&amp;nbsp;parcela] &lt;/a&gt;&lt;/th&gt;
	&lt;/tr&gt;
	&lt;tr&gt;
		&lt;td class="tabelatd1"&gt;41&lt;/td&gt;
		&lt;td class="tabelatd1"&gt;Tipo Cobranca&lt;/td&gt;
		&lt;td class="tabelatd1"&gt;10/10/2018&lt;/td&gt;
		&lt;td class="tabelatd1"&gt;110.00&lt;/td&gt;
		&lt;td class="tabelatd1"&gt;0.00&lt;/td&gt;
		&lt;td class="tabelatd1"&gt;Em aberto&lt;/td&gt;
		&lt;td class="tabelatd1"&gt;1-Fulano de Tal (652.392.539-00)&lt;/td&gt;
		&lt;td class="tabelatd1"&gt;1&lt;/td&gt;
		&lt;td class="tabelatd1"&gt;Patrimonial&lt;/td&gt;
&lt;th class="tabelatd1" border="1"&gt;&lt;a class="noPrint" href="?class=BaixarParcela&amp;id=41"&gt;[Baixar&amp;nbsp;parcela] &lt;/a&gt;&lt;a class="noPrint" href="?class=ImprimirParcela&amp;id=41"&gt;[Imprimir&amp;nbsp;parcela] &lt;/a&gt;&lt;/th&gt;
	&lt;/tr&gt;
	&lt;tr&gt;
		&lt;td class="tabelatd2"&gt;52&lt;/td&gt;
		&lt;td class="tabelatd2"&gt;Tipo Cobranca&lt;/td&gt;
		&lt;td class="tabelatd2"&gt;10/10/2018&lt;/td&gt;
		&lt;td class="tabelatd2"&gt;110.00&lt;/td&gt;
		&lt;td class="tabelatd2"&gt;0.00&lt;/td&gt;
		&lt;td class="tabelatd2"&gt;Em aberto&lt;/td&gt;
		&lt;td class="tabelatd2"&gt;1-Fulano de Tal (652.392.539-00)&lt;/td&gt;
		&lt;td class="tabelatd2"&gt;1&lt;/td&gt;
		&lt;td class="tabelatd2"&gt;Patrimonial&lt;/td&gt;
&lt;th class="tabelatd2" border="1"&gt;&lt;a class="noPrint" href="?class=BaixarParcela&amp;id=52"&gt;[Baixar&amp;nbsp;parcela] &lt;/a&gt;&lt;a class="noPrint" href="?class=ImprimirParcela&amp;id=52"&gt;[Imprimir&amp;nbsp;parcela] &lt;/a&gt;&lt;/th&gt;
	&lt;/tr&gt;
	&lt;tr&gt;
		&lt;td class="tabelatd1"&gt;65&lt;/td&gt;
		&lt;td class="tabelatd1"&gt;Tipo Cobranca&lt;/td&gt;
		&lt;td class="tabelatd1"&gt;10/10/2018&lt;/td&gt;
		&lt;td class="tabelatd1"&gt;110.00&lt;/td&gt;
		&lt;td class="tabelatd1"&gt;0.00&lt;/td&gt;
		&lt;td class="tabelatd1"&gt;Em aberto&lt;/td&gt;
		&lt;td class="tabelatd1"&gt;1-Fulano de Tal (652.392.539-00)&lt;/td&gt;
		&lt;td class="tabelatd1"&gt;1&lt;/td&gt;
		&lt;td class="tabelatd1"&gt;Patrimonial&lt;/td&gt;
&lt;th class="tabelatd1" border="1"&gt;&lt;a class="noPrint" href="?class=BaixarParcela&amp;id=65"&gt;[Baixar&amp;nbsp;parcela] &lt;/a&gt;&lt;a class="noPrint" href="?class=ImprimirParcela&amp;id=65"&gt;[Imprimir&amp;nbsp;parcela] &lt;/a&gt;&lt;/th&gt;
	&lt;/tr&gt;
	&lt;tr&gt;
		&lt;td class="tabelatd2"&gt;80&lt;/td&gt;
		&lt;td class="tabelatd2"&gt;Tipo Cobranca&lt;/td&gt;
		&lt;td class="tabelatd2"&gt;10/10/2018&lt;/td&gt;
		&lt;td class="tabelatd2"&gt;110.00&lt;/td&gt;
		&lt;td class="tabelatd2"&gt;0.00&lt;/td&gt;
		&lt;td class="tabelatd2"&gt;Em aberto&lt;/td&gt;
		&lt;td class="tabelatd2"&gt;1-Fulano de Tal (652.392.539-00)&lt;/td&gt;
		&lt;td class="tabelatd2"&gt;1&lt;/td&gt;
		&lt;td class="tabelatd2"&gt;Patrimonial&lt;/td&gt;
&lt;th class="tabelatd2" border="1"&gt;&lt;a class="noPrint" href="?class=BaixarParcela&amp;id=80"&gt;[Baixar&amp;nbsp;parcela] &lt;/a&gt;&lt;a class="noPrint" href="?class=ImprimirParcela&amp;id=80"&gt;[Imprimir&amp;nbsp;parcela] &lt;/a&gt;&lt;/th&gt;
	&lt;/tr&gt;
	&lt;tr&gt;
		&lt;td class="tabelatd1"&gt;96&lt;/td&gt;
		&lt;td class="tabelatd1"&gt;Tipo Cobranca&lt;/td&gt;
		&lt;td class="tabelatd1"&gt;10/10/2018&lt;/td&gt;
		&lt;td class="tabelatd1"&gt;110.00&lt;/td&gt;
		&lt;td class="tabelatd1"&gt;0.00&lt;/td&gt;
		&lt;td class="tabelatd1"&gt;Em aberto&lt;/td&gt;
		&lt;td class="tabelatd1"&gt;1-Fulano de Tal (652.392.539-00)&lt;/td&gt;
		&lt;td class="tabelatd1"&gt;1&lt;/td&gt;
		&lt;td class="tabelatd1"&gt;Patrimonial&lt;/td&gt;
&lt;th class="tabelatd1" border="1"&gt;&lt;a class="noPrint" href="?class=BaixarParcela&amp;id=96"&gt;[Baixar&amp;nbsp;parcela] &lt;/a&gt;&lt;a class="noPrint" href="?class=ImprimirParcela&amp;id=96"&gt;[Imprimir&amp;nbsp;parcela] &lt;/a&gt;&lt;/th&gt;
	&lt;/tr&gt;
	&lt;tr&gt;
		&lt;td class="tabelatd2"&gt;123&lt;/td&gt;
		&lt;td class="tabelatd2"&gt;Tipo Cobranca&lt;/td&gt;
		&lt;td class="tabelatd2"&gt;10/10/2018&lt;/td&gt;
		&lt;td class="tabelatd2"&gt;110.00&lt;/td&gt;
		&lt;td class="tabelatd2"&gt;0.00&lt;/td&gt;
		&lt;td class="tabelatd2"&gt;Em aberto&lt;/td&gt;
		&lt;td class="tabelatd2"&gt;1-Fulano de Tal (652.392.539-00)&lt;/td&gt;
		&lt;td class="tabelatd2"&gt;1&lt;/td&gt;
		&lt;td class="tabelatd2"&gt;Patrimonial&lt;/td&gt;
&lt;th class="tabelatd2" border="1"&gt;&lt;a class="noPrint" href="?class=BaixarParcela&amp;id=123"&gt;[Baixar&amp;nbsp;parcela] &lt;/a&gt;&lt;a class="noPrint" href="?class=ImprimirParcela&amp;id=123"&gt;[Imprimir&amp;nbsp;parcela] &lt;/a&gt;&lt;/th&gt;
	&lt;/tr&gt;
	&lt;tr&gt;
		&lt;td class="tabelatd1"&gt;147&lt;/td&gt;
		&lt;td class="tabelatd1"&gt;Tipo Cobranca&lt;/td&gt;
		&lt;td class="tabelatd1"&gt;10/10/2018&lt;/td&gt;
		&lt;td class="tabelatd1"&gt;110.00&lt;/td&gt;
		&lt;td class="tabelatd1"&gt;0.00&lt;/td&gt;
		&lt;td class="tabelatd1"&gt;Em aberto&lt;/td&gt;
		&lt;td class="tabelatd1"&gt;1-Fulano de Tal (652.392.539-00)&lt;/td&gt;
		&lt;td class="tabelatd1"&gt;1&lt;/td&gt;
		&lt;td class="tabelatd1"&gt;Patrimonial&lt;/td&gt;
&lt;th class="tabelatd1" border="1"&gt;&lt;a class="noPrint" href="?class=BaixarParcela&amp;id=147"&gt;[Baixar&amp;nbsp;parcela] &lt;/a&gt;&lt;a class="noPrint" href="?class=ImprimirParcela&amp;id=147"&gt;[Imprimir&amp;nbsp;parcela] &lt;/a&gt;&lt;/th&gt;
	&lt;/tr&gt;
	&lt;tr&gt;
		&lt;td class="tabelatd2"&gt;167&lt;/td&gt;
		&lt;td class="tabelatd2"&gt;Tipo Cobranca&lt;/td&gt;
		&lt;td class="tabelatd2"&gt;10/10/2018&lt;/td&gt;
		&lt;td class="tabelatd2"&gt;110.00&lt;/td&gt;
		&lt;td class="tabelatd2"&gt;0.00&lt;/td&gt;
		&lt;td class="tabelatd2"&gt;Em aberto&lt;/td&gt;
		&lt;td class="tabelatd2"&gt;1-Fulano de Tal (652.392.539-00)&lt;/td&gt;
		&lt;td class="tabelatd2"&gt;1&lt;/td&gt;
		&lt;td class="tabelatd2"&gt;Patrimonial&lt;/td&gt;
&lt;th class="tabelatd2" border="1"&gt;&lt;a class="noPrint" href="?class=BaixarParcela&amp;id=167"&gt;[Baixar&amp;nbsp;parcela] &lt;/a&gt;&lt;a class="noPrint" href="?class=ImprimirParcela&amp;id=167"&gt;[Imprimir&amp;nbsp;parcela] &lt;/a&gt;&lt;/th&gt;
	&lt;/tr&gt;
	&lt;tr&gt;
		&lt;td class="tabelatd1"&gt;187&lt;/td&gt;
		&lt;td class="tabelatd1"&gt;Tipo Cobranca&lt;/td&gt;
		&lt;td class="tabelatd1"&gt;10/10/2018&lt;/td&gt;
		&lt;td class="tabelatd1"&gt;110.00&lt;/td&gt;
		&lt;td class="tabelatd1"&gt;0.00&lt;/td&gt;
		&lt;td class="tabelatd1"&gt;Em aberto&lt;/td&gt;
		&lt;td class="tabelatd1"&gt;1-Fulano de Tal (652.392.539-00)&lt;/td&gt;
		&lt;td class="tabelatd1"&gt;1&lt;/td&gt;
		&lt;td class="tabelatd1"&gt;Patrimonial&lt;/td&gt;
&lt;th class="tabelatd1" border="1"&gt;&lt;a class="noPrint" href="?class=BaixarParcela&amp;id=187"&gt;[Baixar&amp;nbsp;parcela] &lt;/a&gt;&lt;a class="noPrint" href="?class=ImprimirParcela&amp;id=187"&gt;[Imprimir&amp;nbsp;parcela] &lt;/a&gt;&lt;/th&gt;
	&lt;/tr&gt;
	&lt;tr&gt;
		&lt;td class="tabelatd2"&gt;207&lt;/td&gt;
		&lt;td class="tabelatd2"&gt;Tipo Cobranca&lt;/td&gt;
		&lt;td class="tabelatd2"&gt;10/10/2018&lt;/td&gt;
		&lt;td class="tabelatd2"&gt;110.00&lt;/td&gt;
		&lt;td class="tabelatd2"&gt;0.00&lt;/td&gt;
		&lt;td class="tabelatd2"&gt;Em aberto&lt;/td&gt;
		&lt;td class="tabelatd2"&gt;1-Fulano de Tal (652.392.539-00)&lt;/td&gt;
		&lt;td class="tabelatd2"&gt;1&lt;/td&gt;
		&lt;td class="tabelatd2"&gt;Patrimonial&lt;/td&gt;
&lt;th class="tabelatd2" border="1"&gt;&lt;a class="noPrint" href="?class=BaixarParcela&amp;id=207"&gt;[Baixar&amp;nbsp;parcela] &lt;/a&gt;&lt;a class="noPrint" href="?class=ImprimirParcela&amp;id=207"&gt;[Imprimir&amp;nbsp;parcela] &lt;/a&gt;&lt;/th&gt;
	&lt;/tr&gt;
	&lt;tr&gt;
		&lt;td class="tabelatd1"&gt;230&lt;/td&gt;
		&lt;td class="tabelatd1"&gt;Tipo Cobranca&lt;/td&gt;
		&lt;td class="tabelatd1"&gt;10/10/2018&lt;/td&gt;
		&lt;td class="tabelatd1"&gt;110.00&lt;/td&gt;
		&lt;td class="tabelatd1"&gt;0.00&lt;/td&gt;
		&lt;td class="tabelatd1"&gt;Em aberto&lt;/td&gt;
		&lt;td class="tabelatd1"&gt;1-Fulano de Tal (652.392.539-00)&lt;/td&gt;
		&lt;td class="tabelatd1"&gt;1&lt;/td&gt;
		&lt;td class="tabelatd1"&gt;Patrimonial&lt;/td&gt;
&lt;th class="tabelatd1" border="1"&gt;&lt;a class="noPrint" href="?class=BaixarParcela&amp;id=230"&gt;[Baixar&amp;nbsp;parcela] &lt;/a&gt;&lt;a class="noPrint" href="?class=ImprimirParcela&amp;id=230"&gt;[Imprimir&amp;nbsp;parcela] &lt;/a&gt;&lt;/th&gt;
	&lt;/tr&gt;
	&lt;tr&gt;
		&lt;td class="tabelatd2"&gt;45&lt;/td&gt;
		&lt;td class="tabelatd2"&gt;Tipo Cobranca&lt;/td&gt;
		&lt;td class="tabelatd2"&gt;10/10/2018&lt;/td&gt;
		&lt;td class="tabelatd2"&gt;110.00&lt;/td&gt;
		&lt;td class="tabelatd2"&gt;0.00&lt;/td&gt;
		&lt;td class="tabelatd2"&gt;Em aberto&lt;/td&gt;
		&lt;td class="tabelatd2"&gt;1-Fulano de Tal (652.392.539-00)&lt;/td&gt;
		&lt;td class="tabelatd2"&gt;1&lt;/td&gt;
		&lt;td class="tabelatd2"&gt;Patrimonial&lt;/td&gt;
&lt;th class="tabelatd2" border="1"&gt;&lt;a class="noPrint" href="?class=BaixarParcela&amp;id=45"&gt;[Baixar&amp;nbsp;parcela] &lt;/a&gt;&lt;a class="noPrint" href="?class=ImprimirParcela&amp;id=45"&gt;[Imprimir&amp;nbsp;parcela] &lt;/a&gt;&lt;/th&gt;
	&lt;/tr&gt;
	&lt;tr&gt;
		&lt;td class="tabelatd1"&gt;56&lt;/td&gt;
		&lt;td class="tabelatd1"&gt;Tipo Cobranca&lt;/td&gt;
		&lt;td class="tabelatd1"&gt;10/10/2018&lt;/td&gt;
		&lt;td class="tabelatd1"&gt;110.00&lt;/td&gt;
		&lt;td class="tabelatd1"&gt;0.00&lt;/td&gt;
		&lt;td class="tabelatd1"&gt;Em aberto&lt;/td&gt;
		&lt;td class="tabelatd1"&gt;1-Fulano de Tal (652.392.539-00)&lt;/td&gt;
		&lt;td class="tabelatd1"&gt;1&lt;/td&gt;
		&lt;td class="tabelatd1"&gt;Patrimonial&lt;/td&gt;
&lt;th class="tabelatd1" border="1"&gt;&lt;a class="noPrint" href="?class=BaixarParcela&amp;id=56"&gt;[Baixar&amp;nbsp;parcela] &lt;/a&gt;&lt;a class="noPrint" href="?class=ImprimirParcela&amp;id=56"&gt;[Imprimir&amp;nbsp;parcela] &lt;/a&gt;&lt;/th&gt;
	&lt;/tr&gt;
	&lt;tr&gt;
		&lt;td class="tabelatd2"&gt;69&lt;/td&gt;
		&lt;td class="tabelatd2"&gt;Tipo Cobranca&lt;/td&gt;
		&lt;td class="tabelatd2"&gt;10/10/2018&lt;/td&gt;
		&lt;td class="tabelatd2"&gt;110.00&lt;/td&gt;
		&lt;td class="tabelatd2"&gt;0.00&lt;/td&gt;
		&lt;td class="tabelatd2"&gt;Em aberto&lt;/td&gt;
		&lt;td class="tabelatd2"&gt;1-Fulano de Tal (652.392.539-00)&lt;/td&gt;
		&lt;td class="tabelatd2"&gt;1&lt;/td&gt;
		&lt;td class="tabelatd2"&gt;Patrimonial&lt;/td&gt;
&lt;th class="tabelatd2" border="1"&gt;&lt;a class="noPrint" href="?class=BaixarParcela&amp;id=69"&gt;[Baixar&amp;nbsp;parcela] &lt;/a&gt;&lt;a class="noPrint" href="?class=ImprimirParcela&amp;id=69"&gt;[Imprimir&amp;nbsp;parcela] &lt;/a&gt;&lt;/th&gt;
	&lt;/tr&gt;
	&lt;tr&gt;
		&lt;td class="tabelatd1"&gt;84&lt;/td&gt;
		&lt;td class="tabelatd1"&gt;Tipo Cobranca&lt;/td&gt;
		&lt;td class="tabelatd1"&gt;10/10/2018&lt;/td&gt;
		&lt;td class="tabelatd1"&gt;110.00&lt;/td&gt;
		&lt;td class="tabelatd1"&gt;0.00&lt;/td&gt;
		&lt;td class="tabelatd1"&gt;Em aberto&lt;/td&gt;
		&lt;td class="tabelatd1"&gt;1-Fulano de Tal (652.392.539-00)&lt;/td&gt;
		&lt;td class="tabelatd1"&gt;1&lt;/td&gt;
		&lt;td class="tabelatd1"&gt;Patrimonial&lt;/td&gt;
&lt;th class="tabelatd1" border="1"&gt;&lt;a class="noPrint" href="?class=BaixarParcela&amp;id=84"&gt;[Baixar&amp;nbsp;parcela] &lt;/a&gt;&lt;a class="noPrint" href="?class=ImprimirParcela&amp;id=84"&gt;[Imprimir&amp;nbsp;parcela] &lt;/a&gt;&lt;/th&gt;
	&lt;/tr&gt;
	&lt;tr&gt;
		&lt;td class="tabelatd2"&gt;100&lt;/td&gt;
		&lt;td class="tabelatd2"&gt;Tipo Cobranca&lt;/td&gt;
		&lt;td class="tabelatd2"&gt;10/10/2018&lt;/td&gt;
		&lt;td class="tabelatd2"&gt;110.00&lt;/td&gt;
		&lt;td class="tabelatd2"&gt;0.00&lt;/td&gt;
		&lt;td class="tabelatd2"&gt;Em aberto&lt;/td&gt;
		&lt;td class="tabelatd2"&gt;1-Fulano de Tal (652.392.539-00)&lt;/td&gt;
		&lt;td class="tabelatd2"&gt;1&lt;/td&gt;
		&lt;td class="tabelatd2"&gt;Patrimonial&lt;/td&gt;
&lt;th class="tabelatd2" border="1"&gt;&lt;a class="noPrint" href="?class=BaixarParcela&amp;id=100"&gt;[Baixar&amp;nbsp;parcela] &lt;/a&gt;&lt;a class="noPrint" href="?class=ImprimirParcela&amp;id=100"&gt;[Imprimir&amp;nbsp;parcela] &lt;/a&gt;&lt;/th&gt;
	&lt;/tr&gt;
	&lt;tr&gt;
		&lt;td class="tabelatd1"&gt;127&lt;/td&gt;
		&lt;td class="tabelatd1"&gt;Tipo Cobranca&lt;/td&gt;
		&lt;td class="tabelatd1"&gt;10/10/2018&lt;/td&gt;
		&lt;td class="tabelatd1"&gt;110.00&lt;/td&gt;
		&lt;td class="tabelatd1"&gt;0.00&lt;/td&gt;
		&lt;td class="tabelatd1"&gt;Em aberto&lt;/td&gt;
		&lt;td class="tabelatd1"&gt;1-Fulano de Tal (652.392.539-00)&lt;/td&gt;
		&lt;td class="tabelatd1"&gt;1&lt;/td&gt;
		&lt;td class="tabelatd1"&gt;Patrimonial&lt;/td&gt;
&lt;th class="tabelatd1" border="1"&gt;&lt;a class="noPrint" href="?class=BaixarParcela&amp;id=127"&gt;[Baixar&amp;nbsp;parcela] &lt;/a&gt;&lt;a class="noPrint" href="?class=ImprimirParcela&amp;id=127"&gt;[Imprimir&amp;nbsp;parcela] &lt;/a&gt;&lt;/th&gt;
	&lt;/tr&gt;
	&lt;tr&gt;
		&lt;td class="tabelatd2"&gt;151&lt;/td&gt;
		&lt;td class="tabelatd2"&gt;Tipo Cobranca&lt;/td&gt;
		&lt;td class="tabelatd2"&gt;10/10/2018&lt;/td&gt;
		&lt;td class="tabelatd2"&gt;110.00&lt;/td&gt;
		&lt;td class="tabelatd2"&gt;0.00&lt;/td&gt;
		&lt;td class="tabelatd2"&gt;Em aberto&lt;/td&gt;
		&lt;td class="tabelatd2"&gt;1-Fulano de Tal (652.392.539-00)&lt;/td&gt;
		&lt;td class="tabelatd2"&gt;1&lt;/td&gt;
		&lt;td class="tabelatd2"&gt;Patrimonial&lt;/td&gt;
&lt;th class="tabelatd2" border="1"&gt;&lt;a class="noPrint" href="?class=BaixarParcela&amp;id=151"&gt;[Baixar&amp;nbsp;parcela] &lt;/a&gt;&lt;a class="noPrint" href="?class=ImprimirParcela&amp;id=151"&gt;[Imprimir&amp;nbsp;parcela] &lt;/a&gt;&lt;/th&gt;
	&lt;/tr&gt;
	&lt;tr&gt;
		&lt;td class="tabelatd1"&gt;171&lt;/td&gt;
		&lt;td class="tabelatd1"&gt;Tipo Cobranca&lt;/td&gt;
		&lt;td class="tabelatd1"&gt;10/10/2018&lt;/td&gt;
		&lt;td class="tabelatd1"&gt;110.00&lt;/td&gt;
		&lt;td class="tabelatd1"&gt;0.00&lt;/td&gt;
		&lt;td class="tabelatd1"&gt;Em aberto&lt;/td&gt;
		&lt;td class="tabelatd1"&gt;1-Fulano de Tal (652.392.539-00)&lt;/td&gt;
		&lt;td class="tabelatd1"&gt;1&lt;/td&gt;
		&lt;td class="tabelatd1"&gt;Patrimonial&lt;/td&gt;
&lt;th class="tabelatd1" border="1"&gt;&lt;a class="noPrint" href="?class=BaixarParcela&amp;id=171"&gt;[Baixar&amp;nbsp;parcela] &lt;/a&gt;&lt;a class="noPrint" href="?class=ImprimirParcela&amp;id=171"&gt;[Imprimir&amp;nbsp;parcela] &lt;/a&gt;&lt;/th&gt;
	&lt;/tr&gt;
	&lt;tr&gt;
		&lt;td class="tabelatd2"&gt;191&lt;/td&gt;
		&lt;td class="tabelatd2"&gt;Tipo Cobranca&lt;/td&gt;
		&lt;td class="tabelatd2"&gt;10/10/2018&lt;/td&gt;
		&lt;td class="tabelatd2"&gt;110.00&lt;/td&gt;
		&lt;td class="tabelatd2"&gt;0.00&lt;/td&gt;
		&lt;td class="tabelatd2"&gt;Em aberto&lt;/td&gt;
		&lt;td class="tabelatd2"&gt;1-Fulano de Tal (652.392.539-00)&lt;/td&gt;
		&lt;td class="tabelatd2"&gt;1&lt;/td&gt;
		&lt;td class="tabelatd2"&gt;Patrimonial&lt;/td&gt;
&lt;th class="tabelatd2" border="1"&gt;&lt;a class="noPrint" href="?class=BaixarParcela&amp;id=191"&gt;[Baixar&amp;nbsp;parcela] &lt;/a&gt;&lt;a class="noPrint" href="?class=ImprimirParcela&amp;id=191"&gt;[Imprimir&amp;nbsp;parcela] &lt;/a&gt;&lt;/th&gt;
	&lt;/tr&gt;
	&lt;tr&gt;
		&lt;td class="tabelatd1"&gt;211&lt;/td&gt;
		&lt;td class="tabelatd1"&gt;Tipo Cobranca&lt;/td&gt;
		&lt;td class="tabelatd1"&gt;10/10/2018&lt;/td&gt;
		&lt;td class="tabelatd1"&gt;110.00&lt;/td&gt;
		&lt;td class="tabelatd1"&gt;0.00&lt;/td&gt;
		&lt;td class="tabelatd1"&gt;Em aberto&lt;/td&gt;
		&lt;td class="tabelatd1"&gt;1-Fulano de Tal (652.392.539-00)&lt;/td&gt;
		&lt;td class="tabelatd1"&gt;1&lt;/td&gt;
		&lt;td class="tabelatd1"&gt;Patrimonial&lt;/td&gt;
&lt;th class="tabelatd1" border="1"&gt;&lt;a class="noPrint" href="?class=BaixarParcela&amp;id=211"&gt;[Baixar&amp;nbsp;parcela] &lt;/a&gt;&lt;a class="noPrint" href="?class=ImprimirParcela&amp;id=211"&gt;[Imprimir&amp;nbsp;parcela] &lt;/a&gt;&lt;/th&gt;
	&lt;/tr&gt;
	&lt;tr&gt;
		&lt;td class="tabelatd2"&gt;234&lt;/td&gt;
		&lt;td class="tabelatd2"&gt;Tipo Cobranca&lt;/td&gt;
		&lt;td class="tabelatd2"&gt;10/10/2018&lt;/td&gt;
		&lt;td class="tabelatd2"&gt;110.00&lt;/td&gt;
		&lt;td class="tabelatd2"&gt;0.00&lt;/td&gt;
		&lt;td class="tabelatd2"&gt;Em aberto&lt;/td&gt;
		&lt;td class="tabelatd2"&gt;1-Fulano de Tal (652.392.539-00)&lt;/td&gt;
		&lt;td class="tabelatd2"&gt;1&lt;/td&gt;
		&lt;td class="tabelatd2"&gt;Patrimonial&lt;/td&gt;
&lt;th class="tabelatd2" border="1"&gt;&lt;a class="noPrint" href="?class=BaixarParcela&amp;id=234"&gt;[Baixar&amp;nbsp;parcela] &lt;/a&gt;&lt;a class="noPrint" href="?class=ImprimirParcela&amp;id=234"&gt;[Imprimir&amp;nbsp;parcela] &lt;/a&gt;&lt;/th&gt;
	&lt;/tr&gt;
	&lt;tr&gt;
		&lt;td class="tabelatd1"&gt;57&lt;/td&gt;
		&lt;td class="tabelatd1"&gt;Tipo Cobranca&lt;/td&gt;
		&lt;td class="tabelatd1"&gt;10/10/2018&lt;/td&gt;
		&lt;td class="tabelatd1"&gt;110.00&lt;/td&gt;
		&lt;td class="tabelatd1"&gt;0.00&lt;/td&gt;
		&lt;td class="tabelatd1"&gt;Em aberto&lt;/td&gt;
		&lt;td class="tabelatd1"&gt;1-Fulano de Tal (652.392.539-00)&lt;/td&gt;
		&lt;td class="tabelatd1"&gt;1&lt;/td&gt;
		&lt;td class="tabelatd1"&gt;Patrimonial&lt;/td&gt;
&lt;th class="tabelatd1" border="1"&gt;&lt;a class="noPrint" href="?class=BaixarParcela&amp;id=57"&gt;[Baixar&amp;nbsp;parcela] &lt;/a&gt;&lt;a class="noPrint" href="?class=ImprimirParcela&amp;id=57"&gt;[Imprimir&amp;nbsp;parcela] &lt;/a&gt;&lt;/th&gt;
	&lt;/tr&gt;
	&lt;tr&gt;
		&lt;td class="tabelatd2"&gt;70&lt;/td&gt;
		&lt;td class="tabelatd2"&gt;Tipo Cobranca&lt;/td&gt;
		&lt;td class="tabelatd2"&gt;10/10/2018&lt;/td&gt;
		&lt;td class="tabelatd2"&gt;110.00&lt;/td&gt;
		&lt;td class="tabelatd2"&gt;0.00&lt;/td&gt;
		&lt;td class="tabelatd2"&gt;Em aberto&lt;/td&gt;
		&lt;td class="tabelatd2"&gt;1-Fulano de Tal (652.392.539-00)&lt;/td&gt;
		&lt;td class="tabelatd2"&gt;1&lt;/td&gt;
		&lt;td class="tabelatd2"&gt;Patrimonial&lt;/td&gt;
&lt;th class="tabelatd2" border="1"&gt;&lt;a class="noPrint" href="?class=BaixarParcela&amp;id=70"&gt;[Baixar&amp;nbsp;parcela] &lt;/a&gt;&lt;a class="noPrint" href="?class=ImprimirParcela&amp;id=70"&gt;[Imprimir&amp;nbsp;parcela] &lt;/a&gt;&lt;/th&gt;
	&lt;/tr&gt;
	&lt;tr&gt;
		&lt;td class="tabelatd1"&gt;85&lt;/td&gt;
		&lt;td class="tabelatd1"&gt;Tipo Cobranca&lt;/td&gt;
		&lt;td class="tabelatd1"&gt;10/10/2018&lt;/td&gt;
		&lt;td class="tabelatd1"&gt;110.00&lt;/td&gt;
		&lt;td class="tabelatd1"&gt;0.00&lt;/td&gt;
		&lt;td class="tabelatd1"&gt;Em aberto&lt;/td&gt;
		&lt;td class="tabelatd1"&gt;1-Fulano de Tal (652.392.539-00)&lt;/td&gt;
		&lt;td class="tabelatd1"&gt;1&lt;/td&gt;
		&lt;td class="tabelatd1"&gt;Patrimonial&lt;/td&gt;
&lt;th class="tabelatd1" border="1"&gt;&lt;a class="noPrint" href="?class=BaixarParcela&amp;id=85"&gt;[Baixar&amp;nbsp;parcela] &lt;/a&gt;&lt;a class="noPrint" href="?class=ImprimirParcela&amp;id=85"&gt;[Imprimir&amp;nbsp;parcela] &lt;/a&gt;&lt;/th&gt;
	&lt;/tr&gt;
	&lt;tr&gt;
		&lt;td class="tabelatd2"&gt;101&lt;/td&gt;
		&lt;td class="tabelatd2"&gt;Tipo Cobranca&lt;/td&gt;
		&lt;td class="tabelatd2"&gt;10/10/2018&lt;/td&gt;
		&lt;td class="tabelatd2"&gt;110.00&lt;/td&gt;
		&lt;td class="tabelatd2"&gt;0.00&lt;/td&gt;
		&lt;td class="tabelatd2"&gt;Em aberto&lt;/td&gt;
		&lt;td class="tabelatd2"&gt;1-Fulano de Tal (652.392.539-00)&lt;/td&gt;
		&lt;td class="tabelatd2"&gt;1&lt;/td&gt;
		&lt;td class="tabelatd2"&gt;Patrimonial&lt;/td&gt;
&lt;th class="tabelatd2" border="1"&gt;&lt;a class="noPrint" href="?class=BaixarParcela&amp;id=101"&gt;[Baixar&amp;nbsp;parcela] &lt;/a&gt;&lt;a class="noPrint" href="?class=ImprimirParcela&amp;id=101"&gt;[Imprimir&amp;nbsp;parcela] &lt;/a&gt;&lt;/th&gt;
	&lt;/tr&gt;
	&lt;tr&gt;
		&lt;td class="tabelatd1"&gt;128&lt;/td&gt;
		&lt;td class="tabelatd1"&gt;Tipo Cobranca&lt;/td&gt;
		&lt;td class="tabelatd1"&gt;10/10/2018&lt;/td&gt;
		&lt;td class="tabelatd1"&gt;110.00&lt;/td&gt;
		&lt;td class="tabelatd1"&gt;0.00&lt;/td&gt;
		&lt;td class="tabelatd1"&gt;Em aberto&lt;/td&gt;
		&lt;td class="tabelatd1"&gt;1-Fulano de Tal (652.392.539-00)&lt;/td&gt;
		&lt;td class="tabelatd1"&gt;1&lt;/td&gt;
		&lt;td class="tabelatd1"&gt;Patrimonial&lt;/td&gt;
&lt;th class="tabelatd1" border="1"&gt;&lt;a class="noPrint" href="?class=BaixarParcela&amp;id=128"&gt;[Baixar&amp;nbsp;parcela] &lt;/a&gt;&lt;a class="noPrint" href="?class=ImprimirParcela&amp;id=128"&gt;[Imprimir&amp;nbsp;parcela] &lt;/a&gt;&lt;/th&gt;
	&lt;/tr&gt;
	&lt;tr&gt;
		&lt;td class="tabelatd2"&gt;152&lt;/td&gt;
		&lt;td class="tabelatd2"&gt;Tipo Cobranca&lt;/td&gt;
		&lt;td class="tabelatd2"&gt;10/10/2018&lt;/td&gt;
		&lt;td class="tabelatd2"&gt;110.00&lt;/td&gt;
		&lt;td class="tabelatd2"&gt;0.00&lt;/td&gt;
		&lt;td class="tabelatd2"&gt;Em aberto&lt;/td&gt;
		&lt;td class="tabelatd2"&gt;1-Fulano de Tal (652.392.539-00)&lt;/td&gt;
		&lt;td class="tabelatd2"&gt;1&lt;/td&gt;
		&lt;td class="tabelatd2"&gt;Patrimonial&lt;/td&gt;
&lt;th class="tabelatd2" border="1"&gt;&lt;a class="noPrint" href="?class=BaixarParcela&amp;id=152"&gt;[Baixar&amp;nbsp;parcela] &lt;/a&gt;&lt;a class="noPrint" href="?class=ImprimirParcela&amp;id=152"&gt;[Imprimir&amp;nbsp;parcela] &lt;/a&gt;&lt;/th&gt;
	&lt;/tr&gt;
	&lt;tr&gt;
		&lt;td class="tabelatd1"&gt;172&lt;/td&gt;
		&lt;td class="tabelatd1"&gt;Tipo Cobranca&lt;/td&gt;
		&lt;td class="tabelatd1"&gt;10/10/2018&lt;/td&gt;
		&lt;td class="tabelatd1"&gt;110.00&lt;/td&gt;
		&lt;td class="tabelatd1"&gt;0.00&lt;/td&gt;
		&lt;td class="tabelatd1"&gt;Em aberto&lt;/td&gt;
		&lt;td class="tabelatd1"&gt;1-Fulano de Tal (652.392.539-00)&lt;/td&gt;
		&lt;td class="tabelatd1"&gt;1&lt;/td&gt;
		&lt;td class="tabelatd1"&gt;Patrimonial&lt;/td&gt;
&lt;th class="tabelatd1" border="1"&gt;&lt;a class="noPrint" href="?class=BaixarParcela&amp;id=172"&gt;[Baixar&amp;nbsp;parcela] &lt;/a&gt;&lt;a class="noPrint" href="?class=ImprimirParcela&amp;id=172"&gt;[Imprimir&amp;nbsp;parcela] &lt;/a&gt;&lt;/th&gt;
	&lt;/tr&gt;
	&lt;tr&gt;
		&lt;td class="tabelatd2"&gt;192&lt;/td&gt;
		&lt;td class="tabelatd2"&gt;Tipo Cobranca&lt;/td&gt;
		&lt;td class="tabelatd2"&gt;10/10/2018&lt;/td&gt;
		&lt;td class="tabelatd2"&gt;110.00&lt;/td&gt;
		&lt;td class="tabelatd2"&gt;0.00&lt;/td&gt;
		&lt;td class="tabelatd2"&gt;Em aberto&lt;/td&gt;
		&lt;td class="tabelatd2"&gt;1-Fulano de Tal (652.392.539-00)&lt;/td&gt;
		&lt;td class="tabelatd2"&gt;1&lt;/td&gt;
		&lt;td class="tabelatd2"&gt;Patrimonial&lt;/td&gt;
&lt;th class="tabelatd2" border="1"&gt;&lt;a class="noPrint" href="?class=BaixarParcela&amp;id=192"&gt;[Baixar&amp;nbsp;parcela] &lt;/a&gt;&lt;a class="noPrint" href="?class=ImprimirParcela&amp;id=192"&gt;[Imprimir&amp;nbsp;parcela] &lt;/a&gt;&lt;/th&gt;
	&lt;/tr&gt;
	&lt;tr&gt;
		&lt;td class="tabelatd1"&gt;212&lt;/td&gt;
		&lt;td class="tabelatd1"&gt;Tipo Cobranca&lt;/td&gt;
		&lt;td class="tabelatd1"&gt;10/10/2018&lt;/td&gt;
		&lt;td class="tabelatd1"&gt;110.00&lt;/td&gt;
		&lt;td class="tabelatd1"&gt;0.00&lt;/td&gt;
		&lt;td class="tabelatd1"&gt;Em aberto&lt;/td&gt;
		&lt;td class="tabelatd1"&gt;1-Fulano de Tal (652.392.539-00)&lt;/td&gt;
		&lt;td class="tabelatd1"&gt;1&lt;/td&gt;
		&lt;td class="tabelatd1"&gt;Patrimonial&lt;/td&gt;
&lt;th class="tabelatd1" border="1"&gt;&lt;a class="noPrint" href="?class=BaixarParcela&amp;id=212"&gt;[Baixar&amp;nbsp;parcela] &lt;/a&gt;&lt;a class="noPrint" href="?class=ImprimirParcela&amp;id=212"&gt;[Imprimir&amp;nbsp;parcela] &lt;/a&gt;&lt;/th&gt;
	&lt;/tr&gt;
	&lt;tr&gt;
		&lt;td class="tabelatd2"&gt;235&lt;/td&gt;
		&lt;td class="tabelatd2"&gt;Tipo Cobranca&lt;/td&gt;
		&lt;td class="tabelatd2"&gt;10/10/2018&lt;/td&gt;
		&lt;td class="tabelatd2"&gt;110.00&lt;/td&gt;
		&lt;td class="tabelatd2"&gt;0.00&lt;/td&gt;
		&lt;td class="tabelatd2"&gt;Em aberto&lt;/td&gt;
		&lt;td class="tabelatd2"&gt;1-Fulano de Tal (652.392.539-00)&lt;/td&gt;
		&lt;td class="tabelatd2"&gt;1&lt;/td&gt;
		&lt;td class="tabelatd2"&gt;Patrimonial&lt;/td&gt;
&lt;th class="tabelatd2" border="1"&gt;&lt;a class="noPrint" href="?class=BaixarParcela&amp;id=235"&gt;[Baixar&amp;nbsp;parcela] &lt;/a&gt;&lt;a class="noPrint" href="?class=ImprimirParcela&amp;id=235"&gt;[Imprimir&amp;nbsp;parcela] &lt;/a&gt;&lt;/th&gt;
	&lt;/tr&gt;
	&lt;tr&gt;
		&lt;td class="tabelatd1"&gt;71&lt;/td&gt;
		&lt;td class="tabelatd1"&gt;Tipo Cobranca&lt;/td&gt;
		&lt;td class="tabelatd1"&gt;10/10/2018&lt;/td&gt;
		&lt;td class="tabelatd1"&gt;110.00&lt;/td&gt;
		&lt;td class="tabelatd1"&gt;0.00&lt;/td&gt;
		&lt;td class="tabelatd1"&gt;Em aberto&lt;/td&gt;
		&lt;td class="tabelatd1"&gt;1-Fulano de Tal (652.392.539-00)&lt;/td&gt;
		&lt;td class="tabelatd1"&gt;1&lt;/td&gt;
		&lt;td class="tabelatd1"&gt;Patrimonial&lt;/td&gt;
&lt;th class="tabelatd1" border="1"&gt;&lt;a class="noPrint" href="?class=BaixarParcela&amp;id=71"&gt;[Baixar&amp;nbsp;parcela] &lt;/a&gt;&lt;a class="noPrint" href="?class=ImprimirParcela&amp;id=71"&gt;[Imprimir&amp;nbsp;parcela] &lt;/a&gt;&lt;/th&gt;
	&lt;/tr&gt;
	&lt;tr&gt;
		&lt;td class="tabelatd2"&gt;86&lt;/td&gt;
		&lt;td class="tabelatd2"&gt;Tipo Cobranca&lt;/td&gt;
		&lt;td class="tabelatd2"&gt;10/10/2018&lt;/td&gt;
		&lt;td class="tabelatd2"&gt;110.00&lt;/td&gt;
		&lt;td class="tabelatd2"&gt;0.00&lt;/td&gt;
		&lt;td class="tabelatd2"&gt;Em aberto&lt;/td&gt;
		&lt;td class="tabelatd2"&gt;1-Fulano de Tal (652.392.539-00)&lt;/td&gt;
		&lt;td class="tabelatd2"&gt;1&lt;/td&gt;
		&lt;td class="tabelatd2"&gt;Patrimonial&lt;/td&gt;
&lt;th class="tabelatd2" border="1"&gt;&lt;a class="noPrint" href="?class=BaixarParcela&amp;id=86"&gt;[Baixar&amp;nbsp;parcela] &lt;/a&gt;&lt;a class="noPrint" href="?class=ImprimirParcela&amp;id=86"&gt;[Imprimir&amp;nbsp;parcela] &lt;/a&gt;&lt;/th&gt;
	&lt;/tr&gt;
	&lt;tr&gt;
		&lt;td class="tabelatd1"&gt;102&lt;/td&gt;
		&lt;td class="tabelatd1"&gt;Tipo Cobranca&lt;/td&gt;
		&lt;td class="tabelatd1"&gt;10/10/2018&lt;/td&gt;
		&lt;td class="tabelatd1"&gt;110.00&lt;/td&gt;
		&lt;td class="tabelatd1"&gt;0.00&lt;/td&gt;
		&lt;td class="tabelatd1"&gt;Em aberto&lt;/td&gt;
		&lt;td class="tabelatd1"&gt;1-Fulano de Tal (652.392.539-00)&lt;/td&gt;
		&lt;td class="tabelatd1"&gt;1&lt;/td&gt;
		&lt;td class="tabelatd1"&gt;Patrimonial&lt;/td&gt;
&lt;th class="tabelatd1" border="1"&gt;&lt;a class="noPrint" href="?class=BaixarParcela&amp;id=102"&gt;[Baixar&amp;nbsp;parcela] &lt;/a&gt;&lt;a class="noPrint" href="?class=ImprimirParcela&amp;id=102"&gt;[Imprimir&amp;nbsp;parcela] &lt;/a&gt;&lt;/th&gt;
	&lt;/tr&gt;
	&lt;tr&gt;
		&lt;td class="tabelatd2"&gt;129&lt;/td&gt;
		&lt;td class="tabelatd2"&gt;Tipo Cobranca&lt;/td&gt;
		&lt;td class="tabelatd2"&gt;10/10/2018&lt;/td&gt;
		&lt;td class="tabelatd2"&gt;110.00&lt;/td&gt;
		&lt;td class="tabelatd2"&gt;0.00&lt;/td&gt;
		&lt;td class="tabelatd2"&gt;Em aberto&lt;/td&gt;
		&lt;td class="tabelatd2"&gt;1-Fulano de Tal (652.392.539-00)&lt;/td&gt;
		&lt;td class="tabelatd2"&gt;1&lt;/td&gt;
		&lt;td class="tabelatd2"&gt;Patrimonial&lt;/td&gt;
&lt;th class="tabelatd2" border="1"&gt;&lt;a class="noPrint" href="?class=BaixarParcela&amp;id=129"&gt;[Baixar&amp;nbsp;parcela] &lt;/a&gt;&lt;a class="noPrint" href="?class=ImprimirParcela&amp;id=129"&gt;[Imprimir&amp;nbsp;parcela] &lt;/a&gt;&lt;/th&gt;
	&lt;/tr&gt;
	&lt;tr&gt;
		&lt;td class="tabelatd1"&gt;153&lt;/td&gt;
		&lt;td class="tabelatd1"&gt;Tipo Cobranca&lt;/td&gt;
		&lt;td class="tabelatd1"&gt;10/10/2018&lt;/td&gt;
		&lt;td class="tabelatd1"&gt;110.00&lt;/td&gt;
		&lt;td class="tabelatd1"&gt;0.00&lt;/td&gt;
		&lt;td class="tabelatd1"&gt;Em aberto&lt;/td&gt;
		&lt;td class="tabelatd1"&gt;1-Fulano de Tal (652.392.539-00)&lt;/td&gt;
		&lt;td class="tabelatd1"&gt;1&lt;/td&gt;
		&lt;td class="tabelatd1"&gt;Patrimonial&lt;/td&gt;
&lt;th class="tabelatd1" border="1"&gt;&lt;a class="noPrint" href="?class=BaixarParcela&amp;id=153"&gt;[Baixar&amp;nbsp;parcela] &lt;/a&gt;&lt;a class="noPrint" href="?class=ImprimirParcela&amp;id=153"&gt;[Imprimir&amp;nbsp;parcela] &lt;/a&gt;&lt;/th&gt;
	&lt;/tr&gt;
	&lt;tr&gt;
		&lt;td class="tabelatd2"&gt;173&lt;/td&gt;
		&lt;td class="tabelatd2"&gt;Tipo Cobranca&lt;/td&gt;
		&lt;td class="tabelatd2"&gt;10/10/2018&lt;/td&gt;
		&lt;td class="tabelatd2"&gt;110.00&lt;/td&gt;
		&lt;td class="tabelatd2"&gt;0.00&lt;/td&gt;
		&lt;td class="tabelatd2"&gt;Em aberto&lt;/td&gt;
		&lt;td class="tabelatd2"&gt;1-Fulano de Tal (652.392.539-00)&lt;/td&gt;
		&lt;td class="tabelatd2"&gt;1&lt;/td&gt;
		&lt;td class="tabelatd2"&gt;Patrimonial&lt;/td&gt;
&lt;th class="tabelatd2" border="1"&gt;&lt;a class="noPrint" href="?class=BaixarParcela&amp;id=173"&gt;[Baixar&amp;nbsp;parcela] &lt;/a&gt;&lt;a class="noPrint" href="?class=ImprimirParcela&amp;id=173"&gt;[Imprimir&amp;nbsp;parcela] &lt;/a&gt;&lt;/th&gt;
	&lt;/tr&gt;
	&lt;tr&gt;
		&lt;td class="tabelatd1"&gt;193&lt;/td&gt;
		&lt;td class="tabelatd1"&gt;Tipo Cobranca&lt;/td&gt;
		&lt;td class="tabelatd1"&gt;10/10/2018&lt;/td&gt;
		&lt;td class="tabelatd1"&gt;110.00&lt;/td&gt;
		&lt;td class="tabelatd1"&gt;0.00&lt;/td&gt;
		&lt;td class="tabelatd1"&gt;Em aberto&lt;/td&gt;
		&lt;td class="tabelatd1"&gt;1-Fulano de Tal (652.392.539-00)&lt;/td&gt;
		&lt;td class="tabelatd1"&gt;1&lt;/td&gt;
		&lt;td class="tabelatd1"&gt;Patrimonial&lt;/td&gt;
&lt;th class="tabelatd1" border="1"&gt;&lt;a class="noPrint" href="?class=BaixarParcela&amp;id=193"&gt;[Baixar&amp;nbsp;parcela] &lt;/a&gt;&lt;a class="noPrint" href="?class=ImprimirParcela&amp;id=193"&gt;[Imprimir&amp;nbsp;parcela] &lt;/a&gt;&lt;/th&gt;
	&lt;/tr&gt;
	&lt;tr&gt;
		&lt;td class="tabelatd2"&gt;213&lt;/td&gt;
		&lt;td class="tabelatd2"&gt;Tipo Cobranca&lt;/td&gt;
		&lt;td class="tabelatd2"&gt;10/10/2018&lt;/td&gt;
		&lt;td class="tabelatd2"&gt;110.00&lt;/td&gt;
		&lt;td class="tabelatd2"&gt;0.00&lt;/td&gt;
		&lt;td class="tabelatd2"&gt;Em aberto&lt;/td&gt;
		&lt;td class="tabelatd2"&gt;1-Fulano de Tal (652.392.539-00)&lt;/td&gt;
		&lt;td class="tabelatd2"&gt;1&lt;/td&gt;
		&lt;td class="tabelatd2"&gt;Patrimonial&lt;/td&gt;
&lt;th class="tabelatd2" border="1"&gt;&lt;a class="noPrint" href="?class=BaixarParcela&amp;id=213"&gt;[Baixar&amp;nbsp;parcela] &lt;/a&gt;&lt;a class="noPrint" href="?class=ImprimirParcela&amp;id=213"&gt;[Imprimir&amp;nbsp;parcela] &lt;/a&gt;&lt;/th&gt;
	&lt;/tr&gt;
	&lt;tr&gt;
		&lt;td class="tabelatd1"&gt;236&lt;/td&gt;
		&lt;td class="tabelatd1"&gt;Tipo Cobranca&lt;/td&gt;
		&lt;td class="tabelatd1"&gt;10/10/2018&lt;/td&gt;
		&lt;td class="tabelatd1"&gt;110.00&lt;/td&gt;
		&lt;td class="tabelatd1"&gt;0.00&lt;/td&gt;
		&lt;td class="tabelatd1"&gt;Em aberto&lt;/td&gt;
		&lt;td class="tabelatd1"&gt;1-Fulano de Tal (652.392.539-00)&lt;/td&gt;
		&lt;td class="tabelatd1"&gt;1&lt;/td&gt;
		&lt;td class="tabelatd1"&gt;Patrimonial&lt;/td&gt;
&lt;th class="tabelatd1" border="1"&gt;&lt;a class="noPrint" href="?class=BaixarParcela&amp;id=236"&gt;[Baixar&amp;nbsp;parcela] &lt;/a&gt;&lt;a class="noPrint" href="?class=ImprimirParcela&amp;id=236"&gt;[Imprimir&amp;nbsp;parcela] &lt;/a&gt;&lt;/th&gt;
	&lt;/tr&gt;
	&lt;tr&gt;
		&lt;td class="tabelatd2"&gt;87&lt;/td&gt;
		&lt;td class="tabelatd2"&gt;Tipo Cobranca&lt;/td&gt;
		&lt;td class="tabelatd2"&gt;10/10/2018&lt;/td&gt;
		&lt;td class="tabelatd2"&gt;110.00&lt;/td&gt;
		&lt;td class="tabelatd2"&gt;0.00&lt;/td&gt;
		&lt;td class="tabelatd2"&gt;Em aberto&lt;/td&gt;
		&lt;td class="tabelatd2"&gt;1-Fulano de Tal (652.392.539-00)&lt;/td&gt;
		&lt;td class="tabelatd2"&gt;1&lt;/td&gt;
		&lt;td class="tabelatd2"&gt;Patrimonial&lt;/td&gt;
&lt;th class="tabelatd2" border="1"&gt;&lt;a class="noPrint" href="?class=BaixarParcela&amp;id=87"&gt;[Baixar&amp;nbsp;parcela] &lt;/a&gt;&lt;a class="noPrint" href="?class=ImprimirParcela&amp;id=87"&gt;[Imprimir&amp;nbsp;parcela] &lt;/a&gt;&lt;/th&gt;
	&lt;/tr&gt;
	&lt;tr&gt;
		&lt;td class="tabelatd1"&gt;103&lt;/td&gt;
		&lt;td class="tabelatd1"&gt;Tipo Cobranca&lt;/td&gt;
		&lt;td class="tabelatd1"&gt;10/10/2018&lt;/td&gt;
		&lt;td class="tabelatd1"&gt;110.00&lt;/td&gt;
		&lt;td class="tabelatd1"&gt;0.00&lt;/td&gt;
		&lt;td class="tabelatd1"&gt;Em aberto&lt;/td&gt;
		&lt;td class="tabelatd1"&gt;1-Fulano de Tal (652.392.539-00)&lt;/td&gt;
		&lt;td class="tabelatd1"&gt;1&lt;/td&gt;
		&lt;td class="tabelatd1"&gt;Patrimonial&lt;/td&gt;
&lt;th class="tabelatd1" border="1"&gt;&lt;a class="noPrint" href="?class=BaixarParcela&amp;id=103"&gt;[Baixar&amp;nbsp;parcela] &lt;/a&gt;&lt;a class="noPrint" href="?class=ImprimirParcela&amp;id=103"&gt;[Imprimir&amp;nbsp;parcela] &lt;/a&gt;&lt;/th&gt;
	&lt;/tr&gt;
	&lt;tr&gt;
		&lt;td class="tabelatd2"&gt;130&lt;/td&gt;
		&lt;td class="tabelatd2"&gt;Tipo Cobranca&lt;/td&gt;
		&lt;td class="tabelatd2"&gt;10/10/2018&lt;/td&gt;
		&lt;td class="tabelatd2"&gt;110.00&lt;/td&gt;
		&lt;td class="tabelatd2"&gt;0.00&lt;/td&gt;
		&lt;td class="tabelatd2"&gt;Em aberto&lt;/td&gt;
		&lt;td class="tabelatd2"&gt;1-Fulano de Tal (652.392.539-00)&lt;/td&gt;
		&lt;td class="tabelatd2"&gt;1&lt;/td&gt;
		&lt;td class="tabelatd2"&gt;Patrimonial&lt;/td&gt;
&lt;th class="tabelatd2" border="1"&gt;&lt;a class="noPrint" href="?class=BaixarParcela&amp;id=130"&gt;[Baixar&amp;nbsp;parcela] &lt;/a&gt;&lt;a class="noPrint" href="?class=ImprimirParcela&amp;id=130"&gt;[Imprimir&amp;nbsp;parcela] &lt;/a&gt;&lt;/th&gt;
	&lt;/tr&gt;
	&lt;tr&gt;
		&lt;td class="tabelatd1"&gt;154&lt;/td&gt;
		&lt;td class="tabelatd1"&gt;Tipo Cobranca&lt;/td&gt;
		&lt;td class="tabelatd1"&gt;10/10/2018&lt;/td&gt;
		&lt;td class="tabelatd1"&gt;110.00&lt;/td&gt;
		&lt;td class="tabelatd1"&gt;0.00&lt;/td&gt;
		&lt;td class="tabelatd1"&gt;Em aberto&lt;/td&gt;
		&lt;td class="tabelatd1"&gt;1-Fulano de Tal (652.392.539-00)&lt;/td&gt;
		&lt;td class="tabelatd1"&gt;1&lt;/td&gt;
		&lt;td class="tabelatd1"&gt;Patrimonial&lt;/td&gt;
&lt;th class="tabelatd1" border="1"&gt;&lt;a class="noPrint" href="?class=BaixarParcela&amp;id=154"&gt;[Baixar&amp;nbsp;parcela] &lt;/a&gt;&lt;a class="noPrint" href="?class=ImprimirParcela&amp;id=154"&gt;[Imprimir&amp;nbsp;parcela] &lt;/a&gt;&lt;/th&gt;
	&lt;/tr&gt;
	&lt;tr&gt;
		&lt;td class="tabelatd2"&gt;174&lt;/td&gt;
		&lt;td class="tabelatd2"&gt;Tipo Cobranca&lt;/td&gt;
		&lt;td class="tabelatd2"&gt;10/10/2018&lt;/td&gt;
		&lt;td class="tabelatd2"&gt;110.00&lt;/td&gt;
		&lt;td class="tabelatd2"&gt;0.00&lt;/td&gt;
		&lt;td class="tabelatd2"&gt;Em aberto&lt;/td&gt;
		&lt;td class="tabelatd2"&gt;1-Fulano de Tal (652.392.539-00)&lt;/td&gt;
		&lt;td class="tabelatd2"&gt;1&lt;/td&gt;
		&lt;td class="tabelatd2"&gt;Patrimonial&lt;/td&gt;
&lt;th class="tabelatd2" border="1"&gt;&lt;a class="noPrint" href="?class=BaixarParcela&amp;id=174"&gt;[Baixar&amp;nbsp;parcela] &lt;/a&gt;&lt;a class="noPrint" href="?class=ImprimirParcela&amp;id=174"&gt;[Imprimir&amp;nbsp;parcela] &lt;/a&gt;&lt;/th&gt;
	&lt;/tr&gt;
	&lt;tr&gt;
		&lt;td class="tabelatd1"&gt;194&lt;/td&gt;
		&lt;td class="tabelatd1"&gt;Tipo Cobranca&lt;/td&gt;
		&lt;td class="tabelatd1"&gt;10/10/2018&lt;/td&gt;
		&lt;td class="tabelatd1"&gt;110.00&lt;/td&gt;
		&lt;td class="tabelatd1"&gt;0.00&lt;/td&gt;
		&lt;td class="tabelatd1"&gt;Em aberto&lt;/td&gt;
		&lt;td class="tabelatd1"&gt;1-Fulano de Tal (652.392.539-00)&lt;/td&gt;
		&lt;td class="tabelatd1"&gt;1&lt;/td&gt;
		&lt;td class="tabelatd1"&gt;Patrimonial&lt;/td&gt;
&lt;th class="tabelatd1" border="1"&gt;&lt;a class="noPrint" href="?class=BaixarParcela&amp;id=194"&gt;[Baixar&amp;nbsp;parcela] &lt;/a&gt;&lt;a class="noPrint" href="?class=ImprimirParcela&amp;id=194"&gt;[Imprimir&amp;nbsp;parcela] &lt;/a&gt;&lt;/th&gt;
	&lt;/tr&gt;
	&lt;tr&gt;
		&lt;td class="tabelatd2"&gt;214&lt;/td&gt;
		&lt;td class="tabelatd2"&gt;Tipo Cobranca&lt;/td&gt;
		&lt;td class="tabelatd2"&gt;10/10/2018&lt;/td&gt;
		&lt;td class="tabelatd2"&gt;110.00&lt;/td&gt;
		&lt;td class="tabelatd2"&gt;0.00&lt;/td&gt;
		&lt;td class="tabelatd2"&gt;Em aberto&lt;/td&gt;
		&lt;td class="tabelatd2"&gt;1-Fulano de Tal (652.392.539-00)&lt;/td&gt;
		&lt;td class="tabelatd2"&gt;1&lt;/td&gt;
		&lt;td class="tabelatd2"&gt;Patrimonial&lt;/td&gt;
&lt;th class="tabelatd2" border="1"&gt;&lt;a class="noPrint" href="?class=BaixarParcela&amp;id=214"&gt;[Baixar&amp;nbsp;parcela] &lt;/a&gt;&lt;a class="noPrint" href="?class=ImprimirParcela&amp;id=214"&gt;[Imprimir&amp;nbsp;parcela] &lt;/a&gt;&lt;/th&gt;
	&lt;/tr&gt;
	&lt;tr&gt;
		&lt;td class="tabelatd1"&gt;237&lt;/td&gt;
		&lt;td class="tabelatd1"&gt;Tipo Cobranca&lt;/td&gt;
		&lt;td class="tabelatd1"&gt;10/10/2018&lt;/td&gt;
		&lt;td class="tabelatd1"&gt;110.00&lt;/td&gt;
		&lt;td class="tabelatd1"&gt;0.00&lt;/td&gt;
		&lt;td class="tabelatd1"&gt;Em aberto&lt;/td&gt;
		&lt;td class="tabelatd1"&gt;1-Fulano de Tal (652.392.539-00)&lt;/td&gt;
		&lt;td class="tabelatd1"&gt;1&lt;/td&gt;
		&lt;td class="tabelatd1"&gt;Patrimonial&lt;/td&gt;
&lt;th class="tabelatd1" border="1"&gt;&lt;a class="noPrint" href="?class=BaixarParcela&amp;id=237"&gt;[Baixar&amp;nbsp;parcela] &lt;/a&gt;&lt;a class="noPrint" href="?class=ImprimirParcela&amp;id=237"&gt;[Imprimir&amp;nbsp;parcela] &lt;/a&gt;&lt;/th&gt;
	&lt;/tr&gt;
	&lt;tr&gt;
		&lt;td class="tabelatd2"&gt;131&lt;/td&gt;
		&lt;td class="tabelatd2"&gt;Tipo Cobranca&lt;/td&gt;
		&lt;td class="tabelatd2"&gt;10/10/2018&lt;/td&gt;
		&lt;td class="tabelatd2"&gt;110.00&lt;/td&gt;
		&lt;td class="tabelatd2"&gt;0.00&lt;/td&gt;
		&lt;td class="tabelatd2"&gt;Em aberto&lt;/td&gt;
		&lt;td class="tabelatd2"&gt;1-Fulano de Tal (652.392.539-00)&lt;/td&gt;
		&lt;td class="tabelatd2"&gt;1&lt;/td&gt;
		&lt;td class="tabelatd2"&gt;Patrimonial&lt;/td&gt;
&lt;th class="tabelatd2" border="1"&gt;&lt;a class="noPrint" href="?class=BaixarParcela&amp;id=131"&gt;[Baixar&amp;nbsp;parcela] &lt;/a&gt;&lt;a class="noPrint" href="?class=ImprimirParcela&amp;id=131"&gt;[Imprimir&amp;nbsp;parcela] &lt;/a&gt;&lt;/th&gt;
	&lt;/tr&gt;
	&lt;tr&gt;
		&lt;td class="tabelatd1"&gt;155&lt;/td&gt;
		&lt;td class="tabelatd1"&gt;Tipo Cobranca&lt;/td&gt;
		&lt;td class="tabelatd1"&gt;10/10/2018&lt;/td&gt;
		&lt;td class="tabelatd1"&gt;110.00&lt;/td&gt;
		&lt;td class="tabelatd1"&gt;0.00&lt;/td&gt;
		&lt;td class="tabelatd1"&gt;Em aberto&lt;/td&gt;
		&lt;td class="tabelatd1"&gt;1-Fulano de Tal (652.392.539-00)&lt;/td&gt;
		&lt;td class="tabelatd1"&gt;1&lt;/td&gt;
		&lt;td class="tabelatd1"&gt;Patrimonial&lt;/td&gt;
&lt;th class="tabelatd1" border="1"&gt;&lt;a class="noPrint" href="?class=BaixarParcela&amp;id=155"&gt;[Baixar&amp;nbsp;parcela] &lt;/a&gt;&lt;a class="noPrint" href="?class=ImprimirParcela&amp;id=155"&gt;[Imprimir&amp;nbsp;parcela] &lt;/a&gt;&lt;/th&gt;
	&lt;/tr&gt;
	&lt;tr&gt;
		&lt;td class="tabelatd2"&gt;175&lt;/td&gt;
		&lt;td class="tabelatd2"&gt;Tipo Cobranca&lt;/td&gt;
		&lt;td class="tabelatd2"&gt;10/10/2018&lt;/td&gt;
		&lt;td class="tabelatd2"&gt;110.00&lt;/td&gt;
		&lt;td class="tabelatd2"&gt;0.00&lt;/td&gt;
		&lt;td class="tabelatd2"&gt;Em aberto&lt;/td&gt;
		&lt;td class="tabelatd2"&gt;1-Fulano de Tal (652.392.539-00)&lt;/td&gt;
		&lt;td class="tabelatd2"&gt;1&lt;/td&gt;
		&lt;td class="tabelatd2"&gt;Patrimonial&lt;/td&gt;
&lt;th class="tabelatd2" border="1"&gt;&lt;a class="noPrint" href="?class=BaixarParcela&amp;id=175"&gt;[Baixar&amp;nbsp;parcela] &lt;/a&gt;&lt;a class="noPrint" href="?class=ImprimirParcela&amp;id=175"&gt;[Imprimir&amp;nbsp;parcela] &lt;/a&gt;&lt;/th&gt;
	&lt;/tr&gt;
	&lt;tr&gt;
		&lt;td class="tabelatd1"&gt;195&lt;/td&gt;
		&lt;td class="tabelatd1"&gt;Tipo Cobranca&lt;/td&gt;
		&lt;td class="tabelatd1"&gt;10/10/2018&lt;/td&gt;
		&lt;td class="tabelatd1"&gt;110.00&lt;/td&gt;
		&lt;td class="tabelatd1"&gt;0.00&lt;/td&gt;
		&lt;td class="tabelatd1"&gt;Em aberto&lt;/td&gt;
		&lt;td class="tabelatd1"&gt;1-Fulano de Tal (652.392.539-00)&lt;/td&gt;
		&lt;td class="tabelatd1"&gt;1&lt;/td&gt;
		&lt;td class="tabelatd1"&gt;Patrimonial&lt;/td&gt;
&lt;th class="tabelatd1" border="1"&gt;&lt;a class="noPrint" href="?class=BaixarParcela&amp;id=195"&gt;[Baixar&amp;nbsp;parcela] &lt;/a&gt;&lt;a class="noPrint" href="?class=ImprimirParcela&amp;id=195"&gt;[Imprimir&amp;nbsp;parcela] &lt;/a&gt;&lt;/th&gt;
	&lt;/tr&gt;
	&lt;tr&gt;
		&lt;td class="tabelatd2"&gt;215&lt;/td&gt;
		&lt;td class="tabelatd2"&gt;Tipo Cobranca&lt;/td&gt;
		&lt;td class="tabelatd2"&gt;10/10/2018&lt;/td&gt;
		&lt;td class="tabelatd2"&gt;110.00&lt;/td&gt;
		&lt;td class="tabelatd2"&gt;0.00&lt;/td&gt;
		&lt;td class="tabelatd2"&gt;Em aberto&lt;/td&gt;
		&lt;td class="tabelatd2"&gt;1-Fulano de Tal (652.392.539-00)&lt;/td&gt;
		&lt;td class="tabelatd2"&gt;1&lt;/td&gt;
		&lt;td class="tabelatd2"&gt;Patrimonial&lt;/td&gt;
&lt;th class="tabelatd2" border="1"&gt;&lt;a class="noPrint" href="?class=BaixarParcela&amp;id=215"&gt;[Baixar&amp;nbsp;parcela] &lt;/a&gt;&lt;a class="noPrint" href="?class=ImprimirParcela&amp;id=215"&gt;[Imprimir&amp;nbsp;parcela] &lt;/a&gt;&lt;/th&gt;
	&lt;/tr&gt;
	&lt;tr&gt;
		&lt;td class="tabelatd1"&gt;238&lt;/td&gt;
		&lt;td class="tabelatd1"&gt;Tipo Cobranca&lt;/td&gt;
		&lt;td class="tabelatd1"&gt;10/10/2018&lt;/td&gt;
		&lt;td class="tabelatd1"&gt;110.00&lt;/td&gt;
		&lt;td class="tabelatd1"&gt;0.00&lt;/td&gt;
		&lt;td class="tabelatd1"&gt;Em aberto&lt;/td&gt;
		&lt;td class="tabelatd1"&gt;1-Fulano de Tal (652.392.539-00)&lt;/td&gt;
		&lt;td class="tabelatd1"&gt;1&lt;/td&gt;
		&lt;td class="tabelatd1"&gt;Patrimonial&lt;/td&gt;
&lt;th class="tabelatd1" border="1"&gt;&lt;a class="noPrint" href="?class=BaixarParcela&amp;id=238"&gt;[Baixar&amp;nbsp;parcela] &lt;/a&gt;&lt;a class="noPrint" href="?class=ImprimirParcela&amp;id=238"&gt;[Imprimir&amp;nbsp;parcela] &lt;/a&gt;&lt;/th&gt;
	&lt;/tr&gt;
	&lt;tr&gt;
		&lt;td class="tabelatd2"&gt;156&lt;/td&gt;
		&lt;td class="tabelatd2"&gt;Tipo Cobranca&lt;/td&gt;
		&lt;td class="tabelatd2"&gt;10/10/2018&lt;/td&gt;
		&lt;td class="tabelatd2"&gt;110.00&lt;/td&gt;
		&lt;td class="tabelatd2"&gt;0.00&lt;/td&gt;
		&lt;td class="tabelatd2"&gt;Em aberto&lt;/td&gt;
		&lt;td class="tabelatd2"&gt;1-Fulano de Tal (652.392.539-00)&lt;/td&gt;
		&lt;td class="tabelatd2"&gt;1&lt;/td&gt;
		&lt;td class="tabelatd2"&gt;Patrimonial&lt;/td&gt;
&lt;th class="tabelatd2" border="1"&gt;&lt;a class="noPrint" href="?class=BaixarParcela&amp;id=156"&gt;[Baixar&amp;nbsp;parcela] &lt;/a&gt;&lt;a class="noPrint" href="?class=ImprimirParcela&amp;id=156"&gt;[Imprimir&amp;nbsp;parcela] &lt;/a&gt;&lt;/th&gt;
	&lt;/tr&gt;
	&lt;tr&gt;
		&lt;td class="tabelatd1"&gt;176&lt;/td&gt;
		&lt;td class="tabelatd1"&gt;Tipo Cobranca&lt;/td&gt;
		&lt;td class="tabelatd1"&gt;10/10/2018&lt;/td&gt;
		&lt;td class="tabelatd1"&gt;110.00&lt;/td&gt;
		&lt;td class="tabelatd1"&gt;0.00&lt;/td&gt;
		&lt;td class="tabelatd1"&gt;Em aberto&lt;/td&gt;
		&lt;td class="tabelatd1"&gt;1-Fulano de Tal (652.392.539-00)&lt;/td&gt;
		&lt;td class="tabelatd1"&gt;1&lt;/td&gt;
		&lt;td class="tabelatd1"&gt;Patrimonial&lt;/td&gt;
&lt;th class="tabelatd1" border="1"&gt;&lt;a class="noPrint" href="?class=BaixarParcela&amp;id=176"&gt;[Baixar&amp;nbsp;parcela] &lt;/a&gt;&lt;a class="noPrint" href="?class=ImprimirParcela&amp;id=176"&gt;[Imprimir&amp;nbsp;parcela] &lt;/a&gt;&lt;/th&gt;
	&lt;/tr&gt;
	&lt;tr&gt;
		&lt;td class="tabelatd2"&gt;196&lt;/td&gt;
		&lt;td class="tabelatd2"&gt;Tipo Cobranca&lt;/td&gt;
		&lt;td class="tabelatd2"&gt;10/10/2018&lt;/td&gt;
		&lt;td class="tabelatd2"&gt;110.00&lt;/td&gt;
		&lt;td class="tabelatd2"&gt;0.00&lt;/td&gt;
		&lt;td class="tabelatd2"&gt;Em aberto&lt;/td&gt;
		&lt;td class="tabelatd2"&gt;1-Fulano de Tal (652.392.539-00)&lt;/td&gt;
		&lt;td class="tabelatd2"&gt;1&lt;/td&gt;
		&lt;td class="tabelatd2"&gt;Patrimonial&lt;/td&gt;
&lt;th class="tabelatd2" border="1"&gt;&lt;a class="noPrint" href="?class=BaixarParcela&amp;id=196"&gt;[Baixar&amp;nbsp;parcela] &lt;/a&gt;&lt;a class="noPrint" href="?class=ImprimirParcela&amp;id=196"&gt;[Imprimir&amp;nbsp;parcela] &lt;/a&gt;&lt;/th&gt;
	&lt;/tr&gt;
	&lt;tr&gt;
		&lt;td class="tabelatd1"&gt;216&lt;/td&gt;
		&lt;td class="tabelatd1"&gt;Tipo Cobranca&lt;/td&gt;
		&lt;td class="tabelatd1"&gt;10/10/2018&lt;/td&gt;
		&lt;td class="tabelatd1"&gt;110.00&lt;/td&gt;
		&lt;td class="tabelatd1"&gt;0.00&lt;/td&gt;
		&lt;td class="tabelatd1"&gt;Em aberto&lt;/td&gt;
		&lt;td class="tabelatd1"&gt;1-Fulano de Tal (652.392.539-00)&lt;/td&gt;
		&lt;td class="tabelatd1"&gt;1&lt;/td&gt;
		&lt;td class="tabelatd1"&gt;Patrimonial&lt;/td&gt;
&lt;th class="tabelatd1" border="1"&gt;&lt;a class="noPrint" href="?class=BaixarParcela&amp;id=216"&gt;[Baixar&amp;nbsp;parcela] &lt;/a&gt;&lt;a class="noPrint" href="?class=ImprimirParcela&amp;id=216"&gt;[Imprimir&amp;nbsp;parcela] &lt;/a&gt;&lt;/th&gt;
	&lt;/tr&gt;
	&lt;tr&gt;
		&lt;td class="tabelatd2"&gt;239&lt;/td&gt;
		&lt;td class="tabelatd2"&gt;Tipo Cobranca&lt;/td&gt;
		&lt;td class="tabelatd2"&gt;10/10/2018&lt;/td&gt;
		&lt;td class="tabelatd2"&gt;110.00&lt;/td&gt;
		&lt;td class="tabelatd2"&gt;0.00&lt;/td&gt;
		&lt;td class="tabelatd2"&gt;Em aberto&lt;/td&gt;
		&lt;td class="tabelatd2"&gt;1-Fulano de Tal (652.392.539-00)&lt;/td&gt;
		&lt;td class="tabelatd2"&gt;1&lt;/td&gt;
		&lt;td class="tabelatd2"&gt;Patrimonial&lt;/td&gt;
&lt;th class="tabelatd2" border="1"&gt;&lt;a class="noPrint" href="?class=BaixarParcela&amp;id=239"&gt;[Baixar&amp;nbsp;parcela] &lt;/a&gt;&lt;a class="noPrint" href="?class=ImprimirParcela&amp;id=239"&gt;[Imprimir&amp;nbsp;parcela] &lt;/a&gt;&lt;/th&gt;
	&lt;/tr&gt;
	&lt;tr&gt;
		&lt;td class="tabelatd1"&gt;240&lt;/td&gt;
		&lt;td class="tabelatd1"&gt;Tipo Cobranca&lt;/td&gt;
		&lt;td class="tabelatd1"&gt;10/10/2018&lt;/td&gt;
		&lt;td class="tabelatd1"&gt;110.00&lt;/td&gt;
		&lt;td class="tabelatd1"&gt;0.00&lt;/td&gt;
		&lt;td class="tabelatd1"&gt;Em aberto&lt;/td&gt;
		&lt;td class="tabelatd1"&gt;1-Fulano de Tal (652.392.539-00)&lt;/td&gt;
		&lt;td class="tabelatd1"&gt;1&lt;/td&gt;
		&lt;td class="tabelatd1"&gt;Patrimonial&lt;/td&gt;
&lt;th class="tabelatd1" border="1"&gt;&lt;a class="noPrint" href="?class=BaixarParcela&amp;id=240"&gt;[Baixar&amp;nbsp;parcela] &lt;/a&gt;&lt;a class="noPrint" href="?class=ImprimirParcela&amp;id=240"&gt;[Imprimir&amp;nbsp;parcela] &lt;/a&gt;&lt;/th&gt;
	&lt;/tr&gt;
	&lt;tr&gt;
		&lt;td class="tabelatd2"&gt;253&lt;/td&gt;
		&lt;td class="tabelatd2"&gt;Tipo Cobranca&lt;/td&gt;
		&lt;td class="tabelatd2"&gt;10/10/2018&lt;/td&gt;
		&lt;td class="tabelatd2"&gt;110.00&lt;/td&gt;
		&lt;td class="tabelatd2"&gt;0.00&lt;/td&gt;
		&lt;td class="tabelatd2"&gt;Em aberto&lt;/td&gt;
		&lt;td class="tabelatd2"&gt;1-Fulano de Tal (652.392.539-00)&lt;/td&gt;
		&lt;td class="tabelatd2"&gt;1&lt;/td&gt;
		&lt;td class="tabelatd2"&gt;Patrimonial&lt;/td&gt;
&lt;th class="tabelatd2" border="1"&gt;&lt;a class="noPrint" href="?class=BaixarParcela&amp;id=253"&gt;[Baixar&amp;nbsp;parcela] &lt;/a&gt;&lt;a class="noPrint" href="?class=ImprimirParcela&amp;id=253"&gt;[Imprimir&amp;nbsp;parcela] &lt;/a&gt;&lt;/th&gt;
	&lt;/tr&gt;
	&lt;tr&gt;
		&lt;td class="tabelatd1"&gt;278&lt;/td&gt;
		&lt;td class="tabelatd1"&gt;Tipo Cobranca&lt;/td&gt;
		&lt;td class="tabelatd1"&gt;10/10/2018&lt;/td&gt;
		&lt;td class="tabelatd1"&gt;110.00&lt;/td&gt;
		&lt;td class="tabelatd1"&gt;0.00&lt;/td&gt;
		&lt;td class="tabelatd1"&gt;Em aberto&lt;/td&gt;
		&lt;td class="tabelatd1"&gt;1-Fulano de Tal (652.392.539-00)&lt;/td&gt;
		&lt;td class="tabelatd1"&gt;1&lt;/td&gt;
		&lt;td class="tabelatd1"&gt;Patrimonial&lt;/td&gt;
&lt;th class="tabelatd1" border="1"&gt;&lt;a class="noPrint" href="?class=BaixarParcela&amp;id=278"&gt;[Baixar&amp;nbsp;parcela] &lt;/a&gt;&lt;a class="noPrint" href="?class=ImprimirParcela&amp;id=278"&gt;[Imprimir&amp;nbsp;parcela] &lt;/a&gt;&lt;/th&gt;
	&lt;/tr&gt;
	&lt;tr&gt;
		&lt;td class="tabelatd2"&gt;305&lt;/td&gt;
		&lt;td class="tabelatd2"&gt;Tipo Cobranca&lt;/td&gt;
		&lt;td class="tabelatd2"&gt;10/10/2018&lt;/td&gt;
		&lt;td class="tabelatd2"&gt;110.00&lt;/td&gt;
		&lt;td class="tabelatd2"&gt;0.00&lt;/td&gt;
		&lt;td class="tabelatd2"&gt;Em aberto&lt;/td&gt;
		&lt;td class="tabelatd2"&gt;1-Fulano de Tal (652.392.539-00)&lt;/td&gt;
		&lt;td class="tabelatd2"&gt;1&lt;/td&gt;
		&lt;td class="tabelatd2"&gt;Patrimonial&lt;/td&gt;
&lt;th class="tabelatd2" border="1"&gt;&lt;a class="noPrint" href="?class=BaixarParcela&amp;id=305"&gt;[Baixar&amp;nbsp;parcela] &lt;/a&gt;&lt;a class="noPrint" href="?class=ImprimirParcela&amp;id=305"&gt;[Imprimir&amp;nbsp;parcela] &lt;/a&gt;&lt;/th&gt;
	&lt;/tr&gt;
	&lt;tr&gt;
		&lt;td class="tabelatd1"&gt;334&lt;/td&gt;
		&lt;td class="tabelatd1"&gt;Tipo Cobranca&lt;/td&gt;
		&lt;td class="tabelatd1"&gt;10/10/2018&lt;/td&gt;
		&lt;td class="tabelatd1"&gt;110.00&lt;/td&gt;
		&lt;td class="tabelatd1"&gt;0.00&lt;/td&gt;
		&lt;td class="tabelatd1"&gt;Em aberto&lt;/td&gt;
		&lt;td class="tabelatd1"&gt;1-Fulano de Tal (652.392.539-00)&lt;/td&gt;
		&lt;td class="tabelatd1"&gt;1&lt;/td&gt;
		&lt;td class="tabelatd1"&gt;Patrimonial&lt;/td&gt;
&lt;th class="tabelatd1" border="1"&gt;&lt;a class="noPrint" href="?class=BaixarParcela&amp;id=334"&gt;[Baixar&amp;nbsp;parcela] &lt;/a&gt;&lt;a class="noPrint" href="?class=ImprimirParcela&amp;id=334"&gt;[Imprimir&amp;nbsp;parcela] &lt;/a&gt;&lt;/th&gt;
	&lt;/tr&gt;
	&lt;tr&gt;
		&lt;td class="tabelatd2"&gt;365&lt;/td&gt;
		&lt;td class="tabelatd2"&gt;Tipo Cobranca&lt;/td&gt;
		&lt;td class="tabelatd2"&gt;10/10/2018&lt;/td&gt;
		&lt;td class="tabelatd2"&gt;110.00&lt;/td&gt;
		&lt;td class="tabelatd2"&gt;0.00&lt;/td&gt;
		&lt;td class="tabelatd2"&gt;Em aberto&lt;/td&gt;
		&lt;td class="tabelatd2"&gt;1-Fulano de Tal (652.392.539-00)&lt;/td&gt;
		&lt;td class="tabelatd2"&gt;1&lt;/td&gt;
		&lt;td class="tabelatd2"&gt;Patrimonial&lt;/td&gt;
&lt;th class="tabelatd2" border="1"&gt;&lt;a class="noPrint" href="?class=BaixarParcela&amp;id=365"&gt;[Baixar&amp;nbsp;parcela] &lt;/a&gt;&lt;a class="noPrint" href="?class=ImprimirParcela&amp;id=365"&gt;[Imprimir&amp;nbsp;parcela] &lt;/a&gt;&lt;/th&gt;
	&lt;/tr&gt;
	&lt;tr&gt;
		&lt;td class="tabelatd1"&gt;398&lt;/td&gt;
		&lt;td class="tabelatd1"&gt;Tipo Cobranca&lt;/td&gt;
		&lt;td class="tabelatd1"&gt;10/10/2018&lt;/td&gt;
		&lt;td class="tabelatd1"&gt;110.00&lt;/td&gt;
		&lt;td class="tabelatd1"&gt;0.00&lt;/td&gt;
		&lt;td class="tabelatd1"&gt;Em aberto&lt;/td&gt;
		&lt;td class="tabelatd1"&gt;1-Fulano de Tal (652.392.539-00)&lt;/td&gt;
		&lt;td class="tabelatd1"&gt;1&lt;/td&gt;
		&lt;td class="tabelatd1"&gt;Patrimonial&lt;/td&gt;
&lt;th class="tabelatd1" border="1"&gt;&lt;a class="noPrint" href="?class=BaixarParcela&amp;id=398"&gt;[Baixar&amp;nbsp;parcela] &lt;/a&gt;&lt;a class="noPrint" href="?class=ImprimirParcela&amp;id=398"&gt;[Imprimir&amp;nbsp;parcela] &lt;/a&gt;&lt;/th&gt;
	&lt;/tr&gt;
	&lt;tr&gt;
		&lt;td class="tabelatd2"&gt;433&lt;/td&gt;
		&lt;td class="tabelatd2"&gt;Tipo Cobranca&lt;/td&gt;
		&lt;td class="tabelatd2"&gt;10/10/2018&lt;/td&gt;
		&lt;td class="tabelatd2"&gt;110.00&lt;/td&gt;
		&lt;td class="tabelatd2"&gt;0.00&lt;/td&gt;
		&lt;td class="tabelatd2"&gt;Em aberto&lt;/td&gt;
		&lt;td class="tabelatd2"&gt;1-Fulano de Tal (652.392.539-00)&lt;/td&gt;
		&lt;td class="tabelatd2"&gt;1&lt;/td&gt;
		&lt;td class="tabelatd2"&gt;Patrimonial&lt;/td&gt;
&lt;th class="tabelatd2" border="1"&gt;&lt;a class="noPrint" href="?class=BaixarParcela&amp;id=433"&gt;[Baixar&amp;nbsp;parcela] &lt;/a&gt;&lt;a class="noPrint" href="?class=ImprimirParcela&amp;id=433"&gt;[Imprimir&amp;nbsp;parcela] &lt;/a&gt;&lt;/th&gt;
	&lt;/tr&gt;
	&lt;tr&gt;
		&lt;td class="tabelatd1"&gt;257&lt;/td&gt;
		&lt;td class="tabelatd1"&gt;Tipo Cobranca&lt;/td&gt;
		&lt;td class="tabelatd1"&gt;10/10/2018&lt;/td&gt;
		&lt;td class="tabelatd1"&gt;110.00&lt;/td&gt;
		&lt;td class="tabelatd1"&gt;0.00&lt;/td&gt;
		&lt;td class="tabelatd1"&gt;Em aberto&lt;/td&gt;
		&lt;td class="tabelatd1"&gt;1-Fulano de Tal (652.392.539-00)&lt;/td&gt;
		&lt;td class="tabelatd1"&gt;1&lt;/td&gt;
		&lt;td class="tabelatd1"&gt;Patrimonial&lt;/td&gt;
&lt;th class="tabelatd1" border="1"&gt;&lt;a class="noPrint" href="?class=BaixarParcela&amp;id=257"&gt;[Baixar&amp;nbsp;parcela] &lt;/a&gt;&lt;a class="noPrint" href="?class=ImprimirParcela&amp;id=257"&gt;[Imprimir&amp;nbsp;parcela] &lt;/a&gt;&lt;/th&gt;
	&lt;/tr&gt;
	&lt;tr&gt;
		&lt;td class="tabelatd2"&gt;282&lt;/td&gt;
		&lt;td class="tabelatd2"&gt;Tipo Cobranca&lt;/td&gt;
		&lt;td class="tabelatd2"&gt;10/10/2018&lt;/td&gt;
		&lt;td class="tabelatd2"&gt;110.00&lt;/td&gt;
		&lt;td class="tabelatd2"&gt;0.00&lt;/td&gt;
		&lt;td class="tabelatd2"&gt;Em aberto&lt;/td&gt;
		&lt;td class="tabelatd2"&gt;1-Fulano de Tal (652.392.539-00)&lt;/td&gt;
		&lt;td class="tabelatd2"&gt;1&lt;/td&gt;
		&lt;td class="tabelatd2"&gt;Patrimonial&lt;/td&gt;
&lt;th class="tabelatd2" border="1"&gt;&lt;a class="noPrint" href="?class=BaixarParcela&amp;id=282"&gt;[Baixar&amp;nbsp;parcela] &lt;/a&gt;&lt;a class="noPrint" href="?class=ImprimirParcela&amp;id=282"&gt;[Imprimir&amp;nbsp;parcela] &lt;/a&gt;&lt;/th&gt;
	&lt;/tr&gt;
	&lt;tr&gt;
		&lt;td class="tabelatd1"&gt;309&lt;/td&gt;
		&lt;td class="tabelatd1"&gt;Tipo Cobranca&lt;/td&gt;
		&lt;td class="tabelatd1"&gt;10/10/2018&lt;/td&gt;
		&lt;td class="tabelatd1"&gt;110.00&lt;/td&gt;
		&lt;td class="tabelatd1"&gt;0.00&lt;/td&gt;
		&lt;td class="tabelatd1"&gt;Em aberto&lt;/td&gt;
		&lt;td class="tabelatd1"&gt;1-Fulano de Tal (652.392.539-00)&lt;/td&gt;
		&lt;td class="tabelatd1"&gt;1&lt;/td&gt;
		&lt;td class="tabelatd1"&gt;Patrimonial&lt;/td&gt;
&lt;th class="tabelatd1" border="1"&gt;&lt;a class="noPrint" href="?class=BaixarParcela&amp;id=309"&gt;[Baixar&amp;nbsp;parcela] &lt;/a&gt;&lt;a class="noPrint" href="?class=ImprimirParcela&amp;id=309"&gt;[Imprimir&amp;nbsp;parcela] &lt;/a&gt;&lt;/th&gt;
	&lt;/tr&gt;
	&lt;tr&gt;
		&lt;td class="tabelatd2"&gt;338&lt;/td&gt;
		&lt;td class="tabelatd2"&gt;Tipo Cobranca&lt;/td&gt;
		&lt;td class="tabelatd2"&gt;10/10/2018&lt;/td&gt;
		&lt;td class="tabelatd2"&gt;110.00&lt;/td&gt;
		&lt;td class="tabelatd2"&gt;0.00&lt;/td&gt;
		&lt;td class="tabelatd2"&gt;Em aberto&lt;/td&gt;
		&lt;td class="tabelatd2"&gt;1-Fulano de Tal (652.392.539-00)&lt;/td&gt;
		&lt;td class="tabelatd2"&gt;1&lt;/td&gt;
		&lt;td class="tabelatd2"&gt;Patrimonial&lt;/td&gt;
&lt;th class="tabelatd2" border="1"&gt;&lt;a class="noPrint" href="?class=BaixarParcela&amp;id=338"&gt;[Baixar&amp;nbsp;parcela] &lt;/a&gt;&lt;a class="noPrint" href="?class=ImprimirParcela&amp;id=338"&gt;[Imprimir&amp;nbsp;parcela] &lt;/a&gt;&lt;/th&gt;
	&lt;/tr&gt;
	&lt;tr&gt;
		&lt;td class="tabelatd1"&gt;369&lt;/td&gt;
		&lt;td class="tabelatd1"&gt;Tipo Cobranca&lt;/td&gt;
		&lt;td class="tabelatd1"&gt;10/10/2018&lt;/td&gt;
		&lt;td class="tabelatd1"&gt;110.00&lt;/td&gt;
		&lt;td class="tabelatd1"&gt;0.00&lt;/td&gt;
		&lt;td class="tabelatd1"&gt;Em aberto&lt;/td&gt;
		&lt;td class="tabelatd1"&gt;1-Fulano de Tal (652.392.539-00)&lt;/td&gt;
		&lt;td class="tabelatd1"&gt;1&lt;/td&gt;
		&lt;td class="tabelatd1"&gt;Patrimonial&lt;/td&gt;
&lt;th class="tabelatd1" border="1"&gt;&lt;a class="noPrint" href="?class=BaixarParcela&amp;id=369"&gt;[Baixar&amp;nbsp;parcela] &lt;/a&gt;&lt;a class="noPrint" href="?class=ImprimirParcela&amp;id=369"&gt;[Imprimir&amp;nbsp;parcela] &lt;/a&gt;&lt;/th&gt;
	&lt;/tr&gt;
	&lt;tr&gt;
		&lt;td class="tabelatd2"&gt;402&lt;/td&gt;
		&lt;td class="tabelatd2"&gt;Tipo Cobranca&lt;/td&gt;
		&lt;td class="tabelatd2"&gt;10/10/2018&lt;/td&gt;
		&lt;td class="tabelatd2"&gt;110.00&lt;/td&gt;
		&lt;td class="tabelatd2"&gt;0.00&lt;/td&gt;
		&lt;td class="tabelatd2"&gt;Em aberto&lt;/td&gt;
		&lt;td class="tabelatd2"&gt;1-Fulano de Tal (652.392.539-00)&lt;/td&gt;
		&lt;td class="tabelatd2"&gt;1&lt;/td&gt;
		&lt;td class="tabelatd2"&gt;Patrimonial&lt;/td&gt;
&lt;th class="tabelatd2" border="1"&gt;&lt;a class="noPrint" href="?class=BaixarParcela&amp;id=402"&gt;[Baixar&amp;nbsp;parcela] &lt;/a&gt;&lt;a class="noPrint" href="?class=ImprimirParcela&amp;id=402"&gt;[Imprimir&amp;nbsp;parcela] &lt;/a&gt;&lt;/th&gt;
	&lt;/tr&gt;
	&lt;tr&gt;
		&lt;td class="tabelatd1"&gt;437&lt;/td&gt;
		&lt;td class="tabelatd1"&gt;Tipo Cobranca&lt;/td&gt;
		&lt;td class="tabelatd1"&gt;10/10/2018&lt;/td&gt;
		&lt;td class="tabelatd1"&gt;110.00&lt;/td&gt;
		&lt;td class="tabelatd1"&gt;0.00&lt;/td&gt;
		&lt;td class="tabelatd1"&gt;Em aberto&lt;/td&gt;
		&lt;td class="tabelatd1"&gt;1-Fulano de Tal (652.392.539-00)&lt;/td&gt;
		&lt;td class="tabelatd1"&gt;1&lt;/td&gt;
		&lt;td class="tabelatd1"&gt;Patrimonial&lt;/td&gt;
&lt;th class="tabelatd1" border="1"&gt;&lt;a class="noPrint" href="?class=BaixarParcela&amp;id=437"&gt;[Baixar&amp;nbsp;parcela] &lt;/a&gt;&lt;a class="noPrint" href="?class=ImprimirParcela&amp;id=437"&gt;[Imprimir&amp;nbsp;parcela] &lt;/a&gt;&lt;/th&gt;
	&lt;/tr&gt;
	&lt;tr&gt;
		&lt;td class="tabelatd2"&gt;258&lt;/td&gt;
		&lt;td class="tabelatd2"&gt;Tipo Cobranca&lt;/td&gt;
		&lt;td class="tabelatd2"&gt;10/10/2018&lt;/td&gt;
		&lt;td class="tabelatd2"&gt;110.00&lt;/td&gt;
		&lt;td class="tabelatd2"&gt;0.00&lt;/td&gt;
		&lt;td class="tabelatd2"&gt;Em aberto&lt;/td&gt;
		&lt;td class="tabelatd2"&gt;1-Fulano de Tal (652.392.539-00)&lt;/td&gt;
		&lt;td class="tabelatd2"&gt;1&lt;/td&gt;
		&lt;td class="tabelatd2"&gt;Patrimonial&lt;/td&gt;
&lt;th class="tabelatd2" border="1"&gt;&lt;a class="noPrint" href="?class=BaixarParcela&amp;id=258"&gt;[Baixar&amp;nbsp;parcela] &lt;/a&gt;&lt;a class="noPrint" href="?class=ImprimirParcela&amp;id=258"&gt;[Imprimir&amp;nbsp;parcela] &lt;/a&gt;&lt;/th&gt;
	&lt;/tr&gt;
	&lt;tr&gt;
		&lt;td class="tabelatd1"&gt;283&lt;/td&gt;
		&lt;td class="tabelatd1"&gt;Tipo Cobranca&lt;/td&gt;
		&lt;td class="tabelatd1"&gt;10/10/2018&lt;/td&gt;
		&lt;td class="tabelatd1"&gt;110.00&lt;/td&gt;
		&lt;td class="tabelatd1"&gt;0.00&lt;/td&gt;
		&lt;td class="tabelatd1"&gt;Em aberto&lt;/td&gt;
		&lt;td class="tabelatd1"&gt;1-Fulano de Tal (652.392.539-00)&lt;/td&gt;
		&lt;td class="tabelatd1"&gt;1&lt;/td&gt;
		&lt;td class="tabelatd1"&gt;Patrimonial&lt;/td&gt;
&lt;th class="tabelatd1" border="1"&gt;&lt;a class="noPrint" href="?class=BaixarParcela&amp;id=283"&gt;[Baixar&amp;nbsp;parcela] &lt;/a&gt;&lt;a class="noPrint" href="?class=ImprimirParcela&amp;id=283"&gt;[Imprimir&amp;nbsp;parcela] &lt;/a&gt;&lt;/th&gt;
	&lt;/tr&gt;
	&lt;tr&gt;
		&lt;td class="tabelatd2"&gt;310&lt;/td&gt;
		&lt;td class="tabelatd2"&gt;Tipo Cobranca&lt;/td&gt;
		&lt;td class="tabelatd2"&gt;10/10/2018&lt;/td&gt;
		&lt;td class="tabelatd2"&gt;110.00&lt;/td&gt;
		&lt;td class="tabelatd2"&gt;0.00&lt;/td&gt;
		&lt;td class="tabelatd2"&gt;Em aberto&lt;/td&gt;
		&lt;td class="tabelatd2"&gt;1-Fulano de Tal (652.392.539-00)&lt;/td&gt;
		&lt;td class="tabelatd2"&gt;1&lt;/td&gt;
		&lt;td class="tabelatd2"&gt;Patrimonial&lt;/td&gt;
&lt;th class="tabelatd2" border="1"&gt;&lt;a class="noPrint" href="?class=BaixarParcela&amp;id=310"&gt;[Baixar&amp;nbsp;parcela] &lt;/a&gt;&lt;a class="noPrint" href="?class=ImprimirParcela&amp;id=310"&gt;[Imprimir&amp;nbsp;parcela] &lt;/a&gt;&lt;/th&gt;
	&lt;/tr&gt;
	&lt;tr&gt;
		&lt;td class="tabelatd1"&gt;339&lt;/td&gt;
		&lt;td class="tabelatd1"&gt;Tipo Cobranca&lt;/td&gt;
		&lt;td class="tabelatd1"&gt;10/10/2018&lt;/td&gt;
		&lt;td class="tabelatd1"&gt;110.00&lt;/td&gt;
		&lt;td class="tabelatd1"&gt;0.00&lt;/td&gt;
		&lt;td class="tabelatd1"&gt;Em aberto&lt;/td&gt;
		&lt;td class="tabelatd1"&gt;1-Fulano de Tal (652.392.539-00)&lt;/td&gt;
		&lt;td class="tabelatd1"&gt;1&lt;/td&gt;
		&lt;td class="tabelatd1"&gt;Patrimonial&lt;/td&gt;
&lt;th class="tabelatd1" border="1"&gt;&lt;a class="noPrint" href="?class=BaixarParcela&amp;id=339"&gt;[Baixar&amp;nbsp;parcela] &lt;/a&gt;&lt;a class="noPrint" href="?class=ImprimirParcela&amp;id=339"&gt;[Imprimir&amp;nbsp;parcela] &lt;/a&gt;&lt;/th&gt;
	&lt;/tr&gt;
	&lt;tr&gt;
		&lt;td class="tabelatd2"&gt;370&lt;/td&gt;
		&lt;td class="tabelatd2"&gt;Tipo Cobranca&lt;/td&gt;
		&lt;td class="tabelatd2"&gt;10/10/2018&lt;/td&gt;
		&lt;td class="tabelatd2"&gt;110.00&lt;/td&gt;
		&lt;td class="tabelatd2"&gt;0.00&lt;/td&gt;
		&lt;td class="tabelatd2"&gt;Em aberto&lt;/td&gt;
		&lt;td class="tabelatd2"&gt;1-Fulano de Tal (652.392.539-00)&lt;/td&gt;
		&lt;td class="tabelatd2"&gt;1&lt;/td&gt;
		&lt;td class="tabelatd2"&gt;Patrimonial&lt;/td&gt;
&lt;th class="tabelatd2" border="1"&gt;&lt;a class="noPrint" href="?class=BaixarParcela&amp;id=370"&gt;[Baixar&amp;nbsp;parcela] &lt;/a&gt;&lt;a class="noPrint" href="?class=ImprimirParcela&amp;id=370"&gt;[Imprimir&amp;nbsp;parcela] &lt;/a&gt;&lt;/th&gt;
	&lt;/tr&gt;
	&lt;tr&gt;
		&lt;td class="tabelatd1"&gt;403&lt;/td&gt;
		&lt;td class="tabelatd1"&gt;Tipo Cobranca&lt;/td&gt;
		&lt;td class="tabelatd1"&gt;10/10/2018&lt;/td&gt;
		&lt;td class="tabelatd1"&gt;110.00&lt;/td&gt;
		&lt;td class="tabelatd1"&gt;0.00&lt;/td&gt;
		&lt;td class="tabelatd1"&gt;Em aberto&lt;/td&gt;
		&lt;td class="tabelatd1"&gt;1-Fulano de Tal (652.392.539-00)&lt;/td&gt;
		&lt;td class="tabelatd1"&gt;1&lt;/td&gt;
		&lt;td class="tabelatd1"&gt;Patrimonial&lt;/td&gt;
&lt;th class="tabelatd1" border="1"&gt;&lt;a class="noPrint" href="?class=BaixarParcela&amp;id=403"&gt;[Baixar&amp;nbsp;parcela] &lt;/a&gt;&lt;a class="noPrint" href="?class=ImprimirParcela&amp;id=403"&gt;[Imprimir&amp;nbsp;parcela] &lt;/a&gt;&lt;/th&gt;
	&lt;/tr&gt;
	&lt;tr&gt;
		&lt;td class="tabelatd2"&gt;438&lt;/td&gt;
		&lt;td class="tabelatd2"&gt;Tipo Cobranca&lt;/td&gt;
		&lt;td class="tabelatd2"&gt;10/10/2018&lt;/td&gt;
		&lt;td class="tabelatd2"&gt;110.00&lt;/td&gt;
		&lt;td class="tabelatd2"&gt;0.00&lt;/td&gt;
		&lt;td class="tabelatd2"&gt;Em aberto&lt;/td&gt;
		&lt;td class="tabelatd2"&gt;1-Fulano de Tal (652.392.539-00)&lt;/td&gt;
		&lt;td class="tabelatd2"&gt;1&lt;/td&gt;
		&lt;td class="tabelatd2"&gt;Patrimonial&lt;/td&gt;
&lt;th class="tabelatd2" border="1"&gt;&lt;a class="noPrint" href="?class=BaixarParcela&amp;id=438"&gt;[Baixar&amp;nbsp;parcela] &lt;/a&gt;&lt;a class="noPrint" href="?class=ImprimirParcela&amp;id=438"&gt;[Imprimir&amp;nbsp;parcela] &lt;/a&gt;&lt;/th&gt;
	&lt;/tr&gt;
	&lt;tr&gt;
		&lt;td class="tabelatd1"&gt;259&lt;/td&gt;
		&lt;td class="tabelatd1"&gt;Tipo Cobranca&lt;/td&gt;
		&lt;td class="tabelatd1"&gt;10/10/2018&lt;/td&gt;
		&lt;td class="tabelatd1"&gt;110.00&lt;/td&gt;
		&lt;td class="tabelatd1"&gt;0.00&lt;/td&gt;
		&lt;td class="tabelatd1"&gt;Em aberto&lt;/td&gt;
		&lt;td class="tabelatd1"&gt;1-Fulano de Tal (652.392.539-00)&lt;/td&gt;
		&lt;td class="tabelatd1"&gt;1&lt;/td&gt;
		&lt;td class="tabelatd1"&gt;Patrimonial&lt;/td&gt;
&lt;th class="tabelatd1" border="1"&gt;&lt;a class="noPrint" href="?class=BaixarParcela&amp;id=259"&gt;[Baixar&amp;nbsp;parcela] &lt;/a&gt;&lt;a class="noPrint" href="?class=ImprimirParcela&amp;id=259"&gt;[Imprimir&amp;nbsp;parcela] &lt;/a&gt;&lt;/th&gt;
	&lt;/tr&gt;
	&lt;tr&gt;
		&lt;td class="tabelatd2"&gt;284&lt;/td&gt;
		&lt;td class="tabelatd2"&gt;Tipo Cobranca&lt;/td&gt;
		&lt;td class="tabelatd2"&gt;10/10/2018&lt;/td&gt;
		&lt;td class="tabelatd2"&gt;110.00&lt;/td&gt;
		&lt;td class="tabelatd2"&gt;0.00&lt;/td&gt;
		&lt;td class="tabelatd2"&gt;Em aberto&lt;/td&gt;
		&lt;td class="tabelatd2"&gt;1-Fulano de Tal (652.392.539-00)&lt;/td&gt;
		&lt;td class="tabelatd2"&gt;1&lt;/td&gt;
		&lt;td class="tabelatd2"&gt;Patrimonial&lt;/td&gt;
&lt;th class="tabelatd2" border="1"&gt;&lt;a class="noPrint" href="?class=BaixarParcela&amp;id=284"&gt;[Baixar&amp;nbsp;parcela] &lt;/a&gt;&lt;a class="noPrint" href="?class=ImprimirParcela&amp;id=284"&gt;[Imprimir&amp;nbsp;parcela] &lt;/a&gt;&lt;/th&gt;
	&lt;/tr&gt;
	&lt;tr&gt;
		&lt;td class="tabelatd1"&gt;311&lt;/td&gt;
		&lt;td class="tabelatd1"&gt;Tipo Cobranca&lt;/td&gt;
		&lt;td class="tabelatd1"&gt;10/10/2018&lt;/td&gt;
		&lt;td class="tabelatd1"&gt;110.00&lt;/td&gt;
		&lt;td class="tabelatd1"&gt;0.00&lt;/td&gt;
		&lt;td class="tabelatd1"&gt;Em aberto&lt;/td&gt;
		&lt;td class="tabelatd1"&gt;1-Fulano de Tal (652.392.539-00)&lt;/td&gt;
		&lt;td class="tabelatd1"&gt;1&lt;/td&gt;
		&lt;td class="tabelatd1"&gt;Patrimonial&lt;/td&gt;
&lt;th class="tabelatd1" border="1"&gt;&lt;a class="noPrint" href="?class=BaixarParcela&amp;id=311"&gt;[Baixar&amp;nbsp;parcela] &lt;/a&gt;&lt;a class="noPrint" href="?class=ImprimirParcela&amp;id=311"&gt;[Imprimir&amp;nbsp;parcela] &lt;/a&gt;&lt;/th&gt;
	&lt;/tr&gt;
	&lt;tr&gt;
		&lt;td class="tabelatd2"&gt;340&lt;/td&gt;
		&lt;td class="tabelatd2"&gt;Tipo Cobranca&lt;/td&gt;
		&lt;td class="tabelatd2"&gt;10/10/2018&lt;/td&gt;
		&lt;td class="tabelatd2"&gt;110.00&lt;/td&gt;
		&lt;td class="tabelatd2"&gt;0.00&lt;/td&gt;
		&lt;td class="tabelatd2"&gt;Em aberto&lt;/td&gt;
		&lt;td class="tabelatd2"&gt;1-Fulano de Tal (652.392.539-00)&lt;/td&gt;
		&lt;td class="tabelatd2"&gt;1&lt;/td&gt;
		&lt;td class="tabelatd2"&gt;Patrimonial&lt;/td&gt;
&lt;th class="tabelatd2" border="1"&gt;&lt;a class="noPrint" href="?class=BaixarParcela&amp;id=340"&gt;[Baixar&amp;nbsp;parcela] &lt;/a&gt;&lt;a class="noPrint" href="?class=ImprimirParcela&amp;id=340"&gt;[Imprimir&amp;nbsp;parcela] &lt;/a&gt;&lt;/th&gt;
	&lt;/tr&gt;
	&lt;tr&gt;
		&lt;td class="tabelatd1"&gt;371&lt;/td&gt;
		&lt;td class="tabelatd1"&gt;Tipo Cobranca&lt;/td&gt;
		&lt;td class="tabelatd1"&gt;10/10/2018&lt;/td&gt;
		&lt;td class="tabelatd1"&gt;110.00&lt;/td&gt;
		&lt;td class="tabelatd1"&gt;0.00&lt;/td&gt;
		&lt;td class="tabelatd1"&gt;Em aberto&lt;/td&gt;
		&lt;td class="tabelatd1"&gt;1-Fulano de Tal (652.392.539-00)&lt;/td&gt;
		&lt;td class="tabelatd1"&gt;1&lt;/td&gt;
		&lt;td class="tabelatd1"&gt;Patrimonial&lt;/td&gt;
&lt;th class="tabelatd1" border="1"&gt;&lt;a class="noPrint" href="?class=BaixarParcela&amp;id=371"&gt;[Baixar&amp;nbsp;parcela] &lt;/a&gt;&lt;a class="noPrint" href="?class=ImprimirParcela&amp;id=371"&gt;[Imprimir&amp;nbsp;parcela] &lt;/a&gt;&lt;/th&gt;
	&lt;/tr&gt;
	&lt;tr&gt;
		&lt;td class="tabelatd2"&gt;404&lt;/td&gt;
		&lt;td class="tabelatd2"&gt;Tipo Cobranca&lt;/td&gt;
		&lt;td class="tabelatd2"&gt;10/10/2018&lt;/td&gt;
		&lt;td class="tabelatd2"&gt;110.00&lt;/td&gt;
		&lt;td class="tabelatd2"&gt;0.00&lt;/td&gt;
		&lt;td class="tabelatd2"&gt;Em aberto&lt;/td&gt;
		&lt;td class="tabelatd2"&gt;1-Fulano de Tal (652.392.539-00)&lt;/td&gt;
		&lt;td class="tabelatd2"&gt;1&lt;/td&gt;
		&lt;td class="tabelatd2"&gt;Patrimonial&lt;/td&gt;
&lt;th class="tabelatd2" border="1"&gt;&lt;a class="noPrint" href="?class=BaixarParcela&amp;id=404"&gt;[Baixar&amp;nbsp;parcela] &lt;/a&gt;&lt;a class="noPrint" href="?class=ImprimirParcela&amp;id=404"&gt;[Imprimir&amp;nbsp;parcela] &lt;/a&gt;&lt;/th&gt;
	&lt;/tr&gt;
	&lt;tr&gt;
		&lt;td class="tabelatd1"&gt;439&lt;/td&gt;
		&lt;td class="tabelatd1"&gt;Tipo Cobranca&lt;/td&gt;
		&lt;td class="tabelatd1"&gt;10/10/2018&lt;/td&gt;
		&lt;td class="tabelatd1"&gt;110.00&lt;/td&gt;
		&lt;td class="tabelatd1"&gt;0.00&lt;/td&gt;
		&lt;td class="tabelatd1"&gt;Em aberto&lt;/td&gt;
		&lt;td class="tabelatd1"&gt;1-Fulano de Tal (652.392.539-00)&lt;/td&gt;
		&lt;td class="tabelatd1"&gt;1&lt;/td&gt;
		&lt;td class="tabelatd1"&gt;Patrimonial&lt;/td&gt;
&lt;th class="tabelatd1" border="1"&gt;&lt;a class="noPrint" href="?class=BaixarParcela&amp;id=439"&gt;[Baixar&amp;nbsp;parcela] &lt;/a&gt;&lt;a class="noPrint" href="?class=ImprimirParcela&amp;id=439"&gt;[Imprimir&amp;nbsp;parcela] &lt;/a&gt;&lt;/th&gt;
	&lt;/tr&gt;
	&lt;tr&gt;
		&lt;td class="tabelatd2"&gt;260&lt;/td&gt;
		&lt;td class="tabelatd2"&gt;Tipo Cobranca&lt;/td&gt;
		&lt;td class="tabelatd2"&gt;10/10/2018&lt;/td&gt;
		&lt;td class="tabelatd2"&gt;110.00&lt;/td&gt;
		&lt;td class="tabelatd2"&gt;0.00&lt;/td&gt;
		&lt;td class="tabelatd2"&gt;Em aberto&lt;/td&gt;
		&lt;td class="tabelatd2"&gt;1-Fulano de Tal (652.392.539-00)&lt;/td&gt;
		&lt;td class="tabelatd2"&gt;1&lt;/td&gt;
		&lt;td class="tabelatd2"&gt;Patrimonial&lt;/td&gt;
&lt;th class="tabelatd2" border="1"&gt;&lt;a class="noPrint" href="?class=BaixarParcela&amp;id=260"&gt;[Baixar&amp;nbsp;parcela] &lt;/a&gt;&lt;a class="noPrint" href="?class=ImprimirParcela&amp;id=260"&gt;[Imprimir&amp;nbsp;parcela] &lt;/a&gt;&lt;/th&gt;
	&lt;/tr&gt;
	&lt;tr&gt;
		&lt;td class="tabelatd1"&gt;285&lt;/td&gt;
		&lt;td class="tabelatd1"&gt;Tipo Cobranca&lt;/td&gt;
		&lt;td class="tabelatd1"&gt;10/10/2018&lt;/td&gt;
		&lt;td class="tabelatd1"&gt;110.00&lt;/td&gt;
		&lt;td class="tabelatd1"&gt;0.00&lt;/td&gt;
		&lt;td class="tabelatd1"&gt;Em aberto&lt;/td&gt;
		&lt;td class="tabelatd1"&gt;1-Fulano de Tal (652.392.539-00)&lt;/td&gt;
		&lt;td class="tabelatd1"&gt;1&lt;/td&gt;
		&lt;td class="tabelatd1"&gt;Patrimonial&lt;/td&gt;
&lt;th class="tabelatd1" border="1"&gt;&lt;a class="noPrint" href="?class=BaixarParcela&amp;id=285"&gt;[Baixar&amp;nbsp;parcela] &lt;/a&gt;&lt;a class="noPrint" href="?class=ImprimirParcela&amp;id=285"&gt;[Imprimir&amp;nbsp;parcela] &lt;/a&gt;&lt;/th&gt;
	&lt;/tr&gt;
	&lt;tr&gt;
		&lt;td class="tabelatd2"&gt;312&lt;/td&gt;
		&lt;td class="tabelatd2"&gt;Tipo Cobranca&lt;/td&gt;
		&lt;td class="tabelatd2"&gt;10/10/2018&lt;/td&gt;
		&lt;td class="tabelatd2"&gt;110.00&lt;/td&gt;
		&lt;td class="tabelatd2"&gt;0.00&lt;/td&gt;
		&lt;td class="tabelatd2"&gt;Em aberto&lt;/td&gt;
		&lt;td class="tabelatd2"&gt;1-Fulano de Tal (652.392.539-00)&lt;/td&gt;
		&lt;td class="tabelatd2"&gt;1&lt;/td&gt;
		&lt;td class="tabelatd2"&gt;Patrimonial&lt;/td&gt;
&lt;th class="tabelatd2" border="1"&gt;&lt;a class="noPrint" href="?class=BaixarParcela&amp;id=312"&gt;[Baixar&amp;nbsp;parcela] &lt;/a&gt;&lt;a class="noPrint" href="?class=ImprimirParcela&amp;id=312"&gt;[Imprimir&amp;nbsp;parcela] &lt;/a&gt;&lt;/th&gt;
	&lt;/tr&gt;
	&lt;tr&gt;
		&lt;td class="tabelatd1"&gt;341&lt;/td&gt;
		&lt;td class="tabelatd1"&gt;Tipo Cobranca&lt;/td&gt;
		&lt;td class="tabelatd1"&gt;10/10/2018&lt;/td&gt;
		&lt;td class="tabelatd1"&gt;110.00&lt;/td&gt;
		&lt;td class="tabelatd1"&gt;0.00&lt;/td&gt;
		&lt;td class="tabelatd1"&gt;Em aberto&lt;/td&gt;
		&lt;td class="tabelatd1"&gt;1-Fulano de Tal (652.392.539-00)&lt;/td&gt;
		&lt;td class="tabelatd1"&gt;1&lt;/td&gt;
		&lt;td class="tabelatd1"&gt;Patrimonial&lt;/td&gt;
&lt;th class="tabelatd1" border="1"&gt;&lt;a class="noPrint" href="?class=BaixarParcela&amp;id=341"&gt;[Baixar&amp;nbsp;parcela] &lt;/a&gt;&lt;a class="noPrint" href="?class=ImprimirParcela&amp;id=341"&gt;[Imprimir&amp;nbsp;parcela] &lt;/a&gt;&lt;/th&gt;
	&lt;/tr&gt;
	&lt;tr&gt;
		&lt;td class="tabelatd2"&gt;372&lt;/td&gt;
		&lt;td class="tabelatd2"&gt;Tipo Cobranca&lt;/td&gt;
		&lt;td class="tabelatd2"&gt;10/10/2018&lt;/td&gt;
		&lt;td class="tabelatd2"&gt;110.00&lt;/td&gt;
		&lt;td class="tabelatd2"&gt;0.00&lt;/td&gt;
		&lt;td class="tabelatd2"&gt;Em aberto&lt;/td&gt;
		&lt;td class="tabelatd2"&gt;1-Fulano de Tal (652.392.539-00)&lt;/td&gt;
		&lt;td class="tabelatd2"&gt;1&lt;/td&gt;
		&lt;td class="tabelatd2"&gt;Patrimonial&lt;/td&gt;
&lt;th class="tabelatd2" border="1"&gt;&lt;a class="noPrint" href="?class=BaixarParcela&amp;id=372"&gt;[Baixar&amp;nbsp;parcela] &lt;/a&gt;&lt;a class="noPrint" href="?class=ImprimirParcela&amp;id=372"&gt;[Imprimir&amp;nbsp;parcela] &lt;/a&gt;&lt;/th&gt;
	&lt;/tr&gt;
	&lt;tr&gt;
		&lt;td class="tabelatd1"&gt;405&lt;/td&gt;
		&lt;td class="tabelatd1"&gt;Tipo Cobranca&lt;/td&gt;
		&lt;td class="tabelatd1"&gt;10/10/2018&lt;/td&gt;
		&lt;td class="tabelatd1"&gt;110.00&lt;/td&gt;
		&lt;td class="tabelatd1"&gt;0.00&lt;/td&gt;
		&lt;td class="tabelatd1"&gt;Em aberto&lt;/td&gt;
		&lt;td class="tabelatd1"&gt;1-Fulano de Tal (652.392.539-00)&lt;/td&gt;
		&lt;td class="tabelatd1"&gt;1&lt;/td&gt;
		&lt;td class="tabelatd1"&gt;Patrimonial&lt;/td&gt;
&lt;th class="tabelatd1" border="1"&gt;&lt;a class="noPrint" href="?class=BaixarParcela&amp;id=405"&gt;[Baixar&amp;nbsp;parcela] &lt;/a&gt;&lt;a class="noPrint" href="?class=ImprimirParcela&amp;id=405"&gt;[Imprimir&amp;nbsp;parcela] &lt;/a&gt;&lt;/th&gt;
	&lt;/tr&gt;
	&lt;tr&gt;
		&lt;td class="tabelatd2"&gt;440&lt;/td&gt;
		&lt;td class="tabelatd2"&gt;Tipo Cobranca&lt;/td&gt;
		&lt;td class="tabelatd2"&gt;10/10/2018&lt;/td&gt;
		&lt;td class="tabelatd2"&gt;110.00&lt;/td&gt;
		&lt;td class="tabelatd2"&gt;0.00&lt;/td&gt;
		&lt;td class="tabelatd2"&gt;Em aberto&lt;/td&gt;
		&lt;td class="tabelatd2"&gt;1-Fulano de Tal (652.392.539-00)&lt;/td&gt;
		&lt;td class="tabelatd2"&gt;1&lt;/td&gt;
		&lt;td class="tabelatd2"&gt;Patrimonial&lt;/td&gt;
&lt;th class="tabelatd2" border="1"&gt;&lt;a class="noPrint" href="?class=BaixarParcela&amp;id=440"&gt;[Baixar&amp;nbsp;parcela] &lt;/a&gt;&lt;a class="noPrint" href="?class=ImprimirParcela&amp;id=440"&gt;[Imprimir&amp;nbsp;parcela] &lt;/a&gt;&lt;/th&gt;
	&lt;/tr&gt;
	&lt;tr&gt;
		&lt;td class="tabelatd1"&gt;261&lt;/td&gt;
		&lt;td class="tabelatd1"&gt;Tipo Cobranca&lt;/td&gt;
		&lt;td class="tabelatd1"&gt;10/10/2018&lt;/td&gt;
		&lt;td class="tabelatd1"&gt;110.00&lt;/td&gt;
		&lt;td class="tabelatd1"&gt;0.00&lt;/td&gt;
		&lt;td class="tabelatd1"&gt;Em aberto&lt;/td&gt;
		&lt;td class="tabelatd1"&gt;1-Fulano de Tal (652.392.539-00)&lt;/td&gt;
		&lt;td class="tabelatd1"&gt;1&lt;/td&gt;
		&lt;td class="tabelatd1"&gt;Patrimonial&lt;/td&gt;
&lt;th class="tabelatd1" border="1"&gt;&lt;a class="noPrint" href="?class=BaixarParcela&amp;id=261"&gt;[Baixar&amp;nbsp;parcela] &lt;/a&gt;&lt;a class="noPrint" href="?class=ImprimirParcela&amp;id=261"&gt;[Imprimir&amp;nbsp;parcela] &lt;/a&gt;&lt;/th&gt;
	&lt;/tr&gt;
	&lt;tr&gt;
		&lt;td class="tabelatd2"&gt;286&lt;/td&gt;
		&lt;td class="tabelatd2"&gt;Tipo Cobranca&lt;/td&gt;
		&lt;td class="tabelatd2"&gt;10/10/2018&lt;/td&gt;
		&lt;td class="tabelatd2"&gt;110.00&lt;/td&gt;
		&lt;td class="tabelatd2"&gt;0.00&lt;/td&gt;
		&lt;td class="tabelatd2"&gt;Em aberto&lt;/td&gt;
		&lt;td class="tabelatd2"&gt;1-Fulano de Tal (652.392.539-00)&lt;/td&gt;
		&lt;td class="tabelatd2"&gt;1&lt;/td&gt;
		&lt;td class="tabelatd2"&gt;Patrimonial&lt;/td&gt;
&lt;th class="tabelatd2" border="1"&gt;&lt;a class="noPrint" href="?class=BaixarParcela&amp;id=286"&gt;[Baixar&amp;nbsp;parcela] &lt;/a&gt;&lt;a class="noPrint" href="?class=ImprimirParcela&amp;id=286"&gt;[Imprimir&amp;nbsp;parcela] &lt;/a&gt;&lt;/th&gt;
	&lt;/tr&gt;
	&lt;tr&gt;
		&lt;td class="tabelatd1"&gt;313&lt;/td&gt;
		&lt;td class="tabelatd1"&gt;Tipo Cobranca&lt;/td&gt;
		&lt;td class="tabelatd1"&gt;10/10/2018&lt;/td&gt;
		&lt;td class="tabelatd1"&gt;110.00&lt;/td&gt;
		&lt;td class="tabelatd1"&gt;0.00&lt;/td&gt;
		&lt;td class="tabelatd1"&gt;Em aberto&lt;/td&gt;
		&lt;td class="tabelatd1"&gt;1-Fulano de Tal (652.392.539-00)&lt;/td&gt;
		&lt;td class="tabelatd1"&gt;1&lt;/td&gt;
		&lt;td class="tabelatd1"&gt;Patrimonial&lt;/td&gt;
&lt;th class="tabelatd1" border="1"&gt;&lt;a class="noPrint" href="?class=BaixarParcela&amp;id=313"&gt;[Baixar&amp;nbsp;parcela] &lt;/a&gt;&lt;a class="noPrint" href="?class=ImprimirParcela&amp;id=313"&gt;[Imprimir&amp;nbsp;parcela] &lt;/a&gt;&lt;/th&gt;
	&lt;/tr&gt;
	&lt;tr&gt;
		&lt;td class="tabelatd2"&gt;342&lt;/td&gt;
		&lt;td class="tabelatd2"&gt;Tipo Cobranca&lt;/td&gt;
		&lt;td class="tabelatd2"&gt;10/10/2018&lt;/td&gt;
		&lt;td class="tabelatd2"&gt;110.00&lt;/td&gt;
		&lt;td class="tabelatd2"&gt;0.00&lt;/td&gt;
		&lt;td class="tabelatd2"&gt;Em aberto&lt;/td&gt;
		&lt;td class="tabelatd2"&gt;1-Fulano de Tal (652.392.539-00)&lt;/td&gt;
		&lt;td class="tabelatd2"&gt;1&lt;/td&gt;
		&lt;td class="tabelatd2"&gt;Patrimonial&lt;/td&gt;
&lt;th class="tabelatd2" border="1"&gt;&lt;a class="noPrint" href="?class=BaixarParcela&amp;id=342"&gt;[Baixar&amp;nbsp;parcela] &lt;/a&gt;&lt;a class="noPrint" href="?class=ImprimirParcela&amp;id=342"&gt;[Imprimir&amp;nbsp;parcela] &lt;/a&gt;&lt;/th&gt;
	&lt;/tr&gt;
	&lt;tr&gt;
		&lt;td class="tabelatd1"&gt;373&lt;/td&gt;
		&lt;td class="tabelatd1"&gt;Tipo Cobranca&lt;/td&gt;
		&lt;td class="tabelatd1"&gt;10/10/2018&lt;/td&gt;
		&lt;td class="tabelatd1"&gt;110.00&lt;/td&gt;
		&lt;td class="tabelatd1"&gt;0.00&lt;/td&gt;
		&lt;td class="tabelatd1"&gt;Em aberto&lt;/td&gt;
		&lt;td class="tabelatd1"&gt;1-Fulano de Tal (652.392.539-00)&lt;/td&gt;
		&lt;td class="tabelatd1"&gt;1&lt;/td&gt;
		&lt;td class="tabelatd1"&gt;Patrimonial&lt;/td&gt;
&lt;th class="tabelatd1" border="1"&gt;&lt;a class="noPrint" href="?class=BaixarParcela&amp;id=373"&gt;[Baixar&amp;nbsp;parcela] &lt;/a&gt;&lt;a class="noPrint" href="?class=ImprimirParcela&amp;id=373"&gt;[Imprimir&amp;nbsp;parcela] &lt;/a&gt;&lt;/th&gt;
	&lt;/tr&gt;
	&lt;tr&gt;
		&lt;td class="tabelatd2"&gt;406&lt;/td&gt;
		&lt;td class="tabelatd2"&gt;Tipo Cobranca&lt;/td&gt;
		&lt;td class="tabelatd2"&gt;10/10/2018&lt;/td&gt;
		&lt;td class="tabelatd2"&gt;110.00&lt;/td&gt;
		&lt;td class="tabelatd2"&gt;0.00&lt;/td&gt;
		&lt;td class="tabelatd2"&gt;Em aberto&lt;/td&gt;
		&lt;td class="tabelatd2"&gt;1-Fulano de Tal (652.392.539-00)&lt;/td&gt;
		&lt;td class="tabelatd2"&gt;1&lt;/td&gt;
		&lt;td class="tabelatd2"&gt;Patrimonial&lt;/td&gt;
&lt;th class="tabelatd2" border="1"&gt;&lt;a class="noPrint" href="?class=BaixarParcela&amp;id=406"&gt;[Baixar&amp;nbsp;parcela] &lt;/a&gt;&lt;a class="noPrint" href="?class=ImprimirParcela&amp;id=406"&gt;[Imprimir&amp;nbsp;parcela] &lt;/a&gt;&lt;/th&gt;
	&lt;/tr&gt;
	&lt;tr&gt;
		&lt;td class="tabelatd1"&gt;441&lt;/td&gt;
		&lt;td class="tabelatd1"&gt;Tipo Cobranca&lt;/td&gt;
		&lt;td class="tabelatd1"&gt;10/10/2018&lt;/td&gt;
		&lt;td class="tabelatd1"&gt;110.00&lt;/td&gt;
		&lt;td class="tabelatd1"&gt;0.00&lt;/td&gt;
		&lt;td class="tabelatd1"&gt;Em aberto&lt;/td&gt;
		&lt;td class="tabelatd1"&gt;1-Fulano de Tal (652.392.539-00)&lt;/td&gt;
		&lt;td class="tabelatd1"&gt;1&lt;/td&gt;
		&lt;td class="tabelatd1"&gt;Patrimonial&lt;/td&gt;
&lt;th class="tabelatd1" border="1"&gt;&lt;a class="noPrint" href="?class=BaixarParcela&amp;id=441"&gt;[Baixar&amp;nbsp;parcela] &lt;/a&gt;&lt;a class="noPrint" href="?class=ImprimirParcela&amp;id=441"&gt;[Imprimir&amp;nbsp;parcela] &lt;/a&gt;&lt;/th&gt;
	&lt;/tr&gt;
	&lt;tr&gt;
		&lt;td class="tabelatd2"&gt;262&lt;/td&gt;
		&lt;td class="tabelatd2"&gt;Tipo Cobranca&lt;/td&gt;
		&lt;td class="tabelatd2"&gt;10/10/2018&lt;/td&gt;
		&lt;td class="tabelatd2"&gt;110.00&lt;/td&gt;
		&lt;td class="tabelatd2"&gt;0.00&lt;/td&gt;
		&lt;td class="tabelatd2"&gt;Em aberto&lt;/td&gt;
		&lt;td class="tabelatd2"&gt;1-Fulano de Tal (652.392.539-00)&lt;/td&gt;
		&lt;td class="tabelatd2"&gt;1&lt;/td&gt;
		&lt;td class="tabelatd2"&gt;Patrimonial&lt;/td&gt;
&lt;th class="tabelatd2" border="1"&gt;&lt;a class="noPrint" href="?class=BaixarParcela&amp;id=262"&gt;[Baixar&amp;nbsp;parcela] &lt;/a&gt;&lt;a class="noPrint" href="?class=ImprimirParcela&amp;id=262"&gt;[Imprimir&amp;nbsp;parcela] &lt;/a&gt;&lt;/th&gt;
	&lt;/tr&gt;
	&lt;tr&gt;
		&lt;td class="tabelatd1"&gt;287&lt;/td&gt;
		&lt;td class="tabelatd1"&gt;Tipo Cobranca&lt;/td&gt;
		&lt;td class="tabelatd1"&gt;10/10/2018&lt;/td&gt;
		&lt;td class="tabelatd1"&gt;110.00&lt;/td&gt;
		&lt;td class="tabelatd1"&gt;0.00&lt;/td&gt;
		&lt;td class="tabelatd1"&gt;Em aberto&lt;/td&gt;
		&lt;td class="tabelatd1"&gt;1-Fulano de Tal (652.392.539-00)&lt;/td&gt;
		&lt;td class="tabelatd1"&gt;1&lt;/td&gt;
		&lt;td class="tabelatd1"&gt;Patrimonial&lt;/td&gt;
&lt;th class="tabelatd1" border="1"&gt;&lt;a class="noPrint" href="?class=BaixarParcela&amp;id=287"&gt;[Baixar&amp;nbsp;parcela] &lt;/a&gt;&lt;a class="noPrint" href="?class=ImprimirParcela&amp;id=287"&gt;[Imprimir&amp;nbsp;parcela] &lt;/a&gt;&lt;/th&gt;
	&lt;/tr&gt;
	&lt;tr&gt;
		&lt;td class="tabelatd2"&gt;314&lt;/td&gt;
		&lt;td class="tabelatd2"&gt;Tipo Cobranca&lt;/td&gt;
		&lt;td class="tabelatd2"&gt;10/10/2018&lt;/td&gt;
		&lt;td class="tabelatd2"&gt;110.00&lt;/td&gt;
		&lt;td class="tabelatd2"&gt;0.00&lt;/td&gt;
		&lt;td class="tabelatd2"&gt;Em aberto&lt;/td&gt;
		&lt;td class="tabelatd2"&gt;1-Fulano de Tal (652.392.539-00)&lt;/td&gt;
		&lt;td class="tabelatd2"&gt;1&lt;/td&gt;
		&lt;td class="tabelatd2"&gt;Patrimonial&lt;/td&gt;
&lt;th class="tabelatd2" border="1"&gt;&lt;a class="noPrint" href="?class=BaixarParcela&amp;id=314"&gt;[Baixar&amp;nbsp;parcela] &lt;/a&gt;&lt;a class="noPrint" href="?class=ImprimirParcela&amp;id=314"&gt;[Imprimir&amp;nbsp;parcela] &lt;/a&gt;&lt;/th&gt;
	&lt;/tr&gt;
	&lt;tr&gt;
		&lt;td class="tabelatd1"&gt;343&lt;/td&gt;
		&lt;td class="tabelatd1"&gt;Tipo Cobranca&lt;/td&gt;
		&lt;td class="tabelatd1"&gt;10/10/2018&lt;/td&gt;
		&lt;td class="tabelatd1"&gt;110.00&lt;/td&gt;
		&lt;td class="tabelatd1"&gt;0.00&lt;/td&gt;
		&lt;td class="tabelatd1"&gt;Em aberto&lt;/td&gt;
		&lt;td class="tabelatd1"&gt;1-Fulano de Tal (652.392.539-00)&lt;/td&gt;
		&lt;td class="tabelatd1"&gt;1&lt;/td&gt;
		&lt;td class="tabelatd1"&gt;Patrimonial&lt;/td&gt;
&lt;th class="tabelatd1" border="1"&gt;&lt;a class="noPrint" href="?class=BaixarParcela&amp;id=343"&gt;[Baixar&amp;nbsp;parcela] &lt;/a&gt;&lt;a class="noPrint" href="?class=ImprimirParcela&amp;id=343"&gt;[Imprimir&amp;nbsp;parcela] &lt;/a&gt;&lt;/th&gt;
	&lt;/tr&gt;
	&lt;tr&gt;
		&lt;td class="tabelatd2"&gt;374&lt;/td&gt;
		&lt;td class="tabelatd2"&gt;Tipo Cobranca&lt;/td&gt;
		&lt;td class="tabelatd2"&gt;10/10/2018&lt;/td&gt;
		&lt;td class="tabelatd2"&gt;110.00&lt;/td&gt;
		&lt;td class="tabelatd2"&gt;0.00&lt;/td&gt;
		&lt;td class="tabelatd2"&gt;Em aberto&lt;/td&gt;
		&lt;td class="tabelatd2"&gt;1-Fulano de Tal (652.392.539-00)&lt;/td&gt;
		&lt;td class="tabelatd2"&gt;1&lt;/td&gt;
		&lt;td class="tabelatd2"&gt;Patrimonial&lt;/td&gt;
&lt;th class="tabelatd2" border="1"&gt;&lt;a class="noPrint" href="?class=BaixarParcela&amp;id=374"&gt;[Baixar&amp;nbsp;parcela] &lt;/a&gt;&lt;a class="noPrint" href="?class=ImprimirParcela&amp;id=374"&gt;[Imprimir&amp;nbsp;parcela] &lt;/a&gt;&lt;/th&gt;
	&lt;/tr&gt;
	&lt;tr&gt;
		&lt;td class="tabelatd1"&gt;407&lt;/td&gt;
		&lt;td class="tabelatd1"&gt;Tipo Cobranca&lt;/td&gt;
		&lt;td class="tabelatd1"&gt;10/10/2018&lt;/td&gt;
		&lt;td class="tabelatd1"&gt;110.00&lt;/td&gt;
		&lt;td class="tabelatd1"&gt;0.00&lt;/td&gt;
		&lt;td class="tabelatd1"&gt;Em aberto&lt;/td&gt;
		&lt;td class="tabelatd1"&gt;1-Fulano de Tal (652.392.539-00)&lt;/td&gt;
		&lt;td class="tabelatd1"&gt;1&lt;/td&gt;
		&lt;td class="tabelatd1"&gt;Patrimonial&lt;/td&gt;
&lt;th class="tabelatd1" border="1"&gt;&lt;a class="noPrint" href="?class=BaixarParcela&amp;id=407"&gt;[Baixar&amp;nbsp;parcela] &lt;/a&gt;&lt;a class="noPrint" href="?class=ImprimirParcela&amp;id=407"&gt;[Imprimir&amp;nbsp;parcela] &lt;/a&gt;&lt;/th&gt;
	&lt;/tr&gt;
	&lt;tr&gt;
		&lt;td class="tabelatd2"&gt;442&lt;/td&gt;
		&lt;td class="tabelatd2"&gt;Tipo Cobranca&lt;/td&gt;
		&lt;td class="tabelatd2"&gt;10/10/2018&lt;/td&gt;
		&lt;td class="tabelatd2"&gt;110.00&lt;/td&gt;
		&lt;td class="tabelatd2"&gt;0.00&lt;/td&gt;
		&lt;td class="tabelatd2"&gt;Em aberto&lt;/td&gt;
		&lt;td class="tabelatd2"&gt;1-Fulano de Tal (652.392.539-00)&lt;/td&gt;
		&lt;td class="tabelatd2"&gt;1&lt;/td&gt;
		&lt;td class="tabelatd2"&gt;Patrimonial&lt;/td&gt;
&lt;th class="tabelatd2" border="1"&gt;&lt;a class="noPrint" href="?class=BaixarParcela&amp;id=442"&gt;[Baixar&amp;nbsp;parcela] &lt;/a&gt;&lt;a class="noPrint" href="?class=ImprimirParcela&amp;id=442"&gt;[Imprimir&amp;nbsp;parcela] &lt;/a&gt;&lt;/th&gt;
	&lt;/tr&gt;
	&lt;tr&gt;
		&lt;td class="tabelatd1"&gt;263&lt;/td&gt;
		&lt;td class="tabelatd1"&gt;Tipo Cobranca&lt;/td&gt;
		&lt;td class="tabelatd1"&gt;10/10/2018&lt;/td&gt;
		&lt;td class="tabelatd1"&gt;110.00&lt;/td&gt;
		&lt;td class="tabelatd1"&gt;0.00&lt;/td&gt;
		&lt;td class="tabelatd1"&gt;Em aberto&lt;/td&gt;
		&lt;td class="tabelatd1"&gt;1-Fulano de Tal (652.392.539-00)&lt;/td&gt;
		&lt;td class="tabelatd1"&gt;1&lt;/td&gt;
		&lt;td class="tabelatd1"&gt;Patrimonial&lt;/td&gt;
&lt;th class="tabelatd1" border="1"&gt;&lt;a class="noPrint" href="?class=BaixarParcela&amp;id=263"&gt;[Baixar&amp;nbsp;parcela] &lt;/a&gt;&lt;a class="noPrint" href="?class=ImprimirParcela&amp;id=263"&gt;[Imprimir&amp;nbsp;parcela] &lt;/a&gt;&lt;/th&gt;
	&lt;/tr&gt;
	&lt;tr&gt;
		&lt;td class="tabelatd2"&gt;288&lt;/td&gt;
		&lt;td class="tabelatd2"&gt;Tipo Cobranca&lt;/td&gt;
		&lt;td class="tabelatd2"&gt;10/10/2018&lt;/td&gt;
		&lt;td class="tabelatd2"&gt;110.00&lt;/td&gt;
		&lt;td class="tabelatd2"&gt;0.00&lt;/td&gt;
		&lt;td class="tabelatd2"&gt;Em aberto&lt;/td&gt;
		&lt;td class="tabelatd2"&gt;1-Fulano de Tal (652.392.539-00)&lt;/td&gt;
		&lt;td class="tabelatd2"&gt;1&lt;/td&gt;
		&lt;td class="tabelatd2"&gt;Patrimonial&lt;/td&gt;
&lt;th class="tabelatd2" border="1"&gt;&lt;a class="noPrint" href="?class=BaixarParcela&amp;id=288"&gt;[Baixar&amp;nbsp;parcela] &lt;/a&gt;&lt;a class="noPrint" href="?class=ImprimirParcela&amp;id=288"&gt;[Imprimir&amp;nbsp;parcela] &lt;/a&gt;&lt;/th&gt;
	&lt;/tr&gt;
	&lt;tr&gt;
		&lt;td class="tabelatd1"&gt;315&lt;/td&gt;
		&lt;td class="tabelatd1"&gt;Tipo Cobranca&lt;/td&gt;
		&lt;td class="tabelatd1"&gt;10/10/2018&lt;/td&gt;
		&lt;td class="tabelatd1"&gt;110.00&lt;/td&gt;
		&lt;td class="tabelatd1"&gt;0.00&lt;/td&gt;
		&lt;td class="tabelatd1"&gt;Em aberto&lt;/td&gt;
		&lt;td class="tabelatd1"&gt;1-Fulano de Tal (652.392.539-00)&lt;/td&gt;
		&lt;td class="tabelatd1"&gt;1&lt;/td&gt;
		&lt;td class="tabelatd1"&gt;Patrimonial&lt;/td&gt;
&lt;th class="tabelatd1" border="1"&gt;&lt;a class="noPrint" href="?class=BaixarParcela&amp;id=315"&gt;[Baixar&amp;nbsp;parcela] &lt;/a&gt;&lt;a class="noPrint" href="?class=ImprimirParcela&amp;id=315"&gt;[Imprimir&amp;nbsp;parcela] &lt;/a&gt;&lt;/th&gt;
	&lt;/tr&gt;
	&lt;tr&gt;
		&lt;td class="tabelatd2"&gt;344&lt;/td&gt;
		&lt;td class="tabelatd2"&gt;Tipo Cobranca&lt;/td&gt;
		&lt;td class="tabelatd2"&gt;10/10/2018&lt;/td&gt;
		&lt;td class="tabelatd2"&gt;110.00&lt;/td&gt;
		&lt;td class="tabelatd2"&gt;0.00&lt;/td&gt;
		&lt;td class="tabelatd2"&gt;Em aberto&lt;/td&gt;
		&lt;td class="tabelatd2"&gt;1-Fulano de Tal (652.392.539-00)&lt;/td&gt;
		&lt;td class="tabelatd2"&gt;1&lt;/td&gt;
		&lt;td class="tabelatd2"&gt;Patrimonial&lt;/td&gt;
&lt;th class="tabelatd2" border="1"&gt;&lt;a class="noPrint" href="?class=BaixarParcela&amp;id=344"&gt;[Baixar&amp;nbsp;parcela] &lt;/a&gt;&lt;a class="noPrint" href="?class=ImprimirParcela&amp;id=344"&gt;[Imprimir&amp;nbsp;parcela] &lt;/a&gt;&lt;/th&gt;
	&lt;/tr&gt;
	&lt;tr&gt;
		&lt;td class="tabelatd1"&gt;375&lt;/td&gt;
		&lt;td class="tabelatd1"&gt;Tipo Cobranca&lt;/td&gt;
		&lt;td class="tabelatd1"&gt;10/10/2018&lt;/td&gt;
		&lt;td class="tabelatd1"&gt;110.00&lt;/td&gt;
		&lt;td class="tabelatd1"&gt;0.00&lt;/td&gt;
		&lt;td class="tabelatd1"&gt;Em aberto&lt;/td&gt;
		&lt;td class="tabelatd1"&gt;1-Fulano de Tal (652.392.539-00)&lt;/td&gt;
		&lt;td class="tabelatd1"&gt;1&lt;/td&gt;
		&lt;td class="tabelatd1"&gt;Patrimonial&lt;/td&gt;
&lt;th class="tabelatd1" border="1"&gt;&lt;a class="noPrint" href="?class=BaixarParcela&amp;id=375"&gt;[Baixar&amp;nbsp;parcela] &lt;/a&gt;&lt;a class="noPrint" href="?class=ImprimirParcela&amp;id=375"&gt;[Imprimir&amp;nbsp;parcela] &lt;/a&gt;&lt;/th&gt;
	&lt;/tr&gt;
	&lt;tr&gt;
		&lt;td class="tabelatd2"&gt;408&lt;/td&gt;
		&lt;td class="tabelatd2"&gt;Tipo Cobranca&lt;/td&gt;
		&lt;td class="tabelatd2"&gt;10/10/2018&lt;/td&gt;
		&lt;td class="tabelatd2"&gt;110.00&lt;/td&gt;
		&lt;td class="tabelatd2"&gt;0.00&lt;/td&gt;
		&lt;td class="tabelatd2"&gt;Em aberto&lt;/td&gt;
		&lt;td class="tabelatd2"&gt;1-Fulano de Tal (652.392.539-00)&lt;/td&gt;
		&lt;td class="tabelatd2"&gt;1&lt;/td&gt;
		&lt;td class="tabelatd2"&gt;Patrimonial&lt;/td&gt;
&lt;th class="tabelatd2" border="1"&gt;&lt;a class="noPrint" href="?class=BaixarParcela&amp;id=408"&gt;[Baixar&amp;nbsp;parcela] &lt;/a&gt;&lt;a class="noPrint" href="?class=ImprimirParcela&amp;id=408"&gt;[Imprimir&amp;nbsp;parcela] &lt;/a&gt;&lt;/th&gt;
	&lt;/tr&gt;
	&lt;tr&gt;
		&lt;td class="tabelatd1"&gt;443&lt;/td&gt;
		&lt;td class="tabelatd1"&gt;Tipo Cobranca&lt;/td&gt;
		&lt;td class="tabelatd1"&gt;10/10/2018&lt;/td&gt;
		&lt;td class="tabelatd1"&gt;110.00&lt;/td&gt;
		&lt;td class="tabelatd1"&gt;0.00&lt;/td&gt;
		&lt;td class="tabelatd1"&gt;Em aberto&lt;/td&gt;
		&lt;td class="tabelatd1"&gt;1-Fulano de Tal (652.392.539-00)&lt;/td&gt;
		&lt;td class="tabelatd1"&gt;1&lt;/td&gt;
		&lt;td class="tabelatd1"&gt;Patrimonial&lt;/td&gt;
&lt;th class="tabelatd1" border="1"&gt;&lt;a class="noPrint" href="?class=BaixarParcela&amp;id=443"&gt;[Baixar&amp;nbsp;parcela] &lt;/a&gt;&lt;a class="noPrint" href="?class=ImprimirParcela&amp;id=443"&gt;[Imprimir&amp;nbsp;parcela] &lt;/a&gt;&lt;/th&gt;
	&lt;/tr&gt;
	&lt;tr&gt;
		&lt;td class="tabelatd2"&gt;264&lt;/td&gt;
		&lt;td class="tabelatd2"&gt;Tipo Cobranca&lt;/td&gt;
		&lt;td class="tabelatd2"&gt;10/10/2018&lt;/td&gt;
		&lt;td class="tabelatd2"&gt;110.00&lt;/td&gt;
		&lt;td class="tabelatd2"&gt;0.00&lt;/td&gt;
		&lt;td class="tabelatd2"&gt;Em aberto&lt;/td&gt;
		&lt;td class="tabelatd2"&gt;1-Fulano de Tal (652.392.539-00)&lt;/td&gt;
		&lt;td class="tabelatd2"&gt;1&lt;/td&gt;
		&lt;td class="tabelatd2"&gt;Patrimonial&lt;/td&gt;
&lt;th class="tabelatd2" border="1"&gt;&lt;a class="noPrint" href="?class=BaixarParcela&amp;id=264"&gt;[Baixar&amp;nbsp;parcela] &lt;/a&gt;&lt;a class="noPrint" href="?class=ImprimirParcela&amp;id=264"&gt;[Imprimir&amp;nbsp;parcela] &lt;/a&gt;&lt;/th&gt;
	&lt;/tr&gt;
	&lt;tr&gt;
		&lt;td class="tabelatd1"&gt;289&lt;/td&gt;
		&lt;td class="tabelatd1"&gt;Tipo Cobranca&lt;/td&gt;
		&lt;td class="tabelatd1"&gt;10/10/2018&lt;/td&gt;
		&lt;td class="tabelatd1"&gt;110.00&lt;/td&gt;
		&lt;td class="tabelatd1"&gt;0.00&lt;/td&gt;
		&lt;td class="tabelatd1"&gt;Em aberto&lt;/td&gt;
		&lt;td class="tabelatd1"&gt;1-Fulano de Tal (652.392.539-00)&lt;/td&gt;
		&lt;td class="tabelatd1"&gt;1&lt;/td&gt;
		&lt;td class="tabelatd1"&gt;Patrimonial&lt;/td&gt;
&lt;th class="tabelatd1" border="1"&gt;&lt;a class="noPrint" href="?class=BaixarParcela&amp;id=289"&gt;[Baixar&amp;nbsp;parcela] &lt;/a&gt;&lt;a class="noPrint" href="?class=ImprimirParcela&amp;id=289"&gt;[Imprimir&amp;nbsp;parcela] &lt;/a&gt;&lt;/th&gt;
	&lt;/tr&gt;
	&lt;tr&gt;
		&lt;td class="tabelatd2"&gt;316&lt;/td&gt;
		&lt;td class="tabelatd2"&gt;Tipo Cobranca&lt;/td&gt;
		&lt;td class="tabelatd2"&gt;10/10/2018&lt;/td&gt;
		&lt;td class="tabelatd2"&gt;110.00&lt;/td&gt;
		&lt;td class="tabelatd2"&gt;0.00&lt;/td&gt;
		&lt;td class="tabelatd2"&gt;Em aberto&lt;/td&gt;
		&lt;td class="tabelatd2"&gt;1-Fulano de Tal (652.392.539-00)&lt;/td&gt;
		&lt;td class="tabelatd2"&gt;1&lt;/td&gt;
		&lt;td class="tabelatd2"&gt;Patrimonial&lt;/td&gt;
&lt;th class="tabelatd2" border="1"&gt;&lt;a class="noPrint" href="?class=BaixarParcela&amp;id=316"&gt;[Baixar&amp;nbsp;parcela] &lt;/a&gt;&lt;a class="noPrint" href="?class=ImprimirParcela&amp;id=316"&gt;[Imprimir&amp;nbsp;parcela] &lt;/a&gt;&lt;/th&gt;
	&lt;/tr&gt;
	&lt;tr&gt;
		&lt;td class="tabelatd1"&gt;345&lt;/td&gt;
		&lt;td class="tabelatd1"&gt;Tipo Cobranca&lt;/td&gt;
		&lt;td class="tabelatd1"&gt;10/10/2018&lt;/td&gt;
		&lt;td class="tabelatd1"&gt;110.00&lt;/td&gt;
		&lt;td class="tabelatd1"&gt;0.00&lt;/td&gt;
		&lt;td class="tabelatd1"&gt;Em aberto&lt;/td&gt;
		&lt;td class="tabelatd1"&gt;1-Fulano de Tal (652.392.539-00)&lt;/td&gt;
		&lt;td class="tabelatd1"&gt;1&lt;/td&gt;
		&lt;td class="tabelatd1"&gt;Patrimonial&lt;/td&gt;
&lt;th class="tabelatd1" border="1"&gt;&lt;a class="noPrint" href="?class=BaixarParcela&amp;id=345"&gt;[Baixar&amp;nbsp;parcela] &lt;/a&gt;&lt;a class="noPrint" href="?class=ImprimirParcela&amp;id=345"&gt;[Imprimir&amp;nbsp;parcela] &lt;/a&gt;&lt;/th&gt;
	&lt;/tr&gt;
	&lt;tr&gt;
		&lt;td class="tabelatd2"&gt;376&lt;/td&gt;
		&lt;td class="tabelatd2"&gt;Tipo Cobranca&lt;/td&gt;
		&lt;td class="tabelatd2"&gt;10/10/2018&lt;/td&gt;
		&lt;td class="tabelatd2"&gt;110.00&lt;/td&gt;
		&lt;td class="tabelatd2"&gt;0.00&lt;/td&gt;
		&lt;td class="tabelatd2"&gt;Em aberto&lt;/td&gt;
		&lt;td class="tabelatd2"&gt;1-Fulano de Tal (652.392.539-00)&lt;/td&gt;
		&lt;td class="tabelatd2"&gt;1&lt;/td&gt;
		&lt;td class="tabelatd2"&gt;Patrimonial&lt;/td&gt;
&lt;th class="tabelatd2" border="1"&gt;&lt;a class="noPrint" href="?class=BaixarParcela&amp;id=376"&gt;[Baixar&amp;nbsp;parcela] &lt;/a&gt;&lt;a class="noPrint" href="?class=ImprimirParcela&amp;id=376"&gt;[Imprimir&amp;nbsp;parcela] &lt;/a&gt;&lt;/th&gt;
	&lt;/tr&gt;
	&lt;tr&gt;
		&lt;td class="tabelatd1"&gt;409&lt;/td&gt;
		&lt;td class="tabelatd1"&gt;Tipo Cobranca&lt;/td&gt;
		&lt;td class="tabelatd1"&gt;10/10/2018&lt;/td&gt;
		&lt;td class="tabelatd1"&gt;110.00&lt;/td&gt;
		&lt;td class="tabelatd1"&gt;0.00&lt;/td&gt;
		&lt;td class="tabelatd1"&gt;Em aberto&lt;/td&gt;
		&lt;td class="tabelatd1"&gt;1-Fulano de Tal (652.392.539-00)&lt;/td&gt;
		&lt;td class="tabelatd1"&gt;1&lt;/td&gt;
		&lt;td class="tabelatd1"&gt;Patrimonial&lt;/td&gt;
&lt;th class="tabelatd1" border="1"&gt;&lt;a class="noPrint" href="?class=BaixarParcela&amp;id=409"&gt;[Baixar&amp;nbsp;parcela] &lt;/a&gt;&lt;a class="noPrint" href="?class=ImprimirParcela&amp;id=409"&gt;[Imprimir&amp;nbsp;parcela] &lt;/a&gt;&lt;/th&gt;
	&lt;/tr&gt;
	&lt;tr&gt;
		&lt;td class="tabelatd2"&gt;444&lt;/td&gt;
		&lt;td class="tabelatd2"&gt;Tipo Cobranca&lt;/td&gt;
		&lt;td class="tabelatd2"&gt;10/10/2018&lt;/td&gt;
		&lt;td class="tabelatd2"&gt;110.00&lt;/td&gt;
		&lt;td class="tabelatd2"&gt;0.00&lt;/td&gt;
		&lt;td class="tabelatd2"&gt;Em aberto&lt;/td&gt;
		&lt;td class="tabelatd2"&gt;1-Fulano de Tal (652.392.539-00)&lt;/td&gt;
		&lt;td class="tabelatd2"&gt;1&lt;/td&gt;
		&lt;td class="tabelatd2"&gt;Patrimonial&lt;/td&gt;
&lt;th class="tabelatd2" border="1"&gt;&lt;a class="noPrint" href="?class=BaixarParcela&amp;id=444"&gt;[Baixar&amp;nbsp;parcela] &lt;/a&gt;&lt;a class="noPrint" href="?class=ImprimirParcela&amp;id=444"&gt;[Imprimir&amp;nbsp;parcela] &lt;/a&gt;&lt;/th&gt;
	&lt;/tr&gt;
	&lt;tr&gt;
		&lt;td class="tabelatd1"&gt;290&lt;/td&gt;
		&lt;td class="tabelatd1"&gt;Tipo Cobranca&lt;/td&gt;
		&lt;td class="tabelatd1"&gt;10/10/2018&lt;/td&gt;
		&lt;td class="tabelatd1"&gt;110.00&lt;/td&gt;
		&lt;td class="tabelatd1"&gt;0.00&lt;/td&gt;
		&lt;td class="tabelatd1"&gt;Em aberto&lt;/td&gt;
		&lt;td class="tabelatd1"&gt;1-Fulano de Tal (652.392.539-00)&lt;/td&gt;
		&lt;td class="tabelatd1"&gt;1&lt;/td&gt;
		&lt;td class="tabelatd1"&gt;Patrimonial&lt;/td&gt;
&lt;th class="tabelatd1" border="1"&gt;&lt;a class="noPrint" href="?class=BaixarParcela&amp;id=290"&gt;[Baixar&amp;nbsp;parcela] &lt;/a&gt;&lt;a class="noPrint" href="?class=ImprimirParcela&amp;id=290"&gt;[Imprimir&amp;nbsp;parcela] &lt;/a&gt;&lt;/th&gt;
	&lt;/tr&gt;
	&lt;tr&gt;
		&lt;td class="tabelatd2"&gt;317&lt;/td&gt;
		&lt;td class="tabelatd2"&gt;Tipo Cobranca&lt;/td&gt;
		&lt;td class="tabelatd2"&gt;10/10/2018&lt;/td&gt;
		&lt;td class="tabelatd2"&gt;110.00&lt;/td&gt;
		&lt;td class="tabelatd2"&gt;0.00&lt;/td&gt;
		&lt;td class="tabelatd2"&gt;Em aberto&lt;/td&gt;
		&lt;td class="tabelatd2"&gt;1-Fulano de Tal (652.392.539-00)&lt;/td&gt;
		&lt;td class="tabelatd2"&gt;1&lt;/td&gt;
		&lt;td class="tabelatd2"&gt;Patrimonial&lt;/td&gt;
&lt;th class="tabelatd2" border="1"&gt;&lt;a class="noPrint" href="?class=BaixarParcela&amp;id=317"&gt;[Baixar&amp;nbsp;parcela] &lt;/a&gt;&lt;a class="noPrint" href="?class=ImprimirParcela&amp;id=317"&gt;[Imprimir&amp;nbsp;parcela] &lt;/a&gt;&lt;/th&gt;
	&lt;/tr&gt;
	&lt;tr&gt;
		&lt;td class="tabelatd1"&gt;346&lt;/td&gt;
		&lt;td class="tabelatd1"&gt;Tipo Cobranca&lt;/td&gt;
		&lt;td class="tabelatd1"&gt;10/10/2018&lt;/td&gt;
		&lt;td class="tabelatd1"&gt;110.00&lt;/td&gt;
		&lt;td class="tabelatd1"&gt;0.00&lt;/td&gt;
		&lt;td class="tabelatd1"&gt;Em aberto&lt;/td&gt;
		&lt;td class="tabelatd1"&gt;1-Fulano de Tal (652.392.539-00)&lt;/td&gt;
		&lt;td class="tabelatd1"&gt;1&lt;/td&gt;
		&lt;td class="tabelatd1"&gt;Patrimonial&lt;/td&gt;
&lt;th class="tabelatd1" border="1"&gt;&lt;a class="noPrint" href="?class=BaixarParcela&amp;id=346"&gt;[Baixar&amp;nbsp;parcela] &lt;/a&gt;&lt;a class="noPrint" href="?class=ImprimirParcela&amp;id=346"&gt;[Imprimir&amp;nbsp;parcela] &lt;/a&gt;&lt;/th&gt;
	&lt;/tr&gt;
	&lt;tr&gt;
		&lt;td class="tabelatd2"&gt;377&lt;/td&gt;
		&lt;td class="tabelatd2"&gt;Tipo Cobranca&lt;/td&gt;
		&lt;td class="tabelatd2"&gt;10/10/2018&lt;/td&gt;
		&lt;td class="tabelatd2"&gt;110.00&lt;/td&gt;
		&lt;td class="tabelatd2"&gt;0.00&lt;/td&gt;
		&lt;td class="tabelatd2"&gt;Em aberto&lt;/td&gt;
		&lt;td class="tabelatd2"&gt;1-Fulano de Tal (652.392.539-00)&lt;/td&gt;
		&lt;td class="tabelatd2"&gt;1&lt;/td&gt;
		&lt;td class="tabelatd2"&gt;Patrimonial&lt;/td&gt;
&lt;th class="tabelatd2" border="1"&gt;&lt;a class="noPrint" href="?class=BaixarParcela&amp;id=377"&gt;[Baixar&amp;nbsp;parcela] &lt;/a&gt;&lt;a class="noPrint" href="?class=ImprimirParcela&amp;id=377"&gt;[Imprimir&amp;nbsp;parcela] &lt;/a&gt;&lt;/th&gt;
	&lt;/tr&gt;
	&lt;tr&gt;
		&lt;td class="tabelatd1"&gt;410&lt;/td&gt;
		&lt;td class="tabelatd1"&gt;Tipo Cobranca&lt;/td&gt;
		&lt;td class="tabelatd1"&gt;10/10/2018&lt;/td&gt;
		&lt;td class="tabelatd1"&gt;110.00&lt;/td&gt;
		&lt;td class="tabelatd1"&gt;0.00&lt;/td&gt;
		&lt;td class="tabelatd1"&gt;Em aberto&lt;/td&gt;
		&lt;td class="tabelatd1"&gt;1-Fulano de Tal (652.392.539-00)&lt;/td&gt;
		&lt;td class="tabelatd1"&gt;1&lt;/td&gt;
		&lt;td class="tabelatd1"&gt;Patrimonial&lt;/td&gt;
&lt;th class="tabelatd1" border="1"&gt;&lt;a class="noPrint" href="?class=BaixarParcela&amp;id=410"&gt;[Baixar&amp;nbsp;parcela] &lt;/a&gt;&lt;a class="noPrint" href="?class=ImprimirParcela&amp;id=410"&gt;[Imprimir&amp;nbsp;parcela] &lt;/a&gt;&lt;/th&gt;
	&lt;/tr&gt;
	&lt;tr&gt;
		&lt;td class="tabelatd2"&gt;445&lt;/td&gt;
		&lt;td class="tabelatd2"&gt;Tipo Cobranca&lt;/td&gt;
		&lt;td class="tabelatd2"&gt;10/10/2018&lt;/td&gt;
		&lt;td class="tabelatd2"&gt;110.00&lt;/td&gt;
		&lt;td class="tabelatd2"&gt;0.00&lt;/td&gt;
		&lt;td class="tabelatd2"&gt;Em aberto&lt;/td&gt;
		&lt;td class="tabelatd2"&gt;1-Fulano de Tal (652.392.539-00)&lt;/td&gt;
		&lt;td class="tabelatd2"&gt;1&lt;/td&gt;
		&lt;td class="tabelatd2"&gt;Patrimonial&lt;/td&gt;
&lt;th class="tabelatd2" border="1"&gt;&lt;a class="noPrint" href="?class=BaixarParcela&amp;id=445"&gt;[Baixar&amp;nbsp;parcela] &lt;/a&gt;&lt;a class="noPrint" href="?class=ImprimirParcela&amp;id=445"&gt;[Imprimir&amp;nbsp;parcela] &lt;/a&gt;&lt;/th&gt;
	&lt;/tr&gt;
	&lt;tr&gt;
		&lt;td class="tabelatd1"&gt;318&lt;/td&gt;
		&lt;td class="tabelatd1"&gt;Tipo Cobranca&lt;/td&gt;
		&lt;td class="tabelatd1"&gt;10/10/2018&lt;/td&gt;
		&lt;td class="tabelatd1"&gt;110.00&lt;/td&gt;
		&lt;td class="tabelatd1"&gt;0.00&lt;/td&gt;
		&lt;td class="tabelatd1"&gt;Em aberto&lt;/td&gt;
		&lt;td class="tabelatd1"&gt;1-Fulano de Tal (652.392.539-00)&lt;/td&gt;
		&lt;td class="tabelatd1"&gt;1&lt;/td&gt;
		&lt;td class="tabelatd1"&gt;Patrimonial&lt;/td&gt;
&lt;th class="tabelatd1" border="1"&gt;&lt;a class="noPrint" href="?class=BaixarParcela&amp;id=318"&gt;[Baixar&amp;nbsp;parcela] &lt;/a&gt;&lt;a class="noPrint" href="?class=ImprimirParcela&amp;id=318"&gt;[Imprimir&amp;nbsp;parcela] &lt;/a&gt;&lt;/th&gt;
	&lt;/tr&gt;
	&lt;tr&gt;
		&lt;td class="tabelatd2"&gt;347&lt;/td&gt;
		&lt;td class="tabelatd2"&gt;Tipo Cobranca&lt;/td&gt;
		&lt;td class="tabelatd2"&gt;10/10/2018&lt;/td&gt;
		&lt;td class="tabelatd2"&gt;110.00&lt;/td&gt;
		&lt;td class="tabelatd2"&gt;0.00&lt;/td&gt;
		&lt;td class="tabelatd2"&gt;Em aberto&lt;/td&gt;
		&lt;td class="tabelatd2"&gt;1-Fulano de Tal (652.392.539-00)&lt;/td&gt;
		&lt;td class="tabelatd2"&gt;1&lt;/td&gt;
		&lt;td class="tabelatd2"&gt;Patrimonial&lt;/td&gt;
&lt;th class="tabelatd2" border="1"&gt;&lt;a class="noPrint" href="?class=BaixarParcela&amp;id=347"&gt;[Baixar&amp;nbsp;parcela] &lt;/a&gt;&lt;a class="noPrint" href="?class=ImprimirParcela&amp;id=347"&gt;[Imprimir&amp;nbsp;parcela] &lt;/a&gt;&lt;/th&gt;
	&lt;/tr&gt;
	&lt;tr&gt;
		&lt;td class="tabelatd1"&gt;378&lt;/td&gt;
		&lt;td class="tabelatd1"&gt;Tipo Cobranca&lt;/td&gt;
		&lt;td class="tabelatd1"&gt;10/10/2018&lt;/td&gt;
		&lt;td class="tabelatd1"&gt;110.00&lt;/td&gt;
		&lt;td class="tabelatd1"&gt;0.00&lt;/td&gt;
		&lt;td class="tabelatd1"&gt;Em aberto&lt;/td&gt;
		&lt;td class="tabelatd1"&gt;1-Fulano de Tal (652.392.539-00)&lt;/td&gt;
		&lt;td class="tabelatd1"&gt;1&lt;/td&gt;
		&lt;td class="tabelatd1"&gt;Patrimonial&lt;/td&gt;
&lt;th class="tabelatd1" border="1"&gt;&lt;a class="noPrint" href="?class=BaixarParcela&amp;id=378"&gt;[Baixar&amp;nbsp;parcela] &lt;/a&gt;&lt;a class="noPrint" href="?class=ImprimirParcela&amp;id=378"&gt;[Imprimir&amp;nbsp;parcela] &lt;/a&gt;&lt;/th&gt;
	&lt;/tr&gt;
	&lt;tr&gt;
		&lt;td class="tabelatd2"&gt;411&lt;/td&gt;
		&lt;td class="tabelatd2"&gt;Tipo Cobranca&lt;/td&gt;
		&lt;td class="tabelatd2"&gt;10/10/2018&lt;/td&gt;
		&lt;td class="tabelatd2"&gt;110.00&lt;/td&gt;
		&lt;td class="tabelatd2"&gt;0.00&lt;/td&gt;
		&lt;td class="tabelatd2"&gt;Em aberto&lt;/td&gt;
		&lt;td class="tabelatd2"&gt;1-Fulano de Tal (652.392.539-00)&lt;/td&gt;
		&lt;td class="tabelatd2"&gt;1&lt;/td&gt;
		&lt;td class="tabelatd2"&gt;Patrimonial&lt;/td&gt;
&lt;th class="tabelatd2" border="1"&gt;&lt;a class="noPrint" href="?class=BaixarParcela&amp;id=411"&gt;[Baixar&amp;nbsp;parcela] &lt;/a&gt;&lt;a class="noPrint" href="?class=ImprimirParcela&amp;id=411"&gt;[Imprimir&amp;nbsp;parcela] &lt;/a&gt;&lt;/th&gt;
	&lt;/tr&gt;
	&lt;tr&gt;
		&lt;td class="tabelatd1"&gt;446&lt;/td&gt;
		&lt;td class="tabelatd1"&gt;Tipo Cobranca&lt;/td&gt;
		&lt;td class="tabelatd1"&gt;10/10/2018&lt;/td&gt;
		&lt;td class="tabelatd1"&gt;110.00&lt;/td&gt;
		&lt;td class="tabelatd1"&gt;0.00&lt;/td&gt;
		&lt;td class="tabelatd1"&gt;Em aberto&lt;/td&gt;
		&lt;td class="tabelatd1"&gt;1-Fulano de Tal (652.392.539-00)&lt;/td&gt;
		&lt;td class="tabelatd1"&gt;1&lt;/td&gt;
		&lt;td class="tabelatd1"&gt;Patrimonial&lt;/td&gt;
&lt;th class="tabelatd1" border="1"&gt;&lt;a class="noPrint" href="?class=BaixarParcela&amp;id=446"&gt;[Baixar&amp;nbsp;parcela] &lt;/a&gt;&lt;a class="noPrint" href="?class=ImprimirParcela&amp;id=446"&gt;[Imprimir&amp;nbsp;parcela] &lt;/a&gt;&lt;/th&gt;
	&lt;/tr&gt;
	&lt;tr&gt;
		&lt;td class="tabelatd2"&gt;348&lt;/td&gt;
		&lt;td class="tabelatd2"&gt;Tipo Cobranca&lt;/td&gt;
		&lt;td class="tabelatd2"&gt;10/10/2018&lt;/td&gt;
		&lt;td class="tabelatd2"&gt;110.00&lt;/td&gt;
		&lt;td class="tabelatd2"&gt;0.00&lt;/td&gt;
		&lt;td class="tabelatd2"&gt;Em aberto&lt;/td&gt;
		&lt;td class="tabelatd2"&gt;1-Fulano de Tal (652.392.539-00)&lt;/td&gt;
		&lt;td class="tabelatd2"&gt;1&lt;/td&gt;
		&lt;td class="tabelatd2"&gt;Patrimonial&lt;/td&gt;
&lt;th class="tabelatd2" border="1"&gt;&lt;a class="noPrint" href="?class=BaixarParcela&amp;id=348"&gt;[Baixar&amp;nbsp;parcela] &lt;/a&gt;&lt;a class="noPrint" href="?class=ImprimirParcela&amp;id=348"&gt;[Imprimir&amp;nbsp;parcela] &lt;/a&gt;&lt;/th&gt;
	&lt;/tr&gt;
	&lt;tr&gt;
		&lt;td class="tabelatd1"&gt;379&lt;/td&gt;
		&lt;td class="tabelatd1"&gt;Tipo Cobranca&lt;/td&gt;
		&lt;td class="tabelatd1"&gt;10/10/2018&lt;/td&gt;
		&lt;td class="tabelatd1"&gt;110.00&lt;/td&gt;
		&lt;td class="tabelatd1"&gt;0.00&lt;/td&gt;
		&lt;td class="tabelatd1"&gt;Em aberto&lt;/td&gt;
		&lt;td class="tabelatd1"&gt;1-Fulano de Tal (652.392.539-00)&lt;/td&gt;
		&lt;td class="tabelatd1"&gt;1&lt;/td&gt;
		&lt;td class="tabelatd1"&gt;Patrimonial&lt;/td&gt;
&lt;th class="tabelatd1" border="1"&gt;&lt;a class="noPrint" href="?class=BaixarParcela&amp;id=379"&gt;[Baixar&amp;nbsp;parcela] &lt;/a&gt;&lt;a class="noPrint" href="?class=ImprimirParcela&amp;id=379"&gt;[Imprimir&amp;nbsp;parcela] &lt;/a&gt;&lt;/th&gt;
	&lt;/tr&gt;
	&lt;tr&gt;
		&lt;td class="tabelatd2"&gt;412&lt;/td&gt;
		&lt;td class="tabelatd2"&gt;Tipo Cobranca&lt;/td&gt;
		&lt;td class="tabelatd2"&gt;10/10/2018&lt;/td&gt;
		&lt;td class="tabelatd2"&gt;110.00&lt;/td&gt;
		&lt;td class="tabelatd2"&gt;0.00&lt;/td&gt;
		&lt;td class="tabelatd2"&gt;Em aberto&lt;/td&gt;
		&lt;td class="tabelatd2"&gt;1-Fulano de Tal (652.392.539-00)&lt;/td&gt;
		&lt;td class="tabelatd2"&gt;1&lt;/td&gt;
		&lt;td class="tabelatd2"&gt;Patrimonial&lt;/td&gt;
&lt;th class="tabelatd2" border="1"&gt;&lt;a class="noPrint" href="?class=BaixarParcela&amp;id=412"&gt;[Baixar&amp;nbsp;parcela] &lt;/a&gt;&lt;a class="noPrint" href="?class=ImprimirParcela&amp;id=412"&gt;[Imprimir&amp;nbsp;parcela] &lt;/a&gt;&lt;/th&gt;
	&lt;/tr&gt;
	&lt;tr&gt;
		&lt;td class="tabelatd1"&gt;447&lt;/td&gt;
		&lt;td class="tabelatd1"&gt;Tipo Cobranca&lt;/td&gt;
		&lt;td class="tabelatd1"&gt;10/10/2018&lt;/td&gt;
		&lt;td class="tabelatd1"&gt;110.00&lt;/td&gt;
		&lt;td class="tabelatd1"&gt;0.00&lt;/td&gt;
		&lt;td class="tabelatd1"&gt;Em aberto&lt;/td&gt;
		&lt;td class="tabelatd1"&gt;1-Fulano de Tal (652.392.539-00)&lt;/td&gt;
		&lt;td class="tabelatd1"&gt;1&lt;/td&gt;
		&lt;td class="tabelatd1"&gt;Patrimonial&lt;/td&gt;
&lt;th class="tabelatd1" border="1"&gt;&lt;a class="noPrint" href="?class=BaixarParcela&amp;id=447"&gt;[Baixar&amp;nbsp;parcela] &lt;/a&gt;&lt;a class="noPrint" href="?class=ImprimirParcela&amp;id=447"&gt;[Imprimir&amp;nbsp;parcela] &lt;/a&gt;&lt;/th&gt;
	&lt;/tr&gt;
	&lt;tr&gt;
		&lt;td class="tabelatd2"&gt;380&lt;/td&gt;
		&lt;td class="tabelatd2"&gt;Tipo Cobranca&lt;/td&gt;
		&lt;td class="tabelatd2"&gt;10/10/2018&lt;/td&gt;
		&lt;td class="tabelatd2"&gt;110.00&lt;/td&gt;
		&lt;td class="tabelatd2"&gt;0.00&lt;/td&gt;
		&lt;td class="tabelatd2"&gt;Em aberto&lt;/td&gt;
		&lt;td class="tabelatd2"&gt;1-Fulano de Tal (652.392.539-00)&lt;/td&gt;
		&lt;td class="tabelatd2"&gt;1&lt;/td&gt;
		&lt;td class="tabelatd2"&gt;Patrimonial&lt;/td&gt;
&lt;th class="tabelatd2" border="1"&gt;&lt;a class="noPrint" href="?class=BaixarParcela&amp;id=380"&gt;[Baixar&amp;nbsp;parcela] &lt;/a&gt;&lt;a class="noPrint" href="?class=ImprimirParcela&amp;id=380"&gt;[Imprimir&amp;nbsp;parcela] &lt;/a&gt;&lt;/th&gt;
	&lt;/tr&gt;
	&lt;tr&gt;
		&lt;td class="tabelatd1"&gt;413&lt;/td&gt;
		&lt;td class="tabelatd1"&gt;Tipo Cobranca&lt;/td&gt;
		&lt;td class="tabelatd1"&gt;10/10/2018&lt;/td&gt;
		&lt;td class="tabelatd1"&gt;110.00&lt;/td&gt;
		&lt;td class="tabelatd1"&gt;0.00&lt;/td&gt;
		&lt;td class="tabelatd1"&gt;Em aberto&lt;/td&gt;
		&lt;td class="tabelatd1"&gt;1-Fulano de Tal (652.392.539-00)&lt;/td&gt;
		&lt;td class="tabelatd1"&gt;1&lt;/td&gt;
		&lt;td class="tabelatd1"&gt;Patrimonial&lt;/td&gt;
&lt;th class="tabelatd1" border="1"&gt;&lt;a class="noPrint" href="?class=BaixarParcela&amp;id=413"&gt;[Baixar&amp;nbsp;parcela] &lt;/a&gt;&lt;a class="noPrint" href="?class=ImprimirParcela&amp;id=413"&gt;[Imprimir&amp;nbsp;parcela] &lt;/a&gt;&lt;/th&gt;
	&lt;/tr&gt;
	&lt;tr&gt;
		&lt;td class="tabelatd2"&gt;448&lt;/td&gt;
		&lt;td class="tabelatd2"&gt;Tipo Cobranca&lt;/td&gt;
		&lt;td class="tabelatd2"&gt;10/10/2018&lt;/td&gt;
		&lt;td class="tabelatd2"&gt;110.00&lt;/td&gt;
		&lt;td class="tabelatd2"&gt;0.00&lt;/td&gt;
		&lt;td class="tabelatd2"&gt;Em aberto&lt;/td&gt;
		&lt;td class="tabelatd2"&gt;1-Fulano de Tal (652.392.539-00)&lt;/td&gt;
		&lt;td class="tabelatd2"&gt;1&lt;/td&gt;
		&lt;td class="tabelatd2"&gt;Patrimonial&lt;/td&gt;
&lt;th class="tabelatd2" border="1"&gt;&lt;a class="noPrint" href="?class=BaixarParcela&amp;id=448"&gt;[Baixar&amp;nbsp;parcela] &lt;/a&gt;&lt;a class="noPrint" href="?class=ImprimirParcela&amp;id=448"&gt;[Imprimir&amp;nbsp;parcela] &lt;/a&gt;&lt;/th&gt;
	&lt;/tr&gt;
	&lt;tr&gt;
		&lt;td class="tabelatd1"&gt;414&lt;/td&gt;
		&lt;td class="tabelatd1"&gt;Tipo Cobranca&lt;/td&gt;
		&lt;td class="tabelatd1"&gt;10/10/2018&lt;/td&gt;
		&lt;td class="tabelatd1"&gt;110.00&lt;/td&gt;
		&lt;td class="tabelatd1"&gt;0.00&lt;/td&gt;
		&lt;td class="tabelatd1"&gt;Em aberto&lt;/td&gt;
		&lt;td class="tabelatd1"&gt;1-Fulano de Tal (652.392.539-00)&lt;/td&gt;
		&lt;td class="tabelatd1"&gt;1&lt;/td&gt;
		&lt;td class="tabelatd1"&gt;Patrimonial&lt;/td&gt;
&lt;th class="tabelatd1" border="1"&gt;&lt;a class="noPrint" href="?class=BaixarParcela&amp;id=414"&gt;[Baixar&amp;nbsp;parcela] &lt;/a&gt;&lt;a class="noPrint" href="?class=ImprimirParcela&amp;id=414"&gt;[Imprimir&amp;nbsp;parcela] &lt;/a&gt;&lt;/th&gt;
	&lt;/tr&gt;
	&lt;tr&gt;
		&lt;td class="tabelatd2"&gt;449&lt;/td&gt;
		&lt;td class="tabelatd2"&gt;Tipo Cobranca&lt;/td&gt;
		&lt;td class="tabelatd2"&gt;10/10/2018&lt;/td&gt;
		&lt;td class="tabelatd2"&gt;110.00&lt;/td&gt;
		&lt;td class="tabelatd2"&gt;0.00&lt;/td&gt;
		&lt;td class="tabelatd2"&gt;Em aberto&lt;/td&gt;
		&lt;td class="tabelatd2"&gt;1-Fulano de Tal (652.392.539-00)&lt;/td&gt;
		&lt;td class="tabelatd2"&gt;1&lt;/td&gt;
		&lt;td class="tabelatd2"&gt;Patrimonial&lt;/td&gt;
&lt;th class="tabelatd2" border="1"&gt;&lt;a class="noPrint" href="?class=BaixarParcela&amp;id=449"&gt;[Baixar&amp;nbsp;parcela] &lt;/a&gt;&lt;a class="noPrint" href="?class=ImprimirParcela&amp;id=449"&gt;[Imprimir&amp;nbsp;parcela] &lt;/a&gt;&lt;/th&gt;
	&lt;/tr&gt;
	&lt;tr&gt;
		&lt;td class="tabelatd1"&gt;450&lt;/td&gt;
		&lt;td class="tabelatd1"&gt;Tipo Cobranca&lt;/td&gt;
		&lt;td class="tabelatd1"&gt;10/10/2018&lt;/td&gt;
		&lt;td class="tabelatd1"&gt;110.00&lt;/td&gt;
		&lt;td class="tabelatd1"&gt;0.00&lt;/td&gt;
		&lt;td class="tabelatd1"&gt;Em aberto&lt;/td&gt;
		&lt;td class="tabelatd1"&gt;1-Fulano de Tal (652.392.539-00)&lt;/td&gt;
		&lt;td class="tabelatd1"&gt;1&lt;/td&gt;
		&lt;td class="tabelatd1"&gt;Patrimonial&lt;/td&gt;
&lt;th class="tabelatd1" border="1"&gt;&lt;a class="noPrint" href="?class=BaixarParcela&amp;id=450"&gt;[Baixar&amp;nbsp;parcela] &lt;/a&gt;&lt;a class="noPrint" href="?class=ImprimirParcela&amp;id=450"&gt;[Imprimir&amp;nbsp;parcela] &lt;/a&gt;&lt;/th&gt;
	&lt;/tr&gt;
	&lt;tr&gt;
		&lt;td class="tabelatd2"&gt;50&lt;/td&gt;
		&lt;td class="tabelatd2"&gt;Tipo Cobranca&lt;/td&gt;
		&lt;td class="tabelatd2"&gt;11/10/2018&lt;/td&gt;
		&lt;td class="tabelatd2"&gt;110.00&lt;/td&gt;
		&lt;td class="tabelatd2"&gt;0.00&lt;/td&gt;
		&lt;td class="tabelatd2"&gt;Em aberto&lt;/td&gt;
		&lt;td class="tabelatd2"&gt;2-Fulano de Tal (111.111.111-11)&lt;/td&gt;
		&lt;td class="tabelatd2"&gt;0F&lt;/td&gt;
		&lt;td class="tabelatd2"&gt;Patrimonial&lt;/td&gt;
&lt;th class="tabelatd2" border="1"&gt;&lt;a class="noPrint" href="?class=BaixarParcela&amp;id=50"&gt;[Baixar&amp;nbsp;parcela] &lt;/a&gt;&lt;a class="noPrint" href="?class=ImprimirParcela&amp;id=50"&gt;[Imprimir&amp;nbsp;parcela] &lt;/a&gt;&lt;/th&gt;
	&lt;/tr&gt;
	&lt;tr&gt;
		&lt;td class="tabelatd1"&gt;63&lt;/td&gt;
		&lt;td class="tabelatd1"&gt;Tipo Cobranca&lt;/td&gt;
		&lt;td class="tabelatd1"&gt;11/10/2018&lt;/td&gt;
		&lt;td class="tabelatd1"&gt;110.00&lt;/td&gt;
		&lt;td class="tabelatd1"&gt;0.00&lt;/td&gt;
		&lt;td class="tabelatd1"&gt;Em aberto&lt;/td&gt;
		&lt;td class="tabelatd1"&gt;2-Fulano de Tal (111.111.111-11)&lt;/td&gt;
		&lt;td class="tabelatd1"&gt;0F&lt;/td&gt;
		&lt;td class="tabelatd1"&gt;Patrimonial&lt;/td&gt;
&lt;th class="tabelatd1" border="1"&gt;&lt;a class="noPrint" href="?class=BaixarParcela&amp;id=63"&gt;[Baixar&amp;nbsp;parcela] &lt;/a&gt;&lt;a class="noPrint" href="?class=ImprimirParcela&amp;id=63"&gt;[Imprimir&amp;nbsp;parcela] &lt;/a&gt;&lt;/th&gt;
	&lt;/tr&gt;
	&lt;tr&gt;
		&lt;td class="tabelatd2"&gt;78&lt;/td&gt;
		&lt;td class="tabelatd2"&gt;Tipo Cobranca&lt;/td&gt;
		&lt;td class="tabelatd2"&gt;11/10/2018&lt;/td&gt;
		&lt;td class="tabelatd2"&gt;110.00&lt;/td&gt;
		&lt;td class="tabelatd2"&gt;0.00&lt;/td&gt;
		&lt;td class="tabelatd2"&gt;Em aberto&lt;/td&gt;
		&lt;td class="tabelatd2"&gt;2-Fulano de Tal (111.111.111-11)&lt;/td&gt;
		&lt;td class="tabelatd2"&gt;0F&lt;/td&gt;
		&lt;td class="tabelatd2"&gt;Patrimonial&lt;/td&gt;
&lt;th class="tabelatd2" border="1"&gt;&lt;a class="noPrint" href="?class=BaixarParcela&amp;id=78"&gt;[Baixar&amp;nbsp;parcela] &lt;/a&gt;&lt;a class="noPrint" href="?class=ImprimirParcela&amp;id=78"&gt;[Imprimir&amp;nbsp;parcela] &lt;/a&gt;&lt;/th&gt;
	&lt;/tr&gt;
	&lt;tr&gt;
		&lt;td class="tabelatd1"&gt;95&lt;/td&gt;
		&lt;td class="tabelatd1"&gt;Tipo Cobranca&lt;/td&gt;
		&lt;td class="tabelatd1"&gt;11/10/2018&lt;/td&gt;
		&lt;td class="tabelatd1"&gt;110.00&lt;/td&gt;
		&lt;td class="tabelatd1"&gt;0.00&lt;/td&gt;
		&lt;td class="tabelatd1"&gt;Em aberto&lt;/td&gt;
		&lt;td class="tabelatd1"&gt;2-Fulano de Tal (111.111.111-11)&lt;/td&gt;
		&lt;td class="tabelatd1"&gt;0F&lt;/td&gt;
		&lt;td class="tabelatd1"&gt;Patrimonial&lt;/td&gt;
&lt;th class="tabelatd1" border="1"&gt;&lt;a class="noPrint" href="?class=BaixarParcela&amp;id=95"&gt;[Baixar&amp;nbsp;parcela] &lt;/a&gt;&lt;a class="noPrint" href="?class=ImprimirParcela&amp;id=95"&gt;[Imprimir&amp;nbsp;parcela] &lt;/a&gt;&lt;/th&gt;
	&lt;/tr&gt;
	&lt;tr&gt;
		&lt;td class="tabelatd2"&gt;111&lt;/td&gt;
		&lt;td class="tabelatd2"&gt;Tipo Cobranca&lt;/td&gt;
		&lt;td class="tabelatd2"&gt;11/10/2018&lt;/td&gt;
		&lt;td class="tabelatd2"&gt;110.00&lt;/td&gt;
		&lt;td class="tabelatd2"&gt;0.00&lt;/td&gt;
		&lt;td class="tabelatd2"&gt;Em aberto&lt;/td&gt;
		&lt;td class="tabelatd2"&gt;2-Fulano de Tal (111.111.111-11)&lt;/td&gt;
		&lt;td class="tabelatd2"&gt;0F&lt;/td&gt;
		&lt;td class="tabelatd2"&gt;Patrimonial&lt;/td&gt;
&lt;th class="tabelatd2" border="1"&gt;&lt;a class="noPrint" href="?class=BaixarParcela&amp;id=111"&gt;[Baixar&amp;nbsp;parcela] &lt;/a&gt;&lt;a class="noPrint" href="?class=ImprimirParcela&amp;id=111"&gt;[Imprimir&amp;nbsp;parcela] &lt;/a&gt;&lt;/th&gt;
	&lt;/tr&gt;
	&lt;tr&gt;
		&lt;td class="tabelatd1"&gt;140&lt;/td&gt;
		&lt;td class="tabelatd1"&gt;Tipo Cobranca&lt;/td&gt;
		&lt;td class="tabelatd1"&gt;11/10/2018&lt;/td&gt;
		&lt;td class="tabelatd1"&gt;110.00&lt;/td&gt;
		&lt;td class="tabelatd1"&gt;0.00&lt;/td&gt;
		&lt;td class="tabelatd1"&gt;Em aberto&lt;/td&gt;
		&lt;td class="tabelatd1"&gt;2-Fulano de Tal (111.111.111-11)&lt;/td&gt;
		&lt;td class="tabelatd1"&gt;0F&lt;/td&gt;
		&lt;td class="tabelatd1"&gt;Patrimonial&lt;/td&gt;
&lt;th class="tabelatd1" border="1"&gt;&lt;a class="noPrint" href="?class=BaixarParcela&amp;id=140"&gt;[Baixar&amp;nbsp;parcela] &lt;/a&gt;&lt;a class="noPrint" href="?class=ImprimirParcela&amp;id=140"&gt;[Imprimir&amp;nbsp;parcela] &lt;/a&gt;&lt;/th&gt;
	&lt;/tr&gt;
	&lt;tr&gt;
		&lt;td class="tabelatd2"&gt;166&lt;/td&gt;
		&lt;td class="tabelatd2"&gt;Tipo Cobranca&lt;/td&gt;
		&lt;td class="tabelatd2"&gt;11/10/2018&lt;/td&gt;
		&lt;td class="tabelatd2"&gt;110.00&lt;/td&gt;
		&lt;td class="tabelatd2"&gt;0.00&lt;/td&gt;
		&lt;td class="tabelatd2"&gt;Em aberto&lt;/td&gt;
		&lt;td class="tabelatd2"&gt;2-Fulano de Tal (111.111.111-11)&lt;/td&gt;
		&lt;td class="tabelatd2"&gt;0F&lt;/td&gt;
		&lt;td class="tabelatd2"&gt;Patrimonial&lt;/td&gt;
&lt;th class="tabelatd2" border="1"&gt;&lt;a class="noPrint" href="?class=BaixarParcela&amp;id=166"&gt;[Baixar&amp;nbsp;parcela] &lt;/a&gt;&lt;a class="noPrint" href="?class=ImprimirParcela&amp;id=166"&gt;[Imprimir&amp;nbsp;parcela] &lt;/a&gt;&lt;/th&gt;
	&lt;/tr&gt;
	&lt;tr&gt;
		&lt;td class="tabelatd1"&gt;186&lt;/td&gt;
		&lt;td class="tabelatd1"&gt;Tipo Cobranca&lt;/td&gt;
		&lt;td class="tabelatd1"&gt;11/10/2018&lt;/td&gt;
		&lt;td class="tabelatd1"&gt;110.00&lt;/td&gt;
		&lt;td class="tabelatd1"&gt;0.00&lt;/td&gt;
		&lt;td class="tabelatd1"&gt;Em aberto&lt;/td&gt;
		&lt;td class="tabelatd1"&gt;2-Fulano de Tal (111.111.111-11)&lt;/td&gt;
		&lt;td class="tabelatd1"&gt;0F&lt;/td&gt;
		&lt;td class="tabelatd1"&gt;Patrimonial&lt;/td&gt;
&lt;th class="tabelatd1" border="1"&gt;&lt;a class="noPrint" href="?class=BaixarParcela&amp;id=186"&gt;[Baixar&amp;nbsp;parcela] &lt;/a&gt;&lt;a class="noPrint" href="?class=ImprimirParcela&amp;id=186"&gt;[Imprimir&amp;nbsp;parcela] &lt;/a&gt;&lt;/th&gt;
	&lt;/tr&gt;
	&lt;tr&gt;
		&lt;td class="tabelatd2"&gt;206&lt;/td&gt;
		&lt;td class="tabelatd2"&gt;Tipo Cobranca&lt;/td&gt;
		&lt;td class="tabelatd2"&gt;11/10/2018&lt;/td&gt;
		&lt;td class="tabelatd2"&gt;110.00&lt;/td&gt;
		&lt;td class="tabelatd2"&gt;0.00&lt;/td&gt;
		&lt;td class="tabelatd2"&gt;Em aberto&lt;/td&gt;
		&lt;td class="tabelatd2"&gt;2-Fulano de Tal (111.111.111-11)&lt;/td&gt;
		&lt;td class="tabelatd2"&gt;0F&lt;/td&gt;
		&lt;td class="tabelatd2"&gt;Patrimonial&lt;/td&gt;
&lt;th class="tabelatd2" border="1"&gt;&lt;a class="noPrint" href="?class=BaixarParcela&amp;id=206"&gt;[Baixar&amp;nbsp;parcela] &lt;/a&gt;&lt;a class="noPrint" href="?class=ImprimirParcela&amp;id=206"&gt;[Imprimir&amp;nbsp;parcela] &lt;/a&gt;&lt;/th&gt;
	&lt;/tr&gt;
	&lt;tr&gt;
		&lt;td class="tabelatd1"&gt;226&lt;/td&gt;
		&lt;td class="tabelatd1"&gt;Tipo Cobranca&lt;/td&gt;
		&lt;td class="tabelatd1"&gt;11/10/2018&lt;/td&gt;
		&lt;td class="tabelatd1"&gt;110.00&lt;/td&gt;
		&lt;td class="tabelatd1"&gt;0.00&lt;/td&gt;
		&lt;td class="tabelatd1"&gt;Em aberto&lt;/td&gt;
		&lt;td class="tabelatd1"&gt;2-Fulano de Tal (111.111.111-11)&lt;/td&gt;
		&lt;td class="tabelatd1"&gt;0F&lt;/td&gt;
		&lt;td class="tabelatd1"&gt;Patrimonial&lt;/td&gt;
&lt;th class="tabelatd1" border="1"&gt;&lt;a class="noPrint" href="?class=BaixarParcela&amp;id=226"&gt;[Baixar&amp;nbsp;parcela] &lt;/a&gt;&lt;a class="noPrint" href="?class=ImprimirParcela&amp;id=226"&gt;[Imprimir&amp;nbsp;parcela] &lt;/a&gt;&lt;/th&gt;
	&lt;/tr&gt;
	&lt;tr&gt;
		&lt;td class="tabelatd2"&gt;251&lt;/td&gt;
		&lt;td class="tabelatd2"&gt;Tipo Cobranca&lt;/td&gt;
		&lt;td class="tabelatd2"&gt;11/10/2018&lt;/td&gt;
		&lt;td class="tabelatd2"&gt;110.00&lt;/td&gt;
		&lt;td class="tabelatd2"&gt;0.00&lt;/td&gt;
		&lt;td class="tabelatd2"&gt;Em aberto&lt;/td&gt;
		&lt;td class="tabelatd2"&gt;2-Fulano de Tal (111.111.111-11)&lt;/td&gt;
		&lt;td class="tabelatd2"&gt;0F&lt;/td&gt;
		&lt;td class="tabelatd2"&gt;Patrimonial&lt;/td&gt;
&lt;th class="tabelatd2" border="1"&gt;&lt;a class="noPrint" href="?class=BaixarParcela&amp;id=251"&gt;[Baixar&amp;nbsp;parcela] &lt;/a&gt;&lt;a class="noPrint" href="?class=ImprimirParcela&amp;id=251"&gt;[Imprimir&amp;nbsp;parcela] &lt;/a&gt;&lt;/th&gt;
	&lt;/tr&gt;
	&lt;tr&gt;
		&lt;td class="tabelatd1"&gt;276&lt;/td&gt;
		&lt;td class="tabelatd1"&gt;Tipo Cobranca&lt;/td&gt;
		&lt;td class="tabelatd1"&gt;11/10/2018&lt;/td&gt;
		&lt;td class="tabelatd1"&gt;110.00&lt;/td&gt;
		&lt;td class="tabelatd1"&gt;0.00&lt;/td&gt;
		&lt;td class="tabelatd1"&gt;Em aberto&lt;/td&gt;
		&lt;td class="tabelatd1"&gt;2-Fulano de Tal (111.111.111-11)&lt;/td&gt;
		&lt;td class="tabelatd1"&gt;0F&lt;/td&gt;
		&lt;td class="tabelatd1"&gt;Patrimonial&lt;/td&gt;
&lt;th class="tabelatd1" border="1"&gt;&lt;a class="noPrint" href="?class=BaixarParcela&amp;id=276"&gt;[Baixar&amp;nbsp;parcela] &lt;/a&gt;&lt;a class="noPrint" href="?class=ImprimirParcela&amp;id=276"&gt;[Imprimir&amp;nbsp;parcela] &lt;/a&gt;&lt;/th&gt;
	&lt;/tr&gt;
	&lt;tr&gt;
		&lt;td class="tabelatd2"&gt;303&lt;/td&gt;
		&lt;td class="tabelatd2"&gt;Tipo Cobranca&lt;/td&gt;
		&lt;td class="tabelatd2"&gt;11/10/2018&lt;/td&gt;
		&lt;td class="tabelatd2"&gt;110.00&lt;/td&gt;
		&lt;td class="tabelatd2"&gt;0.00&lt;/td&gt;
		&lt;td class="tabelatd2"&gt;Em aberto&lt;/td&gt;
		&lt;td class="tabelatd2"&gt;2-Fulano de Tal (111.111.111-11)&lt;/td&gt;
		&lt;td class="tabelatd2"&gt;0F&lt;/td&gt;
		&lt;td class="tabelatd2"&gt;Patrimonial&lt;/td&gt;
&lt;th class="tabelatd2" border="1"&gt;&lt;a class="noPrint" href="?class=BaixarParcela&amp;id=303"&gt;[Baixar&amp;nbsp;parcela] &lt;/a&gt;&lt;a class="noPrint" href="?class=ImprimirParcela&amp;id=303"&gt;[Imprimir&amp;nbsp;parcela] &lt;/a&gt;&lt;/th&gt;
	&lt;/tr&gt;
	&lt;tr&gt;
		&lt;td class="tabelatd1"&gt;332&lt;/td&gt;
		&lt;td class="tabelatd1"&gt;Tipo Cobranca&lt;/td&gt;
		&lt;td class="tabelatd1"&gt;11/10/2018&lt;/td&gt;
		&lt;td class="tabelatd1"&gt;110.00&lt;/td&gt;
		&lt;td class="tabelatd1"&gt;0.00&lt;/td&gt;
		&lt;td class="tabelatd1"&gt;Em aberto&lt;/td&gt;
		&lt;td class="tabelatd1"&gt;2-Fulano de Tal (111.111.111-11)&lt;/td&gt;
		&lt;td class="tabelatd1"&gt;0F&lt;/td&gt;
		&lt;td class="tabelatd1"&gt;Patrimonial&lt;/td&gt;
&lt;th class="tabelatd1" border="1"&gt;&lt;a class="noPrint" href="?class=BaixarParcela&amp;id=332"&gt;[Baixar&amp;nbsp;parcela] &lt;/a&gt;&lt;a class="noPrint" href="?class=ImprimirParcela&amp;id=332"&gt;[Imprimir&amp;nbsp;parcela] &lt;/a&gt;&lt;/th&gt;
	&lt;/tr&gt;
	&lt;tr&gt;
		&lt;td class="tabelatd2"&gt;363&lt;/td&gt;
		&lt;td class="tabelatd2"&gt;Tipo Cobranca&lt;/td&gt;
		&lt;td class="tabelatd2"&gt;11/10/2018&lt;/td&gt;
		&lt;td class="tabelatd2"&gt;110.00&lt;/td&gt;
		&lt;td class="tabelatd2"&gt;0.00&lt;/td&gt;
		&lt;td class="tabelatd2"&gt;Em aberto&lt;/td&gt;
		&lt;td class="tabelatd2"&gt;2-Fulano de Tal (111.111.111-11)&lt;/td&gt;
		&lt;td class="tabelatd2"&gt;0F&lt;/td&gt;
		&lt;td class="tabelatd2"&gt;Patrimonial&lt;/td&gt;
&lt;th class="tabelatd2" border="1"&gt;&lt;a class="noPrint" href="?class=BaixarParcela&amp;id=363"&gt;[Baixar&amp;nbsp;parcela] &lt;/a&gt;&lt;a class="noPrint" href="?class=ImprimirParcela&amp;id=363"&gt;[Imprimir&amp;nbsp;parcela] &lt;/a&gt;&lt;/th&gt;
	&lt;/tr&gt;
	&lt;tr&gt;
		&lt;td class="tabelatd1"&gt;396&lt;/td&gt;
		&lt;td class="tabelatd1"&gt;Tipo Cobranca&lt;/td&gt;
		&lt;td class="tabelatd1"&gt;11/10/2018&lt;/td&gt;
		&lt;td class="tabelatd1"&gt;110.00&lt;/td&gt;
		&lt;td class="tabelatd1"&gt;0.00&lt;/td&gt;
		&lt;td class="tabelatd1"&gt;Em aberto&lt;/td&gt;
		&lt;td class="tabelatd1"&gt;2-Fulano de Tal (111.111.111-11)&lt;/td&gt;
		&lt;td class="tabelatd1"&gt;0F&lt;/td&gt;
		&lt;td class="tabelatd1"&gt;Patrimonial&lt;/td&gt;
&lt;th class="tabelatd1" border="1"&gt;&lt;a class="noPrint" href="?class=BaixarParcela&amp;id=396"&gt;[Baixar&amp;nbsp;parcela] &lt;/a&gt;&lt;a class="noPrint" href="?class=ImprimirParcela&amp;id=396"&gt;[Imprimir&amp;nbsp;parcela] &lt;/a&gt;&lt;/th&gt;
	&lt;/tr&gt;
	&lt;tr&gt;
		&lt;td class="tabelatd2"&gt;431&lt;/td&gt;
		&lt;td class="tabelatd2"&gt;Tipo Cobranca&lt;/td&gt;
		&lt;td class="tabelatd2"&gt;11/10/2018&lt;/td&gt;
		&lt;td class="tabelatd2"&gt;110.00&lt;/td&gt;
		&lt;td class="tabelatd2"&gt;0.00&lt;/td&gt;
		&lt;td class="tabelatd2"&gt;Em aberto&lt;/td&gt;
		&lt;td class="tabelatd2"&gt;2-Fulano de Tal (111.111.111-11)&lt;/td&gt;
		&lt;td class="tabelatd2"&gt;0F&lt;/td&gt;
		&lt;td class="tabelatd2"&gt;Patrimonial&lt;/td&gt;
&lt;th class="tabelatd2" border="1"&gt;&lt;a class="noPrint" href="?class=BaixarParcela&amp;id=431"&gt;[Baixar&amp;nbsp;parcela] &lt;/a&gt;&lt;a class="noPrint" href="?class=ImprimirParcela&amp;id=431"&gt;[Imprimir&amp;nbsp;parcela] &lt;/a&gt;&lt;/th&gt;
	&lt;/tr&gt;
	&lt;tr&gt;
		&lt;td class="tabelatd1"&gt;468&lt;/td&gt;
		&lt;td class="tabelatd1"&gt;Tipo Cobranca&lt;/td&gt;
		&lt;td class="tabelatd1"&gt;11/10/2018&lt;/td&gt;
		&lt;td class="tabelatd1"&gt;110.00&lt;/td&gt;
		&lt;td class="tabelatd1"&gt;0.00&lt;/td&gt;
		&lt;td class="tabelatd1"&gt;Em aberto&lt;/td&gt;
		&lt;td class="tabelatd1"&gt;2-Fulano de Tal (111.111.111-11)&lt;/td&gt;
		&lt;td class="tabelatd1"&gt;0F&lt;/td&gt;
		&lt;td class="tabelatd1"&gt;Patrimonial&lt;/td&gt;
&lt;th class="tabelatd1" border="1"&gt;&lt;a class="noPrint" href="?class=BaixarParcela&amp;id=468"&gt;[Baixar&amp;nbsp;parcela] &lt;/a&gt;&lt;a class="noPrint" href="?class=ImprimirParcela&amp;id=468"&gt;[Imprimir&amp;nbsp;parcela] &lt;/a&gt;&lt;/th&gt;
	&lt;/tr&gt;
	&lt;tr&gt;
		&lt;td class="tabelatd2"&gt;30&lt;/td&gt;
		&lt;td class="tabelatd2"&gt;Tipo Cobranca&lt;/td&gt;
		&lt;td class="tabelatd2"&gt;11/10/2018&lt;/td&gt;
		&lt;td class="tabelatd2"&gt;110.00&lt;/td&gt;
		&lt;td class="tabelatd2"&gt;0.00&lt;/td&gt;
		&lt;td class="tabelatd2"&gt;Em aberto&lt;/td&gt;
		&lt;td class="tabelatd2"&gt;1-Fulano de Tal (652.392.539-00)&lt;/td&gt;
		&lt;td class="tabelatd2"&gt;1&lt;/td&gt;
		&lt;td class="tabelatd2"&gt;Patrimonial&lt;/td&gt;
&lt;th class="tabelatd2" border="1"&gt;&lt;a class="noPrint" href="?class=BaixarParcela&amp;id=30"&gt;[Baixar&amp;nbsp;parcela] &lt;/a&gt;&lt;a class="noPrint" href="?class=ImprimirParcela&amp;id=30"&gt;[Imprimir&amp;nbsp;parcela] &lt;/a&gt;&lt;/th&gt;
	&lt;/tr&gt;
	&lt;tr&gt;
		&lt;td class="tabelatd1"&gt;37&lt;/td&gt;
		&lt;td class="tabelatd1"&gt;Tipo Cobranca&lt;/td&gt;
		&lt;td class="tabelatd1"&gt;11/10/2018&lt;/td&gt;
		&lt;td class="tabelatd1"&gt;110.00&lt;/td&gt;
		&lt;td class="tabelatd1"&gt;0.00&lt;/td&gt;
		&lt;td class="tabelatd1"&gt;Em aberto&lt;/td&gt;
		&lt;td class="tabelatd1"&gt;1-Fulano de Tal (652.392.539-00)&lt;/td&gt;
		&lt;td class="tabelatd1"&gt;1&lt;/td&gt;
		&lt;td class="tabelatd1"&gt;Patrimonial&lt;/td&gt;
&lt;th class="tabelatd1" border="1"&gt;&lt;a class="noPrint" href="?class=BaixarParcela&amp;id=37"&gt;[Baixar&amp;nbsp;parcela] &lt;/a&gt;&lt;a class="noPrint" href="?class=ImprimirParcela&amp;id=37"&gt;[Imprimir&amp;nbsp;parcela] &lt;/a&gt;&lt;/th&gt;
	&lt;/tr&gt;
	&lt;tr&gt;
		&lt;td class="tabelatd2"&gt;46&lt;/td&gt;
		&lt;td class="tabelatd2"&gt;Tipo Cobranca&lt;/td&gt;
		&lt;td class="tabelatd2"&gt;11/10/2018&lt;/td&gt;
		&lt;td class="tabelatd2"&gt;110.00&lt;/td&gt;
		&lt;td class="tabelatd2"&gt;0.00&lt;/td&gt;
		&lt;td class="tabelatd2"&gt;Em aberto&lt;/td&gt;
		&lt;td class="tabelatd2"&gt;1-Fulano de Tal (652.392.539-00)&lt;/td&gt;
		&lt;td class="tabelatd2"&gt;1&lt;/td&gt;
		&lt;td class="tabelatd2"&gt;Patrimonial&lt;/td&gt;
&lt;th class="tabelatd2" border="1"&gt;&lt;a class="noPrint" href="?class=BaixarParcela&amp;id=46"&gt;[Baixar&amp;nbsp;parcela] &lt;/a&gt;&lt;a class="noPrint" href="?class=ImprimirParcela&amp;id=46"&gt;[Imprimir&amp;nbsp;parcela] &lt;/a&gt;&lt;/th&gt;
	&lt;/tr&gt;
	&lt;tr&gt;
		&lt;td class="tabelatd1"&gt;58&lt;/td&gt;
		&lt;td class="tabelatd1"&gt;Tipo Cobranca&lt;/td&gt;
		&lt;td class="tabelatd1"&gt;11/10/2018&lt;/td&gt;
		&lt;td class="tabelatd1"&gt;110.00&lt;/td&gt;
		&lt;td class="tabelatd1"&gt;0.00&lt;/td&gt;
		&lt;td class="tabelatd1"&gt;Em aberto&lt;/td&gt;
		&lt;td class="tabelatd1"&gt;1-Fulano de Tal (652.392.539-00)&lt;/td&gt;
		&lt;td class="tabelatd1"&gt;1&lt;/td&gt;
		&lt;td class="tabelatd1"&gt;Patrimonial&lt;/td&gt;
&lt;th class="tabelatd1" border="1"&gt;&lt;a class="noPrint" href="?class=BaixarParcela&amp;id=58"&gt;[Baixar&amp;nbsp;parcela] &lt;/a&gt;&lt;a class="noPrint" href="?class=ImprimirParcela&amp;id=58"&gt;[Imprimir&amp;nbsp;parcela] &lt;/a&gt;&lt;/th&gt;
	&lt;/tr&gt;
	&lt;tr&gt;
		&lt;td class="tabelatd2"&gt;72&lt;/td&gt;
		&lt;td class="tabelatd2"&gt;Tipo Cobranca&lt;/td&gt;
		&lt;td class="tabelatd2"&gt;11/10/2018&lt;/td&gt;
		&lt;td class="tabelatd2"&gt;110.00&lt;/td&gt;
		&lt;td class="tabelatd2"&gt;0.00&lt;/td&gt;
		&lt;td class="tabelatd2"&gt;Em aberto&lt;/td&gt;
		&lt;td class="tabelatd2"&gt;1-Fulano de Tal (652.392.539-00)&lt;/td&gt;
		&lt;td class="tabelatd2"&gt;1&lt;/td&gt;
		&lt;td class="tabelatd2"&gt;Patrimonial&lt;/td&gt;
&lt;th class="tabelatd2" border="1"&gt;&lt;a class="noPrint" href="?class=BaixarParcela&amp;id=72"&gt;[Baixar&amp;nbsp;parcela] &lt;/a&gt;&lt;a class="noPrint" href="?class=ImprimirParcela&amp;id=72"&gt;[Imprimir&amp;nbsp;parcela] &lt;/a&gt;&lt;/th&gt;
	&lt;/tr&gt;
	&lt;tr&gt;
		&lt;td class="tabelatd1"&gt;88&lt;/td&gt;
		&lt;td class="tabelatd1"&gt;Tipo Cobranca&lt;/td&gt;
		&lt;td class="tabelatd1"&gt;11/10/2018&lt;/td&gt;
		&lt;td class="tabelatd1"&gt;110.00&lt;/td&gt;
		&lt;td class="tabelatd1"&gt;0.00&lt;/td&gt;
		&lt;td class="tabelatd1"&gt;Em aberto&lt;/td&gt;
		&lt;td class="tabelatd1"&gt;1-Fulano de Tal (652.392.539-00)&lt;/td&gt;
		&lt;td class="tabelatd1"&gt;1&lt;/td&gt;
		&lt;td class="tabelatd1"&gt;Patrimonial&lt;/td&gt;
&lt;th class="tabelatd1" border="1"&gt;&lt;a class="noPrint" href="?class=BaixarParcela&amp;id=88"&gt;[Baixar&amp;nbsp;parcela] &lt;/a&gt;&lt;a class="noPrint" href="?class=ImprimirParcela&amp;id=88"&gt;[Imprimir&amp;nbsp;parcela] &lt;/a&gt;&lt;/th&gt;
	&lt;/tr&gt;
	&lt;tr&gt;
		&lt;td class="tabelatd2"&gt;104&lt;/td&gt;
		&lt;td class="tabelatd2"&gt;Tipo Cobranca&lt;/td&gt;
		&lt;td class="tabelatd2"&gt;11/10/2018&lt;/td&gt;
		&lt;td class="tabelatd2"&gt;110.00&lt;/td&gt;
		&lt;td class="tabelatd2"&gt;0.00&lt;/td&gt;
		&lt;td class="tabelatd2"&gt;Em aberto&lt;/td&gt;
		&lt;td class="tabelatd2"&gt;1-Fulano de Tal (652.392.539-00)&lt;/td&gt;
		&lt;td class="tabelatd2"&gt;1&lt;/td&gt;
		&lt;td class="tabelatd2"&gt;Patrimonial&lt;/td&gt;
&lt;th class="tabelatd2" border="1"&gt;&lt;a class="noPrint" href="?class=BaixarParcela&amp;id=104"&gt;[Baixar&amp;nbsp;parcela] &lt;/a&gt;&lt;a class="noPrint" href="?class=ImprimirParcela&amp;id=104"&gt;[Imprimir&amp;nbsp;parcela] &lt;/a&gt;&lt;/th&gt;
	&lt;/tr&gt;
	&lt;tr&gt;
		&lt;td class="tabelatd1"&gt;132&lt;/td&gt;
		&lt;td class="tabelatd1"&gt;Tipo Cobranca&lt;/td&gt;
		&lt;td class="tabelatd1"&gt;11/10/2018&lt;/td&gt;
		&lt;td class="tabelatd1"&gt;110.00&lt;/td&gt;
		&lt;td class="tabelatd1"&gt;0.00&lt;/td&gt;
		&lt;td class="tabelatd1"&gt;Em aberto&lt;/td&gt;
		&lt;td class="tabelatd1"&gt;1-Fulano de Tal (652.392.539-00)&lt;/td&gt;
		&lt;td class="tabelatd1"&gt;1&lt;/td&gt;
		&lt;td class="tabelatd1"&gt;Patrimonial&lt;/td&gt;
&lt;th class="tabelatd1" border="1"&gt;&lt;a class="noPrint" href="?class=BaixarParcela&amp;id=132"&gt;[Baixar&amp;nbsp;parcela] &lt;/a&gt;&lt;a class="noPrint" href="?class=ImprimirParcela&amp;id=132"&gt;[Imprimir&amp;nbsp;parcela] &lt;/a&gt;&lt;/th&gt;
	&lt;/tr&gt;
	&lt;tr&gt;
		&lt;td class="tabelatd2"&gt;157&lt;/td&gt;
		&lt;td class="tabelatd2"&gt;Tipo Cobranca&lt;/td&gt;
		&lt;td class="tabelatd2"&gt;11/10/2018&lt;/td&gt;
		&lt;td class="tabelatd2"&gt;110.00&lt;/td&gt;
		&lt;td class="tabelatd2"&gt;0.00&lt;/td&gt;
		&lt;td class="tabelatd2"&gt;Em aberto&lt;/td&gt;
		&lt;td class="tabelatd2"&gt;1-Fulano de Tal (652.392.539-00)&lt;/td&gt;
		&lt;td class="tabelatd2"&gt;1&lt;/td&gt;
		&lt;td class="tabelatd2"&gt;Patrimonial&lt;/td&gt;
&lt;th class="tabelatd2" border="1"&gt;&lt;a class="noPrint" href="?class=BaixarParcela&amp;id=157"&gt;[Baixar&amp;nbsp;parcela] &lt;/a&gt;&lt;a class="noPrint" href="?class=ImprimirParcela&amp;id=157"&gt;[Imprimir&amp;nbsp;parcela] &lt;/a&gt;&lt;/th&gt;
	&lt;/tr&gt;
	&lt;tr&gt;
		&lt;td class="tabelatd1"&gt;177&lt;/td&gt;
		&lt;td class="tabelatd1"&gt;Tipo Cobranca&lt;/td&gt;
		&lt;td class="tabelatd1"&gt;11/10/2018&lt;/td&gt;
		&lt;td class="tabelatd1"&gt;110.00&lt;/td&gt;
		&lt;td class="tabelatd1"&gt;0.00&lt;/td&gt;
		&lt;td class="tabelatd1"&gt;Em aberto&lt;/td&gt;
		&lt;td class="tabelatd1"&gt;1-Fulano de Tal (652.392.539-00)&lt;/td&gt;
		&lt;td class="tabelatd1"&gt;1&lt;/td&gt;
		&lt;td class="tabelatd1"&gt;Patrimonial&lt;/td&gt;
&lt;th class="tabelatd1" border="1"&gt;&lt;a class="noPrint" href="?class=BaixarParcela&amp;id=177"&gt;[Baixar&amp;nbsp;parcela] &lt;/a&gt;&lt;a class="noPrint" href="?class=ImprimirParcela&amp;id=177"&gt;[Imprimir&amp;nbsp;parcela] &lt;/a&gt;&lt;/th&gt;
	&lt;/tr&gt;
	&lt;tr&gt;
		&lt;td class="tabelatd2"&gt;197&lt;/td&gt;
		&lt;td class="tabelatd2"&gt;Tipo Cobranca&lt;/td&gt;
		&lt;td class="tabelatd2"&gt;11/10/2018&lt;/td&gt;
		&lt;td class="tabelatd2"&gt;110.00&lt;/td&gt;
		&lt;td class="tabelatd2"&gt;0.00&lt;/td&gt;
		&lt;td class="tabelatd2"&gt;Em aberto&lt;/td&gt;
		&lt;td class="tabelatd2"&gt;1-Fulano de Tal (652.392.539-00)&lt;/td&gt;
		&lt;td class="tabelatd2"&gt;1&lt;/td&gt;
		&lt;td class="tabelatd2"&gt;Patrimonial&lt;/td&gt;
&lt;th class="tabelatd2" border="1"&gt;&lt;a class="noPrint" href="?class=BaixarParcela&amp;id=197"&gt;[Baixar&amp;nbsp;parcela] &lt;/a&gt;&lt;a class="noPrint" href="?class=ImprimirParcela&amp;id=197"&gt;[Imprimir&amp;nbsp;parcela] &lt;/a&gt;&lt;/th&gt;
	&lt;/tr&gt;
	&lt;tr&gt;
		&lt;td class="tabelatd1"&gt;217&lt;/td&gt;
		&lt;td class="tabelatd1"&gt;Tipo Cobranca&lt;/td&gt;
		&lt;td class="tabelatd1"&gt;11/10/2018&lt;/td&gt;
		&lt;td class="tabelatd1"&gt;110.00&lt;/td&gt;
		&lt;td class="tabelatd1"&gt;0.00&lt;/td&gt;
		&lt;td class="tabelatd1"&gt;Em aberto&lt;/td&gt;
		&lt;td class="tabelatd1"&gt;1-Fulano de Tal (652.392.539-00)&lt;/td&gt;
		&lt;td class="tabelatd1"&gt;1&lt;/td&gt;
		&lt;td class="tabelatd1"&gt;Patrimonial&lt;/td&gt;
&lt;th class="tabelatd1" border="1"&gt;&lt;a class="noPrint" href="?class=BaixarParcela&amp;id=217"&gt;[Baixar&amp;nbsp;parcela] &lt;/a&gt;&lt;a class="noPrint" href="?class=ImprimirParcela&amp;id=217"&gt;[Imprimir&amp;nbsp;parcela] &lt;/a&gt;&lt;/th&gt;
	&lt;/tr&gt;
	&lt;tr&gt;
		&lt;td class="tabelatd2"&gt;241&lt;/td&gt;
		&lt;td class="tabelatd2"&gt;Tipo Cobranca&lt;/td&gt;
		&lt;td class="tabelatd2"&gt;11/10/2018&lt;/td&gt;
		&lt;td class="tabelatd2"&gt;110.00&lt;/td&gt;
		&lt;td class="tabelatd2"&gt;0.00&lt;/td&gt;
		&lt;td class="tabelatd2"&gt;Em aberto&lt;/td&gt;
		&lt;td class="tabelatd2"&gt;1-Fulano de Tal (652.392.539-00)&lt;/td&gt;
		&lt;td class="tabelatd2"&gt;1&lt;/td&gt;
		&lt;td class="tabelatd2"&gt;Patrimonial&lt;/td&gt;
&lt;th class="tabelatd2" border="1"&gt;&lt;a class="noPrint" href="?class=BaixarParcela&amp;id=241"&gt;[Baixar&amp;nbsp;parcela] &lt;/a&gt;&lt;a class="noPrint" href="?class=ImprimirParcela&amp;id=241"&gt;[Imprimir&amp;nbsp;parcela] &lt;/a&gt;&lt;/th&gt;
	&lt;/tr&gt;
	&lt;tr&gt;
		&lt;td class="tabelatd1"&gt;49&lt;/td&gt;
		&lt;td class="tabelatd1"&gt;Tipo Cobranca&lt;/td&gt;
		&lt;td class="tabelatd1"&gt;11/10/2018&lt;/td&gt;
		&lt;td class="tabelatd1"&gt;110.00&lt;/td&gt;
		&lt;td class="tabelatd1"&gt;0.00&lt;/td&gt;
		&lt;td class="tabelatd1"&gt;Em aberto&lt;/td&gt;
		&lt;td class="tabelatd1"&gt;1-Fulano de Tal (652.392.539-00)&lt;/td&gt;
		&lt;td class="tabelatd1"&gt;1&lt;/td&gt;
		&lt;td class="tabelatd1"&gt;Patrimonial&lt;/td&gt;
&lt;th class="tabelatd1" border="1"&gt;&lt;a class="noPrint" href="?class=BaixarParcela&amp;id=49"&gt;[Baixar&amp;nbsp;parcela] &lt;/a&gt;&lt;a class="noPrint" href="?class=ImprimirParcela&amp;id=49"&gt;[Imprimir&amp;nbsp;parcela] &lt;/a&gt;&lt;/th&gt;
	&lt;/tr&gt;
	&lt;tr&gt;
		&lt;td class="tabelatd2"&gt;61&lt;/td&gt;
		&lt;td class="tabelatd2"&gt;Tipo Cobranca&lt;/td&gt;
		&lt;td class="tabelatd2"&gt;11/10/2018&lt;/td&gt;
		&lt;td class="tabelatd2"&gt;110.00&lt;/td&gt;
		&lt;td class="tabelatd2"&gt;0.00&lt;/td&gt;
		&lt;td class="tabelatd2"&gt;Em aberto&lt;/td&gt;
		&lt;td class="tabelatd2"&gt;1-Fulano de Tal (652.392.539-00)&lt;/td&gt;
		&lt;td class="tabelatd2"&gt;1&lt;/td&gt;
		&lt;td class="tabelatd2"&gt;Patrimonial&lt;/td&gt;
&lt;th class="tabelatd2" border="1"&gt;&lt;a class="noPrint" href="?class=BaixarParcela&amp;id=61"&gt;[Baixar&amp;nbsp;parcela] &lt;/a&gt;&lt;a class="noPrint" href="?class=ImprimirParcela&amp;id=61"&gt;[Imprimir&amp;nbsp;parcela] &lt;/a&gt;&lt;/th&gt;
	&lt;/tr&gt;
	&lt;tr&gt;
		&lt;td class="tabelatd1"&gt;75&lt;/td&gt;
		&lt;td class="tabelatd1"&gt;Tipo Cobranca&lt;/td&gt;
		&lt;td class="tabelatd1"&gt;11/10/2018&lt;/td&gt;
		&lt;td class="tabelatd1"&gt;110.00&lt;/td&gt;
		&lt;td class="tabelatd1"&gt;0.00&lt;/td&gt;
		&lt;td class="tabelatd1"&gt;Em aberto&lt;/td&gt;
		&lt;td class="tabelatd1"&gt;1-Fulano de Tal (652.392.539-00)&lt;/td&gt;
		&lt;td class="tabelatd1"&gt;1&lt;/td&gt;
		&lt;td class="tabelatd1"&gt;Patrimonial&lt;/td&gt;
&lt;th class="tabelatd1" border="1"&gt;&lt;a class="noPrint" href="?class=BaixarParcela&amp;id=75"&gt;[Baixar&amp;nbsp;parcela] &lt;/a&gt;&lt;a class="noPrint" href="?class=ImprimirParcela&amp;id=75"&gt;[Imprimir&amp;nbsp;parcela] &lt;/a&gt;&lt;/th&gt;
	&lt;/tr&gt;
	&lt;tr&gt;
		&lt;td class="tabelatd2"&gt;91&lt;/td&gt;
		&lt;td class="tabelatd2"&gt;Tipo Cobranca&lt;/td&gt;
		&lt;td class="tabelatd2"&gt;11/10/2018&lt;/td&gt;
		&lt;td class="tabelatd2"&gt;110.00&lt;/td&gt;
		&lt;td class="tabelatd2"&gt;0.00&lt;/td&gt;
		&lt;td class="tabelatd2"&gt;Em aberto&lt;/td&gt;
		&lt;td class="tabelatd2"&gt;1-Fulano de Tal (652.392.539-00)&lt;/td&gt;
		&lt;td class="tabelatd2"&gt;1&lt;/td&gt;
		&lt;td class="tabelatd2"&gt;Patrimonial&lt;/td&gt;
&lt;th class="tabelatd2" border="1"&gt;&lt;a class="noPrint" href="?class=BaixarParcela&amp;id=91"&gt;[Baixar&amp;nbsp;parcela] &lt;/a&gt;&lt;a class="noPrint" href="?class=ImprimirParcela&amp;id=91"&gt;[Imprimir&amp;nbsp;parcela] &lt;/a&gt;&lt;/th&gt;
	&lt;/tr&gt;
	&lt;tr&gt;
		&lt;td class="tabelatd1"&gt;107&lt;/td&gt;
		&lt;td class="tabelatd1"&gt;Tipo Cobranca&lt;/td&gt;
		&lt;td class="tabelatd1"&gt;11/10/2018&lt;/td&gt;
		&lt;td class="tabelatd1"&gt;110.00&lt;/td&gt;
		&lt;td class="tabelatd1"&gt;0.00&lt;/td&gt;
		&lt;td class="tabelatd1"&gt;Em aberto&lt;/td&gt;
		&lt;td class="tabelatd1"&gt;1-Fulano de Tal (652.392.539-00)&lt;/td&gt;
		&lt;td class="tabelatd1"&gt;1&lt;/td&gt;
		&lt;td class="tabelatd1"&gt;Patrimonial&lt;/td&gt;
&lt;th class="tabelatd1" border="1"&gt;&lt;a class="noPrint" href="?class=BaixarParcela&amp;id=107"&gt;[Baixar&amp;nbsp;parcela] &lt;/a&gt;&lt;a class="noPrint" href="?class=ImprimirParcela&amp;id=107"&gt;[Imprimir&amp;nbsp;parcela] &lt;/a&gt;&lt;/th&gt;
	&lt;/tr&gt;
	&lt;tr&gt;
		&lt;td class="tabelatd2"&gt;135&lt;/td&gt;
		&lt;td class="tabelatd2"&gt;Tipo Cobranca&lt;/td&gt;
		&lt;td class="tabelatd2"&gt;11/10/2018&lt;/td&gt;
		&lt;td class="tabelatd2"&gt;110.00&lt;/td&gt;
		&lt;td class="tabelatd2"&gt;0.00&lt;/td&gt;
		&lt;td class="tabelatd2"&gt;Em aberto&lt;/td&gt;
		&lt;td class="tabelatd2"&gt;1-Fulano de Tal (652.392.539-00)&lt;/td&gt;
		&lt;td class="tabelatd2"&gt;1&lt;/td&gt;
		&lt;td class="tabelatd2"&gt;Patrimonial&lt;/td&gt;
&lt;th class="tabelatd2" border="1"&gt;&lt;a class="noPrint" href="?class=BaixarParcela&amp;id=135"&gt;[Baixar&amp;nbsp;parcela] &lt;/a&gt;&lt;a class="noPrint" href="?class=ImprimirParcela&amp;id=135"&gt;[Imprimir&amp;nbsp;parcela] &lt;/a&gt;&lt;/th&gt;
	&lt;/tr&gt;
	&lt;tr&gt;
		&lt;td class="tabelatd1"&gt;160&lt;/td&gt;
		&lt;td class="tabelatd1"&gt;Tipo Cobranca&lt;/td&gt;
		&lt;td class="tabelatd1"&gt;11/10/2018&lt;/td&gt;
		&lt;td class="tabelatd1"&gt;110.00&lt;/td&gt;
		&lt;td class="tabelatd1"&gt;0.00&lt;/td&gt;
		&lt;td class="tabelatd1"&gt;Em aberto&lt;/td&gt;
		&lt;td class="tabelatd1"&gt;1-Fulano de Tal (652.392.539-00)&lt;/td&gt;
		&lt;td class="tabelatd1"&gt;1&lt;/td&gt;
		&lt;td class="tabelatd1"&gt;Patrimonial&lt;/td&gt;
&lt;th class="tabelatd1" border="1"&gt;&lt;a class="noPrint" href="?class=BaixarParcela&amp;id=160"&gt;[Baixar&amp;nbsp;parcela] &lt;/a&gt;&lt;a class="noPrint" href="?class=ImprimirParcela&amp;id=160"&gt;[Imprimir&amp;nbsp;parcela] &lt;/a&gt;&lt;/th&gt;
	&lt;/tr&gt;
	&lt;tr&gt;
		&lt;td class="tabelatd2"&gt;180&lt;/td&gt;
		&lt;td class="tabelatd2"&gt;Tipo Cobranca&lt;/td&gt;
		&lt;td class="tabelatd2"&gt;11/10/2018&lt;/td&gt;
		&lt;td class="tabelatd2"&gt;110.00&lt;/td&gt;
		&lt;td class="tabelatd2"&gt;0.00&lt;/td&gt;
		&lt;td class="tabelatd2"&gt;Em aberto&lt;/td&gt;
		&lt;td class="tabelatd2"&gt;1-Fulano de Tal (652.392.539-00)&lt;/td&gt;
		&lt;td class="tabelatd2"&gt;1&lt;/td&gt;
		&lt;td class="tabelatd2"&gt;Patrimonial&lt;/td&gt;
&lt;th class="tabelatd2" border="1"&gt;&lt;a class="noPrint" href="?class=BaixarParcela&amp;id=180"&gt;[Baixar&amp;nbsp;parcela] &lt;/a&gt;&lt;a class="noPrint" href="?class=ImprimirParcela&amp;id=180"&gt;[Imprimir&amp;nbsp;parcela] &lt;/a&gt;&lt;/th&gt;
	&lt;/tr&gt;
	&lt;tr&gt;
		&lt;td class="tabelatd1"&gt;200&lt;/td&gt;
		&lt;td class="tabelatd1"&gt;Tipo Cobranca&lt;/td&gt;
		&lt;td class="tabelatd1"&gt;11/10/2018&lt;/td&gt;
		&lt;td class="tabelatd1"&gt;110.00&lt;/td&gt;
		&lt;td class="tabelatd1"&gt;0.00&lt;/td&gt;
		&lt;td class="tabelatd1"&gt;Em aberto&lt;/td&gt;
		&lt;td class="tabelatd1"&gt;1-Fulano de Tal (652.392.539-00)&lt;/td&gt;
		&lt;td class="tabelatd1"&gt;1&lt;/td&gt;
		&lt;td class="tabelatd1"&gt;Patrimonial&lt;/td&gt;
&lt;th class="tabelatd1" border="1"&gt;&lt;a class="noPrint" href="?class=BaixarParcela&amp;id=200"&gt;[Baixar&amp;nbsp;parcela] &lt;/a&gt;&lt;a class="noPrint" href="?class=ImprimirParcela&amp;id=200"&gt;[Imprimir&amp;nbsp;parcela] &lt;/a&gt;&lt;/th&gt;
	&lt;/tr&gt;
	&lt;tr&gt;
		&lt;td class="tabelatd2"&gt;220&lt;/td&gt;
		&lt;td class="tabelatd2"&gt;Tipo Cobranca&lt;/td&gt;
		&lt;td class="tabelatd2"&gt;11/10/2018&lt;/td&gt;
		&lt;td class="tabelatd2"&gt;110.00&lt;/td&gt;
		&lt;td class="tabelatd2"&gt;0.00&lt;/td&gt;
		&lt;td class="tabelatd2"&gt;Em aberto&lt;/td&gt;
		&lt;td class="tabelatd2"&gt;1-Fulano de Tal (652.392.539-00)&lt;/td&gt;
		&lt;td class="tabelatd2"&gt;1&lt;/td&gt;
		&lt;td class="tabelatd2"&gt;Patrimonial&lt;/td&gt;
&lt;th class="tabelatd2" border="1"&gt;&lt;a class="noPrint" href="?class=BaixarParcela&amp;id=220"&gt;[Baixar&amp;nbsp;parcela] &lt;/a&gt;&lt;a class="noPrint" href="?class=ImprimirParcela&amp;id=220"&gt;[Imprimir&amp;nbsp;parcela] &lt;/a&gt;&lt;/th&gt;
	&lt;/tr&gt;
	&lt;tr&gt;
		&lt;td class="tabelatd1"&gt;244&lt;/td&gt;
		&lt;td class="tabelatd1"&gt;Tipo Cobranca&lt;/td&gt;
		&lt;td class="tabelatd1"&gt;11/10/2018&lt;/td&gt;
		&lt;td class="tabelatd1"&gt;110.00&lt;/td&gt;
		&lt;td class="tabelatd1"&gt;0.00&lt;/td&gt;
		&lt;td class="tabelatd1"&gt;Em aberto&lt;/td&gt;
		&lt;td class="tabelatd1"&gt;1-Fulano de Tal (652.392.539-00)&lt;/td&gt;
		&lt;td class="tabelatd1"&gt;1&lt;/td&gt;
		&lt;td class="tabelatd1"&gt;Patrimonial&lt;/td&gt;
&lt;th class="tabelatd1" border="1"&gt;&lt;a class="noPrint" href="?class=BaixarParcela&amp;id=244"&gt;[Baixar&amp;nbsp;parcela] &lt;/a&gt;&lt;a class="noPrint" href="?class=ImprimirParcela&amp;id=244"&gt;[Imprimir&amp;nbsp;parcela] &lt;/a&gt;&lt;/th&gt;
	&lt;/tr&gt;
	&lt;tr&gt;
		&lt;td class="tabelatd2"&gt;62&lt;/td&gt;
		&lt;td class="tabelatd2"&gt;Tipo Cobranca&lt;/td&gt;
		&lt;td class="tabelatd2"&gt;11/10/2018&lt;/td&gt;
		&lt;td class="tabelatd2"&gt;110.00&lt;/td&gt;
		&lt;td class="tabelatd2"&gt;0.00&lt;/td&gt;
		&lt;td class="tabelatd2"&gt;Em aberto&lt;/td&gt;
		&lt;td class="tabelatd2"&gt;1-Fulano de Tal (652.392.539-00)&lt;/td&gt;
		&lt;td class="tabelatd2"&gt;1&lt;/td&gt;
		&lt;td class="tabelatd2"&gt;Patrimonial&lt;/td&gt;
&lt;th class="tabelatd2" border="1"&gt;&lt;a class="noPrint" href="?class=BaixarParcela&amp;id=62"&gt;[Baixar&amp;nbsp;parcela] &lt;/a&gt;&lt;a class="noPrint" href="?class=ImprimirParcela&amp;id=62"&gt;[Imprimir&amp;nbsp;parcela] &lt;/a&gt;&lt;/th&gt;
	&lt;/tr&gt;
	&lt;tr&gt;
		&lt;td class="tabelatd1"&gt;76&lt;/td&gt;
		&lt;td class="tabelatd1"&gt;Tipo Cobranca&lt;/td&gt;
		&lt;td class="tabelatd1"&gt;11/10/2018&lt;/td&gt;
		&lt;td class="tabelatd1"&gt;110.00&lt;/td&gt;
		&lt;td class="tabelatd1"&gt;0.00&lt;/td&gt;
		&lt;td class="tabelatd1"&gt;Em aberto&lt;/td&gt;
		&lt;td class="tabelatd1"&gt;1-Fulano de Tal (652.392.539-00)&lt;/td&gt;
		&lt;td class="tabelatd1"&gt;1&lt;/td&gt;
		&lt;td class="tabelatd1"&gt;Patrimonial&lt;/td&gt;
&lt;th class="tabelatd1" border="1"&gt;&lt;a class="noPrint" href="?class=BaixarParcela&amp;id=76"&gt;[Baixar&amp;nbsp;parcela] &lt;/a&gt;&lt;a class="noPrint" href="?class=ImprimirParcela&amp;id=76"&gt;[Imprimir&amp;nbsp;parcela] &lt;/a&gt;&lt;/th&gt;
	&lt;/tr&gt;
	&lt;tr&gt;
		&lt;td class="tabelatd2"&gt;92&lt;/td&gt;
		&lt;td class="tabelatd2"&gt;Tipo Cobranca&lt;/td&gt;
		&lt;td class="tabelatd2"&gt;11/10/2018&lt;/td&gt;
		&lt;td class="tabelatd2"&gt;110.00&lt;/td&gt;
		&lt;td class="tabelatd2"&gt;0.00&lt;/td&gt;
		&lt;td class="tabelatd2"&gt;Em aberto&lt;/td&gt;
		&lt;td class="tabelatd2"&gt;1-Fulano de Tal (652.392.539-00)&lt;/td&gt;
		&lt;td class="tabelatd2"&gt;1&lt;/td&gt;
		&lt;td class="tabelatd2"&gt;Patrimonial&lt;/td&gt;
&lt;th class="tabelatd2" border="1"&gt;&lt;a class="noPrint" href="?class=BaixarParcela&amp;id=92"&gt;[Baixar&amp;nbsp;parcela] &lt;/a&gt;&lt;a class="noPrint" href="?class=ImprimirParcela&amp;id=92"&gt;[Imprimir&amp;nbsp;parcela] &lt;/a&gt;&lt;/th&gt;
	&lt;/tr&gt;
	&lt;tr&gt;
		&lt;td class="tabelatd1"&gt;108&lt;/td&gt;
		&lt;td class="tabelatd1"&gt;Tipo Cobranca&lt;/td&gt;
		&lt;td class="tabelatd1"&gt;11/10/2018&lt;/td&gt;
		&lt;td class="tabelatd1"&gt;110.00&lt;/td&gt;
		&lt;td class="tabelatd1"&gt;0.00&lt;/td&gt;
		&lt;td class="tabelatd1"&gt;Em aberto&lt;/td&gt;
		&lt;td class="tabelatd1"&gt;1-Fulano de Tal (652.392.539-00)&lt;/td&gt;
		&lt;td class="tabelatd1"&gt;1&lt;/td&gt;
		&lt;td class="tabelatd1"&gt;Patrimonial&lt;/td&gt;
&lt;th class="tabelatd1" border="1"&gt;&lt;a class="noPrint" href="?class=BaixarParcela&amp;id=108"&gt;[Baixar&amp;nbsp;parcela] &lt;/a&gt;&lt;a class="noPrint" href="?class=ImprimirParcela&amp;id=108"&gt;[Imprimir&amp;nbsp;parcela] &lt;/a&gt;&lt;/th&gt;
	&lt;/tr&gt;
	&lt;tr&gt;
		&lt;td class="tabelatd2"&gt;136&lt;/td&gt;
		&lt;td class="tabelatd2"&gt;Tipo Cobranca&lt;/td&gt;
		&lt;td class="tabelatd2"&gt;11/10/2018&lt;/td&gt;
		&lt;td class="tabelatd2"&gt;110.00&lt;/td&gt;
		&lt;td class="tabelatd2"&gt;0.00&lt;/td&gt;
		&lt;td class="tabelatd2"&gt;Em aberto&lt;/td&gt;
		&lt;td class="tabelatd2"&gt;1-Fulano de Tal (652.392.539-00)&lt;/td&gt;
		&lt;td class="tabelatd2"&gt;1&lt;/td&gt;
		&lt;td class="tabelatd2"&gt;Patrimonial&lt;/td&gt;
&lt;th class="tabelatd2" border="1"&gt;&lt;a class="noPrint" href="?class=BaixarParcela&amp;id=136"&gt;[Baixar&amp;nbsp;parcela] &lt;/a&gt;&lt;a class="noPrint" href="?class=ImprimirParcela&amp;id=136"&gt;[Imprimir&amp;nbsp;parcela] &lt;/a&gt;&lt;/th&gt;
	&lt;/tr&gt;
	&lt;tr&gt;
		&lt;td class="tabelatd1"&gt;161&lt;/td&gt;
		&lt;td class="tabelatd1"&gt;Tipo Cobranca&lt;/td&gt;
		&lt;td class="tabelatd1"&gt;11/10/2018&lt;/td&gt;
		&lt;td class="tabelatd1"&gt;110.00&lt;/td&gt;
		&lt;td class="tabelatd1"&gt;0.00&lt;/td&gt;
		&lt;td class="tabelatd1"&gt;Em aberto&lt;/td&gt;
		&lt;td class="tabelatd1"&gt;1-Fulano de Tal (652.392.539-00)&lt;/td&gt;
		&lt;td class="tabelatd1"&gt;1&lt;/td&gt;
		&lt;td class="tabelatd1"&gt;Patrimonial&lt;/td&gt;
&lt;th class="tabelatd1" border="1"&gt;&lt;a class="noPrint" href="?class=BaixarParcela&amp;id=161"&gt;[Baixar&amp;nbsp;parcela] &lt;/a&gt;&lt;a class="noPrint" href="?class=ImprimirParcela&amp;id=161"&gt;[Imprimir&amp;nbsp;parcela] &lt;/a&gt;&lt;/th&gt;
	&lt;/tr&gt;
	&lt;tr&gt;
		&lt;td class="tabelatd2"&gt;181&lt;/td&gt;
		&lt;td class="tabelatd2"&gt;Tipo Cobranca&lt;/td&gt;
		&lt;td class="tabelatd2"&gt;11/10/2018&lt;/td&gt;
		&lt;td class="tabelatd2"&gt;110.00&lt;/td&gt;
		&lt;td class="tabelatd2"&gt;0.00&lt;/td&gt;
		&lt;td class="tabelatd2"&gt;Em aberto&lt;/td&gt;
		&lt;td class="tabelatd2"&gt;1-Fulano de Tal (652.392.539-00)&lt;/td&gt;
		&lt;td class="tabelatd2"&gt;1&lt;/td&gt;
		&lt;td class="tabelatd2"&gt;Patrimonial&lt;/td&gt;
&lt;th class="tabelatd2" border="1"&gt;&lt;a class="noPrint" href="?class=BaixarParcela&amp;id=181"&gt;[Baixar&amp;nbsp;parcela] &lt;/a&gt;&lt;a class="noPrint" href="?class=ImprimirParcela&amp;id=181"&gt;[Imprimir&amp;nbsp;parcela] &lt;/a&gt;&lt;/th&gt;
	&lt;/tr&gt;
	&lt;tr&gt;
		&lt;td class="tabelatd1"&gt;201&lt;/td&gt;
		&lt;td class="tabelatd1"&gt;Tipo Cobranca&lt;/td&gt;
		&lt;td class="tabelatd1"&gt;11/10/2018&lt;/td&gt;
		&lt;td class="tabelatd1"&gt;110.00&lt;/td&gt;
		&lt;td class="tabelatd1"&gt;0.00&lt;/td&gt;
		&lt;td class="tabelatd1"&gt;Em aberto&lt;/td&gt;
		&lt;td class="tabelatd1"&gt;1-Fulano de Tal (652.392.539-00)&lt;/td&gt;
		&lt;td class="tabelatd1"&gt;1&lt;/td&gt;
		&lt;td class="tabelatd1"&gt;Patrimonial&lt;/td&gt;
&lt;th class="tabelatd1" border="1"&gt;&lt;a class="noPrint" href="?class=BaixarParcela&amp;id=201"&gt;[Baixar&amp;nbsp;parcela] &lt;/a&gt;&lt;a class="noPrint" href="?class=ImprimirParcela&amp;id=201"&gt;[Imprimir&amp;nbsp;parcela] &lt;/a&gt;&lt;/th&gt;
	&lt;/tr&gt;
	&lt;tr&gt;
		&lt;td class="tabelatd2"&gt;221&lt;/td&gt;
		&lt;td class="tabelatd2"&gt;Tipo Cobranca&lt;/td&gt;
		&lt;td class="tabelatd2"&gt;11/10/2018&lt;/td&gt;
		&lt;td class="tabelatd2"&gt;110.00&lt;/td&gt;
		&lt;td class="tabelatd2"&gt;0.00&lt;/td&gt;
		&lt;td class="tabelatd2"&gt;Em aberto&lt;/td&gt;
		&lt;td class="tabelatd2"&gt;1-Fulano de Tal (652.392.539-00)&lt;/td&gt;
		&lt;td class="tabelatd2"&gt;1&lt;/td&gt;
		&lt;td class="tabelatd2"&gt;Patrimonial&lt;/td&gt;
&lt;th class="tabelatd2" border="1"&gt;&lt;a class="noPrint" href="?class=BaixarParcela&amp;id=221"&gt;[Baixar&amp;nbsp;parcela] &lt;/a&gt;&lt;a class="noPrint" href="?class=ImprimirParcela&amp;id=221"&gt;[Imprimir&amp;nbsp;parcela] &lt;/a&gt;&lt;/th&gt;
	&lt;/tr&gt;
	&lt;tr&gt;
		&lt;td class="tabelatd1"&gt;245&lt;/td&gt;
		&lt;td class="tabelatd1"&gt;Tipo Cobranca&lt;/td&gt;
		&lt;td class="tabelatd1"&gt;11/10/2018&lt;/td&gt;
		&lt;td class="tabelatd1"&gt;110.00&lt;/td&gt;
		&lt;td class="tabelatd1"&gt;0.00&lt;/td&gt;
		&lt;td class="tabelatd1"&gt;Em aberto&lt;/td&gt;
		&lt;td class="tabelatd1"&gt;1-Fulano de Tal (652.392.539-00)&lt;/td&gt;
		&lt;td class="tabelatd1"&gt;1&lt;/td&gt;
		&lt;td class="tabelatd1"&gt;Patrimonial&lt;/td&gt;
&lt;th class="tabelatd1" border="1"&gt;&lt;a class="noPrint" href="?class=BaixarParcela&amp;id=245"&gt;[Baixar&amp;nbsp;parcela] &lt;/a&gt;&lt;a class="noPrint" href="?class=ImprimirParcela&amp;id=245"&gt;[Imprimir&amp;nbsp;parcela] &lt;/a&gt;&lt;/th&gt;
	&lt;/tr&gt;
	&lt;tr&gt;
		&lt;td class="tabelatd2"&gt;77&lt;/td&gt;
		&lt;td class="tabelatd2"&gt;Tipo Cobranca&lt;/td&gt;
		&lt;td class="tabelatd2"&gt;11/10/2018&lt;/td&gt;
		&lt;td class="tabelatd2"&gt;110.00&lt;/td&gt;
		&lt;td class="tabelatd2"&gt;0.00&lt;/td&gt;
		&lt;td class="tabelatd2"&gt;Em aberto&lt;/td&gt;
		&lt;td class="tabelatd2"&gt;1-Fulano de Tal (652.392.539-00)&lt;/td&gt;
		&lt;td class="tabelatd2"&gt;1&lt;/td&gt;
		&lt;td class="tabelatd2"&gt;Patrimonial&lt;/td&gt;
&lt;th class="tabelatd2" border="1"&gt;&lt;a class="noPrint" href="?class=BaixarParcela&amp;id=77"&gt;[Baixar&amp;nbsp;parcela] &lt;/a&gt;&lt;a class="noPrint" href="?class=ImprimirParcela&amp;id=77"&gt;[Imprimir&amp;nbsp;parcela] &lt;/a&gt;&lt;/th&gt;
	&lt;/tr&gt;
	&lt;tr&gt;
		&lt;td class="tabelatd1"&gt;93&lt;/td&gt;
		&lt;td class="tabelatd1"&gt;Tipo Cobranca&lt;/td&gt;
		&lt;td class="tabelatd1"&gt;11/10/2018&lt;/td&gt;
		&lt;td class="tabelatd1"&gt;110.00&lt;/td&gt;
		&lt;td class="tabelatd1"&gt;0.00&lt;/td&gt;
		&lt;td class="tabelatd1"&gt;Em aberto&lt;/td&gt;
		&lt;td class="tabelatd1"&gt;1-Fulano de Tal (652.392.539-00)&lt;/td&gt;
		&lt;td class="tabelatd1"&gt;1&lt;/td&gt;
		&lt;td class="tabelatd1"&gt;Patrimonial&lt;/td&gt;
&lt;th class="tabelatd1" border="1"&gt;&lt;a class="noPrint" href="?class=BaixarParcela&amp;id=93"&gt;[Baixar&amp;nbsp;parcela] &lt;/a&gt;&lt;a class="noPrint" href="?class=ImprimirParcela&amp;id=93"&gt;[Imprimir&amp;nbsp;parcela] &lt;/a&gt;&lt;/th&gt;
	&lt;/tr&gt;
	&lt;tr&gt;
		&lt;td class="tabelatd2"&gt;109&lt;/td&gt;
		&lt;td class="tabelatd2"&gt;Tipo Cobranca&lt;/td&gt;
		&lt;td class="tabelatd2"&gt;11/10/2018&lt;/td&gt;
		&lt;td class="tabelatd2"&gt;110.00&lt;/td&gt;
		&lt;td class="tabelatd2"&gt;0.00&lt;/td&gt;
		&lt;td class="tabelatd2"&gt;Em aberto&lt;/td&gt;
		&lt;td class="tabelatd2"&gt;1-Fulano de Tal (652.392.539-00)&lt;/td&gt;
		&lt;td class="tabelatd2"&gt;1&lt;/td&gt;
		&lt;td class="tabelatd2"&gt;Patrimonial&lt;/td&gt;
&lt;th class="tabelatd2" border="1"&gt;&lt;a class="noPrint" href="?class=BaixarParcela&amp;id=109"&gt;[Baixar&amp;nbsp;parcela] &lt;/a&gt;&lt;a class="noPrint" href="?class=ImprimirParcela&amp;id=109"&gt;[Imprimir&amp;nbsp;parcela] &lt;/a&gt;&lt;/th&gt;
	&lt;/tr&gt;
	&lt;tr&gt;
		&lt;td class="tabelatd1"&gt;137&lt;/td&gt;
		&lt;td class="tabelatd1"&gt;Tipo Cobranca&lt;/td&gt;
		&lt;td class="tabelatd1"&gt;11/10/2018&lt;/td&gt;
		&lt;td class="tabelatd1"&gt;110.00&lt;/td&gt;
		&lt;td class="tabelatd1"&gt;0.00&lt;/td&gt;
		&lt;td class="tabelatd1"&gt;Em aberto&lt;/td&gt;
		&lt;td class="tabelatd1"&gt;1-Fulano de Tal (652.392.539-00)&lt;/td&gt;
		&lt;td class="tabelatd1"&gt;1&lt;/td&gt;
		&lt;td class="tabelatd1"&gt;Patrimonial&lt;/td&gt;
&lt;th class="tabelatd1" border="1"&gt;&lt;a class="noPrint" href="?class=BaixarParcela&amp;id=137"&gt;[Baixar&amp;nbsp;parcela] &lt;/a&gt;&lt;a class="noPrint" href="?class=ImprimirParcela&amp;id=137"&gt;[Imprimir&amp;nbsp;parcela] &lt;/a&gt;&lt;/th&gt;
	&lt;/tr&gt;
	&lt;tr&gt;
		&lt;td class="tabelatd2"&gt;162&lt;/td&gt;
		&lt;td class="tabelatd2"&gt;Tipo Cobranca&lt;/td&gt;
		&lt;td class="tabelatd2"&gt;11/10/2018&lt;/td&gt;
		&lt;td class="tabelatd2"&gt;110.00&lt;/td&gt;
		&lt;td class="tabelatd2"&gt;0.00&lt;/td&gt;
		&lt;td class="tabelatd2"&gt;Em aberto&lt;/td&gt;
		&lt;td class="tabelatd2"&gt;1-Fulano de Tal (652.392.539-00)&lt;/td&gt;
		&lt;td class="tabelatd2"&gt;1&lt;/td&gt;
		&lt;td class="tabelatd2"&gt;Patrimonial&lt;/td&gt;
&lt;th class="tabelatd2" border="1"&gt;&lt;a class="noPrint" href="?class=BaixarParcela&amp;id=162"&gt;[Baixar&amp;nbsp;parcela] &lt;/a&gt;&lt;a class="noPrint" href="?class=ImprimirParcela&amp;id=162"&gt;[Imprimir&amp;nbsp;parcela] &lt;/a&gt;&lt;/th&gt;
	&lt;/tr&gt;
	&lt;tr&gt;
		&lt;td class="tabelatd1"&gt;182&lt;/td&gt;
		&lt;td class="tabelatd1"&gt;Tipo Cobranca&lt;/td&gt;
		&lt;td class="tabelatd1"&gt;11/10/2018&lt;/td&gt;
		&lt;td class="tabelatd1"&gt;110.00&lt;/td&gt;
		&lt;td class="tabelatd1"&gt;0.00&lt;/td&gt;
		&lt;td class="tabelatd1"&gt;Em aberto&lt;/td&gt;
		&lt;td class="tabelatd1"&gt;1-Fulano de Tal (652.392.539-00)&lt;/td&gt;
		&lt;td class="tabelatd1"&gt;1&lt;/td&gt;
		&lt;td class="tabelatd1"&gt;Patrimonial&lt;/td&gt;
&lt;th class="tabelatd1" border="1"&gt;&lt;a class="noPrint" href="?class=BaixarParcela&amp;id=182"&gt;[Baixar&amp;nbsp;parcela] &lt;/a&gt;&lt;a class="noPrint" href="?class=ImprimirParcela&amp;id=182"&gt;[Imprimir&amp;nbsp;parcela] &lt;/a&gt;&lt;/th&gt;
	&lt;/tr&gt;
	&lt;tr&gt;
		&lt;td class="tabelatd2"&gt;202&lt;/td&gt;
		&lt;td class="tabelatd2"&gt;Tipo Cobranca&lt;/td&gt;
		&lt;td class="tabelatd2"&gt;11/10/2018&lt;/td&gt;
		&lt;td class="tabelatd2"&gt;110.00&lt;/td&gt;
		&lt;td class="tabelatd2"&gt;0.00&lt;/td&gt;
		&lt;td class="tabelatd2"&gt;Em aberto&lt;/td&gt;
		&lt;td class="tabelatd2"&gt;1-Fulano de Tal (652.392.539-00)&lt;/td&gt;
		&lt;td class="tabelatd2"&gt;1&lt;/td&gt;
		&lt;td class="tabelatd2"&gt;Patrimonial&lt;/td&gt;
&lt;th class="tabelatd2" border="1"&gt;&lt;a class="noPrint" href="?class=BaixarParcela&amp;id=202"&gt;[Baixar&amp;nbsp;parcela] &lt;/a&gt;&lt;a class="noPrint" href="?class=ImprimirParcela&amp;id=202"&gt;[Imprimir&amp;nbsp;parcela] &lt;/a&gt;&lt;/th&gt;
	&lt;/tr&gt;
	&lt;tr&gt;
		&lt;td class="tabelatd1"&gt;222&lt;/td&gt;
		&lt;td class="tabelatd1"&gt;Tipo Cobranca&lt;/td&gt;
		&lt;td class="tabelatd1"&gt;11/10/2018&lt;/td&gt;
		&lt;td class="tabelatd1"&gt;110.00&lt;/td&gt;
		&lt;td class="tabelatd1"&gt;0.00&lt;/td&gt;
		&lt;td class="tabelatd1"&gt;Em aberto&lt;/td&gt;
		&lt;td class="tabelatd1"&gt;1-Fulano de Tal (652.392.539-00)&lt;/td&gt;
		&lt;td class="tabelatd1"&gt;1&lt;/td&gt;
		&lt;td class="tabelatd1"&gt;Patrimonial&lt;/td&gt;
&lt;th class="tabelatd1" border="1"&gt;&lt;a class="noPrint" href="?class=BaixarParcela&amp;id=222"&gt;[Baixar&amp;nbsp;parcela] &lt;/a&gt;&lt;a class="noPrint" href="?class=ImprimirParcela&amp;id=222"&gt;[Imprimir&amp;nbsp;parcela] &lt;/a&gt;&lt;/th&gt;
	&lt;/tr&gt;
	&lt;tr&gt;
		&lt;td class="tabelatd2"&gt;246&lt;/td&gt;
		&lt;td class="tabelatd2"&gt;Tipo Cobranca&lt;/td&gt;
		&lt;td class="tabelatd2"&gt;11/10/2018&lt;/td&gt;
		&lt;td class="tabelatd2"&gt;110.00&lt;/td&gt;
		&lt;td class="tabelatd2"&gt;0.00&lt;/td&gt;
		&lt;td class="tabelatd2"&gt;Em aberto&lt;/td&gt;
		&lt;td class="tabelatd2"&gt;1-Fulano de Tal (652.392.539-00)&lt;/td&gt;
		&lt;td class="tabelatd2"&gt;1&lt;/td&gt;
		&lt;td class="tabelatd2"&gt;Patrimonial&lt;/td&gt;
&lt;th class="tabelatd2" border="1"&gt;&lt;a class="noPrint" href="?class=BaixarParcela&amp;id=246"&gt;[Baixar&amp;nbsp;parcela] &lt;/a&gt;&lt;a class="noPrint" href="?class=ImprimirParcela&amp;id=246"&gt;[Imprimir&amp;nbsp;parcela] &lt;/a&gt;&lt;/th&gt;
	&lt;/tr&gt;
	&lt;tr&gt;
		&lt;td class="tabelatd1"&gt;94&lt;/td&gt;
		&lt;td class="tabelatd1"&gt;Tipo Cobranca&lt;/td&gt;
		&lt;td class="tabelatd1"&gt;11/10/2018&lt;/td&gt;
		&lt;td class="tabelatd1"&gt;110.00&lt;/td&gt;
		&lt;td class="tabelatd1"&gt;0.00&lt;/td&gt;
		&lt;td class="tabelatd1"&gt;Em aberto&lt;/td&gt;
		&lt;td class="tabelatd1"&gt;1-Fulano de Tal (652.392.539-00)&lt;/td&gt;
		&lt;td class="tabelatd1"&gt;1&lt;/td&gt;
		&lt;td class="tabelatd1"&gt;Patrimonial&lt;/td&gt;
&lt;th class="tabelatd1" border="1"&gt;&lt;a class="noPrint" href="?class=BaixarParcela&amp;id=94"&gt;[Baixar&amp;nbsp;parcela] &lt;/a&gt;&lt;a class="noPrint" href="?class=ImprimirParcela&amp;id=94"&gt;[Imprimir&amp;nbsp;parcela] &lt;/a&gt;&lt;/th&gt;
	&lt;/tr&gt;
	&lt;tr&gt;
		&lt;td class="tabelatd2"&gt;110&lt;/td&gt;
		&lt;td class="tabelatd2"&gt;Tipo Cobranca&lt;/td&gt;
		&lt;td class="tabelatd2"&gt;11/10/2018&lt;/td&gt;
		&lt;td class="tabelatd2"&gt;110.00&lt;/td&gt;
		&lt;td class="tabelatd2"&gt;0.00&lt;/td&gt;
		&lt;td class="tabelatd2"&gt;Em aberto&lt;/td&gt;
		&lt;td class="tabelatd2"&gt;1-Fulano de Tal (652.392.539-00)&lt;/td&gt;
		&lt;td class="tabelatd2"&gt;1&lt;/td&gt;
		&lt;td class="tabelatd2"&gt;Patrimonial&lt;/td&gt;
&lt;th class="tabelatd2" border="1"&gt;&lt;a class="noPrint" href="?class=BaixarParcela&amp;id=110"&gt;[Baixar&amp;nbsp;parcela] &lt;/a&gt;&lt;a class="noPrint" href="?class=ImprimirParcela&amp;id=110"&gt;[Imprimir&amp;nbsp;parcela] &lt;/a&gt;&lt;/th&gt;
	&lt;/tr&gt;
	&lt;tr&gt;
		&lt;td class="tabelatd1"&gt;138&lt;/td&gt;
		&lt;td class="tabelatd1"&gt;Tipo Cobranca&lt;/td&gt;
		&lt;td class="tabelatd1"&gt;11/10/2018&lt;/td&gt;
		&lt;td class="tabelatd1"&gt;110.00&lt;/td&gt;
		&lt;td class="tabelatd1"&gt;0.00&lt;/td&gt;
		&lt;td class="tabelatd1"&gt;Em aberto&lt;/td&gt;
		&lt;td class="tabelatd1"&gt;1-Fulano de Tal (652.392.539-00)&lt;/td&gt;
		&lt;td class="tabelatd1"&gt;1&lt;/td&gt;
		&lt;td class="tabelatd1"&gt;Patrimonial&lt;/td&gt;
&lt;th class="tabelatd1" border="1"&gt;&lt;a class="noPrint" href="?class=BaixarParcela&amp;id=138"&gt;[Baixar&amp;nbsp;parcela] &lt;/a&gt;&lt;a class="noPrint" href="?class=ImprimirParcela&amp;id=138"&gt;[Imprimir&amp;nbsp;parcela] &lt;/a&gt;&lt;/th&gt;
	&lt;/tr&gt;
	&lt;tr&gt;
		&lt;td class="tabelatd2"&gt;163&lt;/td&gt;
		&lt;td class="tabelatd2"&gt;Tipo Cobranca&lt;/td&gt;
		&lt;td class="tabelatd2"&gt;11/10/2018&lt;/td&gt;
		&lt;td class="tabelatd2"&gt;110.00&lt;/td&gt;
		&lt;td class="tabelatd2"&gt;0.00&lt;/td&gt;
		&lt;td class="tabelatd2"&gt;Em aberto&lt;/td&gt;
		&lt;td class="tabelatd2"&gt;1-Fulano de Tal (652.392.539-00)&lt;/td&gt;
		&lt;td class="tabelatd2"&gt;1&lt;/td&gt;
		&lt;td class="tabelatd2"&gt;Patrimonial&lt;/td&gt;
&lt;th class="tabelatd2" border="1"&gt;&lt;a class="noPrint" href="?class=BaixarParcela&amp;id=163"&gt;[Baixar&amp;nbsp;parcela] &lt;/a&gt;&lt;a class="noPrint" href="?class=ImprimirParcela&amp;id=163"&gt;[Imprimir&amp;nbsp;parcela] &lt;/a&gt;&lt;/th&gt;
	&lt;/tr&gt;
	&lt;tr&gt;
		&lt;td class="tabelatd1"&gt;183&lt;/td&gt;
		&lt;td class="tabelatd1"&gt;Tipo Cobranca&lt;/td&gt;
		&lt;td class="tabelatd1"&gt;11/10/2018&lt;/td&gt;
		&lt;td class="tabelatd1"&gt;110.00&lt;/td&gt;
		&lt;td class="tabelatd1"&gt;0.00&lt;/td&gt;
		&lt;td class="tabelatd1"&gt;Em aberto&lt;/td&gt;
		&lt;td class="tabelatd1"&gt;1-Fulano de Tal (652.392.539-00)&lt;/td&gt;
		&lt;td class="tabelatd1"&gt;1&lt;/td&gt;
		&lt;td class="tabelatd1"&gt;Patrimonial&lt;/td&gt;
&lt;th class="tabelatd1" border="1"&gt;&lt;a class="noPrint" href="?class=BaixarParcela&amp;id=183"&gt;[Baixar&amp;nbsp;parcela] &lt;/a&gt;&lt;a class="noPrint" href="?class=ImprimirParcela&amp;id=183"&gt;[Imprimir&amp;nbsp;parcela] &lt;/a&gt;&lt;/th&gt;
	&lt;/tr&gt;
	&lt;tr&gt;
		&lt;td class="tabelatd2"&gt;203&lt;/td&gt;
		&lt;td class="tabelatd2"&gt;Tipo Cobranca&lt;/td&gt;
		&lt;td class="tabelatd2"&gt;11/10/2018&lt;/td&gt;
		&lt;td class="tabelatd2"&gt;110.00&lt;/td&gt;
		&lt;td class="tabelatd2"&gt;0.00&lt;/td&gt;
		&lt;td class="tabelatd2"&gt;Em aberto&lt;/td&gt;
		&lt;td class="tabelatd2"&gt;1-Fulano de Tal (652.392.539-00)&lt;/td&gt;
		&lt;td class="tabelatd2"&gt;1&lt;/td&gt;
		&lt;td class="tabelatd2"&gt;Patrimonial&lt;/td&gt;
&lt;th class="tabelatd2" border="1"&gt;&lt;a class="noPrint" href="?class=BaixarParcela&amp;id=203"&gt;[Baixar&amp;nbsp;parcela] &lt;/a&gt;&lt;a class="noPrint" href="?class=ImprimirParcela&amp;id=203"&gt;[Imprimir&amp;nbsp;parcela] &lt;/a&gt;&lt;/th&gt;
	&lt;/tr&gt;
	&lt;tr&gt;
		&lt;td class="tabelatd1"&gt;223&lt;/td&gt;
		&lt;td class="tabelatd1"&gt;Tipo Cobranca&lt;/td&gt;
		&lt;td class="tabelatd1"&gt;11/10/2018&lt;/td&gt;
		&lt;td class="tabelatd1"&gt;110.00&lt;/td&gt;
		&lt;td class="tabelatd1"&gt;0.00&lt;/td&gt;
		&lt;td class="tabelatd1"&gt;Em aberto&lt;/td&gt;
		&lt;td class="tabelatd1"&gt;1-Fulano de Tal (652.392.539-00)&lt;/td&gt;
		&lt;td class="tabelatd1"&gt;1&lt;/td&gt;
		&lt;td class="tabelatd1"&gt;Patrimonial&lt;/td&gt;
&lt;th class="tabelatd1" border="1"&gt;&lt;a class="noPrint" href="?class=BaixarParcela&amp;id=223"&gt;[Baixar&amp;nbsp;parcela] &lt;/a&gt;&lt;a class="noPrint" href="?class=ImprimirParcela&amp;id=223"&gt;[Imprimir&amp;nbsp;parcela] &lt;/a&gt;&lt;/th&gt;
	&lt;/tr&gt;
	&lt;tr&gt;
		&lt;td class="tabelatd2"&gt;247&lt;/td&gt;
		&lt;td class="tabelatd2"&gt;Tipo Cobranca&lt;/td&gt;
		&lt;td class="tabelatd2"&gt;11/10/2018&lt;/td&gt;
		&lt;td class="tabelatd2"&gt;110.00&lt;/td&gt;
		&lt;td class="tabelatd2"&gt;0.00&lt;/td&gt;
		&lt;td class="tabelatd2"&gt;Em aberto&lt;/td&gt;
		&lt;td class="tabelatd2"&gt;1-Fulano de Tal (652.392.539-00)&lt;/td&gt;
		&lt;td class="tabelatd2"&gt;1&lt;/td&gt;
		&lt;td class="tabelatd2"&gt;Patrimonial&lt;/td&gt;
&lt;th class="tabelatd2" border="1"&gt;&lt;a class="noPrint" href="?class=BaixarParcela&amp;id=247"&gt;[Baixar&amp;nbsp;parcela] &lt;/a&gt;&lt;a class="noPrint" href="?class=ImprimirParcela&amp;id=247"&gt;[Imprimir&amp;nbsp;parcela] &lt;/a&gt;&lt;/th&gt;
	&lt;/tr&gt;
	&lt;tr&gt;
		&lt;td class="tabelatd1"&gt;139&lt;/td&gt;
		&lt;td class="tabelatd1"&gt;Tipo Cobranca&lt;/td&gt;
		&lt;td class="tabelatd1"&gt;11/10/2018&lt;/td&gt;
		&lt;td class="tabelatd1"&gt;110.00&lt;/td&gt;
		&lt;td class="tabelatd1"&gt;0.00&lt;/td&gt;
		&lt;td class="tabelatd1"&gt;Em aberto&lt;/td&gt;
		&lt;td class="tabelatd1"&gt;1-Fulano de Tal (652.392.539-00)&lt;/td&gt;
		&lt;td class="tabelatd1"&gt;1&lt;/td&gt;
		&lt;td class="tabelatd1"&gt;Patrimonial&lt;/td&gt;
&lt;th class="tabelatd1" border="1"&gt;&lt;a class="noPrint" href="?class=BaixarParcela&amp;id=139"&gt;[Baixar&amp;nbsp;parcela] &lt;/a&gt;&lt;a class="noPrint" href="?class=ImprimirParcela&amp;id=139"&gt;[Imprimir&amp;nbsp;parcela] &lt;/a&gt;&lt;/th&gt;
	&lt;/tr&gt;
	&lt;tr&gt;
		&lt;td class="tabelatd2"&gt;164&lt;/td&gt;
		&lt;td class="tabelatd2"&gt;Tipo Cobranca&lt;/td&gt;
		&lt;td class="tabelatd2"&gt;11/10/2018&lt;/td&gt;
		&lt;td class="tabelatd2"&gt;110.00&lt;/td&gt;
		&lt;td class="tabelatd2"&gt;0.00&lt;/td&gt;
		&lt;td class="tabelatd2"&gt;Em aberto&lt;/td&gt;
		&lt;td class="tabelatd2"&gt;1-Fulano de Tal (652.392.539-00)&lt;/td&gt;
		&lt;td class="tabelatd2"&gt;1&lt;/td&gt;
		&lt;td class="tabelatd2"&gt;Patrimonial&lt;/td&gt;
&lt;th class="tabelatd2" border="1"&gt;&lt;a class="noPrint" href="?class=BaixarParcela&amp;id=164"&gt;[Baixar&amp;nbsp;parcela] &lt;/a&gt;&lt;a class="noPrint" href="?class=ImprimirParcela&amp;id=164"&gt;[Imprimir&amp;nbsp;parcela] &lt;/a&gt;&lt;/th&gt;
	&lt;/tr&gt;
	&lt;tr&gt;
		&lt;td class="tabelatd1"&gt;184&lt;/td&gt;
		&lt;td class="tabelatd1"&gt;Tipo Cobranca&lt;/td&gt;
		&lt;td class="tabelatd1"&gt;11/10/2018&lt;/td&gt;
		&lt;td class="tabelatd1"&gt;110.00&lt;/td&gt;
		&lt;td class="tabelatd1"&gt;0.00&lt;/td&gt;
		&lt;td class="tabelatd1"&gt;Em aberto&lt;/td&gt;
		&lt;td class="tabelatd1"&gt;1-Fulano de Tal (652.392.539-00)&lt;/td&gt;
		&lt;td class="tabelatd1"&gt;1&lt;/td&gt;
		&lt;td class="tabelatd1"&gt;Patrimonial&lt;/td&gt;
&lt;th class="tabelatd1" border="1"&gt;&lt;a class="noPrint" href="?class=BaixarParcela&amp;id=184"&gt;[Baixar&amp;nbsp;parcela] &lt;/a&gt;&lt;a class="noPrint" href="?class=ImprimirParcela&amp;id=184"&gt;[Imprimir&amp;nbsp;parcela] &lt;/a&gt;&lt;/th&gt;
	&lt;/tr&gt;
	&lt;tr&gt;
		&lt;td class="tabelatd2"&gt;204&lt;/td&gt;
		&lt;td class="tabelatd2"&gt;Tipo Cobranca&lt;/td&gt;
		&lt;td class="tabelatd2"&gt;11/10/2018&lt;/td&gt;
		&lt;td class="tabelatd2"&gt;110.00&lt;/td&gt;
		&lt;td class="tabelatd2"&gt;0.00&lt;/td&gt;
		&lt;td class="tabelatd2"&gt;Em aberto&lt;/td&gt;
		&lt;td class="tabelatd2"&gt;1-Fulano de Tal (652.392.539-00)&lt;/td&gt;
		&lt;td class="tabelatd2"&gt;1&lt;/td&gt;
		&lt;td class="tabelatd2"&gt;Patrimonial&lt;/td&gt;
&lt;th class="tabelatd2" border="1"&gt;&lt;a class="noPrint" href="?class=BaixarParcela&amp;id=204"&gt;[Baixar&amp;nbsp;parcela] &lt;/a&gt;&lt;a class="noPrint" href="?class=ImprimirParcela&amp;id=204"&gt;[Imprimir&amp;nbsp;parcela] &lt;/a&gt;&lt;/th&gt;
	&lt;/tr&gt;
	&lt;tr&gt;
		&lt;td class="tabelatd1"&gt;224&lt;/td&gt;
		&lt;td class="tabelatd1"&gt;Tipo Cobranca&lt;/td&gt;
		&lt;td class="tabelatd1"&gt;11/10/2018&lt;/td&gt;
		&lt;td class="tabelatd1"&gt;110.00&lt;/td&gt;
		&lt;td class="tabelatd1"&gt;0.00&lt;/td&gt;
		&lt;td class="tabelatd1"&gt;Em aberto&lt;/td&gt;
		&lt;td class="tabelatd1"&gt;1-Fulano de Tal (652.392.539-00)&lt;/td&gt;
		&lt;td class="tabelatd1"&gt;1&lt;/td&gt;
		&lt;td class="tabelatd1"&gt;Patrimonial&lt;/td&gt;
&lt;th class="tabelatd1" border="1"&gt;&lt;a class="noPrint" href="?class=BaixarParcela&amp;id=224"&gt;[Baixar&amp;nbsp;parcela] &lt;/a&gt;&lt;a class="noPrint" href="?class=ImprimirParcela&amp;id=224"&gt;[Imprimir&amp;nbsp;parcela] &lt;/a&gt;&lt;/th&gt;
	&lt;/tr&gt;
	&lt;tr&gt;
		&lt;td class="tabelatd2"&gt;248&lt;/td&gt;
		&lt;td class="tabelatd2"&gt;Tipo Cobranca&lt;/td&gt;
		&lt;td class="tabelatd2"&gt;11/10/2018&lt;/td&gt;
		&lt;td class="tabelatd2"&gt;110.00&lt;/td&gt;
		&lt;td class="tabelatd2"&gt;0.00&lt;/td&gt;
		&lt;td class="tabelatd2"&gt;Em aberto&lt;/td&gt;
		&lt;td class="tabelatd2"&gt;1-Fulano de Tal (652.392.539-00)&lt;/td&gt;
		&lt;td class="tabelatd2"&gt;1&lt;/td&gt;
		&lt;td class="tabelatd2"&gt;Patrimonial&lt;/td&gt;
&lt;th class="tabelatd2" border="1"&gt;&lt;a class="noPrint" href="?class=BaixarParcela&amp;id=248"&gt;[Baixar&amp;nbsp;parcela] &lt;/a&gt;&lt;a class="noPrint" href="?class=ImprimirParcela&amp;id=248"&gt;[Imprimir&amp;nbsp;parcela] &lt;/a&gt;&lt;/th&gt;
	&lt;/tr&gt;
	&lt;tr&gt;
		&lt;td class="tabelatd1"&gt;165&lt;/td&gt;
		&lt;td class="tabelatd1"&gt;Tipo Cobranca&lt;/td&gt;
		&lt;td class="tabelatd1"&gt;11/10/2018&lt;/td&gt;
		&lt;td class="tabelatd1"&gt;110.00&lt;/td&gt;
		&lt;td class="tabelatd1"&gt;0.00&lt;/td&gt;
		&lt;td class="tabelatd1"&gt;Em aberto&lt;/td&gt;
		&lt;td class="tabelatd1"&gt;1-Fulano de Tal (652.392.539-00)&lt;/td&gt;
		&lt;td class="tabelatd1"&gt;1&lt;/td&gt;
		&lt;td class="tabelatd1"&gt;Patrimonial&lt;/td&gt;
&lt;th class="tabelatd1" border="1"&gt;&lt;a class="noPrint" href="?class=BaixarParcela&amp;id=165"&gt;[Baixar&amp;nbsp;parcela] &lt;/a&gt;&lt;a class="noPrint" href="?class=ImprimirParcela&amp;id=165"&gt;[Imprimir&amp;nbsp;parcela] &lt;/a&gt;&lt;/th&gt;
	&lt;/tr&gt;
	&lt;tr&gt;
		&lt;td class="tabelatd2"&gt;185&lt;/td&gt;
		&lt;td class="tabelatd2"&gt;Tipo Cobranca&lt;/td&gt;
		&lt;td class="tabelatd2"&gt;11/10/2018&lt;/td&gt;
		&lt;td class="tabelatd2"&gt;110.00&lt;/td&gt;
		&lt;td class="tabelatd2"&gt;0.00&lt;/td&gt;
		&lt;td class="tabelatd2"&gt;Em aberto&lt;/td&gt;
		&lt;td class="tabelatd2"&gt;1-Fulano de Tal (652.392.539-00)&lt;/td&gt;
		&lt;td class="tabelatd2"&gt;1&lt;/td&gt;
		&lt;td class="tabelatd2"&gt;Patrimonial&lt;/td&gt;
&lt;th class="tabelatd2" border="1"&gt;&lt;a class="noPrint" href="?class=BaixarParcela&amp;id=185"&gt;[Baixar&amp;nbsp;parcela] &lt;/a&gt;&lt;a class="noPrint" href="?class=ImprimirParcela&amp;id=185"&gt;[Imprimir&amp;nbsp;parcela] &lt;/a&gt;&lt;/th&gt;
	&lt;/tr&gt;
	&lt;tr&gt;
		&lt;td class="tabelatd1"&gt;205&lt;/td&gt;
		&lt;td class="tabelatd1"&gt;Tipo Cobranca&lt;/td&gt;
		&lt;td class="tabelatd1"&gt;11/10/2018&lt;/td&gt;
		&lt;td class="tabelatd1"&gt;110.00&lt;/td&gt;
		&lt;td class="tabelatd1"&gt;0.00&lt;/td&gt;
		&lt;td class="tabelatd1"&gt;Em aberto&lt;/td&gt;
		&lt;td class="tabelatd1"&gt;1-Fulano de Tal (652.392.539-00)&lt;/td&gt;
		&lt;td class="tabelatd1"&gt;1&lt;/td&gt;
		&lt;td class="tabelatd1"&gt;Patrimonial&lt;/td&gt;
&lt;th class="tabelatd1" border="1"&gt;&lt;a class="noPrint" href="?class=BaixarParcela&amp;id=205"&gt;[Baixar&amp;nbsp;parcela] &lt;/a&gt;&lt;a class="noPrint" href="?class=ImprimirParcela&amp;id=205"&gt;[Imprimir&amp;nbsp;parcela] &lt;/a&gt;&lt;/th&gt;
	&lt;/tr&gt;
	&lt;tr&gt;
		&lt;td class="tabelatd2"&gt;225&lt;/td&gt;
		&lt;td class="tabelatd2"&gt;Tipo Cobranca&lt;/td&gt;
		&lt;td class="tabelatd2"&gt;11/10/2018&lt;/td&gt;
		&lt;td class="tabelatd2"&gt;110.00&lt;/td&gt;
		&lt;td class="tabelatd2"&gt;0.00&lt;/td&gt;
		&lt;td class="tabelatd2"&gt;Em aberto&lt;/td&gt;
		&lt;td class="tabelatd2"&gt;1-Fulano de Tal (652.392.539-00)&lt;/td&gt;
		&lt;td class="tabelatd2"&gt;1&lt;/td&gt;
		&lt;td class="tabelatd2"&gt;Patrimonial&lt;/td&gt;
&lt;th class="tabelatd2" border="1"&gt;&lt;a class="noPrint" href="?class=BaixarParcela&amp;id=225"&gt;[Baixar&amp;nbsp;parcela] &lt;/a&gt;&lt;a class="noPrint" href="?class=ImprimirParcela&amp;id=225"&gt;[Imprimir&amp;nbsp;parcela] &lt;/a&gt;&lt;/th&gt;
	&lt;/tr&gt;
	&lt;tr&gt;
		&lt;td class="tabelatd1"&gt;249&lt;/td&gt;
		&lt;td class="tabelatd1"&gt;Tipo Cobranca&lt;/td&gt;
		&lt;td class="tabelatd1"&gt;11/10/2018&lt;/td&gt;
		&lt;td class="tabelatd1"&gt;110.00&lt;/td&gt;
		&lt;td class="tabelatd1"&gt;0.00&lt;/td&gt;
		&lt;td class="tabelatd1"&gt;Em aberto&lt;/td&gt;
		&lt;td class="tabelatd1"&gt;1-Fulano de Tal (652.392.539-00)&lt;/td&gt;
		&lt;td class="tabelatd1"&gt;1&lt;/td&gt;
		&lt;td class="tabelatd1"&gt;Patrimonial&lt;/td&gt;
&lt;th class="tabelatd1" border="1"&gt;&lt;a class="noPrint" href="?class=BaixarParcela&amp;id=249"&gt;[Baixar&amp;nbsp;parcela] &lt;/a&gt;&lt;a class="noPrint" href="?class=ImprimirParcela&amp;id=249"&gt;[Imprimir&amp;nbsp;parcela] &lt;/a&gt;&lt;/th&gt;
	&lt;/tr&gt;
	&lt;tr&gt;
		&lt;td class="tabelatd2"&gt;265&lt;/td&gt;
		&lt;td class="tabelatd2"&gt;Tipo Cobranca&lt;/td&gt;
		&lt;td class="tabelatd2"&gt;11/10/2018&lt;/td&gt;
		&lt;td class="tabelatd2"&gt;110.00&lt;/td&gt;
		&lt;td class="tabelatd2"&gt;0.00&lt;/td&gt;
		&lt;td class="tabelatd2"&gt;Em aberto&lt;/td&gt;
		&lt;td class="tabelatd2"&gt;1-Fulano de Tal (652.392.539-00)&lt;/td&gt;
		&lt;td class="tabelatd2"&gt;1&lt;/td&gt;
		&lt;td class="tabelatd2"&gt;Patrimonial&lt;/td&gt;
&lt;th class="tabelatd2" border="1"&gt;&lt;a class="noPrint" href="?class=BaixarParcela&amp;id=265"&gt;[Baixar&amp;nbsp;parcela] &lt;/a&gt;&lt;a class="noPrint" href="?class=ImprimirParcela&amp;id=265"&gt;[Imprimir&amp;nbsp;parcela] &lt;/a&gt;&lt;/th&gt;
	&lt;/tr&gt;
	&lt;tr&gt;
		&lt;td class="tabelatd1"&gt;291&lt;/td&gt;
		&lt;td class="tabelatd1"&gt;Tipo Cobranca&lt;/td&gt;
		&lt;td class="tabelatd1"&gt;11/10/2018&lt;/td&gt;
		&lt;td class="tabelatd1"&gt;110.00&lt;/td&gt;
		&lt;td class="tabelatd1"&gt;0.00&lt;/td&gt;
		&lt;td class="tabelatd1"&gt;Em aberto&lt;/td&gt;
		&lt;td class="tabelatd1"&gt;1-Fulano de Tal (652.392.539-00)&lt;/td&gt;
		&lt;td class="tabelatd1"&gt;1&lt;/td&gt;
		&lt;td class="tabelatd1"&gt;Patrimonial&lt;/td&gt;
&lt;th class="tabelatd1" border="1"&gt;&lt;a class="noPrint" href="?class=BaixarParcela&amp;id=291"&gt;[Baixar&amp;nbsp;parcela] &lt;/a&gt;&lt;a class="noPrint" href="?class=ImprimirParcela&amp;id=291"&gt;[Imprimir&amp;nbsp;parcela] &lt;/a&gt;&lt;/th&gt;
	&lt;/tr&gt;
	&lt;tr&gt;
		&lt;td class="tabelatd2"&gt;319&lt;/td&gt;
		&lt;td class="tabelatd2"&gt;Tipo Cobranca&lt;/td&gt;
		&lt;td class="tabelatd2"&gt;11/10/2018&lt;/td&gt;
		&lt;td class="tabelatd2"&gt;110.00&lt;/td&gt;
		&lt;td class="tabelatd2"&gt;0.00&lt;/td&gt;
		&lt;td class="tabelatd2"&gt;Em aberto&lt;/td&gt;
		&lt;td class="tabelatd2"&gt;1-Fulano de Tal (652.392.539-00)&lt;/td&gt;
		&lt;td class="tabelatd2"&gt;1&lt;/td&gt;
		&lt;td class="tabelatd2"&gt;Patrimonial&lt;/td&gt;
&lt;th class="tabelatd2" border="1"&gt;&lt;a class="noPrint" href="?class=BaixarParcela&amp;id=319"&gt;[Baixar&amp;nbsp;parcela] &lt;/a&gt;&lt;a class="noPrint" href="?class=ImprimirParcela&amp;id=319"&gt;[Imprimir&amp;nbsp;parcela] &lt;/a&gt;&lt;/th&gt;
	&lt;/tr&gt;
	&lt;tr&gt;
		&lt;td class="tabelatd1"&gt;349&lt;/td&gt;
		&lt;td class="tabelatd1"&gt;Tipo Cobranca&lt;/td&gt;
		&lt;td class="tabelatd1"&gt;11/10/2018&lt;/td&gt;
		&lt;td class="tabelatd1"&gt;110.00&lt;/td&gt;
		&lt;td class="tabelatd1"&gt;0.00&lt;/td&gt;
		&lt;td class="tabelatd1"&gt;Em aberto&lt;/td&gt;
		&lt;td class="tabelatd1"&gt;1-Fulano de Tal (652.392.539-00)&lt;/td&gt;
		&lt;td class="tabelatd1"&gt;1&lt;/td&gt;
		&lt;td class="tabelatd1"&gt;Patrimonial&lt;/td&gt;
&lt;th class="tabelatd1" border="1"&gt;&lt;a class="noPrint" href="?class=BaixarParcela&amp;id=349"&gt;[Baixar&amp;nbsp;parcela] &lt;/a&gt;&lt;a class="noPrint" href="?class=ImprimirParcela&amp;id=349"&gt;[Imprimir&amp;nbsp;parcela] &lt;/a&gt;&lt;/th&gt;
	&lt;/tr&gt;
	&lt;tr&gt;
		&lt;td class="tabelatd2"&gt;381&lt;/td&gt;
		&lt;td class="tabelatd2"&gt;Tipo Cobranca&lt;/td&gt;
		&lt;td class="tabelatd2"&gt;11/10/2018&lt;/td&gt;
		&lt;td class="tabelatd2"&gt;110.00&lt;/td&gt;
		&lt;td class="tabelatd2"&gt;0.00&lt;/td&gt;
		&lt;td class="tabelatd2"&gt;Em aberto&lt;/td&gt;
		&lt;td class="tabelatd2"&gt;1-Fulano de Tal (652.392.539-00)&lt;/td&gt;
		&lt;td class="tabelatd2"&gt;1&lt;/td&gt;
		&lt;td class="tabelatd2"&gt;Patrimonial&lt;/td&gt;
&lt;th class="tabelatd2" border="1"&gt;&lt;a class="noPrint" href="?class=BaixarParcela&amp;id=381"&gt;[Baixar&amp;nbsp;parcela] &lt;/a&gt;&lt;a class="noPrint" href="?class=ImprimirParcela&amp;id=381"&gt;[Imprimir&amp;nbsp;parcela] &lt;/a&gt;&lt;/th&gt;
	&lt;/tr&gt;
	&lt;tr&gt;
		&lt;td class="tabelatd1"&gt;415&lt;/td&gt;
		&lt;td class="tabelatd1"&gt;Tipo Cobranca&lt;/td&gt;
		&lt;td class="tabelatd1"&gt;11/10/2018&lt;/td&gt;
		&lt;td class="tabelatd1"&gt;110.00&lt;/td&gt;
		&lt;td class="tabelatd1"&gt;0.00&lt;/td&gt;
		&lt;td class="tabelatd1"&gt;Em aberto&lt;/td&gt;
		&lt;td class="tabelatd1"&gt;1-Fulano de Tal (652.392.539-00)&lt;/td&gt;
		&lt;td class="tabelatd1"&gt;1&lt;/td&gt;
		&lt;td class="tabelatd1"&gt;Patrimonial&lt;/td&gt;
&lt;th class="tabelatd1" border="1"&gt;&lt;a class="noPrint" href="?class=BaixarParcela&amp;id=415"&gt;[Baixar&amp;nbsp;parcela] &lt;/a&gt;&lt;a class="noPrint" href="?class=ImprimirParcela&amp;id=415"&gt;[Imprimir&amp;nbsp;parcela] &lt;/a&gt;&lt;/th&gt;
	&lt;/tr&gt;
	&lt;tr&gt;
		&lt;td class="tabelatd2"&gt;451&lt;/td&gt;
		&lt;td class="tabelatd2"&gt;Tipo Cobranca&lt;/td&gt;
		&lt;td class="tabelatd2"&gt;11/10/2018&lt;/td&gt;
		&lt;td class="tabelatd2"&gt;110.00&lt;/td&gt;
		&lt;td class="tabelatd2"&gt;0.00&lt;/td&gt;
		&lt;td class="tabelatd2"&gt;Em aberto&lt;/td&gt;
		&lt;td class="tabelatd2"&gt;1-Fulano de Tal (652.392.539-00)&lt;/td&gt;
		&lt;td class="tabelatd2"&gt;1&lt;/td&gt;
		&lt;td class="tabelatd2"&gt;Patrimonial&lt;/td&gt;
&lt;th class="tabelatd2" border="1"&gt;&lt;a class="noPrint" href="?class=BaixarParcela&amp;id=451"&gt;[Baixar&amp;nbsp;parcela] &lt;/a&gt;&lt;a class="noPrint" href="?class=ImprimirParcela&amp;id=451"&gt;[Imprimir&amp;nbsp;parcela] &lt;/a&gt;&lt;/th&gt;
	&lt;/tr&gt;
	&lt;tr&gt;
		&lt;td class="tabelatd1"&gt;268&lt;/td&gt;
		&lt;td class="tabelatd1"&gt;Tipo Cobranca&lt;/td&gt;
		&lt;td class="tabelatd1"&gt;11/10/2018&lt;/td&gt;
		&lt;td class="tabelatd1"&gt;110.00&lt;/td&gt;
		&lt;td class="tabelatd1"&gt;0.00&lt;/td&gt;
		&lt;td class="tabelatd1"&gt;Em aberto&lt;/td&gt;
		&lt;td class="tabelatd1"&gt;1-Fulano de Tal (652.392.539-00)&lt;/td&gt;
		&lt;td class="tabelatd1"&gt;1&lt;/td&gt;
		&lt;td class="tabelatd1"&gt;Patrimonial&lt;/td&gt;
&lt;th class="tabelatd1" border="1"&gt;&lt;a class="noPrint" href="?class=BaixarParcela&amp;id=268"&gt;[Baixar&amp;nbsp;parcela] &lt;/a&gt;&lt;a class="noPrint" href="?class=ImprimirParcela&amp;id=268"&gt;[Imprimir&amp;nbsp;parcela] &lt;/a&gt;&lt;/th&gt;
	&lt;/tr&gt;
	&lt;tr&gt;
		&lt;td class="tabelatd2"&gt;294&lt;/td&gt;
		&lt;td class="tabelatd2"&gt;Tipo Cobranca&lt;/td&gt;
		&lt;td class="tabelatd2"&gt;11/10/2018&lt;/td&gt;
		&lt;td class="tabelatd2"&gt;110.00&lt;/td&gt;
		&lt;td class="tabelatd2"&gt;0.00&lt;/td&gt;
		&lt;td class="tabelatd2"&gt;Em aberto&lt;/td&gt;
		&lt;td class="tabelatd2"&gt;1-Fulano de Tal (652.392.539-00)&lt;/td&gt;
		&lt;td class="tabelatd2"&gt;1&lt;/td&gt;
		&lt;td class="tabelatd2"&gt;Patrimonial&lt;/td&gt;
&lt;th class="tabelatd2" border="1"&gt;&lt;a class="noPrint" href="?class=BaixarParcela&amp;id=294"&gt;[Baixar&amp;nbsp;parcela] &lt;/a&gt;&lt;a class="noPrint" href="?class=ImprimirParcela&amp;id=294"&gt;[Imprimir&amp;nbsp;parcela] &lt;/a&gt;&lt;/th&gt;
	&lt;/tr&gt;
	&lt;tr&gt;
		&lt;td class="tabelatd1"&gt;322&lt;/td&gt;
		&lt;td class="tabelatd1"&gt;Tipo Cobranca&lt;/td&gt;
		&lt;td class="tabelatd1"&gt;11/10/2018&lt;/td&gt;
		&lt;td class="tabelatd1"&gt;110.00&lt;/td&gt;
		&lt;td class="tabelatd1"&gt;0.00&lt;/td&gt;
		&lt;td class="tabelatd1"&gt;Em aberto&lt;/td&gt;
		&lt;td class="tabelatd1"&gt;1-Fulano de Tal (652.392.539-00)&lt;/td&gt;
		&lt;td class="tabelatd1"&gt;1&lt;/td&gt;
		&lt;td class="tabelatd1"&gt;Patrimonial&lt;/td&gt;
&lt;th class="tabelatd1" border="1"&gt;&lt;a class="noPrint" href="?class=BaixarParcela&amp;id=322"&gt;[Baixar&amp;nbsp;parcela] &lt;/a&gt;&lt;a class="noPrint" href="?class=ImprimirParcela&amp;id=322"&gt;[Imprimir&amp;nbsp;parcela] &lt;/a&gt;&lt;/th&gt;
	&lt;/tr&gt;
	&lt;tr&gt;
		&lt;td class="tabelatd2"&gt;352&lt;/td&gt;
		&lt;td class="tabelatd2"&gt;Tipo Cobranca&lt;/td&gt;
		&lt;td class="tabelatd2"&gt;11/10/2018&lt;/td&gt;
		&lt;td class="tabelatd2"&gt;110.00&lt;/td&gt;
		&lt;td class="tabelatd2"&gt;0.00&lt;/td&gt;
		&lt;td class="tabelatd2"&gt;Em aberto&lt;/td&gt;
		&lt;td class="tabelatd2"&gt;1-Fulano de Tal (652.392.539-00)&lt;/td&gt;
		&lt;td class="tabelatd2"&gt;1&lt;/td&gt;
		&lt;td class="tabelatd2"&gt;Patrimonial&lt;/td&gt;
&lt;th class="tabelatd2" border="1"&gt;&lt;a class="noPrint" href="?class=BaixarParcela&amp;id=352"&gt;[Baixar&amp;nbsp;parcela] &lt;/a&gt;&lt;a class="noPrint" href="?class=ImprimirParcela&amp;id=352"&gt;[Imprimir&amp;nbsp;parcela] &lt;/a&gt;&lt;/th&gt;
	&lt;/tr&gt;
	&lt;tr&gt;
		&lt;td class="tabelatd1"&gt;384&lt;/td&gt;
		&lt;td class="tabelatd1"&gt;Tipo Cobranca&lt;/td&gt;
		&lt;td class="tabelatd1"&gt;11/10/2018&lt;/td&gt;
		&lt;td class="tabelatd1"&gt;110.00&lt;/td&gt;
		&lt;td class="tabelatd1"&gt;0.00&lt;/td&gt;
		&lt;td class="tabelatd1"&gt;Em aberto&lt;/td&gt;
		&lt;td class="tabelatd1"&gt;1-Fulano de Tal (652.392.539-00)&lt;/td&gt;
		&lt;td class="tabelatd1"&gt;1&lt;/td&gt;
		&lt;td class="tabelatd1"&gt;Patrimonial&lt;/td&gt;
&lt;th class="tabelatd1" border="1"&gt;&lt;a class="noPrint" href="?class=BaixarParcela&amp;id=384"&gt;[Baixar&amp;nbsp;parcela] &lt;/a&gt;&lt;a class="noPrint" href="?class=ImprimirParcela&amp;id=384"&gt;[Imprimir&amp;nbsp;parcela] &lt;/a&gt;&lt;/th&gt;
	&lt;/tr&gt;
	&lt;tr&gt;
		&lt;td class="tabelatd2"&gt;418&lt;/td&gt;
		&lt;td class="tabelatd2"&gt;Tipo Cobranca&lt;/td&gt;
		&lt;td class="tabelatd2"&gt;11/10/2018&lt;/td&gt;
		&lt;td class="tabelatd2"&gt;110.00&lt;/td&gt;
		&lt;td class="tabelatd2"&gt;0.00&lt;/td&gt;
		&lt;td class="tabelatd2"&gt;Em aberto&lt;/td&gt;
		&lt;td class="tabelatd2"&gt;1-Fulano de Tal (652.392.539-00)&lt;/td&gt;
		&lt;td class="tabelatd2"&gt;1&lt;/td&gt;
		&lt;td class="tabelatd2"&gt;Patrimonial&lt;/td&gt;
&lt;th class="tabelatd2" border="1"&gt;&lt;a class="noPrint" href="?class=BaixarParcela&amp;id=418"&gt;[Baixar&amp;nbsp;parcela] &lt;/a&gt;&lt;a class="noPrint" href="?class=ImprimirParcela&amp;id=418"&gt;[Imprimir&amp;nbsp;parcela] &lt;/a&gt;&lt;/th&gt;
	&lt;/tr&gt;
	&lt;tr&gt;
		&lt;td class="tabelatd1"&gt;454&lt;/td&gt;
		&lt;td class="tabelatd1"&gt;Tipo Cobranca&lt;/td&gt;
		&lt;td class="tabelatd1"&gt;11/10/2018&lt;/td&gt;
		&lt;td class="tabelatd1"&gt;110.00&lt;/td&gt;
		&lt;td class="tabelatd1"&gt;0.00&lt;/td&gt;
		&lt;td class="tabelatd1"&gt;Em aberto&lt;/td&gt;
		&lt;td class="tabelatd1"&gt;1-Fulano de Tal (652.392.539-00)&lt;/td&gt;
		&lt;td class="tabelatd1"&gt;1&lt;/td&gt;
		&lt;td class="tabelatd1"&gt;Patrimonial&lt;/td&gt;
&lt;th class="tabelatd1" border="1"&gt;&lt;a class="noPrint" href="?class=BaixarParcela&amp;id=454"&gt;[Baixar&amp;nbsp;parcela] &lt;/a&gt;&lt;a class="noPrint" href="?class=ImprimirParcela&amp;id=454"&gt;[Imprimir&amp;nbsp;parcela] &lt;/a&gt;&lt;/th&gt;
	&lt;/tr&gt;
	&lt;tr&gt;
		&lt;td class="tabelatd2"&gt;269&lt;/td&gt;
		&lt;td class="tabelatd2"&gt;Tipo Cobranca&lt;/td&gt;
		&lt;td class="tabelatd2"&gt;11/10/2018&lt;/td&gt;
		&lt;td class="tabelatd2"&gt;110.00&lt;/td&gt;
		&lt;td class="tabelatd2"&gt;0.00&lt;/td&gt;
		&lt;td class="tabelatd2"&gt;Em aberto&lt;/td&gt;
		&lt;td class="tabelatd2"&gt;1-Fulano de Tal (652.392.539-00)&lt;/td&gt;
		&lt;td class="tabelatd2"&gt;1&lt;/td&gt;
		&lt;td class="tabelatd2"&gt;Patrimonial&lt;/td&gt;
&lt;th class="tabelatd2" border="1"&gt;&lt;a class="noPrint" href="?class=BaixarParcela&amp;id=269"&gt;[Baixar&amp;nbsp;parcela] &lt;/a&gt;&lt;a class="noPrint" href="?class=ImprimirParcela&amp;id=269"&gt;[Imprimir&amp;nbsp;parcela] &lt;/a&gt;&lt;/th&gt;
	&lt;/tr&gt;
	&lt;tr&gt;
		&lt;td class="tabelatd1"&gt;295&lt;/td&gt;
		&lt;td class="tabelatd1"&gt;Tipo Cobranca&lt;/td&gt;
		&lt;td class="tabelatd1"&gt;11/10/2018&lt;/td&gt;
		&lt;td class="tabelatd1"&gt;110.00&lt;/td&gt;
		&lt;td class="tabelatd1"&gt;0.00&lt;/td&gt;
		&lt;td class="tabelatd1"&gt;Em aberto&lt;/td&gt;
		&lt;td class="tabelatd1"&gt;1-Fulano de Tal (652.392.539-00)&lt;/td&gt;
		&lt;td class="tabelatd1"&gt;1&lt;/td&gt;
		&lt;td class="tabelatd1"&gt;Patrimonial&lt;/td&gt;
&lt;th class="tabelatd1" border="1"&gt;&lt;a class="noPrint" href="?class=BaixarParcela&amp;id=295"&gt;[Baixar&amp;nbsp;parcela] &lt;/a&gt;&lt;a class="noPrint" href="?class=ImprimirParcela&amp;id=295"&gt;[Imprimir&amp;nbsp;parcela] &lt;/a&gt;&lt;/th&gt;
	&lt;/tr&gt;
	&lt;tr&gt;
		&lt;td class="tabelatd2"&gt;323&lt;/td&gt;
		&lt;td class="tabelatd2"&gt;Tipo Cobranca&lt;/td&gt;
		&lt;td class="tabelatd2"&gt;11/10/2018&lt;/td&gt;
		&lt;td class="tabelatd2"&gt;110.00&lt;/td&gt;
		&lt;td class="tabelatd2"&gt;0.00&lt;/td&gt;
		&lt;td class="tabelatd2"&gt;Em aberto&lt;/td&gt;
		&lt;td class="tabelatd2"&gt;1-Fulano de Tal (652.392.539-00)&lt;/td&gt;
		&lt;td class="tabelatd2"&gt;1&lt;/td&gt;
		&lt;td class="tabelatd2"&gt;Patrimonial&lt;/td&gt;
&lt;th class="tabelatd2" border="1"&gt;&lt;a class="noPrint" href="?class=BaixarParcela&amp;id=323"&gt;[Baixar&amp;nbsp;parcela] &lt;/a&gt;&lt;a class="noPrint" href="?class=ImprimirParcela&amp;id=323"&gt;[Imprimir&amp;nbsp;parcela] &lt;/a&gt;&lt;/th&gt;
	&lt;/tr&gt;
	&lt;tr&gt;
		&lt;td class="tabelatd1"&gt;353&lt;/td&gt;
		&lt;td class="tabelatd1"&gt;Tipo Cobranca&lt;/td&gt;
		&lt;td class="tabelatd1"&gt;11/10/2018&lt;/td&gt;
		&lt;td class="tabelatd1"&gt;110.00&lt;/td&gt;
		&lt;td class="tabelatd1"&gt;0.00&lt;/td&gt;
		&lt;td class="tabelatd1"&gt;Em aberto&lt;/td&gt;
		&lt;td class="tabelatd1"&gt;1-Fulano de Tal (652.392.539-00)&lt;/td&gt;
		&lt;td class="tabelatd1"&gt;1&lt;/td&gt;
		&lt;td class="tabelatd1"&gt;Patrimonial&lt;/td&gt;
&lt;th class="tabelatd1" border="1"&gt;&lt;a class="noPrint" href="?class=BaixarParcela&amp;id=353"&gt;[Baixar&amp;nbsp;parcela] &lt;/a&gt;&lt;a class="noPrint" href="?class=ImprimirParcela&amp;id=353"&gt;[Imprimir&amp;nbsp;parcela] &lt;/a&gt;&lt;/th&gt;
	&lt;/tr&gt;
	&lt;tr&gt;
		&lt;td class="tabelatd2"&gt;385&lt;/td&gt;
		&lt;td class="tabelatd2"&gt;Tipo Cobranca&lt;/td&gt;
		&lt;td class="tabelatd2"&gt;11/10/2018&lt;/td&gt;
		&lt;td class="tabelatd2"&gt;110.00&lt;/td&gt;
		&lt;td class="tabelatd2"&gt;0.00&lt;/td&gt;
		&lt;td class="tabelatd2"&gt;Em aberto&lt;/td&gt;
		&lt;td class="tabelatd2"&gt;1-Fulano de Tal (652.392.539-00)&lt;/td&gt;
		&lt;td class="tabelatd2"&gt;1&lt;/td&gt;
		&lt;td class="tabelatd2"&gt;Patrimonial&lt;/td&gt;
&lt;th class="tabelatd2" border="1"&gt;&lt;a class="noPrint" href="?class=BaixarParcela&amp;id=385"&gt;[Baixar&amp;nbsp;parcela] &lt;/a&gt;&lt;a class="noPrint" href="?class=ImprimirParcela&amp;id=385"&gt;[Imprimir&amp;nbsp;parcela] &lt;/a&gt;&lt;/th&gt;
	&lt;/tr&gt;
	&lt;tr&gt;
		&lt;td class="tabelatd1"&gt;419&lt;/td&gt;
		&lt;td class="tabelatd1"&gt;Tipo Cobranca&lt;/td&gt;
		&lt;td class="tabelatd1"&gt;11/10/2018&lt;/td&gt;
		&lt;td class="tabelatd1"&gt;110.00&lt;/td&gt;
		&lt;td class="tabelatd1"&gt;0.00&lt;/td&gt;
		&lt;td class="tabelatd1"&gt;Em aberto&lt;/td&gt;
		&lt;td class="tabelatd1"&gt;1-Fulano de Tal (652.392.539-00)&lt;/td&gt;
		&lt;td class="tabelatd1"&gt;1&lt;/td&gt;
		&lt;td class="tabelatd1"&gt;Patrimonial&lt;/td&gt;
&lt;th class="tabelatd1" border="1"&gt;&lt;a class="noPrint" href="?class=BaixarParcela&amp;id=419"&gt;[Baixar&amp;nbsp;parcela] &lt;/a&gt;&lt;a class="noPrint" href="?class=ImprimirParcela&amp;id=419"&gt;[Imprimir&amp;nbsp;parcela] &lt;/a&gt;&lt;/th&gt;
	&lt;/tr&gt;
	&lt;tr&gt;
		&lt;td class="tabelatd2"&gt;455&lt;/td&gt;
		&lt;td class="tabelatd2"&gt;Tipo Cobranca&lt;/td&gt;
		&lt;td class="tabelatd2"&gt;11/10/2018&lt;/td&gt;
		&lt;td class="tabelatd2"&gt;110.00&lt;/td&gt;
		&lt;td class="tabelatd2"&gt;0.00&lt;/td&gt;
		&lt;td class="tabelatd2"&gt;Em aberto&lt;/td&gt;
		&lt;td class="tabelatd2"&gt;1-Fulano de Tal (652.392.539-00)&lt;/td&gt;
		&lt;td class="tabelatd2"&gt;1&lt;/td&gt;
		&lt;td class="tabelatd2"&gt;Patrimonial&lt;/td&gt;
&lt;th class="tabelatd2" border="1"&gt;&lt;a class="noPrint" href="?class=BaixarParcela&amp;id=455"&gt;[Baixar&amp;nbsp;parcela] &lt;/a&gt;&lt;a class="noPrint" href="?class=ImprimirParcela&amp;id=455"&gt;[Imprimir&amp;nbsp;parcela] &lt;/a&gt;&lt;/th&gt;
	&lt;/tr&gt;
	&lt;tr&gt;
		&lt;td class="tabelatd1"&gt;270&lt;/td&gt;
		&lt;td class="tabelatd1"&gt;Tipo Cobranca&lt;/td&gt;
		&lt;td class="tabelatd1"&gt;11/10/2018&lt;/td&gt;
		&lt;td class="tabelatd1"&gt;110.00&lt;/td&gt;
		&lt;td class="tabelatd1"&gt;0.00&lt;/td&gt;
		&lt;td class="tabelatd1"&gt;Em aberto&lt;/td&gt;
		&lt;td class="tabelatd1"&gt;1-Fulano de Tal (652.392.539-00)&lt;/td&gt;
		&lt;td class="tabelatd1"&gt;1&lt;/td&gt;
		&lt;td class="tabelatd1"&gt;Patrimonial&lt;/td&gt;
&lt;th class="tabelatd1" border="1"&gt;&lt;a class="noPrint" href="?class=BaixarParcela&amp;id=270"&gt;[Baixar&amp;nbsp;parcela] &lt;/a&gt;&lt;a class="noPrint" href="?class=ImprimirParcela&amp;id=270"&gt;[Imprimir&amp;nbsp;parcela] &lt;/a&gt;&lt;/th&gt;
	&lt;/tr&gt;
	&lt;tr&gt;
		&lt;td class="tabelatd2"&gt;296&lt;/td&gt;
		&lt;td class="tabelatd2"&gt;Tipo Cobranca&lt;/td&gt;
		&lt;td class="tabelatd2"&gt;11/10/2018&lt;/td&gt;
		&lt;td class="tabelatd2"&gt;110.00&lt;/td&gt;
		&lt;td class="tabelatd2"&gt;0.00&lt;/td&gt;
		&lt;td class="tabelatd2"&gt;Em aberto&lt;/td&gt;
		&lt;td class="tabelatd2"&gt;1-Fulano de Tal (652.392.539-00)&lt;/td&gt;
		&lt;td class="tabelatd2"&gt;1&lt;/td&gt;
		&lt;td class="tabelatd2"&gt;Patrimonial&lt;/td&gt;
&lt;th class="tabelatd2" border="1"&gt;&lt;a class="noPrint" href="?class=BaixarParcela&amp;id=296"&gt;[Baixar&amp;nbsp;parcela] &lt;/a&gt;&lt;a class="noPrint" href="?class=ImprimirParcela&amp;id=296"&gt;[Imprimir&amp;nbsp;parcela] &lt;/a&gt;&lt;/th&gt;
	&lt;/tr&gt;
	&lt;tr&gt;
		&lt;td class="tabelatd1"&gt;324&lt;/td&gt;
		&lt;td class="tabelatd1"&gt;Tipo Cobranca&lt;/td&gt;
		&lt;td class="tabelatd1"&gt;11/10/2018&lt;/td&gt;
		&lt;td class="tabelatd1"&gt;110.00&lt;/td&gt;
		&lt;td class="tabelatd1"&gt;0.00&lt;/td&gt;
		&lt;td class="tabelatd1"&gt;Em aberto&lt;/td&gt;
		&lt;td class="tabelatd1"&gt;1-Fulano de Tal (652.392.539-00)&lt;/td&gt;
		&lt;td class="tabelatd1"&gt;1&lt;/td&gt;
		&lt;td class="tabelatd1"&gt;Patrimonial&lt;/td&gt;
&lt;th class="tabelatd1" border="1"&gt;&lt;a class="noPrint" href="?class=BaixarParcela&amp;id=324"&gt;[Baixar&amp;nbsp;parcela] &lt;/a&gt;&lt;a class="noPrint" href="?class=ImprimirParcela&amp;id=324"&gt;[Imprimir&amp;nbsp;parcela] &lt;/a&gt;&lt;/th&gt;
	&lt;/tr&gt;
	&lt;tr&gt;
		&lt;td class="tabelatd2"&gt;354&lt;/td&gt;
		&lt;td class="tabelatd2"&gt;Tipo Cobranca&lt;/td&gt;
		&lt;td class="tabelatd2"&gt;11/10/2018&lt;/td&gt;
		&lt;td class="tabelatd2"&gt;110.00&lt;/td&gt;
		&lt;td class="tabelatd2"&gt;0.00&lt;/td&gt;
		&lt;td class="tabelatd2"&gt;Em aberto&lt;/td&gt;
		&lt;td class="tabelatd2"&gt;1-Fulano de Tal (652.392.539-00)&lt;/td&gt;
		&lt;td class="tabelatd2"&gt;1&lt;/td&gt;
		&lt;td class="tabelatd2"&gt;Patrimonial&lt;/td&gt;
&lt;th class="tabelatd2" border="1"&gt;&lt;a class="noPrint" href="?class=BaixarParcela&amp;id=354"&gt;[Baixar&amp;nbsp;parcela] &lt;/a&gt;&lt;a class="noPrint" href="?class=ImprimirParcela&amp;id=354"&gt;[Imprimir&amp;nbsp;parcela] &lt;/a&gt;&lt;/th&gt;
	&lt;/tr&gt;
	&lt;tr&gt;
		&lt;td class="tabelatd1"&gt;386&lt;/td&gt;
		&lt;td class="tabelatd1"&gt;Tipo Cobranca&lt;/td&gt;
		&lt;td class="tabelatd1"&gt;11/10/2018&lt;/td&gt;
		&lt;td class="tabelatd1"&gt;110.00&lt;/td&gt;
		&lt;td class="tabelatd1"&gt;0.00&lt;/td&gt;
		&lt;td class="tabelatd1"&gt;Em aberto&lt;/td&gt;
		&lt;td class="tabelatd1"&gt;1-Fulano de Tal (652.392.539-00)&lt;/td&gt;
		&lt;td class="tabelatd1"&gt;1&lt;/td&gt;
		&lt;td class="tabelatd1"&gt;Patrimonial&lt;/td&gt;
&lt;th class="tabelatd1" border="1"&gt;&lt;a class="noPrint" href="?class=BaixarParcela&amp;id=386"&gt;[Baixar&amp;nbsp;parcela] &lt;/a&gt;&lt;a class="noPrint" href="?class=ImprimirParcela&amp;id=386"&gt;[Imprimir&amp;nbsp;parcela] &lt;/a&gt;&lt;/th&gt;
	&lt;/tr&gt;
	&lt;tr&gt;
		&lt;td class="tabelatd2"&gt;420&lt;/td&gt;
		&lt;td class="tabelatd2"&gt;Tipo Cobranca&lt;/td&gt;
		&lt;td class="tabelatd2"&gt;11/10/2018&lt;/td&gt;
		&lt;td class="tabelatd2"&gt;110.00&lt;/td&gt;
		&lt;td class="tabelatd2"&gt;0.00&lt;/td&gt;
		&lt;td class="tabelatd2"&gt;Em aberto&lt;/td&gt;
		&lt;td class="tabelatd2"&gt;1-Fulano de Tal (652.392.539-00)&lt;/td&gt;
		&lt;td class="tabelatd2"&gt;1&lt;/td&gt;
		&lt;td class="tabelatd2"&gt;Patrimonial&lt;/td&gt;
&lt;th class="tabelatd2" border="1"&gt;&lt;a class="noPrint" href="?class=BaixarParcela&amp;id=420"&gt;[Baixar&amp;nbsp;parcela] &lt;/a&gt;&lt;a class="noPrint" href="?class=ImprimirParcela&amp;id=420"&gt;[Imprimir&amp;nbsp;parcela] &lt;/a&gt;&lt;/th&gt;
	&lt;/tr&gt;
	&lt;tr&gt;
		&lt;td class="tabelatd1"&gt;456&lt;/td&gt;
		&lt;td class="tabelatd1"&gt;Tipo Cobranca&lt;/td&gt;
		&lt;td class="tabelatd1"&gt;11/10/2018&lt;/td&gt;
		&lt;td class="tabelatd1"&gt;110.00&lt;/td&gt;
		&lt;td class="tabelatd1"&gt;0.00&lt;/td&gt;
		&lt;td class="tabelatd1"&gt;Em aberto&lt;/td&gt;
		&lt;td class="tabelatd1"&gt;1-Fulano de Tal (652.392.539-00)&lt;/td&gt;
		&lt;td class="tabelatd1"&gt;1&lt;/td&gt;
		&lt;td class="tabelatd1"&gt;Patrimonial&lt;/td&gt;
&lt;th class="tabelatd1" border="1"&gt;&lt;a class="noPrint" href="?class=BaixarParcela&amp;id=456"&gt;[Baixar&amp;nbsp;parcela] &lt;/a&gt;&lt;a class="noPrint" href="?class=ImprimirParcela&amp;id=456"&gt;[Imprimir&amp;nbsp;parcela] &lt;/a&gt;&lt;/th&gt;
	&lt;/tr&gt;
	&lt;tr&gt;
		&lt;td class="tabelatd2"&gt;271&lt;/td&gt;
		&lt;td class="tabelatd2"&gt;Tipo Cobranca&lt;/td&gt;
		&lt;td class="tabelatd2"&gt;11/10/2018&lt;/td&gt;
		&lt;td class="tabelatd2"&gt;110.00&lt;/td&gt;
		&lt;td class="tabelatd2"&gt;0.00&lt;/td&gt;
		&lt;td class="tabelatd2"&gt;Em aberto&lt;/td&gt;
		&lt;td class="tabelatd2"&gt;1-Fulano de Tal (652.392.539-00)&lt;/td&gt;
		&lt;td class="tabelatd2"&gt;1&lt;/td&gt;
		&lt;td class="tabelatd2"&gt;Patrimonial&lt;/td&gt;
&lt;th class="tabelatd2" border="1"&gt;&lt;a class="noPrint" href="?class=BaixarParcela&amp;id=271"&gt;[Baixar&amp;nbsp;parcela] &lt;/a&gt;&lt;a class="noPrint" href="?class=ImprimirParcela&amp;id=271"&gt;[Imprimir&amp;nbsp;parcela] &lt;/a&gt;&lt;/th&gt;
	&lt;/tr&gt;
	&lt;tr&gt;
		&lt;td class="tabelatd1"&gt;297&lt;/td&gt;
		&lt;td class="tabelatd1"&gt;Tipo Cobranca&lt;/td&gt;
		&lt;td class="tabelatd1"&gt;11/10/2018&lt;/td&gt;
		&lt;td class="tabelatd1"&gt;110.00&lt;/td&gt;
		&lt;td class="tabelatd1"&gt;0.00&lt;/td&gt;
		&lt;td class="tabelatd1"&gt;Em aberto&lt;/td&gt;
		&lt;td class="tabelatd1"&gt;1-Fulano de Tal (652.392.539-00)&lt;/td&gt;
		&lt;td class="tabelatd1"&gt;1&lt;/td&gt;
		&lt;td class="tabelatd1"&gt;Patrimonial&lt;/td&gt;
&lt;th class="tabelatd1" border="1"&gt;&lt;a class="noPrint" href="?class=BaixarParcela&amp;id=297"&gt;[Baixar&amp;nbsp;parcela] &lt;/a&gt;&lt;a class="noPrint" href="?class=ImprimirParcela&amp;id=297"&gt;[Imprimir&amp;nbsp;parcela] &lt;/a&gt;&lt;/th&gt;
	&lt;/tr&gt;
	&lt;tr&gt;
		&lt;td class="tabelatd2"&gt;325&lt;/td&gt;
		&lt;td class="tabelatd2"&gt;Tipo Cobranca&lt;/td&gt;
		&lt;td class="tabelatd2"&gt;11/10/2018&lt;/td&gt;
		&lt;td class="tabelatd2"&gt;110.00&lt;/td&gt;
		&lt;td class="tabelatd2"&gt;0.00&lt;/td&gt;
		&lt;td class="tabelatd2"&gt;Em aberto&lt;/td&gt;
		&lt;td class="tabelatd2"&gt;1-Fulano de Tal (652.392.539-00)&lt;/td&gt;
		&lt;td class="tabelatd2"&gt;1&lt;/td&gt;
		&lt;td class="tabelatd2"&gt;Patrimonial&lt;/td&gt;
&lt;th class="tabelatd2" border="1"&gt;&lt;a class="noPrint" href="?class=BaixarParcela&amp;id=325"&gt;[Baixar&amp;nbsp;parcela] &lt;/a&gt;&lt;a class="noPrint" href="?class=ImprimirParcela&amp;id=325"&gt;[Imprimir&amp;nbsp;parcela] &lt;/a&gt;&lt;/th&gt;
	&lt;/tr&gt;
	&lt;tr&gt;
		&lt;td class="tabelatd1"&gt;355&lt;/td&gt;
		&lt;td class="tabelatd1"&gt;Tipo Cobranca&lt;/td&gt;
		&lt;td class="tabelatd1"&gt;11/10/2018&lt;/td&gt;
		&lt;td class="tabelatd1"&gt;110.00&lt;/td&gt;
		&lt;td class="tabelatd1"&gt;0.00&lt;/td&gt;
		&lt;td class="tabelatd1"&gt;Em aberto&lt;/td&gt;
		&lt;td class="tabelatd1"&gt;1-Fulano de Tal (652.392.539-00)&lt;/td&gt;
		&lt;td class="tabelatd1"&gt;1&lt;/td&gt;
		&lt;td class="tabelatd1"&gt;Patrimonial&lt;/td&gt;
&lt;th class="tabelatd1" border="1"&gt;&lt;a class="noPrint" href="?class=BaixarParcela&amp;id=355"&gt;[Baixar&amp;nbsp;parcela] &lt;/a&gt;&lt;a class="noPrint" href="?class=ImprimirParcela&amp;id=355"&gt;[Imprimir&amp;nbsp;parcela] &lt;/a&gt;&lt;/th&gt;
	&lt;/tr&gt;
	&lt;tr&gt;
		&lt;td class="tabelatd2"&gt;387&lt;/td&gt;
		&lt;td class="tabelatd2"&gt;Tipo Cobranca&lt;/td&gt;
		&lt;td class="tabelatd2"&gt;11/10/2018&lt;/td&gt;
		&lt;td class="tabelatd2"&gt;110.00&lt;/td&gt;
		&lt;td class="tabelatd2"&gt;0.00&lt;/td&gt;
		&lt;td class="tabelatd2"&gt;Em aberto&lt;/td&gt;
		&lt;td class="tabelatd2"&gt;1-Fulano de Tal (652.392.539-00)&lt;/td&gt;
		&lt;td class="tabelatd2"&gt;1&lt;/td&gt;
		&lt;td class="tabelatd2"&gt;Patrimonial&lt;/td&gt;
&lt;th class="tabelatd2" border="1"&gt;&lt;a class="noPrint" href="?class=BaixarParcela&amp;id=387"&gt;[Baixar&amp;nbsp;parcela] &lt;/a&gt;&lt;a class="noPrint" href="?class=ImprimirParcela&amp;id=387"&gt;[Imprimir&amp;nbsp;parcela] &lt;/a&gt;&lt;/th&gt;
	&lt;/tr&gt;
	&lt;tr&gt;
		&lt;td class="tabelatd1"&gt;421&lt;/td&gt;
		&lt;td class="tabelatd1"&gt;Tipo Cobranca&lt;/td&gt;
		&lt;td class="tabelatd1"&gt;11/10/2018&lt;/td&gt;
		&lt;td class="tabelatd1"&gt;110.00&lt;/td&gt;
		&lt;td class="tabelatd1"&gt;0.00&lt;/td&gt;
		&lt;td class="tabelatd1"&gt;Em aberto&lt;/td&gt;
		&lt;td class="tabelatd1"&gt;1-Fulano de Tal (652.392.539-00)&lt;/td&gt;
		&lt;td class="tabelatd1"&gt;1&lt;/td&gt;
		&lt;td class="tabelatd1"&gt;Patrimonial&lt;/td&gt;
&lt;th class="tabelatd1" border="1"&gt;&lt;a class="noPrint" href="?class=BaixarParcela&amp;id=421"&gt;[Baixar&amp;nbsp;parcela] &lt;/a&gt;&lt;a class="noPrint" href="?class=ImprimirParcela&amp;id=421"&gt;[Imprimir&amp;nbsp;parcela] &lt;/a&gt;&lt;/th&gt;
	&lt;/tr&gt;
	&lt;tr&gt;
		&lt;td class="tabelatd2"&gt;457&lt;/td&gt;
		&lt;td class="tabelatd2"&gt;Tipo Cobranca&lt;/td&gt;
		&lt;td class="tabelatd2"&gt;11/10/2018&lt;/td&gt;
		&lt;td class="tabelatd2"&gt;110.00&lt;/td&gt;
		&lt;td class="tabelatd2"&gt;0.00&lt;/td&gt;
		&lt;td class="tabelatd2"&gt;Em aberto&lt;/td&gt;
		&lt;td class="tabelatd2"&gt;1-Fulano de Tal (652.392.539-00)&lt;/td&gt;
		&lt;td class="tabelatd2"&gt;1&lt;/td&gt;
		&lt;td class="tabelatd2"&gt;Patrimonial&lt;/td&gt;
&lt;th class="tabelatd2" border="1"&gt;&lt;a class="noPrint" href="?class=BaixarParcela&amp;id=457"&gt;[Baixar&amp;nbsp;parcela] &lt;/a&gt;&lt;a class="noPrint" href="?class=ImprimirParcela&amp;id=457"&gt;[Imprimir&amp;nbsp;parcela] &lt;/a&gt;&lt;/th&gt;
	&lt;/tr&gt;
	&lt;tr&gt;
		&lt;td class="tabelatd1"&gt;272&lt;/td&gt;
		&lt;td class="tabelatd1"&gt;Tipo Cobranca&lt;/td&gt;
		&lt;td class="tabelatd1"&gt;11/10/2018&lt;/td&gt;
		&lt;td class="tabelatd1"&gt;110.00&lt;/td&gt;
		&lt;td class="tabelatd1"&gt;0.00&lt;/td&gt;
		&lt;td class="tabelatd1"&gt;Em aberto&lt;/td&gt;
		&lt;td class="tabelatd1"&gt;1-Fulano de Tal (652.392.539-00)&lt;/td&gt;
		&lt;td class="tabelatd1"&gt;1&lt;/td&gt;
		&lt;td class="tabelatd1"&gt;Patrimonial&lt;/td&gt;
&lt;th class="tabelatd1" border="1"&gt;&lt;a class="noPrint" href="?class=BaixarParcela&amp;id=272"&gt;[Baixar&amp;nbsp;parcela] &lt;/a&gt;&lt;a class="noPrint" href="?class=ImprimirParcela&amp;id=272"&gt;[Imprimir&amp;nbsp;parcela] &lt;/a&gt;&lt;/th&gt;
	&lt;/tr&gt;
	&lt;tr&gt;
		&lt;td class="tabelatd2"&gt;298&lt;/td&gt;
		&lt;td class="tabelatd2"&gt;Tipo Cobranca&lt;/td&gt;
		&lt;td class="tabelatd2"&gt;11/10/2018&lt;/td&gt;
		&lt;td class="tabelatd2"&gt;110.00&lt;/td&gt;
		&lt;td class="tabelatd2"&gt;0.00&lt;/td&gt;
		&lt;td class="tabelatd2"&gt;Em aberto&lt;/td&gt;
		&lt;td class="tabelatd2"&gt;1-Fulano de Tal (652.392.539-00)&lt;/td&gt;
		&lt;td class="tabelatd2"&gt;1&lt;/td&gt;
		&lt;td class="tabelatd2"&gt;Patrimonial&lt;/td&gt;
&lt;th class="tabelatd2" border="1"&gt;&lt;a class="noPrint" href="?class=BaixarParcela&amp;id=298"&gt;[Baixar&amp;nbsp;parcela] &lt;/a&gt;&lt;a class="noPrint" href="?class=ImprimirParcela&amp;id=298"&gt;[Imprimir&amp;nbsp;parcela] &lt;/a&gt;&lt;/th&gt;
	&lt;/tr&gt;
	&lt;tr&gt;
		&lt;td class="tabelatd1"&gt;326&lt;/td&gt;
		&lt;td class="tabelatd1"&gt;Tipo Cobranca&lt;/td&gt;
		&lt;td class="tabelatd1"&gt;11/10/2018&lt;/td&gt;
		&lt;td class="tabelatd1"&gt;110.00&lt;/td&gt;
		&lt;td class="tabelatd1"&gt;0.00&lt;/td&gt;
		&lt;td class="tabelatd1"&gt;Em aberto&lt;/td&gt;
		&lt;td class="tabelatd1"&gt;1-Fulano de Tal (652.392.539-00)&lt;/td&gt;
		&lt;td class="tabelatd1"&gt;1&lt;/td&gt;
		&lt;td class="tabelatd1"&gt;Patrimonial&lt;/td&gt;
&lt;th class="tabelatd1" border="1"&gt;&lt;a class="noPrint" href="?class=BaixarParcela&amp;id=326"&gt;[Baixar&amp;nbsp;parcela] &lt;/a&gt;&lt;a class="noPrint" href="?class=ImprimirParcela&amp;id=326"&gt;[Imprimir&amp;nbsp;parcela] &lt;/a&gt;&lt;/th&gt;
	&lt;/tr&gt;
	&lt;tr&gt;
		&lt;td class="tabelatd2"&gt;356&lt;/td&gt;
		&lt;td class="tabelatd2"&gt;Tipo Cobranca&lt;/td&gt;
		&lt;td class="tabelatd2"&gt;11/10/2018&lt;/td&gt;
		&lt;td class="tabelatd2"&gt;110.00&lt;/td&gt;
		&lt;td class="tabelatd2"&gt;0.00&lt;/td&gt;
		&lt;td class="tabelatd2"&gt;Em aberto&lt;/td&gt;
		&lt;td class="tabelatd2"&gt;1-Fulano de Tal (652.392.539-00)&lt;/td&gt;
		&lt;td class="tabelatd2"&gt;1&lt;/td&gt;
		&lt;td class="tabelatd2"&gt;Patrimonial&lt;/td&gt;
&lt;th class="tabelatd2" border="1"&gt;&lt;a class="noPrint" href="?class=BaixarParcela&amp;id=356"&gt;[Baixar&amp;nbsp;parcela] &lt;/a&gt;&lt;a class="noPrint" href="?class=ImprimirParcela&amp;id=356"&gt;[Imprimir&amp;nbsp;parcela] &lt;/a&gt;&lt;/th&gt;
	&lt;/tr&gt;
	&lt;tr&gt;
		&lt;td class="tabelatd1"&gt;388&lt;/td&gt;
		&lt;td class="tabelatd1"&gt;Tipo Cobranca&lt;/td&gt;
		&lt;td class="tabelatd1"&gt;11/10/2018&lt;/td&gt;
		&lt;td class="tabelatd1"&gt;110.00&lt;/td&gt;
		&lt;td class="tabelatd1"&gt;0.00&lt;/td&gt;
		&lt;td class="tabelatd1"&gt;Em aberto&lt;/td&gt;
		&lt;td class="tabelatd1"&gt;1-Fulano de Tal (652.392.539-00)&lt;/td&gt;
		&lt;td class="tabelatd1"&gt;1&lt;/td&gt;
		&lt;td class="tabelatd1"&gt;Patrimonial&lt;/td&gt;
&lt;th class="tabelatd1" border="1"&gt;&lt;a class="noPrint" href="?class=BaixarParcela&amp;id=388"&gt;[Baixar&amp;nbsp;parcela] &lt;/a&gt;&lt;a class="noPrint" href="?class=ImprimirParcela&amp;id=388"&gt;[Imprimir&amp;nbsp;parcela] &lt;/a&gt;&lt;/th&gt;
	&lt;/tr&gt;
	&lt;tr&gt;
		&lt;td class="tabelatd2"&gt;422&lt;/td&gt;
		&lt;td class="tabelatd2"&gt;Tipo Cobranca&lt;/td&gt;
		&lt;td class="tabelatd2"&gt;11/10/2018&lt;/td&gt;
		&lt;td class="tabelatd2"&gt;110.00&lt;/td&gt;
		&lt;td class="tabelatd2"&gt;0.00&lt;/td&gt;
		&lt;td class="tabelatd2"&gt;Em aberto&lt;/td&gt;
		&lt;td class="tabelatd2"&gt;1-Fulano de Tal (652.392.539-00)&lt;/td&gt;
		&lt;td class="tabelatd2"&gt;1&lt;/td&gt;
		&lt;td class="tabelatd2"&gt;Patrimonial&lt;/td&gt;
&lt;th class="tabelatd2" border="1"&gt;&lt;a class="noPrint" href="?class=BaixarParcela&amp;id=422"&gt;[Baixar&amp;nbsp;parcela] &lt;/a&gt;&lt;a class="noPrint" href="?class=ImprimirParcela&amp;id=422"&gt;[Imprimir&amp;nbsp;parcela] &lt;/a&gt;&lt;/th&gt;
	&lt;/tr&gt;
	&lt;tr&gt;
		&lt;td class="tabelatd1"&gt;458&lt;/td&gt;
		&lt;td class="tabelatd1"&gt;Tipo Cobranca&lt;/td&gt;
		&lt;td class="tabelatd1"&gt;11/10/2018&lt;/td&gt;
		&lt;td class="tabelatd1"&gt;110.00&lt;/td&gt;
		&lt;td class="tabelatd1"&gt;0.00&lt;/td&gt;
		&lt;td class="tabelatd1"&gt;Em aberto&lt;/td&gt;
		&lt;td class="tabelatd1"&gt;1-Fulano de Tal (652.392.539-00)&lt;/td&gt;
		&lt;td class="tabelatd1"&gt;1&lt;/td&gt;
		&lt;td class="tabelatd1"&gt;Patrimonial&lt;/td&gt;
&lt;th class="tabelatd1" border="1"&gt;&lt;a class="noPrint" href="?class=BaixarParcela&amp;id=458"&gt;[Baixar&amp;nbsp;parcela] &lt;/a&gt;&lt;a class="noPrint" href="?class=ImprimirParcela&amp;id=458"&gt;[Imprimir&amp;nbsp;parcela] &lt;/a&gt;&lt;/th&gt;
	&lt;/tr&gt;
	&lt;tr&gt;
		&lt;td class="tabelatd2"&gt;273&lt;/td&gt;
		&lt;td class="tabelatd2"&gt;Tipo Cobranca&lt;/td&gt;
		&lt;td class="tabelatd2"&gt;11/10/2018&lt;/td&gt;
		&lt;td class="tabelatd2"&gt;110.00&lt;/td&gt;
		&lt;td class="tabelatd2"&gt;0.00&lt;/td&gt;
		&lt;td class="tabelatd2"&gt;Em aberto&lt;/td&gt;
		&lt;td class="tabelatd2"&gt;1-Fulano de Tal (652.392.539-00)&lt;/td&gt;
		&lt;td class="tabelatd2"&gt;1&lt;/td&gt;
		&lt;td class="tabelatd2"&gt;Patrimonial&lt;/td&gt;
&lt;th class="tabelatd2" border="1"&gt;&lt;a class="noPrint" href="?class=BaixarParcela&amp;id=273"&gt;[Baixar&amp;nbsp;parcela] &lt;/a&gt;&lt;a class="noPrint" href="?class=ImprimirParcela&amp;id=273"&gt;[Imprimir&amp;nbsp;parcela] &lt;/a&gt;&lt;/th&gt;
	&lt;/tr&gt;
	&lt;tr&gt;
		&lt;td class="tabelatd1"&gt;299&lt;/td&gt;
		&lt;td class="tabelatd1"&gt;Tipo Cobranca&lt;/td&gt;
		&lt;td class="tabelatd1"&gt;11/10/2018&lt;/td&gt;
		&lt;td class="tabelatd1"&gt;110.00&lt;/td&gt;
		&lt;td class="tabelatd1"&gt;0.00&lt;/td&gt;
		&lt;td class="tabelatd1"&gt;Em aberto&lt;/td&gt;
		&lt;td class="tabelatd1"&gt;1-Fulano de Tal (652.392.539-00)&lt;/td&gt;
		&lt;td class="tabelatd1"&gt;1&lt;/td&gt;
		&lt;td class="tabelatd1"&gt;Patrimonial&lt;/td&gt;
&lt;th class="tabelatd1" border="1"&gt;&lt;a class="noPrint" href="?class=BaixarParcela&amp;id=299"&gt;[Baixar&amp;nbsp;parcela] &lt;/a&gt;&lt;a class="noPrint" href="?class=ImprimirParcela&amp;id=299"&gt;[Imprimir&amp;nbsp;parcela] &lt;/a&gt;&lt;/th&gt;
	&lt;/tr&gt;
	&lt;tr&gt;
		&lt;td class="tabelatd2"&gt;327&lt;/td&gt;
		&lt;td class="tabelatd2"&gt;Tipo Cobranca&lt;/td&gt;
		&lt;td class="tabelatd2"&gt;11/10/2018&lt;/td&gt;
		&lt;td class="tabelatd2"&gt;110.00&lt;/td&gt;
		&lt;td class="tabelatd2"&gt;0.00&lt;/td&gt;
		&lt;td class="tabelatd2"&gt;Em aberto&lt;/td&gt;
		&lt;td class="tabelatd2"&gt;1-Fulano de Tal (652.392.539-00)&lt;/td&gt;
		&lt;td class="tabelatd2"&gt;1&lt;/td&gt;
		&lt;td class="tabelatd2"&gt;Patrimonial&lt;/td&gt;
&lt;th class="tabelatd2" border="1"&gt;&lt;a class="noPrint" href="?class=BaixarParcela&amp;id=327"&gt;[Baixar&amp;nbsp;parcela] &lt;/a&gt;&lt;a class="noPrint" href="?class=ImprimirParcela&amp;id=327"&gt;[Imprimir&amp;nbsp;parcela] &lt;/a&gt;&lt;/th&gt;
	&lt;/tr&gt;
	&lt;tr&gt;
		&lt;td class="tabelatd1"&gt;357&lt;/td&gt;
		&lt;td class="tabelatd1"&gt;Tipo Cobranca&lt;/td&gt;
		&lt;td class="tabelatd1"&gt;11/10/2018&lt;/td&gt;
		&lt;td class="tabelatd1"&gt;110.00&lt;/td&gt;
		&lt;td class="tabelatd1"&gt;0.00&lt;/td&gt;
		&lt;td class="tabelatd1"&gt;Em aberto&lt;/td&gt;
		&lt;td class="tabelatd1"&gt;1-Fulano de Tal (652.392.539-00)&lt;/td&gt;
		&lt;td class="tabelatd1"&gt;1&lt;/td&gt;
		&lt;td class="tabelatd1"&gt;Patrimonial&lt;/td&gt;
&lt;th class="tabelatd1" border="1"&gt;&lt;a class="noPrint" href="?class=BaixarParcela&amp;id=357"&gt;[Baixar&amp;nbsp;parcela] &lt;/a&gt;&lt;a class="noPrint" href="?class=ImprimirParcela&amp;id=357"&gt;[Imprimir&amp;nbsp;parcela] &lt;/a&gt;&lt;/th&gt;
	&lt;/tr&gt;
	&lt;tr&gt;
		&lt;td class="tabelatd2"&gt;389&lt;/td&gt;
		&lt;td class="tabelatd2"&gt;Tipo Cobranca&lt;/td&gt;
		&lt;td class="tabelatd2"&gt;11/10/2018&lt;/td&gt;
		&lt;td class="tabelatd2"&gt;110.00&lt;/td&gt;
		&lt;td class="tabelatd2"&gt;0.00&lt;/td&gt;
		&lt;td class="tabelatd2"&gt;Em aberto&lt;/td&gt;
		&lt;td class="tabelatd2"&gt;1-Fulano de Tal (652.392.539-00)&lt;/td&gt;
		&lt;td class="tabelatd2"&gt;1&lt;/td&gt;
		&lt;td class="tabelatd2"&gt;Patrimonial&lt;/td&gt;
&lt;th class="tabelatd2" border="1"&gt;&lt;a class="noPrint" href="?class=BaixarParcela&amp;id=389"&gt;[Baixar&amp;nbsp;parcela] &lt;/a&gt;&lt;a class="noPrint" href="?class=ImprimirParcela&amp;id=389"&gt;[Imprimir&amp;nbsp;parcela] &lt;/a&gt;&lt;/th&gt;
	&lt;/tr&gt;
	&lt;tr&gt;
		&lt;td class="tabelatd1"&gt;423&lt;/td&gt;
		&lt;td class="tabelatd1"&gt;Tipo Cobranca&lt;/td&gt;
		&lt;td class="tabelatd1"&gt;11/10/2018&lt;/td&gt;
		&lt;td class="tabelatd1"&gt;110.00&lt;/td&gt;
		&lt;td class="tabelatd1"&gt;0.00&lt;/td&gt;
		&lt;td class="tabelatd1"&gt;Em aberto&lt;/td&gt;
		&lt;td class="tabelatd1"&gt;1-Fulano de Tal (652.392.539-00)&lt;/td&gt;
		&lt;td class="tabelatd1"&gt;1&lt;/td&gt;
		&lt;td class="tabelatd1"&gt;Patrimonial&lt;/td&gt;
&lt;th class="tabelatd1" border="1"&gt;&lt;a class="noPrint" href="?class=BaixarParcela&amp;id=423"&gt;[Baixar&amp;nbsp;parcela] &lt;/a&gt;&lt;a class="noPrint" href="?class=ImprimirParcela&amp;id=423"&gt;[Imprimir&amp;nbsp;parcela] &lt;/a&gt;&lt;/th&gt;
	&lt;/tr&gt;
	&lt;tr&gt;
		&lt;td class="tabelatd2"&gt;459&lt;/td&gt;
		&lt;td class="tabelatd2"&gt;Tipo Cobranca&lt;/td&gt;
		&lt;td class="tabelatd2"&gt;11/10/2018&lt;/td&gt;
		&lt;td class="tabelatd2"&gt;110.00&lt;/td&gt;
		&lt;td class="tabelatd2"&gt;0.00&lt;/td&gt;
		&lt;td class="tabelatd2"&gt;Em aberto&lt;/td&gt;
		&lt;td class="tabelatd2"&gt;1-Fulano de Tal (652.392.539-00)&lt;/td&gt;
		&lt;td class="tabelatd2"&gt;1&lt;/td&gt;
		&lt;td class="tabelatd2"&gt;Patrimonial&lt;/td&gt;
&lt;th class="tabelatd2" border="1"&gt;&lt;a class="noPrint" href="?class=BaixarParcela&amp;id=459"&gt;[Baixar&amp;nbsp;parcela] &lt;/a&gt;&lt;a class="noPrint" href="?class=ImprimirParcela&amp;id=459"&gt;[Imprimir&amp;nbsp;parcela] &lt;/a&gt;&lt;/th&gt;
	&lt;/tr&gt;
	&lt;tr&gt;
		&lt;td class="tabelatd1"&gt;250&lt;/td&gt;
		&lt;td class="tabelatd1"&gt;Tipo Cobranca&lt;/td&gt;
		&lt;td class="tabelatd1"&gt;11/10/2018&lt;/td&gt;
		&lt;td class="tabelatd1"&gt;110.00&lt;/td&gt;
		&lt;td class="tabelatd1"&gt;0.00&lt;/td&gt;
		&lt;td class="tabelatd1"&gt;Em aberto&lt;/td&gt;
		&lt;td class="tabelatd1"&gt;1-Fulano de Tal (652.392.539-00)&lt;/td&gt;
		&lt;td class="tabelatd1"&gt;1&lt;/td&gt;
		&lt;td class="tabelatd1"&gt;Patrimonial&lt;/td&gt;
&lt;th class="tabelatd1" border="1"&gt;&lt;a class="noPrint" href="?class=BaixarParcela&amp;id=250"&gt;[Baixar&amp;nbsp;parcela] &lt;/a&gt;&lt;a class="noPrint" href="?class=ImprimirParcela&amp;id=250"&gt;[Imprimir&amp;nbsp;parcela] &lt;/a&gt;&lt;/th&gt;
	&lt;/tr&gt;
	&lt;tr&gt;
		&lt;td class="tabelatd2"&gt;274&lt;/td&gt;
		&lt;td class="tabelatd2"&gt;Tipo Cobranca&lt;/td&gt;
		&lt;td class="tabelatd2"&gt;11/10/2018&lt;/td&gt;
		&lt;td class="tabelatd2"&gt;110.00&lt;/td&gt;
		&lt;td class="tabelatd2"&gt;0.00&lt;/td&gt;
		&lt;td class="tabelatd2"&gt;Em aberto&lt;/td&gt;
		&lt;td class="tabelatd2"&gt;1-Fulano de Tal (652.392.539-00)&lt;/td&gt;
		&lt;td class="tabelatd2"&gt;1&lt;/td&gt;
		&lt;td class="tabelatd2"&gt;Patrimonial&lt;/td&gt;
&lt;th class="tabelatd2" border="1"&gt;&lt;a class="noPrint" href="?class=BaixarParcela&amp;id=274"&gt;[Baixar&amp;nbsp;parcela] &lt;/a&gt;&lt;a class="noPrint" href="?class=ImprimirParcela&amp;id=274"&gt;[Imprimir&amp;nbsp;parcela] &lt;/a&gt;&lt;/th&gt;
	&lt;/tr&gt;
	&lt;tr&gt;
		&lt;td class="tabelatd1"&gt;300&lt;/td&gt;
		&lt;td class="tabelatd1"&gt;Tipo Cobranca&lt;/td&gt;
		&lt;td class="tabelatd1"&gt;11/10/2018&lt;/td&gt;
		&lt;td class="tabelatd1"&gt;110.00&lt;/td&gt;
		&lt;td class="tabelatd1"&gt;0.00&lt;/td&gt;
		&lt;td class="tabelatd1"&gt;Em aberto&lt;/td&gt;
		&lt;td class="tabelatd1"&gt;1-Fulano de Tal (652.392.539-00)&lt;/td&gt;
		&lt;td class="tabelatd1"&gt;1&lt;/td&gt;
		&lt;td class="tabelatd1"&gt;Patrimonial&lt;/td&gt;
&lt;th class="tabelatd1" border="1"&gt;&lt;a class="noPrint" href="?class=BaixarParcela&amp;id=300"&gt;[Baixar&amp;nbsp;parcela] &lt;/a&gt;&lt;a class="noPrint" href="?class=ImprimirParcela&amp;id=300"&gt;[Imprimir&amp;nbsp;parcela] &lt;/a&gt;&lt;/th&gt;
	&lt;/tr&gt;
	&lt;tr&gt;
		&lt;td class="tabelatd2"&gt;328&lt;/td&gt;
		&lt;td class="tabelatd2"&gt;Tipo Cobranca&lt;/td&gt;
		&lt;td class="tabelatd2"&gt;11/10/2018&lt;/td&gt;
		&lt;td class="tabelatd2"&gt;110.00&lt;/td&gt;
		&lt;td class="tabelatd2"&gt;0.00&lt;/td&gt;
		&lt;td class="tabelatd2"&gt;Em aberto&lt;/td&gt;
		&lt;td class="tabelatd2"&gt;1-Fulano de Tal (652.392.539-00)&lt;/td&gt;
		&lt;td class="tabelatd2"&gt;1&lt;/td&gt;
		&lt;td class="tabelatd2"&gt;Patrimonial&lt;/td&gt;
&lt;th class="tabelatd2" border="1"&gt;&lt;a class="noPrint" href="?class=BaixarParcela&amp;id=328"&gt;[Baixar&amp;nbsp;parcela] &lt;/a&gt;&lt;a class="noPrint" href="?class=ImprimirParcela&amp;id=328"&gt;[Imprimir&amp;nbsp;parcela] &lt;/a&gt;&lt;/th&gt;
	&lt;/tr&gt;
	&lt;tr&gt;
		&lt;td class="tabelatd1"&gt;358&lt;/td&gt;
		&lt;td class="tabelatd1"&gt;Tipo Cobranca&lt;/td&gt;
		&lt;td class="tabelatd1"&gt;11/10/2018&lt;/td&gt;
		&lt;td class="tabelatd1"&gt;110.00&lt;/td&gt;
		&lt;td class="tabelatd1"&gt;0.00&lt;/td&gt;
		&lt;td class="tabelatd1"&gt;Em aberto&lt;/td&gt;
		&lt;td class="tabelatd1"&gt;1-Fulano de Tal (652.392.539-00)&lt;/td&gt;
		&lt;td class="tabelatd1"&gt;1&lt;/td&gt;
		&lt;td class="tabelatd1"&gt;Patrimonial&lt;/td&gt;
&lt;th class="tabelatd1" border="1"&gt;&lt;a class="noPrint" href="?class=BaixarParcela&amp;id=358"&gt;[Baixar&amp;nbsp;parcela] &lt;/a&gt;&lt;a class="noPrint" href="?class=ImprimirParcela&amp;id=358"&gt;[Imprimir&amp;nbsp;parcela] &lt;/a&gt;&lt;/th&gt;
	&lt;/tr&gt;
	&lt;tr&gt;
		&lt;td class="tabelatd2"&gt;390&lt;/td&gt;
		&lt;td class="tabelatd2"&gt;Tipo Cobranca&lt;/td&gt;
		&lt;td class="tabelatd2"&gt;11/10/2018&lt;/td&gt;
		&lt;td class="tabelatd2"&gt;110.00&lt;/td&gt;
		&lt;td class="tabelatd2"&gt;0.00&lt;/td&gt;
		&lt;td class="tabelatd2"&gt;Em aberto&lt;/td&gt;
		&lt;td class="tabelatd2"&gt;1-Fulano de Tal (652.392.539-00)&lt;/td&gt;
		&lt;td class="tabelatd2"&gt;1&lt;/td&gt;
		&lt;td class="tabelatd2"&gt;Patrimonial&lt;/td&gt;
&lt;th class="tabelatd2" border="1"&gt;&lt;a class="noPrint" href="?class=BaixarParcela&amp;id=390"&gt;[Baixar&amp;nbsp;parcela] &lt;/a&gt;&lt;a class="noPrint" href="?class=ImprimirParcela&amp;id=390"&gt;[Imprimir&amp;nbsp;parcela] &lt;/a&gt;&lt;/th&gt;
	&lt;/tr&gt;
	&lt;tr&gt;
		&lt;td class="tabelatd1"&gt;424&lt;/td&gt;
		&lt;td class="tabelatd1"&gt;Tipo Cobranca&lt;/td&gt;
		&lt;td class="tabelatd1"&gt;11/10/2018&lt;/td&gt;
		&lt;td class="tabelatd1"&gt;110.00&lt;/td&gt;
		&lt;td class="tabelatd1"&gt;0.00&lt;/td&gt;
		&lt;td class="tabelatd1"&gt;Em aberto&lt;/td&gt;
		&lt;td class="tabelatd1"&gt;1-Fulano de Tal (652.392.539-00)&lt;/td&gt;
		&lt;td class="tabelatd1"&gt;1&lt;/td&gt;
		&lt;td class="tabelatd1"&gt;Patrimonial&lt;/td&gt;
&lt;th class="tabelatd1" border="1"&gt;&lt;a class="noPrint" href="?class=BaixarParcela&amp;id=424"&gt;[Baixar&amp;nbsp;parcela] &lt;/a&gt;&lt;a class="noPrint" href="?class=ImprimirParcela&amp;id=424"&gt;[Imprimir&amp;nbsp;parcela] &lt;/a&gt;&lt;/th&gt;
	&lt;/tr&gt;
	&lt;tr&gt;
		&lt;td class="tabelatd2"&gt;460&lt;/td&gt;
		&lt;td class="tabelatd2"&gt;Tipo Cobranca&lt;/td&gt;
		&lt;td class="tabelatd2"&gt;11/10/2018&lt;/td&gt;
		&lt;td class="tabelatd2"&gt;110.00&lt;/td&gt;
		&lt;td class="tabelatd2"&gt;0.00&lt;/td&gt;
		&lt;td class="tabelatd2"&gt;Em aberto&lt;/td&gt;
		&lt;td class="tabelatd2"&gt;1-Fulano de Tal (652.392.539-00)&lt;/td&gt;
		&lt;td class="tabelatd2"&gt;1&lt;/td&gt;
		&lt;td class="tabelatd2"&gt;Patrimonial&lt;/td&gt;
&lt;th class="tabelatd2" border="1"&gt;&lt;a class="noPrint" href="?class=BaixarParcela&amp;id=460"&gt;[Baixar&amp;nbsp;parcela] &lt;/a&gt;&lt;a class="noPrint" href="?class=ImprimirParcela&amp;id=460"&gt;[Imprimir&amp;nbsp;parcela] &lt;/a&gt;&lt;/th&gt;
	&lt;/tr&gt;
	&lt;tr&gt;
		&lt;td class="tabelatd1"&gt;275&lt;/td&gt;
		&lt;td class="tabelatd1"&gt;Tipo Cobranca&lt;/td&gt;
		&lt;td class="tabelatd1"&gt;11/10/2018&lt;/td&gt;
		&lt;td class="tabelatd1"&gt;110.00&lt;/td&gt;
		&lt;td class="tabelatd1"&gt;0.00&lt;/td&gt;
		&lt;td class="tabelatd1"&gt;Em aberto&lt;/td&gt;
		&lt;td class="tabelatd1"&gt;1-Fulano de Tal (652.392.539-00)&lt;/td&gt;
		&lt;td class="tabelatd1"&gt;1&lt;/td&gt;
		&lt;td class="tabelatd1"&gt;Patrimonial&lt;/td&gt;
&lt;th class="tabelatd1" border="1"&gt;&lt;a class="noPrint" href="?class=BaixarParcela&amp;id=275"&gt;[Baixar&amp;nbsp;parcela] &lt;/a&gt;&lt;a class="noPrint" href="?class=ImprimirParcela&amp;id=275"&gt;[Imprimir&amp;nbsp;parcela] &lt;/a&gt;&lt;/th&gt;
	&lt;/tr&gt;
	&lt;tr&gt;
		&lt;td class="tabelatd2"&gt;301&lt;/td&gt;
		&lt;td class="tabelatd2"&gt;Tipo Cobranca&lt;/td&gt;
		&lt;td class="tabelatd2"&gt;11/10/2018&lt;/td&gt;
		&lt;td class="tabelatd2"&gt;110.00&lt;/td&gt;
		&lt;td class="tabelatd2"&gt;0.00&lt;/td&gt;
		&lt;td class="tabelatd2"&gt;Em aberto&lt;/td&gt;
		&lt;td class="tabelatd2"&gt;1-Fulano de Tal (652.392.539-00)&lt;/td&gt;
		&lt;td class="tabelatd2"&gt;1&lt;/td&gt;
		&lt;td class="tabelatd2"&gt;Patrimonial&lt;/td&gt;
&lt;th class="tabelatd2" border="1"&gt;&lt;a class="noPrint" href="?class=BaixarParcela&amp;id=301"&gt;[Baixar&amp;nbsp;parcela] &lt;/a&gt;&lt;a class="noPrint" href="?class=ImprimirParcela&amp;id=301"&gt;[Imprimir&amp;nbsp;parcela] &lt;/a&gt;&lt;/th&gt;
	&lt;/tr&gt;
	&lt;tr&gt;
		&lt;td class="tabelatd1"&gt;329&lt;/td&gt;
		&lt;td class="tabelatd1"&gt;Tipo Cobranca&lt;/td&gt;
		&lt;td class="tabelatd1"&gt;11/10/2018&lt;/td&gt;
		&lt;td class="tabelatd1"&gt;110.00&lt;/td&gt;
		&lt;td class="tabelatd1"&gt;0.00&lt;/td&gt;
		&lt;td class="tabelatd1"&gt;Em aberto&lt;/td&gt;
		&lt;td class="tabelatd1"&gt;1-Fulano de Tal (652.392.539-00)&lt;/td&gt;
		&lt;td class="tabelatd1"&gt;1&lt;/td&gt;
		&lt;td class="tabelatd1"&gt;Patrimonial&lt;/td&gt;
&lt;th class="tabelatd1" border="1"&gt;&lt;a class="noPrint" href="?class=BaixarParcela&amp;id=329"&gt;[Baixar&amp;nbsp;parcela] &lt;/a&gt;&lt;a class="noPrint" href="?class=ImprimirParcela&amp;id=329"&gt;[Imprimir&amp;nbsp;parcela] &lt;/a&gt;&lt;/th&gt;
	&lt;/tr&gt;
	&lt;tr&gt;
		&lt;td class="tabelatd2"&gt;359&lt;/td&gt;
		&lt;td class="tabelatd2"&gt;Tipo Cobranca&lt;/td&gt;
		&lt;td class="tabelatd2"&gt;11/10/2018&lt;/td&gt;
		&lt;td class="tabelatd2"&gt;110.00&lt;/td&gt;
		&lt;td class="tabelatd2"&gt;0.00&lt;/td&gt;
		&lt;td class="tabelatd2"&gt;Em aberto&lt;/td&gt;
		&lt;td class="tabelatd2"&gt;1-Fulano de Tal (652.392.539-00)&lt;/td&gt;
		&lt;td class="tabelatd2"&gt;1&lt;/td&gt;
		&lt;td class="tabelatd2"&gt;Patrimonial&lt;/td&gt;
&lt;th class="tabelatd2" border="1"&gt;&lt;a class="noPrint" href="?class=BaixarParcela&amp;id=359"&gt;[Baixar&amp;nbsp;parcela] &lt;/a&gt;&lt;a class="noPrint" href="?class=ImprimirParcela&amp;id=359"&gt;[Imprimir&amp;nbsp;parcela] &lt;/a&gt;&lt;/th&gt;
	&lt;/tr&gt;
	&lt;tr&gt;
		&lt;td class="tabelatd1"&gt;391&lt;/td&gt;
		&lt;td class="tabelatd1"&gt;Tipo Cobranca&lt;/td&gt;
		&lt;td class="tabelatd1"&gt;11/10/2018&lt;/td&gt;
		&lt;td class="tabelatd1"&gt;110.00&lt;/td&gt;
		&lt;td class="tabelatd1"&gt;0.00&lt;/td&gt;
		&lt;td class="tabelatd1"&gt;Em aberto&lt;/td&gt;
		&lt;td class="tabelatd1"&gt;1-Fulano de Tal (652.392.539-00)&lt;/td&gt;
		&lt;td class="tabelatd1"&gt;1&lt;/td&gt;
		&lt;td class="tabelatd1"&gt;Patrimonial&lt;/td&gt;
&lt;th class="tabelatd1" border="1"&gt;&lt;a class="noPrint" href="?class=BaixarParcela&amp;id=391"&gt;[Baixar&amp;nbsp;parcela] &lt;/a&gt;&lt;a class="noPrint" href="?class=ImprimirParcela&amp;id=391"&gt;[Imprimir&amp;nbsp;parcela] &lt;/a&gt;&lt;/th&gt;
	&lt;/tr&gt;
	&lt;tr&gt;
		&lt;td class="tabelatd2"&gt;425&lt;/td&gt;
		&lt;td class="tabelatd2"&gt;Tipo Cobranca&lt;/td&gt;
		&lt;td class="tabelatd2"&gt;11/10/2018&lt;/td&gt;
		&lt;td class="tabelatd2"&gt;110.00&lt;/td&gt;
		&lt;td class="tabelatd2"&gt;0.00&lt;/td&gt;
		&lt;td class="tabelatd2"&gt;Em aberto&lt;/td&gt;
		&lt;td class="tabelatd2"&gt;1-Fulano de Tal (652.392.539-00)&lt;/td&gt;
		&lt;td class="tabelatd2"&gt;1&lt;/td&gt;
		&lt;td class="tabelatd2"&gt;Patrimonial&lt;/td&gt;
&lt;th class="tabelatd2" border="1"&gt;&lt;a class="noPrint" href="?class=BaixarParcela&amp;id=425"&gt;[Baixar&amp;nbsp;parcela] &lt;/a&gt;&lt;a class="noPrint" href="?class=ImprimirParcela&amp;id=425"&gt;[Imprimir&amp;nbsp;parcela] &lt;/a&gt;&lt;/th&gt;
	&lt;/tr&gt;
	&lt;tr&gt;
		&lt;td class="tabelatd1"&gt;461&lt;/td&gt;
		&lt;td class="tabelatd1"&gt;Tipo Cobranca&lt;/td&gt;
		&lt;td class="tabelatd1"&gt;11/10/2018&lt;/td&gt;
		&lt;td class="tabelatd1"&gt;110.00&lt;/td&gt;
		&lt;td class="tabelatd1"&gt;0.00&lt;/td&gt;
		&lt;td class="tabelatd1"&gt;Em aberto&lt;/td&gt;
		&lt;td class="tabelatd1"&gt;1-Fulano de Tal (652.392.539-00)&lt;/td&gt;
		&lt;td class="tabelatd1"&gt;1&lt;/td&gt;
		&lt;td class="tabelatd1"&gt;Patrimonial&lt;/td&gt;
&lt;th class="tabelatd1" border="1"&gt;&lt;a class="noPrint" href="?class=BaixarParcela&amp;id=461"&gt;[Baixar&amp;nbsp;parcela] &lt;/a&gt;&lt;a class="noPrint" href="?class=ImprimirParcela&amp;id=461"&gt;[Imprimir&amp;nbsp;parcela] &lt;/a&gt;&lt;/th&gt;
	&lt;/tr&gt;
	&lt;tr&gt;
		&lt;td class="tabelatd2"&gt;302&lt;/td&gt;
		&lt;td class="tabelatd2"&gt;Tipo Cobranca&lt;/td&gt;
		&lt;td class="tabelatd2"&gt;11/10/2018&lt;/td&gt;
		&lt;td class="tabelatd2"&gt;110.00&lt;/td&gt;
		&lt;td class="tabelatd2"&gt;0.00&lt;/td&gt;
		&lt;td class="tabelatd2"&gt;Em aberto&lt;/td&gt;
		&lt;td class="tabelatd2"&gt;1-Fulano de Tal (652.392.539-00)&lt;/td&gt;
		&lt;td class="tabelatd2"&gt;1&lt;/td&gt;
		&lt;td class="tabelatd2"&gt;Patrimonial&lt;/td&gt;
&lt;th class="tabelatd2" border="1"&gt;&lt;a class="noPrint" href="?class=BaixarParcela&amp;id=302"&gt;[Baixar&amp;nbsp;parcela] &lt;/a&gt;&lt;a class="noPrint" href="?class=ImprimirParcela&amp;id=302"&gt;[Imprimir&amp;nbsp;parcela] &lt;/a&gt;&lt;/th&gt;
	&lt;/tr&gt;
	&lt;tr&gt;
		&lt;td class="tabelatd1"&gt;330&lt;/td&gt;
		&lt;td class="tabelatd1"&gt;Tipo Cobranca&lt;/td&gt;
		&lt;td class="tabelatd1"&gt;11/10/2018&lt;/td&gt;
		&lt;td class="tabelatd1"&gt;110.00&lt;/td&gt;
		&lt;td class="tabelatd1"&gt;0.00&lt;/td&gt;
		&lt;td class="tabelatd1"&gt;Em aberto&lt;/td&gt;
		&lt;td class="tabelatd1"&gt;1-Fulano de Tal (652.392.539-00)&lt;/td&gt;
		&lt;td class="tabelatd1"&gt;1&lt;/td&gt;
		&lt;td class="tabelatd1"&gt;Patrimonial&lt;/td&gt;
&lt;th class="tabelatd1" border="1"&gt;&lt;a class="noPrint" href="?class=BaixarParcela&amp;id=330"&gt;[Baixar&amp;nbsp;parcela] &lt;/a&gt;&lt;a class="noPrint" href="?class=ImprimirParcela&amp;id=330"&gt;[Imprimir&amp;nbsp;parcela] &lt;/a&gt;&lt;/th&gt;
	&lt;/tr&gt;
	&lt;tr&gt;
		&lt;td class="tabelatd2"&gt;360&lt;/td&gt;
		&lt;td class="tabelatd2"&gt;Tipo Cobranca&lt;/td&gt;
		&lt;td class="tabelatd2"&gt;11/10/2018&lt;/td&gt;
		&lt;td class="tabelatd2"&gt;110.00&lt;/td&gt;
		&lt;td class="tabelatd2"&gt;0.00&lt;/td&gt;
		&lt;td class="tabelatd2"&gt;Em aberto&lt;/td&gt;
		&lt;td class="tabelatd2"&gt;1-Fulano de Tal (652.392.539-00)&lt;/td&gt;
		&lt;td class="tabelatd2"&gt;1&lt;/td&gt;
		&lt;td class="tabelatd2"&gt;Patrimonial&lt;/td&gt;
&lt;th class="tabelatd2" border="1"&gt;&lt;a class="noPrint" href="?class=BaixarParcela&amp;id=360"&gt;[Baixar&amp;nbsp;parcela] &lt;/a&gt;&lt;a class="noPrint" href="?class=ImprimirParcela&amp;id=360"&gt;[Imprimir&amp;nbsp;parcela] &lt;/a&gt;&lt;/th&gt;
	&lt;/tr&gt;
	&lt;tr&gt;
		&lt;td class="tabelatd1"&gt;392&lt;/td&gt;
		&lt;td class="tabelatd1"&gt;Tipo Cobranca&lt;/td&gt;
		&lt;td class="tabelatd1"&gt;11/10/2018&lt;/td&gt;
		&lt;td class="tabelatd1"&gt;110.00&lt;/td&gt;
		&lt;td class="tabelatd1"&gt;0.00&lt;/td&gt;
		&lt;td class="tabelatd1"&gt;Em aberto&lt;/td&gt;
		&lt;td class="tabelatd1"&gt;1-Fulano de Tal (652.392.539-00)&lt;/td&gt;
		&lt;td class="tabelatd1"&gt;1&lt;/td&gt;
		&lt;td class="tabelatd1"&gt;Patrimonial&lt;/td&gt;
&lt;th class="tabelatd1" border="1"&gt;&lt;a class="noPrint" href="?class=BaixarParcela&amp;id=392"&gt;[Baixar&amp;nbsp;parcela] &lt;/a&gt;&lt;a class="noPrint" href="?class=ImprimirParcela&amp;id=392"&gt;[Imprimir&amp;nbsp;parcela] &lt;/a&gt;&lt;/th&gt;
	&lt;/tr&gt;
	&lt;tr&gt;
		&lt;td class="tabelatd2"&gt;426&lt;/td&gt;
		&lt;td class="tabelatd2"&gt;Tipo Cobranca&lt;/td&gt;
		&lt;td class="tabelatd2"&gt;11/10/2018&lt;/td&gt;
		&lt;td class="tabelatd2"&gt;110.00&lt;/td&gt;
		&lt;td class="tabelatd2"&gt;0.00&lt;/td&gt;
		&lt;td class="tabelatd2"&gt;Em aberto&lt;/td&gt;
		&lt;td class="tabelatd2"&gt;1-Fulano de Tal (652.392.539-00)&lt;/td&gt;
		&lt;td class="tabelatd2"&gt;1&lt;/td&gt;
		&lt;td class="tabelatd2"&gt;Patrimonial&lt;/td&gt;
&lt;th class="tabelatd2" border="1"&gt;&lt;a class="noPrint" href="?class=BaixarParcela&amp;id=426"&gt;[Baixar&amp;nbsp;parcela] &lt;/a&gt;&lt;a class="noPrint" href="?class=ImprimirParcela&amp;id=426"&gt;[Imprimir&amp;nbsp;parcela] &lt;/a&gt;&lt;/th&gt;
	&lt;/tr&gt;
	&lt;tr&gt;
		&lt;td class="tabelatd1"&gt;462&lt;/td&gt;
		&lt;td class="tabelatd1"&gt;Tipo Cobranca&lt;/td&gt;
		&lt;td class="tabelatd1"&gt;11/10/2018&lt;/td&gt;
		&lt;td class="tabelatd1"&gt;110.00&lt;/td&gt;
		&lt;td class="tabelatd1"&gt;0.00&lt;/td&gt;
		&lt;td class="tabelatd1"&gt;Em aberto&lt;/td&gt;
		&lt;td class="tabelatd1"&gt;1-Fulano de Tal (652.392.539-00)&lt;/td&gt;
		&lt;td class="tabelatd1"&gt;1&lt;/td&gt;
		&lt;td class="tabelatd1"&gt;Patrimonial&lt;/td&gt;
&lt;th class="tabelatd1" border="1"&gt;&lt;a class="noPrint" href="?class=BaixarParcela&amp;id=462"&gt;[Baixar&amp;nbsp;parcela] &lt;/a&gt;&lt;a class="noPrint" href="?class=ImprimirParcela&amp;id=462"&gt;[Imprimir&amp;nbsp;parcela] &lt;/a&gt;&lt;/th&gt;
	&lt;/tr&gt;
	&lt;tr&gt;
		&lt;td class="tabelatd2"&gt;331&lt;/td&gt;
		&lt;td class="tabelatd2"&gt;Tipo Cobranca&lt;/td&gt;
		&lt;td class="tabelatd2"&gt;11/10/2018&lt;/td&gt;
		&lt;td class="tabelatd2"&gt;110.00&lt;/td&gt;
		&lt;td class="tabelatd2"&gt;0.00&lt;/td&gt;
		&lt;td class="tabelatd2"&gt;Em aberto&lt;/td&gt;
		&lt;td class="tabelatd2"&gt;1-Fulano de Tal (652.392.539-00)&lt;/td&gt;
		&lt;td class="tabelatd2"&gt;1&lt;/td&gt;
		&lt;td class="tabelatd2"&gt;Patrimonial&lt;/td&gt;
&lt;th class="tabelatd2" border="1"&gt;&lt;a class="noPrint" href="?class=BaixarParcela&amp;id=331"&gt;[Baixar&amp;nbsp;parcela] &lt;/a&gt;&lt;a class="noPrint" href="?class=ImprimirParcela&amp;id=331"&gt;[Imprimir&amp;nbsp;parcela] &lt;/a&gt;&lt;/th&gt;
	&lt;/tr&gt;
	&lt;tr&gt;
		&lt;td class="tabelatd1"&gt;361&lt;/td&gt;
		&lt;td class="tabelatd1"&gt;Tipo Cobranca&lt;/td&gt;
		&lt;td class="tabelatd1"&gt;11/10/2018&lt;/td&gt;
		&lt;td class="tabelatd1"&gt;110.00&lt;/td&gt;
		&lt;td class="tabelatd1"&gt;0.00&lt;/td&gt;
		&lt;td class="tabelatd1"&gt;Em aberto&lt;/td&gt;
		&lt;td class="tabelatd1"&gt;1-Fulano de Tal (652.392.539-00)&lt;/td&gt;
		&lt;td class="tabelatd1"&gt;1&lt;/td&gt;
		&lt;td class="tabelatd1"&gt;Patrimonial&lt;/td&gt;
&lt;th class="tabelatd1" border="1"&gt;&lt;a class="noPrint" href="?class=BaixarParcela&amp;id=361"&gt;[Baixar&amp;nbsp;parcela] &lt;/a&gt;&lt;a class="noPrint" href="?class=ImprimirParcela&amp;id=361"&gt;[Imprimir&amp;nbsp;parcela] &lt;/a&gt;&lt;/th&gt;
	&lt;/tr&gt;
	&lt;tr&gt;
		&lt;td class="tabelatd2"&gt;393&lt;/td&gt;
		&lt;td class="tabelatd2"&gt;Tipo Cobranca&lt;/td&gt;
		&lt;td class="tabelatd2"&gt;11/10/2018&lt;/td&gt;
		&lt;td class="tabelatd2"&gt;110.00&lt;/td&gt;
		&lt;td class="tabelatd2"&gt;0.00&lt;/td&gt;
		&lt;td class="tabelatd2"&gt;Em aberto&lt;/td&gt;
		&lt;td class="tabelatd2"&gt;1-Fulano de Tal (652.392.539-00)&lt;/td&gt;
		&lt;td class="tabelatd2"&gt;1&lt;/td&gt;
		&lt;td class="tabelatd2"&gt;Patrimonial&lt;/td&gt;
&lt;th class="tabelatd2" border="1"&gt;&lt;a class="noPrint" href="?class=BaixarParcela&amp;id=393"&gt;[Baixar&amp;nbsp;parcela] &lt;/a&gt;&lt;a class="noPrint" href="?class=ImprimirParcela&amp;id=393"&gt;[Imprimir&amp;nbsp;parcela] &lt;/a&gt;&lt;/th&gt;
	&lt;/tr&gt;
	&lt;tr&gt;
		&lt;td class="tabelatd1"&gt;427&lt;/td&gt;
		&lt;td class="tabelatd1"&gt;Tipo Cobranca&lt;/td&gt;
		&lt;td class="tabelatd1"&gt;11/10/2018&lt;/td&gt;
		&lt;td class="tabelatd1"&gt;110.00&lt;/td&gt;
		&lt;td class="tabelatd1"&gt;0.00&lt;/td&gt;
		&lt;td class="tabelatd1"&gt;Em aberto&lt;/td&gt;
		&lt;td class="tabelatd1"&gt;1-Fulano de Tal (652.392.539-00)&lt;/td&gt;
		&lt;td class="tabelatd1"&gt;1&lt;/td&gt;
		&lt;td class="tabelatd1"&gt;Patrimonial&lt;/td&gt;
&lt;th class="tabelatd1" border="1"&gt;&lt;a class="noPrint" href="?class=BaixarParcela&amp;id=427"&gt;[Baixar&amp;nbsp;parcela] &lt;/a&gt;&lt;a class="noPrint" href="?class=ImprimirParcela&amp;id=427"&gt;[Imprimir&amp;nbsp;parcela] &lt;/a&gt;&lt;/th&gt;
	&lt;/tr&gt;
	&lt;tr&gt;
		&lt;td class="tabelatd2"&gt;463&lt;/td&gt;
		&lt;td class="tabelatd2"&gt;Tipo Cobranca&lt;/td&gt;
		&lt;td class="tabelatd2"&gt;11/10/2018&lt;/td&gt;
		&lt;td class="tabelatd2"&gt;110.00&lt;/td&gt;
		&lt;td class="tabelatd2"&gt;0.00&lt;/td&gt;
		&lt;td class="tabelatd2"&gt;Em aberto&lt;/td&gt;
		&lt;td class="tabelatd2"&gt;1-Fulano de Tal (652.392.539-00)&lt;/td&gt;
		&lt;td class="tabelatd2"&gt;1&lt;/td&gt;
		&lt;td class="tabelatd2"&gt;Patrimonial&lt;/td&gt;
&lt;th class="tabelatd2" border="1"&gt;&lt;a class="noPrint" href="?class=BaixarParcela&amp;id=463"&gt;[Baixar&amp;nbsp;parcela] &lt;/a&gt;&lt;a class="noPrint" href="?class=ImprimirParcela&amp;id=463"&gt;[Imprimir&amp;nbsp;parcela] &lt;/a&gt;&lt;/th&gt;
	&lt;/tr&gt;
	&lt;tr&gt;
		&lt;td class="tabelatd1"&gt;362&lt;/td&gt;
		&lt;td class="tabelatd1"&gt;Tipo Cobranca&lt;/td&gt;
		&lt;td class="tabelatd1"&gt;11/10/2018&lt;/td&gt;
		&lt;td class="tabelatd1"&gt;110.00&lt;/td&gt;
		&lt;td class="tabelatd1"&gt;0.00&lt;/td&gt;
		&lt;td class="tabelatd1"&gt;Em aberto&lt;/td&gt;
		&lt;td class="tabelatd1"&gt;1-Fulano de Tal (652.392.539-00)&lt;/td&gt;
		&lt;td class="tabelatd1"&gt;1&lt;/td&gt;
		&lt;td class="tabelatd1"&gt;Patrimonial&lt;/td&gt;
&lt;th class="tabelatd1" border="1"&gt;&lt;a class="noPrint" href="?class=BaixarParcela&amp;id=362"&gt;[Baixar&amp;nbsp;parcela] &lt;/a&gt;&lt;a class="noPrint" href="?class=ImprimirParcela&amp;id=362"&gt;[Imprimir&amp;nbsp;parcela] &lt;/a&gt;&lt;/th&gt;
	&lt;/tr&gt;
	&lt;tr&gt;
		&lt;td class="tabelatd2"&gt;394&lt;/td&gt;
		&lt;td class="tabelatd2"&gt;Tipo Cobranca&lt;/td&gt;
		&lt;td class="tabelatd2"&gt;11/10/2018&lt;/td&gt;
		&lt;td class="tabelatd2"&gt;110.00&lt;/td&gt;
		&lt;td class="tabelatd2"&gt;0.00&lt;/td&gt;
		&lt;td class="tabelatd2"&gt;Em aberto&lt;/td&gt;
		&lt;td class="tabelatd2"&gt;1-Fulano de Tal (652.392.539-00)&lt;/td&gt;
		&lt;td class="tabelatd2"&gt;1&lt;/td&gt;
		&lt;td class="tabelatd2"&gt;Patrimonial&lt;/td&gt;
&lt;th class="tabelatd2" border="1"&gt;&lt;a class="noPrint" href="?class=BaixarParcela&amp;id=394"&gt;[Baixar&amp;nbsp;parcela] &lt;/a&gt;&lt;a class="noPrint" href="?class=ImprimirParcela&amp;id=394"&gt;[Imprimir&amp;nbsp;parcela] &lt;/a&gt;&lt;/th&gt;
	&lt;/tr&gt;
	&lt;tr&gt;
		&lt;td class="tabelatd1"&gt;428&lt;/td&gt;
		&lt;td class="tabelatd1"&gt;Tipo Cobranca&lt;/td&gt;
		&lt;td class="tabelatd1"&gt;11/10/2018&lt;/td&gt;
		&lt;td class="tabelatd1"&gt;110.00&lt;/td&gt;
		&lt;td class="tabelatd1"&gt;0.00&lt;/td&gt;
		&lt;td class="tabelatd1"&gt;Em aberto&lt;/td&gt;
		&lt;td class="tabelatd1"&gt;1-Fulano de Tal (652.392.539-00)&lt;/td&gt;
		&lt;td class="tabelatd1"&gt;1&lt;/td&gt;
		&lt;td class="tabelatd1"&gt;Patrimonial&lt;/td&gt;
&lt;th class="tabelatd1" border="1"&gt;&lt;a class="noPrint" href="?class=BaixarParcela&amp;id=428"&gt;[Baixar&amp;nbsp;parcela] &lt;/a&gt;&lt;a class="noPrint" href="?class=ImprimirParcela&amp;id=428"&gt;[Imprimir&amp;nbsp;parcela] &lt;/a&gt;&lt;/th&gt;
	&lt;/tr&gt;
	&lt;tr&gt;
		&lt;td class="tabelatd2"&gt;464&lt;/td&gt;
		&lt;td class="tabelatd2"&gt;Tipo Cobranca&lt;/td&gt;
		&lt;td class="tabelatd2"&gt;11/10/2018&lt;/td&gt;
		&lt;td class="tabelatd2"&gt;110.00&lt;/td&gt;
		&lt;td class="tabelatd2"&gt;0.00&lt;/td&gt;
		&lt;td class="tabelatd2"&gt;Em aberto&lt;/td&gt;
		&lt;td class="tabelatd2"&gt;1-Fulano de Tal (652.392.539-00)&lt;/td&gt;
		&lt;td class="tabelatd2"&gt;1&lt;/td&gt;
		&lt;td class="tabelatd2"&gt;Patrimonial&lt;/td&gt;
&lt;th class="tabelatd2" border="1"&gt;&lt;a class="noPrint" href="?class=BaixarParcela&amp;id=464"&gt;[Baixar&amp;nbsp;parcela] &lt;/a&gt;&lt;a class="noPrint" href="?class=ImprimirParcela&amp;id=464"&gt;[Imprimir&amp;nbsp;parcela] &lt;/a&gt;&lt;/th&gt;
	&lt;/tr&gt;
	&lt;tr&gt;
		&lt;td class="tabelatd1"&gt;395&lt;/td&gt;
		&lt;td class="tabelatd1"&gt;Tipo Cobranca&lt;/td&gt;
		&lt;td class="tabelatd1"&gt;11/10/2018&lt;/td&gt;
		&lt;td class="tabelatd1"&gt;110.00&lt;/td&gt;
		&lt;td class="tabelatd1"&gt;0.00&lt;/td&gt;
		&lt;td class="tabelatd1"&gt;Em aberto&lt;/td&gt;
		&lt;td class="tabelatd1"&gt;1-Fulano de Tal (652.392.539-00)&lt;/td&gt;
		&lt;td class="tabelatd1"&gt;1&lt;/td&gt;
		&lt;td class="tabelatd1"&gt;Patrimonial&lt;/td&gt;
&lt;th class="tabelatd1" border="1"&gt;&lt;a class="noPrint" href="?class=BaixarParcela&amp;id=395"&gt;[Baixar&amp;nbsp;parcela] &lt;/a&gt;&lt;a class="noPrint" href="?class=ImprimirParcela&amp;id=395"&gt;[Imprimir&amp;nbsp;parcela] &lt;/a&gt;&lt;/th&gt;
	&lt;/tr&gt;
	&lt;tr&gt;
		&lt;td class="tabelatd2"&gt;429&lt;/td&gt;
		&lt;td class="tabelatd2"&gt;Tipo Cobranca&lt;/td&gt;
		&lt;td class="tabelatd2"&gt;11/10/2018&lt;/td&gt;
		&lt;td class="tabelatd2"&gt;110.00&lt;/td&gt;
		&lt;td class="tabelatd2"&gt;0.00&lt;/td&gt;
		&lt;td class="tabelatd2"&gt;Em aberto&lt;/td&gt;
		&lt;td class="tabelatd2"&gt;1-Fulano de Tal (652.392.539-00)&lt;/td&gt;
		&lt;td class="tabelatd2"&gt;1&lt;/td&gt;
		&lt;td class="tabelatd2"&gt;Patrimonial&lt;/td&gt;
&lt;th class="tabelatd2" border="1"&gt;&lt;a class="noPrint" href="?class=BaixarParcela&amp;id=429"&gt;[Baixar&amp;nbsp;parcela] &lt;/a&gt;&lt;a class="noPrint" href="?class=ImprimirParcela&amp;id=429"&gt;[Imprimir&amp;nbsp;parcela] &lt;/a&gt;&lt;/th&gt;
	&lt;/tr&gt;
	&lt;tr&gt;
		&lt;td class="tabelatd1"&gt;465&lt;/td&gt;
		&lt;td class="tabelatd1"&gt;Tipo Cobranca&lt;/td&gt;
		&lt;td class="tabelatd1"&gt;11/10/2018&lt;/td&gt;
		&lt;td class="tabelatd1"&gt;110.00&lt;/td&gt;
		&lt;td class="tabelatd1"&gt;0.00&lt;/td&gt;
		&lt;td class="tabelatd1"&gt;Em aberto&lt;/td&gt;
		&lt;td class="tabelatd1"&gt;1-Fulano de Tal (652.392.539-00)&lt;/td&gt;
		&lt;td class="tabelatd1"&gt;1&lt;/td&gt;
		&lt;td class="tabelatd1"&gt;Patrimonial&lt;/td&gt;
&lt;th class="tabelatd1" border="1"&gt;&lt;a class="noPrint" href="?class=BaixarParcela&amp;id=465"&gt;[Baixar&amp;nbsp;parcela] &lt;/a&gt;&lt;a class="noPrint" href="?class=ImprimirParcela&amp;id=465"&gt;[Imprimir&amp;nbsp;parcela] &lt;/a&gt;&lt;/th&gt;
	&lt;/tr&gt;
	&lt;tr&gt;
		&lt;td class="tabelatd2"&gt;430&lt;/td&gt;
		&lt;td class="tabelatd2"&gt;Tipo Cobranca&lt;/td&gt;
		&lt;td class="tabelatd2"&gt;11/10/2018&lt;/td&gt;
		&lt;td class="tabelatd2"&gt;110.00&lt;/td&gt;
		&lt;td class="tabelatd2"&gt;0.00&lt;/td&gt;
		&lt;td class="tabelatd2"&gt;Em aberto&lt;/td&gt;
		&lt;td class="tabelatd2"&gt;1-Fulano de Tal (652.392.539-00)&lt;/td&gt;
		&lt;td class="tabelatd2"&gt;1&lt;/td&gt;
		&lt;td class="tabelatd2"&gt;Patrimonial&lt;/td&gt;
&lt;th class="tabelatd2" border="1"&gt;&lt;a class="noPrint" href="?class=BaixarParcela&amp;id=430"&gt;[Baixar&amp;nbsp;parcela] &lt;/a&gt;&lt;a class="noPrint" href="?class=ImprimirParcela&amp;id=430"&gt;[Imprimir&amp;nbsp;parcela] &lt;/a&gt;&lt;/th&gt;
	&lt;/tr&gt;
	&lt;tr&gt;
		&lt;td class="tabelatd1"&gt;466&lt;/td&gt;
		&lt;td class="tabelatd1"&gt;Tipo Cobranca&lt;/td&gt;
		&lt;td class="tabelatd1"&gt;11/10/2018&lt;/td&gt;
		&lt;td class="tabelatd1"&gt;110.00&lt;/td&gt;
		&lt;td class="tabelatd1"&gt;0.00&lt;/td&gt;
		&lt;td class="tabelatd1"&gt;Em aberto&lt;/td&gt;
		&lt;td class="tabelatd1"&gt;1-Fulano de Tal (652.392.539-00)&lt;/td&gt;
		&lt;td class="tabelatd1"&gt;1&lt;/td&gt;
		&lt;td class="tabelatd1"&gt;Patrimonial&lt;/td&gt;
&lt;th class="tabelatd1" border="1"&gt;&lt;a class="noPrint" href="?class=BaixarParcela&amp;id=466"&gt;[Baixar&amp;nbsp;parcela] &lt;/a&gt;&lt;a class="noPrint" href="?class=ImprimirParcela&amp;id=466"&gt;[Imprimir&amp;nbsp;parcela] &lt;/a&gt;&lt;/th&gt;
	&lt;/tr&gt;
	&lt;tr&gt;
		&lt;td class="tabelatd2"&gt;467&lt;/td&gt;
		&lt;td class="tabelatd2"&gt;Tipo Cobranca&lt;/td&gt;
		&lt;td class="tabelatd2"&gt;11/10/2018&lt;/td&gt;
		&lt;td class="tabelatd2"&gt;110.00&lt;/td&gt;
		&lt;td class="tabelatd2"&gt;0.00&lt;/td&gt;
		&lt;td class="tabelatd2"&gt;Em aberto&lt;/td&gt;
		&lt;td class="tabelatd2"&gt;1-Fulano de Tal (652.392.539-00)&lt;/td&gt;
		&lt;td class="tabelatd2"&gt;1&lt;/td&gt;
		&lt;td class="tabelatd2"&gt;Patrimonial&lt;/td&gt;
&lt;th class="tabelatd2" border="1"&gt;&lt;a class="noPrint" href="?class=BaixarParcela&amp;id=467"&gt;[Baixar&amp;nbsp;parcela] &lt;/a&gt;&lt;a class="noPrint" href="?class=ImprimirParcela&amp;id=467"&gt;[Imprimir&amp;nbsp;parcela] &lt;/a&gt;&lt;/th&gt;
	&lt;/tr&gt;
&lt;/Table&gt;
&lt;h3&gt;Número de registros na lista: 436&lt;/h3&gt;
&lt;/div&gt;
 &#13;
     &lt;center&gt;&lt;h2&gt;Associados ativos&lt;/h2&gt;&lt;/center&gt;&#13;
     &lt;input type="button" onclick="imprimirDiv('divASSOCIADO', this);" value="Imprimir lista"&gt;&lt;div id='divASSOCIADO'&gt;
&lt;Table class="tabela" width="100%" border="1" cellpadding="3" cellspacing="0"&gt;
&lt;tr&gt;
&lt;th class="tabelath" border="1"&gt;CODIGO&lt;/th&gt;
&lt;th class="tabelath" border="1"&gt;ASSOCIADO&lt;/th&gt;
&lt;th class="tabelath" border="1"&gt;GENERO&lt;/th&gt;
&lt;th class="tabelath" border="1"&gt;CPF&lt;/th&gt;
&lt;th class="tabelath" border="1"&gt;CIDADE&lt;/th&gt;
&lt;th class="tabelath" border="1"&gt;SITUACAO&lt;/th&gt;
&lt;th class="tabelath" border="1"&gt;OPERAÇÃO&lt;/th&gt;
&lt;/tr&gt;
	&lt;tr&gt;
		&lt;td class="tabelatd1"&gt;4&lt;/td&gt;
		&lt;td class="tabelatd1"&gt;Beltrano da Silva&lt;/td&gt;
		&lt;td class="tabelatd1"&gt;Masculino&lt;/td&gt;
		&lt;td class="tabelatd1"&gt;333.333.333-33&lt;/td&gt;
		&lt;td class="tabelatd1"&gt;Cocal do Sul/SC&lt;/td&gt;
		&lt;td class="tabelatd1"&gt;Ativo&lt;/td&gt;
&lt;th class="tabelatd1" border="1"&gt;&lt;a class="noPrint" href="?class=RelacionaParcelasAssociado&amp;opera=B;I;&amp;id=4&amp;associado=Beltrano da Silva"&gt;[Relaciona&amp;nbsp;parcelas] &lt;/a&gt;&lt;/th&gt;
	&lt;/tr&gt;
	&lt;tr&gt;
		&lt;td class="tabelatd2"&gt;3&lt;/td&gt;
		&lt;td class="tabelatd2"&gt;Cicrano de Tal&lt;/td&gt;
		&lt;td class="tabelatd2"&gt;Masculino&lt;/td&gt;
		&lt;td class="tabelatd2"&gt;222.222.222-22&lt;/td&gt;
		&lt;td class="tabelatd2"&gt;Criciúma/SC&lt;/td&gt;
		&lt;td class="tabelatd2"&gt;Ativo&lt;/td&gt;
&lt;th class="tabelatd2" border="1"&gt;&lt;a class="noPrint" href="?class=RelacionaParcelasAssociado&amp;opera=B;I;&amp;id=3&amp;associado=Cicrano de Tal"&gt;[Relaciona&amp;nbsp;parcelas] &lt;/a&gt;&lt;/th&gt;
	&lt;/tr&gt;
	&lt;tr&gt;
		&lt;td class="tabelatd1"&gt;1&lt;/td&gt;
		&lt;td class="tabelatd1"&gt;Fulano de Tal&lt;/td&gt;
		&lt;td class="tabelatd1"&gt;Feminino&lt;/td&gt;
		&lt;td class="tabelatd1"&gt;652.392.539-00&lt;/td&gt;
		&lt;td class="tabelatd1"&gt;Criciúma/SC&lt;/td&gt;
		&lt;td class="tabelatd1"&gt;Ativo&lt;/td&gt;
&lt;th class="tabelatd1" border="1"&gt;&lt;a class="noPrint" href="?class=RelacionaParcelasAssociado&amp;opera=B;I;&amp;id=1&amp;associado=Fulano de Tal"&gt;[Relaciona&amp;nbsp;parcelas] &lt;/a&gt;&lt;/th&gt;
	&lt;/tr&gt;
	&lt;tr&gt;
		&lt;td class="tabelatd2"&gt;5&lt;/td&gt;
		&lt;td class="tabelatd2"&gt;Fulano de Tal&lt;/td&gt;
		&lt;td class="tabelatd2"&gt;Feminino&lt;/td&gt;
		&lt;td class="tabelatd2"&gt;652.392.539-00&lt;/td&gt;
		&lt;td class="tabelatd2"&gt;Criciúma/SC&lt;/td&gt;
		&lt;td class="tabelatd2"&gt;Ativo&lt;/td&gt;
&lt;th class="tabelatd2" border="1"&gt;&lt;a class="noPrint" href="?class=RelacionaParcelasAssociado&amp;opera=B;I;&amp;id=5&amp;associado=Fulano de Tal"&gt;[Relaciona&amp;nbsp;parcelas] &lt;/a&gt;&lt;/th&gt;
	&lt;/tr&gt;
	&lt;tr&gt;
		&lt;td class="tabelatd1"&gt;6&lt;/td&gt;
		&lt;td class="tabelatd1"&gt;Fulano de Tal&lt;/td&gt;
		&lt;td class="tabelatd1"&gt;Feminino&lt;/td&gt;
		&lt;td class="tabelatd1"&gt;652.392.539-00&lt;/td&gt;
		&lt;td class="tabelatd1"&gt;Criciúma/SC&lt;/td&gt;
		&lt;td class="tabelatd1"&gt;Ativo&lt;/td&gt;
&lt;th class="tabelatd1" border="1"&gt;&lt;a class="noPrint" href="?class=RelacionaParcelasAssociado&amp;opera=B;I;&amp;id=6&amp;associado=Fulano de Tal"&gt;[Relaciona&amp;nbsp;parcelas] &lt;/a&gt;&lt;/th&gt;
	&lt;/tr&gt;
	&lt;tr&gt;
		&lt;td class="tabelatd2"&gt;7&lt;/td&gt;
		&lt;td class="tabelatd2"&gt;Fulano de Tal&lt;/td&gt;
		&lt;td class="tabelatd2"&gt;Feminino&lt;/td&gt;
		&lt;td class="tabelatd2"&gt;652.392.539-00&lt;/td&gt;
		&lt;td class="tabelatd2"&gt;Criciúma/SC&lt;/td&gt;
		&lt;td class="tabelatd2"&gt;Ativo&lt;/td&gt;
&lt;th class="tabelatd2" border="1"&gt;&lt;a class="noPrint" href="?class=RelacionaParcelasAssociado&amp;opera=B;I;&amp;id=7&amp;associado=Fulano de Tal"&gt;[Relaciona&amp;nbsp;parcelas] &lt;/a&gt;&lt;/th&gt;
	&lt;/tr&gt;
	&lt;tr&gt;
		&lt;td class="tabelatd1"&gt;8&lt;/td&gt;
		&lt;td class="tabelatd1"&gt;Fulano de Tal&lt;/td&gt;
		&lt;td class="tabelatd1"&gt;Feminino&lt;/td&gt;
		&lt;td class="tabelatd1"&gt;652.392.539-00&lt;/td&gt;
		&lt;td class="tabelatd1"&gt;Criciúma/SC&lt;/td&gt;
		&lt;td class="tabelatd1"&gt;Ativo&lt;/td&gt;
&lt;th class="tabelatd1" border="1"&gt;&lt;a class="noPrint" href="?class=RelacionaParcelasAssociado&amp;opera=B;I;&amp;id=8&amp;associado=Fulano de Tal"&gt;[Relaciona&amp;nbsp;parcelas] &lt;/a&gt;&lt;/th&gt;
	&lt;/tr&gt;
	&lt;tr&gt;
		&lt;td class="tabelatd2"&gt;9&lt;/td&gt;
		&lt;td class="tabelatd2"&gt;Fulano de Tal&lt;/td&gt;
		&lt;td class="tabelatd2"&gt;Feminino&lt;/td&gt;
		&lt;td class="tabelatd2"&gt;652.392.539-00&lt;/td&gt;
		&lt;td class="tabelatd2"&gt;Criciúma/SC&lt;/td&gt;
		&lt;td class="tabelatd2"&gt;Ativo&lt;/td&gt;
&lt;th class="tabelatd2" border="1"&gt;&lt;a class="noPrint" href="?class=RelacionaParcelasAssociado&amp;opera=B;I;&amp;id=9&amp;associado=Fulano de Tal"&gt;[Relaciona&amp;nbsp;parcelas] &lt;/a&gt;&lt;/th&gt;
	&lt;/tr&gt;
	&lt;tr&gt;
		&lt;td class="tabelatd1"&gt;10&lt;/td&gt;
		&lt;td class="tabelatd1"&gt;Fulano de Tal&lt;/td&gt;
		&lt;td class="tabelatd1"&gt;Feminino&lt;/td&gt;
		&lt;td class="tabelatd1"&gt;652.392.539-00&lt;/td&gt;
		&lt;td class="tabelatd1"&gt;Criciúma/SC&lt;/td&gt;
		&lt;td class="tabelatd1"&gt;Ativo&lt;/td&gt;
&lt;th class="tabelatd1" border="1"&gt;&lt;a class="noPrint" href="?class=RelacionaParcelasAssociado&amp;opera=B;I;&amp;id=10&amp;associado=Fulano de Tal"&gt;[Relaciona&amp;nbsp;parcelas] &lt;/a&gt;&lt;/th&gt;
	&lt;/tr&gt;
	&lt;tr&gt;
		&lt;td class="tabelatd2"&gt;11&lt;/td&gt;
		&lt;td class="tabelatd2"&gt;Fulano de Tal&lt;/td&gt;
		&lt;td class="tabelatd2"&gt;Feminino&lt;/td&gt;
		&lt;td class="tabelatd2"&gt;652.392.539-00&lt;/td&gt;
		&lt;td class="tabelatd2"&gt;Criciúma/SC&lt;/td&gt;
		&lt;td class="tabelatd2"&gt;Ativo&lt;/td&gt;
&lt;th class="tabelatd2" border="1"&gt;&lt;a class="noPrint" href="?class=RelacionaParcelasAssociado&amp;opera=B;I;&amp;id=11&amp;associado=Fulano de Tal"&gt;[Relaciona&amp;nbsp;parcelas] &lt;/a&gt;&lt;/th&gt;
	&lt;/tr&gt;
	&lt;tr&gt;
		&lt;td class="tabelatd1"&gt;12&lt;/td&gt;
		&lt;td class="tabelatd1"&gt;Fulano de Tal&lt;/td&gt;
		&lt;td class="tabelatd1"&gt;Feminino&lt;/td&gt;
		&lt;td class="tabelatd1"&gt;652.392.539-00&lt;/td&gt;
		&lt;td class="tabelatd1"&gt;Criciúma/SC&lt;/td&gt;
		&lt;td class="tabelatd1"&gt;Ativo&lt;/td&gt;
&lt;th class="tabelatd1" border="1"&gt;&lt;a class="noPrint" href="?class=RelacionaParcelasAssociado&amp;opera=B;I;&amp;id=12&amp;associado=Fulano de Tal"&gt;[Relaciona&amp;nbsp;parcelas] &lt;/a&gt;&lt;/th&gt;
	&lt;/tr&gt;
	&lt;tr&gt;
		&lt;td class="tabelatd2"&gt;13&lt;/td&gt;
		&lt;td class="tabelatd2"&gt;Fulano de Tal&lt;/td&gt;
		&lt;td class="tabelatd2"&gt;Feminino&lt;/td&gt;
		&lt;td class="tabelatd2"&gt;652.392.539-00&lt;/td&gt;
		&lt;td class="tabelatd2"&gt;Criciúma/SC&lt;/td&gt;
		&lt;td class="tabelatd2"&gt;Ativo&lt;/td&gt;
&lt;th class="tabelatd2" border="1"&gt;&lt;a class="noPrint" href="?class=RelacionaParcelasAssociado&amp;opera=B;I;&amp;id=13&amp;associado=Fulano de Tal"&gt;[Relaciona&amp;nbsp;parcelas] &lt;/a&gt;&lt;/th&gt;
	&lt;/tr&gt;
	&lt;tr&gt;
		&lt;td class="tabelatd1"&gt;14&lt;/td&gt;
		&lt;td class="tabelatd1"&gt;Fulano de Tal&lt;/td&gt;
		&lt;td class="tabelatd1"&gt;Feminino&lt;/td&gt;
		&lt;td class="tabelatd1"&gt;652.392.539-00&lt;/td&gt;
		&lt;td class="tabelatd1"&gt;Criciúma/SC&lt;/td&gt;
		&lt;td class="tabelatd1"&gt;Ativo&lt;/td&gt;
&lt;th class="tabelatd1" border="1"&gt;&lt;a class="noPrint" href="?class=RelacionaParcelasAssociado&amp;opera=B;I;&amp;id=14&amp;associado=Fulano de Tal"&gt;[Relaciona&amp;nbsp;parcelas] &lt;/a&gt;&lt;/th&gt;
	&lt;/tr&gt;
	&lt;tr&gt;
		&lt;td class="tabelatd2"&gt;15&lt;/td&gt;
		&lt;td class="tabelatd2"&gt;Fulano de Tal&lt;/td&gt;
		&lt;td class="tabelatd2"&gt;Feminino&lt;/td&gt;
		&lt;td class="tabelatd2"&gt;652.392.539-00&lt;/td&gt;
		&lt;td class="tabelatd2"&gt;Criciúma/SC&lt;/td&gt;
		&lt;td class="tabelatd2"&gt;Ativo&lt;/td&gt;
&lt;th class="tabelatd2" border="1"&gt;&lt;a class="noPrint" href="?class=RelacionaParcelasAssociado&amp;opera=B;I;&amp;id=15&amp;associado=Fulano de Tal"&gt;[Relaciona&amp;nbsp;parcelas] &lt;/a&gt;&lt;/th&gt;
	&lt;/tr&gt;
	&lt;tr&gt;
		&lt;td class="tabelatd1"&gt;16&lt;/td&gt;
		&lt;td class="tabelatd1"&gt;Fulano de Tal&lt;/td&gt;
		&lt;td class="tabelatd1"&gt;Feminino&lt;/td&gt;
		&lt;td class="tabelatd1"&gt;652.392.539-00&lt;/td&gt;
		&lt;td class="tabelatd1"&gt;Criciúma/SC&lt;/td&gt;
		&lt;td class="tabelatd1"&gt;Ativo&lt;/td&gt;
&lt;th class="tabelatd1" border="1"&gt;&lt;a class="noPrint" href="?class=RelacionaParcelasAssociado&amp;opera=B;I;&amp;id=16&amp;associado=Fulano de Tal"&gt;[Relaciona&amp;nbsp;parcelas] &lt;/a&gt;&lt;/th&gt;
	&lt;/tr&gt;
	&lt;tr&gt;
		&lt;td class="tabelatd2"&gt;17&lt;/td&gt;
		&lt;td class="tabelatd2"&gt;Fulano de Tal&lt;/td&gt;
		&lt;td class="tabelatd2"&gt;Feminino&lt;/td&gt;
		&lt;td class="tabelatd2"&gt;652.392.539-00&lt;/td&gt;
		&lt;td class="tabelatd2"&gt;Criciúma/SC&lt;/td&gt;
		&lt;td class="tabelatd2"&gt;Ativo&lt;/td&gt;
&lt;th class="tabelatd2" border="1"&gt;&lt;a class="noPrint" href="?class=RelacionaParcelasAssociado&amp;opera=B;I;&amp;id=17&amp;associado=Fulano de Tal"&gt;[Relaciona&amp;nbsp;parcelas] &lt;/a&gt;&lt;/th&gt;
	&lt;/tr&gt;
	&lt;tr&gt;
		&lt;td class="tabelatd1"&gt;18&lt;/td&gt;
		&lt;td class="tabelatd1"&gt;Fulano de Tal&lt;/td&gt;
		&lt;td class="tabelatd1"&gt;Feminino&lt;/td&gt;
		&lt;td class="tabelatd1"&gt;652.392.539-00&lt;/td&gt;
		&lt;td class="tabelatd1"&gt;Criciúma/SC&lt;/td&gt;
		&lt;td class="tabelatd1"&gt;Ativo&lt;/td&gt;
&lt;th class="tabelatd1" border="1"&gt;&lt;a class="noPrint" href="?class=RelacionaParcelasAssociado&amp;opera=B;I;&amp;id=18&amp;associado=Fulano de Tal"&gt;[Relaciona&amp;nbsp;parcelas] &lt;/a&gt;&lt;/th&gt;
	&lt;/tr&gt;
	&lt;tr&gt;
		&lt;td class="tabelatd2"&gt;19&lt;/td&gt;
		&lt;td class="tabelatd2"&gt;Fulano de Tal&lt;/td&gt;
		&lt;td class="tabelatd2"&gt;Feminino&lt;/td&gt;
		&lt;td class="tabelatd2"&gt;652.392.539-00&lt;/td&gt;
		&lt;td class="tabelatd2"&gt;Criciúma/SC&lt;/td&gt;
		&lt;td class="tabelatd2"&gt;Ativo&lt;/td&gt;
&lt;th class="tabelatd2" border="1"&gt;&lt;a class="noPrint" href="?class=RelacionaParcelasAssociado&amp;opera=B;I;&amp;id=19&amp;associado=Fulano de Tal"&gt;[Relaciona&amp;nbsp;parcelas] &lt;/a&gt;&lt;/th&gt;
	&lt;/tr&gt;
&lt;/Table&gt;
&lt;h3&gt;Número de registros na lista: 18&lt;/h3&gt;
&lt;/div&gt;
 &#13;
     &lt;center&gt;&lt;h2&gt;Títulos ativos&lt;/h2&gt;&lt;/center&gt;&#13;
     &lt;input type="button" onclick="imprimirDiv('divTITULO', this);" value="Imprimir lista"&gt;&lt;div id='divTITULO'&gt;
&lt;Table class="tabela" width="100%" border="1" cellpadding="3" cellspacing="0"&gt;
&lt;tr&gt;
&lt;th class="tabelath" border="1"&gt;CODIGO&lt;/th&gt;
&lt;th class="tabelath" border="1"&gt;NUMERO_TITULO&lt;/th&gt;
&lt;th class="tabelath" border="1"&gt;TIPO&lt;/th&gt;
&lt;th class="tabelath" border="1"&gt;ASSOCIADO&lt;/th&gt;
&lt;th class="tabelath" border="1"&gt;DATA_SOCIO&lt;/th&gt;
&lt;th class="tabelath" border="1"&gt;SITUACAO&lt;/th&gt;
&lt;th class="tabelath" border="1"&gt;OPERAÇÃO&lt;/th&gt;
&lt;/tr&gt;
	&lt;tr&gt;
		&lt;td class="tabelatd1"&gt;3&lt;/td&gt;
		&lt;td class="tabelatd1"&gt;0F&lt;/td&gt;
		&lt;td class="tabelatd1"&gt;Patrimonial&lt;/td&gt;
		&lt;td class="tabelatd1"&gt;Beltrano da Silva (333.333.333-33)&lt;/td&gt;
		&lt;td class="tabelatd1"&gt;01/02/2016&lt;/td&gt;
		&lt;td class="tabelatd1"&gt;Ativo&lt;/td&gt;
&lt;th class="tabelatd1" border="1"&gt;&lt;a class="noPrint" href="?class=RelacionaParcelasAssociado&amp;opera=B;I;&amp;id=3&amp;associado=0F"&gt;[Relaciona&amp;nbsp;parcelas] &lt;/a&gt;&lt;/th&gt;
	&lt;/tr&gt;
	&lt;tr&gt;
		&lt;td class="tabelatd2"&gt;1&lt;/td&gt;
		&lt;td class="tabelatd2"&gt;1&lt;/td&gt;
		&lt;td class="tabelatd2"&gt;Patrimonial&lt;/td&gt;
		&lt;td class="tabelatd2"&gt;Fulano de Tal (652.392.539-00)&lt;/td&gt;
		&lt;td class="tabelatd2"&gt;10/01/2010&lt;/td&gt;
		&lt;td class="tabelatd2"&gt;Ativo&lt;/td&gt;
&lt;th class="tabelatd2" border="1"&gt;&lt;a class="noPrint" href="?class=RelacionaParcelasAssociado&amp;opera=B;I;&amp;id=1&amp;associado=1"&gt;[Relaciona&amp;nbsp;parcelas] &lt;/a&gt;&lt;/th&gt;
	&lt;/tr&gt;
	&lt;tr&gt;
		&lt;td class="tabelatd1"&gt;5&lt;/td&gt;
		&lt;td class="tabelatd1"&gt;1&lt;/td&gt;
		&lt;td class="tabelatd1"&gt;Patrimonial&lt;/td&gt;
		&lt;td class="tabelatd1"&gt;Fulano de Tal (652.392.539-00)&lt;/td&gt;
		&lt;td class="tabelatd1"&gt;10/01/2010&lt;/td&gt;
		&lt;td class="tabelatd1"&gt;Ativo&lt;/td&gt;
&lt;th class="tabelatd1" border="1"&gt;&lt;a class="noPrint" href="?class=RelacionaParcelasAssociado&amp;opera=B;I;&amp;id=5&amp;associado=1"&gt;[Relaciona&amp;nbsp;parcelas] &lt;/a&gt;&lt;/th&gt;
	&lt;/tr&gt;
	&lt;tr&gt;
		&lt;td class="tabelatd2"&gt;6&lt;/td&gt;
		&lt;td class="tabelatd2"&gt;1&lt;/td&gt;
		&lt;td class="tabelatd2"&gt;Patrimonial&lt;/td&gt;
		&lt;td class="tabelatd2"&gt;Fulano de Tal (652.392.539-00)&lt;/td&gt;
		&lt;td class="tabelatd2"&gt;10/01/2010&lt;/td&gt;
		&lt;td class="tabelatd2"&gt;Ativo&lt;/td&gt;
&lt;th class="tabelatd2" border="1"&gt;&lt;a class="noPrint" href="?class=RelacionaParcelasAssociado&amp;opera=B;I;&amp;id=6&amp;associado=1"&gt;[Relaciona&amp;nbsp;parcelas] &lt;/a&gt;&lt;/th&gt;
	&lt;/tr&gt;
	&lt;tr&gt;
		&lt;td class="tabelatd1"&gt;7&lt;/td&gt;
		&lt;td class="tabelatd1"&gt;1&lt;/td&gt;
		&lt;td class="tabelatd1"&gt;Patrimonial&lt;/td&gt;
		&lt;td class="tabelatd1"&gt;Fulano de Tal (652.392.539-00)&lt;/td&gt;
		&lt;td class="tabelatd1"&gt;10/01/2010&lt;/td&gt;
		&lt;td class="tabelatd1"&gt;Ativo&lt;/td&gt;
&lt;th class="tabelatd1" border="1"&gt;&lt;a class="noPrint" href="?class=RelacionaParcelasAssociado&amp;opera=B;I;&amp;id=7&amp;associado=1"&gt;[Relaciona&amp;nbsp;parcelas] &lt;/a&gt;&lt;/th&gt;
	&lt;/tr&gt;
	&lt;tr&gt;
		&lt;td class="tabelatd2"&gt;8&lt;/td&gt;
		&lt;td class="tabelatd2"&gt;1&lt;/td&gt;
		&lt;td class="tabelatd2"&gt;Patrimonial&lt;/td&gt;
		&lt;td class="tabelatd2"&gt;Fulano de Tal (652.392.539-00)&lt;/td&gt;
		&lt;td class="tabelatd2"&gt;10/01/2010&lt;/td&gt;
		&lt;td class="tabelatd2"&gt;Ativo&lt;/td&gt;
&lt;th class="tabelatd2" border="1"&gt;&lt;a class="noPrint" href="?class=RelacionaParcelasAssociado&amp;opera=B;I;&amp;id=8&amp;associado=1"&gt;[Relaciona&amp;nbsp;parcelas] &lt;/a&gt;&lt;/th&gt;
	&lt;/tr&gt;
	&lt;tr&gt;
		&lt;td class="tabelatd1"&gt;9&lt;/td&gt;
		&lt;td class="tabelatd1"&gt;1&lt;/td&gt;
		&lt;td class="tabelatd1"&gt;Patrimonial&lt;/td&gt;
		&lt;td class="tabelatd1"&gt;Fulano de Tal (652.392.539-00)&lt;/td&gt;
		&lt;td class="tabelatd1"&gt;10/01/2010&lt;/td&gt;
		&lt;td class="tabelatd1"&gt;Ativo&lt;/td&gt;
&lt;th class="tabelatd1" border="1"&gt;&lt;a class="noPrint" href="?class=RelacionaParcelasAssociado&amp;opera=B;I;&amp;id=9&amp;associado=1"&gt;[Relaciona&amp;nbsp;parcelas] &lt;/a&gt;&lt;/th&gt;
	&lt;/tr&gt;
	&lt;tr&gt;
		&lt;td class="tabelatd2"&gt;10&lt;/td&gt;
		&lt;td class="tabelatd2"&gt;1&lt;/td&gt;
		&lt;td class="tabelatd2"&gt;Patrimonial&lt;/td&gt;
		&lt;td class="tabelatd2"&gt;Fulano de Tal (652.392.539-00)&lt;/td&gt;
		&lt;td class="tabelatd2"&gt;10/01/2010&lt;/td&gt;
		&lt;td class="tabelatd2"&gt;Ativo&lt;/td&gt;
&lt;th class="tabelatd2" border="1"&gt;&lt;a class="noPrint" href="?class=RelacionaParcelasAssociado&amp;opera=B;I;&amp;id=10&amp;associado=1"&gt;[Relaciona&amp;nbsp;parcelas] &lt;/a&gt;&lt;/th&gt;
	&lt;/tr&gt;
	&lt;tr&gt;
		&lt;td class="tabelatd1"&gt;11&lt;/td&gt;
		&lt;td class="tabelatd1"&gt;1&lt;/td&gt;
		&lt;td class="tabelatd1"&gt;Patrimonial&lt;/td&gt;
		&lt;td class="tabelatd1"&gt;Fulano de Tal (652.392.539-00)&lt;/td&gt;
		&lt;td class="tabelatd1"&gt;10/01/2010&lt;/td&gt;
		&lt;td class="tabelatd1"&gt;Ativo&lt;/td&gt;
&lt;th class="tabelatd1" border="1"&gt;&lt;a class="noPrint" href="?class=RelacionaParcelasAssociado&amp;opera=B;I;&amp;id=11&amp;associado=1"&gt;[Relaciona&amp;nbsp;parcelas] &lt;/a&gt;&lt;/th&gt;
	&lt;/tr&gt;
	&lt;tr&gt;
		&lt;td class="tabelatd2"&gt;12&lt;/td&gt;
		&lt;td class="tabelatd2"&gt;1&lt;/td&gt;
		&lt;td class="tabelatd2"&gt;Patrimonial&lt;/td&gt;
		&lt;td class="tabelatd2"&gt;Fulano de Tal (652.392.539-00)&lt;/td&gt;
		&lt;td class="tabelatd2"&gt;10/01/2010&lt;/td&gt;
		&lt;td class="tabelatd2"&gt;Ativo&lt;/td&gt;
&lt;th class="tabelatd2" border="1"&gt;&lt;a class="noPrint" href="?class=RelacionaParcelasAssociado&amp;opera=B;I;&amp;id=12&amp;associado=1"&gt;[Relaciona&amp;nbsp;parcelas] &lt;/a&gt;&lt;/th&gt;
	&lt;/tr&gt;
	&lt;tr&gt;
		&lt;td class="tabelatd1"&gt;13&lt;/td&gt;
		&lt;td class="tabelatd1"&gt;1&lt;/td&gt;
		&lt;td class="tabelatd1"&gt;Patrimonial&lt;/td&gt;
		&lt;td class="tabelatd1"&gt;Fulano de Tal (652.392.539-00)&lt;/td&gt;
		&lt;td class="tabelatd1"&gt;10/01/2010&lt;/td&gt;
		&lt;td class="tabelatd1"&gt;Ativo&lt;/td&gt;
&lt;th class="tabelatd1" border="1"&gt;&lt;a class="noPrint" href="?class=RelacionaParcelasAssociado&amp;opera=B;I;&amp;id=13&amp;associado=1"&gt;[Relaciona&amp;nbsp;parcelas] &lt;/a&gt;&lt;/th&gt;
	&lt;/tr&gt;
	&lt;tr&gt;
		&lt;td class="tabelatd2"&gt;14&lt;/td&gt;
		&lt;td class="tabelatd2"&gt;1&lt;/td&gt;
		&lt;td class="tabelatd2"&gt;Patrimonial&lt;/td&gt;
		&lt;td class="tabelatd2"&gt;Fulano de Tal (652.392.539-00)&lt;/td&gt;
		&lt;td class="tabelatd2"&gt;10/01/2010&lt;/td&gt;
		&lt;td class="tabelatd2"&gt;Ativo&lt;/td&gt;
&lt;th class="tabelatd2" border="1"&gt;&lt;a class="noPrint" href="?class=RelacionaParcelasAssociado&amp;opera=B;I;&amp;id=14&amp;associado=1"&gt;[Relaciona&amp;nbsp;parcelas] &lt;/a&gt;&lt;/th&gt;
	&lt;/tr&gt;
	&lt;tr&gt;
		&lt;td class="tabelatd1"&gt;15&lt;/td&gt;
		&lt;td class="tabelatd1"&gt;1&lt;/td&gt;
		&lt;td class="tabelatd1"&gt;Patrimonial&lt;/td&gt;
		&lt;td class="tabelatd1"&gt;Fulano de Tal (652.392.539-00)&lt;/td&gt;
		&lt;td class="tabelatd1"&gt;10/01/2010&lt;/td&gt;
		&lt;td class="tabelatd1"&gt;Ativo&lt;/td&gt;
&lt;th class="tabelatd1" border="1"&gt;&lt;a class="noPrint" href="?class=RelacionaParcelasAssociado&amp;opera=B;I;&amp;id=15&amp;associado=1"&gt;[Relaciona&amp;nbsp;parcelas] &lt;/a&gt;&lt;/th&gt;
	&lt;/tr&gt;
	&lt;tr&gt;
		&lt;td class="tabelatd2"&gt;16&lt;/td&gt;
		&lt;td class="tabelatd2"&gt;1&lt;/td&gt;
		&lt;td class="tabelatd2"&gt;Patrimonial&lt;/td&gt;
		&lt;td class="tabelatd2"&gt;Fulano de Tal (652.392.539-00)&lt;/td&gt;
		&lt;td class="tabelatd2"&gt;10/01/2010&lt;/td&gt;
		&lt;td class="tabelatd2"&gt;Ativo&lt;/td&gt;
&lt;th class="tabelatd2" border="1"&gt;&lt;a class="noPrint" href="?class=RelacionaParcelasAssociado&amp;opera=B;I;&amp;id=16&amp;associado=1"&gt;[Relaciona&amp;nbsp;parcelas] &lt;/a&gt;&lt;/th&gt;
	&lt;/tr&gt;
	&lt;tr&gt;
		&lt;td class="tabelatd1"&gt;17&lt;/td&gt;
		&lt;td class="tabelatd1"&gt;1&lt;/td&gt;
		&lt;td class="tabelatd1"&gt;Patrimonial&lt;/td&gt;
		&lt;td class="tabelatd1"&gt;Fulano de Tal (652.392.539-00)&lt;/td&gt;
		&lt;td class="tabelatd1"&gt;10/01/2010&lt;/td&gt;
		&lt;td class="tabelatd1"&gt;Ativo&lt;/td&gt;
&lt;th class="tabelatd1" border="1"&gt;&lt;a class="noPrint" href="?class=RelacionaParcelasAssociado&amp;opera=B;I;&amp;id=17&amp;associado=1"&gt;[Relaciona&amp;nbsp;parcelas] &lt;/a&gt;&lt;/th&gt;
	&lt;/tr&gt;
	&lt;tr&gt;
		&lt;td class="tabelatd2"&gt;18&lt;/td&gt;
		&lt;td class="tabelatd2"&gt;1&lt;/td&gt;
		&lt;td class="tabelatd2"&gt;Patrimonial&lt;/td&gt;
		&lt;td class="tabelatd2"&gt;Fulano de Tal (652.392.539-00)&lt;/td&gt;
		&lt;td class="tabelatd2"&gt;10/01/2010&lt;/td&gt;
		&lt;td class="tabelatd2"&gt;Ativo&lt;/td&gt;
&lt;th class="tabelatd2" border="1"&gt;&lt;a class="noPrint" href="?class=RelacionaParcelasAssociado&amp;opera=B;I;&amp;id=18&amp;associado=1"&gt;[Relaciona&amp;nbsp;parcelas] &lt;/a&gt;&lt;/th&gt;
	&lt;/tr&gt;
	&lt;tr&gt;
		&lt;td class="tabelatd1"&gt;19&lt;/td&gt;
		&lt;td class="tabelatd1"&gt;1&lt;/td&gt;
		&lt;td class="tabelatd1"&gt;Patrimonial&lt;/td&gt;
		&lt;td class="tabelatd1"&gt;Fulano de Tal (652.392.539-00)&lt;/td&gt;
		&lt;td class="tabelatd1"&gt;10/01/2010&lt;/td&gt;
		&lt;td class="tabelatd1"&gt;Ativo&lt;/td&gt;
&lt;th class="tabelatd1" border="1"&gt;&lt;a class="noPrint" href="?class=RelacionaParcelasAssociado&amp;opera=B;I;&amp;id=19&amp;associado=1"&gt;[Relaciona&amp;nbsp;parcelas] &lt;/a&gt;&lt;/th&gt;
	&lt;/tr&gt;
	&lt;tr&gt;
		&lt;td class="tabelatd2"&gt;4&lt;/td&gt;
		&lt;td class="tabelatd2"&gt;23F&lt;/td&gt;
		&lt;td class="tabelatd2"&gt;Patrimonial&lt;/td&gt;
		&lt;td class="tabelatd2"&gt;Cicrano de Tal (222.222.222-22)&lt;/td&gt;
		&lt;td class="tabelatd2"&gt;01/02/2016&lt;/td&gt;
		&lt;td class="tabelatd2"&gt;Ativo&lt;/td&gt;
&lt;th class="tabelatd2" border="1"&gt;&lt;a class="noPrint" href="?class=RelacionaParcelasAssociado&amp;opera=B;I;&amp;id=4&amp;associado=23F"&gt;[Relaciona&amp;nbsp;parcelas] &lt;/a&gt;&lt;/th&gt;
	&lt;/tr&gt;
&lt;/Table&gt;
&lt;h3&gt;Número de registros na lista: 18&lt;/h3&gt;
&lt;/div&gt;
 &#13;
    &lt;/body&gt;&#13;
&lt;/html&gt;&#13;
</system-out>
      </testcase>
      <testcase name="testMostraParcelasEmAberto" class="DaoHomeTest" classname="DaoHomeTest" file="C:\Apache24\htdocs\Associacao\tests\controller\DaoHomeTest.php" line="48" assertions="1" time="0.268301">
        <system-out>&lt;input type="button" onclick="imprimirDiv('divCOBRANCA', this);" value="Imprimir lista"&gt;&lt;div id='divCOBRANCA'&gt;
&lt;Table class="tabela" width="100%" border="1" cellpadding="3" cellspacing="0"&gt;
&lt;tr&gt;
&lt;th class="tabelath" border="1"&gt;PARCELA&lt;/th&gt;
&lt;th class="tabelath" border="1"&gt;DESCRICAO&lt;/th&gt;
&lt;th class="tabelath" border="1"&gt;DATA_VENCIMENTO&lt;/th&gt;
&lt;th class="tabelath" border="1"&gt;VALOR_NOMINAL&lt;/th&gt;
&lt;th class="tabelath" border="1"&gt;VALOR_BAIXADO&lt;/th&gt;
&lt;th class="tabelath" border="1"&gt;SITUACAO&lt;/th&gt;
&lt;th class="tabelath" border="1"&gt;ASSOCIADO&lt;/th&gt;
&lt;th class="tabelath" border="1"&gt;NUMERO_TITULO&lt;/th&gt;
&lt;th class="tabelath" border="1"&gt;TIPO&lt;/th&gt;
&lt;th class="tabelath" border="1"&gt;OPERAÇÃO&lt;/th&gt;
&lt;/tr&gt;
	&lt;tr&gt;
		&lt;td class="tabelatd1"&gt;4&lt;/td&gt;
		&lt;td class="tabelatd1"&gt;Tipo Cobranca&lt;/td&gt;
		&lt;td class="tabelatd1"&gt;10/10/2018&lt;/td&gt;
		&lt;td class="tabelatd1"&gt;110.00&lt;/td&gt;
		&lt;td class="tabelatd1"&gt;0.00&lt;/td&gt;
		&lt;td class="tabelatd1"&gt;Em aberto&lt;/td&gt;
		&lt;td class="tabelatd1"&gt;4-Beltrano da Silva (333.333.333-33)&lt;/td&gt;
		&lt;td class="tabelatd1"&gt;0F&lt;/td&gt;
		&lt;td class="tabelatd1"&gt;Patrimonial&lt;/td&gt;
&lt;th class="tabelatd1" border="1"&gt;&lt;a class="noPrint" href="?class=BaixarParcela&amp;id=4"&gt;[Baixar&amp;nbsp;parcela] &lt;/a&gt;&lt;a class="noPrint" href="?class=ImprimirParcela&amp;id=4"&gt;[Imprimir&amp;nbsp;parcela] &lt;/a&gt;&lt;/th&gt;
	&lt;/tr&gt;
	&lt;tr&gt;
		&lt;td class="tabelatd2"&gt;8&lt;/td&gt;
		&lt;td class="tabelatd2"&gt;Tipo Cobranca&lt;/td&gt;
		&lt;td class="tabelatd2"&gt;10/10/2018&lt;/td&gt;
		&lt;td class="tabelatd2"&gt;110.00&lt;/td&gt;
		&lt;td class="tabelatd2"&gt;0.00&lt;/td&gt;
		&lt;td class="tabelatd2"&gt;Em aberto&lt;/td&gt;
		&lt;td class="tabelatd2"&gt;4-Beltrano da Silva (333.333.333-33)&lt;/td&gt;
		&lt;td class="tabelatd2"&gt;0F&lt;/td&gt;
		&lt;td class="tabelatd2"&gt;Patrimonial&lt;/td&gt;
&lt;th class="tabelatd2" border="1"&gt;&lt;a class="noPrint" href="?class=BaixarParcela&amp;id=8"&gt;[Baixar&amp;nbsp;parcela] &lt;/a&gt;&lt;a class="noPrint" href="?class=ImprimirParcela&amp;id=8"&gt;[Imprimir&amp;nbsp;parcela] &lt;/a&gt;&lt;/th&gt;
	&lt;/tr&gt;
	&lt;tr&gt;
		&lt;td class="tabelatd1"&gt;12&lt;/td&gt;
		&lt;td class="tabelatd1"&gt;Tipo Cobranca&lt;/td&gt;
		&lt;td class="tabelatd1"&gt;10/10/2018&lt;/td&gt;
		&lt;td class="tabelatd1"&gt;110.00&lt;/td&gt;
		&lt;td class="tabelatd1"&gt;0.00&lt;/td&gt;
		&lt;td class="tabelatd1"&gt;Em aberto&lt;/td&gt;
		&lt;td class="tabelatd1"&gt;4-Beltrano da Silva (333.333.333-33)&lt;/td&gt;
		&lt;td class="tabelatd1"&gt;0F&lt;/td&gt;
		&lt;td class="tabelatd1"&gt;Patrimonial&lt;/td&gt;
&lt;th class="tabelatd1" border="1"&gt;&lt;a class="noPrint" href="?class=BaixarParcela&amp;id=12"&gt;[Baixar&amp;nbsp;parcela] &lt;/a&gt;&lt;a class="noPrint" href="?class=ImprimirParcela&amp;id=12"&gt;[Imprimir&amp;nbsp;parcela] &lt;/a&gt;&lt;/th&gt;
	&lt;/tr&gt;
	&lt;tr&gt;
		&lt;td class="tabelatd2"&gt;16&lt;/td&gt;
		&lt;td class="tabelatd2"&gt;Tipo Cobranca&lt;/td&gt;
		&lt;td class="tabelatd2"&gt;10/10/2018&lt;/td&gt;
		&lt;td class="tabelatd2"&gt;110.00&lt;/td&gt;
		&lt;td class="tabelatd2"&gt;0.00&lt;/td&gt;
		&lt;td class="tabelatd2"&gt;Em aberto&lt;/td&gt;
		&lt;td class="tabelatd2"&gt;4-Beltrano da Silva (333.333.333-33)&lt;/td&gt;
		&lt;td class="tabelatd2"&gt;0F&lt;/td&gt;
		&lt;td class="tabelatd2"&gt;Patrimonial&lt;/td&gt;
&lt;th class="tabelatd2" border="1"&gt;&lt;a class="noPrint" href="?class=BaixarParcela&amp;id=16"&gt;[Baixar&amp;nbsp;parcela] &lt;/a&gt;&lt;a class="noPrint" href="?class=ImprimirParcela&amp;id=16"&gt;[Imprimir&amp;nbsp;parcela] &lt;/a&gt;&lt;/th&gt;
	&lt;/tr&gt;
	&lt;tr&gt;
		&lt;td class="tabelatd1"&gt;20&lt;/td&gt;
		&lt;td class="tabelatd1"&gt;Tipo Cobranca&lt;/td&gt;
		&lt;td class="tabelatd1"&gt;10/10/2018&lt;/td&gt;
		&lt;td class="tabelatd1"&gt;110.00&lt;/td&gt;
		&lt;td class="tabelatd1"&gt;0.00&lt;/td&gt;
		&lt;td class="tabelatd1"&gt;Em aberto&lt;/td&gt;
		&lt;td class="tabelatd1"&gt;4-Beltrano da Silva (333.333.333-33)&lt;/td&gt;
		&lt;td class="tabelatd1"&gt;0F&lt;/td&gt;
		&lt;td class="tabelatd1"&gt;Patrimonial&lt;/td&gt;
&lt;th class="tabelatd1" border="1"&gt;&lt;a class="noPrint" href="?class=BaixarParcela&amp;id=20"&gt;[Baixar&amp;nbsp;parcela] &lt;/a&gt;&lt;a class="noPrint" href="?class=ImprimirParcela&amp;id=20"&gt;[Imprimir&amp;nbsp;parcela] &lt;/a&gt;&lt;/th&gt;
	&lt;/tr&gt;
	&lt;tr&gt;
		&lt;td class="tabelatd2"&gt;24&lt;/td&gt;
		&lt;td class="tabelatd2"&gt;Tipo Cobranca&lt;/td&gt;
		&lt;td class="tabelatd2"&gt;10/10/2018&lt;/td&gt;
		&lt;td class="tabelatd2"&gt;110.00&lt;/td&gt;
		&lt;td class="tabelatd2"&gt;0.00&lt;/td&gt;
		&lt;td class="tabelatd2"&gt;Em aberto&lt;/td&gt;
		&lt;td class="tabelatd2"&gt;4-Beltrano da Silva (333.333.333-33)&lt;/td&gt;
		&lt;td class="tabelatd2"&gt;0F&lt;/td&gt;
		&lt;td class="tabelatd2"&gt;Patrimonial&lt;/td&gt;
&lt;th class="tabelatd2" border="1"&gt;&lt;a class="noPrint" href="?class=BaixarParcela&amp;id=24"&gt;[Baixar&amp;nbsp;parcela] &lt;/a&gt;&lt;a class="noPrint" href="?class=ImprimirParcela&amp;id=24"&gt;[Imprimir&amp;nbsp;parcela] &lt;/a&gt;&lt;/th&gt;
	&lt;/tr&gt;
	&lt;tr&gt;
		&lt;td class="tabelatd1"&gt;28&lt;/td&gt;
		&lt;td class="tabelatd1"&gt;Tipo Cobranca&lt;/td&gt;
		&lt;td class="tabelatd1"&gt;10/10/2018&lt;/td&gt;
		&lt;td class="tabelatd1"&gt;110.00&lt;/td&gt;
		&lt;td class="tabelatd1"&gt;0.00&lt;/td&gt;
		&lt;td class="tabelatd1"&gt;Em aberto&lt;/td&gt;
		&lt;td class="tabelatd1"&gt;4-Beltrano da Silva (333.333.333-33)&lt;/td&gt;
		&lt;td class="tabelatd1"&gt;0F&lt;/td&gt;
		&lt;td class="tabelatd1"&gt;Patrimonial&lt;/td&gt;
&lt;th class="tabelatd1" border="1"&gt;&lt;a class="noPrint" href="?class=BaixarParcela&amp;id=28"&gt;[Baixar&amp;nbsp;parcela] &lt;/a&gt;&lt;a class="noPrint" href="?class=ImprimirParcela&amp;id=28"&gt;[Imprimir&amp;nbsp;parcela] &lt;/a&gt;&lt;/th&gt;
	&lt;/tr&gt;
	&lt;tr&gt;
		&lt;td class="tabelatd2"&gt;35&lt;/td&gt;
		&lt;td class="tabelatd2"&gt;Tipo Cobranca&lt;/td&gt;
		&lt;td class="tabelatd2"&gt;10/10/2018&lt;/td&gt;
		&lt;td class="tabelatd2"&gt;110.00&lt;/td&gt;
		&lt;td class="tabelatd2"&gt;0.00&lt;/td&gt;
		&lt;td class="tabelatd2"&gt;Em aberto&lt;/td&gt;
		&lt;td class="tabelatd2"&gt;4-Beltrano da Silva (333.333.333-33)&lt;/td&gt;
		&lt;td class="tabelatd2"&gt;0F&lt;/td&gt;
		&lt;td class="tabelatd2"&gt;Patrimonial&lt;/td&gt;
&lt;th class="tabelatd2" border="1"&gt;&lt;a class="noPrint" href="?class=BaixarParcela&amp;id=35"&gt;[Baixar&amp;nbsp;parcela] &lt;/a&gt;&lt;a class="noPrint" href="?class=ImprimirParcela&amp;id=35"&gt;[Imprimir&amp;nbsp;parcela] &lt;/a&gt;&lt;/th&gt;
	&lt;/tr&gt;
	&lt;tr&gt;
		&lt;td class="tabelatd1"&gt;43&lt;/td&gt;
		&lt;td class="tabelatd1"&gt;Tipo Cobranca&lt;/td&gt;
		&lt;td class="tabelatd1"&gt;10/10/2018&lt;/td&gt;
		&lt;td class="tabelatd1"&gt;110.00&lt;/td&gt;
		&lt;td class="tabelatd1"&gt;0.00&lt;/td&gt;
		&lt;td class="tabelatd1"&gt;Em aberto&lt;/td&gt;
		&lt;td class="tabelatd1"&gt;4-Beltrano da Silva (333.333.333-33)&lt;/td&gt;
		&lt;td class="tabelatd1"&gt;0F&lt;/td&gt;
		&lt;td class="tabelatd1"&gt;Patrimonial&lt;/td&gt;
&lt;th class="tabelatd1" border="1"&gt;&lt;a class="noPrint" href="?class=BaixarParcela&amp;id=43"&gt;[Baixar&amp;nbsp;parcela] &lt;/a&gt;&lt;a class="noPrint" href="?class=ImprimirParcela&amp;id=43"&gt;[Imprimir&amp;nbsp;parcela] &lt;/a&gt;&lt;/th&gt;
	&lt;/tr&gt;
	&lt;tr&gt;
		&lt;td class="tabelatd2"&gt;54&lt;/td&gt;
		&lt;td class="tabelatd2"&gt;Tipo Cobranca&lt;/td&gt;
		&lt;td class="tabelatd2"&gt;10/10/2018&lt;/td&gt;
		&lt;td class="tabelatd2"&gt;110.00&lt;/td&gt;
		&lt;td class="tabelatd2"&gt;0.00&lt;/td&gt;
		&lt;td class="tabelatd2"&gt;Em aberto&lt;/td&gt;
		&lt;td class="tabelatd2"&gt;4-Beltrano da Silva (333.333.333-33)&lt;/td&gt;
		&lt;td class="tabelatd2"&gt;0F&lt;/td&gt;
		&lt;td class="tabelatd2"&gt;Patrimonial&lt;/td&gt;
&lt;th class="tabelatd2" border="1"&gt;&lt;a class="noPrint" href="?class=BaixarParcela&amp;id=54"&gt;[Baixar&amp;nbsp;parcela] &lt;/a&gt;&lt;a class="noPrint" href="?class=ImprimirParcela&amp;id=54"&gt;[Imprimir&amp;nbsp;parcela] &lt;/a&gt;&lt;/th&gt;
	&lt;/tr&gt;
	&lt;tr&gt;
		&lt;td class="tabelatd1"&gt;67&lt;/td&gt;
		&lt;td class="tabelatd1"&gt;Tipo Cobranca&lt;/td&gt;
		&lt;td class="tabelatd1"&gt;10/10/2018&lt;/td&gt;
		&lt;td class="tabelatd1"&gt;110.00&lt;/td&gt;
		&lt;td class="tabelatd1"&gt;0.00&lt;/td&gt;
		&lt;td class="tabelatd1"&gt;Em aberto&lt;/td&gt;
		&lt;td class="tabelatd1"&gt;4-Beltrano da Silva (333.333.333-33)&lt;/td&gt;
		&lt;td class="tabelatd1"&gt;0F&lt;/td&gt;
		&lt;td class="tabelatd1"&gt;Patrimonial&lt;/td&gt;
&lt;th class="tabelatd1" border="1"&gt;&lt;a class="noPrint" href="?class=BaixarParcela&amp;id=67"&gt;[Baixar&amp;nbsp;parcela] &lt;/a&gt;&lt;a class="noPrint" href="?class=ImprimirParcela&amp;id=67"&gt;[Imprimir&amp;nbsp;parcela] &lt;/a&gt;&lt;/th&gt;
	&lt;/tr&gt;
	&lt;tr&gt;
		&lt;td class="tabelatd2"&gt;82&lt;/td&gt;
		&lt;td class="tabelatd2"&gt;Tipo Cobranca&lt;/td&gt;
		&lt;td class="tabelatd2"&gt;10/10/2018&lt;/td&gt;
		&lt;td class="tabelatd2"&gt;110.00&lt;/td&gt;
		&lt;td class="tabelatd2"&gt;0.00&lt;/td&gt;
		&lt;td class="tabelatd2"&gt;Em aberto&lt;/td&gt;
		&lt;td class="tabelatd2"&gt;4-Beltrano da Silva (333.333.333-33)&lt;/td&gt;
		&lt;td class="tabelatd2"&gt;0F&lt;/td&gt;
		&lt;td class="tabelatd2"&gt;Patrimonial&lt;/td&gt;
&lt;th class="tabelatd2" border="1"&gt;&lt;a class="noPrint" href="?class=BaixarParcela&amp;id=82"&gt;[Baixar&amp;nbsp;parcela] &lt;/a&gt;&lt;a class="noPrint" href="?class=ImprimirParcela&amp;id=82"&gt;[Imprimir&amp;nbsp;parcela] &lt;/a&gt;&lt;/th&gt;
	&lt;/tr&gt;
	&lt;tr&gt;
		&lt;td class="tabelatd1"&gt;98&lt;/td&gt;
		&lt;td class="tabelatd1"&gt;Tipo Cobranca&lt;/td&gt;
		&lt;td class="tabelatd1"&gt;10/10/2018&lt;/td&gt;
		&lt;td class="tabelatd1"&gt;110.00&lt;/td&gt;
		&lt;td class="tabelatd1"&gt;0.00&lt;/td&gt;
		&lt;td class="tabelatd1"&gt;Em aberto&lt;/td&gt;
		&lt;td class="tabelatd1"&gt;4-Beltrano da Silva (333.333.333-33)&lt;/td&gt;
		&lt;td class="tabelatd1"&gt;0F&lt;/td&gt;
		&lt;td class="tabelatd1"&gt;Patrimonial&lt;/td&gt;
&lt;th class="tabelatd1" border="1"&gt;&lt;a class="noPrint" href="?class=BaixarParcela&amp;id=98"&gt;[Baixar&amp;nbsp;parcela] &lt;/a&gt;&lt;a class="noPrint" href="?class=ImprimirParcela&amp;id=98"&gt;[Imprimir&amp;nbsp;parcela] &lt;/a&gt;&lt;/th&gt;
	&lt;/tr&gt;
	&lt;tr&gt;
		&lt;td class="tabelatd2"&gt;125&lt;/td&gt;
		&lt;td class="tabelatd2"&gt;Tipo Cobranca&lt;/td&gt;
		&lt;td class="tabelatd2"&gt;10/10/2018&lt;/td&gt;
		&lt;td class="tabelatd2"&gt;110.00&lt;/td&gt;
		&lt;td class="tabelatd2"&gt;0.00&lt;/td&gt;
		&lt;td class="tabelatd2"&gt;Em aberto&lt;/td&gt;
		&lt;td class="tabelatd2"&gt;4-Beltrano da Silva (333.333.333-33)&lt;/td&gt;
		&lt;td class="tabelatd2"&gt;0F&lt;/td&gt;
		&lt;td class="tabelatd2"&gt;Patrimonial&lt;/td&gt;
&lt;th class="tabelatd2" border="1"&gt;&lt;a class="noPrint" href="?class=BaixarParcela&amp;id=125"&gt;[Baixar&amp;nbsp;parcela] &lt;/a&gt;&lt;a class="noPrint" href="?class=ImprimirParcela&amp;id=125"&gt;[Imprimir&amp;nbsp;parcela] &lt;/a&gt;&lt;/th&gt;
	&lt;/tr&gt;
	&lt;tr&gt;
		&lt;td class="tabelatd1"&gt;149&lt;/td&gt;
		&lt;td class="tabelatd1"&gt;Tipo Cobranca&lt;/td&gt;
		&lt;td class="tabelatd1"&gt;10/10/2018&lt;/td&gt;
		&lt;td class="tabelatd1"&gt;110.00&lt;/td&gt;
		&lt;td class="tabelatd1"&gt;0.00&lt;/td&gt;
		&lt;td class="tabelatd1"&gt;Em aberto&lt;/td&gt;
		&lt;td class="tabelatd1"&gt;4-Beltrano da Silva (333.333.333-33)&lt;/td&gt;
		&lt;td class="tabelatd1"&gt;0F&lt;/td&gt;
		&lt;td class="tabelatd1"&gt;Patrimonial&lt;/td&gt;
&lt;th class="tabelatd1" border="1"&gt;&lt;a class="noPrint" href="?class=BaixarParcela&amp;id=149"&gt;[Baixar&amp;nbsp;parcela] &lt;/a&gt;&lt;a class="noPrint" href="?class=ImprimirParcela&amp;id=149"&gt;[Imprimir&amp;nbsp;parcela] &lt;/a&gt;&lt;/th&gt;
	&lt;/tr&gt;
	&lt;tr&gt;
		&lt;td class="tabelatd2"&gt;169&lt;/td&gt;
		&lt;td class="tabelatd2"&gt;Tipo Cobranca&lt;/td&gt;
		&lt;td class="tabelatd2"&gt;10/10/2018&lt;/td&gt;
		&lt;td class="tabelatd2"&gt;110.00&lt;/td&gt;
		&lt;td class="tabelatd2"&gt;0.00&lt;/td&gt;
		&lt;td class="tabelatd2"&gt;Em aberto&lt;/td&gt;
		&lt;td class="tabelatd2"&gt;4-Beltrano da Silva (333.333.333-33)&lt;/td&gt;
		&lt;td class="tabelatd2"&gt;0F&lt;/td&gt;
		&lt;td class="tabelatd2"&gt;Patrimonial&lt;/td&gt;
&lt;th class="tabelatd2" border="1"&gt;&lt;a class="noPrint" href="?class=BaixarParcela&amp;id=169"&gt;[Baixar&amp;nbsp;parcela] &lt;/a&gt;&lt;a class="noPrint" href="?class=ImprimirParcela&amp;id=169"&gt;[Imprimir&amp;nbsp;parcela] &lt;/a&gt;&lt;/th&gt;
	&lt;/tr&gt;
	&lt;tr&gt;
		&lt;td class="tabelatd1"&gt;189&lt;/td&gt;
		&lt;td class="tabelatd1"&gt;Tipo Cobranca&lt;/td&gt;
		&lt;td class="tabelatd1"&gt;10/10/2018&lt;/td&gt;
		&lt;td class="tabelatd1"&gt;110.00&lt;/td&gt;
		&lt;td class="tabelatd1"&gt;0.00&lt;/td&gt;
		&lt;td class="tabelatd1"&gt;Em aberto&lt;/td&gt;
		&lt;td class="tabelatd1"&gt;4-Beltrano da Silva (333.333.333-33)&lt;/td&gt;
		&lt;td class="tabelatd1"&gt;0F&lt;/td&gt;
		&lt;td class="tabelatd1"&gt;Patrimonial&lt;/td&gt;
&lt;th class="tabelatd1" border="1"&gt;&lt;a class="noPrint" href="?class=BaixarParcela&amp;id=189"&gt;[Baixar&amp;nbsp;parcela] &lt;/a&gt;&lt;a class="noPrint" href="?class=ImprimirParcela&amp;id=189"&gt;[Imprimir&amp;nbsp;parcela] &lt;/a&gt;&lt;/th&gt;
	&lt;/tr&gt;
	&lt;tr&gt;
		&lt;td class="tabelatd2"&gt;209&lt;/td&gt;
		&lt;td class="tabelatd2"&gt;Tipo Cobranca&lt;/td&gt;
		&lt;td class="tabelatd2"&gt;10/10/2018&lt;/td&gt;
		&lt;td class="tabelatd2"&gt;110.00&lt;/td&gt;
		&lt;td class="tabelatd2"&gt;0.00&lt;/td&gt;
		&lt;td class="tabelatd2"&gt;Em aberto&lt;/td&gt;
		&lt;td class="tabelatd2"&gt;4-Beltrano da Silva (333.333.333-33)&lt;/td&gt;
		&lt;td class="tabelatd2"&gt;0F&lt;/td&gt;
		&lt;td class="tabelatd2"&gt;Patrimonial&lt;/td&gt;
&lt;th class="tabelatd2" border="1"&gt;&lt;a class="noPrint" href="?class=BaixarParcela&amp;id=209"&gt;[Baixar&amp;nbsp;parcela] &lt;/a&gt;&lt;a class="noPrint" href="?class=ImprimirParcela&amp;id=209"&gt;[Imprimir&amp;nbsp;parcela] &lt;/a&gt;&lt;/th&gt;
	&lt;/tr&gt;
	&lt;tr&gt;
		&lt;td class="tabelatd1"&gt;232&lt;/td&gt;
		&lt;td class="tabelatd1"&gt;Tipo Cobranca&lt;/td&gt;
		&lt;td class="tabelatd1"&gt;10/10/2018&lt;/td&gt;
		&lt;td class="tabelatd1"&gt;110.00&lt;/td&gt;
		&lt;td class="tabelatd1"&gt;0.00&lt;/td&gt;
		&lt;td class="tabelatd1"&gt;Em aberto&lt;/td&gt;
		&lt;td class="tabelatd1"&gt;4-Beltrano da Silva (333.333.333-33)&lt;/td&gt;
		&lt;td class="tabelatd1"&gt;0F&lt;/td&gt;
		&lt;td class="tabelatd1"&gt;Patrimonial&lt;/td&gt;
&lt;th class="tabelatd1" border="1"&gt;&lt;a class="noPrint" href="?class=BaixarParcela&amp;id=232"&gt;[Baixar&amp;nbsp;parcela] &lt;/a&gt;&lt;a class="noPrint" href="?class=ImprimirParcela&amp;id=232"&gt;[Imprimir&amp;nbsp;parcela] &lt;/a&gt;&lt;/th&gt;
	&lt;/tr&gt;
	&lt;tr&gt;
		&lt;td class="tabelatd2"&gt;255&lt;/td&gt;
		&lt;td class="tabelatd2"&gt;Tipo Cobranca&lt;/td&gt;
		&lt;td class="tabelatd2"&gt;10/10/2018&lt;/td&gt;
		&lt;td class="tabelatd2"&gt;110.00&lt;/td&gt;
		&lt;td class="tabelatd2"&gt;0.00&lt;/td&gt;
		&lt;td class="tabelatd2"&gt;Em aberto&lt;/td&gt;
		&lt;td class="tabelatd2"&gt;4-Beltrano da Silva (333.333.333-33)&lt;/td&gt;
		&lt;td class="tabelatd2"&gt;0F&lt;/td&gt;
		&lt;td class="tabelatd2"&gt;Patrimonial&lt;/td&gt;
&lt;th class="tabelatd2" border="1"&gt;&lt;a class="noPrint" href="?class=BaixarParcela&amp;id=255"&gt;[Baixar&amp;nbsp;parcela] &lt;/a&gt;&lt;a class="noPrint" href="?class=ImprimirParcela&amp;id=255"&gt;[Imprimir&amp;nbsp;parcela] &lt;/a&gt;&lt;/th&gt;
	&lt;/tr&gt;
	&lt;tr&gt;
		&lt;td class="tabelatd1"&gt;280&lt;/td&gt;
		&lt;td class="tabelatd1"&gt;Tipo Cobranca&lt;/td&gt;
		&lt;td class="tabelatd1"&gt;10/10/2018&lt;/td&gt;
		&lt;td class="tabelatd1"&gt;110.00&lt;/td&gt;
		&lt;td class="tabelatd1"&gt;0.00&lt;/td&gt;
		&lt;td class="tabelatd1"&gt;Em aberto&lt;/td&gt;
		&lt;td class="tabelatd1"&gt;4-Beltrano da Silva (333.333.333-33)&lt;/td&gt;
		&lt;td class="tabelatd1"&gt;0F&lt;/td&gt;
		&lt;td class="tabelatd1"&gt;Patrimonial&lt;/td&gt;
&lt;th class="tabelatd1" border="1"&gt;&lt;a class="noPrint" href="?class=BaixarParcela&amp;id=280"&gt;[Baixar&amp;nbsp;parcela] &lt;/a&gt;&lt;a class="noPrint" href="?class=ImprimirParcela&amp;id=280"&gt;[Imprimir&amp;nbsp;parcela] &lt;/a&gt;&lt;/th&gt;
	&lt;/tr&gt;
	&lt;tr&gt;
		&lt;td class="tabelatd2"&gt;307&lt;/td&gt;
		&lt;td class="tabelatd2"&gt;Tipo Cobranca&lt;/td&gt;
		&lt;td class="tabelatd2"&gt;10/10/2018&lt;/td&gt;
		&lt;td class="tabelatd2"&gt;110.00&lt;/td&gt;
		&lt;td class="tabelatd2"&gt;0.00&lt;/td&gt;
		&lt;td class="tabelatd2"&gt;Em aberto&lt;/td&gt;
		&lt;td class="tabelatd2"&gt;4-Beltrano da Silva (333.333.333-33)&lt;/td&gt;
		&lt;td class="tabelatd2"&gt;0F&lt;/td&gt;
		&lt;td class="tabelatd2"&gt;Patrimonial&lt;/td&gt;
&lt;th class="tabelatd2" border="1"&gt;&lt;a class="noPrint" href="?class=BaixarParcela&amp;id=307"&gt;[Baixar&amp;nbsp;parcela] &lt;/a&gt;&lt;a class="noPrint" href="?class=ImprimirParcela&amp;id=307"&gt;[Imprimir&amp;nbsp;parcela] &lt;/a&gt;&lt;/th&gt;
	&lt;/tr&gt;
	&lt;tr&gt;
		&lt;td class="tabelatd1"&gt;336&lt;/td&gt;
		&lt;td class="tabelatd1"&gt;Tipo Cobranca&lt;/td&gt;
		&lt;td class="tabelatd1"&gt;10/10/2018&lt;/td&gt;
		&lt;td class="tabelatd1"&gt;110.00&lt;/td&gt;
		&lt;td class="tabelatd1"&gt;0.00&lt;/td&gt;
		&lt;td class="tabelatd1"&gt;Em aberto&lt;/td&gt;
		&lt;td class="tabelatd1"&gt;4-Beltrano da Silva (333.333.333-33)&lt;/td&gt;
		&lt;td class="tabelatd1"&gt;0F&lt;/td&gt;
		&lt;td class="tabelatd1"&gt;Patrimonial&lt;/td&gt;
&lt;th class="tabelatd1" border="1"&gt;&lt;a class="noPrint" href="?class=BaixarParcela&amp;id=336"&gt;[Baixar&amp;nbsp;parcela] &lt;/a&gt;&lt;a class="noPrint" href="?class=ImprimirParcela&amp;id=336"&gt;[Imprimir&amp;nbsp;parcela] &lt;/a&gt;&lt;/th&gt;
	&lt;/tr&gt;
	&lt;tr&gt;
		&lt;td class="tabelatd2"&gt;367&lt;/td&gt;
		&lt;td class="tabelatd2"&gt;Tipo Cobranca&lt;/td&gt;
		&lt;td class="tabelatd2"&gt;10/10/2018&lt;/td&gt;
		&lt;td class="tabelatd2"&gt;110.00&lt;/td&gt;
		&lt;td class="tabelatd2"&gt;0.00&lt;/td&gt;
		&lt;td class="tabelatd2"&gt;Em aberto&lt;/td&gt;
		&lt;td class="tabelatd2"&gt;4-Beltrano da Silva (333.333.333-33)&lt;/td&gt;
		&lt;td class="tabelatd2"&gt;0F&lt;/td&gt;
		&lt;td class="tabelatd2"&gt;Patrimonial&lt;/td&gt;
&lt;th class="tabelatd2" border="1"&gt;&lt;a class="noPrint" href="?class=BaixarParcela&amp;id=367"&gt;[Baixar&amp;nbsp;parcela] &lt;/a&gt;&lt;a class="noPrint" href="?class=ImprimirParcela&amp;id=367"&gt;[Imprimir&amp;nbsp;parcela] &lt;/a&gt;&lt;/th&gt;
	&lt;/tr&gt;
	&lt;tr&gt;
		&lt;td class="tabelatd1"&gt;400&lt;/td&gt;
		&lt;td class="tabelatd1"&gt;Tipo Cobranca&lt;/td&gt;
		&lt;td class="tabelatd1"&gt;10/10/2018&lt;/td&gt;
		&lt;td class="tabelatd1"&gt;110.00&lt;/td&gt;
		&lt;td class="tabelatd1"&gt;0.00&lt;/td&gt;
		&lt;td class="tabelatd1"&gt;Em aberto&lt;/td&gt;
		&lt;td class="tabelatd1"&gt;4-Beltrano da Silva (333.333.333-33)&lt;/td&gt;
		&lt;td class="tabelatd1"&gt;0F&lt;/td&gt;
		&lt;td class="tabelatd1"&gt;Patrimonial&lt;/td&gt;
&lt;th class="tabelatd1" border="1"&gt;&lt;a class="noPrint" href="?class=BaixarParcela&amp;id=400"&gt;[Baixar&amp;nbsp;parcela] &lt;/a&gt;&lt;a class="noPrint" href="?class=ImprimirParcela&amp;id=400"&gt;[Imprimir&amp;nbsp;parcela] &lt;/a&gt;&lt;/th&gt;
	&lt;/tr&gt;
	&lt;tr&gt;
		&lt;td class="tabelatd2"&gt;435&lt;/td&gt;
		&lt;td class="tabelatd2"&gt;Tipo Cobranca&lt;/td&gt;
		&lt;td class="tabelatd2"&gt;10/10/2018&lt;/td&gt;
		&lt;td class="tabelatd2"&gt;110.00&lt;/td&gt;
		&lt;td class="tabelatd2"&gt;0.00&lt;/td&gt;
		&lt;td class="tabelatd2"&gt;Em aberto&lt;/td&gt;
		&lt;td class="tabelatd2"&gt;4-Beltrano da Silva (333.333.333-33)&lt;/td&gt;
		&lt;td class="tabelatd2"&gt;0F&lt;/td&gt;
		&lt;td class="tabelatd2"&gt;Patrimonial&lt;/td&gt;
&lt;th class="tabelatd2" border="1"&gt;&lt;a class="noPrint" href="?class=BaixarParcela&amp;id=435"&gt;[Baixar&amp;nbsp;parcela] &lt;/a&gt;&lt;a class="noPrint" href="?class=ImprimirParcela&amp;id=435"&gt;[Imprimir&amp;nbsp;parcela] &lt;/a&gt;&lt;/th&gt;
	&lt;/tr&gt;
	&lt;tr&gt;
		&lt;td class="tabelatd1"&gt;31&lt;/td&gt;
		&lt;td class="tabelatd1"&gt;Tipo Cobranca&lt;/td&gt;
		&lt;td class="tabelatd1"&gt;11/10/2018&lt;/td&gt;
		&lt;td class="tabelatd1"&gt;110.00&lt;/td&gt;
		&lt;td class="tabelatd1"&gt;0.00&lt;/td&gt;
		&lt;td class="tabelatd1"&gt;Em aberto&lt;/td&gt;
		&lt;td class="tabelatd1"&gt;4-Beltrano da Silva (333.333.333-33)&lt;/td&gt;
		&lt;td class="tabelatd1"&gt;0F&lt;/td&gt;
		&lt;td class="tabelatd1"&gt;Patrimonial&lt;/td&gt;
&lt;th class="tabelatd1" border="1"&gt;&lt;a class="noPrint" href="?class=BaixarParcela&amp;id=31"&gt;[Baixar&amp;nbsp;parcela] &lt;/a&gt;&lt;a class="noPrint" href="?class=ImprimirParcela&amp;id=31"&gt;[Imprimir&amp;nbsp;parcela] &lt;/a&gt;&lt;/th&gt;
	&lt;/tr&gt;
	&lt;tr&gt;
		&lt;td class="tabelatd2"&gt;38&lt;/td&gt;
		&lt;td class="tabelatd2"&gt;Tipo Cobranca&lt;/td&gt;
		&lt;td class="tabelatd2"&gt;11/10/2018&lt;/td&gt;
		&lt;td class="tabelatd2"&gt;110.00&lt;/td&gt;
		&lt;td class="tabelatd2"&gt;0.00&lt;/td&gt;
		&lt;td class="tabelatd2"&gt;Em aberto&lt;/td&gt;
		&lt;td class="tabelatd2"&gt;4-Beltrano da Silva (333.333.333-33)&lt;/td&gt;
		&lt;td class="tabelatd2"&gt;0F&lt;/td&gt;
		&lt;td class="tabelatd2"&gt;Patrimonial&lt;/td&gt;
&lt;th class="tabelatd2" border="1"&gt;&lt;a class="noPrint" href="?class=BaixarParcela&amp;id=38"&gt;[Baixar&amp;nbsp;parcela] &lt;/a&gt;&lt;a class="noPrint" href="?class=ImprimirParcela&amp;id=38"&gt;[Imprimir&amp;nbsp;parcela] &lt;/a&gt;&lt;/th&gt;
	&lt;/tr&gt;
	&lt;tr&gt;
		&lt;td class="tabelatd1"&gt;47&lt;/td&gt;
		&lt;td class="tabelatd1"&gt;Tipo Cobranca&lt;/td&gt;
		&lt;td class="tabelatd1"&gt;11/10/2018&lt;/td&gt;
		&lt;td class="tabelatd1"&gt;110.00&lt;/td&gt;
		&lt;td class="tabelatd1"&gt;0.00&lt;/td&gt;
		&lt;td class="tabelatd1"&gt;Em aberto&lt;/td&gt;
		&lt;td class="tabelatd1"&gt;4-Beltrano da Silva (333.333.333-33)&lt;/td&gt;
		&lt;td class="tabelatd1"&gt;0F&lt;/td&gt;
		&lt;td class="tabelatd1"&gt;Patrimonial&lt;/td&gt;
&lt;th class="tabelatd1" border="1"&gt;&lt;a class="noPrint" href="?class=BaixarParcela&amp;id=47"&gt;[Baixar&amp;nbsp;parcela] &lt;/a&gt;&lt;a class="noPrint" href="?class=ImprimirParcela&amp;id=47"&gt;[Imprimir&amp;nbsp;parcela] &lt;/a&gt;&lt;/th&gt;
	&lt;/tr&gt;
	&lt;tr&gt;
		&lt;td class="tabelatd2"&gt;59&lt;/td&gt;
		&lt;td class="tabelatd2"&gt;Tipo Cobranca&lt;/td&gt;
		&lt;td class="tabelatd2"&gt;11/10/2018&lt;/td&gt;
		&lt;td class="tabelatd2"&gt;110.00&lt;/td&gt;
		&lt;td class="tabelatd2"&gt;0.00&lt;/td&gt;
		&lt;td class="tabelatd2"&gt;Em aberto&lt;/td&gt;
		&lt;td class="tabelatd2"&gt;4-Beltrano da Silva (333.333.333-33)&lt;/td&gt;
		&lt;td class="tabelatd2"&gt;0F&lt;/td&gt;
		&lt;td class="tabelatd2"&gt;Patrimonial&lt;/td&gt;
&lt;th class="tabelatd2" border="1"&gt;&lt;a class="noPrint" href="?class=BaixarParcela&amp;id=59"&gt;[Baixar&amp;nbsp;parcela] &lt;/a&gt;&lt;a class="noPrint" href="?class=ImprimirParcela&amp;id=59"&gt;[Imprimir&amp;nbsp;parcela] &lt;/a&gt;&lt;/th&gt;
	&lt;/tr&gt;
	&lt;tr&gt;
		&lt;td class="tabelatd1"&gt;73&lt;/td&gt;
		&lt;td class="tabelatd1"&gt;Tipo Cobranca&lt;/td&gt;
		&lt;td class="tabelatd1"&gt;11/10/2018&lt;/td&gt;
		&lt;td class="tabelatd1"&gt;110.00&lt;/td&gt;
		&lt;td class="tabelatd1"&gt;0.00&lt;/td&gt;
		&lt;td class="tabelatd1"&gt;Em aberto&lt;/td&gt;
		&lt;td class="tabelatd1"&gt;4-Beltrano da Silva (333.333.333-33)&lt;/td&gt;
		&lt;td class="tabelatd1"&gt;0F&lt;/td&gt;
		&lt;td class="tabelatd1"&gt;Patrimonial&lt;/td&gt;
&lt;th class="tabelatd1" border="1"&gt;&lt;a class="noPrint" href="?class=BaixarParcela&amp;id=73"&gt;[Baixar&amp;nbsp;parcela] &lt;/a&gt;&lt;a class="noPrint" href="?class=ImprimirParcela&amp;id=73"&gt;[Imprimir&amp;nbsp;parcela] &lt;/a&gt;&lt;/th&gt;
	&lt;/tr&gt;
	&lt;tr&gt;
		&lt;td class="tabelatd2"&gt;89&lt;/td&gt;
		&lt;td class="tabelatd2"&gt;Tipo Cobranca&lt;/td&gt;
		&lt;td class="tabelatd2"&gt;11/10/2018&lt;/td&gt;
		&lt;td class="tabelatd2"&gt;110.00&lt;/td&gt;
		&lt;td class="tabelatd2"&gt;0.00&lt;/td&gt;
		&lt;td class="tabelatd2"&gt;Em aberto&lt;/td&gt;
		&lt;td class="tabelatd2"&gt;4-Beltrano da Silva (333.333.333-33)&lt;/td&gt;
		&lt;td class="tabelatd2"&gt;0F&lt;/td&gt;
		&lt;td class="tabelatd2"&gt;Patrimonial&lt;/td&gt;
&lt;th class="tabelatd2" border="1"&gt;&lt;a class="noPrint" href="?class=BaixarParcela&amp;id=89"&gt;[Baixar&amp;nbsp;parcela] &lt;/a&gt;&lt;a class="noPrint" href="?class=ImprimirParcela&amp;id=89"&gt;[Imprimir&amp;nbsp;parcela] &lt;/a&gt;&lt;/th&gt;
	&lt;/tr&gt;
	&lt;tr&gt;
		&lt;td class="tabelatd1"&gt;105&lt;/td&gt;
		&lt;td class="tabelatd1"&gt;Tipo Cobranca&lt;/td&gt;
		&lt;td class="tabelatd1"&gt;11/10/2018&lt;/td&gt;
		&lt;td class="tabelatd1"&gt;110.00&lt;/td&gt;
		&lt;td class="tabelatd1"&gt;0.00&lt;/td&gt;
		&lt;td class="tabelatd1"&gt;Em aberto&lt;/td&gt;
		&lt;td class="tabelatd1"&gt;4-Beltrano da Silva (333.333.333-33)&lt;/td&gt;
		&lt;td class="tabelatd1"&gt;0F&lt;/td&gt;
		&lt;td class="tabelatd1"&gt;Patrimonial&lt;/td&gt;
&lt;th class="tabelatd1" border="1"&gt;&lt;a class="noPrint" href="?class=BaixarParcela&amp;id=105"&gt;[Baixar&amp;nbsp;parcela] &lt;/a&gt;&lt;a class="noPrint" href="?class=ImprimirParcela&amp;id=105"&gt;[Imprimir&amp;nbsp;parcela] &lt;/a&gt;&lt;/th&gt;
	&lt;/tr&gt;
	&lt;tr&gt;
		&lt;td class="tabelatd2"&gt;133&lt;/td&gt;
		&lt;td class="tabelatd2"&gt;Tipo Cobranca&lt;/td&gt;
		&lt;td class="tabelatd2"&gt;11/10/2018&lt;/td&gt;
		&lt;td class="tabelatd2"&gt;110.00&lt;/td&gt;
		&lt;td class="tabelatd2"&gt;0.00&lt;/td&gt;
		&lt;td class="tabelatd2"&gt;Em aberto&lt;/td&gt;
		&lt;td class="tabelatd2"&gt;4-Beltrano da Silva (333.333.333-33)&lt;/td&gt;
		&lt;td class="tabelatd2"&gt;0F&lt;/td&gt;
		&lt;td class="tabelatd2"&gt;Patrimonial&lt;/td&gt;
&lt;th class="tabelatd2" border="1"&gt;&lt;a class="noPrint" href="?class=BaixarParcela&amp;id=133"&gt;[Baixar&amp;nbsp;parcela] &lt;/a&gt;&lt;a class="noPrint" href="?class=ImprimirParcela&amp;id=133"&gt;[Imprimir&amp;nbsp;parcela] &lt;/a&gt;&lt;/th&gt;
	&lt;/tr&gt;
	&lt;tr&gt;
		&lt;td class="tabelatd1"&gt;158&lt;/td&gt;
		&lt;td class="tabelatd1"&gt;Tipo Cobranca&lt;/td&gt;
		&lt;td class="tabelatd1"&gt;11/10/2018&lt;/td&gt;
		&lt;td class="tabelatd1"&gt;110.00&lt;/td&gt;
		&lt;td class="tabelatd1"&gt;0.00&lt;/td&gt;
		&lt;td class="tabelatd1"&gt;Em aberto&lt;/td&gt;
		&lt;td class="tabelatd1"&gt;4-Beltrano da Silva (333.333.333-33)&lt;/td&gt;
		&lt;td class="tabelatd1"&gt;0F&lt;/td&gt;
		&lt;td class="tabelatd1"&gt;Patrimonial&lt;/td&gt;
&lt;th class="tabelatd1" border="1"&gt;&lt;a class="noPrint" href="?class=BaixarParcela&amp;id=158"&gt;[Baixar&amp;nbsp;parcela] &lt;/a&gt;&lt;a class="noPrint" href="?class=ImprimirParcela&amp;id=158"&gt;[Imprimir&amp;nbsp;parcela] &lt;/a&gt;&lt;/th&gt;
	&lt;/tr&gt;
	&lt;tr&gt;
		&lt;td class="tabelatd2"&gt;178&lt;/td&gt;
		&lt;td class="tabelatd2"&gt;Tipo Cobranca&lt;/td&gt;
		&lt;td class="tabelatd2"&gt;11/10/2018&lt;/td&gt;
		&lt;td class="tabelatd2"&gt;110.00&lt;/td&gt;
		&lt;td class="tabelatd2"&gt;0.00&lt;/td&gt;
		&lt;td class="tabelatd2"&gt;Em aberto&lt;/td&gt;
		&lt;td class="tabelatd2"&gt;4-Beltrano da Silva (333.333.333-33)&lt;/td&gt;
		&lt;td class="tabelatd2"&gt;0F&lt;/td&gt;
		&lt;td class="tabelatd2"&gt;Patrimonial&lt;/td&gt;
&lt;th class="tabelatd2" border="1"&gt;&lt;a class="noPrint" href="?class=BaixarParcela&amp;id=178"&gt;[Baixar&amp;nbsp;parcela] &lt;/a&gt;&lt;a class="noPrint" href="?class=ImprimirParcela&amp;id=178"&gt;[Imprimir&amp;nbsp;parcela] &lt;/a&gt;&lt;/th&gt;
	&lt;/tr&gt;
	&lt;tr&gt;
		&lt;td class="tabelatd1"&gt;198&lt;/td&gt;
		&lt;td class="tabelatd1"&gt;Tipo Cobranca&lt;/td&gt;
		&lt;td class="tabelatd1"&gt;11/10/2018&lt;/td&gt;
		&lt;td class="tabelatd1"&gt;110.00&lt;/td&gt;
		&lt;td class="tabelatd1"&gt;0.00&lt;/td&gt;
		&lt;td class="tabelatd1"&gt;Em aberto&lt;/td&gt;
		&lt;td class="tabelatd1"&gt;4-Beltrano da Silva (333.333.333-33)&lt;/td&gt;
		&lt;td class="tabelatd1"&gt;0F&lt;/td&gt;
		&lt;td class="tabelatd1"&gt;Patrimonial&lt;/td&gt;
&lt;th class="tabelatd1" border="1"&gt;&lt;a class="noPrint" href="?class=BaixarParcela&amp;id=198"&gt;[Baixar&amp;nbsp;parcela] &lt;/a&gt;&lt;a class="noPrint" href="?class=ImprimirParcela&amp;id=198"&gt;[Imprimir&amp;nbsp;parcela] &lt;/a&gt;&lt;/th&gt;
	&lt;/tr&gt;
	&lt;tr&gt;
		&lt;td class="tabelatd2"&gt;218&lt;/td&gt;
		&lt;td class="tabelatd2"&gt;Tipo Cobranca&lt;/td&gt;
		&lt;td class="tabelatd2"&gt;11/10/2018&lt;/td&gt;
		&lt;td class="tabelatd2"&gt;110.00&lt;/td&gt;
		&lt;td class="tabelatd2"&gt;0.00&lt;/td&gt;
		&lt;td class="tabelatd2"&gt;Em aberto&lt;/td&gt;
		&lt;td class="tabelatd2"&gt;4-Beltrano da Silva (333.333.333-33)&lt;/td&gt;
		&lt;td class="tabelatd2"&gt;0F&lt;/td&gt;
		&lt;td class="tabelatd2"&gt;Patrimonial&lt;/td&gt;
&lt;th class="tabelatd2" border="1"&gt;&lt;a class="noPrint" href="?class=BaixarParcela&amp;id=218"&gt;[Baixar&amp;nbsp;parcela] &lt;/a&gt;&lt;a class="noPrint" href="?class=ImprimirParcela&amp;id=218"&gt;[Imprimir&amp;nbsp;parcela] &lt;/a&gt;&lt;/th&gt;
	&lt;/tr&gt;
	&lt;tr&gt;
		&lt;td class="tabelatd1"&gt;242&lt;/td&gt;
		&lt;td class="tabelatd1"&gt;Tipo Cobranca&lt;/td&gt;
		&lt;td class="tabelatd1"&gt;11/10/2018&lt;/td&gt;
		&lt;td class="tabelatd1"&gt;110.00&lt;/td&gt;
		&lt;td class="tabelatd1"&gt;0.00&lt;/td&gt;
		&lt;td class="tabelatd1"&gt;Em aberto&lt;/td&gt;
		&lt;td class="tabelatd1"&gt;4-Beltrano da Silva (333.333.333-33)&lt;/td&gt;
		&lt;td class="tabelatd1"&gt;0F&lt;/td&gt;
		&lt;td class="tabelatd1"&gt;Patrimonial&lt;/td&gt;
&lt;th class="tabelatd1" border="1"&gt;&lt;a class="noPrint" href="?class=BaixarParcela&amp;id=242"&gt;[Baixar&amp;nbsp;parcela] &lt;/a&gt;&lt;a class="noPrint" href="?class=ImprimirParcela&amp;id=242"&gt;[Imprimir&amp;nbsp;parcela] &lt;/a&gt;&lt;/th&gt;
	&lt;/tr&gt;
	&lt;tr&gt;
		&lt;td class="tabelatd2"&gt;266&lt;/td&gt;
		&lt;td class="tabelatd2"&gt;Tipo Cobranca&lt;/td&gt;
		&lt;td class="tabelatd2"&gt;11/10/2018&lt;/td&gt;
		&lt;td class="tabelatd2"&gt;110.00&lt;/td&gt;
		&lt;td class="tabelatd2"&gt;0.00&lt;/td&gt;
		&lt;td class="tabelatd2"&gt;Em aberto&lt;/td&gt;
		&lt;td class="tabelatd2"&gt;4-Beltrano da Silva (333.333.333-33)&lt;/td&gt;
		&lt;td class="tabelatd2"&gt;0F&lt;/td&gt;
		&lt;td class="tabelatd2"&gt;Patrimonial&lt;/td&gt;
&lt;th class="tabelatd2" border="1"&gt;&lt;a class="noPrint" href="?class=BaixarParcela&amp;id=266"&gt;[Baixar&amp;nbsp;parcela] &lt;/a&gt;&lt;a class="noPrint" href="?class=ImprimirParcela&amp;id=266"&gt;[Imprimir&amp;nbsp;parcela] &lt;/a&gt;&lt;/th&gt;
	&lt;/tr&gt;
	&lt;tr&gt;
		&lt;td class="tabelatd1"&gt;292&lt;/td&gt;
		&lt;td class="tabelatd1"&gt;Tipo Cobranca&lt;/td&gt;
		&lt;td class="tabelatd1"&gt;11/10/2018&lt;/td&gt;
		&lt;td class="tabelatd1"&gt;110.00&lt;/td&gt;
		&lt;td class="tabelatd1"&gt;0.00&lt;/td&gt;
		&lt;td class="tabelatd1"&gt;Em aberto&lt;/td&gt;
		&lt;td class="tabelatd1"&gt;4-Beltrano da Silva (333.333.333-33)&lt;/td&gt;
		&lt;td class="tabelatd1"&gt;0F&lt;/td&gt;
		&lt;td class="tabelatd1"&gt;Patrimonial&lt;/td&gt;
&lt;th class="tabelatd1" border="1"&gt;&lt;a class="noPrint" href="?class=BaixarParcela&amp;id=292"&gt;[Baixar&amp;nbsp;parcela] &lt;/a&gt;&lt;a class="noPrint" href="?class=ImprimirParcela&amp;id=292"&gt;[Imprimir&amp;nbsp;parcela] &lt;/a&gt;&lt;/th&gt;
	&lt;/tr&gt;
	&lt;tr&gt;
		&lt;td class="tabelatd2"&gt;320&lt;/td&gt;
		&lt;td class="tabelatd2"&gt;Tipo Cobranca&lt;/td&gt;
		&lt;td class="tabelatd2"&gt;11/10/2018&lt;/td&gt;
		&lt;td class="tabelatd2"&gt;110.00&lt;/td&gt;
		&lt;td class="tabelatd2"&gt;0.00&lt;/td&gt;
		&lt;td class="tabelatd2"&gt;Em aberto&lt;/td&gt;
		&lt;td class="tabelatd2"&gt;4-Beltrano da Silva (333.333.333-33)&lt;/td&gt;
		&lt;td class="tabelatd2"&gt;0F&lt;/td&gt;
		&lt;td class="tabelatd2"&gt;Patrimonial&lt;/td&gt;
&lt;th class="tabelatd2" border="1"&gt;&lt;a class="noPrint" href="?class=BaixarParcela&amp;id=320"&gt;[Baixar&amp;nbsp;parcela] &lt;/a&gt;&lt;a class="noPrint" href="?class=ImprimirParcela&amp;id=320"&gt;[Imprimir&amp;nbsp;parcela] &lt;/a&gt;&lt;/th&gt;
	&lt;/tr&gt;
	&lt;tr&gt;
		&lt;td class="tabelatd1"&gt;350&lt;/td&gt;
		&lt;td class="tabelatd1"&gt;Tipo Cobranca&lt;/td&gt;
		&lt;td class="tabelatd1"&gt;11/10/2018&lt;/td&gt;
		&lt;td class="tabelatd1"&gt;110.00&lt;/td&gt;
		&lt;td class="tabelatd1"&gt;0.00&lt;/td&gt;
		&lt;td class="tabelatd1"&gt;Em aberto&lt;/td&gt;
		&lt;td class="tabelatd1"&gt;4-Beltrano da Silva (333.333.333-33)&lt;/td&gt;
		&lt;td class="tabelatd1"&gt;0F&lt;/td&gt;
		&lt;td class="tabelatd1"&gt;Patrimonial&lt;/td&gt;
&lt;th class="tabelatd1" border="1"&gt;&lt;a class="noPrint" href="?class=BaixarParcela&amp;id=350"&gt;[Baixar&amp;nbsp;parcela] &lt;/a&gt;&lt;a class="noPrint" href="?class=ImprimirParcela&amp;id=350"&gt;[Imprimir&amp;nbsp;parcela] &lt;/a&gt;&lt;/th&gt;
	&lt;/tr&gt;
	&lt;tr&gt;
		&lt;td class="tabelatd2"&gt;382&lt;/td&gt;
		&lt;td class="tabelatd2"&gt;Tipo Cobranca&lt;/td&gt;
		&lt;td class="tabelatd2"&gt;11/10/2018&lt;/td&gt;
		&lt;td class="tabelatd2"&gt;110.00&lt;/td&gt;
		&lt;td class="tabelatd2"&gt;0.00&lt;/td&gt;
		&lt;td class="tabelatd2"&gt;Em aberto&lt;/td&gt;
		&lt;td class="tabelatd2"&gt;4-Beltrano da Silva (333.333.333-33)&lt;/td&gt;
		&lt;td class="tabelatd2"&gt;0F&lt;/td&gt;
		&lt;td class="tabelatd2"&gt;Patrimonial&lt;/td&gt;
&lt;th class="tabelatd2" border="1"&gt;&lt;a class="noPrint" href="?class=BaixarParcela&amp;id=382"&gt;[Baixar&amp;nbsp;parcela] &lt;/a&gt;&lt;a class="noPrint" href="?class=ImprimirParcela&amp;id=382"&gt;[Imprimir&amp;nbsp;parcela] &lt;/a&gt;&lt;/th&gt;
	&lt;/tr&gt;
	&lt;tr&gt;
		&lt;td class="tabelatd1"&gt;416&lt;/td&gt;
		&lt;td class="tabelatd1"&gt;Tipo Cobranca&lt;/td&gt;
		&lt;td class="tabelatd1"&gt;11/10/2018&lt;/td&gt;
		&lt;td class="tabelatd1"&gt;110.00&lt;/td&gt;
		&lt;td class="tabelatd1"&gt;0.00&lt;/td&gt;
		&lt;td class="tabelatd1"&gt;Em aberto&lt;/td&gt;
		&lt;td class="tabelatd1"&gt;4-Beltrano da Silva (333.333.333-33)&lt;/td&gt;
		&lt;td class="tabelatd1"&gt;0F&lt;/td&gt;
		&lt;td class="tabelatd1"&gt;Patrimonial&lt;/td&gt;
&lt;th class="tabelatd1" border="1"&gt;&lt;a class="noPrint" href="?class=BaixarParcela&amp;id=416"&gt;[Baixar&amp;nbsp;parcela] &lt;/a&gt;&lt;a class="noPrint" href="?class=ImprimirParcela&amp;id=416"&gt;[Imprimir&amp;nbsp;parcela] &lt;/a&gt;&lt;/th&gt;
	&lt;/tr&gt;
	&lt;tr&gt;
		&lt;td class="tabelatd2"&gt;452&lt;/td&gt;
		&lt;td class="tabelatd2"&gt;Tipo Cobranca&lt;/td&gt;
		&lt;td class="tabelatd2"&gt;11/10/2018&lt;/td&gt;
		&lt;td class="tabelatd2"&gt;110.00&lt;/td&gt;
		&lt;td class="tabelatd2"&gt;0.00&lt;/td&gt;
		&lt;td class="tabelatd2"&gt;Em aberto&lt;/td&gt;
		&lt;td class="tabelatd2"&gt;4-Beltrano da Silva (333.333.333-33)&lt;/td&gt;
		&lt;td class="tabelatd2"&gt;0F&lt;/td&gt;
		&lt;td class="tabelatd2"&gt;Patrimonial&lt;/td&gt;
&lt;th class="tabelatd2" border="1"&gt;&lt;a class="noPrint" href="?class=BaixarParcela&amp;id=452"&gt;[Baixar&amp;nbsp;parcela] &lt;/a&gt;&lt;a class="noPrint" href="?class=ImprimirParcela&amp;id=452"&gt;[Imprimir&amp;nbsp;parcela] &lt;/a&gt;&lt;/th&gt;
	&lt;/tr&gt;
	&lt;tr&gt;
		&lt;td class="tabelatd1"&gt;5&lt;/td&gt;
		&lt;td class="tabelatd1"&gt;Tipo Cobranca&lt;/td&gt;
		&lt;td class="tabelatd1"&gt;10/10/2018&lt;/td&gt;
		&lt;td class="tabelatd1"&gt;110.00&lt;/td&gt;
		&lt;td class="tabelatd1"&gt;0.00&lt;/td&gt;
		&lt;td class="tabelatd1"&gt;Em aberto&lt;/td&gt;
		&lt;td class="tabelatd1"&gt;3-Cicrano de Tal (222.222.222-22)&lt;/td&gt;
		&lt;td class="tabelatd1"&gt;23F&lt;/td&gt;
		&lt;td class="tabelatd1"&gt;Patrimonial&lt;/td&gt;
&lt;th class="tabelatd1" border="1"&gt;&lt;a class="noPrint" href="?class=BaixarParcela&amp;id=5"&gt;[Baixar&amp;nbsp;parcela] &lt;/a&gt;&lt;a class="noPrint" href="?class=ImprimirParcela&amp;id=5"&gt;[Imprimir&amp;nbsp;parcela] &lt;/a&gt;&lt;/th&gt;
	&lt;/tr&gt;
	&lt;tr&gt;
		&lt;td class="tabelatd2"&gt;9&lt;/td&gt;
		&lt;td class="tabelatd2"&gt;Tipo Cobranca&lt;/td&gt;
		&lt;td class="tabelatd2"&gt;10/10/2018&lt;/td&gt;
		&lt;td class="tabelatd2"&gt;110.00&lt;/td&gt;
		&lt;td class="tabelatd2"&gt;0.00&lt;/td&gt;
		&lt;td class="tabelatd2"&gt;Em aberto&lt;/td&gt;
		&lt;td class="tabelatd2"&gt;3-Cicrano de Tal (222.222.222-22)&lt;/td&gt;
		&lt;td class="tabelatd2"&gt;23F&lt;/td&gt;
		&lt;td class="tabelatd2"&gt;Patrimonial&lt;/td&gt;
&lt;th class="tabelatd2" border="1"&gt;&lt;a class="noPrint" href="?class=BaixarParcela&amp;id=9"&gt;[Baixar&amp;nbsp;parcela] &lt;/a&gt;&lt;a class="noPrint" href="?class=ImprimirParcela&amp;id=9"&gt;[Imprimir&amp;nbsp;parcela] &lt;/a&gt;&lt;/th&gt;
	&lt;/tr&gt;
	&lt;tr&gt;
		&lt;td class="tabelatd1"&gt;13&lt;/td&gt;
		&lt;td class="tabelatd1"&gt;Tipo Cobranca&lt;/td&gt;
		&lt;td class="tabelatd1"&gt;10/10/2018&lt;/td&gt;
		&lt;td class="tabelatd1"&gt;110.00&lt;/td&gt;
		&lt;td class="tabelatd1"&gt;0.00&lt;/td&gt;
		&lt;td class="tabelatd1"&gt;Em aberto&lt;/td&gt;
		&lt;td class="tabelatd1"&gt;3-Cicrano de Tal (222.222.222-22)&lt;/td&gt;
		&lt;td class="tabelatd1"&gt;23F&lt;/td&gt;
		&lt;td class="tabelatd1"&gt;Patrimonial&lt;/td&gt;
&lt;th class="tabelatd1" border="1"&gt;&lt;a class="noPrint" href="?class=BaixarParcela&amp;id=13"&gt;[Baixar&amp;nbsp;parcela] &lt;/a&gt;&lt;a class="noPrint" href="?class=ImprimirParcela&amp;id=13"&gt;[Imprimir&amp;nbsp;parcela] &lt;/a&gt;&lt;/th&gt;
	&lt;/tr&gt;
	&lt;tr&gt;
		&lt;td class="tabelatd2"&gt;17&lt;/td&gt;
		&lt;td class="tabelatd2"&gt;Tipo Cobranca&lt;/td&gt;
		&lt;td class="tabelatd2"&gt;10/10/2018&lt;/td&gt;
		&lt;td class="tabelatd2"&gt;110.00&lt;/td&gt;
		&lt;td class="tabelatd2"&gt;0.00&lt;/td&gt;
		&lt;td class="tabelatd2"&gt;Em aberto&lt;/td&gt;
		&lt;td class="tabelatd2"&gt;3-Cicrano de Tal (222.222.222-22)&lt;/td&gt;
		&lt;td class="tabelatd2"&gt;23F&lt;/td&gt;
		&lt;td class="tabelatd2"&gt;Patrimonial&lt;/td&gt;
&lt;th class="tabelatd2" border="1"&gt;&lt;a class="noPrint" href="?class=BaixarParcela&amp;id=17"&gt;[Baixar&amp;nbsp;parcela] &lt;/a&gt;&lt;a class="noPrint" href="?class=ImprimirParcela&amp;id=17"&gt;[Imprimir&amp;nbsp;parcela] &lt;/a&gt;&lt;/th&gt;
	&lt;/tr&gt;
	&lt;tr&gt;
		&lt;td class="tabelatd1"&gt;21&lt;/td&gt;
		&lt;td class="tabelatd1"&gt;Tipo Cobranca&lt;/td&gt;
		&lt;td class="tabelatd1"&gt;10/10/2018&lt;/td&gt;
		&lt;td class="tabelatd1"&gt;110.00&lt;/td&gt;
		&lt;td class="tabelatd1"&gt;0.00&lt;/td&gt;
		&lt;td class="tabelatd1"&gt;Em aberto&lt;/td&gt;
		&lt;td class="tabelatd1"&gt;3-Cicrano de Tal (222.222.222-22)&lt;/td&gt;
		&lt;td class="tabelatd1"&gt;23F&lt;/td&gt;
		&lt;td class="tabelatd1"&gt;Patrimonial&lt;/td&gt;
&lt;th class="tabelatd1" border="1"&gt;&lt;a class="noPrint" href="?class=BaixarParcela&amp;id=21"&gt;[Baixar&amp;nbsp;parcela] &lt;/a&gt;&lt;a class="noPrint" href="?class=ImprimirParcela&amp;id=21"&gt;[Imprimir&amp;nbsp;parcela] &lt;/a&gt;&lt;/th&gt;
	&lt;/tr&gt;
	&lt;tr&gt;
		&lt;td class="tabelatd2"&gt;25&lt;/td&gt;
		&lt;td class="tabelatd2"&gt;Tipo Cobranca&lt;/td&gt;
		&lt;td class="tabelatd2"&gt;10/10/2018&lt;/td&gt;
		&lt;td class="tabelatd2"&gt;110.00&lt;/td&gt;
		&lt;td class="tabelatd2"&gt;0.00&lt;/td&gt;
		&lt;td class="tabelatd2"&gt;Em aberto&lt;/td&gt;
		&lt;td class="tabelatd2"&gt;3-Cicrano de Tal (222.222.222-22)&lt;/td&gt;
		&lt;td class="tabelatd2"&gt;23F&lt;/td&gt;
		&lt;td class="tabelatd2"&gt;Patrimonial&lt;/td&gt;
&lt;th class="tabelatd2" border="1"&gt;&lt;a class="noPrint" href="?class=BaixarParcela&amp;id=25"&gt;[Baixar&amp;nbsp;parcela] &lt;/a&gt;&lt;a class="noPrint" href="?class=ImprimirParcela&amp;id=25"&gt;[Imprimir&amp;nbsp;parcela] &lt;/a&gt;&lt;/th&gt;
	&lt;/tr&gt;
	&lt;tr&gt;
		&lt;td class="tabelatd1"&gt;29&lt;/td&gt;
		&lt;td class="tabelatd1"&gt;Tipo Cobranca&lt;/td&gt;
		&lt;td class="tabelatd1"&gt;10/10/2018&lt;/td&gt;
		&lt;td class="tabelatd1"&gt;110.00&lt;/td&gt;
		&lt;td class="tabelatd1"&gt;0.00&lt;/td&gt;
		&lt;td class="tabelatd1"&gt;Em aberto&lt;/td&gt;
		&lt;td class="tabelatd1"&gt;3-Cicrano de Tal (222.222.222-22)&lt;/td&gt;
		&lt;td class="tabelatd1"&gt;23F&lt;/td&gt;
		&lt;td class="tabelatd1"&gt;Patrimonial&lt;/td&gt;
&lt;th class="tabelatd1" border="1"&gt;&lt;a class="noPrint" href="?class=BaixarParcela&amp;id=29"&gt;[Baixar&amp;nbsp;parcela] &lt;/a&gt;&lt;a class="noPrint" href="?class=ImprimirParcela&amp;id=29"&gt;[Imprimir&amp;nbsp;parcela] &lt;/a&gt;&lt;/th&gt;
	&lt;/tr&gt;
	&lt;tr&gt;
		&lt;td class="tabelatd2"&gt;36&lt;/td&gt;
		&lt;td class="tabelatd2"&gt;Tipo Cobranca&lt;/td&gt;
		&lt;td class="tabelatd2"&gt;10/10/2018&lt;/td&gt;
		&lt;td class="tabelatd2"&gt;110.00&lt;/td&gt;
		&lt;td class="tabelatd2"&gt;0.00&lt;/td&gt;
		&lt;td class="tabelatd2"&gt;Em aberto&lt;/td&gt;
		&lt;td class="tabelatd2"&gt;3-Cicrano de Tal (222.222.222-22)&lt;/td&gt;
		&lt;td class="tabelatd2"&gt;23F&lt;/td&gt;
		&lt;td class="tabelatd2"&gt;Patrimonial&lt;/td&gt;
&lt;th class="tabelatd2" border="1"&gt;&lt;a class="noPrint" href="?class=BaixarParcela&amp;id=36"&gt;[Baixar&amp;nbsp;parcela] &lt;/a&gt;&lt;a class="noPrint" href="?class=ImprimirParcela&amp;id=36"&gt;[Imprimir&amp;nbsp;parcela] &lt;/a&gt;&lt;/th&gt;
	&lt;/tr&gt;
	&lt;tr&gt;
		&lt;td class="tabelatd1"&gt;44&lt;/td&gt;
		&lt;td class="tabelatd1"&gt;Tipo Cobranca&lt;/td&gt;
		&lt;td class="tabelatd1"&gt;10/10/2018&lt;/td&gt;
		&lt;td class="tabelatd1"&gt;110.00&lt;/td&gt;
		&lt;td class="tabelatd1"&gt;0.00&lt;/td&gt;
		&lt;td class="tabelatd1"&gt;Em aberto&lt;/td&gt;
		&lt;td class="tabelatd1"&gt;3-Cicrano de Tal (222.222.222-22)&lt;/td&gt;
		&lt;td class="tabelatd1"&gt;23F&lt;/td&gt;
		&lt;td class="tabelatd1"&gt;Patrimonial&lt;/td&gt;
&lt;th class="tabelatd1" border="1"&gt;&lt;a class="noPrint" href="?class=BaixarParcela&amp;id=44"&gt;[Baixar&amp;nbsp;parcela] &lt;/a&gt;&lt;a class="noPrint" href="?class=ImprimirParcela&amp;id=44"&gt;[Imprimir&amp;nbsp;parcela] &lt;/a&gt;&lt;/th&gt;
	&lt;/tr&gt;
	&lt;tr&gt;
		&lt;td class="tabelatd2"&gt;55&lt;/td&gt;
		&lt;td class="tabelatd2"&gt;Tipo Cobranca&lt;/td&gt;
		&lt;td class="tabelatd2"&gt;10/10/2018&lt;/td&gt;
		&lt;td class="tabelatd2"&gt;110.00&lt;/td&gt;
		&lt;td class="tabelatd2"&gt;0.00&lt;/td&gt;
		&lt;td class="tabelatd2"&gt;Em aberto&lt;/td&gt;
		&lt;td class="tabelatd2"&gt;3-Cicrano de Tal (222.222.222-22)&lt;/td&gt;
		&lt;td class="tabelatd2"&gt;23F&lt;/td&gt;
		&lt;td class="tabelatd2"&gt;Patrimonial&lt;/td&gt;
&lt;th class="tabelatd2" border="1"&gt;&lt;a class="noPrint" href="?class=BaixarParcela&amp;id=55"&gt;[Baixar&amp;nbsp;parcela] &lt;/a&gt;&lt;a class="noPrint" href="?class=ImprimirParcela&amp;id=55"&gt;[Imprimir&amp;nbsp;parcela] &lt;/a&gt;&lt;/th&gt;
	&lt;/tr&gt;
	&lt;tr&gt;
		&lt;td class="tabelatd1"&gt;68&lt;/td&gt;
		&lt;td class="tabelatd1"&gt;Tipo Cobranca&lt;/td&gt;
		&lt;td class="tabelatd1"&gt;10/10/2018&lt;/td&gt;
		&lt;td class="tabelatd1"&gt;110.00&lt;/td&gt;
		&lt;td class="tabelatd1"&gt;0.00&lt;/td&gt;
		&lt;td class="tabelatd1"&gt;Em aberto&lt;/td&gt;
		&lt;td class="tabelatd1"&gt;3-Cicrano de Tal (222.222.222-22)&lt;/td&gt;
		&lt;td class="tabelatd1"&gt;23F&lt;/td&gt;
		&lt;td class="tabelatd1"&gt;Patrimonial&lt;/td&gt;
&lt;th class="tabelatd1" border="1"&gt;&lt;a class="noPrint" href="?class=BaixarParcela&amp;id=68"&gt;[Baixar&amp;nbsp;parcela] &lt;/a&gt;&lt;a class="noPrint" href="?class=ImprimirParcela&amp;id=68"&gt;[Imprimir&amp;nbsp;parcela] &lt;/a&gt;&lt;/th&gt;
	&lt;/tr&gt;
	&lt;tr&gt;
		&lt;td class="tabelatd2"&gt;83&lt;/td&gt;
		&lt;td class="tabelatd2"&gt;Tipo Cobranca&lt;/td&gt;
		&lt;td class="tabelatd2"&gt;10/10/2018&lt;/td&gt;
		&lt;td class="tabelatd2"&gt;110.00&lt;/td&gt;
		&lt;td class="tabelatd2"&gt;0.00&lt;/td&gt;
		&lt;td class="tabelatd2"&gt;Em aberto&lt;/td&gt;
		&lt;td class="tabelatd2"&gt;3-Cicrano de Tal (222.222.222-22)&lt;/td&gt;
		&lt;td class="tabelatd2"&gt;23F&lt;/td&gt;
		&lt;td class="tabelatd2"&gt;Patrimonial&lt;/td&gt;
&lt;th class="tabelatd2" border="1"&gt;&lt;a class="noPrint" href="?class=BaixarParcela&amp;id=83"&gt;[Baixar&amp;nbsp;parcela] &lt;/a&gt;&lt;a class="noPrint" href="?class=ImprimirParcela&amp;id=83"&gt;[Imprimir&amp;nbsp;parcela] &lt;/a&gt;&lt;/th&gt;
	&lt;/tr&gt;
	&lt;tr&gt;
		&lt;td class="tabelatd1"&gt;99&lt;/td&gt;
		&lt;td class="tabelatd1"&gt;Tipo Cobranca&lt;/td&gt;
		&lt;td class="tabelatd1"&gt;10/10/2018&lt;/td&gt;
		&lt;td class="tabelatd1"&gt;110.00&lt;/td&gt;
		&lt;td class="tabelatd1"&gt;0.00&lt;/td&gt;
		&lt;td class="tabelatd1"&gt;Em aberto&lt;/td&gt;
		&lt;td class="tabelatd1"&gt;3-Cicrano de Tal (222.222.222-22)&lt;/td&gt;
		&lt;td class="tabelatd1"&gt;23F&lt;/td&gt;
		&lt;td class="tabelatd1"&gt;Patrimonial&lt;/td&gt;
&lt;th class="tabelatd1" border="1"&gt;&lt;a class="noPrint" href="?class=BaixarParcela&amp;id=99"&gt;[Baixar&amp;nbsp;parcela] &lt;/a&gt;&lt;a class="noPrint" href="?class=ImprimirParcela&amp;id=99"&gt;[Imprimir&amp;nbsp;parcela] &lt;/a&gt;&lt;/th&gt;
	&lt;/tr&gt;
	&lt;tr&gt;
		&lt;td class="tabelatd2"&gt;126&lt;/td&gt;
		&lt;td class="tabelatd2"&gt;Tipo Cobranca&lt;/td&gt;
		&lt;td class="tabelatd2"&gt;10/10/2018&lt;/td&gt;
		&lt;td class="tabelatd2"&gt;110.00&lt;/td&gt;
		&lt;td class="tabelatd2"&gt;0.00&lt;/td&gt;
		&lt;td class="tabelatd2"&gt;Em aberto&lt;/td&gt;
		&lt;td class="tabelatd2"&gt;3-Cicrano de Tal (222.222.222-22)&lt;/td&gt;
		&lt;td class="tabelatd2"&gt;23F&lt;/td&gt;
		&lt;td class="tabelatd2"&gt;Patrimonial&lt;/td&gt;
&lt;th class="tabelatd2" border="1"&gt;&lt;a class="noPrint" href="?class=BaixarParcela&amp;id=126"&gt;[Baixar&amp;nbsp;parcela] &lt;/a&gt;&lt;a class="noPrint" href="?class=ImprimirParcela&amp;id=126"&gt;[Imprimir&amp;nbsp;parcela] &lt;/a&gt;&lt;/th&gt;
	&lt;/tr&gt;
	&lt;tr&gt;
		&lt;td class="tabelatd1"&gt;150&lt;/td&gt;
		&lt;td class="tabelatd1"&gt;Tipo Cobranca&lt;/td&gt;
		&lt;td class="tabelatd1"&gt;10/10/2018&lt;/td&gt;
		&lt;td class="tabelatd1"&gt;110.00&lt;/td&gt;
		&lt;td class="tabelatd1"&gt;0.00&lt;/td&gt;
		&lt;td class="tabelatd1"&gt;Em aberto&lt;/td&gt;
		&lt;td class="tabelatd1"&gt;3-Cicrano de Tal (222.222.222-22)&lt;/td&gt;
		&lt;td class="tabelatd1"&gt;23F&lt;/td&gt;
		&lt;td class="tabelatd1"&gt;Patrimonial&lt;/td&gt;
&lt;th class="tabelatd1" border="1"&gt;&lt;a class="noPrint" href="?class=BaixarParcela&amp;id=150"&gt;[Baixar&amp;nbsp;parcela] &lt;/a&gt;&lt;a class="noPrint" href="?class=ImprimirParcela&amp;id=150"&gt;[Imprimir&amp;nbsp;parcela] &lt;/a&gt;&lt;/th&gt;
	&lt;/tr&gt;
	&lt;tr&gt;
		&lt;td class="tabelatd2"&gt;170&lt;/td&gt;
		&lt;td class="tabelatd2"&gt;Tipo Cobranca&lt;/td&gt;
		&lt;td class="tabelatd2"&gt;10/10/2018&lt;/td&gt;
		&lt;td class="tabelatd2"&gt;110.00&lt;/td&gt;
		&lt;td class="tabelatd2"&gt;0.00&lt;/td&gt;
		&lt;td class="tabelatd2"&gt;Em aberto&lt;/td&gt;
		&lt;td class="tabelatd2"&gt;3-Cicrano de Tal (222.222.222-22)&lt;/td&gt;
		&lt;td class="tabelatd2"&gt;23F&lt;/td&gt;
		&lt;td class="tabelatd2"&gt;Patrimonial&lt;/td&gt;
&lt;th class="tabelatd2" border="1"&gt;&lt;a class="noPrint" href="?class=BaixarParcela&amp;id=170"&gt;[Baixar&amp;nbsp;parcela] &lt;/a&gt;&lt;a class="noPrint" href="?class=ImprimirParcela&amp;id=170"&gt;[Imprimir&amp;nbsp;parcela] &lt;/a&gt;&lt;/th&gt;
	&lt;/tr&gt;
	&lt;tr&gt;
		&lt;td class="tabelatd1"&gt;190&lt;/td&gt;
		&lt;td class="tabelatd1"&gt;Tipo Cobranca&lt;/td&gt;
		&lt;td class="tabelatd1"&gt;10/10/2018&lt;/td&gt;
		&lt;td class="tabelatd1"&gt;110.00&lt;/td&gt;
		&lt;td class="tabelatd1"&gt;0.00&lt;/td&gt;
		&lt;td class="tabelatd1"&gt;Em aberto&lt;/td&gt;
		&lt;td class="tabelatd1"&gt;3-Cicrano de Tal (222.222.222-22)&lt;/td&gt;
		&lt;td class="tabelatd1"&gt;23F&lt;/td&gt;
		&lt;td class="tabelatd1"&gt;Patrimonial&lt;/td&gt;
&lt;th class="tabelatd1" border="1"&gt;&lt;a class="noPrint" href="?class=BaixarParcela&amp;id=190"&gt;[Baixar&amp;nbsp;parcela] &lt;/a&gt;&lt;a class="noPrint" href="?class=ImprimirParcela&amp;id=190"&gt;[Imprimir&amp;nbsp;parcela] &lt;/a&gt;&lt;/th&gt;
	&lt;/tr&gt;
	&lt;tr&gt;
		&lt;td class="tabelatd2"&gt;210&lt;/td&gt;
		&lt;td class="tabelatd2"&gt;Tipo Cobranca&lt;/td&gt;
		&lt;td class="tabelatd2"&gt;10/10/2018&lt;/td&gt;
		&lt;td class="tabelatd2"&gt;110.00&lt;/td&gt;
		&lt;td class="tabelatd2"&gt;0.00&lt;/td&gt;
		&lt;td class="tabelatd2"&gt;Em aberto&lt;/td&gt;
		&lt;td class="tabelatd2"&gt;3-Cicrano de Tal (222.222.222-22)&lt;/td&gt;
		&lt;td class="tabelatd2"&gt;23F&lt;/td&gt;
		&lt;td class="tabelatd2"&gt;Patrimonial&lt;/td&gt;
&lt;th class="tabelatd2" border="1"&gt;&lt;a class="noPrint" href="?class=BaixarParcela&amp;id=210"&gt;[Baixar&amp;nbsp;parcela] &lt;/a&gt;&lt;a class="noPrint" href="?class=ImprimirParcela&amp;id=210"&gt;[Imprimir&amp;nbsp;parcela] &lt;/a&gt;&lt;/th&gt;
	&lt;/tr&gt;
	&lt;tr&gt;
		&lt;td class="tabelatd1"&gt;233&lt;/td&gt;
		&lt;td class="tabelatd1"&gt;Tipo Cobranca&lt;/td&gt;
		&lt;td class="tabelatd1"&gt;10/10/2018&lt;/td&gt;
		&lt;td class="tabelatd1"&gt;110.00&lt;/td&gt;
		&lt;td class="tabelatd1"&gt;0.00&lt;/td&gt;
		&lt;td class="tabelatd1"&gt;Em aberto&lt;/td&gt;
		&lt;td class="tabelatd1"&gt;3-Cicrano de Tal (222.222.222-22)&lt;/td&gt;
		&lt;td class="tabelatd1"&gt;23F&lt;/td&gt;
		&lt;td class="tabelatd1"&gt;Patrimonial&lt;/td&gt;
&lt;th class="tabelatd1" border="1"&gt;&lt;a class="noPrint" href="?class=BaixarParcela&amp;id=233"&gt;[Baixar&amp;nbsp;parcela] &lt;/a&gt;&lt;a class="noPrint" href="?class=ImprimirParcela&amp;id=233"&gt;[Imprimir&amp;nbsp;parcela] &lt;/a&gt;&lt;/th&gt;
	&lt;/tr&gt;
	&lt;tr&gt;
		&lt;td class="tabelatd2"&gt;256&lt;/td&gt;
		&lt;td class="tabelatd2"&gt;Tipo Cobranca&lt;/td&gt;
		&lt;td class="tabelatd2"&gt;10/10/2018&lt;/td&gt;
		&lt;td class="tabelatd2"&gt;110.00&lt;/td&gt;
		&lt;td class="tabelatd2"&gt;0.00&lt;/td&gt;
		&lt;td class="tabelatd2"&gt;Em aberto&lt;/td&gt;
		&lt;td class="tabelatd2"&gt;3-Cicrano de Tal (222.222.222-22)&lt;/td&gt;
		&lt;td class="tabelatd2"&gt;23F&lt;/td&gt;
		&lt;td class="tabelatd2"&gt;Patrimonial&lt;/td&gt;
&lt;th class="tabelatd2" border="1"&gt;&lt;a class="noPrint" href="?class=BaixarParcela&amp;id=256"&gt;[Baixar&amp;nbsp;parcela] &lt;/a&gt;&lt;a class="noPrint" href="?class=ImprimirParcela&amp;id=256"&gt;[Imprimir&amp;nbsp;parcela] &lt;/a&gt;&lt;/th&gt;
	&lt;/tr&gt;
	&lt;tr&gt;
		&lt;td class="tabelatd1"&gt;281&lt;/td&gt;
		&lt;td class="tabelatd1"&gt;Tipo Cobranca&lt;/td&gt;
		&lt;td class="tabelatd1"&gt;10/10/2018&lt;/td&gt;
		&lt;td class="tabelatd1"&gt;110.00&lt;/td&gt;
		&lt;td class="tabelatd1"&gt;0.00&lt;/td&gt;
		&lt;td class="tabelatd1"&gt;Em aberto&lt;/td&gt;
		&lt;td class="tabelatd1"&gt;3-Cicrano de Tal (222.222.222-22)&lt;/td&gt;
		&lt;td class="tabelatd1"&gt;23F&lt;/td&gt;
		&lt;td class="tabelatd1"&gt;Patrimonial&lt;/td&gt;
&lt;th class="tabelatd1" border="1"&gt;&lt;a class="noPrint" href="?class=BaixarParcela&amp;id=281"&gt;[Baixar&amp;nbsp;parcela] &lt;/a&gt;&lt;a class="noPrint" href="?class=ImprimirParcela&amp;id=281"&gt;[Imprimir&amp;nbsp;parcela] &lt;/a&gt;&lt;/th&gt;
	&lt;/tr&gt;
	&lt;tr&gt;
		&lt;td class="tabelatd2"&gt;308&lt;/td&gt;
		&lt;td class="tabelatd2"&gt;Tipo Cobranca&lt;/td&gt;
		&lt;td class="tabelatd2"&gt;10/10/2018&lt;/td&gt;
		&lt;td class="tabelatd2"&gt;110.00&lt;/td&gt;
		&lt;td class="tabelatd2"&gt;0.00&lt;/td&gt;
		&lt;td class="tabelatd2"&gt;Em aberto&lt;/td&gt;
		&lt;td class="tabelatd2"&gt;3-Cicrano de Tal (222.222.222-22)&lt;/td&gt;
		&lt;td class="tabelatd2"&gt;23F&lt;/td&gt;
		&lt;td class="tabelatd2"&gt;Patrimonial&lt;/td&gt;
&lt;th class="tabelatd2" border="1"&gt;&lt;a class="noPrint" href="?class=BaixarParcela&amp;id=308"&gt;[Baixar&amp;nbsp;parcela] &lt;/a&gt;&lt;a class="noPrint" href="?class=ImprimirParcela&amp;id=308"&gt;[Imprimir&amp;nbsp;parcela] &lt;/a&gt;&lt;/th&gt;
	&lt;/tr&gt;
	&lt;tr&gt;
		&lt;td class="tabelatd1"&gt;337&lt;/td&gt;
		&lt;td class="tabelatd1"&gt;Tipo Cobranca&lt;/td&gt;
		&lt;td class="tabelatd1"&gt;10/10/2018&lt;/td&gt;
		&lt;td class="tabelatd1"&gt;110.00&lt;/td&gt;
		&lt;td class="tabelatd1"&gt;0.00&lt;/td&gt;
		&lt;td class="tabelatd1"&gt;Em aberto&lt;/td&gt;
		&lt;td class="tabelatd1"&gt;3-Cicrano de Tal (222.222.222-22)&lt;/td&gt;
		&lt;td class="tabelatd1"&gt;23F&lt;/td&gt;
		&lt;td class="tabelatd1"&gt;Patrimonial&lt;/td&gt;
&lt;th class="tabelatd1" border="1"&gt;&lt;a class="noPrint" href="?class=BaixarParcela&amp;id=337"&gt;[Baixar&amp;nbsp;parcela] &lt;/a&gt;&lt;a class="noPrint" href="?class=ImprimirParcela&amp;id=337"&gt;[Imprimir&amp;nbsp;parcela] &lt;/a&gt;&lt;/th&gt;
	&lt;/tr&gt;
	&lt;tr&gt;
		&lt;td class="tabelatd2"&gt;368&lt;/td&gt;
		&lt;td class="tabelatd2"&gt;Tipo Cobranca&lt;/td&gt;
		&lt;td class="tabelatd2"&gt;10/10/2018&lt;/td&gt;
		&lt;td class="tabelatd2"&gt;110.00&lt;/td&gt;
		&lt;td class="tabelatd2"&gt;0.00&lt;/td&gt;
		&lt;td class="tabelatd2"&gt;Em aberto&lt;/td&gt;
		&lt;td class="tabelatd2"&gt;3-Cicrano de Tal (222.222.222-22)&lt;/td&gt;
		&lt;td class="tabelatd2"&gt;23F&lt;/td&gt;
		&lt;td class="tabelatd2"&gt;Patrimonial&lt;/td&gt;
&lt;th class="tabelatd2" border="1"&gt;&lt;a class="noPrint" href="?class=BaixarParcela&amp;id=368"&gt;[Baixar&amp;nbsp;parcela] &lt;/a&gt;&lt;a class="noPrint" href="?class=ImprimirParcela&amp;id=368"&gt;[Imprimir&amp;nbsp;parcela] &lt;/a&gt;&lt;/th&gt;
	&lt;/tr&gt;
	&lt;tr&gt;
		&lt;td class="tabelatd1"&gt;401&lt;/td&gt;
		&lt;td class="tabelatd1"&gt;Tipo Cobranca&lt;/td&gt;
		&lt;td class="tabelatd1"&gt;10/10/2018&lt;/td&gt;
		&lt;td class="tabelatd1"&gt;110.00&lt;/td&gt;
		&lt;td class="tabelatd1"&gt;0.00&lt;/td&gt;
		&lt;td class="tabelatd1"&gt;Em aberto&lt;/td&gt;
		&lt;td class="tabelatd1"&gt;3-Cicrano de Tal (222.222.222-22)&lt;/td&gt;
		&lt;td class="tabelatd1"&gt;23F&lt;/td&gt;
		&lt;td class="tabelatd1"&gt;Patrimonial&lt;/td&gt;
&lt;th class="tabelatd1" border="1"&gt;&lt;a class="noPrint" href="?class=BaixarParcela&amp;id=401"&gt;[Baixar&amp;nbsp;parcela] &lt;/a&gt;&lt;a class="noPrint" href="?class=ImprimirParcela&amp;id=401"&gt;[Imprimir&amp;nbsp;parcela] &lt;/a&gt;&lt;/th&gt;
	&lt;/tr&gt;
	&lt;tr&gt;
		&lt;td class="tabelatd2"&gt;436&lt;/td&gt;
		&lt;td class="tabelatd2"&gt;Tipo Cobranca&lt;/td&gt;
		&lt;td class="tabelatd2"&gt;10/10/2018&lt;/td&gt;
		&lt;td class="tabelatd2"&gt;110.00&lt;/td&gt;
		&lt;td class="tabelatd2"&gt;0.00&lt;/td&gt;
		&lt;td class="tabelatd2"&gt;Em aberto&lt;/td&gt;
		&lt;td class="tabelatd2"&gt;3-Cicrano de Tal (222.222.222-22)&lt;/td&gt;
		&lt;td class="tabelatd2"&gt;23F&lt;/td&gt;
		&lt;td class="tabelatd2"&gt;Patrimonial&lt;/td&gt;
&lt;th class="tabelatd2" border="1"&gt;&lt;a class="noPrint" href="?class=BaixarParcela&amp;id=436"&gt;[Baixar&amp;nbsp;parcela] &lt;/a&gt;&lt;a class="noPrint" href="?class=ImprimirParcela&amp;id=436"&gt;[Imprimir&amp;nbsp;parcela] &lt;/a&gt;&lt;/th&gt;
	&lt;/tr&gt;
	&lt;tr&gt;
		&lt;td class="tabelatd1"&gt;32&lt;/td&gt;
		&lt;td class="tabelatd1"&gt;Tipo Cobranca&lt;/td&gt;
		&lt;td class="tabelatd1"&gt;11/10/2018&lt;/td&gt;
		&lt;td class="tabelatd1"&gt;110.00&lt;/td&gt;
		&lt;td class="tabelatd1"&gt;0.00&lt;/td&gt;
		&lt;td class="tabelatd1"&gt;Em aberto&lt;/td&gt;
		&lt;td class="tabelatd1"&gt;3-Cicrano de Tal (222.222.222-22)&lt;/td&gt;
		&lt;td class="tabelatd1"&gt;23F&lt;/td&gt;
		&lt;td class="tabelatd1"&gt;Patrimonial&lt;/td&gt;
&lt;th class="tabelatd1" border="1"&gt;&lt;a class="noPrint" href="?class=BaixarParcela&amp;id=32"&gt;[Baixar&amp;nbsp;parcela] &lt;/a&gt;&lt;a class="noPrint" href="?class=ImprimirParcela&amp;id=32"&gt;[Imprimir&amp;nbsp;parcela] &lt;/a&gt;&lt;/th&gt;
	&lt;/tr&gt;
	&lt;tr&gt;
		&lt;td class="tabelatd2"&gt;39&lt;/td&gt;
		&lt;td class="tabelatd2"&gt;Tipo Cobranca&lt;/td&gt;
		&lt;td class="tabelatd2"&gt;11/10/2018&lt;/td&gt;
		&lt;td class="tabelatd2"&gt;110.00&lt;/td&gt;
		&lt;td class="tabelatd2"&gt;0.00&lt;/td&gt;
		&lt;td class="tabelatd2"&gt;Em aberto&lt;/td&gt;
		&lt;td class="tabelatd2"&gt;3-Cicrano de Tal (222.222.222-22)&lt;/td&gt;
		&lt;td class="tabelatd2"&gt;23F&lt;/td&gt;
		&lt;td class="tabelatd2"&gt;Patrimonial&lt;/td&gt;
&lt;th class="tabelatd2" border="1"&gt;&lt;a class="noPrint" href="?class=BaixarParcela&amp;id=39"&gt;[Baixar&amp;nbsp;parcela] &lt;/a&gt;&lt;a class="noPrint" href="?class=ImprimirParcela&amp;id=39"&gt;[Imprimir&amp;nbsp;parcela] &lt;/a&gt;&lt;/th&gt;
	&lt;/tr&gt;
	&lt;tr&gt;
		&lt;td class="tabelatd1"&gt;48&lt;/td&gt;
		&lt;td class="tabelatd1"&gt;Tipo Cobranca&lt;/td&gt;
		&lt;td class="tabelatd1"&gt;11/10/2018&lt;/td&gt;
		&lt;td class="tabelatd1"&gt;110.00&lt;/td&gt;
		&lt;td class="tabelatd1"&gt;0.00&lt;/td&gt;
		&lt;td class="tabelatd1"&gt;Em aberto&lt;/td&gt;
		&lt;td class="tabelatd1"&gt;3-Cicrano de Tal (222.222.222-22)&lt;/td&gt;
		&lt;td class="tabelatd1"&gt;23F&lt;/td&gt;
		&lt;td class="tabelatd1"&gt;Patrimonial&lt;/td&gt;
&lt;th class="tabelatd1" border="1"&gt;&lt;a class="noPrint" href="?class=BaixarParcela&amp;id=48"&gt;[Baixar&amp;nbsp;parcela] &lt;/a&gt;&lt;a class="noPrint" href="?class=ImprimirParcela&amp;id=48"&gt;[Imprimir&amp;nbsp;parcela] &lt;/a&gt;&lt;/th&gt;
	&lt;/tr&gt;
	&lt;tr&gt;
		&lt;td class="tabelatd2"&gt;60&lt;/td&gt;
		&lt;td class="tabelatd2"&gt;Tipo Cobranca&lt;/td&gt;
		&lt;td class="tabelatd2"&gt;11/10/2018&lt;/td&gt;
		&lt;td class="tabelatd2"&gt;110.00&lt;/td&gt;
		&lt;td class="tabelatd2"&gt;0.00&lt;/td&gt;
		&lt;td class="tabelatd2"&gt;Em aberto&lt;/td&gt;
		&lt;td class="tabelatd2"&gt;3-Cicrano de Tal (222.222.222-22)&lt;/td&gt;
		&lt;td class="tabelatd2"&gt;23F&lt;/td&gt;
		&lt;td class="tabelatd2"&gt;Patrimonial&lt;/td&gt;
&lt;th class="tabelatd2" border="1"&gt;&lt;a class="noPrint" href="?class=BaixarParcela&amp;id=60"&gt;[Baixar&amp;nbsp;parcela] &lt;/a&gt;&lt;a class="noPrint" href="?class=ImprimirParcela&amp;id=60"&gt;[Imprimir&amp;nbsp;parcela] &lt;/a&gt;&lt;/th&gt;
	&lt;/tr&gt;
	&lt;tr&gt;
		&lt;td class="tabelatd1"&gt;74&lt;/td&gt;
		&lt;td class="tabelatd1"&gt;Tipo Cobranca&lt;/td&gt;
		&lt;td class="tabelatd1"&gt;11/10/2018&lt;/td&gt;
		&lt;td class="tabelatd1"&gt;110.00&lt;/td&gt;
		&lt;td class="tabelatd1"&gt;0.00&lt;/td&gt;
		&lt;td class="tabelatd1"&gt;Em aberto&lt;/td&gt;
		&lt;td class="tabelatd1"&gt;3-Cicrano de Tal (222.222.222-22)&lt;/td&gt;
		&lt;td class="tabelatd1"&gt;23F&lt;/td&gt;
		&lt;td class="tabelatd1"&gt;Patrimonial&lt;/td&gt;
&lt;th class="tabelatd1" border="1"&gt;&lt;a class="noPrint" href="?class=BaixarParcela&amp;id=74"&gt;[Baixar&amp;nbsp;parcela] &lt;/a&gt;&lt;a class="noPrint" href="?class=ImprimirParcela&amp;id=74"&gt;[Imprimir&amp;nbsp;parcela] &lt;/a&gt;&lt;/th&gt;
	&lt;/tr&gt;
	&lt;tr&gt;
		&lt;td class="tabelatd2"&gt;90&lt;/td&gt;
		&lt;td class="tabelatd2"&gt;Tipo Cobranca&lt;/td&gt;
		&lt;td class="tabelatd2"&gt;11/10/2018&lt;/td&gt;
		&lt;td class="tabelatd2"&gt;110.00&lt;/td&gt;
		&lt;td class="tabelatd2"&gt;0.00&lt;/td&gt;
		&lt;td class="tabelatd2"&gt;Em aberto&lt;/td&gt;
		&lt;td class="tabelatd2"&gt;3-Cicrano de Tal (222.222.222-22)&lt;/td&gt;
		&lt;td class="tabelatd2"&gt;23F&lt;/td&gt;
		&lt;td class="tabelatd2"&gt;Patrimonial&lt;/td&gt;
&lt;th class="tabelatd2" border="1"&gt;&lt;a class="noPrint" href="?class=BaixarParcela&amp;id=90"&gt;[Baixar&amp;nbsp;parcela] &lt;/a&gt;&lt;a class="noPrint" href="?class=ImprimirParcela&amp;id=90"&gt;[Imprimir&amp;nbsp;parcela] &lt;/a&gt;&lt;/th&gt;
	&lt;/tr&gt;
	&lt;tr&gt;
		&lt;td class="tabelatd1"&gt;106&lt;/td&gt;
		&lt;td class="tabelatd1"&gt;Tipo Cobranca&lt;/td&gt;
		&lt;td class="tabelatd1"&gt;11/10/2018&lt;/td&gt;
		&lt;td class="tabelatd1"&gt;110.00&lt;/td&gt;
		&lt;td class="tabelatd1"&gt;0.00&lt;/td&gt;
		&lt;td class="tabelatd1"&gt;Em aberto&lt;/td&gt;
		&lt;td class="tabelatd1"&gt;3-Cicrano de Tal (222.222.222-22)&lt;/td&gt;
		&lt;td class="tabelatd1"&gt;23F&lt;/td&gt;
		&lt;td class="tabelatd1"&gt;Patrimonial&lt;/td&gt;
&lt;th class="tabelatd1" border="1"&gt;&lt;a class="noPrint" href="?class=BaixarParcela&amp;id=106"&gt;[Baixar&amp;nbsp;parcela] &lt;/a&gt;&lt;a class="noPrint" href="?class=ImprimirParcela&amp;id=106"&gt;[Imprimir&amp;nbsp;parcela] &lt;/a&gt;&lt;/th&gt;
	&lt;/tr&gt;
	&lt;tr&gt;
		&lt;td class="tabelatd2"&gt;134&lt;/td&gt;
		&lt;td class="tabelatd2"&gt;Tipo Cobranca&lt;/td&gt;
		&lt;td class="tabelatd2"&gt;11/10/2018&lt;/td&gt;
		&lt;td class="tabelatd2"&gt;110.00&lt;/td&gt;
		&lt;td class="tabelatd2"&gt;0.00&lt;/td&gt;
		&lt;td class="tabelatd2"&gt;Em aberto&lt;/td&gt;
		&lt;td class="tabelatd2"&gt;3-Cicrano de Tal (222.222.222-22)&lt;/td&gt;
		&lt;td class="tabelatd2"&gt;23F&lt;/td&gt;
		&lt;td class="tabelatd2"&gt;Patrimonial&lt;/td&gt;
&lt;th class="tabelatd2" border="1"&gt;&lt;a class="noPrint" href="?class=BaixarParcela&amp;id=134"&gt;[Baixar&amp;nbsp;parcela] &lt;/a&gt;&lt;a class="noPrint" href="?class=ImprimirParcela&amp;id=134"&gt;[Imprimir&amp;nbsp;parcela] &lt;/a&gt;&lt;/th&gt;
	&lt;/tr&gt;
	&lt;tr&gt;
		&lt;td class="tabelatd1"&gt;159&lt;/td&gt;
		&lt;td class="tabelatd1"&gt;Tipo Cobranca&lt;/td&gt;
		&lt;td class="tabelatd1"&gt;11/10/2018&lt;/td&gt;
		&lt;td class="tabelatd1"&gt;110.00&lt;/td&gt;
		&lt;td class="tabelatd1"&gt;0.00&lt;/td&gt;
		&lt;td class="tabelatd1"&gt;Em aberto&lt;/td&gt;
		&lt;td class="tabelatd1"&gt;3-Cicrano de Tal (222.222.222-22)&lt;/td&gt;
		&lt;td class="tabelatd1"&gt;23F&lt;/td&gt;
		&lt;td class="tabelatd1"&gt;Patrimonial&lt;/td&gt;
&lt;th class="tabelatd1" border="1"&gt;&lt;a class="noPrint" href="?class=BaixarParcela&amp;id=159"&gt;[Baixar&amp;nbsp;parcela] &lt;/a&gt;&lt;a class="noPrint" href="?class=ImprimirParcela&amp;id=159"&gt;[Imprimir&amp;nbsp;parcela] &lt;/a&gt;&lt;/th&gt;
	&lt;/tr&gt;
	&lt;tr&gt;
		&lt;td class="tabelatd2"&gt;179&lt;/td&gt;
		&lt;td class="tabelatd2"&gt;Tipo Cobranca&lt;/td&gt;
		&lt;td class="tabelatd2"&gt;11/10/2018&lt;/td&gt;
		&lt;td class="tabelatd2"&gt;110.00&lt;/td&gt;
		&lt;td class="tabelatd2"&gt;0.00&lt;/td&gt;
		&lt;td class="tabelatd2"&gt;Em aberto&lt;/td&gt;
		&lt;td class="tabelatd2"&gt;3-Cicrano de Tal (222.222.222-22)&lt;/td&gt;
		&lt;td class="tabelatd2"&gt;23F&lt;/td&gt;
		&lt;td class="tabelatd2"&gt;Patrimonial&lt;/td&gt;
&lt;th class="tabelatd2" border="1"&gt;&lt;a class="noPrint" href="?class=BaixarParcela&amp;id=179"&gt;[Baixar&amp;nbsp;parcela] &lt;/a&gt;&lt;a class="noPrint" href="?class=ImprimirParcela&amp;id=179"&gt;[Imprimir&amp;nbsp;parcela] &lt;/a&gt;&lt;/th&gt;
	&lt;/tr&gt;
	&lt;tr&gt;
		&lt;td class="tabelatd1"&gt;199&lt;/td&gt;
		&lt;td class="tabelatd1"&gt;Tipo Cobranca&lt;/td&gt;
		&lt;td class="tabelatd1"&gt;11/10/2018&lt;/td&gt;
		&lt;td class="tabelatd1"&gt;110.00&lt;/td&gt;
		&lt;td class="tabelatd1"&gt;0.00&lt;/td&gt;
		&lt;td class="tabelatd1"&gt;Em aberto&lt;/td&gt;
		&lt;td class="tabelatd1"&gt;3-Cicrano de Tal (222.222.222-22)&lt;/td&gt;
		&lt;td class="tabelatd1"&gt;23F&lt;/td&gt;
		&lt;td class="tabelatd1"&gt;Patrimonial&lt;/td&gt;
&lt;th class="tabelatd1" border="1"&gt;&lt;a class="noPrint" href="?class=BaixarParcela&amp;id=199"&gt;[Baixar&amp;nbsp;parcela] &lt;/a&gt;&lt;a class="noPrint" href="?class=ImprimirParcela&amp;id=199"&gt;[Imprimir&amp;nbsp;parcela] &lt;/a&gt;&lt;/th&gt;
	&lt;/tr&gt;
	&lt;tr&gt;
		&lt;td class="tabelatd2"&gt;219&lt;/td&gt;
		&lt;td class="tabelatd2"&gt;Tipo Cobranca&lt;/td&gt;
		&lt;td class="tabelatd2"&gt;11/10/2018&lt;/td&gt;
		&lt;td class="tabelatd2"&gt;110.00&lt;/td&gt;
		&lt;td class="tabelatd2"&gt;0.00&lt;/td&gt;
		&lt;td class="tabelatd2"&gt;Em aberto&lt;/td&gt;
		&lt;td class="tabelatd2"&gt;3-Cicrano de Tal (222.222.222-22)&lt;/td&gt;
		&lt;td class="tabelatd2"&gt;23F&lt;/td&gt;
		&lt;td class="tabelatd2"&gt;Patrimonial&lt;/td&gt;
&lt;th class="tabelatd2" border="1"&gt;&lt;a class="noPrint" href="?class=BaixarParcela&amp;id=219"&gt;[Baixar&amp;nbsp;parcela] &lt;/a&gt;&lt;a class="noPrint" href="?class=ImprimirParcela&amp;id=219"&gt;[Imprimir&amp;nbsp;parcela] &lt;/a&gt;&lt;/th&gt;
	&lt;/tr&gt;
	&lt;tr&gt;
		&lt;td class="tabelatd1"&gt;243&lt;/td&gt;
		&lt;td class="tabelatd1"&gt;Tipo Cobranca&lt;/td&gt;
		&lt;td class="tabelatd1"&gt;11/10/2018&lt;/td&gt;
		&lt;td class="tabelatd1"&gt;110.00&lt;/td&gt;
		&lt;td class="tabelatd1"&gt;0.00&lt;/td&gt;
		&lt;td class="tabelatd1"&gt;Em aberto&lt;/td&gt;
		&lt;td class="tabelatd1"&gt;3-Cicrano de Tal (222.222.222-22)&lt;/td&gt;
		&lt;td class="tabelatd1"&gt;23F&lt;/td&gt;
		&lt;td class="tabelatd1"&gt;Patrimonial&lt;/td&gt;
&lt;th class="tabelatd1" border="1"&gt;&lt;a class="noPrint" href="?class=BaixarParcela&amp;id=243"&gt;[Baixar&amp;nbsp;parcela] &lt;/a&gt;&lt;a class="noPrint" href="?class=ImprimirParcela&amp;id=243"&gt;[Imprimir&amp;nbsp;parcela] &lt;/a&gt;&lt;/th&gt;
	&lt;/tr&gt;
	&lt;tr&gt;
		&lt;td class="tabelatd2"&gt;267&lt;/td&gt;
		&lt;td class="tabelatd2"&gt;Tipo Cobranca&lt;/td&gt;
		&lt;td class="tabelatd2"&gt;11/10/2018&lt;/td&gt;
		&lt;td class="tabelatd2"&gt;110.00&lt;/td&gt;
		&lt;td class="tabelatd2"&gt;0.00&lt;/td&gt;
		&lt;td class="tabelatd2"&gt;Em aberto&lt;/td&gt;
		&lt;td class="tabelatd2"&gt;3-Cicrano de Tal (222.222.222-22)&lt;/td&gt;
		&lt;td class="tabelatd2"&gt;23F&lt;/td&gt;
		&lt;td class="tabelatd2"&gt;Patrimonial&lt;/td&gt;
&lt;th class="tabelatd2" border="1"&gt;&lt;a class="noPrint" href="?class=BaixarParcela&amp;id=267"&gt;[Baixar&amp;nbsp;parcela] &lt;/a&gt;&lt;a class="noPrint" href="?class=ImprimirParcela&amp;id=267"&gt;[Imprimir&amp;nbsp;parcela] &lt;/a&gt;&lt;/th&gt;
	&lt;/tr&gt;
	&lt;tr&gt;
		&lt;td class="tabelatd1"&gt;293&lt;/td&gt;
		&lt;td class="tabelatd1"&gt;Tipo Cobranca&lt;/td&gt;
		&lt;td class="tabelatd1"&gt;11/10/2018&lt;/td&gt;
		&lt;td class="tabelatd1"&gt;110.00&lt;/td&gt;
		&lt;td class="tabelatd1"&gt;0.00&lt;/td&gt;
		&lt;td class="tabelatd1"&gt;Em aberto&lt;/td&gt;
		&lt;td class="tabelatd1"&gt;3-Cicrano de Tal (222.222.222-22)&lt;/td&gt;
		&lt;td class="tabelatd1"&gt;23F&lt;/td&gt;
		&lt;td class="tabelatd1"&gt;Patrimonial&lt;/td&gt;
&lt;th class="tabelatd1" border="1"&gt;&lt;a class="noPrint" href="?class=BaixarParcela&amp;id=293"&gt;[Baixar&amp;nbsp;parcela] &lt;/a&gt;&lt;a class="noPrint" href="?class=ImprimirParcela&amp;id=293"&gt;[Imprimir&amp;nbsp;parcela] &lt;/a&gt;&lt;/th&gt;
	&lt;/tr&gt;
	&lt;tr&gt;
		&lt;td class="tabelatd2"&gt;321&lt;/td&gt;
		&lt;td class="tabelatd2"&gt;Tipo Cobranca&lt;/td&gt;
		&lt;td class="tabelatd2"&gt;11/10/2018&lt;/td&gt;
		&lt;td class="tabelatd2"&gt;110.00&lt;/td&gt;
		&lt;td class="tabelatd2"&gt;0.00&lt;/td&gt;
		&lt;td class="tabelatd2"&gt;Em aberto&lt;/td&gt;
		&lt;td class="tabelatd2"&gt;3-Cicrano de Tal (222.222.222-22)&lt;/td&gt;
		&lt;td class="tabelatd2"&gt;23F&lt;/td&gt;
		&lt;td class="tabelatd2"&gt;Patrimonial&lt;/td&gt;
&lt;th class="tabelatd2" border="1"&gt;&lt;a class="noPrint" href="?class=BaixarParcela&amp;id=321"&gt;[Baixar&amp;nbsp;parcela] &lt;/a&gt;&lt;a class="noPrint" href="?class=ImprimirParcela&amp;id=321"&gt;[Imprimir&amp;nbsp;parcela] &lt;/a&gt;&lt;/th&gt;
	&lt;/tr&gt;
	&lt;tr&gt;
		&lt;td class="tabelatd1"&gt;351&lt;/td&gt;
		&lt;td class="tabelatd1"&gt;Tipo Cobranca&lt;/td&gt;
		&lt;td class="tabelatd1"&gt;11/10/2018&lt;/td&gt;
		&lt;td class="tabelatd1"&gt;110.00&lt;/td&gt;
		&lt;td class="tabelatd1"&gt;0.00&lt;/td&gt;
		&lt;td class="tabelatd1"&gt;Em aberto&lt;/td&gt;
		&lt;td class="tabelatd1"&gt;3-Cicrano de Tal (222.222.222-22)&lt;/td&gt;
		&lt;td class="tabelatd1"&gt;23F&lt;/td&gt;
		&lt;td class="tabelatd1"&gt;Patrimonial&lt;/td&gt;
&lt;th class="tabelatd1" border="1"&gt;&lt;a class="noPrint" href="?class=BaixarParcela&amp;id=351"&gt;[Baixar&amp;nbsp;parcela] &lt;/a&gt;&lt;a class="noPrint" href="?class=ImprimirParcela&amp;id=351"&gt;[Imprimir&amp;nbsp;parcela] &lt;/a&gt;&lt;/th&gt;
	&lt;/tr&gt;
	&lt;tr&gt;
		&lt;td class="tabelatd2"&gt;383&lt;/td&gt;
		&lt;td class="tabelatd2"&gt;Tipo Cobranca&lt;/td&gt;
		&lt;td class="tabelatd2"&gt;11/10/2018&lt;/td&gt;
		&lt;td class="tabelatd2"&gt;110.00&lt;/td&gt;
		&lt;td class="tabelatd2"&gt;0.00&lt;/td&gt;
		&lt;td class="tabelatd2"&gt;Em aberto&lt;/td&gt;
		&lt;td class="tabelatd2"&gt;3-Cicrano de Tal (222.222.222-22)&lt;/td&gt;
		&lt;td class="tabelatd2"&gt;23F&lt;/td&gt;
		&lt;td class="tabelatd2"&gt;Patrimonial&lt;/td&gt;
&lt;th class="tabelatd2" border="1"&gt;&lt;a class="noPrint" href="?class=BaixarParcela&amp;id=383"&gt;[Baixar&amp;nbsp;parcela] &lt;/a&gt;&lt;a class="noPrint" href="?class=ImprimirParcela&amp;id=383"&gt;[Imprimir&amp;nbsp;parcela] &lt;/a&gt;&lt;/th&gt;
	&lt;/tr&gt;
	&lt;tr&gt;
		&lt;td class="tabelatd1"&gt;417&lt;/td&gt;
		&lt;td class="tabelatd1"&gt;Tipo Cobranca&lt;/td&gt;
		&lt;td class="tabelatd1"&gt;11/10/2018&lt;/td&gt;
		&lt;td class="tabelatd1"&gt;110.00&lt;/td&gt;
		&lt;td class="tabelatd1"&gt;0.00&lt;/td&gt;
		&lt;td class="tabelatd1"&gt;Em aberto&lt;/td&gt;
		&lt;td class="tabelatd1"&gt;3-Cicrano de Tal (222.222.222-22)&lt;/td&gt;
		&lt;td class="tabelatd1"&gt;23F&lt;/td&gt;
		&lt;td class="tabelatd1"&gt;Patrimonial&lt;/td&gt;
&lt;th class="tabelatd1" border="1"&gt;&lt;a class="noPrint" href="?class=BaixarParcela&amp;id=417"&gt;[Baixar&amp;nbsp;parcela] &lt;/a&gt;&lt;a class="noPrint" href="?class=ImprimirParcela&amp;id=417"&gt;[Imprimir&amp;nbsp;parcela] &lt;/a&gt;&lt;/th&gt;
	&lt;/tr&gt;
	&lt;tr&gt;
		&lt;td class="tabelatd2"&gt;453&lt;/td&gt;
		&lt;td class="tabelatd2"&gt;Tipo Cobranca&lt;/td&gt;
		&lt;td class="tabelatd2"&gt;11/10/2018&lt;/td&gt;
		&lt;td class="tabelatd2"&gt;110.00&lt;/td&gt;
		&lt;td class="tabelatd2"&gt;0.00&lt;/td&gt;
		&lt;td class="tabelatd2"&gt;Em aberto&lt;/td&gt;
		&lt;td class="tabelatd2"&gt;3-Cicrano de Tal (222.222.222-22)&lt;/td&gt;
		&lt;td class="tabelatd2"&gt;23F&lt;/td&gt;
		&lt;td class="tabelatd2"&gt;Patrimonial&lt;/td&gt;
&lt;th class="tabelatd2" border="1"&gt;&lt;a class="noPrint" href="?class=BaixarParcela&amp;id=453"&gt;[Baixar&amp;nbsp;parcela] &lt;/a&gt;&lt;a class="noPrint" href="?class=ImprimirParcela&amp;id=453"&gt;[Imprimir&amp;nbsp;parcela] &lt;/a&gt;&lt;/th&gt;
	&lt;/tr&gt;
	&lt;tr&gt;
		&lt;td class="tabelatd1"&gt;3&lt;/td&gt;
		&lt;td class="tabelatd1"&gt;Tipo Cobranca&lt;/td&gt;
		&lt;td class="tabelatd1"&gt;10/10/2018&lt;/td&gt;
		&lt;td class="tabelatd1"&gt;110.00&lt;/td&gt;
		&lt;td class="tabelatd1"&gt;0.00&lt;/td&gt;
		&lt;td class="tabelatd1"&gt;Em aberto&lt;/td&gt;
		&lt;td class="tabelatd1"&gt;2-Fulano de Tal (111.111.111-11)&lt;/td&gt;
		&lt;td class="tabelatd1"&gt;0F&lt;/td&gt;
		&lt;td class="tabelatd1"&gt;Patrimonial&lt;/td&gt;
&lt;th class="tabelatd1" border="1"&gt;&lt;a class="noPrint" href="?class=BaixarParcela&amp;id=3"&gt;[Baixar&amp;nbsp;parcela] &lt;/a&gt;&lt;a class="noPrint" href="?class=ImprimirParcela&amp;id=3"&gt;[Imprimir&amp;nbsp;parcela] &lt;/a&gt;&lt;/th&gt;
	&lt;/tr&gt;
	&lt;tr&gt;
		&lt;td class="tabelatd2"&gt;7&lt;/td&gt;
		&lt;td class="tabelatd2"&gt;Tipo Cobranca&lt;/td&gt;
		&lt;td class="tabelatd2"&gt;10/10/2018&lt;/td&gt;
		&lt;td class="tabelatd2"&gt;110.00&lt;/td&gt;
		&lt;td class="tabelatd2"&gt;0.00&lt;/td&gt;
		&lt;td class="tabelatd2"&gt;Em aberto&lt;/td&gt;
		&lt;td class="tabelatd2"&gt;2-Fulano de Tal (111.111.111-11)&lt;/td&gt;
		&lt;td class="tabelatd2"&gt;0F&lt;/td&gt;
		&lt;td class="tabelatd2"&gt;Patrimonial&lt;/td&gt;
&lt;th class="tabelatd2" border="1"&gt;&lt;a class="noPrint" href="?class=BaixarParcela&amp;id=7"&gt;[Baixar&amp;nbsp;parcela] &lt;/a&gt;&lt;a class="noPrint" href="?class=ImprimirParcela&amp;id=7"&gt;[Imprimir&amp;nbsp;parcela] &lt;/a&gt;&lt;/th&gt;
	&lt;/tr&gt;
	&lt;tr&gt;
		&lt;td class="tabelatd1"&gt;11&lt;/td&gt;
		&lt;td class="tabelatd1"&gt;Tipo Cobranca&lt;/td&gt;
		&lt;td class="tabelatd1"&gt;10/10/2018&lt;/td&gt;
		&lt;td class="tabelatd1"&gt;110.00&lt;/td&gt;
		&lt;td class="tabelatd1"&gt;0.00&lt;/td&gt;
		&lt;td class="tabelatd1"&gt;Em aberto&lt;/td&gt;
		&lt;td class="tabelatd1"&gt;2-Fulano de Tal (111.111.111-11)&lt;/td&gt;
		&lt;td class="tabelatd1"&gt;0F&lt;/td&gt;
		&lt;td class="tabelatd1"&gt;Patrimonial&lt;/td&gt;
&lt;th class="tabelatd1" border="1"&gt;&lt;a class="noPrint" href="?class=BaixarParcela&amp;id=11"&gt;[Baixar&amp;nbsp;parcela] &lt;/a&gt;&lt;a class="noPrint" href="?class=ImprimirParcela&amp;id=11"&gt;[Imprimir&amp;nbsp;parcela] &lt;/a&gt;&lt;/th&gt;
	&lt;/tr&gt;
	&lt;tr&gt;
		&lt;td class="tabelatd2"&gt;15&lt;/td&gt;
		&lt;td class="tabelatd2"&gt;Tipo Cobranca&lt;/td&gt;
		&lt;td class="tabelatd2"&gt;10/10/2018&lt;/td&gt;
		&lt;td class="tabelatd2"&gt;110.00&lt;/td&gt;
		&lt;td class="tabelatd2"&gt;0.00&lt;/td&gt;
		&lt;td class="tabelatd2"&gt;Em aberto&lt;/td&gt;
		&lt;td class="tabelatd2"&gt;2-Fulano de Tal (111.111.111-11)&lt;/td&gt;
		&lt;td class="tabelatd2"&gt;0F&lt;/td&gt;
		&lt;td class="tabelatd2"&gt;Patrimonial&lt;/td&gt;
&lt;th class="tabelatd2" border="1"&gt;&lt;a class="noPrint" href="?class=BaixarParcela&amp;id=15"&gt;[Baixar&amp;nbsp;parcela] &lt;/a&gt;&lt;a class="noPrint" href="?class=ImprimirParcela&amp;id=15"&gt;[Imprimir&amp;nbsp;parcela] &lt;/a&gt;&lt;/th&gt;
	&lt;/tr&gt;
	&lt;tr&gt;
		&lt;td class="tabelatd1"&gt;19&lt;/td&gt;
		&lt;td class="tabelatd1"&gt;Tipo Cobranca&lt;/td&gt;
		&lt;td class="tabelatd1"&gt;10/10/2018&lt;/td&gt;
		&lt;td class="tabelatd1"&gt;110.00&lt;/td&gt;
		&lt;td class="tabelatd1"&gt;0.00&lt;/td&gt;
		&lt;td class="tabelatd1"&gt;Em aberto&lt;/td&gt;
		&lt;td class="tabelatd1"&gt;2-Fulano de Tal (111.111.111-11)&lt;/td&gt;
		&lt;td class="tabelatd1"&gt;0F&lt;/td&gt;
		&lt;td class="tabelatd1"&gt;Patrimonial&lt;/td&gt;
&lt;th class="tabelatd1" border="1"&gt;&lt;a class="noPrint" href="?class=BaixarParcela&amp;id=19"&gt;[Baixar&amp;nbsp;parcela] &lt;/a&gt;&lt;a class="noPrint" href="?class=ImprimirParcela&amp;id=19"&gt;[Imprimir&amp;nbsp;parcela] &lt;/a&gt;&lt;/th&gt;
	&lt;/tr&gt;
	&lt;tr&gt;
		&lt;td class="tabelatd2"&gt;23&lt;/td&gt;
		&lt;td class="tabelatd2"&gt;Tipo Cobranca&lt;/td&gt;
		&lt;td class="tabelatd2"&gt;10/10/2018&lt;/td&gt;
		&lt;td class="tabelatd2"&gt;110.00&lt;/td&gt;
		&lt;td class="tabelatd2"&gt;0.00&lt;/td&gt;
		&lt;td class="tabelatd2"&gt;Em aberto&lt;/td&gt;
		&lt;td class="tabelatd2"&gt;2-Fulano de Tal (111.111.111-11)&lt;/td&gt;
		&lt;td class="tabelatd2"&gt;0F&lt;/td&gt;
		&lt;td class="tabelatd2"&gt;Patrimonial&lt;/td&gt;
&lt;th class="tabelatd2" border="1"&gt;&lt;a class="noPrint" href="?class=BaixarParcela&amp;id=23"&gt;[Baixar&amp;nbsp;parcela] &lt;/a&gt;&lt;a class="noPrint" href="?class=ImprimirParcela&amp;id=23"&gt;[Imprimir&amp;nbsp;parcela] &lt;/a&gt;&lt;/th&gt;
	&lt;/tr&gt;
	&lt;tr&gt;
		&lt;td class="tabelatd1"&gt;27&lt;/td&gt;
		&lt;td class="tabelatd1"&gt;Tipo Cobranca&lt;/td&gt;
		&lt;td class="tabelatd1"&gt;10/10/2018&lt;/td&gt;
		&lt;td class="tabelatd1"&gt;110.00&lt;/td&gt;
		&lt;td class="tabelatd1"&gt;0.00&lt;/td&gt;
		&lt;td class="tabelatd1"&gt;Em aberto&lt;/td&gt;
		&lt;td class="tabelatd1"&gt;2-Fulano de Tal (111.111.111-11)&lt;/td&gt;
		&lt;td class="tabelatd1"&gt;0F&lt;/td&gt;
		&lt;td class="tabelatd1"&gt;Patrimonial&lt;/td&gt;
&lt;th class="tabelatd1" border="1"&gt;&lt;a class="noPrint" href="?class=BaixarParcela&amp;id=27"&gt;[Baixar&amp;nbsp;parcela] &lt;/a&gt;&lt;a class="noPrint" href="?class=ImprimirParcela&amp;id=27"&gt;[Imprimir&amp;nbsp;parcela] &lt;/a&gt;&lt;/th&gt;
	&lt;/tr&gt;
	&lt;tr&gt;
		&lt;td class="tabelatd2"&gt;34&lt;/td&gt;
		&lt;td class="tabelatd2"&gt;Tipo Cobranca&lt;/td&gt;
		&lt;td class="tabelatd2"&gt;10/10/2018&lt;/td&gt;
		&lt;td class="tabelatd2"&gt;110.00&lt;/td&gt;
		&lt;td class="tabelatd2"&gt;0.00&lt;/td&gt;
		&lt;td class="tabelatd2"&gt;Em aberto&lt;/td&gt;
		&lt;td class="tabelatd2"&gt;2-Fulano de Tal (111.111.111-11)&lt;/td&gt;
		&lt;td class="tabelatd2"&gt;0F&lt;/td&gt;
		&lt;td class="tabelatd2"&gt;Patrimonial&lt;/td&gt;
&lt;th class="tabelatd2" border="1"&gt;&lt;a class="noPrint" href="?class=BaixarParcela&amp;id=34"&gt;[Baixar&amp;nbsp;parcela] &lt;/a&gt;&lt;a class="noPrint" href="?class=ImprimirParcela&amp;id=34"&gt;[Imprimir&amp;nbsp;parcela] &lt;/a&gt;&lt;/th&gt;
	&lt;/tr&gt;
	&lt;tr&gt;
		&lt;td class="tabelatd1"&gt;42&lt;/td&gt;
		&lt;td class="tabelatd1"&gt;Tipo Cobranca&lt;/td&gt;
		&lt;td class="tabelatd1"&gt;10/10/2018&lt;/td&gt;
		&lt;td class="tabelatd1"&gt;110.00&lt;/td&gt;
		&lt;td class="tabelatd1"&gt;0.00&lt;/td&gt;
		&lt;td class="tabelatd1"&gt;Em aberto&lt;/td&gt;
		&lt;td class="tabelatd1"&gt;2-Fulano de Tal (111.111.111-11)&lt;/td&gt;
		&lt;td class="tabelatd1"&gt;0F&lt;/td&gt;
		&lt;td class="tabelatd1"&gt;Patrimonial&lt;/td&gt;
&lt;th class="tabelatd1" border="1"&gt;&lt;a class="noPrint" href="?class=BaixarParcela&amp;id=42"&gt;[Baixar&amp;nbsp;parcela] &lt;/a&gt;&lt;a class="noPrint" href="?class=ImprimirParcela&amp;id=42"&gt;[Imprimir&amp;nbsp;parcela] &lt;/a&gt;&lt;/th&gt;
	&lt;/tr&gt;
	&lt;tr&gt;
		&lt;td class="tabelatd2"&gt;53&lt;/td&gt;
		&lt;td class="tabelatd2"&gt;Tipo Cobranca&lt;/td&gt;
		&lt;td class="tabelatd2"&gt;10/10/2018&lt;/td&gt;
		&lt;td class="tabelatd2"&gt;110.00&lt;/td&gt;
		&lt;td class="tabelatd2"&gt;0.00&lt;/td&gt;
		&lt;td class="tabelatd2"&gt;Em aberto&lt;/td&gt;
		&lt;td class="tabelatd2"&gt;2-Fulano de Tal (111.111.111-11)&lt;/td&gt;
		&lt;td class="tabelatd2"&gt;0F&lt;/td&gt;
		&lt;td class="tabelatd2"&gt;Patrimonial&lt;/td&gt;
&lt;th class="tabelatd2" border="1"&gt;&lt;a class="noPrint" href="?class=BaixarParcela&amp;id=53"&gt;[Baixar&amp;nbsp;parcela] &lt;/a&gt;&lt;a class="noPrint" href="?class=ImprimirParcela&amp;id=53"&gt;[Imprimir&amp;nbsp;parcela] &lt;/a&gt;&lt;/th&gt;
	&lt;/tr&gt;
	&lt;tr&gt;
		&lt;td class="tabelatd1"&gt;66&lt;/td&gt;
		&lt;td class="tabelatd1"&gt;Tipo Cobranca&lt;/td&gt;
		&lt;td class="tabelatd1"&gt;10/10/2018&lt;/td&gt;
		&lt;td class="tabelatd1"&gt;110.00&lt;/td&gt;
		&lt;td class="tabelatd1"&gt;0.00&lt;/td&gt;
		&lt;td class="tabelatd1"&gt;Em aberto&lt;/td&gt;
		&lt;td class="tabelatd1"&gt;2-Fulano de Tal (111.111.111-11)&lt;/td&gt;
		&lt;td class="tabelatd1"&gt;0F&lt;/td&gt;
		&lt;td class="tabelatd1"&gt;Patrimonial&lt;/td&gt;
&lt;th class="tabelatd1" border="1"&gt;&lt;a class="noPrint" href="?class=BaixarParcela&amp;id=66"&gt;[Baixar&amp;nbsp;parcela] &lt;/a&gt;&lt;a class="noPrint" href="?class=ImprimirParcela&amp;id=66"&gt;[Imprimir&amp;nbsp;parcela] &lt;/a&gt;&lt;/th&gt;
	&lt;/tr&gt;
	&lt;tr&gt;
		&lt;td class="tabelatd2"&gt;81&lt;/td&gt;
		&lt;td class="tabelatd2"&gt;Tipo Cobranca&lt;/td&gt;
		&lt;td class="tabelatd2"&gt;10/10/2018&lt;/td&gt;
		&lt;td class="tabelatd2"&gt;110.00&lt;/td&gt;
		&lt;td class="tabelatd2"&gt;0.00&lt;/td&gt;
		&lt;td class="tabelatd2"&gt;Em aberto&lt;/td&gt;
		&lt;td class="tabelatd2"&gt;2-Fulano de Tal (111.111.111-11)&lt;/td&gt;
		&lt;td class="tabelatd2"&gt;0F&lt;/td&gt;
		&lt;td class="tabelatd2"&gt;Patrimonial&lt;/td&gt;
&lt;th class="tabelatd2" border="1"&gt;&lt;a class="noPrint" href="?class=BaixarParcela&amp;id=81"&gt;[Baixar&amp;nbsp;parcela] &lt;/a&gt;&lt;a class="noPrint" href="?class=ImprimirParcela&amp;id=81"&gt;[Imprimir&amp;nbsp;parcela] &lt;/a&gt;&lt;/th&gt;
	&lt;/tr&gt;
	&lt;tr&gt;
		&lt;td class="tabelatd1"&gt;97&lt;/td&gt;
		&lt;td class="tabelatd1"&gt;Tipo Cobranca&lt;/td&gt;
		&lt;td class="tabelatd1"&gt;10/10/2018&lt;/td&gt;
		&lt;td class="tabelatd1"&gt;110.00&lt;/td&gt;
		&lt;td class="tabelatd1"&gt;0.00&lt;/td&gt;
		&lt;td class="tabelatd1"&gt;Em aberto&lt;/td&gt;
		&lt;td class="tabelatd1"&gt;2-Fulano de Tal (111.111.111-11)&lt;/td&gt;
		&lt;td class="tabelatd1"&gt;0F&lt;/td&gt;
		&lt;td class="tabelatd1"&gt;Patrimonial&lt;/td&gt;
&lt;th class="tabelatd1" border="1"&gt;&lt;a class="noPrint" href="?class=BaixarParcela&amp;id=97"&gt;[Baixar&amp;nbsp;parcela] &lt;/a&gt;&lt;a class="noPrint" href="?class=ImprimirParcela&amp;id=97"&gt;[Imprimir&amp;nbsp;parcela] &lt;/a&gt;&lt;/th&gt;
	&lt;/tr&gt;
	&lt;tr&gt;
		&lt;td class="tabelatd2"&gt;124&lt;/td&gt;
		&lt;td class="tabelatd2"&gt;Tipo Cobranca&lt;/td&gt;
		&lt;td class="tabelatd2"&gt;10/10/2018&lt;/td&gt;
		&lt;td class="tabelatd2"&gt;110.00&lt;/td&gt;
		&lt;td class="tabelatd2"&gt;0.00&lt;/td&gt;
		&lt;td class="tabelatd2"&gt;Em aberto&lt;/td&gt;
		&lt;td class="tabelatd2"&gt;2-Fulano de Tal (111.111.111-11)&lt;/td&gt;
		&lt;td class="tabelatd2"&gt;0F&lt;/td&gt;
		&lt;td class="tabelatd2"&gt;Patrimonial&lt;/td&gt;
&lt;th class="tabelatd2" border="1"&gt;&lt;a class="noPrint" href="?class=BaixarParcela&amp;id=124"&gt;[Baixar&amp;nbsp;parcela] &lt;/a&gt;&lt;a class="noPrint" href="?class=ImprimirParcela&amp;id=124"&gt;[Imprimir&amp;nbsp;parcela] &lt;/a&gt;&lt;/th&gt;
	&lt;/tr&gt;
	&lt;tr&gt;
		&lt;td class="tabelatd1"&gt;148&lt;/td&gt;
		&lt;td class="tabelatd1"&gt;Tipo Cobranca&lt;/td&gt;
		&lt;td class="tabelatd1"&gt;10/10/2018&lt;/td&gt;
		&lt;td class="tabelatd1"&gt;110.00&lt;/td&gt;
		&lt;td class="tabelatd1"&gt;0.00&lt;/td&gt;
		&lt;td class="tabelatd1"&gt;Em aberto&lt;/td&gt;
		&lt;td class="tabelatd1"&gt;2-Fulano de Tal (111.111.111-11)&lt;/td&gt;
		&lt;td class="tabelatd1"&gt;0F&lt;/td&gt;
		&lt;td class="tabelatd1"&gt;Patrimonial&lt;/td&gt;
&lt;th class="tabelatd1" border="1"&gt;&lt;a class="noPrint" href="?class=BaixarParcela&amp;id=148"&gt;[Baixar&amp;nbsp;parcela] &lt;/a&gt;&lt;a class="noPrint" href="?class=ImprimirParcela&amp;id=148"&gt;[Imprimir&amp;nbsp;parcela] &lt;/a&gt;&lt;/th&gt;
	&lt;/tr&gt;
	&lt;tr&gt;
		&lt;td class="tabelatd2"&gt;168&lt;/td&gt;
		&lt;td class="tabelatd2"&gt;Tipo Cobranca&lt;/td&gt;
		&lt;td class="tabelatd2"&gt;10/10/2018&lt;/td&gt;
		&lt;td class="tabelatd2"&gt;110.00&lt;/td&gt;
		&lt;td class="tabelatd2"&gt;0.00&lt;/td&gt;
		&lt;td class="tabelatd2"&gt;Em aberto&lt;/td&gt;
		&lt;td class="tabelatd2"&gt;2-Fulano de Tal (111.111.111-11)&lt;/td&gt;
		&lt;td class="tabelatd2"&gt;0F&lt;/td&gt;
		&lt;td class="tabelatd2"&gt;Patrimonial&lt;/td&gt;
&lt;th class="tabelatd2" border="1"&gt;&lt;a class="noPrint" href="?class=BaixarParcela&amp;id=168"&gt;[Baixar&amp;nbsp;parcela] &lt;/a&gt;&lt;a class="noPrint" href="?class=ImprimirParcela&amp;id=168"&gt;[Imprimir&amp;nbsp;parcela] &lt;/a&gt;&lt;/th&gt;
	&lt;/tr&gt;
	&lt;tr&gt;
		&lt;td class="tabelatd1"&gt;188&lt;/td&gt;
		&lt;td class="tabelatd1"&gt;Tipo Cobranca&lt;/td&gt;
		&lt;td class="tabelatd1"&gt;10/10/2018&lt;/td&gt;
		&lt;td class="tabelatd1"&gt;110.00&lt;/td&gt;
		&lt;td class="tabelatd1"&gt;0.00&lt;/td&gt;
		&lt;td class="tabelatd1"&gt;Em aberto&lt;/td&gt;
		&lt;td class="tabelatd1"&gt;2-Fulano de Tal (111.111.111-11)&lt;/td&gt;
		&lt;td class="tabelatd1"&gt;0F&lt;/td&gt;
		&lt;td class="tabelatd1"&gt;Patrimonial&lt;/td&gt;
&lt;th class="tabelatd1" border="1"&gt;&lt;a class="noPrint" href="?class=BaixarParcela&amp;id=188"&gt;[Baixar&amp;nbsp;parcela] &lt;/a&gt;&lt;a class="noPrint" href="?class=ImprimirParcela&amp;id=188"&gt;[Imprimir&amp;nbsp;parcela] &lt;/a&gt;&lt;/th&gt;
	&lt;/tr&gt;
	&lt;tr&gt;
		&lt;td class="tabelatd2"&gt;208&lt;/td&gt;
		&lt;td class="tabelatd2"&gt;Tipo Cobranca&lt;/td&gt;
		&lt;td class="tabelatd2"&gt;10/10/2018&lt;/td&gt;
		&lt;td class="tabelatd2"&gt;110.00&lt;/td&gt;
		&lt;td class="tabelatd2"&gt;0.00&lt;/td&gt;
		&lt;td class="tabelatd2"&gt;Em aberto&lt;/td&gt;
		&lt;td class="tabelatd2"&gt;2-Fulano de Tal (111.111.111-11)&lt;/td&gt;
		&lt;td class="tabelatd2"&gt;0F&lt;/td&gt;
		&lt;td class="tabelatd2"&gt;Patrimonial&lt;/td&gt;
&lt;th class="tabelatd2" border="1"&gt;&lt;a class="noPrint" href="?class=BaixarParcela&amp;id=208"&gt;[Baixar&amp;nbsp;parcela] &lt;/a&gt;&lt;a class="noPrint" href="?class=ImprimirParcela&amp;id=208"&gt;[Imprimir&amp;nbsp;parcela] &lt;/a&gt;&lt;/th&gt;
	&lt;/tr&gt;
	&lt;tr&gt;
		&lt;td class="tabelatd1"&gt;231&lt;/td&gt;
		&lt;td class="tabelatd1"&gt;Tipo Cobranca&lt;/td&gt;
		&lt;td class="tabelatd1"&gt;10/10/2018&lt;/td&gt;
		&lt;td class="tabelatd1"&gt;110.00&lt;/td&gt;
		&lt;td class="tabelatd1"&gt;0.00&lt;/td&gt;
		&lt;td class="tabelatd1"&gt;Em aberto&lt;/td&gt;
		&lt;td class="tabelatd1"&gt;2-Fulano de Tal (111.111.111-11)&lt;/td&gt;
		&lt;td class="tabelatd1"&gt;0F&lt;/td&gt;
		&lt;td class="tabelatd1"&gt;Patrimonial&lt;/td&gt;
&lt;th class="tabelatd1" border="1"&gt;&lt;a class="noPrint" href="?class=BaixarParcela&amp;id=231"&gt;[Baixar&amp;nbsp;parcela] &lt;/a&gt;&lt;a class="noPrint" href="?class=ImprimirParcela&amp;id=231"&gt;[Imprimir&amp;nbsp;parcela] &lt;/a&gt;&lt;/th&gt;
	&lt;/tr&gt;
	&lt;tr&gt;
		&lt;td class="tabelatd2"&gt;254&lt;/td&gt;
		&lt;td class="tabelatd2"&gt;Tipo Cobranca&lt;/td&gt;
		&lt;td class="tabelatd2"&gt;10/10/2018&lt;/td&gt;
		&lt;td class="tabelatd2"&gt;110.00&lt;/td&gt;
		&lt;td class="tabelatd2"&gt;0.00&lt;/td&gt;
		&lt;td class="tabelatd2"&gt;Em aberto&lt;/td&gt;
		&lt;td class="tabelatd2"&gt;2-Fulano de Tal (111.111.111-11)&lt;/td&gt;
		&lt;td class="tabelatd2"&gt;0F&lt;/td&gt;
		&lt;td class="tabelatd2"&gt;Patrimonial&lt;/td&gt;
&lt;th class="tabelatd2" border="1"&gt;&lt;a class="noPrint" href="?class=BaixarParcela&amp;id=254"&gt;[Baixar&amp;nbsp;parcela] &lt;/a&gt;&lt;a class="noPrint" href="?class=ImprimirParcela&amp;id=254"&gt;[Imprimir&amp;nbsp;parcela] &lt;/a&gt;&lt;/th&gt;
	&lt;/tr&gt;
	&lt;tr&gt;
		&lt;td class="tabelatd1"&gt;279&lt;/td&gt;
		&lt;td class="tabelatd1"&gt;Tipo Cobranca&lt;/td&gt;
		&lt;td class="tabelatd1"&gt;10/10/2018&lt;/td&gt;
		&lt;td class="tabelatd1"&gt;110.00&lt;/td&gt;
		&lt;td class="tabelatd1"&gt;0.00&lt;/td&gt;
		&lt;td class="tabelatd1"&gt;Em aberto&lt;/td&gt;
		&lt;td class="tabelatd1"&gt;2-Fulano de Tal (111.111.111-11)&lt;/td&gt;
		&lt;td class="tabelatd1"&gt;0F&lt;/td&gt;
		&lt;td class="tabelatd1"&gt;Patrimonial&lt;/td&gt;
&lt;th class="tabelatd1" border="1"&gt;&lt;a class="noPrint" href="?class=BaixarParcela&amp;id=279"&gt;[Baixar&amp;nbsp;parcela] &lt;/a&gt;&lt;a class="noPrint" href="?class=ImprimirParcela&amp;id=279"&gt;[Imprimir&amp;nbsp;parcela] &lt;/a&gt;&lt;/th&gt;
	&lt;/tr&gt;
	&lt;tr&gt;
		&lt;td class="tabelatd2"&gt;306&lt;/td&gt;
		&lt;td class="tabelatd2"&gt;Tipo Cobranca&lt;/td&gt;
		&lt;td class="tabelatd2"&gt;10/10/2018&lt;/td&gt;
		&lt;td class="tabelatd2"&gt;110.00&lt;/td&gt;
		&lt;td class="tabelatd2"&gt;0.00&lt;/td&gt;
		&lt;td class="tabelatd2"&gt;Em aberto&lt;/td&gt;
		&lt;td class="tabelatd2"&gt;2-Fulano de Tal (111.111.111-11)&lt;/td&gt;
		&lt;td class="tabelatd2"&gt;0F&lt;/td&gt;
		&lt;td class="tabelatd2"&gt;Patrimonial&lt;/td&gt;
&lt;th class="tabelatd2" border="1"&gt;&lt;a class="noPrint" href="?class=BaixarParcela&amp;id=306"&gt;[Baixar&amp;nbsp;parcela] &lt;/a&gt;&lt;a class="noPrint" href="?class=ImprimirParcela&amp;id=306"&gt;[Imprimir&amp;nbsp;parcela] &lt;/a&gt;&lt;/th&gt;
	&lt;/tr&gt;
	&lt;tr&gt;
		&lt;td class="tabelatd1"&gt;335&lt;/td&gt;
		&lt;td class="tabelatd1"&gt;Tipo Cobranca&lt;/td&gt;
		&lt;td class="tabelatd1"&gt;10/10/2018&lt;/td&gt;
		&lt;td class="tabelatd1"&gt;110.00&lt;/td&gt;
		&lt;td class="tabelatd1"&gt;0.00&lt;/td&gt;
		&lt;td class="tabelatd1"&gt;Em aberto&lt;/td&gt;
		&lt;td class="tabelatd1"&gt;2-Fulano de Tal (111.111.111-11)&lt;/td&gt;
		&lt;td class="tabelatd1"&gt;0F&lt;/td&gt;
		&lt;td class="tabelatd1"&gt;Patrimonial&lt;/td&gt;
&lt;th class="tabelatd1" border="1"&gt;&lt;a class="noPrint" href="?class=BaixarParcela&amp;id=335"&gt;[Baixar&amp;nbsp;parcela] &lt;/a&gt;&lt;a class="noPrint" href="?class=ImprimirParcela&amp;id=335"&gt;[Imprimir&amp;nbsp;parcela] &lt;/a&gt;&lt;/th&gt;
	&lt;/tr&gt;
	&lt;tr&gt;
		&lt;td class="tabelatd2"&gt;366&lt;/td&gt;
		&lt;td class="tabelatd2"&gt;Tipo Cobranca&lt;/td&gt;
		&lt;td class="tabelatd2"&gt;10/10/2018&lt;/td&gt;
		&lt;td class="tabelatd2"&gt;110.00&lt;/td&gt;
		&lt;td class="tabelatd2"&gt;0.00&lt;/td&gt;
		&lt;td class="tabelatd2"&gt;Em aberto&lt;/td&gt;
		&lt;td class="tabelatd2"&gt;2-Fulano de Tal (111.111.111-11)&lt;/td&gt;
		&lt;td class="tabelatd2"&gt;0F&lt;/td&gt;
		&lt;td class="tabelatd2"&gt;Patrimonial&lt;/td&gt;
&lt;th class="tabelatd2" border="1"&gt;&lt;a class="noPrint" href="?class=BaixarParcela&amp;id=366"&gt;[Baixar&amp;nbsp;parcela] &lt;/a&gt;&lt;a class="noPrint" href="?class=ImprimirParcela&amp;id=366"&gt;[Imprimir&amp;nbsp;parcela] &lt;/a&gt;&lt;/th&gt;
	&lt;/tr&gt;
	&lt;tr&gt;
		&lt;td class="tabelatd1"&gt;399&lt;/td&gt;
		&lt;td class="tabelatd1"&gt;Tipo Cobranca&lt;/td&gt;
		&lt;td class="tabelatd1"&gt;10/10/2018&lt;/td&gt;
		&lt;td class="tabelatd1"&gt;110.00&lt;/td&gt;
		&lt;td class="tabelatd1"&gt;0.00&lt;/td&gt;
		&lt;td class="tabelatd1"&gt;Em aberto&lt;/td&gt;
		&lt;td class="tabelatd1"&gt;2-Fulano de Tal (111.111.111-11)&lt;/td&gt;
		&lt;td class="tabelatd1"&gt;0F&lt;/td&gt;
		&lt;td class="tabelatd1"&gt;Patrimonial&lt;/td&gt;
&lt;th class="tabelatd1" border="1"&gt;&lt;a class="noPrint" href="?class=BaixarParcela&amp;id=399"&gt;[Baixar&amp;nbsp;parcela] &lt;/a&gt;&lt;a class="noPrint" href="?class=ImprimirParcela&amp;id=399"&gt;[Imprimir&amp;nbsp;parcela] &lt;/a&gt;&lt;/th&gt;
	&lt;/tr&gt;
	&lt;tr&gt;
		&lt;td class="tabelatd2"&gt;434&lt;/td&gt;
		&lt;td class="tabelatd2"&gt;Tipo Cobranca&lt;/td&gt;
		&lt;td class="tabelatd2"&gt;10/10/2018&lt;/td&gt;
		&lt;td class="tabelatd2"&gt;110.00&lt;/td&gt;
		&lt;td class="tabelatd2"&gt;0.00&lt;/td&gt;
		&lt;td class="tabelatd2"&gt;Em aberto&lt;/td&gt;
		&lt;td class="tabelatd2"&gt;2-Fulano de Tal (111.111.111-11)&lt;/td&gt;
		&lt;td class="tabelatd2"&gt;0F&lt;/td&gt;
		&lt;td class="tabelatd2"&gt;Patrimonial&lt;/td&gt;
&lt;th class="tabelatd2" border="1"&gt;&lt;a class="noPrint" href="?class=BaixarParcela&amp;id=434"&gt;[Baixar&amp;nbsp;parcela] &lt;/a&gt;&lt;a class="noPrint" href="?class=ImprimirParcela&amp;id=434"&gt;[Imprimir&amp;nbsp;parcela] &lt;/a&gt;&lt;/th&gt;
	&lt;/tr&gt;
	&lt;tr&gt;
		&lt;td class="tabelatd1"&gt;2&lt;/td&gt;
		&lt;td class="tabelatd1"&gt;Tipo Cobranca&lt;/td&gt;
		&lt;td class="tabelatd1"&gt;10/10/2018&lt;/td&gt;
		&lt;td class="tabelatd1"&gt;110.00&lt;/td&gt;
		&lt;td class="tabelatd1"&gt;0.00&lt;/td&gt;
		&lt;td class="tabelatd1"&gt;Em aberto&lt;/td&gt;
		&lt;td class="tabelatd1"&gt;1-Fulano de Tal (652.392.539-00)&lt;/td&gt;
		&lt;td class="tabelatd1"&gt;1&lt;/td&gt;
		&lt;td class="tabelatd1"&gt;Patrimonial&lt;/td&gt;
&lt;th class="tabelatd1" border="1"&gt;&lt;a class="noPrint" href="?class=BaixarParcela&amp;id=2"&gt;[Baixar&amp;nbsp;parcela] &lt;/a&gt;&lt;a class="noPrint" href="?class=ImprimirParcela&amp;id=2"&gt;[Imprimir&amp;nbsp;parcela] &lt;/a&gt;&lt;/th&gt;
	&lt;/tr&gt;
	&lt;tr&gt;
		&lt;td class="tabelatd2"&gt;6&lt;/td&gt;
		&lt;td class="tabelatd2"&gt;Tipo Cobranca&lt;/td&gt;
		&lt;td class="tabelatd2"&gt;10/10/2018&lt;/td&gt;
		&lt;td class="tabelatd2"&gt;110.00&lt;/td&gt;
		&lt;td class="tabelatd2"&gt;0.00&lt;/td&gt;
		&lt;td class="tabelatd2"&gt;Em aberto&lt;/td&gt;
		&lt;td class="tabelatd2"&gt;1-Fulano de Tal (652.392.539-00)&lt;/td&gt;
		&lt;td class="tabelatd2"&gt;1&lt;/td&gt;
		&lt;td class="tabelatd2"&gt;Patrimonial&lt;/td&gt;
&lt;th class="tabelatd2" border="1"&gt;&lt;a class="noPrint" href="?class=BaixarParcela&amp;id=6"&gt;[Baixar&amp;nbsp;parcela] &lt;/a&gt;&lt;a class="noPrint" href="?class=ImprimirParcela&amp;id=6"&gt;[Imprimir&amp;nbsp;parcela] &lt;/a&gt;&lt;/th&gt;
	&lt;/tr&gt;
	&lt;tr&gt;
		&lt;td class="tabelatd1"&gt;10&lt;/td&gt;
		&lt;td class="tabelatd1"&gt;Tipo Cobranca&lt;/td&gt;
		&lt;td class="tabelatd1"&gt;10/10/2018&lt;/td&gt;
		&lt;td class="tabelatd1"&gt;110.00&lt;/td&gt;
		&lt;td class="tabelatd1"&gt;0.00&lt;/td&gt;
		&lt;td class="tabelatd1"&gt;Em aberto&lt;/td&gt;
		&lt;td class="tabelatd1"&gt;1-Fulano de Tal (652.392.539-00)&lt;/td&gt;
		&lt;td class="tabelatd1"&gt;1&lt;/td&gt;
		&lt;td class="tabelatd1"&gt;Patrimonial&lt;/td&gt;
&lt;th class="tabelatd1" border="1"&gt;&lt;a class="noPrint" href="?class=BaixarParcela&amp;id=10"&gt;[Baixar&amp;nbsp;parcela] &lt;/a&gt;&lt;a class="noPrint" href="?class=ImprimirParcela&amp;id=10"&gt;[Imprimir&amp;nbsp;parcela] &lt;/a&gt;&lt;/th&gt;
	&lt;/tr&gt;
	&lt;tr&gt;
		&lt;td class="tabelatd2"&gt;14&lt;/td&gt;
		&lt;td class="tabelatd2"&gt;Tipo Cobranca&lt;/td&gt;
		&lt;td class="tabelatd2"&gt;10/10/2018&lt;/td&gt;
		&lt;td class="tabelatd2"&gt;110.00&lt;/td&gt;
		&lt;td class="tabelatd2"&gt;0.00&lt;/td&gt;
		&lt;td class="tabelatd2"&gt;Em aberto&lt;/td&gt;
		&lt;td class="tabelatd2"&gt;1-Fulano de Tal (652.392.539-00)&lt;/td&gt;
		&lt;td class="tabelatd2"&gt;1&lt;/td&gt;
		&lt;td class="tabelatd2"&gt;Patrimonial&lt;/td&gt;
&lt;th class="tabelatd2" border="1"&gt;&lt;a class="noPrint" href="?class=BaixarParcela&amp;id=14"&gt;[Baixar&amp;nbsp;parcela] &lt;/a&gt;&lt;a class="noPrint" href="?class=ImprimirParcela&amp;id=14"&gt;[Imprimir&amp;nbsp;parcela] &lt;/a&gt;&lt;/th&gt;
	&lt;/tr&gt;
	&lt;tr&gt;
		&lt;td class="tabelatd1"&gt;18&lt;/td&gt;
		&lt;td class="tabelatd1"&gt;Tipo Cobranca&lt;/td&gt;
		&lt;td class="tabelatd1"&gt;10/10/2018&lt;/td&gt;
		&lt;td class="tabelatd1"&gt;110.00&lt;/td&gt;
		&lt;td class="tabelatd1"&gt;0.00&lt;/td&gt;
		&lt;td class="tabelatd1"&gt;Em aberto&lt;/td&gt;
		&lt;td class="tabelatd1"&gt;1-Fulano de Tal (652.392.539-00)&lt;/td&gt;
		&lt;td class="tabelatd1"&gt;1&lt;/td&gt;
		&lt;td class="tabelatd1"&gt;Patrimonial&lt;/td&gt;
&lt;th class="tabelatd1" border="1"&gt;&lt;a class="noPrint" href="?class=BaixarParcela&amp;id=18"&gt;[Baixar&amp;nbsp;parcela] &lt;/a&gt;&lt;a class="noPrint" href="?class=ImprimirParcela&amp;id=18"&gt;[Imprimir&amp;nbsp;parcela] &lt;/a&gt;&lt;/th&gt;
	&lt;/tr&gt;
	&lt;tr&gt;
		&lt;td class="tabelatd2"&gt;22&lt;/td&gt;
		&lt;td class="tabelatd2"&gt;Tipo Cobranca&lt;/td&gt;
		&lt;td class="tabelatd2"&gt;10/10/2018&lt;/td&gt;
		&lt;td class="tabelatd2"&gt;110.00&lt;/td&gt;
		&lt;td class="tabelatd2"&gt;0.00&lt;/td&gt;
		&lt;td class="tabelatd2"&gt;Em aberto&lt;/td&gt;
		&lt;td class="tabelatd2"&gt;1-Fulano de Tal (652.392.539-00)&lt;/td&gt;
		&lt;td class="tabelatd2"&gt;1&lt;/td&gt;
		&lt;td class="tabelatd2"&gt;Patrimonial&lt;/td&gt;
&lt;th class="tabelatd2" border="1"&gt;&lt;a class="noPrint" href="?class=BaixarParcela&amp;id=22"&gt;[Baixar&amp;nbsp;parcela] &lt;/a&gt;&lt;a class="noPrint" href="?class=ImprimirParcela&amp;id=22"&gt;[Imprimir&amp;nbsp;parcela] &lt;/a&gt;&lt;/th&gt;
	&lt;/tr&gt;
	&lt;tr&gt;
		&lt;td class="tabelatd1"&gt;26&lt;/td&gt;
		&lt;td class="tabelatd1"&gt;Tipo Cobranca&lt;/td&gt;
		&lt;td class="tabelatd1"&gt;10/10/2018&lt;/td&gt;
		&lt;td class="tabelatd1"&gt;110.00&lt;/td&gt;
		&lt;td class="tabelatd1"&gt;0.00&lt;/td&gt;
		&lt;td class="tabelatd1"&gt;Em aberto&lt;/td&gt;
		&lt;td class="tabelatd1"&gt;1-Fulano de Tal (652.392.539-00)&lt;/td&gt;
		&lt;td class="tabelatd1"&gt;1&lt;/td&gt;
		&lt;td class="tabelatd1"&gt;Patrimonial&lt;/td&gt;
&lt;th class="tabelatd1" border="1"&gt;&lt;a class="noPrint" href="?class=BaixarParcela&amp;id=26"&gt;[Baixar&amp;nbsp;parcela] &lt;/a&gt;&lt;a class="noPrint" href="?class=ImprimirParcela&amp;id=26"&gt;[Imprimir&amp;nbsp;parcela] &lt;/a&gt;&lt;/th&gt;
	&lt;/tr&gt;
	&lt;tr&gt;
		&lt;td class="tabelatd2"&gt;33&lt;/td&gt;
		&lt;td class="tabelatd2"&gt;Tipo Cobranca&lt;/td&gt;
		&lt;td class="tabelatd2"&gt;10/10/2018&lt;/td&gt;
		&lt;td class="tabelatd2"&gt;110.00&lt;/td&gt;
		&lt;td class="tabelatd2"&gt;0.00&lt;/td&gt;
		&lt;td class="tabelatd2"&gt;Em aberto&lt;/td&gt;
		&lt;td class="tabelatd2"&gt;1-Fulano de Tal (652.392.539-00)&lt;/td&gt;
		&lt;td class="tabelatd2"&gt;1&lt;/td&gt;
		&lt;td class="tabelatd2"&gt;Patrimonial&lt;/td&gt;
&lt;th class="tabelatd2" border="1"&gt;&lt;a class="noPrint" href="?class=BaixarParcela&amp;id=33"&gt;[Baixar&amp;nbsp;parcela] &lt;/a&gt;&lt;a class="noPrint" href="?class=ImprimirParcela&amp;id=33"&gt;[Imprimir&amp;nbsp;parcela] &lt;/a&gt;&lt;/th&gt;
	&lt;/tr&gt;
	&lt;tr&gt;
		&lt;td class="tabelatd1"&gt;41&lt;/td&gt;
		&lt;td class="tabelatd1"&gt;Tipo Cobranca&lt;/td&gt;
		&lt;td class="tabelatd1"&gt;10/10/2018&lt;/td&gt;
		&lt;td class="tabelatd1"&gt;110.00&lt;/td&gt;
		&lt;td class="tabelatd1"&gt;0.00&lt;/td&gt;
		&lt;td class="tabelatd1"&gt;Em aberto&lt;/td&gt;
		&lt;td class="tabelatd1"&gt;1-Fulano de Tal (652.392.539-00)&lt;/td&gt;
		&lt;td class="tabelatd1"&gt;1&lt;/td&gt;
		&lt;td class="tabelatd1"&gt;Patrimonial&lt;/td&gt;
&lt;th class="tabelatd1" border="1"&gt;&lt;a class="noPrint" href="?class=BaixarParcela&amp;id=41"&gt;[Baixar&amp;nbsp;parcela] &lt;/a&gt;&lt;a class="noPrint" href="?class=ImprimirParcela&amp;id=41"&gt;[Imprimir&amp;nbsp;parcela] &lt;/a&gt;&lt;/th&gt;
	&lt;/tr&gt;
	&lt;tr&gt;
		&lt;td class="tabelatd2"&gt;52&lt;/td&gt;
		&lt;td class="tabelatd2"&gt;Tipo Cobranca&lt;/td&gt;
		&lt;td class="tabelatd2"&gt;10/10/2018&lt;/td&gt;
		&lt;td class="tabelatd2"&gt;110.00&lt;/td&gt;
		&lt;td class="tabelatd2"&gt;0.00&lt;/td&gt;
		&lt;td class="tabelatd2"&gt;Em aberto&lt;/td&gt;
		&lt;td class="tabelatd2"&gt;1-Fulano de Tal (652.392.539-00)&lt;/td&gt;
		&lt;td class="tabelatd2"&gt;1&lt;/td&gt;
		&lt;td class="tabelatd2"&gt;Patrimonial&lt;/td&gt;
&lt;th class="tabelatd2" border="1"&gt;&lt;a class="noPrint" href="?class=BaixarParcela&amp;id=52"&gt;[Baixar&amp;nbsp;parcela] &lt;/a&gt;&lt;a class="noPrint" href="?class=ImprimirParcela&amp;id=52"&gt;[Imprimir&amp;nbsp;parcela] &lt;/a&gt;&lt;/th&gt;
	&lt;/tr&gt;
	&lt;tr&gt;
		&lt;td class="tabelatd1"&gt;65&lt;/td&gt;
		&lt;td class="tabelatd1"&gt;Tipo Cobranca&lt;/td&gt;
		&lt;td class="tabelatd1"&gt;10/10/2018&lt;/td&gt;
		&lt;td class="tabelatd1"&gt;110.00&lt;/td&gt;
		&lt;td class="tabelatd1"&gt;0.00&lt;/td&gt;
		&lt;td class="tabelatd1"&gt;Em aberto&lt;/td&gt;
		&lt;td class="tabelatd1"&gt;1-Fulano de Tal (652.392.539-00)&lt;/td&gt;
		&lt;td class="tabelatd1"&gt;1&lt;/td&gt;
		&lt;td class="tabelatd1"&gt;Patrimonial&lt;/td&gt;
&lt;th class="tabelatd1" border="1"&gt;&lt;a class="noPrint" href="?class=BaixarParcela&amp;id=65"&gt;[Baixar&amp;nbsp;parcela] &lt;/a&gt;&lt;a class="noPrint" href="?class=ImprimirParcela&amp;id=65"&gt;[Imprimir&amp;nbsp;parcela] &lt;/a&gt;&lt;/th&gt;
	&lt;/tr&gt;
	&lt;tr&gt;
		&lt;td class="tabelatd2"&gt;80&lt;/td&gt;
		&lt;td class="tabelatd2"&gt;Tipo Cobranca&lt;/td&gt;
		&lt;td class="tabelatd2"&gt;10/10/2018&lt;/td&gt;
		&lt;td class="tabelatd2"&gt;110.00&lt;/td&gt;
		&lt;td class="tabelatd2"&gt;0.00&lt;/td&gt;
		&lt;td class="tabelatd2"&gt;Em aberto&lt;/td&gt;
		&lt;td class="tabelatd2"&gt;1-Fulano de Tal (652.392.539-00)&lt;/td&gt;
		&lt;td class="tabelatd2"&gt;1&lt;/td&gt;
		&lt;td class="tabelatd2"&gt;Patrimonial&lt;/td&gt;
&lt;th class="tabelatd2" border="1"&gt;&lt;a class="noPrint" href="?class=BaixarParcela&amp;id=80"&gt;[Baixar&amp;nbsp;parcela] &lt;/a&gt;&lt;a class="noPrint" href="?class=ImprimirParcela&amp;id=80"&gt;[Imprimir&amp;nbsp;parcela] &lt;/a&gt;&lt;/th&gt;
	&lt;/tr&gt;
	&lt;tr&gt;
		&lt;td class="tabelatd1"&gt;96&lt;/td&gt;
		&lt;td class="tabelatd1"&gt;Tipo Cobranca&lt;/td&gt;
		&lt;td class="tabelatd1"&gt;10/10/2018&lt;/td&gt;
		&lt;td class="tabelatd1"&gt;110.00&lt;/td&gt;
		&lt;td class="tabelatd1"&gt;0.00&lt;/td&gt;
		&lt;td class="tabelatd1"&gt;Em aberto&lt;/td&gt;
		&lt;td class="tabelatd1"&gt;1-Fulano de Tal (652.392.539-00)&lt;/td&gt;
		&lt;td class="tabelatd1"&gt;1&lt;/td&gt;
		&lt;td class="tabelatd1"&gt;Patrimonial&lt;/td&gt;
&lt;th class="tabelatd1" border="1"&gt;&lt;a class="noPrint" href="?class=BaixarParcela&amp;id=96"&gt;[Baixar&amp;nbsp;parcela] &lt;/a&gt;&lt;a class="noPrint" href="?class=ImprimirParcela&amp;id=96"&gt;[Imprimir&amp;nbsp;parcela] &lt;/a&gt;&lt;/th&gt;
	&lt;/tr&gt;
	&lt;tr&gt;
		&lt;td class="tabelatd2"&gt;123&lt;/td&gt;
		&lt;td class="tabelatd2"&gt;Tipo Cobranca&lt;/td&gt;
		&lt;td class="tabelatd2"&gt;10/10/2018&lt;/td&gt;
		&lt;td class="tabelatd2"&gt;110.00&lt;/td&gt;
		&lt;td class="tabelatd2"&gt;0.00&lt;/td&gt;
		&lt;td class="tabelatd2"&gt;Em aberto&lt;/td&gt;
		&lt;td class="tabelatd2"&gt;1-Fulano de Tal (652.392.539-00)&lt;/td&gt;
		&lt;td class="tabelatd2"&gt;1&lt;/td&gt;
		&lt;td class="tabelatd2"&gt;Patrimonial&lt;/td&gt;
&lt;th class="tabelatd2" border="1"&gt;&lt;a class="noPrint" href="?class=BaixarParcela&amp;id=123"&gt;[Baixar&amp;nbsp;parcela] &lt;/a&gt;&lt;a class="noPrint" href="?class=ImprimirParcela&amp;id=123"&gt;[Imprimir&amp;nbsp;parcela] &lt;/a&gt;&lt;/th&gt;
	&lt;/tr&gt;
	&lt;tr&gt;
		&lt;td class="tabelatd1"&gt;147&lt;/td&gt;
		&lt;td class="tabelatd1"&gt;Tipo Cobranca&lt;/td&gt;
		&lt;td class="tabelatd1"&gt;10/10/2018&lt;/td&gt;
		&lt;td class="tabelatd1"&gt;110.00&lt;/td&gt;
		&lt;td class="tabelatd1"&gt;0.00&lt;/td&gt;
		&lt;td class="tabelatd1"&gt;Em aberto&lt;/td&gt;
		&lt;td class="tabelatd1"&gt;1-Fulano de Tal (652.392.539-00)&lt;/td&gt;
		&lt;td class="tabelatd1"&gt;1&lt;/td&gt;
		&lt;td class="tabelatd1"&gt;Patrimonial&lt;/td&gt;
&lt;th class="tabelatd1" border="1"&gt;&lt;a class="noPrint" href="?class=BaixarParcela&amp;id=147"&gt;[Baixar&amp;nbsp;parcela] &lt;/a&gt;&lt;a class="noPrint" href="?class=ImprimirParcela&amp;id=147"&gt;[Imprimir&amp;nbsp;parcela] &lt;/a&gt;&lt;/th&gt;
	&lt;/tr&gt;
	&lt;tr&gt;
		&lt;td class="tabelatd2"&gt;167&lt;/td&gt;
		&lt;td class="tabelatd2"&gt;Tipo Cobranca&lt;/td&gt;
		&lt;td class="tabelatd2"&gt;10/10/2018&lt;/td&gt;
		&lt;td class="tabelatd2"&gt;110.00&lt;/td&gt;
		&lt;td class="tabelatd2"&gt;0.00&lt;/td&gt;
		&lt;td class="tabelatd2"&gt;Em aberto&lt;/td&gt;
		&lt;td class="tabelatd2"&gt;1-Fulano de Tal (652.392.539-00)&lt;/td&gt;
		&lt;td class="tabelatd2"&gt;1&lt;/td&gt;
		&lt;td class="tabelatd2"&gt;Patrimonial&lt;/td&gt;
&lt;th class="tabelatd2" border="1"&gt;&lt;a class="noPrint" href="?class=BaixarParcela&amp;id=167"&gt;[Baixar&amp;nbsp;parcela] &lt;/a&gt;&lt;a class="noPrint" href="?class=ImprimirParcela&amp;id=167"&gt;[Imprimir&amp;nbsp;parcela] &lt;/a&gt;&lt;/th&gt;
	&lt;/tr&gt;
	&lt;tr&gt;
		&lt;td class="tabelatd1"&gt;187&lt;/td&gt;
		&lt;td class="tabelatd1"&gt;Tipo Cobranca&lt;/td&gt;
		&lt;td class="tabelatd1"&gt;10/10/2018&lt;/td&gt;
		&lt;td class="tabelatd1"&gt;110.00&lt;/td&gt;
		&lt;td class="tabelatd1"&gt;0.00&lt;/td&gt;
		&lt;td class="tabelatd1"&gt;Em aberto&lt;/td&gt;
		&lt;td class="tabelatd1"&gt;1-Fulano de Tal (652.392.539-00)&lt;/td&gt;
		&lt;td class="tabelatd1"&gt;1&lt;/td&gt;
		&lt;td class="tabelatd1"&gt;Patrimonial&lt;/td&gt;
&lt;th class="tabelatd1" border="1"&gt;&lt;a class="noPrint" href="?class=BaixarParcela&amp;id=187"&gt;[Baixar&amp;nbsp;parcela] &lt;/a&gt;&lt;a class="noPrint" href="?class=ImprimirParcela&amp;id=187"&gt;[Imprimir&amp;nbsp;parcela] &lt;/a&gt;&lt;/th&gt;
	&lt;/tr&gt;
	&lt;tr&gt;
		&lt;td class="tabelatd2"&gt;207&lt;/td&gt;
		&lt;td class="tabelatd2"&gt;Tipo Cobranca&lt;/td&gt;
		&lt;td class="tabelatd2"&gt;10/10/2018&lt;/td&gt;
		&lt;td class="tabelatd2"&gt;110.00&lt;/td&gt;
		&lt;td class="tabelatd2"&gt;0.00&lt;/td&gt;
		&lt;td class="tabelatd2"&gt;Em aberto&lt;/td&gt;
		&lt;td class="tabelatd2"&gt;1-Fulano de Tal (652.392.539-00)&lt;/td&gt;
		&lt;td class="tabelatd2"&gt;1&lt;/td&gt;
		&lt;td class="tabelatd2"&gt;Patrimonial&lt;/td&gt;
&lt;th class="tabelatd2" border="1"&gt;&lt;a class="noPrint" href="?class=BaixarParcela&amp;id=207"&gt;[Baixar&amp;nbsp;parcela] &lt;/a&gt;&lt;a class="noPrint" href="?class=ImprimirParcela&amp;id=207"&gt;[Imprimir&amp;nbsp;parcela] &lt;/a&gt;&lt;/th&gt;
	&lt;/tr&gt;
	&lt;tr&gt;
		&lt;td class="tabelatd1"&gt;230&lt;/td&gt;
		&lt;td class="tabelatd1"&gt;Tipo Cobranca&lt;/td&gt;
		&lt;td class="tabelatd1"&gt;10/10/2018&lt;/td&gt;
		&lt;td class="tabelatd1"&gt;110.00&lt;/td&gt;
		&lt;td class="tabelatd1"&gt;0.00&lt;/td&gt;
		&lt;td class="tabelatd1"&gt;Em aberto&lt;/td&gt;
		&lt;td class="tabelatd1"&gt;1-Fulano de Tal (652.392.539-00)&lt;/td&gt;
		&lt;td class="tabelatd1"&gt;1&lt;/td&gt;
		&lt;td class="tabelatd1"&gt;Patrimonial&lt;/td&gt;
&lt;th class="tabelatd1" border="1"&gt;&lt;a class="noPrint" href="?class=BaixarParcela&amp;id=230"&gt;[Baixar&amp;nbsp;parcela] &lt;/a&gt;&lt;a class="noPrint" href="?class=ImprimirParcela&amp;id=230"&gt;[Imprimir&amp;nbsp;parcela] &lt;/a&gt;&lt;/th&gt;
	&lt;/tr&gt;
	&lt;tr&gt;
		&lt;td class="tabelatd2"&gt;45&lt;/td&gt;
		&lt;td class="tabelatd2"&gt;Tipo Cobranca&lt;/td&gt;
		&lt;td class="tabelatd2"&gt;10/10/2018&lt;/td&gt;
		&lt;td class="tabelatd2"&gt;110.00&lt;/td&gt;
		&lt;td class="tabelatd2"&gt;0.00&lt;/td&gt;
		&lt;td class="tabelatd2"&gt;Em aberto&lt;/td&gt;
		&lt;td class="tabelatd2"&gt;1-Fulano de Tal (652.392.539-00)&lt;/td&gt;
		&lt;td class="tabelatd2"&gt;1&lt;/td&gt;
		&lt;td class="tabelatd2"&gt;Patrimonial&lt;/td&gt;
&lt;th class="tabelatd2" border="1"&gt;&lt;a class="noPrint" href="?class=BaixarParcela&amp;id=45"&gt;[Baixar&amp;nbsp;parcela] &lt;/a&gt;&lt;a class="noPrint" href="?class=ImprimirParcela&amp;id=45"&gt;[Imprimir&amp;nbsp;parcela] &lt;/a&gt;&lt;/th&gt;
	&lt;/tr&gt;
	&lt;tr&gt;
		&lt;td class="tabelatd1"&gt;56&lt;/td&gt;
		&lt;td class="tabelatd1"&gt;Tipo Cobranca&lt;/td&gt;
		&lt;td class="tabelatd1"&gt;10/10/2018&lt;/td&gt;
		&lt;td class="tabelatd1"&gt;110.00&lt;/td&gt;
		&lt;td class="tabelatd1"&gt;0.00&lt;/td&gt;
		&lt;td class="tabelatd1"&gt;Em aberto&lt;/td&gt;
		&lt;td class="tabelatd1"&gt;1-Fulano de Tal (652.392.539-00)&lt;/td&gt;
		&lt;td class="tabelatd1"&gt;1&lt;/td&gt;
		&lt;td class="tabelatd1"&gt;Patrimonial&lt;/td&gt;
&lt;th class="tabelatd1" border="1"&gt;&lt;a class="noPrint" href="?class=BaixarParcela&amp;id=56"&gt;[Baixar&amp;nbsp;parcela] &lt;/a&gt;&lt;a class="noPrint" href="?class=ImprimirParcela&amp;id=56"&gt;[Imprimir&amp;nbsp;parcela] &lt;/a&gt;&lt;/th&gt;
	&lt;/tr&gt;
	&lt;tr&gt;
		&lt;td class="tabelatd2"&gt;69&lt;/td&gt;
		&lt;td class="tabelatd2"&gt;Tipo Cobranca&lt;/td&gt;
		&lt;td class="tabelatd2"&gt;10/10/2018&lt;/td&gt;
		&lt;td class="tabelatd2"&gt;110.00&lt;/td&gt;
		&lt;td class="tabelatd2"&gt;0.00&lt;/td&gt;
		&lt;td class="tabelatd2"&gt;Em aberto&lt;/td&gt;
		&lt;td class="tabelatd2"&gt;1-Fulano de Tal (652.392.539-00)&lt;/td&gt;
		&lt;td class="tabelatd2"&gt;1&lt;/td&gt;
		&lt;td class="tabelatd2"&gt;Patrimonial&lt;/td&gt;
&lt;th class="tabelatd2" border="1"&gt;&lt;a class="noPrint" href="?class=BaixarParcela&amp;id=69"&gt;[Baixar&amp;nbsp;parcela] &lt;/a&gt;&lt;a class="noPrint" href="?class=ImprimirParcela&amp;id=69"&gt;[Imprimir&amp;nbsp;parcela] &lt;/a&gt;&lt;/th&gt;
	&lt;/tr&gt;
	&lt;tr&gt;
		&lt;td class="tabelatd1"&gt;84&lt;/td&gt;
		&lt;td class="tabelatd1"&gt;Tipo Cobranca&lt;/td&gt;
		&lt;td class="tabelatd1"&gt;10/10/2018&lt;/td&gt;
		&lt;td class="tabelatd1"&gt;110.00&lt;/td&gt;
		&lt;td class="tabelatd1"&gt;0.00&lt;/td&gt;
		&lt;td class="tabelatd1"&gt;Em aberto&lt;/td&gt;
		&lt;td class="tabelatd1"&gt;1-Fulano de Tal (652.392.539-00)&lt;/td&gt;
		&lt;td class="tabelatd1"&gt;1&lt;/td&gt;
		&lt;td class="tabelatd1"&gt;Patrimonial&lt;/td&gt;
&lt;th class="tabelatd1" border="1"&gt;&lt;a class="noPrint" href="?class=BaixarParcela&amp;id=84"&gt;[Baixar&amp;nbsp;parcela] &lt;/a&gt;&lt;a class="noPrint" href="?class=ImprimirParcela&amp;id=84"&gt;[Imprimir&amp;nbsp;parcela] &lt;/a&gt;&lt;/th&gt;
	&lt;/tr&gt;
	&lt;tr&gt;
		&lt;td class="tabelatd2"&gt;100&lt;/td&gt;
		&lt;td class="tabelatd2"&gt;Tipo Cobranca&lt;/td&gt;
		&lt;td class="tabelatd2"&gt;10/10/2018&lt;/td&gt;
		&lt;td class="tabelatd2"&gt;110.00&lt;/td&gt;
		&lt;td class="tabelatd2"&gt;0.00&lt;/td&gt;
		&lt;td class="tabelatd2"&gt;Em aberto&lt;/td&gt;
		&lt;td class="tabelatd2"&gt;1-Fulano de Tal (652.392.539-00)&lt;/td&gt;
		&lt;td class="tabelatd2"&gt;1&lt;/td&gt;
		&lt;td class="tabelatd2"&gt;Patrimonial&lt;/td&gt;
&lt;th class="tabelatd2" border="1"&gt;&lt;a class="noPrint" href="?class=BaixarParcela&amp;id=100"&gt;[Baixar&amp;nbsp;parcela] &lt;/a&gt;&lt;a class="noPrint" href="?class=ImprimirParcela&amp;id=100"&gt;[Imprimir&amp;nbsp;parcela] &lt;/a&gt;&lt;/th&gt;
	&lt;/tr&gt;
	&lt;tr&gt;
		&lt;td class="tabelatd1"&gt;127&lt;/td&gt;
		&lt;td class="tabelatd1"&gt;Tipo Cobranca&lt;/td&gt;
		&lt;td class="tabelatd1"&gt;10/10/2018&lt;/td&gt;
		&lt;td class="tabelatd1"&gt;110.00&lt;/td&gt;
		&lt;td class="tabelatd1"&gt;0.00&lt;/td&gt;
		&lt;td class="tabelatd1"&gt;Em aberto&lt;/td&gt;
		&lt;td class="tabelatd1"&gt;1-Fulano de Tal (652.392.539-00)&lt;/td&gt;
		&lt;td class="tabelatd1"&gt;1&lt;/td&gt;
		&lt;td class="tabelatd1"&gt;Patrimonial&lt;/td&gt;
&lt;th class="tabelatd1" border="1"&gt;&lt;a class="noPrint" href="?class=BaixarParcela&amp;id=127"&gt;[Baixar&amp;nbsp;parcela] &lt;/a&gt;&lt;a class="noPrint" href="?class=ImprimirParcela&amp;id=127"&gt;[Imprimir&amp;nbsp;parcela] &lt;/a&gt;&lt;/th&gt;
	&lt;/tr&gt;
	&lt;tr&gt;
		&lt;td class="tabelatd2"&gt;151&lt;/td&gt;
		&lt;td class="tabelatd2"&gt;Tipo Cobranca&lt;/td&gt;
		&lt;td class="tabelatd2"&gt;10/10/2018&lt;/td&gt;
		&lt;td class="tabelatd2"&gt;110.00&lt;/td&gt;
		&lt;td class="tabelatd2"&gt;0.00&lt;/td&gt;
		&lt;td class="tabelatd2"&gt;Em aberto&lt;/td&gt;
		&lt;td class="tabelatd2"&gt;1-Fulano de Tal (652.392.539-00)&lt;/td&gt;
		&lt;td class="tabelatd2"&gt;1&lt;/td&gt;
		&lt;td class="tabelatd2"&gt;Patrimonial&lt;/td&gt;
&lt;th class="tabelatd2" border="1"&gt;&lt;a class="noPrint" href="?class=BaixarParcela&amp;id=151"&gt;[Baixar&amp;nbsp;parcela] &lt;/a&gt;&lt;a class="noPrint" href="?class=ImprimirParcela&amp;id=151"&gt;[Imprimir&amp;nbsp;parcela] &lt;/a&gt;&lt;/th&gt;
	&lt;/tr&gt;
	&lt;tr&gt;
		&lt;td class="tabelatd1"&gt;171&lt;/td&gt;
		&lt;td class="tabelatd1"&gt;Tipo Cobranca&lt;/td&gt;
		&lt;td class="tabelatd1"&gt;10/10/2018&lt;/td&gt;
		&lt;td class="tabelatd1"&gt;110.00&lt;/td&gt;
		&lt;td class="tabelatd1"&gt;0.00&lt;/td&gt;
		&lt;td class="tabelatd1"&gt;Em aberto&lt;/td&gt;
		&lt;td class="tabelatd1"&gt;1-Fulano de Tal (652.392.539-00)&lt;/td&gt;
		&lt;td class="tabelatd1"&gt;1&lt;/td&gt;
		&lt;td class="tabelatd1"&gt;Patrimonial&lt;/td&gt;
&lt;th class="tabelatd1" border="1"&gt;&lt;a class="noPrint" href="?class=BaixarParcela&amp;id=171"&gt;[Baixar&amp;nbsp;parcela] &lt;/a&gt;&lt;a class="noPrint" href="?class=ImprimirParcela&amp;id=171"&gt;[Imprimir&amp;nbsp;parcela] &lt;/a&gt;&lt;/th&gt;
	&lt;/tr&gt;
	&lt;tr&gt;
		&lt;td class="tabelatd2"&gt;191&lt;/td&gt;
		&lt;td class="tabelatd2"&gt;Tipo Cobranca&lt;/td&gt;
		&lt;td class="tabelatd2"&gt;10/10/2018&lt;/td&gt;
		&lt;td class="tabelatd2"&gt;110.00&lt;/td&gt;
		&lt;td class="tabelatd2"&gt;0.00&lt;/td&gt;
		&lt;td class="tabelatd2"&gt;Em aberto&lt;/td&gt;
		&lt;td class="tabelatd2"&gt;1-Fulano de Tal (652.392.539-00)&lt;/td&gt;
		&lt;td class="tabelatd2"&gt;1&lt;/td&gt;
		&lt;td class="tabelatd2"&gt;Patrimonial&lt;/td&gt;
&lt;th class="tabelatd2" border="1"&gt;&lt;a class="noPrint" href="?class=BaixarParcela&amp;id=191"&gt;[Baixar&amp;nbsp;parcela] &lt;/a&gt;&lt;a class="noPrint" href="?class=ImprimirParcela&amp;id=191"&gt;[Imprimir&amp;nbsp;parcela] &lt;/a&gt;&lt;/th&gt;
	&lt;/tr&gt;
	&lt;tr&gt;
		&lt;td class="tabelatd1"&gt;211&lt;/td&gt;
		&lt;td class="tabelatd1"&gt;Tipo Cobranca&lt;/td&gt;
		&lt;td class="tabelatd1"&gt;10/10/2018&lt;/td&gt;
		&lt;td class="tabelatd1"&gt;110.00&lt;/td&gt;
		&lt;td class="tabelatd1"&gt;0.00&lt;/td&gt;
		&lt;td class="tabelatd1"&gt;Em aberto&lt;/td&gt;
		&lt;td class="tabelatd1"&gt;1-Fulano de Tal (652.392.539-00)&lt;/td&gt;
		&lt;td class="tabelatd1"&gt;1&lt;/td&gt;
		&lt;td class="tabelatd1"&gt;Patrimonial&lt;/td&gt;
&lt;th class="tabelatd1" border="1"&gt;&lt;a class="noPrint" href="?class=BaixarParcela&amp;id=211"&gt;[Baixar&amp;nbsp;parcela] &lt;/a&gt;&lt;a class="noPrint" href="?class=ImprimirParcela&amp;id=211"&gt;[Imprimir&amp;nbsp;parcela] &lt;/a&gt;&lt;/th&gt;
	&lt;/tr&gt;
	&lt;tr&gt;
		&lt;td class="tabelatd2"&gt;234&lt;/td&gt;
		&lt;td class="tabelatd2"&gt;Tipo Cobranca&lt;/td&gt;
		&lt;td class="tabelatd2"&gt;10/10/2018&lt;/td&gt;
		&lt;td class="tabelatd2"&gt;110.00&lt;/td&gt;
		&lt;td class="tabelatd2"&gt;0.00&lt;/td&gt;
		&lt;td class="tabelatd2"&gt;Em aberto&lt;/td&gt;
		&lt;td class="tabelatd2"&gt;1-Fulano de Tal (652.392.539-00)&lt;/td&gt;
		&lt;td class="tabelatd2"&gt;1&lt;/td&gt;
		&lt;td class="tabelatd2"&gt;Patrimonial&lt;/td&gt;
&lt;th class="tabelatd2" border="1"&gt;&lt;a class="noPrint" href="?class=BaixarParcela&amp;id=234"&gt;[Baixar&amp;nbsp;parcela] &lt;/a&gt;&lt;a class="noPrint" href="?class=ImprimirParcela&amp;id=234"&gt;[Imprimir&amp;nbsp;parcela] &lt;/a&gt;&lt;/th&gt;
	&lt;/tr&gt;
	&lt;tr&gt;
		&lt;td class="tabelatd1"&gt;57&lt;/td&gt;
		&lt;td class="tabelatd1"&gt;Tipo Cobranca&lt;/td&gt;
		&lt;td class="tabelatd1"&gt;10/10/2018&lt;/td&gt;
		&lt;td class="tabelatd1"&gt;110.00&lt;/td&gt;
		&lt;td class="tabelatd1"&gt;0.00&lt;/td&gt;
		&lt;td class="tabelatd1"&gt;Em aberto&lt;/td&gt;
		&lt;td class="tabelatd1"&gt;1-Fulano de Tal (652.392.539-00)&lt;/td&gt;
		&lt;td class="tabelatd1"&gt;1&lt;/td&gt;
		&lt;td class="tabelatd1"&gt;Patrimonial&lt;/td&gt;
&lt;th class="tabelatd1" border="1"&gt;&lt;a class="noPrint" href="?class=BaixarParcela&amp;id=57"&gt;[Baixar&amp;nbsp;parcela] &lt;/a&gt;&lt;a class="noPrint" href="?class=ImprimirParcela&amp;id=57"&gt;[Imprimir&amp;nbsp;parcela] &lt;/a&gt;&lt;/th&gt;
	&lt;/tr&gt;
	&lt;tr&gt;
		&lt;td class="tabelatd2"&gt;70&lt;/td&gt;
		&lt;td class="tabelatd2"&gt;Tipo Cobranca&lt;/td&gt;
		&lt;td class="tabelatd2"&gt;10/10/2018&lt;/td&gt;
		&lt;td class="tabelatd2"&gt;110.00&lt;/td&gt;
		&lt;td class="tabelatd2"&gt;0.00&lt;/td&gt;
		&lt;td class="tabelatd2"&gt;Em aberto&lt;/td&gt;
		&lt;td class="tabelatd2"&gt;1-Fulano de Tal (652.392.539-00)&lt;/td&gt;
		&lt;td class="tabelatd2"&gt;1&lt;/td&gt;
		&lt;td class="tabelatd2"&gt;Patrimonial&lt;/td&gt;
&lt;th class="tabelatd2" border="1"&gt;&lt;a class="noPrint" href="?class=BaixarParcela&amp;id=70"&gt;[Baixar&amp;nbsp;parcela] &lt;/a&gt;&lt;a class="noPrint" href="?class=ImprimirParcela&amp;id=70"&gt;[Imprimir&amp;nbsp;parcela] &lt;/a&gt;&lt;/th&gt;
	&lt;/tr&gt;
	&lt;tr&gt;
		&lt;td class="tabelatd1"&gt;85&lt;/td&gt;
		&lt;td class="tabelatd1"&gt;Tipo Cobranca&lt;/td&gt;
		&lt;td class="tabelatd1"&gt;10/10/2018&lt;/td&gt;
		&lt;td class="tabelatd1"&gt;110.00&lt;/td&gt;
		&lt;td class="tabelatd1"&gt;0.00&lt;/td&gt;
		&lt;td class="tabelatd1"&gt;Em aberto&lt;/td&gt;
		&lt;td class="tabelatd1"&gt;1-Fulano de Tal (652.392.539-00)&lt;/td&gt;
		&lt;td class="tabelatd1"&gt;1&lt;/td&gt;
		&lt;td class="tabelatd1"&gt;Patrimonial&lt;/td&gt;
&lt;th class="tabelatd1" border="1"&gt;&lt;a class="noPrint" href="?class=BaixarParcela&amp;id=85"&gt;[Baixar&amp;nbsp;parcela] &lt;/a&gt;&lt;a class="noPrint" href="?class=ImprimirParcela&amp;id=85"&gt;[Imprimir&amp;nbsp;parcela] &lt;/a&gt;&lt;/th&gt;
	&lt;/tr&gt;
	&lt;tr&gt;
		&lt;td class="tabelatd2"&gt;101&lt;/td&gt;
		&lt;td class="tabelatd2"&gt;Tipo Cobranca&lt;/td&gt;
		&lt;td class="tabelatd2"&gt;10/10/2018&lt;/td&gt;
		&lt;td class="tabelatd2"&gt;110.00&lt;/td&gt;
		&lt;td class="tabelatd2"&gt;0.00&lt;/td&gt;
		&lt;td class="tabelatd2"&gt;Em aberto&lt;/td&gt;
		&lt;td class="tabelatd2"&gt;1-Fulano de Tal (652.392.539-00)&lt;/td&gt;
		&lt;td class="tabelatd2"&gt;1&lt;/td&gt;
		&lt;td class="tabelatd2"&gt;Patrimonial&lt;/td&gt;
&lt;th class="tabelatd2" border="1"&gt;&lt;a class="noPrint" href="?class=BaixarParcela&amp;id=101"&gt;[Baixar&amp;nbsp;parcela] &lt;/a&gt;&lt;a class="noPrint" href="?class=ImprimirParcela&amp;id=101"&gt;[Imprimir&amp;nbsp;parcela] &lt;/a&gt;&lt;/th&gt;
	&lt;/tr&gt;
	&lt;tr&gt;
		&lt;td class="tabelatd1"&gt;128&lt;/td&gt;
		&lt;td class="tabelatd1"&gt;Tipo Cobranca&lt;/td&gt;
		&lt;td class="tabelatd1"&gt;10/10/2018&lt;/td&gt;
		&lt;td class="tabelatd1"&gt;110.00&lt;/td&gt;
		&lt;td class="tabelatd1"&gt;0.00&lt;/td&gt;
		&lt;td class="tabelatd1"&gt;Em aberto&lt;/td&gt;
		&lt;td class="tabelatd1"&gt;1-Fulano de Tal (652.392.539-00)&lt;/td&gt;
		&lt;td class="tabelatd1"&gt;1&lt;/td&gt;
		&lt;td class="tabelatd1"&gt;Patrimonial&lt;/td&gt;
&lt;th class="tabelatd1" border="1"&gt;&lt;a class="noPrint" href="?class=BaixarParcela&amp;id=128"&gt;[Baixar&amp;nbsp;parcela] &lt;/a&gt;&lt;a class="noPrint" href="?class=ImprimirParcela&amp;id=128"&gt;[Imprimir&amp;nbsp;parcela] &lt;/a&gt;&lt;/th&gt;
	&lt;/tr&gt;
	&lt;tr&gt;
		&lt;td class="tabelatd2"&gt;152&lt;/td&gt;
		&lt;td class="tabelatd2"&gt;Tipo Cobranca&lt;/td&gt;
		&lt;td class="tabelatd2"&gt;10/10/2018&lt;/td&gt;
		&lt;td class="tabelatd2"&gt;110.00&lt;/td&gt;
		&lt;td class="tabelatd2"&gt;0.00&lt;/td&gt;
		&lt;td class="tabelatd2"&gt;Em aberto&lt;/td&gt;
		&lt;td class="tabelatd2"&gt;1-Fulano de Tal (652.392.539-00)&lt;/td&gt;
		&lt;td class="tabelatd2"&gt;1&lt;/td&gt;
		&lt;td class="tabelatd2"&gt;Patrimonial&lt;/td&gt;
&lt;th class="tabelatd2" border="1"&gt;&lt;a class="noPrint" href="?class=BaixarParcela&amp;id=152"&gt;[Baixar&amp;nbsp;parcela] &lt;/a&gt;&lt;a class="noPrint" href="?class=ImprimirParcela&amp;id=152"&gt;[Imprimir&amp;nbsp;parcela] &lt;/a&gt;&lt;/th&gt;
	&lt;/tr&gt;
	&lt;tr&gt;
		&lt;td class="tabelatd1"&gt;172&lt;/td&gt;
		&lt;td class="tabelatd1"&gt;Tipo Cobranca&lt;/td&gt;
		&lt;td class="tabelatd1"&gt;10/10/2018&lt;/td&gt;
		&lt;td class="tabelatd1"&gt;110.00&lt;/td&gt;
		&lt;td class="tabelatd1"&gt;0.00&lt;/td&gt;
		&lt;td class="tabelatd1"&gt;Em aberto&lt;/td&gt;
		&lt;td class="tabelatd1"&gt;1-Fulano de Tal (652.392.539-00)&lt;/td&gt;
		&lt;td class="tabelatd1"&gt;1&lt;/td&gt;
		&lt;td class="tabelatd1"&gt;Patrimonial&lt;/td&gt;
&lt;th class="tabelatd1" border="1"&gt;&lt;a class="noPrint" href="?class=BaixarParcela&amp;id=172"&gt;[Baixar&amp;nbsp;parcela] &lt;/a&gt;&lt;a class="noPrint" href="?class=ImprimirParcela&amp;id=172"&gt;[Imprimir&amp;nbsp;parcela] &lt;/a&gt;&lt;/th&gt;
	&lt;/tr&gt;
	&lt;tr&gt;
		&lt;td class="tabelatd2"&gt;192&lt;/td&gt;
		&lt;td class="tabelatd2"&gt;Tipo Cobranca&lt;/td&gt;
		&lt;td class="tabelatd2"&gt;10/10/2018&lt;/td&gt;
		&lt;td class="tabelatd2"&gt;110.00&lt;/td&gt;
		&lt;td class="tabelatd2"&gt;0.00&lt;/td&gt;
		&lt;td class="tabelatd2"&gt;Em aberto&lt;/td&gt;
		&lt;td class="tabelatd2"&gt;1-Fulano de Tal (652.392.539-00)&lt;/td&gt;
		&lt;td class="tabelatd2"&gt;1&lt;/td&gt;
		&lt;td class="tabelatd2"&gt;Patrimonial&lt;/td&gt;
&lt;th class="tabelatd2" border="1"&gt;&lt;a class="noPrint" href="?class=BaixarParcela&amp;id=192"&gt;[Baixar&amp;nbsp;parcela] &lt;/a&gt;&lt;a class="noPrint" href="?class=ImprimirParcela&amp;id=192"&gt;[Imprimir&amp;nbsp;parcela] &lt;/a&gt;&lt;/th&gt;
	&lt;/tr&gt;
	&lt;tr&gt;
		&lt;td class="tabelatd1"&gt;212&lt;/td&gt;
		&lt;td class="tabelatd1"&gt;Tipo Cobranca&lt;/td&gt;
		&lt;td class="tabelatd1"&gt;10/10/2018&lt;/td&gt;
		&lt;td class="tabelatd1"&gt;110.00&lt;/td&gt;
		&lt;td class="tabelatd1"&gt;0.00&lt;/td&gt;
		&lt;td class="tabelatd1"&gt;Em aberto&lt;/td&gt;
		&lt;td class="tabelatd1"&gt;1-Fulano de Tal (652.392.539-00)&lt;/td&gt;
		&lt;td class="tabelatd1"&gt;1&lt;/td&gt;
		&lt;td class="tabelatd1"&gt;Patrimonial&lt;/td&gt;
&lt;th class="tabelatd1" border="1"&gt;&lt;a class="noPrint" href="?class=BaixarParcela&amp;id=212"&gt;[Baixar&amp;nbsp;parcela] &lt;/a&gt;&lt;a class="noPrint" href="?class=ImprimirParcela&amp;id=212"&gt;[Imprimir&amp;nbsp;parcela] &lt;/a&gt;&lt;/th&gt;
	&lt;/tr&gt;
	&lt;tr&gt;
		&lt;td class="tabelatd2"&gt;235&lt;/td&gt;
		&lt;td class="tabelatd2"&gt;Tipo Cobranca&lt;/td&gt;
		&lt;td class="tabelatd2"&gt;10/10/2018&lt;/td&gt;
		&lt;td class="tabelatd2"&gt;110.00&lt;/td&gt;
		&lt;td class="tabelatd2"&gt;0.00&lt;/td&gt;
		&lt;td class="tabelatd2"&gt;Em aberto&lt;/td&gt;
		&lt;td class="tabelatd2"&gt;1-Fulano de Tal (652.392.539-00)&lt;/td&gt;
		&lt;td class="tabelatd2"&gt;1&lt;/td&gt;
		&lt;td class="tabelatd2"&gt;Patrimonial&lt;/td&gt;
&lt;th class="tabelatd2" border="1"&gt;&lt;a class="noPrint" href="?class=BaixarParcela&amp;id=235"&gt;[Baixar&amp;nbsp;parcela] &lt;/a&gt;&lt;a class="noPrint" href="?class=ImprimirParcela&amp;id=235"&gt;[Imprimir&amp;nbsp;parcela] &lt;/a&gt;&lt;/th&gt;
	&lt;/tr&gt;
	&lt;tr&gt;
		&lt;td class="tabelatd1"&gt;71&lt;/td&gt;
		&lt;td class="tabelatd1"&gt;Tipo Cobranca&lt;/td&gt;
		&lt;td class="tabelatd1"&gt;10/10/2018&lt;/td&gt;
		&lt;td class="tabelatd1"&gt;110.00&lt;/td&gt;
		&lt;td class="tabelatd1"&gt;0.00&lt;/td&gt;
		&lt;td class="tabelatd1"&gt;Em aberto&lt;/td&gt;
		&lt;td class="tabelatd1"&gt;1-Fulano de Tal (652.392.539-00)&lt;/td&gt;
		&lt;td class="tabelatd1"&gt;1&lt;/td&gt;
		&lt;td class="tabelatd1"&gt;Patrimonial&lt;/td&gt;
&lt;th class="tabelatd1" border="1"&gt;&lt;a class="noPrint" href="?class=BaixarParcela&amp;id=71"&gt;[Baixar&amp;nbsp;parcela] &lt;/a&gt;&lt;a class="noPrint" href="?class=ImprimirParcela&amp;id=71"&gt;[Imprimir&amp;nbsp;parcela] &lt;/a&gt;&lt;/th&gt;
	&lt;/tr&gt;
	&lt;tr&gt;
		&lt;td class="tabelatd2"&gt;86&lt;/td&gt;
		&lt;td class="tabelatd2"&gt;Tipo Cobranca&lt;/td&gt;
		&lt;td class="tabelatd2"&gt;10/10/2018&lt;/td&gt;
		&lt;td class="tabelatd2"&gt;110.00&lt;/td&gt;
		&lt;td class="tabelatd2"&gt;0.00&lt;/td&gt;
		&lt;td class="tabelatd2"&gt;Em aberto&lt;/td&gt;
		&lt;td class="tabelatd2"&gt;1-Fulano de Tal (652.392.539-00)&lt;/td&gt;
		&lt;td class="tabelatd2"&gt;1&lt;/td&gt;
		&lt;td class="tabelatd2"&gt;Patrimonial&lt;/td&gt;
&lt;th class="tabelatd2" border="1"&gt;&lt;a class="noPrint" href="?class=BaixarParcela&amp;id=86"&gt;[Baixar&amp;nbsp;parcela] &lt;/a&gt;&lt;a class="noPrint" href="?class=ImprimirParcela&amp;id=86"&gt;[Imprimir&amp;nbsp;parcela] &lt;/a&gt;&lt;/th&gt;
	&lt;/tr&gt;
	&lt;tr&gt;
		&lt;td class="tabelatd1"&gt;102&lt;/td&gt;
		&lt;td class="tabelatd1"&gt;Tipo Cobranca&lt;/td&gt;
		&lt;td class="tabelatd1"&gt;10/10/2018&lt;/td&gt;
		&lt;td class="tabelatd1"&gt;110.00&lt;/td&gt;
		&lt;td class="tabelatd1"&gt;0.00&lt;/td&gt;
		&lt;td class="tabelatd1"&gt;Em aberto&lt;/td&gt;
		&lt;td class="tabelatd1"&gt;1-Fulano de Tal (652.392.539-00)&lt;/td&gt;
		&lt;td class="tabelatd1"&gt;1&lt;/td&gt;
		&lt;td class="tabelatd1"&gt;Patrimonial&lt;/td&gt;
&lt;th class="tabelatd1" border="1"&gt;&lt;a class="noPrint" href="?class=BaixarParcela&amp;id=102"&gt;[Baixar&amp;nbsp;parcela] &lt;/a&gt;&lt;a class="noPrint" href="?class=ImprimirParcela&amp;id=102"&gt;[Imprimir&amp;nbsp;parcela] &lt;/a&gt;&lt;/th&gt;
	&lt;/tr&gt;
	&lt;tr&gt;
		&lt;td class="tabelatd2"&gt;129&lt;/td&gt;
		&lt;td class="tabelatd2"&gt;Tipo Cobranca&lt;/td&gt;
		&lt;td class="tabelatd2"&gt;10/10/2018&lt;/td&gt;
		&lt;td class="tabelatd2"&gt;110.00&lt;/td&gt;
		&lt;td class="tabelatd2"&gt;0.00&lt;/td&gt;
		&lt;td class="tabelatd2"&gt;Em aberto&lt;/td&gt;
		&lt;td class="tabelatd2"&gt;1-Fulano de Tal (652.392.539-00)&lt;/td&gt;
		&lt;td class="tabelatd2"&gt;1&lt;/td&gt;
		&lt;td class="tabelatd2"&gt;Patrimonial&lt;/td&gt;
&lt;th class="tabelatd2" border="1"&gt;&lt;a class="noPrint" href="?class=BaixarParcela&amp;id=129"&gt;[Baixar&amp;nbsp;parcela] &lt;/a&gt;&lt;a class="noPrint" href="?class=ImprimirParcela&amp;id=129"&gt;[Imprimir&amp;nbsp;parcela] &lt;/a&gt;&lt;/th&gt;
	&lt;/tr&gt;
	&lt;tr&gt;
		&lt;td class="tabelatd1"&gt;153&lt;/td&gt;
		&lt;td class="tabelatd1"&gt;Tipo Cobranca&lt;/td&gt;
		&lt;td class="tabelatd1"&gt;10/10/2018&lt;/td&gt;
		&lt;td class="tabelatd1"&gt;110.00&lt;/td&gt;
		&lt;td class="tabelatd1"&gt;0.00&lt;/td&gt;
		&lt;td class="tabelatd1"&gt;Em aberto&lt;/td&gt;
		&lt;td class="tabelatd1"&gt;1-Fulano de Tal (652.392.539-00)&lt;/td&gt;
		&lt;td class="tabelatd1"&gt;1&lt;/td&gt;
		&lt;td class="tabelatd1"&gt;Patrimonial&lt;/td&gt;
&lt;th class="tabelatd1" border="1"&gt;&lt;a class="noPrint" href="?class=BaixarParcela&amp;id=153"&gt;[Baixar&amp;nbsp;parcela] &lt;/a&gt;&lt;a class="noPrint" href="?class=ImprimirParcela&amp;id=153"&gt;[Imprimir&amp;nbsp;parcela] &lt;/a&gt;&lt;/th&gt;
	&lt;/tr&gt;
	&lt;tr&gt;
		&lt;td class="tabelatd2"&gt;173&lt;/td&gt;
		&lt;td class="tabelatd2"&gt;Tipo Cobranca&lt;/td&gt;
		&lt;td class="tabelatd2"&gt;10/10/2018&lt;/td&gt;
		&lt;td class="tabelatd2"&gt;110.00&lt;/td&gt;
		&lt;td class="tabelatd2"&gt;0.00&lt;/td&gt;
		&lt;td class="tabelatd2"&gt;Em aberto&lt;/td&gt;
		&lt;td class="tabelatd2"&gt;1-Fulano de Tal (652.392.539-00)&lt;/td&gt;
		&lt;td class="tabelatd2"&gt;1&lt;/td&gt;
		&lt;td class="tabelatd2"&gt;Patrimonial&lt;/td&gt;
&lt;th class="tabelatd2" border="1"&gt;&lt;a class="noPrint" href="?class=BaixarParcela&amp;id=173"&gt;[Baixar&amp;nbsp;parcela] &lt;/a&gt;&lt;a class="noPrint" href="?class=ImprimirParcela&amp;id=173"&gt;[Imprimir&amp;nbsp;parcela] &lt;/a&gt;&lt;/th&gt;
	&lt;/tr&gt;
	&lt;tr&gt;
		&lt;td class="tabelatd1"&gt;193&lt;/td&gt;
		&lt;td class="tabelatd1"&gt;Tipo Cobranca&lt;/td&gt;
		&lt;td class="tabelatd1"&gt;10/10/2018&lt;/td&gt;
		&lt;td class="tabelatd1"&gt;110.00&lt;/td&gt;
		&lt;td class="tabelatd1"&gt;0.00&lt;/td&gt;
		&lt;td class="tabelatd1"&gt;Em aberto&lt;/td&gt;
		&lt;td class="tabelatd1"&gt;1-Fulano de Tal (652.392.539-00)&lt;/td&gt;
		&lt;td class="tabelatd1"&gt;1&lt;/td&gt;
		&lt;td class="tabelatd1"&gt;Patrimonial&lt;/td&gt;
&lt;th class="tabelatd1" border="1"&gt;&lt;a class="noPrint" href="?class=BaixarParcela&amp;id=193"&gt;[Baixar&amp;nbsp;parcela] &lt;/a&gt;&lt;a class="noPrint" href="?class=ImprimirParcela&amp;id=193"&gt;[Imprimir&amp;nbsp;parcela] &lt;/a&gt;&lt;/th&gt;
	&lt;/tr&gt;
	&lt;tr&gt;
		&lt;td class="tabelatd2"&gt;213&lt;/td&gt;
		&lt;td class="tabelatd2"&gt;Tipo Cobranca&lt;/td&gt;
		&lt;td class="tabelatd2"&gt;10/10/2018&lt;/td&gt;
		&lt;td class="tabelatd2"&gt;110.00&lt;/td&gt;
		&lt;td class="tabelatd2"&gt;0.00&lt;/td&gt;
		&lt;td class="tabelatd2"&gt;Em aberto&lt;/td&gt;
		&lt;td class="tabelatd2"&gt;1-Fulano de Tal (652.392.539-00)&lt;/td&gt;
		&lt;td class="tabelatd2"&gt;1&lt;/td&gt;
		&lt;td class="tabelatd2"&gt;Patrimonial&lt;/td&gt;
&lt;th class="tabelatd2" border="1"&gt;&lt;a class="noPrint" href="?class=BaixarParcela&amp;id=213"&gt;[Baixar&amp;nbsp;parcela] &lt;/a&gt;&lt;a class="noPrint" href="?class=ImprimirParcela&amp;id=213"&gt;[Imprimir&amp;nbsp;parcela] &lt;/a&gt;&lt;/th&gt;
	&lt;/tr&gt;
	&lt;tr&gt;
		&lt;td class="tabelatd1"&gt;236&lt;/td&gt;
		&lt;td class="tabelatd1"&gt;Tipo Cobranca&lt;/td&gt;
		&lt;td class="tabelatd1"&gt;10/10/2018&lt;/td&gt;
		&lt;td class="tabelatd1"&gt;110.00&lt;/td&gt;
		&lt;td class="tabelatd1"&gt;0.00&lt;/td&gt;
		&lt;td class="tabelatd1"&gt;Em aberto&lt;/td&gt;
		&lt;td class="tabelatd1"&gt;1-Fulano de Tal (652.392.539-00)&lt;/td&gt;
		&lt;td class="tabelatd1"&gt;1&lt;/td&gt;
		&lt;td class="tabelatd1"&gt;Patrimonial&lt;/td&gt;
&lt;th class="tabelatd1" border="1"&gt;&lt;a class="noPrint" href="?class=BaixarParcela&amp;id=236"&gt;[Baixar&amp;nbsp;parcela] &lt;/a&gt;&lt;a class="noPrint" href="?class=ImprimirParcela&amp;id=236"&gt;[Imprimir&amp;nbsp;parcela] &lt;/a&gt;&lt;/th&gt;
	&lt;/tr&gt;
	&lt;tr&gt;
		&lt;td class="tabelatd2"&gt;87&lt;/td&gt;
		&lt;td class="tabelatd2"&gt;Tipo Cobranca&lt;/td&gt;
		&lt;td class="tabelatd2"&gt;10/10/2018&lt;/td&gt;
		&lt;td class="tabelatd2"&gt;110.00&lt;/td&gt;
		&lt;td class="tabelatd2"&gt;0.00&lt;/td&gt;
		&lt;td class="tabelatd2"&gt;Em aberto&lt;/td&gt;
		&lt;td class="tabelatd2"&gt;1-Fulano de Tal (652.392.539-00)&lt;/td&gt;
		&lt;td class="tabelatd2"&gt;1&lt;/td&gt;
		&lt;td class="tabelatd2"&gt;Patrimonial&lt;/td&gt;
&lt;th class="tabelatd2" border="1"&gt;&lt;a class="noPrint" href="?class=BaixarParcela&amp;id=87"&gt;[Baixar&amp;nbsp;parcela] &lt;/a&gt;&lt;a class="noPrint" href="?class=ImprimirParcela&amp;id=87"&gt;[Imprimir&amp;nbsp;parcela] &lt;/a&gt;&lt;/th&gt;
	&lt;/tr&gt;
	&lt;tr&gt;
		&lt;td class="tabelatd1"&gt;103&lt;/td&gt;
		&lt;td class="tabelatd1"&gt;Tipo Cobranca&lt;/td&gt;
		&lt;td class="tabelatd1"&gt;10/10/2018&lt;/td&gt;
		&lt;td class="tabelatd1"&gt;110.00&lt;/td&gt;
		&lt;td class="tabelatd1"&gt;0.00&lt;/td&gt;
		&lt;td class="tabelatd1"&gt;Em aberto&lt;/td&gt;
		&lt;td class="tabelatd1"&gt;1-Fulano de Tal (652.392.539-00)&lt;/td&gt;
		&lt;td class="tabelatd1"&gt;1&lt;/td&gt;
		&lt;td class="tabelatd1"&gt;Patrimonial&lt;/td&gt;
&lt;th class="tabelatd1" border="1"&gt;&lt;a class="noPrint" href="?class=BaixarParcela&amp;id=103"&gt;[Baixar&amp;nbsp;parcela] &lt;/a&gt;&lt;a class="noPrint" href="?class=ImprimirParcela&amp;id=103"&gt;[Imprimir&amp;nbsp;parcela] &lt;/a&gt;&lt;/th&gt;
	&lt;/tr&gt;
	&lt;tr&gt;
		&lt;td class="tabelatd2"&gt;130&lt;/td&gt;
		&lt;td class="tabelatd2"&gt;Tipo Cobranca&lt;/td&gt;
		&lt;td class="tabelatd2"&gt;10/10/2018&lt;/td&gt;
		&lt;td class="tabelatd2"&gt;110.00&lt;/td&gt;
		&lt;td class="tabelatd2"&gt;0.00&lt;/td&gt;
		&lt;td class="tabelatd2"&gt;Em aberto&lt;/td&gt;
		&lt;td class="tabelatd2"&gt;1-Fulano de Tal (652.392.539-00)&lt;/td&gt;
		&lt;td class="tabelatd2"&gt;1&lt;/td&gt;
		&lt;td class="tabelatd2"&gt;Patrimonial&lt;/td&gt;
&lt;th class="tabelatd2" border="1"&gt;&lt;a class="noPrint" href="?class=BaixarParcela&amp;id=130"&gt;[Baixar&amp;nbsp;parcela] &lt;/a&gt;&lt;a class="noPrint" href="?class=ImprimirParcela&amp;id=130"&gt;[Imprimir&amp;nbsp;parcela] &lt;/a&gt;&lt;/th&gt;
	&lt;/tr&gt;
	&lt;tr&gt;
		&lt;td class="tabelatd1"&gt;154&lt;/td&gt;
		&lt;td class="tabelatd1"&gt;Tipo Cobranca&lt;/td&gt;
		&lt;td class="tabelatd1"&gt;10/10/2018&lt;/td&gt;
		&lt;td class="tabelatd1"&gt;110.00&lt;/td&gt;
		&lt;td class="tabelatd1"&gt;0.00&lt;/td&gt;
		&lt;td class="tabelatd1"&gt;Em aberto&lt;/td&gt;
		&lt;td class="tabelatd1"&gt;1-Fulano de Tal (652.392.539-00)&lt;/td&gt;
		&lt;td class="tabelatd1"&gt;1&lt;/td&gt;
		&lt;td class="tabelatd1"&gt;Patrimonial&lt;/td&gt;
&lt;th class="tabelatd1" border="1"&gt;&lt;a class="noPrint" href="?class=BaixarParcela&amp;id=154"&gt;[Baixar&amp;nbsp;parcela] &lt;/a&gt;&lt;a class="noPrint" href="?class=ImprimirParcela&amp;id=154"&gt;[Imprimir&amp;nbsp;parcela] &lt;/a&gt;&lt;/th&gt;
	&lt;/tr&gt;
	&lt;tr&gt;
		&lt;td class="tabelatd2"&gt;174&lt;/td&gt;
		&lt;td class="tabelatd2"&gt;Tipo Cobranca&lt;/td&gt;
		&lt;td class="tabelatd2"&gt;10/10/2018&lt;/td&gt;
		&lt;td class="tabelatd2"&gt;110.00&lt;/td&gt;
		&lt;td class="tabelatd2"&gt;0.00&lt;/td&gt;
		&lt;td class="tabelatd2"&gt;Em aberto&lt;/td&gt;
		&lt;td class="tabelatd2"&gt;1-Fulano de Tal (652.392.539-00)&lt;/td&gt;
		&lt;td class="tabelatd2"&gt;1&lt;/td&gt;
		&lt;td class="tabelatd2"&gt;Patrimonial&lt;/td&gt;
&lt;th class="tabelatd2" border="1"&gt;&lt;a class="noPrint" href="?class=BaixarParcela&amp;id=174"&gt;[Baixar&amp;nbsp;parcela] &lt;/a&gt;&lt;a class="noPrint" href="?class=ImprimirParcela&amp;id=174"&gt;[Imprimir&amp;nbsp;parcela] &lt;/a&gt;&lt;/th&gt;
	&lt;/tr&gt;
	&lt;tr&gt;
		&lt;td class="tabelatd1"&gt;194&lt;/td&gt;
		&lt;td class="tabelatd1"&gt;Tipo Cobranca&lt;/td&gt;
		&lt;td class="tabelatd1"&gt;10/10/2018&lt;/td&gt;
		&lt;td class="tabelatd1"&gt;110.00&lt;/td&gt;
		&lt;td class="tabelatd1"&gt;0.00&lt;/td&gt;
		&lt;td class="tabelatd1"&gt;Em aberto&lt;/td&gt;
		&lt;td class="tabelatd1"&gt;1-Fulano de Tal (652.392.539-00)&lt;/td&gt;
		&lt;td class="tabelatd1"&gt;1&lt;/td&gt;
		&lt;td class="tabelatd1"&gt;Patrimonial&lt;/td&gt;
&lt;th class="tabelatd1" border="1"&gt;&lt;a class="noPrint" href="?class=BaixarParcela&amp;id=194"&gt;[Baixar&amp;nbsp;parcela] &lt;/a&gt;&lt;a class="noPrint" href="?class=ImprimirParcela&amp;id=194"&gt;[Imprimir&amp;nbsp;parcela] &lt;/a&gt;&lt;/th&gt;
	&lt;/tr&gt;
	&lt;tr&gt;
		&lt;td class="tabelatd2"&gt;214&lt;/td&gt;
		&lt;td class="tabelatd2"&gt;Tipo Cobranca&lt;/td&gt;
		&lt;td class="tabelatd2"&gt;10/10/2018&lt;/td&gt;
		&lt;td class="tabelatd2"&gt;110.00&lt;/td&gt;
		&lt;td class="tabelatd2"&gt;0.00&lt;/td&gt;
		&lt;td class="tabelatd2"&gt;Em aberto&lt;/td&gt;
		&lt;td class="tabelatd2"&gt;1-Fulano de Tal (652.392.539-00)&lt;/td&gt;
		&lt;td class="tabelatd2"&gt;1&lt;/td&gt;
		&lt;td class="tabelatd2"&gt;Patrimonial&lt;/td&gt;
&lt;th class="tabelatd2" border="1"&gt;&lt;a class="noPrint" href="?class=BaixarParcela&amp;id=214"&gt;[Baixar&amp;nbsp;parcela] &lt;/a&gt;&lt;a class="noPrint" href="?class=ImprimirParcela&amp;id=214"&gt;[Imprimir&amp;nbsp;parcela] &lt;/a&gt;&lt;/th&gt;
	&lt;/tr&gt;
	&lt;tr&gt;
		&lt;td class="tabelatd1"&gt;237&lt;/td&gt;
		&lt;td class="tabelatd1"&gt;Tipo Cobranca&lt;/td&gt;
		&lt;td class="tabelatd1"&gt;10/10/2018&lt;/td&gt;
		&lt;td class="tabelatd1"&gt;110.00&lt;/td&gt;
		&lt;td class="tabelatd1"&gt;0.00&lt;/td&gt;
		&lt;td class="tabelatd1"&gt;Em aberto&lt;/td&gt;
		&lt;td class="tabelatd1"&gt;1-Fulano de Tal (652.392.539-00)&lt;/td&gt;
		&lt;td class="tabelatd1"&gt;1&lt;/td&gt;
		&lt;td class="tabelatd1"&gt;Patrimonial&lt;/td&gt;
&lt;th class="tabelatd1" border="1"&gt;&lt;a class="noPrint" href="?class=BaixarParcela&amp;id=237"&gt;[Baixar&amp;nbsp;parcela] &lt;/a&gt;&lt;a class="noPrint" href="?class=ImprimirParcela&amp;id=237"&gt;[Imprimir&amp;nbsp;parcela] &lt;/a&gt;&lt;/th&gt;
	&lt;/tr&gt;
	&lt;tr&gt;
		&lt;td class="tabelatd2"&gt;131&lt;/td&gt;
		&lt;td class="tabelatd2"&gt;Tipo Cobranca&lt;/td&gt;
		&lt;td class="tabelatd2"&gt;10/10/2018&lt;/td&gt;
		&lt;td class="tabelatd2"&gt;110.00&lt;/td&gt;
		&lt;td class="tabelatd2"&gt;0.00&lt;/td&gt;
		&lt;td class="tabelatd2"&gt;Em aberto&lt;/td&gt;
		&lt;td class="tabelatd2"&gt;1-Fulano de Tal (652.392.539-00)&lt;/td&gt;
		&lt;td class="tabelatd2"&gt;1&lt;/td&gt;
		&lt;td class="tabelatd2"&gt;Patrimonial&lt;/td&gt;
&lt;th class="tabelatd2" border="1"&gt;&lt;a class="noPrint" href="?class=BaixarParcela&amp;id=131"&gt;[Baixar&amp;nbsp;parcela] &lt;/a&gt;&lt;a class="noPrint" href="?class=ImprimirParcela&amp;id=131"&gt;[Imprimir&amp;nbsp;parcela] &lt;/a&gt;&lt;/th&gt;
	&lt;/tr&gt;
	&lt;tr&gt;
		&lt;td class="tabelatd1"&gt;155&lt;/td&gt;
		&lt;td class="tabelatd1"&gt;Tipo Cobranca&lt;/td&gt;
		&lt;td class="tabelatd1"&gt;10/10/2018&lt;/td&gt;
		&lt;td class="tabelatd1"&gt;110.00&lt;/td&gt;
		&lt;td class="tabelatd1"&gt;0.00&lt;/td&gt;
		&lt;td class="tabelatd1"&gt;Em aberto&lt;/td&gt;
		&lt;td class="tabelatd1"&gt;1-Fulano de Tal (652.392.539-00)&lt;/td&gt;
		&lt;td class="tabelatd1"&gt;1&lt;/td&gt;
		&lt;td class="tabelatd1"&gt;Patrimonial&lt;/td&gt;
&lt;th class="tabelatd1" border="1"&gt;&lt;a class="noPrint" href="?class=BaixarParcela&amp;id=155"&gt;[Baixar&amp;nbsp;parcela] &lt;/a&gt;&lt;a class="noPrint" href="?class=ImprimirParcela&amp;id=155"&gt;[Imprimir&amp;nbsp;parcela] &lt;/a&gt;&lt;/th&gt;
	&lt;/tr&gt;
	&lt;tr&gt;
		&lt;td class="tabelatd2"&gt;175&lt;/td&gt;
		&lt;td class="tabelatd2"&gt;Tipo Cobranca&lt;/td&gt;
		&lt;td class="tabelatd2"&gt;10/10/2018&lt;/td&gt;
		&lt;td class="tabelatd2"&gt;110.00&lt;/td&gt;
		&lt;td class="tabelatd2"&gt;0.00&lt;/td&gt;
		&lt;td class="tabelatd2"&gt;Em aberto&lt;/td&gt;
		&lt;td class="tabelatd2"&gt;1-Fulano de Tal (652.392.539-00)&lt;/td&gt;
		&lt;td class="tabelatd2"&gt;1&lt;/td&gt;
		&lt;td class="tabelatd2"&gt;Patrimonial&lt;/td&gt;
&lt;th class="tabelatd2" border="1"&gt;&lt;a class="noPrint" href="?class=BaixarParcela&amp;id=175"&gt;[Baixar&amp;nbsp;parcela] &lt;/a&gt;&lt;a class="noPrint" href="?class=ImprimirParcela&amp;id=175"&gt;[Imprimir&amp;nbsp;parcela] &lt;/a&gt;&lt;/th&gt;
	&lt;/tr&gt;
	&lt;tr&gt;
		&lt;td class="tabelatd1"&gt;195&lt;/td&gt;
		&lt;td class="tabelatd1"&gt;Tipo Cobranca&lt;/td&gt;
		&lt;td class="tabelatd1"&gt;10/10/2018&lt;/td&gt;
		&lt;td class="tabelatd1"&gt;110.00&lt;/td&gt;
		&lt;td class="tabelatd1"&gt;0.00&lt;/td&gt;
		&lt;td class="tabelatd1"&gt;Em aberto&lt;/td&gt;
		&lt;td class="tabelatd1"&gt;1-Fulano de Tal (652.392.539-00)&lt;/td&gt;
		&lt;td class="tabelatd1"&gt;1&lt;/td&gt;
		&lt;td class="tabelatd1"&gt;Patrimonial&lt;/td&gt;
&lt;th class="tabelatd1" border="1"&gt;&lt;a class="noPrint" href="?class=BaixarParcela&amp;id=195"&gt;[Baixar&amp;nbsp;parcela] &lt;/a&gt;&lt;a class="noPrint" href="?class=ImprimirParcela&amp;id=195"&gt;[Imprimir&amp;nbsp;parcela] &lt;/a&gt;&lt;/th&gt;
	&lt;/tr&gt;
	&lt;tr&gt;
		&lt;td class="tabelatd2"&gt;215&lt;/td&gt;
		&lt;td class="tabelatd2"&gt;Tipo Cobranca&lt;/td&gt;
		&lt;td class="tabelatd2"&gt;10/10/2018&lt;/td&gt;
		&lt;td class="tabelatd2"&gt;110.00&lt;/td&gt;
		&lt;td class="tabelatd2"&gt;0.00&lt;/td&gt;
		&lt;td class="tabelatd2"&gt;Em aberto&lt;/td&gt;
		&lt;td class="tabelatd2"&gt;1-Fulano de Tal (652.392.539-00)&lt;/td&gt;
		&lt;td class="tabelatd2"&gt;1&lt;/td&gt;
		&lt;td class="tabelatd2"&gt;Patrimonial&lt;/td&gt;
&lt;th class="tabelatd2" border="1"&gt;&lt;a class="noPrint" href="?class=BaixarParcela&amp;id=215"&gt;[Baixar&amp;nbsp;parcela] &lt;/a&gt;&lt;a class="noPrint" href="?class=ImprimirParcela&amp;id=215"&gt;[Imprimir&amp;nbsp;parcela] &lt;/a&gt;&lt;/th&gt;
	&lt;/tr&gt;
	&lt;tr&gt;
		&lt;td class="tabelatd1"&gt;238&lt;/td&gt;
		&lt;td class="tabelatd1"&gt;Tipo Cobranca&lt;/td&gt;
		&lt;td class="tabelatd1"&gt;10/10/2018&lt;/td&gt;
		&lt;td class="tabelatd1"&gt;110.00&lt;/td&gt;
		&lt;td class="tabelatd1"&gt;0.00&lt;/td&gt;
		&lt;td class="tabelatd1"&gt;Em aberto&lt;/td&gt;
		&lt;td class="tabelatd1"&gt;1-Fulano de Tal (652.392.539-00)&lt;/td&gt;
		&lt;td class="tabelatd1"&gt;1&lt;/td&gt;
		&lt;td class="tabelatd1"&gt;Patrimonial&lt;/td&gt;
&lt;th class="tabelatd1" border="1"&gt;&lt;a class="noPrint" href="?class=BaixarParcela&amp;id=238"&gt;[Baixar&amp;nbsp;parcela] &lt;/a&gt;&lt;a class="noPrint" href="?class=ImprimirParcela&amp;id=238"&gt;[Imprimir&amp;nbsp;parcela] &lt;/a&gt;&lt;/th&gt;
	&lt;/tr&gt;
	&lt;tr&gt;
		&lt;td class="tabelatd2"&gt;156&lt;/td&gt;
		&lt;td class="tabelatd2"&gt;Tipo Cobranca&lt;/td&gt;
		&lt;td class="tabelatd2"&gt;10/10/2018&lt;/td&gt;
		&lt;td class="tabelatd2"&gt;110.00&lt;/td&gt;
		&lt;td class="tabelatd2"&gt;0.00&lt;/td&gt;
		&lt;td class="tabelatd2"&gt;Em aberto&lt;/td&gt;
		&lt;td class="tabelatd2"&gt;1-Fulano de Tal (652.392.539-00)&lt;/td&gt;
		&lt;td class="tabelatd2"&gt;1&lt;/td&gt;
		&lt;td class="tabelatd2"&gt;Patrimonial&lt;/td&gt;
&lt;th class="tabelatd2" border="1"&gt;&lt;a class="noPrint" href="?class=BaixarParcela&amp;id=156"&gt;[Baixar&amp;nbsp;parcela] &lt;/a&gt;&lt;a class="noPrint" href="?class=ImprimirParcela&amp;id=156"&gt;[Imprimir&amp;nbsp;parcela] &lt;/a&gt;&lt;/th&gt;
	&lt;/tr&gt;
	&lt;tr&gt;
		&lt;td class="tabelatd1"&gt;176&lt;/td&gt;
		&lt;td class="tabelatd1"&gt;Tipo Cobranca&lt;/td&gt;
		&lt;td class="tabelatd1"&gt;10/10/2018&lt;/td&gt;
		&lt;td class="tabelatd1"&gt;110.00&lt;/td&gt;
		&lt;td class="tabelatd1"&gt;0.00&lt;/td&gt;
		&lt;td class="tabelatd1"&gt;Em aberto&lt;/td&gt;
		&lt;td class="tabelatd1"&gt;1-Fulano de Tal (652.392.539-00)&lt;/td&gt;
		&lt;td class="tabelatd1"&gt;1&lt;/td&gt;
		&lt;td class="tabelatd1"&gt;Patrimonial&lt;/td&gt;
&lt;th class="tabelatd1" border="1"&gt;&lt;a class="noPrint" href="?class=BaixarParcela&amp;id=176"&gt;[Baixar&amp;nbsp;parcela] &lt;/a&gt;&lt;a class="noPrint" href="?class=ImprimirParcela&amp;id=176"&gt;[Imprimir&amp;nbsp;parcela] &lt;/a&gt;&lt;/th&gt;
	&lt;/tr&gt;
	&lt;tr&gt;
		&lt;td class="tabelatd2"&gt;196&lt;/td&gt;
		&lt;td class="tabelatd2"&gt;Tipo Cobranca&lt;/td&gt;
		&lt;td class="tabelatd2"&gt;10/10/2018&lt;/td&gt;
		&lt;td class="tabelatd2"&gt;110.00&lt;/td&gt;
		&lt;td class="tabelatd2"&gt;0.00&lt;/td&gt;
		&lt;td class="tabelatd2"&gt;Em aberto&lt;/td&gt;
		&lt;td class="tabelatd2"&gt;1-Fulano de Tal (652.392.539-00)&lt;/td&gt;
		&lt;td class="tabelatd2"&gt;1&lt;/td&gt;
		&lt;td class="tabelatd2"&gt;Patrimonial&lt;/td&gt;
&lt;th class="tabelatd2" border="1"&gt;&lt;a class="noPrint" href="?class=BaixarParcela&amp;id=196"&gt;[Baixar&amp;nbsp;parcela] &lt;/a&gt;&lt;a class="noPrint" href="?class=ImprimirParcela&amp;id=196"&gt;[Imprimir&amp;nbsp;parcela] &lt;/a&gt;&lt;/th&gt;
	&lt;/tr&gt;
	&lt;tr&gt;
		&lt;td class="tabelatd1"&gt;216&lt;/td&gt;
		&lt;td class="tabelatd1"&gt;Tipo Cobranca&lt;/td&gt;
		&lt;td class="tabelatd1"&gt;10/10/2018&lt;/td&gt;
		&lt;td class="tabelatd1"&gt;110.00&lt;/td&gt;
		&lt;td class="tabelatd1"&gt;0.00&lt;/td&gt;
		&lt;td class="tabelatd1"&gt;Em aberto&lt;/td&gt;
		&lt;td class="tabelatd1"&gt;1-Fulano de Tal (652.392.539-00)&lt;/td&gt;
		&lt;td class="tabelatd1"&gt;1&lt;/td&gt;
		&lt;td class="tabelatd1"&gt;Patrimonial&lt;/td&gt;
&lt;th class="tabelatd1" border="1"&gt;&lt;a class="noPrint" href="?class=BaixarParcela&amp;id=216"&gt;[Baixar&amp;nbsp;parcela] &lt;/a&gt;&lt;a class="noPrint" href="?class=ImprimirParcela&amp;id=216"&gt;[Imprimir&amp;nbsp;parcela] &lt;/a&gt;&lt;/th&gt;
	&lt;/tr&gt;
	&lt;tr&gt;
		&lt;td class="tabelatd2"&gt;239&lt;/td&gt;
		&lt;td class="tabelatd2"&gt;Tipo Cobranca&lt;/td&gt;
		&lt;td class="tabelatd2"&gt;10/10/2018&lt;/td&gt;
		&lt;td class="tabelatd2"&gt;110.00&lt;/td&gt;
		&lt;td class="tabelatd2"&gt;0.00&lt;/td&gt;
		&lt;td class="tabelatd2"&gt;Em aberto&lt;/td&gt;
		&lt;td class="tabelatd2"&gt;1-Fulano de Tal (652.392.539-00)&lt;/td&gt;
		&lt;td class="tabelatd2"&gt;1&lt;/td&gt;
		&lt;td class="tabelatd2"&gt;Patrimonial&lt;/td&gt;
&lt;th class="tabelatd2" border="1"&gt;&lt;a class="noPrint" href="?class=BaixarParcela&amp;id=239"&gt;[Baixar&amp;nbsp;parcela] &lt;/a&gt;&lt;a class="noPrint" href="?class=ImprimirParcela&amp;id=239"&gt;[Imprimir&amp;nbsp;parcela] &lt;/a&gt;&lt;/th&gt;
	&lt;/tr&gt;
	&lt;tr&gt;
		&lt;td class="tabelatd1"&gt;240&lt;/td&gt;
		&lt;td class="tabelatd1"&gt;Tipo Cobranca&lt;/td&gt;
		&lt;td class="tabelatd1"&gt;10/10/2018&lt;/td&gt;
		&lt;td class="tabelatd1"&gt;110.00&lt;/td&gt;
		&lt;td class="tabelatd1"&gt;0.00&lt;/td&gt;
		&lt;td class="tabelatd1"&gt;Em aberto&lt;/td&gt;
		&lt;td class="tabelatd1"&gt;1-Fulano de Tal (652.392.539-00)&lt;/td&gt;
		&lt;td class="tabelatd1"&gt;1&lt;/td&gt;
		&lt;td class="tabelatd1"&gt;Patrimonial&lt;/td&gt;
&lt;th class="tabelatd1" border="1"&gt;&lt;a class="noPrint" href="?class=BaixarParcela&amp;id=240"&gt;[Baixar&amp;nbsp;parcela] &lt;/a&gt;&lt;a class="noPrint" href="?class=ImprimirParcela&amp;id=240"&gt;[Imprimir&amp;nbsp;parcela] &lt;/a&gt;&lt;/th&gt;
	&lt;/tr&gt;
	&lt;tr&gt;
		&lt;td class="tabelatd2"&gt;253&lt;/td&gt;
		&lt;td class="tabelatd2"&gt;Tipo Cobranca&lt;/td&gt;
		&lt;td class="tabelatd2"&gt;10/10/2018&lt;/td&gt;
		&lt;td class="tabelatd2"&gt;110.00&lt;/td&gt;
		&lt;td class="tabelatd2"&gt;0.00&lt;/td&gt;
		&lt;td class="tabelatd2"&gt;Em aberto&lt;/td&gt;
		&lt;td class="tabelatd2"&gt;1-Fulano de Tal (652.392.539-00)&lt;/td&gt;
		&lt;td class="tabelatd2"&gt;1&lt;/td&gt;
		&lt;td class="tabelatd2"&gt;Patrimonial&lt;/td&gt;
&lt;th class="tabelatd2" border="1"&gt;&lt;a class="noPrint" href="?class=BaixarParcela&amp;id=253"&gt;[Baixar&amp;nbsp;parcela] &lt;/a&gt;&lt;a class="noPrint" href="?class=ImprimirParcela&amp;id=253"&gt;[Imprimir&amp;nbsp;parcela] &lt;/a&gt;&lt;/th&gt;
	&lt;/tr&gt;
	&lt;tr&gt;
		&lt;td class="tabelatd1"&gt;278&lt;/td&gt;
		&lt;td class="tabelatd1"&gt;Tipo Cobranca&lt;/td&gt;
		&lt;td class="tabelatd1"&gt;10/10/2018&lt;/td&gt;
		&lt;td class="tabelatd1"&gt;110.00&lt;/td&gt;
		&lt;td class="tabelatd1"&gt;0.00&lt;/td&gt;
		&lt;td class="tabelatd1"&gt;Em aberto&lt;/td&gt;
		&lt;td class="tabelatd1"&gt;1-Fulano de Tal (652.392.539-00)&lt;/td&gt;
		&lt;td class="tabelatd1"&gt;1&lt;/td&gt;
		&lt;td class="tabelatd1"&gt;Patrimonial&lt;/td&gt;
&lt;th class="tabelatd1" border="1"&gt;&lt;a class="noPrint" href="?class=BaixarParcela&amp;id=278"&gt;[Baixar&amp;nbsp;parcela] &lt;/a&gt;&lt;a class="noPrint" href="?class=ImprimirParcela&amp;id=278"&gt;[Imprimir&amp;nbsp;parcela] &lt;/a&gt;&lt;/th&gt;
	&lt;/tr&gt;
	&lt;tr&gt;
		&lt;td class="tabelatd2"&gt;305&lt;/td&gt;
		&lt;td class="tabelatd2"&gt;Tipo Cobranca&lt;/td&gt;
		&lt;td class="tabelatd2"&gt;10/10/2018&lt;/td&gt;
		&lt;td class="tabelatd2"&gt;110.00&lt;/td&gt;
		&lt;td class="tabelatd2"&gt;0.00&lt;/td&gt;
		&lt;td class="tabelatd2"&gt;Em aberto&lt;/td&gt;
		&lt;td class="tabelatd2"&gt;1-Fulano de Tal (652.392.539-00)&lt;/td&gt;
		&lt;td class="tabelatd2"&gt;1&lt;/td&gt;
		&lt;td class="tabelatd2"&gt;Patrimonial&lt;/td&gt;
&lt;th class="tabelatd2" border="1"&gt;&lt;a class="noPrint" href="?class=BaixarParcela&amp;id=305"&gt;[Baixar&amp;nbsp;parcela] &lt;/a&gt;&lt;a class="noPrint" href="?class=ImprimirParcela&amp;id=305"&gt;[Imprimir&amp;nbsp;parcela] &lt;/a&gt;&lt;/th&gt;
	&lt;/tr&gt;
	&lt;tr&gt;
		&lt;td class="tabelatd1"&gt;334&lt;/td&gt;
		&lt;td class="tabelatd1"&gt;Tipo Cobranca&lt;/td&gt;
		&lt;td class="tabelatd1"&gt;10/10/2018&lt;/td&gt;
		&lt;td class="tabelatd1"&gt;110.00&lt;/td&gt;
		&lt;td class="tabelatd1"&gt;0.00&lt;/td&gt;
		&lt;td class="tabelatd1"&gt;Em aberto&lt;/td&gt;
		&lt;td class="tabelatd1"&gt;1-Fulano de Tal (652.392.539-00)&lt;/td&gt;
		&lt;td class="tabelatd1"&gt;1&lt;/td&gt;
		&lt;td class="tabelatd1"&gt;Patrimonial&lt;/td&gt;
&lt;th class="tabelatd1" border="1"&gt;&lt;a class="noPrint" href="?class=BaixarParcela&amp;id=334"&gt;[Baixar&amp;nbsp;parcela] &lt;/a&gt;&lt;a class="noPrint" href="?class=ImprimirParcela&amp;id=334"&gt;[Imprimir&amp;nbsp;parcela] &lt;/a&gt;&lt;/th&gt;
	&lt;/tr&gt;
	&lt;tr&gt;
		&lt;td class="tabelatd2"&gt;365&lt;/td&gt;
		&lt;td class="tabelatd2"&gt;Tipo Cobranca&lt;/td&gt;
		&lt;td class="tabelatd2"&gt;10/10/2018&lt;/td&gt;
		&lt;td class="tabelatd2"&gt;110.00&lt;/td&gt;
		&lt;td class="tabelatd2"&gt;0.00&lt;/td&gt;
		&lt;td class="tabelatd2"&gt;Em aberto&lt;/td&gt;
		&lt;td class="tabelatd2"&gt;1-Fulano de Tal (652.392.539-00)&lt;/td&gt;
		&lt;td class="tabelatd2"&gt;1&lt;/td&gt;
		&lt;td class="tabelatd2"&gt;Patrimonial&lt;/td&gt;
&lt;th class="tabelatd2" border="1"&gt;&lt;a class="noPrint" href="?class=BaixarParcela&amp;id=365"&gt;[Baixar&amp;nbsp;parcela] &lt;/a&gt;&lt;a class="noPrint" href="?class=ImprimirParcela&amp;id=365"&gt;[Imprimir&amp;nbsp;parcela] &lt;/a&gt;&lt;/th&gt;
	&lt;/tr&gt;
	&lt;tr&gt;
		&lt;td class="tabelatd1"&gt;398&lt;/td&gt;
		&lt;td class="tabelatd1"&gt;Tipo Cobranca&lt;/td&gt;
		&lt;td class="tabelatd1"&gt;10/10/2018&lt;/td&gt;
		&lt;td class="tabelatd1"&gt;110.00&lt;/td&gt;
		&lt;td class="tabelatd1"&gt;0.00&lt;/td&gt;
		&lt;td class="tabelatd1"&gt;Em aberto&lt;/td&gt;
		&lt;td class="tabelatd1"&gt;1-Fulano de Tal (652.392.539-00)&lt;/td&gt;
		&lt;td class="tabelatd1"&gt;1&lt;/td&gt;
		&lt;td class="tabelatd1"&gt;Patrimonial&lt;/td&gt;
&lt;th class="tabelatd1" border="1"&gt;&lt;a class="noPrint" href="?class=BaixarParcela&amp;id=398"&gt;[Baixar&amp;nbsp;parcela] &lt;/a&gt;&lt;a class="noPrint" href="?class=ImprimirParcela&amp;id=398"&gt;[Imprimir&amp;nbsp;parcela] &lt;/a&gt;&lt;/th&gt;
	&lt;/tr&gt;
	&lt;tr&gt;
		&lt;td class="tabelatd2"&gt;433&lt;/td&gt;
		&lt;td class="tabelatd2"&gt;Tipo Cobranca&lt;/td&gt;
		&lt;td class="tabelatd2"&gt;10/10/2018&lt;/td&gt;
		&lt;td class="tabelatd2"&gt;110.00&lt;/td&gt;
		&lt;td class="tabelatd2"&gt;0.00&lt;/td&gt;
		&lt;td class="tabelatd2"&gt;Em aberto&lt;/td&gt;
		&lt;td class="tabelatd2"&gt;1-Fulano de Tal (652.392.539-00)&lt;/td&gt;
		&lt;td class="tabelatd2"&gt;1&lt;/td&gt;
		&lt;td class="tabelatd2"&gt;Patrimonial&lt;/td&gt;
&lt;th class="tabelatd2" border="1"&gt;&lt;a class="noPrint" href="?class=BaixarParcela&amp;id=433"&gt;[Baixar&amp;nbsp;parcela] &lt;/a&gt;&lt;a class="noPrint" href="?class=ImprimirParcela&amp;id=433"&gt;[Imprimir&amp;nbsp;parcela] &lt;/a&gt;&lt;/th&gt;
	&lt;/tr&gt;
	&lt;tr&gt;
		&lt;td class="tabelatd1"&gt;257&lt;/td&gt;
		&lt;td class="tabelatd1"&gt;Tipo Cobranca&lt;/td&gt;
		&lt;td class="tabelatd1"&gt;10/10/2018&lt;/td&gt;
		&lt;td class="tabelatd1"&gt;110.00&lt;/td&gt;
		&lt;td class="tabelatd1"&gt;0.00&lt;/td&gt;
		&lt;td class="tabelatd1"&gt;Em aberto&lt;/td&gt;
		&lt;td class="tabelatd1"&gt;1-Fulano de Tal (652.392.539-00)&lt;/td&gt;
		&lt;td class="tabelatd1"&gt;1&lt;/td&gt;
		&lt;td class="tabelatd1"&gt;Patrimonial&lt;/td&gt;
&lt;th class="tabelatd1" border="1"&gt;&lt;a class="noPrint" href="?class=BaixarParcela&amp;id=257"&gt;[Baixar&amp;nbsp;parcela] &lt;/a&gt;&lt;a class="noPrint" href="?class=ImprimirParcela&amp;id=257"&gt;[Imprimir&amp;nbsp;parcela] &lt;/a&gt;&lt;/th&gt;
	&lt;/tr&gt;
	&lt;tr&gt;
		&lt;td class="tabelatd2"&gt;282&lt;/td&gt;
		&lt;td class="tabelatd2"&gt;Tipo Cobranca&lt;/td&gt;
		&lt;td class="tabelatd2"&gt;10/10/2018&lt;/td&gt;
		&lt;td class="tabelatd2"&gt;110.00&lt;/td&gt;
		&lt;td class="tabelatd2"&gt;0.00&lt;/td&gt;
		&lt;td class="tabelatd2"&gt;Em aberto&lt;/td&gt;
		&lt;td class="tabelatd2"&gt;1-Fulano de Tal (652.392.539-00)&lt;/td&gt;
		&lt;td class="tabelatd2"&gt;1&lt;/td&gt;
		&lt;td class="tabelatd2"&gt;Patrimonial&lt;/td&gt;
&lt;th class="tabelatd2" border="1"&gt;&lt;a class="noPrint" href="?class=BaixarParcela&amp;id=282"&gt;[Baixar&amp;nbsp;parcela] &lt;/a&gt;&lt;a class="noPrint" href="?class=ImprimirParcela&amp;id=282"&gt;[Imprimir&amp;nbsp;parcela] &lt;/a&gt;&lt;/th&gt;
	&lt;/tr&gt;
	&lt;tr&gt;
		&lt;td class="tabelatd1"&gt;309&lt;/td&gt;
		&lt;td class="tabelatd1"&gt;Tipo Cobranca&lt;/td&gt;
		&lt;td class="tabelatd1"&gt;10/10/2018&lt;/td&gt;
		&lt;td class="tabelatd1"&gt;110.00&lt;/td&gt;
		&lt;td class="tabelatd1"&gt;0.00&lt;/td&gt;
		&lt;td class="tabelatd1"&gt;Em aberto&lt;/td&gt;
		&lt;td class="tabelatd1"&gt;1-Fulano de Tal (652.392.539-00)&lt;/td&gt;
		&lt;td class="tabelatd1"&gt;1&lt;/td&gt;
		&lt;td class="tabelatd1"&gt;Patrimonial&lt;/td&gt;
&lt;th class="tabelatd1" border="1"&gt;&lt;a class="noPrint" href="?class=BaixarParcela&amp;id=309"&gt;[Baixar&amp;nbsp;parcela] &lt;/a&gt;&lt;a class="noPrint" href="?class=ImprimirParcela&amp;id=309"&gt;[Imprimir&amp;nbsp;parcela] &lt;/a&gt;&lt;/th&gt;
	&lt;/tr&gt;
	&lt;tr&gt;
		&lt;td class="tabelatd2"&gt;338&lt;/td&gt;
		&lt;td class="tabelatd2"&gt;Tipo Cobranca&lt;/td&gt;
		&lt;td class="tabelatd2"&gt;10/10/2018&lt;/td&gt;
		&lt;td class="tabelatd2"&gt;110.00&lt;/td&gt;
		&lt;td class="tabelatd2"&gt;0.00&lt;/td&gt;
		&lt;td class="tabelatd2"&gt;Em aberto&lt;/td&gt;
		&lt;td class="tabelatd2"&gt;1-Fulano de Tal (652.392.539-00)&lt;/td&gt;
		&lt;td class="tabelatd2"&gt;1&lt;/td&gt;
		&lt;td class="tabelatd2"&gt;Patrimonial&lt;/td&gt;
&lt;th class="tabelatd2" border="1"&gt;&lt;a class="noPrint" href="?class=BaixarParcela&amp;id=338"&gt;[Baixar&amp;nbsp;parcela] &lt;/a&gt;&lt;a class="noPrint" href="?class=ImprimirParcela&amp;id=338"&gt;[Imprimir&amp;nbsp;parcela] &lt;/a&gt;&lt;/th&gt;
	&lt;/tr&gt;
	&lt;tr&gt;
		&lt;td class="tabelatd1"&gt;369&lt;/td&gt;
		&lt;td class="tabelatd1"&gt;Tipo Cobranca&lt;/td&gt;
		&lt;td class="tabelatd1"&gt;10/10/2018&lt;/td&gt;
		&lt;td class="tabelatd1"&gt;110.00&lt;/td&gt;
		&lt;td class="tabelatd1"&gt;0.00&lt;/td&gt;
		&lt;td class="tabelatd1"&gt;Em aberto&lt;/td&gt;
		&lt;td class="tabelatd1"&gt;1-Fulano de Tal (652.392.539-00)&lt;/td&gt;
		&lt;td class="tabelatd1"&gt;1&lt;/td&gt;
		&lt;td class="tabelatd1"&gt;Patrimonial&lt;/td&gt;
&lt;th class="tabelatd1" border="1"&gt;&lt;a class="noPrint" href="?class=BaixarParcela&amp;id=369"&gt;[Baixar&amp;nbsp;parcela] &lt;/a&gt;&lt;a class="noPrint" href="?class=ImprimirParcela&amp;id=369"&gt;[Imprimir&amp;nbsp;parcela] &lt;/a&gt;&lt;/th&gt;
	&lt;/tr&gt;
	&lt;tr&gt;
		&lt;td class="tabelatd2"&gt;402&lt;/td&gt;
		&lt;td class="tabelatd2"&gt;Tipo Cobranca&lt;/td&gt;
		&lt;td class="tabelatd2"&gt;10/10/2018&lt;/td&gt;
		&lt;td class="tabelatd2"&gt;110.00&lt;/td&gt;
		&lt;td class="tabelatd2"&gt;0.00&lt;/td&gt;
		&lt;td class="tabelatd2"&gt;Em aberto&lt;/td&gt;
		&lt;td class="tabelatd2"&gt;1-Fulano de Tal (652.392.539-00)&lt;/td&gt;
		&lt;td class="tabelatd2"&gt;1&lt;/td&gt;
		&lt;td class="tabelatd2"&gt;Patrimonial&lt;/td&gt;
&lt;th class="tabelatd2" border="1"&gt;&lt;a class="noPrint" href="?class=BaixarParcela&amp;id=402"&gt;[Baixar&amp;nbsp;parcela] &lt;/a&gt;&lt;a class="noPrint" href="?class=ImprimirParcela&amp;id=402"&gt;[Imprimir&amp;nbsp;parcela] &lt;/a&gt;&lt;/th&gt;
	&lt;/tr&gt;
	&lt;tr&gt;
		&lt;td class="tabelatd1"&gt;437&lt;/td&gt;
		&lt;td class="tabelatd1"&gt;Tipo Cobranca&lt;/td&gt;
		&lt;td class="tabelatd1"&gt;10/10/2018&lt;/td&gt;
		&lt;td class="tabelatd1"&gt;110.00&lt;/td&gt;
		&lt;td class="tabelatd1"&gt;0.00&lt;/td&gt;
		&lt;td class="tabelatd1"&gt;Em aberto&lt;/td&gt;
		&lt;td class="tabelatd1"&gt;1-Fulano de Tal (652.392.539-00)&lt;/td&gt;
		&lt;td class="tabelatd1"&gt;1&lt;/td&gt;
		&lt;td class="tabelatd1"&gt;Patrimonial&lt;/td&gt;
&lt;th class="tabelatd1" border="1"&gt;&lt;a class="noPrint" href="?class=BaixarParcela&amp;id=437"&gt;[Baixar&amp;nbsp;parcela] &lt;/a&gt;&lt;a class="noPrint" href="?class=ImprimirParcela&amp;id=437"&gt;[Imprimir&amp;nbsp;parcela] &lt;/a&gt;&lt;/th&gt;
	&lt;/tr&gt;
	&lt;tr&gt;
		&lt;td class="tabelatd2"&gt;258&lt;/td&gt;
		&lt;td class="tabelatd2"&gt;Tipo Cobranca&lt;/td&gt;
		&lt;td class="tabelatd2"&gt;10/10/2018&lt;/td&gt;
		&lt;td class="tabelatd2"&gt;110.00&lt;/td&gt;
		&lt;td class="tabelatd2"&gt;0.00&lt;/td&gt;
		&lt;td class="tabelatd2"&gt;Em aberto&lt;/td&gt;
		&lt;td class="tabelatd2"&gt;1-Fulano de Tal (652.392.539-00)&lt;/td&gt;
		&lt;td class="tabelatd2"&gt;1&lt;/td&gt;
		&lt;td class="tabelatd2"&gt;Patrimonial&lt;/td&gt;
&lt;th class="tabelatd2" border="1"&gt;&lt;a class="noPrint" href="?class=BaixarParcela&amp;id=258"&gt;[Baixar&amp;nbsp;parcela] &lt;/a&gt;&lt;a class="noPrint" href="?class=ImprimirParcela&amp;id=258"&gt;[Imprimir&amp;nbsp;parcela] &lt;/a&gt;&lt;/th&gt;
	&lt;/tr&gt;
	&lt;tr&gt;
		&lt;td class="tabelatd1"&gt;283&lt;/td&gt;
		&lt;td class="tabelatd1"&gt;Tipo Cobranca&lt;/td&gt;
		&lt;td class="tabelatd1"&gt;10/10/2018&lt;/td&gt;
		&lt;td class="tabelatd1"&gt;110.00&lt;/td&gt;
		&lt;td class="tabelatd1"&gt;0.00&lt;/td&gt;
		&lt;td class="tabelatd1"&gt;Em aberto&lt;/td&gt;
		&lt;td class="tabelatd1"&gt;1-Fulano de Tal (652.392.539-00)&lt;/td&gt;
		&lt;td class="tabelatd1"&gt;1&lt;/td&gt;
		&lt;td class="tabelatd1"&gt;Patrimonial&lt;/td&gt;
&lt;th class="tabelatd1" border="1"&gt;&lt;a class="noPrint" href="?class=BaixarParcela&amp;id=283"&gt;[Baixar&amp;nbsp;parcela] &lt;/a&gt;&lt;a class="noPrint" href="?class=ImprimirParcela&amp;id=283"&gt;[Imprimir&amp;nbsp;parcela] &lt;/a&gt;&lt;/th&gt;
	&lt;/tr&gt;
	&lt;tr&gt;
		&lt;td class="tabelatd2"&gt;310&lt;/td&gt;
		&lt;td class="tabelatd2"&gt;Tipo Cobranca&lt;/td&gt;
		&lt;td class="tabelatd2"&gt;10/10/2018&lt;/td&gt;
		&lt;td class="tabelatd2"&gt;110.00&lt;/td&gt;
		&lt;td class="tabelatd2"&gt;0.00&lt;/td&gt;
		&lt;td class="tabelatd2"&gt;Em aberto&lt;/td&gt;
		&lt;td class="tabelatd2"&gt;1-Fulano de Tal (652.392.539-00)&lt;/td&gt;
		&lt;td class="tabelatd2"&gt;1&lt;/td&gt;
		&lt;td class="tabelatd2"&gt;Patrimonial&lt;/td&gt;
&lt;th class="tabelatd2" border="1"&gt;&lt;a class="noPrint" href="?class=BaixarParcela&amp;id=310"&gt;[Baixar&amp;nbsp;parcela] &lt;/a&gt;&lt;a class="noPrint" href="?class=ImprimirParcela&amp;id=310"&gt;[Imprimir&amp;nbsp;parcela] &lt;/a&gt;&lt;/th&gt;
	&lt;/tr&gt;
	&lt;tr&gt;
		&lt;td class="tabelatd1"&gt;339&lt;/td&gt;
		&lt;td class="tabelatd1"&gt;Tipo Cobranca&lt;/td&gt;
		&lt;td class="tabelatd1"&gt;10/10/2018&lt;/td&gt;
		&lt;td class="tabelatd1"&gt;110.00&lt;/td&gt;
		&lt;td class="tabelatd1"&gt;0.00&lt;/td&gt;
		&lt;td class="tabelatd1"&gt;Em aberto&lt;/td&gt;
		&lt;td class="tabelatd1"&gt;1-Fulano de Tal (652.392.539-00)&lt;/td&gt;
		&lt;td class="tabelatd1"&gt;1&lt;/td&gt;
		&lt;td class="tabelatd1"&gt;Patrimonial&lt;/td&gt;
&lt;th class="tabelatd1" border="1"&gt;&lt;a class="noPrint" href="?class=BaixarParcela&amp;id=339"&gt;[Baixar&amp;nbsp;parcela] &lt;/a&gt;&lt;a class="noPrint" href="?class=ImprimirParcela&amp;id=339"&gt;[Imprimir&amp;nbsp;parcela] &lt;/a&gt;&lt;/th&gt;
	&lt;/tr&gt;
	&lt;tr&gt;
		&lt;td class="tabelatd2"&gt;370&lt;/td&gt;
		&lt;td class="tabelatd2"&gt;Tipo Cobranca&lt;/td&gt;
		&lt;td class="tabelatd2"&gt;10/10/2018&lt;/td&gt;
		&lt;td class="tabelatd2"&gt;110.00&lt;/td&gt;
		&lt;td class="tabelatd2"&gt;0.00&lt;/td&gt;
		&lt;td class="tabelatd2"&gt;Em aberto&lt;/td&gt;
		&lt;td class="tabelatd2"&gt;1-Fulano de Tal (652.392.539-00)&lt;/td&gt;
		&lt;td class="tabelatd2"&gt;1&lt;/td&gt;
		&lt;td class="tabelatd2"&gt;Patrimonial&lt;/td&gt;
&lt;th class="tabelatd2" border="1"&gt;&lt;a class="noPrint" href="?class=BaixarParcela&amp;id=370"&gt;[Baixar&amp;nbsp;parcela] &lt;/a&gt;&lt;a class="noPrint" href="?class=ImprimirParcela&amp;id=370"&gt;[Imprimir&amp;nbsp;parcela] &lt;/a&gt;&lt;/th&gt;
	&lt;/tr&gt;
	&lt;tr&gt;
		&lt;td class="tabelatd1"&gt;403&lt;/td&gt;
		&lt;td class="tabelatd1"&gt;Tipo Cobranca&lt;/td&gt;
		&lt;td class="tabelatd1"&gt;10/10/2018&lt;/td&gt;
		&lt;td class="tabelatd1"&gt;110.00&lt;/td&gt;
		&lt;td class="tabelatd1"&gt;0.00&lt;/td&gt;
		&lt;td class="tabelatd1"&gt;Em aberto&lt;/td&gt;
		&lt;td class="tabelatd1"&gt;1-Fulano de Tal (652.392.539-00)&lt;/td&gt;
		&lt;td class="tabelatd1"&gt;1&lt;/td&gt;
		&lt;td class="tabelatd1"&gt;Patrimonial&lt;/td&gt;
&lt;th class="tabelatd1" border="1"&gt;&lt;a class="noPrint" href="?class=BaixarParcela&amp;id=403"&gt;[Baixar&amp;nbsp;parcela] &lt;/a&gt;&lt;a class="noPrint" href="?class=ImprimirParcela&amp;id=403"&gt;[Imprimir&amp;nbsp;parcela] &lt;/a&gt;&lt;/th&gt;
	&lt;/tr&gt;
	&lt;tr&gt;
		&lt;td class="tabelatd2"&gt;438&lt;/td&gt;
		&lt;td class="tabelatd2"&gt;Tipo Cobranca&lt;/td&gt;
		&lt;td class="tabelatd2"&gt;10/10/2018&lt;/td&gt;
		&lt;td class="tabelatd2"&gt;110.00&lt;/td&gt;
		&lt;td class="tabelatd2"&gt;0.00&lt;/td&gt;
		&lt;td class="tabelatd2"&gt;Em aberto&lt;/td&gt;
		&lt;td class="tabelatd2"&gt;1-Fulano de Tal (652.392.539-00)&lt;/td&gt;
		&lt;td class="tabelatd2"&gt;1&lt;/td&gt;
		&lt;td class="tabelatd2"&gt;Patrimonial&lt;/td&gt;
&lt;th class="tabelatd2" border="1"&gt;&lt;a class="noPrint" href="?class=BaixarParcela&amp;id=438"&gt;[Baixar&amp;nbsp;parcela] &lt;/a&gt;&lt;a class="noPrint" href="?class=ImprimirParcela&amp;id=438"&gt;[Imprimir&amp;nbsp;parcela] &lt;/a&gt;&lt;/th&gt;
	&lt;/tr&gt;
	&lt;tr&gt;
		&lt;td class="tabelatd1"&gt;259&lt;/td&gt;
		&lt;td class="tabelatd1"&gt;Tipo Cobranca&lt;/td&gt;
		&lt;td class="tabelatd1"&gt;10/10/2018&lt;/td&gt;
		&lt;td class="tabelatd1"&gt;110.00&lt;/td&gt;
		&lt;td class="tabelatd1"&gt;0.00&lt;/td&gt;
		&lt;td class="tabelatd1"&gt;Em aberto&lt;/td&gt;
		&lt;td class="tabelatd1"&gt;1-Fulano de Tal (652.392.539-00)&lt;/td&gt;
		&lt;td class="tabelatd1"&gt;1&lt;/td&gt;
		&lt;td class="tabelatd1"&gt;Patrimonial&lt;/td&gt;
&lt;th class="tabelatd1" border="1"&gt;&lt;a class="noPrint" href="?class=BaixarParcela&amp;id=259"&gt;[Baixar&amp;nbsp;parcela] &lt;/a&gt;&lt;a class="noPrint" href="?class=ImprimirParcela&amp;id=259"&gt;[Imprimir&amp;nbsp;parcela] &lt;/a&gt;&lt;/th&gt;
	&lt;/tr&gt;
	&lt;tr&gt;
		&lt;td class="tabelatd2"&gt;284&lt;/td&gt;
		&lt;td class="tabelatd2"&gt;Tipo Cobranca&lt;/td&gt;
		&lt;td class="tabelatd2"&gt;10/10/2018&lt;/td&gt;
		&lt;td class="tabelatd2"&gt;110.00&lt;/td&gt;
		&lt;td class="tabelatd2"&gt;0.00&lt;/td&gt;
		&lt;td class="tabelatd2"&gt;Em aberto&lt;/td&gt;
		&lt;td class="tabelatd2"&gt;1-Fulano de Tal (652.392.539-00)&lt;/td&gt;
		&lt;td class="tabelatd2"&gt;1&lt;/td&gt;
		&lt;td class="tabelatd2"&gt;Patrimonial&lt;/td&gt;
&lt;th class="tabelatd2" border="1"&gt;&lt;a class="noPrint" href="?class=BaixarParcela&amp;id=284"&gt;[Baixar&amp;nbsp;parcela] &lt;/a&gt;&lt;a class="noPrint" href="?class=ImprimirParcela&amp;id=284"&gt;[Imprimir&amp;nbsp;parcela] &lt;/a&gt;&lt;/th&gt;
	&lt;/tr&gt;
	&lt;tr&gt;
		&lt;td class="tabelatd1"&gt;311&lt;/td&gt;
		&lt;td class="tabelatd1"&gt;Tipo Cobranca&lt;/td&gt;
		&lt;td class="tabelatd1"&gt;10/10/2018&lt;/td&gt;
		&lt;td class="tabelatd1"&gt;110.00&lt;/td&gt;
		&lt;td class="tabelatd1"&gt;0.00&lt;/td&gt;
		&lt;td class="tabelatd1"&gt;Em aberto&lt;/td&gt;
		&lt;td class="tabelatd1"&gt;1-Fulano de Tal (652.392.539-00)&lt;/td&gt;
		&lt;td class="tabelatd1"&gt;1&lt;/td&gt;
		&lt;td class="tabelatd1"&gt;Patrimonial&lt;/td&gt;
&lt;th class="tabelatd1" border="1"&gt;&lt;a class="noPrint" href="?class=BaixarParcela&amp;id=311"&gt;[Baixar&amp;nbsp;parcela] &lt;/a&gt;&lt;a class="noPrint" href="?class=ImprimirParcela&amp;id=311"&gt;[Imprimir&amp;nbsp;parcela] &lt;/a&gt;&lt;/th&gt;
	&lt;/tr&gt;
	&lt;tr&gt;
		&lt;td class="tabelatd2"&gt;340&lt;/td&gt;
		&lt;td class="tabelatd2"&gt;Tipo Cobranca&lt;/td&gt;
		&lt;td class="tabelatd2"&gt;10/10/2018&lt;/td&gt;
		&lt;td class="tabelatd2"&gt;110.00&lt;/td&gt;
		&lt;td class="tabelatd2"&gt;0.00&lt;/td&gt;
		&lt;td class="tabelatd2"&gt;Em aberto&lt;/td&gt;
		&lt;td class="tabelatd2"&gt;1-Fulano de Tal (652.392.539-00)&lt;/td&gt;
		&lt;td class="tabelatd2"&gt;1&lt;/td&gt;
		&lt;td class="tabelatd2"&gt;Patrimonial&lt;/td&gt;
&lt;th class="tabelatd2" border="1"&gt;&lt;a class="noPrint" href="?class=BaixarParcela&amp;id=340"&gt;[Baixar&amp;nbsp;parcela] &lt;/a&gt;&lt;a class="noPrint" href="?class=ImprimirParcela&amp;id=340"&gt;[Imprimir&amp;nbsp;parcela] &lt;/a&gt;&lt;/th&gt;
	&lt;/tr&gt;
	&lt;tr&gt;
		&lt;td class="tabelatd1"&gt;371&lt;/td&gt;
		&lt;td class="tabelatd1"&gt;Tipo Cobranca&lt;/td&gt;
		&lt;td class="tabelatd1"&gt;10/10/2018&lt;/td&gt;
		&lt;td class="tabelatd1"&gt;110.00&lt;/td&gt;
		&lt;td class="tabelatd1"&gt;0.00&lt;/td&gt;
		&lt;td class="tabelatd1"&gt;Em aberto&lt;/td&gt;
		&lt;td class="tabelatd1"&gt;1-Fulano de Tal (652.392.539-00)&lt;/td&gt;
		&lt;td class="tabelatd1"&gt;1&lt;/td&gt;
		&lt;td class="tabelatd1"&gt;Patrimonial&lt;/td&gt;
&lt;th class="tabelatd1" border="1"&gt;&lt;a class="noPrint" href="?class=BaixarParcela&amp;id=371"&gt;[Baixar&amp;nbsp;parcela] &lt;/a&gt;&lt;a class="noPrint" href="?class=ImprimirParcela&amp;id=371"&gt;[Imprimir&amp;nbsp;parcela] &lt;/a&gt;&lt;/th&gt;
	&lt;/tr&gt;
	&lt;tr&gt;
		&lt;td class="tabelatd2"&gt;404&lt;/td&gt;
		&lt;td class="tabelatd2"&gt;Tipo Cobranca&lt;/td&gt;
		&lt;td class="tabelatd2"&gt;10/10/2018&lt;/td&gt;
		&lt;td class="tabelatd2"&gt;110.00&lt;/td&gt;
		&lt;td class="tabelatd2"&gt;0.00&lt;/td&gt;
		&lt;td class="tabelatd2"&gt;Em aberto&lt;/td&gt;
		&lt;td class="tabelatd2"&gt;1-Fulano de Tal (652.392.539-00)&lt;/td&gt;
		&lt;td class="tabelatd2"&gt;1&lt;/td&gt;
		&lt;td class="tabelatd2"&gt;Patrimonial&lt;/td&gt;
&lt;th class="tabelatd2" border="1"&gt;&lt;a class="noPrint" href="?class=BaixarParcela&amp;id=404"&gt;[Baixar&amp;nbsp;parcela] &lt;/a&gt;&lt;a class="noPrint" href="?class=ImprimirParcela&amp;id=404"&gt;[Imprimir&amp;nbsp;parcela] &lt;/a&gt;&lt;/th&gt;
	&lt;/tr&gt;
	&lt;tr&gt;
		&lt;td class="tabelatd1"&gt;439&lt;/td&gt;
		&lt;td class="tabelatd1"&gt;Tipo Cobranca&lt;/td&gt;
		&lt;td class="tabelatd1"&gt;10/10/2018&lt;/td&gt;
		&lt;td class="tabelatd1"&gt;110.00&lt;/td&gt;
		&lt;td class="tabelatd1"&gt;0.00&lt;/td&gt;
		&lt;td class="tabelatd1"&gt;Em aberto&lt;/td&gt;
		&lt;td class="tabelatd1"&gt;1-Fulano de Tal (652.392.539-00)&lt;/td&gt;
		&lt;td class="tabelatd1"&gt;1&lt;/td&gt;
		&lt;td class="tabelatd1"&gt;Patrimonial&lt;/td&gt;
&lt;th class="tabelatd1" border="1"&gt;&lt;a class="noPrint" href="?class=BaixarParcela&amp;id=439"&gt;[Baixar&amp;nbsp;parcela] &lt;/a&gt;&lt;a class="noPrint" href="?class=ImprimirParcela&amp;id=439"&gt;[Imprimir&amp;nbsp;parcela] &lt;/a&gt;&lt;/th&gt;
	&lt;/tr&gt;
	&lt;tr&gt;
		&lt;td class="tabelatd2"&gt;260&lt;/td&gt;
		&lt;td class="tabelatd2"&gt;Tipo Cobranca&lt;/td&gt;
		&lt;td class="tabelatd2"&gt;10/10/2018&lt;/td&gt;
		&lt;td class="tabelatd2"&gt;110.00&lt;/td&gt;
		&lt;td class="tabelatd2"&gt;0.00&lt;/td&gt;
		&lt;td class="tabelatd2"&gt;Em aberto&lt;/td&gt;
		&lt;td class="tabelatd2"&gt;1-Fulano de Tal (652.392.539-00)&lt;/td&gt;
		&lt;td class="tabelatd2"&gt;1&lt;/td&gt;
		&lt;td class="tabelatd2"&gt;Patrimonial&lt;/td&gt;
&lt;th class="tabelatd2" border="1"&gt;&lt;a class="noPrint" href="?class=BaixarParcela&amp;id=260"&gt;[Baixar&amp;nbsp;parcela] &lt;/a&gt;&lt;a class="noPrint" href="?class=ImprimirParcela&amp;id=260"&gt;[Imprimir&amp;nbsp;parcela] &lt;/a&gt;&lt;/th&gt;
	&lt;/tr&gt;
	&lt;tr&gt;
		&lt;td class="tabelatd1"&gt;285&lt;/td&gt;
		&lt;td class="tabelatd1"&gt;Tipo Cobranca&lt;/td&gt;
		&lt;td class="tabelatd1"&gt;10/10/2018&lt;/td&gt;
		&lt;td class="tabelatd1"&gt;110.00&lt;/td&gt;
		&lt;td class="tabelatd1"&gt;0.00&lt;/td&gt;
		&lt;td class="tabelatd1"&gt;Em aberto&lt;/td&gt;
		&lt;td class="tabelatd1"&gt;1-Fulano de Tal (652.392.539-00)&lt;/td&gt;
		&lt;td class="tabelatd1"&gt;1&lt;/td&gt;
		&lt;td class="tabelatd1"&gt;Patrimonial&lt;/td&gt;
&lt;th class="tabelatd1" border="1"&gt;&lt;a class="noPrint" href="?class=BaixarParcela&amp;id=285"&gt;[Baixar&amp;nbsp;parcela] &lt;/a&gt;&lt;a class="noPrint" href="?class=ImprimirParcela&amp;id=285"&gt;[Imprimir&amp;nbsp;parcela] &lt;/a&gt;&lt;/th&gt;
	&lt;/tr&gt;
	&lt;tr&gt;
		&lt;td class="tabelatd2"&gt;312&lt;/td&gt;
		&lt;td class="tabelatd2"&gt;Tipo Cobranca&lt;/td&gt;
		&lt;td class="tabelatd2"&gt;10/10/2018&lt;/td&gt;
		&lt;td class="tabelatd2"&gt;110.00&lt;/td&gt;
		&lt;td class="tabelatd2"&gt;0.00&lt;/td&gt;
		&lt;td class="tabelatd2"&gt;Em aberto&lt;/td&gt;
		&lt;td class="tabelatd2"&gt;1-Fulano de Tal (652.392.539-00)&lt;/td&gt;
		&lt;td class="tabelatd2"&gt;1&lt;/td&gt;
		&lt;td class="tabelatd2"&gt;Patrimonial&lt;/td&gt;
&lt;th class="tabelatd2" border="1"&gt;&lt;a class="noPrint" href="?class=BaixarParcela&amp;id=312"&gt;[Baixar&amp;nbsp;parcela] &lt;/a&gt;&lt;a class="noPrint" href="?class=ImprimirParcela&amp;id=312"&gt;[Imprimir&amp;nbsp;parcela] &lt;/a&gt;&lt;/th&gt;
	&lt;/tr&gt;
	&lt;tr&gt;
		&lt;td class="tabelatd1"&gt;341&lt;/td&gt;
		&lt;td class="tabelatd1"&gt;Tipo Cobranca&lt;/td&gt;
		&lt;td class="tabelatd1"&gt;10/10/2018&lt;/td&gt;
		&lt;td class="tabelatd1"&gt;110.00&lt;/td&gt;
		&lt;td class="tabelatd1"&gt;0.00&lt;/td&gt;
		&lt;td class="tabelatd1"&gt;Em aberto&lt;/td&gt;
		&lt;td class="tabelatd1"&gt;1-Fulano de Tal (652.392.539-00)&lt;/td&gt;
		&lt;td class="tabelatd1"&gt;1&lt;/td&gt;
		&lt;td class="tabelatd1"&gt;Patrimonial&lt;/td&gt;
&lt;th class="tabelatd1" border="1"&gt;&lt;a class="noPrint" href="?class=BaixarParcela&amp;id=341"&gt;[Baixar&amp;nbsp;parcela] &lt;/a&gt;&lt;a class="noPrint" href="?class=ImprimirParcela&amp;id=341"&gt;[Imprimir&amp;nbsp;parcela] &lt;/a&gt;&lt;/th&gt;
	&lt;/tr&gt;
	&lt;tr&gt;
		&lt;td class="tabelatd2"&gt;372&lt;/td&gt;
		&lt;td class="tabelatd2"&gt;Tipo Cobranca&lt;/td&gt;
		&lt;td class="tabelatd2"&gt;10/10/2018&lt;/td&gt;
		&lt;td class="tabelatd2"&gt;110.00&lt;/td&gt;
		&lt;td class="tabelatd2"&gt;0.00&lt;/td&gt;
		&lt;td class="tabelatd2"&gt;Em aberto&lt;/td&gt;
		&lt;td class="tabelatd2"&gt;1-Fulano de Tal (652.392.539-00)&lt;/td&gt;
		&lt;td class="tabelatd2"&gt;1&lt;/td&gt;
		&lt;td class="tabelatd2"&gt;Patrimonial&lt;/td&gt;
&lt;th class="tabelatd2" border="1"&gt;&lt;a class="noPrint" href="?class=BaixarParcela&amp;id=372"&gt;[Baixar&amp;nbsp;parcela] &lt;/a&gt;&lt;a class="noPrint" href="?class=ImprimirParcela&amp;id=372"&gt;[Imprimir&amp;nbsp;parcela] &lt;/a&gt;&lt;/th&gt;
	&lt;/tr&gt;
	&lt;tr&gt;
		&lt;td class="tabelatd1"&gt;405&lt;/td&gt;
		&lt;td class="tabelatd1"&gt;Tipo Cobranca&lt;/td&gt;
		&lt;td class="tabelatd1"&gt;10/10/2018&lt;/td&gt;
		&lt;td class="tabelatd1"&gt;110.00&lt;/td&gt;
		&lt;td class="tabelatd1"&gt;0.00&lt;/td&gt;
		&lt;td class="tabelatd1"&gt;Em aberto&lt;/td&gt;
		&lt;td class="tabelatd1"&gt;1-Fulano de Tal (652.392.539-00)&lt;/td&gt;
		&lt;td class="tabelatd1"&gt;1&lt;/td&gt;
		&lt;td class="tabelatd1"&gt;Patrimonial&lt;/td&gt;
&lt;th class="tabelatd1" border="1"&gt;&lt;a class="noPrint" href="?class=BaixarParcela&amp;id=405"&gt;[Baixar&amp;nbsp;parcela] &lt;/a&gt;&lt;a class="noPrint" href="?class=ImprimirParcela&amp;id=405"&gt;[Imprimir&amp;nbsp;parcela] &lt;/a&gt;&lt;/th&gt;
	&lt;/tr&gt;
	&lt;tr&gt;
		&lt;td class="tabelatd2"&gt;440&lt;/td&gt;
		&lt;td class="tabelatd2"&gt;Tipo Cobranca&lt;/td&gt;
		&lt;td class="tabelatd2"&gt;10/10/2018&lt;/td&gt;
		&lt;td class="tabelatd2"&gt;110.00&lt;/td&gt;
		&lt;td class="tabelatd2"&gt;0.00&lt;/td&gt;
		&lt;td class="tabelatd2"&gt;Em aberto&lt;/td&gt;
		&lt;td class="tabelatd2"&gt;1-Fulano de Tal (652.392.539-00)&lt;/td&gt;
		&lt;td class="tabelatd2"&gt;1&lt;/td&gt;
		&lt;td class="tabelatd2"&gt;Patrimonial&lt;/td&gt;
&lt;th class="tabelatd2" border="1"&gt;&lt;a class="noPrint" href="?class=BaixarParcela&amp;id=440"&gt;[Baixar&amp;nbsp;parcela] &lt;/a&gt;&lt;a class="noPrint" href="?class=ImprimirParcela&amp;id=440"&gt;[Imprimir&amp;nbsp;parcela] &lt;/a&gt;&lt;/th&gt;
	&lt;/tr&gt;
	&lt;tr&gt;
		&lt;td class="tabelatd1"&gt;261&lt;/td&gt;
		&lt;td class="tabelatd1"&gt;Tipo Cobranca&lt;/td&gt;
		&lt;td class="tabelatd1"&gt;10/10/2018&lt;/td&gt;
		&lt;td class="tabelatd1"&gt;110.00&lt;/td&gt;
		&lt;td class="tabelatd1"&gt;0.00&lt;/td&gt;
		&lt;td class="tabelatd1"&gt;Em aberto&lt;/td&gt;
		&lt;td class="tabelatd1"&gt;1-Fulano de Tal (652.392.539-00)&lt;/td&gt;
		&lt;td class="tabelatd1"&gt;1&lt;/td&gt;
		&lt;td class="tabelatd1"&gt;Patrimonial&lt;/td&gt;
&lt;th class="tabelatd1" border="1"&gt;&lt;a class="noPrint" href="?class=BaixarParcela&amp;id=261"&gt;[Baixar&amp;nbsp;parcela] &lt;/a&gt;&lt;a class="noPrint" href="?class=ImprimirParcela&amp;id=261"&gt;[Imprimir&amp;nbsp;parcela] &lt;/a&gt;&lt;/th&gt;
	&lt;/tr&gt;
	&lt;tr&gt;
		&lt;td class="tabelatd2"&gt;286&lt;/td&gt;
		&lt;td class="tabelatd2"&gt;Tipo Cobranca&lt;/td&gt;
		&lt;td class="tabelatd2"&gt;10/10/2018&lt;/td&gt;
		&lt;td class="tabelatd2"&gt;110.00&lt;/td&gt;
		&lt;td class="tabelatd2"&gt;0.00&lt;/td&gt;
		&lt;td class="tabelatd2"&gt;Em aberto&lt;/td&gt;
		&lt;td class="tabelatd2"&gt;1-Fulano de Tal (652.392.539-00)&lt;/td&gt;
		&lt;td class="tabelatd2"&gt;1&lt;/td&gt;
		&lt;td class="tabelatd2"&gt;Patrimonial&lt;/td&gt;
&lt;th class="tabelatd2" border="1"&gt;&lt;a class="noPrint" href="?class=BaixarParcela&amp;id=286"&gt;[Baixar&amp;nbsp;parcela] &lt;/a&gt;&lt;a class="noPrint" href="?class=ImprimirParcela&amp;id=286"&gt;[Imprimir&amp;nbsp;parcela] &lt;/a&gt;&lt;/th&gt;
	&lt;/tr&gt;
	&lt;tr&gt;
		&lt;td class="tabelatd1"&gt;313&lt;/td&gt;
		&lt;td class="tabelatd1"&gt;Tipo Cobranca&lt;/td&gt;
		&lt;td class="tabelatd1"&gt;10/10/2018&lt;/td&gt;
		&lt;td class="tabelatd1"&gt;110.00&lt;/td&gt;
		&lt;td class="tabelatd1"&gt;0.00&lt;/td&gt;
		&lt;td class="tabelatd1"&gt;Em aberto&lt;/td&gt;
		&lt;td class="tabelatd1"&gt;1-Fulano de Tal (652.392.539-00)&lt;/td&gt;
		&lt;td class="tabelatd1"&gt;1&lt;/td&gt;
		&lt;td class="tabelatd1"&gt;Patrimonial&lt;/td&gt;
&lt;th class="tabelatd1" border="1"&gt;&lt;a class="noPrint" href="?class=BaixarParcela&amp;id=313"&gt;[Baixar&amp;nbsp;parcela] &lt;/a&gt;&lt;a class="noPrint" href="?class=ImprimirParcela&amp;id=313"&gt;[Imprimir&amp;nbsp;parcela] &lt;/a&gt;&lt;/th&gt;
	&lt;/tr&gt;
	&lt;tr&gt;
		&lt;td class="tabelatd2"&gt;342&lt;/td&gt;
		&lt;td class="tabelatd2"&gt;Tipo Cobranca&lt;/td&gt;
		&lt;td class="tabelatd2"&gt;10/10/2018&lt;/td&gt;
		&lt;td class="tabelatd2"&gt;110.00&lt;/td&gt;
		&lt;td class="tabelatd2"&gt;0.00&lt;/td&gt;
		&lt;td class="tabelatd2"&gt;Em aberto&lt;/td&gt;
		&lt;td class="tabelatd2"&gt;1-Fulano de Tal (652.392.539-00)&lt;/td&gt;
		&lt;td class="tabelatd2"&gt;1&lt;/td&gt;
		&lt;td class="tabelatd2"&gt;Patrimonial&lt;/td&gt;
&lt;th class="tabelatd2" border="1"&gt;&lt;a class="noPrint" href="?class=BaixarParcela&amp;id=342"&gt;[Baixar&amp;nbsp;parcela] &lt;/a&gt;&lt;a class="noPrint" href="?class=ImprimirParcela&amp;id=342"&gt;[Imprimir&amp;nbsp;parcela] &lt;/a&gt;&lt;/th&gt;
	&lt;/tr&gt;
	&lt;tr&gt;
		&lt;td class="tabelatd1"&gt;373&lt;/td&gt;
		&lt;td class="tabelatd1"&gt;Tipo Cobranca&lt;/td&gt;
		&lt;td class="tabelatd1"&gt;10/10/2018&lt;/td&gt;
		&lt;td class="tabelatd1"&gt;110.00&lt;/td&gt;
		&lt;td class="tabelatd1"&gt;0.00&lt;/td&gt;
		&lt;td class="tabelatd1"&gt;Em aberto&lt;/td&gt;
		&lt;td class="tabelatd1"&gt;1-Fulano de Tal (652.392.539-00)&lt;/td&gt;
		&lt;td class="tabelatd1"&gt;1&lt;/td&gt;
		&lt;td class="tabelatd1"&gt;Patrimonial&lt;/td&gt;
&lt;th class="tabelatd1" border="1"&gt;&lt;a class="noPrint" href="?class=BaixarParcela&amp;id=373"&gt;[Baixar&amp;nbsp;parcela] &lt;/a&gt;&lt;a class="noPrint" href="?class=ImprimirParcela&amp;id=373"&gt;[Imprimir&amp;nbsp;parcela] &lt;/a&gt;&lt;/th&gt;
	&lt;/tr&gt;
	&lt;tr&gt;
		&lt;td class="tabelatd2"&gt;406&lt;/td&gt;
		&lt;td class="tabelatd2"&gt;Tipo Cobranca&lt;/td&gt;
		&lt;td class="tabelatd2"&gt;10/10/2018&lt;/td&gt;
		&lt;td class="tabelatd2"&gt;110.00&lt;/td&gt;
		&lt;td class="tabelatd2"&gt;0.00&lt;/td&gt;
		&lt;td class="tabelatd2"&gt;Em aberto&lt;/td&gt;
		&lt;td class="tabelatd2"&gt;1-Fulano de Tal (652.392.539-00)&lt;/td&gt;
		&lt;td class="tabelatd2"&gt;1&lt;/td&gt;
		&lt;td class="tabelatd2"&gt;Patrimonial&lt;/td&gt;
&lt;th class="tabelatd2" border="1"&gt;&lt;a class="noPrint" href="?class=BaixarParcela&amp;id=406"&gt;[Baixar&amp;nbsp;parcela] &lt;/a&gt;&lt;a class="noPrint" href="?class=ImprimirParcela&amp;id=406"&gt;[Imprimir&amp;nbsp;parcela] &lt;/a&gt;&lt;/th&gt;
	&lt;/tr&gt;
	&lt;tr&gt;
		&lt;td class="tabelatd1"&gt;441&lt;/td&gt;
		&lt;td class="tabelatd1"&gt;Tipo Cobranca&lt;/td&gt;
		&lt;td class="tabelatd1"&gt;10/10/2018&lt;/td&gt;
		&lt;td class="tabelatd1"&gt;110.00&lt;/td&gt;
		&lt;td class="tabelatd1"&gt;0.00&lt;/td&gt;
		&lt;td class="tabelatd1"&gt;Em aberto&lt;/td&gt;
		&lt;td class="tabelatd1"&gt;1-Fulano de Tal (652.392.539-00)&lt;/td&gt;
		&lt;td class="tabelatd1"&gt;1&lt;/td&gt;
		&lt;td class="tabelatd1"&gt;Patrimonial&lt;/td&gt;
&lt;th class="tabelatd1" border="1"&gt;&lt;a class="noPrint" href="?class=BaixarParcela&amp;id=441"&gt;[Baixar&amp;nbsp;parcela] &lt;/a&gt;&lt;a class="noPrint" href="?class=ImprimirParcela&amp;id=441"&gt;[Imprimir&amp;nbsp;parcela] &lt;/a&gt;&lt;/th&gt;
	&lt;/tr&gt;
	&lt;tr&gt;
		&lt;td class="tabelatd2"&gt;262&lt;/td&gt;
		&lt;td class="tabelatd2"&gt;Tipo Cobranca&lt;/td&gt;
		&lt;td class="tabelatd2"&gt;10/10/2018&lt;/td&gt;
		&lt;td class="tabelatd2"&gt;110.00&lt;/td&gt;
		&lt;td class="tabelatd2"&gt;0.00&lt;/td&gt;
		&lt;td class="tabelatd2"&gt;Em aberto&lt;/td&gt;
		&lt;td class="tabelatd2"&gt;1-Fulano de Tal (652.392.539-00)&lt;/td&gt;
		&lt;td class="tabelatd2"&gt;1&lt;/td&gt;
		&lt;td class="tabelatd2"&gt;Patrimonial&lt;/td&gt;
&lt;th class="tabelatd2" border="1"&gt;&lt;a class="noPrint" href="?class=BaixarParcela&amp;id=262"&gt;[Baixar&amp;nbsp;parcela] &lt;/a&gt;&lt;a class="noPrint" href="?class=ImprimirParcela&amp;id=262"&gt;[Imprimir&amp;nbsp;parcela] &lt;/a&gt;&lt;/th&gt;
	&lt;/tr&gt;
	&lt;tr&gt;
		&lt;td class="tabelatd1"&gt;287&lt;/td&gt;
		&lt;td class="tabelatd1"&gt;Tipo Cobranca&lt;/td&gt;
		&lt;td class="tabelatd1"&gt;10/10/2018&lt;/td&gt;
		&lt;td class="tabelatd1"&gt;110.00&lt;/td&gt;
		&lt;td class="tabelatd1"&gt;0.00&lt;/td&gt;
		&lt;td class="tabelatd1"&gt;Em aberto&lt;/td&gt;
		&lt;td class="tabelatd1"&gt;1-Fulano de Tal (652.392.539-00)&lt;/td&gt;
		&lt;td class="tabelatd1"&gt;1&lt;/td&gt;
		&lt;td class="tabelatd1"&gt;Patrimonial&lt;/td&gt;
&lt;th class="tabelatd1" border="1"&gt;&lt;a class="noPrint" href="?class=BaixarParcela&amp;id=287"&gt;[Baixar&amp;nbsp;parcela] &lt;/a&gt;&lt;a class="noPrint" href="?class=ImprimirParcela&amp;id=287"&gt;[Imprimir&amp;nbsp;parcela] &lt;/a&gt;&lt;/th&gt;
	&lt;/tr&gt;
	&lt;tr&gt;
		&lt;td class="tabelatd2"&gt;314&lt;/td&gt;
		&lt;td class="tabelatd2"&gt;Tipo Cobranca&lt;/td&gt;
		&lt;td class="tabelatd2"&gt;10/10/2018&lt;/td&gt;
		&lt;td class="tabelatd2"&gt;110.00&lt;/td&gt;
		&lt;td class="tabelatd2"&gt;0.00&lt;/td&gt;
		&lt;td class="tabelatd2"&gt;Em aberto&lt;/td&gt;
		&lt;td class="tabelatd2"&gt;1-Fulano de Tal (652.392.539-00)&lt;/td&gt;
		&lt;td class="tabelatd2"&gt;1&lt;/td&gt;
		&lt;td class="tabelatd2"&gt;Patrimonial&lt;/td&gt;
&lt;th class="tabelatd2" border="1"&gt;&lt;a class="noPrint" href="?class=BaixarParcela&amp;id=314"&gt;[Baixar&amp;nbsp;parcela] &lt;/a&gt;&lt;a class="noPrint" href="?class=ImprimirParcela&amp;id=314"&gt;[Imprimir&amp;nbsp;parcela] &lt;/a&gt;&lt;/th&gt;
	&lt;/tr&gt;
	&lt;tr&gt;
		&lt;td class="tabelatd1"&gt;343&lt;/td&gt;
		&lt;td class="tabelatd1"&gt;Tipo Cobranca&lt;/td&gt;
		&lt;td class="tabelatd1"&gt;10/10/2018&lt;/td&gt;
		&lt;td class="tabelatd1"&gt;110.00&lt;/td&gt;
		&lt;td class="tabelatd1"&gt;0.00&lt;/td&gt;
		&lt;td class="tabelatd1"&gt;Em aberto&lt;/td&gt;
		&lt;td class="tabelatd1"&gt;1-Fulano de Tal (652.392.539-00)&lt;/td&gt;
		&lt;td class="tabelatd1"&gt;1&lt;/td&gt;
		&lt;td class="tabelatd1"&gt;Patrimonial&lt;/td&gt;
&lt;th class="tabelatd1" border="1"&gt;&lt;a class="noPrint" href="?class=BaixarParcela&amp;id=343"&gt;[Baixar&amp;nbsp;parcela] &lt;/a&gt;&lt;a class="noPrint" href="?class=ImprimirParcela&amp;id=343"&gt;[Imprimir&amp;nbsp;parcela] &lt;/a&gt;&lt;/th&gt;
	&lt;/tr&gt;
	&lt;tr&gt;
		&lt;td class="tabelatd2"&gt;374&lt;/td&gt;
		&lt;td class="tabelatd2"&gt;Tipo Cobranca&lt;/td&gt;
		&lt;td class="tabelatd2"&gt;10/10/2018&lt;/td&gt;
		&lt;td class="tabelatd2"&gt;110.00&lt;/td&gt;
		&lt;td class="tabelatd2"&gt;0.00&lt;/td&gt;
		&lt;td class="tabelatd2"&gt;Em aberto&lt;/td&gt;
		&lt;td class="tabelatd2"&gt;1-Fulano de Tal (652.392.539-00)&lt;/td&gt;
		&lt;td class="tabelatd2"&gt;1&lt;/td&gt;
		&lt;td class="tabelatd2"&gt;Patrimonial&lt;/td&gt;
&lt;th class="tabelatd2" border="1"&gt;&lt;a class="noPrint" href="?class=BaixarParcela&amp;id=374"&gt;[Baixar&amp;nbsp;parcela] &lt;/a&gt;&lt;a class="noPrint" href="?class=ImprimirParcela&amp;id=374"&gt;[Imprimir&amp;nbsp;parcela] &lt;/a&gt;&lt;/th&gt;
	&lt;/tr&gt;
	&lt;tr&gt;
		&lt;td class="tabelatd1"&gt;407&lt;/td&gt;
		&lt;td class="tabelatd1"&gt;Tipo Cobranca&lt;/td&gt;
		&lt;td class="tabelatd1"&gt;10/10/2018&lt;/td&gt;
		&lt;td class="tabelatd1"&gt;110.00&lt;/td&gt;
		&lt;td class="tabelatd1"&gt;0.00&lt;/td&gt;
		&lt;td class="tabelatd1"&gt;Em aberto&lt;/td&gt;
		&lt;td class="tabelatd1"&gt;1-Fulano de Tal (652.392.539-00)&lt;/td&gt;
		&lt;td class="tabelatd1"&gt;1&lt;/td&gt;
		&lt;td class="tabelatd1"&gt;Patrimonial&lt;/td&gt;
&lt;th class="tabelatd1" border="1"&gt;&lt;a class="noPrint" href="?class=BaixarParcela&amp;id=407"&gt;[Baixar&amp;nbsp;parcela] &lt;/a&gt;&lt;a class="noPrint" href="?class=ImprimirParcela&amp;id=407"&gt;[Imprimir&amp;nbsp;parcela] &lt;/a&gt;&lt;/th&gt;
	&lt;/tr&gt;
	&lt;tr&gt;
		&lt;td class="tabelatd2"&gt;442&lt;/td&gt;
		&lt;td class="tabelatd2"&gt;Tipo Cobranca&lt;/td&gt;
		&lt;td class="tabelatd2"&gt;10/10/2018&lt;/td&gt;
		&lt;td class="tabelatd2"&gt;110.00&lt;/td&gt;
		&lt;td class="tabelatd2"&gt;0.00&lt;/td&gt;
		&lt;td class="tabelatd2"&gt;Em aberto&lt;/td&gt;
		&lt;td class="tabelatd2"&gt;1-Fulano de Tal (652.392.539-00)&lt;/td&gt;
		&lt;td class="tabelatd2"&gt;1&lt;/td&gt;
		&lt;td class="tabelatd2"&gt;Patrimonial&lt;/td&gt;
&lt;th class="tabelatd2" border="1"&gt;&lt;a class="noPrint" href="?class=BaixarParcela&amp;id=442"&gt;[Baixar&amp;nbsp;parcela] &lt;/a&gt;&lt;a class="noPrint" href="?class=ImprimirParcela&amp;id=442"&gt;[Imprimir&amp;nbsp;parcela] &lt;/a&gt;&lt;/th&gt;
	&lt;/tr&gt;
	&lt;tr&gt;
		&lt;td class="tabelatd1"&gt;263&lt;/td&gt;
		&lt;td class="tabelatd1"&gt;Tipo Cobranca&lt;/td&gt;
		&lt;td class="tabelatd1"&gt;10/10/2018&lt;/td&gt;
		&lt;td class="tabelatd1"&gt;110.00&lt;/td&gt;
		&lt;td class="tabelatd1"&gt;0.00&lt;/td&gt;
		&lt;td class="tabelatd1"&gt;Em aberto&lt;/td&gt;
		&lt;td class="tabelatd1"&gt;1-Fulano de Tal (652.392.539-00)&lt;/td&gt;
		&lt;td class="tabelatd1"&gt;1&lt;/td&gt;
		&lt;td class="tabelatd1"&gt;Patrimonial&lt;/td&gt;
&lt;th class="tabelatd1" border="1"&gt;&lt;a class="noPrint" href="?class=BaixarParcela&amp;id=263"&gt;[Baixar&amp;nbsp;parcela] &lt;/a&gt;&lt;a class="noPrint" href="?class=ImprimirParcela&amp;id=263"&gt;[Imprimir&amp;nbsp;parcela] &lt;/a&gt;&lt;/th&gt;
	&lt;/tr&gt;
	&lt;tr&gt;
		&lt;td class="tabelatd2"&gt;288&lt;/td&gt;
		&lt;td class="tabelatd2"&gt;Tipo Cobranca&lt;/td&gt;
		&lt;td class="tabelatd2"&gt;10/10/2018&lt;/td&gt;
		&lt;td class="tabelatd2"&gt;110.00&lt;/td&gt;
		&lt;td class="tabelatd2"&gt;0.00&lt;/td&gt;
		&lt;td class="tabelatd2"&gt;Em aberto&lt;/td&gt;
		&lt;td class="tabelatd2"&gt;1-Fulano de Tal (652.392.539-00)&lt;/td&gt;
		&lt;td class="tabelatd2"&gt;1&lt;/td&gt;
		&lt;td class="tabelatd2"&gt;Patrimonial&lt;/td&gt;
&lt;th class="tabelatd2" border="1"&gt;&lt;a class="noPrint" href="?class=BaixarParcela&amp;id=288"&gt;[Baixar&amp;nbsp;parcela] &lt;/a&gt;&lt;a class="noPrint" href="?class=ImprimirParcela&amp;id=288"&gt;[Imprimir&amp;nbsp;parcela] &lt;/a&gt;&lt;/th&gt;
	&lt;/tr&gt;
	&lt;tr&gt;
		&lt;td class="tabelatd1"&gt;315&lt;/td&gt;
		&lt;td class="tabelatd1"&gt;Tipo Cobranca&lt;/td&gt;
		&lt;td class="tabelatd1"&gt;10/10/2018&lt;/td&gt;
		&lt;td class="tabelatd1"&gt;110.00&lt;/td&gt;
		&lt;td class="tabelatd1"&gt;0.00&lt;/td&gt;
		&lt;td class="tabelatd1"&gt;Em aberto&lt;/td&gt;
		&lt;td class="tabelatd1"&gt;1-Fulano de Tal (652.392.539-00)&lt;/td&gt;
		&lt;td class="tabelatd1"&gt;1&lt;/td&gt;
		&lt;td class="tabelatd1"&gt;Patrimonial&lt;/td&gt;
&lt;th class="tabelatd1" border="1"&gt;&lt;a class="noPrint" href="?class=BaixarParcela&amp;id=315"&gt;[Baixar&amp;nbsp;parcela] &lt;/a&gt;&lt;a class="noPrint" href="?class=ImprimirParcela&amp;id=315"&gt;[Imprimir&amp;nbsp;parcela] &lt;/a&gt;&lt;/th&gt;
	&lt;/tr&gt;
	&lt;tr&gt;
		&lt;td class="tabelatd2"&gt;344&lt;/td&gt;
		&lt;td class="tabelatd2"&gt;Tipo Cobranca&lt;/td&gt;
		&lt;td class="tabelatd2"&gt;10/10/2018&lt;/td&gt;
		&lt;td class="tabelatd2"&gt;110.00&lt;/td&gt;
		&lt;td class="tabelatd2"&gt;0.00&lt;/td&gt;
		&lt;td class="tabelatd2"&gt;Em aberto&lt;/td&gt;
		&lt;td class="tabelatd2"&gt;1-Fulano de Tal (652.392.539-00)&lt;/td&gt;
		&lt;td class="tabelatd2"&gt;1&lt;/td&gt;
		&lt;td class="tabelatd2"&gt;Patrimonial&lt;/td&gt;
&lt;th class="tabelatd2" border="1"&gt;&lt;a class="noPrint" href="?class=BaixarParcela&amp;id=344"&gt;[Baixar&amp;nbsp;parcela] &lt;/a&gt;&lt;a class="noPrint" href="?class=ImprimirParcela&amp;id=344"&gt;[Imprimir&amp;nbsp;parcela] &lt;/a&gt;&lt;/th&gt;
	&lt;/tr&gt;
	&lt;tr&gt;
		&lt;td class="tabelatd1"&gt;375&lt;/td&gt;
		&lt;td class="tabelatd1"&gt;Tipo Cobranca&lt;/td&gt;
		&lt;td class="tabelatd1"&gt;10/10/2018&lt;/td&gt;
		&lt;td class="tabelatd1"&gt;110.00&lt;/td&gt;
		&lt;td class="tabelatd1"&gt;0.00&lt;/td&gt;
		&lt;td class="tabelatd1"&gt;Em aberto&lt;/td&gt;
		&lt;td class="tabelatd1"&gt;1-Fulano de Tal (652.392.539-00)&lt;/td&gt;
		&lt;td class="tabelatd1"&gt;1&lt;/td&gt;
		&lt;td class="tabelatd1"&gt;Patrimonial&lt;/td&gt;
&lt;th class="tabelatd1" border="1"&gt;&lt;a class="noPrint" href="?class=BaixarParcela&amp;id=375"&gt;[Baixar&amp;nbsp;parcela] &lt;/a&gt;&lt;a class="noPrint" href="?class=ImprimirParcela&amp;id=375"&gt;[Imprimir&amp;nbsp;parcela] &lt;/a&gt;&lt;/th&gt;
	&lt;/tr&gt;
	&lt;tr&gt;
		&lt;td class="tabelatd2"&gt;408&lt;/td&gt;
		&lt;td class="tabelatd2"&gt;Tipo Cobranca&lt;/td&gt;
		&lt;td class="tabelatd2"&gt;10/10/2018&lt;/td&gt;
		&lt;td class="tabelatd2"&gt;110.00&lt;/td&gt;
		&lt;td class="tabelatd2"&gt;0.00&lt;/td&gt;
		&lt;td class="tabelatd2"&gt;Em aberto&lt;/td&gt;
		&lt;td class="tabelatd2"&gt;1-Fulano de Tal (652.392.539-00)&lt;/td&gt;
		&lt;td class="tabelatd2"&gt;1&lt;/td&gt;
		&lt;td class="tabelatd2"&gt;Patrimonial&lt;/td&gt;
&lt;th class="tabelatd2" border="1"&gt;&lt;a class="noPrint" href="?class=BaixarParcela&amp;id=408"&gt;[Baixar&amp;nbsp;parcela] &lt;/a&gt;&lt;a class="noPrint" href="?class=ImprimirParcela&amp;id=408"&gt;[Imprimir&amp;nbsp;parcela] &lt;/a&gt;&lt;/th&gt;
	&lt;/tr&gt;
	&lt;tr&gt;
		&lt;td class="tabelatd1"&gt;443&lt;/td&gt;
		&lt;td class="tabelatd1"&gt;Tipo Cobranca&lt;/td&gt;
		&lt;td class="tabelatd1"&gt;10/10/2018&lt;/td&gt;
		&lt;td class="tabelatd1"&gt;110.00&lt;/td&gt;
		&lt;td class="tabelatd1"&gt;0.00&lt;/td&gt;
		&lt;td class="tabelatd1"&gt;Em aberto&lt;/td&gt;
		&lt;td class="tabelatd1"&gt;1-Fulano de Tal (652.392.539-00)&lt;/td&gt;
		&lt;td class="tabelatd1"&gt;1&lt;/td&gt;
		&lt;td class="tabelatd1"&gt;Patrimonial&lt;/td&gt;
&lt;th class="tabelatd1" border="1"&gt;&lt;a class="noPrint" href="?class=BaixarParcela&amp;id=443"&gt;[Baixar&amp;nbsp;parcela] &lt;/a&gt;&lt;a class="noPrint" href="?class=ImprimirParcela&amp;id=443"&gt;[Imprimir&amp;nbsp;parcela] &lt;/a&gt;&lt;/th&gt;
	&lt;/tr&gt;
	&lt;tr&gt;
		&lt;td class="tabelatd2"&gt;264&lt;/td&gt;
		&lt;td class="tabelatd2"&gt;Tipo Cobranca&lt;/td&gt;
		&lt;td class="tabelatd2"&gt;10/10/2018&lt;/td&gt;
		&lt;td class="tabelatd2"&gt;110.00&lt;/td&gt;
		&lt;td class="tabelatd2"&gt;0.00&lt;/td&gt;
		&lt;td class="tabelatd2"&gt;Em aberto&lt;/td&gt;
		&lt;td class="tabelatd2"&gt;1-Fulano de Tal (652.392.539-00)&lt;/td&gt;
		&lt;td class="tabelatd2"&gt;1&lt;/td&gt;
		&lt;td class="tabelatd2"&gt;Patrimonial&lt;/td&gt;
&lt;th class="tabelatd2" border="1"&gt;&lt;a class="noPrint" href="?class=BaixarParcela&amp;id=264"&gt;[Baixar&amp;nbsp;parcela] &lt;/a&gt;&lt;a class="noPrint" href="?class=ImprimirParcela&amp;id=264"&gt;[Imprimir&amp;nbsp;parcela] &lt;/a&gt;&lt;/th&gt;
	&lt;/tr&gt;
	&lt;tr&gt;
		&lt;td class="tabelatd1"&gt;289&lt;/td&gt;
		&lt;td class="tabelatd1"&gt;Tipo Cobranca&lt;/td&gt;
		&lt;td class="tabelatd1"&gt;10/10/2018&lt;/td&gt;
		&lt;td class="tabelatd1"&gt;110.00&lt;/td&gt;
		&lt;td class="tabelatd1"&gt;0.00&lt;/td&gt;
		&lt;td class="tabelatd1"&gt;Em aberto&lt;/td&gt;
		&lt;td class="tabelatd1"&gt;1-Fulano de Tal (652.392.539-00)&lt;/td&gt;
		&lt;td class="tabelatd1"&gt;1&lt;/td&gt;
		&lt;td class="tabelatd1"&gt;Patrimonial&lt;/td&gt;
&lt;th class="tabelatd1" border="1"&gt;&lt;a class="noPrint" href="?class=BaixarParcela&amp;id=289"&gt;[Baixar&amp;nbsp;parcela] &lt;/a&gt;&lt;a class="noPrint" href="?class=ImprimirParcela&amp;id=289"&gt;[Imprimir&amp;nbsp;parcela] &lt;/a&gt;&lt;/th&gt;
	&lt;/tr&gt;
	&lt;tr&gt;
		&lt;td class="tabelatd2"&gt;316&lt;/td&gt;
		&lt;td class="tabelatd2"&gt;Tipo Cobranca&lt;/td&gt;
		&lt;td class="tabelatd2"&gt;10/10/2018&lt;/td&gt;
		&lt;td class="tabelatd2"&gt;110.00&lt;/td&gt;
		&lt;td class="tabelatd2"&gt;0.00&lt;/td&gt;
		&lt;td class="tabelatd2"&gt;Em aberto&lt;/td&gt;
		&lt;td class="tabelatd2"&gt;1-Fulano de Tal (652.392.539-00)&lt;/td&gt;
		&lt;td class="tabelatd2"&gt;1&lt;/td&gt;
		&lt;td class="tabelatd2"&gt;Patrimonial&lt;/td&gt;
&lt;th class="tabelatd2" border="1"&gt;&lt;a class="noPrint" href="?class=BaixarParcela&amp;id=316"&gt;[Baixar&amp;nbsp;parcela] &lt;/a&gt;&lt;a class="noPrint" href="?class=ImprimirParcela&amp;id=316"&gt;[Imprimir&amp;nbsp;parcela] &lt;/a&gt;&lt;/th&gt;
	&lt;/tr&gt;
	&lt;tr&gt;
		&lt;td class="tabelatd1"&gt;345&lt;/td&gt;
		&lt;td class="tabelatd1"&gt;Tipo Cobranca&lt;/td&gt;
		&lt;td class="tabelatd1"&gt;10/10/2018&lt;/td&gt;
		&lt;td class="tabelatd1"&gt;110.00&lt;/td&gt;
		&lt;td class="tabelatd1"&gt;0.00&lt;/td&gt;
		&lt;td class="tabelatd1"&gt;Em aberto&lt;/td&gt;
		&lt;td class="tabelatd1"&gt;1-Fulano de Tal (652.392.539-00)&lt;/td&gt;
		&lt;td class="tabelatd1"&gt;1&lt;/td&gt;
		&lt;td class="tabelatd1"&gt;Patrimonial&lt;/td&gt;
&lt;th class="tabelatd1" border="1"&gt;&lt;a class="noPrint" href="?class=BaixarParcela&amp;id=345"&gt;[Baixar&amp;nbsp;parcela] &lt;/a&gt;&lt;a class="noPrint" href="?class=ImprimirParcela&amp;id=345"&gt;[Imprimir&amp;nbsp;parcela] &lt;/a&gt;&lt;/th&gt;
	&lt;/tr&gt;
	&lt;tr&gt;
		&lt;td class="tabelatd2"&gt;376&lt;/td&gt;
		&lt;td class="tabelatd2"&gt;Tipo Cobranca&lt;/td&gt;
		&lt;td class="tabelatd2"&gt;10/10/2018&lt;/td&gt;
		&lt;td class="tabelatd2"&gt;110.00&lt;/td&gt;
		&lt;td class="tabelatd2"&gt;0.00&lt;/td&gt;
		&lt;td class="tabelatd2"&gt;Em aberto&lt;/td&gt;
		&lt;td class="tabelatd2"&gt;1-Fulano de Tal (652.392.539-00)&lt;/td&gt;
		&lt;td class="tabelatd2"&gt;1&lt;/td&gt;
		&lt;td class="tabelatd2"&gt;Patrimonial&lt;/td&gt;
&lt;th class="tabelatd2" border="1"&gt;&lt;a class="noPrint" href="?class=BaixarParcela&amp;id=376"&gt;[Baixar&amp;nbsp;parcela] &lt;/a&gt;&lt;a class="noPrint" href="?class=ImprimirParcela&amp;id=376"&gt;[Imprimir&amp;nbsp;parcela] &lt;/a&gt;&lt;/th&gt;
	&lt;/tr&gt;
	&lt;tr&gt;
		&lt;td class="tabelatd1"&gt;409&lt;/td&gt;
		&lt;td class="tabelatd1"&gt;Tipo Cobranca&lt;/td&gt;
		&lt;td class="tabelatd1"&gt;10/10/2018&lt;/td&gt;
		&lt;td class="tabelatd1"&gt;110.00&lt;/td&gt;
		&lt;td class="tabelatd1"&gt;0.00&lt;/td&gt;
		&lt;td class="tabelatd1"&gt;Em aberto&lt;/td&gt;
		&lt;td class="tabelatd1"&gt;1-Fulano de Tal (652.392.539-00)&lt;/td&gt;
		&lt;td class="tabelatd1"&gt;1&lt;/td&gt;
		&lt;td class="tabelatd1"&gt;Patrimonial&lt;/td&gt;
&lt;th class="tabelatd1" border="1"&gt;&lt;a class="noPrint" href="?class=BaixarParcela&amp;id=409"&gt;[Baixar&amp;nbsp;parcela] &lt;/a&gt;&lt;a class="noPrint" href="?class=ImprimirParcela&amp;id=409"&gt;[Imprimir&amp;nbsp;parcela] &lt;/a&gt;&lt;/th&gt;
	&lt;/tr&gt;
	&lt;tr&gt;
		&lt;td class="tabelatd2"&gt;444&lt;/td&gt;
		&lt;td class="tabelatd2"&gt;Tipo Cobranca&lt;/td&gt;
		&lt;td class="tabelatd2"&gt;10/10/2018&lt;/td&gt;
		&lt;td class="tabelatd2"&gt;110.00&lt;/td&gt;
		&lt;td class="tabelatd2"&gt;0.00&lt;/td&gt;
		&lt;td class="tabelatd2"&gt;Em aberto&lt;/td&gt;
		&lt;td class="tabelatd2"&gt;1-Fulano de Tal (652.392.539-00)&lt;/td&gt;
		&lt;td class="tabelatd2"&gt;1&lt;/td&gt;
		&lt;td class="tabelatd2"&gt;Patrimonial&lt;/td&gt;
&lt;th class="tabelatd2" border="1"&gt;&lt;a class="noPrint" href="?class=BaixarParcela&amp;id=444"&gt;[Baixar&amp;nbsp;parcela] &lt;/a&gt;&lt;a class="noPrint" href="?class=ImprimirParcela&amp;id=444"&gt;[Imprimir&amp;nbsp;parcela] &lt;/a&gt;&lt;/th&gt;
	&lt;/tr&gt;
	&lt;tr&gt;
		&lt;td class="tabelatd1"&gt;290&lt;/td&gt;
		&lt;td class="tabelatd1"&gt;Tipo Cobranca&lt;/td&gt;
		&lt;td class="tabelatd1"&gt;10/10/2018&lt;/td&gt;
		&lt;td class="tabelatd1"&gt;110.00&lt;/td&gt;
		&lt;td class="tabelatd1"&gt;0.00&lt;/td&gt;
		&lt;td class="tabelatd1"&gt;Em aberto&lt;/td&gt;
		&lt;td class="tabelatd1"&gt;1-Fulano de Tal (652.392.539-00)&lt;/td&gt;
		&lt;td class="tabelatd1"&gt;1&lt;/td&gt;
		&lt;td class="tabelatd1"&gt;Patrimonial&lt;/td&gt;
&lt;th class="tabelatd1" border="1"&gt;&lt;a class="noPrint" href="?class=BaixarParcela&amp;id=290"&gt;[Baixar&amp;nbsp;parcela] &lt;/a&gt;&lt;a class="noPrint" href="?class=ImprimirParcela&amp;id=290"&gt;[Imprimir&amp;nbsp;parcela] &lt;/a&gt;&lt;/th&gt;
	&lt;/tr&gt;
	&lt;tr&gt;
		&lt;td class="tabelatd2"&gt;317&lt;/td&gt;
		&lt;td class="tabelatd2"&gt;Tipo Cobranca&lt;/td&gt;
		&lt;td class="tabelatd2"&gt;10/10/2018&lt;/td&gt;
		&lt;td class="tabelatd2"&gt;110.00&lt;/td&gt;
		&lt;td class="tabelatd2"&gt;0.00&lt;/td&gt;
		&lt;td class="tabelatd2"&gt;Em aberto&lt;/td&gt;
		&lt;td class="tabelatd2"&gt;1-Fulano de Tal (652.392.539-00)&lt;/td&gt;
		&lt;td class="tabelatd2"&gt;1&lt;/td&gt;
		&lt;td class="tabelatd2"&gt;Patrimonial&lt;/td&gt;
&lt;th class="tabelatd2" border="1"&gt;&lt;a class="noPrint" href="?class=BaixarParcela&amp;id=317"&gt;[Baixar&amp;nbsp;parcela] &lt;/a&gt;&lt;a class="noPrint" href="?class=ImprimirParcela&amp;id=317"&gt;[Imprimir&amp;nbsp;parcela] &lt;/a&gt;&lt;/th&gt;
	&lt;/tr&gt;
	&lt;tr&gt;
		&lt;td class="tabelatd1"&gt;346&lt;/td&gt;
		&lt;td class="tabelatd1"&gt;Tipo Cobranca&lt;/td&gt;
		&lt;td class="tabelatd1"&gt;10/10/2018&lt;/td&gt;
		&lt;td class="tabelatd1"&gt;110.00&lt;/td&gt;
		&lt;td class="tabelatd1"&gt;0.00&lt;/td&gt;
		&lt;td class="tabelatd1"&gt;Em aberto&lt;/td&gt;
		&lt;td class="tabelatd1"&gt;1-Fulano de Tal (652.392.539-00)&lt;/td&gt;
		&lt;td class="tabelatd1"&gt;1&lt;/td&gt;
		&lt;td class="tabelatd1"&gt;Patrimonial&lt;/td&gt;
&lt;th class="tabelatd1" border="1"&gt;&lt;a class="noPrint" href="?class=BaixarParcela&amp;id=346"&gt;[Baixar&amp;nbsp;parcela] &lt;/a&gt;&lt;a class="noPrint" href="?class=ImprimirParcela&amp;id=346"&gt;[Imprimir&amp;nbsp;parcela] &lt;/a&gt;&lt;/th&gt;
	&lt;/tr&gt;
	&lt;tr&gt;
		&lt;td class="tabelatd2"&gt;377&lt;/td&gt;
		&lt;td class="tabelatd2"&gt;Tipo Cobranca&lt;/td&gt;
		&lt;td class="tabelatd2"&gt;10/10/2018&lt;/td&gt;
		&lt;td class="tabelatd2"&gt;110.00&lt;/td&gt;
		&lt;td class="tabelatd2"&gt;0.00&lt;/td&gt;
		&lt;td class="tabelatd2"&gt;Em aberto&lt;/td&gt;
		&lt;td class="tabelatd2"&gt;1-Fulano de Tal (652.392.539-00)&lt;/td&gt;
		&lt;td class="tabelatd2"&gt;1&lt;/td&gt;
		&lt;td class="tabelatd2"&gt;Patrimonial&lt;/td&gt;
&lt;th class="tabelatd2" border="1"&gt;&lt;a class="noPrint" href="?class=BaixarParcela&amp;id=377"&gt;[Baixar&amp;nbsp;parcela] &lt;/a&gt;&lt;a class="noPrint" href="?class=ImprimirParcela&amp;id=377"&gt;[Imprimir&amp;nbsp;parcela] &lt;/a&gt;&lt;/th&gt;
	&lt;/tr&gt;
	&lt;tr&gt;
		&lt;td class="tabelatd1"&gt;410&lt;/td&gt;
		&lt;td class="tabelatd1"&gt;Tipo Cobranca&lt;/td&gt;
		&lt;td class="tabelatd1"&gt;10/10/2018&lt;/td&gt;
		&lt;td class="tabelatd1"&gt;110.00&lt;/td&gt;
		&lt;td class="tabelatd1"&gt;0.00&lt;/td&gt;
		&lt;td class="tabelatd1"&gt;Em aberto&lt;/td&gt;
		&lt;td class="tabelatd1"&gt;1-Fulano de Tal (652.392.539-00)&lt;/td&gt;
		&lt;td class="tabelatd1"&gt;1&lt;/td&gt;
		&lt;td class="tabelatd1"&gt;Patrimonial&lt;/td&gt;
&lt;th class="tabelatd1" border="1"&gt;&lt;a class="noPrint" href="?class=BaixarParcela&amp;id=410"&gt;[Baixar&amp;nbsp;parcela] &lt;/a&gt;&lt;a class="noPrint" href="?class=ImprimirParcela&amp;id=410"&gt;[Imprimir&amp;nbsp;parcela] &lt;/a&gt;&lt;/th&gt;
	&lt;/tr&gt;
	&lt;tr&gt;
		&lt;td class="tabelatd2"&gt;445&lt;/td&gt;
		&lt;td class="tabelatd2"&gt;Tipo Cobranca&lt;/td&gt;
		&lt;td class="tabelatd2"&gt;10/10/2018&lt;/td&gt;
		&lt;td class="tabelatd2"&gt;110.00&lt;/td&gt;
		&lt;td class="tabelatd2"&gt;0.00&lt;/td&gt;
		&lt;td class="tabelatd2"&gt;Em aberto&lt;/td&gt;
		&lt;td class="tabelatd2"&gt;1-Fulano de Tal (652.392.539-00)&lt;/td&gt;
		&lt;td class="tabelatd2"&gt;1&lt;/td&gt;
		&lt;td class="tabelatd2"&gt;Patrimonial&lt;/td&gt;
&lt;th class="tabelatd2" border="1"&gt;&lt;a class="noPrint" href="?class=BaixarParcela&amp;id=445"&gt;[Baixar&amp;nbsp;parcela] &lt;/a&gt;&lt;a class="noPrint" href="?class=ImprimirParcela&amp;id=445"&gt;[Imprimir&amp;nbsp;parcela] &lt;/a&gt;&lt;/th&gt;
	&lt;/tr&gt;
	&lt;tr&gt;
		&lt;td class="tabelatd1"&gt;318&lt;/td&gt;
		&lt;td class="tabelatd1"&gt;Tipo Cobranca&lt;/td&gt;
		&lt;td class="tabelatd1"&gt;10/10/2018&lt;/td&gt;
		&lt;td class="tabelatd1"&gt;110.00&lt;/td&gt;
		&lt;td class="tabelatd1"&gt;0.00&lt;/td&gt;
		&lt;td class="tabelatd1"&gt;Em aberto&lt;/td&gt;
		&lt;td class="tabelatd1"&gt;1-Fulano de Tal (652.392.539-00)&lt;/td&gt;
		&lt;td class="tabelatd1"&gt;1&lt;/td&gt;
		&lt;td class="tabelatd1"&gt;Patrimonial&lt;/td&gt;
&lt;th class="tabelatd1" border="1"&gt;&lt;a class="noPrint" href="?class=BaixarParcela&amp;id=318"&gt;[Baixar&amp;nbsp;parcela] &lt;/a&gt;&lt;a class="noPrint" href="?class=ImprimirParcela&amp;id=318"&gt;[Imprimir&amp;nbsp;parcela] &lt;/a&gt;&lt;/th&gt;
	&lt;/tr&gt;
	&lt;tr&gt;
		&lt;td class="tabelatd2"&gt;347&lt;/td&gt;
		&lt;td class="tabelatd2"&gt;Tipo Cobranca&lt;/td&gt;
		&lt;td class="tabelatd2"&gt;10/10/2018&lt;/td&gt;
		&lt;td class="tabelatd2"&gt;110.00&lt;/td&gt;
		&lt;td class="tabelatd2"&gt;0.00&lt;/td&gt;
		&lt;td class="tabelatd2"&gt;Em aberto&lt;/td&gt;
		&lt;td class="tabelatd2"&gt;1-Fulano de Tal (652.392.539-00)&lt;/td&gt;
		&lt;td class="tabelatd2"&gt;1&lt;/td&gt;
		&lt;td class="tabelatd2"&gt;Patrimonial&lt;/td&gt;
&lt;th class="tabelatd2" border="1"&gt;&lt;a class="noPrint" href="?class=BaixarParcela&amp;id=347"&gt;[Baixar&amp;nbsp;parcela] &lt;/a&gt;&lt;a class="noPrint" href="?class=ImprimirParcela&amp;id=347"&gt;[Imprimir&amp;nbsp;parcela] &lt;/a&gt;&lt;/th&gt;
	&lt;/tr&gt;
	&lt;tr&gt;
		&lt;td class="tabelatd1"&gt;378&lt;/td&gt;
		&lt;td class="tabelatd1"&gt;Tipo Cobranca&lt;/td&gt;
		&lt;td class="tabelatd1"&gt;10/10/2018&lt;/td&gt;
		&lt;td class="tabelatd1"&gt;110.00&lt;/td&gt;
		&lt;td class="tabelatd1"&gt;0.00&lt;/td&gt;
		&lt;td class="tabelatd1"&gt;Em aberto&lt;/td&gt;
		&lt;td class="tabelatd1"&gt;1-Fulano de Tal (652.392.539-00)&lt;/td&gt;
		&lt;td class="tabelatd1"&gt;1&lt;/td&gt;
		&lt;td class="tabelatd1"&gt;Patrimonial&lt;/td&gt;
&lt;th class="tabelatd1" border="1"&gt;&lt;a class="noPrint" href="?class=BaixarParcela&amp;id=378"&gt;[Baixar&amp;nbsp;parcela] &lt;/a&gt;&lt;a class="noPrint" href="?class=ImprimirParcela&amp;id=378"&gt;[Imprimir&amp;nbsp;parcela] &lt;/a&gt;&lt;/th&gt;
	&lt;/tr&gt;
	&lt;tr&gt;
		&lt;td class="tabelatd2"&gt;411&lt;/td&gt;
		&lt;td class="tabelatd2"&gt;Tipo Cobranca&lt;/td&gt;
		&lt;td class="tabelatd2"&gt;10/10/2018&lt;/td&gt;
		&lt;td class="tabelatd2"&gt;110.00&lt;/td&gt;
		&lt;td class="tabelatd2"&gt;0.00&lt;/td&gt;
		&lt;td class="tabelatd2"&gt;Em aberto&lt;/td&gt;
		&lt;td class="tabelatd2"&gt;1-Fulano de Tal (652.392.539-00)&lt;/td&gt;
		&lt;td class="tabelatd2"&gt;1&lt;/td&gt;
		&lt;td class="tabelatd2"&gt;Patrimonial&lt;/td&gt;
&lt;th class="tabelatd2" border="1"&gt;&lt;a class="noPrint" href="?class=BaixarParcela&amp;id=411"&gt;[Baixar&amp;nbsp;parcela] &lt;/a&gt;&lt;a class="noPrint" href="?class=ImprimirParcela&amp;id=411"&gt;[Imprimir&amp;nbsp;parcela] &lt;/a&gt;&lt;/th&gt;
	&lt;/tr&gt;
	&lt;tr&gt;
		&lt;td class="tabelatd1"&gt;446&lt;/td&gt;
		&lt;td class="tabelatd1"&gt;Tipo Cobranca&lt;/td&gt;
		&lt;td class="tabelatd1"&gt;10/10/2018&lt;/td&gt;
		&lt;td class="tabelatd1"&gt;110.00&lt;/td&gt;
		&lt;td class="tabelatd1"&gt;0.00&lt;/td&gt;
		&lt;td class="tabelatd1"&gt;Em aberto&lt;/td&gt;
		&lt;td class="tabelatd1"&gt;1-Fulano de Tal (652.392.539-00)&lt;/td&gt;
		&lt;td class="tabelatd1"&gt;1&lt;/td&gt;
		&lt;td class="tabelatd1"&gt;Patrimonial&lt;/td&gt;
&lt;th class="tabelatd1" border="1"&gt;&lt;a class="noPrint" href="?class=BaixarParcela&amp;id=446"&gt;[Baixar&amp;nbsp;parcela] &lt;/a&gt;&lt;a class="noPrint" href="?class=ImprimirParcela&amp;id=446"&gt;[Imprimir&amp;nbsp;parcela] &lt;/a&gt;&lt;/th&gt;
	&lt;/tr&gt;
	&lt;tr&gt;
		&lt;td class="tabelatd2"&gt;348&lt;/td&gt;
		&lt;td class="tabelatd2"&gt;Tipo Cobranca&lt;/td&gt;
		&lt;td class="tabelatd2"&gt;10/10/2018&lt;/td&gt;
		&lt;td class="tabelatd2"&gt;110.00&lt;/td&gt;
		&lt;td class="tabelatd2"&gt;0.00&lt;/td&gt;
		&lt;td class="tabelatd2"&gt;Em aberto&lt;/td&gt;
		&lt;td class="tabelatd2"&gt;1-Fulano de Tal (652.392.539-00)&lt;/td&gt;
		&lt;td class="tabelatd2"&gt;1&lt;/td&gt;
		&lt;td class="tabelatd2"&gt;Patrimonial&lt;/td&gt;
&lt;th class="tabelatd2" border="1"&gt;&lt;a class="noPrint" href="?class=BaixarParcela&amp;id=348"&gt;[Baixar&amp;nbsp;parcela] &lt;/a&gt;&lt;a class="noPrint" href="?class=ImprimirParcela&amp;id=348"&gt;[Imprimir&amp;nbsp;parcela] &lt;/a&gt;&lt;/th&gt;
	&lt;/tr&gt;
	&lt;tr&gt;
		&lt;td class="tabelatd1"&gt;379&lt;/td&gt;
		&lt;td class="tabelatd1"&gt;Tipo Cobranca&lt;/td&gt;
		&lt;td class="tabelatd1"&gt;10/10/2018&lt;/td&gt;
		&lt;td class="tabelatd1"&gt;110.00&lt;/td&gt;
		&lt;td class="tabelatd1"&gt;0.00&lt;/td&gt;
		&lt;td class="tabelatd1"&gt;Em aberto&lt;/td&gt;
		&lt;td class="tabelatd1"&gt;1-Fulano de Tal (652.392.539-00)&lt;/td&gt;
		&lt;td class="tabelatd1"&gt;1&lt;/td&gt;
		&lt;td class="tabelatd1"&gt;Patrimonial&lt;/td&gt;
&lt;th class="tabelatd1" border="1"&gt;&lt;a class="noPrint" href="?class=BaixarParcela&amp;id=379"&gt;[Baixar&amp;nbsp;parcela] &lt;/a&gt;&lt;a class="noPrint" href="?class=ImprimirParcela&amp;id=379"&gt;[Imprimir&amp;nbsp;parcela] &lt;/a&gt;&lt;/th&gt;
	&lt;/tr&gt;
	&lt;tr&gt;
		&lt;td class="tabelatd2"&gt;412&lt;/td&gt;
		&lt;td class="tabelatd2"&gt;Tipo Cobranca&lt;/td&gt;
		&lt;td class="tabelatd2"&gt;10/10/2018&lt;/td&gt;
		&lt;td class="tabelatd2"&gt;110.00&lt;/td&gt;
		&lt;td class="tabelatd2"&gt;0.00&lt;/td&gt;
		&lt;td class="tabelatd2"&gt;Em aberto&lt;/td&gt;
		&lt;td class="tabelatd2"&gt;1-Fulano de Tal (652.392.539-00)&lt;/td&gt;
		&lt;td class="tabelatd2"&gt;1&lt;/td&gt;
		&lt;td class="tabelatd2"&gt;Patrimonial&lt;/td&gt;
&lt;th class="tabelatd2" border="1"&gt;&lt;a class="noPrint" href="?class=BaixarParcela&amp;id=412"&gt;[Baixar&amp;nbsp;parcela] &lt;/a&gt;&lt;a class="noPrint" href="?class=ImprimirParcela&amp;id=412"&gt;[Imprimir&amp;nbsp;parcela] &lt;/a&gt;&lt;/th&gt;
	&lt;/tr&gt;
	&lt;tr&gt;
		&lt;td class="tabelatd1"&gt;447&lt;/td&gt;
		&lt;td class="tabelatd1"&gt;Tipo Cobranca&lt;/td&gt;
		&lt;td class="tabelatd1"&gt;10/10/2018&lt;/td&gt;
		&lt;td class="tabelatd1"&gt;110.00&lt;/td&gt;
		&lt;td class="tabelatd1"&gt;0.00&lt;/td&gt;
		&lt;td class="tabelatd1"&gt;Em aberto&lt;/td&gt;
		&lt;td class="tabelatd1"&gt;1-Fulano de Tal (652.392.539-00)&lt;/td&gt;
		&lt;td class="tabelatd1"&gt;1&lt;/td&gt;
		&lt;td class="tabelatd1"&gt;Patrimonial&lt;/td&gt;
&lt;th class="tabelatd1" border="1"&gt;&lt;a class="noPrint" href="?class=BaixarParcela&amp;id=447"&gt;[Baixar&amp;nbsp;parcela] &lt;/a&gt;&lt;a class="noPrint" href="?class=ImprimirParcela&amp;id=447"&gt;[Imprimir&amp;nbsp;parcela] &lt;/a&gt;&lt;/th&gt;
	&lt;/tr&gt;
	&lt;tr&gt;
		&lt;td class="tabelatd2"&gt;380&lt;/td&gt;
		&lt;td class="tabelatd2"&gt;Tipo Cobranca&lt;/td&gt;
		&lt;td class="tabelatd2"&gt;10/10/2018&lt;/td&gt;
		&lt;td class="tabelatd2"&gt;110.00&lt;/td&gt;
		&lt;td class="tabelatd2"&gt;0.00&lt;/td&gt;
		&lt;td class="tabelatd2"&gt;Em aberto&lt;/td&gt;
		&lt;td class="tabelatd2"&gt;1-Fulano de Tal (652.392.539-00)&lt;/td&gt;
		&lt;td class="tabelatd2"&gt;1&lt;/td&gt;
		&lt;td class="tabelatd2"&gt;Patrimonial&lt;/td&gt;
&lt;th class="tabelatd2" border="1"&gt;&lt;a class="noPrint" href="?class=BaixarParcela&amp;id=380"&gt;[Baixar&amp;nbsp;parcela] &lt;/a&gt;&lt;a class="noPrint" href="?class=ImprimirParcela&amp;id=380"&gt;[Imprimir&amp;nbsp;parcela] &lt;/a&gt;&lt;/th&gt;
	&lt;/tr&gt;
	&lt;tr&gt;
		&lt;td class="tabelatd1"&gt;413&lt;/td&gt;
		&lt;td class="tabelatd1"&gt;Tipo Cobranca&lt;/td&gt;
		&lt;td class="tabelatd1"&gt;10/10/2018&lt;/td&gt;
		&lt;td class="tabelatd1"&gt;110.00&lt;/td&gt;
		&lt;td class="tabelatd1"&gt;0.00&lt;/td&gt;
		&lt;td class="tabelatd1"&gt;Em aberto&lt;/td&gt;
		&lt;td class="tabelatd1"&gt;1-Fulano de Tal (652.392.539-00)&lt;/td&gt;
		&lt;td class="tabelatd1"&gt;1&lt;/td&gt;
		&lt;td class="tabelatd1"&gt;Patrimonial&lt;/td&gt;
&lt;th class="tabelatd1" border="1"&gt;&lt;a class="noPrint" href="?class=BaixarParcela&amp;id=413"&gt;[Baixar&amp;nbsp;parcela] &lt;/a&gt;&lt;a class="noPrint" href="?class=ImprimirParcela&amp;id=413"&gt;[Imprimir&amp;nbsp;parcela] &lt;/a&gt;&lt;/th&gt;
	&lt;/tr&gt;
	&lt;tr&gt;
		&lt;td class="tabelatd2"&gt;448&lt;/td&gt;
		&lt;td class="tabelatd2"&gt;Tipo Cobranca&lt;/td&gt;
		&lt;td class="tabelatd2"&gt;10/10/2018&lt;/td&gt;
		&lt;td class="tabelatd2"&gt;110.00&lt;/td&gt;
		&lt;td class="tabelatd2"&gt;0.00&lt;/td&gt;
		&lt;td class="tabelatd2"&gt;Em aberto&lt;/td&gt;
		&lt;td class="tabelatd2"&gt;1-Fulano de Tal (652.392.539-00)&lt;/td&gt;
		&lt;td class="tabelatd2"&gt;1&lt;/td&gt;
		&lt;td class="tabelatd2"&gt;Patrimonial&lt;/td&gt;
&lt;th class="tabelatd2" border="1"&gt;&lt;a class="noPrint" href="?class=BaixarParcela&amp;id=448"&gt;[Baixar&amp;nbsp;parcela] &lt;/a&gt;&lt;a class="noPrint" href="?class=ImprimirParcela&amp;id=448"&gt;[Imprimir&amp;nbsp;parcela] &lt;/a&gt;&lt;/th&gt;
	&lt;/tr&gt;
	&lt;tr&gt;
		&lt;td class="tabelatd1"&gt;414&lt;/td&gt;
		&lt;td class="tabelatd1"&gt;Tipo Cobranca&lt;/td&gt;
		&lt;td class="tabelatd1"&gt;10/10/2018&lt;/td&gt;
		&lt;td class="tabelatd1"&gt;110.00&lt;/td&gt;
		&lt;td class="tabelatd1"&gt;0.00&lt;/td&gt;
		&lt;td class="tabelatd1"&gt;Em aberto&lt;/td&gt;
		&lt;td class="tabelatd1"&gt;1-Fulano de Tal (652.392.539-00)&lt;/td&gt;
		&lt;td class="tabelatd1"&gt;1&lt;/td&gt;
		&lt;td class="tabelatd1"&gt;Patrimonial&lt;/td&gt;
&lt;th class="tabelatd1" border="1"&gt;&lt;a class="noPrint" href="?class=BaixarParcela&amp;id=414"&gt;[Baixar&amp;nbsp;parcela] &lt;/a&gt;&lt;a class="noPrint" href="?class=ImprimirParcela&amp;id=414"&gt;[Imprimir&amp;nbsp;parcela] &lt;/a&gt;&lt;/th&gt;
	&lt;/tr&gt;
	&lt;tr&gt;
		&lt;td class="tabelatd2"&gt;449&lt;/td&gt;
		&lt;td class="tabelatd2"&gt;Tipo Cobranca&lt;/td&gt;
		&lt;td class="tabelatd2"&gt;10/10/2018&lt;/td&gt;
		&lt;td class="tabelatd2"&gt;110.00&lt;/td&gt;
		&lt;td class="tabelatd2"&gt;0.00&lt;/td&gt;
		&lt;td class="tabelatd2"&gt;Em aberto&lt;/td&gt;
		&lt;td class="tabelatd2"&gt;1-Fulano de Tal (652.392.539-00)&lt;/td&gt;
		&lt;td class="tabelatd2"&gt;1&lt;/td&gt;
		&lt;td class="tabelatd2"&gt;Patrimonial&lt;/td&gt;
&lt;th class="tabelatd2" border="1"&gt;&lt;a class="noPrint" href="?class=BaixarParcela&amp;id=449"&gt;[Baixar&amp;nbsp;parcela] &lt;/a&gt;&lt;a class="noPrint" href="?class=ImprimirParcela&amp;id=449"&gt;[Imprimir&amp;nbsp;parcela] &lt;/a&gt;&lt;/th&gt;
	&lt;/tr&gt;
	&lt;tr&gt;
		&lt;td class="tabelatd1"&gt;450&lt;/td&gt;
		&lt;td class="tabelatd1"&gt;Tipo Cobranca&lt;/td&gt;
		&lt;td class="tabelatd1"&gt;10/10/2018&lt;/td&gt;
		&lt;td class="tabelatd1"&gt;110.00&lt;/td&gt;
		&lt;td class="tabelatd1"&gt;0.00&lt;/td&gt;
		&lt;td class="tabelatd1"&gt;Em aberto&lt;/td&gt;
		&lt;td class="tabelatd1"&gt;1-Fulano de Tal (652.392.539-00)&lt;/td&gt;
		&lt;td class="tabelatd1"&gt;1&lt;/td&gt;
		&lt;td class="tabelatd1"&gt;Patrimonial&lt;/td&gt;
&lt;th class="tabelatd1" border="1"&gt;&lt;a class="noPrint" href="?class=BaixarParcela&amp;id=450"&gt;[Baixar&amp;nbsp;parcela] &lt;/a&gt;&lt;a class="noPrint" href="?class=ImprimirParcela&amp;id=450"&gt;[Imprimir&amp;nbsp;parcela] &lt;/a&gt;&lt;/th&gt;
	&lt;/tr&gt;
	&lt;tr&gt;
		&lt;td class="tabelatd2"&gt;50&lt;/td&gt;
		&lt;td class="tabelatd2"&gt;Tipo Cobranca&lt;/td&gt;
		&lt;td class="tabelatd2"&gt;11/10/2018&lt;/td&gt;
		&lt;td class="tabelatd2"&gt;110.00&lt;/td&gt;
		&lt;td class="tabelatd2"&gt;0.00&lt;/td&gt;
		&lt;td class="tabelatd2"&gt;Em aberto&lt;/td&gt;
		&lt;td class="tabelatd2"&gt;2-Fulano de Tal (111.111.111-11)&lt;/td&gt;
		&lt;td class="tabelatd2"&gt;0F&lt;/td&gt;
		&lt;td class="tabelatd2"&gt;Patrimonial&lt;/td&gt;
&lt;th class="tabelatd2" border="1"&gt;&lt;a class="noPrint" href="?class=BaixarParcela&amp;id=50"&gt;[Baixar&amp;nbsp;parcela] &lt;/a&gt;&lt;a class="noPrint" href="?class=ImprimirParcela&amp;id=50"&gt;[Imprimir&amp;nbsp;parcela] &lt;/a&gt;&lt;/th&gt;
	&lt;/tr&gt;
	&lt;tr&gt;
		&lt;td class="tabelatd1"&gt;63&lt;/td&gt;
		&lt;td class="tabelatd1"&gt;Tipo Cobranca&lt;/td&gt;
		&lt;td class="tabelatd1"&gt;11/10/2018&lt;/td&gt;
		&lt;td class="tabelatd1"&gt;110.00&lt;/td&gt;
		&lt;td class="tabelatd1"&gt;0.00&lt;/td&gt;
		&lt;td class="tabelatd1"&gt;Em aberto&lt;/td&gt;
		&lt;td class="tabelatd1"&gt;2-Fulano de Tal (111.111.111-11)&lt;/td&gt;
		&lt;td class="tabelatd1"&gt;0F&lt;/td&gt;
		&lt;td class="tabelatd1"&gt;Patrimonial&lt;/td&gt;
&lt;th class="tabelatd1" border="1"&gt;&lt;a class="noPrint" href="?class=BaixarParcela&amp;id=63"&gt;[Baixar&amp;nbsp;parcela] &lt;/a&gt;&lt;a class="noPrint" href="?class=ImprimirParcela&amp;id=63"&gt;[Imprimir&amp;nbsp;parcela] &lt;/a&gt;&lt;/th&gt;
	&lt;/tr&gt;
	&lt;tr&gt;
		&lt;td class="tabelatd2"&gt;78&lt;/td&gt;
		&lt;td class="tabelatd2"&gt;Tipo Cobranca&lt;/td&gt;
		&lt;td class="tabelatd2"&gt;11/10/2018&lt;/td&gt;
		&lt;td class="tabelatd2"&gt;110.00&lt;/td&gt;
		&lt;td class="tabelatd2"&gt;0.00&lt;/td&gt;
		&lt;td class="tabelatd2"&gt;Em aberto&lt;/td&gt;
		&lt;td class="tabelatd2"&gt;2-Fulano de Tal (111.111.111-11)&lt;/td&gt;
		&lt;td class="tabelatd2"&gt;0F&lt;/td&gt;
		&lt;td class="tabelatd2"&gt;Patrimonial&lt;/td&gt;
&lt;th class="tabelatd2" border="1"&gt;&lt;a class="noPrint" href="?class=BaixarParcela&amp;id=78"&gt;[Baixar&amp;nbsp;parcela] &lt;/a&gt;&lt;a class="noPrint" href="?class=ImprimirParcela&amp;id=78"&gt;[Imprimir&amp;nbsp;parcela] &lt;/a&gt;&lt;/th&gt;
	&lt;/tr&gt;
	&lt;tr&gt;
		&lt;td class="tabelatd1"&gt;95&lt;/td&gt;
		&lt;td class="tabelatd1"&gt;Tipo Cobranca&lt;/td&gt;
		&lt;td class="tabelatd1"&gt;11/10/2018&lt;/td&gt;
		&lt;td class="tabelatd1"&gt;110.00&lt;/td&gt;
		&lt;td class="tabelatd1"&gt;0.00&lt;/td&gt;
		&lt;td class="tabelatd1"&gt;Em aberto&lt;/td&gt;
		&lt;td class="tabelatd1"&gt;2-Fulano de Tal (111.111.111-11)&lt;/td&gt;
		&lt;td class="tabelatd1"&gt;0F&lt;/td&gt;
		&lt;td class="tabelatd1"&gt;Patrimonial&lt;/td&gt;
&lt;th class="tabelatd1" border="1"&gt;&lt;a class="noPrint" href="?class=BaixarParcela&amp;id=95"&gt;[Baixar&amp;nbsp;parcela] &lt;/a&gt;&lt;a class="noPrint" href="?class=ImprimirParcela&amp;id=95"&gt;[Imprimir&amp;nbsp;parcela] &lt;/a&gt;&lt;/th&gt;
	&lt;/tr&gt;
	&lt;tr&gt;
		&lt;td class="tabelatd2"&gt;111&lt;/td&gt;
		&lt;td class="tabelatd2"&gt;Tipo Cobranca&lt;/td&gt;
		&lt;td class="tabelatd2"&gt;11/10/2018&lt;/td&gt;
		&lt;td class="tabelatd2"&gt;110.00&lt;/td&gt;
		&lt;td class="tabelatd2"&gt;0.00&lt;/td&gt;
		&lt;td class="tabelatd2"&gt;Em aberto&lt;/td&gt;
		&lt;td class="tabelatd2"&gt;2-Fulano de Tal (111.111.111-11)&lt;/td&gt;
		&lt;td class="tabelatd2"&gt;0F&lt;/td&gt;
		&lt;td class="tabelatd2"&gt;Patrimonial&lt;/td&gt;
&lt;th class="tabelatd2" border="1"&gt;&lt;a class="noPrint" href="?class=BaixarParcela&amp;id=111"&gt;[Baixar&amp;nbsp;parcela] &lt;/a&gt;&lt;a class="noPrint" href="?class=ImprimirParcela&amp;id=111"&gt;[Imprimir&amp;nbsp;parcela] &lt;/a&gt;&lt;/th&gt;
	&lt;/tr&gt;
	&lt;tr&gt;
		&lt;td class="tabelatd1"&gt;140&lt;/td&gt;
		&lt;td class="tabelatd1"&gt;Tipo Cobranca&lt;/td&gt;
		&lt;td class="tabelatd1"&gt;11/10/2018&lt;/td&gt;
		&lt;td class="tabelatd1"&gt;110.00&lt;/td&gt;
		&lt;td class="tabelatd1"&gt;0.00&lt;/td&gt;
		&lt;td class="tabelatd1"&gt;Em aberto&lt;/td&gt;
		&lt;td class="tabelatd1"&gt;2-Fulano de Tal (111.111.111-11)&lt;/td&gt;
		&lt;td class="tabelatd1"&gt;0F&lt;/td&gt;
		&lt;td class="tabelatd1"&gt;Patrimonial&lt;/td&gt;
&lt;th class="tabelatd1" border="1"&gt;&lt;a class="noPrint" href="?class=BaixarParcela&amp;id=140"&gt;[Baixar&amp;nbsp;parcela] &lt;/a&gt;&lt;a class="noPrint" href="?class=ImprimirParcela&amp;id=140"&gt;[Imprimir&amp;nbsp;parcela] &lt;/a&gt;&lt;/th&gt;
	&lt;/tr&gt;
	&lt;tr&gt;
		&lt;td class="tabelatd2"&gt;166&lt;/td&gt;
		&lt;td class="tabelatd2"&gt;Tipo Cobranca&lt;/td&gt;
		&lt;td class="tabelatd2"&gt;11/10/2018&lt;/td&gt;
		&lt;td class="tabelatd2"&gt;110.00&lt;/td&gt;
		&lt;td class="tabelatd2"&gt;0.00&lt;/td&gt;
		&lt;td class="tabelatd2"&gt;Em aberto&lt;/td&gt;
		&lt;td class="tabelatd2"&gt;2-Fulano de Tal (111.111.111-11)&lt;/td&gt;
		&lt;td class="tabelatd2"&gt;0F&lt;/td&gt;
		&lt;td class="tabelatd2"&gt;Patrimonial&lt;/td&gt;
&lt;th class="tabelatd2" border="1"&gt;&lt;a class="noPrint" href="?class=BaixarParcela&amp;id=166"&gt;[Baixar&amp;nbsp;parcela] &lt;/a&gt;&lt;a class="noPrint" href="?class=ImprimirParcela&amp;id=166"&gt;[Imprimir&amp;nbsp;parcela] &lt;/a&gt;&lt;/th&gt;
	&lt;/tr&gt;
	&lt;tr&gt;
		&lt;td class="tabelatd1"&gt;186&lt;/td&gt;
		&lt;td class="tabelatd1"&gt;Tipo Cobranca&lt;/td&gt;
		&lt;td class="tabelatd1"&gt;11/10/2018&lt;/td&gt;
		&lt;td class="tabelatd1"&gt;110.00&lt;/td&gt;
		&lt;td class="tabelatd1"&gt;0.00&lt;/td&gt;
		&lt;td class="tabelatd1"&gt;Em aberto&lt;/td&gt;
		&lt;td class="tabelatd1"&gt;2-Fulano de Tal (111.111.111-11)&lt;/td&gt;
		&lt;td class="tabelatd1"&gt;0F&lt;/td&gt;
		&lt;td class="tabelatd1"&gt;Patrimonial&lt;/td&gt;
&lt;th class="tabelatd1" border="1"&gt;&lt;a class="noPrint" href="?class=BaixarParcela&amp;id=186"&gt;[Baixar&amp;nbsp;parcela] &lt;/a&gt;&lt;a class="noPrint" href="?class=ImprimirParcela&amp;id=186"&gt;[Imprimir&amp;nbsp;parcela] &lt;/a&gt;&lt;/th&gt;
	&lt;/tr&gt;
	&lt;tr&gt;
		&lt;td class="tabelatd2"&gt;206&lt;/td&gt;
		&lt;td class="tabelatd2"&gt;Tipo Cobranca&lt;/td&gt;
		&lt;td class="tabelatd2"&gt;11/10/2018&lt;/td&gt;
		&lt;td class="tabelatd2"&gt;110.00&lt;/td&gt;
		&lt;td class="tabelatd2"&gt;0.00&lt;/td&gt;
		&lt;td class="tabelatd2"&gt;Em aberto&lt;/td&gt;
		&lt;td class="tabelatd2"&gt;2-Fulano de Tal (111.111.111-11)&lt;/td&gt;
		&lt;td class="tabelatd2"&gt;0F&lt;/td&gt;
		&lt;td class="tabelatd2"&gt;Patrimonial&lt;/td&gt;
&lt;th class="tabelatd2" border="1"&gt;&lt;a class="noPrint" href="?class=BaixarParcela&amp;id=206"&gt;[Baixar&amp;nbsp;parcela] &lt;/a&gt;&lt;a class="noPrint" href="?class=ImprimirParcela&amp;id=206"&gt;[Imprimir&amp;nbsp;parcela] &lt;/a&gt;&lt;/th&gt;
	&lt;/tr&gt;
	&lt;tr&gt;
		&lt;td class="tabelatd1"&gt;226&lt;/td&gt;
		&lt;td class="tabelatd1"&gt;Tipo Cobranca&lt;/td&gt;
		&lt;td class="tabelatd1"&gt;11/10/2018&lt;/td&gt;
		&lt;td class="tabelatd1"&gt;110.00&lt;/td&gt;
		&lt;td class="tabelatd1"&gt;0.00&lt;/td&gt;
		&lt;td class="tabelatd1"&gt;Em aberto&lt;/td&gt;
		&lt;td class="tabelatd1"&gt;2-Fulano de Tal (111.111.111-11)&lt;/td&gt;
		&lt;td class="tabelatd1"&gt;0F&lt;/td&gt;
		&lt;td class="tabelatd1"&gt;Patrimonial&lt;/td&gt;
&lt;th class="tabelatd1" border="1"&gt;&lt;a class="noPrint" href="?class=BaixarParcela&amp;id=226"&gt;[Baixar&amp;nbsp;parcela] &lt;/a&gt;&lt;a class="noPrint" href="?class=ImprimirParcela&amp;id=226"&gt;[Imprimir&amp;nbsp;parcela] &lt;/a&gt;&lt;/th&gt;
	&lt;/tr&gt;
	&lt;tr&gt;
		&lt;td class="tabelatd2"&gt;251&lt;/td&gt;
		&lt;td class="tabelatd2"&gt;Tipo Cobranca&lt;/td&gt;
		&lt;td class="tabelatd2"&gt;11/10/2018&lt;/td&gt;
		&lt;td class="tabelatd2"&gt;110.00&lt;/td&gt;
		&lt;td class="tabelatd2"&gt;0.00&lt;/td&gt;
		&lt;td class="tabelatd2"&gt;Em aberto&lt;/td&gt;
		&lt;td class="tabelatd2"&gt;2-Fulano de Tal (111.111.111-11)&lt;/td&gt;
		&lt;td class="tabelatd2"&gt;0F&lt;/td&gt;
		&lt;td class="tabelatd2"&gt;Patrimonial&lt;/td&gt;
&lt;th class="tabelatd2" border="1"&gt;&lt;a class="noPrint" href="?class=BaixarParcela&amp;id=251"&gt;[Baixar&amp;nbsp;parcela] &lt;/a&gt;&lt;a class="noPrint" href="?class=ImprimirParcela&amp;id=251"&gt;[Imprimir&amp;nbsp;parcela] &lt;/a&gt;&lt;/th&gt;
	&lt;/tr&gt;
	&lt;tr&gt;
		&lt;td class="tabelatd1"&gt;276&lt;/td&gt;
		&lt;td class="tabelatd1"&gt;Tipo Cobranca&lt;/td&gt;
		&lt;td class="tabelatd1"&gt;11/10/2018&lt;/td&gt;
		&lt;td class="tabelatd1"&gt;110.00&lt;/td&gt;
		&lt;td class="tabelatd1"&gt;0.00&lt;/td&gt;
		&lt;td class="tabelatd1"&gt;Em aberto&lt;/td&gt;
		&lt;td class="tabelatd1"&gt;2-Fulano de Tal (111.111.111-11)&lt;/td&gt;
		&lt;td class="tabelatd1"&gt;0F&lt;/td&gt;
		&lt;td class="tabelatd1"&gt;Patrimonial&lt;/td&gt;
&lt;th class="tabelatd1" border="1"&gt;&lt;a class="noPrint" href="?class=BaixarParcela&amp;id=276"&gt;[Baixar&amp;nbsp;parcela] &lt;/a&gt;&lt;a class="noPrint" href="?class=ImprimirParcela&amp;id=276"&gt;[Imprimir&amp;nbsp;parcela] &lt;/a&gt;&lt;/th&gt;
	&lt;/tr&gt;
	&lt;tr&gt;
		&lt;td class="tabelatd2"&gt;303&lt;/td&gt;
		&lt;td class="tabelatd2"&gt;Tipo Cobranca&lt;/td&gt;
		&lt;td class="tabelatd2"&gt;11/10/2018&lt;/td&gt;
		&lt;td class="tabelatd2"&gt;110.00&lt;/td&gt;
		&lt;td class="tabelatd2"&gt;0.00&lt;/td&gt;
		&lt;td class="tabelatd2"&gt;Em aberto&lt;/td&gt;
		&lt;td class="tabelatd2"&gt;2-Fulano de Tal (111.111.111-11)&lt;/td&gt;
		&lt;td class="tabelatd2"&gt;0F&lt;/td&gt;
		&lt;td class="tabelatd2"&gt;Patrimonial&lt;/td&gt;
&lt;th class="tabelatd2" border="1"&gt;&lt;a class="noPrint" href="?class=BaixarParcela&amp;id=303"&gt;[Baixar&amp;nbsp;parcela] &lt;/a&gt;&lt;a class="noPrint" href="?class=ImprimirParcela&amp;id=303"&gt;[Imprimir&amp;nbsp;parcela] &lt;/a&gt;&lt;/th&gt;
	&lt;/tr&gt;
	&lt;tr&gt;
		&lt;td class="tabelatd1"&gt;332&lt;/td&gt;
		&lt;td class="tabelatd1"&gt;Tipo Cobranca&lt;/td&gt;
		&lt;td class="tabelatd1"&gt;11/10/2018&lt;/td&gt;
		&lt;td class="tabelatd1"&gt;110.00&lt;/td&gt;
		&lt;td class="tabelatd1"&gt;0.00&lt;/td&gt;
		&lt;td class="tabelatd1"&gt;Em aberto&lt;/td&gt;
		&lt;td class="tabelatd1"&gt;2-Fulano de Tal (111.111.111-11)&lt;/td&gt;
		&lt;td class="tabelatd1"&gt;0F&lt;/td&gt;
		&lt;td class="tabelatd1"&gt;Patrimonial&lt;/td&gt;
&lt;th class="tabelatd1" border="1"&gt;&lt;a class="noPrint" href="?class=BaixarParcela&amp;id=332"&gt;[Baixar&amp;nbsp;parcela] &lt;/a&gt;&lt;a class="noPrint" href="?class=ImprimirParcela&amp;id=332"&gt;[Imprimir&amp;nbsp;parcela] &lt;/a&gt;&lt;/th&gt;
	&lt;/tr&gt;
	&lt;tr&gt;
		&lt;td class="tabelatd2"&gt;363&lt;/td&gt;
		&lt;td class="tabelatd2"&gt;Tipo Cobranca&lt;/td&gt;
		&lt;td class="tabelatd2"&gt;11/10/2018&lt;/td&gt;
		&lt;td class="tabelatd2"&gt;110.00&lt;/td&gt;
		&lt;td class="tabelatd2"&gt;0.00&lt;/td&gt;
		&lt;td class="tabelatd2"&gt;Em aberto&lt;/td&gt;
		&lt;td class="tabelatd2"&gt;2-Fulano de Tal (111.111.111-11)&lt;/td&gt;
		&lt;td class="tabelatd2"&gt;0F&lt;/td&gt;
		&lt;td class="tabelatd2"&gt;Patrimonial&lt;/td&gt;
&lt;th class="tabelatd2" border="1"&gt;&lt;a class="noPrint" href="?class=BaixarParcela&amp;id=363"&gt;[Baixar&amp;nbsp;parcela] &lt;/a&gt;&lt;a class="noPrint" href="?class=ImprimirParcela&amp;id=363"&gt;[Imprimir&amp;nbsp;parcela] &lt;/a&gt;&lt;/th&gt;
	&lt;/tr&gt;
	&lt;tr&gt;
		&lt;td class="tabelatd1"&gt;396&lt;/td&gt;
		&lt;td class="tabelatd1"&gt;Tipo Cobranca&lt;/td&gt;
		&lt;td class="tabelatd1"&gt;11/10/2018&lt;/td&gt;
		&lt;td class="tabelatd1"&gt;110.00&lt;/td&gt;
		&lt;td class="tabelatd1"&gt;0.00&lt;/td&gt;
		&lt;td class="tabelatd1"&gt;Em aberto&lt;/td&gt;
		&lt;td class="tabelatd1"&gt;2-Fulano de Tal (111.111.111-11)&lt;/td&gt;
		&lt;td class="tabelatd1"&gt;0F&lt;/td&gt;
		&lt;td class="tabelatd1"&gt;Patrimonial&lt;/td&gt;
&lt;th class="tabelatd1" border="1"&gt;&lt;a class="noPrint" href="?class=BaixarParcela&amp;id=396"&gt;[Baixar&amp;nbsp;parcela] &lt;/a&gt;&lt;a class="noPrint" href="?class=ImprimirParcela&amp;id=396"&gt;[Imprimir&amp;nbsp;parcela] &lt;/a&gt;&lt;/th&gt;
	&lt;/tr&gt;
	&lt;tr&gt;
		&lt;td class="tabelatd2"&gt;431&lt;/td&gt;
		&lt;td class="tabelatd2"&gt;Tipo Cobranca&lt;/td&gt;
		&lt;td class="tabelatd2"&gt;11/10/2018&lt;/td&gt;
		&lt;td class="tabelatd2"&gt;110.00&lt;/td&gt;
		&lt;td class="tabelatd2"&gt;0.00&lt;/td&gt;
		&lt;td class="tabelatd2"&gt;Em aberto&lt;/td&gt;
		&lt;td class="tabelatd2"&gt;2-Fulano de Tal (111.111.111-11)&lt;/td&gt;
		&lt;td class="tabelatd2"&gt;0F&lt;/td&gt;
		&lt;td class="tabelatd2"&gt;Patrimonial&lt;/td&gt;
&lt;th class="tabelatd2" border="1"&gt;&lt;a class="noPrint" href="?class=BaixarParcela&amp;id=431"&gt;[Baixar&amp;nbsp;parcela] &lt;/a&gt;&lt;a class="noPrint" href="?class=ImprimirParcela&amp;id=431"&gt;[Imprimir&amp;nbsp;parcela] &lt;/a&gt;&lt;/th&gt;
	&lt;/tr&gt;
	&lt;tr&gt;
		&lt;td class="tabelatd1"&gt;468&lt;/td&gt;
		&lt;td class="tabelatd1"&gt;Tipo Cobranca&lt;/td&gt;
		&lt;td class="tabelatd1"&gt;11/10/2018&lt;/td&gt;
		&lt;td class="tabelatd1"&gt;110.00&lt;/td&gt;
		&lt;td class="tabelatd1"&gt;0.00&lt;/td&gt;
		&lt;td class="tabelatd1"&gt;Em aberto&lt;/td&gt;
		&lt;td class="tabelatd1"&gt;2-Fulano de Tal (111.111.111-11)&lt;/td&gt;
		&lt;td class="tabelatd1"&gt;0F&lt;/td&gt;
		&lt;td class="tabelatd1"&gt;Patrimonial&lt;/td&gt;
&lt;th class="tabelatd1" border="1"&gt;&lt;a class="noPrint" href="?class=BaixarParcela&amp;id=468"&gt;[Baixar&amp;nbsp;parcela] &lt;/a&gt;&lt;a class="noPrint" href="?class=ImprimirParcela&amp;id=468"&gt;[Imprimir&amp;nbsp;parcela] &lt;/a&gt;&lt;/th&gt;
	&lt;/tr&gt;
	&lt;tr&gt;
		&lt;td class="tabelatd2"&gt;30&lt;/td&gt;
		&lt;td class="tabelatd2"&gt;Tipo Cobranca&lt;/td&gt;
		&lt;td class="tabelatd2"&gt;11/10/2018&lt;/td&gt;
		&lt;td class="tabelatd2"&gt;110.00&lt;/td&gt;
		&lt;td class="tabelatd2"&gt;0.00&lt;/td&gt;
		&lt;td class="tabelatd2"&gt;Em aberto&lt;/td&gt;
		&lt;td class="tabelatd2"&gt;1-Fulano de Tal (652.392.539-00)&lt;/td&gt;
		&lt;td class="tabelatd2"&gt;1&lt;/td&gt;
		&lt;td class="tabelatd2"&gt;Patrimonial&lt;/td&gt;
&lt;th class="tabelatd2" border="1"&gt;&lt;a class="noPrint" href="?class=BaixarParcela&amp;id=30"&gt;[Baixar&amp;nbsp;parcela] &lt;/a&gt;&lt;a class="noPrint" href="?class=ImprimirParcela&amp;id=30"&gt;[Imprimir&amp;nbsp;parcela] &lt;/a&gt;&lt;/th&gt;
	&lt;/tr&gt;
	&lt;tr&gt;
		&lt;td class="tabelatd1"&gt;37&lt;/td&gt;
		&lt;td class="tabelatd1"&gt;Tipo Cobranca&lt;/td&gt;
		&lt;td class="tabelatd1"&gt;11/10/2018&lt;/td&gt;
		&lt;td class="tabelatd1"&gt;110.00&lt;/td&gt;
		&lt;td class="tabelatd1"&gt;0.00&lt;/td&gt;
		&lt;td class="tabelatd1"&gt;Em aberto&lt;/td&gt;
		&lt;td class="tabelatd1"&gt;1-Fulano de Tal (652.392.539-00)&lt;/td&gt;
		&lt;td class="tabelatd1"&gt;1&lt;/td&gt;
		&lt;td class="tabelatd1"&gt;Patrimonial&lt;/td&gt;
&lt;th class="tabelatd1" border="1"&gt;&lt;a class="noPrint" href="?class=BaixarParcela&amp;id=37"&gt;[Baixar&amp;nbsp;parcela] &lt;/a&gt;&lt;a class="noPrint" href="?class=ImprimirParcela&amp;id=37"&gt;[Imprimir&amp;nbsp;parcela] &lt;/a&gt;&lt;/th&gt;
	&lt;/tr&gt;
	&lt;tr&gt;
		&lt;td class="tabelatd2"&gt;46&lt;/td&gt;
		&lt;td class="tabelatd2"&gt;Tipo Cobranca&lt;/td&gt;
		&lt;td class="tabelatd2"&gt;11/10/2018&lt;/td&gt;
		&lt;td class="tabelatd2"&gt;110.00&lt;/td&gt;
		&lt;td class="tabelatd2"&gt;0.00&lt;/td&gt;
		&lt;td class="tabelatd2"&gt;Em aberto&lt;/td&gt;
		&lt;td class="tabelatd2"&gt;1-Fulano de Tal (652.392.539-00)&lt;/td&gt;
		&lt;td class="tabelatd2"&gt;1&lt;/td&gt;
		&lt;td class="tabelatd2"&gt;Patrimonial&lt;/td&gt;
&lt;th class="tabelatd2" border="1"&gt;&lt;a class="noPrint" href="?class=BaixarParcela&amp;id=46"&gt;[Baixar&amp;nbsp;parcela] &lt;/a&gt;&lt;a class="noPrint" href="?class=ImprimirParcela&amp;id=46"&gt;[Imprimir&amp;nbsp;parcela] &lt;/a&gt;&lt;/th&gt;
	&lt;/tr&gt;
	&lt;tr&gt;
		&lt;td class="tabelatd1"&gt;58&lt;/td&gt;
		&lt;td class="tabelatd1"&gt;Tipo Cobranca&lt;/td&gt;
		&lt;td class="tabelatd1"&gt;11/10/2018&lt;/td&gt;
		&lt;td class="tabelatd1"&gt;110.00&lt;/td&gt;
		&lt;td class="tabelatd1"&gt;0.00&lt;/td&gt;
		&lt;td class="tabelatd1"&gt;Em aberto&lt;/td&gt;
		&lt;td class="tabelatd1"&gt;1-Fulano de Tal (652.392.539-00)&lt;/td&gt;
		&lt;td class="tabelatd1"&gt;1&lt;/td&gt;
		&lt;td class="tabelatd1"&gt;Patrimonial&lt;/td&gt;
&lt;th class="tabelatd1" border="1"&gt;&lt;a class="noPrint" href="?class=BaixarParcela&amp;id=58"&gt;[Baixar&amp;nbsp;parcela] &lt;/a&gt;&lt;a class="noPrint" href="?class=ImprimirParcela&amp;id=58"&gt;[Imprimir&amp;nbsp;parcela] &lt;/a&gt;&lt;/th&gt;
	&lt;/tr&gt;
	&lt;tr&gt;
		&lt;td class="tabelatd2"&gt;72&lt;/td&gt;
		&lt;td class="tabelatd2"&gt;Tipo Cobranca&lt;/td&gt;
		&lt;td class="tabelatd2"&gt;11/10/2018&lt;/td&gt;
		&lt;td class="tabelatd2"&gt;110.00&lt;/td&gt;
		&lt;td class="tabelatd2"&gt;0.00&lt;/td&gt;
		&lt;td class="tabelatd2"&gt;Em aberto&lt;/td&gt;
		&lt;td class="tabelatd2"&gt;1-Fulano de Tal (652.392.539-00)&lt;/td&gt;
		&lt;td class="tabelatd2"&gt;1&lt;/td&gt;
		&lt;td class="tabelatd2"&gt;Patrimonial&lt;/td&gt;
&lt;th class="tabelatd2" border="1"&gt;&lt;a class="noPrint" href="?class=BaixarParcela&amp;id=72"&gt;[Baixar&amp;nbsp;parcela] &lt;/a&gt;&lt;a class="noPrint" href="?class=ImprimirParcela&amp;id=72"&gt;[Imprimir&amp;nbsp;parcela] &lt;/a&gt;&lt;/th&gt;
	&lt;/tr&gt;
	&lt;tr&gt;
		&lt;td class="tabelatd1"&gt;88&lt;/td&gt;
		&lt;td class="tabelatd1"&gt;Tipo Cobranca&lt;/td&gt;
		&lt;td class="tabelatd1"&gt;11/10/2018&lt;/td&gt;
		&lt;td class="tabelatd1"&gt;110.00&lt;/td&gt;
		&lt;td class="tabelatd1"&gt;0.00&lt;/td&gt;
		&lt;td class="tabelatd1"&gt;Em aberto&lt;/td&gt;
		&lt;td class="tabelatd1"&gt;1-Fulano de Tal (652.392.539-00)&lt;/td&gt;
		&lt;td class="tabelatd1"&gt;1&lt;/td&gt;
		&lt;td class="tabelatd1"&gt;Patrimonial&lt;/td&gt;
&lt;th class="tabelatd1" border="1"&gt;&lt;a class="noPrint" href="?class=BaixarParcela&amp;id=88"&gt;[Baixar&amp;nbsp;parcela] &lt;/a&gt;&lt;a class="noPrint" href="?class=ImprimirParcela&amp;id=88"&gt;[Imprimir&amp;nbsp;parcela] &lt;/a&gt;&lt;/th&gt;
	&lt;/tr&gt;
	&lt;tr&gt;
		&lt;td class="tabelatd2"&gt;104&lt;/td&gt;
		&lt;td class="tabelatd2"&gt;Tipo Cobranca&lt;/td&gt;
		&lt;td class="tabelatd2"&gt;11/10/2018&lt;/td&gt;
		&lt;td class="tabelatd2"&gt;110.00&lt;/td&gt;
		&lt;td class="tabelatd2"&gt;0.00&lt;/td&gt;
		&lt;td class="tabelatd2"&gt;Em aberto&lt;/td&gt;
		&lt;td class="tabelatd2"&gt;1-Fulano de Tal (652.392.539-00)&lt;/td&gt;
		&lt;td class="tabelatd2"&gt;1&lt;/td&gt;
		&lt;td class="tabelatd2"&gt;Patrimonial&lt;/td&gt;
&lt;th class="tabelatd2" border="1"&gt;&lt;a class="noPrint" href="?class=BaixarParcela&amp;id=104"&gt;[Baixar&amp;nbsp;parcela] &lt;/a&gt;&lt;a class="noPrint" href="?class=ImprimirParcela&amp;id=104"&gt;[Imprimir&amp;nbsp;parcela] &lt;/a&gt;&lt;/th&gt;
	&lt;/tr&gt;
	&lt;tr&gt;
		&lt;td class="tabelatd1"&gt;132&lt;/td&gt;
		&lt;td class="tabelatd1"&gt;Tipo Cobranca&lt;/td&gt;
		&lt;td class="tabelatd1"&gt;11/10/2018&lt;/td&gt;
		&lt;td class="tabelatd1"&gt;110.00&lt;/td&gt;
		&lt;td class="tabelatd1"&gt;0.00&lt;/td&gt;
		&lt;td class="tabelatd1"&gt;Em aberto&lt;/td&gt;
		&lt;td class="tabelatd1"&gt;1-Fulano de Tal (652.392.539-00)&lt;/td&gt;
		&lt;td class="tabelatd1"&gt;1&lt;/td&gt;
		&lt;td class="tabelatd1"&gt;Patrimonial&lt;/td&gt;
&lt;th class="tabelatd1" border="1"&gt;&lt;a class="noPrint" href="?class=BaixarParcela&amp;id=132"&gt;[Baixar&amp;nbsp;parcela] &lt;/a&gt;&lt;a class="noPrint" href="?class=ImprimirParcela&amp;id=132"&gt;[Imprimir&amp;nbsp;parcela] &lt;/a&gt;&lt;/th&gt;
	&lt;/tr&gt;
	&lt;tr&gt;
		&lt;td class="tabelatd2"&gt;157&lt;/td&gt;
		&lt;td class="tabelatd2"&gt;Tipo Cobranca&lt;/td&gt;
		&lt;td class="tabelatd2"&gt;11/10/2018&lt;/td&gt;
		&lt;td class="tabelatd2"&gt;110.00&lt;/td&gt;
		&lt;td class="tabelatd2"&gt;0.00&lt;/td&gt;
		&lt;td class="tabelatd2"&gt;Em aberto&lt;/td&gt;
		&lt;td class="tabelatd2"&gt;1-Fulano de Tal (652.392.539-00)&lt;/td&gt;
		&lt;td class="tabelatd2"&gt;1&lt;/td&gt;
		&lt;td class="tabelatd2"&gt;Patrimonial&lt;/td&gt;
&lt;th class="tabelatd2" border="1"&gt;&lt;a class="noPrint" href="?class=BaixarParcela&amp;id=157"&gt;[Baixar&amp;nbsp;parcela] &lt;/a&gt;&lt;a class="noPrint" href="?class=ImprimirParcela&amp;id=157"&gt;[Imprimir&amp;nbsp;parcela] &lt;/a&gt;&lt;/th&gt;
	&lt;/tr&gt;
	&lt;tr&gt;
		&lt;td class="tabelatd1"&gt;177&lt;/td&gt;
		&lt;td class="tabelatd1"&gt;Tipo Cobranca&lt;/td&gt;
		&lt;td class="tabelatd1"&gt;11/10/2018&lt;/td&gt;
		&lt;td class="tabelatd1"&gt;110.00&lt;/td&gt;
		&lt;td class="tabelatd1"&gt;0.00&lt;/td&gt;
		&lt;td class="tabelatd1"&gt;Em aberto&lt;/td&gt;
		&lt;td class="tabelatd1"&gt;1-Fulano de Tal (652.392.539-00)&lt;/td&gt;
		&lt;td class="tabelatd1"&gt;1&lt;/td&gt;
		&lt;td class="tabelatd1"&gt;Patrimonial&lt;/td&gt;
&lt;th class="tabelatd1" border="1"&gt;&lt;a class="noPrint" href="?class=BaixarParcela&amp;id=177"&gt;[Baixar&amp;nbsp;parcela] &lt;/a&gt;&lt;a class="noPrint" href="?class=ImprimirParcela&amp;id=177"&gt;[Imprimir&amp;nbsp;parcela] &lt;/a&gt;&lt;/th&gt;
	&lt;/tr&gt;
	&lt;tr&gt;
		&lt;td class="tabelatd2"&gt;197&lt;/td&gt;
		&lt;td class="tabelatd2"&gt;Tipo Cobranca&lt;/td&gt;
		&lt;td class="tabelatd2"&gt;11/10/2018&lt;/td&gt;
		&lt;td class="tabelatd2"&gt;110.00&lt;/td&gt;
		&lt;td class="tabelatd2"&gt;0.00&lt;/td&gt;
		&lt;td class="tabelatd2"&gt;Em aberto&lt;/td&gt;
		&lt;td class="tabelatd2"&gt;1-Fulano de Tal (652.392.539-00)&lt;/td&gt;
		&lt;td class="tabelatd2"&gt;1&lt;/td&gt;
		&lt;td class="tabelatd2"&gt;Patrimonial&lt;/td&gt;
&lt;th class="tabelatd2" border="1"&gt;&lt;a class="noPrint" href="?class=BaixarParcela&amp;id=197"&gt;[Baixar&amp;nbsp;parcela] &lt;/a&gt;&lt;a class="noPrint" href="?class=ImprimirParcela&amp;id=197"&gt;[Imprimir&amp;nbsp;parcela] &lt;/a&gt;&lt;/th&gt;
	&lt;/tr&gt;
	&lt;tr&gt;
		&lt;td class="tabelatd1"&gt;217&lt;/td&gt;
		&lt;td class="tabelatd1"&gt;Tipo Cobranca&lt;/td&gt;
		&lt;td class="tabelatd1"&gt;11/10/2018&lt;/td&gt;
		&lt;td class="tabelatd1"&gt;110.00&lt;/td&gt;
		&lt;td class="tabelatd1"&gt;0.00&lt;/td&gt;
		&lt;td class="tabelatd1"&gt;Em aberto&lt;/td&gt;
		&lt;td class="tabelatd1"&gt;1-Fulano de Tal (652.392.539-00)&lt;/td&gt;
		&lt;td class="tabelatd1"&gt;1&lt;/td&gt;
		&lt;td class="tabelatd1"&gt;Patrimonial&lt;/td&gt;
&lt;th class="tabelatd1" border="1"&gt;&lt;a class="noPrint" href="?class=BaixarParcela&amp;id=217"&gt;[Baixar&amp;nbsp;parcela] &lt;/a&gt;&lt;a class="noPrint" href="?class=ImprimirParcela&amp;id=217"&gt;[Imprimir&amp;nbsp;parcela] &lt;/a&gt;&lt;/th&gt;
	&lt;/tr&gt;
	&lt;tr&gt;
		&lt;td class="tabelatd2"&gt;241&lt;/td&gt;
		&lt;td class="tabelatd2"&gt;Tipo Cobranca&lt;/td&gt;
		&lt;td class="tabelatd2"&gt;11/10/2018&lt;/td&gt;
		&lt;td class="tabelatd2"&gt;110.00&lt;/td&gt;
		&lt;td class="tabelatd2"&gt;0.00&lt;/td&gt;
		&lt;td class="tabelatd2"&gt;Em aberto&lt;/td&gt;
		&lt;td class="tabelatd2"&gt;1-Fulano de Tal (652.392.539-00)&lt;/td&gt;
		&lt;td class="tabelatd2"&gt;1&lt;/td&gt;
		&lt;td class="tabelatd2"&gt;Patrimonial&lt;/td&gt;
&lt;th class="tabelatd2" border="1"&gt;&lt;a class="noPrint" href="?class=BaixarParcela&amp;id=241"&gt;[Baixar&amp;nbsp;parcela] &lt;/a&gt;&lt;a class="noPrint" href="?class=ImprimirParcela&amp;id=241"&gt;[Imprimir&amp;nbsp;parcela] &lt;/a&gt;&lt;/th&gt;
	&lt;/tr&gt;
	&lt;tr&gt;
		&lt;td class="tabelatd1"&gt;49&lt;/td&gt;
		&lt;td class="tabelatd1"&gt;Tipo Cobranca&lt;/td&gt;
		&lt;td class="tabelatd1"&gt;11/10/2018&lt;/td&gt;
		&lt;td class="tabelatd1"&gt;110.00&lt;/td&gt;
		&lt;td class="tabelatd1"&gt;0.00&lt;/td&gt;
		&lt;td class="tabelatd1"&gt;Em aberto&lt;/td&gt;
		&lt;td class="tabelatd1"&gt;1-Fulano de Tal (652.392.539-00)&lt;/td&gt;
		&lt;td class="tabelatd1"&gt;1&lt;/td&gt;
		&lt;td class="tabelatd1"&gt;Patrimonial&lt;/td&gt;
&lt;th class="tabelatd1" border="1"&gt;&lt;a class="noPrint" href="?class=BaixarParcela&amp;id=49"&gt;[Baixar&amp;nbsp;parcela] &lt;/a&gt;&lt;a class="noPrint" href="?class=ImprimirParcela&amp;id=49"&gt;[Imprimir&amp;nbsp;parcela] &lt;/a&gt;&lt;/th&gt;
	&lt;/tr&gt;
	&lt;tr&gt;
		&lt;td class="tabelatd2"&gt;61&lt;/td&gt;
		&lt;td class="tabelatd2"&gt;Tipo Cobranca&lt;/td&gt;
		&lt;td class="tabelatd2"&gt;11/10/2018&lt;/td&gt;
		&lt;td class="tabelatd2"&gt;110.00&lt;/td&gt;
		&lt;td class="tabelatd2"&gt;0.00&lt;/td&gt;
		&lt;td class="tabelatd2"&gt;Em aberto&lt;/td&gt;
		&lt;td class="tabelatd2"&gt;1-Fulano de Tal (652.392.539-00)&lt;/td&gt;
		&lt;td class="tabelatd2"&gt;1&lt;/td&gt;
		&lt;td class="tabelatd2"&gt;Patrimonial&lt;/td&gt;
&lt;th class="tabelatd2" border="1"&gt;&lt;a class="noPrint" href="?class=BaixarParcela&amp;id=61"&gt;[Baixar&amp;nbsp;parcela] &lt;/a&gt;&lt;a class="noPrint" href="?class=ImprimirParcela&amp;id=61"&gt;[Imprimir&amp;nbsp;parcela] &lt;/a&gt;&lt;/th&gt;
	&lt;/tr&gt;
	&lt;tr&gt;
		&lt;td class="tabelatd1"&gt;75&lt;/td&gt;
		&lt;td class="tabelatd1"&gt;Tipo Cobranca&lt;/td&gt;
		&lt;td class="tabelatd1"&gt;11/10/2018&lt;/td&gt;
		&lt;td class="tabelatd1"&gt;110.00&lt;/td&gt;
		&lt;td class="tabelatd1"&gt;0.00&lt;/td&gt;
		&lt;td class="tabelatd1"&gt;Em aberto&lt;/td&gt;
		&lt;td class="tabelatd1"&gt;1-Fulano de Tal (652.392.539-00)&lt;/td&gt;
		&lt;td class="tabelatd1"&gt;1&lt;/td&gt;
		&lt;td class="tabelatd1"&gt;Patrimonial&lt;/td&gt;
&lt;th class="tabelatd1" border="1"&gt;&lt;a class="noPrint" href="?class=BaixarParcela&amp;id=75"&gt;[Baixar&amp;nbsp;parcela] &lt;/a&gt;&lt;a class="noPrint" href="?class=ImprimirParcela&amp;id=75"&gt;[Imprimir&amp;nbsp;parcela] &lt;/a&gt;&lt;/th&gt;
	&lt;/tr&gt;
	&lt;tr&gt;
		&lt;td class="tabelatd2"&gt;91&lt;/td&gt;
		&lt;td class="tabelatd2"&gt;Tipo Cobranca&lt;/td&gt;
		&lt;td class="tabelatd2"&gt;11/10/2018&lt;/td&gt;
		&lt;td class="tabelatd2"&gt;110.00&lt;/td&gt;
		&lt;td class="tabelatd2"&gt;0.00&lt;/td&gt;
		&lt;td class="tabelatd2"&gt;Em aberto&lt;/td&gt;
		&lt;td class="tabelatd2"&gt;1-Fulano de Tal (652.392.539-00)&lt;/td&gt;
		&lt;td class="tabelatd2"&gt;1&lt;/td&gt;
		&lt;td class="tabelatd2"&gt;Patrimonial&lt;/td&gt;
&lt;th class="tabelatd2" border="1"&gt;&lt;a class="noPrint" href="?class=BaixarParcela&amp;id=91"&gt;[Baixar&amp;nbsp;parcela] &lt;/a&gt;&lt;a class="noPrint" href="?class=ImprimirParcela&amp;id=91"&gt;[Imprimir&amp;nbsp;parcela] &lt;/a&gt;&lt;/th&gt;
	&lt;/tr&gt;
	&lt;tr&gt;
		&lt;td class="tabelatd1"&gt;107&lt;/td&gt;
		&lt;td class="tabelatd1"&gt;Tipo Cobranca&lt;/td&gt;
		&lt;td class="tabelatd1"&gt;11/10/2018&lt;/td&gt;
		&lt;td class="tabelatd1"&gt;110.00&lt;/td&gt;
		&lt;td class="tabelatd1"&gt;0.00&lt;/td&gt;
		&lt;td class="tabelatd1"&gt;Em aberto&lt;/td&gt;
		&lt;td class="tabelatd1"&gt;1-Fulano de Tal (652.392.539-00)&lt;/td&gt;
		&lt;td class="tabelatd1"&gt;1&lt;/td&gt;
		&lt;td class="tabelatd1"&gt;Patrimonial&lt;/td&gt;
&lt;th class="tabelatd1" border="1"&gt;&lt;a class="noPrint" href="?class=BaixarParcela&amp;id=107"&gt;[Baixar&amp;nbsp;parcela] &lt;/a&gt;&lt;a class="noPrint" href="?class=ImprimirParcela&amp;id=107"&gt;[Imprimir&amp;nbsp;parcela] &lt;/a&gt;&lt;/th&gt;
	&lt;/tr&gt;
	&lt;tr&gt;
		&lt;td class="tabelatd2"&gt;135&lt;/td&gt;
		&lt;td class="tabelatd2"&gt;Tipo Cobranca&lt;/td&gt;
		&lt;td class="tabelatd2"&gt;11/10/2018&lt;/td&gt;
		&lt;td class="tabelatd2"&gt;110.00&lt;/td&gt;
		&lt;td class="tabelatd2"&gt;0.00&lt;/td&gt;
		&lt;td class="tabelatd2"&gt;Em aberto&lt;/td&gt;
		&lt;td class="tabelatd2"&gt;1-Fulano de Tal (652.392.539-00)&lt;/td&gt;
		&lt;td class="tabelatd2"&gt;1&lt;/td&gt;
		&lt;td class="tabelatd2"&gt;Patrimonial&lt;/td&gt;
&lt;th class="tabelatd2" border="1"&gt;&lt;a class="noPrint" href="?class=BaixarParcela&amp;id=135"&gt;[Baixar&amp;nbsp;parcela] &lt;/a&gt;&lt;a class="noPrint" href="?class=ImprimirParcela&amp;id=135"&gt;[Imprimir&amp;nbsp;parcela] &lt;/a&gt;&lt;/th&gt;
	&lt;/tr&gt;
	&lt;tr&gt;
		&lt;td class="tabelatd1"&gt;160&lt;/td&gt;
		&lt;td class="tabelatd1"&gt;Tipo Cobranca&lt;/td&gt;
		&lt;td class="tabelatd1"&gt;11/10/2018&lt;/td&gt;
		&lt;td class="tabelatd1"&gt;110.00&lt;/td&gt;
		&lt;td class="tabelatd1"&gt;0.00&lt;/td&gt;
		&lt;td class="tabelatd1"&gt;Em aberto&lt;/td&gt;
		&lt;td class="tabelatd1"&gt;1-Fulano de Tal (652.392.539-00)&lt;/td&gt;
		&lt;td class="tabelatd1"&gt;1&lt;/td&gt;
		&lt;td class="tabelatd1"&gt;Patrimonial&lt;/td&gt;
&lt;th class="tabelatd1" border="1"&gt;&lt;a class="noPrint" href="?class=BaixarParcela&amp;id=160"&gt;[Baixar&amp;nbsp;parcela] &lt;/a&gt;&lt;a class="noPrint" href="?class=ImprimirParcela&amp;id=160"&gt;[Imprimir&amp;nbsp;parcela] &lt;/a&gt;&lt;/th&gt;
	&lt;/tr&gt;
	&lt;tr&gt;
		&lt;td class="tabelatd2"&gt;180&lt;/td&gt;
		&lt;td class="tabelatd2"&gt;Tipo Cobranca&lt;/td&gt;
		&lt;td class="tabelatd2"&gt;11/10/2018&lt;/td&gt;
		&lt;td class="tabelatd2"&gt;110.00&lt;/td&gt;
		&lt;td class="tabelatd2"&gt;0.00&lt;/td&gt;
		&lt;td class="tabelatd2"&gt;Em aberto&lt;/td&gt;
		&lt;td class="tabelatd2"&gt;1-Fulano de Tal (652.392.539-00)&lt;/td&gt;
		&lt;td class="tabelatd2"&gt;1&lt;/td&gt;
		&lt;td class="tabelatd2"&gt;Patrimonial&lt;/td&gt;
&lt;th class="tabelatd2" border="1"&gt;&lt;a class="noPrint" href="?class=BaixarParcela&amp;id=180"&gt;[Baixar&amp;nbsp;parcela] &lt;/a&gt;&lt;a class="noPrint" href="?class=ImprimirParcela&amp;id=180"&gt;[Imprimir&amp;nbsp;parcela] &lt;/a&gt;&lt;/th&gt;
	&lt;/tr&gt;
	&lt;tr&gt;
		&lt;td class="tabelatd1"&gt;200&lt;/td&gt;
		&lt;td class="tabelatd1"&gt;Tipo Cobranca&lt;/td&gt;
		&lt;td class="tabelatd1"&gt;11/10/2018&lt;/td&gt;
		&lt;td class="tabelatd1"&gt;110.00&lt;/td&gt;
		&lt;td class="tabelatd1"&gt;0.00&lt;/td&gt;
		&lt;td class="tabelatd1"&gt;Em aberto&lt;/td&gt;
		&lt;td class="tabelatd1"&gt;1-Fulano de Tal (652.392.539-00)&lt;/td&gt;
		&lt;td class="tabelatd1"&gt;1&lt;/td&gt;
		&lt;td class="tabelatd1"&gt;Patrimonial&lt;/td&gt;
&lt;th class="tabelatd1" border="1"&gt;&lt;a class="noPrint" href="?class=BaixarParcela&amp;id=200"&gt;[Baixar&amp;nbsp;parcela] &lt;/a&gt;&lt;a class="noPrint" href="?class=ImprimirParcela&amp;id=200"&gt;[Imprimir&amp;nbsp;parcela] &lt;/a&gt;&lt;/th&gt;
	&lt;/tr&gt;
	&lt;tr&gt;
		&lt;td class="tabelatd2"&gt;220&lt;/td&gt;
		&lt;td class="tabelatd2"&gt;Tipo Cobranca&lt;/td&gt;
		&lt;td class="tabelatd2"&gt;11/10/2018&lt;/td&gt;
		&lt;td class="tabelatd2"&gt;110.00&lt;/td&gt;
		&lt;td class="tabelatd2"&gt;0.00&lt;/td&gt;
		&lt;td class="tabelatd2"&gt;Em aberto&lt;/td&gt;
		&lt;td class="tabelatd2"&gt;1-Fulano de Tal (652.392.539-00)&lt;/td&gt;
		&lt;td class="tabelatd2"&gt;1&lt;/td&gt;
		&lt;td class="tabelatd2"&gt;Patrimonial&lt;/td&gt;
&lt;th class="tabelatd2" border="1"&gt;&lt;a class="noPrint" href="?class=BaixarParcela&amp;id=220"&gt;[Baixar&amp;nbsp;parcela] &lt;/a&gt;&lt;a class="noPrint" href="?class=ImprimirParcela&amp;id=220"&gt;[Imprimir&amp;nbsp;parcela] &lt;/a&gt;&lt;/th&gt;
	&lt;/tr&gt;
	&lt;tr&gt;
		&lt;td class="tabelatd1"&gt;244&lt;/td&gt;
		&lt;td class="tabelatd1"&gt;Tipo Cobranca&lt;/td&gt;
		&lt;td class="tabelatd1"&gt;11/10/2018&lt;/td&gt;
		&lt;td class="tabelatd1"&gt;110.00&lt;/td&gt;
		&lt;td class="tabelatd1"&gt;0.00&lt;/td&gt;
		&lt;td class="tabelatd1"&gt;Em aberto&lt;/td&gt;
		&lt;td class="tabelatd1"&gt;1-Fulano de Tal (652.392.539-00)&lt;/td&gt;
		&lt;td class="tabelatd1"&gt;1&lt;/td&gt;
		&lt;td class="tabelatd1"&gt;Patrimonial&lt;/td&gt;
&lt;th class="tabelatd1" border="1"&gt;&lt;a class="noPrint" href="?class=BaixarParcela&amp;id=244"&gt;[Baixar&amp;nbsp;parcela] &lt;/a&gt;&lt;a class="noPrint" href="?class=ImprimirParcela&amp;id=244"&gt;[Imprimir&amp;nbsp;parcela] &lt;/a&gt;&lt;/th&gt;
	&lt;/tr&gt;
	&lt;tr&gt;
		&lt;td class="tabelatd2"&gt;62&lt;/td&gt;
		&lt;td class="tabelatd2"&gt;Tipo Cobranca&lt;/td&gt;
		&lt;td class="tabelatd2"&gt;11/10/2018&lt;/td&gt;
		&lt;td class="tabelatd2"&gt;110.00&lt;/td&gt;
		&lt;td class="tabelatd2"&gt;0.00&lt;/td&gt;
		&lt;td class="tabelatd2"&gt;Em aberto&lt;/td&gt;
		&lt;td class="tabelatd2"&gt;1-Fulano de Tal (652.392.539-00)&lt;/td&gt;
		&lt;td class="tabelatd2"&gt;1&lt;/td&gt;
		&lt;td class="tabelatd2"&gt;Patrimonial&lt;/td&gt;
&lt;th class="tabelatd2" border="1"&gt;&lt;a class="noPrint" href="?class=BaixarParcela&amp;id=62"&gt;[Baixar&amp;nbsp;parcela] &lt;/a&gt;&lt;a class="noPrint" href="?class=ImprimirParcela&amp;id=62"&gt;[Imprimir&amp;nbsp;parcela] &lt;/a&gt;&lt;/th&gt;
	&lt;/tr&gt;
	&lt;tr&gt;
		&lt;td class="tabelatd1"&gt;76&lt;/td&gt;
		&lt;td class="tabelatd1"&gt;Tipo Cobranca&lt;/td&gt;
		&lt;td class="tabelatd1"&gt;11/10/2018&lt;/td&gt;
		&lt;td class="tabelatd1"&gt;110.00&lt;/td&gt;
		&lt;td class="tabelatd1"&gt;0.00&lt;/td&gt;
		&lt;td class="tabelatd1"&gt;Em aberto&lt;/td&gt;
		&lt;td class="tabelatd1"&gt;1-Fulano de Tal (652.392.539-00)&lt;/td&gt;
		&lt;td class="tabelatd1"&gt;1&lt;/td&gt;
		&lt;td class="tabelatd1"&gt;Patrimonial&lt;/td&gt;
&lt;th class="tabelatd1" border="1"&gt;&lt;a class="noPrint" href="?class=BaixarParcela&amp;id=76"&gt;[Baixar&amp;nbsp;parcela] &lt;/a&gt;&lt;a class="noPrint" href="?class=ImprimirParcela&amp;id=76"&gt;[Imprimir&amp;nbsp;parcela] &lt;/a&gt;&lt;/th&gt;
	&lt;/tr&gt;
	&lt;tr&gt;
		&lt;td class="tabelatd2"&gt;92&lt;/td&gt;
		&lt;td class="tabelatd2"&gt;Tipo Cobranca&lt;/td&gt;
		&lt;td class="tabelatd2"&gt;11/10/2018&lt;/td&gt;
		&lt;td class="tabelatd2"&gt;110.00&lt;/td&gt;
		&lt;td class="tabelatd2"&gt;0.00&lt;/td&gt;
		&lt;td class="tabelatd2"&gt;Em aberto&lt;/td&gt;
		&lt;td class="tabelatd2"&gt;1-Fulano de Tal (652.392.539-00)&lt;/td&gt;
		&lt;td class="tabelatd2"&gt;1&lt;/td&gt;
		&lt;td class="tabelatd2"&gt;Patrimonial&lt;/td&gt;
&lt;th class="tabelatd2" border="1"&gt;&lt;a class="noPrint" href="?class=BaixarParcela&amp;id=92"&gt;[Baixar&amp;nbsp;parcela] &lt;/a&gt;&lt;a class="noPrint" href="?class=ImprimirParcela&amp;id=92"&gt;[Imprimir&amp;nbsp;parcela] &lt;/a&gt;&lt;/th&gt;
	&lt;/tr&gt;
	&lt;tr&gt;
		&lt;td class="tabelatd1"&gt;108&lt;/td&gt;
		&lt;td class="tabelatd1"&gt;Tipo Cobranca&lt;/td&gt;
		&lt;td class="tabelatd1"&gt;11/10/2018&lt;/td&gt;
		&lt;td class="tabelatd1"&gt;110.00&lt;/td&gt;
		&lt;td class="tabelatd1"&gt;0.00&lt;/td&gt;
		&lt;td class="tabelatd1"&gt;Em aberto&lt;/td&gt;
		&lt;td class="tabelatd1"&gt;1-Fulano de Tal (652.392.539-00)&lt;/td&gt;
		&lt;td class="tabelatd1"&gt;1&lt;/td&gt;
		&lt;td class="tabelatd1"&gt;Patrimonial&lt;/td&gt;
&lt;th class="tabelatd1" border="1"&gt;&lt;a class="noPrint" href="?class=BaixarParcela&amp;id=108"&gt;[Baixar&amp;nbsp;parcela] &lt;/a&gt;&lt;a class="noPrint" href="?class=ImprimirParcela&amp;id=108"&gt;[Imprimir&amp;nbsp;parcela] &lt;/a&gt;&lt;/th&gt;
	&lt;/tr&gt;
	&lt;tr&gt;
		&lt;td class="tabelatd2"&gt;136&lt;/td&gt;
		&lt;td class="tabelatd2"&gt;Tipo Cobranca&lt;/td&gt;
		&lt;td class="tabelatd2"&gt;11/10/2018&lt;/td&gt;
		&lt;td class="tabelatd2"&gt;110.00&lt;/td&gt;
		&lt;td class="tabelatd2"&gt;0.00&lt;/td&gt;
		&lt;td class="tabelatd2"&gt;Em aberto&lt;/td&gt;
		&lt;td class="tabelatd2"&gt;1-Fulano de Tal (652.392.539-00)&lt;/td&gt;
		&lt;td class="tabelatd2"&gt;1&lt;/td&gt;
		&lt;td class="tabelatd2"&gt;Patrimonial&lt;/td&gt;
&lt;th class="tabelatd2" border="1"&gt;&lt;a class="noPrint" href="?class=BaixarParcela&amp;id=136"&gt;[Baixar&amp;nbsp;parcela] &lt;/a&gt;&lt;a class="noPrint" href="?class=ImprimirParcela&amp;id=136"&gt;[Imprimir&amp;nbsp;parcela] &lt;/a&gt;&lt;/th&gt;
	&lt;/tr&gt;
	&lt;tr&gt;
		&lt;td class="tabelatd1"&gt;161&lt;/td&gt;
		&lt;td class="tabelatd1"&gt;Tipo Cobranca&lt;/td&gt;
		&lt;td class="tabelatd1"&gt;11/10/2018&lt;/td&gt;
		&lt;td class="tabelatd1"&gt;110.00&lt;/td&gt;
		&lt;td class="tabelatd1"&gt;0.00&lt;/td&gt;
		&lt;td class="tabelatd1"&gt;Em aberto&lt;/td&gt;
		&lt;td class="tabelatd1"&gt;1-Fulano de Tal (652.392.539-00)&lt;/td&gt;
		&lt;td class="tabelatd1"&gt;1&lt;/td&gt;
		&lt;td class="tabelatd1"&gt;Patrimonial&lt;/td&gt;
&lt;th class="tabelatd1" border="1"&gt;&lt;a class="noPrint" href="?class=BaixarParcela&amp;id=161"&gt;[Baixar&amp;nbsp;parcela] &lt;/a&gt;&lt;a class="noPrint" href="?class=ImprimirParcela&amp;id=161"&gt;[Imprimir&amp;nbsp;parcela] &lt;/a&gt;&lt;/th&gt;
	&lt;/tr&gt;
	&lt;tr&gt;
		&lt;td class="tabelatd2"&gt;181&lt;/td&gt;
		&lt;td class="tabelatd2"&gt;Tipo Cobranca&lt;/td&gt;
		&lt;td class="tabelatd2"&gt;11/10/2018&lt;/td&gt;
		&lt;td class="tabelatd2"&gt;110.00&lt;/td&gt;
		&lt;td class="tabelatd2"&gt;0.00&lt;/td&gt;
		&lt;td class="tabelatd2"&gt;Em aberto&lt;/td&gt;
		&lt;td class="tabelatd2"&gt;1-Fulano de Tal (652.392.539-00)&lt;/td&gt;
		&lt;td class="tabelatd2"&gt;1&lt;/td&gt;
		&lt;td class="tabelatd2"&gt;Patrimonial&lt;/td&gt;
&lt;th class="tabelatd2" border="1"&gt;&lt;a class="noPrint" href="?class=BaixarParcela&amp;id=181"&gt;[Baixar&amp;nbsp;parcela] &lt;/a&gt;&lt;a class="noPrint" href="?class=ImprimirParcela&amp;id=181"&gt;[Imprimir&amp;nbsp;parcela] &lt;/a&gt;&lt;/th&gt;
	&lt;/tr&gt;
	&lt;tr&gt;
		&lt;td class="tabelatd1"&gt;201&lt;/td&gt;
		&lt;td class="tabelatd1"&gt;Tipo Cobranca&lt;/td&gt;
		&lt;td class="tabelatd1"&gt;11/10/2018&lt;/td&gt;
		&lt;td class="tabelatd1"&gt;110.00&lt;/td&gt;
		&lt;td class="tabelatd1"&gt;0.00&lt;/td&gt;
		&lt;td class="tabelatd1"&gt;Em aberto&lt;/td&gt;
		&lt;td class="tabelatd1"&gt;1-Fulano de Tal (652.392.539-00)&lt;/td&gt;
		&lt;td class="tabelatd1"&gt;1&lt;/td&gt;
		&lt;td class="tabelatd1"&gt;Patrimonial&lt;/td&gt;
&lt;th class="tabelatd1" border="1"&gt;&lt;a class="noPrint" href="?class=BaixarParcela&amp;id=201"&gt;[Baixar&amp;nbsp;parcela] &lt;/a&gt;&lt;a class="noPrint" href="?class=ImprimirParcela&amp;id=201"&gt;[Imprimir&amp;nbsp;parcela] &lt;/a&gt;&lt;/th&gt;
	&lt;/tr&gt;
	&lt;tr&gt;
		&lt;td class="tabelatd2"&gt;221&lt;/td&gt;
		&lt;td class="tabelatd2"&gt;Tipo Cobranca&lt;/td&gt;
		&lt;td class="tabelatd2"&gt;11/10/2018&lt;/td&gt;
		&lt;td class="tabelatd2"&gt;110.00&lt;/td&gt;
		&lt;td class="tabelatd2"&gt;0.00&lt;/td&gt;
		&lt;td class="tabelatd2"&gt;Em aberto&lt;/td&gt;
		&lt;td class="tabelatd2"&gt;1-Fulano de Tal (652.392.539-00)&lt;/td&gt;
		&lt;td class="tabelatd2"&gt;1&lt;/td&gt;
		&lt;td class="tabelatd2"&gt;Patrimonial&lt;/td&gt;
&lt;th class="tabelatd2" border="1"&gt;&lt;a class="noPrint" href="?class=BaixarParcela&amp;id=221"&gt;[Baixar&amp;nbsp;parcela] &lt;/a&gt;&lt;a class="noPrint" href="?class=ImprimirParcela&amp;id=221"&gt;[Imprimir&amp;nbsp;parcela] &lt;/a&gt;&lt;/th&gt;
	&lt;/tr&gt;
	&lt;tr&gt;
		&lt;td class="tabelatd1"&gt;245&lt;/td&gt;
		&lt;td class="tabelatd1"&gt;Tipo Cobranca&lt;/td&gt;
		&lt;td class="tabelatd1"&gt;11/10/2018&lt;/td&gt;
		&lt;td class="tabelatd1"&gt;110.00&lt;/td&gt;
		&lt;td class="tabelatd1"&gt;0.00&lt;/td&gt;
		&lt;td class="tabelatd1"&gt;Em aberto&lt;/td&gt;
		&lt;td class="tabelatd1"&gt;1-Fulano de Tal (652.392.539-00)&lt;/td&gt;
		&lt;td class="tabelatd1"&gt;1&lt;/td&gt;
		&lt;td class="tabelatd1"&gt;Patrimonial&lt;/td&gt;
&lt;th class="tabelatd1" border="1"&gt;&lt;a class="noPrint" href="?class=BaixarParcela&amp;id=245"&gt;[Baixar&amp;nbsp;parcela] &lt;/a&gt;&lt;a class="noPrint" href="?class=ImprimirParcela&amp;id=245"&gt;[Imprimir&amp;nbsp;parcela] &lt;/a&gt;&lt;/th&gt;
	&lt;/tr&gt;
	&lt;tr&gt;
		&lt;td class="tabelatd2"&gt;77&lt;/td&gt;
		&lt;td class="tabelatd2"&gt;Tipo Cobranca&lt;/td&gt;
		&lt;td class="tabelatd2"&gt;11/10/2018&lt;/td&gt;
		&lt;td class="tabelatd2"&gt;110.00&lt;/td&gt;
		&lt;td class="tabelatd2"&gt;0.00&lt;/td&gt;
		&lt;td class="tabelatd2"&gt;Em aberto&lt;/td&gt;
		&lt;td class="tabelatd2"&gt;1-Fulano de Tal (652.392.539-00)&lt;/td&gt;
		&lt;td class="tabelatd2"&gt;1&lt;/td&gt;
		&lt;td class="tabelatd2"&gt;Patrimonial&lt;/td&gt;
&lt;th class="tabelatd2" border="1"&gt;&lt;a class="noPrint" href="?class=BaixarParcela&amp;id=77"&gt;[Baixar&amp;nbsp;parcela] &lt;/a&gt;&lt;a class="noPrint" href="?class=ImprimirParcela&amp;id=77"&gt;[Imprimir&amp;nbsp;parcela] &lt;/a&gt;&lt;/th&gt;
	&lt;/tr&gt;
	&lt;tr&gt;
		&lt;td class="tabelatd1"&gt;93&lt;/td&gt;
		&lt;td class="tabelatd1"&gt;Tipo Cobranca&lt;/td&gt;
		&lt;td class="tabelatd1"&gt;11/10/2018&lt;/td&gt;
		&lt;td class="tabelatd1"&gt;110.00&lt;/td&gt;
		&lt;td class="tabelatd1"&gt;0.00&lt;/td&gt;
		&lt;td class="tabelatd1"&gt;Em aberto&lt;/td&gt;
		&lt;td class="tabelatd1"&gt;1-Fulano de Tal (652.392.539-00)&lt;/td&gt;
		&lt;td class="tabelatd1"&gt;1&lt;/td&gt;
		&lt;td class="tabelatd1"&gt;Patrimonial&lt;/td&gt;
&lt;th class="tabelatd1" border="1"&gt;&lt;a class="noPrint" href="?class=BaixarParcela&amp;id=93"&gt;[Baixar&amp;nbsp;parcela] &lt;/a&gt;&lt;a class="noPrint" href="?class=ImprimirParcela&amp;id=93"&gt;[Imprimir&amp;nbsp;parcela] &lt;/a&gt;&lt;/th&gt;
	&lt;/tr&gt;
	&lt;tr&gt;
		&lt;td class="tabelatd2"&gt;109&lt;/td&gt;
		&lt;td class="tabelatd2"&gt;Tipo Cobranca&lt;/td&gt;
		&lt;td class="tabelatd2"&gt;11/10/2018&lt;/td&gt;
		&lt;td class="tabelatd2"&gt;110.00&lt;/td&gt;
		&lt;td class="tabelatd2"&gt;0.00&lt;/td&gt;
		&lt;td class="tabelatd2"&gt;Em aberto&lt;/td&gt;
		&lt;td class="tabelatd2"&gt;1-Fulano de Tal (652.392.539-00)&lt;/td&gt;
		&lt;td class="tabelatd2"&gt;1&lt;/td&gt;
		&lt;td class="tabelatd2"&gt;Patrimonial&lt;/td&gt;
&lt;th class="tabelatd2" border="1"&gt;&lt;a class="noPrint" href="?class=BaixarParcela&amp;id=109"&gt;[Baixar&amp;nbsp;parcela] &lt;/a&gt;&lt;a class="noPrint" href="?class=ImprimirParcela&amp;id=109"&gt;[Imprimir&amp;nbsp;parcela] &lt;/a&gt;&lt;/th&gt;
	&lt;/tr&gt;
	&lt;tr&gt;
		&lt;td class="tabelatd1"&gt;137&lt;/td&gt;
		&lt;td class="tabelatd1"&gt;Tipo Cobranca&lt;/td&gt;
		&lt;td class="tabelatd1"&gt;11/10/2018&lt;/td&gt;
		&lt;td class="tabelatd1"&gt;110.00&lt;/td&gt;
		&lt;td class="tabelatd1"&gt;0.00&lt;/td&gt;
		&lt;td class="tabelatd1"&gt;Em aberto&lt;/td&gt;
		&lt;td class="tabelatd1"&gt;1-Fulano de Tal (652.392.539-00)&lt;/td&gt;
		&lt;td class="tabelatd1"&gt;1&lt;/td&gt;
		&lt;td class="tabelatd1"&gt;Patrimonial&lt;/td&gt;
&lt;th class="tabelatd1" border="1"&gt;&lt;a class="noPrint" href="?class=BaixarParcela&amp;id=137"&gt;[Baixar&amp;nbsp;parcela] &lt;/a&gt;&lt;a class="noPrint" href="?class=ImprimirParcela&amp;id=137"&gt;[Imprimir&amp;nbsp;parcela] &lt;/a&gt;&lt;/th&gt;
	&lt;/tr&gt;
	&lt;tr&gt;
		&lt;td class="tabelatd2"&gt;162&lt;/td&gt;
		&lt;td class="tabelatd2"&gt;Tipo Cobranca&lt;/td&gt;
		&lt;td class="tabelatd2"&gt;11/10/2018&lt;/td&gt;
		&lt;td class="tabelatd2"&gt;110.00&lt;/td&gt;
		&lt;td class="tabelatd2"&gt;0.00&lt;/td&gt;
		&lt;td class="tabelatd2"&gt;Em aberto&lt;/td&gt;
		&lt;td class="tabelatd2"&gt;1-Fulano de Tal (652.392.539-00)&lt;/td&gt;
		&lt;td class="tabelatd2"&gt;1&lt;/td&gt;
		&lt;td class="tabelatd2"&gt;Patrimonial&lt;/td&gt;
&lt;th class="tabelatd2" border="1"&gt;&lt;a class="noPrint" href="?class=BaixarParcela&amp;id=162"&gt;[Baixar&amp;nbsp;parcela] &lt;/a&gt;&lt;a class="noPrint" href="?class=ImprimirParcela&amp;id=162"&gt;[Imprimir&amp;nbsp;parcela] &lt;/a&gt;&lt;/th&gt;
	&lt;/tr&gt;
	&lt;tr&gt;
		&lt;td class="tabelatd1"&gt;182&lt;/td&gt;
		&lt;td class="tabelatd1"&gt;Tipo Cobranca&lt;/td&gt;
		&lt;td class="tabelatd1"&gt;11/10/2018&lt;/td&gt;
		&lt;td class="tabelatd1"&gt;110.00&lt;/td&gt;
		&lt;td class="tabelatd1"&gt;0.00&lt;/td&gt;
		&lt;td class="tabelatd1"&gt;Em aberto&lt;/td&gt;
		&lt;td class="tabelatd1"&gt;1-Fulano de Tal (652.392.539-00)&lt;/td&gt;
		&lt;td class="tabelatd1"&gt;1&lt;/td&gt;
		&lt;td class="tabelatd1"&gt;Patrimonial&lt;/td&gt;
&lt;th class="tabelatd1" border="1"&gt;&lt;a class="noPrint" href="?class=BaixarParcela&amp;id=182"&gt;[Baixar&amp;nbsp;parcela] &lt;/a&gt;&lt;a class="noPrint" href="?class=ImprimirParcela&amp;id=182"&gt;[Imprimir&amp;nbsp;parcela] &lt;/a&gt;&lt;/th&gt;
	&lt;/tr&gt;
	&lt;tr&gt;
		&lt;td class="tabelatd2"&gt;202&lt;/td&gt;
		&lt;td class="tabelatd2"&gt;Tipo Cobranca&lt;/td&gt;
		&lt;td class="tabelatd2"&gt;11/10/2018&lt;/td&gt;
		&lt;td class="tabelatd2"&gt;110.00&lt;/td&gt;
		&lt;td class="tabelatd2"&gt;0.00&lt;/td&gt;
		&lt;td class="tabelatd2"&gt;Em aberto&lt;/td&gt;
		&lt;td class="tabelatd2"&gt;1-Fulano de Tal (652.392.539-00)&lt;/td&gt;
		&lt;td class="tabelatd2"&gt;1&lt;/td&gt;
		&lt;td class="tabelatd2"&gt;Patrimonial&lt;/td&gt;
&lt;th class="tabelatd2" border="1"&gt;&lt;a class="noPrint" href="?class=BaixarParcela&amp;id=202"&gt;[Baixar&amp;nbsp;parcela] &lt;/a&gt;&lt;a class="noPrint" href="?class=ImprimirParcela&amp;id=202"&gt;[Imprimir&amp;nbsp;parcela] &lt;/a&gt;&lt;/th&gt;
	&lt;/tr&gt;
	&lt;tr&gt;
		&lt;td class="tabelatd1"&gt;222&lt;/td&gt;
		&lt;td class="tabelatd1"&gt;Tipo Cobranca&lt;/td&gt;
		&lt;td class="tabelatd1"&gt;11/10/2018&lt;/td&gt;
		&lt;td class="tabelatd1"&gt;110.00&lt;/td&gt;
		&lt;td class="tabelatd1"&gt;0.00&lt;/td&gt;
		&lt;td class="tabelatd1"&gt;Em aberto&lt;/td&gt;
		&lt;td class="tabelatd1"&gt;1-Fulano de Tal (652.392.539-00)&lt;/td&gt;
		&lt;td class="tabelatd1"&gt;1&lt;/td&gt;
		&lt;td class="tabelatd1"&gt;Patrimonial&lt;/td&gt;
&lt;th class="tabelatd1" border="1"&gt;&lt;a class="noPrint" href="?class=BaixarParcela&amp;id=222"&gt;[Baixar&amp;nbsp;parcela] &lt;/a&gt;&lt;a class="noPrint" href="?class=ImprimirParcela&amp;id=222"&gt;[Imprimir&amp;nbsp;parcela] &lt;/a&gt;&lt;/th&gt;
	&lt;/tr&gt;
	&lt;tr&gt;
		&lt;td class="tabelatd2"&gt;246&lt;/td&gt;
		&lt;td class="tabelatd2"&gt;Tipo Cobranca&lt;/td&gt;
		&lt;td class="tabelatd2"&gt;11/10/2018&lt;/td&gt;
		&lt;td class="tabelatd2"&gt;110.00&lt;/td&gt;
		&lt;td class="tabelatd2"&gt;0.00&lt;/td&gt;
		&lt;td class="tabelatd2"&gt;Em aberto&lt;/td&gt;
		&lt;td class="tabelatd2"&gt;1-Fulano de Tal (652.392.539-00)&lt;/td&gt;
		&lt;td class="tabelatd2"&gt;1&lt;/td&gt;
		&lt;td class="tabelatd2"&gt;Patrimonial&lt;/td&gt;
&lt;th class="tabelatd2" border="1"&gt;&lt;a class="noPrint" href="?class=BaixarParcela&amp;id=246"&gt;[Baixar&amp;nbsp;parcela] &lt;/a&gt;&lt;a class="noPrint" href="?class=ImprimirParcela&amp;id=246"&gt;[Imprimir&amp;nbsp;parcela] &lt;/a&gt;&lt;/th&gt;
	&lt;/tr&gt;
	&lt;tr&gt;
		&lt;td class="tabelatd1"&gt;94&lt;/td&gt;
		&lt;td class="tabelatd1"&gt;Tipo Cobranca&lt;/td&gt;
		&lt;td class="tabelatd1"&gt;11/10/2018&lt;/td&gt;
		&lt;td class="tabelatd1"&gt;110.00&lt;/td&gt;
		&lt;td class="tabelatd1"&gt;0.00&lt;/td&gt;
		&lt;td class="tabelatd1"&gt;Em aberto&lt;/td&gt;
		&lt;td class="tabelatd1"&gt;1-Fulano de Tal (652.392.539-00)&lt;/td&gt;
		&lt;td class="tabelatd1"&gt;1&lt;/td&gt;
		&lt;td class="tabelatd1"&gt;Patrimonial&lt;/td&gt;
&lt;th class="tabelatd1" border="1"&gt;&lt;a class="noPrint" href="?class=BaixarParcela&amp;id=94"&gt;[Baixar&amp;nbsp;parcela] &lt;/a&gt;&lt;a class="noPrint" href="?class=ImprimirParcela&amp;id=94"&gt;[Imprimir&amp;nbsp;parcela] &lt;/a&gt;&lt;/th&gt;
	&lt;/tr&gt;
	&lt;tr&gt;
		&lt;td class="tabelatd2"&gt;110&lt;/td&gt;
		&lt;td class="tabelatd2"&gt;Tipo Cobranca&lt;/td&gt;
		&lt;td class="tabelatd2"&gt;11/10/2018&lt;/td&gt;
		&lt;td class="tabelatd2"&gt;110.00&lt;/td&gt;
		&lt;td class="tabelatd2"&gt;0.00&lt;/td&gt;
		&lt;td class="tabelatd2"&gt;Em aberto&lt;/td&gt;
		&lt;td class="tabelatd2"&gt;1-Fulano de Tal (652.392.539-00)&lt;/td&gt;
		&lt;td class="tabelatd2"&gt;1&lt;/td&gt;
		&lt;td class="tabelatd2"&gt;Patrimonial&lt;/td&gt;
&lt;th class="tabelatd2" border="1"&gt;&lt;a class="noPrint" href="?class=BaixarParcela&amp;id=110"&gt;[Baixar&amp;nbsp;parcela] &lt;/a&gt;&lt;a class="noPrint" href="?class=ImprimirParcela&amp;id=110"&gt;[Imprimir&amp;nbsp;parcela] &lt;/a&gt;&lt;/th&gt;
	&lt;/tr&gt;
	&lt;tr&gt;
		&lt;td class="tabelatd1"&gt;138&lt;/td&gt;
		&lt;td class="tabelatd1"&gt;Tipo Cobranca&lt;/td&gt;
		&lt;td class="tabelatd1"&gt;11/10/2018&lt;/td&gt;
		&lt;td class="tabelatd1"&gt;110.00&lt;/td&gt;
		&lt;td class="tabelatd1"&gt;0.00&lt;/td&gt;
		&lt;td class="tabelatd1"&gt;Em aberto&lt;/td&gt;
		&lt;td class="tabelatd1"&gt;1-Fulano de Tal (652.392.539-00)&lt;/td&gt;
		&lt;td class="tabelatd1"&gt;1&lt;/td&gt;
		&lt;td class="tabelatd1"&gt;Patrimonial&lt;/td&gt;
&lt;th class="tabelatd1" border="1"&gt;&lt;a class="noPrint" href="?class=BaixarParcela&amp;id=138"&gt;[Baixar&amp;nbsp;parcela] &lt;/a&gt;&lt;a class="noPrint" href="?class=ImprimirParcela&amp;id=138"&gt;[Imprimir&amp;nbsp;parcela] &lt;/a&gt;&lt;/th&gt;
	&lt;/tr&gt;
	&lt;tr&gt;
		&lt;td class="tabelatd2"&gt;163&lt;/td&gt;
		&lt;td class="tabelatd2"&gt;Tipo Cobranca&lt;/td&gt;
		&lt;td class="tabelatd2"&gt;11/10/2018&lt;/td&gt;
		&lt;td class="tabelatd2"&gt;110.00&lt;/td&gt;
		&lt;td class="tabelatd2"&gt;0.00&lt;/td&gt;
		&lt;td class="tabelatd2"&gt;Em aberto&lt;/td&gt;
		&lt;td class="tabelatd2"&gt;1-Fulano de Tal (652.392.539-00)&lt;/td&gt;
		&lt;td class="tabelatd2"&gt;1&lt;/td&gt;
		&lt;td class="tabelatd2"&gt;Patrimonial&lt;/td&gt;
&lt;th class="tabelatd2" border="1"&gt;&lt;a class="noPrint" href="?class=BaixarParcela&amp;id=163"&gt;[Baixar&amp;nbsp;parcela] &lt;/a&gt;&lt;a class="noPrint" href="?class=ImprimirParcela&amp;id=163"&gt;[Imprimir&amp;nbsp;parcela] &lt;/a&gt;&lt;/th&gt;
	&lt;/tr&gt;
	&lt;tr&gt;
		&lt;td class="tabelatd1"&gt;183&lt;/td&gt;
		&lt;td class="tabelatd1"&gt;Tipo Cobranca&lt;/td&gt;
		&lt;td class="tabelatd1"&gt;11/10/2018&lt;/td&gt;
		&lt;td class="tabelatd1"&gt;110.00&lt;/td&gt;
		&lt;td class="tabelatd1"&gt;0.00&lt;/td&gt;
		&lt;td class="tabelatd1"&gt;Em aberto&lt;/td&gt;
		&lt;td class="tabelatd1"&gt;1-Fulano de Tal (652.392.539-00)&lt;/td&gt;
		&lt;td class="tabelatd1"&gt;1&lt;/td&gt;
		&lt;td class="tabelatd1"&gt;Patrimonial&lt;/td&gt;
&lt;th class="tabelatd1" border="1"&gt;&lt;a class="noPrint" href="?class=BaixarParcela&amp;id=183"&gt;[Baixar&amp;nbsp;parcela] &lt;/a&gt;&lt;a class="noPrint" href="?class=ImprimirParcela&amp;id=183"&gt;[Imprimir&amp;nbsp;parcela] &lt;/a&gt;&lt;/th&gt;
	&lt;/tr&gt;
	&lt;tr&gt;
		&lt;td class="tabelatd2"&gt;203&lt;/td&gt;
		&lt;td class="tabelatd2"&gt;Tipo Cobranca&lt;/td&gt;
		&lt;td class="tabelatd2"&gt;11/10/2018&lt;/td&gt;
		&lt;td class="tabelatd2"&gt;110.00&lt;/td&gt;
		&lt;td class="tabelatd2"&gt;0.00&lt;/td&gt;
		&lt;td class="tabelatd2"&gt;Em aberto&lt;/td&gt;
		&lt;td class="tabelatd2"&gt;1-Fulano de Tal (652.392.539-00)&lt;/td&gt;
		&lt;td class="tabelatd2"&gt;1&lt;/td&gt;
		&lt;td class="tabelatd2"&gt;Patrimonial&lt;/td&gt;
&lt;th class="tabelatd2" border="1"&gt;&lt;a class="noPrint" href="?class=BaixarParcela&amp;id=203"&gt;[Baixar&amp;nbsp;parcela] &lt;/a&gt;&lt;a class="noPrint" href="?class=ImprimirParcela&amp;id=203"&gt;[Imprimir&amp;nbsp;parcela] &lt;/a&gt;&lt;/th&gt;
	&lt;/tr&gt;
	&lt;tr&gt;
		&lt;td class="tabelatd1"&gt;223&lt;/td&gt;
		&lt;td class="tabelatd1"&gt;Tipo Cobranca&lt;/td&gt;
		&lt;td class="tabelatd1"&gt;11/10/2018&lt;/td&gt;
		&lt;td class="tabelatd1"&gt;110.00&lt;/td&gt;
		&lt;td class="tabelatd1"&gt;0.00&lt;/td&gt;
		&lt;td class="tabelatd1"&gt;Em aberto&lt;/td&gt;
		&lt;td class="tabelatd1"&gt;1-Fulano de Tal (652.392.539-00)&lt;/td&gt;
		&lt;td class="tabelatd1"&gt;1&lt;/td&gt;
		&lt;td class="tabelatd1"&gt;Patrimonial&lt;/td&gt;
&lt;th class="tabelatd1" border="1"&gt;&lt;a class="noPrint" href="?class=BaixarParcela&amp;id=223"&gt;[Baixar&amp;nbsp;parcela] &lt;/a&gt;&lt;a class="noPrint" href="?class=ImprimirParcela&amp;id=223"&gt;[Imprimir&amp;nbsp;parcela] &lt;/a&gt;&lt;/th&gt;
	&lt;/tr&gt;
	&lt;tr&gt;
		&lt;td class="tabelatd2"&gt;247&lt;/td&gt;
		&lt;td class="tabelatd2"&gt;Tipo Cobranca&lt;/td&gt;
		&lt;td class="tabelatd2"&gt;11/10/2018&lt;/td&gt;
		&lt;td class="tabelatd2"&gt;110.00&lt;/td&gt;
		&lt;td class="tabelatd2"&gt;0.00&lt;/td&gt;
		&lt;td class="tabelatd2"&gt;Em aberto&lt;/td&gt;
		&lt;td class="tabelatd2"&gt;1-Fulano de Tal (652.392.539-00)&lt;/td&gt;
		&lt;td class="tabelatd2"&gt;1&lt;/td&gt;
		&lt;td class="tabelatd2"&gt;Patrimonial&lt;/td&gt;
&lt;th class="tabelatd2" border="1"&gt;&lt;a class="noPrint" href="?class=BaixarParcela&amp;id=247"&gt;[Baixar&amp;nbsp;parcela] &lt;/a&gt;&lt;a class="noPrint" href="?class=ImprimirParcela&amp;id=247"&gt;[Imprimir&amp;nbsp;parcela] &lt;/a&gt;&lt;/th&gt;
	&lt;/tr&gt;
	&lt;tr&gt;
		&lt;td class="tabelatd1"&gt;139&lt;/td&gt;
		&lt;td class="tabelatd1"&gt;Tipo Cobranca&lt;/td&gt;
		&lt;td class="tabelatd1"&gt;11/10/2018&lt;/td&gt;
		&lt;td class="tabelatd1"&gt;110.00&lt;/td&gt;
		&lt;td class="tabelatd1"&gt;0.00&lt;/td&gt;
		&lt;td class="tabelatd1"&gt;Em aberto&lt;/td&gt;
		&lt;td class="tabelatd1"&gt;1-Fulano de Tal (652.392.539-00)&lt;/td&gt;
		&lt;td class="tabelatd1"&gt;1&lt;/td&gt;
		&lt;td class="tabelatd1"&gt;Patrimonial&lt;/td&gt;
&lt;th class="tabelatd1" border="1"&gt;&lt;a class="noPrint" href="?class=BaixarParcela&amp;id=139"&gt;[Baixar&amp;nbsp;parcela] &lt;/a&gt;&lt;a class="noPrint" href="?class=ImprimirParcela&amp;id=139"&gt;[Imprimir&amp;nbsp;parcela] &lt;/a&gt;&lt;/th&gt;
	&lt;/tr&gt;
	&lt;tr&gt;
		&lt;td class="tabelatd2"&gt;164&lt;/td&gt;
		&lt;td class="tabelatd2"&gt;Tipo Cobranca&lt;/td&gt;
		&lt;td class="tabelatd2"&gt;11/10/2018&lt;/td&gt;
		&lt;td class="tabelatd2"&gt;110.00&lt;/td&gt;
		&lt;td class="tabelatd2"&gt;0.00&lt;/td&gt;
		&lt;td class="tabelatd2"&gt;Em aberto&lt;/td&gt;
		&lt;td class="tabelatd2"&gt;1-Fulano de Tal (652.392.539-00)&lt;/td&gt;
		&lt;td class="tabelatd2"&gt;1&lt;/td&gt;
		&lt;td class="tabelatd2"&gt;Patrimonial&lt;/td&gt;
&lt;th class="tabelatd2" border="1"&gt;&lt;a class="noPrint" href="?class=BaixarParcela&amp;id=164"&gt;[Baixar&amp;nbsp;parcela] &lt;/a&gt;&lt;a class="noPrint" href="?class=ImprimirParcela&amp;id=164"&gt;[Imprimir&amp;nbsp;parcela] &lt;/a&gt;&lt;/th&gt;
	&lt;/tr&gt;
	&lt;tr&gt;
		&lt;td class="tabelatd1"&gt;184&lt;/td&gt;
		&lt;td class="tabelatd1"&gt;Tipo Cobranca&lt;/td&gt;
		&lt;td class="tabelatd1"&gt;11/10/2018&lt;/td&gt;
		&lt;td class="tabelatd1"&gt;110.00&lt;/td&gt;
		&lt;td class="tabelatd1"&gt;0.00&lt;/td&gt;
		&lt;td class="tabelatd1"&gt;Em aberto&lt;/td&gt;
		&lt;td class="tabelatd1"&gt;1-Fulano de Tal (652.392.539-00)&lt;/td&gt;
		&lt;td class="tabelatd1"&gt;1&lt;/td&gt;
		&lt;td class="tabelatd1"&gt;Patrimonial&lt;/td&gt;
&lt;th class="tabelatd1" border="1"&gt;&lt;a class="noPrint" href="?class=BaixarParcela&amp;id=184"&gt;[Baixar&amp;nbsp;parcela] &lt;/a&gt;&lt;a class="noPrint" href="?class=ImprimirParcela&amp;id=184"&gt;[Imprimir&amp;nbsp;parcela] &lt;/a&gt;&lt;/th&gt;
	&lt;/tr&gt;
	&lt;tr&gt;
		&lt;td class="tabelatd2"&gt;204&lt;/td&gt;
		&lt;td class="tabelatd2"&gt;Tipo Cobranca&lt;/td&gt;
		&lt;td class="tabelatd2"&gt;11/10/2018&lt;/td&gt;
		&lt;td class="tabelatd2"&gt;110.00&lt;/td&gt;
		&lt;td class="tabelatd2"&gt;0.00&lt;/td&gt;
		&lt;td class="tabelatd2"&gt;Em aberto&lt;/td&gt;
		&lt;td class="tabelatd2"&gt;1-Fulano de Tal (652.392.539-00)&lt;/td&gt;
		&lt;td class="tabelatd2"&gt;1&lt;/td&gt;
		&lt;td class="tabelatd2"&gt;Patrimonial&lt;/td&gt;
&lt;th class="tabelatd2" border="1"&gt;&lt;a class="noPrint" href="?class=BaixarParcela&amp;id=204"&gt;[Baixar&amp;nbsp;parcela] &lt;/a&gt;&lt;a class="noPrint" href="?class=ImprimirParcela&amp;id=204"&gt;[Imprimir&amp;nbsp;parcela] &lt;/a&gt;&lt;/th&gt;
	&lt;/tr&gt;
	&lt;tr&gt;
		&lt;td class="tabelatd1"&gt;224&lt;/td&gt;
		&lt;td class="tabelatd1"&gt;Tipo Cobranca&lt;/td&gt;
		&lt;td class="tabelatd1"&gt;11/10/2018&lt;/td&gt;
		&lt;td class="tabelatd1"&gt;110.00&lt;/td&gt;
		&lt;td class="tabelatd1"&gt;0.00&lt;/td&gt;
		&lt;td class="tabelatd1"&gt;Em aberto&lt;/td&gt;
		&lt;td class="tabelatd1"&gt;1-Fulano de Tal (652.392.539-00)&lt;/td&gt;
		&lt;td class="tabelatd1"&gt;1&lt;/td&gt;
		&lt;td class="tabelatd1"&gt;Patrimonial&lt;/td&gt;
&lt;th class="tabelatd1" border="1"&gt;&lt;a class="noPrint" href="?class=BaixarParcela&amp;id=224"&gt;[Baixar&amp;nbsp;parcela] &lt;/a&gt;&lt;a class="noPrint" href="?class=ImprimirParcela&amp;id=224"&gt;[Imprimir&amp;nbsp;parcela] &lt;/a&gt;&lt;/th&gt;
	&lt;/tr&gt;
	&lt;tr&gt;
		&lt;td class="tabelatd2"&gt;248&lt;/td&gt;
		&lt;td class="tabelatd2"&gt;Tipo Cobranca&lt;/td&gt;
		&lt;td class="tabelatd2"&gt;11/10/2018&lt;/td&gt;
		&lt;td class="tabelatd2"&gt;110.00&lt;/td&gt;
		&lt;td class="tabelatd2"&gt;0.00&lt;/td&gt;
		&lt;td class="tabelatd2"&gt;Em aberto&lt;/td&gt;
		&lt;td class="tabelatd2"&gt;1-Fulano de Tal (652.392.539-00)&lt;/td&gt;
		&lt;td class="tabelatd2"&gt;1&lt;/td&gt;
		&lt;td class="tabelatd2"&gt;Patrimonial&lt;/td&gt;
&lt;th class="tabelatd2" border="1"&gt;&lt;a class="noPrint" href="?class=BaixarParcela&amp;id=248"&gt;[Baixar&amp;nbsp;parcela] &lt;/a&gt;&lt;a class="noPrint" href="?class=ImprimirParcela&amp;id=248"&gt;[Imprimir&amp;nbsp;parcela] &lt;/a&gt;&lt;/th&gt;
	&lt;/tr&gt;
	&lt;tr&gt;
		&lt;td class="tabelatd1"&gt;165&lt;/td&gt;
		&lt;td class="tabelatd1"&gt;Tipo Cobranca&lt;/td&gt;
		&lt;td class="tabelatd1"&gt;11/10/2018&lt;/td&gt;
		&lt;td class="tabelatd1"&gt;110.00&lt;/td&gt;
		&lt;td class="tabelatd1"&gt;0.00&lt;/td&gt;
		&lt;td class="tabelatd1"&gt;Em aberto&lt;/td&gt;
		&lt;td class="tabelatd1"&gt;1-Fulano de Tal (652.392.539-00)&lt;/td&gt;
		&lt;td class="tabelatd1"&gt;1&lt;/td&gt;
		&lt;td class="tabelatd1"&gt;Patrimonial&lt;/td&gt;
&lt;th class="tabelatd1" border="1"&gt;&lt;a class="noPrint" href="?class=BaixarParcela&amp;id=165"&gt;[Baixar&amp;nbsp;parcela] &lt;/a&gt;&lt;a class="noPrint" href="?class=ImprimirParcela&amp;id=165"&gt;[Imprimir&amp;nbsp;parcela] &lt;/a&gt;&lt;/th&gt;
	&lt;/tr&gt;
	&lt;tr&gt;
		&lt;td class="tabelatd2"&gt;185&lt;/td&gt;
		&lt;td class="tabelatd2"&gt;Tipo Cobranca&lt;/td&gt;
		&lt;td class="tabelatd2"&gt;11/10/2018&lt;/td&gt;
		&lt;td class="tabelatd2"&gt;110.00&lt;/td&gt;
		&lt;td class="tabelatd2"&gt;0.00&lt;/td&gt;
		&lt;td class="tabelatd2"&gt;Em aberto&lt;/td&gt;
		&lt;td class="tabelatd2"&gt;1-Fulano de Tal (652.392.539-00)&lt;/td&gt;
		&lt;td class="tabelatd2"&gt;1&lt;/td&gt;
		&lt;td class="tabelatd2"&gt;Patrimonial&lt;/td&gt;
&lt;th class="tabelatd2" border="1"&gt;&lt;a class="noPrint" href="?class=BaixarParcela&amp;id=185"&gt;[Baixar&amp;nbsp;parcela] &lt;/a&gt;&lt;a class="noPrint" href="?class=ImprimirParcela&amp;id=185"&gt;[Imprimir&amp;nbsp;parcela] &lt;/a&gt;&lt;/th&gt;
	&lt;/tr&gt;
	&lt;tr&gt;
		&lt;td class="tabelatd1"&gt;205&lt;/td&gt;
		&lt;td class="tabelatd1"&gt;Tipo Cobranca&lt;/td&gt;
		&lt;td class="tabelatd1"&gt;11/10/2018&lt;/td&gt;
		&lt;td class="tabelatd1"&gt;110.00&lt;/td&gt;
		&lt;td class="tabelatd1"&gt;0.00&lt;/td&gt;
		&lt;td class="tabelatd1"&gt;Em aberto&lt;/td&gt;
		&lt;td class="tabelatd1"&gt;1-Fulano de Tal (652.392.539-00)&lt;/td&gt;
		&lt;td class="tabelatd1"&gt;1&lt;/td&gt;
		&lt;td class="tabelatd1"&gt;Patrimonial&lt;/td&gt;
&lt;th class="tabelatd1" border="1"&gt;&lt;a class="noPrint" href="?class=BaixarParcela&amp;id=205"&gt;[Baixar&amp;nbsp;parcela] &lt;/a&gt;&lt;a class="noPrint" href="?class=ImprimirParcela&amp;id=205"&gt;[Imprimir&amp;nbsp;parcela] &lt;/a&gt;&lt;/th&gt;
	&lt;/tr&gt;
	&lt;tr&gt;
		&lt;td class="tabelatd2"&gt;225&lt;/td&gt;
		&lt;td class="tabelatd2"&gt;Tipo Cobranca&lt;/td&gt;
		&lt;td class="tabelatd2"&gt;11/10/2018&lt;/td&gt;
		&lt;td class="tabelatd2"&gt;110.00&lt;/td&gt;
		&lt;td class="tabelatd2"&gt;0.00&lt;/td&gt;
		&lt;td class="tabelatd2"&gt;Em aberto&lt;/td&gt;
		&lt;td class="tabelatd2"&gt;1-Fulano de Tal (652.392.539-00)&lt;/td&gt;
		&lt;td class="tabelatd2"&gt;1&lt;/td&gt;
		&lt;td class="tabelatd2"&gt;Patrimonial&lt;/td&gt;
&lt;th class="tabelatd2" border="1"&gt;&lt;a class="noPrint" href="?class=BaixarParcela&amp;id=225"&gt;[Baixar&amp;nbsp;parcela] &lt;/a&gt;&lt;a class="noPrint" href="?class=ImprimirParcela&amp;id=225"&gt;[Imprimir&amp;nbsp;parcela] &lt;/a&gt;&lt;/th&gt;
	&lt;/tr&gt;
	&lt;tr&gt;
		&lt;td class="tabelatd1"&gt;249&lt;/td&gt;
		&lt;td class="tabelatd1"&gt;Tipo Cobranca&lt;/td&gt;
		&lt;td class="tabelatd1"&gt;11/10/2018&lt;/td&gt;
		&lt;td class="tabelatd1"&gt;110.00&lt;/td&gt;
		&lt;td class="tabelatd1"&gt;0.00&lt;/td&gt;
		&lt;td class="tabelatd1"&gt;Em aberto&lt;/td&gt;
		&lt;td class="tabelatd1"&gt;1-Fulano de Tal (652.392.539-00)&lt;/td&gt;
		&lt;td class="tabelatd1"&gt;1&lt;/td&gt;
		&lt;td class="tabelatd1"&gt;Patrimonial&lt;/td&gt;
&lt;th class="tabelatd1" border="1"&gt;&lt;a class="noPrint" href="?class=BaixarParcela&amp;id=249"&gt;[Baixar&amp;nbsp;parcela] &lt;/a&gt;&lt;a class="noPrint" href="?class=ImprimirParcela&amp;id=249"&gt;[Imprimir&amp;nbsp;parcela] &lt;/a&gt;&lt;/th&gt;
	&lt;/tr&gt;
	&lt;tr&gt;
		&lt;td class="tabelatd2"&gt;265&lt;/td&gt;
		&lt;td class="tabelatd2"&gt;Tipo Cobranca&lt;/td&gt;
		&lt;td class="tabelatd2"&gt;11/10/2018&lt;/td&gt;
		&lt;td class="tabelatd2"&gt;110.00&lt;/td&gt;
		&lt;td class="tabelatd2"&gt;0.00&lt;/td&gt;
		&lt;td class="tabelatd2"&gt;Em aberto&lt;/td&gt;
		&lt;td class="tabelatd2"&gt;1-Fulano de Tal (652.392.539-00)&lt;/td&gt;
		&lt;td class="tabelatd2"&gt;1&lt;/td&gt;
		&lt;td class="tabelatd2"&gt;Patrimonial&lt;/td&gt;
&lt;th class="tabelatd2" border="1"&gt;&lt;a class="noPrint" href="?class=BaixarParcela&amp;id=265"&gt;[Baixar&amp;nbsp;parcela] &lt;/a&gt;&lt;a class="noPrint" href="?class=ImprimirParcela&amp;id=265"&gt;[Imprimir&amp;nbsp;parcela] &lt;/a&gt;&lt;/th&gt;
	&lt;/tr&gt;
	&lt;tr&gt;
		&lt;td class="tabelatd1"&gt;291&lt;/td&gt;
		&lt;td class="tabelatd1"&gt;Tipo Cobranca&lt;/td&gt;
		&lt;td class="tabelatd1"&gt;11/10/2018&lt;/td&gt;
		&lt;td class="tabelatd1"&gt;110.00&lt;/td&gt;
		&lt;td class="tabelatd1"&gt;0.00&lt;/td&gt;
		&lt;td class="tabelatd1"&gt;Em aberto&lt;/td&gt;
		&lt;td class="tabelatd1"&gt;1-Fulano de Tal (652.392.539-00)&lt;/td&gt;
		&lt;td class="tabelatd1"&gt;1&lt;/td&gt;
		&lt;td class="tabelatd1"&gt;Patrimonial&lt;/td&gt;
&lt;th class="tabelatd1" border="1"&gt;&lt;a class="noPrint" href="?class=BaixarParcela&amp;id=291"&gt;[Baixar&amp;nbsp;parcela] &lt;/a&gt;&lt;a class="noPrint" href="?class=ImprimirParcela&amp;id=291"&gt;[Imprimir&amp;nbsp;parcela] &lt;/a&gt;&lt;/th&gt;
	&lt;/tr&gt;
	&lt;tr&gt;
		&lt;td class="tabelatd2"&gt;319&lt;/td&gt;
		&lt;td class="tabelatd2"&gt;Tipo Cobranca&lt;/td&gt;
		&lt;td class="tabelatd2"&gt;11/10/2018&lt;/td&gt;
		&lt;td class="tabelatd2"&gt;110.00&lt;/td&gt;
		&lt;td class="tabelatd2"&gt;0.00&lt;/td&gt;
		&lt;td class="tabelatd2"&gt;Em aberto&lt;/td&gt;
		&lt;td class="tabelatd2"&gt;1-Fulano de Tal (652.392.539-00)&lt;/td&gt;
		&lt;td class="tabelatd2"&gt;1&lt;/td&gt;
		&lt;td class="tabelatd2"&gt;Patrimonial&lt;/td&gt;
&lt;th class="tabelatd2" border="1"&gt;&lt;a class="noPrint" href="?class=BaixarParcela&amp;id=319"&gt;[Baixar&amp;nbsp;parcela] &lt;/a&gt;&lt;a class="noPrint" href="?class=ImprimirParcela&amp;id=319"&gt;[Imprimir&amp;nbsp;parcela] &lt;/a&gt;&lt;/th&gt;
	&lt;/tr&gt;
	&lt;tr&gt;
		&lt;td class="tabelatd1"&gt;349&lt;/td&gt;
		&lt;td class="tabelatd1"&gt;Tipo Cobranca&lt;/td&gt;
		&lt;td class="tabelatd1"&gt;11/10/2018&lt;/td&gt;
		&lt;td class="tabelatd1"&gt;110.00&lt;/td&gt;
		&lt;td class="tabelatd1"&gt;0.00&lt;/td&gt;
		&lt;td class="tabelatd1"&gt;Em aberto&lt;/td&gt;
		&lt;td class="tabelatd1"&gt;1-Fulano de Tal (652.392.539-00)&lt;/td&gt;
		&lt;td class="tabelatd1"&gt;1&lt;/td&gt;
		&lt;td class="tabelatd1"&gt;Patrimonial&lt;/td&gt;
&lt;th class="tabelatd1" border="1"&gt;&lt;a class="noPrint" href="?class=BaixarParcela&amp;id=349"&gt;[Baixar&amp;nbsp;parcela] &lt;/a&gt;&lt;a class="noPrint" href="?class=ImprimirParcela&amp;id=349"&gt;[Imprimir&amp;nbsp;parcela] &lt;/a&gt;&lt;/th&gt;
	&lt;/tr&gt;
	&lt;tr&gt;
		&lt;td class="tabelatd2"&gt;381&lt;/td&gt;
		&lt;td class="tabelatd2"&gt;Tipo Cobranca&lt;/td&gt;
		&lt;td class="tabelatd2"&gt;11/10/2018&lt;/td&gt;
		&lt;td class="tabelatd2"&gt;110.00&lt;/td&gt;
		&lt;td class="tabelatd2"&gt;0.00&lt;/td&gt;
		&lt;td class="tabelatd2"&gt;Em aberto&lt;/td&gt;
		&lt;td class="tabelatd2"&gt;1-Fulano de Tal (652.392.539-00)&lt;/td&gt;
		&lt;td class="tabelatd2"&gt;1&lt;/td&gt;
		&lt;td class="tabelatd2"&gt;Patrimonial&lt;/td&gt;
&lt;th class="tabelatd2" border="1"&gt;&lt;a class="noPrint" href="?class=BaixarParcela&amp;id=381"&gt;[Baixar&amp;nbsp;parcela] &lt;/a&gt;&lt;a class="noPrint" href="?class=ImprimirParcela&amp;id=381"&gt;[Imprimir&amp;nbsp;parcela] &lt;/a&gt;&lt;/th&gt;
	&lt;/tr&gt;
	&lt;tr&gt;
		&lt;td class="tabelatd1"&gt;415&lt;/td&gt;
		&lt;td class="tabelatd1"&gt;Tipo Cobranca&lt;/td&gt;
		&lt;td class="tabelatd1"&gt;11/10/2018&lt;/td&gt;
		&lt;td class="tabelatd1"&gt;110.00&lt;/td&gt;
		&lt;td class="tabelatd1"&gt;0.00&lt;/td&gt;
		&lt;td class="tabelatd1"&gt;Em aberto&lt;/td&gt;
		&lt;td class="tabelatd1"&gt;1-Fulano de Tal (652.392.539-00)&lt;/td&gt;
		&lt;td class="tabelatd1"&gt;1&lt;/td&gt;
		&lt;td class="tabelatd1"&gt;Patrimonial&lt;/td&gt;
&lt;th class="tabelatd1" border="1"&gt;&lt;a class="noPrint" href="?class=BaixarParcela&amp;id=415"&gt;[Baixar&amp;nbsp;parcela] &lt;/a&gt;&lt;a class="noPrint" href="?class=ImprimirParcela&amp;id=415"&gt;[Imprimir&amp;nbsp;parcela] &lt;/a&gt;&lt;/th&gt;
	&lt;/tr&gt;
	&lt;tr&gt;
		&lt;td class="tabelatd2"&gt;451&lt;/td&gt;
		&lt;td class="tabelatd2"&gt;Tipo Cobranca&lt;/td&gt;
		&lt;td class="tabelatd2"&gt;11/10/2018&lt;/td&gt;
		&lt;td class="tabelatd2"&gt;110.00&lt;/td&gt;
		&lt;td class="tabelatd2"&gt;0.00&lt;/td&gt;
		&lt;td class="tabelatd2"&gt;Em aberto&lt;/td&gt;
		&lt;td class="tabelatd2"&gt;1-Fulano de Tal (652.392.539-00)&lt;/td&gt;
		&lt;td class="tabelatd2"&gt;1&lt;/td&gt;
		&lt;td class="tabelatd2"&gt;Patrimonial&lt;/td&gt;
&lt;th class="tabelatd2" border="1"&gt;&lt;a class="noPrint" href="?class=BaixarParcela&amp;id=451"&gt;[Baixar&amp;nbsp;parcela] &lt;/a&gt;&lt;a class="noPrint" href="?class=ImprimirParcela&amp;id=451"&gt;[Imprimir&amp;nbsp;parcela] &lt;/a&gt;&lt;/th&gt;
	&lt;/tr&gt;
	&lt;tr&gt;
		&lt;td class="tabelatd1"&gt;268&lt;/td&gt;
		&lt;td class="tabelatd1"&gt;Tipo Cobranca&lt;/td&gt;
		&lt;td class="tabelatd1"&gt;11/10/2018&lt;/td&gt;
		&lt;td class="tabelatd1"&gt;110.00&lt;/td&gt;
		&lt;td class="tabelatd1"&gt;0.00&lt;/td&gt;
		&lt;td class="tabelatd1"&gt;Em aberto&lt;/td&gt;
		&lt;td class="tabelatd1"&gt;1-Fulano de Tal (652.392.539-00)&lt;/td&gt;
		&lt;td class="tabelatd1"&gt;1&lt;/td&gt;
		&lt;td class="tabelatd1"&gt;Patrimonial&lt;/td&gt;
&lt;th class="tabelatd1" border="1"&gt;&lt;a class="noPrint" href="?class=BaixarParcela&amp;id=268"&gt;[Baixar&amp;nbsp;parcela] &lt;/a&gt;&lt;a class="noPrint" href="?class=ImprimirParcela&amp;id=268"&gt;[Imprimir&amp;nbsp;parcela] &lt;/a&gt;&lt;/th&gt;
	&lt;/tr&gt;
	&lt;tr&gt;
		&lt;td class="tabelatd2"&gt;294&lt;/td&gt;
		&lt;td class="tabelatd2"&gt;Tipo Cobranca&lt;/td&gt;
		&lt;td class="tabelatd2"&gt;11/10/2018&lt;/td&gt;
		&lt;td class="tabelatd2"&gt;110.00&lt;/td&gt;
		&lt;td class="tabelatd2"&gt;0.00&lt;/td&gt;
		&lt;td class="tabelatd2"&gt;Em aberto&lt;/td&gt;
		&lt;td class="tabelatd2"&gt;1-Fulano de Tal (652.392.539-00)&lt;/td&gt;
		&lt;td class="tabelatd2"&gt;1&lt;/td&gt;
		&lt;td class="tabelatd2"&gt;Patrimonial&lt;/td&gt;
&lt;th class="tabelatd2" border="1"&gt;&lt;a class="noPrint" href="?class=BaixarParcela&amp;id=294"&gt;[Baixar&amp;nbsp;parcela] &lt;/a&gt;&lt;a class="noPrint" href="?class=ImprimirParcela&amp;id=294"&gt;[Imprimir&amp;nbsp;parcela] &lt;/a&gt;&lt;/th&gt;
	&lt;/tr&gt;
	&lt;tr&gt;
		&lt;td class="tabelatd1"&gt;322&lt;/td&gt;
		&lt;td class="tabelatd1"&gt;Tipo Cobranca&lt;/td&gt;
		&lt;td class="tabelatd1"&gt;11/10/2018&lt;/td&gt;
		&lt;td class="tabelatd1"&gt;110.00&lt;/td&gt;
		&lt;td class="tabelatd1"&gt;0.00&lt;/td&gt;
		&lt;td class="tabelatd1"&gt;Em aberto&lt;/td&gt;
		&lt;td class="tabelatd1"&gt;1-Fulano de Tal (652.392.539-00)&lt;/td&gt;
		&lt;td class="tabelatd1"&gt;1&lt;/td&gt;
		&lt;td class="tabelatd1"&gt;Patrimonial&lt;/td&gt;
&lt;th class="tabelatd1" border="1"&gt;&lt;a class="noPrint" href="?class=BaixarParcela&amp;id=322"&gt;[Baixar&amp;nbsp;parcela] &lt;/a&gt;&lt;a class="noPrint" href="?class=ImprimirParcela&amp;id=322"&gt;[Imprimir&amp;nbsp;parcela] &lt;/a&gt;&lt;/th&gt;
	&lt;/tr&gt;
	&lt;tr&gt;
		&lt;td class="tabelatd2"&gt;352&lt;/td&gt;
		&lt;td class="tabelatd2"&gt;Tipo Cobranca&lt;/td&gt;
		&lt;td class="tabelatd2"&gt;11/10/2018&lt;/td&gt;
		&lt;td class="tabelatd2"&gt;110.00&lt;/td&gt;
		&lt;td class="tabelatd2"&gt;0.00&lt;/td&gt;
		&lt;td class="tabelatd2"&gt;Em aberto&lt;/td&gt;
		&lt;td class="tabelatd2"&gt;1-Fulano de Tal (652.392.539-00)&lt;/td&gt;
		&lt;td class="tabelatd2"&gt;1&lt;/td&gt;
		&lt;td class="tabelatd2"&gt;Patrimonial&lt;/td&gt;
&lt;th class="tabelatd2" border="1"&gt;&lt;a class="noPrint" href="?class=BaixarParcela&amp;id=352"&gt;[Baixar&amp;nbsp;parcela] &lt;/a&gt;&lt;a class="noPrint" href="?class=ImprimirParcela&amp;id=352"&gt;[Imprimir&amp;nbsp;parcela] &lt;/a&gt;&lt;/th&gt;
	&lt;/tr&gt;
	&lt;tr&gt;
		&lt;td class="tabelatd1"&gt;384&lt;/td&gt;
		&lt;td class="tabelatd1"&gt;Tipo Cobranca&lt;/td&gt;
		&lt;td class="tabelatd1"&gt;11/10/2018&lt;/td&gt;
		&lt;td class="tabelatd1"&gt;110.00&lt;/td&gt;
		&lt;td class="tabelatd1"&gt;0.00&lt;/td&gt;
		&lt;td class="tabelatd1"&gt;Em aberto&lt;/td&gt;
		&lt;td class="tabelatd1"&gt;1-Fulano de Tal (652.392.539-00)&lt;/td&gt;
		&lt;td class="tabelatd1"&gt;1&lt;/td&gt;
		&lt;td class="tabelatd1"&gt;Patrimonial&lt;/td&gt;
&lt;th class="tabelatd1" border="1"&gt;&lt;a class="noPrint" href="?class=BaixarParcela&amp;id=384"&gt;[Baixar&amp;nbsp;parcela] &lt;/a&gt;&lt;a class="noPrint" href="?class=ImprimirParcela&amp;id=384"&gt;[Imprimir&amp;nbsp;parcela] &lt;/a&gt;&lt;/th&gt;
	&lt;/tr&gt;
	&lt;tr&gt;
		&lt;td class="tabelatd2"&gt;418&lt;/td&gt;
		&lt;td class="tabelatd2"&gt;Tipo Cobranca&lt;/td&gt;
		&lt;td class="tabelatd2"&gt;11/10/2018&lt;/td&gt;
		&lt;td class="tabelatd2"&gt;110.00&lt;/td&gt;
		&lt;td class="tabelatd2"&gt;0.00&lt;/td&gt;
		&lt;td class="tabelatd2"&gt;Em aberto&lt;/td&gt;
		&lt;td class="tabelatd2"&gt;1-Fulano de Tal (652.392.539-00)&lt;/td&gt;
		&lt;td class="tabelatd2"&gt;1&lt;/td&gt;
		&lt;td class="tabelatd2"&gt;Patrimonial&lt;/td&gt;
&lt;th class="tabelatd2" border="1"&gt;&lt;a class="noPrint" href="?class=BaixarParcela&amp;id=418"&gt;[Baixar&amp;nbsp;parcela] &lt;/a&gt;&lt;a class="noPrint" href="?class=ImprimirParcela&amp;id=418"&gt;[Imprimir&amp;nbsp;parcela] &lt;/a&gt;&lt;/th&gt;
	&lt;/tr&gt;
	&lt;tr&gt;
		&lt;td class="tabelatd1"&gt;454&lt;/td&gt;
		&lt;td class="tabelatd1"&gt;Tipo Cobranca&lt;/td&gt;
		&lt;td class="tabelatd1"&gt;11/10/2018&lt;/td&gt;
		&lt;td class="tabelatd1"&gt;110.00&lt;/td&gt;
		&lt;td class="tabelatd1"&gt;0.00&lt;/td&gt;
		&lt;td class="tabelatd1"&gt;Em aberto&lt;/td&gt;
		&lt;td class="tabelatd1"&gt;1-Fulano de Tal (652.392.539-00)&lt;/td&gt;
		&lt;td class="tabelatd1"&gt;1&lt;/td&gt;
		&lt;td class="tabelatd1"&gt;Patrimonial&lt;/td&gt;
&lt;th class="tabelatd1" border="1"&gt;&lt;a class="noPrint" href="?class=BaixarParcela&amp;id=454"&gt;[Baixar&amp;nbsp;parcela] &lt;/a&gt;&lt;a class="noPrint" href="?class=ImprimirParcela&amp;id=454"&gt;[Imprimir&amp;nbsp;parcela] &lt;/a&gt;&lt;/th&gt;
	&lt;/tr&gt;
	&lt;tr&gt;
		&lt;td class="tabelatd2"&gt;269&lt;/td&gt;
		&lt;td class="tabelatd2"&gt;Tipo Cobranca&lt;/td&gt;
		&lt;td class="tabelatd2"&gt;11/10/2018&lt;/td&gt;
		&lt;td class="tabelatd2"&gt;110.00&lt;/td&gt;
		&lt;td class="tabelatd2"&gt;0.00&lt;/td&gt;
		&lt;td class="tabelatd2"&gt;Em aberto&lt;/td&gt;
		&lt;td class="tabelatd2"&gt;1-Fulano de Tal (652.392.539-00)&lt;/td&gt;
		&lt;td class="tabelatd2"&gt;1&lt;/td&gt;
		&lt;td class="tabelatd2"&gt;Patrimonial&lt;/td&gt;
&lt;th class="tabelatd2" border="1"&gt;&lt;a class="noPrint" href="?class=BaixarParcela&amp;id=269"&gt;[Baixar&amp;nbsp;parcela] &lt;/a&gt;&lt;a class="noPrint" href="?class=ImprimirParcela&amp;id=269"&gt;[Imprimir&amp;nbsp;parcela] &lt;/a&gt;&lt;/th&gt;
	&lt;/tr&gt;
	&lt;tr&gt;
		&lt;td class="tabelatd1"&gt;295&lt;/td&gt;
		&lt;td class="tabelatd1"&gt;Tipo Cobranca&lt;/td&gt;
		&lt;td class="tabelatd1"&gt;11/10/2018&lt;/td&gt;
		&lt;td class="tabelatd1"&gt;110.00&lt;/td&gt;
		&lt;td class="tabelatd1"&gt;0.00&lt;/td&gt;
		&lt;td class="tabelatd1"&gt;Em aberto&lt;/td&gt;
		&lt;td class="tabelatd1"&gt;1-Fulano de Tal (652.392.539-00)&lt;/td&gt;
		&lt;td class="tabelatd1"&gt;1&lt;/td&gt;
		&lt;td class="tabelatd1"&gt;Patrimonial&lt;/td&gt;
&lt;th class="tabelatd1" border="1"&gt;&lt;a class="noPrint" href="?class=BaixarParcela&amp;id=295"&gt;[Baixar&amp;nbsp;parcela] &lt;/a&gt;&lt;a class="noPrint" href="?class=ImprimirParcela&amp;id=295"&gt;[Imprimir&amp;nbsp;parcela] &lt;/a&gt;&lt;/th&gt;
	&lt;/tr&gt;
	&lt;tr&gt;
		&lt;td class="tabelatd2"&gt;323&lt;/td&gt;
		&lt;td class="tabelatd2"&gt;Tipo Cobranca&lt;/td&gt;
		&lt;td class="tabelatd2"&gt;11/10/2018&lt;/td&gt;
		&lt;td class="tabelatd2"&gt;110.00&lt;/td&gt;
		&lt;td class="tabelatd2"&gt;0.00&lt;/td&gt;
		&lt;td class="tabelatd2"&gt;Em aberto&lt;/td&gt;
		&lt;td class="tabelatd2"&gt;1-Fulano de Tal (652.392.539-00)&lt;/td&gt;
		&lt;td class="tabelatd2"&gt;1&lt;/td&gt;
		&lt;td class="tabelatd2"&gt;Patrimonial&lt;/td&gt;
&lt;th class="tabelatd2" border="1"&gt;&lt;a class="noPrint" href="?class=BaixarParcela&amp;id=323"&gt;[Baixar&amp;nbsp;parcela] &lt;/a&gt;&lt;a class="noPrint" href="?class=ImprimirParcela&amp;id=323"&gt;[Imprimir&amp;nbsp;parcela] &lt;/a&gt;&lt;/th&gt;
	&lt;/tr&gt;
	&lt;tr&gt;
		&lt;td class="tabelatd1"&gt;353&lt;/td&gt;
		&lt;td class="tabelatd1"&gt;Tipo Cobranca&lt;/td&gt;
		&lt;td class="tabelatd1"&gt;11/10/2018&lt;/td&gt;
		&lt;td class="tabelatd1"&gt;110.00&lt;/td&gt;
		&lt;td class="tabelatd1"&gt;0.00&lt;/td&gt;
		&lt;td class="tabelatd1"&gt;Em aberto&lt;/td&gt;
		&lt;td class="tabelatd1"&gt;1-Fulano de Tal (652.392.539-00)&lt;/td&gt;
		&lt;td class="tabelatd1"&gt;1&lt;/td&gt;
		&lt;td class="tabelatd1"&gt;Patrimonial&lt;/td&gt;
&lt;th class="tabelatd1" border="1"&gt;&lt;a class="noPrint" href="?class=BaixarParcela&amp;id=353"&gt;[Baixar&amp;nbsp;parcela] &lt;/a&gt;&lt;a class="noPrint" href="?class=ImprimirParcela&amp;id=353"&gt;[Imprimir&amp;nbsp;parcela] &lt;/a&gt;&lt;/th&gt;
	&lt;/tr&gt;
	&lt;tr&gt;
		&lt;td class="tabelatd2"&gt;385&lt;/td&gt;
		&lt;td class="tabelatd2"&gt;Tipo Cobranca&lt;/td&gt;
		&lt;td class="tabelatd2"&gt;11/10/2018&lt;/td&gt;
		&lt;td class="tabelatd2"&gt;110.00&lt;/td&gt;
		&lt;td class="tabelatd2"&gt;0.00&lt;/td&gt;
		&lt;td class="tabelatd2"&gt;Em aberto&lt;/td&gt;
		&lt;td class="tabelatd2"&gt;1-Fulano de Tal (652.392.539-00)&lt;/td&gt;
		&lt;td class="tabelatd2"&gt;1&lt;/td&gt;
		&lt;td class="tabelatd2"&gt;Patrimonial&lt;/td&gt;
&lt;th class="tabelatd2" border="1"&gt;&lt;a class="noPrint" href="?class=BaixarParcela&amp;id=385"&gt;[Baixar&amp;nbsp;parcela] &lt;/a&gt;&lt;a class="noPrint" href="?class=ImprimirParcela&amp;id=385"&gt;[Imprimir&amp;nbsp;parcela] &lt;/a&gt;&lt;/th&gt;
	&lt;/tr&gt;
	&lt;tr&gt;
		&lt;td class="tabelatd1"&gt;419&lt;/td&gt;
		&lt;td class="tabelatd1"&gt;Tipo Cobranca&lt;/td&gt;
		&lt;td class="tabelatd1"&gt;11/10/2018&lt;/td&gt;
		&lt;td class="tabelatd1"&gt;110.00&lt;/td&gt;
		&lt;td class="tabelatd1"&gt;0.00&lt;/td&gt;
		&lt;td class="tabelatd1"&gt;Em aberto&lt;/td&gt;
		&lt;td class="tabelatd1"&gt;1-Fulano de Tal (652.392.539-00)&lt;/td&gt;
		&lt;td class="tabelatd1"&gt;1&lt;/td&gt;
		&lt;td class="tabelatd1"&gt;Patrimonial&lt;/td&gt;
&lt;th class="tabelatd1" border="1"&gt;&lt;a class="noPrint" href="?class=BaixarParcela&amp;id=419"&gt;[Baixar&amp;nbsp;parcela] &lt;/a&gt;&lt;a class="noPrint" href="?class=ImprimirParcela&amp;id=419"&gt;[Imprimir&amp;nbsp;parcela] &lt;/a&gt;&lt;/th&gt;
	&lt;/tr&gt;
	&lt;tr&gt;
		&lt;td class="tabelatd2"&gt;455&lt;/td&gt;
		&lt;td class="tabelatd2"&gt;Tipo Cobranca&lt;/td&gt;
		&lt;td class="tabelatd2"&gt;11/10/2018&lt;/td&gt;
		&lt;td class="tabelatd2"&gt;110.00&lt;/td&gt;
		&lt;td class="tabelatd2"&gt;0.00&lt;/td&gt;
		&lt;td class="tabelatd2"&gt;Em aberto&lt;/td&gt;
		&lt;td class="tabelatd2"&gt;1-Fulano de Tal (652.392.539-00)&lt;/td&gt;
		&lt;td class="tabelatd2"&gt;1&lt;/td&gt;
		&lt;td class="tabelatd2"&gt;Patrimonial&lt;/td&gt;
&lt;th class="tabelatd2" border="1"&gt;&lt;a class="noPrint" href="?class=BaixarParcela&amp;id=455"&gt;[Baixar&amp;nbsp;parcela] &lt;/a&gt;&lt;a class="noPrint" href="?class=ImprimirParcela&amp;id=455"&gt;[Imprimir&amp;nbsp;parcela] &lt;/a&gt;&lt;/th&gt;
	&lt;/tr&gt;
	&lt;tr&gt;
		&lt;td class="tabelatd1"&gt;270&lt;/td&gt;
		&lt;td class="tabelatd1"&gt;Tipo Cobranca&lt;/td&gt;
		&lt;td class="tabelatd1"&gt;11/10/2018&lt;/td&gt;
		&lt;td class="tabelatd1"&gt;110.00&lt;/td&gt;
		&lt;td class="tabelatd1"&gt;0.00&lt;/td&gt;
		&lt;td class="tabelatd1"&gt;Em aberto&lt;/td&gt;
		&lt;td class="tabelatd1"&gt;1-Fulano de Tal (652.392.539-00)&lt;/td&gt;
		&lt;td class="tabelatd1"&gt;1&lt;/td&gt;
		&lt;td class="tabelatd1"&gt;Patrimonial&lt;/td&gt;
&lt;th class="tabelatd1" border="1"&gt;&lt;a class="noPrint" href="?class=BaixarParcela&amp;id=270"&gt;[Baixar&amp;nbsp;parcela] &lt;/a&gt;&lt;a class="noPrint" href="?class=ImprimirParcela&amp;id=270"&gt;[Imprimir&amp;nbsp;parcela] &lt;/a&gt;&lt;/th&gt;
	&lt;/tr&gt;
	&lt;tr&gt;
		&lt;td class="tabelatd2"&gt;296&lt;/td&gt;
		&lt;td class="tabelatd2"&gt;Tipo Cobranca&lt;/td&gt;
		&lt;td class="tabelatd2"&gt;11/10/2018&lt;/td&gt;
		&lt;td class="tabelatd2"&gt;110.00&lt;/td&gt;
		&lt;td class="tabelatd2"&gt;0.00&lt;/td&gt;
		&lt;td class="tabelatd2"&gt;Em aberto&lt;/td&gt;
		&lt;td class="tabelatd2"&gt;1-Fulano de Tal (652.392.539-00)&lt;/td&gt;
		&lt;td class="tabelatd2"&gt;1&lt;/td&gt;
		&lt;td class="tabelatd2"&gt;Patrimonial&lt;/td&gt;
&lt;th class="tabelatd2" border="1"&gt;&lt;a class="noPrint" href="?class=BaixarParcela&amp;id=296"&gt;[Baixar&amp;nbsp;parcela] &lt;/a&gt;&lt;a class="noPrint" href="?class=ImprimirParcela&amp;id=296"&gt;[Imprimir&amp;nbsp;parcela] &lt;/a&gt;&lt;/th&gt;
	&lt;/tr&gt;
	&lt;tr&gt;
		&lt;td class="tabelatd1"&gt;324&lt;/td&gt;
		&lt;td class="tabelatd1"&gt;Tipo Cobranca&lt;/td&gt;
		&lt;td class="tabelatd1"&gt;11/10/2018&lt;/td&gt;
		&lt;td class="tabelatd1"&gt;110.00&lt;/td&gt;
		&lt;td class="tabelatd1"&gt;0.00&lt;/td&gt;
		&lt;td class="tabelatd1"&gt;Em aberto&lt;/td&gt;
		&lt;td class="tabelatd1"&gt;1-Fulano de Tal (652.392.539-00)&lt;/td&gt;
		&lt;td class="tabelatd1"&gt;1&lt;/td&gt;
		&lt;td class="tabelatd1"&gt;Patrimonial&lt;/td&gt;
&lt;th class="tabelatd1" border="1"&gt;&lt;a class="noPrint" href="?class=BaixarParcela&amp;id=324"&gt;[Baixar&amp;nbsp;parcela] &lt;/a&gt;&lt;a class="noPrint" href="?class=ImprimirParcela&amp;id=324"&gt;[Imprimir&amp;nbsp;parcela] &lt;/a&gt;&lt;/th&gt;
	&lt;/tr&gt;
	&lt;tr&gt;
		&lt;td class="tabelatd2"&gt;354&lt;/td&gt;
		&lt;td class="tabelatd2"&gt;Tipo Cobranca&lt;/td&gt;
		&lt;td class="tabelatd2"&gt;11/10/2018&lt;/td&gt;
		&lt;td class="tabelatd2"&gt;110.00&lt;/td&gt;
		&lt;td class="tabelatd2"&gt;0.00&lt;/td&gt;
		&lt;td class="tabelatd2"&gt;Em aberto&lt;/td&gt;
		&lt;td class="tabelatd2"&gt;1-Fulano de Tal (652.392.539-00)&lt;/td&gt;
		&lt;td class="tabelatd2"&gt;1&lt;/td&gt;
		&lt;td class="tabelatd2"&gt;Patrimonial&lt;/td&gt;
&lt;th class="tabelatd2" border="1"&gt;&lt;a class="noPrint" href="?class=BaixarParcela&amp;id=354"&gt;[Baixar&amp;nbsp;parcela] &lt;/a&gt;&lt;a class="noPrint" href="?class=ImprimirParcela&amp;id=354"&gt;[Imprimir&amp;nbsp;parcela] &lt;/a&gt;&lt;/th&gt;
	&lt;/tr&gt;
	&lt;tr&gt;
		&lt;td class="tabelatd1"&gt;386&lt;/td&gt;
		&lt;td class="tabelatd1"&gt;Tipo Cobranca&lt;/td&gt;
		&lt;td class="tabelatd1"&gt;11/10/2018&lt;/td&gt;
		&lt;td class="tabelatd1"&gt;110.00&lt;/td&gt;
		&lt;td class="tabelatd1"&gt;0.00&lt;/td&gt;
		&lt;td class="tabelatd1"&gt;Em aberto&lt;/td&gt;
		&lt;td class="tabelatd1"&gt;1-Fulano de Tal (652.392.539-00)&lt;/td&gt;
		&lt;td class="tabelatd1"&gt;1&lt;/td&gt;
		&lt;td class="tabelatd1"&gt;Patrimonial&lt;/td&gt;
&lt;th class="tabelatd1" border="1"&gt;&lt;a class="noPrint" href="?class=BaixarParcela&amp;id=386"&gt;[Baixar&amp;nbsp;parcela] &lt;/a&gt;&lt;a class="noPrint" href="?class=ImprimirParcela&amp;id=386"&gt;[Imprimir&amp;nbsp;parcela] &lt;/a&gt;&lt;/th&gt;
	&lt;/tr&gt;
	&lt;tr&gt;
		&lt;td class="tabelatd2"&gt;420&lt;/td&gt;
		&lt;td class="tabelatd2"&gt;Tipo Cobranca&lt;/td&gt;
		&lt;td class="tabelatd2"&gt;11/10/2018&lt;/td&gt;
		&lt;td class="tabelatd2"&gt;110.00&lt;/td&gt;
		&lt;td class="tabelatd2"&gt;0.00&lt;/td&gt;
		&lt;td class="tabelatd2"&gt;Em aberto&lt;/td&gt;
		&lt;td class="tabelatd2"&gt;1-Fulano de Tal (652.392.539-00)&lt;/td&gt;
		&lt;td class="tabelatd2"&gt;1&lt;/td&gt;
		&lt;td class="tabelatd2"&gt;Patrimonial&lt;/td&gt;
&lt;th class="tabelatd2" border="1"&gt;&lt;a class="noPrint" href="?class=BaixarParcela&amp;id=420"&gt;[Baixar&amp;nbsp;parcela] &lt;/a&gt;&lt;a class="noPrint" href="?class=ImprimirParcela&amp;id=420"&gt;[Imprimir&amp;nbsp;parcela] &lt;/a&gt;&lt;/th&gt;
	&lt;/tr&gt;
	&lt;tr&gt;
		&lt;td class="tabelatd1"&gt;456&lt;/td&gt;
		&lt;td class="tabelatd1"&gt;Tipo Cobranca&lt;/td&gt;
		&lt;td class="tabelatd1"&gt;11/10/2018&lt;/td&gt;
		&lt;td class="tabelatd1"&gt;110.00&lt;/td&gt;
		&lt;td class="tabelatd1"&gt;0.00&lt;/td&gt;
		&lt;td class="tabelatd1"&gt;Em aberto&lt;/td&gt;
		&lt;td class="tabelatd1"&gt;1-Fulano de Tal (652.392.539-00)&lt;/td&gt;
		&lt;td class="tabelatd1"&gt;1&lt;/td&gt;
		&lt;td class="tabelatd1"&gt;Patrimonial&lt;/td&gt;
&lt;th class="tabelatd1" border="1"&gt;&lt;a class="noPrint" href="?class=BaixarParcela&amp;id=456"&gt;[Baixar&amp;nbsp;parcela] &lt;/a&gt;&lt;a class="noPrint" href="?class=ImprimirParcela&amp;id=456"&gt;[Imprimir&amp;nbsp;parcela] &lt;/a&gt;&lt;/th&gt;
	&lt;/tr&gt;
	&lt;tr&gt;
		&lt;td class="tabelatd2"&gt;271&lt;/td&gt;
		&lt;td class="tabelatd2"&gt;Tipo Cobranca&lt;/td&gt;
		&lt;td class="tabelatd2"&gt;11/10/2018&lt;/td&gt;
		&lt;td class="tabelatd2"&gt;110.00&lt;/td&gt;
		&lt;td class="tabelatd2"&gt;0.00&lt;/td&gt;
		&lt;td class="tabelatd2"&gt;Em aberto&lt;/td&gt;
		&lt;td class="tabelatd2"&gt;1-Fulano de Tal (652.392.539-00)&lt;/td&gt;
		&lt;td class="tabelatd2"&gt;1&lt;/td&gt;
		&lt;td class="tabelatd2"&gt;Patrimonial&lt;/td&gt;
&lt;th class="tabelatd2" border="1"&gt;&lt;a class="noPrint" href="?class=BaixarParcela&amp;id=271"&gt;[Baixar&amp;nbsp;parcela] &lt;/a&gt;&lt;a class="noPrint" href="?class=ImprimirParcela&amp;id=271"&gt;[Imprimir&amp;nbsp;parcela] &lt;/a&gt;&lt;/th&gt;
	&lt;/tr&gt;
	&lt;tr&gt;
		&lt;td class="tabelatd1"&gt;297&lt;/td&gt;
		&lt;td class="tabelatd1"&gt;Tipo Cobranca&lt;/td&gt;
		&lt;td class="tabelatd1"&gt;11/10/2018&lt;/td&gt;
		&lt;td class="tabelatd1"&gt;110.00&lt;/td&gt;
		&lt;td class="tabelatd1"&gt;0.00&lt;/td&gt;
		&lt;td class="tabelatd1"&gt;Em aberto&lt;/td&gt;
		&lt;td class="tabelatd1"&gt;1-Fulano de Tal (652.392.539-00)&lt;/td&gt;
		&lt;td class="tabelatd1"&gt;1&lt;/td&gt;
		&lt;td class="tabelatd1"&gt;Patrimonial&lt;/td&gt;
&lt;th class="tabelatd1" border="1"&gt;&lt;a class="noPrint" href="?class=BaixarParcela&amp;id=297"&gt;[Baixar&amp;nbsp;parcela] &lt;/a&gt;&lt;a class="noPrint" href="?class=ImprimirParcela&amp;id=297"&gt;[Imprimir&amp;nbsp;parcela] &lt;/a&gt;&lt;/th&gt;
	&lt;/tr&gt;
	&lt;tr&gt;
		&lt;td class="tabelatd2"&gt;325&lt;/td&gt;
		&lt;td class="tabelatd2"&gt;Tipo Cobranca&lt;/td&gt;
		&lt;td class="tabelatd2"&gt;11/10/2018&lt;/td&gt;
		&lt;td class="tabelatd2"&gt;110.00&lt;/td&gt;
		&lt;td class="tabelatd2"&gt;0.00&lt;/td&gt;
		&lt;td class="tabelatd2"&gt;Em aberto&lt;/td&gt;
		&lt;td class="tabelatd2"&gt;1-Fulano de Tal (652.392.539-00)&lt;/td&gt;
		&lt;td class="tabelatd2"&gt;1&lt;/td&gt;
		&lt;td class="tabelatd2"&gt;Patrimonial&lt;/td&gt;
&lt;th class="tabelatd2" border="1"&gt;&lt;a class="noPrint" href="?class=BaixarParcela&amp;id=325"&gt;[Baixar&amp;nbsp;parcela] &lt;/a&gt;&lt;a class="noPrint" href="?class=ImprimirParcela&amp;id=325"&gt;[Imprimir&amp;nbsp;parcela] &lt;/a&gt;&lt;/th&gt;
	&lt;/tr&gt;
	&lt;tr&gt;
		&lt;td class="tabelatd1"&gt;355&lt;/td&gt;
		&lt;td class="tabelatd1"&gt;Tipo Cobranca&lt;/td&gt;
		&lt;td class="tabelatd1"&gt;11/10/2018&lt;/td&gt;
		&lt;td class="tabelatd1"&gt;110.00&lt;/td&gt;
		&lt;td class="tabelatd1"&gt;0.00&lt;/td&gt;
		&lt;td class="tabelatd1"&gt;Em aberto&lt;/td&gt;
		&lt;td class="tabelatd1"&gt;1-Fulano de Tal (652.392.539-00)&lt;/td&gt;
		&lt;td class="tabelatd1"&gt;1&lt;/td&gt;
		&lt;td class="tabelatd1"&gt;Patrimonial&lt;/td&gt;
&lt;th class="tabelatd1" border="1"&gt;&lt;a class="noPrint" href="?class=BaixarParcela&amp;id=355"&gt;[Baixar&amp;nbsp;parcela] &lt;/a&gt;&lt;a class="noPrint" href="?class=ImprimirParcela&amp;id=355"&gt;[Imprimir&amp;nbsp;parcela] &lt;/a&gt;&lt;/th&gt;
	&lt;/tr&gt;
	&lt;tr&gt;
		&lt;td class="tabelatd2"&gt;387&lt;/td&gt;
		&lt;td class="tabelatd2"&gt;Tipo Cobranca&lt;/td&gt;
		&lt;td class="tabelatd2"&gt;11/10/2018&lt;/td&gt;
		&lt;td class="tabelatd2"&gt;110.00&lt;/td&gt;
		&lt;td class="tabelatd2"&gt;0.00&lt;/td&gt;
		&lt;td class="tabelatd2"&gt;Em aberto&lt;/td&gt;
		&lt;td class="tabelatd2"&gt;1-Fulano de Tal (652.392.539-00)&lt;/td&gt;
		&lt;td class="tabelatd2"&gt;1&lt;/td&gt;
		&lt;td class="tabelatd2"&gt;Patrimonial&lt;/td&gt;
&lt;th class="tabelatd2" border="1"&gt;&lt;a class="noPrint" href="?class=BaixarParcela&amp;id=387"&gt;[Baixar&amp;nbsp;parcela] &lt;/a&gt;&lt;a class="noPrint" href="?class=ImprimirParcela&amp;id=387"&gt;[Imprimir&amp;nbsp;parcela] &lt;/a&gt;&lt;/th&gt;
	&lt;/tr&gt;
	&lt;tr&gt;
		&lt;td class="tabelatd1"&gt;421&lt;/td&gt;
		&lt;td class="tabelatd1"&gt;Tipo Cobranca&lt;/td&gt;
		&lt;td class="tabelatd1"&gt;11/10/2018&lt;/td&gt;
		&lt;td class="tabelatd1"&gt;110.00&lt;/td&gt;
		&lt;td class="tabelatd1"&gt;0.00&lt;/td&gt;
		&lt;td class="tabelatd1"&gt;Em aberto&lt;/td&gt;
		&lt;td class="tabelatd1"&gt;1-Fulano de Tal (652.392.539-00)&lt;/td&gt;
		&lt;td class="tabelatd1"&gt;1&lt;/td&gt;
		&lt;td class="tabelatd1"&gt;Patrimonial&lt;/td&gt;
&lt;th class="tabelatd1" border="1"&gt;&lt;a class="noPrint" href="?class=BaixarParcela&amp;id=421"&gt;[Baixar&amp;nbsp;parcela] &lt;/a&gt;&lt;a class="noPrint" href="?class=ImprimirParcela&amp;id=421"&gt;[Imprimir&amp;nbsp;parcela] &lt;/a&gt;&lt;/th&gt;
	&lt;/tr&gt;
	&lt;tr&gt;
		&lt;td class="tabelatd2"&gt;457&lt;/td&gt;
		&lt;td class="tabelatd2"&gt;Tipo Cobranca&lt;/td&gt;
		&lt;td class="tabelatd2"&gt;11/10/2018&lt;/td&gt;
		&lt;td class="tabelatd2"&gt;110.00&lt;/td&gt;
		&lt;td class="tabelatd2"&gt;0.00&lt;/td&gt;
		&lt;td class="tabelatd2"&gt;Em aberto&lt;/td&gt;
		&lt;td class="tabelatd2"&gt;1-Fulano de Tal (652.392.539-00)&lt;/td&gt;
		&lt;td class="tabelatd2"&gt;1&lt;/td&gt;
		&lt;td class="tabelatd2"&gt;Patrimonial&lt;/td&gt;
&lt;th class="tabelatd2" border="1"&gt;&lt;a class="noPrint" href="?class=BaixarParcela&amp;id=457"&gt;[Baixar&amp;nbsp;parcela] &lt;/a&gt;&lt;a class="noPrint" href="?class=ImprimirParcela&amp;id=457"&gt;[Imprimir&amp;nbsp;parcela] &lt;/a&gt;&lt;/th&gt;
	&lt;/tr&gt;
	&lt;tr&gt;
		&lt;td class="tabelatd1"&gt;272&lt;/td&gt;
		&lt;td class="tabelatd1"&gt;Tipo Cobranca&lt;/td&gt;
		&lt;td class="tabelatd1"&gt;11/10/2018&lt;/td&gt;
		&lt;td class="tabelatd1"&gt;110.00&lt;/td&gt;
		&lt;td class="tabelatd1"&gt;0.00&lt;/td&gt;
		&lt;td class="tabelatd1"&gt;Em aberto&lt;/td&gt;
		&lt;td class="tabelatd1"&gt;1-Fulano de Tal (652.392.539-00)&lt;/td&gt;
		&lt;td class="tabelatd1"&gt;1&lt;/td&gt;
		&lt;td class="tabelatd1"&gt;Patrimonial&lt;/td&gt;
&lt;th class="tabelatd1" border="1"&gt;&lt;a class="noPrint" href="?class=BaixarParcela&amp;id=272"&gt;[Baixar&amp;nbsp;parcela] &lt;/a&gt;&lt;a class="noPrint" href="?class=ImprimirParcela&amp;id=272"&gt;[Imprimir&amp;nbsp;parcela] &lt;/a&gt;&lt;/th&gt;
	&lt;/tr&gt;
	&lt;tr&gt;
		&lt;td class="tabelatd2"&gt;298&lt;/td&gt;
		&lt;td class="tabelatd2"&gt;Tipo Cobranca&lt;/td&gt;
		&lt;td class="tabelatd2"&gt;11/10/2018&lt;/td&gt;
		&lt;td class="tabelatd2"&gt;110.00&lt;/td&gt;
		&lt;td class="tabelatd2"&gt;0.00&lt;/td&gt;
		&lt;td class="tabelatd2"&gt;Em aberto&lt;/td&gt;
		&lt;td class="tabelatd2"&gt;1-Fulano de Tal (652.392.539-00)&lt;/td&gt;
		&lt;td class="tabelatd2"&gt;1&lt;/td&gt;
		&lt;td class="tabelatd2"&gt;Patrimonial&lt;/td&gt;
&lt;th class="tabelatd2" border="1"&gt;&lt;a class="noPrint" href="?class=BaixarParcela&amp;id=298"&gt;[Baixar&amp;nbsp;parcela] &lt;/a&gt;&lt;a class="noPrint" href="?class=ImprimirParcela&amp;id=298"&gt;[Imprimir&amp;nbsp;parcela] &lt;/a&gt;&lt;/th&gt;
	&lt;/tr&gt;
	&lt;tr&gt;
		&lt;td class="tabelatd1"&gt;326&lt;/td&gt;
		&lt;td class="tabelatd1"&gt;Tipo Cobranca&lt;/td&gt;
		&lt;td class="tabelatd1"&gt;11/10/2018&lt;/td&gt;
		&lt;td class="tabelatd1"&gt;110.00&lt;/td&gt;
		&lt;td class="tabelatd1"&gt;0.00&lt;/td&gt;
		&lt;td class="tabelatd1"&gt;Em aberto&lt;/td&gt;
		&lt;td class="tabelatd1"&gt;1-Fulano de Tal (652.392.539-00)&lt;/td&gt;
		&lt;td class="tabelatd1"&gt;1&lt;/td&gt;
		&lt;td class="tabelatd1"&gt;Patrimonial&lt;/td&gt;
&lt;th class="tabelatd1" border="1"&gt;&lt;a class="noPrint" href="?class=BaixarParcela&amp;id=326"&gt;[Baixar&amp;nbsp;parcela] &lt;/a&gt;&lt;a class="noPrint" href="?class=ImprimirParcela&amp;id=326"&gt;[Imprimir&amp;nbsp;parcela] &lt;/a&gt;&lt;/th&gt;
	&lt;/tr&gt;
	&lt;tr&gt;
		&lt;td class="tabelatd2"&gt;356&lt;/td&gt;
		&lt;td class="tabelatd2"&gt;Tipo Cobranca&lt;/td&gt;
		&lt;td class="tabelatd2"&gt;11/10/2018&lt;/td&gt;
		&lt;td class="tabelatd2"&gt;110.00&lt;/td&gt;
		&lt;td class="tabelatd2"&gt;0.00&lt;/td&gt;
		&lt;td class="tabelatd2"&gt;Em aberto&lt;/td&gt;
		&lt;td class="tabelatd2"&gt;1-Fulano de Tal (652.392.539-00)&lt;/td&gt;
		&lt;td class="tabelatd2"&gt;1&lt;/td&gt;
		&lt;td class="tabelatd2"&gt;Patrimonial&lt;/td&gt;
&lt;th class="tabelatd2" border="1"&gt;&lt;a class="noPrint" href="?class=BaixarParcela&amp;id=356"&gt;[Baixar&amp;nbsp;parcela] &lt;/a&gt;&lt;a class="noPrint" href="?class=ImprimirParcela&amp;id=356"&gt;[Imprimir&amp;nbsp;parcela] &lt;/a&gt;&lt;/th&gt;
	&lt;/tr&gt;
	&lt;tr&gt;
		&lt;td class="tabelatd1"&gt;388&lt;/td&gt;
		&lt;td class="tabelatd1"&gt;Tipo Cobranca&lt;/td&gt;
		&lt;td class="tabelatd1"&gt;11/10/2018&lt;/td&gt;
		&lt;td class="tabelatd1"&gt;110.00&lt;/td&gt;
		&lt;td class="tabelatd1"&gt;0.00&lt;/td&gt;
		&lt;td class="tabelatd1"&gt;Em aberto&lt;/td&gt;
		&lt;td class="tabelatd1"&gt;1-Fulano de Tal (652.392.539-00)&lt;/td&gt;
		&lt;td class="tabelatd1"&gt;1&lt;/td&gt;
		&lt;td class="tabelatd1"&gt;Patrimonial&lt;/td&gt;
&lt;th class="tabelatd1" border="1"&gt;&lt;a class="noPrint" href="?class=BaixarParcela&amp;id=388"&gt;[Baixar&amp;nbsp;parcela] &lt;/a&gt;&lt;a class="noPrint" href="?class=ImprimirParcela&amp;id=388"&gt;[Imprimir&amp;nbsp;parcela] &lt;/a&gt;&lt;/th&gt;
	&lt;/tr&gt;
	&lt;tr&gt;
		&lt;td class="tabelatd2"&gt;422&lt;/td&gt;
		&lt;td class="tabelatd2"&gt;Tipo Cobranca&lt;/td&gt;
		&lt;td class="tabelatd2"&gt;11/10/2018&lt;/td&gt;
		&lt;td class="tabelatd2"&gt;110.00&lt;/td&gt;
		&lt;td class="tabelatd2"&gt;0.00&lt;/td&gt;
		&lt;td class="tabelatd2"&gt;Em aberto&lt;/td&gt;
		&lt;td class="tabelatd2"&gt;1-Fulano de Tal (652.392.539-00)&lt;/td&gt;
		&lt;td class="tabelatd2"&gt;1&lt;/td&gt;
		&lt;td class="tabelatd2"&gt;Patrimonial&lt;/td&gt;
&lt;th class="tabelatd2" border="1"&gt;&lt;a class="noPrint" href="?class=BaixarParcela&amp;id=422"&gt;[Baixar&amp;nbsp;parcela] &lt;/a&gt;&lt;a class="noPrint" href="?class=ImprimirParcela&amp;id=422"&gt;[Imprimir&amp;nbsp;parcela] &lt;/a&gt;&lt;/th&gt;
	&lt;/tr&gt;
	&lt;tr&gt;
		&lt;td class="tabelatd1"&gt;458&lt;/td&gt;
		&lt;td class="tabelatd1"&gt;Tipo Cobranca&lt;/td&gt;
		&lt;td class="tabelatd1"&gt;11/10/2018&lt;/td&gt;
		&lt;td class="tabelatd1"&gt;110.00&lt;/td&gt;
		&lt;td class="tabelatd1"&gt;0.00&lt;/td&gt;
		&lt;td class="tabelatd1"&gt;Em aberto&lt;/td&gt;
		&lt;td class="tabelatd1"&gt;1-Fulano de Tal (652.392.539-00)&lt;/td&gt;
		&lt;td class="tabelatd1"&gt;1&lt;/td&gt;
		&lt;td class="tabelatd1"&gt;Patrimonial&lt;/td&gt;
&lt;th class="tabelatd1" border="1"&gt;&lt;a class="noPrint" href="?class=BaixarParcela&amp;id=458"&gt;[Baixar&amp;nbsp;parcela] &lt;/a&gt;&lt;a class="noPrint" href="?class=ImprimirParcela&amp;id=458"&gt;[Imprimir&amp;nbsp;parcela] &lt;/a&gt;&lt;/th&gt;
	&lt;/tr&gt;
	&lt;tr&gt;
		&lt;td class="tabelatd2"&gt;273&lt;/td&gt;
		&lt;td class="tabelatd2"&gt;Tipo Cobranca&lt;/td&gt;
		&lt;td class="tabelatd2"&gt;11/10/2018&lt;/td&gt;
		&lt;td class="tabelatd2"&gt;110.00&lt;/td&gt;
		&lt;td class="tabelatd2"&gt;0.00&lt;/td&gt;
		&lt;td class="tabelatd2"&gt;Em aberto&lt;/td&gt;
		&lt;td class="tabelatd2"&gt;1-Fulano de Tal (652.392.539-00)&lt;/td&gt;
		&lt;td class="tabelatd2"&gt;1&lt;/td&gt;
		&lt;td class="tabelatd2"&gt;Patrimonial&lt;/td&gt;
&lt;th class="tabelatd2" border="1"&gt;&lt;a class="noPrint" href="?class=BaixarParcela&amp;id=273"&gt;[Baixar&amp;nbsp;parcela] &lt;/a&gt;&lt;a class="noPrint" href="?class=ImprimirParcela&amp;id=273"&gt;[Imprimir&amp;nbsp;parcela] &lt;/a&gt;&lt;/th&gt;
	&lt;/tr&gt;
	&lt;tr&gt;
		&lt;td class="tabelatd1"&gt;299&lt;/td&gt;
		&lt;td class="tabelatd1"&gt;Tipo Cobranca&lt;/td&gt;
		&lt;td class="tabelatd1"&gt;11/10/2018&lt;/td&gt;
		&lt;td class="tabelatd1"&gt;110.00&lt;/td&gt;
		&lt;td class="tabelatd1"&gt;0.00&lt;/td&gt;
		&lt;td class="tabelatd1"&gt;Em aberto&lt;/td&gt;
		&lt;td class="tabelatd1"&gt;1-Fulano de Tal (652.392.539-00)&lt;/td&gt;
		&lt;td class="tabelatd1"&gt;1&lt;/td&gt;
		&lt;td class="tabelatd1"&gt;Patrimonial&lt;/td&gt;
&lt;th class="tabelatd1" border="1"&gt;&lt;a class="noPrint" href="?class=BaixarParcela&amp;id=299"&gt;[Baixar&amp;nbsp;parcela] &lt;/a&gt;&lt;a class="noPrint" href="?class=ImprimirParcela&amp;id=299"&gt;[Imprimir&amp;nbsp;parcela] &lt;/a&gt;&lt;/th&gt;
	&lt;/tr&gt;
	&lt;tr&gt;
		&lt;td class="tabelatd2"&gt;327&lt;/td&gt;
		&lt;td class="tabelatd2"&gt;Tipo Cobranca&lt;/td&gt;
		&lt;td class="tabelatd2"&gt;11/10/2018&lt;/td&gt;
		&lt;td class="tabelatd2"&gt;110.00&lt;/td&gt;
		&lt;td class="tabelatd2"&gt;0.00&lt;/td&gt;
		&lt;td class="tabelatd2"&gt;Em aberto&lt;/td&gt;
		&lt;td class="tabelatd2"&gt;1-Fulano de Tal (652.392.539-00)&lt;/td&gt;
		&lt;td class="tabelatd2"&gt;1&lt;/td&gt;
		&lt;td class="tabelatd2"&gt;Patrimonial&lt;/td&gt;
&lt;th class="tabelatd2" border="1"&gt;&lt;a class="noPrint" href="?class=BaixarParcela&amp;id=327"&gt;[Baixar&amp;nbsp;parcela] &lt;/a&gt;&lt;a class="noPrint" href="?class=ImprimirParcela&amp;id=327"&gt;[Imprimir&amp;nbsp;parcela] &lt;/a&gt;&lt;/th&gt;
	&lt;/tr&gt;
	&lt;tr&gt;
		&lt;td class="tabelatd1"&gt;357&lt;/td&gt;
		&lt;td class="tabelatd1"&gt;Tipo Cobranca&lt;/td&gt;
		&lt;td class="tabelatd1"&gt;11/10/2018&lt;/td&gt;
		&lt;td class="tabelatd1"&gt;110.00&lt;/td&gt;
		&lt;td class="tabelatd1"&gt;0.00&lt;/td&gt;
		&lt;td class="tabelatd1"&gt;Em aberto&lt;/td&gt;
		&lt;td class="tabelatd1"&gt;1-Fulano de Tal (652.392.539-00)&lt;/td&gt;
		&lt;td class="tabelatd1"&gt;1&lt;/td&gt;
		&lt;td class="tabelatd1"&gt;Patrimonial&lt;/td&gt;
&lt;th class="tabelatd1" border="1"&gt;&lt;a class="noPrint" href="?class=BaixarParcela&amp;id=357"&gt;[Baixar&amp;nbsp;parcela] &lt;/a&gt;&lt;a class="noPrint" href="?class=ImprimirParcela&amp;id=357"&gt;[Imprimir&amp;nbsp;parcela] &lt;/a&gt;&lt;/th&gt;
	&lt;/tr&gt;
	&lt;tr&gt;
		&lt;td class="tabelatd2"&gt;389&lt;/td&gt;
		&lt;td class="tabelatd2"&gt;Tipo Cobranca&lt;/td&gt;
		&lt;td class="tabelatd2"&gt;11/10/2018&lt;/td&gt;
		&lt;td class="tabelatd2"&gt;110.00&lt;/td&gt;
		&lt;td class="tabelatd2"&gt;0.00&lt;/td&gt;
		&lt;td class="tabelatd2"&gt;Em aberto&lt;/td&gt;
		&lt;td class="tabelatd2"&gt;1-Fulano de Tal (652.392.539-00)&lt;/td&gt;
		&lt;td class="tabelatd2"&gt;1&lt;/td&gt;
		&lt;td class="tabelatd2"&gt;Patrimonial&lt;/td&gt;
&lt;th class="tabelatd2" border="1"&gt;&lt;a class="noPrint" href="?class=BaixarParcela&amp;id=389"&gt;[Baixar&amp;nbsp;parcela] &lt;/a&gt;&lt;a class="noPrint" href="?class=ImprimirParcela&amp;id=389"&gt;[Imprimir&amp;nbsp;parcela] &lt;/a&gt;&lt;/th&gt;
	&lt;/tr&gt;
	&lt;tr&gt;
		&lt;td class="tabelatd1"&gt;423&lt;/td&gt;
		&lt;td class="tabelatd1"&gt;Tipo Cobranca&lt;/td&gt;
		&lt;td class="tabelatd1"&gt;11/10/2018&lt;/td&gt;
		&lt;td class="tabelatd1"&gt;110.00&lt;/td&gt;
		&lt;td class="tabelatd1"&gt;0.00&lt;/td&gt;
		&lt;td class="tabelatd1"&gt;Em aberto&lt;/td&gt;
		&lt;td class="tabelatd1"&gt;1-Fulano de Tal (652.392.539-00)&lt;/td&gt;
		&lt;td class="tabelatd1"&gt;1&lt;/td&gt;
		&lt;td class="tabelatd1"&gt;Patrimonial&lt;/td&gt;
&lt;th class="tabelatd1" border="1"&gt;&lt;a class="noPrint" href="?class=BaixarParcela&amp;id=423"&gt;[Baixar&amp;nbsp;parcela] &lt;/a&gt;&lt;a class="noPrint" href="?class=ImprimirParcela&amp;id=423"&gt;[Imprimir&amp;nbsp;parcela] &lt;/a&gt;&lt;/th&gt;
	&lt;/tr&gt;
	&lt;tr&gt;
		&lt;td class="tabelatd2"&gt;459&lt;/td&gt;
		&lt;td class="tabelatd2"&gt;Tipo Cobranca&lt;/td&gt;
		&lt;td class="tabelatd2"&gt;11/10/2018&lt;/td&gt;
		&lt;td class="tabelatd2"&gt;110.00&lt;/td&gt;
		&lt;td class="tabelatd2"&gt;0.00&lt;/td&gt;
		&lt;td class="tabelatd2"&gt;Em aberto&lt;/td&gt;
		&lt;td class="tabelatd2"&gt;1-Fulano de Tal (652.392.539-00)&lt;/td&gt;
		&lt;td class="tabelatd2"&gt;1&lt;/td&gt;
		&lt;td class="tabelatd2"&gt;Patrimonial&lt;/td&gt;
&lt;th class="tabelatd2" border="1"&gt;&lt;a class="noPrint" href="?class=BaixarParcela&amp;id=459"&gt;[Baixar&amp;nbsp;parcela] &lt;/a&gt;&lt;a class="noPrint" href="?class=ImprimirParcela&amp;id=459"&gt;[Imprimir&amp;nbsp;parcela] &lt;/a&gt;&lt;/th&gt;
	&lt;/tr&gt;
	&lt;tr&gt;
		&lt;td class="tabelatd1"&gt;250&lt;/td&gt;
		&lt;td class="tabelatd1"&gt;Tipo Cobranca&lt;/td&gt;
		&lt;td class="tabelatd1"&gt;11/10/2018&lt;/td&gt;
		&lt;td class="tabelatd1"&gt;110.00&lt;/td&gt;
		&lt;td class="tabelatd1"&gt;0.00&lt;/td&gt;
		&lt;td class="tabelatd1"&gt;Em aberto&lt;/td&gt;
		&lt;td class="tabelatd1"&gt;1-Fulano de Tal (652.392.539-00)&lt;/td&gt;
		&lt;td class="tabelatd1"&gt;1&lt;/td&gt;
		&lt;td class="tabelatd1"&gt;Patrimonial&lt;/td&gt;
&lt;th class="tabelatd1" border="1"&gt;&lt;a class="noPrint" href="?class=BaixarParcela&amp;id=250"&gt;[Baixar&amp;nbsp;parcela] &lt;/a&gt;&lt;a class="noPrint" href="?class=ImprimirParcela&amp;id=250"&gt;[Imprimir&amp;nbsp;parcela] &lt;/a&gt;&lt;/th&gt;
	&lt;/tr&gt;
	&lt;tr&gt;
		&lt;td class="tabelatd2"&gt;274&lt;/td&gt;
		&lt;td class="tabelatd2"&gt;Tipo Cobranca&lt;/td&gt;
		&lt;td class="tabelatd2"&gt;11/10/2018&lt;/td&gt;
		&lt;td class="tabelatd2"&gt;110.00&lt;/td&gt;
		&lt;td class="tabelatd2"&gt;0.00&lt;/td&gt;
		&lt;td class="tabelatd2"&gt;Em aberto&lt;/td&gt;
		&lt;td class="tabelatd2"&gt;1-Fulano de Tal (652.392.539-00)&lt;/td&gt;
		&lt;td class="tabelatd2"&gt;1&lt;/td&gt;
		&lt;td class="tabelatd2"&gt;Patrimonial&lt;/td&gt;
&lt;th class="tabelatd2" border="1"&gt;&lt;a class="noPrint" href="?class=BaixarParcela&amp;id=274"&gt;[Baixar&amp;nbsp;parcela] &lt;/a&gt;&lt;a class="noPrint" href="?class=ImprimirParcela&amp;id=274"&gt;[Imprimir&amp;nbsp;parcela] &lt;/a&gt;&lt;/th&gt;
	&lt;/tr&gt;
	&lt;tr&gt;
		&lt;td class="tabelatd1"&gt;300&lt;/td&gt;
		&lt;td class="tabelatd1"&gt;Tipo Cobranca&lt;/td&gt;
		&lt;td class="tabelatd1"&gt;11/10/2018&lt;/td&gt;
		&lt;td class="tabelatd1"&gt;110.00&lt;/td&gt;
		&lt;td class="tabelatd1"&gt;0.00&lt;/td&gt;
		&lt;td class="tabelatd1"&gt;Em aberto&lt;/td&gt;
		&lt;td class="tabelatd1"&gt;1-Fulano de Tal (652.392.539-00)&lt;/td&gt;
		&lt;td class="tabelatd1"&gt;1&lt;/td&gt;
		&lt;td class="tabelatd1"&gt;Patrimonial&lt;/td&gt;
&lt;th class="tabelatd1" border="1"&gt;&lt;a class="noPrint" href="?class=BaixarParcela&amp;id=300"&gt;[Baixar&amp;nbsp;parcela] &lt;/a&gt;&lt;a class="noPrint" href="?class=ImprimirParcela&amp;id=300"&gt;[Imprimir&amp;nbsp;parcela] &lt;/a&gt;&lt;/th&gt;
	&lt;/tr&gt;
	&lt;tr&gt;
		&lt;td class="tabelatd2"&gt;328&lt;/td&gt;
		&lt;td class="tabelatd2"&gt;Tipo Cobranca&lt;/td&gt;
		&lt;td class="tabelatd2"&gt;11/10/2018&lt;/td&gt;
		&lt;td class="tabelatd2"&gt;110.00&lt;/td&gt;
		&lt;td class="tabelatd2"&gt;0.00&lt;/td&gt;
		&lt;td class="tabelatd2"&gt;Em aberto&lt;/td&gt;
		&lt;td class="tabelatd2"&gt;1-Fulano de Tal (652.392.539-00)&lt;/td&gt;
		&lt;td class="tabelatd2"&gt;1&lt;/td&gt;
		&lt;td class="tabelatd2"&gt;Patrimonial&lt;/td&gt;
&lt;th class="tabelatd2" border="1"&gt;&lt;a class="noPrint" href="?class=BaixarParcela&amp;id=328"&gt;[Baixar&amp;nbsp;parcela] &lt;/a&gt;&lt;a class="noPrint" href="?class=ImprimirParcela&amp;id=328"&gt;[Imprimir&amp;nbsp;parcela] &lt;/a&gt;&lt;/th&gt;
	&lt;/tr&gt;
	&lt;tr&gt;
		&lt;td class="tabelatd1"&gt;358&lt;/td&gt;
		&lt;td class="tabelatd1"&gt;Tipo Cobranca&lt;/td&gt;
		&lt;td class="tabelatd1"&gt;11/10/2018&lt;/td&gt;
		&lt;td class="tabelatd1"&gt;110.00&lt;/td&gt;
		&lt;td class="tabelatd1"&gt;0.00&lt;/td&gt;
		&lt;td class="tabelatd1"&gt;Em aberto&lt;/td&gt;
		&lt;td class="tabelatd1"&gt;1-Fulano de Tal (652.392.539-00)&lt;/td&gt;
		&lt;td class="tabelatd1"&gt;1&lt;/td&gt;
		&lt;td class="tabelatd1"&gt;Patrimonial&lt;/td&gt;
&lt;th class="tabelatd1" border="1"&gt;&lt;a class="noPrint" href="?class=BaixarParcela&amp;id=358"&gt;[Baixar&amp;nbsp;parcela] &lt;/a&gt;&lt;a class="noPrint" href="?class=ImprimirParcela&amp;id=358"&gt;[Imprimir&amp;nbsp;parcela] &lt;/a&gt;&lt;/th&gt;
	&lt;/tr&gt;
	&lt;tr&gt;
		&lt;td class="tabelatd2"&gt;390&lt;/td&gt;
		&lt;td class="tabelatd2"&gt;Tipo Cobranca&lt;/td&gt;
		&lt;td class="tabelatd2"&gt;11/10/2018&lt;/td&gt;
		&lt;td class="tabelatd2"&gt;110.00&lt;/td&gt;
		&lt;td class="tabelatd2"&gt;0.00&lt;/td&gt;
		&lt;td class="tabelatd2"&gt;Em aberto&lt;/td&gt;
		&lt;td class="tabelatd2"&gt;1-Fulano de Tal (652.392.539-00)&lt;/td&gt;
		&lt;td class="tabelatd2"&gt;1&lt;/td&gt;
		&lt;td class="tabelatd2"&gt;Patrimonial&lt;/td&gt;
&lt;th class="tabelatd2" border="1"&gt;&lt;a class="noPrint" href="?class=BaixarParcela&amp;id=390"&gt;[Baixar&amp;nbsp;parcela] &lt;/a&gt;&lt;a class="noPrint" href="?class=ImprimirParcela&amp;id=390"&gt;[Imprimir&amp;nbsp;parcela] &lt;/a&gt;&lt;/th&gt;
	&lt;/tr&gt;
	&lt;tr&gt;
		&lt;td class="tabelatd1"&gt;424&lt;/td&gt;
		&lt;td class="tabelatd1"&gt;Tipo Cobranca&lt;/td&gt;
		&lt;td class="tabelatd1"&gt;11/10/2018&lt;/td&gt;
		&lt;td class="tabelatd1"&gt;110.00&lt;/td&gt;
		&lt;td class="tabelatd1"&gt;0.00&lt;/td&gt;
		&lt;td class="tabelatd1"&gt;Em aberto&lt;/td&gt;
		&lt;td class="tabelatd1"&gt;1-Fulano de Tal (652.392.539-00)&lt;/td&gt;
		&lt;td class="tabelatd1"&gt;1&lt;/td&gt;
		&lt;td class="tabelatd1"&gt;Patrimonial&lt;/td&gt;
&lt;th class="tabelatd1" border="1"&gt;&lt;a class="noPrint" href="?class=BaixarParcela&amp;id=424"&gt;[Baixar&amp;nbsp;parcela] &lt;/a&gt;&lt;a class="noPrint" href="?class=ImprimirParcela&amp;id=424"&gt;[Imprimir&amp;nbsp;parcela] &lt;/a&gt;&lt;/th&gt;
	&lt;/tr&gt;
	&lt;tr&gt;
		&lt;td class="tabelatd2"&gt;460&lt;/td&gt;
		&lt;td class="tabelatd2"&gt;Tipo Cobranca&lt;/td&gt;
		&lt;td class="tabelatd2"&gt;11/10/2018&lt;/td&gt;
		&lt;td class="tabelatd2"&gt;110.00&lt;/td&gt;
		&lt;td class="tabelatd2"&gt;0.00&lt;/td&gt;
		&lt;td class="tabelatd2"&gt;Em aberto&lt;/td&gt;
		&lt;td class="tabelatd2"&gt;1-Fulano de Tal (652.392.539-00)&lt;/td&gt;
		&lt;td class="tabelatd2"&gt;1&lt;/td&gt;
		&lt;td class="tabelatd2"&gt;Patrimonial&lt;/td&gt;
&lt;th class="tabelatd2" border="1"&gt;&lt;a class="noPrint" href="?class=BaixarParcela&amp;id=460"&gt;[Baixar&amp;nbsp;parcela] &lt;/a&gt;&lt;a class="noPrint" href="?class=ImprimirParcela&amp;id=460"&gt;[Imprimir&amp;nbsp;parcela] &lt;/a&gt;&lt;/th&gt;
	&lt;/tr&gt;
	&lt;tr&gt;
		&lt;td class="tabelatd1"&gt;275&lt;/td&gt;
		&lt;td class="tabelatd1"&gt;Tipo Cobranca&lt;/td&gt;
		&lt;td class="tabelatd1"&gt;11/10/2018&lt;/td&gt;
		&lt;td class="tabelatd1"&gt;110.00&lt;/td&gt;
		&lt;td class="tabelatd1"&gt;0.00&lt;/td&gt;
		&lt;td class="tabelatd1"&gt;Em aberto&lt;/td&gt;
		&lt;td class="tabelatd1"&gt;1-Fulano de Tal (652.392.539-00)&lt;/td&gt;
		&lt;td class="tabelatd1"&gt;1&lt;/td&gt;
		&lt;td class="tabelatd1"&gt;Patrimonial&lt;/td&gt;
&lt;th class="tabelatd1" border="1"&gt;&lt;a class="noPrint" href="?class=BaixarParcela&amp;id=275"&gt;[Baixar&amp;nbsp;parcela] &lt;/a&gt;&lt;a class="noPrint" href="?class=ImprimirParcela&amp;id=275"&gt;[Imprimir&amp;nbsp;parcela] &lt;/a&gt;&lt;/th&gt;
	&lt;/tr&gt;
	&lt;tr&gt;
		&lt;td class="tabelatd2"&gt;301&lt;/td&gt;
		&lt;td class="tabelatd2"&gt;Tipo Cobranca&lt;/td&gt;
		&lt;td class="tabelatd2"&gt;11/10/2018&lt;/td&gt;
		&lt;td class="tabelatd2"&gt;110.00&lt;/td&gt;
		&lt;td class="tabelatd2"&gt;0.00&lt;/td&gt;
		&lt;td class="tabelatd2"&gt;Em aberto&lt;/td&gt;
		&lt;td class="tabelatd2"&gt;1-Fulano de Tal (652.392.539-00)&lt;/td&gt;
		&lt;td class="tabelatd2"&gt;1&lt;/td&gt;
		&lt;td class="tabelatd2"&gt;Patrimonial&lt;/td&gt;
&lt;th class="tabelatd2" border="1"&gt;&lt;a class="noPrint" href="?class=BaixarParcela&amp;id=301"&gt;[Baixar&amp;nbsp;parcela] &lt;/a&gt;&lt;a class="noPrint" href="?class=ImprimirParcela&amp;id=301"&gt;[Imprimir&amp;nbsp;parcela] &lt;/a&gt;&lt;/th&gt;
	&lt;/tr&gt;
	&lt;tr&gt;
		&lt;td class="tabelatd1"&gt;329&lt;/td&gt;
		&lt;td class="tabelatd1"&gt;Tipo Cobranca&lt;/td&gt;
		&lt;td class="tabelatd1"&gt;11/10/2018&lt;/td&gt;
		&lt;td class="tabelatd1"&gt;110.00&lt;/td&gt;
		&lt;td class="tabelatd1"&gt;0.00&lt;/td&gt;
		&lt;td class="tabelatd1"&gt;Em aberto&lt;/td&gt;
		&lt;td class="tabelatd1"&gt;1-Fulano de Tal (652.392.539-00)&lt;/td&gt;
		&lt;td class="tabelatd1"&gt;1&lt;/td&gt;
		&lt;td class="tabelatd1"&gt;Patrimonial&lt;/td&gt;
&lt;th class="tabelatd1" border="1"&gt;&lt;a class="noPrint" href="?class=BaixarParcela&amp;id=329"&gt;[Baixar&amp;nbsp;parcela] &lt;/a&gt;&lt;a class="noPrint" href="?class=ImprimirParcela&amp;id=329"&gt;[Imprimir&amp;nbsp;parcela] &lt;/a&gt;&lt;/th&gt;
	&lt;/tr&gt;
	&lt;tr&gt;
		&lt;td class="tabelatd2"&gt;359&lt;/td&gt;
		&lt;td class="tabelatd2"&gt;Tipo Cobranca&lt;/td&gt;
		&lt;td class="tabelatd2"&gt;11/10/2018&lt;/td&gt;
		&lt;td class="tabelatd2"&gt;110.00&lt;/td&gt;
		&lt;td class="tabelatd2"&gt;0.00&lt;/td&gt;
		&lt;td class="tabelatd2"&gt;Em aberto&lt;/td&gt;
		&lt;td class="tabelatd2"&gt;1-Fulano de Tal (652.392.539-00)&lt;/td&gt;
		&lt;td class="tabelatd2"&gt;1&lt;/td&gt;
		&lt;td class="tabelatd2"&gt;Patrimonial&lt;/td&gt;
&lt;th class="tabelatd2" border="1"&gt;&lt;a class="noPrint" href="?class=BaixarParcela&amp;id=359"&gt;[Baixar&amp;nbsp;parcela] &lt;/a&gt;&lt;a class="noPrint" href="?class=ImprimirParcela&amp;id=359"&gt;[Imprimir&amp;nbsp;parcela] &lt;/a&gt;&lt;/th&gt;
	&lt;/tr&gt;
	&lt;tr&gt;
		&lt;td class="tabelatd1"&gt;391&lt;/td&gt;
		&lt;td class="tabelatd1"&gt;Tipo Cobranca&lt;/td&gt;
		&lt;td class="tabelatd1"&gt;11/10/2018&lt;/td&gt;
		&lt;td class="tabelatd1"&gt;110.00&lt;/td&gt;
		&lt;td class="tabelatd1"&gt;0.00&lt;/td&gt;
		&lt;td class="tabelatd1"&gt;Em aberto&lt;/td&gt;
		&lt;td class="tabelatd1"&gt;1-Fulano de Tal (652.392.539-00)&lt;/td&gt;
		&lt;td class="tabelatd1"&gt;1&lt;/td&gt;
		&lt;td class="tabelatd1"&gt;Patrimonial&lt;/td&gt;
&lt;th class="tabelatd1" border="1"&gt;&lt;a class="noPrint" href="?class=BaixarParcela&amp;id=391"&gt;[Baixar&amp;nbsp;parcela] &lt;/a&gt;&lt;a class="noPrint" href="?class=ImprimirParcela&amp;id=391"&gt;[Imprimir&amp;nbsp;parcela] &lt;/a&gt;&lt;/th&gt;
	&lt;/tr&gt;
	&lt;tr&gt;
		&lt;td class="tabelatd2"&gt;425&lt;/td&gt;
		&lt;td class="tabelatd2"&gt;Tipo Cobranca&lt;/td&gt;
		&lt;td class="tabelatd2"&gt;11/10/2018&lt;/td&gt;
		&lt;td class="tabelatd2"&gt;110.00&lt;/td&gt;
		&lt;td class="tabelatd2"&gt;0.00&lt;/td&gt;
		&lt;td class="tabelatd2"&gt;Em aberto&lt;/td&gt;
		&lt;td class="tabelatd2"&gt;1-Fulano de Tal (652.392.539-00)&lt;/td&gt;
		&lt;td class="tabelatd2"&gt;1&lt;/td&gt;
		&lt;td class="tabelatd2"&gt;Patrimonial&lt;/td&gt;
&lt;th class="tabelatd2" border="1"&gt;&lt;a class="noPrint" href="?class=BaixarParcela&amp;id=425"&gt;[Baixar&amp;nbsp;parcela] &lt;/a&gt;&lt;a class="noPrint" href="?class=ImprimirParcela&amp;id=425"&gt;[Imprimir&amp;nbsp;parcela] &lt;/a&gt;&lt;/th&gt;
	&lt;/tr&gt;
	&lt;tr&gt;
		&lt;td class="tabelatd1"&gt;461&lt;/td&gt;
		&lt;td class="tabelatd1"&gt;Tipo Cobranca&lt;/td&gt;
		&lt;td class="tabelatd1"&gt;11/10/2018&lt;/td&gt;
		&lt;td class="tabelatd1"&gt;110.00&lt;/td&gt;
		&lt;td class="tabelatd1"&gt;0.00&lt;/td&gt;
		&lt;td class="tabelatd1"&gt;Em aberto&lt;/td&gt;
		&lt;td class="tabelatd1"&gt;1-Fulano de Tal (652.392.539-00)&lt;/td&gt;
		&lt;td class="tabelatd1"&gt;1&lt;/td&gt;
		&lt;td class="tabelatd1"&gt;Patrimonial&lt;/td&gt;
&lt;th class="tabelatd1" border="1"&gt;&lt;a class="noPrint" href="?class=BaixarParcela&amp;id=461"&gt;[Baixar&amp;nbsp;parcela] &lt;/a&gt;&lt;a class="noPrint" href="?class=ImprimirParcela&amp;id=461"&gt;[Imprimir&amp;nbsp;parcela] &lt;/a&gt;&lt;/th&gt;
	&lt;/tr&gt;
	&lt;tr&gt;
		&lt;td class="tabelatd2"&gt;302&lt;/td&gt;
		&lt;td class="tabelatd2"&gt;Tipo Cobranca&lt;/td&gt;
		&lt;td class="tabelatd2"&gt;11/10/2018&lt;/td&gt;
		&lt;td class="tabelatd2"&gt;110.00&lt;/td&gt;
		&lt;td class="tabelatd2"&gt;0.00&lt;/td&gt;
		&lt;td class="tabelatd2"&gt;Em aberto&lt;/td&gt;
		&lt;td class="tabelatd2"&gt;1-Fulano de Tal (652.392.539-00)&lt;/td&gt;
		&lt;td class="tabelatd2"&gt;1&lt;/td&gt;
		&lt;td class="tabelatd2"&gt;Patrimonial&lt;/td&gt;
&lt;th class="tabelatd2" border="1"&gt;&lt;a class="noPrint" href="?class=BaixarParcela&amp;id=302"&gt;[Baixar&amp;nbsp;parcela] &lt;/a&gt;&lt;a class="noPrint" href="?class=ImprimirParcela&amp;id=302"&gt;[Imprimir&amp;nbsp;parcela] &lt;/a&gt;&lt;/th&gt;
	&lt;/tr&gt;
	&lt;tr&gt;
		&lt;td class="tabelatd1"&gt;330&lt;/td&gt;
		&lt;td class="tabelatd1"&gt;Tipo Cobranca&lt;/td&gt;
		&lt;td class="tabelatd1"&gt;11/10/2018&lt;/td&gt;
		&lt;td class="tabelatd1"&gt;110.00&lt;/td&gt;
		&lt;td class="tabelatd1"&gt;0.00&lt;/td&gt;
		&lt;td class="tabelatd1"&gt;Em aberto&lt;/td&gt;
		&lt;td class="tabelatd1"&gt;1-Fulano de Tal (652.392.539-00)&lt;/td&gt;
		&lt;td class="tabelatd1"&gt;1&lt;/td&gt;
		&lt;td class="tabelatd1"&gt;Patrimonial&lt;/td&gt;
&lt;th class="tabelatd1" border="1"&gt;&lt;a class="noPrint" href="?class=BaixarParcela&amp;id=330"&gt;[Baixar&amp;nbsp;parcela] &lt;/a&gt;&lt;a class="noPrint" href="?class=ImprimirParcela&amp;id=330"&gt;[Imprimir&amp;nbsp;parcela] &lt;/a&gt;&lt;/th&gt;
	&lt;/tr&gt;
	&lt;tr&gt;
		&lt;td class="tabelatd2"&gt;360&lt;/td&gt;
		&lt;td class="tabelatd2"&gt;Tipo Cobranca&lt;/td&gt;
		&lt;td class="tabelatd2"&gt;11/10/2018&lt;/td&gt;
		&lt;td class="tabelatd2"&gt;110.00&lt;/td&gt;
		&lt;td class="tabelatd2"&gt;0.00&lt;/td&gt;
		&lt;td class="tabelatd2"&gt;Em aberto&lt;/td&gt;
		&lt;td class="tabelatd2"&gt;1-Fulano de Tal (652.392.539-00)&lt;/td&gt;
		&lt;td class="tabelatd2"&gt;1&lt;/td&gt;
		&lt;td class="tabelatd2"&gt;Patrimonial&lt;/td&gt;
&lt;th class="tabelatd2" border="1"&gt;&lt;a class="noPrint" href="?class=BaixarParcela&amp;id=360"&gt;[Baixar&amp;nbsp;parcela] &lt;/a&gt;&lt;a class="noPrint" href="?class=ImprimirParcela&amp;id=360"&gt;[Imprimir&amp;nbsp;parcela] &lt;/a&gt;&lt;/th&gt;
	&lt;/tr&gt;
	&lt;tr&gt;
		&lt;td class="tabelatd1"&gt;392&lt;/td&gt;
		&lt;td class="tabelatd1"&gt;Tipo Cobranca&lt;/td&gt;
		&lt;td class="tabelatd1"&gt;11/10/2018&lt;/td&gt;
		&lt;td class="tabelatd1"&gt;110.00&lt;/td&gt;
		&lt;td class="tabelatd1"&gt;0.00&lt;/td&gt;
		&lt;td class="tabelatd1"&gt;Em aberto&lt;/td&gt;
		&lt;td class="tabelatd1"&gt;1-Fulano de Tal (652.392.539-00)&lt;/td&gt;
		&lt;td class="tabelatd1"&gt;1&lt;/td&gt;
		&lt;td class="tabelatd1"&gt;Patrimonial&lt;/td&gt;
&lt;th class="tabelatd1" border="1"&gt;&lt;a class="noPrint" href="?class=BaixarParcela&amp;id=392"&gt;[Baixar&amp;nbsp;parcela] &lt;/a&gt;&lt;a class="noPrint" href="?class=ImprimirParcela&amp;id=392"&gt;[Imprimir&amp;nbsp;parcela] &lt;/a&gt;&lt;/th&gt;
	&lt;/tr&gt;
	&lt;tr&gt;
		&lt;td class="tabelatd2"&gt;426&lt;/td&gt;
		&lt;td class="tabelatd2"&gt;Tipo Cobranca&lt;/td&gt;
		&lt;td class="tabelatd2"&gt;11/10/2018&lt;/td&gt;
		&lt;td class="tabelatd2"&gt;110.00&lt;/td&gt;
		&lt;td class="tabelatd2"&gt;0.00&lt;/td&gt;
		&lt;td class="tabelatd2"&gt;Em aberto&lt;/td&gt;
		&lt;td class="tabelatd2"&gt;1-Fulano de Tal (652.392.539-00)&lt;/td&gt;
		&lt;td class="tabelatd2"&gt;1&lt;/td&gt;
		&lt;td class="tabelatd2"&gt;Patrimonial&lt;/td&gt;
&lt;th class="tabelatd2" border="1"&gt;&lt;a class="noPrint" href="?class=BaixarParcela&amp;id=426"&gt;[Baixar&amp;nbsp;parcela] &lt;/a&gt;&lt;a class="noPrint" href="?class=ImprimirParcela&amp;id=426"&gt;[Imprimir&amp;nbsp;parcela] &lt;/a&gt;&lt;/th&gt;
	&lt;/tr&gt;
	&lt;tr&gt;
		&lt;td class="tabelatd1"&gt;462&lt;/td&gt;
		&lt;td class="tabelatd1"&gt;Tipo Cobranca&lt;/td&gt;
		&lt;td class="tabelatd1"&gt;11/10/2018&lt;/td&gt;
		&lt;td class="tabelatd1"&gt;110.00&lt;/td&gt;
		&lt;td class="tabelatd1"&gt;0.00&lt;/td&gt;
		&lt;td class="tabelatd1"&gt;Em aberto&lt;/td&gt;
		&lt;td class="tabelatd1"&gt;1-Fulano de Tal (652.392.539-00)&lt;/td&gt;
		&lt;td class="tabelatd1"&gt;1&lt;/td&gt;
		&lt;td class="tabelatd1"&gt;Patrimonial&lt;/td&gt;
&lt;th class="tabelatd1" border="1"&gt;&lt;a class="noPrint" href="?class=BaixarParcela&amp;id=462"&gt;[Baixar&amp;nbsp;parcela] &lt;/a&gt;&lt;a class="noPrint" href="?class=ImprimirParcela&amp;id=462"&gt;[Imprimir&amp;nbsp;parcela] &lt;/a&gt;&lt;/th&gt;
	&lt;/tr&gt;
	&lt;tr&gt;
		&lt;td class="tabelatd2"&gt;331&lt;/td&gt;
		&lt;td class="tabelatd2"&gt;Tipo Cobranca&lt;/td&gt;
		&lt;td class="tabelatd2"&gt;11/10/2018&lt;/td&gt;
		&lt;td class="tabelatd2"&gt;110.00&lt;/td&gt;
		&lt;td class="tabelatd2"&gt;0.00&lt;/td&gt;
		&lt;td class="tabelatd2"&gt;Em aberto&lt;/td&gt;
		&lt;td class="tabelatd2"&gt;1-Fulano de Tal (652.392.539-00)&lt;/td&gt;
		&lt;td class="tabelatd2"&gt;1&lt;/td&gt;
		&lt;td class="tabelatd2"&gt;Patrimonial&lt;/td&gt;
&lt;th class="tabelatd2" border="1"&gt;&lt;a class="noPrint" href="?class=BaixarParcela&amp;id=331"&gt;[Baixar&amp;nbsp;parcela] &lt;/a&gt;&lt;a class="noPrint" href="?class=ImprimirParcela&amp;id=331"&gt;[Imprimir&amp;nbsp;parcela] &lt;/a&gt;&lt;/th&gt;
	&lt;/tr&gt;
	&lt;tr&gt;
		&lt;td class="tabelatd1"&gt;361&lt;/td&gt;
		&lt;td class="tabelatd1"&gt;Tipo Cobranca&lt;/td&gt;
		&lt;td class="tabelatd1"&gt;11/10/2018&lt;/td&gt;
		&lt;td class="tabelatd1"&gt;110.00&lt;/td&gt;
		&lt;td class="tabelatd1"&gt;0.00&lt;/td&gt;
		&lt;td class="tabelatd1"&gt;Em aberto&lt;/td&gt;
		&lt;td class="tabelatd1"&gt;1-Fulano de Tal (652.392.539-00)&lt;/td&gt;
		&lt;td class="tabelatd1"&gt;1&lt;/td&gt;
		&lt;td class="tabelatd1"&gt;Patrimonial&lt;/td&gt;
&lt;th class="tabelatd1" border="1"&gt;&lt;a class="noPrint" href="?class=BaixarParcela&amp;id=361"&gt;[Baixar&amp;nbsp;parcela] &lt;/a&gt;&lt;a class="noPrint" href="?class=ImprimirParcela&amp;id=361"&gt;[Imprimir&amp;nbsp;parcela] &lt;/a&gt;&lt;/th&gt;
	&lt;/tr&gt;
	&lt;tr&gt;
		&lt;td class="tabelatd2"&gt;393&lt;/td&gt;
		&lt;td class="tabelatd2"&gt;Tipo Cobranca&lt;/td&gt;
		&lt;td class="tabelatd2"&gt;11/10/2018&lt;/td&gt;
		&lt;td class="tabelatd2"&gt;110.00&lt;/td&gt;
		&lt;td class="tabelatd2"&gt;0.00&lt;/td&gt;
		&lt;td class="tabelatd2"&gt;Em aberto&lt;/td&gt;
		&lt;td class="tabelatd2"&gt;1-Fulano de Tal (652.392.539-00)&lt;/td&gt;
		&lt;td class="tabelatd2"&gt;1&lt;/td&gt;
		&lt;td class="tabelatd2"&gt;Patrimonial&lt;/td&gt;
&lt;th class="tabelatd2" border="1"&gt;&lt;a class="noPrint" href="?class=BaixarParcela&amp;id=393"&gt;[Baixar&amp;nbsp;parcela] &lt;/a&gt;&lt;a class="noPrint" href="?class=ImprimirParcela&amp;id=393"&gt;[Imprimir&amp;nbsp;parcela] &lt;/a&gt;&lt;/th&gt;
	&lt;/tr&gt;
	&lt;tr&gt;
		&lt;td class="tabelatd1"&gt;427&lt;/td&gt;
		&lt;td class="tabelatd1"&gt;Tipo Cobranca&lt;/td&gt;
		&lt;td class="tabelatd1"&gt;11/10/2018&lt;/td&gt;
		&lt;td class="tabelatd1"&gt;110.00&lt;/td&gt;
		&lt;td class="tabelatd1"&gt;0.00&lt;/td&gt;
		&lt;td class="tabelatd1"&gt;Em aberto&lt;/td&gt;
		&lt;td class="tabelatd1"&gt;1-Fulano de Tal (652.392.539-00)&lt;/td&gt;
		&lt;td class="tabelatd1"&gt;1&lt;/td&gt;
		&lt;td class="tabelatd1"&gt;Patrimonial&lt;/td&gt;
&lt;th class="tabelatd1" border="1"&gt;&lt;a class="noPrint" href="?class=BaixarParcela&amp;id=427"&gt;[Baixar&amp;nbsp;parcela] &lt;/a&gt;&lt;a class="noPrint" href="?class=ImprimirParcela&amp;id=427"&gt;[Imprimir&amp;nbsp;parcela] &lt;/a&gt;&lt;/th&gt;
	&lt;/tr&gt;
	&lt;tr&gt;
		&lt;td class="tabelatd2"&gt;463&lt;/td&gt;
		&lt;td class="tabelatd2"&gt;Tipo Cobranca&lt;/td&gt;
		&lt;td class="tabelatd2"&gt;11/10/2018&lt;/td&gt;
		&lt;td class="tabelatd2"&gt;110.00&lt;/td&gt;
		&lt;td class="tabelatd2"&gt;0.00&lt;/td&gt;
		&lt;td class="tabelatd2"&gt;Em aberto&lt;/td&gt;
		&lt;td class="tabelatd2"&gt;1-Fulano de Tal (652.392.539-00)&lt;/td&gt;
		&lt;td class="tabelatd2"&gt;1&lt;/td&gt;
		&lt;td class="tabelatd2"&gt;Patrimonial&lt;/td&gt;
&lt;th class="tabelatd2" border="1"&gt;&lt;a class="noPrint" href="?class=BaixarParcela&amp;id=463"&gt;[Baixar&amp;nbsp;parcela] &lt;/a&gt;&lt;a class="noPrint" href="?class=ImprimirParcela&amp;id=463"&gt;[Imprimir&amp;nbsp;parcela] &lt;/a&gt;&lt;/th&gt;
	&lt;/tr&gt;
	&lt;tr&gt;
		&lt;td class="tabelatd1"&gt;362&lt;/td&gt;
		&lt;td class="tabelatd1"&gt;Tipo Cobranca&lt;/td&gt;
		&lt;td class="tabelatd1"&gt;11/10/2018&lt;/td&gt;
		&lt;td class="tabelatd1"&gt;110.00&lt;/td&gt;
		&lt;td class="tabelatd1"&gt;0.00&lt;/td&gt;
		&lt;td class="tabelatd1"&gt;Em aberto&lt;/td&gt;
		&lt;td class="tabelatd1"&gt;1-Fulano de Tal (652.392.539-00)&lt;/td&gt;
		&lt;td class="tabelatd1"&gt;1&lt;/td&gt;
		&lt;td class="tabelatd1"&gt;Patrimonial&lt;/td&gt;
&lt;th class="tabelatd1" border="1"&gt;&lt;a class="noPrint" href="?class=BaixarParcela&amp;id=362"&gt;[Baixar&amp;nbsp;parcela] &lt;/a&gt;&lt;a class="noPrint" href="?class=ImprimirParcela&amp;id=362"&gt;[Imprimir&amp;nbsp;parcela] &lt;/a&gt;&lt;/th&gt;
	&lt;/tr&gt;
	&lt;tr&gt;
		&lt;td class="tabelatd2"&gt;394&lt;/td&gt;
		&lt;td class="tabelatd2"&gt;Tipo Cobranca&lt;/td&gt;
		&lt;td class="tabelatd2"&gt;11/10/2018&lt;/td&gt;
		&lt;td class="tabelatd2"&gt;110.00&lt;/td&gt;
		&lt;td class="tabelatd2"&gt;0.00&lt;/td&gt;
		&lt;td class="tabelatd2"&gt;Em aberto&lt;/td&gt;
		&lt;td class="tabelatd2"&gt;1-Fulano de Tal (652.392.539-00)&lt;/td&gt;
		&lt;td class="tabelatd2"&gt;1&lt;/td&gt;
		&lt;td class="tabelatd2"&gt;Patrimonial&lt;/td&gt;
&lt;th class="tabelatd2" border="1"&gt;&lt;a class="noPrint" href="?class=BaixarParcela&amp;id=394"&gt;[Baixar&amp;nbsp;parcela] &lt;/a&gt;&lt;a class="noPrint" href="?class=ImprimirParcela&amp;id=394"&gt;[Imprimir&amp;nbsp;parcela] &lt;/a&gt;&lt;/th&gt;
	&lt;/tr&gt;
	&lt;tr&gt;
		&lt;td class="tabelatd1"&gt;428&lt;/td&gt;
		&lt;td class="tabelatd1"&gt;Tipo Cobranca&lt;/td&gt;
		&lt;td class="tabelatd1"&gt;11/10/2018&lt;/td&gt;
		&lt;td class="tabelatd1"&gt;110.00&lt;/td&gt;
		&lt;td class="tabelatd1"&gt;0.00&lt;/td&gt;
		&lt;td class="tabelatd1"&gt;Em aberto&lt;/td&gt;
		&lt;td class="tabelatd1"&gt;1-Fulano de Tal (652.392.539-00)&lt;/td&gt;
		&lt;td class="tabelatd1"&gt;1&lt;/td&gt;
		&lt;td class="tabelatd1"&gt;Patrimonial&lt;/td&gt;
&lt;th class="tabelatd1" border="1"&gt;&lt;a class="noPrint" href="?class=BaixarParcela&amp;id=428"&gt;[Baixar&amp;nbsp;parcela] &lt;/a&gt;&lt;a class="noPrint" href="?class=ImprimirParcela&amp;id=428"&gt;[Imprimir&amp;nbsp;parcela] &lt;/a&gt;&lt;/th&gt;
	&lt;/tr&gt;
	&lt;tr&gt;
		&lt;td class="tabelatd2"&gt;464&lt;/td&gt;
		&lt;td class="tabelatd2"&gt;Tipo Cobranca&lt;/td&gt;
		&lt;td class="tabelatd2"&gt;11/10/2018&lt;/td&gt;
		&lt;td class="tabelatd2"&gt;110.00&lt;/td&gt;
		&lt;td class="tabelatd2"&gt;0.00&lt;/td&gt;
		&lt;td class="tabelatd2"&gt;Em aberto&lt;/td&gt;
		&lt;td class="tabelatd2"&gt;1-Fulano de Tal (652.392.539-00)&lt;/td&gt;
		&lt;td class="tabelatd2"&gt;1&lt;/td&gt;
		&lt;td class="tabelatd2"&gt;Patrimonial&lt;/td&gt;
&lt;th class="tabelatd2" border="1"&gt;&lt;a class="noPrint" href="?class=BaixarParcela&amp;id=464"&gt;[Baixar&amp;nbsp;parcela] &lt;/a&gt;&lt;a class="noPrint" href="?class=ImprimirParcela&amp;id=464"&gt;[Imprimir&amp;nbsp;parcela] &lt;/a&gt;&lt;/th&gt;
	&lt;/tr&gt;
	&lt;tr&gt;
		&lt;td class="tabelatd1"&gt;395&lt;/td&gt;
		&lt;td class="tabelatd1"&gt;Tipo Cobranca&lt;/td&gt;
		&lt;td class="tabelatd1"&gt;11/10/2018&lt;/td&gt;
		&lt;td class="tabelatd1"&gt;110.00&lt;/td&gt;
		&lt;td class="tabelatd1"&gt;0.00&lt;/td&gt;
		&lt;td class="tabelatd1"&gt;Em aberto&lt;/td&gt;
		&lt;td class="tabelatd1"&gt;1-Fulano de Tal (652.392.539-00)&lt;/td&gt;
		&lt;td class="tabelatd1"&gt;1&lt;/td&gt;
		&lt;td class="tabelatd1"&gt;Patrimonial&lt;/td&gt;
&lt;th class="tabelatd1" border="1"&gt;&lt;a class="noPrint" href="?class=BaixarParcela&amp;id=395"&gt;[Baixar&amp;nbsp;parcela] &lt;/a&gt;&lt;a class="noPrint" href="?class=ImprimirParcela&amp;id=395"&gt;[Imprimir&amp;nbsp;parcela] &lt;/a&gt;&lt;/th&gt;
	&lt;/tr&gt;
	&lt;tr&gt;
		&lt;td class="tabelatd2"&gt;429&lt;/td&gt;
		&lt;td class="tabelatd2"&gt;Tipo Cobranca&lt;/td&gt;
		&lt;td class="tabelatd2"&gt;11/10/2018&lt;/td&gt;
		&lt;td class="tabelatd2"&gt;110.00&lt;/td&gt;
		&lt;td class="tabelatd2"&gt;0.00&lt;/td&gt;
		&lt;td class="tabelatd2"&gt;Em aberto&lt;/td&gt;
		&lt;td class="tabelatd2"&gt;1-Fulano de Tal (652.392.539-00)&lt;/td&gt;
		&lt;td class="tabelatd2"&gt;1&lt;/td&gt;
		&lt;td class="tabelatd2"&gt;Patrimonial&lt;/td&gt;
&lt;th class="tabelatd2" border="1"&gt;&lt;a class="noPrint" href="?class=BaixarParcela&amp;id=429"&gt;[Baixar&amp;nbsp;parcela] &lt;/a&gt;&lt;a class="noPrint" href="?class=ImprimirParcela&amp;id=429"&gt;[Imprimir&amp;nbsp;parcela] &lt;/a&gt;&lt;/th&gt;
	&lt;/tr&gt;
	&lt;tr&gt;
		&lt;td class="tabelatd1"&gt;465&lt;/td&gt;
		&lt;td class="tabelatd1"&gt;Tipo Cobranca&lt;/td&gt;
		&lt;td class="tabelatd1"&gt;11/10/2018&lt;/td&gt;
		&lt;td class="tabelatd1"&gt;110.00&lt;/td&gt;
		&lt;td class="tabelatd1"&gt;0.00&lt;/td&gt;
		&lt;td class="tabelatd1"&gt;Em aberto&lt;/td&gt;
		&lt;td class="tabelatd1"&gt;1-Fulano de Tal (652.392.539-00)&lt;/td&gt;
		&lt;td class="tabelatd1"&gt;1&lt;/td&gt;
		&lt;td class="tabelatd1"&gt;Patrimonial&lt;/td&gt;
&lt;th class="tabelatd1" border="1"&gt;&lt;a class="noPrint" href="?class=BaixarParcela&amp;id=465"&gt;[Baixar&amp;nbsp;parcela] &lt;/a&gt;&lt;a class="noPrint" href="?class=ImprimirParcela&amp;id=465"&gt;[Imprimir&amp;nbsp;parcela] &lt;/a&gt;&lt;/th&gt;
	&lt;/tr&gt;
	&lt;tr&gt;
		&lt;td class="tabelatd2"&gt;430&lt;/td&gt;
		&lt;td class="tabelatd2"&gt;Tipo Cobranca&lt;/td&gt;
		&lt;td class="tabelatd2"&gt;11/10/2018&lt;/td&gt;
		&lt;td class="tabelatd2"&gt;110.00&lt;/td&gt;
		&lt;td class="tabelatd2"&gt;0.00&lt;/td&gt;
		&lt;td class="tabelatd2"&gt;Em aberto&lt;/td&gt;
		&lt;td class="tabelatd2"&gt;1-Fulano de Tal (652.392.539-00)&lt;/td&gt;
		&lt;td class="tabelatd2"&gt;1&lt;/td&gt;
		&lt;td class="tabelatd2"&gt;Patrimonial&lt;/td&gt;
&lt;th class="tabelatd2" border="1"&gt;&lt;a class="noPrint" href="?class=BaixarParcela&amp;id=430"&gt;[Baixar&amp;nbsp;parcela] &lt;/a&gt;&lt;a class="noPrint" href="?class=ImprimirParcela&amp;id=430"&gt;[Imprimir&amp;nbsp;parcela] &lt;/a&gt;&lt;/th&gt;
	&lt;/tr&gt;
	&lt;tr&gt;
		&lt;td class="tabelatd1"&gt;466&lt;/td&gt;
		&lt;td class="tabelatd1"&gt;Tipo Cobranca&lt;/td&gt;
		&lt;td class="tabelatd1"&gt;11/10/2018&lt;/td&gt;
		&lt;td class="tabelatd1"&gt;110.00&lt;/td&gt;
		&lt;td class="tabelatd1"&gt;0.00&lt;/td&gt;
		&lt;td class="tabelatd1"&gt;Em aberto&lt;/td&gt;
		&lt;td class="tabelatd1"&gt;1-Fulano de Tal (652.392.539-00)&lt;/td&gt;
		&lt;td class="tabelatd1"&gt;1&lt;/td&gt;
		&lt;td class="tabelatd1"&gt;Patrimonial&lt;/td&gt;
&lt;th class="tabelatd1" border="1"&gt;&lt;a class="noPrint" href="?class=BaixarParcela&amp;id=466"&gt;[Baixar&amp;nbsp;parcela] &lt;/a&gt;&lt;a class="noPrint" href="?class=ImprimirParcela&amp;id=466"&gt;[Imprimir&amp;nbsp;parcela] &lt;/a&gt;&lt;/th&gt;
	&lt;/tr&gt;
	&lt;tr&gt;
		&lt;td class="tabelatd2"&gt;467&lt;/td&gt;
		&lt;td class="tabelatd2"&gt;Tipo Cobranca&lt;/td&gt;
		&lt;td class="tabelatd2"&gt;11/10/2018&lt;/td&gt;
		&lt;td class="tabelatd2"&gt;110.00&lt;/td&gt;
		&lt;td class="tabelatd2"&gt;0.00&lt;/td&gt;
		&lt;td class="tabelatd2"&gt;Em aberto&lt;/td&gt;
		&lt;td class="tabelatd2"&gt;1-Fulano de Tal (652.392.539-00)&lt;/td&gt;
		&lt;td class="tabelatd2"&gt;1&lt;/td&gt;
		&lt;td class="tabelatd2"&gt;Patrimonial&lt;/td&gt;
&lt;th class="tabelatd2" border="1"&gt;&lt;a class="noPrint" href="?class=BaixarParcela&amp;id=467"&gt;[Baixar&amp;nbsp;parcela] &lt;/a&gt;&lt;a class="noPrint" href="?class=ImprimirParcela&amp;id=467"&gt;[Imprimir&amp;nbsp;parcela] &lt;/a&gt;&lt;/th&gt;
	&lt;/tr&gt;
&lt;/Table&gt;
&lt;h3&gt;Número de registros na lista: 436&lt;/h3&gt;
&lt;/div&gt;
</system-out>
      </testcase>
      <testcase name="testMostraAssociadosAtivos" class="DaoHomeTest" classname="DaoHomeTest" file="C:\Apache24\htdocs\Associacao\tests\controller\DaoHomeTest.php" line="56" assertions="1" time="0.036168">
        <system-out>&lt;input type="button" onclick="imprimirDiv('divASSOCIADO', this);" value="Imprimir lista"&gt;&lt;div id='divASSOCIADO'&gt;
&lt;Table class="tabela" width="100%" border="1" cellpadding="3" cellspacing="0"&gt;
&lt;tr&gt;
&lt;th class="tabelath" border="1"&gt;CODIGO&lt;/th&gt;
&lt;th class="tabelath" border="1"&gt;ASSOCIADO&lt;/th&gt;
&lt;th class="tabelath" border="1"&gt;GENERO&lt;/th&gt;
&lt;th class="tabelath" border="1"&gt;CPF&lt;/th&gt;
&lt;th class="tabelath" border="1"&gt;CIDADE&lt;/th&gt;
&lt;th class="tabelath" border="1"&gt;SITUACAO&lt;/th&gt;
&lt;th class="tabelath" border="1"&gt;OPERAÇÃO&lt;/th&gt;
&lt;/tr&gt;
	&lt;tr&gt;
		&lt;td class="tabelatd1"&gt;4&lt;/td&gt;
		&lt;td class="tabelatd1"&gt;Beltrano da Silva&lt;/td&gt;
		&lt;td class="tabelatd1"&gt;Masculino&lt;/td&gt;
		&lt;td class="tabelatd1"&gt;333.333.333-33&lt;/td&gt;
		&lt;td class="tabelatd1"&gt;Cocal do Sul/SC&lt;/td&gt;
		&lt;td class="tabelatd1"&gt;Ativo&lt;/td&gt;
&lt;th class="tabelatd1" border="1"&gt;&lt;a class="noPrint" href="?class=RelacionaParcelasAssociado&amp;opera=B;I;&amp;id=4&amp;associado=Beltrano da Silva"&gt;[Relaciona&amp;nbsp;parcelas] &lt;/a&gt;&lt;/th&gt;
	&lt;/tr&gt;
	&lt;tr&gt;
		&lt;td class="tabelatd2"&gt;3&lt;/td&gt;
		&lt;td class="tabelatd2"&gt;Cicrano de Tal&lt;/td&gt;
		&lt;td class="tabelatd2"&gt;Masculino&lt;/td&gt;
		&lt;td class="tabelatd2"&gt;222.222.222-22&lt;/td&gt;
		&lt;td class="tabelatd2"&gt;Criciúma/SC&lt;/td&gt;
		&lt;td class="tabelatd2"&gt;Ativo&lt;/td&gt;
&lt;th class="tabelatd2" border="1"&gt;&lt;a class="noPrint" href="?class=RelacionaParcelasAssociado&amp;opera=B;I;&amp;id=3&amp;associado=Cicrano de Tal"&gt;[Relaciona&amp;nbsp;parcelas] &lt;/a&gt;&lt;/th&gt;
	&lt;/tr&gt;
	&lt;tr&gt;
		&lt;td class="tabelatd1"&gt;1&lt;/td&gt;
		&lt;td class="tabelatd1"&gt;Fulano de Tal&lt;/td&gt;
		&lt;td class="tabelatd1"&gt;Feminino&lt;/td&gt;
		&lt;td class="tabelatd1"&gt;652.392.539-00&lt;/td&gt;
		&lt;td class="tabelatd1"&gt;Criciúma/SC&lt;/td&gt;
		&lt;td class="tabelatd1"&gt;Ativo&lt;/td&gt;
&lt;th class="tabelatd1" border="1"&gt;&lt;a class="noPrint" href="?class=RelacionaParcelasAssociado&amp;opera=B;I;&amp;id=1&amp;associado=Fulano de Tal"&gt;[Relaciona&amp;nbsp;parcelas] &lt;/a&gt;&lt;/th&gt;
	&lt;/tr&gt;
	&lt;tr&gt;
		&lt;td class="tabelatd2"&gt;5&lt;/td&gt;
		&lt;td class="tabelatd2"&gt;Fulano de Tal&lt;/td&gt;
		&lt;td class="tabelatd2"&gt;Feminino&lt;/td&gt;
		&lt;td class="tabelatd2"&gt;652.392.539-00&lt;/td&gt;
		&lt;td class="tabelatd2"&gt;Criciúma/SC&lt;/td&gt;
		&lt;td class="tabelatd2"&gt;Ativo&lt;/td&gt;
&lt;th class="tabelatd2" border="1"&gt;&lt;a class="noPrint" href="?class=RelacionaParcelasAssociado&amp;opera=B;I;&amp;id=5&amp;associado=Fulano de Tal"&gt;[Relaciona&amp;nbsp;parcelas] &lt;/a&gt;&lt;/th&gt;
	&lt;/tr&gt;
	&lt;tr&gt;
		&lt;td class="tabelatd1"&gt;6&lt;/td&gt;
		&lt;td class="tabelatd1"&gt;Fulano de Tal&lt;/td&gt;
		&lt;td class="tabelatd1"&gt;Feminino&lt;/td&gt;
		&lt;td class="tabelatd1"&gt;652.392.539-00&lt;/td&gt;
		&lt;td class="tabelatd1"&gt;Criciúma/SC&lt;/td&gt;
		&lt;td class="tabelatd1"&gt;Ativo&lt;/td&gt;
&lt;th class="tabelatd1" border="1"&gt;&lt;a class="noPrint" href="?class=RelacionaParcelasAssociado&amp;opera=B;I;&amp;id=6&amp;associado=Fulano de Tal"&gt;[Relaciona&amp;nbsp;parcelas] &lt;/a&gt;&lt;/th&gt;
	&lt;/tr&gt;
	&lt;tr&gt;
		&lt;td class="tabelatd2"&gt;7&lt;/td&gt;
		&lt;td class="tabelatd2"&gt;Fulano de Tal&lt;/td&gt;
		&lt;td class="tabelatd2"&gt;Feminino&lt;/td&gt;
		&lt;td class="tabelatd2"&gt;652.392.539-00&lt;/td&gt;
		&lt;td class="tabelatd2"&gt;Criciúma/SC&lt;/td&gt;
		&lt;td class="tabelatd2"&gt;Ativo&lt;/td&gt;
&lt;th class="tabelatd2" border="1"&gt;&lt;a class="noPrint" href="?class=RelacionaParcelasAssociado&amp;opera=B;I;&amp;id=7&amp;associado=Fulano de Tal"&gt;[Relaciona&amp;nbsp;parcelas] &lt;/a&gt;&lt;/th&gt;
	&lt;/tr&gt;
	&lt;tr&gt;
		&lt;td class="tabelatd1"&gt;8&lt;/td&gt;
		&lt;td class="tabelatd1"&gt;Fulano de Tal&lt;/td&gt;
		&lt;td class="tabelatd1"&gt;Feminino&lt;/td&gt;
		&lt;td class="tabelatd1"&gt;652.392.539-00&lt;/td&gt;
		&lt;td class="tabelatd1"&gt;Criciúma/SC&lt;/td&gt;
		&lt;td class="tabelatd1"&gt;Ativo&lt;/td&gt;
&lt;th class="tabelatd1" border="1"&gt;&lt;a class="noPrint" href="?class=RelacionaParcelasAssociado&amp;opera=B;I;&amp;id=8&amp;associado=Fulano de Tal"&gt;[Relaciona&amp;nbsp;parcelas] &lt;/a&gt;&lt;/th&gt;
	&lt;/tr&gt;
	&lt;tr&gt;
		&lt;td class="tabelatd2"&gt;9&lt;/td&gt;
		&lt;td class="tabelatd2"&gt;Fulano de Tal&lt;/td&gt;
		&lt;td class="tabelatd2"&gt;Feminino&lt;/td&gt;
		&lt;td class="tabelatd2"&gt;652.392.539-00&lt;/td&gt;
		&lt;td class="tabelatd2"&gt;Criciúma/SC&lt;/td&gt;
		&lt;td class="tabelatd2"&gt;Ativo&lt;/td&gt;
&lt;th class="tabelatd2" border="1"&gt;&lt;a class="noPrint" href="?class=RelacionaParcelasAssociado&amp;opera=B;I;&amp;id=9&amp;associado=Fulano de Tal"&gt;[Relaciona&amp;nbsp;parcelas] &lt;/a&gt;&lt;/th&gt;
	&lt;/tr&gt;
	&lt;tr&gt;
		&lt;td class="tabelatd1"&gt;10&lt;/td&gt;
		&lt;td class="tabelatd1"&gt;Fulano de Tal&lt;/td&gt;
		&lt;td class="tabelatd1"&gt;Feminino&lt;/td&gt;
		&lt;td class="tabelatd1"&gt;652.392.539-00&lt;/td&gt;
		&lt;td class="tabelatd1"&gt;Criciúma/SC&lt;/td&gt;
		&lt;td class="tabelatd1"&gt;Ativo&lt;/td&gt;
&lt;th class="tabelatd1" border="1"&gt;&lt;a class="noPrint" href="?class=RelacionaParcelasAssociado&amp;opera=B;I;&amp;id=10&amp;associado=Fulano de Tal"&gt;[Relaciona&amp;nbsp;parcelas] &lt;/a&gt;&lt;/th&gt;
	&lt;/tr&gt;
	&lt;tr&gt;
		&lt;td class="tabelatd2"&gt;11&lt;/td&gt;
		&lt;td class="tabelatd2"&gt;Fulano de Tal&lt;/td&gt;
		&lt;td class="tabelatd2"&gt;Feminino&lt;/td&gt;
		&lt;td class="tabelatd2"&gt;652.392.539-00&lt;/td&gt;
		&lt;td class="tabelatd2"&gt;Criciúma/SC&lt;/td&gt;
		&lt;td class="tabelatd2"&gt;Ativo&lt;/td&gt;
&lt;th class="tabelatd2" border="1"&gt;&lt;a class="noPrint" href="?class=RelacionaParcelasAssociado&amp;opera=B;I;&amp;id=11&amp;associado=Fulano de Tal"&gt;[Relaciona&amp;nbsp;parcelas] &lt;/a&gt;&lt;/th&gt;
	&lt;/tr&gt;
	&lt;tr&gt;
		&lt;td class="tabelatd1"&gt;12&lt;/td&gt;
		&lt;td class="tabelatd1"&gt;Fulano de Tal&lt;/td&gt;
		&lt;td class="tabelatd1"&gt;Feminino&lt;/td&gt;
		&lt;td class="tabelatd1"&gt;652.392.539-00&lt;/td&gt;
		&lt;td class="tabelatd1"&gt;Criciúma/SC&lt;/td&gt;
		&lt;td class="tabelatd1"&gt;Ativo&lt;/td&gt;
&lt;th class="tabelatd1" border="1"&gt;&lt;a class="noPrint" href="?class=RelacionaParcelasAssociado&amp;opera=B;I;&amp;id=12&amp;associado=Fulano de Tal"&gt;[Relaciona&amp;nbsp;parcelas] &lt;/a&gt;&lt;/th&gt;
	&lt;/tr&gt;
	&lt;tr&gt;
		&lt;td class="tabelatd2"&gt;13&lt;/td&gt;
		&lt;td class="tabelatd2"&gt;Fulano de Tal&lt;/td&gt;
		&lt;td class="tabelatd2"&gt;Feminino&lt;/td&gt;
		&lt;td class="tabelatd2"&gt;652.392.539-00&lt;/td&gt;
		&lt;td class="tabelatd2"&gt;Criciúma/SC&lt;/td&gt;
		&lt;td class="tabelatd2"&gt;Ativo&lt;/td&gt;
&lt;th class="tabelatd2" border="1"&gt;&lt;a class="noPrint" href="?class=RelacionaParcelasAssociado&amp;opera=B;I;&amp;id=13&amp;associado=Fulano de Tal"&gt;[Relaciona&amp;nbsp;parcelas] &lt;/a&gt;&lt;/th&gt;
	&lt;/tr&gt;
	&lt;tr&gt;
		&lt;td class="tabelatd1"&gt;14&lt;/td&gt;
		&lt;td class="tabelatd1"&gt;Fulano de Tal&lt;/td&gt;
		&lt;td class="tabelatd1"&gt;Feminino&lt;/td&gt;
		&lt;td class="tabelatd1"&gt;652.392.539-00&lt;/td&gt;
		&lt;td class="tabelatd1"&gt;Criciúma/SC&lt;/td&gt;
		&lt;td class="tabelatd1"&gt;Ativo&lt;/td&gt;
&lt;th class="tabelatd1" border="1"&gt;&lt;a class="noPrint" href="?class=RelacionaParcelasAssociado&amp;opera=B;I;&amp;id=14&amp;associado=Fulano de Tal"&gt;[Relaciona&amp;nbsp;parcelas] &lt;/a&gt;&lt;/th&gt;
	&lt;/tr&gt;
	&lt;tr&gt;
		&lt;td class="tabelatd2"&gt;15&lt;/td&gt;
		&lt;td class="tabelatd2"&gt;Fulano de Tal&lt;/td&gt;
		&lt;td class="tabelatd2"&gt;Feminino&lt;/td&gt;
		&lt;td class="tabelatd2"&gt;652.392.539-00&lt;/td&gt;
		&lt;td class="tabelatd2"&gt;Criciúma/SC&lt;/td&gt;
		&lt;td class="tabelatd2"&gt;Ativo&lt;/td&gt;
&lt;th class="tabelatd2" border="1"&gt;&lt;a class="noPrint" href="?class=RelacionaParcelasAssociado&amp;opera=B;I;&amp;id=15&amp;associado=Fulano de Tal"&gt;[Relaciona&amp;nbsp;parcelas] &lt;/a&gt;&lt;/th&gt;
	&lt;/tr&gt;
	&lt;tr&gt;
		&lt;td class="tabelatd1"&gt;16&lt;/td&gt;
		&lt;td class="tabelatd1"&gt;Fulano de Tal&lt;/td&gt;
		&lt;td class="tabelatd1"&gt;Feminino&lt;/td&gt;
		&lt;td class="tabelatd1"&gt;652.392.539-00&lt;/td&gt;
		&lt;td class="tabelatd1"&gt;Criciúma/SC&lt;/td&gt;
		&lt;td class="tabelatd1"&gt;Ativo&lt;/td&gt;
&lt;th class="tabelatd1" border="1"&gt;&lt;a class="noPrint" href="?class=RelacionaParcelasAssociado&amp;opera=B;I;&amp;id=16&amp;associado=Fulano de Tal"&gt;[Relaciona&amp;nbsp;parcelas] &lt;/a&gt;&lt;/th&gt;
	&lt;/tr&gt;
	&lt;tr&gt;
		&lt;td class="tabelatd2"&gt;17&lt;/td&gt;
		&lt;td class="tabelatd2"&gt;Fulano de Tal&lt;/td&gt;
		&lt;td class="tabelatd2"&gt;Feminino&lt;/td&gt;
		&lt;td class="tabelatd2"&gt;652.392.539-00&lt;/td&gt;
		&lt;td class="tabelatd2"&gt;Criciúma/SC&lt;/td&gt;
		&lt;td class="tabelatd2"&gt;Ativo&lt;/td&gt;
&lt;th class="tabelatd2" border="1"&gt;&lt;a class="noPrint" href="?class=RelacionaParcelasAssociado&amp;opera=B;I;&amp;id=17&amp;associado=Fulano de Tal"&gt;[Relaciona&amp;nbsp;parcelas] &lt;/a&gt;&lt;/th&gt;
	&lt;/tr&gt;
	&lt;tr&gt;
		&lt;td class="tabelatd1"&gt;18&lt;/td&gt;
		&lt;td class="tabelatd1"&gt;Fulano de Tal&lt;/td&gt;
		&lt;td class="tabelatd1"&gt;Feminino&lt;/td&gt;
		&lt;td class="tabelatd1"&gt;652.392.539-00&lt;/td&gt;
		&lt;td class="tabelatd1"&gt;Criciúma/SC&lt;/td&gt;
		&lt;td class="tabelatd1"&gt;Ativo&lt;/td&gt;
&lt;th class="tabelatd1" border="1"&gt;&lt;a class="noPrint" href="?class=RelacionaParcelasAssociado&amp;opera=B;I;&amp;id=18&amp;associado=Fulano de Tal"&gt;[Relaciona&amp;nbsp;parcelas] &lt;/a&gt;&lt;/th&gt;
	&lt;/tr&gt;
	&lt;tr&gt;
		&lt;td class="tabelatd2"&gt;19&lt;/td&gt;
		&lt;td class="tabelatd2"&gt;Fulano de Tal&lt;/td&gt;
		&lt;td class="tabelatd2"&gt;Feminino&lt;/td&gt;
		&lt;td class="tabelatd2"&gt;652.392.539-00&lt;/td&gt;
		&lt;td class="tabelatd2"&gt;Criciúma/SC&lt;/td&gt;
		&lt;td class="tabelatd2"&gt;Ativo&lt;/td&gt;
&lt;th class="tabelatd2" border="1"&gt;&lt;a class="noPrint" href="?class=RelacionaParcelasAssociado&amp;opera=B;I;&amp;id=19&amp;associado=Fulano de Tal"&gt;[Relaciona&amp;nbsp;parcelas] &lt;/a&gt;&lt;/th&gt;
	&lt;/tr&gt;
&lt;/Table&gt;
&lt;h3&gt;Número de registros na lista: 18&lt;/h3&gt;
&lt;/div&gt;
</system-out>
      </testcase>
      <testcase name="testMostraTitulosAtivos" class="DaoHomeTest" classname="DaoHomeTest" file="C:\Apache24\htdocs\Associacao\tests\controller\DaoHomeTest.php" line="64" assertions="1" time="0.033730">
        <system-out>&lt;input type="button" onclick="imprimirDiv('divTITULO', this);" value="Imprimir lista"&gt;&lt;div id='divTITULO'&gt;
&lt;Table class="tabela" width="100%" border="1" cellpadding="3" cellspacing="0"&gt;
&lt;tr&gt;
&lt;th class="tabelath" border="1"&gt;CODIGO&lt;/th&gt;
&lt;th class="tabelath" border="1"&gt;NUMERO_TITULO&lt;/th&gt;
&lt;th class="tabelath" border="1"&gt;TIPO&lt;/th&gt;
&lt;th class="tabelath" border="1"&gt;ASSOCIADO&lt;/th&gt;
&lt;th class="tabelath" border="1"&gt;DATA_SOCIO&lt;/th&gt;
&lt;th class="tabelath" border="1"&gt;SITUACAO&lt;/th&gt;
&lt;th class="tabelath" border="1"&gt;OPERAÇÃO&lt;/th&gt;
&lt;/tr&gt;
	&lt;tr&gt;
		&lt;td class="tabelatd1"&gt;3&lt;/td&gt;
		&lt;td class="tabelatd1"&gt;0F&lt;/td&gt;
		&lt;td class="tabelatd1"&gt;Patrimonial&lt;/td&gt;
		&lt;td class="tabelatd1"&gt;Beltrano da Silva (333.333.333-33)&lt;/td&gt;
		&lt;td class="tabelatd1"&gt;01/02/2016&lt;/td&gt;
		&lt;td class="tabelatd1"&gt;Ativo&lt;/td&gt;
&lt;th class="tabelatd1" border="1"&gt;&lt;a class="noPrint" href="?class=RelacionaParcelasAssociado&amp;opera=B;I;&amp;id=3&amp;associado=0F"&gt;[Relaciona&amp;nbsp;parcelas] &lt;/a&gt;&lt;/th&gt;
	&lt;/tr&gt;
	&lt;tr&gt;
		&lt;td class="tabelatd2"&gt;1&lt;/td&gt;
		&lt;td class="tabelatd2"&gt;1&lt;/td&gt;
		&lt;td class="tabelatd2"&gt;Patrimonial&lt;/td&gt;
		&lt;td class="tabelatd2"&gt;Fulano de Tal (652.392.539-00)&lt;/td&gt;
		&lt;td class="tabelatd2"&gt;10/01/2010&lt;/td&gt;
		&lt;td class="tabelatd2"&gt;Ativo&lt;/td&gt;
&lt;th class="tabelatd2" border="1"&gt;&lt;a class="noPrint" href="?class=RelacionaParcelasAssociado&amp;opera=B;I;&amp;id=1&amp;associado=1"&gt;[Relaciona&amp;nbsp;parcelas] &lt;/a&gt;&lt;/th&gt;
	&lt;/tr&gt;
	&lt;tr&gt;
		&lt;td class="tabelatd1"&gt;5&lt;/td&gt;
		&lt;td class="tabelatd1"&gt;1&lt;/td&gt;
		&lt;td class="tabelatd1"&gt;Patrimonial&lt;/td&gt;
		&lt;td class="tabelatd1"&gt;Fulano de Tal (652.392.539-00)&lt;/td&gt;
		&lt;td class="tabelatd1"&gt;10/01/2010&lt;/td&gt;
		&lt;td class="tabelatd1"&gt;Ativo&lt;/td&gt;
&lt;th class="tabelatd1" border="1"&gt;&lt;a class="noPrint" href="?class=RelacionaParcelasAssociado&amp;opera=B;I;&amp;id=5&amp;associado=1"&gt;[Relaciona&amp;nbsp;parcelas] &lt;/a&gt;&lt;/th&gt;
	&lt;/tr&gt;
	&lt;tr&gt;
		&lt;td class="tabelatd2"&gt;6&lt;/td&gt;
		&lt;td class="tabelatd2"&gt;1&lt;/td&gt;
		&lt;td class="tabelatd2"&gt;Patrimonial&lt;/td&gt;
		&lt;td class="tabelatd2"&gt;Fulano de Tal (652.392.539-00)&lt;/td&gt;
		&lt;td class="tabelatd2"&gt;10/01/2010&lt;/td&gt;
		&lt;td class="tabelatd2"&gt;Ativo&lt;/td&gt;
&lt;th class="tabelatd2" border="1"&gt;&lt;a class="noPrint" href="?class=RelacionaParcelasAssociado&amp;opera=B;I;&amp;id=6&amp;associado=1"&gt;[Relaciona&amp;nbsp;parcelas] &lt;/a&gt;&lt;/th&gt;
	&lt;/tr&gt;
	&lt;tr&gt;
		&lt;td class="tabelatd1"&gt;7&lt;/td&gt;
		&lt;td class="tabelatd1"&gt;1&lt;/td&gt;
		&lt;td class="tabelatd1"&gt;Patrimonial&lt;/td&gt;
		&lt;td class="tabelatd1"&gt;Fulano de Tal (652.392.539-00)&lt;/td&gt;
		&lt;td class="tabelatd1"&gt;10/01/2010&lt;/td&gt;
		&lt;td class="tabelatd1"&gt;Ativo&lt;/td&gt;
&lt;th class="tabelatd1" border="1"&gt;&lt;a class="noPrint" href="?class=RelacionaParcelasAssociado&amp;opera=B;I;&amp;id=7&amp;associado=1"&gt;[Relaciona&amp;nbsp;parcelas] &lt;/a&gt;&lt;/th&gt;
	&lt;/tr&gt;
	&lt;tr&gt;
		&lt;td class="tabelatd2"&gt;8&lt;/td&gt;
		&lt;td class="tabelatd2"&gt;1&lt;/td&gt;
		&lt;td class="tabelatd2"&gt;Patrimonial&lt;/td&gt;
		&lt;td class="tabelatd2"&gt;Fulano de Tal (652.392.539-00)&lt;/td&gt;
		&lt;td class="tabelatd2"&gt;10/01/2010&lt;/td&gt;
		&lt;td class="tabelatd2"&gt;Ativo&lt;/td&gt;
&lt;th class="tabelatd2" border="1"&gt;&lt;a class="noPrint" href="?class=RelacionaParcelasAssociado&amp;opera=B;I;&amp;id=8&amp;associado=1"&gt;[Relaciona&amp;nbsp;parcelas] &lt;/a&gt;&lt;/th&gt;
	&lt;/tr&gt;
	&lt;tr&gt;
		&lt;td class="tabelatd1"&gt;9&lt;/td&gt;
		&lt;td class="tabelatd1"&gt;1&lt;/td&gt;
		&lt;td class="tabelatd1"&gt;Patrimonial&lt;/td&gt;
		&lt;td class="tabelatd1"&gt;Fulano de Tal (652.392.539-00)&lt;/td&gt;
		&lt;td class="tabelatd1"&gt;10/01/2010&lt;/td&gt;
		&lt;td class="tabelatd1"&gt;Ativo&lt;/td&gt;
&lt;th class="tabelatd1" border="1"&gt;&lt;a class="noPrint" href="?class=RelacionaParcelasAssociado&amp;opera=B;I;&amp;id=9&amp;associado=1"&gt;[Relaciona&amp;nbsp;parcelas] &lt;/a&gt;&lt;/th&gt;
	&lt;/tr&gt;
	&lt;tr&gt;
		&lt;td class="tabelatd2"&gt;10&lt;/td&gt;
		&lt;td class="tabelatd2"&gt;1&lt;/td&gt;
		&lt;td class="tabelatd2"&gt;Patrimonial&lt;/td&gt;
		&lt;td class="tabelatd2"&gt;Fulano de Tal (652.392.539-00)&lt;/td&gt;
		&lt;td class="tabelatd2"&gt;10/01/2010&lt;/td&gt;
		&lt;td class="tabelatd2"&gt;Ativo&lt;/td&gt;
&lt;th class="tabelatd2" border="1"&gt;&lt;a class="noPrint" href="?class=RelacionaParcelasAssociado&amp;opera=B;I;&amp;id=10&amp;associado=1"&gt;[Relaciona&amp;nbsp;parcelas] &lt;/a&gt;&lt;/th&gt;
	&lt;/tr&gt;
	&lt;tr&gt;
		&lt;td class="tabelatd1"&gt;11&lt;/td&gt;
		&lt;td class="tabelatd1"&gt;1&lt;/td&gt;
		&lt;td class="tabelatd1"&gt;Patrimonial&lt;/td&gt;
		&lt;td class="tabelatd1"&gt;Fulano de Tal (652.392.539-00)&lt;/td&gt;
		&lt;td class="tabelatd1"&gt;10/01/2010&lt;/td&gt;
		&lt;td class="tabelatd1"&gt;Ativo&lt;/td&gt;
&lt;th class="tabelatd1" border="1"&gt;&lt;a class="noPrint" href="?class=RelacionaParcelasAssociado&amp;opera=B;I;&amp;id=11&amp;associado=1"&gt;[Relaciona&amp;nbsp;parcelas] &lt;/a&gt;&lt;/th&gt;
	&lt;/tr&gt;
	&lt;tr&gt;
		&lt;td class="tabelatd2"&gt;12&lt;/td&gt;
		&lt;td class="tabelatd2"&gt;1&lt;/td&gt;
		&lt;td class="tabelatd2"&gt;Patrimonial&lt;/td&gt;
		&lt;td class="tabelatd2"&gt;Fulano de Tal (652.392.539-00)&lt;/td&gt;
		&lt;td class="tabelatd2"&gt;10/01/2010&lt;/td&gt;
		&lt;td class="tabelatd2"&gt;Ativo&lt;/td&gt;
&lt;th class="tabelatd2" border="1"&gt;&lt;a class="noPrint" href="?class=RelacionaParcelasAssociado&amp;opera=B;I;&amp;id=12&amp;associado=1"&gt;[Relaciona&amp;nbsp;parcelas] &lt;/a&gt;&lt;/th&gt;
	&lt;/tr&gt;
	&lt;tr&gt;
		&lt;td class="tabelatd1"&gt;13&lt;/td&gt;
		&lt;td class="tabelatd1"&gt;1&lt;/td&gt;
		&lt;td class="tabelatd1"&gt;Patrimonial&lt;/td&gt;
		&lt;td class="tabelatd1"&gt;Fulano de Tal (652.392.539-00)&lt;/td&gt;
		&lt;td class="tabelatd1"&gt;10/01/2010&lt;/td&gt;
		&lt;td class="tabelatd1"&gt;Ativo&lt;/td&gt;
&lt;th class="tabelatd1" border="1"&gt;&lt;a class="noPrint" href="?class=RelacionaParcelasAssociado&amp;opera=B;I;&amp;id=13&amp;associado=1"&gt;[Relaciona&amp;nbsp;parcelas] &lt;/a&gt;&lt;/th&gt;
	&lt;/tr&gt;
	&lt;tr&gt;
		&lt;td class="tabelatd2"&gt;14&lt;/td&gt;
		&lt;td class="tabelatd2"&gt;1&lt;/td&gt;
		&lt;td class="tabelatd2"&gt;Patrimonial&lt;/td&gt;
		&lt;td class="tabelatd2"&gt;Fulano de Tal (652.392.539-00)&lt;/td&gt;
		&lt;td class="tabelatd2"&gt;10/01/2010&lt;/td&gt;
		&lt;td class="tabelatd2"&gt;Ativo&lt;/td&gt;
&lt;th class="tabelatd2" border="1"&gt;&lt;a class="noPrint" href="?class=RelacionaParcelasAssociado&amp;opera=B;I;&amp;id=14&amp;associado=1"&gt;[Relaciona&amp;nbsp;parcelas] &lt;/a&gt;&lt;/th&gt;
	&lt;/tr&gt;
	&lt;tr&gt;
		&lt;td class="tabelatd1"&gt;15&lt;/td&gt;
		&lt;td class="tabelatd1"&gt;1&lt;/td&gt;
		&lt;td class="tabelatd1"&gt;Patrimonial&lt;/td&gt;
		&lt;td class="tabelatd1"&gt;Fulano de Tal (652.392.539-00)&lt;/td&gt;
		&lt;td class="tabelatd1"&gt;10/01/2010&lt;/td&gt;
		&lt;td class="tabelatd1"&gt;Ativo&lt;/td&gt;
&lt;th class="tabelatd1" border="1"&gt;&lt;a class="noPrint" href="?class=RelacionaParcelasAssociado&amp;opera=B;I;&amp;id=15&amp;associado=1"&gt;[Relaciona&amp;nbsp;parcelas] &lt;/a&gt;&lt;/th&gt;
	&lt;/tr&gt;
	&lt;tr&gt;
		&lt;td class="tabelatd2"&gt;16&lt;/td&gt;
		&lt;td class="tabelatd2"&gt;1&lt;/td&gt;
		&lt;td class="tabelatd2"&gt;Patrimonial&lt;/td&gt;
		&lt;td class="tabelatd2"&gt;Fulano de Tal (652.392.539-00)&lt;/td&gt;
		&lt;td class="tabelatd2"&gt;10/01/2010&lt;/td&gt;
		&lt;td class="tabelatd2"&gt;Ativo&lt;/td&gt;
&lt;th class="tabelatd2" border="1"&gt;&lt;a class="noPrint" href="?class=RelacionaParcelasAssociado&amp;opera=B;I;&amp;id=16&amp;associado=1"&gt;[Relaciona&amp;nbsp;parcelas] &lt;/a&gt;&lt;/th&gt;
	&lt;/tr&gt;
	&lt;tr&gt;
		&lt;td class="tabelatd1"&gt;17&lt;/td&gt;
		&lt;td class="tabelatd1"&gt;1&lt;/td&gt;
		&lt;td class="tabelatd1"&gt;Patrimonial&lt;/td&gt;
		&lt;td class="tabelatd1"&gt;Fulano de Tal (652.392.539-00)&lt;/td&gt;
		&lt;td class="tabelatd1"&gt;10/01/2010&lt;/td&gt;
		&lt;td class="tabelatd1"&gt;Ativo&lt;/td&gt;
&lt;th class="tabelatd1" border="1"&gt;&lt;a class="noPrint" href="?class=RelacionaParcelasAssociado&amp;opera=B;I;&amp;id=17&amp;associado=1"&gt;[Relaciona&amp;nbsp;parcelas] &lt;/a&gt;&lt;/th&gt;
	&lt;/tr&gt;
	&lt;tr&gt;
		&lt;td class="tabelatd2"&gt;18&lt;/td&gt;
		&lt;td class="tabelatd2"&gt;1&lt;/td&gt;
		&lt;td class="tabelatd2"&gt;Patrimonial&lt;/td&gt;
		&lt;td class="tabelatd2"&gt;Fulano de Tal (652.392.539-00)&lt;/td&gt;
		&lt;td class="tabelatd2"&gt;10/01/2010&lt;/td&gt;
		&lt;td class="tabelatd2"&gt;Ativo&lt;/td&gt;
&lt;th class="tabelatd2" border="1"&gt;&lt;a class="noPrint" href="?class=RelacionaParcelasAssociado&amp;opera=B;I;&amp;id=18&amp;associado=1"&gt;[Relaciona&amp;nbsp;parcelas] &lt;/a&gt;&lt;/th&gt;
	&lt;/tr&gt;
	&lt;tr&gt;
		&lt;td class="tabelatd1"&gt;19&lt;/td&gt;
		&lt;td class="tabelatd1"&gt;1&lt;/td&gt;
		&lt;td class="tabelatd1"&gt;Patrimonial&lt;/td&gt;
		&lt;td class="tabelatd1"&gt;Fulano de Tal (652.392.539-00)&lt;/td&gt;
		&lt;td class="tabelatd1"&gt;10/01/2010&lt;/td&gt;
		&lt;td class="tabelatd1"&gt;Ativo&lt;/td&gt;
&lt;th class="tabelatd1" border="1"&gt;&lt;a class="noPrint" href="?class=RelacionaParcelasAssociado&amp;opera=B;I;&amp;id=19&amp;associado=1"&gt;[Relaciona&amp;nbsp;parcelas] &lt;/a&gt;&lt;/th&gt;
	&lt;/tr&gt;
	&lt;tr&gt;
		&lt;td class="tabelatd2"&gt;4&lt;/td&gt;
		&lt;td class="tabelatd2"&gt;23F&lt;/td&gt;
		&lt;td class="tabelatd2"&gt;Patrimonial&lt;/td&gt;
		&lt;td class="tabelatd2"&gt;Cicrano de Tal (222.222.222-22)&lt;/td&gt;
		&lt;td class="tabelatd2"&gt;01/02/2016&lt;/td&gt;
		&lt;td class="tabelatd2"&gt;Ativo&lt;/td&gt;
&lt;th class="tabelatd2" border="1"&gt;&lt;a class="noPrint" href="?class=RelacionaParcelasAssociado&amp;opera=B;I;&amp;id=4&amp;associado=23F"&gt;[Relaciona&amp;nbsp;parcelas] &lt;/a&gt;&lt;/th&gt;
	&lt;/tr&gt;
&lt;/Table&gt;
&lt;h3&gt;Número de registros na lista: 18&lt;/h3&gt;
&lt;/div&gt;
</system-out>
      </testcase>
    </testsuite>
    <testsuite name="DaoImprimirParcelaTest" file="C:\Apache24\htdocs\Associacao\tests\controller\DaoImprimirParcelaTest.php" tests="3" assertions="5" errors="0" failures="0" skipped="0" time="0.067957">
      <testcase name="testGetClassView" class="DaoImprimirParcelaTest" classname="DaoImprimirParcelaTest" file="C:\Apache24\htdocs\Associacao\tests\controller\DaoImprimirParcelaTest.php" line="31" assertions="3" time="0.019170"/>
      <testcase name="testMostraRelatorio" class="DaoImprimirParcelaTest" classname="DaoImprimirParcelaTest" file="C:\Apache24\htdocs\Associacao\tests\controller\DaoImprimirParcelaTest.php" line="42" assertions="1" time="0.022374"/>
      <testcase name="testExecutaView" class="DaoImprimirParcelaTest" classname="DaoImprimirParcelaTest" file="C:\Apache24\htdocs\Associacao\tests\controller\DaoImprimirParcelaTest.php" line="51" assertions="1" time="0.026413">
        <system-out>﻿&lt;!DOCTYPE html&gt;&#13;
&lt;html&gt;&#13;
    &lt;head&gt;&#13;
                        &lt;title&gt;Imprimir parcela&lt;/title&gt;&#13;
    &lt;/head&gt;&#13;
    &lt;body&gt;&#13;
  &lt;input type="button" onclick="JavaScript:history.back();" value="Voltar"&gt;&#13;
  &lt;input type="button" onclick="imprimirDiv('idAreaImpressao', this);" value="Imprimir"&gt;&#13;
    &lt;div id='idAreaImpressao'&gt;&#13;
  &lt;table class="tabelaCadastro"&gt;&#13;
    &lt;tr&gt;&#13;
      &lt;td class="labelCadastro"&gt;Código da parcela:&lt;/td&gt;&#13;
      &lt;td class="campoCadastro"&gt;5&lt;/td&gt;&#13;
      &lt;td class="labelCadastro"&gt;Número do título:&lt;/td&gt;&#13;
      &lt;td class="campoCadastro"&gt;23F&lt;/td&gt;&#13;
    &lt;/tr&gt;&#13;
    &lt;tr&gt;&#13;
      &lt;td class="labelCadastro"&gt;Nome&amp;nbspdo&amp;nbspassociado:&lt;/td&gt;&#13;
      &lt;td class="campoCadastro" colspan="3"&gt;Cicrano de Tal&lt;/td&gt;&#13;
    &lt;/tr&gt;&#13;
    &lt;tr&gt;&#13;
      &lt;td class="labelCadastro"&gt;Tipo de cobrança:&lt;/td&gt;&#13;
      &lt;td class="campoCadastro"&gt;Tipo Cobranca&lt;/td&gt;&#13;
      &lt;td class="labelCadastro"&gt;Situação da baixa:&lt;/td&gt;&#13;
      &lt;td class="campoCadastro"&gt;Em aberto&lt;/td&gt;&#13;
    &lt;/tr&gt;&#13;
    &lt;tr&gt;&#13;
      &lt;td class="labelCadastro"&gt;Data do registro:&lt;/td&gt;&#13;
      &lt;td class="campoCadastro"&gt;28/10/2018 09:17:10&lt;/td&gt;&#13;
      &lt;td class="labelCadastro"&gt;Data do vencimento:&lt;/td&gt;&#13;
      &lt;td class="campoCadastro"&gt;10/10/2018&lt;/td&gt;&#13;
    &lt;/tr&gt;&#13;
    &lt;tr&gt;&#13;
      &lt;td class="labelCadastro"&gt;Data do baixa/Pagamento:&lt;/td&gt;&#13;
      &lt;td class="campoCadastro"&gt;&lt;/td&gt;&#13;
      &lt;td class="labelCadastro"&gt;Data do registro da baixa:&lt;/td&gt;&#13;
      &lt;td class="campoCadastro"&gt;&lt;/td&gt;&#13;
    &lt;/tr&gt;&#13;
    &lt;tr&gt;&#13;
      &lt;td class="labelCadastro"&gt;Valor nominal:&lt;/td&gt;&#13;
      &lt;td class="campoCadastro" colspan="3"&gt;110.00&lt;/td&gt;&#13;
    &lt;/tr&gt;&#13;
    &lt;tr&gt;&#13;
      &lt;td class="labelCadastro"&gt;Valor do acréscimo:&lt;/td&gt;&#13;
      &lt;td class="campoCadastro" colspan="3"&gt;10.00&lt;/td&gt;&#13;
    &lt;/tr&gt;&#13;
    &lt;tr&gt;&#13;
      &lt;td class="labelCadastro"&gt;Valor do abatimento:&lt;/td&gt;&#13;
      &lt;td class="campoCadastro" colspan="3"&gt;10.00&lt;/td&gt;&#13;
    &lt;/tr&gt;&#13;
    &lt;tr&gt;&#13;
      &lt;td class="labelCadastro"&gt;Valor baixado/Pago:&lt;/td&gt;&#13;
      &lt;td class="campoCadastro" colspan="3"&gt;0.00&lt;/td&gt;&#13;
    &lt;/tr&gt;&#13;
  &lt;/table&gt;&lt;/DIV&gt;&#13;
  &lt;/div&gt;&#13;
      &lt;/body&gt;&#13;
&lt;/html&gt;&#13;
</system-out>
      </testcase>
    </testsuite>
    <testsuite name="DaoLoginAPPTest" file="C:\Apache24\htdocs\Associacao\tests\controller\DaoLoginAPPTest.php" tests="3" assertions="4" errors="0" failures="0" skipped="0" time="0.068481">
      <testcase name="testGetClassView" class="DaoLoginAPPTest" classname="DaoLoginAPPTest" file="C:\Apache24\htdocs\Associacao\tests\controller\DaoLoginAPPTest.php" line="32" assertions="1" time="0.019087"/>
      <testcase name="testExecutaView" class="DaoLoginAPPTest" classname="DaoLoginAPPTest" file="C:\Apache24\htdocs\Associacao\tests\controller\DaoLoginAPPTest.php" line="40" assertions="1" time="0.027179">
        <system-out>﻿&lt;!DOCTYPE html&gt;&#13;
&lt;html&gt;&#13;
    &lt;head&gt;&#13;
                        &lt;title&gt;Associação Recreativa&lt;/title&gt;&#13;
    &lt;/head&gt;&#13;
&lt;body&gt;&#13;
 &lt;table width="100%" height='900px' valign='center' align='center' border='0'&gt;&#13;
  &lt;tr&gt;&lt;td valign='center' align='center'&gt;&#13;
  &lt;form name='formulario' id='formulario' method='POST' action=''&gt;&#13;
   &lt;table width="500px" height='200px' valign='center' align='center' border='1'&gt;&#13;
    &lt;tr class='bordaTopo' height='50px'&gt;&#13;
    &lt;td&gt;&lt;center&gt;&lt;div&gt;&lt;h1 class='tituloAplicativo'&gt;Associação Recreativa&lt;/h1&gt;&lt;/div&gt;&lt;/center&gt;&lt;/td&gt;&#13;
    &lt;/tr&gt;&#13;
    &lt;tr class='bordaTopo'&gt;&#13;
    &lt;td valign='center' align='center'&gt;&#13;
     &lt;input type='hidden' name='OperaRParc' value='I'&gt;&#13;
     &lt;input type='hidden' name='class'      value='RelacionaParcelasAssociado'&gt;&#13;
     &lt;input type='hidden' name='id'         value='5'&gt;&#13;
     &lt;input type='hidden' name='associado'  value='Fulano de Tal'&gt;&#13;
     &lt;h2 class='tituloAplicativo'&gt;Associado: &lt;a href='javascript:;' onclick='document.formulario.submit();'&gt;Fulano de Tal&lt;/a&gt;&lt;/h2&gt;&#13;
    &lt;/td&gt;&#13;
    &lt;/tr&gt;&#13;
   &lt;/table&gt;&#13;
  &lt;/form&gt;&#13;
 &lt;/td&gt;&lt;/tr&gt;&lt;/table&gt;&#13;
&lt;/body&gt;&#13;
&lt;/html&gt;&#13;
</system-out>
      </testcase>
      <testcase name="testExecLogin" class="DaoLoginAPPTest" classname="DaoLoginAPPTest" file="C:\Apache24\htdocs\Associacao\tests\controller\DaoLoginAPPTest.php" line="48" assertions="2" time="0.022215">
        <system-out>&lt;Script LANGUAGE="JavaScript"&gt;alert ('Acesso não autorizado!');&lt;/Script&gt;</system-out>
      </testcase>
    </testsuite>
    <testsuite name="DaoRelacionaParcelasAssociadoTest" file="C:\Apache24\htdocs\Associacao\tests\controller\DaoRelacionaParcelasAssociadoTest.php" tests="3" assertions="3" errors="0" failures="0" skipped="0" time="0.066230">
      <testcase name="testGetClassView" class="DaoRelacionaParcelasAssociadoTest" classname="DaoRelacionaParcelasAssociadoTest" file="C:\Apache24\htdocs\Associacao\tests\controller\DaoRelacionaParcelasAssociadoTest.php" line="32" assertions="1" time="0.018354"/>
      <testcase name="testExecutaView" class="DaoRelacionaParcelasAssociadoTest" classname="DaoRelacionaParcelasAssociadoTest" file="C:\Apache24\htdocs\Associacao\tests\controller\DaoRelacionaParcelasAssociadoTest.php" line="40" assertions="1" time="0.027310">
        <system-out>﻿&lt;!DOCTYPE html&gt;&#13;
&lt;html&gt;&#13;
    &lt;head&gt;&#13;
                        &lt;title&gt;Relatório de cobrança&lt;/title&gt;&#13;
    &lt;/head&gt;&#13;
    &lt;body&gt;&#13;
    &lt;center&gt;&lt;div&gt;&lt;h1 class="tituloCadastro"&gt;Relatório de cobrança - &lt;/h1&gt;&lt;/div&gt;&lt;/center&gt;&#13;
&lt;form id="cadastro" name="relaciona" method="post" enctype="multipart/form-data" action=""&gt;&#13;
  &lt;input name="class"     type="hidden" id="class" value="RelacionaParcelasAssociado" /&gt;&#13;
  &lt;input name="id" type="hidden" id="associado" value="" /&gt;&#13;
  &lt;input name="associado" type="hidden" id="associado" value="" /&gt;&#13;
  &lt;table class="tabelaCadastro"&gt;&#13;
    &lt;tr&gt;&#13;
      &lt;td class="labelCadastro"&gt;Tipo de cobrança:&lt;/td&gt;&#13;
      &lt;td class="campoCadastro"&gt;&lt;select class="campo" name="idTipoCobranca" id="idTipoCobranca"&gt;  &lt;option&gt;[Selecione...]&lt;/option&gt;
  &lt;option value="5"&gt;Aula de dança de salão&lt;/option&gt;
  &lt;option value="3"&gt;Manutenção&lt;/option&gt;
  &lt;option value="4"&gt;Mensalidades&lt;/option&gt;
  &lt;option value="2"&gt;Taxa de Manutenção&lt;/option&gt;
  &lt;option value="1" selected&gt;Tipo Cobranca&lt;/option&gt;
  &lt;option value="10"&gt;Tipo Cobranca 10&lt;/option&gt;
  &lt;option value="11"&gt;Tipo Cobranca 11&lt;/option&gt;
  &lt;option value="12"&gt;Tipo Cobranca 12&lt;/option&gt;
  &lt;option value="13"&gt;Tipo Cobranca 13&lt;/option&gt;
  &lt;option value="14"&gt;Tipo Cobranca 14&lt;/option&gt;
  &lt;option value="15"&gt;Tipo Cobranca 15&lt;/option&gt;
  &lt;option value="16"&gt;Tipo Cobranca 16&lt;/option&gt;
  &lt;option value="17"&gt;Tipo Cobranca 17&lt;/option&gt;
  &lt;option value="18"&gt;Tipo Cobranca 18&lt;/option&gt;
  &lt;option value="19"&gt;Tipo Cobranca 19&lt;/option&gt;
  &lt;option value="20"&gt;Tipo Cobranca 20&lt;/option&gt;
  &lt;option value="21"&gt;Tipo Cobranca 21&lt;/option&gt;
  &lt;option value="22"&gt;Tipo Cobranca 22&lt;/option&gt;
  &lt;option value="23"&gt;Tipo Cobranca 23&lt;/option&gt;
  &lt;option value="24"&gt;Tipo Cobranca 24&lt;/option&gt;
  &lt;option value="25"&gt;Tipo Cobranca 25&lt;/option&gt;
  &lt;option value="26"&gt;Tipo Cobranca 26&lt;/option&gt;
  &lt;option value="27"&gt;Tipo Cobranca 27&lt;/option&gt;
  &lt;option value="28"&gt;Tipo Cobranca 28&lt;/option&gt;
  &lt;option value="29"&gt;Tipo Cobranca 29&lt;/option&gt;
  &lt;option value="30"&gt;Tipo Cobranca 30&lt;/option&gt;
  &lt;option value="31"&gt;Tipo Cobranca 31&lt;/option&gt;
  &lt;option value="32"&gt;Tipo Cobranca 32&lt;/option&gt;
  &lt;option value="33"&gt;Tipo Cobranca 33&lt;/option&gt;
  &lt;option value="34"&gt;Tipo Cobranca 34&lt;/option&gt;
  &lt;option value="35"&gt;Tipo Cobranca 35&lt;/option&gt;
  &lt;option value="36"&gt;Tipo Cobranca 36&lt;/option&gt;
  &lt;option value="37"&gt;Tipo Cobranca 37&lt;/option&gt;
  &lt;option value="38"&gt;Tipo Cobranca 38&lt;/option&gt;
  &lt;option value="39"&gt;Tipo Cobranca 39&lt;/option&gt;
  &lt;option value="40"&gt;Tipo Cobranca 40&lt;/option&gt;
  &lt;option value="41"&gt;Tipo Cobranca 41&lt;/option&gt;
  &lt;option value="42"&gt;Tipo Cobranca 42&lt;/option&gt;
  &lt;option value="43"&gt;Tipo Cobranca 43&lt;/option&gt;
  &lt;option value="44"&gt;Tipo Cobranca 44&lt;/option&gt;
  &lt;option value="45"&gt;Tipo Cobranca 45&lt;/option&gt;
  &lt;option value="46"&gt;Tipo Cobranca 46&lt;/option&gt;
  &lt;option value="47"&gt;Tipo Cobranca 47&lt;/option&gt;
  &lt;option value="48"&gt;Tipo Cobranca 48&lt;/option&gt;
  &lt;option value="49"&gt;Tipo Cobranca 49&lt;/option&gt;
  &lt;option value="50"&gt;Tipo Cobranca 50&lt;/option&gt;
  &lt;option value="51"&gt;Tipo Cobranca 51&lt;/option&gt;
  &lt;option value="52"&gt;Tipo Cobranca 52&lt;/option&gt;
  &lt;option value="53"&gt;Tipo Cobranca 53&lt;/option&gt;
  &lt;option value="54"&gt;Tipo Cobranca 54&lt;/option&gt;
  &lt;option value="55"&gt;Tipo Cobranca 55&lt;/option&gt;
  &lt;option value="56"&gt;Tipo Cobranca 56&lt;/option&gt;
  &lt;option value="6"&gt;Tipo Cobranca 6&lt;/option&gt;
  &lt;option value="7"&gt;Tipo Cobranca 7&lt;/option&gt;
  &lt;option value="8"&gt;Tipo Cobranca 8&lt;/option&gt;
  &lt;option value="9"&gt;Tipo Cobranca 9&lt;/option&gt;
&lt;/select&gt;&lt;/td&gt;&#13;
      &lt;td class="labelCadastro"&gt;Situação da baixa:&lt;/td&gt;&#13;
      &lt;td class="campoCadastro"&gt;&lt;select class="campo" name="idSituacaoBaixa" id="idSituacaoBaixa"&gt;  &lt;option&gt;[Selecione...]&lt;/option&gt;
  &lt;option value="1"&gt;Em aberto&lt;/option&gt;
  &lt;option value="2" selected&gt;Pago&lt;/option&gt;
&lt;/select&gt;&lt;/td&gt;&#13;
      &lt;td class="campoCadastro"&gt;&lt;input class="botaoAtualizar" type="Submit" id="atualizar" name="atualizar" value="Atualizar"&gt;&lt;/td&gt;&#13;
    &lt;/tr&gt;&#13;
  &lt;/table&gt;&#13;
&lt;/form&gt;&#13;
     &lt;input type="button" onclick="JavaScript:window.location.assign('index.php');" value="Fechar"&gt;&lt;br&gt;&lt;br&gt;&lt;br&gt;&lt;br&gt;&lt;center&gt;&lt;div&gt;&lt;h2 class="tituloCadastro"&gt;Erro ao executar a tarefa!&lt;br&gt;SELECT CB.ID AS PARCELA, TC.DESCRICAO, CB.DATA_VENCIMENTO, CB.VALOR_NOMINAL, CB.VALOR_BAIXADO, S.SITUACAO,&#13;
                 T.NUMERO_TITULO, TT.TIPO&#13;
          FROM COBRANCA CB  LEFT JOIN TITULO T ON CB.ID_TITULO = T.ID&#13;
                            LEFT JOIN TIPO_TITULO TT ON T.ID_TIPO_TITULO = TT.ID&#13;
                            LEFT JOIN ASSOCIADO A ON CB.ID_ASSOCIADO = A.ID&#13;
                            LEFT JOIN TIPO_COBRANCA TC ON CB.ID_TIPO_COBRANCA = TC.ID &#13;
                            LEFT JOIN SITUACAO_BAIXA S ON CB.ID_SITUACAO_BAIXA = S.ID&#13;
         WHERE A.ID =  &#13;
              AND CB.ID_TIPO_COBRANCA = 1  AND CB.ID_SITUACAO_BAIXA = 2 &#13;
         UNION                                         &#13;
         SELECT NULL AS PARCELA, 'Quantidade: ' || COUNT(*) AS DESCRICAO, NULL AS DATA_VENCIMENTO, SUM(CB.VALOR_NOMINAL) AS VALOR_NOMINAL, SUM(CB.VALOR_BAIXADO) AS VALOR_BAIXADO, NULL AS SITUACAO,&#13;
                 NULL AS NUMERO_TITULO, NULL AS TIPO&#13;
          FROM COBRANCA CB  LEFT JOIN TITULO T ON CB.ID_TITULO = T.ID&#13;
                            LEFT JOIN TIPO_TITULO TT ON T.ID_TIPO_TITULO = TT.ID&#13;
                            LEFT JOIN ASSOCIADO A ON CB.ID_ASSOCIADO = A.ID&#13;
                            LEFT JOIN TIPO_COBRANCA TC ON CB.ID_TIPO_COBRANCA = TC.ID &#13;
                            LEFT JOIN SITUACAO_BAIXA S ON CB.ID_SITUACAO_BAIXA = S.ID&#13;
         WHERE A.ID = &#13;
              AND CB.ID_TIPO_COBRANCA = 1  AND CB.ID_SITUACAO_BAIXA = 2 &#13;
         ORDER BY 3 NULLS LAST, 7&lt;br&gt;Dynamic SQL Error SQL error code = -104 Token unknown - line 9, column 15 AND &lt;/h2&gt;&lt;/div&gt;&lt;/center&gt;&lt;H3&gt;Query executada com erro!&lt;/H3&gt;
 &#13;
    &lt;/body&gt;&#13;
&lt;/html&gt;&#13;
</system-out>
      </testcase>
      <testcase name="testMostraRelatorio" class="DaoRelacionaParcelasAssociadoTest" classname="DaoRelacionaParcelasAssociadoTest" file="C:\Apache24\htdocs\Associacao\tests\controller\DaoRelacionaParcelasAssociadoTest.php" line="48" assertions="1" time="0.020566">
        <system-out>&lt;input type="button" onclick="JavaScript:window.location.assign('index.php');" value="Fechar"&gt;&lt;br&gt;&lt;br&gt;&lt;br&gt;&lt;br&gt;&lt;center&gt;&lt;div&gt;&lt;h2 class="tituloCadastro"&gt;Erro ao executar a tarefa!&lt;br&gt;SELECT CB.ID AS PARCELA, TC.DESCRICAO, CB.DATA_VENCIMENTO, CB.VALOR_NOMINAL, CB.VALOR_BAIXADO, S.SITUACAO,&#13;
                 T.NUMERO_TITULO, TT.TIPO&#13;
          FROM COBRANCA CB  LEFT JOIN TITULO T ON CB.ID_TITULO = T.ID&#13;
                            LEFT JOIN TIPO_TITULO TT ON T.ID_TIPO_TITULO = TT.ID&#13;
                            LEFT JOIN ASSOCIADO A ON CB.ID_ASSOCIADO = A.ID&#13;
                            LEFT JOIN TIPO_COBRANCA TC ON CB.ID_TIPO_COBRANCA = TC.ID &#13;
                            LEFT JOIN SITUACAO_BAIXA S ON CB.ID_SITUACAO_BAIXA = S.ID&#13;
         WHERE A.ID =  &#13;
              AND CB.ID_TIPO_COBRANCA = 1  AND CB.ID_SITUACAO_BAIXA = 2 &#13;
         UNION                                         &#13;
         SELECT NULL AS PARCELA, 'Quantidade: ' || COUNT(*) AS DESCRICAO, NULL AS DATA_VENCIMENTO, SUM(CB.VALOR_NOMINAL) AS VALOR_NOMINAL, SUM(CB.VALOR_BAIXADO) AS VALOR_BAIXADO, NULL AS SITUACAO,&#13;
                 NULL AS NUMERO_TITULO, NULL AS TIPO&#13;
          FROM COBRANCA CB  LEFT JOIN TITULO T ON CB.ID_TITULO = T.ID&#13;
                            LEFT JOIN TIPO_TITULO TT ON T.ID_TIPO_TITULO = TT.ID&#13;
                            LEFT JOIN ASSOCIADO A ON CB.ID_ASSOCIADO = A.ID&#13;
                            LEFT JOIN TIPO_COBRANCA TC ON CB.ID_TIPO_COBRANCA = TC.ID &#13;
                            LEFT JOIN SITUACAO_BAIXA S ON CB.ID_SITUACAO_BAIXA = S.ID&#13;
         WHERE A.ID = &#13;
              AND CB.ID_TIPO_COBRANCA = 1  AND CB.ID_SITUACAO_BAIXA = 2 &#13;
         ORDER BY 3 NULLS LAST, 7&lt;br&gt;Dynamic SQL Error SQL error code = -104 Token unknown - line 9, column 15 AND &lt;/h2&gt;&lt;/div&gt;&lt;/center&gt;&lt;H3&gt;Query executada com erro!&lt;/H3&gt;
</system-out>
      </testcase>
    </testsuite>
    <testsuite name="DaoRelatorioCobradorTest" file="C:\Apache24\htdocs\Associacao\tests\controller\DaoRelatorioCobradorTest.php" tests="3" assertions="3" errors="0" failures="0" skipped="0" time="0.612209">
      <testcase name="testGetClassView" class="DaoRelatorioCobradorTest" classname="DaoRelatorioCobradorTest" file="C:\Apache24\htdocs\Associacao\tests\controller\DaoRelatorioCobradorTest.php" line="32" assertions="1" time="0.021136"/>
      <testcase name="testExecutaView" class="DaoRelatorioCobradorTest" classname="DaoRelatorioCobradorTest" file="C:\Apache24\htdocs\Associacao\tests\controller\DaoRelatorioCobradorTest.php" line="40" assertions="1" time="0.297857">
        <system-out>﻿&lt;!DOCTYPE html&gt;&#13;
&lt;html&gt;&#13;
    &lt;head&gt;&#13;
                        &lt;title&gt;Relatório para cobrador&lt;/title&gt;&#13;
    &lt;/head&gt;&#13;
    &lt;body&gt;&#13;
     &lt;center&gt;&lt;div&gt;&lt;h1 class="tituloCadastro"&gt;Relatório para cobrador&lt;/h1&gt;&lt;/div&gt;&lt;/center&gt;&#13;
     &lt;input type="button" onclick="imprimirDiv('div', this);" value="Imprimir lista"&gt;&lt;div id='div'&gt;
&lt;Table class="tabela" width="100%" border="1" cellpadding="3" cellspacing="0"&gt;
&lt;tr&gt;
&lt;th class="tabelath" border="1"&gt;Associado&lt;/th&gt;
&lt;th class="tabelath" border="1"&gt;Endereço&lt;/th&gt;
&lt;th class="tabelath" border="1"&gt;Cidade/UF&lt;/th&gt;
&lt;th class="tabelath" border="1"&gt;Título&lt;/th&gt;
&lt;th class="tabelath" border="1"&gt;Parcela&lt;/th&gt;
&lt;th class="tabelath" border="1"&gt;Tipo de cobrança&lt;/th&gt;
&lt;th class="tabelath" border="1"&gt;Vencimento&lt;/th&gt;
&lt;th class="tabelath" border="1"&gt;Valor&lt;/th&gt;
&lt;th class="tabelath" border="1"&gt;Acréscimo&lt;/th&gt;
&lt;th class="tabelath" border="1"&gt;Abatimento&lt;/th&gt;
&lt;th class="tabelath" border="1"&gt;Pagamento&lt;/th&gt;
&lt;th class="tabelath" border="1"&gt;Observações&lt;/th&gt;
&lt;/tr&gt;
	&lt;tr&gt;
		&lt;td class="tabelatd1"&gt;4-Beltrano da Silva (333.333.333-33)&lt;/td&gt;
		&lt;td class="tabelatd1"&gt;Rua Sem Fim, Número zero, Bairro Normal&lt;/td&gt;
		&lt;td class="tabelatd1"&gt;Cocal do Sul/SC&lt;/td&gt;
		&lt;td class="tabelatd1"&gt;0F&lt;/td&gt;
		&lt;td class="tabelatd1"&gt;4&lt;/td&gt;
		&lt;td class="tabelatd1"&gt;Tipo Cobranca&lt;/td&gt;
		&lt;td class="tabelatd1"&gt;10/10/2018&lt;/td&gt;
		&lt;td class="tabelatd1"&gt;110.00&lt;/td&gt;
		&lt;td class="tabelatd1"&gt;0.00&lt;/td&gt;
		&lt;td class="tabelatd1"&gt;0.00&lt;/td&gt;
		&lt;td class="tabelatd1"&gt;0.00&lt;/td&gt;
		&lt;td class="tabelatd1"&gt;&lt;br&gt;&lt;br&gt;&lt;/td&gt;
	&lt;/tr&gt;
	&lt;tr&gt;
		&lt;td class="tabelatd2"&gt;4-Beltrano da Silva (333.333.333-33)&lt;/td&gt;
		&lt;td class="tabelatd2"&gt;Rua Sem Fim, Número zero, Bairro Normal&lt;/td&gt;
		&lt;td class="tabelatd2"&gt;Cocal do Sul/SC&lt;/td&gt;
		&lt;td class="tabelatd2"&gt;0F&lt;/td&gt;
		&lt;td class="tabelatd2"&gt;8&lt;/td&gt;
		&lt;td class="tabelatd2"&gt;Tipo Cobranca&lt;/td&gt;
		&lt;td class="tabelatd2"&gt;10/10/2018&lt;/td&gt;
		&lt;td class="tabelatd2"&gt;110.00&lt;/td&gt;
		&lt;td class="tabelatd2"&gt;0.00&lt;/td&gt;
		&lt;td class="tabelatd2"&gt;0.00&lt;/td&gt;
		&lt;td class="tabelatd2"&gt;0.00&lt;/td&gt;
		&lt;td class="tabelatd2"&gt;&lt;br&gt;&lt;br&gt;&lt;/td&gt;
	&lt;/tr&gt;
	&lt;tr&gt;
		&lt;td class="tabelatd1"&gt;4-Beltrano da Silva (333.333.333-33)&lt;/td&gt;
		&lt;td class="tabelatd1"&gt;Rua Sem Fim, Número zero, Bairro Normal&lt;/td&gt;
		&lt;td class="tabelatd1"&gt;Cocal do Sul/SC&lt;/td&gt;
		&lt;td class="tabelatd1"&gt;0F&lt;/td&gt;
		&lt;td class="tabelatd1"&gt;12&lt;/td&gt;
		&lt;td class="tabelatd1"&gt;Tipo Cobranca&lt;/td&gt;
		&lt;td class="tabelatd1"&gt;10/10/2018&lt;/td&gt;
		&lt;td class="tabelatd1"&gt;110.00&lt;/td&gt;
		&lt;td class="tabelatd1"&gt;0.00&lt;/td&gt;
		&lt;td class="tabelatd1"&gt;0.00&lt;/td&gt;
		&lt;td class="tabelatd1"&gt;0.00&lt;/td&gt;
		&lt;td class="tabelatd1"&gt;&lt;br&gt;&lt;br&gt;&lt;/td&gt;
	&lt;/tr&gt;
	&lt;tr&gt;
		&lt;td class="tabelatd2"&gt;4-Beltrano da Silva (333.333.333-33)&lt;/td&gt;
		&lt;td class="tabelatd2"&gt;Rua Sem Fim, Número zero, Bairro Normal&lt;/td&gt;
		&lt;td class="tabelatd2"&gt;Cocal do Sul/SC&lt;/td&gt;
		&lt;td class="tabelatd2"&gt;0F&lt;/td&gt;
		&lt;td class="tabelatd2"&gt;16&lt;/td&gt;
		&lt;td class="tabelatd2"&gt;Tipo Cobranca&lt;/td&gt;
		&lt;td class="tabelatd2"&gt;10/10/2018&lt;/td&gt;
		&lt;td class="tabelatd2"&gt;110.00&lt;/td&gt;
		&lt;td class="tabelatd2"&gt;0.00&lt;/td&gt;
		&lt;td class="tabelatd2"&gt;0.00&lt;/td&gt;
		&lt;td class="tabelatd2"&gt;0.00&lt;/td&gt;
		&lt;td class="tabelatd2"&gt;&lt;br&gt;&lt;br&gt;&lt;/td&gt;
	&lt;/tr&gt;
	&lt;tr&gt;
		&lt;td class="tabelatd1"&gt;4-Beltrano da Silva (333.333.333-33)&lt;/td&gt;
		&lt;td class="tabelatd1"&gt;Rua Sem Fim, Número zero, Bairro Normal&lt;/td&gt;
		&lt;td class="tabelatd1"&gt;Cocal do Sul/SC&lt;/td&gt;
		&lt;td class="tabelatd1"&gt;0F&lt;/td&gt;
		&lt;td class="tabelatd1"&gt;20&lt;/td&gt;
		&lt;td class="tabelatd1"&gt;Tipo Cobranca&lt;/td&gt;
		&lt;td class="tabelatd1"&gt;10/10/2018&lt;/td&gt;
		&lt;td class="tabelatd1"&gt;110.00&lt;/td&gt;
		&lt;td class="tabelatd1"&gt;0.00&lt;/td&gt;
		&lt;td class="tabelatd1"&gt;0.00&lt;/td&gt;
		&lt;td class="tabelatd1"&gt;0.00&lt;/td&gt;
		&lt;td class="tabelatd1"&gt;&lt;br&gt;&lt;br&gt;&lt;/td&gt;
	&lt;/tr&gt;
	&lt;tr&gt;
		&lt;td class="tabelatd2"&gt;4-Beltrano da Silva (333.333.333-33)&lt;/td&gt;
		&lt;td class="tabelatd2"&gt;Rua Sem Fim, Número zero, Bairro Normal&lt;/td&gt;
		&lt;td class="tabelatd2"&gt;Cocal do Sul/SC&lt;/td&gt;
		&lt;td class="tabelatd2"&gt;0F&lt;/td&gt;
		&lt;td class="tabelatd2"&gt;24&lt;/td&gt;
		&lt;td class="tabelatd2"&gt;Tipo Cobranca&lt;/td&gt;
		&lt;td class="tabelatd2"&gt;10/10/2018&lt;/td&gt;
		&lt;td class="tabelatd2"&gt;110.00&lt;/td&gt;
		&lt;td class="tabelatd2"&gt;0.00&lt;/td&gt;
		&lt;td class="tabelatd2"&gt;0.00&lt;/td&gt;
		&lt;td class="tabelatd2"&gt;0.00&lt;/td&gt;
		&lt;td class="tabelatd2"&gt;&lt;br&gt;&lt;br&gt;&lt;/td&gt;
	&lt;/tr&gt;
	&lt;tr&gt;
		&lt;td class="tabelatd1"&gt;4-Beltrano da Silva (333.333.333-33)&lt;/td&gt;
		&lt;td class="tabelatd1"&gt;Rua Sem Fim, Número zero, Bairro Normal&lt;/td&gt;
		&lt;td class="tabelatd1"&gt;Cocal do Sul/SC&lt;/td&gt;
		&lt;td class="tabelatd1"&gt;0F&lt;/td&gt;
		&lt;td class="tabelatd1"&gt;28&lt;/td&gt;
		&lt;td class="tabelatd1"&gt;Tipo Cobranca&lt;/td&gt;
		&lt;td class="tabelatd1"&gt;10/10/2018&lt;/td&gt;
		&lt;td class="tabelatd1"&gt;110.00&lt;/td&gt;
		&lt;td class="tabelatd1"&gt;0.00&lt;/td&gt;
		&lt;td class="tabelatd1"&gt;0.00&lt;/td&gt;
		&lt;td class="tabelatd1"&gt;0.00&lt;/td&gt;
		&lt;td class="tabelatd1"&gt;&lt;br&gt;&lt;br&gt;&lt;/td&gt;
	&lt;/tr&gt;
	&lt;tr&gt;
		&lt;td class="tabelatd2"&gt;4-Beltrano da Silva (333.333.333-33)&lt;/td&gt;
		&lt;td class="tabelatd2"&gt;Rua Sem Fim, Número zero, Bairro Normal&lt;/td&gt;
		&lt;td class="tabelatd2"&gt;Cocal do Sul/SC&lt;/td&gt;
		&lt;td class="tabelatd2"&gt;0F&lt;/td&gt;
		&lt;td class="tabelatd2"&gt;35&lt;/td&gt;
		&lt;td class="tabelatd2"&gt;Tipo Cobranca&lt;/td&gt;
		&lt;td class="tabelatd2"&gt;10/10/2018&lt;/td&gt;
		&lt;td class="tabelatd2"&gt;110.00&lt;/td&gt;
		&lt;td class="tabelatd2"&gt;0.00&lt;/td&gt;
		&lt;td class="tabelatd2"&gt;0.00&lt;/td&gt;
		&lt;td class="tabelatd2"&gt;0.00&lt;/td&gt;
		&lt;td class="tabelatd2"&gt;&lt;br&gt;&lt;br&gt;&lt;/td&gt;
	&lt;/tr&gt;
	&lt;tr&gt;
		&lt;td class="tabelatd1"&gt;4-Beltrano da Silva (333.333.333-33)&lt;/td&gt;
		&lt;td class="tabelatd1"&gt;Rua Sem Fim, Número zero, Bairro Normal&lt;/td&gt;
		&lt;td class="tabelatd1"&gt;Cocal do Sul/SC&lt;/td&gt;
		&lt;td class="tabelatd1"&gt;0F&lt;/td&gt;
		&lt;td class="tabelatd1"&gt;43&lt;/td&gt;
		&lt;td class="tabelatd1"&gt;Tipo Cobranca&lt;/td&gt;
		&lt;td class="tabelatd1"&gt;10/10/2018&lt;/td&gt;
		&lt;td class="tabelatd1"&gt;110.00&lt;/td&gt;
		&lt;td class="tabelatd1"&gt;0.00&lt;/td&gt;
		&lt;td class="tabelatd1"&gt;0.00&lt;/td&gt;
		&lt;td class="tabelatd1"&gt;0.00&lt;/td&gt;
		&lt;td class="tabelatd1"&gt;&lt;br&gt;&lt;br&gt;&lt;/td&gt;
	&lt;/tr&gt;
	&lt;tr&gt;
		&lt;td class="tabelatd2"&gt;4-Beltrano da Silva (333.333.333-33)&lt;/td&gt;
		&lt;td class="tabelatd2"&gt;Rua Sem Fim, Número zero, Bairro Normal&lt;/td&gt;
		&lt;td class="tabelatd2"&gt;Cocal do Sul/SC&lt;/td&gt;
		&lt;td class="tabelatd2"&gt;0F&lt;/td&gt;
		&lt;td class="tabelatd2"&gt;54&lt;/td&gt;
		&lt;td class="tabelatd2"&gt;Tipo Cobranca&lt;/td&gt;
		&lt;td class="tabelatd2"&gt;10/10/2018&lt;/td&gt;
		&lt;td class="tabelatd2"&gt;110.00&lt;/td&gt;
		&lt;td class="tabelatd2"&gt;0.00&lt;/td&gt;
		&lt;td class="tabelatd2"&gt;0.00&lt;/td&gt;
		&lt;td class="tabelatd2"&gt;0.00&lt;/td&gt;
		&lt;td class="tabelatd2"&gt;&lt;br&gt;&lt;br&gt;&lt;/td&gt;
	&lt;/tr&gt;
	&lt;tr&gt;
		&lt;td class="tabelatd1"&gt;4-Beltrano da Silva (333.333.333-33)&lt;/td&gt;
		&lt;td class="tabelatd1"&gt;Rua Sem Fim, Número zero, Bairro Normal&lt;/td&gt;
		&lt;td class="tabelatd1"&gt;Cocal do Sul/SC&lt;/td&gt;
		&lt;td class="tabelatd1"&gt;0F&lt;/td&gt;
		&lt;td class="tabelatd1"&gt;67&lt;/td&gt;
		&lt;td class="tabelatd1"&gt;Tipo Cobranca&lt;/td&gt;
		&lt;td class="tabelatd1"&gt;10/10/2018&lt;/td&gt;
		&lt;td class="tabelatd1"&gt;110.00&lt;/td&gt;
		&lt;td class="tabelatd1"&gt;0.00&lt;/td&gt;
		&lt;td class="tabelatd1"&gt;0.00&lt;/td&gt;
		&lt;td class="tabelatd1"&gt;0.00&lt;/td&gt;
		&lt;td class="tabelatd1"&gt;&lt;br&gt;&lt;br&gt;&lt;/td&gt;
	&lt;/tr&gt;
	&lt;tr&gt;
		&lt;td class="tabelatd2"&gt;4-Beltrano da Silva (333.333.333-33)&lt;/td&gt;
		&lt;td class="tabelatd2"&gt;Rua Sem Fim, Número zero, Bairro Normal&lt;/td&gt;
		&lt;td class="tabelatd2"&gt;Cocal do Sul/SC&lt;/td&gt;
		&lt;td class="tabelatd2"&gt;0F&lt;/td&gt;
		&lt;td class="tabelatd2"&gt;82&lt;/td&gt;
		&lt;td class="tabelatd2"&gt;Tipo Cobranca&lt;/td&gt;
		&lt;td class="tabelatd2"&gt;10/10/2018&lt;/td&gt;
		&lt;td class="tabelatd2"&gt;110.00&lt;/td&gt;
		&lt;td class="tabelatd2"&gt;0.00&lt;/td&gt;
		&lt;td class="tabelatd2"&gt;0.00&lt;/td&gt;
		&lt;td class="tabelatd2"&gt;0.00&lt;/td&gt;
		&lt;td class="tabelatd2"&gt;&lt;br&gt;&lt;br&gt;&lt;/td&gt;
	&lt;/tr&gt;
	&lt;tr&gt;
		&lt;td class="tabelatd1"&gt;4-Beltrano da Silva (333.333.333-33)&lt;/td&gt;
		&lt;td class="tabelatd1"&gt;Rua Sem Fim, Número zero, Bairro Normal&lt;/td&gt;
		&lt;td class="tabelatd1"&gt;Cocal do Sul/SC&lt;/td&gt;
		&lt;td class="tabelatd1"&gt;0F&lt;/td&gt;
		&lt;td class="tabelatd1"&gt;98&lt;/td&gt;
		&lt;td class="tabelatd1"&gt;Tipo Cobranca&lt;/td&gt;
		&lt;td class="tabelatd1"&gt;10/10/2018&lt;/td&gt;
		&lt;td class="tabelatd1"&gt;110.00&lt;/td&gt;
		&lt;td class="tabelatd1"&gt;0.00&lt;/td&gt;
		&lt;td class="tabelatd1"&gt;0.00&lt;/td&gt;
		&lt;td class="tabelatd1"&gt;0.00&lt;/td&gt;
		&lt;td class="tabelatd1"&gt;&lt;br&gt;&lt;br&gt;&lt;/td&gt;
	&lt;/tr&gt;
	&lt;tr&gt;
		&lt;td class="tabelatd2"&gt;4-Beltrano da Silva (333.333.333-33)&lt;/td&gt;
		&lt;td class="tabelatd2"&gt;Rua Sem Fim, Número zero, Bairro Normal&lt;/td&gt;
		&lt;td class="tabelatd2"&gt;Cocal do Sul/SC&lt;/td&gt;
		&lt;td class="tabelatd2"&gt;0F&lt;/td&gt;
		&lt;td class="tabelatd2"&gt;125&lt;/td&gt;
		&lt;td class="tabelatd2"&gt;Tipo Cobranca&lt;/td&gt;
		&lt;td class="tabelatd2"&gt;10/10/2018&lt;/td&gt;
		&lt;td class="tabelatd2"&gt;110.00&lt;/td&gt;
		&lt;td class="tabelatd2"&gt;0.00&lt;/td&gt;
		&lt;td class="tabelatd2"&gt;0.00&lt;/td&gt;
		&lt;td class="tabelatd2"&gt;0.00&lt;/td&gt;
		&lt;td class="tabelatd2"&gt;&lt;br&gt;&lt;br&gt;&lt;/td&gt;
	&lt;/tr&gt;
	&lt;tr&gt;
		&lt;td class="tabelatd1"&gt;4-Beltrano da Silva (333.333.333-33)&lt;/td&gt;
		&lt;td class="tabelatd1"&gt;Rua Sem Fim, Número zero, Bairro Normal&lt;/td&gt;
		&lt;td class="tabelatd1"&gt;Cocal do Sul/SC&lt;/td&gt;
		&lt;td class="tabelatd1"&gt;0F&lt;/td&gt;
		&lt;td class="tabelatd1"&gt;149&lt;/td&gt;
		&lt;td class="tabelatd1"&gt;Tipo Cobranca&lt;/td&gt;
		&lt;td class="tabelatd1"&gt;10/10/2018&lt;/td&gt;
		&lt;td class="tabelatd1"&gt;110.00&lt;/td&gt;
		&lt;td class="tabelatd1"&gt;0.00&lt;/td&gt;
		&lt;td class="tabelatd1"&gt;0.00&lt;/td&gt;
		&lt;td class="tabelatd1"&gt;0.00&lt;/td&gt;
		&lt;td class="tabelatd1"&gt;&lt;br&gt;&lt;br&gt;&lt;/td&gt;
	&lt;/tr&gt;
	&lt;tr&gt;
		&lt;td class="tabelatd2"&gt;4-Beltrano da Silva (333.333.333-33)&lt;/td&gt;
		&lt;td class="tabelatd2"&gt;Rua Sem Fim, Número zero, Bairro Normal&lt;/td&gt;
		&lt;td class="tabelatd2"&gt;Cocal do Sul/SC&lt;/td&gt;
		&lt;td class="tabelatd2"&gt;0F&lt;/td&gt;
		&lt;td class="tabelatd2"&gt;169&lt;/td&gt;
		&lt;td class="tabelatd2"&gt;Tipo Cobranca&lt;/td&gt;
		&lt;td class="tabelatd2"&gt;10/10/2018&lt;/td&gt;
		&lt;td class="tabelatd2"&gt;110.00&lt;/td&gt;
		&lt;td class="tabelatd2"&gt;0.00&lt;/td&gt;
		&lt;td class="tabelatd2"&gt;0.00&lt;/td&gt;
		&lt;td class="tabelatd2"&gt;0.00&lt;/td&gt;
		&lt;td class="tabelatd2"&gt;&lt;br&gt;&lt;br&gt;&lt;/td&gt;
	&lt;/tr&gt;
	&lt;tr&gt;
		&lt;td class="tabelatd1"&gt;4-Beltrano da Silva (333.333.333-33)&lt;/td&gt;
		&lt;td class="tabelatd1"&gt;Rua Sem Fim, Número zero, Bairro Normal&lt;/td&gt;
		&lt;td class="tabelatd1"&gt;Cocal do Sul/SC&lt;/td&gt;
		&lt;td class="tabelatd1"&gt;0F&lt;/td&gt;
		&lt;td class="tabelatd1"&gt;189&lt;/td&gt;
		&lt;td class="tabelatd1"&gt;Tipo Cobranca&lt;/td&gt;
		&lt;td class="tabelatd1"&gt;10/10/2018&lt;/td&gt;
		&lt;td class="tabelatd1"&gt;110.00&lt;/td&gt;
		&lt;td class="tabelatd1"&gt;0.00&lt;/td&gt;
		&lt;td class="tabelatd1"&gt;0.00&lt;/td&gt;
		&lt;td class="tabelatd1"&gt;0.00&lt;/td&gt;
		&lt;td class="tabelatd1"&gt;&lt;br&gt;&lt;br&gt;&lt;/td&gt;
	&lt;/tr&gt;
	&lt;tr&gt;
		&lt;td class="tabelatd2"&gt;4-Beltrano da Silva (333.333.333-33)&lt;/td&gt;
		&lt;td class="tabelatd2"&gt;Rua Sem Fim, Número zero, Bairro Normal&lt;/td&gt;
		&lt;td class="tabelatd2"&gt;Cocal do Sul/SC&lt;/td&gt;
		&lt;td class="tabelatd2"&gt;0F&lt;/td&gt;
		&lt;td class="tabelatd2"&gt;209&lt;/td&gt;
		&lt;td class="tabelatd2"&gt;Tipo Cobranca&lt;/td&gt;
		&lt;td class="tabelatd2"&gt;10/10/2018&lt;/td&gt;
		&lt;td class="tabelatd2"&gt;110.00&lt;/td&gt;
		&lt;td class="tabelatd2"&gt;0.00&lt;/td&gt;
		&lt;td class="tabelatd2"&gt;0.00&lt;/td&gt;
		&lt;td class="tabelatd2"&gt;0.00&lt;/td&gt;
		&lt;td class="tabelatd2"&gt;&lt;br&gt;&lt;br&gt;&lt;/td&gt;
	&lt;/tr&gt;
	&lt;tr&gt;
		&lt;td class="tabelatd1"&gt;4-Beltrano da Silva (333.333.333-33)&lt;/td&gt;
		&lt;td class="tabelatd1"&gt;Rua Sem Fim, Número zero, Bairro Normal&lt;/td&gt;
		&lt;td class="tabelatd1"&gt;Cocal do Sul/SC&lt;/td&gt;
		&lt;td class="tabelatd1"&gt;0F&lt;/td&gt;
		&lt;td class="tabelatd1"&gt;232&lt;/td&gt;
		&lt;td class="tabelatd1"&gt;Tipo Cobranca&lt;/td&gt;
		&lt;td class="tabelatd1"&gt;10/10/2018&lt;/td&gt;
		&lt;td class="tabelatd1"&gt;110.00&lt;/td&gt;
		&lt;td class="tabelatd1"&gt;0.00&lt;/td&gt;
		&lt;td class="tabelatd1"&gt;0.00&lt;/td&gt;
		&lt;td class="tabelatd1"&gt;0.00&lt;/td&gt;
		&lt;td class="tabelatd1"&gt;&lt;br&gt;&lt;br&gt;&lt;/td&gt;
	&lt;/tr&gt;
	&lt;tr&gt;
		&lt;td class="tabelatd2"&gt;4-Beltrano da Silva (333.333.333-33)&lt;/td&gt;
		&lt;td class="tabelatd2"&gt;Rua Sem Fim, Número zero, Bairro Normal&lt;/td&gt;
		&lt;td class="tabelatd2"&gt;Cocal do Sul/SC&lt;/td&gt;
		&lt;td class="tabelatd2"&gt;0F&lt;/td&gt;
		&lt;td class="tabelatd2"&gt;255&lt;/td&gt;
		&lt;td class="tabelatd2"&gt;Tipo Cobranca&lt;/td&gt;
		&lt;td class="tabelatd2"&gt;10/10/2018&lt;/td&gt;
		&lt;td class="tabelatd2"&gt;110.00&lt;/td&gt;
		&lt;td class="tabelatd2"&gt;0.00&lt;/td&gt;
		&lt;td class="tabelatd2"&gt;0.00&lt;/td&gt;
		&lt;td class="tabelatd2"&gt;0.00&lt;/td&gt;
		&lt;td class="tabelatd2"&gt;&lt;br&gt;&lt;br&gt;&lt;/td&gt;
	&lt;/tr&gt;
	&lt;tr&gt;
		&lt;td class="tabelatd1"&gt;4-Beltrano da Silva (333.333.333-33)&lt;/td&gt;
		&lt;td class="tabelatd1"&gt;Rua Sem Fim, Número zero, Bairro Normal&lt;/td&gt;
		&lt;td class="tabelatd1"&gt;Cocal do Sul/SC&lt;/td&gt;
		&lt;td class="tabelatd1"&gt;0F&lt;/td&gt;
		&lt;td class="tabelatd1"&gt;280&lt;/td&gt;
		&lt;td class="tabelatd1"&gt;Tipo Cobranca&lt;/td&gt;
		&lt;td class="tabelatd1"&gt;10/10/2018&lt;/td&gt;
		&lt;td class="tabelatd1"&gt;110.00&lt;/td&gt;
		&lt;td class="tabelatd1"&gt;0.00&lt;/td&gt;
		&lt;td class="tabelatd1"&gt;0.00&lt;/td&gt;
		&lt;td class="tabelatd1"&gt;0.00&lt;/td&gt;
		&lt;td class="tabelatd1"&gt;&lt;br&gt;&lt;br&gt;&lt;/td&gt;
	&lt;/tr&gt;
	&lt;tr&gt;
		&lt;td class="tabelatd2"&gt;4-Beltrano da Silva (333.333.333-33)&lt;/td&gt;
		&lt;td class="tabelatd2"&gt;Rua Sem Fim, Número zero, Bairro Normal&lt;/td&gt;
		&lt;td class="tabelatd2"&gt;Cocal do Sul/SC&lt;/td&gt;
		&lt;td class="tabelatd2"&gt;0F&lt;/td&gt;
		&lt;td class="tabelatd2"&gt;307&lt;/td&gt;
		&lt;td class="tabelatd2"&gt;Tipo Cobranca&lt;/td&gt;
		&lt;td class="tabelatd2"&gt;10/10/2018&lt;/td&gt;
		&lt;td class="tabelatd2"&gt;110.00&lt;/td&gt;
		&lt;td class="tabelatd2"&gt;0.00&lt;/td&gt;
		&lt;td class="tabelatd2"&gt;0.00&lt;/td&gt;
		&lt;td class="tabelatd2"&gt;0.00&lt;/td&gt;
		&lt;td class="tabelatd2"&gt;&lt;br&gt;&lt;br&gt;&lt;/td&gt;
	&lt;/tr&gt;
	&lt;tr&gt;
		&lt;td class="tabelatd1"&gt;4-Beltrano da Silva (333.333.333-33)&lt;/td&gt;
		&lt;td class="tabelatd1"&gt;Rua Sem Fim, Número zero, Bairro Normal&lt;/td&gt;
		&lt;td class="tabelatd1"&gt;Cocal do Sul/SC&lt;/td&gt;
		&lt;td class="tabelatd1"&gt;0F&lt;/td&gt;
		&lt;td class="tabelatd1"&gt;336&lt;/td&gt;
		&lt;td class="tabelatd1"&gt;Tipo Cobranca&lt;/td&gt;
		&lt;td class="tabelatd1"&gt;10/10/2018&lt;/td&gt;
		&lt;td class="tabelatd1"&gt;110.00&lt;/td&gt;
		&lt;td class="tabelatd1"&gt;0.00&lt;/td&gt;
		&lt;td class="tabelatd1"&gt;0.00&lt;/td&gt;
		&lt;td class="tabelatd1"&gt;0.00&lt;/td&gt;
		&lt;td class="tabelatd1"&gt;&lt;br&gt;&lt;br&gt;&lt;/td&gt;
	&lt;/tr&gt;
	&lt;tr&gt;
		&lt;td class="tabelatd2"&gt;4-Beltrano da Silva (333.333.333-33)&lt;/td&gt;
		&lt;td class="tabelatd2"&gt;Rua Sem Fim, Número zero, Bairro Normal&lt;/td&gt;
		&lt;td class="tabelatd2"&gt;Cocal do Sul/SC&lt;/td&gt;
		&lt;td class="tabelatd2"&gt;0F&lt;/td&gt;
		&lt;td class="tabelatd2"&gt;367&lt;/td&gt;
		&lt;td class="tabelatd2"&gt;Tipo Cobranca&lt;/td&gt;
		&lt;td class="tabelatd2"&gt;10/10/2018&lt;/td&gt;
		&lt;td class="tabelatd2"&gt;110.00&lt;/td&gt;
		&lt;td class="tabelatd2"&gt;0.00&lt;/td&gt;
		&lt;td class="tabelatd2"&gt;0.00&lt;/td&gt;
		&lt;td class="tabelatd2"&gt;0.00&lt;/td&gt;
		&lt;td class="tabelatd2"&gt;&lt;br&gt;&lt;br&gt;&lt;/td&gt;
	&lt;/tr&gt;
	&lt;tr&gt;
		&lt;td class="tabelatd1"&gt;4-Beltrano da Silva (333.333.333-33)&lt;/td&gt;
		&lt;td class="tabelatd1"&gt;Rua Sem Fim, Número zero, Bairro Normal&lt;/td&gt;
		&lt;td class="tabelatd1"&gt;Cocal do Sul/SC&lt;/td&gt;
		&lt;td class="tabelatd1"&gt;0F&lt;/td&gt;
		&lt;td class="tabelatd1"&gt;400&lt;/td&gt;
		&lt;td class="tabelatd1"&gt;Tipo Cobranca&lt;/td&gt;
		&lt;td class="tabelatd1"&gt;10/10/2018&lt;/td&gt;
		&lt;td class="tabelatd1"&gt;110.00&lt;/td&gt;
		&lt;td class="tabelatd1"&gt;0.00&lt;/td&gt;
		&lt;td class="tabelatd1"&gt;0.00&lt;/td&gt;
		&lt;td class="tabelatd1"&gt;0.00&lt;/td&gt;
		&lt;td class="tabelatd1"&gt;&lt;br&gt;&lt;br&gt;&lt;/td&gt;
	&lt;/tr&gt;
	&lt;tr&gt;
		&lt;td class="tabelatd2"&gt;4-Beltrano da Silva (333.333.333-33)&lt;/td&gt;
		&lt;td class="tabelatd2"&gt;Rua Sem Fim, Número zero, Bairro Normal&lt;/td&gt;
		&lt;td class="tabelatd2"&gt;Cocal do Sul/SC&lt;/td&gt;
		&lt;td class="tabelatd2"&gt;0F&lt;/td&gt;
		&lt;td class="tabelatd2"&gt;435&lt;/td&gt;
		&lt;td class="tabelatd2"&gt;Tipo Cobranca&lt;/td&gt;
		&lt;td class="tabelatd2"&gt;10/10/2018&lt;/td&gt;
		&lt;td class="tabelatd2"&gt;110.00&lt;/td&gt;
		&lt;td class="tabelatd2"&gt;0.00&lt;/td&gt;
		&lt;td class="tabelatd2"&gt;0.00&lt;/td&gt;
		&lt;td class="tabelatd2"&gt;0.00&lt;/td&gt;
		&lt;td class="tabelatd2"&gt;&lt;br&gt;&lt;br&gt;&lt;/td&gt;
	&lt;/tr&gt;
	&lt;tr&gt;
		&lt;td class="tabelatd1"&gt;4-Beltrano da Silva (333.333.333-33)&lt;/td&gt;
		&lt;td class="tabelatd1"&gt;Rua Sem Fim, Número zero, Bairro Normal&lt;/td&gt;
		&lt;td class="tabelatd1"&gt;Cocal do Sul/SC&lt;/td&gt;
		&lt;td class="tabelatd1"&gt;0F&lt;/td&gt;
		&lt;td class="tabelatd1"&gt;31&lt;/td&gt;
		&lt;td class="tabelatd1"&gt;Tipo Cobranca&lt;/td&gt;
		&lt;td class="tabelatd1"&gt;11/10/2018&lt;/td&gt;
		&lt;td class="tabelatd1"&gt;110.00&lt;/td&gt;
		&lt;td class="tabelatd1"&gt;0.00&lt;/td&gt;
		&lt;td class="tabelatd1"&gt;0.00&lt;/td&gt;
		&lt;td class="tabelatd1"&gt;0.00&lt;/td&gt;
		&lt;td class="tabelatd1"&gt;&lt;br&gt;&lt;br&gt;&lt;/td&gt;
	&lt;/tr&gt;
	&lt;tr&gt;
		&lt;td class="tabelatd2"&gt;4-Beltrano da Silva (333.333.333-33)&lt;/td&gt;
		&lt;td class="tabelatd2"&gt;Rua Sem Fim, Número zero, Bairro Normal&lt;/td&gt;
		&lt;td class="tabelatd2"&gt;Cocal do Sul/SC&lt;/td&gt;
		&lt;td class="tabelatd2"&gt;0F&lt;/td&gt;
		&lt;td class="tabelatd2"&gt;38&lt;/td&gt;
		&lt;td class="tabelatd2"&gt;Tipo Cobranca&lt;/td&gt;
		&lt;td class="tabelatd2"&gt;11/10/2018&lt;/td&gt;
		&lt;td class="tabelatd2"&gt;110.00&lt;/td&gt;
		&lt;td class="tabelatd2"&gt;0.00&lt;/td&gt;
		&lt;td class="tabelatd2"&gt;0.00&lt;/td&gt;
		&lt;td class="tabelatd2"&gt;0.00&lt;/td&gt;
		&lt;td class="tabelatd2"&gt;&lt;br&gt;&lt;br&gt;&lt;/td&gt;
	&lt;/tr&gt;
	&lt;tr&gt;
		&lt;td class="tabelatd1"&gt;4-Beltrano da Silva (333.333.333-33)&lt;/td&gt;
		&lt;td class="tabelatd1"&gt;Rua Sem Fim, Número zero, Bairro Normal&lt;/td&gt;
		&lt;td class="tabelatd1"&gt;Cocal do Sul/SC&lt;/td&gt;
		&lt;td class="tabelatd1"&gt;0F&lt;/td&gt;
		&lt;td class="tabelatd1"&gt;47&lt;/td&gt;
		&lt;td class="tabelatd1"&gt;Tipo Cobranca&lt;/td&gt;
		&lt;td class="tabelatd1"&gt;11/10/2018&lt;/td&gt;
		&lt;td class="tabelatd1"&gt;110.00&lt;/td&gt;
		&lt;td class="tabelatd1"&gt;0.00&lt;/td&gt;
		&lt;td class="tabelatd1"&gt;0.00&lt;/td&gt;
		&lt;td class="tabelatd1"&gt;0.00&lt;/td&gt;
		&lt;td class="tabelatd1"&gt;&lt;br&gt;&lt;br&gt;&lt;/td&gt;
	&lt;/tr&gt;
	&lt;tr&gt;
		&lt;td class="tabelatd2"&gt;4-Beltrano da Silva (333.333.333-33)&lt;/td&gt;
		&lt;td class="tabelatd2"&gt;Rua Sem Fim, Número zero, Bairro Normal&lt;/td&gt;
		&lt;td class="tabelatd2"&gt;Cocal do Sul/SC&lt;/td&gt;
		&lt;td class="tabelatd2"&gt;0F&lt;/td&gt;
		&lt;td class="tabelatd2"&gt;59&lt;/td&gt;
		&lt;td class="tabelatd2"&gt;Tipo Cobranca&lt;/td&gt;
		&lt;td class="tabelatd2"&gt;11/10/2018&lt;/td&gt;
		&lt;td class="tabelatd2"&gt;110.00&lt;/td&gt;
		&lt;td class="tabelatd2"&gt;0.00&lt;/td&gt;
		&lt;td class="tabelatd2"&gt;0.00&lt;/td&gt;
		&lt;td class="tabelatd2"&gt;0.00&lt;/td&gt;
		&lt;td class="tabelatd2"&gt;&lt;br&gt;&lt;br&gt;&lt;/td&gt;
	&lt;/tr&gt;
	&lt;tr&gt;
		&lt;td class="tabelatd1"&gt;4-Beltrano da Silva (333.333.333-33)&lt;/td&gt;
		&lt;td class="tabelatd1"&gt;Rua Sem Fim, Número zero, Bairro Normal&lt;/td&gt;
		&lt;td class="tabelatd1"&gt;Cocal do Sul/SC&lt;/td&gt;
		&lt;td class="tabelatd1"&gt;0F&lt;/td&gt;
		&lt;td class="tabelatd1"&gt;73&lt;/td&gt;
		&lt;td class="tabelatd1"&gt;Tipo Cobranca&lt;/td&gt;
		&lt;td class="tabelatd1"&gt;11/10/2018&lt;/td&gt;
		&lt;td class="tabelatd1"&gt;110.00&lt;/td&gt;
		&lt;td class="tabelatd1"&gt;0.00&lt;/td&gt;
		&lt;td class="tabelatd1"&gt;0.00&lt;/td&gt;
		&lt;td class="tabelatd1"&gt;0.00&lt;/td&gt;
		&lt;td class="tabelatd1"&gt;&lt;br&gt;&lt;br&gt;&lt;/td&gt;
	&lt;/tr&gt;
	&lt;tr&gt;
		&lt;td class="tabelatd2"&gt;4-Beltrano da Silva (333.333.333-33)&lt;/td&gt;
		&lt;td class="tabelatd2"&gt;Rua Sem Fim, Número zero, Bairro Normal&lt;/td&gt;
		&lt;td class="tabelatd2"&gt;Cocal do Sul/SC&lt;/td&gt;
		&lt;td class="tabelatd2"&gt;0F&lt;/td&gt;
		&lt;td class="tabelatd2"&gt;89&lt;/td&gt;
		&lt;td class="tabelatd2"&gt;Tipo Cobranca&lt;/td&gt;
		&lt;td class="tabelatd2"&gt;11/10/2018&lt;/td&gt;
		&lt;td class="tabelatd2"&gt;110.00&lt;/td&gt;
		&lt;td class="tabelatd2"&gt;0.00&lt;/td&gt;
		&lt;td class="tabelatd2"&gt;0.00&lt;/td&gt;
		&lt;td class="tabelatd2"&gt;0.00&lt;/td&gt;
		&lt;td class="tabelatd2"&gt;&lt;br&gt;&lt;br&gt;&lt;/td&gt;
	&lt;/tr&gt;
	&lt;tr&gt;
		&lt;td class="tabelatd1"&gt;4-Beltrano da Silva (333.333.333-33)&lt;/td&gt;
		&lt;td class="tabelatd1"&gt;Rua Sem Fim, Número zero, Bairro Normal&lt;/td&gt;
		&lt;td class="tabelatd1"&gt;Cocal do Sul/SC&lt;/td&gt;
		&lt;td class="tabelatd1"&gt;0F&lt;/td&gt;
		&lt;td class="tabelatd1"&gt;105&lt;/td&gt;
		&lt;td class="tabelatd1"&gt;Tipo Cobranca&lt;/td&gt;
		&lt;td class="tabelatd1"&gt;11/10/2018&lt;/td&gt;
		&lt;td class="tabelatd1"&gt;110.00&lt;/td&gt;
		&lt;td class="tabelatd1"&gt;0.00&lt;/td&gt;
		&lt;td class="tabelatd1"&gt;0.00&lt;/td&gt;
		&lt;td class="tabelatd1"&gt;0.00&lt;/td&gt;
		&lt;td class="tabelatd1"&gt;&lt;br&gt;&lt;br&gt;&lt;/td&gt;
	&lt;/tr&gt;
	&lt;tr&gt;
		&lt;td class="tabelatd2"&gt;4-Beltrano da Silva (333.333.333-33)&lt;/td&gt;
		&lt;td class="tabelatd2"&gt;Rua Sem Fim, Número zero, Bairro Normal&lt;/td&gt;
		&lt;td class="tabelatd2"&gt;Cocal do Sul/SC&lt;/td&gt;
		&lt;td class="tabelatd2"&gt;0F&lt;/td&gt;
		&lt;td class="tabelatd2"&gt;133&lt;/td&gt;
		&lt;td class="tabelatd2"&gt;Tipo Cobranca&lt;/td&gt;
		&lt;td class="tabelatd2"&gt;11/10/2018&lt;/td&gt;
		&lt;td class="tabelatd2"&gt;110.00&lt;/td&gt;
		&lt;td class="tabelatd2"&gt;0.00&lt;/td&gt;
		&lt;td class="tabelatd2"&gt;0.00&lt;/td&gt;
		&lt;td class="tabelatd2"&gt;0.00&lt;/td&gt;
		&lt;td class="tabelatd2"&gt;&lt;br&gt;&lt;br&gt;&lt;/td&gt;
	&lt;/tr&gt;
	&lt;tr&gt;
		&lt;td class="tabelatd1"&gt;4-Beltrano da Silva (333.333.333-33)&lt;/td&gt;
		&lt;td class="tabelatd1"&gt;Rua Sem Fim, Número zero, Bairro Normal&lt;/td&gt;
		&lt;td class="tabelatd1"&gt;Cocal do Sul/SC&lt;/td&gt;
		&lt;td class="tabelatd1"&gt;0F&lt;/td&gt;
		&lt;td class="tabelatd1"&gt;158&lt;/td&gt;
		&lt;td class="tabelatd1"&gt;Tipo Cobranca&lt;/td&gt;
		&lt;td class="tabelatd1"&gt;11/10/2018&lt;/td&gt;
		&lt;td class="tabelatd1"&gt;110.00&lt;/td&gt;
		&lt;td class="tabelatd1"&gt;0.00&lt;/td&gt;
		&lt;td class="tabelatd1"&gt;0.00&lt;/td&gt;
		&lt;td class="tabelatd1"&gt;0.00&lt;/td&gt;
		&lt;td class="tabelatd1"&gt;&lt;br&gt;&lt;br&gt;&lt;/td&gt;
	&lt;/tr&gt;
	&lt;tr&gt;
		&lt;td class="tabelatd2"&gt;4-Beltrano da Silva (333.333.333-33)&lt;/td&gt;
		&lt;td class="tabelatd2"&gt;Rua Sem Fim, Número zero, Bairro Normal&lt;/td&gt;
		&lt;td class="tabelatd2"&gt;Cocal do Sul/SC&lt;/td&gt;
		&lt;td class="tabelatd2"&gt;0F&lt;/td&gt;
		&lt;td class="tabelatd2"&gt;178&lt;/td&gt;
		&lt;td class="tabelatd2"&gt;Tipo Cobranca&lt;/td&gt;
		&lt;td class="tabelatd2"&gt;11/10/2018&lt;/td&gt;
		&lt;td class="tabelatd2"&gt;110.00&lt;/td&gt;
		&lt;td class="tabelatd2"&gt;0.00&lt;/td&gt;
		&lt;td class="tabelatd2"&gt;0.00&lt;/td&gt;
		&lt;td class="tabelatd2"&gt;0.00&lt;/td&gt;
		&lt;td class="tabelatd2"&gt;&lt;br&gt;&lt;br&gt;&lt;/td&gt;
	&lt;/tr&gt;
	&lt;tr&gt;
		&lt;td class="tabelatd1"&gt;4-Beltrano da Silva (333.333.333-33)&lt;/td&gt;
		&lt;td class="tabelatd1"&gt;Rua Sem Fim, Número zero, Bairro Normal&lt;/td&gt;
		&lt;td class="tabelatd1"&gt;Cocal do Sul/SC&lt;/td&gt;
		&lt;td class="tabelatd1"&gt;0F&lt;/td&gt;
		&lt;td class="tabelatd1"&gt;198&lt;/td&gt;
		&lt;td class="tabelatd1"&gt;Tipo Cobranca&lt;/td&gt;
		&lt;td class="tabelatd1"&gt;11/10/2018&lt;/td&gt;
		&lt;td class="tabelatd1"&gt;110.00&lt;/td&gt;
		&lt;td class="tabelatd1"&gt;0.00&lt;/td&gt;
		&lt;td class="tabelatd1"&gt;0.00&lt;/td&gt;
		&lt;td class="tabelatd1"&gt;0.00&lt;/td&gt;
		&lt;td class="tabelatd1"&gt;&lt;br&gt;&lt;br&gt;&lt;/td&gt;
	&lt;/tr&gt;
	&lt;tr&gt;
		&lt;td class="tabelatd2"&gt;4-Beltrano da Silva (333.333.333-33)&lt;/td&gt;
		&lt;td class="tabelatd2"&gt;Rua Sem Fim, Número zero, Bairro Normal&lt;/td&gt;
		&lt;td class="tabelatd2"&gt;Cocal do Sul/SC&lt;/td&gt;
		&lt;td class="tabelatd2"&gt;0F&lt;/td&gt;
		&lt;td class="tabelatd2"&gt;218&lt;/td&gt;
		&lt;td class="tabelatd2"&gt;Tipo Cobranca&lt;/td&gt;
		&lt;td class="tabelatd2"&gt;11/10/2018&lt;/td&gt;
		&lt;td class="tabelatd2"&gt;110.00&lt;/td&gt;
		&lt;td class="tabelatd2"&gt;0.00&lt;/td&gt;
		&lt;td class="tabelatd2"&gt;0.00&lt;/td&gt;
		&lt;td class="tabelatd2"&gt;0.00&lt;/td&gt;
		&lt;td class="tabelatd2"&gt;&lt;br&gt;&lt;br&gt;&lt;/td&gt;
	&lt;/tr&gt;
	&lt;tr&gt;
		&lt;td class="tabelatd1"&gt;4-Beltrano da Silva (333.333.333-33)&lt;/td&gt;
		&lt;td class="tabelatd1"&gt;Rua Sem Fim, Número zero, Bairro Normal&lt;/td&gt;
		&lt;td class="tabelatd1"&gt;Cocal do Sul/SC&lt;/td&gt;
		&lt;td class="tabelatd1"&gt;0F&lt;/td&gt;
		&lt;td class="tabelatd1"&gt;242&lt;/td&gt;
		&lt;td class="tabelatd1"&gt;Tipo Cobranca&lt;/td&gt;
		&lt;td class="tabelatd1"&gt;11/10/2018&lt;/td&gt;
		&lt;td class="tabelatd1"&gt;110.00&lt;/td&gt;
		&lt;td class="tabelatd1"&gt;0.00&lt;/td&gt;
		&lt;td class="tabelatd1"&gt;0.00&lt;/td&gt;
		&lt;td class="tabelatd1"&gt;0.00&lt;/td&gt;
		&lt;td class="tabelatd1"&gt;&lt;br&gt;&lt;br&gt;&lt;/td&gt;
	&lt;/tr&gt;
	&lt;tr&gt;
		&lt;td class="tabelatd2"&gt;4-Beltrano da Silva (333.333.333-33)&lt;/td&gt;
		&lt;td class="tabelatd2"&gt;Rua Sem Fim, Número zero, Bairro Normal&lt;/td&gt;
		&lt;td class="tabelatd2"&gt;Cocal do Sul/SC&lt;/td&gt;
		&lt;td class="tabelatd2"&gt;0F&lt;/td&gt;
		&lt;td class="tabelatd2"&gt;266&lt;/td&gt;
		&lt;td class="tabelatd2"&gt;Tipo Cobranca&lt;/td&gt;
		&lt;td class="tabelatd2"&gt;11/10/2018&lt;/td&gt;
		&lt;td class="tabelatd2"&gt;110.00&lt;/td&gt;
		&lt;td class="tabelatd2"&gt;0.00&lt;/td&gt;
		&lt;td class="tabelatd2"&gt;0.00&lt;/td&gt;
		&lt;td class="tabelatd2"&gt;0.00&lt;/td&gt;
		&lt;td class="tabelatd2"&gt;&lt;br&gt;&lt;br&gt;&lt;/td&gt;
	&lt;/tr&gt;
	&lt;tr&gt;
		&lt;td class="tabelatd1"&gt;4-Beltrano da Silva (333.333.333-33)&lt;/td&gt;
		&lt;td class="tabelatd1"&gt;Rua Sem Fim, Número zero, Bairro Normal&lt;/td&gt;
		&lt;td class="tabelatd1"&gt;Cocal do Sul/SC&lt;/td&gt;
		&lt;td class="tabelatd1"&gt;0F&lt;/td&gt;
		&lt;td class="tabelatd1"&gt;292&lt;/td&gt;
		&lt;td class="tabelatd1"&gt;Tipo Cobranca&lt;/td&gt;
		&lt;td class="tabelatd1"&gt;11/10/2018&lt;/td&gt;
		&lt;td class="tabelatd1"&gt;110.00&lt;/td&gt;
		&lt;td class="tabelatd1"&gt;0.00&lt;/td&gt;
		&lt;td class="tabelatd1"&gt;0.00&lt;/td&gt;
		&lt;td class="tabelatd1"&gt;0.00&lt;/td&gt;
		&lt;td class="tabelatd1"&gt;&lt;br&gt;&lt;br&gt;&lt;/td&gt;
	&lt;/tr&gt;
	&lt;tr&gt;
		&lt;td class="tabelatd2"&gt;4-Beltrano da Silva (333.333.333-33)&lt;/td&gt;
		&lt;td class="tabelatd2"&gt;Rua Sem Fim, Número zero, Bairro Normal&lt;/td&gt;
		&lt;td class="tabelatd2"&gt;Cocal do Sul/SC&lt;/td&gt;
		&lt;td class="tabelatd2"&gt;0F&lt;/td&gt;
		&lt;td class="tabelatd2"&gt;320&lt;/td&gt;
		&lt;td class="tabelatd2"&gt;Tipo Cobranca&lt;/td&gt;
		&lt;td class="tabelatd2"&gt;11/10/2018&lt;/td&gt;
		&lt;td class="tabelatd2"&gt;110.00&lt;/td&gt;
		&lt;td class="tabelatd2"&gt;0.00&lt;/td&gt;
		&lt;td class="tabelatd2"&gt;0.00&lt;/td&gt;
		&lt;td class="tabelatd2"&gt;0.00&lt;/td&gt;
		&lt;td class="tabelatd2"&gt;&lt;br&gt;&lt;br&gt;&lt;/td&gt;
	&lt;/tr&gt;
	&lt;tr&gt;
		&lt;td class="tabelatd1"&gt;4-Beltrano da Silva (333.333.333-33)&lt;/td&gt;
		&lt;td class="tabelatd1"&gt;Rua Sem Fim, Número zero, Bairro Normal&lt;/td&gt;
		&lt;td class="tabelatd1"&gt;Cocal do Sul/SC&lt;/td&gt;
		&lt;td class="tabelatd1"&gt;0F&lt;/td&gt;
		&lt;td class="tabelatd1"&gt;350&lt;/td&gt;
		&lt;td class="tabelatd1"&gt;Tipo Cobranca&lt;/td&gt;
		&lt;td class="tabelatd1"&gt;11/10/2018&lt;/td&gt;
		&lt;td class="tabelatd1"&gt;110.00&lt;/td&gt;
		&lt;td class="tabelatd1"&gt;0.00&lt;/td&gt;
		&lt;td class="tabelatd1"&gt;0.00&lt;/td&gt;
		&lt;td class="tabelatd1"&gt;0.00&lt;/td&gt;
		&lt;td class="tabelatd1"&gt;&lt;br&gt;&lt;br&gt;&lt;/td&gt;
	&lt;/tr&gt;
	&lt;tr&gt;
		&lt;td class="tabelatd2"&gt;4-Beltrano da Silva (333.333.333-33)&lt;/td&gt;
		&lt;td class="tabelatd2"&gt;Rua Sem Fim, Número zero, Bairro Normal&lt;/td&gt;
		&lt;td class="tabelatd2"&gt;Cocal do Sul/SC&lt;/td&gt;
		&lt;td class="tabelatd2"&gt;0F&lt;/td&gt;
		&lt;td class="tabelatd2"&gt;382&lt;/td&gt;
		&lt;td class="tabelatd2"&gt;Tipo Cobranca&lt;/td&gt;
		&lt;td class="tabelatd2"&gt;11/10/2018&lt;/td&gt;
		&lt;td class="tabelatd2"&gt;110.00&lt;/td&gt;
		&lt;td class="tabelatd2"&gt;0.00&lt;/td&gt;
		&lt;td class="tabelatd2"&gt;0.00&lt;/td&gt;
		&lt;td class="tabelatd2"&gt;0.00&lt;/td&gt;
		&lt;td class="tabelatd2"&gt;&lt;br&gt;&lt;br&gt;&lt;/td&gt;
	&lt;/tr&gt;
	&lt;tr&gt;
		&lt;td class="tabelatd1"&gt;4-Beltrano da Silva (333.333.333-33)&lt;/td&gt;
		&lt;td class="tabelatd1"&gt;Rua Sem Fim, Número zero, Bairro Normal&lt;/td&gt;
		&lt;td class="tabelatd1"&gt;Cocal do Sul/SC&lt;/td&gt;
		&lt;td class="tabelatd1"&gt;0F&lt;/td&gt;
		&lt;td class="tabelatd1"&gt;416&lt;/td&gt;
		&lt;td class="tabelatd1"&gt;Tipo Cobranca&lt;/td&gt;
		&lt;td class="tabelatd1"&gt;11/10/2018&lt;/td&gt;
		&lt;td class="tabelatd1"&gt;110.00&lt;/td&gt;
		&lt;td class="tabelatd1"&gt;0.00&lt;/td&gt;
		&lt;td class="tabelatd1"&gt;0.00&lt;/td&gt;
		&lt;td class="tabelatd1"&gt;0.00&lt;/td&gt;
		&lt;td class="tabelatd1"&gt;&lt;br&gt;&lt;br&gt;&lt;/td&gt;
	&lt;/tr&gt;
	&lt;tr&gt;
		&lt;td class="tabelatd2"&gt;4-Beltrano da Silva (333.333.333-33)&lt;/td&gt;
		&lt;td class="tabelatd2"&gt;Rua Sem Fim, Número zero, Bairro Normal&lt;/td&gt;
		&lt;td class="tabelatd2"&gt;Cocal do Sul/SC&lt;/td&gt;
		&lt;td class="tabelatd2"&gt;0F&lt;/td&gt;
		&lt;td class="tabelatd2"&gt;452&lt;/td&gt;
		&lt;td class="tabelatd2"&gt;Tipo Cobranca&lt;/td&gt;
		&lt;td class="tabelatd2"&gt;11/10/2018&lt;/td&gt;
		&lt;td class="tabelatd2"&gt;110.00&lt;/td&gt;
		&lt;td class="tabelatd2"&gt;0.00&lt;/td&gt;
		&lt;td class="tabelatd2"&gt;0.00&lt;/td&gt;
		&lt;td class="tabelatd2"&gt;0.00&lt;/td&gt;
		&lt;td class="tabelatd2"&gt;&lt;br&gt;&lt;br&gt;&lt;/td&gt;
	&lt;/tr&gt;
	&lt;tr&gt;
		&lt;td class="tabelatd1"&gt;3-Cicrano de Tal (222.222.222-22)&lt;/td&gt;
		&lt;td class="tabelatd1"&gt;Rua Amauri Dal Pont, 88&lt;/td&gt;
		&lt;td class="tabelatd1"&gt;Criciúma/SC&lt;/td&gt;
		&lt;td class="tabelatd1"&gt;23F&lt;/td&gt;
		&lt;td class="tabelatd1"&gt;9&lt;/td&gt;
		&lt;td class="tabelatd1"&gt;Tipo Cobranca&lt;/td&gt;
		&lt;td class="tabelatd1"&gt;10/10/2018&lt;/td&gt;
		&lt;td class="tabelatd1"&gt;110.00&lt;/td&gt;
		&lt;td class="tabelatd1"&gt;0.00&lt;/td&gt;
		&lt;td class="tabelatd1"&gt;0.00&lt;/td&gt;
		&lt;td class="tabelatd1"&gt;0.00&lt;/td&gt;
		&lt;td class="tabelatd1"&gt;&lt;br&gt;&lt;br&gt;&lt;/td&gt;
	&lt;/tr&gt;
	&lt;tr&gt;
		&lt;td class="tabelatd2"&gt;3-Cicrano de Tal (222.222.222-22)&lt;/td&gt;
		&lt;td class="tabelatd2"&gt;Rua Amauri Dal Pont, 88&lt;/td&gt;
		&lt;td class="tabelatd2"&gt;Criciúma/SC&lt;/td&gt;
		&lt;td class="tabelatd2"&gt;23F&lt;/td&gt;
		&lt;td class="tabelatd2"&gt;13&lt;/td&gt;
		&lt;td class="tabelatd2"&gt;Tipo Cobranca&lt;/td&gt;
		&lt;td class="tabelatd2"&gt;10/10/2018&lt;/td&gt;
		&lt;td class="tabelatd2"&gt;110.00&lt;/td&gt;
		&lt;td class="tabelatd2"&gt;0.00&lt;/td&gt;
		&lt;td class="tabelatd2"&gt;0.00&lt;/td&gt;
		&lt;td class="tabelatd2"&gt;0.00&lt;/td&gt;
		&lt;td class="tabelatd2"&gt;&lt;br&gt;&lt;br&gt;&lt;/td&gt;
	&lt;/tr&gt;
	&lt;tr&gt;
		&lt;td class="tabelatd1"&gt;3-Cicrano de Tal (222.222.222-22)&lt;/td&gt;
		&lt;td class="tabelatd1"&gt;Rua Amauri Dal Pont, 88&lt;/td&gt;
		&lt;td class="tabelatd1"&gt;Criciúma/SC&lt;/td&gt;
		&lt;td class="tabelatd1"&gt;23F&lt;/td&gt;
		&lt;td class="tabelatd1"&gt;17&lt;/td&gt;
		&lt;td class="tabelatd1"&gt;Tipo Cobranca&lt;/td&gt;
		&lt;td class="tabelatd1"&gt;10/10/2018&lt;/td&gt;
		&lt;td class="tabelatd1"&gt;110.00&lt;/td&gt;
		&lt;td class="tabelatd1"&gt;0.00&lt;/td&gt;
		&lt;td class="tabelatd1"&gt;0.00&lt;/td&gt;
		&lt;td class="tabelatd1"&gt;0.00&lt;/td&gt;
		&lt;td class="tabelatd1"&gt;&lt;br&gt;&lt;br&gt;&lt;/td&gt;
	&lt;/tr&gt;
	&lt;tr&gt;
		&lt;td class="tabelatd2"&gt;3-Cicrano de Tal (222.222.222-22)&lt;/td&gt;
		&lt;td class="tabelatd2"&gt;Rua Amauri Dal Pont, 88&lt;/td&gt;
		&lt;td class="tabelatd2"&gt;Criciúma/SC&lt;/td&gt;
		&lt;td class="tabelatd2"&gt;23F&lt;/td&gt;
		&lt;td class="tabelatd2"&gt;21&lt;/td&gt;
		&lt;td class="tabelatd2"&gt;Tipo Cobranca&lt;/td&gt;
		&lt;td class="tabelatd2"&gt;10/10/2018&lt;/td&gt;
		&lt;td class="tabelatd2"&gt;110.00&lt;/td&gt;
		&lt;td class="tabelatd2"&gt;0.00&lt;/td&gt;
		&lt;td class="tabelatd2"&gt;0.00&lt;/td&gt;
		&lt;td class="tabelatd2"&gt;0.00&lt;/td&gt;
		&lt;td class="tabelatd2"&gt;&lt;br&gt;&lt;br&gt;&lt;/td&gt;
	&lt;/tr&gt;
	&lt;tr&gt;
		&lt;td class="tabelatd1"&gt;3-Cicrano de Tal (222.222.222-22)&lt;/td&gt;
		&lt;td class="tabelatd1"&gt;Rua Amauri Dal Pont, 88&lt;/td&gt;
		&lt;td class="tabelatd1"&gt;Criciúma/SC&lt;/td&gt;
		&lt;td class="tabelatd1"&gt;23F&lt;/td&gt;
		&lt;td class="tabelatd1"&gt;25&lt;/td&gt;
		&lt;td class="tabelatd1"&gt;Tipo Cobranca&lt;/td&gt;
		&lt;td class="tabelatd1"&gt;10/10/2018&lt;/td&gt;
		&lt;td class="tabelatd1"&gt;110.00&lt;/td&gt;
		&lt;td class="tabelatd1"&gt;0.00&lt;/td&gt;
		&lt;td class="tabelatd1"&gt;0.00&lt;/td&gt;
		&lt;td class="tabelatd1"&gt;0.00&lt;/td&gt;
		&lt;td class="tabelatd1"&gt;&lt;br&gt;&lt;br&gt;&lt;/td&gt;
	&lt;/tr&gt;
	&lt;tr&gt;
		&lt;td class="tabelatd2"&gt;3-Cicrano de Tal (222.222.222-22)&lt;/td&gt;
		&lt;td class="tabelatd2"&gt;Rua Amauri Dal Pont, 88&lt;/td&gt;
		&lt;td class="tabelatd2"&gt;Criciúma/SC&lt;/td&gt;
		&lt;td class="tabelatd2"&gt;23F&lt;/td&gt;
		&lt;td class="tabelatd2"&gt;29&lt;/td&gt;
		&lt;td class="tabelatd2"&gt;Tipo Cobranca&lt;/td&gt;
		&lt;td class="tabelatd2"&gt;10/10/2018&lt;/td&gt;
		&lt;td class="tabelatd2"&gt;110.00&lt;/td&gt;
		&lt;td class="tabelatd2"&gt;0.00&lt;/td&gt;
		&lt;td class="tabelatd2"&gt;0.00&lt;/td&gt;
		&lt;td class="tabelatd2"&gt;0.00&lt;/td&gt;
		&lt;td class="tabelatd2"&gt;&lt;br&gt;&lt;br&gt;&lt;/td&gt;
	&lt;/tr&gt;
	&lt;tr&gt;
		&lt;td class="tabelatd1"&gt;3-Cicrano de Tal (222.222.222-22)&lt;/td&gt;
		&lt;td class="tabelatd1"&gt;Rua Amauri Dal Pont, 88&lt;/td&gt;
		&lt;td class="tabelatd1"&gt;Criciúma/SC&lt;/td&gt;
		&lt;td class="tabelatd1"&gt;23F&lt;/td&gt;
		&lt;td class="tabelatd1"&gt;36&lt;/td&gt;
		&lt;td class="tabelatd1"&gt;Tipo Cobranca&lt;/td&gt;
		&lt;td class="tabelatd1"&gt;10/10/2018&lt;/td&gt;
		&lt;td class="tabelatd1"&gt;110.00&lt;/td&gt;
		&lt;td class="tabelatd1"&gt;0.00&lt;/td&gt;
		&lt;td class="tabelatd1"&gt;0.00&lt;/td&gt;
		&lt;td class="tabelatd1"&gt;0.00&lt;/td&gt;
		&lt;td class="tabelatd1"&gt;&lt;br&gt;&lt;br&gt;&lt;/td&gt;
	&lt;/tr&gt;
	&lt;tr&gt;
		&lt;td class="tabelatd2"&gt;3-Cicrano de Tal (222.222.222-22)&lt;/td&gt;
		&lt;td class="tabelatd2"&gt;Rua Amauri Dal Pont, 88&lt;/td&gt;
		&lt;td class="tabelatd2"&gt;Criciúma/SC&lt;/td&gt;
		&lt;td class="tabelatd2"&gt;23F&lt;/td&gt;
		&lt;td class="tabelatd2"&gt;44&lt;/td&gt;
		&lt;td class="tabelatd2"&gt;Tipo Cobranca&lt;/td&gt;
		&lt;td class="tabelatd2"&gt;10/10/2018&lt;/td&gt;
		&lt;td class="tabelatd2"&gt;110.00&lt;/td&gt;
		&lt;td class="tabelatd2"&gt;0.00&lt;/td&gt;
		&lt;td class="tabelatd2"&gt;0.00&lt;/td&gt;
		&lt;td class="tabelatd2"&gt;0.00&lt;/td&gt;
		&lt;td class="tabelatd2"&gt;&lt;br&gt;&lt;br&gt;&lt;/td&gt;
	&lt;/tr&gt;
	&lt;tr&gt;
		&lt;td class="tabelatd1"&gt;3-Cicrano de Tal (222.222.222-22)&lt;/td&gt;
		&lt;td class="tabelatd1"&gt;Rua Amauri Dal Pont, 88&lt;/td&gt;
		&lt;td class="tabelatd1"&gt;Criciúma/SC&lt;/td&gt;
		&lt;td class="tabelatd1"&gt;23F&lt;/td&gt;
		&lt;td class="tabelatd1"&gt;55&lt;/td&gt;
		&lt;td class="tabelatd1"&gt;Tipo Cobranca&lt;/td&gt;
		&lt;td class="tabelatd1"&gt;10/10/2018&lt;/td&gt;
		&lt;td class="tabelatd1"&gt;110.00&lt;/td&gt;
		&lt;td class="tabelatd1"&gt;0.00&lt;/td&gt;
		&lt;td class="tabelatd1"&gt;0.00&lt;/td&gt;
		&lt;td class="tabelatd1"&gt;0.00&lt;/td&gt;
		&lt;td class="tabelatd1"&gt;&lt;br&gt;&lt;br&gt;&lt;/td&gt;
	&lt;/tr&gt;
	&lt;tr&gt;
		&lt;td class="tabelatd2"&gt;3-Cicrano de Tal (222.222.222-22)&lt;/td&gt;
		&lt;td class="tabelatd2"&gt;Rua Amauri Dal Pont, 88&lt;/td&gt;
		&lt;td class="tabelatd2"&gt;Criciúma/SC&lt;/td&gt;
		&lt;td class="tabelatd2"&gt;23F&lt;/td&gt;
		&lt;td class="tabelatd2"&gt;68&lt;/td&gt;
		&lt;td class="tabelatd2"&gt;Tipo Cobranca&lt;/td&gt;
		&lt;td class="tabelatd2"&gt;10/10/2018&lt;/td&gt;
		&lt;td class="tabelatd2"&gt;110.00&lt;/td&gt;
		&lt;td class="tabelatd2"&gt;0.00&lt;/td&gt;
		&lt;td class="tabelatd2"&gt;0.00&lt;/td&gt;
		&lt;td class="tabelatd2"&gt;0.00&lt;/td&gt;
		&lt;td class="tabelatd2"&gt;&lt;br&gt;&lt;br&gt;&lt;/td&gt;
	&lt;/tr&gt;
	&lt;tr&gt;
		&lt;td class="tabelatd1"&gt;3-Cicrano de Tal (222.222.222-22)&lt;/td&gt;
		&lt;td class="tabelatd1"&gt;Rua Amauri Dal Pont, 88&lt;/td&gt;
		&lt;td class="tabelatd1"&gt;Criciúma/SC&lt;/td&gt;
		&lt;td class="tabelatd1"&gt;23F&lt;/td&gt;
		&lt;td class="tabelatd1"&gt;83&lt;/td&gt;
		&lt;td class="tabelatd1"&gt;Tipo Cobranca&lt;/td&gt;
		&lt;td class="tabelatd1"&gt;10/10/2018&lt;/td&gt;
		&lt;td class="tabelatd1"&gt;110.00&lt;/td&gt;
		&lt;td class="tabelatd1"&gt;0.00&lt;/td&gt;
		&lt;td class="tabelatd1"&gt;0.00&lt;/td&gt;
		&lt;td class="tabelatd1"&gt;0.00&lt;/td&gt;
		&lt;td class="tabelatd1"&gt;&lt;br&gt;&lt;br&gt;&lt;/td&gt;
	&lt;/tr&gt;
	&lt;tr&gt;
		&lt;td class="tabelatd2"&gt;3-Cicrano de Tal (222.222.222-22)&lt;/td&gt;
		&lt;td class="tabelatd2"&gt;Rua Amauri Dal Pont, 88&lt;/td&gt;
		&lt;td class="tabelatd2"&gt;Criciúma/SC&lt;/td&gt;
		&lt;td class="tabelatd2"&gt;23F&lt;/td&gt;
		&lt;td class="tabelatd2"&gt;99&lt;/td&gt;
		&lt;td class="tabelatd2"&gt;Tipo Cobranca&lt;/td&gt;
		&lt;td class="tabelatd2"&gt;10/10/2018&lt;/td&gt;
		&lt;td class="tabelatd2"&gt;110.00&lt;/td&gt;
		&lt;td class="tabelatd2"&gt;0.00&lt;/td&gt;
		&lt;td class="tabelatd2"&gt;0.00&lt;/td&gt;
		&lt;td class="tabelatd2"&gt;0.00&lt;/td&gt;
		&lt;td class="tabelatd2"&gt;&lt;br&gt;&lt;br&gt;&lt;/td&gt;
	&lt;/tr&gt;
	&lt;tr&gt;
		&lt;td class="tabelatd1"&gt;3-Cicrano de Tal (222.222.222-22)&lt;/td&gt;
		&lt;td class="tabelatd1"&gt;Rua Amauri Dal Pont, 88&lt;/td&gt;
		&lt;td class="tabelatd1"&gt;Criciúma/SC&lt;/td&gt;
		&lt;td class="tabelatd1"&gt;23F&lt;/td&gt;
		&lt;td class="tabelatd1"&gt;126&lt;/td&gt;
		&lt;td class="tabelatd1"&gt;Tipo Cobranca&lt;/td&gt;
		&lt;td class="tabelatd1"&gt;10/10/2018&lt;/td&gt;
		&lt;td class="tabelatd1"&gt;110.00&lt;/td&gt;
		&lt;td class="tabelatd1"&gt;0.00&lt;/td&gt;
		&lt;td class="tabelatd1"&gt;0.00&lt;/td&gt;
		&lt;td class="tabelatd1"&gt;0.00&lt;/td&gt;
		&lt;td class="tabelatd1"&gt;&lt;br&gt;&lt;br&gt;&lt;/td&gt;
	&lt;/tr&gt;
	&lt;tr&gt;
		&lt;td class="tabelatd2"&gt;3-Cicrano de Tal (222.222.222-22)&lt;/td&gt;
		&lt;td class="tabelatd2"&gt;Rua Amauri Dal Pont, 88&lt;/td&gt;
		&lt;td class="tabelatd2"&gt;Criciúma/SC&lt;/td&gt;
		&lt;td class="tabelatd2"&gt;23F&lt;/td&gt;
		&lt;td class="tabelatd2"&gt;150&lt;/td&gt;
		&lt;td class="tabelatd2"&gt;Tipo Cobranca&lt;/td&gt;
		&lt;td class="tabelatd2"&gt;10/10/2018&lt;/td&gt;
		&lt;td class="tabelatd2"&gt;110.00&lt;/td&gt;
		&lt;td class="tabelatd2"&gt;0.00&lt;/td&gt;
		&lt;td class="tabelatd2"&gt;0.00&lt;/td&gt;
		&lt;td class="tabelatd2"&gt;0.00&lt;/td&gt;
		&lt;td class="tabelatd2"&gt;&lt;br&gt;&lt;br&gt;&lt;/td&gt;
	&lt;/tr&gt;
	&lt;tr&gt;
		&lt;td class="tabelatd1"&gt;3-Cicrano de Tal (222.222.222-22)&lt;/td&gt;
		&lt;td class="tabelatd1"&gt;Rua Amauri Dal Pont, 88&lt;/td&gt;
		&lt;td class="tabelatd1"&gt;Criciúma/SC&lt;/td&gt;
		&lt;td class="tabelatd1"&gt;23F&lt;/td&gt;
		&lt;td class="tabelatd1"&gt;5&lt;/td&gt;
		&lt;td class="tabelatd1"&gt;Tipo Cobranca&lt;/td&gt;
		&lt;td class="tabelatd1"&gt;10/10/2018&lt;/td&gt;
		&lt;td class="tabelatd1"&gt;110.00&lt;/td&gt;
		&lt;td class="tabelatd1"&gt;10.00&lt;/td&gt;
		&lt;td class="tabelatd1"&gt;10.00&lt;/td&gt;
		&lt;td class="tabelatd1"&gt;0.00&lt;/td&gt;
		&lt;td class="tabelatd1"&gt;&lt;br&gt;&lt;br&gt;&lt;/td&gt;
	&lt;/tr&gt;
	&lt;tr&gt;
		&lt;td class="tabelatd2"&gt;3-Cicrano de Tal (222.222.222-22)&lt;/td&gt;
		&lt;td class="tabelatd2"&gt;Rua Amauri Dal Pont, 88&lt;/td&gt;
		&lt;td class="tabelatd2"&gt;Criciúma/SC&lt;/td&gt;
		&lt;td class="tabelatd2"&gt;23F&lt;/td&gt;
		&lt;td class="tabelatd2"&gt;170&lt;/td&gt;
		&lt;td class="tabelatd2"&gt;Tipo Cobranca&lt;/td&gt;
		&lt;td class="tabelatd2"&gt;10/10/2018&lt;/td&gt;
		&lt;td class="tabelatd2"&gt;110.00&lt;/td&gt;
		&lt;td class="tabelatd2"&gt;0.00&lt;/td&gt;
		&lt;td class="tabelatd2"&gt;0.00&lt;/td&gt;
		&lt;td class="tabelatd2"&gt;0.00&lt;/td&gt;
		&lt;td class="tabelatd2"&gt;&lt;br&gt;&lt;br&gt;&lt;/td&gt;
	&lt;/tr&gt;
	&lt;tr&gt;
		&lt;td class="tabelatd1"&gt;3-Cicrano de Tal (222.222.222-22)&lt;/td&gt;
		&lt;td class="tabelatd1"&gt;Rua Amauri Dal Pont, 88&lt;/td&gt;
		&lt;td class="tabelatd1"&gt;Criciúma/SC&lt;/td&gt;
		&lt;td class="tabelatd1"&gt;23F&lt;/td&gt;
		&lt;td class="tabelatd1"&gt;190&lt;/td&gt;
		&lt;td class="tabelatd1"&gt;Tipo Cobranca&lt;/td&gt;
		&lt;td class="tabelatd1"&gt;10/10/2018&lt;/td&gt;
		&lt;td class="tabelatd1"&gt;110.00&lt;/td&gt;
		&lt;td class="tabelatd1"&gt;0.00&lt;/td&gt;
		&lt;td class="tabelatd1"&gt;0.00&lt;/td&gt;
		&lt;td class="tabelatd1"&gt;0.00&lt;/td&gt;
		&lt;td class="tabelatd1"&gt;&lt;br&gt;&lt;br&gt;&lt;/td&gt;
	&lt;/tr&gt;
	&lt;tr&gt;
		&lt;td class="tabelatd2"&gt;3-Cicrano de Tal (222.222.222-22)&lt;/td&gt;
		&lt;td class="tabelatd2"&gt;Rua Amauri Dal Pont, 88&lt;/td&gt;
		&lt;td class="tabelatd2"&gt;Criciúma/SC&lt;/td&gt;
		&lt;td class="tabelatd2"&gt;23F&lt;/td&gt;
		&lt;td class="tabelatd2"&gt;210&lt;/td&gt;
		&lt;td class="tabelatd2"&gt;Tipo Cobranca&lt;/td&gt;
		&lt;td class="tabelatd2"&gt;10/10/2018&lt;/td&gt;
		&lt;td class="tabelatd2"&gt;110.00&lt;/td&gt;
		&lt;td class="tabelatd2"&gt;0.00&lt;/td&gt;
		&lt;td class="tabelatd2"&gt;0.00&lt;/td&gt;
		&lt;td class="tabelatd2"&gt;0.00&lt;/td&gt;
		&lt;td class="tabelatd2"&gt;&lt;br&gt;&lt;br&gt;&lt;/td&gt;
	&lt;/tr&gt;
	&lt;tr&gt;
		&lt;td class="tabelatd1"&gt;3-Cicrano de Tal (222.222.222-22)&lt;/td&gt;
		&lt;td class="tabelatd1"&gt;Rua Amauri Dal Pont, 88&lt;/td&gt;
		&lt;td class="tabelatd1"&gt;Criciúma/SC&lt;/td&gt;
		&lt;td class="tabelatd1"&gt;23F&lt;/td&gt;
		&lt;td class="tabelatd1"&gt;233&lt;/td&gt;
		&lt;td class="tabelatd1"&gt;Tipo Cobranca&lt;/td&gt;
		&lt;td class="tabelatd1"&gt;10/10/2018&lt;/td&gt;
		&lt;td class="tabelatd1"&gt;110.00&lt;/td&gt;
		&lt;td class="tabelatd1"&gt;0.00&lt;/td&gt;
		&lt;td class="tabelatd1"&gt;0.00&lt;/td&gt;
		&lt;td class="tabelatd1"&gt;0.00&lt;/td&gt;
		&lt;td class="tabelatd1"&gt;&lt;br&gt;&lt;br&gt;&lt;/td&gt;
	&lt;/tr&gt;
	&lt;tr&gt;
		&lt;td class="tabelatd2"&gt;3-Cicrano de Tal (222.222.222-22)&lt;/td&gt;
		&lt;td class="tabelatd2"&gt;Rua Amauri Dal Pont, 88&lt;/td&gt;
		&lt;td class="tabelatd2"&gt;Criciúma/SC&lt;/td&gt;
		&lt;td class="tabelatd2"&gt;23F&lt;/td&gt;
		&lt;td class="tabelatd2"&gt;256&lt;/td&gt;
		&lt;td class="tabelatd2"&gt;Tipo Cobranca&lt;/td&gt;
		&lt;td class="tabelatd2"&gt;10/10/2018&lt;/td&gt;
		&lt;td class="tabelatd2"&gt;110.00&lt;/td&gt;
		&lt;td class="tabelatd2"&gt;0.00&lt;/td&gt;
		&lt;td class="tabelatd2"&gt;0.00&lt;/td&gt;
		&lt;td class="tabelatd2"&gt;0.00&lt;/td&gt;
		&lt;td class="tabelatd2"&gt;&lt;br&gt;&lt;br&gt;&lt;/td&gt;
	&lt;/tr&gt;
	&lt;tr&gt;
		&lt;td class="tabelatd1"&gt;3-Cicrano de Tal (222.222.222-22)&lt;/td&gt;
		&lt;td class="tabelatd1"&gt;Rua Amauri Dal Pont, 88&lt;/td&gt;
		&lt;td class="tabelatd1"&gt;Criciúma/SC&lt;/td&gt;
		&lt;td class="tabelatd1"&gt;23F&lt;/td&gt;
		&lt;td class="tabelatd1"&gt;281&lt;/td&gt;
		&lt;td class="tabelatd1"&gt;Tipo Cobranca&lt;/td&gt;
		&lt;td class="tabelatd1"&gt;10/10/2018&lt;/td&gt;
		&lt;td class="tabelatd1"&gt;110.00&lt;/td&gt;
		&lt;td class="tabelatd1"&gt;0.00&lt;/td&gt;
		&lt;td class="tabelatd1"&gt;0.00&lt;/td&gt;
		&lt;td class="tabelatd1"&gt;0.00&lt;/td&gt;
		&lt;td class="tabelatd1"&gt;&lt;br&gt;&lt;br&gt;&lt;/td&gt;
	&lt;/tr&gt;
	&lt;tr&gt;
		&lt;td class="tabelatd2"&gt;3-Cicrano de Tal (222.222.222-22)&lt;/td&gt;
		&lt;td class="tabelatd2"&gt;Rua Amauri Dal Pont, 88&lt;/td&gt;
		&lt;td class="tabelatd2"&gt;Criciúma/SC&lt;/td&gt;
		&lt;td class="tabelatd2"&gt;23F&lt;/td&gt;
		&lt;td class="tabelatd2"&gt;308&lt;/td&gt;
		&lt;td class="tabelatd2"&gt;Tipo Cobranca&lt;/td&gt;
		&lt;td class="tabelatd2"&gt;10/10/2018&lt;/td&gt;
		&lt;td class="tabelatd2"&gt;110.00&lt;/td&gt;
		&lt;td class="tabelatd2"&gt;0.00&lt;/td&gt;
		&lt;td class="tabelatd2"&gt;0.00&lt;/td&gt;
		&lt;td class="tabelatd2"&gt;0.00&lt;/td&gt;
		&lt;td class="tabelatd2"&gt;&lt;br&gt;&lt;br&gt;&lt;/td&gt;
	&lt;/tr&gt;
	&lt;tr&gt;
		&lt;td class="tabelatd1"&gt;3-Cicrano de Tal (222.222.222-22)&lt;/td&gt;
		&lt;td class="tabelatd1"&gt;Rua Amauri Dal Pont, 88&lt;/td&gt;
		&lt;td class="tabelatd1"&gt;Criciúma/SC&lt;/td&gt;
		&lt;td class="tabelatd1"&gt;23F&lt;/td&gt;
		&lt;td class="tabelatd1"&gt;337&lt;/td&gt;
		&lt;td class="tabelatd1"&gt;Tipo Cobranca&lt;/td&gt;
		&lt;td class="tabelatd1"&gt;10/10/2018&lt;/td&gt;
		&lt;td class="tabelatd1"&gt;110.00&lt;/td&gt;
		&lt;td class="tabelatd1"&gt;0.00&lt;/td&gt;
		&lt;td class="tabelatd1"&gt;0.00&lt;/td&gt;
		&lt;td class="tabelatd1"&gt;0.00&lt;/td&gt;
		&lt;td class="tabelatd1"&gt;&lt;br&gt;&lt;br&gt;&lt;/td&gt;
	&lt;/tr&gt;
	&lt;tr&gt;
		&lt;td class="tabelatd2"&gt;3-Cicrano de Tal (222.222.222-22)&lt;/td&gt;
		&lt;td class="tabelatd2"&gt;Rua Amauri Dal Pont, 88&lt;/td&gt;
		&lt;td class="tabelatd2"&gt;Criciúma/SC&lt;/td&gt;
		&lt;td class="tabelatd2"&gt;23F&lt;/td&gt;
		&lt;td class="tabelatd2"&gt;368&lt;/td&gt;
		&lt;td class="tabelatd2"&gt;Tipo Cobranca&lt;/td&gt;
		&lt;td class="tabelatd2"&gt;10/10/2018&lt;/td&gt;
		&lt;td class="tabelatd2"&gt;110.00&lt;/td&gt;
		&lt;td class="tabelatd2"&gt;0.00&lt;/td&gt;
		&lt;td class="tabelatd2"&gt;0.00&lt;/td&gt;
		&lt;td class="tabelatd2"&gt;0.00&lt;/td&gt;
		&lt;td class="tabelatd2"&gt;&lt;br&gt;&lt;br&gt;&lt;/td&gt;
	&lt;/tr&gt;
	&lt;tr&gt;
		&lt;td class="tabelatd1"&gt;3-Cicrano de Tal (222.222.222-22)&lt;/td&gt;
		&lt;td class="tabelatd1"&gt;Rua Amauri Dal Pont, 88&lt;/td&gt;
		&lt;td class="tabelatd1"&gt;Criciúma/SC&lt;/td&gt;
		&lt;td class="tabelatd1"&gt;23F&lt;/td&gt;
		&lt;td class="tabelatd1"&gt;401&lt;/td&gt;
		&lt;td class="tabelatd1"&gt;Tipo Cobranca&lt;/td&gt;
		&lt;td class="tabelatd1"&gt;10/10/2018&lt;/td&gt;
		&lt;td class="tabelatd1"&gt;110.00&lt;/td&gt;
		&lt;td class="tabelatd1"&gt;0.00&lt;/td&gt;
		&lt;td class="tabelatd1"&gt;0.00&lt;/td&gt;
		&lt;td class="tabelatd1"&gt;0.00&lt;/td&gt;
		&lt;td class="tabelatd1"&gt;&lt;br&gt;&lt;br&gt;&lt;/td&gt;
	&lt;/tr&gt;
	&lt;tr&gt;
		&lt;td class="tabelatd2"&gt;3-Cicrano de Tal (222.222.222-22)&lt;/td&gt;
		&lt;td class="tabelatd2"&gt;Rua Amauri Dal Pont, 88&lt;/td&gt;
		&lt;td class="tabelatd2"&gt;Criciúma/SC&lt;/td&gt;
		&lt;td class="tabelatd2"&gt;23F&lt;/td&gt;
		&lt;td class="tabelatd2"&gt;436&lt;/td&gt;
		&lt;td class="tabelatd2"&gt;Tipo Cobranca&lt;/td&gt;
		&lt;td class="tabelatd2"&gt;10/10/2018&lt;/td&gt;
		&lt;td class="tabelatd2"&gt;110.00&lt;/td&gt;
		&lt;td class="tabelatd2"&gt;0.00&lt;/td&gt;
		&lt;td class="tabelatd2"&gt;0.00&lt;/td&gt;
		&lt;td class="tabelatd2"&gt;0.00&lt;/td&gt;
		&lt;td class="tabelatd2"&gt;&lt;br&gt;&lt;br&gt;&lt;/td&gt;
	&lt;/tr&gt;
	&lt;tr&gt;
		&lt;td class="tabelatd1"&gt;3-Cicrano de Tal (222.222.222-22)&lt;/td&gt;
		&lt;td class="tabelatd1"&gt;Rua Amauri Dal Pont, 88&lt;/td&gt;
		&lt;td class="tabelatd1"&gt;Criciúma/SC&lt;/td&gt;
		&lt;td class="tabelatd1"&gt;23F&lt;/td&gt;
		&lt;td class="tabelatd1"&gt;32&lt;/td&gt;
		&lt;td class="tabelatd1"&gt;Tipo Cobranca&lt;/td&gt;
		&lt;td class="tabelatd1"&gt;11/10/2018&lt;/td&gt;
		&lt;td class="tabelatd1"&gt;110.00&lt;/td&gt;
		&lt;td class="tabelatd1"&gt;0.00&lt;/td&gt;
		&lt;td class="tabelatd1"&gt;0.00&lt;/td&gt;
		&lt;td class="tabelatd1"&gt;0.00&lt;/td&gt;
		&lt;td class="tabelatd1"&gt;&lt;br&gt;&lt;br&gt;&lt;/td&gt;
	&lt;/tr&gt;
	&lt;tr&gt;
		&lt;td class="tabelatd2"&gt;3-Cicrano de Tal (222.222.222-22)&lt;/td&gt;
		&lt;td class="tabelatd2"&gt;Rua Amauri Dal Pont, 88&lt;/td&gt;
		&lt;td class="tabelatd2"&gt;Criciúma/SC&lt;/td&gt;
		&lt;td class="tabelatd2"&gt;23F&lt;/td&gt;
		&lt;td class="tabelatd2"&gt;39&lt;/td&gt;
		&lt;td class="tabelatd2"&gt;Tipo Cobranca&lt;/td&gt;
		&lt;td class="tabelatd2"&gt;11/10/2018&lt;/td&gt;
		&lt;td class="tabelatd2"&gt;110.00&lt;/td&gt;
		&lt;td class="tabelatd2"&gt;0.00&lt;/td&gt;
		&lt;td class="tabelatd2"&gt;0.00&lt;/td&gt;
		&lt;td class="tabelatd2"&gt;0.00&lt;/td&gt;
		&lt;td class="tabelatd2"&gt;&lt;br&gt;&lt;br&gt;&lt;/td&gt;
	&lt;/tr&gt;
	&lt;tr&gt;
		&lt;td class="tabelatd1"&gt;3-Cicrano de Tal (222.222.222-22)&lt;/td&gt;
		&lt;td class="tabelatd1"&gt;Rua Amauri Dal Pont, 88&lt;/td&gt;
		&lt;td class="tabelatd1"&gt;Criciúma/SC&lt;/td&gt;
		&lt;td class="tabelatd1"&gt;23F&lt;/td&gt;
		&lt;td class="tabelatd1"&gt;48&lt;/td&gt;
		&lt;td class="tabelatd1"&gt;Tipo Cobranca&lt;/td&gt;
		&lt;td class="tabelatd1"&gt;11/10/2018&lt;/td&gt;
		&lt;td class="tabelatd1"&gt;110.00&lt;/td&gt;
		&lt;td class="tabelatd1"&gt;0.00&lt;/td&gt;
		&lt;td class="tabelatd1"&gt;0.00&lt;/td&gt;
		&lt;td class="tabelatd1"&gt;0.00&lt;/td&gt;
		&lt;td class="tabelatd1"&gt;&lt;br&gt;&lt;br&gt;&lt;/td&gt;
	&lt;/tr&gt;
	&lt;tr&gt;
		&lt;td class="tabelatd2"&gt;3-Cicrano de Tal (222.222.222-22)&lt;/td&gt;
		&lt;td class="tabelatd2"&gt;Rua Amauri Dal Pont, 88&lt;/td&gt;
		&lt;td class="tabelatd2"&gt;Criciúma/SC&lt;/td&gt;
		&lt;td class="tabelatd2"&gt;23F&lt;/td&gt;
		&lt;td class="tabelatd2"&gt;60&lt;/td&gt;
		&lt;td class="tabelatd2"&gt;Tipo Cobranca&lt;/td&gt;
		&lt;td class="tabelatd2"&gt;11/10/2018&lt;/td&gt;
		&lt;td class="tabelatd2"&gt;110.00&lt;/td&gt;
		&lt;td class="tabelatd2"&gt;0.00&lt;/td&gt;
		&lt;td class="tabelatd2"&gt;0.00&lt;/td&gt;
		&lt;td class="tabelatd2"&gt;0.00&lt;/td&gt;
		&lt;td class="tabelatd2"&gt;&lt;br&gt;&lt;br&gt;&lt;/td&gt;
	&lt;/tr&gt;
	&lt;tr&gt;
		&lt;td class="tabelatd1"&gt;3-Cicrano de Tal (222.222.222-22)&lt;/td&gt;
		&lt;td class="tabelatd1"&gt;Rua Amauri Dal Pont, 88&lt;/td&gt;
		&lt;td class="tabelatd1"&gt;Criciúma/SC&lt;/td&gt;
		&lt;td class="tabelatd1"&gt;23F&lt;/td&gt;
		&lt;td class="tabelatd1"&gt;74&lt;/td&gt;
		&lt;td class="tabelatd1"&gt;Tipo Cobranca&lt;/td&gt;
		&lt;td class="tabelatd1"&gt;11/10/2018&lt;/td&gt;
		&lt;td class="tabelatd1"&gt;110.00&lt;/td&gt;
		&lt;td class="tabelatd1"&gt;0.00&lt;/td&gt;
		&lt;td class="tabelatd1"&gt;0.00&lt;/td&gt;
		&lt;td class="tabelatd1"&gt;0.00&lt;/td&gt;
		&lt;td class="tabelatd1"&gt;&lt;br&gt;&lt;br&gt;&lt;/td&gt;
	&lt;/tr&gt;
	&lt;tr&gt;
		&lt;td class="tabelatd2"&gt;3-Cicrano de Tal (222.222.222-22)&lt;/td&gt;
		&lt;td class="tabelatd2"&gt;Rua Amauri Dal Pont, 88&lt;/td&gt;
		&lt;td class="tabelatd2"&gt;Criciúma/SC&lt;/td&gt;
		&lt;td class="tabelatd2"&gt;23F&lt;/td&gt;
		&lt;td class="tabelatd2"&gt;90&lt;/td&gt;
		&lt;td class="tabelatd2"&gt;Tipo Cobranca&lt;/td&gt;
		&lt;td class="tabelatd2"&gt;11/10/2018&lt;/td&gt;
		&lt;td class="tabelatd2"&gt;110.00&lt;/td&gt;
		&lt;td class="tabelatd2"&gt;0.00&lt;/td&gt;
		&lt;td class="tabelatd2"&gt;0.00&lt;/td&gt;
		&lt;td class="tabelatd2"&gt;0.00&lt;/td&gt;
		&lt;td class="tabelatd2"&gt;&lt;br&gt;&lt;br&gt;&lt;/td&gt;
	&lt;/tr&gt;
	&lt;tr&gt;
		&lt;td class="tabelatd1"&gt;3-Cicrano de Tal (222.222.222-22)&lt;/td&gt;
		&lt;td class="tabelatd1"&gt;Rua Amauri Dal Pont, 88&lt;/td&gt;
		&lt;td class="tabelatd1"&gt;Criciúma/SC&lt;/td&gt;
		&lt;td class="tabelatd1"&gt;23F&lt;/td&gt;
		&lt;td class="tabelatd1"&gt;106&lt;/td&gt;
		&lt;td class="tabelatd1"&gt;Tipo Cobranca&lt;/td&gt;
		&lt;td class="tabelatd1"&gt;11/10/2018&lt;/td&gt;
		&lt;td class="tabelatd1"&gt;110.00&lt;/td&gt;
		&lt;td class="tabelatd1"&gt;0.00&lt;/td&gt;
		&lt;td class="tabelatd1"&gt;0.00&lt;/td&gt;
		&lt;td class="tabelatd1"&gt;0.00&lt;/td&gt;
		&lt;td class="tabelatd1"&gt;&lt;br&gt;&lt;br&gt;&lt;/td&gt;
	&lt;/tr&gt;
	&lt;tr&gt;
		&lt;td class="tabelatd2"&gt;3-Cicrano de Tal (222.222.222-22)&lt;/td&gt;
		&lt;td class="tabelatd2"&gt;Rua Amauri Dal Pont, 88&lt;/td&gt;
		&lt;td class="tabelatd2"&gt;Criciúma/SC&lt;/td&gt;
		&lt;td class="tabelatd2"&gt;23F&lt;/td&gt;
		&lt;td class="tabelatd2"&gt;134&lt;/td&gt;
		&lt;td class="tabelatd2"&gt;Tipo Cobranca&lt;/td&gt;
		&lt;td class="tabelatd2"&gt;11/10/2018&lt;/td&gt;
		&lt;td class="tabelatd2"&gt;110.00&lt;/td&gt;
		&lt;td class="tabelatd2"&gt;0.00&lt;/td&gt;
		&lt;td class="tabelatd2"&gt;0.00&lt;/td&gt;
		&lt;td class="tabelatd2"&gt;0.00&lt;/td&gt;
		&lt;td class="tabelatd2"&gt;&lt;br&gt;&lt;br&gt;&lt;/td&gt;
	&lt;/tr&gt;
	&lt;tr&gt;
		&lt;td class="tabelatd1"&gt;3-Cicrano de Tal (222.222.222-22)&lt;/td&gt;
		&lt;td class="tabelatd1"&gt;Rua Amauri Dal Pont, 88&lt;/td&gt;
		&lt;td class="tabelatd1"&gt;Criciúma/SC&lt;/td&gt;
		&lt;td class="tabelatd1"&gt;23F&lt;/td&gt;
		&lt;td class="tabelatd1"&gt;159&lt;/td&gt;
		&lt;td class="tabelatd1"&gt;Tipo Cobranca&lt;/td&gt;
		&lt;td class="tabelatd1"&gt;11/10/2018&lt;/td&gt;
		&lt;td class="tabelatd1"&gt;110.00&lt;/td&gt;
		&lt;td class="tabelatd1"&gt;0.00&lt;/td&gt;
		&lt;td class="tabelatd1"&gt;0.00&lt;/td&gt;
		&lt;td class="tabelatd1"&gt;0.00&lt;/td&gt;
		&lt;td class="tabelatd1"&gt;&lt;br&gt;&lt;br&gt;&lt;/td&gt;
	&lt;/tr&gt;
	&lt;tr&gt;
		&lt;td class="tabelatd2"&gt;3-Cicrano de Tal (222.222.222-22)&lt;/td&gt;
		&lt;td class="tabelatd2"&gt;Rua Amauri Dal Pont, 88&lt;/td&gt;
		&lt;td class="tabelatd2"&gt;Criciúma/SC&lt;/td&gt;
		&lt;td class="tabelatd2"&gt;23F&lt;/td&gt;
		&lt;td class="tabelatd2"&gt;179&lt;/td&gt;
		&lt;td class="tabelatd2"&gt;Tipo Cobranca&lt;/td&gt;
		&lt;td class="tabelatd2"&gt;11/10/2018&lt;/td&gt;
		&lt;td class="tabelatd2"&gt;110.00&lt;/td&gt;
		&lt;td class="tabelatd2"&gt;0.00&lt;/td&gt;
		&lt;td class="tabelatd2"&gt;0.00&lt;/td&gt;
		&lt;td class="tabelatd2"&gt;0.00&lt;/td&gt;
		&lt;td class="tabelatd2"&gt;&lt;br&gt;&lt;br&gt;&lt;/td&gt;
	&lt;/tr&gt;
	&lt;tr&gt;
		&lt;td class="tabelatd1"&gt;3-Cicrano de Tal (222.222.222-22)&lt;/td&gt;
		&lt;td class="tabelatd1"&gt;Rua Amauri Dal Pont, 88&lt;/td&gt;
		&lt;td class="tabelatd1"&gt;Criciúma/SC&lt;/td&gt;
		&lt;td class="tabelatd1"&gt;23F&lt;/td&gt;
		&lt;td class="tabelatd1"&gt;199&lt;/td&gt;
		&lt;td class="tabelatd1"&gt;Tipo Cobranca&lt;/td&gt;
		&lt;td class="tabelatd1"&gt;11/10/2018&lt;/td&gt;
		&lt;td class="tabelatd1"&gt;110.00&lt;/td&gt;
		&lt;td class="tabelatd1"&gt;0.00&lt;/td&gt;
		&lt;td class="tabelatd1"&gt;0.00&lt;/td&gt;
		&lt;td class="tabelatd1"&gt;0.00&lt;/td&gt;
		&lt;td class="tabelatd1"&gt;&lt;br&gt;&lt;br&gt;&lt;/td&gt;
	&lt;/tr&gt;
	&lt;tr&gt;
		&lt;td class="tabelatd2"&gt;3-Cicrano de Tal (222.222.222-22)&lt;/td&gt;
		&lt;td class="tabelatd2"&gt;Rua Amauri Dal Pont, 88&lt;/td&gt;
		&lt;td class="tabelatd2"&gt;Criciúma/SC&lt;/td&gt;
		&lt;td class="tabelatd2"&gt;23F&lt;/td&gt;
		&lt;td class="tabelatd2"&gt;219&lt;/td&gt;
		&lt;td class="tabelatd2"&gt;Tipo Cobranca&lt;/td&gt;
		&lt;td class="tabelatd2"&gt;11/10/2018&lt;/td&gt;
		&lt;td class="tabelatd2"&gt;110.00&lt;/td&gt;
		&lt;td class="tabelatd2"&gt;0.00&lt;/td&gt;
		&lt;td class="tabelatd2"&gt;0.00&lt;/td&gt;
		&lt;td class="tabelatd2"&gt;0.00&lt;/td&gt;
		&lt;td class="tabelatd2"&gt;&lt;br&gt;&lt;br&gt;&lt;/td&gt;
	&lt;/tr&gt;
	&lt;tr&gt;
		&lt;td class="tabelatd1"&gt;3-Cicrano de Tal (222.222.222-22)&lt;/td&gt;
		&lt;td class="tabelatd1"&gt;Rua Amauri Dal Pont, 88&lt;/td&gt;
		&lt;td class="tabelatd1"&gt;Criciúma/SC&lt;/td&gt;
		&lt;td class="tabelatd1"&gt;23F&lt;/td&gt;
		&lt;td class="tabelatd1"&gt;243&lt;/td&gt;
		&lt;td class="tabelatd1"&gt;Tipo Cobranca&lt;/td&gt;
		&lt;td class="tabelatd1"&gt;11/10/2018&lt;/td&gt;
		&lt;td class="tabelatd1"&gt;110.00&lt;/td&gt;
		&lt;td class="tabelatd1"&gt;0.00&lt;/td&gt;
		&lt;td class="tabelatd1"&gt;0.00&lt;/td&gt;
		&lt;td class="tabelatd1"&gt;0.00&lt;/td&gt;
		&lt;td class="tabelatd1"&gt;&lt;br&gt;&lt;br&gt;&lt;/td&gt;
	&lt;/tr&gt;
	&lt;tr&gt;
		&lt;td class="tabelatd2"&gt;3-Cicrano de Tal (222.222.222-22)&lt;/td&gt;
		&lt;td class="tabelatd2"&gt;Rua Amauri Dal Pont, 88&lt;/td&gt;
		&lt;td class="tabelatd2"&gt;Criciúma/SC&lt;/td&gt;
		&lt;td class="tabelatd2"&gt;23F&lt;/td&gt;
		&lt;td class="tabelatd2"&gt;267&lt;/td&gt;
		&lt;td class="tabelatd2"&gt;Tipo Cobranca&lt;/td&gt;
		&lt;td class="tabelatd2"&gt;11/10/2018&lt;/td&gt;
		&lt;td class="tabelatd2"&gt;110.00&lt;/td&gt;
		&lt;td class="tabelatd2"&gt;0.00&lt;/td&gt;
		&lt;td class="tabelatd2"&gt;0.00&lt;/td&gt;
		&lt;td class="tabelatd2"&gt;0.00&lt;/td&gt;
		&lt;td class="tabelatd2"&gt;&lt;br&gt;&lt;br&gt;&lt;/td&gt;
	&lt;/tr&gt;
	&lt;tr&gt;
		&lt;td class="tabelatd1"&gt;3-Cicrano de Tal (222.222.222-22)&lt;/td&gt;
		&lt;td class="tabelatd1"&gt;Rua Amauri Dal Pont, 88&lt;/td&gt;
		&lt;td class="tabelatd1"&gt;Criciúma/SC&lt;/td&gt;
		&lt;td class="tabelatd1"&gt;23F&lt;/td&gt;
		&lt;td class="tabelatd1"&gt;293&lt;/td&gt;
		&lt;td class="tabelatd1"&gt;Tipo Cobranca&lt;/td&gt;
		&lt;td class="tabelatd1"&gt;11/10/2018&lt;/td&gt;
		&lt;td class="tabelatd1"&gt;110.00&lt;/td&gt;
		&lt;td class="tabelatd1"&gt;0.00&lt;/td&gt;
		&lt;td class="tabelatd1"&gt;0.00&lt;/td&gt;
		&lt;td class="tabelatd1"&gt;0.00&lt;/td&gt;
		&lt;td class="tabelatd1"&gt;&lt;br&gt;&lt;br&gt;&lt;/td&gt;
	&lt;/tr&gt;
	&lt;tr&gt;
		&lt;td class="tabelatd2"&gt;3-Cicrano de Tal (222.222.222-22)&lt;/td&gt;
		&lt;td class="tabelatd2"&gt;Rua Amauri Dal Pont, 88&lt;/td&gt;
		&lt;td class="tabelatd2"&gt;Criciúma/SC&lt;/td&gt;
		&lt;td class="tabelatd2"&gt;23F&lt;/td&gt;
		&lt;td class="tabelatd2"&gt;321&lt;/td&gt;
		&lt;td class="tabelatd2"&gt;Tipo Cobranca&lt;/td&gt;
		&lt;td class="tabelatd2"&gt;11/10/2018&lt;/td&gt;
		&lt;td class="tabelatd2"&gt;110.00&lt;/td&gt;
		&lt;td class="tabelatd2"&gt;0.00&lt;/td&gt;
		&lt;td class="tabelatd2"&gt;0.00&lt;/td&gt;
		&lt;td class="tabelatd2"&gt;0.00&lt;/td&gt;
		&lt;td class="tabelatd2"&gt;&lt;br&gt;&lt;br&gt;&lt;/td&gt;
	&lt;/tr&gt;
	&lt;tr&gt;
		&lt;td class="tabelatd1"&gt;3-Cicrano de Tal (222.222.222-22)&lt;/td&gt;
		&lt;td class="tabelatd1"&gt;Rua Amauri Dal Pont, 88&lt;/td&gt;
		&lt;td class="tabelatd1"&gt;Criciúma/SC&lt;/td&gt;
		&lt;td class="tabelatd1"&gt;23F&lt;/td&gt;
		&lt;td class="tabelatd1"&gt;351&lt;/td&gt;
		&lt;td class="tabelatd1"&gt;Tipo Cobranca&lt;/td&gt;
		&lt;td class="tabelatd1"&gt;11/10/2018&lt;/td&gt;
		&lt;td class="tabelatd1"&gt;110.00&lt;/td&gt;
		&lt;td class="tabelatd1"&gt;0.00&lt;/td&gt;
		&lt;td class="tabelatd1"&gt;0.00&lt;/td&gt;
		&lt;td class="tabelatd1"&gt;0.00&lt;/td&gt;
		&lt;td class="tabelatd1"&gt;&lt;br&gt;&lt;br&gt;&lt;/td&gt;
	&lt;/tr&gt;
	&lt;tr&gt;
		&lt;td class="tabelatd2"&gt;3-Cicrano de Tal (222.222.222-22)&lt;/td&gt;
		&lt;td class="tabelatd2"&gt;Rua Amauri Dal Pont, 88&lt;/td&gt;
		&lt;td class="tabelatd2"&gt;Criciúma/SC&lt;/td&gt;
		&lt;td class="tabelatd2"&gt;23F&lt;/td&gt;
		&lt;td class="tabelatd2"&gt;383&lt;/td&gt;
		&lt;td class="tabelatd2"&gt;Tipo Cobranca&lt;/td&gt;
		&lt;td class="tabelatd2"&gt;11/10/2018&lt;/td&gt;
		&lt;td class="tabelatd2"&gt;110.00&lt;/td&gt;
		&lt;td class="tabelatd2"&gt;0.00&lt;/td&gt;
		&lt;td class="tabelatd2"&gt;0.00&lt;/td&gt;
		&lt;td class="tabelatd2"&gt;0.00&lt;/td&gt;
		&lt;td class="tabelatd2"&gt;&lt;br&gt;&lt;br&gt;&lt;/td&gt;
	&lt;/tr&gt;
	&lt;tr&gt;
		&lt;td class="tabelatd1"&gt;3-Cicrano de Tal (222.222.222-22)&lt;/td&gt;
		&lt;td class="tabelatd1"&gt;Rua Amauri Dal Pont, 88&lt;/td&gt;
		&lt;td class="tabelatd1"&gt;Criciúma/SC&lt;/td&gt;
		&lt;td class="tabelatd1"&gt;23F&lt;/td&gt;
		&lt;td class="tabelatd1"&gt;417&lt;/td&gt;
		&lt;td class="tabelatd1"&gt;Tipo Cobranca&lt;/td&gt;
		&lt;td class="tabelatd1"&gt;11/10/2018&lt;/td&gt;
		&lt;td class="tabelatd1"&gt;110.00&lt;/td&gt;
		&lt;td class="tabelatd1"&gt;0.00&lt;/td&gt;
		&lt;td class="tabelatd1"&gt;0.00&lt;/td&gt;
		&lt;td class="tabelatd1"&gt;0.00&lt;/td&gt;
		&lt;td class="tabelatd1"&gt;&lt;br&gt;&lt;br&gt;&lt;/td&gt;
	&lt;/tr&gt;
	&lt;tr&gt;
		&lt;td class="tabelatd2"&gt;3-Cicrano de Tal (222.222.222-22)&lt;/td&gt;
		&lt;td class="tabelatd2"&gt;Rua Amauri Dal Pont, 88&lt;/td&gt;
		&lt;td class="tabelatd2"&gt;Criciúma/SC&lt;/td&gt;
		&lt;td class="tabelatd2"&gt;23F&lt;/td&gt;
		&lt;td class="tabelatd2"&gt;453&lt;/td&gt;
		&lt;td class="tabelatd2"&gt;Tipo Cobranca&lt;/td&gt;
		&lt;td class="tabelatd2"&gt;11/10/2018&lt;/td&gt;
		&lt;td class="tabelatd2"&gt;110.00&lt;/td&gt;
		&lt;td class="tabelatd2"&gt;0.00&lt;/td&gt;
		&lt;td class="tabelatd2"&gt;0.00&lt;/td&gt;
		&lt;td class="tabelatd2"&gt;0.00&lt;/td&gt;
		&lt;td class="tabelatd2"&gt;&lt;br&gt;&lt;br&gt;&lt;/td&gt;
	&lt;/tr&gt;
	&lt;tr&gt;
		&lt;td class="tabelatd1"&gt;2-Fulano de Tal (111.111.111-11)&lt;/td&gt;
		&lt;td class="tabelatd1"&gt;Rua Sem Fim, N�mero zero, Bairro Normal&lt;/td&gt;
		&lt;td class="tabelatd1"&gt;Cocal do Sul/SC&lt;/td&gt;
		&lt;td class="tabelatd1"&gt;0F&lt;/td&gt;
		&lt;td class="tabelatd1"&gt;3&lt;/td&gt;
		&lt;td class="tabelatd1"&gt;Tipo Cobranca&lt;/td&gt;
		&lt;td class="tabelatd1"&gt;10/10/2018&lt;/td&gt;
		&lt;td class="tabelatd1"&gt;110.00&lt;/td&gt;
		&lt;td class="tabelatd1"&gt;0.00&lt;/td&gt;
		&lt;td class="tabelatd1"&gt;0.00&lt;/td&gt;
		&lt;td class="tabelatd1"&gt;0.00&lt;/td&gt;
		&lt;td class="tabelatd1"&gt;&lt;br&gt;&lt;br&gt;&lt;/td&gt;
	&lt;/tr&gt;
	&lt;tr&gt;
		&lt;td class="tabelatd2"&gt;2-Fulano de Tal (111.111.111-11)&lt;/td&gt;
		&lt;td class="tabelatd2"&gt;Rua Sem Fim, N�mero zero, Bairro Normal&lt;/td&gt;
		&lt;td class="tabelatd2"&gt;Cocal do Sul/SC&lt;/td&gt;
		&lt;td class="tabelatd2"&gt;0F&lt;/td&gt;
		&lt;td class="tabelatd2"&gt;7&lt;/td&gt;
		&lt;td class="tabelatd2"&gt;Tipo Cobranca&lt;/td&gt;
		&lt;td class="tabelatd2"&gt;10/10/2018&lt;/td&gt;
		&lt;td class="tabelatd2"&gt;110.00&lt;/td&gt;
		&lt;td class="tabelatd2"&gt;0.00&lt;/td&gt;
		&lt;td class="tabelatd2"&gt;0.00&lt;/td&gt;
		&lt;td class="tabelatd2"&gt;0.00&lt;/td&gt;
		&lt;td class="tabelatd2"&gt;&lt;br&gt;&lt;br&gt;&lt;/td&gt;
	&lt;/tr&gt;
	&lt;tr&gt;
		&lt;td class="tabelatd1"&gt;2-Fulano de Tal (111.111.111-11)&lt;/td&gt;
		&lt;td class="tabelatd1"&gt;Rua Sem Fim, N�mero zero, Bairro Normal&lt;/td&gt;
		&lt;td class="tabelatd1"&gt;Cocal do Sul/SC&lt;/td&gt;
		&lt;td class="tabelatd1"&gt;0F&lt;/td&gt;
		&lt;td class="tabelatd1"&gt;11&lt;/td&gt;
		&lt;td class="tabelatd1"&gt;Tipo Cobranca&lt;/td&gt;
		&lt;td class="tabelatd1"&gt;10/10/2018&lt;/td&gt;
		&lt;td class="tabelatd1"&gt;110.00&lt;/td&gt;
		&lt;td class="tabelatd1"&gt;0.00&lt;/td&gt;
		&lt;td class="tabelatd1"&gt;0.00&lt;/td&gt;
		&lt;td class="tabelatd1"&gt;0.00&lt;/td&gt;
		&lt;td class="tabelatd1"&gt;&lt;br&gt;&lt;br&gt;&lt;/td&gt;
	&lt;/tr&gt;
	&lt;tr&gt;
		&lt;td class="tabelatd2"&gt;2-Fulano de Tal (111.111.111-11)&lt;/td&gt;
		&lt;td class="tabelatd2"&gt;Rua Sem Fim, N�mero zero, Bairro Normal&lt;/td&gt;
		&lt;td class="tabelatd2"&gt;Cocal do Sul/SC&lt;/td&gt;
		&lt;td class="tabelatd2"&gt;0F&lt;/td&gt;
		&lt;td class="tabelatd2"&gt;15&lt;/td&gt;
		&lt;td class="tabelatd2"&gt;Tipo Cobranca&lt;/td&gt;
		&lt;td class="tabelatd2"&gt;10/10/2018&lt;/td&gt;
		&lt;td class="tabelatd2"&gt;110.00&lt;/td&gt;
		&lt;td class="tabelatd2"&gt;0.00&lt;/td&gt;
		&lt;td class="tabelatd2"&gt;0.00&lt;/td&gt;
		&lt;td class="tabelatd2"&gt;0.00&lt;/td&gt;
		&lt;td class="tabelatd2"&gt;&lt;br&gt;&lt;br&gt;&lt;/td&gt;
	&lt;/tr&gt;
	&lt;tr&gt;
		&lt;td class="tabelatd1"&gt;2-Fulano de Tal (111.111.111-11)&lt;/td&gt;
		&lt;td class="tabelatd1"&gt;Rua Sem Fim, N�mero zero, Bairro Normal&lt;/td&gt;
		&lt;td class="tabelatd1"&gt;Cocal do Sul/SC&lt;/td&gt;
		&lt;td class="tabelatd1"&gt;0F&lt;/td&gt;
		&lt;td class="tabelatd1"&gt;19&lt;/td&gt;
		&lt;td class="tabelatd1"&gt;Tipo Cobranca&lt;/td&gt;
		&lt;td class="tabelatd1"&gt;10/10/2018&lt;/td&gt;
		&lt;td class="tabelatd1"&gt;110.00&lt;/td&gt;
		&lt;td class="tabelatd1"&gt;0.00&lt;/td&gt;
		&lt;td class="tabelatd1"&gt;0.00&lt;/td&gt;
		&lt;td class="tabelatd1"&gt;0.00&lt;/td&gt;
		&lt;td class="tabelatd1"&gt;&lt;br&gt;&lt;br&gt;&lt;/td&gt;
	&lt;/tr&gt;
	&lt;tr&gt;
		&lt;td class="tabelatd2"&gt;2-Fulano de Tal (111.111.111-11)&lt;/td&gt;
		&lt;td class="tabelatd2"&gt;Rua Sem Fim, N�mero zero, Bairro Normal&lt;/td&gt;
		&lt;td class="tabelatd2"&gt;Cocal do Sul/SC&lt;/td&gt;
		&lt;td class="tabelatd2"&gt;0F&lt;/td&gt;
		&lt;td class="tabelatd2"&gt;23&lt;/td&gt;
		&lt;td class="tabelatd2"&gt;Tipo Cobranca&lt;/td&gt;
		&lt;td class="tabelatd2"&gt;10/10/2018&lt;/td&gt;
		&lt;td class="tabelatd2"&gt;110.00&lt;/td&gt;
		&lt;td class="tabelatd2"&gt;0.00&lt;/td&gt;
		&lt;td class="tabelatd2"&gt;0.00&lt;/td&gt;
		&lt;td class="tabelatd2"&gt;0.00&lt;/td&gt;
		&lt;td class="tabelatd2"&gt;&lt;br&gt;&lt;br&gt;&lt;/td&gt;
	&lt;/tr&gt;
	&lt;tr&gt;
		&lt;td class="tabelatd1"&gt;2-Fulano de Tal (111.111.111-11)&lt;/td&gt;
		&lt;td class="tabelatd1"&gt;Rua Sem Fim, N�mero zero, Bairro Normal&lt;/td&gt;
		&lt;td class="tabelatd1"&gt;Cocal do Sul/SC&lt;/td&gt;
		&lt;td class="tabelatd1"&gt;0F&lt;/td&gt;
		&lt;td class="tabelatd1"&gt;27&lt;/td&gt;
		&lt;td class="tabelatd1"&gt;Tipo Cobranca&lt;/td&gt;
		&lt;td class="tabelatd1"&gt;10/10/2018&lt;/td&gt;
		&lt;td class="tabelatd1"&gt;110.00&lt;/td&gt;
		&lt;td class="tabelatd1"&gt;0.00&lt;/td&gt;
		&lt;td class="tabelatd1"&gt;0.00&lt;/td&gt;
		&lt;td class="tabelatd1"&gt;0.00&lt;/td&gt;
		&lt;td class="tabelatd1"&gt;&lt;br&gt;&lt;br&gt;&lt;/td&gt;
	&lt;/tr&gt;
	&lt;tr&gt;
		&lt;td class="tabelatd2"&gt;2-Fulano de Tal (111.111.111-11)&lt;/td&gt;
		&lt;td class="tabelatd2"&gt;Rua Sem Fim, N�mero zero, Bairro Normal&lt;/td&gt;
		&lt;td class="tabelatd2"&gt;Cocal do Sul/SC&lt;/td&gt;
		&lt;td class="tabelatd2"&gt;0F&lt;/td&gt;
		&lt;td class="tabelatd2"&gt;34&lt;/td&gt;
		&lt;td class="tabelatd2"&gt;Tipo Cobranca&lt;/td&gt;
		&lt;td class="tabelatd2"&gt;10/10/2018&lt;/td&gt;
		&lt;td class="tabelatd2"&gt;110.00&lt;/td&gt;
		&lt;td class="tabelatd2"&gt;0.00&lt;/td&gt;
		&lt;td class="tabelatd2"&gt;0.00&lt;/td&gt;
		&lt;td class="tabelatd2"&gt;0.00&lt;/td&gt;
		&lt;td class="tabelatd2"&gt;&lt;br&gt;&lt;br&gt;&lt;/td&gt;
	&lt;/tr&gt;
	&lt;tr&gt;
		&lt;td class="tabelatd1"&gt;2-Fulano de Tal (111.111.111-11)&lt;/td&gt;
		&lt;td class="tabelatd1"&gt;Rua Sem Fim, N�mero zero, Bairro Normal&lt;/td&gt;
		&lt;td class="tabelatd1"&gt;Cocal do Sul/SC&lt;/td&gt;
		&lt;td class="tabelatd1"&gt;0F&lt;/td&gt;
		&lt;td class="tabelatd1"&gt;42&lt;/td&gt;
		&lt;td class="tabelatd1"&gt;Tipo Cobranca&lt;/td&gt;
		&lt;td class="tabelatd1"&gt;10/10/2018&lt;/td&gt;
		&lt;td class="tabelatd1"&gt;110.00&lt;/td&gt;
		&lt;td class="tabelatd1"&gt;0.00&lt;/td&gt;
		&lt;td class="tabelatd1"&gt;0.00&lt;/td&gt;
		&lt;td class="tabelatd1"&gt;0.00&lt;/td&gt;
		&lt;td class="tabelatd1"&gt;&lt;br&gt;&lt;br&gt;&lt;/td&gt;
	&lt;/tr&gt;
	&lt;tr&gt;
		&lt;td class="tabelatd2"&gt;2-Fulano de Tal (111.111.111-11)&lt;/td&gt;
		&lt;td class="tabelatd2"&gt;Rua Sem Fim, N�mero zero, Bairro Normal&lt;/td&gt;
		&lt;td class="tabelatd2"&gt;Cocal do Sul/SC&lt;/td&gt;
		&lt;td class="tabelatd2"&gt;0F&lt;/td&gt;
		&lt;td class="tabelatd2"&gt;53&lt;/td&gt;
		&lt;td class="tabelatd2"&gt;Tipo Cobranca&lt;/td&gt;
		&lt;td class="tabelatd2"&gt;10/10/2018&lt;/td&gt;
		&lt;td class="tabelatd2"&gt;110.00&lt;/td&gt;
		&lt;td class="tabelatd2"&gt;0.00&lt;/td&gt;
		&lt;td class="tabelatd2"&gt;0.00&lt;/td&gt;
		&lt;td class="tabelatd2"&gt;0.00&lt;/td&gt;
		&lt;td class="tabelatd2"&gt;&lt;br&gt;&lt;br&gt;&lt;/td&gt;
	&lt;/tr&gt;
	&lt;tr&gt;
		&lt;td class="tabelatd1"&gt;2-Fulano de Tal (111.111.111-11)&lt;/td&gt;
		&lt;td class="tabelatd1"&gt;Rua Sem Fim, N�mero zero, Bairro Normal&lt;/td&gt;
		&lt;td class="tabelatd1"&gt;Cocal do Sul/SC&lt;/td&gt;
		&lt;td class="tabelatd1"&gt;0F&lt;/td&gt;
		&lt;td class="tabelatd1"&gt;66&lt;/td&gt;
		&lt;td class="tabelatd1"&gt;Tipo Cobranca&lt;/td&gt;
		&lt;td class="tabelatd1"&gt;10/10/2018&lt;/td&gt;
		&lt;td class="tabelatd1"&gt;110.00&lt;/td&gt;
		&lt;td class="tabelatd1"&gt;0.00&lt;/td&gt;
		&lt;td class="tabelatd1"&gt;0.00&lt;/td&gt;
		&lt;td class="tabelatd1"&gt;0.00&lt;/td&gt;
		&lt;td class="tabelatd1"&gt;&lt;br&gt;&lt;br&gt;&lt;/td&gt;
	&lt;/tr&gt;
	&lt;tr&gt;
		&lt;td class="tabelatd2"&gt;2-Fulano de Tal (111.111.111-11)&lt;/td&gt;
		&lt;td class="tabelatd2"&gt;Rua Sem Fim, N�mero zero, Bairro Normal&lt;/td&gt;
		&lt;td class="tabelatd2"&gt;Cocal do Sul/SC&lt;/td&gt;
		&lt;td class="tabelatd2"&gt;0F&lt;/td&gt;
		&lt;td class="tabelatd2"&gt;81&lt;/td&gt;
		&lt;td class="tabelatd2"&gt;Tipo Cobranca&lt;/td&gt;
		&lt;td class="tabelatd2"&gt;10/10/2018&lt;/td&gt;
		&lt;td class="tabelatd2"&gt;110.00&lt;/td&gt;
		&lt;td class="tabelatd2"&gt;0.00&lt;/td&gt;
		&lt;td class="tabelatd2"&gt;0.00&lt;/td&gt;
		&lt;td class="tabelatd2"&gt;0.00&lt;/td&gt;
		&lt;td class="tabelatd2"&gt;&lt;br&gt;&lt;br&gt;&lt;/td&gt;
	&lt;/tr&gt;
	&lt;tr&gt;
		&lt;td class="tabelatd1"&gt;2-Fulano de Tal (111.111.111-11)&lt;/td&gt;
		&lt;td class="tabelatd1"&gt;Rua Sem Fim, N�mero zero, Bairro Normal&lt;/td&gt;
		&lt;td class="tabelatd1"&gt;Cocal do Sul/SC&lt;/td&gt;
		&lt;td class="tabelatd1"&gt;0F&lt;/td&gt;
		&lt;td class="tabelatd1"&gt;97&lt;/td&gt;
		&lt;td class="tabelatd1"&gt;Tipo Cobranca&lt;/td&gt;
		&lt;td class="tabelatd1"&gt;10/10/2018&lt;/td&gt;
		&lt;td class="tabelatd1"&gt;110.00&lt;/td&gt;
		&lt;td class="tabelatd1"&gt;0.00&lt;/td&gt;
		&lt;td class="tabelatd1"&gt;0.00&lt;/td&gt;
		&lt;td class="tabelatd1"&gt;0.00&lt;/td&gt;
		&lt;td class="tabelatd1"&gt;&lt;br&gt;&lt;br&gt;&lt;/td&gt;
	&lt;/tr&gt;
	&lt;tr&gt;
		&lt;td class="tabelatd2"&gt;2-Fulano de Tal (111.111.111-11)&lt;/td&gt;
		&lt;td class="tabelatd2"&gt;Rua Sem Fim, N�mero zero, Bairro Normal&lt;/td&gt;
		&lt;td class="tabelatd2"&gt;Cocal do Sul/SC&lt;/td&gt;
		&lt;td class="tabelatd2"&gt;0F&lt;/td&gt;
		&lt;td class="tabelatd2"&gt;124&lt;/td&gt;
		&lt;td class="tabelatd2"&gt;Tipo Cobranca&lt;/td&gt;
		&lt;td class="tabelatd2"&gt;10/10/2018&lt;/td&gt;
		&lt;td class="tabelatd2"&gt;110.00&lt;/td&gt;
		&lt;td class="tabelatd2"&gt;0.00&lt;/td&gt;
		&lt;td class="tabelatd2"&gt;0.00&lt;/td&gt;
		&lt;td class="tabelatd2"&gt;0.00&lt;/td&gt;
		&lt;td class="tabelatd2"&gt;&lt;br&gt;&lt;br&gt;&lt;/td&gt;
	&lt;/tr&gt;
	&lt;tr&gt;
		&lt;td class="tabelatd1"&gt;2-Fulano de Tal (111.111.111-11)&lt;/td&gt;
		&lt;td class="tabelatd1"&gt;Rua Sem Fim, N�mero zero, Bairro Normal&lt;/td&gt;
		&lt;td class="tabelatd1"&gt;Cocal do Sul/SC&lt;/td&gt;
		&lt;td class="tabelatd1"&gt;0F&lt;/td&gt;
		&lt;td class="tabelatd1"&gt;148&lt;/td&gt;
		&lt;td class="tabelatd1"&gt;Tipo Cobranca&lt;/td&gt;
		&lt;td class="tabelatd1"&gt;10/10/2018&lt;/td&gt;
		&lt;td class="tabelatd1"&gt;110.00&lt;/td&gt;
		&lt;td class="tabelatd1"&gt;0.00&lt;/td&gt;
		&lt;td class="tabelatd1"&gt;0.00&lt;/td&gt;
		&lt;td class="tabelatd1"&gt;0.00&lt;/td&gt;
		&lt;td class="tabelatd1"&gt;&lt;br&gt;&lt;br&gt;&lt;/td&gt;
	&lt;/tr&gt;
	&lt;tr&gt;
		&lt;td class="tabelatd2"&gt;2-Fulano de Tal (111.111.111-11)&lt;/td&gt;
		&lt;td class="tabelatd2"&gt;Rua Sem Fim, N�mero zero, Bairro Normal&lt;/td&gt;
		&lt;td class="tabelatd2"&gt;Cocal do Sul/SC&lt;/td&gt;
		&lt;td class="tabelatd2"&gt;0F&lt;/td&gt;
		&lt;td class="tabelatd2"&gt;168&lt;/td&gt;
		&lt;td class="tabelatd2"&gt;Tipo Cobranca&lt;/td&gt;
		&lt;td class="tabelatd2"&gt;10/10/2018&lt;/td&gt;
		&lt;td class="tabelatd2"&gt;110.00&lt;/td&gt;
		&lt;td class="tabelatd2"&gt;0.00&lt;/td&gt;
		&lt;td class="tabelatd2"&gt;0.00&lt;/td&gt;
		&lt;td class="tabelatd2"&gt;0.00&lt;/td&gt;
		&lt;td class="tabelatd2"&gt;&lt;br&gt;&lt;br&gt;&lt;/td&gt;
	&lt;/tr&gt;
	&lt;tr&gt;
		&lt;td class="tabelatd1"&gt;2-Fulano de Tal (111.111.111-11)&lt;/td&gt;
		&lt;td class="tabelatd1"&gt;Rua Sem Fim, N�mero zero, Bairro Normal&lt;/td&gt;
		&lt;td class="tabelatd1"&gt;Cocal do Sul/SC&lt;/td&gt;
		&lt;td class="tabelatd1"&gt;0F&lt;/td&gt;
		&lt;td class="tabelatd1"&gt;188&lt;/td&gt;
		&lt;td class="tabelatd1"&gt;Tipo Cobranca&lt;/td&gt;
		&lt;td class="tabelatd1"&gt;10/10/2018&lt;/td&gt;
		&lt;td class="tabelatd1"&gt;110.00&lt;/td&gt;
		&lt;td class="tabelatd1"&gt;0.00&lt;/td&gt;
		&lt;td class="tabelatd1"&gt;0.00&lt;/td&gt;
		&lt;td class="tabelatd1"&gt;0.00&lt;/td&gt;
		&lt;td class="tabelatd1"&gt;&lt;br&gt;&lt;br&gt;&lt;/td&gt;
	&lt;/tr&gt;
	&lt;tr&gt;
		&lt;td class="tabelatd2"&gt;2-Fulano de Tal (111.111.111-11)&lt;/td&gt;
		&lt;td class="tabelatd2"&gt;Rua Sem Fim, N�mero zero, Bairro Normal&lt;/td&gt;
		&lt;td class="tabelatd2"&gt;Cocal do Sul/SC&lt;/td&gt;
		&lt;td class="tabelatd2"&gt;0F&lt;/td&gt;
		&lt;td class="tabelatd2"&gt;208&lt;/td&gt;
		&lt;td class="tabelatd2"&gt;Tipo Cobranca&lt;/td&gt;
		&lt;td class="tabelatd2"&gt;10/10/2018&lt;/td&gt;
		&lt;td class="tabelatd2"&gt;110.00&lt;/td&gt;
		&lt;td class="tabelatd2"&gt;0.00&lt;/td&gt;
		&lt;td class="tabelatd2"&gt;0.00&lt;/td&gt;
		&lt;td class="tabelatd2"&gt;0.00&lt;/td&gt;
		&lt;td class="tabelatd2"&gt;&lt;br&gt;&lt;br&gt;&lt;/td&gt;
	&lt;/tr&gt;
	&lt;tr&gt;
		&lt;td class="tabelatd1"&gt;2-Fulano de Tal (111.111.111-11)&lt;/td&gt;
		&lt;td class="tabelatd1"&gt;Rua Sem Fim, N�mero zero, Bairro Normal&lt;/td&gt;
		&lt;td class="tabelatd1"&gt;Cocal do Sul/SC&lt;/td&gt;
		&lt;td class="tabelatd1"&gt;0F&lt;/td&gt;
		&lt;td class="tabelatd1"&gt;231&lt;/td&gt;
		&lt;td class="tabelatd1"&gt;Tipo Cobranca&lt;/td&gt;
		&lt;td class="tabelatd1"&gt;10/10/2018&lt;/td&gt;
		&lt;td class="tabelatd1"&gt;110.00&lt;/td&gt;
		&lt;td class="tabelatd1"&gt;0.00&lt;/td&gt;
		&lt;td class="tabelatd1"&gt;0.00&lt;/td&gt;
		&lt;td class="tabelatd1"&gt;0.00&lt;/td&gt;
		&lt;td class="tabelatd1"&gt;&lt;br&gt;&lt;br&gt;&lt;/td&gt;
	&lt;/tr&gt;
	&lt;tr&gt;
		&lt;td class="tabelatd2"&gt;2-Fulano de Tal (111.111.111-11)&lt;/td&gt;
		&lt;td class="tabelatd2"&gt;Rua Sem Fim, N�mero zero, Bairro Normal&lt;/td&gt;
		&lt;td class="tabelatd2"&gt;Cocal do Sul/SC&lt;/td&gt;
		&lt;td class="tabelatd2"&gt;0F&lt;/td&gt;
		&lt;td class="tabelatd2"&gt;254&lt;/td&gt;
		&lt;td class="tabelatd2"&gt;Tipo Cobranca&lt;/td&gt;
		&lt;td class="tabelatd2"&gt;10/10/2018&lt;/td&gt;
		&lt;td class="tabelatd2"&gt;110.00&lt;/td&gt;
		&lt;td class="tabelatd2"&gt;0.00&lt;/td&gt;
		&lt;td class="tabelatd2"&gt;0.00&lt;/td&gt;
		&lt;td class="tabelatd2"&gt;0.00&lt;/td&gt;
		&lt;td class="tabelatd2"&gt;&lt;br&gt;&lt;br&gt;&lt;/td&gt;
	&lt;/tr&gt;
	&lt;tr&gt;
		&lt;td class="tabelatd1"&gt;2-Fulano de Tal (111.111.111-11)&lt;/td&gt;
		&lt;td class="tabelatd1"&gt;Rua Sem Fim, N�mero zero, Bairro Normal&lt;/td&gt;
		&lt;td class="tabelatd1"&gt;Cocal do Sul/SC&lt;/td&gt;
		&lt;td class="tabelatd1"&gt;0F&lt;/td&gt;
		&lt;td class="tabelatd1"&gt;279&lt;/td&gt;
		&lt;td class="tabelatd1"&gt;Tipo Cobranca&lt;/td&gt;
		&lt;td class="tabelatd1"&gt;10/10/2018&lt;/td&gt;
		&lt;td class="tabelatd1"&gt;110.00&lt;/td&gt;
		&lt;td class="tabelatd1"&gt;0.00&lt;/td&gt;
		&lt;td class="tabelatd1"&gt;0.00&lt;/td&gt;
		&lt;td class="tabelatd1"&gt;0.00&lt;/td&gt;
		&lt;td class="tabelatd1"&gt;&lt;br&gt;&lt;br&gt;&lt;/td&gt;
	&lt;/tr&gt;
	&lt;tr&gt;
		&lt;td class="tabelatd2"&gt;2-Fulano de Tal (111.111.111-11)&lt;/td&gt;
		&lt;td class="tabelatd2"&gt;Rua Sem Fim, N�mero zero, Bairro Normal&lt;/td&gt;
		&lt;td class="tabelatd2"&gt;Cocal do Sul/SC&lt;/td&gt;
		&lt;td class="tabelatd2"&gt;0F&lt;/td&gt;
		&lt;td class="tabelatd2"&gt;306&lt;/td&gt;
		&lt;td class="tabelatd2"&gt;Tipo Cobranca&lt;/td&gt;
		&lt;td class="tabelatd2"&gt;10/10/2018&lt;/td&gt;
		&lt;td class="tabelatd2"&gt;110.00&lt;/td&gt;
		&lt;td class="tabelatd2"&gt;0.00&lt;/td&gt;
		&lt;td class="tabelatd2"&gt;0.00&lt;/td&gt;
		&lt;td class="tabelatd2"&gt;0.00&lt;/td&gt;
		&lt;td class="tabelatd2"&gt;&lt;br&gt;&lt;br&gt;&lt;/td&gt;
	&lt;/tr&gt;
	&lt;tr&gt;
		&lt;td class="tabelatd1"&gt;2-Fulano de Tal (111.111.111-11)&lt;/td&gt;
		&lt;td class="tabelatd1"&gt;Rua Sem Fim, N�mero zero, Bairro Normal&lt;/td&gt;
		&lt;td class="tabelatd1"&gt;Cocal do Sul/SC&lt;/td&gt;
		&lt;td class="tabelatd1"&gt;0F&lt;/td&gt;
		&lt;td class="tabelatd1"&gt;335&lt;/td&gt;
		&lt;td class="tabelatd1"&gt;Tipo Cobranca&lt;/td&gt;
		&lt;td class="tabelatd1"&gt;10/10/2018&lt;/td&gt;
		&lt;td class="tabelatd1"&gt;110.00&lt;/td&gt;
		&lt;td class="tabelatd1"&gt;0.00&lt;/td&gt;
		&lt;td class="tabelatd1"&gt;0.00&lt;/td&gt;
		&lt;td class="tabelatd1"&gt;0.00&lt;/td&gt;
		&lt;td class="tabelatd1"&gt;&lt;br&gt;&lt;br&gt;&lt;/td&gt;
	&lt;/tr&gt;
	&lt;tr&gt;
		&lt;td class="tabelatd2"&gt;2-Fulano de Tal (111.111.111-11)&lt;/td&gt;
		&lt;td class="tabelatd2"&gt;Rua Sem Fim, N�mero zero, Bairro Normal&lt;/td&gt;
		&lt;td class="tabelatd2"&gt;Cocal do Sul/SC&lt;/td&gt;
		&lt;td class="tabelatd2"&gt;0F&lt;/td&gt;
		&lt;td class="tabelatd2"&gt;366&lt;/td&gt;
		&lt;td class="tabelatd2"&gt;Tipo Cobranca&lt;/td&gt;
		&lt;td class="tabelatd2"&gt;10/10/2018&lt;/td&gt;
		&lt;td class="tabelatd2"&gt;110.00&lt;/td&gt;
		&lt;td class="tabelatd2"&gt;0.00&lt;/td&gt;
		&lt;td class="tabelatd2"&gt;0.00&lt;/td&gt;
		&lt;td class="tabelatd2"&gt;0.00&lt;/td&gt;
		&lt;td class="tabelatd2"&gt;&lt;br&gt;&lt;br&gt;&lt;/td&gt;
	&lt;/tr&gt;
	&lt;tr&gt;
		&lt;td class="tabelatd1"&gt;2-Fulano de Tal (111.111.111-11)&lt;/td&gt;
		&lt;td class="tabelatd1"&gt;Rua Sem Fim, N�mero zero, Bairro Normal&lt;/td&gt;
		&lt;td class="tabelatd1"&gt;Cocal do Sul/SC&lt;/td&gt;
		&lt;td class="tabelatd1"&gt;0F&lt;/td&gt;
		&lt;td class="tabelatd1"&gt;399&lt;/td&gt;
		&lt;td class="tabelatd1"&gt;Tipo Cobranca&lt;/td&gt;
		&lt;td class="tabelatd1"&gt;10/10/2018&lt;/td&gt;
		&lt;td class="tabelatd1"&gt;110.00&lt;/td&gt;
		&lt;td class="tabelatd1"&gt;0.00&lt;/td&gt;
		&lt;td class="tabelatd1"&gt;0.00&lt;/td&gt;
		&lt;td class="tabelatd1"&gt;0.00&lt;/td&gt;
		&lt;td class="tabelatd1"&gt;&lt;br&gt;&lt;br&gt;&lt;/td&gt;
	&lt;/tr&gt;
	&lt;tr&gt;
		&lt;td class="tabelatd2"&gt;2-Fulano de Tal (111.111.111-11)&lt;/td&gt;
		&lt;td class="tabelatd2"&gt;Rua Sem Fim, N�mero zero, Bairro Normal&lt;/td&gt;
		&lt;td class="tabelatd2"&gt;Cocal do Sul/SC&lt;/td&gt;
		&lt;td class="tabelatd2"&gt;0F&lt;/td&gt;
		&lt;td class="tabelatd2"&gt;434&lt;/td&gt;
		&lt;td class="tabelatd2"&gt;Tipo Cobranca&lt;/td&gt;
		&lt;td class="tabelatd2"&gt;10/10/2018&lt;/td&gt;
		&lt;td class="tabelatd2"&gt;110.00&lt;/td&gt;
		&lt;td class="tabelatd2"&gt;0.00&lt;/td&gt;
		&lt;td class="tabelatd2"&gt;0.00&lt;/td&gt;
		&lt;td class="tabelatd2"&gt;0.00&lt;/td&gt;
		&lt;td class="tabelatd2"&gt;&lt;br&gt;&lt;br&gt;&lt;/td&gt;
	&lt;/tr&gt;
	&lt;tr&gt;
		&lt;td class="tabelatd1"&gt;1-Fulano de Tal (652.392.539-00)&lt;/td&gt;
		&lt;td class="tabelatd1"&gt;Rua Geral&lt;/td&gt;
		&lt;td class="tabelatd1"&gt;Criciúma/SC&lt;/td&gt;
		&lt;td class="tabelatd1"&gt;1&lt;/td&gt;
		&lt;td class="tabelatd1"&gt;2&lt;/td&gt;
		&lt;td class="tabelatd1"&gt;Tipo Cobranca&lt;/td&gt;
		&lt;td class="tabelatd1"&gt;10/10/2018&lt;/td&gt;
		&lt;td class="tabelatd1"&gt;110.00&lt;/td&gt;
		&lt;td class="tabelatd1"&gt;0.00&lt;/td&gt;
		&lt;td class="tabelatd1"&gt;0.00&lt;/td&gt;
		&lt;td class="tabelatd1"&gt;0.00&lt;/td&gt;
		&lt;td class="tabelatd1"&gt;&lt;br&gt;&lt;br&gt;&lt;/td&gt;
	&lt;/tr&gt;
	&lt;tr&gt;
		&lt;td class="tabelatd2"&gt;1-Fulano de Tal (652.392.539-00)&lt;/td&gt;
		&lt;td class="tabelatd2"&gt;Rua Geral&lt;/td&gt;
		&lt;td class="tabelatd2"&gt;Criciúma/SC&lt;/td&gt;
		&lt;td class="tabelatd2"&gt;1&lt;/td&gt;
		&lt;td class="tabelatd2"&gt;6&lt;/td&gt;
		&lt;td class="tabelatd2"&gt;Tipo Cobranca&lt;/td&gt;
		&lt;td class="tabelatd2"&gt;10/10/2018&lt;/td&gt;
		&lt;td class="tabelatd2"&gt;110.00&lt;/td&gt;
		&lt;td class="tabelatd2"&gt;0.00&lt;/td&gt;
		&lt;td class="tabelatd2"&gt;0.00&lt;/td&gt;
		&lt;td class="tabelatd2"&gt;0.00&lt;/td&gt;
		&lt;td class="tabelatd2"&gt;&lt;br&gt;&lt;br&gt;&lt;/td&gt;
	&lt;/tr&gt;
	&lt;tr&gt;
		&lt;td class="tabelatd1"&gt;1-Fulano de Tal (652.392.539-00)&lt;/td&gt;
		&lt;td class="tabelatd1"&gt;Rua Geral&lt;/td&gt;
		&lt;td class="tabelatd1"&gt;Criciúma/SC&lt;/td&gt;
		&lt;td class="tabelatd1"&gt;1&lt;/td&gt;
		&lt;td class="tabelatd1"&gt;10&lt;/td&gt;
		&lt;td class="tabelatd1"&gt;Tipo Cobranca&lt;/td&gt;
		&lt;td class="tabelatd1"&gt;10/10/2018&lt;/td&gt;
		&lt;td class="tabelatd1"&gt;110.00&lt;/td&gt;
		&lt;td class="tabelatd1"&gt;0.00&lt;/td&gt;
		&lt;td class="tabelatd1"&gt;0.00&lt;/td&gt;
		&lt;td class="tabelatd1"&gt;0.00&lt;/td&gt;
		&lt;td class="tabelatd1"&gt;&lt;br&gt;&lt;br&gt;&lt;/td&gt;
	&lt;/tr&gt;
	&lt;tr&gt;
		&lt;td class="tabelatd2"&gt;1-Fulano de Tal (652.392.539-00)&lt;/td&gt;
		&lt;td class="tabelatd2"&gt;Rua Geral&lt;/td&gt;
		&lt;td class="tabelatd2"&gt;Criciúma/SC&lt;/td&gt;
		&lt;td class="tabelatd2"&gt;1&lt;/td&gt;
		&lt;td class="tabelatd2"&gt;14&lt;/td&gt;
		&lt;td class="tabelatd2"&gt;Tipo Cobranca&lt;/td&gt;
		&lt;td class="tabelatd2"&gt;10/10/2018&lt;/td&gt;
		&lt;td class="tabelatd2"&gt;110.00&lt;/td&gt;
		&lt;td class="tabelatd2"&gt;0.00&lt;/td&gt;
		&lt;td class="tabelatd2"&gt;0.00&lt;/td&gt;
		&lt;td class="tabelatd2"&gt;0.00&lt;/td&gt;
		&lt;td class="tabelatd2"&gt;&lt;br&gt;&lt;br&gt;&lt;/td&gt;
	&lt;/tr&gt;
	&lt;tr&gt;
		&lt;td class="tabelatd1"&gt;1-Fulano de Tal (652.392.539-00)&lt;/td&gt;
		&lt;td class="tabelatd1"&gt;Rua Geral&lt;/td&gt;
		&lt;td class="tabelatd1"&gt;Criciúma/SC&lt;/td&gt;
		&lt;td class="tabelatd1"&gt;1&lt;/td&gt;
		&lt;td class="tabelatd1"&gt;18&lt;/td&gt;
		&lt;td class="tabelatd1"&gt;Tipo Cobranca&lt;/td&gt;
		&lt;td class="tabelatd1"&gt;10/10/2018&lt;/td&gt;
		&lt;td class="tabelatd1"&gt;110.00&lt;/td&gt;
		&lt;td class="tabelatd1"&gt;0.00&lt;/td&gt;
		&lt;td class="tabelatd1"&gt;0.00&lt;/td&gt;
		&lt;td class="tabelatd1"&gt;0.00&lt;/td&gt;
		&lt;td class="tabelatd1"&gt;&lt;br&gt;&lt;br&gt;&lt;/td&gt;
	&lt;/tr&gt;
	&lt;tr&gt;
		&lt;td class="tabelatd2"&gt;1-Fulano de Tal (652.392.539-00)&lt;/td&gt;
		&lt;td class="tabelatd2"&gt;Rua Geral&lt;/td&gt;
		&lt;td class="tabelatd2"&gt;Criciúma/SC&lt;/td&gt;
		&lt;td class="tabelatd2"&gt;1&lt;/td&gt;
		&lt;td class="tabelatd2"&gt;22&lt;/td&gt;
		&lt;td class="tabelatd2"&gt;Tipo Cobranca&lt;/td&gt;
		&lt;td class="tabelatd2"&gt;10/10/2018&lt;/td&gt;
		&lt;td class="tabelatd2"&gt;110.00&lt;/td&gt;
		&lt;td class="tabelatd2"&gt;0.00&lt;/td&gt;
		&lt;td class="tabelatd2"&gt;0.00&lt;/td&gt;
		&lt;td class="tabelatd2"&gt;0.00&lt;/td&gt;
		&lt;td class="tabelatd2"&gt;&lt;br&gt;&lt;br&gt;&lt;/td&gt;
	&lt;/tr&gt;
	&lt;tr&gt;
		&lt;td class="tabelatd1"&gt;1-Fulano de Tal (652.392.539-00)&lt;/td&gt;
		&lt;td class="tabelatd1"&gt;Rua Geral&lt;/td&gt;
		&lt;td class="tabelatd1"&gt;Criciúma/SC&lt;/td&gt;
		&lt;td class="tabelatd1"&gt;1&lt;/td&gt;
		&lt;td class="tabelatd1"&gt;26&lt;/td&gt;
		&lt;td class="tabelatd1"&gt;Tipo Cobranca&lt;/td&gt;
		&lt;td class="tabelatd1"&gt;10/10/2018&lt;/td&gt;
		&lt;td class="tabelatd1"&gt;110.00&lt;/td&gt;
		&lt;td class="tabelatd1"&gt;0.00&lt;/td&gt;
		&lt;td class="tabelatd1"&gt;0.00&lt;/td&gt;
		&lt;td class="tabelatd1"&gt;0.00&lt;/td&gt;
		&lt;td class="tabelatd1"&gt;&lt;br&gt;&lt;br&gt;&lt;/td&gt;
	&lt;/tr&gt;
	&lt;tr&gt;
		&lt;td class="tabelatd2"&gt;1-Fulano de Tal (652.392.539-00)&lt;/td&gt;
		&lt;td class="tabelatd2"&gt;Rua Geral&lt;/td&gt;
		&lt;td class="tabelatd2"&gt;Criciúma/SC&lt;/td&gt;
		&lt;td class="tabelatd2"&gt;1&lt;/td&gt;
		&lt;td class="tabelatd2"&gt;33&lt;/td&gt;
		&lt;td class="tabelatd2"&gt;Tipo Cobranca&lt;/td&gt;
		&lt;td class="tabelatd2"&gt;10/10/2018&lt;/td&gt;
		&lt;td class="tabelatd2"&gt;110.00&lt;/td&gt;
		&lt;td class="tabelatd2"&gt;0.00&lt;/td&gt;
		&lt;td class="tabelatd2"&gt;0.00&lt;/td&gt;
		&lt;td class="tabelatd2"&gt;0.00&lt;/td&gt;
		&lt;td class="tabelatd2"&gt;&lt;br&gt;&lt;br&gt;&lt;/td&gt;
	&lt;/tr&gt;
	&lt;tr&gt;
		&lt;td class="tabelatd1"&gt;1-Fulano de Tal (652.392.539-00)&lt;/td&gt;
		&lt;td class="tabelatd1"&gt;Rua Geral&lt;/td&gt;
		&lt;td class="tabelatd1"&gt;Criciúma/SC&lt;/td&gt;
		&lt;td class="tabelatd1"&gt;1&lt;/td&gt;
		&lt;td class="tabelatd1"&gt;41&lt;/td&gt;
		&lt;td class="tabelatd1"&gt;Tipo Cobranca&lt;/td&gt;
		&lt;td class="tabelatd1"&gt;10/10/2018&lt;/td&gt;
		&lt;td class="tabelatd1"&gt;110.00&lt;/td&gt;
		&lt;td class="tabelatd1"&gt;0.00&lt;/td&gt;
		&lt;td class="tabelatd1"&gt;0.00&lt;/td&gt;
		&lt;td class="tabelatd1"&gt;0.00&lt;/td&gt;
		&lt;td class="tabelatd1"&gt;&lt;br&gt;&lt;br&gt;&lt;/td&gt;
	&lt;/tr&gt;
	&lt;tr&gt;
		&lt;td class="tabelatd2"&gt;1-Fulano de Tal (652.392.539-00)&lt;/td&gt;
		&lt;td class="tabelatd2"&gt;Rua Geral&lt;/td&gt;
		&lt;td class="tabelatd2"&gt;Criciúma/SC&lt;/td&gt;
		&lt;td class="tabelatd2"&gt;1&lt;/td&gt;
		&lt;td class="tabelatd2"&gt;52&lt;/td&gt;
		&lt;td class="tabelatd2"&gt;Tipo Cobranca&lt;/td&gt;
		&lt;td class="tabelatd2"&gt;10/10/2018&lt;/td&gt;
		&lt;td class="tabelatd2"&gt;110.00&lt;/td&gt;
		&lt;td class="tabelatd2"&gt;0.00&lt;/td&gt;
		&lt;td class="tabelatd2"&gt;0.00&lt;/td&gt;
		&lt;td class="tabelatd2"&gt;0.00&lt;/td&gt;
		&lt;td class="tabelatd2"&gt;&lt;br&gt;&lt;br&gt;&lt;/td&gt;
	&lt;/tr&gt;
	&lt;tr&gt;
		&lt;td class="tabelatd1"&gt;1-Fulano de Tal (652.392.539-00)&lt;/td&gt;
		&lt;td class="tabelatd1"&gt;Rua Geral&lt;/td&gt;
		&lt;td class="tabelatd1"&gt;Criciúma/SC&lt;/td&gt;
		&lt;td class="tabelatd1"&gt;1&lt;/td&gt;
		&lt;td class="tabelatd1"&gt;65&lt;/td&gt;
		&lt;td class="tabelatd1"&gt;Tipo Cobranca&lt;/td&gt;
		&lt;td class="tabelatd1"&gt;10/10/2018&lt;/td&gt;
		&lt;td class="tabelatd1"&gt;110.00&lt;/td&gt;
		&lt;td class="tabelatd1"&gt;0.00&lt;/td&gt;
		&lt;td class="tabelatd1"&gt;0.00&lt;/td&gt;
		&lt;td class="tabelatd1"&gt;0.00&lt;/td&gt;
		&lt;td class="tabelatd1"&gt;&lt;br&gt;&lt;br&gt;&lt;/td&gt;
	&lt;/tr&gt;
	&lt;tr&gt;
		&lt;td class="tabelatd2"&gt;1-Fulano de Tal (652.392.539-00)&lt;/td&gt;
		&lt;td class="tabelatd2"&gt;Rua Geral&lt;/td&gt;
		&lt;td class="tabelatd2"&gt;Criciúma/SC&lt;/td&gt;
		&lt;td class="tabelatd2"&gt;1&lt;/td&gt;
		&lt;td class="tabelatd2"&gt;80&lt;/td&gt;
		&lt;td class="tabelatd2"&gt;Tipo Cobranca&lt;/td&gt;
		&lt;td class="tabelatd2"&gt;10/10/2018&lt;/td&gt;
		&lt;td class="tabelatd2"&gt;110.00&lt;/td&gt;
		&lt;td class="tabelatd2"&gt;0.00&lt;/td&gt;
		&lt;td class="tabelatd2"&gt;0.00&lt;/td&gt;
		&lt;td class="tabelatd2"&gt;0.00&lt;/td&gt;
		&lt;td class="tabelatd2"&gt;&lt;br&gt;&lt;br&gt;&lt;/td&gt;
	&lt;/tr&gt;
	&lt;tr&gt;
		&lt;td class="tabelatd1"&gt;1-Fulano de Tal (652.392.539-00)&lt;/td&gt;
		&lt;td class="tabelatd1"&gt;Rua Geral&lt;/td&gt;
		&lt;td class="tabelatd1"&gt;Criciúma/SC&lt;/td&gt;
		&lt;td class="tabelatd1"&gt;1&lt;/td&gt;
		&lt;td class="tabelatd1"&gt;96&lt;/td&gt;
		&lt;td class="tabelatd1"&gt;Tipo Cobranca&lt;/td&gt;
		&lt;td class="tabelatd1"&gt;10/10/2018&lt;/td&gt;
		&lt;td class="tabelatd1"&gt;110.00&lt;/td&gt;
		&lt;td class="tabelatd1"&gt;0.00&lt;/td&gt;
		&lt;td class="tabelatd1"&gt;0.00&lt;/td&gt;
		&lt;td class="tabelatd1"&gt;0.00&lt;/td&gt;
		&lt;td class="tabelatd1"&gt;&lt;br&gt;&lt;br&gt;&lt;/td&gt;
	&lt;/tr&gt;
	&lt;tr&gt;
		&lt;td class="tabelatd2"&gt;1-Fulano de Tal (652.392.539-00)&lt;/td&gt;
		&lt;td class="tabelatd2"&gt;Rua Geral&lt;/td&gt;
		&lt;td class="tabelatd2"&gt;Criciúma/SC&lt;/td&gt;
		&lt;td class="tabelatd2"&gt;1&lt;/td&gt;
		&lt;td class="tabelatd2"&gt;123&lt;/td&gt;
		&lt;td class="tabelatd2"&gt;Tipo Cobranca&lt;/td&gt;
		&lt;td class="tabelatd2"&gt;10/10/2018&lt;/td&gt;
		&lt;td class="tabelatd2"&gt;110.00&lt;/td&gt;
		&lt;td class="tabelatd2"&gt;0.00&lt;/td&gt;
		&lt;td class="tabelatd2"&gt;0.00&lt;/td&gt;
		&lt;td class="tabelatd2"&gt;0.00&lt;/td&gt;
		&lt;td class="tabelatd2"&gt;&lt;br&gt;&lt;br&gt;&lt;/td&gt;
	&lt;/tr&gt;
	&lt;tr&gt;
		&lt;td class="tabelatd1"&gt;1-Fulano de Tal (652.392.539-00)&lt;/td&gt;
		&lt;td class="tabelatd1"&gt;Rua Geral&lt;/td&gt;
		&lt;td class="tabelatd1"&gt;Criciúma/SC&lt;/td&gt;
		&lt;td class="tabelatd1"&gt;1&lt;/td&gt;
		&lt;td class="tabelatd1"&gt;147&lt;/td&gt;
		&lt;td class="tabelatd1"&gt;Tipo Cobranca&lt;/td&gt;
		&lt;td class="tabelatd1"&gt;10/10/2018&lt;/td&gt;
		&lt;td class="tabelatd1"&gt;110.00&lt;/td&gt;
		&lt;td class="tabelatd1"&gt;0.00&lt;/td&gt;
		&lt;td class="tabelatd1"&gt;0.00&lt;/td&gt;
		&lt;td class="tabelatd1"&gt;0.00&lt;/td&gt;
		&lt;td class="tabelatd1"&gt;&lt;br&gt;&lt;br&gt;&lt;/td&gt;
	&lt;/tr&gt;
	&lt;tr&gt;
		&lt;td class="tabelatd2"&gt;1-Fulano de Tal (652.392.539-00)&lt;/td&gt;
		&lt;td class="tabelatd2"&gt;Rua Geral&lt;/td&gt;
		&lt;td class="tabelatd2"&gt;Criciúma/SC&lt;/td&gt;
		&lt;td class="tabelatd2"&gt;1&lt;/td&gt;
		&lt;td class="tabelatd2"&gt;45&lt;/td&gt;
		&lt;td class="tabelatd2"&gt;Tipo Cobranca&lt;/td&gt;
		&lt;td class="tabelatd2"&gt;10/10/2018&lt;/td&gt;
		&lt;td class="tabelatd2"&gt;110.00&lt;/td&gt;
		&lt;td class="tabelatd2"&gt;0.00&lt;/td&gt;
		&lt;td class="tabelatd2"&gt;0.00&lt;/td&gt;
		&lt;td class="tabelatd2"&gt;0.00&lt;/td&gt;
		&lt;td class="tabelatd2"&gt;&lt;br&gt;&lt;br&gt;&lt;/td&gt;
	&lt;/tr&gt;
	&lt;tr&gt;
		&lt;td class="tabelatd1"&gt;1-Fulano de Tal (652.392.539-00)&lt;/td&gt;
		&lt;td class="tabelatd1"&gt;Rua Geral&lt;/td&gt;
		&lt;td class="tabelatd1"&gt;Criciúma/SC&lt;/td&gt;
		&lt;td class="tabelatd1"&gt;1&lt;/td&gt;
		&lt;td class="tabelatd1"&gt;56&lt;/td&gt;
		&lt;td class="tabelatd1"&gt;Tipo Cobranca&lt;/td&gt;
		&lt;td class="tabelatd1"&gt;10/10/2018&lt;/td&gt;
		&lt;td class="tabelatd1"&gt;110.00&lt;/td&gt;
		&lt;td class="tabelatd1"&gt;0.00&lt;/td&gt;
		&lt;td class="tabelatd1"&gt;0.00&lt;/td&gt;
		&lt;td class="tabelatd1"&gt;0.00&lt;/td&gt;
		&lt;td class="tabelatd1"&gt;&lt;br&gt;&lt;br&gt;&lt;/td&gt;
	&lt;/tr&gt;
	&lt;tr&gt;
		&lt;td class="tabelatd2"&gt;1-Fulano de Tal (652.392.539-00)&lt;/td&gt;
		&lt;td class="tabelatd2"&gt;Rua Geral&lt;/td&gt;
		&lt;td class="tabelatd2"&gt;Criciúma/SC&lt;/td&gt;
		&lt;td class="tabelatd2"&gt;1&lt;/td&gt;
		&lt;td class="tabelatd2"&gt;69&lt;/td&gt;
		&lt;td class="tabelatd2"&gt;Tipo Cobranca&lt;/td&gt;
		&lt;td class="tabelatd2"&gt;10/10/2018&lt;/td&gt;
		&lt;td class="tabelatd2"&gt;110.00&lt;/td&gt;
		&lt;td class="tabelatd2"&gt;0.00&lt;/td&gt;
		&lt;td class="tabelatd2"&gt;0.00&lt;/td&gt;
		&lt;td class="tabelatd2"&gt;0.00&lt;/td&gt;
		&lt;td class="tabelatd2"&gt;&lt;br&gt;&lt;br&gt;&lt;/td&gt;
	&lt;/tr&gt;
	&lt;tr&gt;
		&lt;td class="tabelatd1"&gt;1-Fulano de Tal (652.392.539-00)&lt;/td&gt;
		&lt;td class="tabelatd1"&gt;Rua Geral&lt;/td&gt;
		&lt;td class="tabelatd1"&gt;Criciúma/SC&lt;/td&gt;
		&lt;td class="tabelatd1"&gt;1&lt;/td&gt;
		&lt;td class="tabelatd1"&gt;84&lt;/td&gt;
		&lt;td class="tabelatd1"&gt;Tipo Cobranca&lt;/td&gt;
		&lt;td class="tabelatd1"&gt;10/10/2018&lt;/td&gt;
		&lt;td class="tabelatd1"&gt;110.00&lt;/td&gt;
		&lt;td class="tabelatd1"&gt;0.00&lt;/td&gt;
		&lt;td class="tabelatd1"&gt;0.00&lt;/td&gt;
		&lt;td class="tabelatd1"&gt;0.00&lt;/td&gt;
		&lt;td class="tabelatd1"&gt;&lt;br&gt;&lt;br&gt;&lt;/td&gt;
	&lt;/tr&gt;
	&lt;tr&gt;
		&lt;td class="tabelatd2"&gt;1-Fulano de Tal (652.392.539-00)&lt;/td&gt;
		&lt;td class="tabelatd2"&gt;Rua Geral&lt;/td&gt;
		&lt;td class="tabelatd2"&gt;Criciúma/SC&lt;/td&gt;
		&lt;td class="tabelatd2"&gt;1&lt;/td&gt;
		&lt;td class="tabelatd2"&gt;100&lt;/td&gt;
		&lt;td class="tabelatd2"&gt;Tipo Cobranca&lt;/td&gt;
		&lt;td class="tabelatd2"&gt;10/10/2018&lt;/td&gt;
		&lt;td class="tabelatd2"&gt;110.00&lt;/td&gt;
		&lt;td class="tabelatd2"&gt;0.00&lt;/td&gt;
		&lt;td class="tabelatd2"&gt;0.00&lt;/td&gt;
		&lt;td class="tabelatd2"&gt;0.00&lt;/td&gt;
		&lt;td class="tabelatd2"&gt;&lt;br&gt;&lt;br&gt;&lt;/td&gt;
	&lt;/tr&gt;
	&lt;tr&gt;
		&lt;td class="tabelatd1"&gt;1-Fulano de Tal (652.392.539-00)&lt;/td&gt;
		&lt;td class="tabelatd1"&gt;Rua Geral&lt;/td&gt;
		&lt;td class="tabelatd1"&gt;Criciúma/SC&lt;/td&gt;
		&lt;td class="tabelatd1"&gt;1&lt;/td&gt;
		&lt;td class="tabelatd1"&gt;127&lt;/td&gt;
		&lt;td class="tabelatd1"&gt;Tipo Cobranca&lt;/td&gt;
		&lt;td class="tabelatd1"&gt;10/10/2018&lt;/td&gt;
		&lt;td class="tabelatd1"&gt;110.00&lt;/td&gt;
		&lt;td class="tabelatd1"&gt;0.00&lt;/td&gt;
		&lt;td class="tabelatd1"&gt;0.00&lt;/td&gt;
		&lt;td class="tabelatd1"&gt;0.00&lt;/td&gt;
		&lt;td class="tabelatd1"&gt;&lt;br&gt;&lt;br&gt;&lt;/td&gt;
	&lt;/tr&gt;
	&lt;tr&gt;
		&lt;td class="tabelatd2"&gt;1-Fulano de Tal (652.392.539-00)&lt;/td&gt;
		&lt;td class="tabelatd2"&gt;Rua Geral&lt;/td&gt;
		&lt;td class="tabelatd2"&gt;Criciúma/SC&lt;/td&gt;
		&lt;td class="tabelatd2"&gt;1&lt;/td&gt;
		&lt;td class="tabelatd2"&gt;151&lt;/td&gt;
		&lt;td class="tabelatd2"&gt;Tipo Cobranca&lt;/td&gt;
		&lt;td class="tabelatd2"&gt;10/10/2018&lt;/td&gt;
		&lt;td class="tabelatd2"&gt;110.00&lt;/td&gt;
		&lt;td class="tabelatd2"&gt;0.00&lt;/td&gt;
		&lt;td class="tabelatd2"&gt;0.00&lt;/td&gt;
		&lt;td class="tabelatd2"&gt;0.00&lt;/td&gt;
		&lt;td class="tabelatd2"&gt;&lt;br&gt;&lt;br&gt;&lt;/td&gt;
	&lt;/tr&gt;
	&lt;tr&gt;
		&lt;td class="tabelatd1"&gt;1-Fulano de Tal (652.392.539-00)&lt;/td&gt;
		&lt;td class="tabelatd1"&gt;Rua Geral&lt;/td&gt;
		&lt;td class="tabelatd1"&gt;Criciúma/SC&lt;/td&gt;
		&lt;td class="tabelatd1"&gt;1&lt;/td&gt;
		&lt;td class="tabelatd1"&gt;57&lt;/td&gt;
		&lt;td class="tabelatd1"&gt;Tipo Cobranca&lt;/td&gt;
		&lt;td class="tabelatd1"&gt;10/10/2018&lt;/td&gt;
		&lt;td class="tabelatd1"&gt;110.00&lt;/td&gt;
		&lt;td class="tabelatd1"&gt;0.00&lt;/td&gt;
		&lt;td class="tabelatd1"&gt;0.00&lt;/td&gt;
		&lt;td class="tabelatd1"&gt;0.00&lt;/td&gt;
		&lt;td class="tabelatd1"&gt;&lt;br&gt;&lt;br&gt;&lt;/td&gt;
	&lt;/tr&gt;
	&lt;tr&gt;
		&lt;td class="tabelatd2"&gt;1-Fulano de Tal (652.392.539-00)&lt;/td&gt;
		&lt;td class="tabelatd2"&gt;Rua Geral&lt;/td&gt;
		&lt;td class="tabelatd2"&gt;Criciúma/SC&lt;/td&gt;
		&lt;td class="tabelatd2"&gt;1&lt;/td&gt;
		&lt;td class="tabelatd2"&gt;70&lt;/td&gt;
		&lt;td class="tabelatd2"&gt;Tipo Cobranca&lt;/td&gt;
		&lt;td class="tabelatd2"&gt;10/10/2018&lt;/td&gt;
		&lt;td class="tabelatd2"&gt;110.00&lt;/td&gt;
		&lt;td class="tabelatd2"&gt;0.00&lt;/td&gt;
		&lt;td class="tabelatd2"&gt;0.00&lt;/td&gt;
		&lt;td class="tabelatd2"&gt;0.00&lt;/td&gt;
		&lt;td class="tabelatd2"&gt;&lt;br&gt;&lt;br&gt;&lt;/td&gt;
	&lt;/tr&gt;
	&lt;tr&gt;
		&lt;td class="tabelatd1"&gt;1-Fulano de Tal (652.392.539-00)&lt;/td&gt;
		&lt;td class="tabelatd1"&gt;Rua Geral&lt;/td&gt;
		&lt;td class="tabelatd1"&gt;Criciúma/SC&lt;/td&gt;
		&lt;td class="tabelatd1"&gt;1&lt;/td&gt;
		&lt;td class="tabelatd1"&gt;85&lt;/td&gt;
		&lt;td class="tabelatd1"&gt;Tipo Cobranca&lt;/td&gt;
		&lt;td class="tabelatd1"&gt;10/10/2018&lt;/td&gt;
		&lt;td class="tabelatd1"&gt;110.00&lt;/td&gt;
		&lt;td class="tabelatd1"&gt;0.00&lt;/td&gt;
		&lt;td class="tabelatd1"&gt;0.00&lt;/td&gt;
		&lt;td class="tabelatd1"&gt;0.00&lt;/td&gt;
		&lt;td class="tabelatd1"&gt;&lt;br&gt;&lt;br&gt;&lt;/td&gt;
	&lt;/tr&gt;
	&lt;tr&gt;
		&lt;td class="tabelatd2"&gt;1-Fulano de Tal (652.392.539-00)&lt;/td&gt;
		&lt;td class="tabelatd2"&gt;Rua Geral&lt;/td&gt;
		&lt;td class="tabelatd2"&gt;Criciúma/SC&lt;/td&gt;
		&lt;td class="tabelatd2"&gt;1&lt;/td&gt;
		&lt;td class="tabelatd2"&gt;101&lt;/td&gt;
		&lt;td class="tabelatd2"&gt;Tipo Cobranca&lt;/td&gt;
		&lt;td class="tabelatd2"&gt;10/10/2018&lt;/td&gt;
		&lt;td class="tabelatd2"&gt;110.00&lt;/td&gt;
		&lt;td class="tabelatd2"&gt;0.00&lt;/td&gt;
		&lt;td class="tabelatd2"&gt;0.00&lt;/td&gt;
		&lt;td class="tabelatd2"&gt;0.00&lt;/td&gt;
		&lt;td class="tabelatd2"&gt;&lt;br&gt;&lt;br&gt;&lt;/td&gt;
	&lt;/tr&gt;
	&lt;tr&gt;
		&lt;td class="tabelatd1"&gt;1-Fulano de Tal (652.392.539-00)&lt;/td&gt;
		&lt;td class="tabelatd1"&gt;Rua Geral&lt;/td&gt;
		&lt;td class="tabelatd1"&gt;Criciúma/SC&lt;/td&gt;
		&lt;td class="tabelatd1"&gt;1&lt;/td&gt;
		&lt;td class="tabelatd1"&gt;128&lt;/td&gt;
		&lt;td class="tabelatd1"&gt;Tipo Cobranca&lt;/td&gt;
		&lt;td class="tabelatd1"&gt;10/10/2018&lt;/td&gt;
		&lt;td class="tabelatd1"&gt;110.00&lt;/td&gt;
		&lt;td class="tabelatd1"&gt;0.00&lt;/td&gt;
		&lt;td class="tabelatd1"&gt;0.00&lt;/td&gt;
		&lt;td class="tabelatd1"&gt;0.00&lt;/td&gt;
		&lt;td class="tabelatd1"&gt;&lt;br&gt;&lt;br&gt;&lt;/td&gt;
	&lt;/tr&gt;
	&lt;tr&gt;
		&lt;td class="tabelatd2"&gt;1-Fulano de Tal (652.392.539-00)&lt;/td&gt;
		&lt;td class="tabelatd2"&gt;Rua Geral&lt;/td&gt;
		&lt;td class="tabelatd2"&gt;Criciúma/SC&lt;/td&gt;
		&lt;td class="tabelatd2"&gt;1&lt;/td&gt;
		&lt;td class="tabelatd2"&gt;152&lt;/td&gt;
		&lt;td class="tabelatd2"&gt;Tipo Cobranca&lt;/td&gt;
		&lt;td class="tabelatd2"&gt;10/10/2018&lt;/td&gt;
		&lt;td class="tabelatd2"&gt;110.00&lt;/td&gt;
		&lt;td class="tabelatd2"&gt;0.00&lt;/td&gt;
		&lt;td class="tabelatd2"&gt;0.00&lt;/td&gt;
		&lt;td class="tabelatd2"&gt;0.00&lt;/td&gt;
		&lt;td class="tabelatd2"&gt;&lt;br&gt;&lt;br&gt;&lt;/td&gt;
	&lt;/tr&gt;
	&lt;tr&gt;
		&lt;td class="tabelatd1"&gt;1-Fulano de Tal (652.392.539-00)&lt;/td&gt;
		&lt;td class="tabelatd1"&gt;Rua Geral&lt;/td&gt;
		&lt;td class="tabelatd1"&gt;Criciúma/SC&lt;/td&gt;
		&lt;td class="tabelatd1"&gt;1&lt;/td&gt;
		&lt;td class="tabelatd1"&gt;71&lt;/td&gt;
		&lt;td class="tabelatd1"&gt;Tipo Cobranca&lt;/td&gt;
		&lt;td class="tabelatd1"&gt;10/10/2018&lt;/td&gt;
		&lt;td class="tabelatd1"&gt;110.00&lt;/td&gt;
		&lt;td class="tabelatd1"&gt;0.00&lt;/td&gt;
		&lt;td class="tabelatd1"&gt;0.00&lt;/td&gt;
		&lt;td class="tabelatd1"&gt;0.00&lt;/td&gt;
		&lt;td class="tabelatd1"&gt;&lt;br&gt;&lt;br&gt;&lt;/td&gt;
	&lt;/tr&gt;
	&lt;tr&gt;
		&lt;td class="tabelatd2"&gt;1-Fulano de Tal (652.392.539-00)&lt;/td&gt;
		&lt;td class="tabelatd2"&gt;Rua Geral&lt;/td&gt;
		&lt;td class="tabelatd2"&gt;Criciúma/SC&lt;/td&gt;
		&lt;td class="tabelatd2"&gt;1&lt;/td&gt;
		&lt;td class="tabelatd2"&gt;86&lt;/td&gt;
		&lt;td class="tabelatd2"&gt;Tipo Cobranca&lt;/td&gt;
		&lt;td class="tabelatd2"&gt;10/10/2018&lt;/td&gt;
		&lt;td class="tabelatd2"&gt;110.00&lt;/td&gt;
		&lt;td class="tabelatd2"&gt;0.00&lt;/td&gt;
		&lt;td class="tabelatd2"&gt;0.00&lt;/td&gt;
		&lt;td class="tabelatd2"&gt;0.00&lt;/td&gt;
		&lt;td class="tabelatd2"&gt;&lt;br&gt;&lt;br&gt;&lt;/td&gt;
	&lt;/tr&gt;
	&lt;tr&gt;
		&lt;td class="tabelatd1"&gt;1-Fulano de Tal (652.392.539-00)&lt;/td&gt;
		&lt;td class="tabelatd1"&gt;Rua Geral&lt;/td&gt;
		&lt;td class="tabelatd1"&gt;Criciúma/SC&lt;/td&gt;
		&lt;td class="tabelatd1"&gt;1&lt;/td&gt;
		&lt;td class="tabelatd1"&gt;102&lt;/td&gt;
		&lt;td class="tabelatd1"&gt;Tipo Cobranca&lt;/td&gt;
		&lt;td class="tabelatd1"&gt;10/10/2018&lt;/td&gt;
		&lt;td class="tabelatd1"&gt;110.00&lt;/td&gt;
		&lt;td class="tabelatd1"&gt;0.00&lt;/td&gt;
		&lt;td class="tabelatd1"&gt;0.00&lt;/td&gt;
		&lt;td class="tabelatd1"&gt;0.00&lt;/td&gt;
		&lt;td class="tabelatd1"&gt;&lt;br&gt;&lt;br&gt;&lt;/td&gt;
	&lt;/tr&gt;
	&lt;tr&gt;
		&lt;td class="tabelatd2"&gt;1-Fulano de Tal (652.392.539-00)&lt;/td&gt;
		&lt;td class="tabelatd2"&gt;Rua Geral&lt;/td&gt;
		&lt;td class="tabelatd2"&gt;Criciúma/SC&lt;/td&gt;
		&lt;td class="tabelatd2"&gt;1&lt;/td&gt;
		&lt;td class="tabelatd2"&gt;129&lt;/td&gt;
		&lt;td class="tabelatd2"&gt;Tipo Cobranca&lt;/td&gt;
		&lt;td class="tabelatd2"&gt;10/10/2018&lt;/td&gt;
		&lt;td class="tabelatd2"&gt;110.00&lt;/td&gt;
		&lt;td class="tabelatd2"&gt;0.00&lt;/td&gt;
		&lt;td class="tabelatd2"&gt;0.00&lt;/td&gt;
		&lt;td class="tabelatd2"&gt;0.00&lt;/td&gt;
		&lt;td class="tabelatd2"&gt;&lt;br&gt;&lt;br&gt;&lt;/td&gt;
	&lt;/tr&gt;
	&lt;tr&gt;
		&lt;td class="tabelatd1"&gt;1-Fulano de Tal (652.392.539-00)&lt;/td&gt;
		&lt;td class="tabelatd1"&gt;Rua Geral&lt;/td&gt;
		&lt;td class="tabelatd1"&gt;Criciúma/SC&lt;/td&gt;
		&lt;td class="tabelatd1"&gt;1&lt;/td&gt;
		&lt;td class="tabelatd1"&gt;153&lt;/td&gt;
		&lt;td class="tabelatd1"&gt;Tipo Cobranca&lt;/td&gt;
		&lt;td class="tabelatd1"&gt;10/10/2018&lt;/td&gt;
		&lt;td class="tabelatd1"&gt;110.00&lt;/td&gt;
		&lt;td class="tabelatd1"&gt;0.00&lt;/td&gt;
		&lt;td class="tabelatd1"&gt;0.00&lt;/td&gt;
		&lt;td class="tabelatd1"&gt;0.00&lt;/td&gt;
		&lt;td class="tabelatd1"&gt;&lt;br&gt;&lt;br&gt;&lt;/td&gt;
	&lt;/tr&gt;
	&lt;tr&gt;
		&lt;td class="tabelatd2"&gt;1-Fulano de Tal (652.392.539-00)&lt;/td&gt;
		&lt;td class="tabelatd2"&gt;Rua Geral&lt;/td&gt;
		&lt;td class="tabelatd2"&gt;Criciúma/SC&lt;/td&gt;
		&lt;td class="tabelatd2"&gt;1&lt;/td&gt;
		&lt;td class="tabelatd2"&gt;87&lt;/td&gt;
		&lt;td class="tabelatd2"&gt;Tipo Cobranca&lt;/td&gt;
		&lt;td class="tabelatd2"&gt;10/10/2018&lt;/td&gt;
		&lt;td class="tabelatd2"&gt;110.00&lt;/td&gt;
		&lt;td class="tabelatd2"&gt;0.00&lt;/td&gt;
		&lt;td class="tabelatd2"&gt;0.00&lt;/td&gt;
		&lt;td class="tabelatd2"&gt;0.00&lt;/td&gt;
		&lt;td class="tabelatd2"&gt;&lt;br&gt;&lt;br&gt;&lt;/td&gt;
	&lt;/tr&gt;
	&lt;tr&gt;
		&lt;td class="tabelatd1"&gt;1-Fulano de Tal (652.392.539-00)&lt;/td&gt;
		&lt;td class="tabelatd1"&gt;Rua Geral&lt;/td&gt;
		&lt;td class="tabelatd1"&gt;Criciúma/SC&lt;/td&gt;
		&lt;td class="tabelatd1"&gt;1&lt;/td&gt;
		&lt;td class="tabelatd1"&gt;103&lt;/td&gt;
		&lt;td class="tabelatd1"&gt;Tipo Cobranca&lt;/td&gt;
		&lt;td class="tabelatd1"&gt;10/10/2018&lt;/td&gt;
		&lt;td class="tabelatd1"&gt;110.00&lt;/td&gt;
		&lt;td class="tabelatd1"&gt;0.00&lt;/td&gt;
		&lt;td class="tabelatd1"&gt;0.00&lt;/td&gt;
		&lt;td class="tabelatd1"&gt;0.00&lt;/td&gt;
		&lt;td class="tabelatd1"&gt;&lt;br&gt;&lt;br&gt;&lt;/td&gt;
	&lt;/tr&gt;
	&lt;tr&gt;
		&lt;td class="tabelatd2"&gt;1-Fulano de Tal (652.392.539-00)&lt;/td&gt;
		&lt;td class="tabelatd2"&gt;Rua Geral&lt;/td&gt;
		&lt;td class="tabelatd2"&gt;Criciúma/SC&lt;/td&gt;
		&lt;td class="tabelatd2"&gt;1&lt;/td&gt;
		&lt;td class="tabelatd2"&gt;130&lt;/td&gt;
		&lt;td class="tabelatd2"&gt;Tipo Cobranca&lt;/td&gt;
		&lt;td class="tabelatd2"&gt;10/10/2018&lt;/td&gt;
		&lt;td class="tabelatd2"&gt;110.00&lt;/td&gt;
		&lt;td class="tabelatd2"&gt;0.00&lt;/td&gt;
		&lt;td class="tabelatd2"&gt;0.00&lt;/td&gt;
		&lt;td class="tabelatd2"&gt;0.00&lt;/td&gt;
		&lt;td class="tabelatd2"&gt;&lt;br&gt;&lt;br&gt;&lt;/td&gt;
	&lt;/tr&gt;
	&lt;tr&gt;
		&lt;td class="tabelatd1"&gt;1-Fulano de Tal (652.392.539-00)&lt;/td&gt;
		&lt;td class="tabelatd1"&gt;Rua Geral&lt;/td&gt;
		&lt;td class="tabelatd1"&gt;Criciúma/SC&lt;/td&gt;
		&lt;td class="tabelatd1"&gt;1&lt;/td&gt;
		&lt;td class="tabelatd1"&gt;154&lt;/td&gt;
		&lt;td class="tabelatd1"&gt;Tipo Cobranca&lt;/td&gt;
		&lt;td class="tabelatd1"&gt;10/10/2018&lt;/td&gt;
		&lt;td class="tabelatd1"&gt;110.00&lt;/td&gt;
		&lt;td class="tabelatd1"&gt;0.00&lt;/td&gt;
		&lt;td class="tabelatd1"&gt;0.00&lt;/td&gt;
		&lt;td class="tabelatd1"&gt;0.00&lt;/td&gt;
		&lt;td class="tabelatd1"&gt;&lt;br&gt;&lt;br&gt;&lt;/td&gt;
	&lt;/tr&gt;
	&lt;tr&gt;
		&lt;td class="tabelatd2"&gt;1-Fulano de Tal (652.392.539-00)&lt;/td&gt;
		&lt;td class="tabelatd2"&gt;Rua Geral&lt;/td&gt;
		&lt;td class="tabelatd2"&gt;Criciúma/SC&lt;/td&gt;
		&lt;td class="tabelatd2"&gt;1&lt;/td&gt;
		&lt;td class="tabelatd2"&gt;131&lt;/td&gt;
		&lt;td class="tabelatd2"&gt;Tipo Cobranca&lt;/td&gt;
		&lt;td class="tabelatd2"&gt;10/10/2018&lt;/td&gt;
		&lt;td class="tabelatd2"&gt;110.00&lt;/td&gt;
		&lt;td class="tabelatd2"&gt;0.00&lt;/td&gt;
		&lt;td class="tabelatd2"&gt;0.00&lt;/td&gt;
		&lt;td class="tabelatd2"&gt;0.00&lt;/td&gt;
		&lt;td class="tabelatd2"&gt;&lt;br&gt;&lt;br&gt;&lt;/td&gt;
	&lt;/tr&gt;
	&lt;tr&gt;
		&lt;td class="tabelatd1"&gt;1-Fulano de Tal (652.392.539-00)&lt;/td&gt;
		&lt;td class="tabelatd1"&gt;Rua Geral&lt;/td&gt;
		&lt;td class="tabelatd1"&gt;Criciúma/SC&lt;/td&gt;
		&lt;td class="tabelatd1"&gt;1&lt;/td&gt;
		&lt;td class="tabelatd1"&gt;155&lt;/td&gt;
		&lt;td class="tabelatd1"&gt;Tipo Cobranca&lt;/td&gt;
		&lt;td class="tabelatd1"&gt;10/10/2018&lt;/td&gt;
		&lt;td class="tabelatd1"&gt;110.00&lt;/td&gt;
		&lt;td class="tabelatd1"&gt;0.00&lt;/td&gt;
		&lt;td class="tabelatd1"&gt;0.00&lt;/td&gt;
		&lt;td class="tabelatd1"&gt;0.00&lt;/td&gt;
		&lt;td class="tabelatd1"&gt;&lt;br&gt;&lt;br&gt;&lt;/td&gt;
	&lt;/tr&gt;
	&lt;tr&gt;
		&lt;td class="tabelatd2"&gt;1-Fulano de Tal (652.392.539-00)&lt;/td&gt;
		&lt;td class="tabelatd2"&gt;Rua Geral&lt;/td&gt;
		&lt;td class="tabelatd2"&gt;Criciúma/SC&lt;/td&gt;
		&lt;td class="tabelatd2"&gt;1&lt;/td&gt;
		&lt;td class="tabelatd2"&gt;156&lt;/td&gt;
		&lt;td class="tabelatd2"&gt;Tipo Cobranca&lt;/td&gt;
		&lt;td class="tabelatd2"&gt;10/10/2018&lt;/td&gt;
		&lt;td class="tabelatd2"&gt;110.00&lt;/td&gt;
		&lt;td class="tabelatd2"&gt;0.00&lt;/td&gt;
		&lt;td class="tabelatd2"&gt;0.00&lt;/td&gt;
		&lt;td class="tabelatd2"&gt;0.00&lt;/td&gt;
		&lt;td class="tabelatd2"&gt;&lt;br&gt;&lt;br&gt;&lt;/td&gt;
	&lt;/tr&gt;
	&lt;tr&gt;
		&lt;td class="tabelatd1"&gt;1-Fulano de Tal (652.392.539-00)&lt;/td&gt;
		&lt;td class="tabelatd1"&gt;Rua Geral&lt;/td&gt;
		&lt;td class="tabelatd1"&gt;Criciúma/SC&lt;/td&gt;
		&lt;td class="tabelatd1"&gt;1&lt;/td&gt;
		&lt;td class="tabelatd1"&gt;167&lt;/td&gt;
		&lt;td class="tabelatd1"&gt;Tipo Cobranca&lt;/td&gt;
		&lt;td class="tabelatd1"&gt;10/10/2018&lt;/td&gt;
		&lt;td class="tabelatd1"&gt;110.00&lt;/td&gt;
		&lt;td class="tabelatd1"&gt;0.00&lt;/td&gt;
		&lt;td class="tabelatd1"&gt;0.00&lt;/td&gt;
		&lt;td class="tabelatd1"&gt;0.00&lt;/td&gt;
		&lt;td class="tabelatd1"&gt;&lt;br&gt;&lt;br&gt;&lt;/td&gt;
	&lt;/tr&gt;
	&lt;tr&gt;
		&lt;td class="tabelatd2"&gt;1-Fulano de Tal (652.392.539-00)&lt;/td&gt;
		&lt;td class="tabelatd2"&gt;Rua Geral&lt;/td&gt;
		&lt;td class="tabelatd2"&gt;Criciúma/SC&lt;/td&gt;
		&lt;td class="tabelatd2"&gt;1&lt;/td&gt;
		&lt;td class="tabelatd2"&gt;187&lt;/td&gt;
		&lt;td class="tabelatd2"&gt;Tipo Cobranca&lt;/td&gt;
		&lt;td class="tabelatd2"&gt;10/10/2018&lt;/td&gt;
		&lt;td class="tabelatd2"&gt;110.00&lt;/td&gt;
		&lt;td class="tabelatd2"&gt;0.00&lt;/td&gt;
		&lt;td class="tabelatd2"&gt;0.00&lt;/td&gt;
		&lt;td class="tabelatd2"&gt;0.00&lt;/td&gt;
		&lt;td class="tabelatd2"&gt;&lt;br&gt;&lt;br&gt;&lt;/td&gt;
	&lt;/tr&gt;
	&lt;tr&gt;
		&lt;td class="tabelatd1"&gt;1-Fulano de Tal (652.392.539-00)&lt;/td&gt;
		&lt;td class="tabelatd1"&gt;Rua Geral&lt;/td&gt;
		&lt;td class="tabelatd1"&gt;Criciúma/SC&lt;/td&gt;
		&lt;td class="tabelatd1"&gt;1&lt;/td&gt;
		&lt;td class="tabelatd1"&gt;207&lt;/td&gt;
		&lt;td class="tabelatd1"&gt;Tipo Cobranca&lt;/td&gt;
		&lt;td class="tabelatd1"&gt;10/10/2018&lt;/td&gt;
		&lt;td class="tabelatd1"&gt;110.00&lt;/td&gt;
		&lt;td class="tabelatd1"&gt;0.00&lt;/td&gt;
		&lt;td class="tabelatd1"&gt;0.00&lt;/td&gt;
		&lt;td class="tabelatd1"&gt;0.00&lt;/td&gt;
		&lt;td class="tabelatd1"&gt;&lt;br&gt;&lt;br&gt;&lt;/td&gt;
	&lt;/tr&gt;
	&lt;tr&gt;
		&lt;td class="tabelatd2"&gt;1-Fulano de Tal (652.392.539-00)&lt;/td&gt;
		&lt;td class="tabelatd2"&gt;Rua Geral&lt;/td&gt;
		&lt;td class="tabelatd2"&gt;Criciúma/SC&lt;/td&gt;
		&lt;td class="tabelatd2"&gt;1&lt;/td&gt;
		&lt;td class="tabelatd2"&gt;230&lt;/td&gt;
		&lt;td class="tabelatd2"&gt;Tipo Cobranca&lt;/td&gt;
		&lt;td class="tabelatd2"&gt;10/10/2018&lt;/td&gt;
		&lt;td class="tabelatd2"&gt;110.00&lt;/td&gt;
		&lt;td class="tabelatd2"&gt;0.00&lt;/td&gt;
		&lt;td class="tabelatd2"&gt;0.00&lt;/td&gt;
		&lt;td class="tabelatd2"&gt;0.00&lt;/td&gt;
		&lt;td class="tabelatd2"&gt;&lt;br&gt;&lt;br&gt;&lt;/td&gt;
	&lt;/tr&gt;
	&lt;tr&gt;
		&lt;td class="tabelatd1"&gt;1-Fulano de Tal (652.392.539-00)&lt;/td&gt;
		&lt;td class="tabelatd1"&gt;Rua Geral&lt;/td&gt;
		&lt;td class="tabelatd1"&gt;Criciúma/SC&lt;/td&gt;
		&lt;td class="tabelatd1"&gt;1&lt;/td&gt;
		&lt;td class="tabelatd1"&gt;253&lt;/td&gt;
		&lt;td class="tabelatd1"&gt;Tipo Cobranca&lt;/td&gt;
		&lt;td class="tabelatd1"&gt;10/10/2018&lt;/td&gt;
		&lt;td class="tabelatd1"&gt;110.00&lt;/td&gt;
		&lt;td class="tabelatd1"&gt;0.00&lt;/td&gt;
		&lt;td class="tabelatd1"&gt;0.00&lt;/td&gt;
		&lt;td class="tabelatd1"&gt;0.00&lt;/td&gt;
		&lt;td class="tabelatd1"&gt;&lt;br&gt;&lt;br&gt;&lt;/td&gt;
	&lt;/tr&gt;
	&lt;tr&gt;
		&lt;td class="tabelatd2"&gt;1-Fulano de Tal (652.392.539-00)&lt;/td&gt;
		&lt;td class="tabelatd2"&gt;Rua Geral&lt;/td&gt;
		&lt;td class="tabelatd2"&gt;Criciúma/SC&lt;/td&gt;
		&lt;td class="tabelatd2"&gt;1&lt;/td&gt;
		&lt;td class="tabelatd2"&gt;278&lt;/td&gt;
		&lt;td class="tabelatd2"&gt;Tipo Cobranca&lt;/td&gt;
		&lt;td class="tabelatd2"&gt;10/10/2018&lt;/td&gt;
		&lt;td class="tabelatd2"&gt;110.00&lt;/td&gt;
		&lt;td class="tabelatd2"&gt;0.00&lt;/td&gt;
		&lt;td class="tabelatd2"&gt;0.00&lt;/td&gt;
		&lt;td class="tabelatd2"&gt;0.00&lt;/td&gt;
		&lt;td class="tabelatd2"&gt;&lt;br&gt;&lt;br&gt;&lt;/td&gt;
	&lt;/tr&gt;
	&lt;tr&gt;
		&lt;td class="tabelatd1"&gt;1-Fulano de Tal (652.392.539-00)&lt;/td&gt;
		&lt;td class="tabelatd1"&gt;Rua Geral&lt;/td&gt;
		&lt;td class="tabelatd1"&gt;Criciúma/SC&lt;/td&gt;
		&lt;td class="tabelatd1"&gt;1&lt;/td&gt;
		&lt;td class="tabelatd1"&gt;171&lt;/td&gt;
		&lt;td class="tabelatd1"&gt;Tipo Cobranca&lt;/td&gt;
		&lt;td class="tabelatd1"&gt;10/10/2018&lt;/td&gt;
		&lt;td class="tabelatd1"&gt;110.00&lt;/td&gt;
		&lt;td class="tabelatd1"&gt;0.00&lt;/td&gt;
		&lt;td class="tabelatd1"&gt;0.00&lt;/td&gt;
		&lt;td class="tabelatd1"&gt;0.00&lt;/td&gt;
		&lt;td class="tabelatd1"&gt;&lt;br&gt;&lt;br&gt;&lt;/td&gt;
	&lt;/tr&gt;
	&lt;tr&gt;
		&lt;td class="tabelatd2"&gt;1-Fulano de Tal (652.392.539-00)&lt;/td&gt;
		&lt;td class="tabelatd2"&gt;Rua Geral&lt;/td&gt;
		&lt;td class="tabelatd2"&gt;Criciúma/SC&lt;/td&gt;
		&lt;td class="tabelatd2"&gt;1&lt;/td&gt;
		&lt;td class="tabelatd2"&gt;191&lt;/td&gt;
		&lt;td class="tabelatd2"&gt;Tipo Cobranca&lt;/td&gt;
		&lt;td class="tabelatd2"&gt;10/10/2018&lt;/td&gt;
		&lt;td class="tabelatd2"&gt;110.00&lt;/td&gt;
		&lt;td class="tabelatd2"&gt;0.00&lt;/td&gt;
		&lt;td class="tabelatd2"&gt;0.00&lt;/td&gt;
		&lt;td class="tabelatd2"&gt;0.00&lt;/td&gt;
		&lt;td class="tabelatd2"&gt;&lt;br&gt;&lt;br&gt;&lt;/td&gt;
	&lt;/tr&gt;
	&lt;tr&gt;
		&lt;td class="tabelatd1"&gt;1-Fulano de Tal (652.392.539-00)&lt;/td&gt;
		&lt;td class="tabelatd1"&gt;Rua Geral&lt;/td&gt;
		&lt;td class="tabelatd1"&gt;Criciúma/SC&lt;/td&gt;
		&lt;td class="tabelatd1"&gt;1&lt;/td&gt;
		&lt;td class="tabelatd1"&gt;211&lt;/td&gt;
		&lt;td class="tabelatd1"&gt;Tipo Cobranca&lt;/td&gt;
		&lt;td class="tabelatd1"&gt;10/10/2018&lt;/td&gt;
		&lt;td class="tabelatd1"&gt;110.00&lt;/td&gt;
		&lt;td class="tabelatd1"&gt;0.00&lt;/td&gt;
		&lt;td class="tabelatd1"&gt;0.00&lt;/td&gt;
		&lt;td class="tabelatd1"&gt;0.00&lt;/td&gt;
		&lt;td class="tabelatd1"&gt;&lt;br&gt;&lt;br&gt;&lt;/td&gt;
	&lt;/tr&gt;
	&lt;tr&gt;
		&lt;td class="tabelatd2"&gt;1-Fulano de Tal (652.392.539-00)&lt;/td&gt;
		&lt;td class="tabelatd2"&gt;Rua Geral&lt;/td&gt;
		&lt;td class="tabelatd2"&gt;Criciúma/SC&lt;/td&gt;
		&lt;td class="tabelatd2"&gt;1&lt;/td&gt;
		&lt;td class="tabelatd2"&gt;234&lt;/td&gt;
		&lt;td class="tabelatd2"&gt;Tipo Cobranca&lt;/td&gt;
		&lt;td class="tabelatd2"&gt;10/10/2018&lt;/td&gt;
		&lt;td class="tabelatd2"&gt;110.00&lt;/td&gt;
		&lt;td class="tabelatd2"&gt;0.00&lt;/td&gt;
		&lt;td class="tabelatd2"&gt;0.00&lt;/td&gt;
		&lt;td class="tabelatd2"&gt;0.00&lt;/td&gt;
		&lt;td class="tabelatd2"&gt;&lt;br&gt;&lt;br&gt;&lt;/td&gt;
	&lt;/tr&gt;
	&lt;tr&gt;
		&lt;td class="tabelatd1"&gt;1-Fulano de Tal (652.392.539-00)&lt;/td&gt;
		&lt;td class="tabelatd1"&gt;Rua Geral&lt;/td&gt;
		&lt;td class="tabelatd1"&gt;Criciúma/SC&lt;/td&gt;
		&lt;td class="tabelatd1"&gt;1&lt;/td&gt;
		&lt;td class="tabelatd1"&gt;257&lt;/td&gt;
		&lt;td class="tabelatd1"&gt;Tipo Cobranca&lt;/td&gt;
		&lt;td class="tabelatd1"&gt;10/10/2018&lt;/td&gt;
		&lt;td class="tabelatd1"&gt;110.00&lt;/td&gt;
		&lt;td class="tabelatd1"&gt;0.00&lt;/td&gt;
		&lt;td class="tabelatd1"&gt;0.00&lt;/td&gt;
		&lt;td class="tabelatd1"&gt;0.00&lt;/td&gt;
		&lt;td class="tabelatd1"&gt;&lt;br&gt;&lt;br&gt;&lt;/td&gt;
	&lt;/tr&gt;
	&lt;tr&gt;
		&lt;td class="tabelatd2"&gt;1-Fulano de Tal (652.392.539-00)&lt;/td&gt;
		&lt;td class="tabelatd2"&gt;Rua Geral&lt;/td&gt;
		&lt;td class="tabelatd2"&gt;Criciúma/SC&lt;/td&gt;
		&lt;td class="tabelatd2"&gt;1&lt;/td&gt;
		&lt;td class="tabelatd2"&gt;282&lt;/td&gt;
		&lt;td class="tabelatd2"&gt;Tipo Cobranca&lt;/td&gt;
		&lt;td class="tabelatd2"&gt;10/10/2018&lt;/td&gt;
		&lt;td class="tabelatd2"&gt;110.00&lt;/td&gt;
		&lt;td class="tabelatd2"&gt;0.00&lt;/td&gt;
		&lt;td class="tabelatd2"&gt;0.00&lt;/td&gt;
		&lt;td class="tabelatd2"&gt;0.00&lt;/td&gt;
		&lt;td class="tabelatd2"&gt;&lt;br&gt;&lt;br&gt;&lt;/td&gt;
	&lt;/tr&gt;
	&lt;tr&gt;
		&lt;td class="tabelatd1"&gt;1-Fulano de Tal (652.392.539-00)&lt;/td&gt;
		&lt;td class="tabelatd1"&gt;Rua Geral&lt;/td&gt;
		&lt;td class="tabelatd1"&gt;Criciúma/SC&lt;/td&gt;
		&lt;td class="tabelatd1"&gt;1&lt;/td&gt;
		&lt;td class="tabelatd1"&gt;172&lt;/td&gt;
		&lt;td class="tabelatd1"&gt;Tipo Cobranca&lt;/td&gt;
		&lt;td class="tabelatd1"&gt;10/10/2018&lt;/td&gt;
		&lt;td class="tabelatd1"&gt;110.00&lt;/td&gt;
		&lt;td class="tabelatd1"&gt;0.00&lt;/td&gt;
		&lt;td class="tabelatd1"&gt;0.00&lt;/td&gt;
		&lt;td class="tabelatd1"&gt;0.00&lt;/td&gt;
		&lt;td class="tabelatd1"&gt;&lt;br&gt;&lt;br&gt;&lt;/td&gt;
	&lt;/tr&gt;
	&lt;tr&gt;
		&lt;td class="tabelatd2"&gt;1-Fulano de Tal (652.392.539-00)&lt;/td&gt;
		&lt;td class="tabelatd2"&gt;Rua Geral&lt;/td&gt;
		&lt;td class="tabelatd2"&gt;Criciúma/SC&lt;/td&gt;
		&lt;td class="tabelatd2"&gt;1&lt;/td&gt;
		&lt;td class="tabelatd2"&gt;192&lt;/td&gt;
		&lt;td class="tabelatd2"&gt;Tipo Cobranca&lt;/td&gt;
		&lt;td class="tabelatd2"&gt;10/10/2018&lt;/td&gt;
		&lt;td class="tabelatd2"&gt;110.00&lt;/td&gt;
		&lt;td class="tabelatd2"&gt;0.00&lt;/td&gt;
		&lt;td class="tabelatd2"&gt;0.00&lt;/td&gt;
		&lt;td class="tabelatd2"&gt;0.00&lt;/td&gt;
		&lt;td class="tabelatd2"&gt;&lt;br&gt;&lt;br&gt;&lt;/td&gt;
	&lt;/tr&gt;
	&lt;tr&gt;
		&lt;td class="tabelatd1"&gt;1-Fulano de Tal (652.392.539-00)&lt;/td&gt;
		&lt;td class="tabelatd1"&gt;Rua Geral&lt;/td&gt;
		&lt;td class="tabelatd1"&gt;Criciúma/SC&lt;/td&gt;
		&lt;td class="tabelatd1"&gt;1&lt;/td&gt;
		&lt;td class="tabelatd1"&gt;212&lt;/td&gt;
		&lt;td class="tabelatd1"&gt;Tipo Cobranca&lt;/td&gt;
		&lt;td class="tabelatd1"&gt;10/10/2018&lt;/td&gt;
		&lt;td class="tabelatd1"&gt;110.00&lt;/td&gt;
		&lt;td class="tabelatd1"&gt;0.00&lt;/td&gt;
		&lt;td class="tabelatd1"&gt;0.00&lt;/td&gt;
		&lt;td class="tabelatd1"&gt;0.00&lt;/td&gt;
		&lt;td class="tabelatd1"&gt;&lt;br&gt;&lt;br&gt;&lt;/td&gt;
	&lt;/tr&gt;
	&lt;tr&gt;
		&lt;td class="tabelatd2"&gt;1-Fulano de Tal (652.392.539-00)&lt;/td&gt;
		&lt;td class="tabelatd2"&gt;Rua Geral&lt;/td&gt;
		&lt;td class="tabelatd2"&gt;Criciúma/SC&lt;/td&gt;
		&lt;td class="tabelatd2"&gt;1&lt;/td&gt;
		&lt;td class="tabelatd2"&gt;235&lt;/td&gt;
		&lt;td class="tabelatd2"&gt;Tipo Cobranca&lt;/td&gt;
		&lt;td class="tabelatd2"&gt;10/10/2018&lt;/td&gt;
		&lt;td class="tabelatd2"&gt;110.00&lt;/td&gt;
		&lt;td class="tabelatd2"&gt;0.00&lt;/td&gt;
		&lt;td class="tabelatd2"&gt;0.00&lt;/td&gt;
		&lt;td class="tabelatd2"&gt;0.00&lt;/td&gt;
		&lt;td class="tabelatd2"&gt;&lt;br&gt;&lt;br&gt;&lt;/td&gt;
	&lt;/tr&gt;
	&lt;tr&gt;
		&lt;td class="tabelatd1"&gt;1-Fulano de Tal (652.392.539-00)&lt;/td&gt;
		&lt;td class="tabelatd1"&gt;Rua Geral&lt;/td&gt;
		&lt;td class="tabelatd1"&gt;Criciúma/SC&lt;/td&gt;
		&lt;td class="tabelatd1"&gt;1&lt;/td&gt;
		&lt;td class="tabelatd1"&gt;258&lt;/td&gt;
		&lt;td class="tabelatd1"&gt;Tipo Cobranca&lt;/td&gt;
		&lt;td class="tabelatd1"&gt;10/10/2018&lt;/td&gt;
		&lt;td class="tabelatd1"&gt;110.00&lt;/td&gt;
		&lt;td class="tabelatd1"&gt;0.00&lt;/td&gt;
		&lt;td class="tabelatd1"&gt;0.00&lt;/td&gt;
		&lt;td class="tabelatd1"&gt;0.00&lt;/td&gt;
		&lt;td class="tabelatd1"&gt;&lt;br&gt;&lt;br&gt;&lt;/td&gt;
	&lt;/tr&gt;
	&lt;tr&gt;
		&lt;td class="tabelatd2"&gt;1-Fulano de Tal (652.392.539-00)&lt;/td&gt;
		&lt;td class="tabelatd2"&gt;Rua Geral&lt;/td&gt;
		&lt;td class="tabelatd2"&gt;Criciúma/SC&lt;/td&gt;
		&lt;td class="tabelatd2"&gt;1&lt;/td&gt;
		&lt;td class="tabelatd2"&gt;283&lt;/td&gt;
		&lt;td class="tabelatd2"&gt;Tipo Cobranca&lt;/td&gt;
		&lt;td class="tabelatd2"&gt;10/10/2018&lt;/td&gt;
		&lt;td class="tabelatd2"&gt;110.00&lt;/td&gt;
		&lt;td class="tabelatd2"&gt;0.00&lt;/td&gt;
		&lt;td class="tabelatd2"&gt;0.00&lt;/td&gt;
		&lt;td class="tabelatd2"&gt;0.00&lt;/td&gt;
		&lt;td class="tabelatd2"&gt;&lt;br&gt;&lt;br&gt;&lt;/td&gt;
	&lt;/tr&gt;
	&lt;tr&gt;
		&lt;td class="tabelatd1"&gt;1-Fulano de Tal (652.392.539-00)&lt;/td&gt;
		&lt;td class="tabelatd1"&gt;Rua Geral&lt;/td&gt;
		&lt;td class="tabelatd1"&gt;Criciúma/SC&lt;/td&gt;
		&lt;td class="tabelatd1"&gt;1&lt;/td&gt;
		&lt;td class="tabelatd1"&gt;173&lt;/td&gt;
		&lt;td class="tabelatd1"&gt;Tipo Cobranca&lt;/td&gt;
		&lt;td class="tabelatd1"&gt;10/10/2018&lt;/td&gt;
		&lt;td class="tabelatd1"&gt;110.00&lt;/td&gt;
		&lt;td class="tabelatd1"&gt;0.00&lt;/td&gt;
		&lt;td class="tabelatd1"&gt;0.00&lt;/td&gt;
		&lt;td class="tabelatd1"&gt;0.00&lt;/td&gt;
		&lt;td class="tabelatd1"&gt;&lt;br&gt;&lt;br&gt;&lt;/td&gt;
	&lt;/tr&gt;
	&lt;tr&gt;
		&lt;td class="tabelatd2"&gt;1-Fulano de Tal (652.392.539-00)&lt;/td&gt;
		&lt;td class="tabelatd2"&gt;Rua Geral&lt;/td&gt;
		&lt;td class="tabelatd2"&gt;Criciúma/SC&lt;/td&gt;
		&lt;td class="tabelatd2"&gt;1&lt;/td&gt;
		&lt;td class="tabelatd2"&gt;193&lt;/td&gt;
		&lt;td class="tabelatd2"&gt;Tipo Cobranca&lt;/td&gt;
		&lt;td class="tabelatd2"&gt;10/10/2018&lt;/td&gt;
		&lt;td class="tabelatd2"&gt;110.00&lt;/td&gt;
		&lt;td class="tabelatd2"&gt;0.00&lt;/td&gt;
		&lt;td class="tabelatd2"&gt;0.00&lt;/td&gt;
		&lt;td class="tabelatd2"&gt;0.00&lt;/td&gt;
		&lt;td class="tabelatd2"&gt;&lt;br&gt;&lt;br&gt;&lt;/td&gt;
	&lt;/tr&gt;
	&lt;tr&gt;
		&lt;td class="tabelatd1"&gt;1-Fulano de Tal (652.392.539-00)&lt;/td&gt;
		&lt;td class="tabelatd1"&gt;Rua Geral&lt;/td&gt;
		&lt;td class="tabelatd1"&gt;Criciúma/SC&lt;/td&gt;
		&lt;td class="tabelatd1"&gt;1&lt;/td&gt;
		&lt;td class="tabelatd1"&gt;213&lt;/td&gt;
		&lt;td class="tabelatd1"&gt;Tipo Cobranca&lt;/td&gt;
		&lt;td class="tabelatd1"&gt;10/10/2018&lt;/td&gt;
		&lt;td class="tabelatd1"&gt;110.00&lt;/td&gt;
		&lt;td class="tabelatd1"&gt;0.00&lt;/td&gt;
		&lt;td class="tabelatd1"&gt;0.00&lt;/td&gt;
		&lt;td class="tabelatd1"&gt;0.00&lt;/td&gt;
		&lt;td class="tabelatd1"&gt;&lt;br&gt;&lt;br&gt;&lt;/td&gt;
	&lt;/tr&gt;
	&lt;tr&gt;
		&lt;td class="tabelatd2"&gt;1-Fulano de Tal (652.392.539-00)&lt;/td&gt;
		&lt;td class="tabelatd2"&gt;Rua Geral&lt;/td&gt;
		&lt;td class="tabelatd2"&gt;Criciúma/SC&lt;/td&gt;
		&lt;td class="tabelatd2"&gt;1&lt;/td&gt;
		&lt;td class="tabelatd2"&gt;236&lt;/td&gt;
		&lt;td class="tabelatd2"&gt;Tipo Cobranca&lt;/td&gt;
		&lt;td class="tabelatd2"&gt;10/10/2018&lt;/td&gt;
		&lt;td class="tabelatd2"&gt;110.00&lt;/td&gt;
		&lt;td class="tabelatd2"&gt;0.00&lt;/td&gt;
		&lt;td class="tabelatd2"&gt;0.00&lt;/td&gt;
		&lt;td class="tabelatd2"&gt;0.00&lt;/td&gt;
		&lt;td class="tabelatd2"&gt;&lt;br&gt;&lt;br&gt;&lt;/td&gt;
	&lt;/tr&gt;
	&lt;tr&gt;
		&lt;td class="tabelatd1"&gt;1-Fulano de Tal (652.392.539-00)&lt;/td&gt;
		&lt;td class="tabelatd1"&gt;Rua Geral&lt;/td&gt;
		&lt;td class="tabelatd1"&gt;Criciúma/SC&lt;/td&gt;
		&lt;td class="tabelatd1"&gt;1&lt;/td&gt;
		&lt;td class="tabelatd1"&gt;259&lt;/td&gt;
		&lt;td class="tabelatd1"&gt;Tipo Cobranca&lt;/td&gt;
		&lt;td class="tabelatd1"&gt;10/10/2018&lt;/td&gt;
		&lt;td class="tabelatd1"&gt;110.00&lt;/td&gt;
		&lt;td class="tabelatd1"&gt;0.00&lt;/td&gt;
		&lt;td class="tabelatd1"&gt;0.00&lt;/td&gt;
		&lt;td class="tabelatd1"&gt;0.00&lt;/td&gt;
		&lt;td class="tabelatd1"&gt;&lt;br&gt;&lt;br&gt;&lt;/td&gt;
	&lt;/tr&gt;
	&lt;tr&gt;
		&lt;td class="tabelatd2"&gt;1-Fulano de Tal (652.392.539-00)&lt;/td&gt;
		&lt;td class="tabelatd2"&gt;Rua Geral&lt;/td&gt;
		&lt;td class="tabelatd2"&gt;Criciúma/SC&lt;/td&gt;
		&lt;td class="tabelatd2"&gt;1&lt;/td&gt;
		&lt;td class="tabelatd2"&gt;284&lt;/td&gt;
		&lt;td class="tabelatd2"&gt;Tipo Cobranca&lt;/td&gt;
		&lt;td class="tabelatd2"&gt;10/10/2018&lt;/td&gt;
		&lt;td class="tabelatd2"&gt;110.00&lt;/td&gt;
		&lt;td class="tabelatd2"&gt;0.00&lt;/td&gt;
		&lt;td class="tabelatd2"&gt;0.00&lt;/td&gt;
		&lt;td class="tabelatd2"&gt;0.00&lt;/td&gt;
		&lt;td class="tabelatd2"&gt;&lt;br&gt;&lt;br&gt;&lt;/td&gt;
	&lt;/tr&gt;
	&lt;tr&gt;
		&lt;td class="tabelatd1"&gt;1-Fulano de Tal (652.392.539-00)&lt;/td&gt;
		&lt;td class="tabelatd1"&gt;Rua Geral&lt;/td&gt;
		&lt;td class="tabelatd1"&gt;Criciúma/SC&lt;/td&gt;
		&lt;td class="tabelatd1"&gt;1&lt;/td&gt;
		&lt;td class="tabelatd1"&gt;174&lt;/td&gt;
		&lt;td class="tabelatd1"&gt;Tipo Cobranca&lt;/td&gt;
		&lt;td class="tabelatd1"&gt;10/10/2018&lt;/td&gt;
		&lt;td class="tabelatd1"&gt;110.00&lt;/td&gt;
		&lt;td class="tabelatd1"&gt;0.00&lt;/td&gt;
		&lt;td class="tabelatd1"&gt;0.00&lt;/td&gt;
		&lt;td class="tabelatd1"&gt;0.00&lt;/td&gt;
		&lt;td class="tabelatd1"&gt;&lt;br&gt;&lt;br&gt;&lt;/td&gt;
	&lt;/tr&gt;
	&lt;tr&gt;
		&lt;td class="tabelatd2"&gt;1-Fulano de Tal (652.392.539-00)&lt;/td&gt;
		&lt;td class="tabelatd2"&gt;Rua Geral&lt;/td&gt;
		&lt;td class="tabelatd2"&gt;Criciúma/SC&lt;/td&gt;
		&lt;td class="tabelatd2"&gt;1&lt;/td&gt;
		&lt;td class="tabelatd2"&gt;194&lt;/td&gt;
		&lt;td class="tabelatd2"&gt;Tipo Cobranca&lt;/td&gt;
		&lt;td class="tabelatd2"&gt;10/10/2018&lt;/td&gt;
		&lt;td class="tabelatd2"&gt;110.00&lt;/td&gt;
		&lt;td class="tabelatd2"&gt;0.00&lt;/td&gt;
		&lt;td class="tabelatd2"&gt;0.00&lt;/td&gt;
		&lt;td class="tabelatd2"&gt;0.00&lt;/td&gt;
		&lt;td class="tabelatd2"&gt;&lt;br&gt;&lt;br&gt;&lt;/td&gt;
	&lt;/tr&gt;
	&lt;tr&gt;
		&lt;td class="tabelatd1"&gt;1-Fulano de Tal (652.392.539-00)&lt;/td&gt;
		&lt;td class="tabelatd1"&gt;Rua Geral&lt;/td&gt;
		&lt;td class="tabelatd1"&gt;Criciúma/SC&lt;/td&gt;
		&lt;td class="tabelatd1"&gt;1&lt;/td&gt;
		&lt;td class="tabelatd1"&gt;214&lt;/td&gt;
		&lt;td class="tabelatd1"&gt;Tipo Cobranca&lt;/td&gt;
		&lt;td class="tabelatd1"&gt;10/10/2018&lt;/td&gt;
		&lt;td class="tabelatd1"&gt;110.00&lt;/td&gt;
		&lt;td class="tabelatd1"&gt;0.00&lt;/td&gt;
		&lt;td class="tabelatd1"&gt;0.00&lt;/td&gt;
		&lt;td class="tabelatd1"&gt;0.00&lt;/td&gt;
		&lt;td class="tabelatd1"&gt;&lt;br&gt;&lt;br&gt;&lt;/td&gt;
	&lt;/tr&gt;
	&lt;tr&gt;
		&lt;td class="tabelatd2"&gt;1-Fulano de Tal (652.392.539-00)&lt;/td&gt;
		&lt;td class="tabelatd2"&gt;Rua Geral&lt;/td&gt;
		&lt;td class="tabelatd2"&gt;Criciúma/SC&lt;/td&gt;
		&lt;td class="tabelatd2"&gt;1&lt;/td&gt;
		&lt;td class="tabelatd2"&gt;237&lt;/td&gt;
		&lt;td class="tabelatd2"&gt;Tipo Cobranca&lt;/td&gt;
		&lt;td class="tabelatd2"&gt;10/10/2018&lt;/td&gt;
		&lt;td class="tabelatd2"&gt;110.00&lt;/td&gt;
		&lt;td class="tabelatd2"&gt;0.00&lt;/td&gt;
		&lt;td class="tabelatd2"&gt;0.00&lt;/td&gt;
		&lt;td class="tabelatd2"&gt;0.00&lt;/td&gt;
		&lt;td class="tabelatd2"&gt;&lt;br&gt;&lt;br&gt;&lt;/td&gt;
	&lt;/tr&gt;
	&lt;tr&gt;
		&lt;td class="tabelatd1"&gt;1-Fulano de Tal (652.392.539-00)&lt;/td&gt;
		&lt;td class="tabelatd1"&gt;Rua Geral&lt;/td&gt;
		&lt;td class="tabelatd1"&gt;Criciúma/SC&lt;/td&gt;
		&lt;td class="tabelatd1"&gt;1&lt;/td&gt;
		&lt;td class="tabelatd1"&gt;260&lt;/td&gt;
		&lt;td class="tabelatd1"&gt;Tipo Cobranca&lt;/td&gt;
		&lt;td class="tabelatd1"&gt;10/10/2018&lt;/td&gt;
		&lt;td class="tabelatd1"&gt;110.00&lt;/td&gt;
		&lt;td class="tabelatd1"&gt;0.00&lt;/td&gt;
		&lt;td class="tabelatd1"&gt;0.00&lt;/td&gt;
		&lt;td class="tabelatd1"&gt;0.00&lt;/td&gt;
		&lt;td class="tabelatd1"&gt;&lt;br&gt;&lt;br&gt;&lt;/td&gt;
	&lt;/tr&gt;
	&lt;tr&gt;
		&lt;td class="tabelatd2"&gt;1-Fulano de Tal (652.392.539-00)&lt;/td&gt;
		&lt;td class="tabelatd2"&gt;Rua Geral&lt;/td&gt;
		&lt;td class="tabelatd2"&gt;Criciúma/SC&lt;/td&gt;
		&lt;td class="tabelatd2"&gt;1&lt;/td&gt;
		&lt;td class="tabelatd2"&gt;285&lt;/td&gt;
		&lt;td class="tabelatd2"&gt;Tipo Cobranca&lt;/td&gt;
		&lt;td class="tabelatd2"&gt;10/10/2018&lt;/td&gt;
		&lt;td class="tabelatd2"&gt;110.00&lt;/td&gt;
		&lt;td class="tabelatd2"&gt;0.00&lt;/td&gt;
		&lt;td class="tabelatd2"&gt;0.00&lt;/td&gt;
		&lt;td class="tabelatd2"&gt;0.00&lt;/td&gt;
		&lt;td class="tabelatd2"&gt;&lt;br&gt;&lt;br&gt;&lt;/td&gt;
	&lt;/tr&gt;
	&lt;tr&gt;
		&lt;td class="tabelatd1"&gt;1-Fulano de Tal (652.392.539-00)&lt;/td&gt;
		&lt;td class="tabelatd1"&gt;Rua Geral&lt;/td&gt;
		&lt;td class="tabelatd1"&gt;Criciúma/SC&lt;/td&gt;
		&lt;td class="tabelatd1"&gt;1&lt;/td&gt;
		&lt;td class="tabelatd1"&gt;175&lt;/td&gt;
		&lt;td class="tabelatd1"&gt;Tipo Cobranca&lt;/td&gt;
		&lt;td class="tabelatd1"&gt;10/10/2018&lt;/td&gt;
		&lt;td class="tabelatd1"&gt;110.00&lt;/td&gt;
		&lt;td class="tabelatd1"&gt;0.00&lt;/td&gt;
		&lt;td class="tabelatd1"&gt;0.00&lt;/td&gt;
		&lt;td class="tabelatd1"&gt;0.00&lt;/td&gt;
		&lt;td class="tabelatd1"&gt;&lt;br&gt;&lt;br&gt;&lt;/td&gt;
	&lt;/tr&gt;
	&lt;tr&gt;
		&lt;td class="tabelatd2"&gt;1-Fulano de Tal (652.392.539-00)&lt;/td&gt;
		&lt;td class="tabelatd2"&gt;Rua Geral&lt;/td&gt;
		&lt;td class="tabelatd2"&gt;Criciúma/SC&lt;/td&gt;
		&lt;td class="tabelatd2"&gt;1&lt;/td&gt;
		&lt;td class="tabelatd2"&gt;195&lt;/td&gt;
		&lt;td class="tabelatd2"&gt;Tipo Cobranca&lt;/td&gt;
		&lt;td class="tabelatd2"&gt;10/10/2018&lt;/td&gt;
		&lt;td class="tabelatd2"&gt;110.00&lt;/td&gt;
		&lt;td class="tabelatd2"&gt;0.00&lt;/td&gt;
		&lt;td class="tabelatd2"&gt;0.00&lt;/td&gt;
		&lt;td class="tabelatd2"&gt;0.00&lt;/td&gt;
		&lt;td class="tabelatd2"&gt;&lt;br&gt;&lt;br&gt;&lt;/td&gt;
	&lt;/tr&gt;
	&lt;tr&gt;
		&lt;td class="tabelatd1"&gt;1-Fulano de Tal (652.392.539-00)&lt;/td&gt;
		&lt;td class="tabelatd1"&gt;Rua Geral&lt;/td&gt;
		&lt;td class="tabelatd1"&gt;Criciúma/SC&lt;/td&gt;
		&lt;td class="tabelatd1"&gt;1&lt;/td&gt;
		&lt;td class="tabelatd1"&gt;215&lt;/td&gt;
		&lt;td class="tabelatd1"&gt;Tipo Cobranca&lt;/td&gt;
		&lt;td class="tabelatd1"&gt;10/10/2018&lt;/td&gt;
		&lt;td class="tabelatd1"&gt;110.00&lt;/td&gt;
		&lt;td class="tabelatd1"&gt;0.00&lt;/td&gt;
		&lt;td class="tabelatd1"&gt;0.00&lt;/td&gt;
		&lt;td class="tabelatd1"&gt;0.00&lt;/td&gt;
		&lt;td class="tabelatd1"&gt;&lt;br&gt;&lt;br&gt;&lt;/td&gt;
	&lt;/tr&gt;
	&lt;tr&gt;
		&lt;td class="tabelatd2"&gt;1-Fulano de Tal (652.392.539-00)&lt;/td&gt;
		&lt;td class="tabelatd2"&gt;Rua Geral&lt;/td&gt;
		&lt;td class="tabelatd2"&gt;Criciúma/SC&lt;/td&gt;
		&lt;td class="tabelatd2"&gt;1&lt;/td&gt;
		&lt;td class="tabelatd2"&gt;238&lt;/td&gt;
		&lt;td class="tabelatd2"&gt;Tipo Cobranca&lt;/td&gt;
		&lt;td class="tabelatd2"&gt;10/10/2018&lt;/td&gt;
		&lt;td class="tabelatd2"&gt;110.00&lt;/td&gt;
		&lt;td class="tabelatd2"&gt;0.00&lt;/td&gt;
		&lt;td class="tabelatd2"&gt;0.00&lt;/td&gt;
		&lt;td class="tabelatd2"&gt;0.00&lt;/td&gt;
		&lt;td class="tabelatd2"&gt;&lt;br&gt;&lt;br&gt;&lt;/td&gt;
	&lt;/tr&gt;
	&lt;tr&gt;
		&lt;td class="tabelatd1"&gt;1-Fulano de Tal (652.392.539-00)&lt;/td&gt;
		&lt;td class="tabelatd1"&gt;Rua Geral&lt;/td&gt;
		&lt;td class="tabelatd1"&gt;Criciúma/SC&lt;/td&gt;
		&lt;td class="tabelatd1"&gt;1&lt;/td&gt;
		&lt;td class="tabelatd1"&gt;261&lt;/td&gt;
		&lt;td class="tabelatd1"&gt;Tipo Cobranca&lt;/td&gt;
		&lt;td class="tabelatd1"&gt;10/10/2018&lt;/td&gt;
		&lt;td class="tabelatd1"&gt;110.00&lt;/td&gt;
		&lt;td class="tabelatd1"&gt;0.00&lt;/td&gt;
		&lt;td class="tabelatd1"&gt;0.00&lt;/td&gt;
		&lt;td class="tabelatd1"&gt;0.00&lt;/td&gt;
		&lt;td class="tabelatd1"&gt;&lt;br&gt;&lt;br&gt;&lt;/td&gt;
	&lt;/tr&gt;
	&lt;tr&gt;
		&lt;td class="tabelatd2"&gt;1-Fulano de Tal (652.392.539-00)&lt;/td&gt;
		&lt;td class="tabelatd2"&gt;Rua Geral&lt;/td&gt;
		&lt;td class="tabelatd2"&gt;Criciúma/SC&lt;/td&gt;
		&lt;td class="tabelatd2"&gt;1&lt;/td&gt;
		&lt;td class="tabelatd2"&gt;286&lt;/td&gt;
		&lt;td class="tabelatd2"&gt;Tipo Cobranca&lt;/td&gt;
		&lt;td class="tabelatd2"&gt;10/10/2018&lt;/td&gt;
		&lt;td class="tabelatd2"&gt;110.00&lt;/td&gt;
		&lt;td class="tabelatd2"&gt;0.00&lt;/td&gt;
		&lt;td class="tabelatd2"&gt;0.00&lt;/td&gt;
		&lt;td class="tabelatd2"&gt;0.00&lt;/td&gt;
		&lt;td class="tabelatd2"&gt;&lt;br&gt;&lt;br&gt;&lt;/td&gt;
	&lt;/tr&gt;
	&lt;tr&gt;
		&lt;td class="tabelatd1"&gt;1-Fulano de Tal (652.392.539-00)&lt;/td&gt;
		&lt;td class="tabelatd1"&gt;Rua Geral&lt;/td&gt;
		&lt;td class="tabelatd1"&gt;Criciúma/SC&lt;/td&gt;
		&lt;td class="tabelatd1"&gt;1&lt;/td&gt;
		&lt;td class="tabelatd1"&gt;176&lt;/td&gt;
		&lt;td class="tabelatd1"&gt;Tipo Cobranca&lt;/td&gt;
		&lt;td class="tabelatd1"&gt;10/10/2018&lt;/td&gt;
		&lt;td class="tabelatd1"&gt;110.00&lt;/td&gt;
		&lt;td class="tabelatd1"&gt;0.00&lt;/td&gt;
		&lt;td class="tabelatd1"&gt;0.00&lt;/td&gt;
		&lt;td class="tabelatd1"&gt;0.00&lt;/td&gt;
		&lt;td class="tabelatd1"&gt;&lt;br&gt;&lt;br&gt;&lt;/td&gt;
	&lt;/tr&gt;
	&lt;tr&gt;
		&lt;td class="tabelatd2"&gt;1-Fulano de Tal (652.392.539-00)&lt;/td&gt;
		&lt;td class="tabelatd2"&gt;Rua Geral&lt;/td&gt;
		&lt;td class="tabelatd2"&gt;Criciúma/SC&lt;/td&gt;
		&lt;td class="tabelatd2"&gt;1&lt;/td&gt;
		&lt;td class="tabelatd2"&gt;196&lt;/td&gt;
		&lt;td class="tabelatd2"&gt;Tipo Cobranca&lt;/td&gt;
		&lt;td class="tabelatd2"&gt;10/10/2018&lt;/td&gt;
		&lt;td class="tabelatd2"&gt;110.00&lt;/td&gt;
		&lt;td class="tabelatd2"&gt;0.00&lt;/td&gt;
		&lt;td class="tabelatd2"&gt;0.00&lt;/td&gt;
		&lt;td class="tabelatd2"&gt;0.00&lt;/td&gt;
		&lt;td class="tabelatd2"&gt;&lt;br&gt;&lt;br&gt;&lt;/td&gt;
	&lt;/tr&gt;
	&lt;tr&gt;
		&lt;td class="tabelatd1"&gt;1-Fulano de Tal (652.392.539-00)&lt;/td&gt;
		&lt;td class="tabelatd1"&gt;Rua Geral&lt;/td&gt;
		&lt;td class="tabelatd1"&gt;Criciúma/SC&lt;/td&gt;
		&lt;td class="tabelatd1"&gt;1&lt;/td&gt;
		&lt;td class="tabelatd1"&gt;216&lt;/td&gt;
		&lt;td class="tabelatd1"&gt;Tipo Cobranca&lt;/td&gt;
		&lt;td class="tabelatd1"&gt;10/10/2018&lt;/td&gt;
		&lt;td class="tabelatd1"&gt;110.00&lt;/td&gt;
		&lt;td class="tabelatd1"&gt;0.00&lt;/td&gt;
		&lt;td class="tabelatd1"&gt;0.00&lt;/td&gt;
		&lt;td class="tabelatd1"&gt;0.00&lt;/td&gt;
		&lt;td class="tabelatd1"&gt;&lt;br&gt;&lt;br&gt;&lt;/td&gt;
	&lt;/tr&gt;
	&lt;tr&gt;
		&lt;td class="tabelatd2"&gt;1-Fulano de Tal (652.392.539-00)&lt;/td&gt;
		&lt;td class="tabelatd2"&gt;Rua Geral&lt;/td&gt;
		&lt;td class="tabelatd2"&gt;Criciúma/SC&lt;/td&gt;
		&lt;td class="tabelatd2"&gt;1&lt;/td&gt;
		&lt;td class="tabelatd2"&gt;239&lt;/td&gt;
		&lt;td class="tabelatd2"&gt;Tipo Cobranca&lt;/td&gt;
		&lt;td class="tabelatd2"&gt;10/10/2018&lt;/td&gt;
		&lt;td class="tabelatd2"&gt;110.00&lt;/td&gt;
		&lt;td class="tabelatd2"&gt;0.00&lt;/td&gt;
		&lt;td class="tabelatd2"&gt;0.00&lt;/td&gt;
		&lt;td class="tabelatd2"&gt;0.00&lt;/td&gt;
		&lt;td class="tabelatd2"&gt;&lt;br&gt;&lt;br&gt;&lt;/td&gt;
	&lt;/tr&gt;
	&lt;tr&gt;
		&lt;td class="tabelatd1"&gt;1-Fulano de Tal (652.392.539-00)&lt;/td&gt;
		&lt;td class="tabelatd1"&gt;Rua Geral&lt;/td&gt;
		&lt;td class="tabelatd1"&gt;Criciúma/SC&lt;/td&gt;
		&lt;td class="tabelatd1"&gt;1&lt;/td&gt;
		&lt;td class="tabelatd1"&gt;262&lt;/td&gt;
		&lt;td class="tabelatd1"&gt;Tipo Cobranca&lt;/td&gt;
		&lt;td class="tabelatd1"&gt;10/10/2018&lt;/td&gt;
		&lt;td class="tabelatd1"&gt;110.00&lt;/td&gt;
		&lt;td class="tabelatd1"&gt;0.00&lt;/td&gt;
		&lt;td class="tabelatd1"&gt;0.00&lt;/td&gt;
		&lt;td class="tabelatd1"&gt;0.00&lt;/td&gt;
		&lt;td class="tabelatd1"&gt;&lt;br&gt;&lt;br&gt;&lt;/td&gt;
	&lt;/tr&gt;
	&lt;tr&gt;
		&lt;td class="tabelatd2"&gt;1-Fulano de Tal (652.392.539-00)&lt;/td&gt;
		&lt;td class="tabelatd2"&gt;Rua Geral&lt;/td&gt;
		&lt;td class="tabelatd2"&gt;Criciúma/SC&lt;/td&gt;
		&lt;td class="tabelatd2"&gt;1&lt;/td&gt;
		&lt;td class="tabelatd2"&gt;287&lt;/td&gt;
		&lt;td class="tabelatd2"&gt;Tipo Cobranca&lt;/td&gt;
		&lt;td class="tabelatd2"&gt;10/10/2018&lt;/td&gt;
		&lt;td class="tabelatd2"&gt;110.00&lt;/td&gt;
		&lt;td class="tabelatd2"&gt;0.00&lt;/td&gt;
		&lt;td class="tabelatd2"&gt;0.00&lt;/td&gt;
		&lt;td class="tabelatd2"&gt;0.00&lt;/td&gt;
		&lt;td class="tabelatd2"&gt;&lt;br&gt;&lt;br&gt;&lt;/td&gt;
	&lt;/tr&gt;
	&lt;tr&gt;
		&lt;td class="tabelatd1"&gt;1-Fulano de Tal (652.392.539-00)&lt;/td&gt;
		&lt;td class="tabelatd1"&gt;Rua Geral&lt;/td&gt;
		&lt;td class="tabelatd1"&gt;Criciúma/SC&lt;/td&gt;
		&lt;td class="tabelatd1"&gt;1&lt;/td&gt;
		&lt;td class="tabelatd1"&gt;240&lt;/td&gt;
		&lt;td class="tabelatd1"&gt;Tipo Cobranca&lt;/td&gt;
		&lt;td class="tabelatd1"&gt;10/10/2018&lt;/td&gt;
		&lt;td class="tabelatd1"&gt;110.00&lt;/td&gt;
		&lt;td class="tabelatd1"&gt;0.00&lt;/td&gt;
		&lt;td class="tabelatd1"&gt;0.00&lt;/td&gt;
		&lt;td class="tabelatd1"&gt;0.00&lt;/td&gt;
		&lt;td class="tabelatd1"&gt;&lt;br&gt;&lt;br&gt;&lt;/td&gt;
	&lt;/tr&gt;
	&lt;tr&gt;
		&lt;td class="tabelatd2"&gt;1-Fulano de Tal (652.392.539-00)&lt;/td&gt;
		&lt;td class="tabelatd2"&gt;Rua Geral&lt;/td&gt;
		&lt;td class="tabelatd2"&gt;Criciúma/SC&lt;/td&gt;
		&lt;td class="tabelatd2"&gt;1&lt;/td&gt;
		&lt;td class="tabelatd2"&gt;263&lt;/td&gt;
		&lt;td class="tabelatd2"&gt;Tipo Cobranca&lt;/td&gt;
		&lt;td class="tabelatd2"&gt;10/10/2018&lt;/td&gt;
		&lt;td class="tabelatd2"&gt;110.00&lt;/td&gt;
		&lt;td class="tabelatd2"&gt;0.00&lt;/td&gt;
		&lt;td class="tabelatd2"&gt;0.00&lt;/td&gt;
		&lt;td class="tabelatd2"&gt;0.00&lt;/td&gt;
		&lt;td class="tabelatd2"&gt;&lt;br&gt;&lt;br&gt;&lt;/td&gt;
	&lt;/tr&gt;
	&lt;tr&gt;
		&lt;td class="tabelatd1"&gt;1-Fulano de Tal (652.392.539-00)&lt;/td&gt;
		&lt;td class="tabelatd1"&gt;Rua Geral&lt;/td&gt;
		&lt;td class="tabelatd1"&gt;Criciúma/SC&lt;/td&gt;
		&lt;td class="tabelatd1"&gt;1&lt;/td&gt;
		&lt;td class="tabelatd1"&gt;288&lt;/td&gt;
		&lt;td class="tabelatd1"&gt;Tipo Cobranca&lt;/td&gt;
		&lt;td class="tabelatd1"&gt;10/10/2018&lt;/td&gt;
		&lt;td class="tabelatd1"&gt;110.00&lt;/td&gt;
		&lt;td class="tabelatd1"&gt;0.00&lt;/td&gt;
		&lt;td class="tabelatd1"&gt;0.00&lt;/td&gt;
		&lt;td class="tabelatd1"&gt;0.00&lt;/td&gt;
		&lt;td class="tabelatd1"&gt;&lt;br&gt;&lt;br&gt;&lt;/td&gt;
	&lt;/tr&gt;
	&lt;tr&gt;
		&lt;td class="tabelatd2"&gt;1-Fulano de Tal (652.392.539-00)&lt;/td&gt;
		&lt;td class="tabelatd2"&gt;Rua Geral&lt;/td&gt;
		&lt;td class="tabelatd2"&gt;Criciúma/SC&lt;/td&gt;
		&lt;td class="tabelatd2"&gt;1&lt;/td&gt;
		&lt;td class="tabelatd2"&gt;264&lt;/td&gt;
		&lt;td class="tabelatd2"&gt;Tipo Cobranca&lt;/td&gt;
		&lt;td class="tabelatd2"&gt;10/10/2018&lt;/td&gt;
		&lt;td class="tabelatd2"&gt;110.00&lt;/td&gt;
		&lt;td class="tabelatd2"&gt;0.00&lt;/td&gt;
		&lt;td class="tabelatd2"&gt;0.00&lt;/td&gt;
		&lt;td class="tabelatd2"&gt;0.00&lt;/td&gt;
		&lt;td class="tabelatd2"&gt;&lt;br&gt;&lt;br&gt;&lt;/td&gt;
	&lt;/tr&gt;
	&lt;tr&gt;
		&lt;td class="tabelatd1"&gt;1-Fulano de Tal (652.392.539-00)&lt;/td&gt;
		&lt;td class="tabelatd1"&gt;Rua Geral&lt;/td&gt;
		&lt;td class="tabelatd1"&gt;Criciúma/SC&lt;/td&gt;
		&lt;td class="tabelatd1"&gt;1&lt;/td&gt;
		&lt;td class="tabelatd1"&gt;289&lt;/td&gt;
		&lt;td class="tabelatd1"&gt;Tipo Cobranca&lt;/td&gt;
		&lt;td class="tabelatd1"&gt;10/10/2018&lt;/td&gt;
		&lt;td class="tabelatd1"&gt;110.00&lt;/td&gt;
		&lt;td class="tabelatd1"&gt;0.00&lt;/td&gt;
		&lt;td class="tabelatd1"&gt;0.00&lt;/td&gt;
		&lt;td class="tabelatd1"&gt;0.00&lt;/td&gt;
		&lt;td class="tabelatd1"&gt;&lt;br&gt;&lt;br&gt;&lt;/td&gt;
	&lt;/tr&gt;
	&lt;tr&gt;
		&lt;td class="tabelatd2"&gt;1-Fulano de Tal (652.392.539-00)&lt;/td&gt;
		&lt;td class="tabelatd2"&gt;Rua Geral&lt;/td&gt;
		&lt;td class="tabelatd2"&gt;Criciúma/SC&lt;/td&gt;
		&lt;td class="tabelatd2"&gt;1&lt;/td&gt;
		&lt;td class="tabelatd2"&gt;290&lt;/td&gt;
		&lt;td class="tabelatd2"&gt;Tipo Cobranca&lt;/td&gt;
		&lt;td class="tabelatd2"&gt;10/10/2018&lt;/td&gt;
		&lt;td class="tabelatd2"&gt;110.00&lt;/td&gt;
		&lt;td class="tabelatd2"&gt;0.00&lt;/td&gt;
		&lt;td class="tabelatd2"&gt;0.00&lt;/td&gt;
		&lt;td class="tabelatd2"&gt;0.00&lt;/td&gt;
		&lt;td class="tabelatd2"&gt;&lt;br&gt;&lt;br&gt;&lt;/td&gt;
	&lt;/tr&gt;
	&lt;tr&gt;
		&lt;td class="tabelatd1"&gt;1-Fulano de Tal (652.392.539-00)&lt;/td&gt;
		&lt;td class="tabelatd1"&gt;Rua Geral&lt;/td&gt;
		&lt;td class="tabelatd1"&gt;Criciúma/SC&lt;/td&gt;
		&lt;td class="tabelatd1"&gt;1&lt;/td&gt;
		&lt;td class="tabelatd1"&gt;305&lt;/td&gt;
		&lt;td class="tabelatd1"&gt;Tipo Cobranca&lt;/td&gt;
		&lt;td class="tabelatd1"&gt;10/10/2018&lt;/td&gt;
		&lt;td class="tabelatd1"&gt;110.00&lt;/td&gt;
		&lt;td class="tabelatd1"&gt;0.00&lt;/td&gt;
		&lt;td class="tabelatd1"&gt;0.00&lt;/td&gt;
		&lt;td class="tabelatd1"&gt;0.00&lt;/td&gt;
		&lt;td class="tabelatd1"&gt;&lt;br&gt;&lt;br&gt;&lt;/td&gt;
	&lt;/tr&gt;
	&lt;tr&gt;
		&lt;td class="tabelatd2"&gt;1-Fulano de Tal (652.392.539-00)&lt;/td&gt;
		&lt;td class="tabelatd2"&gt;Rua Geral&lt;/td&gt;
		&lt;td class="tabelatd2"&gt;Criciúma/SC&lt;/td&gt;
		&lt;td class="tabelatd2"&gt;1&lt;/td&gt;
		&lt;td class="tabelatd2"&gt;334&lt;/td&gt;
		&lt;td class="tabelatd2"&gt;Tipo Cobranca&lt;/td&gt;
		&lt;td class="tabelatd2"&gt;10/10/2018&lt;/td&gt;
		&lt;td class="tabelatd2"&gt;110.00&lt;/td&gt;
		&lt;td class="tabelatd2"&gt;0.00&lt;/td&gt;
		&lt;td class="tabelatd2"&gt;0.00&lt;/td&gt;
		&lt;td class="tabelatd2"&gt;0.00&lt;/td&gt;
		&lt;td class="tabelatd2"&gt;&lt;br&gt;&lt;br&gt;&lt;/td&gt;
	&lt;/tr&gt;
	&lt;tr&gt;
		&lt;td class="tabelatd1"&gt;1-Fulano de Tal (652.392.539-00)&lt;/td&gt;
		&lt;td class="tabelatd1"&gt;Rua Geral&lt;/td&gt;
		&lt;td class="tabelatd1"&gt;Criciúma/SC&lt;/td&gt;
		&lt;td class="tabelatd1"&gt;1&lt;/td&gt;
		&lt;td class="tabelatd1"&gt;365&lt;/td&gt;
		&lt;td class="tabelatd1"&gt;Tipo Cobranca&lt;/td&gt;
		&lt;td class="tabelatd1"&gt;10/10/2018&lt;/td&gt;
		&lt;td class="tabelatd1"&gt;110.00&lt;/td&gt;
		&lt;td class="tabelatd1"&gt;0.00&lt;/td&gt;
		&lt;td class="tabelatd1"&gt;0.00&lt;/td&gt;
		&lt;td class="tabelatd1"&gt;0.00&lt;/td&gt;
		&lt;td class="tabelatd1"&gt;&lt;br&gt;&lt;br&gt;&lt;/td&gt;
	&lt;/tr&gt;
	&lt;tr&gt;
		&lt;td class="tabelatd2"&gt;1-Fulano de Tal (652.392.539-00)&lt;/td&gt;
		&lt;td class="tabelatd2"&gt;Rua Geral&lt;/td&gt;
		&lt;td class="tabelatd2"&gt;Criciúma/SC&lt;/td&gt;
		&lt;td class="tabelatd2"&gt;1&lt;/td&gt;
		&lt;td class="tabelatd2"&gt;398&lt;/td&gt;
		&lt;td class="tabelatd2"&gt;Tipo Cobranca&lt;/td&gt;
		&lt;td class="tabelatd2"&gt;10/10/2018&lt;/td&gt;
		&lt;td class="tabelatd2"&gt;110.00&lt;/td&gt;
		&lt;td class="tabelatd2"&gt;0.00&lt;/td&gt;
		&lt;td class="tabelatd2"&gt;0.00&lt;/td&gt;
		&lt;td class="tabelatd2"&gt;0.00&lt;/td&gt;
		&lt;td class="tabelatd2"&gt;&lt;br&gt;&lt;br&gt;&lt;/td&gt;
	&lt;/tr&gt;
	&lt;tr&gt;
		&lt;td class="tabelatd1"&gt;1-Fulano de Tal (652.392.539-00)&lt;/td&gt;
		&lt;td class="tabelatd1"&gt;Rua Geral&lt;/td&gt;
		&lt;td class="tabelatd1"&gt;Criciúma/SC&lt;/td&gt;
		&lt;td class="tabelatd1"&gt;1&lt;/td&gt;
		&lt;td class="tabelatd1"&gt;433&lt;/td&gt;
		&lt;td class="tabelatd1"&gt;Tipo Cobranca&lt;/td&gt;
		&lt;td class="tabelatd1"&gt;10/10/2018&lt;/td&gt;
		&lt;td class="tabelatd1"&gt;110.00&lt;/td&gt;
		&lt;td class="tabelatd1"&gt;0.00&lt;/td&gt;
		&lt;td class="tabelatd1"&gt;0.00&lt;/td&gt;
		&lt;td class="tabelatd1"&gt;0.00&lt;/td&gt;
		&lt;td class="tabelatd1"&gt;&lt;br&gt;&lt;br&gt;&lt;/td&gt;
	&lt;/tr&gt;
	&lt;tr&gt;
		&lt;td class="tabelatd2"&gt;1-Fulano de Tal (652.392.539-00)&lt;/td&gt;
		&lt;td class="tabelatd2"&gt;Rua Geral&lt;/td&gt;
		&lt;td class="tabelatd2"&gt;Criciúma/SC&lt;/td&gt;
		&lt;td class="tabelatd2"&gt;1&lt;/td&gt;
		&lt;td class="tabelatd2"&gt;309&lt;/td&gt;
		&lt;td class="tabelatd2"&gt;Tipo Cobranca&lt;/td&gt;
		&lt;td class="tabelatd2"&gt;10/10/2018&lt;/td&gt;
		&lt;td class="tabelatd2"&gt;110.00&lt;/td&gt;
		&lt;td class="tabelatd2"&gt;0.00&lt;/td&gt;
		&lt;td class="tabelatd2"&gt;0.00&lt;/td&gt;
		&lt;td class="tabelatd2"&gt;0.00&lt;/td&gt;
		&lt;td class="tabelatd2"&gt;&lt;br&gt;&lt;br&gt;&lt;/td&gt;
	&lt;/tr&gt;
	&lt;tr&gt;
		&lt;td class="tabelatd1"&gt;1-Fulano de Tal (652.392.539-00)&lt;/td&gt;
		&lt;td class="tabelatd1"&gt;Rua Geral&lt;/td&gt;
		&lt;td class="tabelatd1"&gt;Criciúma/SC&lt;/td&gt;
		&lt;td class="tabelatd1"&gt;1&lt;/td&gt;
		&lt;td class="tabelatd1"&gt;338&lt;/td&gt;
		&lt;td class="tabelatd1"&gt;Tipo Cobranca&lt;/td&gt;
		&lt;td class="tabelatd1"&gt;10/10/2018&lt;/td&gt;
		&lt;td class="tabelatd1"&gt;110.00&lt;/td&gt;
		&lt;td class="tabelatd1"&gt;0.00&lt;/td&gt;
		&lt;td class="tabelatd1"&gt;0.00&lt;/td&gt;
		&lt;td class="tabelatd1"&gt;0.00&lt;/td&gt;
		&lt;td class="tabelatd1"&gt;&lt;br&gt;&lt;br&gt;&lt;/td&gt;
	&lt;/tr&gt;
	&lt;tr&gt;
		&lt;td class="tabelatd2"&gt;1-Fulano de Tal (652.392.539-00)&lt;/td&gt;
		&lt;td class="tabelatd2"&gt;Rua Geral&lt;/td&gt;
		&lt;td class="tabelatd2"&gt;Criciúma/SC&lt;/td&gt;
		&lt;td class="tabelatd2"&gt;1&lt;/td&gt;
		&lt;td class="tabelatd2"&gt;369&lt;/td&gt;
		&lt;td class="tabelatd2"&gt;Tipo Cobranca&lt;/td&gt;
		&lt;td class="tabelatd2"&gt;10/10/2018&lt;/td&gt;
		&lt;td class="tabelatd2"&gt;110.00&lt;/td&gt;
		&lt;td class="tabelatd2"&gt;0.00&lt;/td&gt;
		&lt;td class="tabelatd2"&gt;0.00&lt;/td&gt;
		&lt;td class="tabelatd2"&gt;0.00&lt;/td&gt;
		&lt;td class="tabelatd2"&gt;&lt;br&gt;&lt;br&gt;&lt;/td&gt;
	&lt;/tr&gt;
	&lt;tr&gt;
		&lt;td class="tabelatd1"&gt;1-Fulano de Tal (652.392.539-00)&lt;/td&gt;
		&lt;td class="tabelatd1"&gt;Rua Geral&lt;/td&gt;
		&lt;td class="tabelatd1"&gt;Criciúma/SC&lt;/td&gt;
		&lt;td class="tabelatd1"&gt;1&lt;/td&gt;
		&lt;td class="tabelatd1"&gt;402&lt;/td&gt;
		&lt;td class="tabelatd1"&gt;Tipo Cobranca&lt;/td&gt;
		&lt;td class="tabelatd1"&gt;10/10/2018&lt;/td&gt;
		&lt;td class="tabelatd1"&gt;110.00&lt;/td&gt;
		&lt;td class="tabelatd1"&gt;0.00&lt;/td&gt;
		&lt;td class="tabelatd1"&gt;0.00&lt;/td&gt;
		&lt;td class="tabelatd1"&gt;0.00&lt;/td&gt;
		&lt;td class="tabelatd1"&gt;&lt;br&gt;&lt;br&gt;&lt;/td&gt;
	&lt;/tr&gt;
	&lt;tr&gt;
		&lt;td class="tabelatd2"&gt;1-Fulano de Tal (652.392.539-00)&lt;/td&gt;
		&lt;td class="tabelatd2"&gt;Rua Geral&lt;/td&gt;
		&lt;td class="tabelatd2"&gt;Criciúma/SC&lt;/td&gt;
		&lt;td class="tabelatd2"&gt;1&lt;/td&gt;
		&lt;td class="tabelatd2"&gt;437&lt;/td&gt;
		&lt;td class="tabelatd2"&gt;Tipo Cobranca&lt;/td&gt;
		&lt;td class="tabelatd2"&gt;10/10/2018&lt;/td&gt;
		&lt;td class="tabelatd2"&gt;110.00&lt;/td&gt;
		&lt;td class="tabelatd2"&gt;0.00&lt;/td&gt;
		&lt;td class="tabelatd2"&gt;0.00&lt;/td&gt;
		&lt;td class="tabelatd2"&gt;0.00&lt;/td&gt;
		&lt;td class="tabelatd2"&gt;&lt;br&gt;&lt;br&gt;&lt;/td&gt;
	&lt;/tr&gt;
	&lt;tr&gt;
		&lt;td class="tabelatd1"&gt;1-Fulano de Tal (652.392.539-00)&lt;/td&gt;
		&lt;td class="tabelatd1"&gt;Rua Geral&lt;/td&gt;
		&lt;td class="tabelatd1"&gt;Criciúma/SC&lt;/td&gt;
		&lt;td class="tabelatd1"&gt;1&lt;/td&gt;
		&lt;td class="tabelatd1"&gt;310&lt;/td&gt;
		&lt;td class="tabelatd1"&gt;Tipo Cobranca&lt;/td&gt;
		&lt;td class="tabelatd1"&gt;10/10/2018&lt;/td&gt;
		&lt;td class="tabelatd1"&gt;110.00&lt;/td&gt;
		&lt;td class="tabelatd1"&gt;0.00&lt;/td&gt;
		&lt;td class="tabelatd1"&gt;0.00&lt;/td&gt;
		&lt;td class="tabelatd1"&gt;0.00&lt;/td&gt;
		&lt;td class="tabelatd1"&gt;&lt;br&gt;&lt;br&gt;&lt;/td&gt;
	&lt;/tr&gt;
	&lt;tr&gt;
		&lt;td class="tabelatd2"&gt;1-Fulano de Tal (652.392.539-00)&lt;/td&gt;
		&lt;td class="tabelatd2"&gt;Rua Geral&lt;/td&gt;
		&lt;td class="tabelatd2"&gt;Criciúma/SC&lt;/td&gt;
		&lt;td class="tabelatd2"&gt;1&lt;/td&gt;
		&lt;td class="tabelatd2"&gt;339&lt;/td&gt;
		&lt;td class="tabelatd2"&gt;Tipo Cobranca&lt;/td&gt;
		&lt;td class="tabelatd2"&gt;10/10/2018&lt;/td&gt;
		&lt;td class="tabelatd2"&gt;110.00&lt;/td&gt;
		&lt;td class="tabelatd2"&gt;0.00&lt;/td&gt;
		&lt;td class="tabelatd2"&gt;0.00&lt;/td&gt;
		&lt;td class="tabelatd2"&gt;0.00&lt;/td&gt;
		&lt;td class="tabelatd2"&gt;&lt;br&gt;&lt;br&gt;&lt;/td&gt;
	&lt;/tr&gt;
	&lt;tr&gt;
		&lt;td class="tabelatd1"&gt;1-Fulano de Tal (652.392.539-00)&lt;/td&gt;
		&lt;td class="tabelatd1"&gt;Rua Geral&lt;/td&gt;
		&lt;td class="tabelatd1"&gt;Criciúma/SC&lt;/td&gt;
		&lt;td class="tabelatd1"&gt;1&lt;/td&gt;
		&lt;td class="tabelatd1"&gt;370&lt;/td&gt;
		&lt;td class="tabelatd1"&gt;Tipo Cobranca&lt;/td&gt;
		&lt;td class="tabelatd1"&gt;10/10/2018&lt;/td&gt;
		&lt;td class="tabelatd1"&gt;110.00&lt;/td&gt;
		&lt;td class="tabelatd1"&gt;0.00&lt;/td&gt;
		&lt;td class="tabelatd1"&gt;0.00&lt;/td&gt;
		&lt;td class="tabelatd1"&gt;0.00&lt;/td&gt;
		&lt;td class="tabelatd1"&gt;&lt;br&gt;&lt;br&gt;&lt;/td&gt;
	&lt;/tr&gt;
	&lt;tr&gt;
		&lt;td class="tabelatd2"&gt;1-Fulano de Tal (652.392.539-00)&lt;/td&gt;
		&lt;td class="tabelatd2"&gt;Rua Geral&lt;/td&gt;
		&lt;td class="tabelatd2"&gt;Criciúma/SC&lt;/td&gt;
		&lt;td class="tabelatd2"&gt;1&lt;/td&gt;
		&lt;td class="tabelatd2"&gt;403&lt;/td&gt;
		&lt;td class="tabelatd2"&gt;Tipo Cobranca&lt;/td&gt;
		&lt;td class="tabelatd2"&gt;10/10/2018&lt;/td&gt;
		&lt;td class="tabelatd2"&gt;110.00&lt;/td&gt;
		&lt;td class="tabelatd2"&gt;0.00&lt;/td&gt;
		&lt;td class="tabelatd2"&gt;0.00&lt;/td&gt;
		&lt;td class="tabelatd2"&gt;0.00&lt;/td&gt;
		&lt;td class="tabelatd2"&gt;&lt;br&gt;&lt;br&gt;&lt;/td&gt;
	&lt;/tr&gt;
	&lt;tr&gt;
		&lt;td class="tabelatd1"&gt;1-Fulano de Tal (652.392.539-00)&lt;/td&gt;
		&lt;td class="tabelatd1"&gt;Rua Geral&lt;/td&gt;
		&lt;td class="tabelatd1"&gt;Criciúma/SC&lt;/td&gt;
		&lt;td class="tabelatd1"&gt;1&lt;/td&gt;
		&lt;td class="tabelatd1"&gt;438&lt;/td&gt;
		&lt;td class="tabelatd1"&gt;Tipo Cobranca&lt;/td&gt;
		&lt;td class="tabelatd1"&gt;10/10/2018&lt;/td&gt;
		&lt;td class="tabelatd1"&gt;110.00&lt;/td&gt;
		&lt;td class="tabelatd1"&gt;0.00&lt;/td&gt;
		&lt;td class="tabelatd1"&gt;0.00&lt;/td&gt;
		&lt;td class="tabelatd1"&gt;0.00&lt;/td&gt;
		&lt;td class="tabelatd1"&gt;&lt;br&gt;&lt;br&gt;&lt;/td&gt;
	&lt;/tr&gt;
	&lt;tr&gt;
		&lt;td class="tabelatd2"&gt;1-Fulano de Tal (652.392.539-00)&lt;/td&gt;
		&lt;td class="tabelatd2"&gt;Rua Geral&lt;/td&gt;
		&lt;td class="tabelatd2"&gt;Criciúma/SC&lt;/td&gt;
		&lt;td class="tabelatd2"&gt;1&lt;/td&gt;
		&lt;td class="tabelatd2"&gt;311&lt;/td&gt;
		&lt;td class="tabelatd2"&gt;Tipo Cobranca&lt;/td&gt;
		&lt;td class="tabelatd2"&gt;10/10/2018&lt;/td&gt;
		&lt;td class="tabelatd2"&gt;110.00&lt;/td&gt;
		&lt;td class="tabelatd2"&gt;0.00&lt;/td&gt;
		&lt;td class="tabelatd2"&gt;0.00&lt;/td&gt;
		&lt;td class="tabelatd2"&gt;0.00&lt;/td&gt;
		&lt;td class="tabelatd2"&gt;&lt;br&gt;&lt;br&gt;&lt;/td&gt;
	&lt;/tr&gt;
	&lt;tr&gt;
		&lt;td class="tabelatd1"&gt;1-Fulano de Tal (652.392.539-00)&lt;/td&gt;
		&lt;td class="tabelatd1"&gt;Rua Geral&lt;/td&gt;
		&lt;td class="tabelatd1"&gt;Criciúma/SC&lt;/td&gt;
		&lt;td class="tabelatd1"&gt;1&lt;/td&gt;
		&lt;td class="tabelatd1"&gt;340&lt;/td&gt;
		&lt;td class="tabelatd1"&gt;Tipo Cobranca&lt;/td&gt;
		&lt;td class="tabelatd1"&gt;10/10/2018&lt;/td&gt;
		&lt;td class="tabelatd1"&gt;110.00&lt;/td&gt;
		&lt;td class="tabelatd1"&gt;0.00&lt;/td&gt;
		&lt;td class="tabelatd1"&gt;0.00&lt;/td&gt;
		&lt;td class="tabelatd1"&gt;0.00&lt;/td&gt;
		&lt;td class="tabelatd1"&gt;&lt;br&gt;&lt;br&gt;&lt;/td&gt;
	&lt;/tr&gt;
	&lt;tr&gt;
		&lt;td class="tabelatd2"&gt;1-Fulano de Tal (652.392.539-00)&lt;/td&gt;
		&lt;td class="tabelatd2"&gt;Rua Geral&lt;/td&gt;
		&lt;td class="tabelatd2"&gt;Criciúma/SC&lt;/td&gt;
		&lt;td class="tabelatd2"&gt;1&lt;/td&gt;
		&lt;td class="tabelatd2"&gt;371&lt;/td&gt;
		&lt;td class="tabelatd2"&gt;Tipo Cobranca&lt;/td&gt;
		&lt;td class="tabelatd2"&gt;10/10/2018&lt;/td&gt;
		&lt;td class="tabelatd2"&gt;110.00&lt;/td&gt;
		&lt;td class="tabelatd2"&gt;0.00&lt;/td&gt;
		&lt;td class="tabelatd2"&gt;0.00&lt;/td&gt;
		&lt;td class="tabelatd2"&gt;0.00&lt;/td&gt;
		&lt;td class="tabelatd2"&gt;&lt;br&gt;&lt;br&gt;&lt;/td&gt;
	&lt;/tr&gt;
	&lt;tr&gt;
		&lt;td class="tabelatd1"&gt;1-Fulano de Tal (652.392.539-00)&lt;/td&gt;
		&lt;td class="tabelatd1"&gt;Rua Geral&lt;/td&gt;
		&lt;td class="tabelatd1"&gt;Criciúma/SC&lt;/td&gt;
		&lt;td class="tabelatd1"&gt;1&lt;/td&gt;
		&lt;td class="tabelatd1"&gt;404&lt;/td&gt;
		&lt;td class="tabelatd1"&gt;Tipo Cobranca&lt;/td&gt;
		&lt;td class="tabelatd1"&gt;10/10/2018&lt;/td&gt;
		&lt;td class="tabelatd1"&gt;110.00&lt;/td&gt;
		&lt;td class="tabelatd1"&gt;0.00&lt;/td&gt;
		&lt;td class="tabelatd1"&gt;0.00&lt;/td&gt;
		&lt;td class="tabelatd1"&gt;0.00&lt;/td&gt;
		&lt;td class="tabelatd1"&gt;&lt;br&gt;&lt;br&gt;&lt;/td&gt;
	&lt;/tr&gt;
	&lt;tr&gt;
		&lt;td class="tabelatd2"&gt;1-Fulano de Tal (652.392.539-00)&lt;/td&gt;
		&lt;td class="tabelatd2"&gt;Rua Geral&lt;/td&gt;
		&lt;td class="tabelatd2"&gt;Criciúma/SC&lt;/td&gt;
		&lt;td class="tabelatd2"&gt;1&lt;/td&gt;
		&lt;td class="tabelatd2"&gt;439&lt;/td&gt;
		&lt;td class="tabelatd2"&gt;Tipo Cobranca&lt;/td&gt;
		&lt;td class="tabelatd2"&gt;10/10/2018&lt;/td&gt;
		&lt;td class="tabelatd2"&gt;110.00&lt;/td&gt;
		&lt;td class="tabelatd2"&gt;0.00&lt;/td&gt;
		&lt;td class="tabelatd2"&gt;0.00&lt;/td&gt;
		&lt;td class="tabelatd2"&gt;0.00&lt;/td&gt;
		&lt;td class="tabelatd2"&gt;&lt;br&gt;&lt;br&gt;&lt;/td&gt;
	&lt;/tr&gt;
	&lt;tr&gt;
		&lt;td class="tabelatd1"&gt;1-Fulano de Tal (652.392.539-00)&lt;/td&gt;
		&lt;td class="tabelatd1"&gt;Rua Geral&lt;/td&gt;
		&lt;td class="tabelatd1"&gt;Criciúma/SC&lt;/td&gt;
		&lt;td class="tabelatd1"&gt;1&lt;/td&gt;
		&lt;td class="tabelatd1"&gt;312&lt;/td&gt;
		&lt;td class="tabelatd1"&gt;Tipo Cobranca&lt;/td&gt;
		&lt;td class="tabelatd1"&gt;10/10/2018&lt;/td&gt;
		&lt;td class="tabelatd1"&gt;110.00&lt;/td&gt;
		&lt;td class="tabelatd1"&gt;0.00&lt;/td&gt;
		&lt;td class="tabelatd1"&gt;0.00&lt;/td&gt;
		&lt;td class="tabelatd1"&gt;0.00&lt;/td&gt;
		&lt;td class="tabelatd1"&gt;&lt;br&gt;&lt;br&gt;&lt;/td&gt;
	&lt;/tr&gt;
	&lt;tr&gt;
		&lt;td class="tabelatd2"&gt;1-Fulano de Tal (652.392.539-00)&lt;/td&gt;
		&lt;td class="tabelatd2"&gt;Rua Geral&lt;/td&gt;
		&lt;td class="tabelatd2"&gt;Criciúma/SC&lt;/td&gt;
		&lt;td class="tabelatd2"&gt;1&lt;/td&gt;
		&lt;td class="tabelatd2"&gt;341&lt;/td&gt;
		&lt;td class="tabelatd2"&gt;Tipo Cobranca&lt;/td&gt;
		&lt;td class="tabelatd2"&gt;10/10/2018&lt;/td&gt;
		&lt;td class="tabelatd2"&gt;110.00&lt;/td&gt;
		&lt;td class="tabelatd2"&gt;0.00&lt;/td&gt;
		&lt;td class="tabelatd2"&gt;0.00&lt;/td&gt;
		&lt;td class="tabelatd2"&gt;0.00&lt;/td&gt;
		&lt;td class="tabelatd2"&gt;&lt;br&gt;&lt;br&gt;&lt;/td&gt;
	&lt;/tr&gt;
	&lt;tr&gt;
		&lt;td class="tabelatd1"&gt;1-Fulano de Tal (652.392.539-00)&lt;/td&gt;
		&lt;td class="tabelatd1"&gt;Rua Geral&lt;/td&gt;
		&lt;td class="tabelatd1"&gt;Criciúma/SC&lt;/td&gt;
		&lt;td class="tabelatd1"&gt;1&lt;/td&gt;
		&lt;td class="tabelatd1"&gt;372&lt;/td&gt;
		&lt;td class="tabelatd1"&gt;Tipo Cobranca&lt;/td&gt;
		&lt;td class="tabelatd1"&gt;10/10/2018&lt;/td&gt;
		&lt;td class="tabelatd1"&gt;110.00&lt;/td&gt;
		&lt;td class="tabelatd1"&gt;0.00&lt;/td&gt;
		&lt;td class="tabelatd1"&gt;0.00&lt;/td&gt;
		&lt;td class="tabelatd1"&gt;0.00&lt;/td&gt;
		&lt;td class="tabelatd1"&gt;&lt;br&gt;&lt;br&gt;&lt;/td&gt;
	&lt;/tr&gt;
	&lt;tr&gt;
		&lt;td class="tabelatd2"&gt;1-Fulano de Tal (652.392.539-00)&lt;/td&gt;
		&lt;td class="tabelatd2"&gt;Rua Geral&lt;/td&gt;
		&lt;td class="tabelatd2"&gt;Criciúma/SC&lt;/td&gt;
		&lt;td class="tabelatd2"&gt;1&lt;/td&gt;
		&lt;td class="tabelatd2"&gt;405&lt;/td&gt;
		&lt;td class="tabelatd2"&gt;Tipo Cobranca&lt;/td&gt;
		&lt;td class="tabelatd2"&gt;10/10/2018&lt;/td&gt;
		&lt;td class="tabelatd2"&gt;110.00&lt;/td&gt;
		&lt;td class="tabelatd2"&gt;0.00&lt;/td&gt;
		&lt;td class="tabelatd2"&gt;0.00&lt;/td&gt;
		&lt;td class="tabelatd2"&gt;0.00&lt;/td&gt;
		&lt;td class="tabelatd2"&gt;&lt;br&gt;&lt;br&gt;&lt;/td&gt;
	&lt;/tr&gt;
	&lt;tr&gt;
		&lt;td class="tabelatd1"&gt;1-Fulano de Tal (652.392.539-00)&lt;/td&gt;
		&lt;td class="tabelatd1"&gt;Rua Geral&lt;/td&gt;
		&lt;td class="tabelatd1"&gt;Criciúma/SC&lt;/td&gt;
		&lt;td class="tabelatd1"&gt;1&lt;/td&gt;
		&lt;td class="tabelatd1"&gt;440&lt;/td&gt;
		&lt;td class="tabelatd1"&gt;Tipo Cobranca&lt;/td&gt;
		&lt;td class="tabelatd1"&gt;10/10/2018&lt;/td&gt;
		&lt;td class="tabelatd1"&gt;110.00&lt;/td&gt;
		&lt;td class="tabelatd1"&gt;0.00&lt;/td&gt;
		&lt;td class="tabelatd1"&gt;0.00&lt;/td&gt;
		&lt;td class="tabelatd1"&gt;0.00&lt;/td&gt;
		&lt;td class="tabelatd1"&gt;&lt;br&gt;&lt;br&gt;&lt;/td&gt;
	&lt;/tr&gt;
	&lt;tr&gt;
		&lt;td class="tabelatd2"&gt;1-Fulano de Tal (652.392.539-00)&lt;/td&gt;
		&lt;td class="tabelatd2"&gt;Rua Geral&lt;/td&gt;
		&lt;td class="tabelatd2"&gt;Criciúma/SC&lt;/td&gt;
		&lt;td class="tabelatd2"&gt;1&lt;/td&gt;
		&lt;td class="tabelatd2"&gt;313&lt;/td&gt;
		&lt;td class="tabelatd2"&gt;Tipo Cobranca&lt;/td&gt;
		&lt;td class="tabelatd2"&gt;10/10/2018&lt;/td&gt;
		&lt;td class="tabelatd2"&gt;110.00&lt;/td&gt;
		&lt;td class="tabelatd2"&gt;0.00&lt;/td&gt;
		&lt;td class="tabelatd2"&gt;0.00&lt;/td&gt;
		&lt;td class="tabelatd2"&gt;0.00&lt;/td&gt;
		&lt;td class="tabelatd2"&gt;&lt;br&gt;&lt;br&gt;&lt;/td&gt;
	&lt;/tr&gt;
	&lt;tr&gt;
		&lt;td class="tabelatd1"&gt;1-Fulano de Tal (652.392.539-00)&lt;/td&gt;
		&lt;td class="tabelatd1"&gt;Rua Geral&lt;/td&gt;
		&lt;td class="tabelatd1"&gt;Criciúma/SC&lt;/td&gt;
		&lt;td class="tabelatd1"&gt;1&lt;/td&gt;
		&lt;td class="tabelatd1"&gt;342&lt;/td&gt;
		&lt;td class="tabelatd1"&gt;Tipo Cobranca&lt;/td&gt;
		&lt;td class="tabelatd1"&gt;10/10/2018&lt;/td&gt;
		&lt;td class="tabelatd1"&gt;110.00&lt;/td&gt;
		&lt;td class="tabelatd1"&gt;0.00&lt;/td&gt;
		&lt;td class="tabelatd1"&gt;0.00&lt;/td&gt;
		&lt;td class="tabelatd1"&gt;0.00&lt;/td&gt;
		&lt;td class="tabelatd1"&gt;&lt;br&gt;&lt;br&gt;&lt;/td&gt;
	&lt;/tr&gt;
	&lt;tr&gt;
		&lt;td class="tabelatd2"&gt;1-Fulano de Tal (652.392.539-00)&lt;/td&gt;
		&lt;td class="tabelatd2"&gt;Rua Geral&lt;/td&gt;
		&lt;td class="tabelatd2"&gt;Criciúma/SC&lt;/td&gt;
		&lt;td class="tabelatd2"&gt;1&lt;/td&gt;
		&lt;td class="tabelatd2"&gt;373&lt;/td&gt;
		&lt;td class="tabelatd2"&gt;Tipo Cobranca&lt;/td&gt;
		&lt;td class="tabelatd2"&gt;10/10/2018&lt;/td&gt;
		&lt;td class="tabelatd2"&gt;110.00&lt;/td&gt;
		&lt;td class="tabelatd2"&gt;0.00&lt;/td&gt;
		&lt;td class="tabelatd2"&gt;0.00&lt;/td&gt;
		&lt;td class="tabelatd2"&gt;0.00&lt;/td&gt;
		&lt;td class="tabelatd2"&gt;&lt;br&gt;&lt;br&gt;&lt;/td&gt;
	&lt;/tr&gt;
	&lt;tr&gt;
		&lt;td class="tabelatd1"&gt;1-Fulano de Tal (652.392.539-00)&lt;/td&gt;
		&lt;td class="tabelatd1"&gt;Rua Geral&lt;/td&gt;
		&lt;td class="tabelatd1"&gt;Criciúma/SC&lt;/td&gt;
		&lt;td class="tabelatd1"&gt;1&lt;/td&gt;
		&lt;td class="tabelatd1"&gt;406&lt;/td&gt;
		&lt;td class="tabelatd1"&gt;Tipo Cobranca&lt;/td&gt;
		&lt;td class="tabelatd1"&gt;10/10/2018&lt;/td&gt;
		&lt;td class="tabelatd1"&gt;110.00&lt;/td&gt;
		&lt;td class="tabelatd1"&gt;0.00&lt;/td&gt;
		&lt;td class="tabelatd1"&gt;0.00&lt;/td&gt;
		&lt;td class="tabelatd1"&gt;0.00&lt;/td&gt;
		&lt;td class="tabelatd1"&gt;&lt;br&gt;&lt;br&gt;&lt;/td&gt;
	&lt;/tr&gt;
	&lt;tr&gt;
		&lt;td class="tabelatd2"&gt;1-Fulano de Tal (652.392.539-00)&lt;/td&gt;
		&lt;td class="tabelatd2"&gt;Rua Geral&lt;/td&gt;
		&lt;td class="tabelatd2"&gt;Criciúma/SC&lt;/td&gt;
		&lt;td class="tabelatd2"&gt;1&lt;/td&gt;
		&lt;td class="tabelatd2"&gt;441&lt;/td&gt;
		&lt;td class="tabelatd2"&gt;Tipo Cobranca&lt;/td&gt;
		&lt;td class="tabelatd2"&gt;10/10/2018&lt;/td&gt;
		&lt;td class="tabelatd2"&gt;110.00&lt;/td&gt;
		&lt;td class="tabelatd2"&gt;0.00&lt;/td&gt;
		&lt;td class="tabelatd2"&gt;0.00&lt;/td&gt;
		&lt;td class="tabelatd2"&gt;0.00&lt;/td&gt;
		&lt;td class="tabelatd2"&gt;&lt;br&gt;&lt;br&gt;&lt;/td&gt;
	&lt;/tr&gt;
	&lt;tr&gt;
		&lt;td class="tabelatd1"&gt;1-Fulano de Tal (652.392.539-00)&lt;/td&gt;
		&lt;td class="tabelatd1"&gt;Rua Geral&lt;/td&gt;
		&lt;td class="tabelatd1"&gt;Criciúma/SC&lt;/td&gt;
		&lt;td class="tabelatd1"&gt;1&lt;/td&gt;
		&lt;td class="tabelatd1"&gt;314&lt;/td&gt;
		&lt;td class="tabelatd1"&gt;Tipo Cobranca&lt;/td&gt;
		&lt;td class="tabelatd1"&gt;10/10/2018&lt;/td&gt;
		&lt;td class="tabelatd1"&gt;110.00&lt;/td&gt;
		&lt;td class="tabelatd1"&gt;0.00&lt;/td&gt;
		&lt;td class="tabelatd1"&gt;0.00&lt;/td&gt;
		&lt;td class="tabelatd1"&gt;0.00&lt;/td&gt;
		&lt;td class="tabelatd1"&gt;&lt;br&gt;&lt;br&gt;&lt;/td&gt;
	&lt;/tr&gt;
	&lt;tr&gt;
		&lt;td class="tabelatd2"&gt;1-Fulano de Tal (652.392.539-00)&lt;/td&gt;
		&lt;td class="tabelatd2"&gt;Rua Geral&lt;/td&gt;
		&lt;td class="tabelatd2"&gt;Criciúma/SC&lt;/td&gt;
		&lt;td class="tabelatd2"&gt;1&lt;/td&gt;
		&lt;td class="tabelatd2"&gt;343&lt;/td&gt;
		&lt;td class="tabelatd2"&gt;Tipo Cobranca&lt;/td&gt;
		&lt;td class="tabelatd2"&gt;10/10/2018&lt;/td&gt;
		&lt;td class="tabelatd2"&gt;110.00&lt;/td&gt;
		&lt;td class="tabelatd2"&gt;0.00&lt;/td&gt;
		&lt;td class="tabelatd2"&gt;0.00&lt;/td&gt;
		&lt;td class="tabelatd2"&gt;0.00&lt;/td&gt;
		&lt;td class="tabelatd2"&gt;&lt;br&gt;&lt;br&gt;&lt;/td&gt;
	&lt;/tr&gt;
	&lt;tr&gt;
		&lt;td class="tabelatd1"&gt;1-Fulano de Tal (652.392.539-00)&lt;/td&gt;
		&lt;td class="tabelatd1"&gt;Rua Geral&lt;/td&gt;
		&lt;td class="tabelatd1"&gt;Criciúma/SC&lt;/td&gt;
		&lt;td class="tabelatd1"&gt;1&lt;/td&gt;
		&lt;td class="tabelatd1"&gt;374&lt;/td&gt;
		&lt;td class="tabelatd1"&gt;Tipo Cobranca&lt;/td&gt;
		&lt;td class="tabelatd1"&gt;10/10/2018&lt;/td&gt;
		&lt;td class="tabelatd1"&gt;110.00&lt;/td&gt;
		&lt;td class="tabelatd1"&gt;0.00&lt;/td&gt;
		&lt;td class="tabelatd1"&gt;0.00&lt;/td&gt;
		&lt;td class="tabelatd1"&gt;0.00&lt;/td&gt;
		&lt;td class="tabelatd1"&gt;&lt;br&gt;&lt;br&gt;&lt;/td&gt;
	&lt;/tr&gt;
	&lt;tr&gt;
		&lt;td class="tabelatd2"&gt;1-Fulano de Tal (652.392.539-00)&lt;/td&gt;
		&lt;td class="tabelatd2"&gt;Rua Geral&lt;/td&gt;
		&lt;td class="tabelatd2"&gt;Criciúma/SC&lt;/td&gt;
		&lt;td class="tabelatd2"&gt;1&lt;/td&gt;
		&lt;td class="tabelatd2"&gt;407&lt;/td&gt;
		&lt;td class="tabelatd2"&gt;Tipo Cobranca&lt;/td&gt;
		&lt;td class="tabelatd2"&gt;10/10/2018&lt;/td&gt;
		&lt;td class="tabelatd2"&gt;110.00&lt;/td&gt;
		&lt;td class="tabelatd2"&gt;0.00&lt;/td&gt;
		&lt;td class="tabelatd2"&gt;0.00&lt;/td&gt;
		&lt;td class="tabelatd2"&gt;0.00&lt;/td&gt;
		&lt;td class="tabelatd2"&gt;&lt;br&gt;&lt;br&gt;&lt;/td&gt;
	&lt;/tr&gt;
	&lt;tr&gt;
		&lt;td class="tabelatd1"&gt;1-Fulano de Tal (652.392.539-00)&lt;/td&gt;
		&lt;td class="tabelatd1"&gt;Rua Geral&lt;/td&gt;
		&lt;td class="tabelatd1"&gt;Criciúma/SC&lt;/td&gt;
		&lt;td class="tabelatd1"&gt;1&lt;/td&gt;
		&lt;td class="tabelatd1"&gt;442&lt;/td&gt;
		&lt;td class="tabelatd1"&gt;Tipo Cobranca&lt;/td&gt;
		&lt;td class="tabelatd1"&gt;10/10/2018&lt;/td&gt;
		&lt;td class="tabelatd1"&gt;110.00&lt;/td&gt;
		&lt;td class="tabelatd1"&gt;0.00&lt;/td&gt;
		&lt;td class="tabelatd1"&gt;0.00&lt;/td&gt;
		&lt;td class="tabelatd1"&gt;0.00&lt;/td&gt;
		&lt;td class="tabelatd1"&gt;&lt;br&gt;&lt;br&gt;&lt;/td&gt;
	&lt;/tr&gt;
	&lt;tr&gt;
		&lt;td class="tabelatd2"&gt;1-Fulano de Tal (652.392.539-00)&lt;/td&gt;
		&lt;td class="tabelatd2"&gt;Rua Geral&lt;/td&gt;
		&lt;td class="tabelatd2"&gt;Criciúma/SC&lt;/td&gt;
		&lt;td class="tabelatd2"&gt;1&lt;/td&gt;
		&lt;td class="tabelatd2"&gt;315&lt;/td&gt;
		&lt;td class="tabelatd2"&gt;Tipo Cobranca&lt;/td&gt;
		&lt;td class="tabelatd2"&gt;10/10/2018&lt;/td&gt;
		&lt;td class="tabelatd2"&gt;110.00&lt;/td&gt;
		&lt;td class="tabelatd2"&gt;0.00&lt;/td&gt;
		&lt;td class="tabelatd2"&gt;0.00&lt;/td&gt;
		&lt;td class="tabelatd2"&gt;0.00&lt;/td&gt;
		&lt;td class="tabelatd2"&gt;&lt;br&gt;&lt;br&gt;&lt;/td&gt;
	&lt;/tr&gt;
	&lt;tr&gt;
		&lt;td class="tabelatd1"&gt;1-Fulano de Tal (652.392.539-00)&lt;/td&gt;
		&lt;td class="tabelatd1"&gt;Rua Geral&lt;/td&gt;
		&lt;td class="tabelatd1"&gt;Criciúma/SC&lt;/td&gt;
		&lt;td class="tabelatd1"&gt;1&lt;/td&gt;
		&lt;td class="tabelatd1"&gt;344&lt;/td&gt;
		&lt;td class="tabelatd1"&gt;Tipo Cobranca&lt;/td&gt;
		&lt;td class="tabelatd1"&gt;10/10/2018&lt;/td&gt;
		&lt;td class="tabelatd1"&gt;110.00&lt;/td&gt;
		&lt;td class="tabelatd1"&gt;0.00&lt;/td&gt;
		&lt;td class="tabelatd1"&gt;0.00&lt;/td&gt;
		&lt;td class="tabelatd1"&gt;0.00&lt;/td&gt;
		&lt;td class="tabelatd1"&gt;&lt;br&gt;&lt;br&gt;&lt;/td&gt;
	&lt;/tr&gt;
	&lt;tr&gt;
		&lt;td class="tabelatd2"&gt;1-Fulano de Tal (652.392.539-00)&lt;/td&gt;
		&lt;td class="tabelatd2"&gt;Rua Geral&lt;/td&gt;
		&lt;td class="tabelatd2"&gt;Criciúma/SC&lt;/td&gt;
		&lt;td class="tabelatd2"&gt;1&lt;/td&gt;
		&lt;td class="tabelatd2"&gt;375&lt;/td&gt;
		&lt;td class="tabelatd2"&gt;Tipo Cobranca&lt;/td&gt;
		&lt;td class="tabelatd2"&gt;10/10/2018&lt;/td&gt;
		&lt;td class="tabelatd2"&gt;110.00&lt;/td&gt;
		&lt;td class="tabelatd2"&gt;0.00&lt;/td&gt;
		&lt;td class="tabelatd2"&gt;0.00&lt;/td&gt;
		&lt;td class="tabelatd2"&gt;0.00&lt;/td&gt;
		&lt;td class="tabelatd2"&gt;&lt;br&gt;&lt;br&gt;&lt;/td&gt;
	&lt;/tr&gt;
	&lt;tr&gt;
		&lt;td class="tabelatd1"&gt;1-Fulano de Tal (652.392.539-00)&lt;/td&gt;
		&lt;td class="tabelatd1"&gt;Rua Geral&lt;/td&gt;
		&lt;td class="tabelatd1"&gt;Criciúma/SC&lt;/td&gt;
		&lt;td class="tabelatd1"&gt;1&lt;/td&gt;
		&lt;td class="tabelatd1"&gt;408&lt;/td&gt;
		&lt;td class="tabelatd1"&gt;Tipo Cobranca&lt;/td&gt;
		&lt;td class="tabelatd1"&gt;10/10/2018&lt;/td&gt;
		&lt;td class="tabelatd1"&gt;110.00&lt;/td&gt;
		&lt;td class="tabelatd1"&gt;0.00&lt;/td&gt;
		&lt;td class="tabelatd1"&gt;0.00&lt;/td&gt;
		&lt;td class="tabelatd1"&gt;0.00&lt;/td&gt;
		&lt;td class="tabelatd1"&gt;&lt;br&gt;&lt;br&gt;&lt;/td&gt;
	&lt;/tr&gt;
	&lt;tr&gt;
		&lt;td class="tabelatd2"&gt;1-Fulano de Tal (652.392.539-00)&lt;/td&gt;
		&lt;td class="tabelatd2"&gt;Rua Geral&lt;/td&gt;
		&lt;td class="tabelatd2"&gt;Criciúma/SC&lt;/td&gt;
		&lt;td class="tabelatd2"&gt;1&lt;/td&gt;
		&lt;td class="tabelatd2"&gt;443&lt;/td&gt;
		&lt;td class="tabelatd2"&gt;Tipo Cobranca&lt;/td&gt;
		&lt;td class="tabelatd2"&gt;10/10/2018&lt;/td&gt;
		&lt;td class="tabelatd2"&gt;110.00&lt;/td&gt;
		&lt;td class="tabelatd2"&gt;0.00&lt;/td&gt;
		&lt;td class="tabelatd2"&gt;0.00&lt;/td&gt;
		&lt;td class="tabelatd2"&gt;0.00&lt;/td&gt;
		&lt;td class="tabelatd2"&gt;&lt;br&gt;&lt;br&gt;&lt;/td&gt;
	&lt;/tr&gt;
	&lt;tr&gt;
		&lt;td class="tabelatd1"&gt;1-Fulano de Tal (652.392.539-00)&lt;/td&gt;
		&lt;td class="tabelatd1"&gt;Rua Geral&lt;/td&gt;
		&lt;td class="tabelatd1"&gt;Criciúma/SC&lt;/td&gt;
		&lt;td class="tabelatd1"&gt;1&lt;/td&gt;
		&lt;td class="tabelatd1"&gt;316&lt;/td&gt;
		&lt;td class="tabelatd1"&gt;Tipo Cobranca&lt;/td&gt;
		&lt;td class="tabelatd1"&gt;10/10/2018&lt;/td&gt;
		&lt;td class="tabelatd1"&gt;110.00&lt;/td&gt;
		&lt;td class="tabelatd1"&gt;0.00&lt;/td&gt;
		&lt;td class="tabelatd1"&gt;0.00&lt;/td&gt;
		&lt;td class="tabelatd1"&gt;0.00&lt;/td&gt;
		&lt;td class="tabelatd1"&gt;&lt;br&gt;&lt;br&gt;&lt;/td&gt;
	&lt;/tr&gt;
	&lt;tr&gt;
		&lt;td class="tabelatd2"&gt;1-Fulano de Tal (652.392.539-00)&lt;/td&gt;
		&lt;td class="tabelatd2"&gt;Rua Geral&lt;/td&gt;
		&lt;td class="tabelatd2"&gt;Criciúma/SC&lt;/td&gt;
		&lt;td class="tabelatd2"&gt;1&lt;/td&gt;
		&lt;td class="tabelatd2"&gt;345&lt;/td&gt;
		&lt;td class="tabelatd2"&gt;Tipo Cobranca&lt;/td&gt;
		&lt;td class="tabelatd2"&gt;10/10/2018&lt;/td&gt;
		&lt;td class="tabelatd2"&gt;110.00&lt;/td&gt;
		&lt;td class="tabelatd2"&gt;0.00&lt;/td&gt;
		&lt;td class="tabelatd2"&gt;0.00&lt;/td&gt;
		&lt;td class="tabelatd2"&gt;0.00&lt;/td&gt;
		&lt;td class="tabelatd2"&gt;&lt;br&gt;&lt;br&gt;&lt;/td&gt;
	&lt;/tr&gt;
	&lt;tr&gt;
		&lt;td class="tabelatd1"&gt;1-Fulano de Tal (652.392.539-00)&lt;/td&gt;
		&lt;td class="tabelatd1"&gt;Rua Geral&lt;/td&gt;
		&lt;td class="tabelatd1"&gt;Criciúma/SC&lt;/td&gt;
		&lt;td class="tabelatd1"&gt;1&lt;/td&gt;
		&lt;td class="tabelatd1"&gt;376&lt;/td&gt;
		&lt;td class="tabelatd1"&gt;Tipo Cobranca&lt;/td&gt;
		&lt;td class="tabelatd1"&gt;10/10/2018&lt;/td&gt;
		&lt;td class="tabelatd1"&gt;110.00&lt;/td&gt;
		&lt;td class="tabelatd1"&gt;0.00&lt;/td&gt;
		&lt;td class="tabelatd1"&gt;0.00&lt;/td&gt;
		&lt;td class="tabelatd1"&gt;0.00&lt;/td&gt;
		&lt;td class="tabelatd1"&gt;&lt;br&gt;&lt;br&gt;&lt;/td&gt;
	&lt;/tr&gt;
	&lt;tr&gt;
		&lt;td class="tabelatd2"&gt;1-Fulano de Tal (652.392.539-00)&lt;/td&gt;
		&lt;td class="tabelatd2"&gt;Rua Geral&lt;/td&gt;
		&lt;td class="tabelatd2"&gt;Criciúma/SC&lt;/td&gt;
		&lt;td class="tabelatd2"&gt;1&lt;/td&gt;
		&lt;td class="tabelatd2"&gt;409&lt;/td&gt;
		&lt;td class="tabelatd2"&gt;Tipo Cobranca&lt;/td&gt;
		&lt;td class="tabelatd2"&gt;10/10/2018&lt;/td&gt;
		&lt;td class="tabelatd2"&gt;110.00&lt;/td&gt;
		&lt;td class="tabelatd2"&gt;0.00&lt;/td&gt;
		&lt;td class="tabelatd2"&gt;0.00&lt;/td&gt;
		&lt;td class="tabelatd2"&gt;0.00&lt;/td&gt;
		&lt;td class="tabelatd2"&gt;&lt;br&gt;&lt;br&gt;&lt;/td&gt;
	&lt;/tr&gt;
	&lt;tr&gt;
		&lt;td class="tabelatd1"&gt;1-Fulano de Tal (652.392.539-00)&lt;/td&gt;
		&lt;td class="tabelatd1"&gt;Rua Geral&lt;/td&gt;
		&lt;td class="tabelatd1"&gt;Criciúma/SC&lt;/td&gt;
		&lt;td class="tabelatd1"&gt;1&lt;/td&gt;
		&lt;td class="tabelatd1"&gt;444&lt;/td&gt;
		&lt;td class="tabelatd1"&gt;Tipo Cobranca&lt;/td&gt;
		&lt;td class="tabelatd1"&gt;10/10/2018&lt;/td&gt;
		&lt;td class="tabelatd1"&gt;110.00&lt;/td&gt;
		&lt;td class="tabelatd1"&gt;0.00&lt;/td&gt;
		&lt;td class="tabelatd1"&gt;0.00&lt;/td&gt;
		&lt;td class="tabelatd1"&gt;0.00&lt;/td&gt;
		&lt;td class="tabelatd1"&gt;&lt;br&gt;&lt;br&gt;&lt;/td&gt;
	&lt;/tr&gt;
	&lt;tr&gt;
		&lt;td class="tabelatd2"&gt;1-Fulano de Tal (652.392.539-00)&lt;/td&gt;
		&lt;td class="tabelatd2"&gt;Rua Geral&lt;/td&gt;
		&lt;td class="tabelatd2"&gt;Criciúma/SC&lt;/td&gt;
		&lt;td class="tabelatd2"&gt;1&lt;/td&gt;
		&lt;td class="tabelatd2"&gt;317&lt;/td&gt;
		&lt;td class="tabelatd2"&gt;Tipo Cobranca&lt;/td&gt;
		&lt;td class="tabelatd2"&gt;10/10/2018&lt;/td&gt;
		&lt;td class="tabelatd2"&gt;110.00&lt;/td&gt;
		&lt;td class="tabelatd2"&gt;0.00&lt;/td&gt;
		&lt;td class="tabelatd2"&gt;0.00&lt;/td&gt;
		&lt;td class="tabelatd2"&gt;0.00&lt;/td&gt;
		&lt;td class="tabelatd2"&gt;&lt;br&gt;&lt;br&gt;&lt;/td&gt;
	&lt;/tr&gt;
	&lt;tr&gt;
		&lt;td class="tabelatd1"&gt;1-Fulano de Tal (652.392.539-00)&lt;/td&gt;
		&lt;td class="tabelatd1"&gt;Rua Geral&lt;/td&gt;
		&lt;td class="tabelatd1"&gt;Criciúma/SC&lt;/td&gt;
		&lt;td class="tabelatd1"&gt;1&lt;/td&gt;
		&lt;td class="tabelatd1"&gt;346&lt;/td&gt;
		&lt;td class="tabelatd1"&gt;Tipo Cobranca&lt;/td&gt;
		&lt;td class="tabelatd1"&gt;10/10/2018&lt;/td&gt;
		&lt;td class="tabelatd1"&gt;110.00&lt;/td&gt;
		&lt;td class="tabelatd1"&gt;0.00&lt;/td&gt;
		&lt;td class="tabelatd1"&gt;0.00&lt;/td&gt;
		&lt;td class="tabelatd1"&gt;0.00&lt;/td&gt;
		&lt;td class="tabelatd1"&gt;&lt;br&gt;&lt;br&gt;&lt;/td&gt;
	&lt;/tr&gt;
	&lt;tr&gt;
		&lt;td class="tabelatd2"&gt;1-Fulano de Tal (652.392.539-00)&lt;/td&gt;
		&lt;td class="tabelatd2"&gt;Rua Geral&lt;/td&gt;
		&lt;td class="tabelatd2"&gt;Criciúma/SC&lt;/td&gt;
		&lt;td class="tabelatd2"&gt;1&lt;/td&gt;
		&lt;td class="tabelatd2"&gt;377&lt;/td&gt;
		&lt;td class="tabelatd2"&gt;Tipo Cobranca&lt;/td&gt;
		&lt;td class="tabelatd2"&gt;10/10/2018&lt;/td&gt;
		&lt;td class="tabelatd2"&gt;110.00&lt;/td&gt;
		&lt;td class="tabelatd2"&gt;0.00&lt;/td&gt;
		&lt;td class="tabelatd2"&gt;0.00&lt;/td&gt;
		&lt;td class="tabelatd2"&gt;0.00&lt;/td&gt;
		&lt;td class="tabelatd2"&gt;&lt;br&gt;&lt;br&gt;&lt;/td&gt;
	&lt;/tr&gt;
	&lt;tr&gt;
		&lt;td class="tabelatd1"&gt;1-Fulano de Tal (652.392.539-00)&lt;/td&gt;
		&lt;td class="tabelatd1"&gt;Rua Geral&lt;/td&gt;
		&lt;td class="tabelatd1"&gt;Criciúma/SC&lt;/td&gt;
		&lt;td class="tabelatd1"&gt;1&lt;/td&gt;
		&lt;td class="tabelatd1"&gt;410&lt;/td&gt;
		&lt;td class="tabelatd1"&gt;Tipo Cobranca&lt;/td&gt;
		&lt;td class="tabelatd1"&gt;10/10/2018&lt;/td&gt;
		&lt;td class="tabelatd1"&gt;110.00&lt;/td&gt;
		&lt;td class="tabelatd1"&gt;0.00&lt;/td&gt;
		&lt;td class="tabelatd1"&gt;0.00&lt;/td&gt;
		&lt;td class="tabelatd1"&gt;0.00&lt;/td&gt;
		&lt;td class="tabelatd1"&gt;&lt;br&gt;&lt;br&gt;&lt;/td&gt;
	&lt;/tr&gt;
	&lt;tr&gt;
		&lt;td class="tabelatd2"&gt;1-Fulano de Tal (652.392.539-00)&lt;/td&gt;
		&lt;td class="tabelatd2"&gt;Rua Geral&lt;/td&gt;
		&lt;td class="tabelatd2"&gt;Criciúma/SC&lt;/td&gt;
		&lt;td class="tabelatd2"&gt;1&lt;/td&gt;
		&lt;td class="tabelatd2"&gt;445&lt;/td&gt;
		&lt;td class="tabelatd2"&gt;Tipo Cobranca&lt;/td&gt;
		&lt;td class="tabelatd2"&gt;10/10/2018&lt;/td&gt;
		&lt;td class="tabelatd2"&gt;110.00&lt;/td&gt;
		&lt;td class="tabelatd2"&gt;0.00&lt;/td&gt;
		&lt;td class="tabelatd2"&gt;0.00&lt;/td&gt;
		&lt;td class="tabelatd2"&gt;0.00&lt;/td&gt;
		&lt;td class="tabelatd2"&gt;&lt;br&gt;&lt;br&gt;&lt;/td&gt;
	&lt;/tr&gt;
	&lt;tr&gt;
		&lt;td class="tabelatd1"&gt;1-Fulano de Tal (652.392.539-00)&lt;/td&gt;
		&lt;td class="tabelatd1"&gt;Rua Geral&lt;/td&gt;
		&lt;td class="tabelatd1"&gt;Criciúma/SC&lt;/td&gt;
		&lt;td class="tabelatd1"&gt;1&lt;/td&gt;
		&lt;td class="tabelatd1"&gt;318&lt;/td&gt;
		&lt;td class="tabelatd1"&gt;Tipo Cobranca&lt;/td&gt;
		&lt;td class="tabelatd1"&gt;10/10/2018&lt;/td&gt;
		&lt;td class="tabelatd1"&gt;110.00&lt;/td&gt;
		&lt;td class="tabelatd1"&gt;0.00&lt;/td&gt;
		&lt;td class="tabelatd1"&gt;0.00&lt;/td&gt;
		&lt;td class="tabelatd1"&gt;0.00&lt;/td&gt;
		&lt;td class="tabelatd1"&gt;&lt;br&gt;&lt;br&gt;&lt;/td&gt;
	&lt;/tr&gt;
	&lt;tr&gt;
		&lt;td class="tabelatd2"&gt;1-Fulano de Tal (652.392.539-00)&lt;/td&gt;
		&lt;td class="tabelatd2"&gt;Rua Geral&lt;/td&gt;
		&lt;td class="tabelatd2"&gt;Criciúma/SC&lt;/td&gt;
		&lt;td class="tabelatd2"&gt;1&lt;/td&gt;
		&lt;td class="tabelatd2"&gt;347&lt;/td&gt;
		&lt;td class="tabelatd2"&gt;Tipo Cobranca&lt;/td&gt;
		&lt;td class="tabelatd2"&gt;10/10/2018&lt;/td&gt;
		&lt;td class="tabelatd2"&gt;110.00&lt;/td&gt;
		&lt;td class="tabelatd2"&gt;0.00&lt;/td&gt;
		&lt;td class="tabelatd2"&gt;0.00&lt;/td&gt;
		&lt;td class="tabelatd2"&gt;0.00&lt;/td&gt;
		&lt;td class="tabelatd2"&gt;&lt;br&gt;&lt;br&gt;&lt;/td&gt;
	&lt;/tr&gt;
	&lt;tr&gt;
		&lt;td class="tabelatd1"&gt;1-Fulano de Tal (652.392.539-00)&lt;/td&gt;
		&lt;td class="tabelatd1"&gt;Rua Geral&lt;/td&gt;
		&lt;td class="tabelatd1"&gt;Criciúma/SC&lt;/td&gt;
		&lt;td class="tabelatd1"&gt;1&lt;/td&gt;
		&lt;td class="tabelatd1"&gt;378&lt;/td&gt;
		&lt;td class="tabelatd1"&gt;Tipo Cobranca&lt;/td&gt;
		&lt;td class="tabelatd1"&gt;10/10/2018&lt;/td&gt;
		&lt;td class="tabelatd1"&gt;110.00&lt;/td&gt;
		&lt;td class="tabelatd1"&gt;0.00&lt;/td&gt;
		&lt;td class="tabelatd1"&gt;0.00&lt;/td&gt;
		&lt;td class="tabelatd1"&gt;0.00&lt;/td&gt;
		&lt;td class="tabelatd1"&gt;&lt;br&gt;&lt;br&gt;&lt;/td&gt;
	&lt;/tr&gt;
	&lt;tr&gt;
		&lt;td class="tabelatd2"&gt;1-Fulano de Tal (652.392.539-00)&lt;/td&gt;
		&lt;td class="tabelatd2"&gt;Rua Geral&lt;/td&gt;
		&lt;td class="tabelatd2"&gt;Criciúma/SC&lt;/td&gt;
		&lt;td class="tabelatd2"&gt;1&lt;/td&gt;
		&lt;td class="tabelatd2"&gt;411&lt;/td&gt;
		&lt;td class="tabelatd2"&gt;Tipo Cobranca&lt;/td&gt;
		&lt;td class="tabelatd2"&gt;10/10/2018&lt;/td&gt;
		&lt;td class="tabelatd2"&gt;110.00&lt;/td&gt;
		&lt;td class="tabelatd2"&gt;0.00&lt;/td&gt;
		&lt;td class="tabelatd2"&gt;0.00&lt;/td&gt;
		&lt;td class="tabelatd2"&gt;0.00&lt;/td&gt;
		&lt;td class="tabelatd2"&gt;&lt;br&gt;&lt;br&gt;&lt;/td&gt;
	&lt;/tr&gt;
	&lt;tr&gt;
		&lt;td class="tabelatd1"&gt;1-Fulano de Tal (652.392.539-00)&lt;/td&gt;
		&lt;td class="tabelatd1"&gt;Rua Geral&lt;/td&gt;
		&lt;td class="tabelatd1"&gt;Criciúma/SC&lt;/td&gt;
		&lt;td class="tabelatd1"&gt;1&lt;/td&gt;
		&lt;td class="tabelatd1"&gt;446&lt;/td&gt;
		&lt;td class="tabelatd1"&gt;Tipo Cobranca&lt;/td&gt;
		&lt;td class="tabelatd1"&gt;10/10/2018&lt;/td&gt;
		&lt;td class="tabelatd1"&gt;110.00&lt;/td&gt;
		&lt;td class="tabelatd1"&gt;0.00&lt;/td&gt;
		&lt;td class="tabelatd1"&gt;0.00&lt;/td&gt;
		&lt;td class="tabelatd1"&gt;0.00&lt;/td&gt;
		&lt;td class="tabelatd1"&gt;&lt;br&gt;&lt;br&gt;&lt;/td&gt;
	&lt;/tr&gt;
	&lt;tr&gt;
		&lt;td class="tabelatd2"&gt;1-Fulano de Tal (652.392.539-00)&lt;/td&gt;
		&lt;td class="tabelatd2"&gt;Rua Geral&lt;/td&gt;
		&lt;td class="tabelatd2"&gt;Criciúma/SC&lt;/td&gt;
		&lt;td class="tabelatd2"&gt;1&lt;/td&gt;
		&lt;td class="tabelatd2"&gt;348&lt;/td&gt;
		&lt;td class="tabelatd2"&gt;Tipo Cobranca&lt;/td&gt;
		&lt;td class="tabelatd2"&gt;10/10/2018&lt;/td&gt;
		&lt;td class="tabelatd2"&gt;110.00&lt;/td&gt;
		&lt;td class="tabelatd2"&gt;0.00&lt;/td&gt;
		&lt;td class="tabelatd2"&gt;0.00&lt;/td&gt;
		&lt;td class="tabelatd2"&gt;0.00&lt;/td&gt;
		&lt;td class="tabelatd2"&gt;&lt;br&gt;&lt;br&gt;&lt;/td&gt;
	&lt;/tr&gt;
	&lt;tr&gt;
		&lt;td class="tabelatd1"&gt;1-Fulano de Tal (652.392.539-00)&lt;/td&gt;
		&lt;td class="tabelatd1"&gt;Rua Geral&lt;/td&gt;
		&lt;td class="tabelatd1"&gt;Criciúma/SC&lt;/td&gt;
		&lt;td class="tabelatd1"&gt;1&lt;/td&gt;
		&lt;td class="tabelatd1"&gt;379&lt;/td&gt;
		&lt;td class="tabelatd1"&gt;Tipo Cobranca&lt;/td&gt;
		&lt;td class="tabelatd1"&gt;10/10/2018&lt;/td&gt;
		&lt;td class="tabelatd1"&gt;110.00&lt;/td&gt;
		&lt;td class="tabelatd1"&gt;0.00&lt;/td&gt;
		&lt;td class="tabelatd1"&gt;0.00&lt;/td&gt;
		&lt;td class="tabelatd1"&gt;0.00&lt;/td&gt;
		&lt;td class="tabelatd1"&gt;&lt;br&gt;&lt;br&gt;&lt;/td&gt;
	&lt;/tr&gt;
	&lt;tr&gt;
		&lt;td class="tabelatd2"&gt;1-Fulano de Tal (652.392.539-00)&lt;/td&gt;
		&lt;td class="tabelatd2"&gt;Rua Geral&lt;/td&gt;
		&lt;td class="tabelatd2"&gt;Criciúma/SC&lt;/td&gt;
		&lt;td class="tabelatd2"&gt;1&lt;/td&gt;
		&lt;td class="tabelatd2"&gt;412&lt;/td&gt;
		&lt;td class="tabelatd2"&gt;Tipo Cobranca&lt;/td&gt;
		&lt;td class="tabelatd2"&gt;10/10/2018&lt;/td&gt;
		&lt;td class="tabelatd2"&gt;110.00&lt;/td&gt;
		&lt;td class="tabelatd2"&gt;0.00&lt;/td&gt;
		&lt;td class="tabelatd2"&gt;0.00&lt;/td&gt;
		&lt;td class="tabelatd2"&gt;0.00&lt;/td&gt;
		&lt;td class="tabelatd2"&gt;&lt;br&gt;&lt;br&gt;&lt;/td&gt;
	&lt;/tr&gt;
	&lt;tr&gt;
		&lt;td class="tabelatd1"&gt;1-Fulano de Tal (652.392.539-00)&lt;/td&gt;
		&lt;td class="tabelatd1"&gt;Rua Geral&lt;/td&gt;
		&lt;td class="tabelatd1"&gt;Criciúma/SC&lt;/td&gt;
		&lt;td class="tabelatd1"&gt;1&lt;/td&gt;
		&lt;td class="tabelatd1"&gt;380&lt;/td&gt;
		&lt;td class="tabelatd1"&gt;Tipo Cobranca&lt;/td&gt;
		&lt;td class="tabelatd1"&gt;10/10/2018&lt;/td&gt;
		&lt;td class="tabelatd1"&gt;110.00&lt;/td&gt;
		&lt;td class="tabelatd1"&gt;0.00&lt;/td&gt;
		&lt;td class="tabelatd1"&gt;0.00&lt;/td&gt;
		&lt;td class="tabelatd1"&gt;0.00&lt;/td&gt;
		&lt;td class="tabelatd1"&gt;&lt;br&gt;&lt;br&gt;&lt;/td&gt;
	&lt;/tr&gt;
	&lt;tr&gt;
		&lt;td class="tabelatd2"&gt;1-Fulano de Tal (652.392.539-00)&lt;/td&gt;
		&lt;td class="tabelatd2"&gt;Rua Geral&lt;/td&gt;
		&lt;td class="tabelatd2"&gt;Criciúma/SC&lt;/td&gt;
		&lt;td class="tabelatd2"&gt;1&lt;/td&gt;
		&lt;td class="tabelatd2"&gt;413&lt;/td&gt;
		&lt;td class="tabelatd2"&gt;Tipo Cobranca&lt;/td&gt;
		&lt;td class="tabelatd2"&gt;10/10/2018&lt;/td&gt;
		&lt;td class="tabelatd2"&gt;110.00&lt;/td&gt;
		&lt;td class="tabelatd2"&gt;0.00&lt;/td&gt;
		&lt;td class="tabelatd2"&gt;0.00&lt;/td&gt;
		&lt;td class="tabelatd2"&gt;0.00&lt;/td&gt;
		&lt;td class="tabelatd2"&gt;&lt;br&gt;&lt;br&gt;&lt;/td&gt;
	&lt;/tr&gt;
	&lt;tr&gt;
		&lt;td class="tabelatd1"&gt;1-Fulano de Tal (652.392.539-00)&lt;/td&gt;
		&lt;td class="tabelatd1"&gt;Rua Geral&lt;/td&gt;
		&lt;td class="tabelatd1"&gt;Criciúma/SC&lt;/td&gt;
		&lt;td class="tabelatd1"&gt;1&lt;/td&gt;
		&lt;td class="tabelatd1"&gt;414&lt;/td&gt;
		&lt;td class="tabelatd1"&gt;Tipo Cobranca&lt;/td&gt;
		&lt;td class="tabelatd1"&gt;10/10/2018&lt;/td&gt;
		&lt;td class="tabelatd1"&gt;110.00&lt;/td&gt;
		&lt;td class="tabelatd1"&gt;0.00&lt;/td&gt;
		&lt;td class="tabelatd1"&gt;0.00&lt;/td&gt;
		&lt;td class="tabelatd1"&gt;0.00&lt;/td&gt;
		&lt;td class="tabelatd1"&gt;&lt;br&gt;&lt;br&gt;&lt;/td&gt;
	&lt;/tr&gt;
	&lt;tr&gt;
		&lt;td class="tabelatd2"&gt;1-Fulano de Tal (652.392.539-00)&lt;/td&gt;
		&lt;td class="tabelatd2"&gt;Rua Geral&lt;/td&gt;
		&lt;td class="tabelatd2"&gt;Criciúma/SC&lt;/td&gt;
		&lt;td class="tabelatd2"&gt;1&lt;/td&gt;
		&lt;td class="tabelatd2"&gt;447&lt;/td&gt;
		&lt;td class="tabelatd2"&gt;Tipo Cobranca&lt;/td&gt;
		&lt;td class="tabelatd2"&gt;10/10/2018&lt;/td&gt;
		&lt;td class="tabelatd2"&gt;110.00&lt;/td&gt;
		&lt;td class="tabelatd2"&gt;0.00&lt;/td&gt;
		&lt;td class="tabelatd2"&gt;0.00&lt;/td&gt;
		&lt;td class="tabelatd2"&gt;0.00&lt;/td&gt;
		&lt;td class="tabelatd2"&gt;&lt;br&gt;&lt;br&gt;&lt;/td&gt;
	&lt;/tr&gt;
	&lt;tr&gt;
		&lt;td class="tabelatd1"&gt;1-Fulano de Tal (652.392.539-00)&lt;/td&gt;
		&lt;td class="tabelatd1"&gt;Rua Geral&lt;/td&gt;
		&lt;td class="tabelatd1"&gt;Criciúma/SC&lt;/td&gt;
		&lt;td class="tabelatd1"&gt;1&lt;/td&gt;
		&lt;td class="tabelatd1"&gt;448&lt;/td&gt;
		&lt;td class="tabelatd1"&gt;Tipo Cobranca&lt;/td&gt;
		&lt;td class="tabelatd1"&gt;10/10/2018&lt;/td&gt;
		&lt;td class="tabelatd1"&gt;110.00&lt;/td&gt;
		&lt;td class="tabelatd1"&gt;0.00&lt;/td&gt;
		&lt;td class="tabelatd1"&gt;0.00&lt;/td&gt;
		&lt;td class="tabelatd1"&gt;0.00&lt;/td&gt;
		&lt;td class="tabelatd1"&gt;&lt;br&gt;&lt;br&gt;&lt;/td&gt;
	&lt;/tr&gt;
	&lt;tr&gt;
		&lt;td class="tabelatd2"&gt;1-Fulano de Tal (652.392.539-00)&lt;/td&gt;
		&lt;td class="tabelatd2"&gt;Rua Geral&lt;/td&gt;
		&lt;td class="tabelatd2"&gt;Criciúma/SC&lt;/td&gt;
		&lt;td class="tabelatd2"&gt;1&lt;/td&gt;
		&lt;td class="tabelatd2"&gt;449&lt;/td&gt;
		&lt;td class="tabelatd2"&gt;Tipo Cobranca&lt;/td&gt;
		&lt;td class="tabelatd2"&gt;10/10/2018&lt;/td&gt;
		&lt;td class="tabelatd2"&gt;110.00&lt;/td&gt;
		&lt;td class="tabelatd2"&gt;0.00&lt;/td&gt;
		&lt;td class="tabelatd2"&gt;0.00&lt;/td&gt;
		&lt;td class="tabelatd2"&gt;0.00&lt;/td&gt;
		&lt;td class="tabelatd2"&gt;&lt;br&gt;&lt;br&gt;&lt;/td&gt;
	&lt;/tr&gt;
	&lt;tr&gt;
		&lt;td class="tabelatd1"&gt;1-Fulano de Tal (652.392.539-00)&lt;/td&gt;
		&lt;td class="tabelatd1"&gt;Rua Geral&lt;/td&gt;
		&lt;td class="tabelatd1"&gt;Criciúma/SC&lt;/td&gt;
		&lt;td class="tabelatd1"&gt;1&lt;/td&gt;
		&lt;td class="tabelatd1"&gt;450&lt;/td&gt;
		&lt;td class="tabelatd1"&gt;Tipo Cobranca&lt;/td&gt;
		&lt;td class="tabelatd1"&gt;10/10/2018&lt;/td&gt;
		&lt;td class="tabelatd1"&gt;110.00&lt;/td&gt;
		&lt;td class="tabelatd1"&gt;0.00&lt;/td&gt;
		&lt;td class="tabelatd1"&gt;0.00&lt;/td&gt;
		&lt;td class="tabelatd1"&gt;0.00&lt;/td&gt;
		&lt;td class="tabelatd1"&gt;&lt;br&gt;&lt;br&gt;&lt;/td&gt;
	&lt;/tr&gt;
	&lt;tr&gt;
		&lt;td class="tabelatd2"&gt;2-Fulano de Tal (111.111.111-11)&lt;/td&gt;
		&lt;td class="tabelatd2"&gt;Rua Sem Fim, N�mero zero, Bairro Normal&lt;/td&gt;
		&lt;td class="tabelatd2"&gt;Cocal do Sul/SC&lt;/td&gt;
		&lt;td class="tabelatd2"&gt;0F&lt;/td&gt;
		&lt;td class="tabelatd2"&gt;50&lt;/td&gt;
		&lt;td class="tabelatd2"&gt;Tipo Cobranca&lt;/td&gt;
		&lt;td class="tabelatd2"&gt;11/10/2018&lt;/td&gt;
		&lt;td class="tabelatd2"&gt;110.00&lt;/td&gt;
		&lt;td class="tabelatd2"&gt;0.00&lt;/td&gt;
		&lt;td class="tabelatd2"&gt;0.00&lt;/td&gt;
		&lt;td class="tabelatd2"&gt;0.00&lt;/td&gt;
		&lt;td class="tabelatd2"&gt;&lt;br&gt;&lt;br&gt;&lt;/td&gt;
	&lt;/tr&gt;
	&lt;tr&gt;
		&lt;td class="tabelatd1"&gt;2-Fulano de Tal (111.111.111-11)&lt;/td&gt;
		&lt;td class="tabelatd1"&gt;Rua Sem Fim, N�mero zero, Bairro Normal&lt;/td&gt;
		&lt;td class="tabelatd1"&gt;Cocal do Sul/SC&lt;/td&gt;
		&lt;td class="tabelatd1"&gt;0F&lt;/td&gt;
		&lt;td class="tabelatd1"&gt;63&lt;/td&gt;
		&lt;td class="tabelatd1"&gt;Tipo Cobranca&lt;/td&gt;
		&lt;td class="tabelatd1"&gt;11/10/2018&lt;/td&gt;
		&lt;td class="tabelatd1"&gt;110.00&lt;/td&gt;
		&lt;td class="tabelatd1"&gt;0.00&lt;/td&gt;
		&lt;td class="tabelatd1"&gt;0.00&lt;/td&gt;
		&lt;td class="tabelatd1"&gt;0.00&lt;/td&gt;
		&lt;td class="tabelatd1"&gt;&lt;br&gt;&lt;br&gt;&lt;/td&gt;
	&lt;/tr&gt;
	&lt;tr&gt;
		&lt;td class="tabelatd2"&gt;2-Fulano de Tal (111.111.111-11)&lt;/td&gt;
		&lt;td class="tabelatd2"&gt;Rua Sem Fim, N�mero zero, Bairro Normal&lt;/td&gt;
		&lt;td class="tabelatd2"&gt;Cocal do Sul/SC&lt;/td&gt;
		&lt;td class="tabelatd2"&gt;0F&lt;/td&gt;
		&lt;td class="tabelatd2"&gt;78&lt;/td&gt;
		&lt;td class="tabelatd2"&gt;Tipo Cobranca&lt;/td&gt;
		&lt;td class="tabelatd2"&gt;11/10/2018&lt;/td&gt;
		&lt;td class="tabelatd2"&gt;110.00&lt;/td&gt;
		&lt;td class="tabelatd2"&gt;0.00&lt;/td&gt;
		&lt;td class="tabelatd2"&gt;0.00&lt;/td&gt;
		&lt;td class="tabelatd2"&gt;0.00&lt;/td&gt;
		&lt;td class="tabelatd2"&gt;&lt;br&gt;&lt;br&gt;&lt;/td&gt;
	&lt;/tr&gt;
	&lt;tr&gt;
		&lt;td class="tabelatd1"&gt;2-Fulano de Tal (111.111.111-11)&lt;/td&gt;
		&lt;td class="tabelatd1"&gt;Rua Sem Fim, N�mero zero, Bairro Normal&lt;/td&gt;
		&lt;td class="tabelatd1"&gt;Cocal do Sul/SC&lt;/td&gt;
		&lt;td class="tabelatd1"&gt;0F&lt;/td&gt;
		&lt;td class="tabelatd1"&gt;95&lt;/td&gt;
		&lt;td class="tabelatd1"&gt;Tipo Cobranca&lt;/td&gt;
		&lt;td class="tabelatd1"&gt;11/10/2018&lt;/td&gt;
		&lt;td class="tabelatd1"&gt;110.00&lt;/td&gt;
		&lt;td class="tabelatd1"&gt;0.00&lt;/td&gt;
		&lt;td class="tabelatd1"&gt;0.00&lt;/td&gt;
		&lt;td class="tabelatd1"&gt;0.00&lt;/td&gt;
		&lt;td class="tabelatd1"&gt;&lt;br&gt;&lt;br&gt;&lt;/td&gt;
	&lt;/tr&gt;
	&lt;tr&gt;
		&lt;td class="tabelatd2"&gt;2-Fulano de Tal (111.111.111-11)&lt;/td&gt;
		&lt;td class="tabelatd2"&gt;Rua Sem Fim, N�mero zero, Bairro Normal&lt;/td&gt;
		&lt;td class="tabelatd2"&gt;Cocal do Sul/SC&lt;/td&gt;
		&lt;td class="tabelatd2"&gt;0F&lt;/td&gt;
		&lt;td class="tabelatd2"&gt;111&lt;/td&gt;
		&lt;td class="tabelatd2"&gt;Tipo Cobranca&lt;/td&gt;
		&lt;td class="tabelatd2"&gt;11/10/2018&lt;/td&gt;
		&lt;td class="tabelatd2"&gt;110.00&lt;/td&gt;
		&lt;td class="tabelatd2"&gt;0.00&lt;/td&gt;
		&lt;td class="tabelatd2"&gt;0.00&lt;/td&gt;
		&lt;td class="tabelatd2"&gt;0.00&lt;/td&gt;
		&lt;td class="tabelatd2"&gt;&lt;br&gt;&lt;br&gt;&lt;/td&gt;
	&lt;/tr&gt;
	&lt;tr&gt;
		&lt;td class="tabelatd1"&gt;2-Fulano de Tal (111.111.111-11)&lt;/td&gt;
		&lt;td class="tabelatd1"&gt;Rua Sem Fim, N�mero zero, Bairro Normal&lt;/td&gt;
		&lt;td class="tabelatd1"&gt;Cocal do Sul/SC&lt;/td&gt;
		&lt;td class="tabelatd1"&gt;0F&lt;/td&gt;
		&lt;td class="tabelatd1"&gt;140&lt;/td&gt;
		&lt;td class="tabelatd1"&gt;Tipo Cobranca&lt;/td&gt;
		&lt;td class="tabelatd1"&gt;11/10/2018&lt;/td&gt;
		&lt;td class="tabelatd1"&gt;110.00&lt;/td&gt;
		&lt;td class="tabelatd1"&gt;0.00&lt;/td&gt;
		&lt;td class="tabelatd1"&gt;0.00&lt;/td&gt;
		&lt;td class="tabelatd1"&gt;0.00&lt;/td&gt;
		&lt;td class="tabelatd1"&gt;&lt;br&gt;&lt;br&gt;&lt;/td&gt;
	&lt;/tr&gt;
	&lt;tr&gt;
		&lt;td class="tabelatd2"&gt;2-Fulano de Tal (111.111.111-11)&lt;/td&gt;
		&lt;td class="tabelatd2"&gt;Rua Sem Fim, N�mero zero, Bairro Normal&lt;/td&gt;
		&lt;td class="tabelatd2"&gt;Cocal do Sul/SC&lt;/td&gt;
		&lt;td class="tabelatd2"&gt;0F&lt;/td&gt;
		&lt;td class="tabelatd2"&gt;166&lt;/td&gt;
		&lt;td class="tabelatd2"&gt;Tipo Cobranca&lt;/td&gt;
		&lt;td class="tabelatd2"&gt;11/10/2018&lt;/td&gt;
		&lt;td class="tabelatd2"&gt;110.00&lt;/td&gt;
		&lt;td class="tabelatd2"&gt;0.00&lt;/td&gt;
		&lt;td class="tabelatd2"&gt;0.00&lt;/td&gt;
		&lt;td class="tabelatd2"&gt;0.00&lt;/td&gt;
		&lt;td class="tabelatd2"&gt;&lt;br&gt;&lt;br&gt;&lt;/td&gt;
	&lt;/tr&gt;
	&lt;tr&gt;
		&lt;td class="tabelatd1"&gt;2-Fulano de Tal (111.111.111-11)&lt;/td&gt;
		&lt;td class="tabelatd1"&gt;Rua Sem Fim, N�mero zero, Bairro Normal&lt;/td&gt;
		&lt;td class="tabelatd1"&gt;Cocal do Sul/SC&lt;/td&gt;
		&lt;td class="tabelatd1"&gt;0F&lt;/td&gt;
		&lt;td class="tabelatd1"&gt;186&lt;/td&gt;
		&lt;td class="tabelatd1"&gt;Tipo Cobranca&lt;/td&gt;
		&lt;td class="tabelatd1"&gt;11/10/2018&lt;/td&gt;
		&lt;td class="tabelatd1"&gt;110.00&lt;/td&gt;
		&lt;td class="tabelatd1"&gt;0.00&lt;/td&gt;
		&lt;td class="tabelatd1"&gt;0.00&lt;/td&gt;
		&lt;td class="tabelatd1"&gt;0.00&lt;/td&gt;
		&lt;td class="tabelatd1"&gt;&lt;br&gt;&lt;br&gt;&lt;/td&gt;
	&lt;/tr&gt;
	&lt;tr&gt;
		&lt;td class="tabelatd2"&gt;2-Fulano de Tal (111.111.111-11)&lt;/td&gt;
		&lt;td class="tabelatd2"&gt;Rua Sem Fim, N�mero zero, Bairro Normal&lt;/td&gt;
		&lt;td class="tabelatd2"&gt;Cocal do Sul/SC&lt;/td&gt;
		&lt;td class="tabelatd2"&gt;0F&lt;/td&gt;
		&lt;td class="tabelatd2"&gt;206&lt;/td&gt;
		&lt;td class="tabelatd2"&gt;Tipo Cobranca&lt;/td&gt;
		&lt;td class="tabelatd2"&gt;11/10/2018&lt;/td&gt;
		&lt;td class="tabelatd2"&gt;110.00&lt;/td&gt;
		&lt;td class="tabelatd2"&gt;0.00&lt;/td&gt;
		&lt;td class="tabelatd2"&gt;0.00&lt;/td&gt;
		&lt;td class="tabelatd2"&gt;0.00&lt;/td&gt;
		&lt;td class="tabelatd2"&gt;&lt;br&gt;&lt;br&gt;&lt;/td&gt;
	&lt;/tr&gt;
	&lt;tr&gt;
		&lt;td class="tabelatd1"&gt;2-Fulano de Tal (111.111.111-11)&lt;/td&gt;
		&lt;td class="tabelatd1"&gt;Rua Sem Fim, N�mero zero, Bairro Normal&lt;/td&gt;
		&lt;td class="tabelatd1"&gt;Cocal do Sul/SC&lt;/td&gt;
		&lt;td class="tabelatd1"&gt;0F&lt;/td&gt;
		&lt;td class="tabelatd1"&gt;226&lt;/td&gt;
		&lt;td class="tabelatd1"&gt;Tipo Cobranca&lt;/td&gt;
		&lt;td class="tabelatd1"&gt;11/10/2018&lt;/td&gt;
		&lt;td class="tabelatd1"&gt;110.00&lt;/td&gt;
		&lt;td class="tabelatd1"&gt;0.00&lt;/td&gt;
		&lt;td class="tabelatd1"&gt;0.00&lt;/td&gt;
		&lt;td class="tabelatd1"&gt;0.00&lt;/td&gt;
		&lt;td class="tabelatd1"&gt;&lt;br&gt;&lt;br&gt;&lt;/td&gt;
	&lt;/tr&gt;
	&lt;tr&gt;
		&lt;td class="tabelatd2"&gt;2-Fulano de Tal (111.111.111-11)&lt;/td&gt;
		&lt;td class="tabelatd2"&gt;Rua Sem Fim, N�mero zero, Bairro Normal&lt;/td&gt;
		&lt;td class="tabelatd2"&gt;Cocal do Sul/SC&lt;/td&gt;
		&lt;td class="tabelatd2"&gt;0F&lt;/td&gt;
		&lt;td class="tabelatd2"&gt;251&lt;/td&gt;
		&lt;td class="tabelatd2"&gt;Tipo Cobranca&lt;/td&gt;
		&lt;td class="tabelatd2"&gt;11/10/2018&lt;/td&gt;
		&lt;td class="tabelatd2"&gt;110.00&lt;/td&gt;
		&lt;td class="tabelatd2"&gt;0.00&lt;/td&gt;
		&lt;td class="tabelatd2"&gt;0.00&lt;/td&gt;
		&lt;td class="tabelatd2"&gt;0.00&lt;/td&gt;
		&lt;td class="tabelatd2"&gt;&lt;br&gt;&lt;br&gt;&lt;/td&gt;
	&lt;/tr&gt;
	&lt;tr&gt;
		&lt;td class="tabelatd1"&gt;2-Fulano de Tal (111.111.111-11)&lt;/td&gt;
		&lt;td class="tabelatd1"&gt;Rua Sem Fim, N�mero zero, Bairro Normal&lt;/td&gt;
		&lt;td class="tabelatd1"&gt;Cocal do Sul/SC&lt;/td&gt;
		&lt;td class="tabelatd1"&gt;0F&lt;/td&gt;
		&lt;td class="tabelatd1"&gt;276&lt;/td&gt;
		&lt;td class="tabelatd1"&gt;Tipo Cobranca&lt;/td&gt;
		&lt;td class="tabelatd1"&gt;11/10/2018&lt;/td&gt;
		&lt;td class="tabelatd1"&gt;110.00&lt;/td&gt;
		&lt;td class="tabelatd1"&gt;0.00&lt;/td&gt;
		&lt;td class="tabelatd1"&gt;0.00&lt;/td&gt;
		&lt;td class="tabelatd1"&gt;0.00&lt;/td&gt;
		&lt;td class="tabelatd1"&gt;&lt;br&gt;&lt;br&gt;&lt;/td&gt;
	&lt;/tr&gt;
	&lt;tr&gt;
		&lt;td class="tabelatd2"&gt;2-Fulano de Tal (111.111.111-11)&lt;/td&gt;
		&lt;td class="tabelatd2"&gt;Rua Sem Fim, N�mero zero, Bairro Normal&lt;/td&gt;
		&lt;td class="tabelatd2"&gt;Cocal do Sul/SC&lt;/td&gt;
		&lt;td class="tabelatd2"&gt;0F&lt;/td&gt;
		&lt;td class="tabelatd2"&gt;303&lt;/td&gt;
		&lt;td class="tabelatd2"&gt;Tipo Cobranca&lt;/td&gt;
		&lt;td class="tabelatd2"&gt;11/10/2018&lt;/td&gt;
		&lt;td class="tabelatd2"&gt;110.00&lt;/td&gt;
		&lt;td class="tabelatd2"&gt;0.00&lt;/td&gt;
		&lt;td class="tabelatd2"&gt;0.00&lt;/td&gt;
		&lt;td class="tabelatd2"&gt;0.00&lt;/td&gt;
		&lt;td class="tabelatd2"&gt;&lt;br&gt;&lt;br&gt;&lt;/td&gt;
	&lt;/tr&gt;
	&lt;tr&gt;
		&lt;td class="tabelatd1"&gt;2-Fulano de Tal (111.111.111-11)&lt;/td&gt;
		&lt;td class="tabelatd1"&gt;Rua Sem Fim, N�mero zero, Bairro Normal&lt;/td&gt;
		&lt;td class="tabelatd1"&gt;Cocal do Sul/SC&lt;/td&gt;
		&lt;td class="tabelatd1"&gt;0F&lt;/td&gt;
		&lt;td class="tabelatd1"&gt;332&lt;/td&gt;
		&lt;td class="tabelatd1"&gt;Tipo Cobranca&lt;/td&gt;
		&lt;td class="tabelatd1"&gt;11/10/2018&lt;/td&gt;
		&lt;td class="tabelatd1"&gt;110.00&lt;/td&gt;
		&lt;td class="tabelatd1"&gt;0.00&lt;/td&gt;
		&lt;td class="tabelatd1"&gt;0.00&lt;/td&gt;
		&lt;td class="tabelatd1"&gt;0.00&lt;/td&gt;
		&lt;td class="tabelatd1"&gt;&lt;br&gt;&lt;br&gt;&lt;/td&gt;
	&lt;/tr&gt;
	&lt;tr&gt;
		&lt;td class="tabelatd2"&gt;2-Fulano de Tal (111.111.111-11)&lt;/td&gt;
		&lt;td class="tabelatd2"&gt;Rua Sem Fim, N�mero zero, Bairro Normal&lt;/td&gt;
		&lt;td class="tabelatd2"&gt;Cocal do Sul/SC&lt;/td&gt;
		&lt;td class="tabelatd2"&gt;0F&lt;/td&gt;
		&lt;td class="tabelatd2"&gt;363&lt;/td&gt;
		&lt;td class="tabelatd2"&gt;Tipo Cobranca&lt;/td&gt;
		&lt;td class="tabelatd2"&gt;11/10/2018&lt;/td&gt;
		&lt;td class="tabelatd2"&gt;110.00&lt;/td&gt;
		&lt;td class="tabelatd2"&gt;0.00&lt;/td&gt;
		&lt;td class="tabelatd2"&gt;0.00&lt;/td&gt;
		&lt;td class="tabelatd2"&gt;0.00&lt;/td&gt;
		&lt;td class="tabelatd2"&gt;&lt;br&gt;&lt;br&gt;&lt;/td&gt;
	&lt;/tr&gt;
	&lt;tr&gt;
		&lt;td class="tabelatd1"&gt;2-Fulano de Tal (111.111.111-11)&lt;/td&gt;
		&lt;td class="tabelatd1"&gt;Rua Sem Fim, N�mero zero, Bairro Normal&lt;/td&gt;
		&lt;td class="tabelatd1"&gt;Cocal do Sul/SC&lt;/td&gt;
		&lt;td class="tabelatd1"&gt;0F&lt;/td&gt;
		&lt;td class="tabelatd1"&gt;396&lt;/td&gt;
		&lt;td class="tabelatd1"&gt;Tipo Cobranca&lt;/td&gt;
		&lt;td class="tabelatd1"&gt;11/10/2018&lt;/td&gt;
		&lt;td class="tabelatd1"&gt;110.00&lt;/td&gt;
		&lt;td class="tabelatd1"&gt;0.00&lt;/td&gt;
		&lt;td class="tabelatd1"&gt;0.00&lt;/td&gt;
		&lt;td class="tabelatd1"&gt;0.00&lt;/td&gt;
		&lt;td class="tabelatd1"&gt;&lt;br&gt;&lt;br&gt;&lt;/td&gt;
	&lt;/tr&gt;
	&lt;tr&gt;
		&lt;td class="tabelatd2"&gt;2-Fulano de Tal (111.111.111-11)&lt;/td&gt;
		&lt;td class="tabelatd2"&gt;Rua Sem Fim, N�mero zero, Bairro Normal&lt;/td&gt;
		&lt;td class="tabelatd2"&gt;Cocal do Sul/SC&lt;/td&gt;
		&lt;td class="tabelatd2"&gt;0F&lt;/td&gt;
		&lt;td class="tabelatd2"&gt;431&lt;/td&gt;
		&lt;td class="tabelatd2"&gt;Tipo Cobranca&lt;/td&gt;
		&lt;td class="tabelatd2"&gt;11/10/2018&lt;/td&gt;
		&lt;td class="tabelatd2"&gt;110.00&lt;/td&gt;
		&lt;td class="tabelatd2"&gt;0.00&lt;/td&gt;
		&lt;td class="tabelatd2"&gt;0.00&lt;/td&gt;
		&lt;td class="tabelatd2"&gt;0.00&lt;/td&gt;
		&lt;td class="tabelatd2"&gt;&lt;br&gt;&lt;br&gt;&lt;/td&gt;
	&lt;/tr&gt;
	&lt;tr&gt;
		&lt;td class="tabelatd1"&gt;2-Fulano de Tal (111.111.111-11)&lt;/td&gt;
		&lt;td class="tabelatd1"&gt;Rua Sem Fim, N�mero zero, Bairro Normal&lt;/td&gt;
		&lt;td class="tabelatd1"&gt;Cocal do Sul/SC&lt;/td&gt;
		&lt;td class="tabelatd1"&gt;0F&lt;/td&gt;
		&lt;td class="tabelatd1"&gt;468&lt;/td&gt;
		&lt;td class="tabelatd1"&gt;Tipo Cobranca&lt;/td&gt;
		&lt;td class="tabelatd1"&gt;11/10/2018&lt;/td&gt;
		&lt;td class="tabelatd1"&gt;110.00&lt;/td&gt;
		&lt;td class="tabelatd1"&gt;0.00&lt;/td&gt;
		&lt;td class="tabelatd1"&gt;0.00&lt;/td&gt;
		&lt;td class="tabelatd1"&gt;0.00&lt;/td&gt;
		&lt;td class="tabelatd1"&gt;&lt;br&gt;&lt;br&gt;&lt;/td&gt;
	&lt;/tr&gt;
	&lt;tr&gt;
		&lt;td class="tabelatd2"&gt;1-Fulano de Tal (652.392.539-00)&lt;/td&gt;
		&lt;td class="tabelatd2"&gt;Rua Geral&lt;/td&gt;
		&lt;td class="tabelatd2"&gt;Criciúma/SC&lt;/td&gt;
		&lt;td class="tabelatd2"&gt;1&lt;/td&gt;
		&lt;td class="tabelatd2"&gt;30&lt;/td&gt;
		&lt;td class="tabelatd2"&gt;Tipo Cobranca&lt;/td&gt;
		&lt;td class="tabelatd2"&gt;11/10/2018&lt;/td&gt;
		&lt;td class="tabelatd2"&gt;110.00&lt;/td&gt;
		&lt;td class="tabelatd2"&gt;0.00&lt;/td&gt;
		&lt;td class="tabelatd2"&gt;0.00&lt;/td&gt;
		&lt;td class="tabelatd2"&gt;0.00&lt;/td&gt;
		&lt;td class="tabelatd2"&gt;&lt;br&gt;&lt;br&gt;&lt;/td&gt;
	&lt;/tr&gt;
	&lt;tr&gt;
		&lt;td class="tabelatd1"&gt;1-Fulano de Tal (652.392.539-00)&lt;/td&gt;
		&lt;td class="tabelatd1"&gt;Rua Geral&lt;/td&gt;
		&lt;td class="tabelatd1"&gt;Criciúma/SC&lt;/td&gt;
		&lt;td class="tabelatd1"&gt;1&lt;/td&gt;
		&lt;td class="tabelatd1"&gt;37&lt;/td&gt;
		&lt;td class="tabelatd1"&gt;Tipo Cobranca&lt;/td&gt;
		&lt;td class="tabelatd1"&gt;11/10/2018&lt;/td&gt;
		&lt;td class="tabelatd1"&gt;110.00&lt;/td&gt;
		&lt;td class="tabelatd1"&gt;0.00&lt;/td&gt;
		&lt;td class="tabelatd1"&gt;0.00&lt;/td&gt;
		&lt;td class="tabelatd1"&gt;0.00&lt;/td&gt;
		&lt;td class="tabelatd1"&gt;&lt;br&gt;&lt;br&gt;&lt;/td&gt;
	&lt;/tr&gt;
	&lt;tr&gt;
		&lt;td class="tabelatd2"&gt;1-Fulano de Tal (652.392.539-00)&lt;/td&gt;
		&lt;td class="tabelatd2"&gt;Rua Geral&lt;/td&gt;
		&lt;td class="tabelatd2"&gt;Criciúma/SC&lt;/td&gt;
		&lt;td class="tabelatd2"&gt;1&lt;/td&gt;
		&lt;td class="tabelatd2"&gt;46&lt;/td&gt;
		&lt;td class="tabelatd2"&gt;Tipo Cobranca&lt;/td&gt;
		&lt;td class="tabelatd2"&gt;11/10/2018&lt;/td&gt;
		&lt;td class="tabelatd2"&gt;110.00&lt;/td&gt;
		&lt;td class="tabelatd2"&gt;0.00&lt;/td&gt;
		&lt;td class="tabelatd2"&gt;0.00&lt;/td&gt;
		&lt;td class="tabelatd2"&gt;0.00&lt;/td&gt;
		&lt;td class="tabelatd2"&gt;&lt;br&gt;&lt;br&gt;&lt;/td&gt;
	&lt;/tr&gt;
	&lt;tr&gt;
		&lt;td class="tabelatd1"&gt;1-Fulano de Tal (652.392.539-00)&lt;/td&gt;
		&lt;td class="tabelatd1"&gt;Rua Geral&lt;/td&gt;
		&lt;td class="tabelatd1"&gt;Criciúma/SC&lt;/td&gt;
		&lt;td class="tabelatd1"&gt;1&lt;/td&gt;
		&lt;td class="tabelatd1"&gt;58&lt;/td&gt;
		&lt;td class="tabelatd1"&gt;Tipo Cobranca&lt;/td&gt;
		&lt;td class="tabelatd1"&gt;11/10/2018&lt;/td&gt;
		&lt;td class="tabelatd1"&gt;110.00&lt;/td&gt;
		&lt;td class="tabelatd1"&gt;0.00&lt;/td&gt;
		&lt;td class="tabelatd1"&gt;0.00&lt;/td&gt;
		&lt;td class="tabelatd1"&gt;0.00&lt;/td&gt;
		&lt;td class="tabelatd1"&gt;&lt;br&gt;&lt;br&gt;&lt;/td&gt;
	&lt;/tr&gt;
	&lt;tr&gt;
		&lt;td class="tabelatd2"&gt;1-Fulano de Tal (652.392.539-00)&lt;/td&gt;
		&lt;td class="tabelatd2"&gt;Rua Geral&lt;/td&gt;
		&lt;td class="tabelatd2"&gt;Criciúma/SC&lt;/td&gt;
		&lt;td class="tabelatd2"&gt;1&lt;/td&gt;
		&lt;td class="tabelatd2"&gt;72&lt;/td&gt;
		&lt;td class="tabelatd2"&gt;Tipo Cobranca&lt;/td&gt;
		&lt;td class="tabelatd2"&gt;11/10/2018&lt;/td&gt;
		&lt;td class="tabelatd2"&gt;110.00&lt;/td&gt;
		&lt;td class="tabelatd2"&gt;0.00&lt;/td&gt;
		&lt;td class="tabelatd2"&gt;0.00&lt;/td&gt;
		&lt;td class="tabelatd2"&gt;0.00&lt;/td&gt;
		&lt;td class="tabelatd2"&gt;&lt;br&gt;&lt;br&gt;&lt;/td&gt;
	&lt;/tr&gt;
	&lt;tr&gt;
		&lt;td class="tabelatd1"&gt;1-Fulano de Tal (652.392.539-00)&lt;/td&gt;
		&lt;td class="tabelatd1"&gt;Rua Geral&lt;/td&gt;
		&lt;td class="tabelatd1"&gt;Criciúma/SC&lt;/td&gt;
		&lt;td class="tabelatd1"&gt;1&lt;/td&gt;
		&lt;td class="tabelatd1"&gt;88&lt;/td&gt;
		&lt;td class="tabelatd1"&gt;Tipo Cobranca&lt;/td&gt;
		&lt;td class="tabelatd1"&gt;11/10/2018&lt;/td&gt;
		&lt;td class="tabelatd1"&gt;110.00&lt;/td&gt;
		&lt;td class="tabelatd1"&gt;0.00&lt;/td&gt;
		&lt;td class="tabelatd1"&gt;0.00&lt;/td&gt;
		&lt;td class="tabelatd1"&gt;0.00&lt;/td&gt;
		&lt;td class="tabelatd1"&gt;&lt;br&gt;&lt;br&gt;&lt;/td&gt;
	&lt;/tr&gt;
	&lt;tr&gt;
		&lt;td class="tabelatd2"&gt;1-Fulano de Tal (652.392.539-00)&lt;/td&gt;
		&lt;td class="tabelatd2"&gt;Rua Geral&lt;/td&gt;
		&lt;td class="tabelatd2"&gt;Criciúma/SC&lt;/td&gt;
		&lt;td class="tabelatd2"&gt;1&lt;/td&gt;
		&lt;td class="tabelatd2"&gt;104&lt;/td&gt;
		&lt;td class="tabelatd2"&gt;Tipo Cobranca&lt;/td&gt;
		&lt;td class="tabelatd2"&gt;11/10/2018&lt;/td&gt;
		&lt;td class="tabelatd2"&gt;110.00&lt;/td&gt;
		&lt;td class="tabelatd2"&gt;0.00&lt;/td&gt;
		&lt;td class="tabelatd2"&gt;0.00&lt;/td&gt;
		&lt;td class="tabelatd2"&gt;0.00&lt;/td&gt;
		&lt;td class="tabelatd2"&gt;&lt;br&gt;&lt;br&gt;&lt;/td&gt;
	&lt;/tr&gt;
	&lt;tr&gt;
		&lt;td class="tabelatd1"&gt;1-Fulano de Tal (652.392.539-00)&lt;/td&gt;
		&lt;td class="tabelatd1"&gt;Rua Geral&lt;/td&gt;
		&lt;td class="tabelatd1"&gt;Criciúma/SC&lt;/td&gt;
		&lt;td class="tabelatd1"&gt;1&lt;/td&gt;
		&lt;td class="tabelatd1"&gt;132&lt;/td&gt;
		&lt;td class="tabelatd1"&gt;Tipo Cobranca&lt;/td&gt;
		&lt;td class="tabelatd1"&gt;11/10/2018&lt;/td&gt;
		&lt;td class="tabelatd1"&gt;110.00&lt;/td&gt;
		&lt;td class="tabelatd1"&gt;0.00&lt;/td&gt;
		&lt;td class="tabelatd1"&gt;0.00&lt;/td&gt;
		&lt;td class="tabelatd1"&gt;0.00&lt;/td&gt;
		&lt;td class="tabelatd1"&gt;&lt;br&gt;&lt;br&gt;&lt;/td&gt;
	&lt;/tr&gt;
	&lt;tr&gt;
		&lt;td class="tabelatd2"&gt;1-Fulano de Tal (652.392.539-00)&lt;/td&gt;
		&lt;td class="tabelatd2"&gt;Rua Geral&lt;/td&gt;
		&lt;td class="tabelatd2"&gt;Criciúma/SC&lt;/td&gt;
		&lt;td class="tabelatd2"&gt;1&lt;/td&gt;
		&lt;td class="tabelatd2"&gt;157&lt;/td&gt;
		&lt;td class="tabelatd2"&gt;Tipo Cobranca&lt;/td&gt;
		&lt;td class="tabelatd2"&gt;11/10/2018&lt;/td&gt;
		&lt;td class="tabelatd2"&gt;110.00&lt;/td&gt;
		&lt;td class="tabelatd2"&gt;0.00&lt;/td&gt;
		&lt;td class="tabelatd2"&gt;0.00&lt;/td&gt;
		&lt;td class="tabelatd2"&gt;0.00&lt;/td&gt;
		&lt;td class="tabelatd2"&gt;&lt;br&gt;&lt;br&gt;&lt;/td&gt;
	&lt;/tr&gt;
	&lt;tr&gt;
		&lt;td class="tabelatd1"&gt;1-Fulano de Tal (652.392.539-00)&lt;/td&gt;
		&lt;td class="tabelatd1"&gt;Rua Geral&lt;/td&gt;
		&lt;td class="tabelatd1"&gt;Criciúma/SC&lt;/td&gt;
		&lt;td class="tabelatd1"&gt;1&lt;/td&gt;
		&lt;td class="tabelatd1"&gt;49&lt;/td&gt;
		&lt;td class="tabelatd1"&gt;Tipo Cobranca&lt;/td&gt;
		&lt;td class="tabelatd1"&gt;11/10/2018&lt;/td&gt;
		&lt;td class="tabelatd1"&gt;110.00&lt;/td&gt;
		&lt;td class="tabelatd1"&gt;0.00&lt;/td&gt;
		&lt;td class="tabelatd1"&gt;0.00&lt;/td&gt;
		&lt;td class="tabelatd1"&gt;0.00&lt;/td&gt;
		&lt;td class="tabelatd1"&gt;&lt;br&gt;&lt;br&gt;&lt;/td&gt;
	&lt;/tr&gt;
	&lt;tr&gt;
		&lt;td class="tabelatd2"&gt;1-Fulano de Tal (652.392.539-00)&lt;/td&gt;
		&lt;td class="tabelatd2"&gt;Rua Geral&lt;/td&gt;
		&lt;td class="tabelatd2"&gt;Criciúma/SC&lt;/td&gt;
		&lt;td class="tabelatd2"&gt;1&lt;/td&gt;
		&lt;td class="tabelatd2"&gt;61&lt;/td&gt;
		&lt;td class="tabelatd2"&gt;Tipo Cobranca&lt;/td&gt;
		&lt;td class="tabelatd2"&gt;11/10/2018&lt;/td&gt;
		&lt;td class="tabelatd2"&gt;110.00&lt;/td&gt;
		&lt;td class="tabelatd2"&gt;0.00&lt;/td&gt;
		&lt;td class="tabelatd2"&gt;0.00&lt;/td&gt;
		&lt;td class="tabelatd2"&gt;0.00&lt;/td&gt;
		&lt;td class="tabelatd2"&gt;&lt;br&gt;&lt;br&gt;&lt;/td&gt;
	&lt;/tr&gt;
	&lt;tr&gt;
		&lt;td class="tabelatd1"&gt;1-Fulano de Tal (652.392.539-00)&lt;/td&gt;
		&lt;td class="tabelatd1"&gt;Rua Geral&lt;/td&gt;
		&lt;td class="tabelatd1"&gt;Criciúma/SC&lt;/td&gt;
		&lt;td class="tabelatd1"&gt;1&lt;/td&gt;
		&lt;td class="tabelatd1"&gt;75&lt;/td&gt;
		&lt;td class="tabelatd1"&gt;Tipo Cobranca&lt;/td&gt;
		&lt;td class="tabelatd1"&gt;11/10/2018&lt;/td&gt;
		&lt;td class="tabelatd1"&gt;110.00&lt;/td&gt;
		&lt;td class="tabelatd1"&gt;0.00&lt;/td&gt;
		&lt;td class="tabelatd1"&gt;0.00&lt;/td&gt;
		&lt;td class="tabelatd1"&gt;0.00&lt;/td&gt;
		&lt;td class="tabelatd1"&gt;&lt;br&gt;&lt;br&gt;&lt;/td&gt;
	&lt;/tr&gt;
	&lt;tr&gt;
		&lt;td class="tabelatd2"&gt;1-Fulano de Tal (652.392.539-00)&lt;/td&gt;
		&lt;td class="tabelatd2"&gt;Rua Geral&lt;/td&gt;
		&lt;td class="tabelatd2"&gt;Criciúma/SC&lt;/td&gt;
		&lt;td class="tabelatd2"&gt;1&lt;/td&gt;
		&lt;td class="tabelatd2"&gt;91&lt;/td&gt;
		&lt;td class="tabelatd2"&gt;Tipo Cobranca&lt;/td&gt;
		&lt;td class="tabelatd2"&gt;11/10/2018&lt;/td&gt;
		&lt;td class="tabelatd2"&gt;110.00&lt;/td&gt;
		&lt;td class="tabelatd2"&gt;0.00&lt;/td&gt;
		&lt;td class="tabelatd2"&gt;0.00&lt;/td&gt;
		&lt;td class="tabelatd2"&gt;0.00&lt;/td&gt;
		&lt;td class="tabelatd2"&gt;&lt;br&gt;&lt;br&gt;&lt;/td&gt;
	&lt;/tr&gt;
	&lt;tr&gt;
		&lt;td class="tabelatd1"&gt;1-Fulano de Tal (652.392.539-00)&lt;/td&gt;
		&lt;td class="tabelatd1"&gt;Rua Geral&lt;/td&gt;
		&lt;td class="tabelatd1"&gt;Criciúma/SC&lt;/td&gt;
		&lt;td class="tabelatd1"&gt;1&lt;/td&gt;
		&lt;td class="tabelatd1"&gt;107&lt;/td&gt;
		&lt;td class="tabelatd1"&gt;Tipo Cobranca&lt;/td&gt;
		&lt;td class="tabelatd1"&gt;11/10/2018&lt;/td&gt;
		&lt;td class="tabelatd1"&gt;110.00&lt;/td&gt;
		&lt;td class="tabelatd1"&gt;0.00&lt;/td&gt;
		&lt;td class="tabelatd1"&gt;0.00&lt;/td&gt;
		&lt;td class="tabelatd1"&gt;0.00&lt;/td&gt;
		&lt;td class="tabelatd1"&gt;&lt;br&gt;&lt;br&gt;&lt;/td&gt;
	&lt;/tr&gt;
	&lt;tr&gt;
		&lt;td class="tabelatd2"&gt;1-Fulano de Tal (652.392.539-00)&lt;/td&gt;
		&lt;td class="tabelatd2"&gt;Rua Geral&lt;/td&gt;
		&lt;td class="tabelatd2"&gt;Criciúma/SC&lt;/td&gt;
		&lt;td class="tabelatd2"&gt;1&lt;/td&gt;
		&lt;td class="tabelatd2"&gt;135&lt;/td&gt;
		&lt;td class="tabelatd2"&gt;Tipo Cobranca&lt;/td&gt;
		&lt;td class="tabelatd2"&gt;11/10/2018&lt;/td&gt;
		&lt;td class="tabelatd2"&gt;110.00&lt;/td&gt;
		&lt;td class="tabelatd2"&gt;0.00&lt;/td&gt;
		&lt;td class="tabelatd2"&gt;0.00&lt;/td&gt;
		&lt;td class="tabelatd2"&gt;0.00&lt;/td&gt;
		&lt;td class="tabelatd2"&gt;&lt;br&gt;&lt;br&gt;&lt;/td&gt;
	&lt;/tr&gt;
	&lt;tr&gt;
		&lt;td class="tabelatd1"&gt;1-Fulano de Tal (652.392.539-00)&lt;/td&gt;
		&lt;td class="tabelatd1"&gt;Rua Geral&lt;/td&gt;
		&lt;td class="tabelatd1"&gt;Criciúma/SC&lt;/td&gt;
		&lt;td class="tabelatd1"&gt;1&lt;/td&gt;
		&lt;td class="tabelatd1"&gt;160&lt;/td&gt;
		&lt;td class="tabelatd1"&gt;Tipo Cobranca&lt;/td&gt;
		&lt;td class="tabelatd1"&gt;11/10/2018&lt;/td&gt;
		&lt;td class="tabelatd1"&gt;110.00&lt;/td&gt;
		&lt;td class="tabelatd1"&gt;0.00&lt;/td&gt;
		&lt;td class="tabelatd1"&gt;0.00&lt;/td&gt;
		&lt;td class="tabelatd1"&gt;0.00&lt;/td&gt;
		&lt;td class="tabelatd1"&gt;&lt;br&gt;&lt;br&gt;&lt;/td&gt;
	&lt;/tr&gt;
	&lt;tr&gt;
		&lt;td class="tabelatd2"&gt;1-Fulano de Tal (652.392.539-00)&lt;/td&gt;
		&lt;td class="tabelatd2"&gt;Rua Geral&lt;/td&gt;
		&lt;td class="tabelatd2"&gt;Criciúma/SC&lt;/td&gt;
		&lt;td class="tabelatd2"&gt;1&lt;/td&gt;
		&lt;td class="tabelatd2"&gt;62&lt;/td&gt;
		&lt;td class="tabelatd2"&gt;Tipo Cobranca&lt;/td&gt;
		&lt;td class="tabelatd2"&gt;11/10/2018&lt;/td&gt;
		&lt;td class="tabelatd2"&gt;110.00&lt;/td&gt;
		&lt;td class="tabelatd2"&gt;0.00&lt;/td&gt;
		&lt;td class="tabelatd2"&gt;0.00&lt;/td&gt;
		&lt;td class="tabelatd2"&gt;0.00&lt;/td&gt;
		&lt;td class="tabelatd2"&gt;&lt;br&gt;&lt;br&gt;&lt;/td&gt;
	&lt;/tr&gt;
	&lt;tr&gt;
		&lt;td class="tabelatd1"&gt;1-Fulano de Tal (652.392.539-00)&lt;/td&gt;
		&lt;td class="tabelatd1"&gt;Rua Geral&lt;/td&gt;
		&lt;td class="tabelatd1"&gt;Criciúma/SC&lt;/td&gt;
		&lt;td class="tabelatd1"&gt;1&lt;/td&gt;
		&lt;td class="tabelatd1"&gt;76&lt;/td&gt;
		&lt;td class="tabelatd1"&gt;Tipo Cobranca&lt;/td&gt;
		&lt;td class="tabelatd1"&gt;11/10/2018&lt;/td&gt;
		&lt;td class="tabelatd1"&gt;110.00&lt;/td&gt;
		&lt;td class="tabelatd1"&gt;0.00&lt;/td&gt;
		&lt;td class="tabelatd1"&gt;0.00&lt;/td&gt;
		&lt;td class="tabelatd1"&gt;0.00&lt;/td&gt;
		&lt;td class="tabelatd1"&gt;&lt;br&gt;&lt;br&gt;&lt;/td&gt;
	&lt;/tr&gt;
	&lt;tr&gt;
		&lt;td class="tabelatd2"&gt;1-Fulano de Tal (652.392.539-00)&lt;/td&gt;
		&lt;td class="tabelatd2"&gt;Rua Geral&lt;/td&gt;
		&lt;td class="tabelatd2"&gt;Criciúma/SC&lt;/td&gt;
		&lt;td class="tabelatd2"&gt;1&lt;/td&gt;
		&lt;td class="tabelatd2"&gt;92&lt;/td&gt;
		&lt;td class="tabelatd2"&gt;Tipo Cobranca&lt;/td&gt;
		&lt;td class="tabelatd2"&gt;11/10/2018&lt;/td&gt;
		&lt;td class="tabelatd2"&gt;110.00&lt;/td&gt;
		&lt;td class="tabelatd2"&gt;0.00&lt;/td&gt;
		&lt;td class="tabelatd2"&gt;0.00&lt;/td&gt;
		&lt;td class="tabelatd2"&gt;0.00&lt;/td&gt;
		&lt;td class="tabelatd2"&gt;&lt;br&gt;&lt;br&gt;&lt;/td&gt;
	&lt;/tr&gt;
	&lt;tr&gt;
		&lt;td class="tabelatd1"&gt;1-Fulano de Tal (652.392.539-00)&lt;/td&gt;
		&lt;td class="tabelatd1"&gt;Rua Geral&lt;/td&gt;
		&lt;td class="tabelatd1"&gt;Criciúma/SC&lt;/td&gt;
		&lt;td class="tabelatd1"&gt;1&lt;/td&gt;
		&lt;td class="tabelatd1"&gt;108&lt;/td&gt;
		&lt;td class="tabelatd1"&gt;Tipo Cobranca&lt;/td&gt;
		&lt;td class="tabelatd1"&gt;11/10/2018&lt;/td&gt;
		&lt;td class="tabelatd1"&gt;110.00&lt;/td&gt;
		&lt;td class="tabelatd1"&gt;0.00&lt;/td&gt;
		&lt;td class="tabelatd1"&gt;0.00&lt;/td&gt;
		&lt;td class="tabelatd1"&gt;0.00&lt;/td&gt;
		&lt;td class="tabelatd1"&gt;&lt;br&gt;&lt;br&gt;&lt;/td&gt;
	&lt;/tr&gt;
	&lt;tr&gt;
		&lt;td class="tabelatd2"&gt;1-Fulano de Tal (652.392.539-00)&lt;/td&gt;
		&lt;td class="tabelatd2"&gt;Rua Geral&lt;/td&gt;
		&lt;td class="tabelatd2"&gt;Criciúma/SC&lt;/td&gt;
		&lt;td class="tabelatd2"&gt;1&lt;/td&gt;
		&lt;td class="tabelatd2"&gt;136&lt;/td&gt;
		&lt;td class="tabelatd2"&gt;Tipo Cobranca&lt;/td&gt;
		&lt;td class="tabelatd2"&gt;11/10/2018&lt;/td&gt;
		&lt;td class="tabelatd2"&gt;110.00&lt;/td&gt;
		&lt;td class="tabelatd2"&gt;0.00&lt;/td&gt;
		&lt;td class="tabelatd2"&gt;0.00&lt;/td&gt;
		&lt;td class="tabelatd2"&gt;0.00&lt;/td&gt;
		&lt;td class="tabelatd2"&gt;&lt;br&gt;&lt;br&gt;&lt;/td&gt;
	&lt;/tr&gt;
	&lt;tr&gt;
		&lt;td class="tabelatd1"&gt;1-Fulano de Tal (652.392.539-00)&lt;/td&gt;
		&lt;td class="tabelatd1"&gt;Rua Geral&lt;/td&gt;
		&lt;td class="tabelatd1"&gt;Criciúma/SC&lt;/td&gt;
		&lt;td class="tabelatd1"&gt;1&lt;/td&gt;
		&lt;td class="tabelatd1"&gt;77&lt;/td&gt;
		&lt;td class="tabelatd1"&gt;Tipo Cobranca&lt;/td&gt;
		&lt;td class="tabelatd1"&gt;11/10/2018&lt;/td&gt;
		&lt;td class="tabelatd1"&gt;110.00&lt;/td&gt;
		&lt;td class="tabelatd1"&gt;0.00&lt;/td&gt;
		&lt;td class="tabelatd1"&gt;0.00&lt;/td&gt;
		&lt;td class="tabelatd1"&gt;0.00&lt;/td&gt;
		&lt;td class="tabelatd1"&gt;&lt;br&gt;&lt;br&gt;&lt;/td&gt;
	&lt;/tr&gt;
	&lt;tr&gt;
		&lt;td class="tabelatd2"&gt;1-Fulano de Tal (652.392.539-00)&lt;/td&gt;
		&lt;td class="tabelatd2"&gt;Rua Geral&lt;/td&gt;
		&lt;td class="tabelatd2"&gt;Criciúma/SC&lt;/td&gt;
		&lt;td class="tabelatd2"&gt;1&lt;/td&gt;
		&lt;td class="tabelatd2"&gt;93&lt;/td&gt;
		&lt;td class="tabelatd2"&gt;Tipo Cobranca&lt;/td&gt;
		&lt;td class="tabelatd2"&gt;11/10/2018&lt;/td&gt;
		&lt;td class="tabelatd2"&gt;110.00&lt;/td&gt;
		&lt;td class="tabelatd2"&gt;0.00&lt;/td&gt;
		&lt;td class="tabelatd2"&gt;0.00&lt;/td&gt;
		&lt;td class="tabelatd2"&gt;0.00&lt;/td&gt;
		&lt;td class="tabelatd2"&gt;&lt;br&gt;&lt;br&gt;&lt;/td&gt;
	&lt;/tr&gt;
	&lt;tr&gt;
		&lt;td class="tabelatd1"&gt;1-Fulano de Tal (652.392.539-00)&lt;/td&gt;
		&lt;td class="tabelatd1"&gt;Rua Geral&lt;/td&gt;
		&lt;td class="tabelatd1"&gt;Criciúma/SC&lt;/td&gt;
		&lt;td class="tabelatd1"&gt;1&lt;/td&gt;
		&lt;td class="tabelatd1"&gt;109&lt;/td&gt;
		&lt;td class="tabelatd1"&gt;Tipo Cobranca&lt;/td&gt;
		&lt;td class="tabelatd1"&gt;11/10/2018&lt;/td&gt;
		&lt;td class="tabelatd1"&gt;110.00&lt;/td&gt;
		&lt;td class="tabelatd1"&gt;0.00&lt;/td&gt;
		&lt;td class="tabelatd1"&gt;0.00&lt;/td&gt;
		&lt;td class="tabelatd1"&gt;0.00&lt;/td&gt;
		&lt;td class="tabelatd1"&gt;&lt;br&gt;&lt;br&gt;&lt;/td&gt;
	&lt;/tr&gt;
	&lt;tr&gt;
		&lt;td class="tabelatd2"&gt;1-Fulano de Tal (652.392.539-00)&lt;/td&gt;
		&lt;td class="tabelatd2"&gt;Rua Geral&lt;/td&gt;
		&lt;td class="tabelatd2"&gt;Criciúma/SC&lt;/td&gt;
		&lt;td class="tabelatd2"&gt;1&lt;/td&gt;
		&lt;td class="tabelatd2"&gt;137&lt;/td&gt;
		&lt;td class="tabelatd2"&gt;Tipo Cobranca&lt;/td&gt;
		&lt;td class="tabelatd2"&gt;11/10/2018&lt;/td&gt;
		&lt;td class="tabelatd2"&gt;110.00&lt;/td&gt;
		&lt;td class="tabelatd2"&gt;0.00&lt;/td&gt;
		&lt;td class="tabelatd2"&gt;0.00&lt;/td&gt;
		&lt;td class="tabelatd2"&gt;0.00&lt;/td&gt;
		&lt;td class="tabelatd2"&gt;&lt;br&gt;&lt;br&gt;&lt;/td&gt;
	&lt;/tr&gt;
	&lt;tr&gt;
		&lt;td class="tabelatd1"&gt;1-Fulano de Tal (652.392.539-00)&lt;/td&gt;
		&lt;td class="tabelatd1"&gt;Rua Geral&lt;/td&gt;
		&lt;td class="tabelatd1"&gt;Criciúma/SC&lt;/td&gt;
		&lt;td class="tabelatd1"&gt;1&lt;/td&gt;
		&lt;td class="tabelatd1"&gt;94&lt;/td&gt;
		&lt;td class="tabelatd1"&gt;Tipo Cobranca&lt;/td&gt;
		&lt;td class="tabelatd1"&gt;11/10/2018&lt;/td&gt;
		&lt;td class="tabelatd1"&gt;110.00&lt;/td&gt;
		&lt;td class="tabelatd1"&gt;0.00&lt;/td&gt;
		&lt;td class="tabelatd1"&gt;0.00&lt;/td&gt;
		&lt;td class="tabelatd1"&gt;0.00&lt;/td&gt;
		&lt;td class="tabelatd1"&gt;&lt;br&gt;&lt;br&gt;&lt;/td&gt;
	&lt;/tr&gt;
	&lt;tr&gt;
		&lt;td class="tabelatd2"&gt;1-Fulano de Tal (652.392.539-00)&lt;/td&gt;
		&lt;td class="tabelatd2"&gt;Rua Geral&lt;/td&gt;
		&lt;td class="tabelatd2"&gt;Criciúma/SC&lt;/td&gt;
		&lt;td class="tabelatd2"&gt;1&lt;/td&gt;
		&lt;td class="tabelatd2"&gt;110&lt;/td&gt;
		&lt;td class="tabelatd2"&gt;Tipo Cobranca&lt;/td&gt;
		&lt;td class="tabelatd2"&gt;11/10/2018&lt;/td&gt;
		&lt;td class="tabelatd2"&gt;110.00&lt;/td&gt;
		&lt;td class="tabelatd2"&gt;0.00&lt;/td&gt;
		&lt;td class="tabelatd2"&gt;0.00&lt;/td&gt;
		&lt;td class="tabelatd2"&gt;0.00&lt;/td&gt;
		&lt;td class="tabelatd2"&gt;&lt;br&gt;&lt;br&gt;&lt;/td&gt;
	&lt;/tr&gt;
	&lt;tr&gt;
		&lt;td class="tabelatd1"&gt;1-Fulano de Tal (652.392.539-00)&lt;/td&gt;
		&lt;td class="tabelatd1"&gt;Rua Geral&lt;/td&gt;
		&lt;td class="tabelatd1"&gt;Criciúma/SC&lt;/td&gt;
		&lt;td class="tabelatd1"&gt;1&lt;/td&gt;
		&lt;td class="tabelatd1"&gt;138&lt;/td&gt;
		&lt;td class="tabelatd1"&gt;Tipo Cobranca&lt;/td&gt;
		&lt;td class="tabelatd1"&gt;11/10/2018&lt;/td&gt;
		&lt;td class="tabelatd1"&gt;110.00&lt;/td&gt;
		&lt;td class="tabelatd1"&gt;0.00&lt;/td&gt;
		&lt;td class="tabelatd1"&gt;0.00&lt;/td&gt;
		&lt;td class="tabelatd1"&gt;0.00&lt;/td&gt;
		&lt;td class="tabelatd1"&gt;&lt;br&gt;&lt;br&gt;&lt;/td&gt;
	&lt;/tr&gt;
	&lt;tr&gt;
		&lt;td class="tabelatd2"&gt;1-Fulano de Tal (652.392.539-00)&lt;/td&gt;
		&lt;td class="tabelatd2"&gt;Rua Geral&lt;/td&gt;
		&lt;td class="tabelatd2"&gt;Criciúma/SC&lt;/td&gt;
		&lt;td class="tabelatd2"&gt;1&lt;/td&gt;
		&lt;td class="tabelatd2"&gt;139&lt;/td&gt;
		&lt;td class="tabelatd2"&gt;Tipo Cobranca&lt;/td&gt;
		&lt;td class="tabelatd2"&gt;11/10/2018&lt;/td&gt;
		&lt;td class="tabelatd2"&gt;110.00&lt;/td&gt;
		&lt;td class="tabelatd2"&gt;0.00&lt;/td&gt;
		&lt;td class="tabelatd2"&gt;0.00&lt;/td&gt;
		&lt;td class="tabelatd2"&gt;0.00&lt;/td&gt;
		&lt;td class="tabelatd2"&gt;&lt;br&gt;&lt;br&gt;&lt;/td&gt;
	&lt;/tr&gt;
	&lt;tr&gt;
		&lt;td class="tabelatd1"&gt;1-Fulano de Tal (652.392.539-00)&lt;/td&gt;
		&lt;td class="tabelatd1"&gt;Rua Geral&lt;/td&gt;
		&lt;td class="tabelatd1"&gt;Criciúma/SC&lt;/td&gt;
		&lt;td class="tabelatd1"&gt;1&lt;/td&gt;
		&lt;td class="tabelatd1"&gt;177&lt;/td&gt;
		&lt;td class="tabelatd1"&gt;Tipo Cobranca&lt;/td&gt;
		&lt;td class="tabelatd1"&gt;11/10/2018&lt;/td&gt;
		&lt;td class="tabelatd1"&gt;110.00&lt;/td&gt;
		&lt;td class="tabelatd1"&gt;0.00&lt;/td&gt;
		&lt;td class="tabelatd1"&gt;0.00&lt;/td&gt;
		&lt;td class="tabelatd1"&gt;0.00&lt;/td&gt;
		&lt;td class="tabelatd1"&gt;&lt;br&gt;&lt;br&gt;&lt;/td&gt;
	&lt;/tr&gt;
	&lt;tr&gt;
		&lt;td class="tabelatd2"&gt;1-Fulano de Tal (652.392.539-00)&lt;/td&gt;
		&lt;td class="tabelatd2"&gt;Rua Geral&lt;/td&gt;
		&lt;td class="tabelatd2"&gt;Criciúma/SC&lt;/td&gt;
		&lt;td class="tabelatd2"&gt;1&lt;/td&gt;
		&lt;td class="tabelatd2"&gt;197&lt;/td&gt;
		&lt;td class="tabelatd2"&gt;Tipo Cobranca&lt;/td&gt;
		&lt;td class="tabelatd2"&gt;11/10/2018&lt;/td&gt;
		&lt;td class="tabelatd2"&gt;110.00&lt;/td&gt;
		&lt;td class="tabelatd2"&gt;0.00&lt;/td&gt;
		&lt;td class="tabelatd2"&gt;0.00&lt;/td&gt;
		&lt;td class="tabelatd2"&gt;0.00&lt;/td&gt;
		&lt;td class="tabelatd2"&gt;&lt;br&gt;&lt;br&gt;&lt;/td&gt;
	&lt;/tr&gt;
	&lt;tr&gt;
		&lt;td class="tabelatd1"&gt;1-Fulano de Tal (652.392.539-00)&lt;/td&gt;
		&lt;td class="tabelatd1"&gt;Rua Geral&lt;/td&gt;
		&lt;td class="tabelatd1"&gt;Criciúma/SC&lt;/td&gt;
		&lt;td class="tabelatd1"&gt;1&lt;/td&gt;
		&lt;td class="tabelatd1"&gt;217&lt;/td&gt;
		&lt;td class="tabelatd1"&gt;Tipo Cobranca&lt;/td&gt;
		&lt;td class="tabelatd1"&gt;11/10/2018&lt;/td&gt;
		&lt;td class="tabelatd1"&gt;110.00&lt;/td&gt;
		&lt;td class="tabelatd1"&gt;0.00&lt;/td&gt;
		&lt;td class="tabelatd1"&gt;0.00&lt;/td&gt;
		&lt;td class="tabelatd1"&gt;0.00&lt;/td&gt;
		&lt;td class="tabelatd1"&gt;&lt;br&gt;&lt;br&gt;&lt;/td&gt;
	&lt;/tr&gt;
	&lt;tr&gt;
		&lt;td class="tabelatd2"&gt;1-Fulano de Tal (652.392.539-00)&lt;/td&gt;
		&lt;td class="tabelatd2"&gt;Rua Geral&lt;/td&gt;
		&lt;td class="tabelatd2"&gt;Criciúma/SC&lt;/td&gt;
		&lt;td class="tabelatd2"&gt;1&lt;/td&gt;
		&lt;td class="tabelatd2"&gt;241&lt;/td&gt;
		&lt;td class="tabelatd2"&gt;Tipo Cobranca&lt;/td&gt;
		&lt;td class="tabelatd2"&gt;11/10/2018&lt;/td&gt;
		&lt;td class="tabelatd2"&gt;110.00&lt;/td&gt;
		&lt;td class="tabelatd2"&gt;0.00&lt;/td&gt;
		&lt;td class="tabelatd2"&gt;0.00&lt;/td&gt;
		&lt;td class="tabelatd2"&gt;0.00&lt;/td&gt;
		&lt;td class="tabelatd2"&gt;&lt;br&gt;&lt;br&gt;&lt;/td&gt;
	&lt;/tr&gt;
	&lt;tr&gt;
		&lt;td class="tabelatd1"&gt;1-Fulano de Tal (652.392.539-00)&lt;/td&gt;
		&lt;td class="tabelatd1"&gt;Rua Geral&lt;/td&gt;
		&lt;td class="tabelatd1"&gt;Criciúma/SC&lt;/td&gt;
		&lt;td class="tabelatd1"&gt;1&lt;/td&gt;
		&lt;td class="tabelatd1"&gt;265&lt;/td&gt;
		&lt;td class="tabelatd1"&gt;Tipo Cobranca&lt;/td&gt;
		&lt;td class="tabelatd1"&gt;11/10/2018&lt;/td&gt;
		&lt;td class="tabelatd1"&gt;110.00&lt;/td&gt;
		&lt;td class="tabelatd1"&gt;0.00&lt;/td&gt;
		&lt;td class="tabelatd1"&gt;0.00&lt;/td&gt;
		&lt;td class="tabelatd1"&gt;0.00&lt;/td&gt;
		&lt;td class="tabelatd1"&gt;&lt;br&gt;&lt;br&gt;&lt;/td&gt;
	&lt;/tr&gt;
	&lt;tr&gt;
		&lt;td class="tabelatd2"&gt;1-Fulano de Tal (652.392.539-00)&lt;/td&gt;
		&lt;td class="tabelatd2"&gt;Rua Geral&lt;/td&gt;
		&lt;td class="tabelatd2"&gt;Criciúma/SC&lt;/td&gt;
		&lt;td class="tabelatd2"&gt;1&lt;/td&gt;
		&lt;td class="tabelatd2"&gt;291&lt;/td&gt;
		&lt;td class="tabelatd2"&gt;Tipo Cobranca&lt;/td&gt;
		&lt;td class="tabelatd2"&gt;11/10/2018&lt;/td&gt;
		&lt;td class="tabelatd2"&gt;110.00&lt;/td&gt;
		&lt;td class="tabelatd2"&gt;0.00&lt;/td&gt;
		&lt;td class="tabelatd2"&gt;0.00&lt;/td&gt;
		&lt;td class="tabelatd2"&gt;0.00&lt;/td&gt;
		&lt;td class="tabelatd2"&gt;&lt;br&gt;&lt;br&gt;&lt;/td&gt;
	&lt;/tr&gt;
	&lt;tr&gt;
		&lt;td class="tabelatd1"&gt;1-Fulano de Tal (652.392.539-00)&lt;/td&gt;
		&lt;td class="tabelatd1"&gt;Rua Geral&lt;/td&gt;
		&lt;td class="tabelatd1"&gt;Criciúma/SC&lt;/td&gt;
		&lt;td class="tabelatd1"&gt;1&lt;/td&gt;
		&lt;td class="tabelatd1"&gt;180&lt;/td&gt;
		&lt;td class="tabelatd1"&gt;Tipo Cobranca&lt;/td&gt;
		&lt;td class="tabelatd1"&gt;11/10/2018&lt;/td&gt;
		&lt;td class="tabelatd1"&gt;110.00&lt;/td&gt;
		&lt;td class="tabelatd1"&gt;0.00&lt;/td&gt;
		&lt;td class="tabelatd1"&gt;0.00&lt;/td&gt;
		&lt;td class="tabelatd1"&gt;0.00&lt;/td&gt;
		&lt;td class="tabelatd1"&gt;&lt;br&gt;&lt;br&gt;&lt;/td&gt;
	&lt;/tr&gt;
	&lt;tr&gt;
		&lt;td class="tabelatd2"&gt;1-Fulano de Tal (652.392.539-00)&lt;/td&gt;
		&lt;td class="tabelatd2"&gt;Rua Geral&lt;/td&gt;
		&lt;td class="tabelatd2"&gt;Criciúma/SC&lt;/td&gt;
		&lt;td class="tabelatd2"&gt;1&lt;/td&gt;
		&lt;td class="tabelatd2"&gt;200&lt;/td&gt;
		&lt;td class="tabelatd2"&gt;Tipo Cobranca&lt;/td&gt;
		&lt;td class="tabelatd2"&gt;11/10/2018&lt;/td&gt;
		&lt;td class="tabelatd2"&gt;110.00&lt;/td&gt;
		&lt;td class="tabelatd2"&gt;0.00&lt;/td&gt;
		&lt;td class="tabelatd2"&gt;0.00&lt;/td&gt;
		&lt;td class="tabelatd2"&gt;0.00&lt;/td&gt;
		&lt;td class="tabelatd2"&gt;&lt;br&gt;&lt;br&gt;&lt;/td&gt;
	&lt;/tr&gt;
	&lt;tr&gt;
		&lt;td class="tabelatd1"&gt;1-Fulano de Tal (652.392.539-00)&lt;/td&gt;
		&lt;td class="tabelatd1"&gt;Rua Geral&lt;/td&gt;
		&lt;td class="tabelatd1"&gt;Criciúma/SC&lt;/td&gt;
		&lt;td class="tabelatd1"&gt;1&lt;/td&gt;
		&lt;td class="tabelatd1"&gt;220&lt;/td&gt;
		&lt;td class="tabelatd1"&gt;Tipo Cobranca&lt;/td&gt;
		&lt;td class="tabelatd1"&gt;11/10/2018&lt;/td&gt;
		&lt;td class="tabelatd1"&gt;110.00&lt;/td&gt;
		&lt;td class="tabelatd1"&gt;0.00&lt;/td&gt;
		&lt;td class="tabelatd1"&gt;0.00&lt;/td&gt;
		&lt;td class="tabelatd1"&gt;0.00&lt;/td&gt;
		&lt;td class="tabelatd1"&gt;&lt;br&gt;&lt;br&gt;&lt;/td&gt;
	&lt;/tr&gt;
	&lt;tr&gt;
		&lt;td class="tabelatd2"&gt;1-Fulano de Tal (652.392.539-00)&lt;/td&gt;
		&lt;td class="tabelatd2"&gt;Rua Geral&lt;/td&gt;
		&lt;td class="tabelatd2"&gt;Criciúma/SC&lt;/td&gt;
		&lt;td class="tabelatd2"&gt;1&lt;/td&gt;
		&lt;td class="tabelatd2"&gt;244&lt;/td&gt;
		&lt;td class="tabelatd2"&gt;Tipo Cobranca&lt;/td&gt;
		&lt;td class="tabelatd2"&gt;11/10/2018&lt;/td&gt;
		&lt;td class="tabelatd2"&gt;110.00&lt;/td&gt;
		&lt;td class="tabelatd2"&gt;0.00&lt;/td&gt;
		&lt;td class="tabelatd2"&gt;0.00&lt;/td&gt;
		&lt;td class="tabelatd2"&gt;0.00&lt;/td&gt;
		&lt;td class="tabelatd2"&gt;&lt;br&gt;&lt;br&gt;&lt;/td&gt;
	&lt;/tr&gt;
	&lt;tr&gt;
		&lt;td class="tabelatd1"&gt;1-Fulano de Tal (652.392.539-00)&lt;/td&gt;
		&lt;td class="tabelatd1"&gt;Rua Geral&lt;/td&gt;
		&lt;td class="tabelatd1"&gt;Criciúma/SC&lt;/td&gt;
		&lt;td class="tabelatd1"&gt;1&lt;/td&gt;
		&lt;td class="tabelatd1"&gt;268&lt;/td&gt;
		&lt;td class="tabelatd1"&gt;Tipo Cobranca&lt;/td&gt;
		&lt;td class="tabelatd1"&gt;11/10/2018&lt;/td&gt;
		&lt;td class="tabelatd1"&gt;110.00&lt;/td&gt;
		&lt;td class="tabelatd1"&gt;0.00&lt;/td&gt;
		&lt;td class="tabelatd1"&gt;0.00&lt;/td&gt;
		&lt;td class="tabelatd1"&gt;0.00&lt;/td&gt;
		&lt;td class="tabelatd1"&gt;&lt;br&gt;&lt;br&gt;&lt;/td&gt;
	&lt;/tr&gt;
	&lt;tr&gt;
		&lt;td class="tabelatd2"&gt;1-Fulano de Tal (652.392.539-00)&lt;/td&gt;
		&lt;td class="tabelatd2"&gt;Rua Geral&lt;/td&gt;
		&lt;td class="tabelatd2"&gt;Criciúma/SC&lt;/td&gt;
		&lt;td class="tabelatd2"&gt;1&lt;/td&gt;
		&lt;td class="tabelatd2"&gt;294&lt;/td&gt;
		&lt;td class="tabelatd2"&gt;Tipo Cobranca&lt;/td&gt;
		&lt;td class="tabelatd2"&gt;11/10/2018&lt;/td&gt;
		&lt;td class="tabelatd2"&gt;110.00&lt;/td&gt;
		&lt;td class="tabelatd2"&gt;0.00&lt;/td&gt;
		&lt;td class="tabelatd2"&gt;0.00&lt;/td&gt;
		&lt;td class="tabelatd2"&gt;0.00&lt;/td&gt;
		&lt;td class="tabelatd2"&gt;&lt;br&gt;&lt;br&gt;&lt;/td&gt;
	&lt;/tr&gt;
	&lt;tr&gt;
		&lt;td class="tabelatd1"&gt;1-Fulano de Tal (652.392.539-00)&lt;/td&gt;
		&lt;td class="tabelatd1"&gt;Rua Geral&lt;/td&gt;
		&lt;td class="tabelatd1"&gt;Criciúma/SC&lt;/td&gt;
		&lt;td class="tabelatd1"&gt;1&lt;/td&gt;
		&lt;td class="tabelatd1"&gt;161&lt;/td&gt;
		&lt;td class="tabelatd1"&gt;Tipo Cobranca&lt;/td&gt;
		&lt;td class="tabelatd1"&gt;11/10/2018&lt;/td&gt;
		&lt;td class="tabelatd1"&gt;110.00&lt;/td&gt;
		&lt;td class="tabelatd1"&gt;0.00&lt;/td&gt;
		&lt;td class="tabelatd1"&gt;0.00&lt;/td&gt;
		&lt;td class="tabelatd1"&gt;0.00&lt;/td&gt;
		&lt;td class="tabelatd1"&gt;&lt;br&gt;&lt;br&gt;&lt;/td&gt;
	&lt;/tr&gt;
	&lt;tr&gt;
		&lt;td class="tabelatd2"&gt;1-Fulano de Tal (652.392.539-00)&lt;/td&gt;
		&lt;td class="tabelatd2"&gt;Rua Geral&lt;/td&gt;
		&lt;td class="tabelatd2"&gt;Criciúma/SC&lt;/td&gt;
		&lt;td class="tabelatd2"&gt;1&lt;/td&gt;
		&lt;td class="tabelatd2"&gt;181&lt;/td&gt;
		&lt;td class="tabelatd2"&gt;Tipo Cobranca&lt;/td&gt;
		&lt;td class="tabelatd2"&gt;11/10/2018&lt;/td&gt;
		&lt;td class="tabelatd2"&gt;110.00&lt;/td&gt;
		&lt;td class="tabelatd2"&gt;0.00&lt;/td&gt;
		&lt;td class="tabelatd2"&gt;0.00&lt;/td&gt;
		&lt;td class="tabelatd2"&gt;0.00&lt;/td&gt;
		&lt;td class="tabelatd2"&gt;&lt;br&gt;&lt;br&gt;&lt;/td&gt;
	&lt;/tr&gt;
	&lt;tr&gt;
		&lt;td class="tabelatd1"&gt;1-Fulano de Tal (652.392.539-00)&lt;/td&gt;
		&lt;td class="tabelatd1"&gt;Rua Geral&lt;/td&gt;
		&lt;td class="tabelatd1"&gt;Criciúma/SC&lt;/td&gt;
		&lt;td class="tabelatd1"&gt;1&lt;/td&gt;
		&lt;td class="tabelatd1"&gt;201&lt;/td&gt;
		&lt;td class="tabelatd1"&gt;Tipo Cobranca&lt;/td&gt;
		&lt;td class="tabelatd1"&gt;11/10/2018&lt;/td&gt;
		&lt;td class="tabelatd1"&gt;110.00&lt;/td&gt;
		&lt;td class="tabelatd1"&gt;0.00&lt;/td&gt;
		&lt;td class="tabelatd1"&gt;0.00&lt;/td&gt;
		&lt;td class="tabelatd1"&gt;0.00&lt;/td&gt;
		&lt;td class="tabelatd1"&gt;&lt;br&gt;&lt;br&gt;&lt;/td&gt;
	&lt;/tr&gt;
	&lt;tr&gt;
		&lt;td class="tabelatd2"&gt;1-Fulano de Tal (652.392.539-00)&lt;/td&gt;
		&lt;td class="tabelatd2"&gt;Rua Geral&lt;/td&gt;
		&lt;td class="tabelatd2"&gt;Criciúma/SC&lt;/td&gt;
		&lt;td class="tabelatd2"&gt;1&lt;/td&gt;
		&lt;td class="tabelatd2"&gt;221&lt;/td&gt;
		&lt;td class="tabelatd2"&gt;Tipo Cobranca&lt;/td&gt;
		&lt;td class="tabelatd2"&gt;11/10/2018&lt;/td&gt;
		&lt;td class="tabelatd2"&gt;110.00&lt;/td&gt;
		&lt;td class="tabelatd2"&gt;0.00&lt;/td&gt;
		&lt;td class="tabelatd2"&gt;0.00&lt;/td&gt;
		&lt;td class="tabelatd2"&gt;0.00&lt;/td&gt;
		&lt;td class="tabelatd2"&gt;&lt;br&gt;&lt;br&gt;&lt;/td&gt;
	&lt;/tr&gt;
	&lt;tr&gt;
		&lt;td class="tabelatd1"&gt;1-Fulano de Tal (652.392.539-00)&lt;/td&gt;
		&lt;td class="tabelatd1"&gt;Rua Geral&lt;/td&gt;
		&lt;td class="tabelatd1"&gt;Criciúma/SC&lt;/td&gt;
		&lt;td class="tabelatd1"&gt;1&lt;/td&gt;
		&lt;td class="tabelatd1"&gt;245&lt;/td&gt;
		&lt;td class="tabelatd1"&gt;Tipo Cobranca&lt;/td&gt;
		&lt;td class="tabelatd1"&gt;11/10/2018&lt;/td&gt;
		&lt;td class="tabelatd1"&gt;110.00&lt;/td&gt;
		&lt;td class="tabelatd1"&gt;0.00&lt;/td&gt;
		&lt;td class="tabelatd1"&gt;0.00&lt;/td&gt;
		&lt;td class="tabelatd1"&gt;0.00&lt;/td&gt;
		&lt;td class="tabelatd1"&gt;&lt;br&gt;&lt;br&gt;&lt;/td&gt;
	&lt;/tr&gt;
	&lt;tr&gt;
		&lt;td class="tabelatd2"&gt;1-Fulano de Tal (652.392.539-00)&lt;/td&gt;
		&lt;td class="tabelatd2"&gt;Rua Geral&lt;/td&gt;
		&lt;td class="tabelatd2"&gt;Criciúma/SC&lt;/td&gt;
		&lt;td class="tabelatd2"&gt;1&lt;/td&gt;
		&lt;td class="tabelatd2"&gt;269&lt;/td&gt;
		&lt;td class="tabelatd2"&gt;Tipo Cobranca&lt;/td&gt;
		&lt;td class="tabelatd2"&gt;11/10/2018&lt;/td&gt;
		&lt;td class="tabelatd2"&gt;110.00&lt;/td&gt;
		&lt;td class="tabelatd2"&gt;0.00&lt;/td&gt;
		&lt;td class="tabelatd2"&gt;0.00&lt;/td&gt;
		&lt;td class="tabelatd2"&gt;0.00&lt;/td&gt;
		&lt;td class="tabelatd2"&gt;&lt;br&gt;&lt;br&gt;&lt;/td&gt;
	&lt;/tr&gt;
	&lt;tr&gt;
		&lt;td class="tabelatd1"&gt;1-Fulano de Tal (652.392.539-00)&lt;/td&gt;
		&lt;td class="tabelatd1"&gt;Rua Geral&lt;/td&gt;
		&lt;td class="tabelatd1"&gt;Criciúma/SC&lt;/td&gt;
		&lt;td class="tabelatd1"&gt;1&lt;/td&gt;
		&lt;td class="tabelatd1"&gt;295&lt;/td&gt;
		&lt;td class="tabelatd1"&gt;Tipo Cobranca&lt;/td&gt;
		&lt;td class="tabelatd1"&gt;11/10/2018&lt;/td&gt;
		&lt;td class="tabelatd1"&gt;110.00&lt;/td&gt;
		&lt;td class="tabelatd1"&gt;0.00&lt;/td&gt;
		&lt;td class="tabelatd1"&gt;0.00&lt;/td&gt;
		&lt;td class="tabelatd1"&gt;0.00&lt;/td&gt;
		&lt;td class="tabelatd1"&gt;&lt;br&gt;&lt;br&gt;&lt;/td&gt;
	&lt;/tr&gt;
	&lt;tr&gt;
		&lt;td class="tabelatd2"&gt;1-Fulano de Tal (652.392.539-00)&lt;/td&gt;
		&lt;td class="tabelatd2"&gt;Rua Geral&lt;/td&gt;
		&lt;td class="tabelatd2"&gt;Criciúma/SC&lt;/td&gt;
		&lt;td class="tabelatd2"&gt;1&lt;/td&gt;
		&lt;td class="tabelatd2"&gt;162&lt;/td&gt;
		&lt;td class="tabelatd2"&gt;Tipo Cobranca&lt;/td&gt;
		&lt;td class="tabelatd2"&gt;11/10/2018&lt;/td&gt;
		&lt;td class="tabelatd2"&gt;110.00&lt;/td&gt;
		&lt;td class="tabelatd2"&gt;0.00&lt;/td&gt;
		&lt;td class="tabelatd2"&gt;0.00&lt;/td&gt;
		&lt;td class="tabelatd2"&gt;0.00&lt;/td&gt;
		&lt;td class="tabelatd2"&gt;&lt;br&gt;&lt;br&gt;&lt;/td&gt;
	&lt;/tr&gt;
	&lt;tr&gt;
		&lt;td class="tabelatd1"&gt;1-Fulano de Tal (652.392.539-00)&lt;/td&gt;
		&lt;td class="tabelatd1"&gt;Rua Geral&lt;/td&gt;
		&lt;td class="tabelatd1"&gt;Criciúma/SC&lt;/td&gt;
		&lt;td class="tabelatd1"&gt;1&lt;/td&gt;
		&lt;td class="tabelatd1"&gt;182&lt;/td&gt;
		&lt;td class="tabelatd1"&gt;Tipo Cobranca&lt;/td&gt;
		&lt;td class="tabelatd1"&gt;11/10/2018&lt;/td&gt;
		&lt;td class="tabelatd1"&gt;110.00&lt;/td&gt;
		&lt;td class="tabelatd1"&gt;0.00&lt;/td&gt;
		&lt;td class="tabelatd1"&gt;0.00&lt;/td&gt;
		&lt;td class="tabelatd1"&gt;0.00&lt;/td&gt;
		&lt;td class="tabelatd1"&gt;&lt;br&gt;&lt;br&gt;&lt;/td&gt;
	&lt;/tr&gt;
	&lt;tr&gt;
		&lt;td class="tabelatd2"&gt;1-Fulano de Tal (652.392.539-00)&lt;/td&gt;
		&lt;td class="tabelatd2"&gt;Rua Geral&lt;/td&gt;
		&lt;td class="tabelatd2"&gt;Criciúma/SC&lt;/td&gt;
		&lt;td class="tabelatd2"&gt;1&lt;/td&gt;
		&lt;td class="tabelatd2"&gt;202&lt;/td&gt;
		&lt;td class="tabelatd2"&gt;Tipo Cobranca&lt;/td&gt;
		&lt;td class="tabelatd2"&gt;11/10/2018&lt;/td&gt;
		&lt;td class="tabelatd2"&gt;110.00&lt;/td&gt;
		&lt;td class="tabelatd2"&gt;0.00&lt;/td&gt;
		&lt;td class="tabelatd2"&gt;0.00&lt;/td&gt;
		&lt;td class="tabelatd2"&gt;0.00&lt;/td&gt;
		&lt;td class="tabelatd2"&gt;&lt;br&gt;&lt;br&gt;&lt;/td&gt;
	&lt;/tr&gt;
	&lt;tr&gt;
		&lt;td class="tabelatd1"&gt;1-Fulano de Tal (652.392.539-00)&lt;/td&gt;
		&lt;td class="tabelatd1"&gt;Rua Geral&lt;/td&gt;
		&lt;td class="tabelatd1"&gt;Criciúma/SC&lt;/td&gt;
		&lt;td class="tabelatd1"&gt;1&lt;/td&gt;
		&lt;td class="tabelatd1"&gt;222&lt;/td&gt;
		&lt;td class="tabelatd1"&gt;Tipo Cobranca&lt;/td&gt;
		&lt;td class="tabelatd1"&gt;11/10/2018&lt;/td&gt;
		&lt;td class="tabelatd1"&gt;110.00&lt;/td&gt;
		&lt;td class="tabelatd1"&gt;0.00&lt;/td&gt;
		&lt;td class="tabelatd1"&gt;0.00&lt;/td&gt;
		&lt;td class="tabelatd1"&gt;0.00&lt;/td&gt;
		&lt;td class="tabelatd1"&gt;&lt;br&gt;&lt;br&gt;&lt;/td&gt;
	&lt;/tr&gt;
	&lt;tr&gt;
		&lt;td class="tabelatd2"&gt;1-Fulano de Tal (652.392.539-00)&lt;/td&gt;
		&lt;td class="tabelatd2"&gt;Rua Geral&lt;/td&gt;
		&lt;td class="tabelatd2"&gt;Criciúma/SC&lt;/td&gt;
		&lt;td class="tabelatd2"&gt;1&lt;/td&gt;
		&lt;td class="tabelatd2"&gt;246&lt;/td&gt;
		&lt;td class="tabelatd2"&gt;Tipo Cobranca&lt;/td&gt;
		&lt;td class="tabelatd2"&gt;11/10/2018&lt;/td&gt;
		&lt;td class="tabelatd2"&gt;110.00&lt;/td&gt;
		&lt;td class="tabelatd2"&gt;0.00&lt;/td&gt;
		&lt;td class="tabelatd2"&gt;0.00&lt;/td&gt;
		&lt;td class="tabelatd2"&gt;0.00&lt;/td&gt;
		&lt;td class="tabelatd2"&gt;&lt;br&gt;&lt;br&gt;&lt;/td&gt;
	&lt;/tr&gt;
	&lt;tr&gt;
		&lt;td class="tabelatd1"&gt;1-Fulano de Tal (652.392.539-00)&lt;/td&gt;
		&lt;td class="tabelatd1"&gt;Rua Geral&lt;/td&gt;
		&lt;td class="tabelatd1"&gt;Criciúma/SC&lt;/td&gt;
		&lt;td class="tabelatd1"&gt;1&lt;/td&gt;
		&lt;td class="tabelatd1"&gt;270&lt;/td&gt;
		&lt;td class="tabelatd1"&gt;Tipo Cobranca&lt;/td&gt;
		&lt;td class="tabelatd1"&gt;11/10/2018&lt;/td&gt;
		&lt;td class="tabelatd1"&gt;110.00&lt;/td&gt;
		&lt;td class="tabelatd1"&gt;0.00&lt;/td&gt;
		&lt;td class="tabelatd1"&gt;0.00&lt;/td&gt;
		&lt;td class="tabelatd1"&gt;0.00&lt;/td&gt;
		&lt;td class="tabelatd1"&gt;&lt;br&gt;&lt;br&gt;&lt;/td&gt;
	&lt;/tr&gt;
	&lt;tr&gt;
		&lt;td class="tabelatd2"&gt;1-Fulano de Tal (652.392.539-00)&lt;/td&gt;
		&lt;td class="tabelatd2"&gt;Rua Geral&lt;/td&gt;
		&lt;td class="tabelatd2"&gt;Criciúma/SC&lt;/td&gt;
		&lt;td class="tabelatd2"&gt;1&lt;/td&gt;
		&lt;td class="tabelatd2"&gt;296&lt;/td&gt;
		&lt;td class="tabelatd2"&gt;Tipo Cobranca&lt;/td&gt;
		&lt;td class="tabelatd2"&gt;11/10/2018&lt;/td&gt;
		&lt;td class="tabelatd2"&gt;110.00&lt;/td&gt;
		&lt;td class="tabelatd2"&gt;0.00&lt;/td&gt;
		&lt;td class="tabelatd2"&gt;0.00&lt;/td&gt;
		&lt;td class="tabelatd2"&gt;0.00&lt;/td&gt;
		&lt;td class="tabelatd2"&gt;&lt;br&gt;&lt;br&gt;&lt;/td&gt;
	&lt;/tr&gt;
	&lt;tr&gt;
		&lt;td class="tabelatd1"&gt;1-Fulano de Tal (652.392.539-00)&lt;/td&gt;
		&lt;td class="tabelatd1"&gt;Rua Geral&lt;/td&gt;
		&lt;td class="tabelatd1"&gt;Criciúma/SC&lt;/td&gt;
		&lt;td class="tabelatd1"&gt;1&lt;/td&gt;
		&lt;td class="tabelatd1"&gt;163&lt;/td&gt;
		&lt;td class="tabelatd1"&gt;Tipo Cobranca&lt;/td&gt;
		&lt;td class="tabelatd1"&gt;11/10/2018&lt;/td&gt;
		&lt;td class="tabelatd1"&gt;110.00&lt;/td&gt;
		&lt;td class="tabelatd1"&gt;0.00&lt;/td&gt;
		&lt;td class="tabelatd1"&gt;0.00&lt;/td&gt;
		&lt;td class="tabelatd1"&gt;0.00&lt;/td&gt;
		&lt;td class="tabelatd1"&gt;&lt;br&gt;&lt;br&gt;&lt;/td&gt;
	&lt;/tr&gt;
	&lt;tr&gt;
		&lt;td class="tabelatd2"&gt;1-Fulano de Tal (652.392.539-00)&lt;/td&gt;
		&lt;td class="tabelatd2"&gt;Rua Geral&lt;/td&gt;
		&lt;td class="tabelatd2"&gt;Criciúma/SC&lt;/td&gt;
		&lt;td class="tabelatd2"&gt;1&lt;/td&gt;
		&lt;td class="tabelatd2"&gt;183&lt;/td&gt;
		&lt;td class="tabelatd2"&gt;Tipo Cobranca&lt;/td&gt;
		&lt;td class="tabelatd2"&gt;11/10/2018&lt;/td&gt;
		&lt;td class="tabelatd2"&gt;110.00&lt;/td&gt;
		&lt;td class="tabelatd2"&gt;0.00&lt;/td&gt;
		&lt;td class="tabelatd2"&gt;0.00&lt;/td&gt;
		&lt;td class="tabelatd2"&gt;0.00&lt;/td&gt;
		&lt;td class="tabelatd2"&gt;&lt;br&gt;&lt;br&gt;&lt;/td&gt;
	&lt;/tr&gt;
	&lt;tr&gt;
		&lt;td class="tabelatd1"&gt;1-Fulano de Tal (652.392.539-00)&lt;/td&gt;
		&lt;td class="tabelatd1"&gt;Rua Geral&lt;/td&gt;
		&lt;td class="tabelatd1"&gt;Criciúma/SC&lt;/td&gt;
		&lt;td class="tabelatd1"&gt;1&lt;/td&gt;
		&lt;td class="tabelatd1"&gt;203&lt;/td&gt;
		&lt;td class="tabelatd1"&gt;Tipo Cobranca&lt;/td&gt;
		&lt;td class="tabelatd1"&gt;11/10/2018&lt;/td&gt;
		&lt;td class="tabelatd1"&gt;110.00&lt;/td&gt;
		&lt;td class="tabelatd1"&gt;0.00&lt;/td&gt;
		&lt;td class="tabelatd1"&gt;0.00&lt;/td&gt;
		&lt;td class="tabelatd1"&gt;0.00&lt;/td&gt;
		&lt;td class="tabelatd1"&gt;&lt;br&gt;&lt;br&gt;&lt;/td&gt;
	&lt;/tr&gt;
	&lt;tr&gt;
		&lt;td class="tabelatd2"&gt;1-Fulano de Tal (652.392.539-00)&lt;/td&gt;
		&lt;td class="tabelatd2"&gt;Rua Geral&lt;/td&gt;
		&lt;td class="tabelatd2"&gt;Criciúma/SC&lt;/td&gt;
		&lt;td class="tabelatd2"&gt;1&lt;/td&gt;
		&lt;td class="tabelatd2"&gt;223&lt;/td&gt;
		&lt;td class="tabelatd2"&gt;Tipo Cobranca&lt;/td&gt;
		&lt;td class="tabelatd2"&gt;11/10/2018&lt;/td&gt;
		&lt;td class="tabelatd2"&gt;110.00&lt;/td&gt;
		&lt;td class="tabelatd2"&gt;0.00&lt;/td&gt;
		&lt;td class="tabelatd2"&gt;0.00&lt;/td&gt;
		&lt;td class="tabelatd2"&gt;0.00&lt;/td&gt;
		&lt;td class="tabelatd2"&gt;&lt;br&gt;&lt;br&gt;&lt;/td&gt;
	&lt;/tr&gt;
	&lt;tr&gt;
		&lt;td class="tabelatd1"&gt;1-Fulano de Tal (652.392.539-00)&lt;/td&gt;
		&lt;td class="tabelatd1"&gt;Rua Geral&lt;/td&gt;
		&lt;td class="tabelatd1"&gt;Criciúma/SC&lt;/td&gt;
		&lt;td class="tabelatd1"&gt;1&lt;/td&gt;
		&lt;td class="tabelatd1"&gt;247&lt;/td&gt;
		&lt;td class="tabelatd1"&gt;Tipo Cobranca&lt;/td&gt;
		&lt;td class="tabelatd1"&gt;11/10/2018&lt;/td&gt;
		&lt;td class="tabelatd1"&gt;110.00&lt;/td&gt;
		&lt;td class="tabelatd1"&gt;0.00&lt;/td&gt;
		&lt;td class="tabelatd1"&gt;0.00&lt;/td&gt;
		&lt;td class="tabelatd1"&gt;0.00&lt;/td&gt;
		&lt;td class="tabelatd1"&gt;&lt;br&gt;&lt;br&gt;&lt;/td&gt;
	&lt;/tr&gt;
	&lt;tr&gt;
		&lt;td class="tabelatd2"&gt;1-Fulano de Tal (652.392.539-00)&lt;/td&gt;
		&lt;td class="tabelatd2"&gt;Rua Geral&lt;/td&gt;
		&lt;td class="tabelatd2"&gt;Criciúma/SC&lt;/td&gt;
		&lt;td class="tabelatd2"&gt;1&lt;/td&gt;
		&lt;td class="tabelatd2"&gt;271&lt;/td&gt;
		&lt;td class="tabelatd2"&gt;Tipo Cobranca&lt;/td&gt;
		&lt;td class="tabelatd2"&gt;11/10/2018&lt;/td&gt;
		&lt;td class="tabelatd2"&gt;110.00&lt;/td&gt;
		&lt;td class="tabelatd2"&gt;0.00&lt;/td&gt;
		&lt;td class="tabelatd2"&gt;0.00&lt;/td&gt;
		&lt;td class="tabelatd2"&gt;0.00&lt;/td&gt;
		&lt;td class="tabelatd2"&gt;&lt;br&gt;&lt;br&gt;&lt;/td&gt;
	&lt;/tr&gt;
	&lt;tr&gt;
		&lt;td class="tabelatd1"&gt;1-Fulano de Tal (652.392.539-00)&lt;/td&gt;
		&lt;td class="tabelatd1"&gt;Rua Geral&lt;/td&gt;
		&lt;td class="tabelatd1"&gt;Criciúma/SC&lt;/td&gt;
		&lt;td class="tabelatd1"&gt;1&lt;/td&gt;
		&lt;td class="tabelatd1"&gt;297&lt;/td&gt;
		&lt;td class="tabelatd1"&gt;Tipo Cobranca&lt;/td&gt;
		&lt;td class="tabelatd1"&gt;11/10/2018&lt;/td&gt;
		&lt;td class="tabelatd1"&gt;110.00&lt;/td&gt;
		&lt;td class="tabelatd1"&gt;0.00&lt;/td&gt;
		&lt;td class="tabelatd1"&gt;0.00&lt;/td&gt;
		&lt;td class="tabelatd1"&gt;0.00&lt;/td&gt;
		&lt;td class="tabelatd1"&gt;&lt;br&gt;&lt;br&gt;&lt;/td&gt;
	&lt;/tr&gt;
	&lt;tr&gt;
		&lt;td class="tabelatd2"&gt;1-Fulano de Tal (652.392.539-00)&lt;/td&gt;
		&lt;td class="tabelatd2"&gt;Rua Geral&lt;/td&gt;
		&lt;td class="tabelatd2"&gt;Criciúma/SC&lt;/td&gt;
		&lt;td class="tabelatd2"&gt;1&lt;/td&gt;
		&lt;td class="tabelatd2"&gt;164&lt;/td&gt;
		&lt;td class="tabelatd2"&gt;Tipo Cobranca&lt;/td&gt;
		&lt;td class="tabelatd2"&gt;11/10/2018&lt;/td&gt;
		&lt;td class="tabelatd2"&gt;110.00&lt;/td&gt;
		&lt;td class="tabelatd2"&gt;0.00&lt;/td&gt;
		&lt;td class="tabelatd2"&gt;0.00&lt;/td&gt;
		&lt;td class="tabelatd2"&gt;0.00&lt;/td&gt;
		&lt;td class="tabelatd2"&gt;&lt;br&gt;&lt;br&gt;&lt;/td&gt;
	&lt;/tr&gt;
	&lt;tr&gt;
		&lt;td class="tabelatd1"&gt;1-Fulano de Tal (652.392.539-00)&lt;/td&gt;
		&lt;td class="tabelatd1"&gt;Rua Geral&lt;/td&gt;
		&lt;td class="tabelatd1"&gt;Criciúma/SC&lt;/td&gt;
		&lt;td class="tabelatd1"&gt;1&lt;/td&gt;
		&lt;td class="tabelatd1"&gt;184&lt;/td&gt;
		&lt;td class="tabelatd1"&gt;Tipo Cobranca&lt;/td&gt;
		&lt;td class="tabelatd1"&gt;11/10/2018&lt;/td&gt;
		&lt;td class="tabelatd1"&gt;110.00&lt;/td&gt;
		&lt;td class="tabelatd1"&gt;0.00&lt;/td&gt;
		&lt;td class="tabelatd1"&gt;0.00&lt;/td&gt;
		&lt;td class="tabelatd1"&gt;0.00&lt;/td&gt;
		&lt;td class="tabelatd1"&gt;&lt;br&gt;&lt;br&gt;&lt;/td&gt;
	&lt;/tr&gt;
	&lt;tr&gt;
		&lt;td class="tabelatd2"&gt;1-Fulano de Tal (652.392.539-00)&lt;/td&gt;
		&lt;td class="tabelatd2"&gt;Rua Geral&lt;/td&gt;
		&lt;td class="tabelatd2"&gt;Criciúma/SC&lt;/td&gt;
		&lt;td class="tabelatd2"&gt;1&lt;/td&gt;
		&lt;td class="tabelatd2"&gt;204&lt;/td&gt;
		&lt;td class="tabelatd2"&gt;Tipo Cobranca&lt;/td&gt;
		&lt;td class="tabelatd2"&gt;11/10/2018&lt;/td&gt;
		&lt;td class="tabelatd2"&gt;110.00&lt;/td&gt;
		&lt;td class="tabelatd2"&gt;0.00&lt;/td&gt;
		&lt;td class="tabelatd2"&gt;0.00&lt;/td&gt;
		&lt;td class="tabelatd2"&gt;0.00&lt;/td&gt;
		&lt;td class="tabelatd2"&gt;&lt;br&gt;&lt;br&gt;&lt;/td&gt;
	&lt;/tr&gt;
	&lt;tr&gt;
		&lt;td class="tabelatd1"&gt;1-Fulano de Tal (652.392.539-00)&lt;/td&gt;
		&lt;td class="tabelatd1"&gt;Rua Geral&lt;/td&gt;
		&lt;td class="tabelatd1"&gt;Criciúma/SC&lt;/td&gt;
		&lt;td class="tabelatd1"&gt;1&lt;/td&gt;
		&lt;td class="tabelatd1"&gt;224&lt;/td&gt;
		&lt;td class="tabelatd1"&gt;Tipo Cobranca&lt;/td&gt;
		&lt;td class="tabelatd1"&gt;11/10/2018&lt;/td&gt;
		&lt;td class="tabelatd1"&gt;110.00&lt;/td&gt;
		&lt;td class="tabelatd1"&gt;0.00&lt;/td&gt;
		&lt;td class="tabelatd1"&gt;0.00&lt;/td&gt;
		&lt;td class="tabelatd1"&gt;0.00&lt;/td&gt;
		&lt;td class="tabelatd1"&gt;&lt;br&gt;&lt;br&gt;&lt;/td&gt;
	&lt;/tr&gt;
	&lt;tr&gt;
		&lt;td class="tabelatd2"&gt;1-Fulano de Tal (652.392.539-00)&lt;/td&gt;
		&lt;td class="tabelatd2"&gt;Rua Geral&lt;/td&gt;
		&lt;td class="tabelatd2"&gt;Criciúma/SC&lt;/td&gt;
		&lt;td class="tabelatd2"&gt;1&lt;/td&gt;
		&lt;td class="tabelatd2"&gt;248&lt;/td&gt;
		&lt;td class="tabelatd2"&gt;Tipo Cobranca&lt;/td&gt;
		&lt;td class="tabelatd2"&gt;11/10/2018&lt;/td&gt;
		&lt;td class="tabelatd2"&gt;110.00&lt;/td&gt;
		&lt;td class="tabelatd2"&gt;0.00&lt;/td&gt;
		&lt;td class="tabelatd2"&gt;0.00&lt;/td&gt;
		&lt;td class="tabelatd2"&gt;0.00&lt;/td&gt;
		&lt;td class="tabelatd2"&gt;&lt;br&gt;&lt;br&gt;&lt;/td&gt;
	&lt;/tr&gt;
	&lt;tr&gt;
		&lt;td class="tabelatd1"&gt;1-Fulano de Tal (652.392.539-00)&lt;/td&gt;
		&lt;td class="tabelatd1"&gt;Rua Geral&lt;/td&gt;
		&lt;td class="tabelatd1"&gt;Criciúma/SC&lt;/td&gt;
		&lt;td class="tabelatd1"&gt;1&lt;/td&gt;
		&lt;td class="tabelatd1"&gt;272&lt;/td&gt;
		&lt;td class="tabelatd1"&gt;Tipo Cobranca&lt;/td&gt;
		&lt;td class="tabelatd1"&gt;11/10/2018&lt;/td&gt;
		&lt;td class="tabelatd1"&gt;110.00&lt;/td&gt;
		&lt;td class="tabelatd1"&gt;0.00&lt;/td&gt;
		&lt;td class="tabelatd1"&gt;0.00&lt;/td&gt;
		&lt;td class="tabelatd1"&gt;0.00&lt;/td&gt;
		&lt;td class="tabelatd1"&gt;&lt;br&gt;&lt;br&gt;&lt;/td&gt;
	&lt;/tr&gt;
	&lt;tr&gt;
		&lt;td class="tabelatd2"&gt;1-Fulano de Tal (652.392.539-00)&lt;/td&gt;
		&lt;td class="tabelatd2"&gt;Rua Geral&lt;/td&gt;
		&lt;td class="tabelatd2"&gt;Criciúma/SC&lt;/td&gt;
		&lt;td class="tabelatd2"&gt;1&lt;/td&gt;
		&lt;td class="tabelatd2"&gt;298&lt;/td&gt;
		&lt;td class="tabelatd2"&gt;Tipo Cobranca&lt;/td&gt;
		&lt;td class="tabelatd2"&gt;11/10/2018&lt;/td&gt;
		&lt;td class="tabelatd2"&gt;110.00&lt;/td&gt;
		&lt;td class="tabelatd2"&gt;0.00&lt;/td&gt;
		&lt;td class="tabelatd2"&gt;0.00&lt;/td&gt;
		&lt;td class="tabelatd2"&gt;0.00&lt;/td&gt;
		&lt;td class="tabelatd2"&gt;&lt;br&gt;&lt;br&gt;&lt;/td&gt;
	&lt;/tr&gt;
	&lt;tr&gt;
		&lt;td class="tabelatd1"&gt;1-Fulano de Tal (652.392.539-00)&lt;/td&gt;
		&lt;td class="tabelatd1"&gt;Rua Geral&lt;/td&gt;
		&lt;td class="tabelatd1"&gt;Criciúma/SC&lt;/td&gt;
		&lt;td class="tabelatd1"&gt;1&lt;/td&gt;
		&lt;td class="tabelatd1"&gt;165&lt;/td&gt;
		&lt;td class="tabelatd1"&gt;Tipo Cobranca&lt;/td&gt;
		&lt;td class="tabelatd1"&gt;11/10/2018&lt;/td&gt;
		&lt;td class="tabelatd1"&gt;110.00&lt;/td&gt;
		&lt;td class="tabelatd1"&gt;0.00&lt;/td&gt;
		&lt;td class="tabelatd1"&gt;0.00&lt;/td&gt;
		&lt;td class="tabelatd1"&gt;0.00&lt;/td&gt;
		&lt;td class="tabelatd1"&gt;&lt;br&gt;&lt;br&gt;&lt;/td&gt;
	&lt;/tr&gt;
	&lt;tr&gt;
		&lt;td class="tabelatd2"&gt;1-Fulano de Tal (652.392.539-00)&lt;/td&gt;
		&lt;td class="tabelatd2"&gt;Rua Geral&lt;/td&gt;
		&lt;td class="tabelatd2"&gt;Criciúma/SC&lt;/td&gt;
		&lt;td class="tabelatd2"&gt;1&lt;/td&gt;
		&lt;td class="tabelatd2"&gt;185&lt;/td&gt;
		&lt;td class="tabelatd2"&gt;Tipo Cobranca&lt;/td&gt;
		&lt;td class="tabelatd2"&gt;11/10/2018&lt;/td&gt;
		&lt;td class="tabelatd2"&gt;110.00&lt;/td&gt;
		&lt;td class="tabelatd2"&gt;0.00&lt;/td&gt;
		&lt;td class="tabelatd2"&gt;0.00&lt;/td&gt;
		&lt;td class="tabelatd2"&gt;0.00&lt;/td&gt;
		&lt;td class="tabelatd2"&gt;&lt;br&gt;&lt;br&gt;&lt;/td&gt;
	&lt;/tr&gt;
	&lt;tr&gt;
		&lt;td class="tabelatd1"&gt;1-Fulano de Tal (652.392.539-00)&lt;/td&gt;
		&lt;td class="tabelatd1"&gt;Rua Geral&lt;/td&gt;
		&lt;td class="tabelatd1"&gt;Criciúma/SC&lt;/td&gt;
		&lt;td class="tabelatd1"&gt;1&lt;/td&gt;
		&lt;td class="tabelatd1"&gt;205&lt;/td&gt;
		&lt;td class="tabelatd1"&gt;Tipo Cobranca&lt;/td&gt;
		&lt;td class="tabelatd1"&gt;11/10/2018&lt;/td&gt;
		&lt;td class="tabelatd1"&gt;110.00&lt;/td&gt;
		&lt;td class="tabelatd1"&gt;0.00&lt;/td&gt;
		&lt;td class="tabelatd1"&gt;0.00&lt;/td&gt;
		&lt;td class="tabelatd1"&gt;0.00&lt;/td&gt;
		&lt;td class="tabelatd1"&gt;&lt;br&gt;&lt;br&gt;&lt;/td&gt;
	&lt;/tr&gt;
	&lt;tr&gt;
		&lt;td class="tabelatd2"&gt;1-Fulano de Tal (652.392.539-00)&lt;/td&gt;
		&lt;td class="tabelatd2"&gt;Rua Geral&lt;/td&gt;
		&lt;td class="tabelatd2"&gt;Criciúma/SC&lt;/td&gt;
		&lt;td class="tabelatd2"&gt;1&lt;/td&gt;
		&lt;td class="tabelatd2"&gt;225&lt;/td&gt;
		&lt;td class="tabelatd2"&gt;Tipo Cobranca&lt;/td&gt;
		&lt;td class="tabelatd2"&gt;11/10/2018&lt;/td&gt;
		&lt;td class="tabelatd2"&gt;110.00&lt;/td&gt;
		&lt;td class="tabelatd2"&gt;0.00&lt;/td&gt;
		&lt;td class="tabelatd2"&gt;0.00&lt;/td&gt;
		&lt;td class="tabelatd2"&gt;0.00&lt;/td&gt;
		&lt;td class="tabelatd2"&gt;&lt;br&gt;&lt;br&gt;&lt;/td&gt;
	&lt;/tr&gt;
	&lt;tr&gt;
		&lt;td class="tabelatd1"&gt;1-Fulano de Tal (652.392.539-00)&lt;/td&gt;
		&lt;td class="tabelatd1"&gt;Rua Geral&lt;/td&gt;
		&lt;td class="tabelatd1"&gt;Criciúma/SC&lt;/td&gt;
		&lt;td class="tabelatd1"&gt;1&lt;/td&gt;
		&lt;td class="tabelatd1"&gt;249&lt;/td&gt;
		&lt;td class="tabelatd1"&gt;Tipo Cobranca&lt;/td&gt;
		&lt;td class="tabelatd1"&gt;11/10/2018&lt;/td&gt;
		&lt;td class="tabelatd1"&gt;110.00&lt;/td&gt;
		&lt;td class="tabelatd1"&gt;0.00&lt;/td&gt;
		&lt;td class="tabelatd1"&gt;0.00&lt;/td&gt;
		&lt;td class="tabelatd1"&gt;0.00&lt;/td&gt;
		&lt;td class="tabelatd1"&gt;&lt;br&gt;&lt;br&gt;&lt;/td&gt;
	&lt;/tr&gt;
	&lt;tr&gt;
		&lt;td class="tabelatd2"&gt;1-Fulano de Tal (652.392.539-00)&lt;/td&gt;
		&lt;td class="tabelatd2"&gt;Rua Geral&lt;/td&gt;
		&lt;td class="tabelatd2"&gt;Criciúma/SC&lt;/td&gt;
		&lt;td class="tabelatd2"&gt;1&lt;/td&gt;
		&lt;td class="tabelatd2"&gt;273&lt;/td&gt;
		&lt;td class="tabelatd2"&gt;Tipo Cobranca&lt;/td&gt;
		&lt;td class="tabelatd2"&gt;11/10/2018&lt;/td&gt;
		&lt;td class="tabelatd2"&gt;110.00&lt;/td&gt;
		&lt;td class="tabelatd2"&gt;0.00&lt;/td&gt;
		&lt;td class="tabelatd2"&gt;0.00&lt;/td&gt;
		&lt;td class="tabelatd2"&gt;0.00&lt;/td&gt;
		&lt;td class="tabelatd2"&gt;&lt;br&gt;&lt;br&gt;&lt;/td&gt;
	&lt;/tr&gt;
	&lt;tr&gt;
		&lt;td class="tabelatd1"&gt;1-Fulano de Tal (652.392.539-00)&lt;/td&gt;
		&lt;td class="tabelatd1"&gt;Rua Geral&lt;/td&gt;
		&lt;td class="tabelatd1"&gt;Criciúma/SC&lt;/td&gt;
		&lt;td class="tabelatd1"&gt;1&lt;/td&gt;
		&lt;td class="tabelatd1"&gt;299&lt;/td&gt;
		&lt;td class="tabelatd1"&gt;Tipo Cobranca&lt;/td&gt;
		&lt;td class="tabelatd1"&gt;11/10/2018&lt;/td&gt;
		&lt;td class="tabelatd1"&gt;110.00&lt;/td&gt;
		&lt;td class="tabelatd1"&gt;0.00&lt;/td&gt;
		&lt;td class="tabelatd1"&gt;0.00&lt;/td&gt;
		&lt;td class="tabelatd1"&gt;0.00&lt;/td&gt;
		&lt;td class="tabelatd1"&gt;&lt;br&gt;&lt;br&gt;&lt;/td&gt;
	&lt;/tr&gt;
	&lt;tr&gt;
		&lt;td class="tabelatd2"&gt;1-Fulano de Tal (652.392.539-00)&lt;/td&gt;
		&lt;td class="tabelatd2"&gt;Rua Geral&lt;/td&gt;
		&lt;td class="tabelatd2"&gt;Criciúma/SC&lt;/td&gt;
		&lt;td class="tabelatd2"&gt;1&lt;/td&gt;
		&lt;td class="tabelatd2"&gt;250&lt;/td&gt;
		&lt;td class="tabelatd2"&gt;Tipo Cobranca&lt;/td&gt;
		&lt;td class="tabelatd2"&gt;11/10/2018&lt;/td&gt;
		&lt;td class="tabelatd2"&gt;110.00&lt;/td&gt;
		&lt;td class="tabelatd2"&gt;0.00&lt;/td&gt;
		&lt;td class="tabelatd2"&gt;0.00&lt;/td&gt;
		&lt;td class="tabelatd2"&gt;0.00&lt;/td&gt;
		&lt;td class="tabelatd2"&gt;&lt;br&gt;&lt;br&gt;&lt;/td&gt;
	&lt;/tr&gt;
	&lt;tr&gt;
		&lt;td class="tabelatd1"&gt;1-Fulano de Tal (652.392.539-00)&lt;/td&gt;
		&lt;td class="tabelatd1"&gt;Rua Geral&lt;/td&gt;
		&lt;td class="tabelatd1"&gt;Criciúma/SC&lt;/td&gt;
		&lt;td class="tabelatd1"&gt;1&lt;/td&gt;
		&lt;td class="tabelatd1"&gt;274&lt;/td&gt;
		&lt;td class="tabelatd1"&gt;Tipo Cobranca&lt;/td&gt;
		&lt;td class="tabelatd1"&gt;11/10/2018&lt;/td&gt;
		&lt;td class="tabelatd1"&gt;110.00&lt;/td&gt;
		&lt;td class="tabelatd1"&gt;0.00&lt;/td&gt;
		&lt;td class="tabelatd1"&gt;0.00&lt;/td&gt;
		&lt;td class="tabelatd1"&gt;0.00&lt;/td&gt;
		&lt;td class="tabelatd1"&gt;&lt;br&gt;&lt;br&gt;&lt;/td&gt;
	&lt;/tr&gt;
	&lt;tr&gt;
		&lt;td class="tabelatd2"&gt;1-Fulano de Tal (652.392.539-00)&lt;/td&gt;
		&lt;td class="tabelatd2"&gt;Rua Geral&lt;/td&gt;
		&lt;td class="tabelatd2"&gt;Criciúma/SC&lt;/td&gt;
		&lt;td class="tabelatd2"&gt;1&lt;/td&gt;
		&lt;td class="tabelatd2"&gt;300&lt;/td&gt;
		&lt;td class="tabelatd2"&gt;Tipo Cobranca&lt;/td&gt;
		&lt;td class="tabelatd2"&gt;11/10/2018&lt;/td&gt;
		&lt;td class="tabelatd2"&gt;110.00&lt;/td&gt;
		&lt;td class="tabelatd2"&gt;0.00&lt;/td&gt;
		&lt;td class="tabelatd2"&gt;0.00&lt;/td&gt;
		&lt;td class="tabelatd2"&gt;0.00&lt;/td&gt;
		&lt;td class="tabelatd2"&gt;&lt;br&gt;&lt;br&gt;&lt;/td&gt;
	&lt;/tr&gt;
	&lt;tr&gt;
		&lt;td class="tabelatd1"&gt;1-Fulano de Tal (652.392.539-00)&lt;/td&gt;
		&lt;td class="tabelatd1"&gt;Rua Geral&lt;/td&gt;
		&lt;td class="tabelatd1"&gt;Criciúma/SC&lt;/td&gt;
		&lt;td class="tabelatd1"&gt;1&lt;/td&gt;
		&lt;td class="tabelatd1"&gt;275&lt;/td&gt;
		&lt;td class="tabelatd1"&gt;Tipo Cobranca&lt;/td&gt;
		&lt;td class="tabelatd1"&gt;11/10/2018&lt;/td&gt;
		&lt;td class="tabelatd1"&gt;110.00&lt;/td&gt;
		&lt;td class="tabelatd1"&gt;0.00&lt;/td&gt;
		&lt;td class="tabelatd1"&gt;0.00&lt;/td&gt;
		&lt;td class="tabelatd1"&gt;0.00&lt;/td&gt;
		&lt;td class="tabelatd1"&gt;&lt;br&gt;&lt;br&gt;&lt;/td&gt;
	&lt;/tr&gt;
	&lt;tr&gt;
		&lt;td class="tabelatd2"&gt;1-Fulano de Tal (652.392.539-00)&lt;/td&gt;
		&lt;td class="tabelatd2"&gt;Rua Geral&lt;/td&gt;
		&lt;td class="tabelatd2"&gt;Criciúma/SC&lt;/td&gt;
		&lt;td class="tabelatd2"&gt;1&lt;/td&gt;
		&lt;td class="tabelatd2"&gt;301&lt;/td&gt;
		&lt;td class="tabelatd2"&gt;Tipo Cobranca&lt;/td&gt;
		&lt;td class="tabelatd2"&gt;11/10/2018&lt;/td&gt;
		&lt;td class="tabelatd2"&gt;110.00&lt;/td&gt;
		&lt;td class="tabelatd2"&gt;0.00&lt;/td&gt;
		&lt;td class="tabelatd2"&gt;0.00&lt;/td&gt;
		&lt;td class="tabelatd2"&gt;0.00&lt;/td&gt;
		&lt;td class="tabelatd2"&gt;&lt;br&gt;&lt;br&gt;&lt;/td&gt;
	&lt;/tr&gt;
	&lt;tr&gt;
		&lt;td class="tabelatd1"&gt;1-Fulano de Tal (652.392.539-00)&lt;/td&gt;
		&lt;td class="tabelatd1"&gt;Rua Geral&lt;/td&gt;
		&lt;td class="tabelatd1"&gt;Criciúma/SC&lt;/td&gt;
		&lt;td class="tabelatd1"&gt;1&lt;/td&gt;
		&lt;td class="tabelatd1"&gt;302&lt;/td&gt;
		&lt;td class="tabelatd1"&gt;Tipo Cobranca&lt;/td&gt;
		&lt;td class="tabelatd1"&gt;11/10/2018&lt;/td&gt;
		&lt;td class="tabelatd1"&gt;110.00&lt;/td&gt;
		&lt;td class="tabelatd1"&gt;0.00&lt;/td&gt;
		&lt;td class="tabelatd1"&gt;0.00&lt;/td&gt;
		&lt;td class="tabelatd1"&gt;0.00&lt;/td&gt;
		&lt;td class="tabelatd1"&gt;&lt;br&gt;&lt;br&gt;&lt;/td&gt;
	&lt;/tr&gt;
	&lt;tr&gt;
		&lt;td class="tabelatd2"&gt;1-Fulano de Tal (652.392.539-00)&lt;/td&gt;
		&lt;td class="tabelatd2"&gt;Rua Geral&lt;/td&gt;
		&lt;td class="tabelatd2"&gt;Criciúma/SC&lt;/td&gt;
		&lt;td class="tabelatd2"&gt;1&lt;/td&gt;
		&lt;td class="tabelatd2"&gt;319&lt;/td&gt;
		&lt;td class="tabelatd2"&gt;Tipo Cobranca&lt;/td&gt;
		&lt;td class="tabelatd2"&gt;11/10/2018&lt;/td&gt;
		&lt;td class="tabelatd2"&gt;110.00&lt;/td&gt;
		&lt;td class="tabelatd2"&gt;0.00&lt;/td&gt;
		&lt;td class="tabelatd2"&gt;0.00&lt;/td&gt;
		&lt;td class="tabelatd2"&gt;0.00&lt;/td&gt;
		&lt;td class="tabelatd2"&gt;&lt;br&gt;&lt;br&gt;&lt;/td&gt;
	&lt;/tr&gt;
	&lt;tr&gt;
		&lt;td class="tabelatd1"&gt;1-Fulano de Tal (652.392.539-00)&lt;/td&gt;
		&lt;td class="tabelatd1"&gt;Rua Geral&lt;/td&gt;
		&lt;td class="tabelatd1"&gt;Criciúma/SC&lt;/td&gt;
		&lt;td class="tabelatd1"&gt;1&lt;/td&gt;
		&lt;td class="tabelatd1"&gt;349&lt;/td&gt;
		&lt;td class="tabelatd1"&gt;Tipo Cobranca&lt;/td&gt;
		&lt;td class="tabelatd1"&gt;11/10/2018&lt;/td&gt;
		&lt;td class="tabelatd1"&gt;110.00&lt;/td&gt;
		&lt;td class="tabelatd1"&gt;0.00&lt;/td&gt;
		&lt;td class="tabelatd1"&gt;0.00&lt;/td&gt;
		&lt;td class="tabelatd1"&gt;0.00&lt;/td&gt;
		&lt;td class="tabelatd1"&gt;&lt;br&gt;&lt;br&gt;&lt;/td&gt;
	&lt;/tr&gt;
	&lt;tr&gt;
		&lt;td class="tabelatd2"&gt;1-Fulano de Tal (652.392.539-00)&lt;/td&gt;
		&lt;td class="tabelatd2"&gt;Rua Geral&lt;/td&gt;
		&lt;td class="tabelatd2"&gt;Criciúma/SC&lt;/td&gt;
		&lt;td class="tabelatd2"&gt;1&lt;/td&gt;
		&lt;td class="tabelatd2"&gt;381&lt;/td&gt;
		&lt;td class="tabelatd2"&gt;Tipo Cobranca&lt;/td&gt;
		&lt;td class="tabelatd2"&gt;11/10/2018&lt;/td&gt;
		&lt;td class="tabelatd2"&gt;110.00&lt;/td&gt;
		&lt;td class="tabelatd2"&gt;0.00&lt;/td&gt;
		&lt;td class="tabelatd2"&gt;0.00&lt;/td&gt;
		&lt;td class="tabelatd2"&gt;0.00&lt;/td&gt;
		&lt;td class="tabelatd2"&gt;&lt;br&gt;&lt;br&gt;&lt;/td&gt;
	&lt;/tr&gt;
	&lt;tr&gt;
		&lt;td class="tabelatd1"&gt;1-Fulano de Tal (652.392.539-00)&lt;/td&gt;
		&lt;td class="tabelatd1"&gt;Rua Geral&lt;/td&gt;
		&lt;td class="tabelatd1"&gt;Criciúma/SC&lt;/td&gt;
		&lt;td class="tabelatd1"&gt;1&lt;/td&gt;
		&lt;td class="tabelatd1"&gt;415&lt;/td&gt;
		&lt;td class="tabelatd1"&gt;Tipo Cobranca&lt;/td&gt;
		&lt;td class="tabelatd1"&gt;11/10/2018&lt;/td&gt;
		&lt;td class="tabelatd1"&gt;110.00&lt;/td&gt;
		&lt;td class="tabelatd1"&gt;0.00&lt;/td&gt;
		&lt;td class="tabelatd1"&gt;0.00&lt;/td&gt;
		&lt;td class="tabelatd1"&gt;0.00&lt;/td&gt;
		&lt;td class="tabelatd1"&gt;&lt;br&gt;&lt;br&gt;&lt;/td&gt;
	&lt;/tr&gt;
	&lt;tr&gt;
		&lt;td class="tabelatd2"&gt;1-Fulano de Tal (652.392.539-00)&lt;/td&gt;
		&lt;td class="tabelatd2"&gt;Rua Geral&lt;/td&gt;
		&lt;td class="tabelatd2"&gt;Criciúma/SC&lt;/td&gt;
		&lt;td class="tabelatd2"&gt;1&lt;/td&gt;
		&lt;td class="tabelatd2"&gt;322&lt;/td&gt;
		&lt;td class="tabelatd2"&gt;Tipo Cobranca&lt;/td&gt;
		&lt;td class="tabelatd2"&gt;11/10/2018&lt;/td&gt;
		&lt;td class="tabelatd2"&gt;110.00&lt;/td&gt;
		&lt;td class="tabelatd2"&gt;0.00&lt;/td&gt;
		&lt;td class="tabelatd2"&gt;0.00&lt;/td&gt;
		&lt;td class="tabelatd2"&gt;0.00&lt;/td&gt;
		&lt;td class="tabelatd2"&gt;&lt;br&gt;&lt;br&gt;&lt;/td&gt;
	&lt;/tr&gt;
	&lt;tr&gt;
		&lt;td class="tabelatd1"&gt;1-Fulano de Tal (652.392.539-00)&lt;/td&gt;
		&lt;td class="tabelatd1"&gt;Rua Geral&lt;/td&gt;
		&lt;td class="tabelatd1"&gt;Criciúma/SC&lt;/td&gt;
		&lt;td class="tabelatd1"&gt;1&lt;/td&gt;
		&lt;td class="tabelatd1"&gt;352&lt;/td&gt;
		&lt;td class="tabelatd1"&gt;Tipo Cobranca&lt;/td&gt;
		&lt;td class="tabelatd1"&gt;11/10/2018&lt;/td&gt;
		&lt;td class="tabelatd1"&gt;110.00&lt;/td&gt;
		&lt;td class="tabelatd1"&gt;0.00&lt;/td&gt;
		&lt;td class="tabelatd1"&gt;0.00&lt;/td&gt;
		&lt;td class="tabelatd1"&gt;0.00&lt;/td&gt;
		&lt;td class="tabelatd1"&gt;&lt;br&gt;&lt;br&gt;&lt;/td&gt;
	&lt;/tr&gt;
	&lt;tr&gt;
		&lt;td class="tabelatd2"&gt;1-Fulano de Tal (652.392.539-00)&lt;/td&gt;
		&lt;td class="tabelatd2"&gt;Rua Geral&lt;/td&gt;
		&lt;td class="tabelatd2"&gt;Criciúma/SC&lt;/td&gt;
		&lt;td class="tabelatd2"&gt;1&lt;/td&gt;
		&lt;td class="tabelatd2"&gt;384&lt;/td&gt;
		&lt;td class="tabelatd2"&gt;Tipo Cobranca&lt;/td&gt;
		&lt;td class="tabelatd2"&gt;11/10/2018&lt;/td&gt;
		&lt;td class="tabelatd2"&gt;110.00&lt;/td&gt;
		&lt;td class="tabelatd2"&gt;0.00&lt;/td&gt;
		&lt;td class="tabelatd2"&gt;0.00&lt;/td&gt;
		&lt;td class="tabelatd2"&gt;0.00&lt;/td&gt;
		&lt;td class="tabelatd2"&gt;&lt;br&gt;&lt;br&gt;&lt;/td&gt;
	&lt;/tr&gt;
	&lt;tr&gt;
		&lt;td class="tabelatd1"&gt;1-Fulano de Tal (652.392.539-00)&lt;/td&gt;
		&lt;td class="tabelatd1"&gt;Rua Geral&lt;/td&gt;
		&lt;td class="tabelatd1"&gt;Criciúma/SC&lt;/td&gt;
		&lt;td class="tabelatd1"&gt;1&lt;/td&gt;
		&lt;td class="tabelatd1"&gt;418&lt;/td&gt;
		&lt;td class="tabelatd1"&gt;Tipo Cobranca&lt;/td&gt;
		&lt;td class="tabelatd1"&gt;11/10/2018&lt;/td&gt;
		&lt;td class="tabelatd1"&gt;110.00&lt;/td&gt;
		&lt;td class="tabelatd1"&gt;0.00&lt;/td&gt;
		&lt;td class="tabelatd1"&gt;0.00&lt;/td&gt;
		&lt;td class="tabelatd1"&gt;0.00&lt;/td&gt;
		&lt;td class="tabelatd1"&gt;&lt;br&gt;&lt;br&gt;&lt;/td&gt;
	&lt;/tr&gt;
	&lt;tr&gt;
		&lt;td class="tabelatd2"&gt;1-Fulano de Tal (652.392.539-00)&lt;/td&gt;
		&lt;td class="tabelatd2"&gt;Rua Geral&lt;/td&gt;
		&lt;td class="tabelatd2"&gt;Criciúma/SC&lt;/td&gt;
		&lt;td class="tabelatd2"&gt;1&lt;/td&gt;
		&lt;td class="tabelatd2"&gt;323&lt;/td&gt;
		&lt;td class="tabelatd2"&gt;Tipo Cobranca&lt;/td&gt;
		&lt;td class="tabelatd2"&gt;11/10/2018&lt;/td&gt;
		&lt;td class="tabelatd2"&gt;110.00&lt;/td&gt;
		&lt;td class="tabelatd2"&gt;0.00&lt;/td&gt;
		&lt;td class="tabelatd2"&gt;0.00&lt;/td&gt;
		&lt;td class="tabelatd2"&gt;0.00&lt;/td&gt;
		&lt;td class="tabelatd2"&gt;&lt;br&gt;&lt;br&gt;&lt;/td&gt;
	&lt;/tr&gt;
	&lt;tr&gt;
		&lt;td class="tabelatd1"&gt;1-Fulano de Tal (652.392.539-00)&lt;/td&gt;
		&lt;td class="tabelatd1"&gt;Rua Geral&lt;/td&gt;
		&lt;td class="tabelatd1"&gt;Criciúma/SC&lt;/td&gt;
		&lt;td class="tabelatd1"&gt;1&lt;/td&gt;
		&lt;td class="tabelatd1"&gt;353&lt;/td&gt;
		&lt;td class="tabelatd1"&gt;Tipo Cobranca&lt;/td&gt;
		&lt;td class="tabelatd1"&gt;11/10/2018&lt;/td&gt;
		&lt;td class="tabelatd1"&gt;110.00&lt;/td&gt;
		&lt;td class="tabelatd1"&gt;0.00&lt;/td&gt;
		&lt;td class="tabelatd1"&gt;0.00&lt;/td&gt;
		&lt;td class="tabelatd1"&gt;0.00&lt;/td&gt;
		&lt;td class="tabelatd1"&gt;&lt;br&gt;&lt;br&gt;&lt;/td&gt;
	&lt;/tr&gt;
	&lt;tr&gt;
		&lt;td class="tabelatd2"&gt;1-Fulano de Tal (652.392.539-00)&lt;/td&gt;
		&lt;td class="tabelatd2"&gt;Rua Geral&lt;/td&gt;
		&lt;td class="tabelatd2"&gt;Criciúma/SC&lt;/td&gt;
		&lt;td class="tabelatd2"&gt;1&lt;/td&gt;
		&lt;td class="tabelatd2"&gt;385&lt;/td&gt;
		&lt;td class="tabelatd2"&gt;Tipo Cobranca&lt;/td&gt;
		&lt;td class="tabelatd2"&gt;11/10/2018&lt;/td&gt;
		&lt;td class="tabelatd2"&gt;110.00&lt;/td&gt;
		&lt;td class="tabelatd2"&gt;0.00&lt;/td&gt;
		&lt;td class="tabelatd2"&gt;0.00&lt;/td&gt;
		&lt;td class="tabelatd2"&gt;0.00&lt;/td&gt;
		&lt;td class="tabelatd2"&gt;&lt;br&gt;&lt;br&gt;&lt;/td&gt;
	&lt;/tr&gt;
	&lt;tr&gt;
		&lt;td class="tabelatd1"&gt;1-Fulano de Tal (652.392.539-00)&lt;/td&gt;
		&lt;td class="tabelatd1"&gt;Rua Geral&lt;/td&gt;
		&lt;td class="tabelatd1"&gt;Criciúma/SC&lt;/td&gt;
		&lt;td class="tabelatd1"&gt;1&lt;/td&gt;
		&lt;td class="tabelatd1"&gt;419&lt;/td&gt;
		&lt;td class="tabelatd1"&gt;Tipo Cobranca&lt;/td&gt;
		&lt;td class="tabelatd1"&gt;11/10/2018&lt;/td&gt;
		&lt;td class="tabelatd1"&gt;110.00&lt;/td&gt;
		&lt;td class="tabelatd1"&gt;0.00&lt;/td&gt;
		&lt;td class="tabelatd1"&gt;0.00&lt;/td&gt;
		&lt;td class="tabelatd1"&gt;0.00&lt;/td&gt;
		&lt;td class="tabelatd1"&gt;&lt;br&gt;&lt;br&gt;&lt;/td&gt;
	&lt;/tr&gt;
	&lt;tr&gt;
		&lt;td class="tabelatd2"&gt;1-Fulano de Tal (652.392.539-00)&lt;/td&gt;
		&lt;td class="tabelatd2"&gt;Rua Geral&lt;/td&gt;
		&lt;td class="tabelatd2"&gt;Criciúma/SC&lt;/td&gt;
		&lt;td class="tabelatd2"&gt;1&lt;/td&gt;
		&lt;td class="tabelatd2"&gt;324&lt;/td&gt;
		&lt;td class="tabelatd2"&gt;Tipo Cobranca&lt;/td&gt;
		&lt;td class="tabelatd2"&gt;11/10/2018&lt;/td&gt;
		&lt;td class="tabelatd2"&gt;110.00&lt;/td&gt;
		&lt;td class="tabelatd2"&gt;0.00&lt;/td&gt;
		&lt;td class="tabelatd2"&gt;0.00&lt;/td&gt;
		&lt;td class="tabelatd2"&gt;0.00&lt;/td&gt;
		&lt;td class="tabelatd2"&gt;&lt;br&gt;&lt;br&gt;&lt;/td&gt;
	&lt;/tr&gt;
	&lt;tr&gt;
		&lt;td class="tabelatd1"&gt;1-Fulano de Tal (652.392.539-00)&lt;/td&gt;
		&lt;td class="tabelatd1"&gt;Rua Geral&lt;/td&gt;
		&lt;td class="tabelatd1"&gt;Criciúma/SC&lt;/td&gt;
		&lt;td class="tabelatd1"&gt;1&lt;/td&gt;
		&lt;td class="tabelatd1"&gt;354&lt;/td&gt;
		&lt;td class="tabelatd1"&gt;Tipo Cobranca&lt;/td&gt;
		&lt;td class="tabelatd1"&gt;11/10/2018&lt;/td&gt;
		&lt;td class="tabelatd1"&gt;110.00&lt;/td&gt;
		&lt;td class="tabelatd1"&gt;0.00&lt;/td&gt;
		&lt;td class="tabelatd1"&gt;0.00&lt;/td&gt;
		&lt;td class="tabelatd1"&gt;0.00&lt;/td&gt;
		&lt;td class="tabelatd1"&gt;&lt;br&gt;&lt;br&gt;&lt;/td&gt;
	&lt;/tr&gt;
	&lt;tr&gt;
		&lt;td class="tabelatd2"&gt;1-Fulano de Tal (652.392.539-00)&lt;/td&gt;
		&lt;td class="tabelatd2"&gt;Rua Geral&lt;/td&gt;
		&lt;td class="tabelatd2"&gt;Criciúma/SC&lt;/td&gt;
		&lt;td class="tabelatd2"&gt;1&lt;/td&gt;
		&lt;td class="tabelatd2"&gt;386&lt;/td&gt;
		&lt;td class="tabelatd2"&gt;Tipo Cobranca&lt;/td&gt;
		&lt;td class="tabelatd2"&gt;11/10/2018&lt;/td&gt;
		&lt;td class="tabelatd2"&gt;110.00&lt;/td&gt;
		&lt;td class="tabelatd2"&gt;0.00&lt;/td&gt;
		&lt;td class="tabelatd2"&gt;0.00&lt;/td&gt;
		&lt;td class="tabelatd2"&gt;0.00&lt;/td&gt;
		&lt;td class="tabelatd2"&gt;&lt;br&gt;&lt;br&gt;&lt;/td&gt;
	&lt;/tr&gt;
	&lt;tr&gt;
		&lt;td class="tabelatd1"&gt;1-Fulano de Tal (652.392.539-00)&lt;/td&gt;
		&lt;td class="tabelatd1"&gt;Rua Geral&lt;/td&gt;
		&lt;td class="tabelatd1"&gt;Criciúma/SC&lt;/td&gt;
		&lt;td class="tabelatd1"&gt;1&lt;/td&gt;
		&lt;td class="tabelatd1"&gt;420&lt;/td&gt;
		&lt;td class="tabelatd1"&gt;Tipo Cobranca&lt;/td&gt;
		&lt;td class="tabelatd1"&gt;11/10/2018&lt;/td&gt;
		&lt;td class="tabelatd1"&gt;110.00&lt;/td&gt;
		&lt;td class="tabelatd1"&gt;0.00&lt;/td&gt;
		&lt;td class="tabelatd1"&gt;0.00&lt;/td&gt;
		&lt;td class="tabelatd1"&gt;0.00&lt;/td&gt;
		&lt;td class="tabelatd1"&gt;&lt;br&gt;&lt;br&gt;&lt;/td&gt;
	&lt;/tr&gt;
	&lt;tr&gt;
		&lt;td class="tabelatd2"&gt;1-Fulano de Tal (652.392.539-00)&lt;/td&gt;
		&lt;td class="tabelatd2"&gt;Rua Geral&lt;/td&gt;
		&lt;td class="tabelatd2"&gt;Criciúma/SC&lt;/td&gt;
		&lt;td class="tabelatd2"&gt;1&lt;/td&gt;
		&lt;td class="tabelatd2"&gt;325&lt;/td&gt;
		&lt;td class="tabelatd2"&gt;Tipo Cobranca&lt;/td&gt;
		&lt;td class="tabelatd2"&gt;11/10/2018&lt;/td&gt;
		&lt;td class="tabelatd2"&gt;110.00&lt;/td&gt;
		&lt;td class="tabelatd2"&gt;0.00&lt;/td&gt;
		&lt;td class="tabelatd2"&gt;0.00&lt;/td&gt;
		&lt;td class="tabelatd2"&gt;0.00&lt;/td&gt;
		&lt;td class="tabelatd2"&gt;&lt;br&gt;&lt;br&gt;&lt;/td&gt;
	&lt;/tr&gt;
	&lt;tr&gt;
		&lt;td class="tabelatd1"&gt;1-Fulano de Tal (652.392.539-00)&lt;/td&gt;
		&lt;td class="tabelatd1"&gt;Rua Geral&lt;/td&gt;
		&lt;td class="tabelatd1"&gt;Criciúma/SC&lt;/td&gt;
		&lt;td class="tabelatd1"&gt;1&lt;/td&gt;
		&lt;td class="tabelatd1"&gt;355&lt;/td&gt;
		&lt;td class="tabelatd1"&gt;Tipo Cobranca&lt;/td&gt;
		&lt;td class="tabelatd1"&gt;11/10/2018&lt;/td&gt;
		&lt;td class="tabelatd1"&gt;110.00&lt;/td&gt;
		&lt;td class="tabelatd1"&gt;0.00&lt;/td&gt;
		&lt;td class="tabelatd1"&gt;0.00&lt;/td&gt;
		&lt;td class="tabelatd1"&gt;0.00&lt;/td&gt;
		&lt;td class="tabelatd1"&gt;&lt;br&gt;&lt;br&gt;&lt;/td&gt;
	&lt;/tr&gt;
	&lt;tr&gt;
		&lt;td class="tabelatd2"&gt;1-Fulano de Tal (652.392.539-00)&lt;/td&gt;
		&lt;td class="tabelatd2"&gt;Rua Geral&lt;/td&gt;
		&lt;td class="tabelatd2"&gt;Criciúma/SC&lt;/td&gt;
		&lt;td class="tabelatd2"&gt;1&lt;/td&gt;
		&lt;td class="tabelatd2"&gt;387&lt;/td&gt;
		&lt;td class="tabelatd2"&gt;Tipo Cobranca&lt;/td&gt;
		&lt;td class="tabelatd2"&gt;11/10/2018&lt;/td&gt;
		&lt;td class="tabelatd2"&gt;110.00&lt;/td&gt;
		&lt;td class="tabelatd2"&gt;0.00&lt;/td&gt;
		&lt;td class="tabelatd2"&gt;0.00&lt;/td&gt;
		&lt;td class="tabelatd2"&gt;0.00&lt;/td&gt;
		&lt;td class="tabelatd2"&gt;&lt;br&gt;&lt;br&gt;&lt;/td&gt;
	&lt;/tr&gt;
	&lt;tr&gt;
		&lt;td class="tabelatd1"&gt;1-Fulano de Tal (652.392.539-00)&lt;/td&gt;
		&lt;td class="tabelatd1"&gt;Rua Geral&lt;/td&gt;
		&lt;td class="tabelatd1"&gt;Criciúma/SC&lt;/td&gt;
		&lt;td class="tabelatd1"&gt;1&lt;/td&gt;
		&lt;td class="tabelatd1"&gt;421&lt;/td&gt;
		&lt;td class="tabelatd1"&gt;Tipo Cobranca&lt;/td&gt;
		&lt;td class="tabelatd1"&gt;11/10/2018&lt;/td&gt;
		&lt;td class="tabelatd1"&gt;110.00&lt;/td&gt;
		&lt;td class="tabelatd1"&gt;0.00&lt;/td&gt;
		&lt;td class="tabelatd1"&gt;0.00&lt;/td&gt;
		&lt;td class="tabelatd1"&gt;0.00&lt;/td&gt;
		&lt;td class="tabelatd1"&gt;&lt;br&gt;&lt;br&gt;&lt;/td&gt;
	&lt;/tr&gt;
	&lt;tr&gt;
		&lt;td class="tabelatd2"&gt;1-Fulano de Tal (652.392.539-00)&lt;/td&gt;
		&lt;td class="tabelatd2"&gt;Rua Geral&lt;/td&gt;
		&lt;td class="tabelatd2"&gt;Criciúma/SC&lt;/td&gt;
		&lt;td class="tabelatd2"&gt;1&lt;/td&gt;
		&lt;td class="tabelatd2"&gt;326&lt;/td&gt;
		&lt;td class="tabelatd2"&gt;Tipo Cobranca&lt;/td&gt;
		&lt;td class="tabelatd2"&gt;11/10/2018&lt;/td&gt;
		&lt;td class="tabelatd2"&gt;110.00&lt;/td&gt;
		&lt;td class="tabelatd2"&gt;0.00&lt;/td&gt;
		&lt;td class="tabelatd2"&gt;0.00&lt;/td&gt;
		&lt;td class="tabelatd2"&gt;0.00&lt;/td&gt;
		&lt;td class="tabelatd2"&gt;&lt;br&gt;&lt;br&gt;&lt;/td&gt;
	&lt;/tr&gt;
	&lt;tr&gt;
		&lt;td class="tabelatd1"&gt;1-Fulano de Tal (652.392.539-00)&lt;/td&gt;
		&lt;td class="tabelatd1"&gt;Rua Geral&lt;/td&gt;
		&lt;td class="tabelatd1"&gt;Criciúma/SC&lt;/td&gt;
		&lt;td class="tabelatd1"&gt;1&lt;/td&gt;
		&lt;td class="tabelatd1"&gt;356&lt;/td&gt;
		&lt;td class="tabelatd1"&gt;Tipo Cobranca&lt;/td&gt;
		&lt;td class="tabelatd1"&gt;11/10/2018&lt;/td&gt;
		&lt;td class="tabelatd1"&gt;110.00&lt;/td&gt;
		&lt;td class="tabelatd1"&gt;0.00&lt;/td&gt;
		&lt;td class="tabelatd1"&gt;0.00&lt;/td&gt;
		&lt;td class="tabelatd1"&gt;0.00&lt;/td&gt;
		&lt;td class="tabelatd1"&gt;&lt;br&gt;&lt;br&gt;&lt;/td&gt;
	&lt;/tr&gt;
	&lt;tr&gt;
		&lt;td class="tabelatd2"&gt;1-Fulano de Tal (652.392.539-00)&lt;/td&gt;
		&lt;td class="tabelatd2"&gt;Rua Geral&lt;/td&gt;
		&lt;td class="tabelatd2"&gt;Criciúma/SC&lt;/td&gt;
		&lt;td class="tabelatd2"&gt;1&lt;/td&gt;
		&lt;td class="tabelatd2"&gt;388&lt;/td&gt;
		&lt;td class="tabelatd2"&gt;Tipo Cobranca&lt;/td&gt;
		&lt;td class="tabelatd2"&gt;11/10/2018&lt;/td&gt;
		&lt;td class="tabelatd2"&gt;110.00&lt;/td&gt;
		&lt;td class="tabelatd2"&gt;0.00&lt;/td&gt;
		&lt;td class="tabelatd2"&gt;0.00&lt;/td&gt;
		&lt;td class="tabelatd2"&gt;0.00&lt;/td&gt;
		&lt;td class="tabelatd2"&gt;&lt;br&gt;&lt;br&gt;&lt;/td&gt;
	&lt;/tr&gt;
	&lt;tr&gt;
		&lt;td class="tabelatd1"&gt;1-Fulano de Tal (652.392.539-00)&lt;/td&gt;
		&lt;td class="tabelatd1"&gt;Rua Geral&lt;/td&gt;
		&lt;td class="tabelatd1"&gt;Criciúma/SC&lt;/td&gt;
		&lt;td class="tabelatd1"&gt;1&lt;/td&gt;
		&lt;td class="tabelatd1"&gt;422&lt;/td&gt;
		&lt;td class="tabelatd1"&gt;Tipo Cobranca&lt;/td&gt;
		&lt;td class="tabelatd1"&gt;11/10/2018&lt;/td&gt;
		&lt;td class="tabelatd1"&gt;110.00&lt;/td&gt;
		&lt;td class="tabelatd1"&gt;0.00&lt;/td&gt;
		&lt;td class="tabelatd1"&gt;0.00&lt;/td&gt;
		&lt;td class="tabelatd1"&gt;0.00&lt;/td&gt;
		&lt;td class="tabelatd1"&gt;&lt;br&gt;&lt;br&gt;&lt;/td&gt;
	&lt;/tr&gt;
	&lt;tr&gt;
		&lt;td class="tabelatd2"&gt;1-Fulano de Tal (652.392.539-00)&lt;/td&gt;
		&lt;td class="tabelatd2"&gt;Rua Geral&lt;/td&gt;
		&lt;td class="tabelatd2"&gt;Criciúma/SC&lt;/td&gt;
		&lt;td class="tabelatd2"&gt;1&lt;/td&gt;
		&lt;td class="tabelatd2"&gt;327&lt;/td&gt;
		&lt;td class="tabelatd2"&gt;Tipo Cobranca&lt;/td&gt;
		&lt;td class="tabelatd2"&gt;11/10/2018&lt;/td&gt;
		&lt;td class="tabelatd2"&gt;110.00&lt;/td&gt;
		&lt;td class="tabelatd2"&gt;0.00&lt;/td&gt;
		&lt;td class="tabelatd2"&gt;0.00&lt;/td&gt;
		&lt;td class="tabelatd2"&gt;0.00&lt;/td&gt;
		&lt;td class="tabelatd2"&gt;&lt;br&gt;&lt;br&gt;&lt;/td&gt;
	&lt;/tr&gt;
	&lt;tr&gt;
		&lt;td class="tabelatd1"&gt;1-Fulano de Tal (652.392.539-00)&lt;/td&gt;
		&lt;td class="tabelatd1"&gt;Rua Geral&lt;/td&gt;
		&lt;td class="tabelatd1"&gt;Criciúma/SC&lt;/td&gt;
		&lt;td class="tabelatd1"&gt;1&lt;/td&gt;
		&lt;td class="tabelatd1"&gt;357&lt;/td&gt;
		&lt;td class="tabelatd1"&gt;Tipo Cobranca&lt;/td&gt;
		&lt;td class="tabelatd1"&gt;11/10/2018&lt;/td&gt;
		&lt;td class="tabelatd1"&gt;110.00&lt;/td&gt;
		&lt;td class="tabelatd1"&gt;0.00&lt;/td&gt;
		&lt;td class="tabelatd1"&gt;0.00&lt;/td&gt;
		&lt;td class="tabelatd1"&gt;0.00&lt;/td&gt;
		&lt;td class="tabelatd1"&gt;&lt;br&gt;&lt;br&gt;&lt;/td&gt;
	&lt;/tr&gt;
	&lt;tr&gt;
		&lt;td class="tabelatd2"&gt;1-Fulano de Tal (652.392.539-00)&lt;/td&gt;
		&lt;td class="tabelatd2"&gt;Rua Geral&lt;/td&gt;
		&lt;td class="tabelatd2"&gt;Criciúma/SC&lt;/td&gt;
		&lt;td class="tabelatd2"&gt;1&lt;/td&gt;
		&lt;td class="tabelatd2"&gt;389&lt;/td&gt;
		&lt;td class="tabelatd2"&gt;Tipo Cobranca&lt;/td&gt;
		&lt;td class="tabelatd2"&gt;11/10/2018&lt;/td&gt;
		&lt;td class="tabelatd2"&gt;110.00&lt;/td&gt;
		&lt;td class="tabelatd2"&gt;0.00&lt;/td&gt;
		&lt;td class="tabelatd2"&gt;0.00&lt;/td&gt;
		&lt;td class="tabelatd2"&gt;0.00&lt;/td&gt;
		&lt;td class="tabelatd2"&gt;&lt;br&gt;&lt;br&gt;&lt;/td&gt;
	&lt;/tr&gt;
	&lt;tr&gt;
		&lt;td class="tabelatd1"&gt;1-Fulano de Tal (652.392.539-00)&lt;/td&gt;
		&lt;td class="tabelatd1"&gt;Rua Geral&lt;/td&gt;
		&lt;td class="tabelatd1"&gt;Criciúma/SC&lt;/td&gt;
		&lt;td class="tabelatd1"&gt;1&lt;/td&gt;
		&lt;td class="tabelatd1"&gt;423&lt;/td&gt;
		&lt;td class="tabelatd1"&gt;Tipo Cobranca&lt;/td&gt;
		&lt;td class="tabelatd1"&gt;11/10/2018&lt;/td&gt;
		&lt;td class="tabelatd1"&gt;110.00&lt;/td&gt;
		&lt;td class="tabelatd1"&gt;0.00&lt;/td&gt;
		&lt;td class="tabelatd1"&gt;0.00&lt;/td&gt;
		&lt;td class="tabelatd1"&gt;0.00&lt;/td&gt;
		&lt;td class="tabelatd1"&gt;&lt;br&gt;&lt;br&gt;&lt;/td&gt;
	&lt;/tr&gt;
	&lt;tr&gt;
		&lt;td class="tabelatd2"&gt;1-Fulano de Tal (652.392.539-00)&lt;/td&gt;
		&lt;td class="tabelatd2"&gt;Rua Geral&lt;/td&gt;
		&lt;td class="tabelatd2"&gt;Criciúma/SC&lt;/td&gt;
		&lt;td class="tabelatd2"&gt;1&lt;/td&gt;
		&lt;td class="tabelatd2"&gt;328&lt;/td&gt;
		&lt;td class="tabelatd2"&gt;Tipo Cobranca&lt;/td&gt;
		&lt;td class="tabelatd2"&gt;11/10/2018&lt;/td&gt;
		&lt;td class="tabelatd2"&gt;110.00&lt;/td&gt;
		&lt;td class="tabelatd2"&gt;0.00&lt;/td&gt;
		&lt;td class="tabelatd2"&gt;0.00&lt;/td&gt;
		&lt;td class="tabelatd2"&gt;0.00&lt;/td&gt;
		&lt;td class="tabelatd2"&gt;&lt;br&gt;&lt;br&gt;&lt;/td&gt;
	&lt;/tr&gt;
	&lt;tr&gt;
		&lt;td class="tabelatd1"&gt;1-Fulano de Tal (652.392.539-00)&lt;/td&gt;
		&lt;td class="tabelatd1"&gt;Rua Geral&lt;/td&gt;
		&lt;td class="tabelatd1"&gt;Criciúma/SC&lt;/td&gt;
		&lt;td class="tabelatd1"&gt;1&lt;/td&gt;
		&lt;td class="tabelatd1"&gt;358&lt;/td&gt;
		&lt;td class="tabelatd1"&gt;Tipo Cobranca&lt;/td&gt;
		&lt;td class="tabelatd1"&gt;11/10/2018&lt;/td&gt;
		&lt;td class="tabelatd1"&gt;110.00&lt;/td&gt;
		&lt;td class="tabelatd1"&gt;0.00&lt;/td&gt;
		&lt;td class="tabelatd1"&gt;0.00&lt;/td&gt;
		&lt;td class="tabelatd1"&gt;0.00&lt;/td&gt;
		&lt;td class="tabelatd1"&gt;&lt;br&gt;&lt;br&gt;&lt;/td&gt;
	&lt;/tr&gt;
	&lt;tr&gt;
		&lt;td class="tabelatd2"&gt;1-Fulano de Tal (652.392.539-00)&lt;/td&gt;
		&lt;td class="tabelatd2"&gt;Rua Geral&lt;/td&gt;
		&lt;td class="tabelatd2"&gt;Criciúma/SC&lt;/td&gt;
		&lt;td class="tabelatd2"&gt;1&lt;/td&gt;
		&lt;td class="tabelatd2"&gt;390&lt;/td&gt;
		&lt;td class="tabelatd2"&gt;Tipo Cobranca&lt;/td&gt;
		&lt;td class="tabelatd2"&gt;11/10/2018&lt;/td&gt;
		&lt;td class="tabelatd2"&gt;110.00&lt;/td&gt;
		&lt;td class="tabelatd2"&gt;0.00&lt;/td&gt;
		&lt;td class="tabelatd2"&gt;0.00&lt;/td&gt;
		&lt;td class="tabelatd2"&gt;0.00&lt;/td&gt;
		&lt;td class="tabelatd2"&gt;&lt;br&gt;&lt;br&gt;&lt;/td&gt;
	&lt;/tr&gt;
	&lt;tr&gt;
		&lt;td class="tabelatd1"&gt;1-Fulano de Tal (652.392.539-00)&lt;/td&gt;
		&lt;td class="tabelatd1"&gt;Rua Geral&lt;/td&gt;
		&lt;td class="tabelatd1"&gt;Criciúma/SC&lt;/td&gt;
		&lt;td class="tabelatd1"&gt;1&lt;/td&gt;
		&lt;td class="tabelatd1"&gt;424&lt;/td&gt;
		&lt;td class="tabelatd1"&gt;Tipo Cobranca&lt;/td&gt;
		&lt;td class="tabelatd1"&gt;11/10/2018&lt;/td&gt;
		&lt;td class="tabelatd1"&gt;110.00&lt;/td&gt;
		&lt;td class="tabelatd1"&gt;0.00&lt;/td&gt;
		&lt;td class="tabelatd1"&gt;0.00&lt;/td&gt;
		&lt;td class="tabelatd1"&gt;0.00&lt;/td&gt;
		&lt;td class="tabelatd1"&gt;&lt;br&gt;&lt;br&gt;&lt;/td&gt;
	&lt;/tr&gt;
	&lt;tr&gt;
		&lt;td class="tabelatd2"&gt;1-Fulano de Tal (652.392.539-00)&lt;/td&gt;
		&lt;td class="tabelatd2"&gt;Rua Geral&lt;/td&gt;
		&lt;td class="tabelatd2"&gt;Criciúma/SC&lt;/td&gt;
		&lt;td class="tabelatd2"&gt;1&lt;/td&gt;
		&lt;td class="tabelatd2"&gt;329&lt;/td&gt;
		&lt;td class="tabelatd2"&gt;Tipo Cobranca&lt;/td&gt;
		&lt;td class="tabelatd2"&gt;11/10/2018&lt;/td&gt;
		&lt;td class="tabelatd2"&gt;110.00&lt;/td&gt;
		&lt;td class="tabelatd2"&gt;0.00&lt;/td&gt;
		&lt;td class="tabelatd2"&gt;0.00&lt;/td&gt;
		&lt;td class="tabelatd2"&gt;0.00&lt;/td&gt;
		&lt;td class="tabelatd2"&gt;&lt;br&gt;&lt;br&gt;&lt;/td&gt;
	&lt;/tr&gt;
	&lt;tr&gt;
		&lt;td class="tabelatd1"&gt;1-Fulano de Tal (652.392.539-00)&lt;/td&gt;
		&lt;td class="tabelatd1"&gt;Rua Geral&lt;/td&gt;
		&lt;td class="tabelatd1"&gt;Criciúma/SC&lt;/td&gt;
		&lt;td class="tabelatd1"&gt;1&lt;/td&gt;
		&lt;td class="tabelatd1"&gt;359&lt;/td&gt;
		&lt;td class="tabelatd1"&gt;Tipo Cobranca&lt;/td&gt;
		&lt;td class="tabelatd1"&gt;11/10/2018&lt;/td&gt;
		&lt;td class="tabelatd1"&gt;110.00&lt;/td&gt;
		&lt;td class="tabelatd1"&gt;0.00&lt;/td&gt;
		&lt;td class="tabelatd1"&gt;0.00&lt;/td&gt;
		&lt;td class="tabelatd1"&gt;0.00&lt;/td&gt;
		&lt;td class="tabelatd1"&gt;&lt;br&gt;&lt;br&gt;&lt;/td&gt;
	&lt;/tr&gt;
	&lt;tr&gt;
		&lt;td class="tabelatd2"&gt;1-Fulano de Tal (652.392.539-00)&lt;/td&gt;
		&lt;td class="tabelatd2"&gt;Rua Geral&lt;/td&gt;
		&lt;td class="tabelatd2"&gt;Criciúma/SC&lt;/td&gt;
		&lt;td class="tabelatd2"&gt;1&lt;/td&gt;
		&lt;td class="tabelatd2"&gt;391&lt;/td&gt;
		&lt;td class="tabelatd2"&gt;Tipo Cobranca&lt;/td&gt;
		&lt;td class="tabelatd2"&gt;11/10/2018&lt;/td&gt;
		&lt;td class="tabelatd2"&gt;110.00&lt;/td&gt;
		&lt;td class="tabelatd2"&gt;0.00&lt;/td&gt;
		&lt;td class="tabelatd2"&gt;0.00&lt;/td&gt;
		&lt;td class="tabelatd2"&gt;0.00&lt;/td&gt;
		&lt;td class="tabelatd2"&gt;&lt;br&gt;&lt;br&gt;&lt;/td&gt;
	&lt;/tr&gt;
	&lt;tr&gt;
		&lt;td class="tabelatd1"&gt;1-Fulano de Tal (652.392.539-00)&lt;/td&gt;
		&lt;td class="tabelatd1"&gt;Rua Geral&lt;/td&gt;
		&lt;td class="tabelatd1"&gt;Criciúma/SC&lt;/td&gt;
		&lt;td class="tabelatd1"&gt;1&lt;/td&gt;
		&lt;td class="tabelatd1"&gt;425&lt;/td&gt;
		&lt;td class="tabelatd1"&gt;Tipo Cobranca&lt;/td&gt;
		&lt;td class="tabelatd1"&gt;11/10/2018&lt;/td&gt;
		&lt;td class="tabelatd1"&gt;110.00&lt;/td&gt;
		&lt;td class="tabelatd1"&gt;0.00&lt;/td&gt;
		&lt;td class="tabelatd1"&gt;0.00&lt;/td&gt;
		&lt;td class="tabelatd1"&gt;0.00&lt;/td&gt;
		&lt;td class="tabelatd1"&gt;&lt;br&gt;&lt;br&gt;&lt;/td&gt;
	&lt;/tr&gt;
	&lt;tr&gt;
		&lt;td class="tabelatd2"&gt;1-Fulano de Tal (652.392.539-00)&lt;/td&gt;
		&lt;td class="tabelatd2"&gt;Rua Geral&lt;/td&gt;
		&lt;td class="tabelatd2"&gt;Criciúma/SC&lt;/td&gt;
		&lt;td class="tabelatd2"&gt;1&lt;/td&gt;
		&lt;td class="tabelatd2"&gt;330&lt;/td&gt;
		&lt;td class="tabelatd2"&gt;Tipo Cobranca&lt;/td&gt;
		&lt;td class="tabelatd2"&gt;11/10/2018&lt;/td&gt;
		&lt;td class="tabelatd2"&gt;110.00&lt;/td&gt;
		&lt;td class="tabelatd2"&gt;0.00&lt;/td&gt;
		&lt;td class="tabelatd2"&gt;0.00&lt;/td&gt;
		&lt;td class="tabelatd2"&gt;0.00&lt;/td&gt;
		&lt;td class="tabelatd2"&gt;&lt;br&gt;&lt;br&gt;&lt;/td&gt;
	&lt;/tr&gt;
	&lt;tr&gt;
		&lt;td class="tabelatd1"&gt;1-Fulano de Tal (652.392.539-00)&lt;/td&gt;
		&lt;td class="tabelatd1"&gt;Rua Geral&lt;/td&gt;
		&lt;td class="tabelatd1"&gt;Criciúma/SC&lt;/td&gt;
		&lt;td class="tabelatd1"&gt;1&lt;/td&gt;
		&lt;td class="tabelatd1"&gt;360&lt;/td&gt;
		&lt;td class="tabelatd1"&gt;Tipo Cobranca&lt;/td&gt;
		&lt;td class="tabelatd1"&gt;11/10/2018&lt;/td&gt;
		&lt;td class="tabelatd1"&gt;110.00&lt;/td&gt;
		&lt;td class="tabelatd1"&gt;0.00&lt;/td&gt;
		&lt;td class="tabelatd1"&gt;0.00&lt;/td&gt;
		&lt;td class="tabelatd1"&gt;0.00&lt;/td&gt;
		&lt;td class="tabelatd1"&gt;&lt;br&gt;&lt;br&gt;&lt;/td&gt;
	&lt;/tr&gt;
	&lt;tr&gt;
		&lt;td class="tabelatd2"&gt;1-Fulano de Tal (652.392.539-00)&lt;/td&gt;
		&lt;td class="tabelatd2"&gt;Rua Geral&lt;/td&gt;
		&lt;td class="tabelatd2"&gt;Criciúma/SC&lt;/td&gt;
		&lt;td class="tabelatd2"&gt;1&lt;/td&gt;
		&lt;td class="tabelatd2"&gt;392&lt;/td&gt;
		&lt;td class="tabelatd2"&gt;Tipo Cobranca&lt;/td&gt;
		&lt;td class="tabelatd2"&gt;11/10/2018&lt;/td&gt;
		&lt;td class="tabelatd2"&gt;110.00&lt;/td&gt;
		&lt;td class="tabelatd2"&gt;0.00&lt;/td&gt;
		&lt;td class="tabelatd2"&gt;0.00&lt;/td&gt;
		&lt;td class="tabelatd2"&gt;0.00&lt;/td&gt;
		&lt;td class="tabelatd2"&gt;&lt;br&gt;&lt;br&gt;&lt;/td&gt;
	&lt;/tr&gt;
	&lt;tr&gt;
		&lt;td class="tabelatd1"&gt;1-Fulano de Tal (652.392.539-00)&lt;/td&gt;
		&lt;td class="tabelatd1"&gt;Rua Geral&lt;/td&gt;
		&lt;td class="tabelatd1"&gt;Criciúma/SC&lt;/td&gt;
		&lt;td class="tabelatd1"&gt;1&lt;/td&gt;
		&lt;td class="tabelatd1"&gt;426&lt;/td&gt;
		&lt;td class="tabelatd1"&gt;Tipo Cobranca&lt;/td&gt;
		&lt;td class="tabelatd1"&gt;11/10/2018&lt;/td&gt;
		&lt;td class="tabelatd1"&gt;110.00&lt;/td&gt;
		&lt;td class="tabelatd1"&gt;0.00&lt;/td&gt;
		&lt;td class="tabelatd1"&gt;0.00&lt;/td&gt;
		&lt;td class="tabelatd1"&gt;0.00&lt;/td&gt;
		&lt;td class="tabelatd1"&gt;&lt;br&gt;&lt;br&gt;&lt;/td&gt;
	&lt;/tr&gt;
	&lt;tr&gt;
		&lt;td class="tabelatd2"&gt;1-Fulano de Tal (652.392.539-00)&lt;/td&gt;
		&lt;td class="tabelatd2"&gt;Rua Geral&lt;/td&gt;
		&lt;td class="tabelatd2"&gt;Criciúma/SC&lt;/td&gt;
		&lt;td class="tabelatd2"&gt;1&lt;/td&gt;
		&lt;td class="tabelatd2"&gt;331&lt;/td&gt;
		&lt;td class="tabelatd2"&gt;Tipo Cobranca&lt;/td&gt;
		&lt;td class="tabelatd2"&gt;11/10/2018&lt;/td&gt;
		&lt;td class="tabelatd2"&gt;110.00&lt;/td&gt;
		&lt;td class="tabelatd2"&gt;0.00&lt;/td&gt;
		&lt;td class="tabelatd2"&gt;0.00&lt;/td&gt;
		&lt;td class="tabelatd2"&gt;0.00&lt;/td&gt;
		&lt;td class="tabelatd2"&gt;&lt;br&gt;&lt;br&gt;&lt;/td&gt;
	&lt;/tr&gt;
	&lt;tr&gt;
		&lt;td class="tabelatd1"&gt;1-Fulano de Tal (652.392.539-00)&lt;/td&gt;
		&lt;td class="tabelatd1"&gt;Rua Geral&lt;/td&gt;
		&lt;td class="tabelatd1"&gt;Criciúma/SC&lt;/td&gt;
		&lt;td class="tabelatd1"&gt;1&lt;/td&gt;
		&lt;td class="tabelatd1"&gt;361&lt;/td&gt;
		&lt;td class="tabelatd1"&gt;Tipo Cobranca&lt;/td&gt;
		&lt;td class="tabelatd1"&gt;11/10/2018&lt;/td&gt;
		&lt;td class="tabelatd1"&gt;110.00&lt;/td&gt;
		&lt;td class="tabelatd1"&gt;0.00&lt;/td&gt;
		&lt;td class="tabelatd1"&gt;0.00&lt;/td&gt;
		&lt;td class="tabelatd1"&gt;0.00&lt;/td&gt;
		&lt;td class="tabelatd1"&gt;&lt;br&gt;&lt;br&gt;&lt;/td&gt;
	&lt;/tr&gt;
	&lt;tr&gt;
		&lt;td class="tabelatd2"&gt;1-Fulano de Tal (652.392.539-00)&lt;/td&gt;
		&lt;td class="tabelatd2"&gt;Rua Geral&lt;/td&gt;
		&lt;td class="tabelatd2"&gt;Criciúma/SC&lt;/td&gt;
		&lt;td class="tabelatd2"&gt;1&lt;/td&gt;
		&lt;td class="tabelatd2"&gt;393&lt;/td&gt;
		&lt;td class="tabelatd2"&gt;Tipo Cobranca&lt;/td&gt;
		&lt;td class="tabelatd2"&gt;11/10/2018&lt;/td&gt;
		&lt;td class="tabelatd2"&gt;110.00&lt;/td&gt;
		&lt;td class="tabelatd2"&gt;0.00&lt;/td&gt;
		&lt;td class="tabelatd2"&gt;0.00&lt;/td&gt;
		&lt;td class="tabelatd2"&gt;0.00&lt;/td&gt;
		&lt;td class="tabelatd2"&gt;&lt;br&gt;&lt;br&gt;&lt;/td&gt;
	&lt;/tr&gt;
	&lt;tr&gt;
		&lt;td class="tabelatd1"&gt;1-Fulano de Tal (652.392.539-00)&lt;/td&gt;
		&lt;td class="tabelatd1"&gt;Rua Geral&lt;/td&gt;
		&lt;td class="tabelatd1"&gt;Criciúma/SC&lt;/td&gt;
		&lt;td class="tabelatd1"&gt;1&lt;/td&gt;
		&lt;td class="tabelatd1"&gt;427&lt;/td&gt;
		&lt;td class="tabelatd1"&gt;Tipo Cobranca&lt;/td&gt;
		&lt;td class="tabelatd1"&gt;11/10/2018&lt;/td&gt;
		&lt;td class="tabelatd1"&gt;110.00&lt;/td&gt;
		&lt;td class="tabelatd1"&gt;0.00&lt;/td&gt;
		&lt;td class="tabelatd1"&gt;0.00&lt;/td&gt;
		&lt;td class="tabelatd1"&gt;0.00&lt;/td&gt;
		&lt;td class="tabelatd1"&gt;&lt;br&gt;&lt;br&gt;&lt;/td&gt;
	&lt;/tr&gt;
	&lt;tr&gt;
		&lt;td class="tabelatd2"&gt;1-Fulano de Tal (652.392.539-00)&lt;/td&gt;
		&lt;td class="tabelatd2"&gt;Rua Geral&lt;/td&gt;
		&lt;td class="tabelatd2"&gt;Criciúma/SC&lt;/td&gt;
		&lt;td class="tabelatd2"&gt;1&lt;/td&gt;
		&lt;td class="tabelatd2"&gt;362&lt;/td&gt;
		&lt;td class="tabelatd2"&gt;Tipo Cobranca&lt;/td&gt;
		&lt;td class="tabelatd2"&gt;11/10/2018&lt;/td&gt;
		&lt;td class="tabelatd2"&gt;110.00&lt;/td&gt;
		&lt;td class="tabelatd2"&gt;0.00&lt;/td&gt;
		&lt;td class="tabelatd2"&gt;0.00&lt;/td&gt;
		&lt;td class="tabelatd2"&gt;0.00&lt;/td&gt;
		&lt;td class="tabelatd2"&gt;&lt;br&gt;&lt;br&gt;&lt;/td&gt;
	&lt;/tr&gt;
	&lt;tr&gt;
		&lt;td class="tabelatd1"&gt;1-Fulano de Tal (652.392.539-00)&lt;/td&gt;
		&lt;td class="tabelatd1"&gt;Rua Geral&lt;/td&gt;
		&lt;td class="tabelatd1"&gt;Criciúma/SC&lt;/td&gt;
		&lt;td class="tabelatd1"&gt;1&lt;/td&gt;
		&lt;td class="tabelatd1"&gt;394&lt;/td&gt;
		&lt;td class="tabelatd1"&gt;Tipo Cobranca&lt;/td&gt;
		&lt;td class="tabelatd1"&gt;11/10/2018&lt;/td&gt;
		&lt;td class="tabelatd1"&gt;110.00&lt;/td&gt;
		&lt;td class="tabelatd1"&gt;0.00&lt;/td&gt;
		&lt;td class="tabelatd1"&gt;0.00&lt;/td&gt;
		&lt;td class="tabelatd1"&gt;0.00&lt;/td&gt;
		&lt;td class="tabelatd1"&gt;&lt;br&gt;&lt;br&gt;&lt;/td&gt;
	&lt;/tr&gt;
	&lt;tr&gt;
		&lt;td class="tabelatd2"&gt;1-Fulano de Tal (652.392.539-00)&lt;/td&gt;
		&lt;td class="tabelatd2"&gt;Rua Geral&lt;/td&gt;
		&lt;td class="tabelatd2"&gt;Criciúma/SC&lt;/td&gt;
		&lt;td class="tabelatd2"&gt;1&lt;/td&gt;
		&lt;td class="tabelatd2"&gt;428&lt;/td&gt;
		&lt;td class="tabelatd2"&gt;Tipo Cobranca&lt;/td&gt;
		&lt;td class="tabelatd2"&gt;11/10/2018&lt;/td&gt;
		&lt;td class="tabelatd2"&gt;110.00&lt;/td&gt;
		&lt;td class="tabelatd2"&gt;0.00&lt;/td&gt;
		&lt;td class="tabelatd2"&gt;0.00&lt;/td&gt;
		&lt;td class="tabelatd2"&gt;0.00&lt;/td&gt;
		&lt;td class="tabelatd2"&gt;&lt;br&gt;&lt;br&gt;&lt;/td&gt;
	&lt;/tr&gt;
	&lt;tr&gt;
		&lt;td class="tabelatd1"&gt;1-Fulano de Tal (652.392.539-00)&lt;/td&gt;
		&lt;td class="tabelatd1"&gt;Rua Geral&lt;/td&gt;
		&lt;td class="tabelatd1"&gt;Criciúma/SC&lt;/td&gt;
		&lt;td class="tabelatd1"&gt;1&lt;/td&gt;
		&lt;td class="tabelatd1"&gt;395&lt;/td&gt;
		&lt;td class="tabelatd1"&gt;Tipo Cobranca&lt;/td&gt;
		&lt;td class="tabelatd1"&gt;11/10/2018&lt;/td&gt;
		&lt;td class="tabelatd1"&gt;110.00&lt;/td&gt;
		&lt;td class="tabelatd1"&gt;0.00&lt;/td&gt;
		&lt;td class="tabelatd1"&gt;0.00&lt;/td&gt;
		&lt;td class="tabelatd1"&gt;0.00&lt;/td&gt;
		&lt;td class="tabelatd1"&gt;&lt;br&gt;&lt;br&gt;&lt;/td&gt;
	&lt;/tr&gt;
	&lt;tr&gt;
		&lt;td class="tabelatd2"&gt;1-Fulano de Tal (652.392.539-00)&lt;/td&gt;
		&lt;td class="tabelatd2"&gt;Rua Geral&lt;/td&gt;
		&lt;td class="tabelatd2"&gt;Criciúma/SC&lt;/td&gt;
		&lt;td class="tabelatd2"&gt;1&lt;/td&gt;
		&lt;td class="tabelatd2"&gt;429&lt;/td&gt;
		&lt;td class="tabelatd2"&gt;Tipo Cobranca&lt;/td&gt;
		&lt;td class="tabelatd2"&gt;11/10/2018&lt;/td&gt;
		&lt;td class="tabelatd2"&gt;110.00&lt;/td&gt;
		&lt;td class="tabelatd2"&gt;0.00&lt;/td&gt;
		&lt;td class="tabelatd2"&gt;0.00&lt;/td&gt;
		&lt;td class="tabelatd2"&gt;0.00&lt;/td&gt;
		&lt;td class="tabelatd2"&gt;&lt;br&gt;&lt;br&gt;&lt;/td&gt;
	&lt;/tr&gt;
	&lt;tr&gt;
		&lt;td class="tabelatd1"&gt;1-Fulano de Tal (652.392.539-00)&lt;/td&gt;
		&lt;td class="tabelatd1"&gt;Rua Geral&lt;/td&gt;
		&lt;td class="tabelatd1"&gt;Criciúma/SC&lt;/td&gt;
		&lt;td class="tabelatd1"&gt;1&lt;/td&gt;
		&lt;td class="tabelatd1"&gt;430&lt;/td&gt;
		&lt;td class="tabelatd1"&gt;Tipo Cobranca&lt;/td&gt;
		&lt;td class="tabelatd1"&gt;11/10/2018&lt;/td&gt;
		&lt;td class="tabelatd1"&gt;110.00&lt;/td&gt;
		&lt;td class="tabelatd1"&gt;0.00&lt;/td&gt;
		&lt;td class="tabelatd1"&gt;0.00&lt;/td&gt;
		&lt;td class="tabelatd1"&gt;0.00&lt;/td&gt;
		&lt;td class="tabelatd1"&gt;&lt;br&gt;&lt;br&gt;&lt;/td&gt;
	&lt;/tr&gt;
	&lt;tr&gt;
		&lt;td class="tabelatd2"&gt;1-Fulano de Tal (652.392.539-00)&lt;/td&gt;
		&lt;td class="tabelatd2"&gt;Rua Geral&lt;/td&gt;
		&lt;td class="tabelatd2"&gt;Criciúma/SC&lt;/td&gt;
		&lt;td class="tabelatd2"&gt;1&lt;/td&gt;
		&lt;td class="tabelatd2"&gt;451&lt;/td&gt;
		&lt;td class="tabelatd2"&gt;Tipo Cobranca&lt;/td&gt;
		&lt;td class="tabelatd2"&gt;11/10/2018&lt;/td&gt;
		&lt;td class="tabelatd2"&gt;110.00&lt;/td&gt;
		&lt;td class="tabelatd2"&gt;0.00&lt;/td&gt;
		&lt;td class="tabelatd2"&gt;0.00&lt;/td&gt;
		&lt;td class="tabelatd2"&gt;0.00&lt;/td&gt;
		&lt;td class="tabelatd2"&gt;&lt;br&gt;&lt;br&gt;&lt;/td&gt;
	&lt;/tr&gt;
	&lt;tr&gt;
		&lt;td class="tabelatd1"&gt;1-Fulano de Tal (652.392.539-00)&lt;/td&gt;
		&lt;td class="tabelatd1"&gt;Rua Geral&lt;/td&gt;
		&lt;td class="tabelatd1"&gt;Criciúma/SC&lt;/td&gt;
		&lt;td class="tabelatd1"&gt;1&lt;/td&gt;
		&lt;td class="tabelatd1"&gt;454&lt;/td&gt;
		&lt;td class="tabelatd1"&gt;Tipo Cobranca&lt;/td&gt;
		&lt;td class="tabelatd1"&gt;11/10/2018&lt;/td&gt;
		&lt;td class="tabelatd1"&gt;110.00&lt;/td&gt;
		&lt;td class="tabelatd1"&gt;0.00&lt;/td&gt;
		&lt;td class="tabelatd1"&gt;0.00&lt;/td&gt;
		&lt;td class="tabelatd1"&gt;0.00&lt;/td&gt;
		&lt;td class="tabelatd1"&gt;&lt;br&gt;&lt;br&gt;&lt;/td&gt;
	&lt;/tr&gt;
	&lt;tr&gt;
		&lt;td class="tabelatd2"&gt;1-Fulano de Tal (652.392.539-00)&lt;/td&gt;
		&lt;td class="tabelatd2"&gt;Rua Geral&lt;/td&gt;
		&lt;td class="tabelatd2"&gt;Criciúma/SC&lt;/td&gt;
		&lt;td class="tabelatd2"&gt;1&lt;/td&gt;
		&lt;td class="tabelatd2"&gt;455&lt;/td&gt;
		&lt;td class="tabelatd2"&gt;Tipo Cobranca&lt;/td&gt;
		&lt;td class="tabelatd2"&gt;11/10/2018&lt;/td&gt;
		&lt;td class="tabelatd2"&gt;110.00&lt;/td&gt;
		&lt;td class="tabelatd2"&gt;0.00&lt;/td&gt;
		&lt;td class="tabelatd2"&gt;0.00&lt;/td&gt;
		&lt;td class="tabelatd2"&gt;0.00&lt;/td&gt;
		&lt;td class="tabelatd2"&gt;&lt;br&gt;&lt;br&gt;&lt;/td&gt;
	&lt;/tr&gt;
	&lt;tr&gt;
		&lt;td class="tabelatd1"&gt;1-Fulano de Tal (652.392.539-00)&lt;/td&gt;
		&lt;td class="tabelatd1"&gt;Rua Geral&lt;/td&gt;
		&lt;td class="tabelatd1"&gt;Criciúma/SC&lt;/td&gt;
		&lt;td class="tabelatd1"&gt;1&lt;/td&gt;
		&lt;td class="tabelatd1"&gt;456&lt;/td&gt;
		&lt;td class="tabelatd1"&gt;Tipo Cobranca&lt;/td&gt;
		&lt;td class="tabelatd1"&gt;11/10/2018&lt;/td&gt;
		&lt;td class="tabelatd1"&gt;110.00&lt;/td&gt;
		&lt;td class="tabelatd1"&gt;0.00&lt;/td&gt;
		&lt;td class="tabelatd1"&gt;0.00&lt;/td&gt;
		&lt;td class="tabelatd1"&gt;0.00&lt;/td&gt;
		&lt;td class="tabelatd1"&gt;&lt;br&gt;&lt;br&gt;&lt;/td&gt;
	&lt;/tr&gt;
	&lt;tr&gt;
		&lt;td class="tabelatd2"&gt;1-Fulano de Tal (652.392.539-00)&lt;/td&gt;
		&lt;td class="tabelatd2"&gt;Rua Geral&lt;/td&gt;
		&lt;td class="tabelatd2"&gt;Criciúma/SC&lt;/td&gt;
		&lt;td class="tabelatd2"&gt;1&lt;/td&gt;
		&lt;td class="tabelatd2"&gt;457&lt;/td&gt;
		&lt;td class="tabelatd2"&gt;Tipo Cobranca&lt;/td&gt;
		&lt;td class="tabelatd2"&gt;11/10/2018&lt;/td&gt;
		&lt;td class="tabelatd2"&gt;110.00&lt;/td&gt;
		&lt;td class="tabelatd2"&gt;0.00&lt;/td&gt;
		&lt;td class="tabelatd2"&gt;0.00&lt;/td&gt;
		&lt;td class="tabelatd2"&gt;0.00&lt;/td&gt;
		&lt;td class="tabelatd2"&gt;&lt;br&gt;&lt;br&gt;&lt;/td&gt;
	&lt;/tr&gt;
	&lt;tr&gt;
		&lt;td class="tabelatd1"&gt;1-Fulano de Tal (652.392.539-00)&lt;/td&gt;
		&lt;td class="tabelatd1"&gt;Rua Geral&lt;/td&gt;
		&lt;td class="tabelatd1"&gt;Criciúma/SC&lt;/td&gt;
		&lt;td class="tabelatd1"&gt;1&lt;/td&gt;
		&lt;td class="tabelatd1"&gt;458&lt;/td&gt;
		&lt;td class="tabelatd1"&gt;Tipo Cobranca&lt;/td&gt;
		&lt;td class="tabelatd1"&gt;11/10/2018&lt;/td&gt;
		&lt;td class="tabelatd1"&gt;110.00&lt;/td&gt;
		&lt;td class="tabelatd1"&gt;0.00&lt;/td&gt;
		&lt;td class="tabelatd1"&gt;0.00&lt;/td&gt;
		&lt;td class="tabelatd1"&gt;0.00&lt;/td&gt;
		&lt;td class="tabelatd1"&gt;&lt;br&gt;&lt;br&gt;&lt;/td&gt;
	&lt;/tr&gt;
	&lt;tr&gt;
		&lt;td class="tabelatd2"&gt;1-Fulano de Tal (652.392.539-00)&lt;/td&gt;
		&lt;td class="tabelatd2"&gt;Rua Geral&lt;/td&gt;
		&lt;td class="tabelatd2"&gt;Criciúma/SC&lt;/td&gt;
		&lt;td class="tabelatd2"&gt;1&lt;/td&gt;
		&lt;td class="tabelatd2"&gt;459&lt;/td&gt;
		&lt;td class="tabelatd2"&gt;Tipo Cobranca&lt;/td&gt;
		&lt;td class="tabelatd2"&gt;11/10/2018&lt;/td&gt;
		&lt;td class="tabelatd2"&gt;110.00&lt;/td&gt;
		&lt;td class="tabelatd2"&gt;0.00&lt;/td&gt;
		&lt;td class="tabelatd2"&gt;0.00&lt;/td&gt;
		&lt;td class="tabelatd2"&gt;0.00&lt;/td&gt;
		&lt;td class="tabelatd2"&gt;&lt;br&gt;&lt;br&gt;&lt;/td&gt;
	&lt;/tr&gt;
	&lt;tr&gt;
		&lt;td class="tabelatd1"&gt;1-Fulano de Tal (652.392.539-00)&lt;/td&gt;
		&lt;td class="tabelatd1"&gt;Rua Geral&lt;/td&gt;
		&lt;td class="tabelatd1"&gt;Criciúma/SC&lt;/td&gt;
		&lt;td class="tabelatd1"&gt;1&lt;/td&gt;
		&lt;td class="tabelatd1"&gt;460&lt;/td&gt;
		&lt;td class="tabelatd1"&gt;Tipo Cobranca&lt;/td&gt;
		&lt;td class="tabelatd1"&gt;11/10/2018&lt;/td&gt;
		&lt;td class="tabelatd1"&gt;110.00&lt;/td&gt;
		&lt;td class="tabelatd1"&gt;0.00&lt;/td&gt;
		&lt;td class="tabelatd1"&gt;0.00&lt;/td&gt;
		&lt;td class="tabelatd1"&gt;0.00&lt;/td&gt;
		&lt;td class="tabelatd1"&gt;&lt;br&gt;&lt;br&gt;&lt;/td&gt;
	&lt;/tr&gt;
	&lt;tr&gt;
		&lt;td class="tabelatd2"&gt;1-Fulano de Tal (652.392.539-00)&lt;/td&gt;
		&lt;td class="tabelatd2"&gt;Rua Geral&lt;/td&gt;
		&lt;td class="tabelatd2"&gt;Criciúma/SC&lt;/td&gt;
		&lt;td class="tabelatd2"&gt;1&lt;/td&gt;
		&lt;td class="tabelatd2"&gt;461&lt;/td&gt;
		&lt;td class="tabelatd2"&gt;Tipo Cobranca&lt;/td&gt;
		&lt;td class="tabelatd2"&gt;11/10/2018&lt;/td&gt;
		&lt;td class="tabelatd2"&gt;110.00&lt;/td&gt;
		&lt;td class="tabelatd2"&gt;0.00&lt;/td&gt;
		&lt;td class="tabelatd2"&gt;0.00&lt;/td&gt;
		&lt;td class="tabelatd2"&gt;0.00&lt;/td&gt;
		&lt;td class="tabelatd2"&gt;&lt;br&gt;&lt;br&gt;&lt;/td&gt;
	&lt;/tr&gt;
	&lt;tr&gt;
		&lt;td class="tabelatd1"&gt;1-Fulano de Tal (652.392.539-00)&lt;/td&gt;
		&lt;td class="tabelatd1"&gt;Rua Geral&lt;/td&gt;
		&lt;td class="tabelatd1"&gt;Criciúma/SC&lt;/td&gt;
		&lt;td class="tabelatd1"&gt;1&lt;/td&gt;
		&lt;td class="tabelatd1"&gt;462&lt;/td&gt;
		&lt;td class="tabelatd1"&gt;Tipo Cobranca&lt;/td&gt;
		&lt;td class="tabelatd1"&gt;11/10/2018&lt;/td&gt;
		&lt;td class="tabelatd1"&gt;110.00&lt;/td&gt;
		&lt;td class="tabelatd1"&gt;0.00&lt;/td&gt;
		&lt;td class="tabelatd1"&gt;0.00&lt;/td&gt;
		&lt;td class="tabelatd1"&gt;0.00&lt;/td&gt;
		&lt;td class="tabelatd1"&gt;&lt;br&gt;&lt;br&gt;&lt;/td&gt;
	&lt;/tr&gt;
	&lt;tr&gt;
		&lt;td class="tabelatd2"&gt;1-Fulano de Tal (652.392.539-00)&lt;/td&gt;
		&lt;td class="tabelatd2"&gt;Rua Geral&lt;/td&gt;
		&lt;td class="tabelatd2"&gt;Criciúma/SC&lt;/td&gt;
		&lt;td class="tabelatd2"&gt;1&lt;/td&gt;
		&lt;td class="tabelatd2"&gt;463&lt;/td&gt;
		&lt;td class="tabelatd2"&gt;Tipo Cobranca&lt;/td&gt;
		&lt;td class="tabelatd2"&gt;11/10/2018&lt;/td&gt;
		&lt;td class="tabelatd2"&gt;110.00&lt;/td&gt;
		&lt;td class="tabelatd2"&gt;0.00&lt;/td&gt;
		&lt;td class="tabelatd2"&gt;0.00&lt;/td&gt;
		&lt;td class="tabelatd2"&gt;0.00&lt;/td&gt;
		&lt;td class="tabelatd2"&gt;&lt;br&gt;&lt;br&gt;&lt;/td&gt;
	&lt;/tr&gt;
	&lt;tr&gt;
		&lt;td class="tabelatd1"&gt;1-Fulano de Tal (652.392.539-00)&lt;/td&gt;
		&lt;td class="tabelatd1"&gt;Rua Geral&lt;/td&gt;
		&lt;td class="tabelatd1"&gt;Criciúma/SC&lt;/td&gt;
		&lt;td class="tabelatd1"&gt;1&lt;/td&gt;
		&lt;td class="tabelatd1"&gt;464&lt;/td&gt;
		&lt;td class="tabelatd1"&gt;Tipo Cobranca&lt;/td&gt;
		&lt;td class="tabelatd1"&gt;11/10/2018&lt;/td&gt;
		&lt;td class="tabelatd1"&gt;110.00&lt;/td&gt;
		&lt;td class="tabelatd1"&gt;0.00&lt;/td&gt;
		&lt;td class="tabelatd1"&gt;0.00&lt;/td&gt;
		&lt;td class="tabelatd1"&gt;0.00&lt;/td&gt;
		&lt;td class="tabelatd1"&gt;&lt;br&gt;&lt;br&gt;&lt;/td&gt;
	&lt;/tr&gt;
	&lt;tr&gt;
		&lt;td class="tabelatd2"&gt;1-Fulano de Tal (652.392.539-00)&lt;/td&gt;
		&lt;td class="tabelatd2"&gt;Rua Geral&lt;/td&gt;
		&lt;td class="tabelatd2"&gt;Criciúma/SC&lt;/td&gt;
		&lt;td class="tabelatd2"&gt;1&lt;/td&gt;
		&lt;td class="tabelatd2"&gt;465&lt;/td&gt;
		&lt;td class="tabelatd2"&gt;Tipo Cobranca&lt;/td&gt;
		&lt;td class="tabelatd2"&gt;11/10/2018&lt;/td&gt;
		&lt;td class="tabelatd2"&gt;110.00&lt;/td&gt;
		&lt;td class="tabelatd2"&gt;0.00&lt;/td&gt;
		&lt;td class="tabelatd2"&gt;0.00&lt;/td&gt;
		&lt;td class="tabelatd2"&gt;0.00&lt;/td&gt;
		&lt;td class="tabelatd2"&gt;&lt;br&gt;&lt;br&gt;&lt;/td&gt;
	&lt;/tr&gt;
	&lt;tr&gt;
		&lt;td class="tabelatd1"&gt;1-Fulano de Tal (652.392.539-00)&lt;/td&gt;
		&lt;td class="tabelatd1"&gt;Rua Geral&lt;/td&gt;
		&lt;td class="tabelatd1"&gt;Criciúma/SC&lt;/td&gt;
		&lt;td class="tabelatd1"&gt;1&lt;/td&gt;
		&lt;td class="tabelatd1"&gt;466&lt;/td&gt;
		&lt;td class="tabelatd1"&gt;Tipo Cobranca&lt;/td&gt;
		&lt;td class="tabelatd1"&gt;11/10/2018&lt;/td&gt;
		&lt;td class="tabelatd1"&gt;110.00&lt;/td&gt;
		&lt;td class="tabelatd1"&gt;0.00&lt;/td&gt;
		&lt;td class="tabelatd1"&gt;0.00&lt;/td&gt;
		&lt;td class="tabelatd1"&gt;0.00&lt;/td&gt;
		&lt;td class="tabelatd1"&gt;&lt;br&gt;&lt;br&gt;&lt;/td&gt;
	&lt;/tr&gt;
	&lt;tr&gt;
		&lt;td class="tabelatd2"&gt;1-Fulano de Tal (652.392.539-00)&lt;/td&gt;
		&lt;td class="tabelatd2"&gt;Rua Geral&lt;/td&gt;
		&lt;td class="tabelatd2"&gt;Criciúma/SC&lt;/td&gt;
		&lt;td class="tabelatd2"&gt;1&lt;/td&gt;
		&lt;td class="tabelatd2"&gt;467&lt;/td&gt;
		&lt;td class="tabelatd2"&gt;Tipo Cobranca&lt;/td&gt;
		&lt;td class="tabelatd2"&gt;11/10/2018&lt;/td&gt;
		&lt;td class="tabelatd2"&gt;110.00&lt;/td&gt;
		&lt;td class="tabelatd2"&gt;0.00&lt;/td&gt;
		&lt;td class="tabelatd2"&gt;0.00&lt;/td&gt;
		&lt;td class="tabelatd2"&gt;0.00&lt;/td&gt;
		&lt;td class="tabelatd2"&gt;&lt;br&gt;&lt;br&gt;&lt;/td&gt;
	&lt;/tr&gt;
&lt;/Table&gt;
&lt;h3&gt;Número de registros na lista: 436&lt;/h3&gt;
&lt;/div&gt;
 &#13;
    &lt;/body&gt;&#13;
&lt;/html&gt;&#13;
</system-out>
      </testcase>
      <testcase name="testMostraRelatorio" class="DaoRelatorioCobradorTest" classname="DaoRelatorioCobradorTest" file="C:\Apache24\htdocs\Associacao\tests\controller\DaoRelatorioCobradorTest.php" line="48" assertions="1" time="0.293216">
        <system-out>&lt;input type="button" onclick="imprimirDiv('div', this);" value="Imprimir lista"&gt;&lt;div id='div'&gt;
&lt;Table class="tabela" width="100%" border="1" cellpadding="3" cellspacing="0"&gt;
&lt;tr&gt;
&lt;th class="tabelath" border="1"&gt;Associado&lt;/th&gt;
&lt;th class="tabelath" border="1"&gt;Endereço&lt;/th&gt;
&lt;th class="tabelath" border="1"&gt;Cidade/UF&lt;/th&gt;
&lt;th class="tabelath" border="1"&gt;Título&lt;/th&gt;
&lt;th class="tabelath" border="1"&gt;Parcela&lt;/th&gt;
&lt;th class="tabelath" border="1"&gt;Tipo de cobrança&lt;/th&gt;
&lt;th class="tabelath" border="1"&gt;Vencimento&lt;/th&gt;
&lt;th class="tabelath" border="1"&gt;Valor&lt;/th&gt;
&lt;th class="tabelath" border="1"&gt;Acréscimo&lt;/th&gt;
&lt;th class="tabelath" border="1"&gt;Abatimento&lt;/th&gt;
&lt;th class="tabelath" border="1"&gt;Pagamento&lt;/th&gt;
&lt;th class="tabelath" border="1"&gt;Observações&lt;/th&gt;
&lt;/tr&gt;
	&lt;tr&gt;
		&lt;td class="tabelatd1"&gt;4-Beltrano da Silva (333.333.333-33)&lt;/td&gt;
		&lt;td class="tabelatd1"&gt;Rua Sem Fim, Número zero, Bairro Normal&lt;/td&gt;
		&lt;td class="tabelatd1"&gt;Cocal do Sul/SC&lt;/td&gt;
		&lt;td class="tabelatd1"&gt;0F&lt;/td&gt;
		&lt;td class="tabelatd1"&gt;4&lt;/td&gt;
		&lt;td class="tabelatd1"&gt;Tipo Cobranca&lt;/td&gt;
		&lt;td class="tabelatd1"&gt;10/10/2018&lt;/td&gt;
		&lt;td class="tabelatd1"&gt;110.00&lt;/td&gt;
		&lt;td class="tabelatd1"&gt;0.00&lt;/td&gt;
		&lt;td class="tabelatd1"&gt;0.00&lt;/td&gt;
		&lt;td class="tabelatd1"&gt;0.00&lt;/td&gt;
		&lt;td class="tabelatd1"&gt;&lt;br&gt;&lt;br&gt;&lt;/td&gt;
	&lt;/tr&gt;
	&lt;tr&gt;
		&lt;td class="tabelatd2"&gt;4-Beltrano da Silva (333.333.333-33)&lt;/td&gt;
		&lt;td class="tabelatd2"&gt;Rua Sem Fim, Número zero, Bairro Normal&lt;/td&gt;
		&lt;td class="tabelatd2"&gt;Cocal do Sul/SC&lt;/td&gt;
		&lt;td class="tabelatd2"&gt;0F&lt;/td&gt;
		&lt;td class="tabelatd2"&gt;8&lt;/td&gt;
		&lt;td class="tabelatd2"&gt;Tipo Cobranca&lt;/td&gt;
		&lt;td class="tabelatd2"&gt;10/10/2018&lt;/td&gt;
		&lt;td class="tabelatd2"&gt;110.00&lt;/td&gt;
		&lt;td class="tabelatd2"&gt;0.00&lt;/td&gt;
		&lt;td class="tabelatd2"&gt;0.00&lt;/td&gt;
		&lt;td class="tabelatd2"&gt;0.00&lt;/td&gt;
		&lt;td class="tabelatd2"&gt;&lt;br&gt;&lt;br&gt;&lt;/td&gt;
	&lt;/tr&gt;
	&lt;tr&gt;
		&lt;td class="tabelatd1"&gt;4-Beltrano da Silva (333.333.333-33)&lt;/td&gt;
		&lt;td class="tabelatd1"&gt;Rua Sem Fim, Número zero, Bairro Normal&lt;/td&gt;
		&lt;td class="tabelatd1"&gt;Cocal do Sul/SC&lt;/td&gt;
		&lt;td class="tabelatd1"&gt;0F&lt;/td&gt;
		&lt;td class="tabelatd1"&gt;12&lt;/td&gt;
		&lt;td class="tabelatd1"&gt;Tipo Cobranca&lt;/td&gt;
		&lt;td class="tabelatd1"&gt;10/10/2018&lt;/td&gt;
		&lt;td class="tabelatd1"&gt;110.00&lt;/td&gt;
		&lt;td class="tabelatd1"&gt;0.00&lt;/td&gt;
		&lt;td class="tabelatd1"&gt;0.00&lt;/td&gt;
		&lt;td class="tabelatd1"&gt;0.00&lt;/td&gt;
		&lt;td class="tabelatd1"&gt;&lt;br&gt;&lt;br&gt;&lt;/td&gt;
	&lt;/tr&gt;
	&lt;tr&gt;
		&lt;td class="tabelatd2"&gt;4-Beltrano da Silva (333.333.333-33)&lt;/td&gt;
		&lt;td class="tabelatd2"&gt;Rua Sem Fim, Número zero, Bairro Normal&lt;/td&gt;
		&lt;td class="tabelatd2"&gt;Cocal do Sul/SC&lt;/td&gt;
		&lt;td class="tabelatd2"&gt;0F&lt;/td&gt;
		&lt;td class="tabelatd2"&gt;16&lt;/td&gt;
		&lt;td class="tabelatd2"&gt;Tipo Cobranca&lt;/td&gt;
		&lt;td class="tabelatd2"&gt;10/10/2018&lt;/td&gt;
		&lt;td class="tabelatd2"&gt;110.00&lt;/td&gt;
		&lt;td class="tabelatd2"&gt;0.00&lt;/td&gt;
		&lt;td class="tabelatd2"&gt;0.00&lt;/td&gt;
		&lt;td class="tabelatd2"&gt;0.00&lt;/td&gt;
		&lt;td class="tabelatd2"&gt;&lt;br&gt;&lt;br&gt;&lt;/td&gt;
	&lt;/tr&gt;
	&lt;tr&gt;
		&lt;td class="tabelatd1"&gt;4-Beltrano da Silva (333.333.333-33)&lt;/td&gt;
		&lt;td class="tabelatd1"&gt;Rua Sem Fim, Número zero, Bairro Normal&lt;/td&gt;
		&lt;td class="tabelatd1"&gt;Cocal do Sul/SC&lt;/td&gt;
		&lt;td class="tabelatd1"&gt;0F&lt;/td&gt;
		&lt;td class="tabelatd1"&gt;20&lt;/td&gt;
		&lt;td class="tabelatd1"&gt;Tipo Cobranca&lt;/td&gt;
		&lt;td class="tabelatd1"&gt;10/10/2018&lt;/td&gt;
		&lt;td class="tabelatd1"&gt;110.00&lt;/td&gt;
		&lt;td class="tabelatd1"&gt;0.00&lt;/td&gt;
		&lt;td class="tabelatd1"&gt;0.00&lt;/td&gt;
		&lt;td class="tabelatd1"&gt;0.00&lt;/td&gt;
		&lt;td class="tabelatd1"&gt;&lt;br&gt;&lt;br&gt;&lt;/td&gt;
	&lt;/tr&gt;
	&lt;tr&gt;
		&lt;td class="tabelatd2"&gt;4-Beltrano da Silva (333.333.333-33)&lt;/td&gt;
		&lt;td class="tabelatd2"&gt;Rua Sem Fim, Número zero, Bairro Normal&lt;/td&gt;
		&lt;td class="tabelatd2"&gt;Cocal do Sul/SC&lt;/td&gt;
		&lt;td class="tabelatd2"&gt;0F&lt;/td&gt;
		&lt;td class="tabelatd2"&gt;24&lt;/td&gt;
		&lt;td class="tabelatd2"&gt;Tipo Cobranca&lt;/td&gt;
		&lt;td class="tabelatd2"&gt;10/10/2018&lt;/td&gt;
		&lt;td class="tabelatd2"&gt;110.00&lt;/td&gt;
		&lt;td class="tabelatd2"&gt;0.00&lt;/td&gt;
		&lt;td class="tabelatd2"&gt;0.00&lt;/td&gt;
		&lt;td class="tabelatd2"&gt;0.00&lt;/td&gt;
		&lt;td class="tabelatd2"&gt;&lt;br&gt;&lt;br&gt;&lt;/td&gt;
	&lt;/tr&gt;
	&lt;tr&gt;
		&lt;td class="tabelatd1"&gt;4-Beltrano da Silva (333.333.333-33)&lt;/td&gt;
		&lt;td class="tabelatd1"&gt;Rua Sem Fim, Número zero, Bairro Normal&lt;/td&gt;
		&lt;td class="tabelatd1"&gt;Cocal do Sul/SC&lt;/td&gt;
		&lt;td class="tabelatd1"&gt;0F&lt;/td&gt;
		&lt;td class="tabelatd1"&gt;28&lt;/td&gt;
		&lt;td class="tabelatd1"&gt;Tipo Cobranca&lt;/td&gt;
		&lt;td class="tabelatd1"&gt;10/10/2018&lt;/td&gt;
		&lt;td class="tabelatd1"&gt;110.00&lt;/td&gt;
		&lt;td class="tabelatd1"&gt;0.00&lt;/td&gt;
		&lt;td class="tabelatd1"&gt;0.00&lt;/td&gt;
		&lt;td class="tabelatd1"&gt;0.00&lt;/td&gt;
		&lt;td class="tabelatd1"&gt;&lt;br&gt;&lt;br&gt;&lt;/td&gt;
	&lt;/tr&gt;
	&lt;tr&gt;
		&lt;td class="tabelatd2"&gt;4-Beltrano da Silva (333.333.333-33)&lt;/td&gt;
		&lt;td class="tabelatd2"&gt;Rua Sem Fim, Número zero, Bairro Normal&lt;/td&gt;
		&lt;td class="tabelatd2"&gt;Cocal do Sul/SC&lt;/td&gt;
		&lt;td class="tabelatd2"&gt;0F&lt;/td&gt;
		&lt;td class="tabelatd2"&gt;35&lt;/td&gt;
		&lt;td class="tabelatd2"&gt;Tipo Cobranca&lt;/td&gt;
		&lt;td class="tabelatd2"&gt;10/10/2018&lt;/td&gt;
		&lt;td class="tabelatd2"&gt;110.00&lt;/td&gt;
		&lt;td class="tabelatd2"&gt;0.00&lt;/td&gt;
		&lt;td class="tabelatd2"&gt;0.00&lt;/td&gt;
		&lt;td class="tabelatd2"&gt;0.00&lt;/td&gt;
		&lt;td class="tabelatd2"&gt;&lt;br&gt;&lt;br&gt;&lt;/td&gt;
	&lt;/tr&gt;
	&lt;tr&gt;
		&lt;td class="tabelatd1"&gt;4-Beltrano da Silva (333.333.333-33)&lt;/td&gt;
		&lt;td class="tabelatd1"&gt;Rua Sem Fim, Número zero, Bairro Normal&lt;/td&gt;
		&lt;td class="tabelatd1"&gt;Cocal do Sul/SC&lt;/td&gt;
		&lt;td class="tabelatd1"&gt;0F&lt;/td&gt;
		&lt;td class="tabelatd1"&gt;43&lt;/td&gt;
		&lt;td class="tabelatd1"&gt;Tipo Cobranca&lt;/td&gt;
		&lt;td class="tabelatd1"&gt;10/10/2018&lt;/td&gt;
		&lt;td class="tabelatd1"&gt;110.00&lt;/td&gt;
		&lt;td class="tabelatd1"&gt;0.00&lt;/td&gt;
		&lt;td class="tabelatd1"&gt;0.00&lt;/td&gt;
		&lt;td class="tabelatd1"&gt;0.00&lt;/td&gt;
		&lt;td class="tabelatd1"&gt;&lt;br&gt;&lt;br&gt;&lt;/td&gt;
	&lt;/tr&gt;
	&lt;tr&gt;
		&lt;td class="tabelatd2"&gt;4-Beltrano da Silva (333.333.333-33)&lt;/td&gt;
		&lt;td class="tabelatd2"&gt;Rua Sem Fim, Número zero, Bairro Normal&lt;/td&gt;
		&lt;td class="tabelatd2"&gt;Cocal do Sul/SC&lt;/td&gt;
		&lt;td class="tabelatd2"&gt;0F&lt;/td&gt;
		&lt;td class="tabelatd2"&gt;54&lt;/td&gt;
		&lt;td class="tabelatd2"&gt;Tipo Cobranca&lt;/td&gt;
		&lt;td class="tabelatd2"&gt;10/10/2018&lt;/td&gt;
		&lt;td class="tabelatd2"&gt;110.00&lt;/td&gt;
		&lt;td class="tabelatd2"&gt;0.00&lt;/td&gt;
		&lt;td class="tabelatd2"&gt;0.00&lt;/td&gt;
		&lt;td class="tabelatd2"&gt;0.00&lt;/td&gt;
		&lt;td class="tabelatd2"&gt;&lt;br&gt;&lt;br&gt;&lt;/td&gt;
	&lt;/tr&gt;
	&lt;tr&gt;
		&lt;td class="tabelatd1"&gt;4-Beltrano da Silva (333.333.333-33)&lt;/td&gt;
		&lt;td class="tabelatd1"&gt;Rua Sem Fim, Número zero, Bairro Normal&lt;/td&gt;
		&lt;td class="tabelatd1"&gt;Cocal do Sul/SC&lt;/td&gt;
		&lt;td class="tabelatd1"&gt;0F&lt;/td&gt;
		&lt;td class="tabelatd1"&gt;67&lt;/td&gt;
		&lt;td class="tabelatd1"&gt;Tipo Cobranca&lt;/td&gt;
		&lt;td class="tabelatd1"&gt;10/10/2018&lt;/td&gt;
		&lt;td class="tabelatd1"&gt;110.00&lt;/td&gt;
		&lt;td class="tabelatd1"&gt;0.00&lt;/td&gt;
		&lt;td class="tabelatd1"&gt;0.00&lt;/td&gt;
		&lt;td class="tabelatd1"&gt;0.00&lt;/td&gt;
		&lt;td class="tabelatd1"&gt;&lt;br&gt;&lt;br&gt;&lt;/td&gt;
	&lt;/tr&gt;
	&lt;tr&gt;
		&lt;td class="tabelatd2"&gt;4-Beltrano da Silva (333.333.333-33)&lt;/td&gt;
		&lt;td class="tabelatd2"&gt;Rua Sem Fim, Número zero, Bairro Normal&lt;/td&gt;
		&lt;td class="tabelatd2"&gt;Cocal do Sul/SC&lt;/td&gt;
		&lt;td class="tabelatd2"&gt;0F&lt;/td&gt;
		&lt;td class="tabelatd2"&gt;82&lt;/td&gt;
		&lt;td class="tabelatd2"&gt;Tipo Cobranca&lt;/td&gt;
		&lt;td class="tabelatd2"&gt;10/10/2018&lt;/td&gt;
		&lt;td class="tabelatd2"&gt;110.00&lt;/td&gt;
		&lt;td class="tabelatd2"&gt;0.00&lt;/td&gt;
		&lt;td class="tabelatd2"&gt;0.00&lt;/td&gt;
		&lt;td class="tabelatd2"&gt;0.00&lt;/td&gt;
		&lt;td class="tabelatd2"&gt;&lt;br&gt;&lt;br&gt;&lt;/td&gt;
	&lt;/tr&gt;
	&lt;tr&gt;
		&lt;td class="tabelatd1"&gt;4-Beltrano da Silva (333.333.333-33)&lt;/td&gt;
		&lt;td class="tabelatd1"&gt;Rua Sem Fim, Número zero, Bairro Normal&lt;/td&gt;
		&lt;td class="tabelatd1"&gt;Cocal do Sul/SC&lt;/td&gt;
		&lt;td class="tabelatd1"&gt;0F&lt;/td&gt;
		&lt;td class="tabelatd1"&gt;98&lt;/td&gt;
		&lt;td class="tabelatd1"&gt;Tipo Cobranca&lt;/td&gt;
		&lt;td class="tabelatd1"&gt;10/10/2018&lt;/td&gt;
		&lt;td class="tabelatd1"&gt;110.00&lt;/td&gt;
		&lt;td class="tabelatd1"&gt;0.00&lt;/td&gt;
		&lt;td class="tabelatd1"&gt;0.00&lt;/td&gt;
		&lt;td class="tabelatd1"&gt;0.00&lt;/td&gt;
		&lt;td class="tabelatd1"&gt;&lt;br&gt;&lt;br&gt;&lt;/td&gt;
	&lt;/tr&gt;
	&lt;tr&gt;
		&lt;td class="tabelatd2"&gt;4-Beltrano da Silva (333.333.333-33)&lt;/td&gt;
		&lt;td class="tabelatd2"&gt;Rua Sem Fim, Número zero, Bairro Normal&lt;/td&gt;
		&lt;td class="tabelatd2"&gt;Cocal do Sul/SC&lt;/td&gt;
		&lt;td class="tabelatd2"&gt;0F&lt;/td&gt;
		&lt;td class="tabelatd2"&gt;125&lt;/td&gt;
		&lt;td class="tabelatd2"&gt;Tipo Cobranca&lt;/td&gt;
		&lt;td class="tabelatd2"&gt;10/10/2018&lt;/td&gt;
		&lt;td class="tabelatd2"&gt;110.00&lt;/td&gt;
		&lt;td class="tabelatd2"&gt;0.00&lt;/td&gt;
		&lt;td class="tabelatd2"&gt;0.00&lt;/td&gt;
		&lt;td class="tabelatd2"&gt;0.00&lt;/td&gt;
		&lt;td class="tabelatd2"&gt;&lt;br&gt;&lt;br&gt;&lt;/td&gt;
	&lt;/tr&gt;
	&lt;tr&gt;
		&lt;td class="tabelatd1"&gt;4-Beltrano da Silva (333.333.333-33)&lt;/td&gt;
		&lt;td class="tabelatd1"&gt;Rua Sem Fim, Número zero, Bairro Normal&lt;/td&gt;
		&lt;td class="tabelatd1"&gt;Cocal do Sul/SC&lt;/td&gt;
		&lt;td class="tabelatd1"&gt;0F&lt;/td&gt;
		&lt;td class="tabelatd1"&gt;149&lt;/td&gt;
		&lt;td class="tabelatd1"&gt;Tipo Cobranca&lt;/td&gt;
		&lt;td class="tabelatd1"&gt;10/10/2018&lt;/td&gt;
		&lt;td class="tabelatd1"&gt;110.00&lt;/td&gt;
		&lt;td class="tabelatd1"&gt;0.00&lt;/td&gt;
		&lt;td class="tabelatd1"&gt;0.00&lt;/td&gt;
		&lt;td class="tabelatd1"&gt;0.00&lt;/td&gt;
		&lt;td class="tabelatd1"&gt;&lt;br&gt;&lt;br&gt;&lt;/td&gt;
	&lt;/tr&gt;
	&lt;tr&gt;
		&lt;td class="tabelatd2"&gt;4-Beltrano da Silva (333.333.333-33)&lt;/td&gt;
		&lt;td class="tabelatd2"&gt;Rua Sem Fim, Número zero, Bairro Normal&lt;/td&gt;
		&lt;td class="tabelatd2"&gt;Cocal do Sul/SC&lt;/td&gt;
		&lt;td class="tabelatd2"&gt;0F&lt;/td&gt;
		&lt;td class="tabelatd2"&gt;169&lt;/td&gt;
		&lt;td class="tabelatd2"&gt;Tipo Cobranca&lt;/td&gt;
		&lt;td class="tabelatd2"&gt;10/10/2018&lt;/td&gt;
		&lt;td class="tabelatd2"&gt;110.00&lt;/td&gt;
		&lt;td class="tabelatd2"&gt;0.00&lt;/td&gt;
		&lt;td class="tabelatd2"&gt;0.00&lt;/td&gt;
		&lt;td class="tabelatd2"&gt;0.00&lt;/td&gt;
		&lt;td class="tabelatd2"&gt;&lt;br&gt;&lt;br&gt;&lt;/td&gt;
	&lt;/tr&gt;
	&lt;tr&gt;
		&lt;td class="tabelatd1"&gt;4-Beltrano da Silva (333.333.333-33)&lt;/td&gt;
		&lt;td class="tabelatd1"&gt;Rua Sem Fim, Número zero, Bairro Normal&lt;/td&gt;
		&lt;td class="tabelatd1"&gt;Cocal do Sul/SC&lt;/td&gt;
		&lt;td class="tabelatd1"&gt;0F&lt;/td&gt;
		&lt;td class="tabelatd1"&gt;189&lt;/td&gt;
		&lt;td class="tabelatd1"&gt;Tipo Cobranca&lt;/td&gt;
		&lt;td class="tabelatd1"&gt;10/10/2018&lt;/td&gt;
		&lt;td class="tabelatd1"&gt;110.00&lt;/td&gt;
		&lt;td class="tabelatd1"&gt;0.00&lt;/td&gt;
		&lt;td class="tabelatd1"&gt;0.00&lt;/td&gt;
		&lt;td class="tabelatd1"&gt;0.00&lt;/td&gt;
		&lt;td class="tabelatd1"&gt;&lt;br&gt;&lt;br&gt;&lt;/td&gt;
	&lt;/tr&gt;
	&lt;tr&gt;
		&lt;td class="tabelatd2"&gt;4-Beltrano da Silva (333.333.333-33)&lt;/td&gt;
		&lt;td class="tabelatd2"&gt;Rua Sem Fim, Número zero, Bairro Normal&lt;/td&gt;
		&lt;td class="tabelatd2"&gt;Cocal do Sul/SC&lt;/td&gt;
		&lt;td class="tabelatd2"&gt;0F&lt;/td&gt;
		&lt;td class="tabelatd2"&gt;209&lt;/td&gt;
		&lt;td class="tabelatd2"&gt;Tipo Cobranca&lt;/td&gt;
		&lt;td class="tabelatd2"&gt;10/10/2018&lt;/td&gt;
		&lt;td class="tabelatd2"&gt;110.00&lt;/td&gt;
		&lt;td class="tabelatd2"&gt;0.00&lt;/td&gt;
		&lt;td class="tabelatd2"&gt;0.00&lt;/td&gt;
		&lt;td class="tabelatd2"&gt;0.00&lt;/td&gt;
		&lt;td class="tabelatd2"&gt;&lt;br&gt;&lt;br&gt;&lt;/td&gt;
	&lt;/tr&gt;
	&lt;tr&gt;
		&lt;td class="tabelatd1"&gt;4-Beltrano da Silva (333.333.333-33)&lt;/td&gt;
		&lt;td class="tabelatd1"&gt;Rua Sem Fim, Número zero, Bairro Normal&lt;/td&gt;
		&lt;td class="tabelatd1"&gt;Cocal do Sul/SC&lt;/td&gt;
		&lt;td class="tabelatd1"&gt;0F&lt;/td&gt;
		&lt;td class="tabelatd1"&gt;232&lt;/td&gt;
		&lt;td class="tabelatd1"&gt;Tipo Cobranca&lt;/td&gt;
		&lt;td class="tabelatd1"&gt;10/10/2018&lt;/td&gt;
		&lt;td class="tabelatd1"&gt;110.00&lt;/td&gt;
		&lt;td class="tabelatd1"&gt;0.00&lt;/td&gt;
		&lt;td class="tabelatd1"&gt;0.00&lt;/td&gt;
		&lt;td class="tabelatd1"&gt;0.00&lt;/td&gt;
		&lt;td class="tabelatd1"&gt;&lt;br&gt;&lt;br&gt;&lt;/td&gt;
	&lt;/tr&gt;
	&lt;tr&gt;
		&lt;td class="tabelatd2"&gt;4-Beltrano da Silva (333.333.333-33)&lt;/td&gt;
		&lt;td class="tabelatd2"&gt;Rua Sem Fim, Número zero, Bairro Normal&lt;/td&gt;
		&lt;td class="tabelatd2"&gt;Cocal do Sul/SC&lt;/td&gt;
		&lt;td class="tabelatd2"&gt;0F&lt;/td&gt;
		&lt;td class="tabelatd2"&gt;255&lt;/td&gt;
		&lt;td class="tabelatd2"&gt;Tipo Cobranca&lt;/td&gt;
		&lt;td class="tabelatd2"&gt;10/10/2018&lt;/td&gt;
		&lt;td class="tabelatd2"&gt;110.00&lt;/td&gt;
		&lt;td class="tabelatd2"&gt;0.00&lt;/td&gt;
		&lt;td class="tabelatd2"&gt;0.00&lt;/td&gt;
		&lt;td class="tabelatd2"&gt;0.00&lt;/td&gt;
		&lt;td class="tabelatd2"&gt;&lt;br&gt;&lt;br&gt;&lt;/td&gt;
	&lt;/tr&gt;
	&lt;tr&gt;
		&lt;td class="tabelatd1"&gt;4-Beltrano da Silva (333.333.333-33)&lt;/td&gt;
		&lt;td class="tabelatd1"&gt;Rua Sem Fim, Número zero, Bairro Normal&lt;/td&gt;
		&lt;td class="tabelatd1"&gt;Cocal do Sul/SC&lt;/td&gt;
		&lt;td class="tabelatd1"&gt;0F&lt;/td&gt;
		&lt;td class="tabelatd1"&gt;280&lt;/td&gt;
		&lt;td class="tabelatd1"&gt;Tipo Cobranca&lt;/td&gt;
		&lt;td class="tabelatd1"&gt;10/10/2018&lt;/td&gt;
		&lt;td class="tabelatd1"&gt;110.00&lt;/td&gt;
		&lt;td class="tabelatd1"&gt;0.00&lt;/td&gt;
		&lt;td class="tabelatd1"&gt;0.00&lt;/td&gt;
		&lt;td class="tabelatd1"&gt;0.00&lt;/td&gt;
		&lt;td class="tabelatd1"&gt;&lt;br&gt;&lt;br&gt;&lt;/td&gt;
	&lt;/tr&gt;
	&lt;tr&gt;
		&lt;td class="tabelatd2"&gt;4-Beltrano da Silva (333.333.333-33)&lt;/td&gt;
		&lt;td class="tabelatd2"&gt;Rua Sem Fim, Número zero, Bairro Normal&lt;/td&gt;
		&lt;td class="tabelatd2"&gt;Cocal do Sul/SC&lt;/td&gt;
		&lt;td class="tabelatd2"&gt;0F&lt;/td&gt;
		&lt;td class="tabelatd2"&gt;307&lt;/td&gt;
		&lt;td class="tabelatd2"&gt;Tipo Cobranca&lt;/td&gt;
		&lt;td class="tabelatd2"&gt;10/10/2018&lt;/td&gt;
		&lt;td class="tabelatd2"&gt;110.00&lt;/td&gt;
		&lt;td class="tabelatd2"&gt;0.00&lt;/td&gt;
		&lt;td class="tabelatd2"&gt;0.00&lt;/td&gt;
		&lt;td class="tabelatd2"&gt;0.00&lt;/td&gt;
		&lt;td class="tabelatd2"&gt;&lt;br&gt;&lt;br&gt;&lt;/td&gt;
	&lt;/tr&gt;
	&lt;tr&gt;
		&lt;td class="tabelatd1"&gt;4-Beltrano da Silva (333.333.333-33)&lt;/td&gt;
		&lt;td class="tabelatd1"&gt;Rua Sem Fim, Número zero, Bairro Normal&lt;/td&gt;
		&lt;td class="tabelatd1"&gt;Cocal do Sul/SC&lt;/td&gt;
		&lt;td class="tabelatd1"&gt;0F&lt;/td&gt;
		&lt;td class="tabelatd1"&gt;336&lt;/td&gt;
		&lt;td class="tabelatd1"&gt;Tipo Cobranca&lt;/td&gt;
		&lt;td class="tabelatd1"&gt;10/10/2018&lt;/td&gt;
		&lt;td class="tabelatd1"&gt;110.00&lt;/td&gt;
		&lt;td class="tabelatd1"&gt;0.00&lt;/td&gt;
		&lt;td class="tabelatd1"&gt;0.00&lt;/td&gt;
		&lt;td class="tabelatd1"&gt;0.00&lt;/td&gt;
		&lt;td class="tabelatd1"&gt;&lt;br&gt;&lt;br&gt;&lt;/td&gt;
	&lt;/tr&gt;
	&lt;tr&gt;
		&lt;td class="tabelatd2"&gt;4-Beltrano da Silva (333.333.333-33)&lt;/td&gt;
		&lt;td class="tabelatd2"&gt;Rua Sem Fim, Número zero, Bairro Normal&lt;/td&gt;
		&lt;td class="tabelatd2"&gt;Cocal do Sul/SC&lt;/td&gt;
		&lt;td class="tabelatd2"&gt;0F&lt;/td&gt;
		&lt;td class="tabelatd2"&gt;367&lt;/td&gt;
		&lt;td class="tabelatd2"&gt;Tipo Cobranca&lt;/td&gt;
		&lt;td class="tabelatd2"&gt;10/10/2018&lt;/td&gt;
		&lt;td class="tabelatd2"&gt;110.00&lt;/td&gt;
		&lt;td class="tabelatd2"&gt;0.00&lt;/td&gt;
		&lt;td class="tabelatd2"&gt;0.00&lt;/td&gt;
		&lt;td class="tabelatd2"&gt;0.00&lt;/td&gt;
		&lt;td class="tabelatd2"&gt;&lt;br&gt;&lt;br&gt;&lt;/td&gt;
	&lt;/tr&gt;
	&lt;tr&gt;
		&lt;td class="tabelatd1"&gt;4-Beltrano da Silva (333.333.333-33)&lt;/td&gt;
		&lt;td class="tabelatd1"&gt;Rua Sem Fim, Número zero, Bairro Normal&lt;/td&gt;
		&lt;td class="tabelatd1"&gt;Cocal do Sul/SC&lt;/td&gt;
		&lt;td class="tabelatd1"&gt;0F&lt;/td&gt;
		&lt;td class="tabelatd1"&gt;400&lt;/td&gt;
		&lt;td class="tabelatd1"&gt;Tipo Cobranca&lt;/td&gt;
		&lt;td class="tabelatd1"&gt;10/10/2018&lt;/td&gt;
		&lt;td class="tabelatd1"&gt;110.00&lt;/td&gt;
		&lt;td class="tabelatd1"&gt;0.00&lt;/td&gt;
		&lt;td class="tabelatd1"&gt;0.00&lt;/td&gt;
		&lt;td class="tabelatd1"&gt;0.00&lt;/td&gt;
		&lt;td class="tabelatd1"&gt;&lt;br&gt;&lt;br&gt;&lt;/td&gt;
	&lt;/tr&gt;
	&lt;tr&gt;
		&lt;td class="tabelatd2"&gt;4-Beltrano da Silva (333.333.333-33)&lt;/td&gt;
		&lt;td class="tabelatd2"&gt;Rua Sem Fim, Número zero, Bairro Normal&lt;/td&gt;
		&lt;td class="tabelatd2"&gt;Cocal do Sul/SC&lt;/td&gt;
		&lt;td class="tabelatd2"&gt;0F&lt;/td&gt;
		&lt;td class="tabelatd2"&gt;435&lt;/td&gt;
		&lt;td class="tabelatd2"&gt;Tipo Cobranca&lt;/td&gt;
		&lt;td class="tabelatd2"&gt;10/10/2018&lt;/td&gt;
		&lt;td class="tabelatd2"&gt;110.00&lt;/td&gt;
		&lt;td class="tabelatd2"&gt;0.00&lt;/td&gt;
		&lt;td class="tabelatd2"&gt;0.00&lt;/td&gt;
		&lt;td class="tabelatd2"&gt;0.00&lt;/td&gt;
		&lt;td class="tabelatd2"&gt;&lt;br&gt;&lt;br&gt;&lt;/td&gt;
	&lt;/tr&gt;
	&lt;tr&gt;
		&lt;td class="tabelatd1"&gt;4-Beltrano da Silva (333.333.333-33)&lt;/td&gt;
		&lt;td class="tabelatd1"&gt;Rua Sem Fim, Número zero, Bairro Normal&lt;/td&gt;
		&lt;td class="tabelatd1"&gt;Cocal do Sul/SC&lt;/td&gt;
		&lt;td class="tabelatd1"&gt;0F&lt;/td&gt;
		&lt;td class="tabelatd1"&gt;31&lt;/td&gt;
		&lt;td class="tabelatd1"&gt;Tipo Cobranca&lt;/td&gt;
		&lt;td class="tabelatd1"&gt;11/10/2018&lt;/td&gt;
		&lt;td class="tabelatd1"&gt;110.00&lt;/td&gt;
		&lt;td class="tabelatd1"&gt;0.00&lt;/td&gt;
		&lt;td class="tabelatd1"&gt;0.00&lt;/td&gt;
		&lt;td class="tabelatd1"&gt;0.00&lt;/td&gt;
		&lt;td class="tabelatd1"&gt;&lt;br&gt;&lt;br&gt;&lt;/td&gt;
	&lt;/tr&gt;
	&lt;tr&gt;
		&lt;td class="tabelatd2"&gt;4-Beltrano da Silva (333.333.333-33)&lt;/td&gt;
		&lt;td class="tabelatd2"&gt;Rua Sem Fim, Número zero, Bairro Normal&lt;/td&gt;
		&lt;td class="tabelatd2"&gt;Cocal do Sul/SC&lt;/td&gt;
		&lt;td class="tabelatd2"&gt;0F&lt;/td&gt;
		&lt;td class="tabelatd2"&gt;38&lt;/td&gt;
		&lt;td class="tabelatd2"&gt;Tipo Cobranca&lt;/td&gt;
		&lt;td class="tabelatd2"&gt;11/10/2018&lt;/td&gt;
		&lt;td class="tabelatd2"&gt;110.00&lt;/td&gt;
		&lt;td class="tabelatd2"&gt;0.00&lt;/td&gt;
		&lt;td class="tabelatd2"&gt;0.00&lt;/td&gt;
		&lt;td class="tabelatd2"&gt;0.00&lt;/td&gt;
		&lt;td class="tabelatd2"&gt;&lt;br&gt;&lt;br&gt;&lt;/td&gt;
	&lt;/tr&gt;
	&lt;tr&gt;
		&lt;td class="tabelatd1"&gt;4-Beltrano da Silva (333.333.333-33)&lt;/td&gt;
		&lt;td class="tabelatd1"&gt;Rua Sem Fim, Número zero, Bairro Normal&lt;/td&gt;
		&lt;td class="tabelatd1"&gt;Cocal do Sul/SC&lt;/td&gt;
		&lt;td class="tabelatd1"&gt;0F&lt;/td&gt;
		&lt;td class="tabelatd1"&gt;47&lt;/td&gt;
		&lt;td class="tabelatd1"&gt;Tipo Cobranca&lt;/td&gt;
		&lt;td class="tabelatd1"&gt;11/10/2018&lt;/td&gt;
		&lt;td class="tabelatd1"&gt;110.00&lt;/td&gt;
		&lt;td class="tabelatd1"&gt;0.00&lt;/td&gt;
		&lt;td class="tabelatd1"&gt;0.00&lt;/td&gt;
		&lt;td class="tabelatd1"&gt;0.00&lt;/td&gt;
		&lt;td class="tabelatd1"&gt;&lt;br&gt;&lt;br&gt;&lt;/td&gt;
	&lt;/tr&gt;
	&lt;tr&gt;
		&lt;td class="tabelatd2"&gt;4-Beltrano da Silva (333.333.333-33)&lt;/td&gt;
		&lt;td class="tabelatd2"&gt;Rua Sem Fim, Número zero, Bairro Normal&lt;/td&gt;
		&lt;td class="tabelatd2"&gt;Cocal do Sul/SC&lt;/td&gt;
		&lt;td class="tabelatd2"&gt;0F&lt;/td&gt;
		&lt;td class="tabelatd2"&gt;59&lt;/td&gt;
		&lt;td class="tabelatd2"&gt;Tipo Cobranca&lt;/td&gt;
		&lt;td class="tabelatd2"&gt;11/10/2018&lt;/td&gt;
		&lt;td class="tabelatd2"&gt;110.00&lt;/td&gt;
		&lt;td class="tabelatd2"&gt;0.00&lt;/td&gt;
		&lt;td class="tabelatd2"&gt;0.00&lt;/td&gt;
		&lt;td class="tabelatd2"&gt;0.00&lt;/td&gt;
		&lt;td class="tabelatd2"&gt;&lt;br&gt;&lt;br&gt;&lt;/td&gt;
	&lt;/tr&gt;
	&lt;tr&gt;
		&lt;td class="tabelatd1"&gt;4-Beltrano da Silva (333.333.333-33)&lt;/td&gt;
		&lt;td class="tabelatd1"&gt;Rua Sem Fim, Número zero, Bairro Normal&lt;/td&gt;
		&lt;td class="tabelatd1"&gt;Cocal do Sul/SC&lt;/td&gt;
		&lt;td class="tabelatd1"&gt;0F&lt;/td&gt;
		&lt;td class="tabelatd1"&gt;73&lt;/td&gt;
		&lt;td class="tabelatd1"&gt;Tipo Cobranca&lt;/td&gt;
		&lt;td class="tabelatd1"&gt;11/10/2018&lt;/td&gt;
		&lt;td class="tabelatd1"&gt;110.00&lt;/td&gt;
		&lt;td class="tabelatd1"&gt;0.00&lt;/td&gt;
		&lt;td class="tabelatd1"&gt;0.00&lt;/td&gt;
		&lt;td class="tabelatd1"&gt;0.00&lt;/td&gt;
		&lt;td class="tabelatd1"&gt;&lt;br&gt;&lt;br&gt;&lt;/td&gt;
	&lt;/tr&gt;
	&lt;tr&gt;
		&lt;td class="tabelatd2"&gt;4-Beltrano da Silva (333.333.333-33)&lt;/td&gt;
		&lt;td class="tabelatd2"&gt;Rua Sem Fim, Número zero, Bairro Normal&lt;/td&gt;
		&lt;td class="tabelatd2"&gt;Cocal do Sul/SC&lt;/td&gt;
		&lt;td class="tabelatd2"&gt;0F&lt;/td&gt;
		&lt;td class="tabelatd2"&gt;89&lt;/td&gt;
		&lt;td class="tabelatd2"&gt;Tipo Cobranca&lt;/td&gt;
		&lt;td class="tabelatd2"&gt;11/10/2018&lt;/td&gt;
		&lt;td class="tabelatd2"&gt;110.00&lt;/td&gt;
		&lt;td class="tabelatd2"&gt;0.00&lt;/td&gt;
		&lt;td class="tabelatd2"&gt;0.00&lt;/td&gt;
		&lt;td class="tabelatd2"&gt;0.00&lt;/td&gt;
		&lt;td class="tabelatd2"&gt;&lt;br&gt;&lt;br&gt;&lt;/td&gt;
	&lt;/tr&gt;
	&lt;tr&gt;
		&lt;td class="tabelatd1"&gt;4-Beltrano da Silva (333.333.333-33)&lt;/td&gt;
		&lt;td class="tabelatd1"&gt;Rua Sem Fim, Número zero, Bairro Normal&lt;/td&gt;
		&lt;td class="tabelatd1"&gt;Cocal do Sul/SC&lt;/td&gt;
		&lt;td class="tabelatd1"&gt;0F&lt;/td&gt;
		&lt;td class="tabelatd1"&gt;105&lt;/td&gt;
		&lt;td class="tabelatd1"&gt;Tipo Cobranca&lt;/td&gt;
		&lt;td class="tabelatd1"&gt;11/10/2018&lt;/td&gt;
		&lt;td class="tabelatd1"&gt;110.00&lt;/td&gt;
		&lt;td class="tabelatd1"&gt;0.00&lt;/td&gt;
		&lt;td class="tabelatd1"&gt;0.00&lt;/td&gt;
		&lt;td class="tabelatd1"&gt;0.00&lt;/td&gt;
		&lt;td class="tabelatd1"&gt;&lt;br&gt;&lt;br&gt;&lt;/td&gt;
	&lt;/tr&gt;
	&lt;tr&gt;
		&lt;td class="tabelatd2"&gt;4-Beltrano da Silva (333.333.333-33)&lt;/td&gt;
		&lt;td class="tabelatd2"&gt;Rua Sem Fim, Número zero, Bairro Normal&lt;/td&gt;
		&lt;td class="tabelatd2"&gt;Cocal do Sul/SC&lt;/td&gt;
		&lt;td class="tabelatd2"&gt;0F&lt;/td&gt;
		&lt;td class="tabelatd2"&gt;133&lt;/td&gt;
		&lt;td class="tabelatd2"&gt;Tipo Cobranca&lt;/td&gt;
		&lt;td class="tabelatd2"&gt;11/10/2018&lt;/td&gt;
		&lt;td class="tabelatd2"&gt;110.00&lt;/td&gt;
		&lt;td class="tabelatd2"&gt;0.00&lt;/td&gt;
		&lt;td class="tabelatd2"&gt;0.00&lt;/td&gt;
		&lt;td class="tabelatd2"&gt;0.00&lt;/td&gt;
		&lt;td class="tabelatd2"&gt;&lt;br&gt;&lt;br&gt;&lt;/td&gt;
	&lt;/tr&gt;
	&lt;tr&gt;
		&lt;td class="tabelatd1"&gt;4-Beltrano da Silva (333.333.333-33)&lt;/td&gt;
		&lt;td class="tabelatd1"&gt;Rua Sem Fim, Número zero, Bairro Normal&lt;/td&gt;
		&lt;td class="tabelatd1"&gt;Cocal do Sul/SC&lt;/td&gt;
		&lt;td class="tabelatd1"&gt;0F&lt;/td&gt;
		&lt;td class="tabelatd1"&gt;158&lt;/td&gt;
		&lt;td class="tabelatd1"&gt;Tipo Cobranca&lt;/td&gt;
		&lt;td class="tabelatd1"&gt;11/10/2018&lt;/td&gt;
		&lt;td class="tabelatd1"&gt;110.00&lt;/td&gt;
		&lt;td class="tabelatd1"&gt;0.00&lt;/td&gt;
		&lt;td class="tabelatd1"&gt;0.00&lt;/td&gt;
		&lt;td class="tabelatd1"&gt;0.00&lt;/td&gt;
		&lt;td class="tabelatd1"&gt;&lt;br&gt;&lt;br&gt;&lt;/td&gt;
	&lt;/tr&gt;
	&lt;tr&gt;
		&lt;td class="tabelatd2"&gt;4-Beltrano da Silva (333.333.333-33)&lt;/td&gt;
		&lt;td class="tabelatd2"&gt;Rua Sem Fim, Número zero, Bairro Normal&lt;/td&gt;
		&lt;td class="tabelatd2"&gt;Cocal do Sul/SC&lt;/td&gt;
		&lt;td class="tabelatd2"&gt;0F&lt;/td&gt;
		&lt;td class="tabelatd2"&gt;178&lt;/td&gt;
		&lt;td class="tabelatd2"&gt;Tipo Cobranca&lt;/td&gt;
		&lt;td class="tabelatd2"&gt;11/10/2018&lt;/td&gt;
		&lt;td class="tabelatd2"&gt;110.00&lt;/td&gt;
		&lt;td class="tabelatd2"&gt;0.00&lt;/td&gt;
		&lt;td class="tabelatd2"&gt;0.00&lt;/td&gt;
		&lt;td class="tabelatd2"&gt;0.00&lt;/td&gt;
		&lt;td class="tabelatd2"&gt;&lt;br&gt;&lt;br&gt;&lt;/td&gt;
	&lt;/tr&gt;
	&lt;tr&gt;
		&lt;td class="tabelatd1"&gt;4-Beltrano da Silva (333.333.333-33)&lt;/td&gt;
		&lt;td class="tabelatd1"&gt;Rua Sem Fim, Número zero, Bairro Normal&lt;/td&gt;
		&lt;td class="tabelatd1"&gt;Cocal do Sul/SC&lt;/td&gt;
		&lt;td class="tabelatd1"&gt;0F&lt;/td&gt;
		&lt;td class="tabelatd1"&gt;198&lt;/td&gt;
		&lt;td class="tabelatd1"&gt;Tipo Cobranca&lt;/td&gt;
		&lt;td class="tabelatd1"&gt;11/10/2018&lt;/td&gt;
		&lt;td class="tabelatd1"&gt;110.00&lt;/td&gt;
		&lt;td class="tabelatd1"&gt;0.00&lt;/td&gt;
		&lt;td class="tabelatd1"&gt;0.00&lt;/td&gt;
		&lt;td class="tabelatd1"&gt;0.00&lt;/td&gt;
		&lt;td class="tabelatd1"&gt;&lt;br&gt;&lt;br&gt;&lt;/td&gt;
	&lt;/tr&gt;
	&lt;tr&gt;
		&lt;td class="tabelatd2"&gt;4-Beltrano da Silva (333.333.333-33)&lt;/td&gt;
		&lt;td class="tabelatd2"&gt;Rua Sem Fim, Número zero, Bairro Normal&lt;/td&gt;
		&lt;td class="tabelatd2"&gt;Cocal do Sul/SC&lt;/td&gt;
		&lt;td class="tabelatd2"&gt;0F&lt;/td&gt;
		&lt;td class="tabelatd2"&gt;218&lt;/td&gt;
		&lt;td class="tabelatd2"&gt;Tipo Cobranca&lt;/td&gt;
		&lt;td class="tabelatd2"&gt;11/10/2018&lt;/td&gt;
		&lt;td class="tabelatd2"&gt;110.00&lt;/td&gt;
		&lt;td class="tabelatd2"&gt;0.00&lt;/td&gt;
		&lt;td class="tabelatd2"&gt;0.00&lt;/td&gt;
		&lt;td class="tabelatd2"&gt;0.00&lt;/td&gt;
		&lt;td class="tabelatd2"&gt;&lt;br&gt;&lt;br&gt;&lt;/td&gt;
	&lt;/tr&gt;
	&lt;tr&gt;
		&lt;td class="tabelatd1"&gt;4-Beltrano da Silva (333.333.333-33)&lt;/td&gt;
		&lt;td class="tabelatd1"&gt;Rua Sem Fim, Número zero, Bairro Normal&lt;/td&gt;
		&lt;td class="tabelatd1"&gt;Cocal do Sul/SC&lt;/td&gt;
		&lt;td class="tabelatd1"&gt;0F&lt;/td&gt;
		&lt;td class="tabelatd1"&gt;242&lt;/td&gt;
		&lt;td class="tabelatd1"&gt;Tipo Cobranca&lt;/td&gt;
		&lt;td class="tabelatd1"&gt;11/10/2018&lt;/td&gt;
		&lt;td class="tabelatd1"&gt;110.00&lt;/td&gt;
		&lt;td class="tabelatd1"&gt;0.00&lt;/td&gt;
		&lt;td class="tabelatd1"&gt;0.00&lt;/td&gt;
		&lt;td class="tabelatd1"&gt;0.00&lt;/td&gt;
		&lt;td class="tabelatd1"&gt;&lt;br&gt;&lt;br&gt;&lt;/td&gt;
	&lt;/tr&gt;
	&lt;tr&gt;
		&lt;td class="tabelatd2"&gt;4-Beltrano da Silva (333.333.333-33)&lt;/td&gt;
		&lt;td class="tabelatd2"&gt;Rua Sem Fim, Número zero, Bairro Normal&lt;/td&gt;
		&lt;td class="tabelatd2"&gt;Cocal do Sul/SC&lt;/td&gt;
		&lt;td class="tabelatd2"&gt;0F&lt;/td&gt;
		&lt;td class="tabelatd2"&gt;266&lt;/td&gt;
		&lt;td class="tabelatd2"&gt;Tipo Cobranca&lt;/td&gt;
		&lt;td class="tabelatd2"&gt;11/10/2018&lt;/td&gt;
		&lt;td class="tabelatd2"&gt;110.00&lt;/td&gt;
		&lt;td class="tabelatd2"&gt;0.00&lt;/td&gt;
		&lt;td class="tabelatd2"&gt;0.00&lt;/td&gt;
		&lt;td class="tabelatd2"&gt;0.00&lt;/td&gt;
		&lt;td class="tabelatd2"&gt;&lt;br&gt;&lt;br&gt;&lt;/td&gt;
	&lt;/tr&gt;
	&lt;tr&gt;
		&lt;td class="tabelatd1"&gt;4-Beltrano da Silva (333.333.333-33)&lt;/td&gt;
		&lt;td class="tabelatd1"&gt;Rua Sem Fim, Número zero, Bairro Normal&lt;/td&gt;
		&lt;td class="tabelatd1"&gt;Cocal do Sul/SC&lt;/td&gt;
		&lt;td class="tabelatd1"&gt;0F&lt;/td&gt;
		&lt;td class="tabelatd1"&gt;292&lt;/td&gt;
		&lt;td class="tabelatd1"&gt;Tipo Cobranca&lt;/td&gt;
		&lt;td class="tabelatd1"&gt;11/10/2018&lt;/td&gt;
		&lt;td class="tabelatd1"&gt;110.00&lt;/td&gt;
		&lt;td class="tabelatd1"&gt;0.00&lt;/td&gt;
		&lt;td class="tabelatd1"&gt;0.00&lt;/td&gt;
		&lt;td class="tabelatd1"&gt;0.00&lt;/td&gt;
		&lt;td class="tabelatd1"&gt;&lt;br&gt;&lt;br&gt;&lt;/td&gt;
	&lt;/tr&gt;
	&lt;tr&gt;
		&lt;td class="tabelatd2"&gt;4-Beltrano da Silva (333.333.333-33)&lt;/td&gt;
		&lt;td class="tabelatd2"&gt;Rua Sem Fim, Número zero, Bairro Normal&lt;/td&gt;
		&lt;td class="tabelatd2"&gt;Cocal do Sul/SC&lt;/td&gt;
		&lt;td class="tabelatd2"&gt;0F&lt;/td&gt;
		&lt;td class="tabelatd2"&gt;320&lt;/td&gt;
		&lt;td class="tabelatd2"&gt;Tipo Cobranca&lt;/td&gt;
		&lt;td class="tabelatd2"&gt;11/10/2018&lt;/td&gt;
		&lt;td class="tabelatd2"&gt;110.00&lt;/td&gt;
		&lt;td class="tabelatd2"&gt;0.00&lt;/td&gt;
		&lt;td class="tabelatd2"&gt;0.00&lt;/td&gt;
		&lt;td class="tabelatd2"&gt;0.00&lt;/td&gt;
		&lt;td class="tabelatd2"&gt;&lt;br&gt;&lt;br&gt;&lt;/td&gt;
	&lt;/tr&gt;
	&lt;tr&gt;
		&lt;td class="tabelatd1"&gt;4-Beltrano da Silva (333.333.333-33)&lt;/td&gt;
		&lt;td class="tabelatd1"&gt;Rua Sem Fim, Número zero, Bairro Normal&lt;/td&gt;
		&lt;td class="tabelatd1"&gt;Cocal do Sul/SC&lt;/td&gt;
		&lt;td class="tabelatd1"&gt;0F&lt;/td&gt;
		&lt;td class="tabelatd1"&gt;350&lt;/td&gt;
		&lt;td class="tabelatd1"&gt;Tipo Cobranca&lt;/td&gt;
		&lt;td class="tabelatd1"&gt;11/10/2018&lt;/td&gt;
		&lt;td class="tabelatd1"&gt;110.00&lt;/td&gt;
		&lt;td class="tabelatd1"&gt;0.00&lt;/td&gt;
		&lt;td class="tabelatd1"&gt;0.00&lt;/td&gt;
		&lt;td class="tabelatd1"&gt;0.00&lt;/td&gt;
		&lt;td class="tabelatd1"&gt;&lt;br&gt;&lt;br&gt;&lt;/td&gt;
	&lt;/tr&gt;
	&lt;tr&gt;
		&lt;td class="tabelatd2"&gt;4-Beltrano da Silva (333.333.333-33)&lt;/td&gt;
		&lt;td class="tabelatd2"&gt;Rua Sem Fim, Número zero, Bairro Normal&lt;/td&gt;
		&lt;td class="tabelatd2"&gt;Cocal do Sul/SC&lt;/td&gt;
		&lt;td class="tabelatd2"&gt;0F&lt;/td&gt;
		&lt;td class="tabelatd2"&gt;382&lt;/td&gt;
		&lt;td class="tabelatd2"&gt;Tipo Cobranca&lt;/td&gt;
		&lt;td class="tabelatd2"&gt;11/10/2018&lt;/td&gt;
		&lt;td class="tabelatd2"&gt;110.00&lt;/td&gt;
		&lt;td class="tabelatd2"&gt;0.00&lt;/td&gt;
		&lt;td class="tabelatd2"&gt;0.00&lt;/td&gt;
		&lt;td class="tabelatd2"&gt;0.00&lt;/td&gt;
		&lt;td class="tabelatd2"&gt;&lt;br&gt;&lt;br&gt;&lt;/td&gt;
	&lt;/tr&gt;
	&lt;tr&gt;
		&lt;td class="tabelatd1"&gt;4-Beltrano da Silva (333.333.333-33)&lt;/td&gt;
		&lt;td class="tabelatd1"&gt;Rua Sem Fim, Número zero, Bairro Normal&lt;/td&gt;
		&lt;td class="tabelatd1"&gt;Cocal do Sul/SC&lt;/td&gt;
		&lt;td class="tabelatd1"&gt;0F&lt;/td&gt;
		&lt;td class="tabelatd1"&gt;416&lt;/td&gt;
		&lt;td class="tabelatd1"&gt;Tipo Cobranca&lt;/td&gt;
		&lt;td class="tabelatd1"&gt;11/10/2018&lt;/td&gt;
		&lt;td class="tabelatd1"&gt;110.00&lt;/td&gt;
		&lt;td class="tabelatd1"&gt;0.00&lt;/td&gt;
		&lt;td class="tabelatd1"&gt;0.00&lt;/td&gt;
		&lt;td class="tabelatd1"&gt;0.00&lt;/td&gt;
		&lt;td class="tabelatd1"&gt;&lt;br&gt;&lt;br&gt;&lt;/td&gt;
	&lt;/tr&gt;
	&lt;tr&gt;
		&lt;td class="tabelatd2"&gt;4-Beltrano da Silva (333.333.333-33)&lt;/td&gt;
		&lt;td class="tabelatd2"&gt;Rua Sem Fim, Número zero, Bairro Normal&lt;/td&gt;
		&lt;td class="tabelatd2"&gt;Cocal do Sul/SC&lt;/td&gt;
		&lt;td class="tabelatd2"&gt;0F&lt;/td&gt;
		&lt;td class="tabelatd2"&gt;452&lt;/td&gt;
		&lt;td class="tabelatd2"&gt;Tipo Cobranca&lt;/td&gt;
		&lt;td class="tabelatd2"&gt;11/10/2018&lt;/td&gt;
		&lt;td class="tabelatd2"&gt;110.00&lt;/td&gt;
		&lt;td class="tabelatd2"&gt;0.00&lt;/td&gt;
		&lt;td class="tabelatd2"&gt;0.00&lt;/td&gt;
		&lt;td class="tabelatd2"&gt;0.00&lt;/td&gt;
		&lt;td class="tabelatd2"&gt;&lt;br&gt;&lt;br&gt;&lt;/td&gt;
	&lt;/tr&gt;
	&lt;tr&gt;
		&lt;td class="tabelatd1"&gt;3-Cicrano de Tal (222.222.222-22)&lt;/td&gt;
		&lt;td class="tabelatd1"&gt;Rua Amauri Dal Pont, 88&lt;/td&gt;
		&lt;td class="tabelatd1"&gt;Criciúma/SC&lt;/td&gt;
		&lt;td class="tabelatd1"&gt;23F&lt;/td&gt;
		&lt;td class="tabelatd1"&gt;9&lt;/td&gt;
		&lt;td class="tabelatd1"&gt;Tipo Cobranca&lt;/td&gt;
		&lt;td class="tabelatd1"&gt;10/10/2018&lt;/td&gt;
		&lt;td class="tabelatd1"&gt;110.00&lt;/td&gt;
		&lt;td class="tabelatd1"&gt;0.00&lt;/td&gt;
		&lt;td class="tabelatd1"&gt;0.00&lt;/td&gt;
		&lt;td class="tabelatd1"&gt;0.00&lt;/td&gt;
		&lt;td class="tabelatd1"&gt;&lt;br&gt;&lt;br&gt;&lt;/td&gt;
	&lt;/tr&gt;
	&lt;tr&gt;
		&lt;td class="tabelatd2"&gt;3-Cicrano de Tal (222.222.222-22)&lt;/td&gt;
		&lt;td class="tabelatd2"&gt;Rua Amauri Dal Pont, 88&lt;/td&gt;
		&lt;td class="tabelatd2"&gt;Criciúma/SC&lt;/td&gt;
		&lt;td class="tabelatd2"&gt;23F&lt;/td&gt;
		&lt;td class="tabelatd2"&gt;13&lt;/td&gt;
		&lt;td class="tabelatd2"&gt;Tipo Cobranca&lt;/td&gt;
		&lt;td class="tabelatd2"&gt;10/10/2018&lt;/td&gt;
		&lt;td class="tabelatd2"&gt;110.00&lt;/td&gt;
		&lt;td class="tabelatd2"&gt;0.00&lt;/td&gt;
		&lt;td class="tabelatd2"&gt;0.00&lt;/td&gt;
		&lt;td class="tabelatd2"&gt;0.00&lt;/td&gt;
		&lt;td class="tabelatd2"&gt;&lt;br&gt;&lt;br&gt;&lt;/td&gt;
	&lt;/tr&gt;
	&lt;tr&gt;
		&lt;td class="tabelatd1"&gt;3-Cicrano de Tal (222.222.222-22)&lt;/td&gt;
		&lt;td class="tabelatd1"&gt;Rua Amauri Dal Pont, 88&lt;/td&gt;
		&lt;td class="tabelatd1"&gt;Criciúma/SC&lt;/td&gt;
		&lt;td class="tabelatd1"&gt;23F&lt;/td&gt;
		&lt;td class="tabelatd1"&gt;17&lt;/td&gt;
		&lt;td class="tabelatd1"&gt;Tipo Cobranca&lt;/td&gt;
		&lt;td class="tabelatd1"&gt;10/10/2018&lt;/td&gt;
		&lt;td class="tabelatd1"&gt;110.00&lt;/td&gt;
		&lt;td class="tabelatd1"&gt;0.00&lt;/td&gt;
		&lt;td class="tabelatd1"&gt;0.00&lt;/td&gt;
		&lt;td class="tabelatd1"&gt;0.00&lt;/td&gt;
		&lt;td class="tabelatd1"&gt;&lt;br&gt;&lt;br&gt;&lt;/td&gt;
	&lt;/tr&gt;
	&lt;tr&gt;
		&lt;td class="tabelatd2"&gt;3-Cicrano de Tal (222.222.222-22)&lt;/td&gt;
		&lt;td class="tabelatd2"&gt;Rua Amauri Dal Pont, 88&lt;/td&gt;
		&lt;td class="tabelatd2"&gt;Criciúma/SC&lt;/td&gt;
		&lt;td class="tabelatd2"&gt;23F&lt;/td&gt;
		&lt;td class="tabelatd2"&gt;21&lt;/td&gt;
		&lt;td class="tabelatd2"&gt;Tipo Cobranca&lt;/td&gt;
		&lt;td class="tabelatd2"&gt;10/10/2018&lt;/td&gt;
		&lt;td class="tabelatd2"&gt;110.00&lt;/td&gt;
		&lt;td class="tabelatd2"&gt;0.00&lt;/td&gt;
		&lt;td class="tabelatd2"&gt;0.00&lt;/td&gt;
		&lt;td class="tabelatd2"&gt;0.00&lt;/td&gt;
		&lt;td class="tabelatd2"&gt;&lt;br&gt;&lt;br&gt;&lt;/td&gt;
	&lt;/tr&gt;
	&lt;tr&gt;
		&lt;td class="tabelatd1"&gt;3-Cicrano de Tal (222.222.222-22)&lt;/td&gt;
		&lt;td class="tabelatd1"&gt;Rua Amauri Dal Pont, 88&lt;/td&gt;
		&lt;td class="tabelatd1"&gt;Criciúma/SC&lt;/td&gt;
		&lt;td class="tabelatd1"&gt;23F&lt;/td&gt;
		&lt;td class="tabelatd1"&gt;25&lt;/td&gt;
		&lt;td class="tabelatd1"&gt;Tipo Cobranca&lt;/td&gt;
		&lt;td class="tabelatd1"&gt;10/10/2018&lt;/td&gt;
		&lt;td class="tabelatd1"&gt;110.00&lt;/td&gt;
		&lt;td class="tabelatd1"&gt;0.00&lt;/td&gt;
		&lt;td class="tabelatd1"&gt;0.00&lt;/td&gt;
		&lt;td class="tabelatd1"&gt;0.00&lt;/td&gt;
		&lt;td class="tabelatd1"&gt;&lt;br&gt;&lt;br&gt;&lt;/td&gt;
	&lt;/tr&gt;
	&lt;tr&gt;
		&lt;td class="tabelatd2"&gt;3-Cicrano de Tal (222.222.222-22)&lt;/td&gt;
		&lt;td class="tabelatd2"&gt;Rua Amauri Dal Pont, 88&lt;/td&gt;
		&lt;td class="tabelatd2"&gt;Criciúma/SC&lt;/td&gt;
		&lt;td class="tabelatd2"&gt;23F&lt;/td&gt;
		&lt;td class="tabelatd2"&gt;29&lt;/td&gt;
		&lt;td class="tabelatd2"&gt;Tipo Cobranca&lt;/td&gt;
		&lt;td class="tabelatd2"&gt;10/10/2018&lt;/td&gt;
		&lt;td class="tabelatd2"&gt;110.00&lt;/td&gt;
		&lt;td class="tabelatd2"&gt;0.00&lt;/td&gt;
		&lt;td class="tabelatd2"&gt;0.00&lt;/td&gt;
		&lt;td class="tabelatd2"&gt;0.00&lt;/td&gt;
		&lt;td class="tabelatd2"&gt;&lt;br&gt;&lt;br&gt;&lt;/td&gt;
	&lt;/tr&gt;
	&lt;tr&gt;
		&lt;td class="tabelatd1"&gt;3-Cicrano de Tal (222.222.222-22)&lt;/td&gt;
		&lt;td class="tabelatd1"&gt;Rua Amauri Dal Pont, 88&lt;/td&gt;
		&lt;td class="tabelatd1"&gt;Criciúma/SC&lt;/td&gt;
		&lt;td class="tabelatd1"&gt;23F&lt;/td&gt;
		&lt;td class="tabelatd1"&gt;36&lt;/td&gt;
		&lt;td class="tabelatd1"&gt;Tipo Cobranca&lt;/td&gt;
		&lt;td class="tabelatd1"&gt;10/10/2018&lt;/td&gt;
		&lt;td class="tabelatd1"&gt;110.00&lt;/td&gt;
		&lt;td class="tabelatd1"&gt;0.00&lt;/td&gt;
		&lt;td class="tabelatd1"&gt;0.00&lt;/td&gt;
		&lt;td class="tabelatd1"&gt;0.00&lt;/td&gt;
		&lt;td class="tabelatd1"&gt;&lt;br&gt;&lt;br&gt;&lt;/td&gt;
	&lt;/tr&gt;
	&lt;tr&gt;
		&lt;td class="tabelatd2"&gt;3-Cicrano de Tal (222.222.222-22)&lt;/td&gt;
		&lt;td class="tabelatd2"&gt;Rua Amauri Dal Pont, 88&lt;/td&gt;
		&lt;td class="tabelatd2"&gt;Criciúma/SC&lt;/td&gt;
		&lt;td class="tabelatd2"&gt;23F&lt;/td&gt;
		&lt;td class="tabelatd2"&gt;44&lt;/td&gt;
		&lt;td class="tabelatd2"&gt;Tipo Cobranca&lt;/td&gt;
		&lt;td class="tabelatd2"&gt;10/10/2018&lt;/td&gt;
		&lt;td class="tabelatd2"&gt;110.00&lt;/td&gt;
		&lt;td class="tabelatd2"&gt;0.00&lt;/td&gt;
		&lt;td class="tabelatd2"&gt;0.00&lt;/td&gt;
		&lt;td class="tabelatd2"&gt;0.00&lt;/td&gt;
		&lt;td class="tabelatd2"&gt;&lt;br&gt;&lt;br&gt;&lt;/td&gt;
	&lt;/tr&gt;
	&lt;tr&gt;
		&lt;td class="tabelatd1"&gt;3-Cicrano de Tal (222.222.222-22)&lt;/td&gt;
		&lt;td class="tabelatd1"&gt;Rua Amauri Dal Pont, 88&lt;/td&gt;
		&lt;td class="tabelatd1"&gt;Criciúma/SC&lt;/td&gt;
		&lt;td class="tabelatd1"&gt;23F&lt;/td&gt;
		&lt;td class="tabelatd1"&gt;55&lt;/td&gt;
		&lt;td class="tabelatd1"&gt;Tipo Cobranca&lt;/td&gt;
		&lt;td class="tabelatd1"&gt;10/10/2018&lt;/td&gt;
		&lt;td class="tabelatd1"&gt;110.00&lt;/td&gt;
		&lt;td class="tabelatd1"&gt;0.00&lt;/td&gt;
		&lt;td class="tabelatd1"&gt;0.00&lt;/td&gt;
		&lt;td class="tabelatd1"&gt;0.00&lt;/td&gt;
		&lt;td class="tabelatd1"&gt;&lt;br&gt;&lt;br&gt;&lt;/td&gt;
	&lt;/tr&gt;
	&lt;tr&gt;
		&lt;td class="tabelatd2"&gt;3-Cicrano de Tal (222.222.222-22)&lt;/td&gt;
		&lt;td class="tabelatd2"&gt;Rua Amauri Dal Pont, 88&lt;/td&gt;
		&lt;td class="tabelatd2"&gt;Criciúma/SC&lt;/td&gt;
		&lt;td class="tabelatd2"&gt;23F&lt;/td&gt;
		&lt;td class="tabelatd2"&gt;68&lt;/td&gt;
		&lt;td class="tabelatd2"&gt;Tipo Cobranca&lt;/td&gt;
		&lt;td class="tabelatd2"&gt;10/10/2018&lt;/td&gt;
		&lt;td class="tabelatd2"&gt;110.00&lt;/td&gt;
		&lt;td class="tabelatd2"&gt;0.00&lt;/td&gt;
		&lt;td class="tabelatd2"&gt;0.00&lt;/td&gt;
		&lt;td class="tabelatd2"&gt;0.00&lt;/td&gt;
		&lt;td class="tabelatd2"&gt;&lt;br&gt;&lt;br&gt;&lt;/td&gt;
	&lt;/tr&gt;
	&lt;tr&gt;
		&lt;td class="tabelatd1"&gt;3-Cicrano de Tal (222.222.222-22)&lt;/td&gt;
		&lt;td class="tabelatd1"&gt;Rua Amauri Dal Pont, 88&lt;/td&gt;
		&lt;td class="tabelatd1"&gt;Criciúma/SC&lt;/td&gt;
		&lt;td class="tabelatd1"&gt;23F&lt;/td&gt;
		&lt;td class="tabelatd1"&gt;83&lt;/td&gt;
		&lt;td class="tabelatd1"&gt;Tipo Cobranca&lt;/td&gt;
		&lt;td class="tabelatd1"&gt;10/10/2018&lt;/td&gt;
		&lt;td class="tabelatd1"&gt;110.00&lt;/td&gt;
		&lt;td class="tabelatd1"&gt;0.00&lt;/td&gt;
		&lt;td class="tabelatd1"&gt;0.00&lt;/td&gt;
		&lt;td class="tabelatd1"&gt;0.00&lt;/td&gt;
		&lt;td class="tabelatd1"&gt;&lt;br&gt;&lt;br&gt;&lt;/td&gt;
	&lt;/tr&gt;
	&lt;tr&gt;
		&lt;td class="tabelatd2"&gt;3-Cicrano de Tal (222.222.222-22)&lt;/td&gt;
		&lt;td class="tabelatd2"&gt;Rua Amauri Dal Pont, 88&lt;/td&gt;
		&lt;td class="tabelatd2"&gt;Criciúma/SC&lt;/td&gt;
		&lt;td class="tabelatd2"&gt;23F&lt;/td&gt;
		&lt;td class="tabelatd2"&gt;99&lt;/td&gt;
		&lt;td class="tabelatd2"&gt;Tipo Cobranca&lt;/td&gt;
		&lt;td class="tabelatd2"&gt;10/10/2018&lt;/td&gt;
		&lt;td class="tabelatd2"&gt;110.00&lt;/td&gt;
		&lt;td class="tabelatd2"&gt;0.00&lt;/td&gt;
		&lt;td class="tabelatd2"&gt;0.00&lt;/td&gt;
		&lt;td class="tabelatd2"&gt;0.00&lt;/td&gt;
		&lt;td class="tabelatd2"&gt;&lt;br&gt;&lt;br&gt;&lt;/td&gt;
	&lt;/tr&gt;
	&lt;tr&gt;
		&lt;td class="tabelatd1"&gt;3-Cicrano de Tal (222.222.222-22)&lt;/td&gt;
		&lt;td class="tabelatd1"&gt;Rua Amauri Dal Pont, 88&lt;/td&gt;
		&lt;td class="tabelatd1"&gt;Criciúma/SC&lt;/td&gt;
		&lt;td class="tabelatd1"&gt;23F&lt;/td&gt;
		&lt;td class="tabelatd1"&gt;126&lt;/td&gt;
		&lt;td class="tabelatd1"&gt;Tipo Cobranca&lt;/td&gt;
		&lt;td class="tabelatd1"&gt;10/10/2018&lt;/td&gt;
		&lt;td class="tabelatd1"&gt;110.00&lt;/td&gt;
		&lt;td class="tabelatd1"&gt;0.00&lt;/td&gt;
		&lt;td class="tabelatd1"&gt;0.00&lt;/td&gt;
		&lt;td class="tabelatd1"&gt;0.00&lt;/td&gt;
		&lt;td class="tabelatd1"&gt;&lt;br&gt;&lt;br&gt;&lt;/td&gt;
	&lt;/tr&gt;
	&lt;tr&gt;
		&lt;td class="tabelatd2"&gt;3-Cicrano de Tal (222.222.222-22)&lt;/td&gt;
		&lt;td class="tabelatd2"&gt;Rua Amauri Dal Pont, 88&lt;/td&gt;
		&lt;td class="tabelatd2"&gt;Criciúma/SC&lt;/td&gt;
		&lt;td class="tabelatd2"&gt;23F&lt;/td&gt;
		&lt;td class="tabelatd2"&gt;150&lt;/td&gt;
		&lt;td class="tabelatd2"&gt;Tipo Cobranca&lt;/td&gt;
		&lt;td class="tabelatd2"&gt;10/10/2018&lt;/td&gt;
		&lt;td class="tabelatd2"&gt;110.00&lt;/td&gt;
		&lt;td class="tabelatd2"&gt;0.00&lt;/td&gt;
		&lt;td class="tabelatd2"&gt;0.00&lt;/td&gt;
		&lt;td class="tabelatd2"&gt;0.00&lt;/td&gt;
		&lt;td class="tabelatd2"&gt;&lt;br&gt;&lt;br&gt;&lt;/td&gt;
	&lt;/tr&gt;
	&lt;tr&gt;
		&lt;td class="tabelatd1"&gt;3-Cicrano de Tal (222.222.222-22)&lt;/td&gt;
		&lt;td class="tabelatd1"&gt;Rua Amauri Dal Pont, 88&lt;/td&gt;
		&lt;td class="tabelatd1"&gt;Criciúma/SC&lt;/td&gt;
		&lt;td class="tabelatd1"&gt;23F&lt;/td&gt;
		&lt;td class="tabelatd1"&gt;5&lt;/td&gt;
		&lt;td class="tabelatd1"&gt;Tipo Cobranca&lt;/td&gt;
		&lt;td class="tabelatd1"&gt;10/10/2018&lt;/td&gt;
		&lt;td class="tabelatd1"&gt;110.00&lt;/td&gt;
		&lt;td class="tabelatd1"&gt;10.00&lt;/td&gt;
		&lt;td class="tabelatd1"&gt;10.00&lt;/td&gt;
		&lt;td class="tabelatd1"&gt;0.00&lt;/td&gt;
		&lt;td class="tabelatd1"&gt;&lt;br&gt;&lt;br&gt;&lt;/td&gt;
	&lt;/tr&gt;
	&lt;tr&gt;
		&lt;td class="tabelatd2"&gt;3-Cicrano de Tal (222.222.222-22)&lt;/td&gt;
		&lt;td class="tabelatd2"&gt;Rua Amauri Dal Pont, 88&lt;/td&gt;
		&lt;td class="tabelatd2"&gt;Criciúma/SC&lt;/td&gt;
		&lt;td class="tabelatd2"&gt;23F&lt;/td&gt;
		&lt;td class="tabelatd2"&gt;170&lt;/td&gt;
		&lt;td class="tabelatd2"&gt;Tipo Cobranca&lt;/td&gt;
		&lt;td class="tabelatd2"&gt;10/10/2018&lt;/td&gt;
		&lt;td class="tabelatd2"&gt;110.00&lt;/td&gt;
		&lt;td class="tabelatd2"&gt;0.00&lt;/td&gt;
		&lt;td class="tabelatd2"&gt;0.00&lt;/td&gt;
		&lt;td class="tabelatd2"&gt;0.00&lt;/td&gt;
		&lt;td class="tabelatd2"&gt;&lt;br&gt;&lt;br&gt;&lt;/td&gt;
	&lt;/tr&gt;
	&lt;tr&gt;
		&lt;td class="tabelatd1"&gt;3-Cicrano de Tal (222.222.222-22)&lt;/td&gt;
		&lt;td class="tabelatd1"&gt;Rua Amauri Dal Pont, 88&lt;/td&gt;
		&lt;td class="tabelatd1"&gt;Criciúma/SC&lt;/td&gt;
		&lt;td class="tabelatd1"&gt;23F&lt;/td&gt;
		&lt;td class="tabelatd1"&gt;190&lt;/td&gt;
		&lt;td class="tabelatd1"&gt;Tipo Cobranca&lt;/td&gt;
		&lt;td class="tabelatd1"&gt;10/10/2018&lt;/td&gt;
		&lt;td class="tabelatd1"&gt;110.00&lt;/td&gt;
		&lt;td class="tabelatd1"&gt;0.00&lt;/td&gt;
		&lt;td class="tabelatd1"&gt;0.00&lt;/td&gt;
		&lt;td class="tabelatd1"&gt;0.00&lt;/td&gt;
		&lt;td class="tabelatd1"&gt;&lt;br&gt;&lt;br&gt;&lt;/td&gt;
	&lt;/tr&gt;
	&lt;tr&gt;
		&lt;td class="tabelatd2"&gt;3-Cicrano de Tal (222.222.222-22)&lt;/td&gt;
		&lt;td class="tabelatd2"&gt;Rua Amauri Dal Pont, 88&lt;/td&gt;
		&lt;td class="tabelatd2"&gt;Criciúma/SC&lt;/td&gt;
		&lt;td class="tabelatd2"&gt;23F&lt;/td&gt;
		&lt;td class="tabelatd2"&gt;210&lt;/td&gt;
		&lt;td class="tabelatd2"&gt;Tipo Cobranca&lt;/td&gt;
		&lt;td class="tabelatd2"&gt;10/10/2018&lt;/td&gt;
		&lt;td class="tabelatd2"&gt;110.00&lt;/td&gt;
		&lt;td class="tabelatd2"&gt;0.00&lt;/td&gt;
		&lt;td class="tabelatd2"&gt;0.00&lt;/td&gt;
		&lt;td class="tabelatd2"&gt;0.00&lt;/td&gt;
		&lt;td class="tabelatd2"&gt;&lt;br&gt;&lt;br&gt;&lt;/td&gt;
	&lt;/tr&gt;
	&lt;tr&gt;
		&lt;td class="tabelatd1"&gt;3-Cicrano de Tal (222.222.222-22)&lt;/td&gt;
		&lt;td class="tabelatd1"&gt;Rua Amauri Dal Pont, 88&lt;/td&gt;
		&lt;td class="tabelatd1"&gt;Criciúma/SC&lt;/td&gt;
		&lt;td class="tabelatd1"&gt;23F&lt;/td&gt;
		&lt;td class="tabelatd1"&gt;233&lt;/td&gt;
		&lt;td class="tabelatd1"&gt;Tipo Cobranca&lt;/td&gt;
		&lt;td class="tabelatd1"&gt;10/10/2018&lt;/td&gt;
		&lt;td class="tabelatd1"&gt;110.00&lt;/td&gt;
		&lt;td class="tabelatd1"&gt;0.00&lt;/td&gt;
		&lt;td class="tabelatd1"&gt;0.00&lt;/td&gt;
		&lt;td class="tabelatd1"&gt;0.00&lt;/td&gt;
		&lt;td class="tabelatd1"&gt;&lt;br&gt;&lt;br&gt;&lt;/td&gt;
	&lt;/tr&gt;
	&lt;tr&gt;
		&lt;td class="tabelatd2"&gt;3-Cicrano de Tal (222.222.222-22)&lt;/td&gt;
		&lt;td class="tabelatd2"&gt;Rua Amauri Dal Pont, 88&lt;/td&gt;
		&lt;td class="tabelatd2"&gt;Criciúma/SC&lt;/td&gt;
		&lt;td class="tabelatd2"&gt;23F&lt;/td&gt;
		&lt;td class="tabelatd2"&gt;256&lt;/td&gt;
		&lt;td class="tabelatd2"&gt;Tipo Cobranca&lt;/td&gt;
		&lt;td class="tabelatd2"&gt;10/10/2018&lt;/td&gt;
		&lt;td class="tabelatd2"&gt;110.00&lt;/td&gt;
		&lt;td class="tabelatd2"&gt;0.00&lt;/td&gt;
		&lt;td class="tabelatd2"&gt;0.00&lt;/td&gt;
		&lt;td class="tabelatd2"&gt;0.00&lt;/td&gt;
		&lt;td class="tabelatd2"&gt;&lt;br&gt;&lt;br&gt;&lt;/td&gt;
	&lt;/tr&gt;
	&lt;tr&gt;
		&lt;td class="tabelatd1"&gt;3-Cicrano de Tal (222.222.222-22)&lt;/td&gt;
		&lt;td class="tabelatd1"&gt;Rua Amauri Dal Pont, 88&lt;/td&gt;
		&lt;td class="tabelatd1"&gt;Criciúma/SC&lt;/td&gt;
		&lt;td class="tabelatd1"&gt;23F&lt;/td&gt;
		&lt;td class="tabelatd1"&gt;281&lt;/td&gt;
		&lt;td class="tabelatd1"&gt;Tipo Cobranca&lt;/td&gt;
		&lt;td class="tabelatd1"&gt;10/10/2018&lt;/td&gt;
		&lt;td class="tabelatd1"&gt;110.00&lt;/td&gt;
		&lt;td class="tabelatd1"&gt;0.00&lt;/td&gt;
		&lt;td class="tabelatd1"&gt;0.00&lt;/td&gt;
		&lt;td class="tabelatd1"&gt;0.00&lt;/td&gt;
		&lt;td class="tabelatd1"&gt;&lt;br&gt;&lt;br&gt;&lt;/td&gt;
	&lt;/tr&gt;
	&lt;tr&gt;
		&lt;td class="tabelatd2"&gt;3-Cicrano de Tal (222.222.222-22)&lt;/td&gt;
		&lt;td class="tabelatd2"&gt;Rua Amauri Dal Pont, 88&lt;/td&gt;
		&lt;td class="tabelatd2"&gt;Criciúma/SC&lt;/td&gt;
		&lt;td class="tabelatd2"&gt;23F&lt;/td&gt;
		&lt;td class="tabelatd2"&gt;308&lt;/td&gt;
		&lt;td class="tabelatd2"&gt;Tipo Cobranca&lt;/td&gt;
		&lt;td class="tabelatd2"&gt;10/10/2018&lt;/td&gt;
		&lt;td class="tabelatd2"&gt;110.00&lt;/td&gt;
		&lt;td class="tabelatd2"&gt;0.00&lt;/td&gt;
		&lt;td class="tabelatd2"&gt;0.00&lt;/td&gt;
		&lt;td class="tabelatd2"&gt;0.00&lt;/td&gt;
		&lt;td class="tabelatd2"&gt;&lt;br&gt;&lt;br&gt;&lt;/td&gt;
	&lt;/tr&gt;
	&lt;tr&gt;
		&lt;td class="tabelatd1"&gt;3-Cicrano de Tal (222.222.222-22)&lt;/td&gt;
		&lt;td class="tabelatd1"&gt;Rua Amauri Dal Pont, 88&lt;/td&gt;
		&lt;td class="tabelatd1"&gt;Criciúma/SC&lt;/td&gt;
		&lt;td class="tabelatd1"&gt;23F&lt;/td&gt;
		&lt;td class="tabelatd1"&gt;337&lt;/td&gt;
		&lt;td class="tabelatd1"&gt;Tipo Cobranca&lt;/td&gt;
		&lt;td class="tabelatd1"&gt;10/10/2018&lt;/td&gt;
		&lt;td class="tabelatd1"&gt;110.00&lt;/td&gt;
		&lt;td class="tabelatd1"&gt;0.00&lt;/td&gt;
		&lt;td class="tabelatd1"&gt;0.00&lt;/td&gt;
		&lt;td class="tabelatd1"&gt;0.00&lt;/td&gt;
		&lt;td class="tabelatd1"&gt;&lt;br&gt;&lt;br&gt;&lt;/td&gt;
	&lt;/tr&gt;
	&lt;tr&gt;
		&lt;td class="tabelatd2"&gt;3-Cicrano de Tal (222.222.222-22)&lt;/td&gt;
		&lt;td class="tabelatd2"&gt;Rua Amauri Dal Pont, 88&lt;/td&gt;
		&lt;td class="tabelatd2"&gt;Criciúma/SC&lt;/td&gt;
		&lt;td class="tabelatd2"&gt;23F&lt;/td&gt;
		&lt;td class="tabelatd2"&gt;368&lt;/td&gt;
		&lt;td class="tabelatd2"&gt;Tipo Cobranca&lt;/td&gt;
		&lt;td class="tabelatd2"&gt;10/10/2018&lt;/td&gt;
		&lt;td class="tabelatd2"&gt;110.00&lt;/td&gt;
		&lt;td class="tabelatd2"&gt;0.00&lt;/td&gt;
		&lt;td class="tabelatd2"&gt;0.00&lt;/td&gt;
		&lt;td class="tabelatd2"&gt;0.00&lt;/td&gt;
		&lt;td class="tabelatd2"&gt;&lt;br&gt;&lt;br&gt;&lt;/td&gt;
	&lt;/tr&gt;
	&lt;tr&gt;
		&lt;td class="tabelatd1"&gt;3-Cicrano de Tal (222.222.222-22)&lt;/td&gt;
		&lt;td class="tabelatd1"&gt;Rua Amauri Dal Pont, 88&lt;/td&gt;
		&lt;td class="tabelatd1"&gt;Criciúma/SC&lt;/td&gt;
		&lt;td class="tabelatd1"&gt;23F&lt;/td&gt;
		&lt;td class="tabelatd1"&gt;401&lt;/td&gt;
		&lt;td class="tabelatd1"&gt;Tipo Cobranca&lt;/td&gt;
		&lt;td class="tabelatd1"&gt;10/10/2018&lt;/td&gt;
		&lt;td class="tabelatd1"&gt;110.00&lt;/td&gt;
		&lt;td class="tabelatd1"&gt;0.00&lt;/td&gt;
		&lt;td class="tabelatd1"&gt;0.00&lt;/td&gt;
		&lt;td class="tabelatd1"&gt;0.00&lt;/td&gt;
		&lt;td class="tabelatd1"&gt;&lt;br&gt;&lt;br&gt;&lt;/td&gt;
	&lt;/tr&gt;
	&lt;tr&gt;
		&lt;td class="tabelatd2"&gt;3-Cicrano de Tal (222.222.222-22)&lt;/td&gt;
		&lt;td class="tabelatd2"&gt;Rua Amauri Dal Pont, 88&lt;/td&gt;
		&lt;td class="tabelatd2"&gt;Criciúma/SC&lt;/td&gt;
		&lt;td class="tabelatd2"&gt;23F&lt;/td&gt;
		&lt;td class="tabelatd2"&gt;436&lt;/td&gt;
		&lt;td class="tabelatd2"&gt;Tipo Cobranca&lt;/td&gt;
		&lt;td class="tabelatd2"&gt;10/10/2018&lt;/td&gt;
		&lt;td class="tabelatd2"&gt;110.00&lt;/td&gt;
		&lt;td class="tabelatd2"&gt;0.00&lt;/td&gt;
		&lt;td class="tabelatd2"&gt;0.00&lt;/td&gt;
		&lt;td class="tabelatd2"&gt;0.00&lt;/td&gt;
		&lt;td class="tabelatd2"&gt;&lt;br&gt;&lt;br&gt;&lt;/td&gt;
	&lt;/tr&gt;
	&lt;tr&gt;
		&lt;td class="tabelatd1"&gt;3-Cicrano de Tal (222.222.222-22)&lt;/td&gt;
		&lt;td class="tabelatd1"&gt;Rua Amauri Dal Pont, 88&lt;/td&gt;
		&lt;td class="tabelatd1"&gt;Criciúma/SC&lt;/td&gt;
		&lt;td class="tabelatd1"&gt;23F&lt;/td&gt;
		&lt;td class="tabelatd1"&gt;32&lt;/td&gt;
		&lt;td class="tabelatd1"&gt;Tipo Cobranca&lt;/td&gt;
		&lt;td class="tabelatd1"&gt;11/10/2018&lt;/td&gt;
		&lt;td class="tabelatd1"&gt;110.00&lt;/td&gt;
		&lt;td class="tabelatd1"&gt;0.00&lt;/td&gt;
		&lt;td class="tabelatd1"&gt;0.00&lt;/td&gt;
		&lt;td class="tabelatd1"&gt;0.00&lt;/td&gt;
		&lt;td class="tabelatd1"&gt;&lt;br&gt;&lt;br&gt;&lt;/td&gt;
	&lt;/tr&gt;
	&lt;tr&gt;
		&lt;td class="tabelatd2"&gt;3-Cicrano de Tal (222.222.222-22)&lt;/td&gt;
		&lt;td class="tabelatd2"&gt;Rua Amauri Dal Pont, 88&lt;/td&gt;
		&lt;td class="tabelatd2"&gt;Criciúma/SC&lt;/td&gt;
		&lt;td class="tabelatd2"&gt;23F&lt;/td&gt;
		&lt;td class="tabelatd2"&gt;39&lt;/td&gt;
		&lt;td class="tabelatd2"&gt;Tipo Cobranca&lt;/td&gt;
		&lt;td class="tabelatd2"&gt;11/10/2018&lt;/td&gt;
		&lt;td class="tabelatd2"&gt;110.00&lt;/td&gt;
		&lt;td class="tabelatd2"&gt;0.00&lt;/td&gt;
		&lt;td class="tabelatd2"&gt;0.00&lt;/td&gt;
		&lt;td class="tabelatd2"&gt;0.00&lt;/td&gt;
		&lt;td class="tabelatd2"&gt;&lt;br&gt;&lt;br&gt;&lt;/td&gt;
	&lt;/tr&gt;
	&lt;tr&gt;
		&lt;td class="tabelatd1"&gt;3-Cicrano de Tal (222.222.222-22)&lt;/td&gt;
		&lt;td class="tabelatd1"&gt;Rua Amauri Dal Pont, 88&lt;/td&gt;
		&lt;td class="tabelatd1"&gt;Criciúma/SC&lt;/td&gt;
		&lt;td class="tabelatd1"&gt;23F&lt;/td&gt;
		&lt;td class="tabelatd1"&gt;48&lt;/td&gt;
		&lt;td class="tabelatd1"&gt;Tipo Cobranca&lt;/td&gt;
		&lt;td class="tabelatd1"&gt;11/10/2018&lt;/td&gt;
		&lt;td class="tabelatd1"&gt;110.00&lt;/td&gt;
		&lt;td class="tabelatd1"&gt;0.00&lt;/td&gt;
		&lt;td class="tabelatd1"&gt;0.00&lt;/td&gt;
		&lt;td class="tabelatd1"&gt;0.00&lt;/td&gt;
		&lt;td class="tabelatd1"&gt;&lt;br&gt;&lt;br&gt;&lt;/td&gt;
	&lt;/tr&gt;
	&lt;tr&gt;
		&lt;td class="tabelatd2"&gt;3-Cicrano de Tal (222.222.222-22)&lt;/td&gt;
		&lt;td class="tabelatd2"&gt;Rua Amauri Dal Pont, 88&lt;/td&gt;
		&lt;td class="tabelatd2"&gt;Criciúma/SC&lt;/td&gt;
		&lt;td class="tabelatd2"&gt;23F&lt;/td&gt;
		&lt;td class="tabelatd2"&gt;60&lt;/td&gt;
		&lt;td class="tabelatd2"&gt;Tipo Cobranca&lt;/td&gt;
		&lt;td class="tabelatd2"&gt;11/10/2018&lt;/td&gt;
		&lt;td class="tabelatd2"&gt;110.00&lt;/td&gt;
		&lt;td class="tabelatd2"&gt;0.00&lt;/td&gt;
		&lt;td class="tabelatd2"&gt;0.00&lt;/td&gt;
		&lt;td class="tabelatd2"&gt;0.00&lt;/td&gt;
		&lt;td class="tabelatd2"&gt;&lt;br&gt;&lt;br&gt;&lt;/td&gt;
	&lt;/tr&gt;
	&lt;tr&gt;
		&lt;td class="tabelatd1"&gt;3-Cicrano de Tal (222.222.222-22)&lt;/td&gt;
		&lt;td class="tabelatd1"&gt;Rua Amauri Dal Pont, 88&lt;/td&gt;
		&lt;td class="tabelatd1"&gt;Criciúma/SC&lt;/td&gt;
		&lt;td class="tabelatd1"&gt;23F&lt;/td&gt;
		&lt;td class="tabelatd1"&gt;74&lt;/td&gt;
		&lt;td class="tabelatd1"&gt;Tipo Cobranca&lt;/td&gt;
		&lt;td class="tabelatd1"&gt;11/10/2018&lt;/td&gt;
		&lt;td class="tabelatd1"&gt;110.00&lt;/td&gt;
		&lt;td class="tabelatd1"&gt;0.00&lt;/td&gt;
		&lt;td class="tabelatd1"&gt;0.00&lt;/td&gt;
		&lt;td class="tabelatd1"&gt;0.00&lt;/td&gt;
		&lt;td class="tabelatd1"&gt;&lt;br&gt;&lt;br&gt;&lt;/td&gt;
	&lt;/tr&gt;
	&lt;tr&gt;
		&lt;td class="tabelatd2"&gt;3-Cicrano de Tal (222.222.222-22)&lt;/td&gt;
		&lt;td class="tabelatd2"&gt;Rua Amauri Dal Pont, 88&lt;/td&gt;
		&lt;td class="tabelatd2"&gt;Criciúma/SC&lt;/td&gt;
		&lt;td class="tabelatd2"&gt;23F&lt;/td&gt;
		&lt;td class="tabelatd2"&gt;90&lt;/td&gt;
		&lt;td class="tabelatd2"&gt;Tipo Cobranca&lt;/td&gt;
		&lt;td class="tabelatd2"&gt;11/10/2018&lt;/td&gt;
		&lt;td class="tabelatd2"&gt;110.00&lt;/td&gt;
		&lt;td class="tabelatd2"&gt;0.00&lt;/td&gt;
		&lt;td class="tabelatd2"&gt;0.00&lt;/td&gt;
		&lt;td class="tabelatd2"&gt;0.00&lt;/td&gt;
		&lt;td class="tabelatd2"&gt;&lt;br&gt;&lt;br&gt;&lt;/td&gt;
	&lt;/tr&gt;
	&lt;tr&gt;
		&lt;td class="tabelatd1"&gt;3-Cicrano de Tal (222.222.222-22)&lt;/td&gt;
		&lt;td class="tabelatd1"&gt;Rua Amauri Dal Pont, 88&lt;/td&gt;
		&lt;td class="tabelatd1"&gt;Criciúma/SC&lt;/td&gt;
		&lt;td class="tabelatd1"&gt;23F&lt;/td&gt;
		&lt;td class="tabelatd1"&gt;106&lt;/td&gt;
		&lt;td class="tabelatd1"&gt;Tipo Cobranca&lt;/td&gt;
		&lt;td class="tabelatd1"&gt;11/10/2018&lt;/td&gt;
		&lt;td class="tabelatd1"&gt;110.00&lt;/td&gt;
		&lt;td class="tabelatd1"&gt;0.00&lt;/td&gt;
		&lt;td class="tabelatd1"&gt;0.00&lt;/td&gt;
		&lt;td class="tabelatd1"&gt;0.00&lt;/td&gt;
		&lt;td class="tabelatd1"&gt;&lt;br&gt;&lt;br&gt;&lt;/td&gt;
	&lt;/tr&gt;
	&lt;tr&gt;
		&lt;td class="tabelatd2"&gt;3-Cicrano de Tal (222.222.222-22)&lt;/td&gt;
		&lt;td class="tabelatd2"&gt;Rua Amauri Dal Pont, 88&lt;/td&gt;
		&lt;td class="tabelatd2"&gt;Criciúma/SC&lt;/td&gt;
		&lt;td class="tabelatd2"&gt;23F&lt;/td&gt;
		&lt;td class="tabelatd2"&gt;134&lt;/td&gt;
		&lt;td class="tabelatd2"&gt;Tipo Cobranca&lt;/td&gt;
		&lt;td class="tabelatd2"&gt;11/10/2018&lt;/td&gt;
		&lt;td class="tabelatd2"&gt;110.00&lt;/td&gt;
		&lt;td class="tabelatd2"&gt;0.00&lt;/td&gt;
		&lt;td class="tabelatd2"&gt;0.00&lt;/td&gt;
		&lt;td class="tabelatd2"&gt;0.00&lt;/td&gt;
		&lt;td class="tabelatd2"&gt;&lt;br&gt;&lt;br&gt;&lt;/td&gt;
	&lt;/tr&gt;
	&lt;tr&gt;
		&lt;td class="tabelatd1"&gt;3-Cicrano de Tal (222.222.222-22)&lt;/td&gt;
		&lt;td class="tabelatd1"&gt;Rua Amauri Dal Pont, 88&lt;/td&gt;
		&lt;td class="tabelatd1"&gt;Criciúma/SC&lt;/td&gt;
		&lt;td class="tabelatd1"&gt;23F&lt;/td&gt;
		&lt;td class="tabelatd1"&gt;159&lt;/td&gt;
		&lt;td class="tabelatd1"&gt;Tipo Cobranca&lt;/td&gt;
		&lt;td class="tabelatd1"&gt;11/10/2018&lt;/td&gt;
		&lt;td class="tabelatd1"&gt;110.00&lt;/td&gt;
		&lt;td class="tabelatd1"&gt;0.00&lt;/td&gt;
		&lt;td class="tabelatd1"&gt;0.00&lt;/td&gt;
		&lt;td class="tabelatd1"&gt;0.00&lt;/td&gt;
		&lt;td class="tabelatd1"&gt;&lt;br&gt;&lt;br&gt;&lt;/td&gt;
	&lt;/tr&gt;
	&lt;tr&gt;
		&lt;td class="tabelatd2"&gt;3-Cicrano de Tal (222.222.222-22)&lt;/td&gt;
		&lt;td class="tabelatd2"&gt;Rua Amauri Dal Pont, 88&lt;/td&gt;
		&lt;td class="tabelatd2"&gt;Criciúma/SC&lt;/td&gt;
		&lt;td class="tabelatd2"&gt;23F&lt;/td&gt;
		&lt;td class="tabelatd2"&gt;179&lt;/td&gt;
		&lt;td class="tabelatd2"&gt;Tipo Cobranca&lt;/td&gt;
		&lt;td class="tabelatd2"&gt;11/10/2018&lt;/td&gt;
		&lt;td class="tabelatd2"&gt;110.00&lt;/td&gt;
		&lt;td class="tabelatd2"&gt;0.00&lt;/td&gt;
		&lt;td class="tabelatd2"&gt;0.00&lt;/td&gt;
		&lt;td class="tabelatd2"&gt;0.00&lt;/td&gt;
		&lt;td class="tabelatd2"&gt;&lt;br&gt;&lt;br&gt;&lt;/td&gt;
	&lt;/tr&gt;
	&lt;tr&gt;
		&lt;td class="tabelatd1"&gt;3-Cicrano de Tal (222.222.222-22)&lt;/td&gt;
		&lt;td class="tabelatd1"&gt;Rua Amauri Dal Pont, 88&lt;/td&gt;
		&lt;td class="tabelatd1"&gt;Criciúma/SC&lt;/td&gt;
		&lt;td class="tabelatd1"&gt;23F&lt;/td&gt;
		&lt;td class="tabelatd1"&gt;199&lt;/td&gt;
		&lt;td class="tabelatd1"&gt;Tipo Cobranca&lt;/td&gt;
		&lt;td class="tabelatd1"&gt;11/10/2018&lt;/td&gt;
		&lt;td class="tabelatd1"&gt;110.00&lt;/td&gt;
		&lt;td class="tabelatd1"&gt;0.00&lt;/td&gt;
		&lt;td class="tabelatd1"&gt;0.00&lt;/td&gt;
		&lt;td class="tabelatd1"&gt;0.00&lt;/td&gt;
		&lt;td class="tabelatd1"&gt;&lt;br&gt;&lt;br&gt;&lt;/td&gt;
	&lt;/tr&gt;
	&lt;tr&gt;
		&lt;td class="tabelatd2"&gt;3-Cicrano de Tal (222.222.222-22)&lt;/td&gt;
		&lt;td class="tabelatd2"&gt;Rua Amauri Dal Pont, 88&lt;/td&gt;
		&lt;td class="tabelatd2"&gt;Criciúma/SC&lt;/td&gt;
		&lt;td class="tabelatd2"&gt;23F&lt;/td&gt;
		&lt;td class="tabelatd2"&gt;219&lt;/td&gt;
		&lt;td class="tabelatd2"&gt;Tipo Cobranca&lt;/td&gt;
		&lt;td class="tabelatd2"&gt;11/10/2018&lt;/td&gt;
		&lt;td class="tabelatd2"&gt;110.00&lt;/td&gt;
		&lt;td class="tabelatd2"&gt;0.00&lt;/td&gt;
		&lt;td class="tabelatd2"&gt;0.00&lt;/td&gt;
		&lt;td class="tabelatd2"&gt;0.00&lt;/td&gt;
		&lt;td class="tabelatd2"&gt;&lt;br&gt;&lt;br&gt;&lt;/td&gt;
	&lt;/tr&gt;
	&lt;tr&gt;
		&lt;td class="tabelatd1"&gt;3-Cicrano de Tal (222.222.222-22)&lt;/td&gt;
		&lt;td class="tabelatd1"&gt;Rua Amauri Dal Pont, 88&lt;/td&gt;
		&lt;td class="tabelatd1"&gt;Criciúma/SC&lt;/td&gt;
		&lt;td class="tabelatd1"&gt;23F&lt;/td&gt;
		&lt;td class="tabelatd1"&gt;243&lt;/td&gt;
		&lt;td class="tabelatd1"&gt;Tipo Cobranca&lt;/td&gt;
		&lt;td class="tabelatd1"&gt;11/10/2018&lt;/td&gt;
		&lt;td class="tabelatd1"&gt;110.00&lt;/td&gt;
		&lt;td class="tabelatd1"&gt;0.00&lt;/td&gt;
		&lt;td class="tabelatd1"&gt;0.00&lt;/td&gt;
		&lt;td class="tabelatd1"&gt;0.00&lt;/td&gt;
		&lt;td class="tabelatd1"&gt;&lt;br&gt;&lt;br&gt;&lt;/td&gt;
	&lt;/tr&gt;
	&lt;tr&gt;
		&lt;td class="tabelatd2"&gt;3-Cicrano de Tal (222.222.222-22)&lt;/td&gt;
		&lt;td class="tabelatd2"&gt;Rua Amauri Dal Pont, 88&lt;/td&gt;
		&lt;td class="tabelatd2"&gt;Criciúma/SC&lt;/td&gt;
		&lt;td class="tabelatd2"&gt;23F&lt;/td&gt;
		&lt;td class="tabelatd2"&gt;267&lt;/td&gt;
		&lt;td class="tabelatd2"&gt;Tipo Cobranca&lt;/td&gt;
		&lt;td class="tabelatd2"&gt;11/10/2018&lt;/td&gt;
		&lt;td class="tabelatd2"&gt;110.00&lt;/td&gt;
		&lt;td class="tabelatd2"&gt;0.00&lt;/td&gt;
		&lt;td class="tabelatd2"&gt;0.00&lt;/td&gt;
		&lt;td class="tabelatd2"&gt;0.00&lt;/td&gt;
		&lt;td class="tabelatd2"&gt;&lt;br&gt;&lt;br&gt;&lt;/td&gt;
	&lt;/tr&gt;
	&lt;tr&gt;
		&lt;td class="tabelatd1"&gt;3-Cicrano de Tal (222.222.222-22)&lt;/td&gt;
		&lt;td class="tabelatd1"&gt;Rua Amauri Dal Pont, 88&lt;/td&gt;
		&lt;td class="tabelatd1"&gt;Criciúma/SC&lt;/td&gt;
		&lt;td class="tabelatd1"&gt;23F&lt;/td&gt;
		&lt;td class="tabelatd1"&gt;293&lt;/td&gt;
		&lt;td class="tabelatd1"&gt;Tipo Cobranca&lt;/td&gt;
		&lt;td class="tabelatd1"&gt;11/10/2018&lt;/td&gt;
		&lt;td class="tabelatd1"&gt;110.00&lt;/td&gt;
		&lt;td class="tabelatd1"&gt;0.00&lt;/td&gt;
		&lt;td class="tabelatd1"&gt;0.00&lt;/td&gt;
		&lt;td class="tabelatd1"&gt;0.00&lt;/td&gt;
		&lt;td class="tabelatd1"&gt;&lt;br&gt;&lt;br&gt;&lt;/td&gt;
	&lt;/tr&gt;
	&lt;tr&gt;
		&lt;td class="tabelatd2"&gt;3-Cicrano de Tal (222.222.222-22)&lt;/td&gt;
		&lt;td class="tabelatd2"&gt;Rua Amauri Dal Pont, 88&lt;/td&gt;
		&lt;td class="tabelatd2"&gt;Criciúma/SC&lt;/td&gt;
		&lt;td class="tabelatd2"&gt;23F&lt;/td&gt;
		&lt;td class="tabelatd2"&gt;321&lt;/td&gt;
		&lt;td class="tabelatd2"&gt;Tipo Cobranca&lt;/td&gt;
		&lt;td class="tabelatd2"&gt;11/10/2018&lt;/td&gt;
		&lt;td class="tabelatd2"&gt;110.00&lt;/td&gt;
		&lt;td class="tabelatd2"&gt;0.00&lt;/td&gt;
		&lt;td class="tabelatd2"&gt;0.00&lt;/td&gt;
		&lt;td class="tabelatd2"&gt;0.00&lt;/td&gt;
		&lt;td class="tabelatd2"&gt;&lt;br&gt;&lt;br&gt;&lt;/td&gt;
	&lt;/tr&gt;
	&lt;tr&gt;
		&lt;td class="tabelatd1"&gt;3-Cicrano de Tal (222.222.222-22)&lt;/td&gt;
		&lt;td class="tabelatd1"&gt;Rua Amauri Dal Pont, 88&lt;/td&gt;
		&lt;td class="tabelatd1"&gt;Criciúma/SC&lt;/td&gt;
		&lt;td class="tabelatd1"&gt;23F&lt;/td&gt;
		&lt;td class="tabelatd1"&gt;351&lt;/td&gt;
		&lt;td class="tabelatd1"&gt;Tipo Cobranca&lt;/td&gt;
		&lt;td class="tabelatd1"&gt;11/10/2018&lt;/td&gt;
		&lt;td class="tabelatd1"&gt;110.00&lt;/td&gt;
		&lt;td class="tabelatd1"&gt;0.00&lt;/td&gt;
		&lt;td class="tabelatd1"&gt;0.00&lt;/td&gt;
		&lt;td class="tabelatd1"&gt;0.00&lt;/td&gt;
		&lt;td class="tabelatd1"&gt;&lt;br&gt;&lt;br&gt;&lt;/td&gt;
	&lt;/tr&gt;
	&lt;tr&gt;
		&lt;td class="tabelatd2"&gt;3-Cicrano de Tal (222.222.222-22)&lt;/td&gt;
		&lt;td class="tabelatd2"&gt;Rua Amauri Dal Pont, 88&lt;/td&gt;
		&lt;td class="tabelatd2"&gt;Criciúma/SC&lt;/td&gt;
		&lt;td class="tabelatd2"&gt;23F&lt;/td&gt;
		&lt;td class="tabelatd2"&gt;383&lt;/td&gt;
		&lt;td class="tabelatd2"&gt;Tipo Cobranca&lt;/td&gt;
		&lt;td class="tabelatd2"&gt;11/10/2018&lt;/td&gt;
		&lt;td class="tabelatd2"&gt;110.00&lt;/td&gt;
		&lt;td class="tabelatd2"&gt;0.00&lt;/td&gt;
		&lt;td class="tabelatd2"&gt;0.00&lt;/td&gt;
		&lt;td class="tabelatd2"&gt;0.00&lt;/td&gt;
		&lt;td class="tabelatd2"&gt;&lt;br&gt;&lt;br&gt;&lt;/td&gt;
	&lt;/tr&gt;
	&lt;tr&gt;
		&lt;td class="tabelatd1"&gt;3-Cicrano de Tal (222.222.222-22)&lt;/td&gt;
		&lt;td class="tabelatd1"&gt;Rua Amauri Dal Pont, 88&lt;/td&gt;
		&lt;td class="tabelatd1"&gt;Criciúma/SC&lt;/td&gt;
		&lt;td class="tabelatd1"&gt;23F&lt;/td&gt;
		&lt;td class="tabelatd1"&gt;417&lt;/td&gt;
		&lt;td class="tabelatd1"&gt;Tipo Cobranca&lt;/td&gt;
		&lt;td class="tabelatd1"&gt;11/10/2018&lt;/td&gt;
		&lt;td class="tabelatd1"&gt;110.00&lt;/td&gt;
		&lt;td class="tabelatd1"&gt;0.00&lt;/td&gt;
		&lt;td class="tabelatd1"&gt;0.00&lt;/td&gt;
		&lt;td class="tabelatd1"&gt;0.00&lt;/td&gt;
		&lt;td class="tabelatd1"&gt;&lt;br&gt;&lt;br&gt;&lt;/td&gt;
	&lt;/tr&gt;
	&lt;tr&gt;
		&lt;td class="tabelatd2"&gt;3-Cicrano de Tal (222.222.222-22)&lt;/td&gt;
		&lt;td class="tabelatd2"&gt;Rua Amauri Dal Pont, 88&lt;/td&gt;
		&lt;td class="tabelatd2"&gt;Criciúma/SC&lt;/td&gt;
		&lt;td class="tabelatd2"&gt;23F&lt;/td&gt;
		&lt;td class="tabelatd2"&gt;453&lt;/td&gt;
		&lt;td class="tabelatd2"&gt;Tipo Cobranca&lt;/td&gt;
		&lt;td class="tabelatd2"&gt;11/10/2018&lt;/td&gt;
		&lt;td class="tabelatd2"&gt;110.00&lt;/td&gt;
		&lt;td class="tabelatd2"&gt;0.00&lt;/td&gt;
		&lt;td class="tabelatd2"&gt;0.00&lt;/td&gt;
		&lt;td class="tabelatd2"&gt;0.00&lt;/td&gt;
		&lt;td class="tabelatd2"&gt;&lt;br&gt;&lt;br&gt;&lt;/td&gt;
	&lt;/tr&gt;
	&lt;tr&gt;
		&lt;td class="tabelatd1"&gt;2-Fulano de Tal (111.111.111-11)&lt;/td&gt;
		&lt;td class="tabelatd1"&gt;Rua Sem Fim, N�mero zero, Bairro Normal&lt;/td&gt;
		&lt;td class="tabelatd1"&gt;Cocal do Sul/SC&lt;/td&gt;
		&lt;td class="tabelatd1"&gt;0F&lt;/td&gt;
		&lt;td class="tabelatd1"&gt;3&lt;/td&gt;
		&lt;td class="tabelatd1"&gt;Tipo Cobranca&lt;/td&gt;
		&lt;td class="tabelatd1"&gt;10/10/2018&lt;/td&gt;
		&lt;td class="tabelatd1"&gt;110.00&lt;/td&gt;
		&lt;td class="tabelatd1"&gt;0.00&lt;/td&gt;
		&lt;td class="tabelatd1"&gt;0.00&lt;/td&gt;
		&lt;td class="tabelatd1"&gt;0.00&lt;/td&gt;
		&lt;td class="tabelatd1"&gt;&lt;br&gt;&lt;br&gt;&lt;/td&gt;
	&lt;/tr&gt;
	&lt;tr&gt;
		&lt;td class="tabelatd2"&gt;2-Fulano de Tal (111.111.111-11)&lt;/td&gt;
		&lt;td class="tabelatd2"&gt;Rua Sem Fim, N�mero zero, Bairro Normal&lt;/td&gt;
		&lt;td class="tabelatd2"&gt;Cocal do Sul/SC&lt;/td&gt;
		&lt;td class="tabelatd2"&gt;0F&lt;/td&gt;
		&lt;td class="tabelatd2"&gt;7&lt;/td&gt;
		&lt;td class="tabelatd2"&gt;Tipo Cobranca&lt;/td&gt;
		&lt;td class="tabelatd2"&gt;10/10/2018&lt;/td&gt;
		&lt;td class="tabelatd2"&gt;110.00&lt;/td&gt;
		&lt;td class="tabelatd2"&gt;0.00&lt;/td&gt;
		&lt;td class="tabelatd2"&gt;0.00&lt;/td&gt;
		&lt;td class="tabelatd2"&gt;0.00&lt;/td&gt;
		&lt;td class="tabelatd2"&gt;&lt;br&gt;&lt;br&gt;&lt;/td&gt;
	&lt;/tr&gt;
	&lt;tr&gt;
		&lt;td class="tabelatd1"&gt;2-Fulano de Tal (111.111.111-11)&lt;/td&gt;
		&lt;td class="tabelatd1"&gt;Rua Sem Fim, N�mero zero, Bairro Normal&lt;/td&gt;
		&lt;td class="tabelatd1"&gt;Cocal do Sul/SC&lt;/td&gt;
		&lt;td class="tabelatd1"&gt;0F&lt;/td&gt;
		&lt;td class="tabelatd1"&gt;11&lt;/td&gt;
		&lt;td class="tabelatd1"&gt;Tipo Cobranca&lt;/td&gt;
		&lt;td class="tabelatd1"&gt;10/10/2018&lt;/td&gt;
		&lt;td class="tabelatd1"&gt;110.00&lt;/td&gt;
		&lt;td class="tabelatd1"&gt;0.00&lt;/td&gt;
		&lt;td class="tabelatd1"&gt;0.00&lt;/td&gt;
		&lt;td class="tabelatd1"&gt;0.00&lt;/td&gt;
		&lt;td class="tabelatd1"&gt;&lt;br&gt;&lt;br&gt;&lt;/td&gt;
	&lt;/tr&gt;
	&lt;tr&gt;
		&lt;td class="tabelatd2"&gt;2-Fulano de Tal (111.111.111-11)&lt;/td&gt;
		&lt;td class="tabelatd2"&gt;Rua Sem Fim, N�mero zero, Bairro Normal&lt;/td&gt;
		&lt;td class="tabelatd2"&gt;Cocal do Sul/SC&lt;/td&gt;
		&lt;td class="tabelatd2"&gt;0F&lt;/td&gt;
		&lt;td class="tabelatd2"&gt;15&lt;/td&gt;
		&lt;td class="tabelatd2"&gt;Tipo Cobranca&lt;/td&gt;
		&lt;td class="tabelatd2"&gt;10/10/2018&lt;/td&gt;
		&lt;td class="tabelatd2"&gt;110.00&lt;/td&gt;
		&lt;td class="tabelatd2"&gt;0.00&lt;/td&gt;
		&lt;td class="tabelatd2"&gt;0.00&lt;/td&gt;
		&lt;td class="tabelatd2"&gt;0.00&lt;/td&gt;
		&lt;td class="tabelatd2"&gt;&lt;br&gt;&lt;br&gt;&lt;/td&gt;
	&lt;/tr&gt;
	&lt;tr&gt;
		&lt;td class="tabelatd1"&gt;2-Fulano de Tal (111.111.111-11)&lt;/td&gt;
		&lt;td class="tabelatd1"&gt;Rua Sem Fim, N�mero zero, Bairro Normal&lt;/td&gt;
		&lt;td class="tabelatd1"&gt;Cocal do Sul/SC&lt;/td&gt;
		&lt;td class="tabelatd1"&gt;0F&lt;/td&gt;
		&lt;td class="tabelatd1"&gt;19&lt;/td&gt;
		&lt;td class="tabelatd1"&gt;Tipo Cobranca&lt;/td&gt;
		&lt;td class="tabelatd1"&gt;10/10/2018&lt;/td&gt;
		&lt;td class="tabelatd1"&gt;110.00&lt;/td&gt;
		&lt;td class="tabelatd1"&gt;0.00&lt;/td&gt;
		&lt;td class="tabelatd1"&gt;0.00&lt;/td&gt;
		&lt;td class="tabelatd1"&gt;0.00&lt;/td&gt;
		&lt;td class="tabelatd1"&gt;&lt;br&gt;&lt;br&gt;&lt;/td&gt;
	&lt;/tr&gt;
	&lt;tr&gt;
		&lt;td class="tabelatd2"&gt;2-Fulano de Tal (111.111.111-11)&lt;/td&gt;
		&lt;td class="tabelatd2"&gt;Rua Sem Fim, N�mero zero, Bairro Normal&lt;/td&gt;
		&lt;td class="tabelatd2"&gt;Cocal do Sul/SC&lt;/td&gt;
		&lt;td class="tabelatd2"&gt;0F&lt;/td&gt;
		&lt;td class="tabelatd2"&gt;23&lt;/td&gt;
		&lt;td class="tabelatd2"&gt;Tipo Cobranca&lt;/td&gt;
		&lt;td class="tabelatd2"&gt;10/10/2018&lt;/td&gt;
		&lt;td class="tabelatd2"&gt;110.00&lt;/td&gt;
		&lt;td class="tabelatd2"&gt;0.00&lt;/td&gt;
		&lt;td class="tabelatd2"&gt;0.00&lt;/td&gt;
		&lt;td class="tabelatd2"&gt;0.00&lt;/td&gt;
		&lt;td class="tabelatd2"&gt;&lt;br&gt;&lt;br&gt;&lt;/td&gt;
	&lt;/tr&gt;
	&lt;tr&gt;
		&lt;td class="tabelatd1"&gt;2-Fulano de Tal (111.111.111-11)&lt;/td&gt;
		&lt;td class="tabelatd1"&gt;Rua Sem Fim, N�mero zero, Bairro Normal&lt;/td&gt;
		&lt;td class="tabelatd1"&gt;Cocal do Sul/SC&lt;/td&gt;
		&lt;td class="tabelatd1"&gt;0F&lt;/td&gt;
		&lt;td class="tabelatd1"&gt;27&lt;/td&gt;
		&lt;td class="tabelatd1"&gt;Tipo Cobranca&lt;/td&gt;
		&lt;td class="tabelatd1"&gt;10/10/2018&lt;/td&gt;
		&lt;td class="tabelatd1"&gt;110.00&lt;/td&gt;
		&lt;td class="tabelatd1"&gt;0.00&lt;/td&gt;
		&lt;td class="tabelatd1"&gt;0.00&lt;/td&gt;
		&lt;td class="tabelatd1"&gt;0.00&lt;/td&gt;
		&lt;td class="tabelatd1"&gt;&lt;br&gt;&lt;br&gt;&lt;/td&gt;
	&lt;/tr&gt;
	&lt;tr&gt;
		&lt;td class="tabelatd2"&gt;2-Fulano de Tal (111.111.111-11)&lt;/td&gt;
		&lt;td class="tabelatd2"&gt;Rua Sem Fim, N�mero zero, Bairro Normal&lt;/td&gt;
		&lt;td class="tabelatd2"&gt;Cocal do Sul/SC&lt;/td&gt;
		&lt;td class="tabelatd2"&gt;0F&lt;/td&gt;
		&lt;td class="tabelatd2"&gt;34&lt;/td&gt;
		&lt;td class="tabelatd2"&gt;Tipo Cobranca&lt;/td&gt;
		&lt;td class="tabelatd2"&gt;10/10/2018&lt;/td&gt;
		&lt;td class="tabelatd2"&gt;110.00&lt;/td&gt;
		&lt;td class="tabelatd2"&gt;0.00&lt;/td&gt;
		&lt;td class="tabelatd2"&gt;0.00&lt;/td&gt;
		&lt;td class="tabelatd2"&gt;0.00&lt;/td&gt;
		&lt;td class="tabelatd2"&gt;&lt;br&gt;&lt;br&gt;&lt;/td&gt;
	&lt;/tr&gt;
	&lt;tr&gt;
		&lt;td class="tabelatd1"&gt;2-Fulano de Tal (111.111.111-11)&lt;/td&gt;
		&lt;td class="tabelatd1"&gt;Rua Sem Fim, N�mero zero, Bairro Normal&lt;/td&gt;
		&lt;td class="tabelatd1"&gt;Cocal do Sul/SC&lt;/td&gt;
		&lt;td class="tabelatd1"&gt;0F&lt;/td&gt;
		&lt;td class="tabelatd1"&gt;42&lt;/td&gt;
		&lt;td class="tabelatd1"&gt;Tipo Cobranca&lt;/td&gt;
		&lt;td class="tabelatd1"&gt;10/10/2018&lt;/td&gt;
		&lt;td class="tabelatd1"&gt;110.00&lt;/td&gt;
		&lt;td class="tabelatd1"&gt;0.00&lt;/td&gt;
		&lt;td class="tabelatd1"&gt;0.00&lt;/td&gt;
		&lt;td class="tabelatd1"&gt;0.00&lt;/td&gt;
		&lt;td class="tabelatd1"&gt;&lt;br&gt;&lt;br&gt;&lt;/td&gt;
	&lt;/tr&gt;
	&lt;tr&gt;
		&lt;td class="tabelatd2"&gt;2-Fulano de Tal (111.111.111-11)&lt;/td&gt;
		&lt;td class="tabelatd2"&gt;Rua Sem Fim, N�mero zero, Bairro Normal&lt;/td&gt;
		&lt;td class="tabelatd2"&gt;Cocal do Sul/SC&lt;/td&gt;
		&lt;td class="tabelatd2"&gt;0F&lt;/td&gt;
		&lt;td class="tabelatd2"&gt;53&lt;/td&gt;
		&lt;td class="tabelatd2"&gt;Tipo Cobranca&lt;/td&gt;
		&lt;td class="tabelatd2"&gt;10/10/2018&lt;/td&gt;
		&lt;td class="tabelatd2"&gt;110.00&lt;/td&gt;
		&lt;td class="tabelatd2"&gt;0.00&lt;/td&gt;
		&lt;td class="tabelatd2"&gt;0.00&lt;/td&gt;
		&lt;td class="tabelatd2"&gt;0.00&lt;/td&gt;
		&lt;td class="tabelatd2"&gt;&lt;br&gt;&lt;br&gt;&lt;/td&gt;
	&lt;/tr&gt;
	&lt;tr&gt;
		&lt;td class="tabelatd1"&gt;2-Fulano de Tal (111.111.111-11)&lt;/td&gt;
		&lt;td class="tabelatd1"&gt;Rua Sem Fim, N�mero zero, Bairro Normal&lt;/td&gt;
		&lt;td class="tabelatd1"&gt;Cocal do Sul/SC&lt;/td&gt;
		&lt;td class="tabelatd1"&gt;0F&lt;/td&gt;
		&lt;td class="tabelatd1"&gt;66&lt;/td&gt;
		&lt;td class="tabelatd1"&gt;Tipo Cobranca&lt;/td&gt;
		&lt;td class="tabelatd1"&gt;10/10/2018&lt;/td&gt;
		&lt;td class="tabelatd1"&gt;110.00&lt;/td&gt;
		&lt;td class="tabelatd1"&gt;0.00&lt;/td&gt;
		&lt;td class="tabelatd1"&gt;0.00&lt;/td&gt;
		&lt;td class="tabelatd1"&gt;0.00&lt;/td&gt;
		&lt;td class="tabelatd1"&gt;&lt;br&gt;&lt;br&gt;&lt;/td&gt;
	&lt;/tr&gt;
	&lt;tr&gt;
		&lt;td class="tabelatd2"&gt;2-Fulano de Tal (111.111.111-11)&lt;/td&gt;
		&lt;td class="tabelatd2"&gt;Rua Sem Fim, N�mero zero, Bairro Normal&lt;/td&gt;
		&lt;td class="tabelatd2"&gt;Cocal do Sul/SC&lt;/td&gt;
		&lt;td class="tabelatd2"&gt;0F&lt;/td&gt;
		&lt;td class="tabelatd2"&gt;81&lt;/td&gt;
		&lt;td class="tabelatd2"&gt;Tipo Cobranca&lt;/td&gt;
		&lt;td class="tabelatd2"&gt;10/10/2018&lt;/td&gt;
		&lt;td class="tabelatd2"&gt;110.00&lt;/td&gt;
		&lt;td class="tabelatd2"&gt;0.00&lt;/td&gt;
		&lt;td class="tabelatd2"&gt;0.00&lt;/td&gt;
		&lt;td class="tabelatd2"&gt;0.00&lt;/td&gt;
		&lt;td class="tabelatd2"&gt;&lt;br&gt;&lt;br&gt;&lt;/td&gt;
	&lt;/tr&gt;
	&lt;tr&gt;
		&lt;td class="tabelatd1"&gt;2-Fulano de Tal (111.111.111-11)&lt;/td&gt;
		&lt;td class="tabelatd1"&gt;Rua Sem Fim, N�mero zero, Bairro Normal&lt;/td&gt;
		&lt;td class="tabelatd1"&gt;Cocal do Sul/SC&lt;/td&gt;
		&lt;td class="tabelatd1"&gt;0F&lt;/td&gt;
		&lt;td class="tabelatd1"&gt;97&lt;/td&gt;
		&lt;td class="tabelatd1"&gt;Tipo Cobranca&lt;/td&gt;
		&lt;td class="tabelatd1"&gt;10/10/2018&lt;/td&gt;
		&lt;td class="tabelatd1"&gt;110.00&lt;/td&gt;
		&lt;td class="tabelatd1"&gt;0.00&lt;/td&gt;
		&lt;td class="tabelatd1"&gt;0.00&lt;/td&gt;
		&lt;td class="tabelatd1"&gt;0.00&lt;/td&gt;
		&lt;td class="tabelatd1"&gt;&lt;br&gt;&lt;br&gt;&lt;/td&gt;
	&lt;/tr&gt;
	&lt;tr&gt;
		&lt;td class="tabelatd2"&gt;2-Fulano de Tal (111.111.111-11)&lt;/td&gt;
		&lt;td class="tabelatd2"&gt;Rua Sem Fim, N�mero zero, Bairro Normal&lt;/td&gt;
		&lt;td class="tabelatd2"&gt;Cocal do Sul/SC&lt;/td&gt;
		&lt;td class="tabelatd2"&gt;0F&lt;/td&gt;
		&lt;td class="tabelatd2"&gt;124&lt;/td&gt;
		&lt;td class="tabelatd2"&gt;Tipo Cobranca&lt;/td&gt;
		&lt;td class="tabelatd2"&gt;10/10/2018&lt;/td&gt;
		&lt;td class="tabelatd2"&gt;110.00&lt;/td&gt;
		&lt;td class="tabelatd2"&gt;0.00&lt;/td&gt;
		&lt;td class="tabelatd2"&gt;0.00&lt;/td&gt;
		&lt;td class="tabelatd2"&gt;0.00&lt;/td&gt;
		&lt;td class="tabelatd2"&gt;&lt;br&gt;&lt;br&gt;&lt;/td&gt;
	&lt;/tr&gt;
	&lt;tr&gt;
		&lt;td class="tabelatd1"&gt;2-Fulano de Tal (111.111.111-11)&lt;/td&gt;
		&lt;td class="tabelatd1"&gt;Rua Sem Fim, N�mero zero, Bairro Normal&lt;/td&gt;
		&lt;td class="tabelatd1"&gt;Cocal do Sul/SC&lt;/td&gt;
		&lt;td class="tabelatd1"&gt;0F&lt;/td&gt;
		&lt;td class="tabelatd1"&gt;148&lt;/td&gt;
		&lt;td class="tabelatd1"&gt;Tipo Cobranca&lt;/td&gt;
		&lt;td class="tabelatd1"&gt;10/10/2018&lt;/td&gt;
		&lt;td class="tabelatd1"&gt;110.00&lt;/td&gt;
		&lt;td class="tabelatd1"&gt;0.00&lt;/td&gt;
		&lt;td class="tabelatd1"&gt;0.00&lt;/td&gt;
		&lt;td class="tabelatd1"&gt;0.00&lt;/td&gt;
		&lt;td class="tabelatd1"&gt;&lt;br&gt;&lt;br&gt;&lt;/td&gt;
	&lt;/tr&gt;
	&lt;tr&gt;
		&lt;td class="tabelatd2"&gt;2-Fulano de Tal (111.111.111-11)&lt;/td&gt;
		&lt;td class="tabelatd2"&gt;Rua Sem Fim, N�mero zero, Bairro Normal&lt;/td&gt;
		&lt;td class="tabelatd2"&gt;Cocal do Sul/SC&lt;/td&gt;
		&lt;td class="tabelatd2"&gt;0F&lt;/td&gt;
		&lt;td class="tabelatd2"&gt;168&lt;/td&gt;
		&lt;td class="tabelatd2"&gt;Tipo Cobranca&lt;/td&gt;
		&lt;td class="tabelatd2"&gt;10/10/2018&lt;/td&gt;
		&lt;td class="tabelatd2"&gt;110.00&lt;/td&gt;
		&lt;td class="tabelatd2"&gt;0.00&lt;/td&gt;
		&lt;td class="tabelatd2"&gt;0.00&lt;/td&gt;
		&lt;td class="tabelatd2"&gt;0.00&lt;/td&gt;
		&lt;td class="tabelatd2"&gt;&lt;br&gt;&lt;br&gt;&lt;/td&gt;
	&lt;/tr&gt;
	&lt;tr&gt;
		&lt;td class="tabelatd1"&gt;2-Fulano de Tal (111.111.111-11)&lt;/td&gt;
		&lt;td class="tabelatd1"&gt;Rua Sem Fim, N�mero zero, Bairro Normal&lt;/td&gt;
		&lt;td class="tabelatd1"&gt;Cocal do Sul/SC&lt;/td&gt;
		&lt;td class="tabelatd1"&gt;0F&lt;/td&gt;
		&lt;td class="tabelatd1"&gt;188&lt;/td&gt;
		&lt;td class="tabelatd1"&gt;Tipo Cobranca&lt;/td&gt;
		&lt;td class="tabelatd1"&gt;10/10/2018&lt;/td&gt;
		&lt;td class="tabelatd1"&gt;110.00&lt;/td&gt;
		&lt;td class="tabelatd1"&gt;0.00&lt;/td&gt;
		&lt;td class="tabelatd1"&gt;0.00&lt;/td&gt;
		&lt;td class="tabelatd1"&gt;0.00&lt;/td&gt;
		&lt;td class="tabelatd1"&gt;&lt;br&gt;&lt;br&gt;&lt;/td&gt;
	&lt;/tr&gt;
	&lt;tr&gt;
		&lt;td class="tabelatd2"&gt;2-Fulano de Tal (111.111.111-11)&lt;/td&gt;
		&lt;td class="tabelatd2"&gt;Rua Sem Fim, N�mero zero, Bairro Normal&lt;/td&gt;
		&lt;td class="tabelatd2"&gt;Cocal do Sul/SC&lt;/td&gt;
		&lt;td class="tabelatd2"&gt;0F&lt;/td&gt;
		&lt;td class="tabelatd2"&gt;208&lt;/td&gt;
		&lt;td class="tabelatd2"&gt;Tipo Cobranca&lt;/td&gt;
		&lt;td class="tabelatd2"&gt;10/10/2018&lt;/td&gt;
		&lt;td class="tabelatd2"&gt;110.00&lt;/td&gt;
		&lt;td class="tabelatd2"&gt;0.00&lt;/td&gt;
		&lt;td class="tabelatd2"&gt;0.00&lt;/td&gt;
		&lt;td class="tabelatd2"&gt;0.00&lt;/td&gt;
		&lt;td class="tabelatd2"&gt;&lt;br&gt;&lt;br&gt;&lt;/td&gt;
	&lt;/tr&gt;
	&lt;tr&gt;
		&lt;td class="tabelatd1"&gt;2-Fulano de Tal (111.111.111-11)&lt;/td&gt;
		&lt;td class="tabelatd1"&gt;Rua Sem Fim, N�mero zero, Bairro Normal&lt;/td&gt;
		&lt;td class="tabelatd1"&gt;Cocal do Sul/SC&lt;/td&gt;
		&lt;td class="tabelatd1"&gt;0F&lt;/td&gt;
		&lt;td class="tabelatd1"&gt;231&lt;/td&gt;
		&lt;td class="tabelatd1"&gt;Tipo Cobranca&lt;/td&gt;
		&lt;td class="tabelatd1"&gt;10/10/2018&lt;/td&gt;
		&lt;td class="tabelatd1"&gt;110.00&lt;/td&gt;
		&lt;td class="tabelatd1"&gt;0.00&lt;/td&gt;
		&lt;td class="tabelatd1"&gt;0.00&lt;/td&gt;
		&lt;td class="tabelatd1"&gt;0.00&lt;/td&gt;
		&lt;td class="tabelatd1"&gt;&lt;br&gt;&lt;br&gt;&lt;/td&gt;
	&lt;/tr&gt;
	&lt;tr&gt;
		&lt;td class="tabelatd2"&gt;2-Fulano de Tal (111.111.111-11)&lt;/td&gt;
		&lt;td class="tabelatd2"&gt;Rua Sem Fim, N�mero zero, Bairro Normal&lt;/td&gt;
		&lt;td class="tabelatd2"&gt;Cocal do Sul/SC&lt;/td&gt;
		&lt;td class="tabelatd2"&gt;0F&lt;/td&gt;
		&lt;td class="tabelatd2"&gt;254&lt;/td&gt;
		&lt;td class="tabelatd2"&gt;Tipo Cobranca&lt;/td&gt;
		&lt;td class="tabelatd2"&gt;10/10/2018&lt;/td&gt;
		&lt;td class="tabelatd2"&gt;110.00&lt;/td&gt;
		&lt;td class="tabelatd2"&gt;0.00&lt;/td&gt;
		&lt;td class="tabelatd2"&gt;0.00&lt;/td&gt;
		&lt;td class="tabelatd2"&gt;0.00&lt;/td&gt;
		&lt;td class="tabelatd2"&gt;&lt;br&gt;&lt;br&gt;&lt;/td&gt;
	&lt;/tr&gt;
	&lt;tr&gt;
		&lt;td class="tabelatd1"&gt;2-Fulano de Tal (111.111.111-11)&lt;/td&gt;
		&lt;td class="tabelatd1"&gt;Rua Sem Fim, N�mero zero, Bairro Normal&lt;/td&gt;
		&lt;td class="tabelatd1"&gt;Cocal do Sul/SC&lt;/td&gt;
		&lt;td class="tabelatd1"&gt;0F&lt;/td&gt;
		&lt;td class="tabelatd1"&gt;279&lt;/td&gt;
		&lt;td class="tabelatd1"&gt;Tipo Cobranca&lt;/td&gt;
		&lt;td class="tabelatd1"&gt;10/10/2018&lt;/td&gt;
		&lt;td class="tabelatd1"&gt;110.00&lt;/td&gt;
		&lt;td class="tabelatd1"&gt;0.00&lt;/td&gt;
		&lt;td class="tabelatd1"&gt;0.00&lt;/td&gt;
		&lt;td class="tabelatd1"&gt;0.00&lt;/td&gt;
		&lt;td class="tabelatd1"&gt;&lt;br&gt;&lt;br&gt;&lt;/td&gt;
	&lt;/tr&gt;
	&lt;tr&gt;
		&lt;td class="tabelatd2"&gt;2-Fulano de Tal (111.111.111-11)&lt;/td&gt;
		&lt;td class="tabelatd2"&gt;Rua Sem Fim, N�mero zero, Bairro Normal&lt;/td&gt;
		&lt;td class="tabelatd2"&gt;Cocal do Sul/SC&lt;/td&gt;
		&lt;td class="tabelatd2"&gt;0F&lt;/td&gt;
		&lt;td class="tabelatd2"&gt;306&lt;/td&gt;
		&lt;td class="tabelatd2"&gt;Tipo Cobranca&lt;/td&gt;
		&lt;td class="tabelatd2"&gt;10/10/2018&lt;/td&gt;
		&lt;td class="tabelatd2"&gt;110.00&lt;/td&gt;
		&lt;td class="tabelatd2"&gt;0.00&lt;/td&gt;
		&lt;td class="tabelatd2"&gt;0.00&lt;/td&gt;
		&lt;td class="tabelatd2"&gt;0.00&lt;/td&gt;
		&lt;td class="tabelatd2"&gt;&lt;br&gt;&lt;br&gt;&lt;/td&gt;
	&lt;/tr&gt;
	&lt;tr&gt;
		&lt;td class="tabelatd1"&gt;2-Fulano de Tal (111.111.111-11)&lt;/td&gt;
		&lt;td class="tabelatd1"&gt;Rua Sem Fim, N�mero zero, Bairro Normal&lt;/td&gt;
		&lt;td class="tabelatd1"&gt;Cocal do Sul/SC&lt;/td&gt;
		&lt;td class="tabelatd1"&gt;0F&lt;/td&gt;
		&lt;td class="tabelatd1"&gt;335&lt;/td&gt;
		&lt;td class="tabelatd1"&gt;Tipo Cobranca&lt;/td&gt;
		&lt;td class="tabelatd1"&gt;10/10/2018&lt;/td&gt;
		&lt;td class="tabelatd1"&gt;110.00&lt;/td&gt;
		&lt;td class="tabelatd1"&gt;0.00&lt;/td&gt;
		&lt;td class="tabelatd1"&gt;0.00&lt;/td&gt;
		&lt;td class="tabelatd1"&gt;0.00&lt;/td&gt;
		&lt;td class="tabelatd1"&gt;&lt;br&gt;&lt;br&gt;&lt;/td&gt;
	&lt;/tr&gt;
	&lt;tr&gt;
		&lt;td class="tabelatd2"&gt;2-Fulano de Tal (111.111.111-11)&lt;/td&gt;
		&lt;td class="tabelatd2"&gt;Rua Sem Fim, N�mero zero, Bairro Normal&lt;/td&gt;
		&lt;td class="tabelatd2"&gt;Cocal do Sul/SC&lt;/td&gt;
		&lt;td class="tabelatd2"&gt;0F&lt;/td&gt;
		&lt;td class="tabelatd2"&gt;366&lt;/td&gt;
		&lt;td class="tabelatd2"&gt;Tipo Cobranca&lt;/td&gt;
		&lt;td class="tabelatd2"&gt;10/10/2018&lt;/td&gt;
		&lt;td class="tabelatd2"&gt;110.00&lt;/td&gt;
		&lt;td class="tabelatd2"&gt;0.00&lt;/td&gt;
		&lt;td class="tabelatd2"&gt;0.00&lt;/td&gt;
		&lt;td class="tabelatd2"&gt;0.00&lt;/td&gt;
		&lt;td class="tabelatd2"&gt;&lt;br&gt;&lt;br&gt;&lt;/td&gt;
	&lt;/tr&gt;
	&lt;tr&gt;
		&lt;td class="tabelatd1"&gt;2-Fulano de Tal (111.111.111-11)&lt;/td&gt;
		&lt;td class="tabelatd1"&gt;Rua Sem Fim, N�mero zero, Bairro Normal&lt;/td&gt;
		&lt;td class="tabelatd1"&gt;Cocal do Sul/SC&lt;/td&gt;
		&lt;td class="tabelatd1"&gt;0F&lt;/td&gt;
		&lt;td class="tabelatd1"&gt;399&lt;/td&gt;
		&lt;td class="tabelatd1"&gt;Tipo Cobranca&lt;/td&gt;
		&lt;td class="tabelatd1"&gt;10/10/2018&lt;/td&gt;
		&lt;td class="tabelatd1"&gt;110.00&lt;/td&gt;
		&lt;td class="tabelatd1"&gt;0.00&lt;/td&gt;
		&lt;td class="tabelatd1"&gt;0.00&lt;/td&gt;
		&lt;td class="tabelatd1"&gt;0.00&lt;/td&gt;
		&lt;td class="tabelatd1"&gt;&lt;br&gt;&lt;br&gt;&lt;/td&gt;
	&lt;/tr&gt;
	&lt;tr&gt;
		&lt;td class="tabelatd2"&gt;2-Fulano de Tal (111.111.111-11)&lt;/td&gt;
		&lt;td class="tabelatd2"&gt;Rua Sem Fim, N�mero zero, Bairro Normal&lt;/td&gt;
		&lt;td class="tabelatd2"&gt;Cocal do Sul/SC&lt;/td&gt;
		&lt;td class="tabelatd2"&gt;0F&lt;/td&gt;
		&lt;td class="tabelatd2"&gt;434&lt;/td&gt;
		&lt;td class="tabelatd2"&gt;Tipo Cobranca&lt;/td&gt;
		&lt;td class="tabelatd2"&gt;10/10/2018&lt;/td&gt;
		&lt;td class="tabelatd2"&gt;110.00&lt;/td&gt;
		&lt;td class="tabelatd2"&gt;0.00&lt;/td&gt;
		&lt;td class="tabelatd2"&gt;0.00&lt;/td&gt;
		&lt;td class="tabelatd2"&gt;0.00&lt;/td&gt;
		&lt;td class="tabelatd2"&gt;&lt;br&gt;&lt;br&gt;&lt;/td&gt;
	&lt;/tr&gt;
	&lt;tr&gt;
		&lt;td class="tabelatd1"&gt;1-Fulano de Tal (652.392.539-00)&lt;/td&gt;
		&lt;td class="tabelatd1"&gt;Rua Geral&lt;/td&gt;
		&lt;td class="tabelatd1"&gt;Criciúma/SC&lt;/td&gt;
		&lt;td class="tabelatd1"&gt;1&lt;/td&gt;
		&lt;td class="tabelatd1"&gt;2&lt;/td&gt;
		&lt;td class="tabelatd1"&gt;Tipo Cobranca&lt;/td&gt;
		&lt;td class="tabelatd1"&gt;10/10/2018&lt;/td&gt;
		&lt;td class="tabelatd1"&gt;110.00&lt;/td&gt;
		&lt;td class="tabelatd1"&gt;0.00&lt;/td&gt;
		&lt;td class="tabelatd1"&gt;0.00&lt;/td&gt;
		&lt;td class="tabelatd1"&gt;0.00&lt;/td&gt;
		&lt;td class="tabelatd1"&gt;&lt;br&gt;&lt;br&gt;&lt;/td&gt;
	&lt;/tr&gt;
	&lt;tr&gt;
		&lt;td class="tabelatd2"&gt;1-Fulano de Tal (652.392.539-00)&lt;/td&gt;
		&lt;td class="tabelatd2"&gt;Rua Geral&lt;/td&gt;
		&lt;td class="tabelatd2"&gt;Criciúma/SC&lt;/td&gt;
		&lt;td class="tabelatd2"&gt;1&lt;/td&gt;
		&lt;td class="tabelatd2"&gt;6&lt;/td&gt;
		&lt;td class="tabelatd2"&gt;Tipo Cobranca&lt;/td&gt;
		&lt;td class="tabelatd2"&gt;10/10/2018&lt;/td&gt;
		&lt;td class="tabelatd2"&gt;110.00&lt;/td&gt;
		&lt;td class="tabelatd2"&gt;0.00&lt;/td&gt;
		&lt;td class="tabelatd2"&gt;0.00&lt;/td&gt;
		&lt;td class="tabelatd2"&gt;0.00&lt;/td&gt;
		&lt;td class="tabelatd2"&gt;&lt;br&gt;&lt;br&gt;&lt;/td&gt;
	&lt;/tr&gt;
	&lt;tr&gt;
		&lt;td class="tabelatd1"&gt;1-Fulano de Tal (652.392.539-00)&lt;/td&gt;
		&lt;td class="tabelatd1"&gt;Rua Geral&lt;/td&gt;
		&lt;td class="tabelatd1"&gt;Criciúma/SC&lt;/td&gt;
		&lt;td class="tabelatd1"&gt;1&lt;/td&gt;
		&lt;td class="tabelatd1"&gt;10&lt;/td&gt;
		&lt;td class="tabelatd1"&gt;Tipo Cobranca&lt;/td&gt;
		&lt;td class="tabelatd1"&gt;10/10/2018&lt;/td&gt;
		&lt;td class="tabelatd1"&gt;110.00&lt;/td&gt;
		&lt;td class="tabelatd1"&gt;0.00&lt;/td&gt;
		&lt;td class="tabelatd1"&gt;0.00&lt;/td&gt;
		&lt;td class="tabelatd1"&gt;0.00&lt;/td&gt;
		&lt;td class="tabelatd1"&gt;&lt;br&gt;&lt;br&gt;&lt;/td&gt;
	&lt;/tr&gt;
	&lt;tr&gt;
		&lt;td class="tabelatd2"&gt;1-Fulano de Tal (652.392.539-00)&lt;/td&gt;
		&lt;td class="tabelatd2"&gt;Rua Geral&lt;/td&gt;
		&lt;td class="tabelatd2"&gt;Criciúma/SC&lt;/td&gt;
		&lt;td class="tabelatd2"&gt;1&lt;/td&gt;
		&lt;td class="tabelatd2"&gt;14&lt;/td&gt;
		&lt;td class="tabelatd2"&gt;Tipo Cobranca&lt;/td&gt;
		&lt;td class="tabelatd2"&gt;10/10/2018&lt;/td&gt;
		&lt;td class="tabelatd2"&gt;110.00&lt;/td&gt;
		&lt;td class="tabelatd2"&gt;0.00&lt;/td&gt;
		&lt;td class="tabelatd2"&gt;0.00&lt;/td&gt;
		&lt;td class="tabelatd2"&gt;0.00&lt;/td&gt;
		&lt;td class="tabelatd2"&gt;&lt;br&gt;&lt;br&gt;&lt;/td&gt;
	&lt;/tr&gt;
	&lt;tr&gt;
		&lt;td class="tabelatd1"&gt;1-Fulano de Tal (652.392.539-00)&lt;/td&gt;
		&lt;td class="tabelatd1"&gt;Rua Geral&lt;/td&gt;
		&lt;td class="tabelatd1"&gt;Criciúma/SC&lt;/td&gt;
		&lt;td class="tabelatd1"&gt;1&lt;/td&gt;
		&lt;td class="tabelatd1"&gt;18&lt;/td&gt;
		&lt;td class="tabelatd1"&gt;Tipo Cobranca&lt;/td&gt;
		&lt;td class="tabelatd1"&gt;10/10/2018&lt;/td&gt;
		&lt;td class="tabelatd1"&gt;110.00&lt;/td&gt;
		&lt;td class="tabelatd1"&gt;0.00&lt;/td&gt;
		&lt;td class="tabelatd1"&gt;0.00&lt;/td&gt;
		&lt;td class="tabelatd1"&gt;0.00&lt;/td&gt;
		&lt;td class="tabelatd1"&gt;&lt;br&gt;&lt;br&gt;&lt;/td&gt;
	&lt;/tr&gt;
	&lt;tr&gt;
		&lt;td class="tabelatd2"&gt;1-Fulano de Tal (652.392.539-00)&lt;/td&gt;
		&lt;td class="tabelatd2"&gt;Rua Geral&lt;/td&gt;
		&lt;td class="tabelatd2"&gt;Criciúma/SC&lt;/td&gt;
		&lt;td class="tabelatd2"&gt;1&lt;/td&gt;
		&lt;td class="tabelatd2"&gt;22&lt;/td&gt;
		&lt;td class="tabelatd2"&gt;Tipo Cobranca&lt;/td&gt;
		&lt;td class="tabelatd2"&gt;10/10/2018&lt;/td&gt;
		&lt;td class="tabelatd2"&gt;110.00&lt;/td&gt;
		&lt;td class="tabelatd2"&gt;0.00&lt;/td&gt;
		&lt;td class="tabelatd2"&gt;0.00&lt;/td&gt;
		&lt;td class="tabelatd2"&gt;0.00&lt;/td&gt;
		&lt;td class="tabelatd2"&gt;&lt;br&gt;&lt;br&gt;&lt;/td&gt;
	&lt;/tr&gt;
	&lt;tr&gt;
		&lt;td class="tabelatd1"&gt;1-Fulano de Tal (652.392.539-00)&lt;/td&gt;
		&lt;td class="tabelatd1"&gt;Rua Geral&lt;/td&gt;
		&lt;td class="tabelatd1"&gt;Criciúma/SC&lt;/td&gt;
		&lt;td class="tabelatd1"&gt;1&lt;/td&gt;
		&lt;td class="tabelatd1"&gt;26&lt;/td&gt;
		&lt;td class="tabelatd1"&gt;Tipo Cobranca&lt;/td&gt;
		&lt;td class="tabelatd1"&gt;10/10/2018&lt;/td&gt;
		&lt;td class="tabelatd1"&gt;110.00&lt;/td&gt;
		&lt;td class="tabelatd1"&gt;0.00&lt;/td&gt;
		&lt;td class="tabelatd1"&gt;0.00&lt;/td&gt;
		&lt;td class="tabelatd1"&gt;0.00&lt;/td&gt;
		&lt;td class="tabelatd1"&gt;&lt;br&gt;&lt;br&gt;&lt;/td&gt;
	&lt;/tr&gt;
	&lt;tr&gt;
		&lt;td class="tabelatd2"&gt;1-Fulano de Tal (652.392.539-00)&lt;/td&gt;
		&lt;td class="tabelatd2"&gt;Rua Geral&lt;/td&gt;
		&lt;td class="tabelatd2"&gt;Criciúma/SC&lt;/td&gt;
		&lt;td class="tabelatd2"&gt;1&lt;/td&gt;
		&lt;td class="tabelatd2"&gt;33&lt;/td&gt;
		&lt;td class="tabelatd2"&gt;Tipo Cobranca&lt;/td&gt;
		&lt;td class="tabelatd2"&gt;10/10/2018&lt;/td&gt;
		&lt;td class="tabelatd2"&gt;110.00&lt;/td&gt;
		&lt;td class="tabelatd2"&gt;0.00&lt;/td&gt;
		&lt;td class="tabelatd2"&gt;0.00&lt;/td&gt;
		&lt;td class="tabelatd2"&gt;0.00&lt;/td&gt;
		&lt;td class="tabelatd2"&gt;&lt;br&gt;&lt;br&gt;&lt;/td&gt;
	&lt;/tr&gt;
	&lt;tr&gt;
		&lt;td class="tabelatd1"&gt;1-Fulano de Tal (652.392.539-00)&lt;/td&gt;
		&lt;td class="tabelatd1"&gt;Rua Geral&lt;/td&gt;
		&lt;td class="tabelatd1"&gt;Criciúma/SC&lt;/td&gt;
		&lt;td class="tabelatd1"&gt;1&lt;/td&gt;
		&lt;td class="tabelatd1"&gt;41&lt;/td&gt;
		&lt;td class="tabelatd1"&gt;Tipo Cobranca&lt;/td&gt;
		&lt;td class="tabelatd1"&gt;10/10/2018&lt;/td&gt;
		&lt;td class="tabelatd1"&gt;110.00&lt;/td&gt;
		&lt;td class="tabelatd1"&gt;0.00&lt;/td&gt;
		&lt;td class="tabelatd1"&gt;0.00&lt;/td&gt;
		&lt;td class="tabelatd1"&gt;0.00&lt;/td&gt;
		&lt;td class="tabelatd1"&gt;&lt;br&gt;&lt;br&gt;&lt;/td&gt;
	&lt;/tr&gt;
	&lt;tr&gt;
		&lt;td class="tabelatd2"&gt;1-Fulano de Tal (652.392.539-00)&lt;/td&gt;
		&lt;td class="tabelatd2"&gt;Rua Geral&lt;/td&gt;
		&lt;td class="tabelatd2"&gt;Criciúma/SC&lt;/td&gt;
		&lt;td class="tabelatd2"&gt;1&lt;/td&gt;
		&lt;td class="tabelatd2"&gt;52&lt;/td&gt;
		&lt;td class="tabelatd2"&gt;Tipo Cobranca&lt;/td&gt;
		&lt;td class="tabelatd2"&gt;10/10/2018&lt;/td&gt;
		&lt;td class="tabelatd2"&gt;110.00&lt;/td&gt;
		&lt;td class="tabelatd2"&gt;0.00&lt;/td&gt;
		&lt;td class="tabelatd2"&gt;0.00&lt;/td&gt;
		&lt;td class="tabelatd2"&gt;0.00&lt;/td&gt;
		&lt;td class="tabelatd2"&gt;&lt;br&gt;&lt;br&gt;&lt;/td&gt;
	&lt;/tr&gt;
	&lt;tr&gt;
		&lt;td class="tabelatd1"&gt;1-Fulano de Tal (652.392.539-00)&lt;/td&gt;
		&lt;td class="tabelatd1"&gt;Rua Geral&lt;/td&gt;
		&lt;td class="tabelatd1"&gt;Criciúma/SC&lt;/td&gt;
		&lt;td class="tabelatd1"&gt;1&lt;/td&gt;
		&lt;td class="tabelatd1"&gt;65&lt;/td&gt;
		&lt;td class="tabelatd1"&gt;Tipo Cobranca&lt;/td&gt;
		&lt;td class="tabelatd1"&gt;10/10/2018&lt;/td&gt;
		&lt;td class="tabelatd1"&gt;110.00&lt;/td&gt;
		&lt;td class="tabelatd1"&gt;0.00&lt;/td&gt;
		&lt;td class="tabelatd1"&gt;0.00&lt;/td&gt;
		&lt;td class="tabelatd1"&gt;0.00&lt;/td&gt;
		&lt;td class="tabelatd1"&gt;&lt;br&gt;&lt;br&gt;&lt;/td&gt;
	&lt;/tr&gt;
	&lt;tr&gt;
		&lt;td class="tabelatd2"&gt;1-Fulano de Tal (652.392.539-00)&lt;/td&gt;
		&lt;td class="tabelatd2"&gt;Rua Geral&lt;/td&gt;
		&lt;td class="tabelatd2"&gt;Criciúma/SC&lt;/td&gt;
		&lt;td class="tabelatd2"&gt;1&lt;/td&gt;
		&lt;td class="tabelatd2"&gt;80&lt;/td&gt;
		&lt;td class="tabelatd2"&gt;Tipo Cobranca&lt;/td&gt;
		&lt;td class="tabelatd2"&gt;10/10/2018&lt;/td&gt;
		&lt;td class="tabelatd2"&gt;110.00&lt;/td&gt;
		&lt;td class="tabelatd2"&gt;0.00&lt;/td&gt;
		&lt;td class="tabelatd2"&gt;0.00&lt;/td&gt;
		&lt;td class="tabelatd2"&gt;0.00&lt;/td&gt;
		&lt;td class="tabelatd2"&gt;&lt;br&gt;&lt;br&gt;&lt;/td&gt;
	&lt;/tr&gt;
	&lt;tr&gt;
		&lt;td class="tabelatd1"&gt;1-Fulano de Tal (652.392.539-00)&lt;/td&gt;
		&lt;td class="tabelatd1"&gt;Rua Geral&lt;/td&gt;
		&lt;td class="tabelatd1"&gt;Criciúma/SC&lt;/td&gt;
		&lt;td class="tabelatd1"&gt;1&lt;/td&gt;
		&lt;td class="tabelatd1"&gt;96&lt;/td&gt;
		&lt;td class="tabelatd1"&gt;Tipo Cobranca&lt;/td&gt;
		&lt;td class="tabelatd1"&gt;10/10/2018&lt;/td&gt;
		&lt;td class="tabelatd1"&gt;110.00&lt;/td&gt;
		&lt;td class="tabelatd1"&gt;0.00&lt;/td&gt;
		&lt;td class="tabelatd1"&gt;0.00&lt;/td&gt;
		&lt;td class="tabelatd1"&gt;0.00&lt;/td&gt;
		&lt;td class="tabelatd1"&gt;&lt;br&gt;&lt;br&gt;&lt;/td&gt;
	&lt;/tr&gt;
	&lt;tr&gt;
		&lt;td class="tabelatd2"&gt;1-Fulano de Tal (652.392.539-00)&lt;/td&gt;
		&lt;td class="tabelatd2"&gt;Rua Geral&lt;/td&gt;
		&lt;td class="tabelatd2"&gt;Criciúma/SC&lt;/td&gt;
		&lt;td class="tabelatd2"&gt;1&lt;/td&gt;
		&lt;td class="tabelatd2"&gt;123&lt;/td&gt;
		&lt;td class="tabelatd2"&gt;Tipo Cobranca&lt;/td&gt;
		&lt;td class="tabelatd2"&gt;10/10/2018&lt;/td&gt;
		&lt;td class="tabelatd2"&gt;110.00&lt;/td&gt;
		&lt;td class="tabelatd2"&gt;0.00&lt;/td&gt;
		&lt;td class="tabelatd2"&gt;0.00&lt;/td&gt;
		&lt;td class="tabelatd2"&gt;0.00&lt;/td&gt;
		&lt;td class="tabelatd2"&gt;&lt;br&gt;&lt;br&gt;&lt;/td&gt;
	&lt;/tr&gt;
	&lt;tr&gt;
		&lt;td class="tabelatd1"&gt;1-Fulano de Tal (652.392.539-00)&lt;/td&gt;
		&lt;td class="tabelatd1"&gt;Rua Geral&lt;/td&gt;
		&lt;td class="tabelatd1"&gt;Criciúma/SC&lt;/td&gt;
		&lt;td class="tabelatd1"&gt;1&lt;/td&gt;
		&lt;td class="tabelatd1"&gt;147&lt;/td&gt;
		&lt;td class="tabelatd1"&gt;Tipo Cobranca&lt;/td&gt;
		&lt;td class="tabelatd1"&gt;10/10/2018&lt;/td&gt;
		&lt;td class="tabelatd1"&gt;110.00&lt;/td&gt;
		&lt;td class="tabelatd1"&gt;0.00&lt;/td&gt;
		&lt;td class="tabelatd1"&gt;0.00&lt;/td&gt;
		&lt;td class="tabelatd1"&gt;0.00&lt;/td&gt;
		&lt;td class="tabelatd1"&gt;&lt;br&gt;&lt;br&gt;&lt;/td&gt;
	&lt;/tr&gt;
	&lt;tr&gt;
		&lt;td class="tabelatd2"&gt;1-Fulano de Tal (652.392.539-00)&lt;/td&gt;
		&lt;td class="tabelatd2"&gt;Rua Geral&lt;/td&gt;
		&lt;td class="tabelatd2"&gt;Criciúma/SC&lt;/td&gt;
		&lt;td class="tabelatd2"&gt;1&lt;/td&gt;
		&lt;td class="tabelatd2"&gt;45&lt;/td&gt;
		&lt;td class="tabelatd2"&gt;Tipo Cobranca&lt;/td&gt;
		&lt;td class="tabelatd2"&gt;10/10/2018&lt;/td&gt;
		&lt;td class="tabelatd2"&gt;110.00&lt;/td&gt;
		&lt;td class="tabelatd2"&gt;0.00&lt;/td&gt;
		&lt;td class="tabelatd2"&gt;0.00&lt;/td&gt;
		&lt;td class="tabelatd2"&gt;0.00&lt;/td&gt;
		&lt;td class="tabelatd2"&gt;&lt;br&gt;&lt;br&gt;&lt;/td&gt;
	&lt;/tr&gt;
	&lt;tr&gt;
		&lt;td class="tabelatd1"&gt;1-Fulano de Tal (652.392.539-00)&lt;/td&gt;
		&lt;td class="tabelatd1"&gt;Rua Geral&lt;/td&gt;
		&lt;td class="tabelatd1"&gt;Criciúma/SC&lt;/td&gt;
		&lt;td class="tabelatd1"&gt;1&lt;/td&gt;
		&lt;td class="tabelatd1"&gt;56&lt;/td&gt;
		&lt;td class="tabelatd1"&gt;Tipo Cobranca&lt;/td&gt;
		&lt;td class="tabelatd1"&gt;10/10/2018&lt;/td&gt;
		&lt;td class="tabelatd1"&gt;110.00&lt;/td&gt;
		&lt;td class="tabelatd1"&gt;0.00&lt;/td&gt;
		&lt;td class="tabelatd1"&gt;0.00&lt;/td&gt;
		&lt;td class="tabelatd1"&gt;0.00&lt;/td&gt;
		&lt;td class="tabelatd1"&gt;&lt;br&gt;&lt;br&gt;&lt;/td&gt;
	&lt;/tr&gt;
	&lt;tr&gt;
		&lt;td class="tabelatd2"&gt;1-Fulano de Tal (652.392.539-00)&lt;/td&gt;
		&lt;td class="tabelatd2"&gt;Rua Geral&lt;/td&gt;
		&lt;td class="tabelatd2"&gt;Criciúma/SC&lt;/td&gt;
		&lt;td class="tabelatd2"&gt;1&lt;/td&gt;
		&lt;td class="tabelatd2"&gt;69&lt;/td&gt;
		&lt;td class="tabelatd2"&gt;Tipo Cobranca&lt;/td&gt;
		&lt;td class="tabelatd2"&gt;10/10/2018&lt;/td&gt;
		&lt;td class="tabelatd2"&gt;110.00&lt;/td&gt;
		&lt;td class="tabelatd2"&gt;0.00&lt;/td&gt;
		&lt;td class="tabelatd2"&gt;0.00&lt;/td&gt;
		&lt;td class="tabelatd2"&gt;0.00&lt;/td&gt;
		&lt;td class="tabelatd2"&gt;&lt;br&gt;&lt;br&gt;&lt;/td&gt;
	&lt;/tr&gt;
	&lt;tr&gt;
		&lt;td class="tabelatd1"&gt;1-Fulano de Tal (652.392.539-00)&lt;/td&gt;
		&lt;td class="tabelatd1"&gt;Rua Geral&lt;/td&gt;
		&lt;td class="tabelatd1"&gt;Criciúma/SC&lt;/td&gt;
		&lt;td class="tabelatd1"&gt;1&lt;/td&gt;
		&lt;td class="tabelatd1"&gt;84&lt;/td&gt;
		&lt;td class="tabelatd1"&gt;Tipo Cobranca&lt;/td&gt;
		&lt;td class="tabelatd1"&gt;10/10/2018&lt;/td&gt;
		&lt;td class="tabelatd1"&gt;110.00&lt;/td&gt;
		&lt;td class="tabelatd1"&gt;0.00&lt;/td&gt;
		&lt;td class="tabelatd1"&gt;0.00&lt;/td&gt;
		&lt;td class="tabelatd1"&gt;0.00&lt;/td&gt;
		&lt;td class="tabelatd1"&gt;&lt;br&gt;&lt;br&gt;&lt;/td&gt;
	&lt;/tr&gt;
	&lt;tr&gt;
		&lt;td class="tabelatd2"&gt;1-Fulano de Tal (652.392.539-00)&lt;/td&gt;
		&lt;td class="tabelatd2"&gt;Rua Geral&lt;/td&gt;
		&lt;td class="tabelatd2"&gt;Criciúma/SC&lt;/td&gt;
		&lt;td class="tabelatd2"&gt;1&lt;/td&gt;
		&lt;td class="tabelatd2"&gt;100&lt;/td&gt;
		&lt;td class="tabelatd2"&gt;Tipo Cobranca&lt;/td&gt;
		&lt;td class="tabelatd2"&gt;10/10/2018&lt;/td&gt;
		&lt;td class="tabelatd2"&gt;110.00&lt;/td&gt;
		&lt;td class="tabelatd2"&gt;0.00&lt;/td&gt;
		&lt;td class="tabelatd2"&gt;0.00&lt;/td&gt;
		&lt;td class="tabelatd2"&gt;0.00&lt;/td&gt;
		&lt;td class="tabelatd2"&gt;&lt;br&gt;&lt;br&gt;&lt;/td&gt;
	&lt;/tr&gt;
	&lt;tr&gt;
		&lt;td class="tabelatd1"&gt;1-Fulano de Tal (652.392.539-00)&lt;/td&gt;
		&lt;td class="tabelatd1"&gt;Rua Geral&lt;/td&gt;
		&lt;td class="tabelatd1"&gt;Criciúma/SC&lt;/td&gt;
		&lt;td class="tabelatd1"&gt;1&lt;/td&gt;
		&lt;td class="tabelatd1"&gt;127&lt;/td&gt;
		&lt;td class="tabelatd1"&gt;Tipo Cobranca&lt;/td&gt;
		&lt;td class="tabelatd1"&gt;10/10/2018&lt;/td&gt;
		&lt;td class="tabelatd1"&gt;110.00&lt;/td&gt;
		&lt;td class="tabelatd1"&gt;0.00&lt;/td&gt;
		&lt;td class="tabelatd1"&gt;0.00&lt;/td&gt;
		&lt;td class="tabelatd1"&gt;0.00&lt;/td&gt;
		&lt;td class="tabelatd1"&gt;&lt;br&gt;&lt;br&gt;&lt;/td&gt;
	&lt;/tr&gt;
	&lt;tr&gt;
		&lt;td class="tabelatd2"&gt;1-Fulano de Tal (652.392.539-00)&lt;/td&gt;
		&lt;td class="tabelatd2"&gt;Rua Geral&lt;/td&gt;
		&lt;td class="tabelatd2"&gt;Criciúma/SC&lt;/td&gt;
		&lt;td class="tabelatd2"&gt;1&lt;/td&gt;
		&lt;td class="tabelatd2"&gt;151&lt;/td&gt;
		&lt;td class="tabelatd2"&gt;Tipo Cobranca&lt;/td&gt;
		&lt;td class="tabelatd2"&gt;10/10/2018&lt;/td&gt;
		&lt;td class="tabelatd2"&gt;110.00&lt;/td&gt;
		&lt;td class="tabelatd2"&gt;0.00&lt;/td&gt;
		&lt;td class="tabelatd2"&gt;0.00&lt;/td&gt;
		&lt;td class="tabelatd2"&gt;0.00&lt;/td&gt;
		&lt;td class="tabelatd2"&gt;&lt;br&gt;&lt;br&gt;&lt;/td&gt;
	&lt;/tr&gt;
	&lt;tr&gt;
		&lt;td class="tabelatd1"&gt;1-Fulano de Tal (652.392.539-00)&lt;/td&gt;
		&lt;td class="tabelatd1"&gt;Rua Geral&lt;/td&gt;
		&lt;td class="tabelatd1"&gt;Criciúma/SC&lt;/td&gt;
		&lt;td class="tabelatd1"&gt;1&lt;/td&gt;
		&lt;td class="tabelatd1"&gt;57&lt;/td&gt;
		&lt;td class="tabelatd1"&gt;Tipo Cobranca&lt;/td&gt;
		&lt;td class="tabelatd1"&gt;10/10/2018&lt;/td&gt;
		&lt;td class="tabelatd1"&gt;110.00&lt;/td&gt;
		&lt;td class="tabelatd1"&gt;0.00&lt;/td&gt;
		&lt;td class="tabelatd1"&gt;0.00&lt;/td&gt;
		&lt;td class="tabelatd1"&gt;0.00&lt;/td&gt;
		&lt;td class="tabelatd1"&gt;&lt;br&gt;&lt;br&gt;&lt;/td&gt;
	&lt;/tr&gt;
	&lt;tr&gt;
		&lt;td class="tabelatd2"&gt;1-Fulano de Tal (652.392.539-00)&lt;/td&gt;
		&lt;td class="tabelatd2"&gt;Rua Geral&lt;/td&gt;
		&lt;td class="tabelatd2"&gt;Criciúma/SC&lt;/td&gt;
		&lt;td class="tabelatd2"&gt;1&lt;/td&gt;
		&lt;td class="tabelatd2"&gt;70&lt;/td&gt;
		&lt;td class="tabelatd2"&gt;Tipo Cobranca&lt;/td&gt;
		&lt;td class="tabelatd2"&gt;10/10/2018&lt;/td&gt;
		&lt;td class="tabelatd2"&gt;110.00&lt;/td&gt;
		&lt;td class="tabelatd2"&gt;0.00&lt;/td&gt;
		&lt;td class="tabelatd2"&gt;0.00&lt;/td&gt;
		&lt;td class="tabelatd2"&gt;0.00&lt;/td&gt;
		&lt;td class="tabelatd2"&gt;&lt;br&gt;&lt;br&gt;&lt;/td&gt;
	&lt;/tr&gt;
	&lt;tr&gt;
		&lt;td class="tabelatd1"&gt;1-Fulano de Tal (652.392.539-00)&lt;/td&gt;
		&lt;td class="tabelatd1"&gt;Rua Geral&lt;/td&gt;
		&lt;td class="tabelatd1"&gt;Criciúma/SC&lt;/td&gt;
		&lt;td class="tabelatd1"&gt;1&lt;/td&gt;
		&lt;td class="tabelatd1"&gt;85&lt;/td&gt;
		&lt;td class="tabelatd1"&gt;Tipo Cobranca&lt;/td&gt;
		&lt;td class="tabelatd1"&gt;10/10/2018&lt;/td&gt;
		&lt;td class="tabelatd1"&gt;110.00&lt;/td&gt;
		&lt;td class="tabelatd1"&gt;0.00&lt;/td&gt;
		&lt;td class="tabelatd1"&gt;0.00&lt;/td&gt;
		&lt;td class="tabelatd1"&gt;0.00&lt;/td&gt;
		&lt;td class="tabelatd1"&gt;&lt;br&gt;&lt;br&gt;&lt;/td&gt;
	&lt;/tr&gt;
	&lt;tr&gt;
		&lt;td class="tabelatd2"&gt;1-Fulano de Tal (652.392.539-00)&lt;/td&gt;
		&lt;td class="tabelatd2"&gt;Rua Geral&lt;/td&gt;
		&lt;td class="tabelatd2"&gt;Criciúma/SC&lt;/td&gt;
		&lt;td class="tabelatd2"&gt;1&lt;/td&gt;
		&lt;td class="tabelatd2"&gt;101&lt;/td&gt;
		&lt;td class="tabelatd2"&gt;Tipo Cobranca&lt;/td&gt;
		&lt;td class="tabelatd2"&gt;10/10/2018&lt;/td&gt;
		&lt;td class="tabelatd2"&gt;110.00&lt;/td&gt;
		&lt;td class="tabelatd2"&gt;0.00&lt;/td&gt;
		&lt;td class="tabelatd2"&gt;0.00&lt;/td&gt;
		&lt;td class="tabelatd2"&gt;0.00&lt;/td&gt;
		&lt;td class="tabelatd2"&gt;&lt;br&gt;&lt;br&gt;&lt;/td&gt;
	&lt;/tr&gt;
	&lt;tr&gt;
		&lt;td class="tabelatd1"&gt;1-Fulano de Tal (652.392.539-00)&lt;/td&gt;
		&lt;td class="tabelatd1"&gt;Rua Geral&lt;/td&gt;
		&lt;td class="tabelatd1"&gt;Criciúma/SC&lt;/td&gt;
		&lt;td class="tabelatd1"&gt;1&lt;/td&gt;
		&lt;td class="tabelatd1"&gt;128&lt;/td&gt;
		&lt;td class="tabelatd1"&gt;Tipo Cobranca&lt;/td&gt;
		&lt;td class="tabelatd1"&gt;10/10/2018&lt;/td&gt;
		&lt;td class="tabelatd1"&gt;110.00&lt;/td&gt;
		&lt;td class="tabelatd1"&gt;0.00&lt;/td&gt;
		&lt;td class="tabelatd1"&gt;0.00&lt;/td&gt;
		&lt;td class="tabelatd1"&gt;0.00&lt;/td&gt;
		&lt;td class="tabelatd1"&gt;&lt;br&gt;&lt;br&gt;&lt;/td&gt;
	&lt;/tr&gt;
	&lt;tr&gt;
		&lt;td class="tabelatd2"&gt;1-Fulano de Tal (652.392.539-00)&lt;/td&gt;
		&lt;td class="tabelatd2"&gt;Rua Geral&lt;/td&gt;
		&lt;td class="tabelatd2"&gt;Criciúma/SC&lt;/td&gt;
		&lt;td class="tabelatd2"&gt;1&lt;/td&gt;
		&lt;td class="tabelatd2"&gt;152&lt;/td&gt;
		&lt;td class="tabelatd2"&gt;Tipo Cobranca&lt;/td&gt;
		&lt;td class="tabelatd2"&gt;10/10/2018&lt;/td&gt;
		&lt;td class="tabelatd2"&gt;110.00&lt;/td&gt;
		&lt;td class="tabelatd2"&gt;0.00&lt;/td&gt;
		&lt;td class="tabelatd2"&gt;0.00&lt;/td&gt;
		&lt;td class="tabelatd2"&gt;0.00&lt;/td&gt;
		&lt;td class="tabelatd2"&gt;&lt;br&gt;&lt;br&gt;&lt;/td&gt;
	&lt;/tr&gt;
	&lt;tr&gt;
		&lt;td class="tabelatd1"&gt;1-Fulano de Tal (652.392.539-00)&lt;/td&gt;
		&lt;td class="tabelatd1"&gt;Rua Geral&lt;/td&gt;
		&lt;td class="tabelatd1"&gt;Criciúma/SC&lt;/td&gt;
		&lt;td class="tabelatd1"&gt;1&lt;/td&gt;
		&lt;td class="tabelatd1"&gt;71&lt;/td&gt;
		&lt;td class="tabelatd1"&gt;Tipo Cobranca&lt;/td&gt;
		&lt;td class="tabelatd1"&gt;10/10/2018&lt;/td&gt;
		&lt;td class="tabelatd1"&gt;110.00&lt;/td&gt;
		&lt;td class="tabelatd1"&gt;0.00&lt;/td&gt;
		&lt;td class="tabelatd1"&gt;0.00&lt;/td&gt;
		&lt;td class="tabelatd1"&gt;0.00&lt;/td&gt;
		&lt;td class="tabelatd1"&gt;&lt;br&gt;&lt;br&gt;&lt;/td&gt;
	&lt;/tr&gt;
	&lt;tr&gt;
		&lt;td class="tabelatd2"&gt;1-Fulano de Tal (652.392.539-00)&lt;/td&gt;
		&lt;td class="tabelatd2"&gt;Rua Geral&lt;/td&gt;
		&lt;td class="tabelatd2"&gt;Criciúma/SC&lt;/td&gt;
		&lt;td class="tabelatd2"&gt;1&lt;/td&gt;
		&lt;td class="tabelatd2"&gt;86&lt;/td&gt;
		&lt;td class="tabelatd2"&gt;Tipo Cobranca&lt;/td&gt;
		&lt;td class="tabelatd2"&gt;10/10/2018&lt;/td&gt;
		&lt;td class="tabelatd2"&gt;110.00&lt;/td&gt;
		&lt;td class="tabelatd2"&gt;0.00&lt;/td&gt;
		&lt;td class="tabelatd2"&gt;0.00&lt;/td&gt;
		&lt;td class="tabelatd2"&gt;0.00&lt;/td&gt;
		&lt;td class="tabelatd2"&gt;&lt;br&gt;&lt;br&gt;&lt;/td&gt;
	&lt;/tr&gt;
	&lt;tr&gt;
		&lt;td class="tabelatd1"&gt;1-Fulano de Tal (652.392.539-00)&lt;/td&gt;
		&lt;td class="tabelatd1"&gt;Rua Geral&lt;/td&gt;
		&lt;td class="tabelatd1"&gt;Criciúma/SC&lt;/td&gt;
		&lt;td class="tabelatd1"&gt;1&lt;/td&gt;
		&lt;td class="tabelatd1"&gt;102&lt;/td&gt;
		&lt;td class="tabelatd1"&gt;Tipo Cobranca&lt;/td&gt;
		&lt;td class="tabelatd1"&gt;10/10/2018&lt;/td&gt;
		&lt;td class="tabelatd1"&gt;110.00&lt;/td&gt;
		&lt;td class="tabelatd1"&gt;0.00&lt;/td&gt;
		&lt;td class="tabelatd1"&gt;0.00&lt;/td&gt;
		&lt;td class="tabelatd1"&gt;0.00&lt;/td&gt;
		&lt;td class="tabelatd1"&gt;&lt;br&gt;&lt;br&gt;&lt;/td&gt;
	&lt;/tr&gt;
	&lt;tr&gt;
		&lt;td class="tabelatd2"&gt;1-Fulano de Tal (652.392.539-00)&lt;/td&gt;
		&lt;td class="tabelatd2"&gt;Rua Geral&lt;/td&gt;
		&lt;td class="tabelatd2"&gt;Criciúma/SC&lt;/td&gt;
		&lt;td class="tabelatd2"&gt;1&lt;/td&gt;
		&lt;td class="tabelatd2"&gt;129&lt;/td&gt;
		&lt;td class="tabelatd2"&gt;Tipo Cobranca&lt;/td&gt;
		&lt;td class="tabelatd2"&gt;10/10/2018&lt;/td&gt;
		&lt;td class="tabelatd2"&gt;110.00&lt;/td&gt;
		&lt;td class="tabelatd2"&gt;0.00&lt;/td&gt;
		&lt;td class="tabelatd2"&gt;0.00&lt;/td&gt;
		&lt;td class="tabelatd2"&gt;0.00&lt;/td&gt;
		&lt;td class="tabelatd2"&gt;&lt;br&gt;&lt;br&gt;&lt;/td&gt;
	&lt;/tr&gt;
	&lt;tr&gt;
		&lt;td class="tabelatd1"&gt;1-Fulano de Tal (652.392.539-00)&lt;/td&gt;
		&lt;td class="tabelatd1"&gt;Rua Geral&lt;/td&gt;
		&lt;td class="tabelatd1"&gt;Criciúma/SC&lt;/td&gt;
		&lt;td class="tabelatd1"&gt;1&lt;/td&gt;
		&lt;td class="tabelatd1"&gt;153&lt;/td&gt;
		&lt;td class="tabelatd1"&gt;Tipo Cobranca&lt;/td&gt;
		&lt;td class="tabelatd1"&gt;10/10/2018&lt;/td&gt;
		&lt;td class="tabelatd1"&gt;110.00&lt;/td&gt;
		&lt;td class="tabelatd1"&gt;0.00&lt;/td&gt;
		&lt;td class="tabelatd1"&gt;0.00&lt;/td&gt;
		&lt;td class="tabelatd1"&gt;0.00&lt;/td&gt;
		&lt;td class="tabelatd1"&gt;&lt;br&gt;&lt;br&gt;&lt;/td&gt;
	&lt;/tr&gt;
	&lt;tr&gt;
		&lt;td class="tabelatd2"&gt;1-Fulano de Tal (652.392.539-00)&lt;/td&gt;
		&lt;td class="tabelatd2"&gt;Rua Geral&lt;/td&gt;
		&lt;td class="tabelatd2"&gt;Criciúma/SC&lt;/td&gt;
		&lt;td class="tabelatd2"&gt;1&lt;/td&gt;
		&lt;td class="tabelatd2"&gt;87&lt;/td&gt;
		&lt;td class="tabelatd2"&gt;Tipo Cobranca&lt;/td&gt;
		&lt;td class="tabelatd2"&gt;10/10/2018&lt;/td&gt;
		&lt;td class="tabelatd2"&gt;110.00&lt;/td&gt;
		&lt;td class="tabelatd2"&gt;0.00&lt;/td&gt;
		&lt;td class="tabelatd2"&gt;0.00&lt;/td&gt;
		&lt;td class="tabelatd2"&gt;0.00&lt;/td&gt;
		&lt;td class="tabelatd2"&gt;&lt;br&gt;&lt;br&gt;&lt;/td&gt;
	&lt;/tr&gt;
	&lt;tr&gt;
		&lt;td class="tabelatd1"&gt;1-Fulano de Tal (652.392.539-00)&lt;/td&gt;
		&lt;td class="tabelatd1"&gt;Rua Geral&lt;/td&gt;
		&lt;td class="tabelatd1"&gt;Criciúma/SC&lt;/td&gt;
		&lt;td class="tabelatd1"&gt;1&lt;/td&gt;
		&lt;td class="tabelatd1"&gt;103&lt;/td&gt;
		&lt;td class="tabelatd1"&gt;Tipo Cobranca&lt;/td&gt;
		&lt;td class="tabelatd1"&gt;10/10/2018&lt;/td&gt;
		&lt;td class="tabelatd1"&gt;110.00&lt;/td&gt;
		&lt;td class="tabelatd1"&gt;0.00&lt;/td&gt;
		&lt;td class="tabelatd1"&gt;0.00&lt;/td&gt;
		&lt;td class="tabelatd1"&gt;0.00&lt;/td&gt;
		&lt;td class="tabelatd1"&gt;&lt;br&gt;&lt;br&gt;&lt;/td&gt;
	&lt;/tr&gt;
	&lt;tr&gt;
		&lt;td class="tabelatd2"&gt;1-Fulano de Tal (652.392.539-00)&lt;/td&gt;
		&lt;td class="tabelatd2"&gt;Rua Geral&lt;/td&gt;
		&lt;td class="tabelatd2"&gt;Criciúma/SC&lt;/td&gt;
		&lt;td class="tabelatd2"&gt;1&lt;/td&gt;
		&lt;td class="tabelatd2"&gt;130&lt;/td&gt;
		&lt;td class="tabelatd2"&gt;Tipo Cobranca&lt;/td&gt;
		&lt;td class="tabelatd2"&gt;10/10/2018&lt;/td&gt;
		&lt;td class="tabelatd2"&gt;110.00&lt;/td&gt;
		&lt;td class="tabelatd2"&gt;0.00&lt;/td&gt;
		&lt;td class="tabelatd2"&gt;0.00&lt;/td&gt;
		&lt;td class="tabelatd2"&gt;0.00&lt;/td&gt;
		&lt;td class="tabelatd2"&gt;&lt;br&gt;&lt;br&gt;&lt;/td&gt;
	&lt;/tr&gt;
	&lt;tr&gt;
		&lt;td class="tabelatd1"&gt;1-Fulano de Tal (652.392.539-00)&lt;/td&gt;
		&lt;td class="tabelatd1"&gt;Rua Geral&lt;/td&gt;
		&lt;td class="tabelatd1"&gt;Criciúma/SC&lt;/td&gt;
		&lt;td class="tabelatd1"&gt;1&lt;/td&gt;
		&lt;td class="tabelatd1"&gt;154&lt;/td&gt;
		&lt;td class="tabelatd1"&gt;Tipo Cobranca&lt;/td&gt;
		&lt;td class="tabelatd1"&gt;10/10/2018&lt;/td&gt;
		&lt;td class="tabelatd1"&gt;110.00&lt;/td&gt;
		&lt;td class="tabelatd1"&gt;0.00&lt;/td&gt;
		&lt;td class="tabelatd1"&gt;0.00&lt;/td&gt;
		&lt;td class="tabelatd1"&gt;0.00&lt;/td&gt;
		&lt;td class="tabelatd1"&gt;&lt;br&gt;&lt;br&gt;&lt;/td&gt;
	&lt;/tr&gt;
	&lt;tr&gt;
		&lt;td class="tabelatd2"&gt;1-Fulano de Tal (652.392.539-00)&lt;/td&gt;
		&lt;td class="tabelatd2"&gt;Rua Geral&lt;/td&gt;
		&lt;td class="tabelatd2"&gt;Criciúma/SC&lt;/td&gt;
		&lt;td class="tabelatd2"&gt;1&lt;/td&gt;
		&lt;td class="tabelatd2"&gt;131&lt;/td&gt;
		&lt;td class="tabelatd2"&gt;Tipo Cobranca&lt;/td&gt;
		&lt;td class="tabelatd2"&gt;10/10/2018&lt;/td&gt;
		&lt;td class="tabelatd2"&gt;110.00&lt;/td&gt;
		&lt;td class="tabelatd2"&gt;0.00&lt;/td&gt;
		&lt;td class="tabelatd2"&gt;0.00&lt;/td&gt;
		&lt;td class="tabelatd2"&gt;0.00&lt;/td&gt;
		&lt;td class="tabelatd2"&gt;&lt;br&gt;&lt;br&gt;&lt;/td&gt;
	&lt;/tr&gt;
	&lt;tr&gt;
		&lt;td class="tabelatd1"&gt;1-Fulano de Tal (652.392.539-00)&lt;/td&gt;
		&lt;td class="tabelatd1"&gt;Rua Geral&lt;/td&gt;
		&lt;td class="tabelatd1"&gt;Criciúma/SC&lt;/td&gt;
		&lt;td class="tabelatd1"&gt;1&lt;/td&gt;
		&lt;td class="tabelatd1"&gt;155&lt;/td&gt;
		&lt;td class="tabelatd1"&gt;Tipo Cobranca&lt;/td&gt;
		&lt;td class="tabelatd1"&gt;10/10/2018&lt;/td&gt;
		&lt;td class="tabelatd1"&gt;110.00&lt;/td&gt;
		&lt;td class="tabelatd1"&gt;0.00&lt;/td&gt;
		&lt;td class="tabelatd1"&gt;0.00&lt;/td&gt;
		&lt;td class="tabelatd1"&gt;0.00&lt;/td&gt;
		&lt;td class="tabelatd1"&gt;&lt;br&gt;&lt;br&gt;&lt;/td&gt;
	&lt;/tr&gt;
	&lt;tr&gt;
		&lt;td class="tabelatd2"&gt;1-Fulano de Tal (652.392.539-00)&lt;/td&gt;
		&lt;td class="tabelatd2"&gt;Rua Geral&lt;/td&gt;
		&lt;td class="tabelatd2"&gt;Criciúma/SC&lt;/td&gt;
		&lt;td class="tabelatd2"&gt;1&lt;/td&gt;
		&lt;td class="tabelatd2"&gt;156&lt;/td&gt;
		&lt;td class="tabelatd2"&gt;Tipo Cobranca&lt;/td&gt;
		&lt;td class="tabelatd2"&gt;10/10/2018&lt;/td&gt;
		&lt;td class="tabelatd2"&gt;110.00&lt;/td&gt;
		&lt;td class="tabelatd2"&gt;0.00&lt;/td&gt;
		&lt;td class="tabelatd2"&gt;0.00&lt;/td&gt;
		&lt;td class="tabelatd2"&gt;0.00&lt;/td&gt;
		&lt;td class="tabelatd2"&gt;&lt;br&gt;&lt;br&gt;&lt;/td&gt;
	&lt;/tr&gt;
	&lt;tr&gt;
		&lt;td class="tabelatd1"&gt;1-Fulano de Tal (652.392.539-00)&lt;/td&gt;
		&lt;td class="tabelatd1"&gt;Rua Geral&lt;/td&gt;
		&lt;td class="tabelatd1"&gt;Criciúma/SC&lt;/td&gt;
		&lt;td class="tabelatd1"&gt;1&lt;/td&gt;
		&lt;td class="tabelatd1"&gt;167&lt;/td&gt;
		&lt;td class="tabelatd1"&gt;Tipo Cobranca&lt;/td&gt;
		&lt;td class="tabelatd1"&gt;10/10/2018&lt;/td&gt;
		&lt;td class="tabelatd1"&gt;110.00&lt;/td&gt;
		&lt;td class="tabelatd1"&gt;0.00&lt;/td&gt;
		&lt;td class="tabelatd1"&gt;0.00&lt;/td&gt;
		&lt;td class="tabelatd1"&gt;0.00&lt;/td&gt;
		&lt;td class="tabelatd1"&gt;&lt;br&gt;&lt;br&gt;&lt;/td&gt;
	&lt;/tr&gt;
	&lt;tr&gt;
		&lt;td class="tabelatd2"&gt;1-Fulano de Tal (652.392.539-00)&lt;/td&gt;
		&lt;td class="tabelatd2"&gt;Rua Geral&lt;/td&gt;
		&lt;td class="tabelatd2"&gt;Criciúma/SC&lt;/td&gt;
		&lt;td class="tabelatd2"&gt;1&lt;/td&gt;
		&lt;td class="tabelatd2"&gt;187&lt;/td&gt;
		&lt;td class="tabelatd2"&gt;Tipo Cobranca&lt;/td&gt;
		&lt;td class="tabelatd2"&gt;10/10/2018&lt;/td&gt;
		&lt;td class="tabelatd2"&gt;110.00&lt;/td&gt;
		&lt;td class="tabelatd2"&gt;0.00&lt;/td&gt;
		&lt;td class="tabelatd2"&gt;0.00&lt;/td&gt;
		&lt;td class="tabelatd2"&gt;0.00&lt;/td&gt;
		&lt;td class="tabelatd2"&gt;&lt;br&gt;&lt;br&gt;&lt;/td&gt;
	&lt;/tr&gt;
	&lt;tr&gt;
		&lt;td class="tabelatd1"&gt;1-Fulano de Tal (652.392.539-00)&lt;/td&gt;
		&lt;td class="tabelatd1"&gt;Rua Geral&lt;/td&gt;
		&lt;td class="tabelatd1"&gt;Criciúma/SC&lt;/td&gt;
		&lt;td class="tabelatd1"&gt;1&lt;/td&gt;
		&lt;td class="tabelatd1"&gt;207&lt;/td&gt;
		&lt;td class="tabelatd1"&gt;Tipo Cobranca&lt;/td&gt;
		&lt;td class="tabelatd1"&gt;10/10/2018&lt;/td&gt;
		&lt;td class="tabelatd1"&gt;110.00&lt;/td&gt;
		&lt;td class="tabelatd1"&gt;0.00&lt;/td&gt;
		&lt;td class="tabelatd1"&gt;0.00&lt;/td&gt;
		&lt;td class="tabelatd1"&gt;0.00&lt;/td&gt;
		&lt;td class="tabelatd1"&gt;&lt;br&gt;&lt;br&gt;&lt;/td&gt;
	&lt;/tr&gt;
	&lt;tr&gt;
		&lt;td class="tabelatd2"&gt;1-Fulano de Tal (652.392.539-00)&lt;/td&gt;
		&lt;td class="tabelatd2"&gt;Rua Geral&lt;/td&gt;
		&lt;td class="tabelatd2"&gt;Criciúma/SC&lt;/td&gt;
		&lt;td class="tabelatd2"&gt;1&lt;/td&gt;
		&lt;td class="tabelatd2"&gt;230&lt;/td&gt;
		&lt;td class="tabelatd2"&gt;Tipo Cobranca&lt;/td&gt;
		&lt;td class="tabelatd2"&gt;10/10/2018&lt;/td&gt;
		&lt;td class="tabelatd2"&gt;110.00&lt;/td&gt;
		&lt;td class="tabelatd2"&gt;0.00&lt;/td&gt;
		&lt;td class="tabelatd2"&gt;0.00&lt;/td&gt;
		&lt;td class="tabelatd2"&gt;0.00&lt;/td&gt;
		&lt;td class="tabelatd2"&gt;&lt;br&gt;&lt;br&gt;&lt;/td&gt;
	&lt;/tr&gt;
	&lt;tr&gt;
		&lt;td class="tabelatd1"&gt;1-Fulano de Tal (652.392.539-00)&lt;/td&gt;
		&lt;td class="tabelatd1"&gt;Rua Geral&lt;/td&gt;
		&lt;td class="tabelatd1"&gt;Criciúma/SC&lt;/td&gt;
		&lt;td class="tabelatd1"&gt;1&lt;/td&gt;
		&lt;td class="tabelatd1"&gt;253&lt;/td&gt;
		&lt;td class="tabelatd1"&gt;Tipo Cobranca&lt;/td&gt;
		&lt;td class="tabelatd1"&gt;10/10/2018&lt;/td&gt;
		&lt;td class="tabelatd1"&gt;110.00&lt;/td&gt;
		&lt;td class="tabelatd1"&gt;0.00&lt;/td&gt;
		&lt;td class="tabelatd1"&gt;0.00&lt;/td&gt;
		&lt;td class="tabelatd1"&gt;0.00&lt;/td&gt;
		&lt;td class="tabelatd1"&gt;&lt;br&gt;&lt;br&gt;&lt;/td&gt;
	&lt;/tr&gt;
	&lt;tr&gt;
		&lt;td class="tabelatd2"&gt;1-Fulano de Tal (652.392.539-00)&lt;/td&gt;
		&lt;td class="tabelatd2"&gt;Rua Geral&lt;/td&gt;
		&lt;td class="tabelatd2"&gt;Criciúma/SC&lt;/td&gt;
		&lt;td class="tabelatd2"&gt;1&lt;/td&gt;
		&lt;td class="tabelatd2"&gt;278&lt;/td&gt;
		&lt;td class="tabelatd2"&gt;Tipo Cobranca&lt;/td&gt;
		&lt;td class="tabelatd2"&gt;10/10/2018&lt;/td&gt;
		&lt;td class="tabelatd2"&gt;110.00&lt;/td&gt;
		&lt;td class="tabelatd2"&gt;0.00&lt;/td&gt;
		&lt;td class="tabelatd2"&gt;0.00&lt;/td&gt;
		&lt;td class="tabelatd2"&gt;0.00&lt;/td&gt;
		&lt;td class="tabelatd2"&gt;&lt;br&gt;&lt;br&gt;&lt;/td&gt;
	&lt;/tr&gt;
	&lt;tr&gt;
		&lt;td class="tabelatd1"&gt;1-Fulano de Tal (652.392.539-00)&lt;/td&gt;
		&lt;td class="tabelatd1"&gt;Rua Geral&lt;/td&gt;
		&lt;td class="tabelatd1"&gt;Criciúma/SC&lt;/td&gt;
		&lt;td class="tabelatd1"&gt;1&lt;/td&gt;
		&lt;td class="tabelatd1"&gt;171&lt;/td&gt;
		&lt;td class="tabelatd1"&gt;Tipo Cobranca&lt;/td&gt;
		&lt;td class="tabelatd1"&gt;10/10/2018&lt;/td&gt;
		&lt;td class="tabelatd1"&gt;110.00&lt;/td&gt;
		&lt;td class="tabelatd1"&gt;0.00&lt;/td&gt;
		&lt;td class="tabelatd1"&gt;0.00&lt;/td&gt;
		&lt;td class="tabelatd1"&gt;0.00&lt;/td&gt;
		&lt;td class="tabelatd1"&gt;&lt;br&gt;&lt;br&gt;&lt;/td&gt;
	&lt;/tr&gt;
	&lt;tr&gt;
		&lt;td class="tabelatd2"&gt;1-Fulano de Tal (652.392.539-00)&lt;/td&gt;
		&lt;td class="tabelatd2"&gt;Rua Geral&lt;/td&gt;
		&lt;td class="tabelatd2"&gt;Criciúma/SC&lt;/td&gt;
		&lt;td class="tabelatd2"&gt;1&lt;/td&gt;
		&lt;td class="tabelatd2"&gt;191&lt;/td&gt;
		&lt;td class="tabelatd2"&gt;Tipo Cobranca&lt;/td&gt;
		&lt;td class="tabelatd2"&gt;10/10/2018&lt;/td&gt;
		&lt;td class="tabelatd2"&gt;110.00&lt;/td&gt;
		&lt;td class="tabelatd2"&gt;0.00&lt;/td&gt;
		&lt;td class="tabelatd2"&gt;0.00&lt;/td&gt;
		&lt;td class="tabelatd2"&gt;0.00&lt;/td&gt;
		&lt;td class="tabelatd2"&gt;&lt;br&gt;&lt;br&gt;&lt;/td&gt;
	&lt;/tr&gt;
	&lt;tr&gt;
		&lt;td class="tabelatd1"&gt;1-Fulano de Tal (652.392.539-00)&lt;/td&gt;
		&lt;td class="tabelatd1"&gt;Rua Geral&lt;/td&gt;
		&lt;td class="tabelatd1"&gt;Criciúma/SC&lt;/td&gt;
		&lt;td class="tabelatd1"&gt;1&lt;/td&gt;
		&lt;td class="tabelatd1"&gt;211&lt;/td&gt;
		&lt;td class="tabelatd1"&gt;Tipo Cobranca&lt;/td&gt;
		&lt;td class="tabelatd1"&gt;10/10/2018&lt;/td&gt;
		&lt;td class="tabelatd1"&gt;110.00&lt;/td&gt;
		&lt;td class="tabelatd1"&gt;0.00&lt;/td&gt;
		&lt;td class="tabelatd1"&gt;0.00&lt;/td&gt;
		&lt;td class="tabelatd1"&gt;0.00&lt;/td&gt;
		&lt;td class="tabelatd1"&gt;&lt;br&gt;&lt;br&gt;&lt;/td&gt;
	&lt;/tr&gt;
	&lt;tr&gt;
		&lt;td class="tabelatd2"&gt;1-Fulano de Tal (652.392.539-00)&lt;/td&gt;
		&lt;td class="tabelatd2"&gt;Rua Geral&lt;/td&gt;
		&lt;td class="tabelatd2"&gt;Criciúma/SC&lt;/td&gt;
		&lt;td class="tabelatd2"&gt;1&lt;/td&gt;
		&lt;td class="tabelatd2"&gt;234&lt;/td&gt;
		&lt;td class="tabelatd2"&gt;Tipo Cobranca&lt;/td&gt;
		&lt;td class="tabelatd2"&gt;10/10/2018&lt;/td&gt;
		&lt;td class="tabelatd2"&gt;110.00&lt;/td&gt;
		&lt;td class="tabelatd2"&gt;0.00&lt;/td&gt;
		&lt;td class="tabelatd2"&gt;0.00&lt;/td&gt;
		&lt;td class="tabelatd2"&gt;0.00&lt;/td&gt;
		&lt;td class="tabelatd2"&gt;&lt;br&gt;&lt;br&gt;&lt;/td&gt;
	&lt;/tr&gt;
	&lt;tr&gt;
		&lt;td class="tabelatd1"&gt;1-Fulano de Tal (652.392.539-00)&lt;/td&gt;
		&lt;td class="tabelatd1"&gt;Rua Geral&lt;/td&gt;
		&lt;td class="tabelatd1"&gt;Criciúma/SC&lt;/td&gt;
		&lt;td class="tabelatd1"&gt;1&lt;/td&gt;
		&lt;td class="tabelatd1"&gt;257&lt;/td&gt;
		&lt;td class="tabelatd1"&gt;Tipo Cobranca&lt;/td&gt;
		&lt;td class="tabelatd1"&gt;10/10/2018&lt;/td&gt;
		&lt;td class="tabelatd1"&gt;110.00&lt;/td&gt;
		&lt;td class="tabelatd1"&gt;0.00&lt;/td&gt;
		&lt;td class="tabelatd1"&gt;0.00&lt;/td&gt;
		&lt;td class="tabelatd1"&gt;0.00&lt;/td&gt;
		&lt;td class="tabelatd1"&gt;&lt;br&gt;&lt;br&gt;&lt;/td&gt;
	&lt;/tr&gt;
	&lt;tr&gt;
		&lt;td class="tabelatd2"&gt;1-Fulano de Tal (652.392.539-00)&lt;/td&gt;
		&lt;td class="tabelatd2"&gt;Rua Geral&lt;/td&gt;
		&lt;td class="tabelatd2"&gt;Criciúma/SC&lt;/td&gt;
		&lt;td class="tabelatd2"&gt;1&lt;/td&gt;
		&lt;td class="tabelatd2"&gt;282&lt;/td&gt;
		&lt;td class="tabelatd2"&gt;Tipo Cobranca&lt;/td&gt;
		&lt;td class="tabelatd2"&gt;10/10/2018&lt;/td&gt;
		&lt;td class="tabelatd2"&gt;110.00&lt;/td&gt;
		&lt;td class="tabelatd2"&gt;0.00&lt;/td&gt;
		&lt;td class="tabelatd2"&gt;0.00&lt;/td&gt;
		&lt;td class="tabelatd2"&gt;0.00&lt;/td&gt;
		&lt;td class="tabelatd2"&gt;&lt;br&gt;&lt;br&gt;&lt;/td&gt;
	&lt;/tr&gt;
	&lt;tr&gt;
		&lt;td class="tabelatd1"&gt;1-Fulano de Tal (652.392.539-00)&lt;/td&gt;
		&lt;td class="tabelatd1"&gt;Rua Geral&lt;/td&gt;
		&lt;td class="tabelatd1"&gt;Criciúma/SC&lt;/td&gt;
		&lt;td class="tabelatd1"&gt;1&lt;/td&gt;
		&lt;td class="tabelatd1"&gt;172&lt;/td&gt;
		&lt;td class="tabelatd1"&gt;Tipo Cobranca&lt;/td&gt;
		&lt;td class="tabelatd1"&gt;10/10/2018&lt;/td&gt;
		&lt;td class="tabelatd1"&gt;110.00&lt;/td&gt;
		&lt;td class="tabelatd1"&gt;0.00&lt;/td&gt;
		&lt;td class="tabelatd1"&gt;0.00&lt;/td&gt;
		&lt;td class="tabelatd1"&gt;0.00&lt;/td&gt;
		&lt;td class="tabelatd1"&gt;&lt;br&gt;&lt;br&gt;&lt;/td&gt;
	&lt;/tr&gt;
	&lt;tr&gt;
		&lt;td class="tabelatd2"&gt;1-Fulano de Tal (652.392.539-00)&lt;/td&gt;
		&lt;td class="tabelatd2"&gt;Rua Geral&lt;/td&gt;
		&lt;td class="tabelatd2"&gt;Criciúma/SC&lt;/td&gt;
		&lt;td class="tabelatd2"&gt;1&lt;/td&gt;
		&lt;td class="tabelatd2"&gt;192&lt;/td&gt;
		&lt;td class="tabelatd2"&gt;Tipo Cobranca&lt;/td&gt;
		&lt;td class="tabelatd2"&gt;10/10/2018&lt;/td&gt;
		&lt;td class="tabelatd2"&gt;110.00&lt;/td&gt;
		&lt;td class="tabelatd2"&gt;0.00&lt;/td&gt;
		&lt;td class="tabelatd2"&gt;0.00&lt;/td&gt;
		&lt;td class="tabelatd2"&gt;0.00&lt;/td&gt;
		&lt;td class="tabelatd2"&gt;&lt;br&gt;&lt;br&gt;&lt;/td&gt;
	&lt;/tr&gt;
	&lt;tr&gt;
		&lt;td class="tabelatd1"&gt;1-Fulano de Tal (652.392.539-00)&lt;/td&gt;
		&lt;td class="tabelatd1"&gt;Rua Geral&lt;/td&gt;
		&lt;td class="tabelatd1"&gt;Criciúma/SC&lt;/td&gt;
		&lt;td class="tabelatd1"&gt;1&lt;/td&gt;
		&lt;td class="tabelatd1"&gt;212&lt;/td&gt;
		&lt;td class="tabelatd1"&gt;Tipo Cobranca&lt;/td&gt;
		&lt;td class="tabelatd1"&gt;10/10/2018&lt;/td&gt;
		&lt;td class="tabelatd1"&gt;110.00&lt;/td&gt;
		&lt;td class="tabelatd1"&gt;0.00&lt;/td&gt;
		&lt;td class="tabelatd1"&gt;0.00&lt;/td&gt;
		&lt;td class="tabelatd1"&gt;0.00&lt;/td&gt;
		&lt;td class="tabelatd1"&gt;&lt;br&gt;&lt;br&gt;&lt;/td&gt;
	&lt;/tr&gt;
	&lt;tr&gt;
		&lt;td class="tabelatd2"&gt;1-Fulano de Tal (652.392.539-00)&lt;/td&gt;
		&lt;td class="tabelatd2"&gt;Rua Geral&lt;/td&gt;
		&lt;td class="tabelatd2"&gt;Criciúma/SC&lt;/td&gt;
		&lt;td class="tabelatd2"&gt;1&lt;/td&gt;
		&lt;td class="tabelatd2"&gt;235&lt;/td&gt;
		&lt;td class="tabelatd2"&gt;Tipo Cobranca&lt;/td&gt;
		&lt;td class="tabelatd2"&gt;10/10/2018&lt;/td&gt;
		&lt;td class="tabelatd2"&gt;110.00&lt;/td&gt;
		&lt;td class="tabelatd2"&gt;0.00&lt;/td&gt;
		&lt;td class="tabelatd2"&gt;0.00&lt;/td&gt;
		&lt;td class="tabelatd2"&gt;0.00&lt;/td&gt;
		&lt;td class="tabelatd2"&gt;&lt;br&gt;&lt;br&gt;&lt;/td&gt;
	&lt;/tr&gt;
	&lt;tr&gt;
		&lt;td class="tabelatd1"&gt;1-Fulano de Tal (652.392.539-00)&lt;/td&gt;
		&lt;td class="tabelatd1"&gt;Rua Geral&lt;/td&gt;
		&lt;td class="tabelatd1"&gt;Criciúma/SC&lt;/td&gt;
		&lt;td class="tabelatd1"&gt;1&lt;/td&gt;
		&lt;td class="tabelatd1"&gt;258&lt;/td&gt;
		&lt;td class="tabelatd1"&gt;Tipo Cobranca&lt;/td&gt;
		&lt;td class="tabelatd1"&gt;10/10/2018&lt;/td&gt;
		&lt;td class="tabelatd1"&gt;110.00&lt;/td&gt;
		&lt;td class="tabelatd1"&gt;0.00&lt;/td&gt;
		&lt;td class="tabelatd1"&gt;0.00&lt;/td&gt;
		&lt;td class="tabelatd1"&gt;0.00&lt;/td&gt;
		&lt;td class="tabelatd1"&gt;&lt;br&gt;&lt;br&gt;&lt;/td&gt;
	&lt;/tr&gt;
	&lt;tr&gt;
		&lt;td class="tabelatd2"&gt;1-Fulano de Tal (652.392.539-00)&lt;/td&gt;
		&lt;td class="tabelatd2"&gt;Rua Geral&lt;/td&gt;
		&lt;td class="tabelatd2"&gt;Criciúma/SC&lt;/td&gt;
		&lt;td class="tabelatd2"&gt;1&lt;/td&gt;
		&lt;td class="tabelatd2"&gt;283&lt;/td&gt;
		&lt;td class="tabelatd2"&gt;Tipo Cobranca&lt;/td&gt;
		&lt;td class="tabelatd2"&gt;10/10/2018&lt;/td&gt;
		&lt;td class="tabelatd2"&gt;110.00&lt;/td&gt;
		&lt;td class="tabelatd2"&gt;0.00&lt;/td&gt;
		&lt;td class="tabelatd2"&gt;0.00&lt;/td&gt;
		&lt;td class="tabelatd2"&gt;0.00&lt;/td&gt;
		&lt;td class="tabelatd2"&gt;&lt;br&gt;&lt;br&gt;&lt;/td&gt;
	&lt;/tr&gt;
	&lt;tr&gt;
		&lt;td class="tabelatd1"&gt;1-Fulano de Tal (652.392.539-00)&lt;/td&gt;
		&lt;td class="tabelatd1"&gt;Rua Geral&lt;/td&gt;
		&lt;td class="tabelatd1"&gt;Criciúma/SC&lt;/td&gt;
		&lt;td class="tabelatd1"&gt;1&lt;/td&gt;
		&lt;td class="tabelatd1"&gt;173&lt;/td&gt;
		&lt;td class="tabelatd1"&gt;Tipo Cobranca&lt;/td&gt;
		&lt;td class="tabelatd1"&gt;10/10/2018&lt;/td&gt;
		&lt;td class="tabelatd1"&gt;110.00&lt;/td&gt;
		&lt;td class="tabelatd1"&gt;0.00&lt;/td&gt;
		&lt;td class="tabelatd1"&gt;0.00&lt;/td&gt;
		&lt;td class="tabelatd1"&gt;0.00&lt;/td&gt;
		&lt;td class="tabelatd1"&gt;&lt;br&gt;&lt;br&gt;&lt;/td&gt;
	&lt;/tr&gt;
	&lt;tr&gt;
		&lt;td class="tabelatd2"&gt;1-Fulano de Tal (652.392.539-00)&lt;/td&gt;
		&lt;td class="tabelatd2"&gt;Rua Geral&lt;/td&gt;
		&lt;td class="tabelatd2"&gt;Criciúma/SC&lt;/td&gt;
		&lt;td class="tabelatd2"&gt;1&lt;/td&gt;
		&lt;td class="tabelatd2"&gt;193&lt;/td&gt;
		&lt;td class="tabelatd2"&gt;Tipo Cobranca&lt;/td&gt;
		&lt;td class="tabelatd2"&gt;10/10/2018&lt;/td&gt;
		&lt;td class="tabelatd2"&gt;110.00&lt;/td&gt;
		&lt;td class="tabelatd2"&gt;0.00&lt;/td&gt;
		&lt;td class="tabelatd2"&gt;0.00&lt;/td&gt;
		&lt;td class="tabelatd2"&gt;0.00&lt;/td&gt;
		&lt;td class="tabelatd2"&gt;&lt;br&gt;&lt;br&gt;&lt;/td&gt;
	&lt;/tr&gt;
	&lt;tr&gt;
		&lt;td class="tabelatd1"&gt;1-Fulano de Tal (652.392.539-00)&lt;/td&gt;
		&lt;td class="tabelatd1"&gt;Rua Geral&lt;/td&gt;
		&lt;td class="tabelatd1"&gt;Criciúma/SC&lt;/td&gt;
		&lt;td class="tabelatd1"&gt;1&lt;/td&gt;
		&lt;td class="tabelatd1"&gt;213&lt;/td&gt;
		&lt;td class="tabelatd1"&gt;Tipo Cobranca&lt;/td&gt;
		&lt;td class="tabelatd1"&gt;10/10/2018&lt;/td&gt;
		&lt;td class="tabelatd1"&gt;110.00&lt;/td&gt;
		&lt;td class="tabelatd1"&gt;0.00&lt;/td&gt;
		&lt;td class="tabelatd1"&gt;0.00&lt;/td&gt;
		&lt;td class="tabelatd1"&gt;0.00&lt;/td&gt;
		&lt;td class="tabelatd1"&gt;&lt;br&gt;&lt;br&gt;&lt;/td&gt;
	&lt;/tr&gt;
	&lt;tr&gt;
		&lt;td class="tabelatd2"&gt;1-Fulano de Tal (652.392.539-00)&lt;/td&gt;
		&lt;td class="tabelatd2"&gt;Rua Geral&lt;/td&gt;
		&lt;td class="tabelatd2"&gt;Criciúma/SC&lt;/td&gt;
		&lt;td class="tabelatd2"&gt;1&lt;/td&gt;
		&lt;td class="tabelatd2"&gt;236&lt;/td&gt;
		&lt;td class="tabelatd2"&gt;Tipo Cobranca&lt;/td&gt;
		&lt;td class="tabelatd2"&gt;10/10/2018&lt;/td&gt;
		&lt;td class="tabelatd2"&gt;110.00&lt;/td&gt;
		&lt;td class="tabelatd2"&gt;0.00&lt;/td&gt;
		&lt;td class="tabelatd2"&gt;0.00&lt;/td&gt;
		&lt;td class="tabelatd2"&gt;0.00&lt;/td&gt;
		&lt;td class="tabelatd2"&gt;&lt;br&gt;&lt;br&gt;&lt;/td&gt;
	&lt;/tr&gt;
	&lt;tr&gt;
		&lt;td class="tabelatd1"&gt;1-Fulano de Tal (652.392.539-00)&lt;/td&gt;
		&lt;td class="tabelatd1"&gt;Rua Geral&lt;/td&gt;
		&lt;td class="tabelatd1"&gt;Criciúma/SC&lt;/td&gt;
		&lt;td class="tabelatd1"&gt;1&lt;/td&gt;
		&lt;td class="tabelatd1"&gt;259&lt;/td&gt;
		&lt;td class="tabelatd1"&gt;Tipo Cobranca&lt;/td&gt;
		&lt;td class="tabelatd1"&gt;10/10/2018&lt;/td&gt;
		&lt;td class="tabelatd1"&gt;110.00&lt;/td&gt;
		&lt;td class="tabelatd1"&gt;0.00&lt;/td&gt;
		&lt;td class="tabelatd1"&gt;0.00&lt;/td&gt;
		&lt;td class="tabelatd1"&gt;0.00&lt;/td&gt;
		&lt;td class="tabelatd1"&gt;&lt;br&gt;&lt;br&gt;&lt;/td&gt;
	&lt;/tr&gt;
	&lt;tr&gt;
		&lt;td class="tabelatd2"&gt;1-Fulano de Tal (652.392.539-00)&lt;/td&gt;
		&lt;td class="tabelatd2"&gt;Rua Geral&lt;/td&gt;
		&lt;td class="tabelatd2"&gt;Criciúma/SC&lt;/td&gt;
		&lt;td class="tabelatd2"&gt;1&lt;/td&gt;
		&lt;td class="tabelatd2"&gt;284&lt;/td&gt;
		&lt;td class="tabelatd2"&gt;Tipo Cobranca&lt;/td&gt;
		&lt;td class="tabelatd2"&gt;10/10/2018&lt;/td&gt;
		&lt;td class="tabelatd2"&gt;110.00&lt;/td&gt;
		&lt;td class="tabelatd2"&gt;0.00&lt;/td&gt;
		&lt;td class="tabelatd2"&gt;0.00&lt;/td&gt;
		&lt;td class="tabelatd2"&gt;0.00&lt;/td&gt;
		&lt;td class="tabelatd2"&gt;&lt;br&gt;&lt;br&gt;&lt;/td&gt;
	&lt;/tr&gt;
	&lt;tr&gt;
		&lt;td class="tabelatd1"&gt;1-Fulano de Tal (652.392.539-00)&lt;/td&gt;
		&lt;td class="tabelatd1"&gt;Rua Geral&lt;/td&gt;
		&lt;td class="tabelatd1"&gt;Criciúma/SC&lt;/td&gt;
		&lt;td class="tabelatd1"&gt;1&lt;/td&gt;
		&lt;td class="tabelatd1"&gt;174&lt;/td&gt;
		&lt;td class="tabelatd1"&gt;Tipo Cobranca&lt;/td&gt;
		&lt;td class="tabelatd1"&gt;10/10/2018&lt;/td&gt;
		&lt;td class="tabelatd1"&gt;110.00&lt;/td&gt;
		&lt;td class="tabelatd1"&gt;0.00&lt;/td&gt;
		&lt;td class="tabelatd1"&gt;0.00&lt;/td&gt;
		&lt;td class="tabelatd1"&gt;0.00&lt;/td&gt;
		&lt;td class="tabelatd1"&gt;&lt;br&gt;&lt;br&gt;&lt;/td&gt;
	&lt;/tr&gt;
	&lt;tr&gt;
		&lt;td class="tabelatd2"&gt;1-Fulano de Tal (652.392.539-00)&lt;/td&gt;
		&lt;td class="tabelatd2"&gt;Rua Geral&lt;/td&gt;
		&lt;td class="tabelatd2"&gt;Criciúma/SC&lt;/td&gt;
		&lt;td class="tabelatd2"&gt;1&lt;/td&gt;
		&lt;td class="tabelatd2"&gt;194&lt;/td&gt;
		&lt;td class="tabelatd2"&gt;Tipo Cobranca&lt;/td&gt;
		&lt;td class="tabelatd2"&gt;10/10/2018&lt;/td&gt;
		&lt;td class="tabelatd2"&gt;110.00&lt;/td&gt;
		&lt;td class="tabelatd2"&gt;0.00&lt;/td&gt;
		&lt;td class="tabelatd2"&gt;0.00&lt;/td&gt;
		&lt;td class="tabelatd2"&gt;0.00&lt;/td&gt;
		&lt;td class="tabelatd2"&gt;&lt;br&gt;&lt;br&gt;&lt;/td&gt;
	&lt;/tr&gt;
	&lt;tr&gt;
		&lt;td class="tabelatd1"&gt;1-Fulano de Tal (652.392.539-00)&lt;/td&gt;
		&lt;td class="tabelatd1"&gt;Rua Geral&lt;/td&gt;
		&lt;td class="tabelatd1"&gt;Criciúma/SC&lt;/td&gt;
		&lt;td class="tabelatd1"&gt;1&lt;/td&gt;
		&lt;td class="tabelatd1"&gt;214&lt;/td&gt;
		&lt;td class="tabelatd1"&gt;Tipo Cobranca&lt;/td&gt;
		&lt;td class="tabelatd1"&gt;10/10/2018&lt;/td&gt;
		&lt;td class="tabelatd1"&gt;110.00&lt;/td&gt;
		&lt;td class="tabelatd1"&gt;0.00&lt;/td&gt;
		&lt;td class="tabelatd1"&gt;0.00&lt;/td&gt;
		&lt;td class="tabelatd1"&gt;0.00&lt;/td&gt;
		&lt;td class="tabelatd1"&gt;&lt;br&gt;&lt;br&gt;&lt;/td&gt;
	&lt;/tr&gt;
	&lt;tr&gt;
		&lt;td class="tabelatd2"&gt;1-Fulano de Tal (652.392.539-00)&lt;/td&gt;
		&lt;td class="tabelatd2"&gt;Rua Geral&lt;/td&gt;
		&lt;td class="tabelatd2"&gt;Criciúma/SC&lt;/td&gt;
		&lt;td class="tabelatd2"&gt;1&lt;/td&gt;
		&lt;td class="tabelatd2"&gt;237&lt;/td&gt;
		&lt;td class="tabelatd2"&gt;Tipo Cobranca&lt;/td&gt;
		&lt;td class="tabelatd2"&gt;10/10/2018&lt;/td&gt;
		&lt;td class="tabelatd2"&gt;110.00&lt;/td&gt;
		&lt;td class="tabelatd2"&gt;0.00&lt;/td&gt;
		&lt;td class="tabelatd2"&gt;0.00&lt;/td&gt;
		&lt;td class="tabelatd2"&gt;0.00&lt;/td&gt;
		&lt;td class="tabelatd2"&gt;&lt;br&gt;&lt;br&gt;&lt;/td&gt;
	&lt;/tr&gt;
	&lt;tr&gt;
		&lt;td class="tabelatd1"&gt;1-Fulano de Tal (652.392.539-00)&lt;/td&gt;
		&lt;td class="tabelatd1"&gt;Rua Geral&lt;/td&gt;
		&lt;td class="tabelatd1"&gt;Criciúma/SC&lt;/td&gt;
		&lt;td class="tabelatd1"&gt;1&lt;/td&gt;
		&lt;td class="tabelatd1"&gt;260&lt;/td&gt;
		&lt;td class="tabelatd1"&gt;Tipo Cobranca&lt;/td&gt;
		&lt;td class="tabelatd1"&gt;10/10/2018&lt;/td&gt;
		&lt;td class="tabelatd1"&gt;110.00&lt;/td&gt;
		&lt;td class="tabelatd1"&gt;0.00&lt;/td&gt;
		&lt;td class="tabelatd1"&gt;0.00&lt;/td&gt;
		&lt;td class="tabelatd1"&gt;0.00&lt;/td&gt;
		&lt;td class="tabelatd1"&gt;&lt;br&gt;&lt;br&gt;&lt;/td&gt;
	&lt;/tr&gt;
	&lt;tr&gt;
		&lt;td class="tabelatd2"&gt;1-Fulano de Tal (652.392.539-00)&lt;/td&gt;
		&lt;td class="tabelatd2"&gt;Rua Geral&lt;/td&gt;
		&lt;td class="tabelatd2"&gt;Criciúma/SC&lt;/td&gt;
		&lt;td class="tabelatd2"&gt;1&lt;/td&gt;
		&lt;td class="tabelatd2"&gt;285&lt;/td&gt;
		&lt;td class="tabelatd2"&gt;Tipo Cobranca&lt;/td&gt;
		&lt;td class="tabelatd2"&gt;10/10/2018&lt;/td&gt;
		&lt;td class="tabelatd2"&gt;110.00&lt;/td&gt;
		&lt;td class="tabelatd2"&gt;0.00&lt;/td&gt;
		&lt;td class="tabelatd2"&gt;0.00&lt;/td&gt;
		&lt;td class="tabelatd2"&gt;0.00&lt;/td&gt;
		&lt;td class="tabelatd2"&gt;&lt;br&gt;&lt;br&gt;&lt;/td&gt;
	&lt;/tr&gt;
	&lt;tr&gt;
		&lt;td class="tabelatd1"&gt;1-Fulano de Tal (652.392.539-00)&lt;/td&gt;
		&lt;td class="tabelatd1"&gt;Rua Geral&lt;/td&gt;
		&lt;td class="tabelatd1"&gt;Criciúma/SC&lt;/td&gt;
		&lt;td class="tabelatd1"&gt;1&lt;/td&gt;
		&lt;td class="tabelatd1"&gt;175&lt;/td&gt;
		&lt;td class="tabelatd1"&gt;Tipo Cobranca&lt;/td&gt;
		&lt;td class="tabelatd1"&gt;10/10/2018&lt;/td&gt;
		&lt;td class="tabelatd1"&gt;110.00&lt;/td&gt;
		&lt;td class="tabelatd1"&gt;0.00&lt;/td&gt;
		&lt;td class="tabelatd1"&gt;0.00&lt;/td&gt;
		&lt;td class="tabelatd1"&gt;0.00&lt;/td&gt;
		&lt;td class="tabelatd1"&gt;&lt;br&gt;&lt;br&gt;&lt;/td&gt;
	&lt;/tr&gt;
	&lt;tr&gt;
		&lt;td class="tabelatd2"&gt;1-Fulano de Tal (652.392.539-00)&lt;/td&gt;
		&lt;td class="tabelatd2"&gt;Rua Geral&lt;/td&gt;
		&lt;td class="tabelatd2"&gt;Criciúma/SC&lt;/td&gt;
		&lt;td class="tabelatd2"&gt;1&lt;/td&gt;
		&lt;td class="tabelatd2"&gt;195&lt;/td&gt;
		&lt;td class="tabelatd2"&gt;Tipo Cobranca&lt;/td&gt;
		&lt;td class="tabelatd2"&gt;10/10/2018&lt;/td&gt;
		&lt;td class="tabelatd2"&gt;110.00&lt;/td&gt;
		&lt;td class="tabelatd2"&gt;0.00&lt;/td&gt;
		&lt;td class="tabelatd2"&gt;0.00&lt;/td&gt;
		&lt;td class="tabelatd2"&gt;0.00&lt;/td&gt;
		&lt;td class="tabelatd2"&gt;&lt;br&gt;&lt;br&gt;&lt;/td&gt;
	&lt;/tr&gt;
	&lt;tr&gt;
		&lt;td class="tabelatd1"&gt;1-Fulano de Tal (652.392.539-00)&lt;/td&gt;
		&lt;td class="tabelatd1"&gt;Rua Geral&lt;/td&gt;
		&lt;td class="tabelatd1"&gt;Criciúma/SC&lt;/td&gt;
		&lt;td class="tabelatd1"&gt;1&lt;/td&gt;
		&lt;td class="tabelatd1"&gt;215&lt;/td&gt;
		&lt;td class="tabelatd1"&gt;Tipo Cobranca&lt;/td&gt;
		&lt;td class="tabelatd1"&gt;10/10/2018&lt;/td&gt;
		&lt;td class="tabelatd1"&gt;110.00&lt;/td&gt;
		&lt;td class="tabelatd1"&gt;0.00&lt;/td&gt;
		&lt;td class="tabelatd1"&gt;0.00&lt;/td&gt;
		&lt;td class="tabelatd1"&gt;0.00&lt;/td&gt;
		&lt;td class="tabelatd1"&gt;&lt;br&gt;&lt;br&gt;&lt;/td&gt;
	&lt;/tr&gt;
	&lt;tr&gt;
		&lt;td class="tabelatd2"&gt;1-Fulano de Tal (652.392.539-00)&lt;/td&gt;
		&lt;td class="tabelatd2"&gt;Rua Geral&lt;/td&gt;
		&lt;td class="tabelatd2"&gt;Criciúma/SC&lt;/td&gt;
		&lt;td class="tabelatd2"&gt;1&lt;/td&gt;
		&lt;td class="tabelatd2"&gt;238&lt;/td&gt;
		&lt;td class="tabelatd2"&gt;Tipo Cobranca&lt;/td&gt;
		&lt;td class="tabelatd2"&gt;10/10/2018&lt;/td&gt;
		&lt;td class="tabelatd2"&gt;110.00&lt;/td&gt;
		&lt;td class="tabelatd2"&gt;0.00&lt;/td&gt;
		&lt;td class="tabelatd2"&gt;0.00&lt;/td&gt;
		&lt;td class="tabelatd2"&gt;0.00&lt;/td&gt;
		&lt;td class="tabelatd2"&gt;&lt;br&gt;&lt;br&gt;&lt;/td&gt;
	&lt;/tr&gt;
	&lt;tr&gt;
		&lt;td class="tabelatd1"&gt;1-Fulano de Tal (652.392.539-00)&lt;/td&gt;
		&lt;td class="tabelatd1"&gt;Rua Geral&lt;/td&gt;
		&lt;td class="tabelatd1"&gt;Criciúma/SC&lt;/td&gt;
		&lt;td class="tabelatd1"&gt;1&lt;/td&gt;
		&lt;td class="tabelatd1"&gt;261&lt;/td&gt;
		&lt;td class="tabelatd1"&gt;Tipo Cobranca&lt;/td&gt;
		&lt;td class="tabelatd1"&gt;10/10/2018&lt;/td&gt;
		&lt;td class="tabelatd1"&gt;110.00&lt;/td&gt;
		&lt;td class="tabelatd1"&gt;0.00&lt;/td&gt;
		&lt;td class="tabelatd1"&gt;0.00&lt;/td&gt;
		&lt;td class="tabelatd1"&gt;0.00&lt;/td&gt;
		&lt;td class="tabelatd1"&gt;&lt;br&gt;&lt;br&gt;&lt;/td&gt;
	&lt;/tr&gt;
	&lt;tr&gt;
		&lt;td class="tabelatd2"&gt;1-Fulano de Tal (652.392.539-00)&lt;/td&gt;
		&lt;td class="tabelatd2"&gt;Rua Geral&lt;/td&gt;
		&lt;td class="tabelatd2"&gt;Criciúma/SC&lt;/td&gt;
		&lt;td class="tabelatd2"&gt;1&lt;/td&gt;
		&lt;td class="tabelatd2"&gt;286&lt;/td&gt;
		&lt;td class="tabelatd2"&gt;Tipo Cobranca&lt;/td&gt;
		&lt;td class="tabelatd2"&gt;10/10/2018&lt;/td&gt;
		&lt;td class="tabelatd2"&gt;110.00&lt;/td&gt;
		&lt;td class="tabelatd2"&gt;0.00&lt;/td&gt;
		&lt;td class="tabelatd2"&gt;0.00&lt;/td&gt;
		&lt;td class="tabelatd2"&gt;0.00&lt;/td&gt;
		&lt;td class="tabelatd2"&gt;&lt;br&gt;&lt;br&gt;&lt;/td&gt;
	&lt;/tr&gt;
	&lt;tr&gt;
		&lt;td class="tabelatd1"&gt;1-Fulano de Tal (652.392.539-00)&lt;/td&gt;
		&lt;td class="tabelatd1"&gt;Rua Geral&lt;/td&gt;
		&lt;td class="tabelatd1"&gt;Criciúma/SC&lt;/td&gt;
		&lt;td class="tabelatd1"&gt;1&lt;/td&gt;
		&lt;td class="tabelatd1"&gt;176&lt;/td&gt;
		&lt;td class="tabelatd1"&gt;Tipo Cobranca&lt;/td&gt;
		&lt;td class="tabelatd1"&gt;10/10/2018&lt;/td&gt;
		&lt;td class="tabelatd1"&gt;110.00&lt;/td&gt;
		&lt;td class="tabelatd1"&gt;0.00&lt;/td&gt;
		&lt;td class="tabelatd1"&gt;0.00&lt;/td&gt;
		&lt;td class="tabelatd1"&gt;0.00&lt;/td&gt;
		&lt;td class="tabelatd1"&gt;&lt;br&gt;&lt;br&gt;&lt;/td&gt;
	&lt;/tr&gt;
	&lt;tr&gt;
		&lt;td class="tabelatd2"&gt;1-Fulano de Tal (652.392.539-00)&lt;/td&gt;
		&lt;td class="tabelatd2"&gt;Rua Geral&lt;/td&gt;
		&lt;td class="tabelatd2"&gt;Criciúma/SC&lt;/td&gt;
		&lt;td class="tabelatd2"&gt;1&lt;/td&gt;
		&lt;td class="tabelatd2"&gt;196&lt;/td&gt;
		&lt;td class="tabelatd2"&gt;Tipo Cobranca&lt;/td&gt;
		&lt;td class="tabelatd2"&gt;10/10/2018&lt;/td&gt;
		&lt;td class="tabelatd2"&gt;110.00&lt;/td&gt;
		&lt;td class="tabelatd2"&gt;0.00&lt;/td&gt;
		&lt;td class="tabelatd2"&gt;0.00&lt;/td&gt;
		&lt;td class="tabelatd2"&gt;0.00&lt;/td&gt;
		&lt;td class="tabelatd2"&gt;&lt;br&gt;&lt;br&gt;&lt;/td&gt;
	&lt;/tr&gt;
	&lt;tr&gt;
		&lt;td class="tabelatd1"&gt;1-Fulano de Tal (652.392.539-00)&lt;/td&gt;
		&lt;td class="tabelatd1"&gt;Rua Geral&lt;/td&gt;
		&lt;td class="tabelatd1"&gt;Criciúma/SC&lt;/td&gt;
		&lt;td class="tabelatd1"&gt;1&lt;/td&gt;
		&lt;td class="tabelatd1"&gt;216&lt;/td&gt;
		&lt;td class="tabelatd1"&gt;Tipo Cobranca&lt;/td&gt;
		&lt;td class="tabelatd1"&gt;10/10/2018&lt;/td&gt;
		&lt;td class="tabelatd1"&gt;110.00&lt;/td&gt;
		&lt;td class="tabelatd1"&gt;0.00&lt;/td&gt;
		&lt;td class="tabelatd1"&gt;0.00&lt;/td&gt;
		&lt;td class="tabelatd1"&gt;0.00&lt;/td&gt;
		&lt;td class="tabelatd1"&gt;&lt;br&gt;&lt;br&gt;&lt;/td&gt;
	&lt;/tr&gt;
	&lt;tr&gt;
		&lt;td class="tabelatd2"&gt;1-Fulano de Tal (652.392.539-00)&lt;/td&gt;
		&lt;td class="tabelatd2"&gt;Rua Geral&lt;/td&gt;
		&lt;td class="tabelatd2"&gt;Criciúma/SC&lt;/td&gt;
		&lt;td class="tabelatd2"&gt;1&lt;/td&gt;
		&lt;td class="tabelatd2"&gt;239&lt;/td&gt;
		&lt;td class="tabelatd2"&gt;Tipo Cobranca&lt;/td&gt;
		&lt;td class="tabelatd2"&gt;10/10/2018&lt;/td&gt;
		&lt;td class="tabelatd2"&gt;110.00&lt;/td&gt;
		&lt;td class="tabelatd2"&gt;0.00&lt;/td&gt;
		&lt;td class="tabelatd2"&gt;0.00&lt;/td&gt;
		&lt;td class="tabelatd2"&gt;0.00&lt;/td&gt;
		&lt;td class="tabelatd2"&gt;&lt;br&gt;&lt;br&gt;&lt;/td&gt;
	&lt;/tr&gt;
	&lt;tr&gt;
		&lt;td class="tabelatd1"&gt;1-Fulano de Tal (652.392.539-00)&lt;/td&gt;
		&lt;td class="tabelatd1"&gt;Rua Geral&lt;/td&gt;
		&lt;td class="tabelatd1"&gt;Criciúma/SC&lt;/td&gt;
		&lt;td class="tabelatd1"&gt;1&lt;/td&gt;
		&lt;td class="tabelatd1"&gt;262&lt;/td&gt;
		&lt;td class="tabelatd1"&gt;Tipo Cobranca&lt;/td&gt;
		&lt;td class="tabelatd1"&gt;10/10/2018&lt;/td&gt;
		&lt;td class="tabelatd1"&gt;110.00&lt;/td&gt;
		&lt;td class="tabelatd1"&gt;0.00&lt;/td&gt;
		&lt;td class="tabelatd1"&gt;0.00&lt;/td&gt;
		&lt;td class="tabelatd1"&gt;0.00&lt;/td&gt;
		&lt;td class="tabelatd1"&gt;&lt;br&gt;&lt;br&gt;&lt;/td&gt;
	&lt;/tr&gt;
	&lt;tr&gt;
		&lt;td class="tabelatd2"&gt;1-Fulano de Tal (652.392.539-00)&lt;/td&gt;
		&lt;td class="tabelatd2"&gt;Rua Geral&lt;/td&gt;
		&lt;td class="tabelatd2"&gt;Criciúma/SC&lt;/td&gt;
		&lt;td class="tabelatd2"&gt;1&lt;/td&gt;
		&lt;td class="tabelatd2"&gt;287&lt;/td&gt;
		&lt;td class="tabelatd2"&gt;Tipo Cobranca&lt;/td&gt;
		&lt;td class="tabelatd2"&gt;10/10/2018&lt;/td&gt;
		&lt;td class="tabelatd2"&gt;110.00&lt;/td&gt;
		&lt;td class="tabelatd2"&gt;0.00&lt;/td&gt;
		&lt;td class="tabelatd2"&gt;0.00&lt;/td&gt;
		&lt;td class="tabelatd2"&gt;0.00&lt;/td&gt;
		&lt;td class="tabelatd2"&gt;&lt;br&gt;&lt;br&gt;&lt;/td&gt;
	&lt;/tr&gt;
	&lt;tr&gt;
		&lt;td class="tabelatd1"&gt;1-Fulano de Tal (652.392.539-00)&lt;/td&gt;
		&lt;td class="tabelatd1"&gt;Rua Geral&lt;/td&gt;
		&lt;td class="tabelatd1"&gt;Criciúma/SC&lt;/td&gt;
		&lt;td class="tabelatd1"&gt;1&lt;/td&gt;
		&lt;td class="tabelatd1"&gt;240&lt;/td&gt;
		&lt;td class="tabelatd1"&gt;Tipo Cobranca&lt;/td&gt;
		&lt;td class="tabelatd1"&gt;10/10/2018&lt;/td&gt;
		&lt;td class="tabelatd1"&gt;110.00&lt;/td&gt;
		&lt;td class="tabelatd1"&gt;0.00&lt;/td&gt;
		&lt;td class="tabelatd1"&gt;0.00&lt;/td&gt;
		&lt;td class="tabelatd1"&gt;0.00&lt;/td&gt;
		&lt;td class="tabelatd1"&gt;&lt;br&gt;&lt;br&gt;&lt;/td&gt;
	&lt;/tr&gt;
	&lt;tr&gt;
		&lt;td class="tabelatd2"&gt;1-Fulano de Tal (652.392.539-00)&lt;/td&gt;
		&lt;td class="tabelatd2"&gt;Rua Geral&lt;/td&gt;
		&lt;td class="tabelatd2"&gt;Criciúma/SC&lt;/td&gt;
		&lt;td class="tabelatd2"&gt;1&lt;/td&gt;
		&lt;td class="tabelatd2"&gt;263&lt;/td&gt;
		&lt;td class="tabelatd2"&gt;Tipo Cobranca&lt;/td&gt;
		&lt;td class="tabelatd2"&gt;10/10/2018&lt;/td&gt;
		&lt;td class="tabelatd2"&gt;110.00&lt;/td&gt;
		&lt;td class="tabelatd2"&gt;0.00&lt;/td&gt;
		&lt;td class="tabelatd2"&gt;0.00&lt;/td&gt;
		&lt;td class="tabelatd2"&gt;0.00&lt;/td&gt;
		&lt;td class="tabelatd2"&gt;&lt;br&gt;&lt;br&gt;&lt;/td&gt;
	&lt;/tr&gt;
	&lt;tr&gt;
		&lt;td class="tabelatd1"&gt;1-Fulano de Tal (652.392.539-00)&lt;/td&gt;
		&lt;td class="tabelatd1"&gt;Rua Geral&lt;/td&gt;
		&lt;td class="tabelatd1"&gt;Criciúma/SC&lt;/td&gt;
		&lt;td class="tabelatd1"&gt;1&lt;/td&gt;
		&lt;td class="tabelatd1"&gt;288&lt;/td&gt;
		&lt;td class="tabelatd1"&gt;Tipo Cobranca&lt;/td&gt;
		&lt;td class="tabelatd1"&gt;10/10/2018&lt;/td&gt;
		&lt;td class="tabelatd1"&gt;110.00&lt;/td&gt;
		&lt;td class="tabelatd1"&gt;0.00&lt;/td&gt;
		&lt;td class="tabelatd1"&gt;0.00&lt;/td&gt;
		&lt;td class="tabelatd1"&gt;0.00&lt;/td&gt;
		&lt;td class="tabelatd1"&gt;&lt;br&gt;&lt;br&gt;&lt;/td&gt;
	&lt;/tr&gt;
	&lt;tr&gt;
		&lt;td class="tabelatd2"&gt;1-Fulano de Tal (652.392.539-00)&lt;/td&gt;
		&lt;td class="tabelatd2"&gt;Rua Geral&lt;/td&gt;
		&lt;td class="tabelatd2"&gt;Criciúma/SC&lt;/td&gt;
		&lt;td class="tabelatd2"&gt;1&lt;/td&gt;
		&lt;td class="tabelatd2"&gt;264&lt;/td&gt;
		&lt;td class="tabelatd2"&gt;Tipo Cobranca&lt;/td&gt;
		&lt;td class="tabelatd2"&gt;10/10/2018&lt;/td&gt;
		&lt;td class="tabelatd2"&gt;110.00&lt;/td&gt;
		&lt;td class="tabelatd2"&gt;0.00&lt;/td&gt;
		&lt;td class="tabelatd2"&gt;0.00&lt;/td&gt;
		&lt;td class="tabelatd2"&gt;0.00&lt;/td&gt;
		&lt;td class="tabelatd2"&gt;&lt;br&gt;&lt;br&gt;&lt;/td&gt;
	&lt;/tr&gt;
	&lt;tr&gt;
		&lt;td class="tabelatd1"&gt;1-Fulano de Tal (652.392.539-00)&lt;/td&gt;
		&lt;td class="tabelatd1"&gt;Rua Geral&lt;/td&gt;
		&lt;td class="tabelatd1"&gt;Criciúma/SC&lt;/td&gt;
		&lt;td class="tabelatd1"&gt;1&lt;/td&gt;
		&lt;td class="tabelatd1"&gt;289&lt;/td&gt;
		&lt;td class="tabelatd1"&gt;Tipo Cobranca&lt;/td&gt;
		&lt;td class="tabelatd1"&gt;10/10/2018&lt;/td&gt;
		&lt;td class="tabelatd1"&gt;110.00&lt;/td&gt;
		&lt;td class="tabelatd1"&gt;0.00&lt;/td&gt;
		&lt;td class="tabelatd1"&gt;0.00&lt;/td&gt;
		&lt;td class="tabelatd1"&gt;0.00&lt;/td&gt;
		&lt;td class="tabelatd1"&gt;&lt;br&gt;&lt;br&gt;&lt;/td&gt;
	&lt;/tr&gt;
	&lt;tr&gt;
		&lt;td class="tabelatd2"&gt;1-Fulano de Tal (652.392.539-00)&lt;/td&gt;
		&lt;td class="tabelatd2"&gt;Rua Geral&lt;/td&gt;
		&lt;td class="tabelatd2"&gt;Criciúma/SC&lt;/td&gt;
		&lt;td class="tabelatd2"&gt;1&lt;/td&gt;
		&lt;td class="tabelatd2"&gt;290&lt;/td&gt;
		&lt;td class="tabelatd2"&gt;Tipo Cobranca&lt;/td&gt;
		&lt;td class="tabelatd2"&gt;10/10/2018&lt;/td&gt;
		&lt;td class="tabelatd2"&gt;110.00&lt;/td&gt;
		&lt;td class="tabelatd2"&gt;0.00&lt;/td&gt;
		&lt;td class="tabelatd2"&gt;0.00&lt;/td&gt;
		&lt;td class="tabelatd2"&gt;0.00&lt;/td&gt;
		&lt;td class="tabelatd2"&gt;&lt;br&gt;&lt;br&gt;&lt;/td&gt;
	&lt;/tr&gt;
	&lt;tr&gt;
		&lt;td class="tabelatd1"&gt;1-Fulano de Tal (652.392.539-00)&lt;/td&gt;
		&lt;td class="tabelatd1"&gt;Rua Geral&lt;/td&gt;
		&lt;td class="tabelatd1"&gt;Criciúma/SC&lt;/td&gt;
		&lt;td class="tabelatd1"&gt;1&lt;/td&gt;
		&lt;td class="tabelatd1"&gt;305&lt;/td&gt;
		&lt;td class="tabelatd1"&gt;Tipo Cobranca&lt;/td&gt;
		&lt;td class="tabelatd1"&gt;10/10/2018&lt;/td&gt;
		&lt;td class="tabelatd1"&gt;110.00&lt;/td&gt;
		&lt;td class="tabelatd1"&gt;0.00&lt;/td&gt;
		&lt;td class="tabelatd1"&gt;0.00&lt;/td&gt;
		&lt;td class="tabelatd1"&gt;0.00&lt;/td&gt;
		&lt;td class="tabelatd1"&gt;&lt;br&gt;&lt;br&gt;&lt;/td&gt;
	&lt;/tr&gt;
	&lt;tr&gt;
		&lt;td class="tabelatd2"&gt;1-Fulano de Tal (652.392.539-00)&lt;/td&gt;
		&lt;td class="tabelatd2"&gt;Rua Geral&lt;/td&gt;
		&lt;td class="tabelatd2"&gt;Criciúma/SC&lt;/td&gt;
		&lt;td class="tabelatd2"&gt;1&lt;/td&gt;
		&lt;td class="tabelatd2"&gt;334&lt;/td&gt;
		&lt;td class="tabelatd2"&gt;Tipo Cobranca&lt;/td&gt;
		&lt;td class="tabelatd2"&gt;10/10/2018&lt;/td&gt;
		&lt;td class="tabelatd2"&gt;110.00&lt;/td&gt;
		&lt;td class="tabelatd2"&gt;0.00&lt;/td&gt;
		&lt;td class="tabelatd2"&gt;0.00&lt;/td&gt;
		&lt;td class="tabelatd2"&gt;0.00&lt;/td&gt;
		&lt;td class="tabelatd2"&gt;&lt;br&gt;&lt;br&gt;&lt;/td&gt;
	&lt;/tr&gt;
	&lt;tr&gt;
		&lt;td class="tabelatd1"&gt;1-Fulano de Tal (652.392.539-00)&lt;/td&gt;
		&lt;td class="tabelatd1"&gt;Rua Geral&lt;/td&gt;
		&lt;td class="tabelatd1"&gt;Criciúma/SC&lt;/td&gt;
		&lt;td class="tabelatd1"&gt;1&lt;/td&gt;
		&lt;td class="tabelatd1"&gt;365&lt;/td&gt;
		&lt;td class="tabelatd1"&gt;Tipo Cobranca&lt;/td&gt;
		&lt;td class="tabelatd1"&gt;10/10/2018&lt;/td&gt;
		&lt;td class="tabelatd1"&gt;110.00&lt;/td&gt;
		&lt;td class="tabelatd1"&gt;0.00&lt;/td&gt;
		&lt;td class="tabelatd1"&gt;0.00&lt;/td&gt;
		&lt;td class="tabelatd1"&gt;0.00&lt;/td&gt;
		&lt;td class="tabelatd1"&gt;&lt;br&gt;&lt;br&gt;&lt;/td&gt;
	&lt;/tr&gt;
	&lt;tr&gt;
		&lt;td class="tabelatd2"&gt;1-Fulano de Tal (652.392.539-00)&lt;/td&gt;
		&lt;td class="tabelatd2"&gt;Rua Geral&lt;/td&gt;
		&lt;td class="tabelatd2"&gt;Criciúma/SC&lt;/td&gt;
		&lt;td class="tabelatd2"&gt;1&lt;/td&gt;
		&lt;td class="tabelatd2"&gt;398&lt;/td&gt;
		&lt;td class="tabelatd2"&gt;Tipo Cobranca&lt;/td&gt;
		&lt;td class="tabelatd2"&gt;10/10/2018&lt;/td&gt;
		&lt;td class="tabelatd2"&gt;110.00&lt;/td&gt;
		&lt;td class="tabelatd2"&gt;0.00&lt;/td&gt;
		&lt;td class="tabelatd2"&gt;0.00&lt;/td&gt;
		&lt;td class="tabelatd2"&gt;0.00&lt;/td&gt;
		&lt;td class="tabelatd2"&gt;&lt;br&gt;&lt;br&gt;&lt;/td&gt;
	&lt;/tr&gt;
	&lt;tr&gt;
		&lt;td class="tabelatd1"&gt;1-Fulano de Tal (652.392.539-00)&lt;/td&gt;
		&lt;td class="tabelatd1"&gt;Rua Geral&lt;/td&gt;
		&lt;td class="tabelatd1"&gt;Criciúma/SC&lt;/td&gt;
		&lt;td class="tabelatd1"&gt;1&lt;/td&gt;
		&lt;td class="tabelatd1"&gt;433&lt;/td&gt;
		&lt;td class="tabelatd1"&gt;Tipo Cobranca&lt;/td&gt;
		&lt;td class="tabelatd1"&gt;10/10/2018&lt;/td&gt;
		&lt;td class="tabelatd1"&gt;110.00&lt;/td&gt;
		&lt;td class="tabelatd1"&gt;0.00&lt;/td&gt;
		&lt;td class="tabelatd1"&gt;0.00&lt;/td&gt;
		&lt;td class="tabelatd1"&gt;0.00&lt;/td&gt;
		&lt;td class="tabelatd1"&gt;&lt;br&gt;&lt;br&gt;&lt;/td&gt;
	&lt;/tr&gt;
	&lt;tr&gt;
		&lt;td class="tabelatd2"&gt;1-Fulano de Tal (652.392.539-00)&lt;/td&gt;
		&lt;td class="tabelatd2"&gt;Rua Geral&lt;/td&gt;
		&lt;td class="tabelatd2"&gt;Criciúma/SC&lt;/td&gt;
		&lt;td class="tabelatd2"&gt;1&lt;/td&gt;
		&lt;td class="tabelatd2"&gt;309&lt;/td&gt;
		&lt;td class="tabelatd2"&gt;Tipo Cobranca&lt;/td&gt;
		&lt;td class="tabelatd2"&gt;10/10/2018&lt;/td&gt;
		&lt;td class="tabelatd2"&gt;110.00&lt;/td&gt;
		&lt;td class="tabelatd2"&gt;0.00&lt;/td&gt;
		&lt;td class="tabelatd2"&gt;0.00&lt;/td&gt;
		&lt;td class="tabelatd2"&gt;0.00&lt;/td&gt;
		&lt;td class="tabelatd2"&gt;&lt;br&gt;&lt;br&gt;&lt;/td&gt;
	&lt;/tr&gt;
	&lt;tr&gt;
		&lt;td class="tabelatd1"&gt;1-Fulano de Tal (652.392.539-00)&lt;/td&gt;
		&lt;td class="tabelatd1"&gt;Rua Geral&lt;/td&gt;
		&lt;td class="tabelatd1"&gt;Criciúma/SC&lt;/td&gt;
		&lt;td class="tabelatd1"&gt;1&lt;/td&gt;
		&lt;td class="tabelatd1"&gt;338&lt;/td&gt;
		&lt;td class="tabelatd1"&gt;Tipo Cobranca&lt;/td&gt;
		&lt;td class="tabelatd1"&gt;10/10/2018&lt;/td&gt;
		&lt;td class="tabelatd1"&gt;110.00&lt;/td&gt;
		&lt;td class="tabelatd1"&gt;0.00&lt;/td&gt;
		&lt;td class="tabelatd1"&gt;0.00&lt;/td&gt;
		&lt;td class="tabelatd1"&gt;0.00&lt;/td&gt;
		&lt;td class="tabelatd1"&gt;&lt;br&gt;&lt;br&gt;&lt;/td&gt;
	&lt;/tr&gt;
	&lt;tr&gt;
		&lt;td class="tabelatd2"&gt;1-Fulano de Tal (652.392.539-00)&lt;/td&gt;
		&lt;td class="tabelatd2"&gt;Rua Geral&lt;/td&gt;
		&lt;td class="tabelatd2"&gt;Criciúma/SC&lt;/td&gt;
		&lt;td class="tabelatd2"&gt;1&lt;/td&gt;
		&lt;td class="tabelatd2"&gt;369&lt;/td&gt;
		&lt;td class="tabelatd2"&gt;Tipo Cobranca&lt;/td&gt;
		&lt;td class="tabelatd2"&gt;10/10/2018&lt;/td&gt;
		&lt;td class="tabelatd2"&gt;110.00&lt;/td&gt;
		&lt;td class="tabelatd2"&gt;0.00&lt;/td&gt;
		&lt;td class="tabelatd2"&gt;0.00&lt;/td&gt;
		&lt;td class="tabelatd2"&gt;0.00&lt;/td&gt;
		&lt;td class="tabelatd2"&gt;&lt;br&gt;&lt;br&gt;&lt;/td&gt;
	&lt;/tr&gt;
	&lt;tr&gt;
		&lt;td class="tabelatd1"&gt;1-Fulano de Tal (652.392.539-00)&lt;/td&gt;
		&lt;td class="tabelatd1"&gt;Rua Geral&lt;/td&gt;
		&lt;td class="tabelatd1"&gt;Criciúma/SC&lt;/td&gt;
		&lt;td class="tabelatd1"&gt;1&lt;/td&gt;
		&lt;td class="tabelatd1"&gt;402&lt;/td&gt;
		&lt;td class="tabelatd1"&gt;Tipo Cobranca&lt;/td&gt;
		&lt;td class="tabelatd1"&gt;10/10/2018&lt;/td&gt;
		&lt;td class="tabelatd1"&gt;110.00&lt;/td&gt;
		&lt;td class="tabelatd1"&gt;0.00&lt;/td&gt;
		&lt;td class="tabelatd1"&gt;0.00&lt;/td&gt;
		&lt;td class="tabelatd1"&gt;0.00&lt;/td&gt;
		&lt;td class="tabelatd1"&gt;&lt;br&gt;&lt;br&gt;&lt;/td&gt;
	&lt;/tr&gt;
	&lt;tr&gt;
		&lt;td class="tabelatd2"&gt;1-Fulano de Tal (652.392.539-00)&lt;/td&gt;
		&lt;td class="tabelatd2"&gt;Rua Geral&lt;/td&gt;
		&lt;td class="tabelatd2"&gt;Criciúma/SC&lt;/td&gt;
		&lt;td class="tabelatd2"&gt;1&lt;/td&gt;
		&lt;td class="tabelatd2"&gt;437&lt;/td&gt;
		&lt;td class="tabelatd2"&gt;Tipo Cobranca&lt;/td&gt;
		&lt;td class="tabelatd2"&gt;10/10/2018&lt;/td&gt;
		&lt;td class="tabelatd2"&gt;110.00&lt;/td&gt;
		&lt;td class="tabelatd2"&gt;0.00&lt;/td&gt;
		&lt;td class="tabelatd2"&gt;0.00&lt;/td&gt;
		&lt;td class="tabelatd2"&gt;0.00&lt;/td&gt;
		&lt;td class="tabelatd2"&gt;&lt;br&gt;&lt;br&gt;&lt;/td&gt;
	&lt;/tr&gt;
	&lt;tr&gt;
		&lt;td class="tabelatd1"&gt;1-Fulano de Tal (652.392.539-00)&lt;/td&gt;
		&lt;td class="tabelatd1"&gt;Rua Geral&lt;/td&gt;
		&lt;td class="tabelatd1"&gt;Criciúma/SC&lt;/td&gt;
		&lt;td class="tabelatd1"&gt;1&lt;/td&gt;
		&lt;td class="tabelatd1"&gt;310&lt;/td&gt;
		&lt;td class="tabelatd1"&gt;Tipo Cobranca&lt;/td&gt;
		&lt;td class="tabelatd1"&gt;10/10/2018&lt;/td&gt;
		&lt;td class="tabelatd1"&gt;110.00&lt;/td&gt;
		&lt;td class="tabelatd1"&gt;0.00&lt;/td&gt;
		&lt;td class="tabelatd1"&gt;0.00&lt;/td&gt;
		&lt;td class="tabelatd1"&gt;0.00&lt;/td&gt;
		&lt;td class="tabelatd1"&gt;&lt;br&gt;&lt;br&gt;&lt;/td&gt;
	&lt;/tr&gt;
	&lt;tr&gt;
		&lt;td class="tabelatd2"&gt;1-Fulano de Tal (652.392.539-00)&lt;/td&gt;
		&lt;td class="tabelatd2"&gt;Rua Geral&lt;/td&gt;
		&lt;td class="tabelatd2"&gt;Criciúma/SC&lt;/td&gt;
		&lt;td class="tabelatd2"&gt;1&lt;/td&gt;
		&lt;td class="tabelatd2"&gt;339&lt;/td&gt;
		&lt;td class="tabelatd2"&gt;Tipo Cobranca&lt;/td&gt;
		&lt;td class="tabelatd2"&gt;10/10/2018&lt;/td&gt;
		&lt;td class="tabelatd2"&gt;110.00&lt;/td&gt;
		&lt;td class="tabelatd2"&gt;0.00&lt;/td&gt;
		&lt;td class="tabelatd2"&gt;0.00&lt;/td&gt;
		&lt;td class="tabelatd2"&gt;0.00&lt;/td&gt;
		&lt;td class="tabelatd2"&gt;&lt;br&gt;&lt;br&gt;&lt;/td&gt;
	&lt;/tr&gt;
	&lt;tr&gt;
		&lt;td class="tabelatd1"&gt;1-Fulano de Tal (652.392.539-00)&lt;/td&gt;
		&lt;td class="tabelatd1"&gt;Rua Geral&lt;/td&gt;
		&lt;td class="tabelatd1"&gt;Criciúma/SC&lt;/td&gt;
		&lt;td class="tabelatd1"&gt;1&lt;/td&gt;
		&lt;td class="tabelatd1"&gt;370&lt;/td&gt;
		&lt;td class="tabelatd1"&gt;Tipo Cobranca&lt;/td&gt;
		&lt;td class="tabelatd1"&gt;10/10/2018&lt;/td&gt;
		&lt;td class="tabelatd1"&gt;110.00&lt;/td&gt;
		&lt;td class="tabelatd1"&gt;0.00&lt;/td&gt;
		&lt;td class="tabelatd1"&gt;0.00&lt;/td&gt;
		&lt;td class="tabelatd1"&gt;0.00&lt;/td&gt;
		&lt;td class="tabelatd1"&gt;&lt;br&gt;&lt;br&gt;&lt;/td&gt;
	&lt;/tr&gt;
	&lt;tr&gt;
		&lt;td class="tabelatd2"&gt;1-Fulano de Tal (652.392.539-00)&lt;/td&gt;
		&lt;td class="tabelatd2"&gt;Rua Geral&lt;/td&gt;
		&lt;td class="tabelatd2"&gt;Criciúma/SC&lt;/td&gt;
		&lt;td class="tabelatd2"&gt;1&lt;/td&gt;
		&lt;td class="tabelatd2"&gt;403&lt;/td&gt;
		&lt;td class="tabelatd2"&gt;Tipo Cobranca&lt;/td&gt;
		&lt;td class="tabelatd2"&gt;10/10/2018&lt;/td&gt;
		&lt;td class="tabelatd2"&gt;110.00&lt;/td&gt;
		&lt;td class="tabelatd2"&gt;0.00&lt;/td&gt;
		&lt;td class="tabelatd2"&gt;0.00&lt;/td&gt;
		&lt;td class="tabelatd2"&gt;0.00&lt;/td&gt;
		&lt;td class="tabelatd2"&gt;&lt;br&gt;&lt;br&gt;&lt;/td&gt;
	&lt;/tr&gt;
	&lt;tr&gt;
		&lt;td class="tabelatd1"&gt;1-Fulano de Tal (652.392.539-00)&lt;/td&gt;
		&lt;td class="tabelatd1"&gt;Rua Geral&lt;/td&gt;
		&lt;td class="tabelatd1"&gt;Criciúma/SC&lt;/td&gt;
		&lt;td class="tabelatd1"&gt;1&lt;/td&gt;
		&lt;td class="tabelatd1"&gt;438&lt;/td&gt;
		&lt;td class="tabelatd1"&gt;Tipo Cobranca&lt;/td&gt;
		&lt;td class="tabelatd1"&gt;10/10/2018&lt;/td&gt;
		&lt;td class="tabelatd1"&gt;110.00&lt;/td&gt;
		&lt;td class="tabelatd1"&gt;0.00&lt;/td&gt;
		&lt;td class="tabelatd1"&gt;0.00&lt;/td&gt;
		&lt;td class="tabelatd1"&gt;0.00&lt;/td&gt;
		&lt;td class="tabelatd1"&gt;&lt;br&gt;&lt;br&gt;&lt;/td&gt;
	&lt;/tr&gt;
	&lt;tr&gt;
		&lt;td class="tabelatd2"&gt;1-Fulano de Tal (652.392.539-00)&lt;/td&gt;
		&lt;td class="tabelatd2"&gt;Rua Geral&lt;/td&gt;
		&lt;td class="tabelatd2"&gt;Criciúma/SC&lt;/td&gt;
		&lt;td class="tabelatd2"&gt;1&lt;/td&gt;
		&lt;td class="tabelatd2"&gt;311&lt;/td&gt;
		&lt;td class="tabelatd2"&gt;Tipo Cobranca&lt;/td&gt;
		&lt;td class="tabelatd2"&gt;10/10/2018&lt;/td&gt;
		&lt;td class="tabelatd2"&gt;110.00&lt;/td&gt;
		&lt;td class="tabelatd2"&gt;0.00&lt;/td&gt;
		&lt;td class="tabelatd2"&gt;0.00&lt;/td&gt;
		&lt;td class="tabelatd2"&gt;0.00&lt;/td&gt;
		&lt;td class="tabelatd2"&gt;&lt;br&gt;&lt;br&gt;&lt;/td&gt;
	&lt;/tr&gt;
	&lt;tr&gt;
		&lt;td class="tabelatd1"&gt;1-Fulano de Tal (652.392.539-00)&lt;/td&gt;
		&lt;td class="tabelatd1"&gt;Rua Geral&lt;/td&gt;
		&lt;td class="tabelatd1"&gt;Criciúma/SC&lt;/td&gt;
		&lt;td class="tabelatd1"&gt;1&lt;/td&gt;
		&lt;td class="tabelatd1"&gt;340&lt;/td&gt;
		&lt;td class="tabelatd1"&gt;Tipo Cobranca&lt;/td&gt;
		&lt;td class="tabelatd1"&gt;10/10/2018&lt;/td&gt;
		&lt;td class="tabelatd1"&gt;110.00&lt;/td&gt;
		&lt;td class="tabelatd1"&gt;0.00&lt;/td&gt;
		&lt;td class="tabelatd1"&gt;0.00&lt;/td&gt;
		&lt;td class="tabelatd1"&gt;0.00&lt;/td&gt;
		&lt;td class="tabelatd1"&gt;&lt;br&gt;&lt;br&gt;&lt;/td&gt;
	&lt;/tr&gt;
	&lt;tr&gt;
		&lt;td class="tabelatd2"&gt;1-Fulano de Tal (652.392.539-00)&lt;/td&gt;
		&lt;td class="tabelatd2"&gt;Rua Geral&lt;/td&gt;
		&lt;td class="tabelatd2"&gt;Criciúma/SC&lt;/td&gt;
		&lt;td class="tabelatd2"&gt;1&lt;/td&gt;
		&lt;td class="tabelatd2"&gt;371&lt;/td&gt;
		&lt;td class="tabelatd2"&gt;Tipo Cobranca&lt;/td&gt;
		&lt;td class="tabelatd2"&gt;10/10/2018&lt;/td&gt;
		&lt;td class="tabelatd2"&gt;110.00&lt;/td&gt;
		&lt;td class="tabelatd2"&gt;0.00&lt;/td&gt;
		&lt;td class="tabelatd2"&gt;0.00&lt;/td&gt;
		&lt;td class="tabelatd2"&gt;0.00&lt;/td&gt;
		&lt;td class="tabelatd2"&gt;&lt;br&gt;&lt;br&gt;&lt;/td&gt;
	&lt;/tr&gt;
	&lt;tr&gt;
		&lt;td class="tabelatd1"&gt;1-Fulano de Tal (652.392.539-00)&lt;/td&gt;
		&lt;td class="tabelatd1"&gt;Rua Geral&lt;/td&gt;
		&lt;td class="tabelatd1"&gt;Criciúma/SC&lt;/td&gt;
		&lt;td class="tabelatd1"&gt;1&lt;/td&gt;
		&lt;td class="tabelatd1"&gt;404&lt;/td&gt;
		&lt;td class="tabelatd1"&gt;Tipo Cobranca&lt;/td&gt;
		&lt;td class="tabelatd1"&gt;10/10/2018&lt;/td&gt;
		&lt;td class="tabelatd1"&gt;110.00&lt;/td&gt;
		&lt;td class="tabelatd1"&gt;0.00&lt;/td&gt;
		&lt;td class="tabelatd1"&gt;0.00&lt;/td&gt;
		&lt;td class="tabelatd1"&gt;0.00&lt;/td&gt;
		&lt;td class="tabelatd1"&gt;&lt;br&gt;&lt;br&gt;&lt;/td&gt;
	&lt;/tr&gt;
	&lt;tr&gt;
		&lt;td class="tabelatd2"&gt;1-Fulano de Tal (652.392.539-00)&lt;/td&gt;
		&lt;td class="tabelatd2"&gt;Rua Geral&lt;/td&gt;
		&lt;td class="tabelatd2"&gt;Criciúma/SC&lt;/td&gt;
		&lt;td class="tabelatd2"&gt;1&lt;/td&gt;
		&lt;td class="tabelatd2"&gt;439&lt;/td&gt;
		&lt;td class="tabelatd2"&gt;Tipo Cobranca&lt;/td&gt;
		&lt;td class="tabelatd2"&gt;10/10/2018&lt;/td&gt;
		&lt;td class="tabelatd2"&gt;110.00&lt;/td&gt;
		&lt;td class="tabelatd2"&gt;0.00&lt;/td&gt;
		&lt;td class="tabelatd2"&gt;0.00&lt;/td&gt;
		&lt;td class="tabelatd2"&gt;0.00&lt;/td&gt;
		&lt;td class="tabelatd2"&gt;&lt;br&gt;&lt;br&gt;&lt;/td&gt;
	&lt;/tr&gt;
	&lt;tr&gt;
		&lt;td class="tabelatd1"&gt;1-Fulano de Tal (652.392.539-00)&lt;/td&gt;
		&lt;td class="tabelatd1"&gt;Rua Geral&lt;/td&gt;
		&lt;td class="tabelatd1"&gt;Criciúma/SC&lt;/td&gt;
		&lt;td class="tabelatd1"&gt;1&lt;/td&gt;
		&lt;td class="tabelatd1"&gt;312&lt;/td&gt;
		&lt;td class="tabelatd1"&gt;Tipo Cobranca&lt;/td&gt;
		&lt;td class="tabelatd1"&gt;10/10/2018&lt;/td&gt;
		&lt;td class="tabelatd1"&gt;110.00&lt;/td&gt;
		&lt;td class="tabelatd1"&gt;0.00&lt;/td&gt;
		&lt;td class="tabelatd1"&gt;0.00&lt;/td&gt;
		&lt;td class="tabelatd1"&gt;0.00&lt;/td&gt;
		&lt;td class="tabelatd1"&gt;&lt;br&gt;&lt;br&gt;&lt;/td&gt;
	&lt;/tr&gt;
	&lt;tr&gt;
		&lt;td class="tabelatd2"&gt;1-Fulano de Tal (652.392.539-00)&lt;/td&gt;
		&lt;td class="tabelatd2"&gt;Rua Geral&lt;/td&gt;
		&lt;td class="tabelatd2"&gt;Criciúma/SC&lt;/td&gt;
		&lt;td class="tabelatd2"&gt;1&lt;/td&gt;
		&lt;td class="tabelatd2"&gt;341&lt;/td&gt;
		&lt;td class="tabelatd2"&gt;Tipo Cobranca&lt;/td&gt;
		&lt;td class="tabelatd2"&gt;10/10/2018&lt;/td&gt;
		&lt;td class="tabelatd2"&gt;110.00&lt;/td&gt;
		&lt;td class="tabelatd2"&gt;0.00&lt;/td&gt;
		&lt;td class="tabelatd2"&gt;0.00&lt;/td&gt;
		&lt;td class="tabelatd2"&gt;0.00&lt;/td&gt;
		&lt;td class="tabelatd2"&gt;&lt;br&gt;&lt;br&gt;&lt;/td&gt;
	&lt;/tr&gt;
	&lt;tr&gt;
		&lt;td class="tabelatd1"&gt;1-Fulano de Tal (652.392.539-00)&lt;/td&gt;
		&lt;td class="tabelatd1"&gt;Rua Geral&lt;/td&gt;
		&lt;td class="tabelatd1"&gt;Criciúma/SC&lt;/td&gt;
		&lt;td class="tabelatd1"&gt;1&lt;/td&gt;
		&lt;td class="tabelatd1"&gt;372&lt;/td&gt;
		&lt;td class="tabelatd1"&gt;Tipo Cobranca&lt;/td&gt;
		&lt;td class="tabelatd1"&gt;10/10/2018&lt;/td&gt;
		&lt;td class="tabelatd1"&gt;110.00&lt;/td&gt;
		&lt;td class="tabelatd1"&gt;0.00&lt;/td&gt;
		&lt;td class="tabelatd1"&gt;0.00&lt;/td&gt;
		&lt;td class="tabelatd1"&gt;0.00&lt;/td&gt;
		&lt;td class="tabelatd1"&gt;&lt;br&gt;&lt;br&gt;&lt;/td&gt;
	&lt;/tr&gt;
	&lt;tr&gt;
		&lt;td class="tabelatd2"&gt;1-Fulano de Tal (652.392.539-00)&lt;/td&gt;
		&lt;td class="tabelatd2"&gt;Rua Geral&lt;/td&gt;
		&lt;td class="tabelatd2"&gt;Criciúma/SC&lt;/td&gt;
		&lt;td class="tabelatd2"&gt;1&lt;/td&gt;
		&lt;td class="tabelatd2"&gt;405&lt;/td&gt;
		&lt;td class="tabelatd2"&gt;Tipo Cobranca&lt;/td&gt;
		&lt;td class="tabelatd2"&gt;10/10/2018&lt;/td&gt;
		&lt;td class="tabelatd2"&gt;110.00&lt;/td&gt;
		&lt;td class="tabelatd2"&gt;0.00&lt;/td&gt;
		&lt;td class="tabelatd2"&gt;0.00&lt;/td&gt;
		&lt;td class="tabelatd2"&gt;0.00&lt;/td&gt;
		&lt;td class="tabelatd2"&gt;&lt;br&gt;&lt;br&gt;&lt;/td&gt;
	&lt;/tr&gt;
	&lt;tr&gt;
		&lt;td class="tabelatd1"&gt;1-Fulano de Tal (652.392.539-00)&lt;/td&gt;
		&lt;td class="tabelatd1"&gt;Rua Geral&lt;/td&gt;
		&lt;td class="tabelatd1"&gt;Criciúma/SC&lt;/td&gt;
		&lt;td class="tabelatd1"&gt;1&lt;/td&gt;
		&lt;td class="tabelatd1"&gt;440&lt;/td&gt;
		&lt;td class="tabelatd1"&gt;Tipo Cobranca&lt;/td&gt;
		&lt;td class="tabelatd1"&gt;10/10/2018&lt;/td&gt;
		&lt;td class="tabelatd1"&gt;110.00&lt;/td&gt;
		&lt;td class="tabelatd1"&gt;0.00&lt;/td&gt;
		&lt;td class="tabelatd1"&gt;0.00&lt;/td&gt;
		&lt;td class="tabelatd1"&gt;0.00&lt;/td&gt;
		&lt;td class="tabelatd1"&gt;&lt;br&gt;&lt;br&gt;&lt;/td&gt;
	&lt;/tr&gt;
	&lt;tr&gt;
		&lt;td class="tabelatd2"&gt;1-Fulano de Tal (652.392.539-00)&lt;/td&gt;
		&lt;td class="tabelatd2"&gt;Rua Geral&lt;/td&gt;
		&lt;td class="tabelatd2"&gt;Criciúma/SC&lt;/td&gt;
		&lt;td class="tabelatd2"&gt;1&lt;/td&gt;
		&lt;td class="tabelatd2"&gt;313&lt;/td&gt;
		&lt;td class="tabelatd2"&gt;Tipo Cobranca&lt;/td&gt;
		&lt;td class="tabelatd2"&gt;10/10/2018&lt;/td&gt;
		&lt;td class="tabelatd2"&gt;110.00&lt;/td&gt;
		&lt;td class="tabelatd2"&gt;0.00&lt;/td&gt;
		&lt;td class="tabelatd2"&gt;0.00&lt;/td&gt;
		&lt;td class="tabelatd2"&gt;0.00&lt;/td&gt;
		&lt;td class="tabelatd2"&gt;&lt;br&gt;&lt;br&gt;&lt;/td&gt;
	&lt;/tr&gt;
	&lt;tr&gt;
		&lt;td class="tabelatd1"&gt;1-Fulano de Tal (652.392.539-00)&lt;/td&gt;
		&lt;td class="tabelatd1"&gt;Rua Geral&lt;/td&gt;
		&lt;td class="tabelatd1"&gt;Criciúma/SC&lt;/td&gt;
		&lt;td class="tabelatd1"&gt;1&lt;/td&gt;
		&lt;td class="tabelatd1"&gt;342&lt;/td&gt;
		&lt;td class="tabelatd1"&gt;Tipo Cobranca&lt;/td&gt;
		&lt;td class="tabelatd1"&gt;10/10/2018&lt;/td&gt;
		&lt;td class="tabelatd1"&gt;110.00&lt;/td&gt;
		&lt;td class="tabelatd1"&gt;0.00&lt;/td&gt;
		&lt;td class="tabelatd1"&gt;0.00&lt;/td&gt;
		&lt;td class="tabelatd1"&gt;0.00&lt;/td&gt;
		&lt;td class="tabelatd1"&gt;&lt;br&gt;&lt;br&gt;&lt;/td&gt;
	&lt;/tr&gt;
	&lt;tr&gt;
		&lt;td class="tabelatd2"&gt;1-Fulano de Tal (652.392.539-00)&lt;/td&gt;
		&lt;td class="tabelatd2"&gt;Rua Geral&lt;/td&gt;
		&lt;td class="tabelatd2"&gt;Criciúma/SC&lt;/td&gt;
		&lt;td class="tabelatd2"&gt;1&lt;/td&gt;
		&lt;td class="tabelatd2"&gt;373&lt;/td&gt;
		&lt;td class="tabelatd2"&gt;Tipo Cobranca&lt;/td&gt;
		&lt;td class="tabelatd2"&gt;10/10/2018&lt;/td&gt;
		&lt;td class="tabelatd2"&gt;110.00&lt;/td&gt;
		&lt;td class="tabelatd2"&gt;0.00&lt;/td&gt;
		&lt;td class="tabelatd2"&gt;0.00&lt;/td&gt;
		&lt;td class="tabelatd2"&gt;0.00&lt;/td&gt;
		&lt;td class="tabelatd2"&gt;&lt;br&gt;&lt;br&gt;&lt;/td&gt;
	&lt;/tr&gt;
	&lt;tr&gt;
		&lt;td class="tabelatd1"&gt;1-Fulano de Tal (652.392.539-00)&lt;/td&gt;
		&lt;td class="tabelatd1"&gt;Rua Geral&lt;/td&gt;
		&lt;td class="tabelatd1"&gt;Criciúma/SC&lt;/td&gt;
		&lt;td class="tabelatd1"&gt;1&lt;/td&gt;
		&lt;td class="tabelatd1"&gt;406&lt;/td&gt;
		&lt;td class="tabelatd1"&gt;Tipo Cobranca&lt;/td&gt;
		&lt;td class="tabelatd1"&gt;10/10/2018&lt;/td&gt;
		&lt;td class="tabelatd1"&gt;110.00&lt;/td&gt;
		&lt;td class="tabelatd1"&gt;0.00&lt;/td&gt;
		&lt;td class="tabelatd1"&gt;0.00&lt;/td&gt;
		&lt;td class="tabelatd1"&gt;0.00&lt;/td&gt;
		&lt;td class="tabelatd1"&gt;&lt;br&gt;&lt;br&gt;&lt;/td&gt;
	&lt;/tr&gt;
	&lt;tr&gt;
		&lt;td class="tabelatd2"&gt;1-Fulano de Tal (652.392.539-00)&lt;/td&gt;
		&lt;td class="tabelatd2"&gt;Rua Geral&lt;/td&gt;
		&lt;td class="tabelatd2"&gt;Criciúma/SC&lt;/td&gt;
		&lt;td class="tabelatd2"&gt;1&lt;/td&gt;
		&lt;td class="tabelatd2"&gt;441&lt;/td&gt;
		&lt;td class="tabelatd2"&gt;Tipo Cobranca&lt;/td&gt;
		&lt;td class="tabelatd2"&gt;10/10/2018&lt;/td&gt;
		&lt;td class="tabelatd2"&gt;110.00&lt;/td&gt;
		&lt;td class="tabelatd2"&gt;0.00&lt;/td&gt;
		&lt;td class="tabelatd2"&gt;0.00&lt;/td&gt;
		&lt;td class="tabelatd2"&gt;0.00&lt;/td&gt;
		&lt;td class="tabelatd2"&gt;&lt;br&gt;&lt;br&gt;&lt;/td&gt;
	&lt;/tr&gt;
	&lt;tr&gt;
		&lt;td class="tabelatd1"&gt;1-Fulano de Tal (652.392.539-00)&lt;/td&gt;
		&lt;td class="tabelatd1"&gt;Rua Geral&lt;/td&gt;
		&lt;td class="tabelatd1"&gt;Criciúma/SC&lt;/td&gt;
		&lt;td class="tabelatd1"&gt;1&lt;/td&gt;
		&lt;td class="tabelatd1"&gt;314&lt;/td&gt;
		&lt;td class="tabelatd1"&gt;Tipo Cobranca&lt;/td&gt;
		&lt;td class="tabelatd1"&gt;10/10/2018&lt;/td&gt;
		&lt;td class="tabelatd1"&gt;110.00&lt;/td&gt;
		&lt;td class="tabelatd1"&gt;0.00&lt;/td&gt;
		&lt;td class="tabelatd1"&gt;0.00&lt;/td&gt;
		&lt;td class="tabelatd1"&gt;0.00&lt;/td&gt;
		&lt;td class="tabelatd1"&gt;&lt;br&gt;&lt;br&gt;&lt;/td&gt;
	&lt;/tr&gt;
	&lt;tr&gt;
		&lt;td class="tabelatd2"&gt;1-Fulano de Tal (652.392.539-00)&lt;/td&gt;
		&lt;td class="tabelatd2"&gt;Rua Geral&lt;/td&gt;
		&lt;td class="tabelatd2"&gt;Criciúma/SC&lt;/td&gt;
		&lt;td class="tabelatd2"&gt;1&lt;/td&gt;
		&lt;td class="tabelatd2"&gt;343&lt;/td&gt;
		&lt;td class="tabelatd2"&gt;Tipo Cobranca&lt;/td&gt;
		&lt;td class="tabelatd2"&gt;10/10/2018&lt;/td&gt;
		&lt;td class="tabelatd2"&gt;110.00&lt;/td&gt;
		&lt;td class="tabelatd2"&gt;0.00&lt;/td&gt;
		&lt;td class="tabelatd2"&gt;0.00&lt;/td&gt;
		&lt;td class="tabelatd2"&gt;0.00&lt;/td&gt;
		&lt;td class="tabelatd2"&gt;&lt;br&gt;&lt;br&gt;&lt;/td&gt;
	&lt;/tr&gt;
	&lt;tr&gt;
		&lt;td class="tabelatd1"&gt;1-Fulano de Tal (652.392.539-00)&lt;/td&gt;
		&lt;td class="tabelatd1"&gt;Rua Geral&lt;/td&gt;
		&lt;td class="tabelatd1"&gt;Criciúma/SC&lt;/td&gt;
		&lt;td class="tabelatd1"&gt;1&lt;/td&gt;
		&lt;td class="tabelatd1"&gt;374&lt;/td&gt;
		&lt;td class="tabelatd1"&gt;Tipo Cobranca&lt;/td&gt;
		&lt;td class="tabelatd1"&gt;10/10/2018&lt;/td&gt;
		&lt;td class="tabelatd1"&gt;110.00&lt;/td&gt;
		&lt;td class="tabelatd1"&gt;0.00&lt;/td&gt;
		&lt;td class="tabelatd1"&gt;0.00&lt;/td&gt;
		&lt;td class="tabelatd1"&gt;0.00&lt;/td&gt;
		&lt;td class="tabelatd1"&gt;&lt;br&gt;&lt;br&gt;&lt;/td&gt;
	&lt;/tr&gt;
	&lt;tr&gt;
		&lt;td class="tabelatd2"&gt;1-Fulano de Tal (652.392.539-00)&lt;/td&gt;
		&lt;td class="tabelatd2"&gt;Rua Geral&lt;/td&gt;
		&lt;td class="tabelatd2"&gt;Criciúma/SC&lt;/td&gt;
		&lt;td class="tabelatd2"&gt;1&lt;/td&gt;
		&lt;td class="tabelatd2"&gt;407&lt;/td&gt;
		&lt;td class="tabelatd2"&gt;Tipo Cobranca&lt;/td&gt;
		&lt;td class="tabelatd2"&gt;10/10/2018&lt;/td&gt;
		&lt;td class="tabelatd2"&gt;110.00&lt;/td&gt;
		&lt;td class="tabelatd2"&gt;0.00&lt;/td&gt;
		&lt;td class="tabelatd2"&gt;0.00&lt;/td&gt;
		&lt;td class="tabelatd2"&gt;0.00&lt;/td&gt;
		&lt;td class="tabelatd2"&gt;&lt;br&gt;&lt;br&gt;&lt;/td&gt;
	&lt;/tr&gt;
	&lt;tr&gt;
		&lt;td class="tabelatd1"&gt;1-Fulano de Tal (652.392.539-00)&lt;/td&gt;
		&lt;td class="tabelatd1"&gt;Rua Geral&lt;/td&gt;
		&lt;td class="tabelatd1"&gt;Criciúma/SC&lt;/td&gt;
		&lt;td class="tabelatd1"&gt;1&lt;/td&gt;
		&lt;td class="tabelatd1"&gt;442&lt;/td&gt;
		&lt;td class="tabelatd1"&gt;Tipo Cobranca&lt;/td&gt;
		&lt;td class="tabelatd1"&gt;10/10/2018&lt;/td&gt;
		&lt;td class="tabelatd1"&gt;110.00&lt;/td&gt;
		&lt;td class="tabelatd1"&gt;0.00&lt;/td&gt;
		&lt;td class="tabelatd1"&gt;0.00&lt;/td&gt;
		&lt;td class="tabelatd1"&gt;0.00&lt;/td&gt;
		&lt;td class="tabelatd1"&gt;&lt;br&gt;&lt;br&gt;&lt;/td&gt;
	&lt;/tr&gt;
	&lt;tr&gt;
		&lt;td class="tabelatd2"&gt;1-Fulano de Tal (652.392.539-00)&lt;/td&gt;
		&lt;td class="tabelatd2"&gt;Rua Geral&lt;/td&gt;
		&lt;td class="tabelatd2"&gt;Criciúma/SC&lt;/td&gt;
		&lt;td class="tabelatd2"&gt;1&lt;/td&gt;
		&lt;td class="tabelatd2"&gt;315&lt;/td&gt;
		&lt;td class="tabelatd2"&gt;Tipo Cobranca&lt;/td&gt;
		&lt;td class="tabelatd2"&gt;10/10/2018&lt;/td&gt;
		&lt;td class="tabelatd2"&gt;110.00&lt;/td&gt;
		&lt;td class="tabelatd2"&gt;0.00&lt;/td&gt;
		&lt;td class="tabelatd2"&gt;0.00&lt;/td&gt;
		&lt;td class="tabelatd2"&gt;0.00&lt;/td&gt;
		&lt;td class="tabelatd2"&gt;&lt;br&gt;&lt;br&gt;&lt;/td&gt;
	&lt;/tr&gt;
	&lt;tr&gt;
		&lt;td class="tabelatd1"&gt;1-Fulano de Tal (652.392.539-00)&lt;/td&gt;
		&lt;td class="tabelatd1"&gt;Rua Geral&lt;/td&gt;
		&lt;td class="tabelatd1"&gt;Criciúma/SC&lt;/td&gt;
		&lt;td class="tabelatd1"&gt;1&lt;/td&gt;
		&lt;td class="tabelatd1"&gt;344&lt;/td&gt;
		&lt;td class="tabelatd1"&gt;Tipo Cobranca&lt;/td&gt;
		&lt;td class="tabelatd1"&gt;10/10/2018&lt;/td&gt;
		&lt;td class="tabelatd1"&gt;110.00&lt;/td&gt;
		&lt;td class="tabelatd1"&gt;0.00&lt;/td&gt;
		&lt;td class="tabelatd1"&gt;0.00&lt;/td&gt;
		&lt;td class="tabelatd1"&gt;0.00&lt;/td&gt;
		&lt;td class="tabelatd1"&gt;&lt;br&gt;&lt;br&gt;&lt;/td&gt;
	&lt;/tr&gt;
	&lt;tr&gt;
		&lt;td class="tabelatd2"&gt;1-Fulano de Tal (652.392.539-00)&lt;/td&gt;
		&lt;td class="tabelatd2"&gt;Rua Geral&lt;/td&gt;
		&lt;td class="tabelatd2"&gt;Criciúma/SC&lt;/td&gt;
		&lt;td class="tabelatd2"&gt;1&lt;/td&gt;
		&lt;td class="tabelatd2"&gt;375&lt;/td&gt;
		&lt;td class="tabelatd2"&gt;Tipo Cobranca&lt;/td&gt;
		&lt;td class="tabelatd2"&gt;10/10/2018&lt;/td&gt;
		&lt;td class="tabelatd2"&gt;110.00&lt;/td&gt;
		&lt;td class="tabelatd2"&gt;0.00&lt;/td&gt;
		&lt;td class="tabelatd2"&gt;0.00&lt;/td&gt;
		&lt;td class="tabelatd2"&gt;0.00&lt;/td&gt;
		&lt;td class="tabelatd2"&gt;&lt;br&gt;&lt;br&gt;&lt;/td&gt;
	&lt;/tr&gt;
	&lt;tr&gt;
		&lt;td class="tabelatd1"&gt;1-Fulano de Tal (652.392.539-00)&lt;/td&gt;
		&lt;td class="tabelatd1"&gt;Rua Geral&lt;/td&gt;
		&lt;td class="tabelatd1"&gt;Criciúma/SC&lt;/td&gt;
		&lt;td class="tabelatd1"&gt;1&lt;/td&gt;
		&lt;td class="tabelatd1"&gt;408&lt;/td&gt;
		&lt;td class="tabelatd1"&gt;Tipo Cobranca&lt;/td&gt;
		&lt;td class="tabelatd1"&gt;10/10/2018&lt;/td&gt;
		&lt;td class="tabelatd1"&gt;110.00&lt;/td&gt;
		&lt;td class="tabelatd1"&gt;0.00&lt;/td&gt;
		&lt;td class="tabelatd1"&gt;0.00&lt;/td&gt;
		&lt;td class="tabelatd1"&gt;0.00&lt;/td&gt;
		&lt;td class="tabelatd1"&gt;&lt;br&gt;&lt;br&gt;&lt;/td&gt;
	&lt;/tr&gt;
	&lt;tr&gt;
		&lt;td class="tabelatd2"&gt;1-Fulano de Tal (652.392.539-00)&lt;/td&gt;
		&lt;td class="tabelatd2"&gt;Rua Geral&lt;/td&gt;
		&lt;td class="tabelatd2"&gt;Criciúma/SC&lt;/td&gt;
		&lt;td class="tabelatd2"&gt;1&lt;/td&gt;
		&lt;td class="tabelatd2"&gt;443&lt;/td&gt;
		&lt;td class="tabelatd2"&gt;Tipo Cobranca&lt;/td&gt;
		&lt;td class="tabelatd2"&gt;10/10/2018&lt;/td&gt;
		&lt;td class="tabelatd2"&gt;110.00&lt;/td&gt;
		&lt;td class="tabelatd2"&gt;0.00&lt;/td&gt;
		&lt;td class="tabelatd2"&gt;0.00&lt;/td&gt;
		&lt;td class="tabelatd2"&gt;0.00&lt;/td&gt;
		&lt;td class="tabelatd2"&gt;&lt;br&gt;&lt;br&gt;&lt;/td&gt;
	&lt;/tr&gt;
	&lt;tr&gt;
		&lt;td class="tabelatd1"&gt;1-Fulano de Tal (652.392.539-00)&lt;/td&gt;
		&lt;td class="tabelatd1"&gt;Rua Geral&lt;/td&gt;
		&lt;td class="tabelatd1"&gt;Criciúma/SC&lt;/td&gt;
		&lt;td class="tabelatd1"&gt;1&lt;/td&gt;
		&lt;td class="tabelatd1"&gt;316&lt;/td&gt;
		&lt;td class="tabelatd1"&gt;Tipo Cobranca&lt;/td&gt;
		&lt;td class="tabelatd1"&gt;10/10/2018&lt;/td&gt;
		&lt;td class="tabelatd1"&gt;110.00&lt;/td&gt;
		&lt;td class="tabelatd1"&gt;0.00&lt;/td&gt;
		&lt;td class="tabelatd1"&gt;0.00&lt;/td&gt;
		&lt;td class="tabelatd1"&gt;0.00&lt;/td&gt;
		&lt;td class="tabelatd1"&gt;&lt;br&gt;&lt;br&gt;&lt;/td&gt;
	&lt;/tr&gt;
	&lt;tr&gt;
		&lt;td class="tabelatd2"&gt;1-Fulano de Tal (652.392.539-00)&lt;/td&gt;
		&lt;td class="tabelatd2"&gt;Rua Geral&lt;/td&gt;
		&lt;td class="tabelatd2"&gt;Criciúma/SC&lt;/td&gt;
		&lt;td class="tabelatd2"&gt;1&lt;/td&gt;
		&lt;td class="tabelatd2"&gt;345&lt;/td&gt;
		&lt;td class="tabelatd2"&gt;Tipo Cobranca&lt;/td&gt;
		&lt;td class="tabelatd2"&gt;10/10/2018&lt;/td&gt;
		&lt;td class="tabelatd2"&gt;110.00&lt;/td&gt;
		&lt;td class="tabelatd2"&gt;0.00&lt;/td&gt;
		&lt;td class="tabelatd2"&gt;0.00&lt;/td&gt;
		&lt;td class="tabelatd2"&gt;0.00&lt;/td&gt;
		&lt;td class="tabelatd2"&gt;&lt;br&gt;&lt;br&gt;&lt;/td&gt;
	&lt;/tr&gt;
	&lt;tr&gt;
		&lt;td class="tabelatd1"&gt;1-Fulano de Tal (652.392.539-00)&lt;/td&gt;
		&lt;td class="tabelatd1"&gt;Rua Geral&lt;/td&gt;
		&lt;td class="tabelatd1"&gt;Criciúma/SC&lt;/td&gt;
		&lt;td class="tabelatd1"&gt;1&lt;/td&gt;
		&lt;td class="tabelatd1"&gt;376&lt;/td&gt;
		&lt;td class="tabelatd1"&gt;Tipo Cobranca&lt;/td&gt;
		&lt;td class="tabelatd1"&gt;10/10/2018&lt;/td&gt;
		&lt;td class="tabelatd1"&gt;110.00&lt;/td&gt;
		&lt;td class="tabelatd1"&gt;0.00&lt;/td&gt;
		&lt;td class="tabelatd1"&gt;0.00&lt;/td&gt;
		&lt;td class="tabelatd1"&gt;0.00&lt;/td&gt;
		&lt;td class="tabelatd1"&gt;&lt;br&gt;&lt;br&gt;&lt;/td&gt;
	&lt;/tr&gt;
	&lt;tr&gt;
		&lt;td class="tabelatd2"&gt;1-Fulano de Tal (652.392.539-00)&lt;/td&gt;
		&lt;td class="tabelatd2"&gt;Rua Geral&lt;/td&gt;
		&lt;td class="tabelatd2"&gt;Criciúma/SC&lt;/td&gt;
		&lt;td class="tabelatd2"&gt;1&lt;/td&gt;
		&lt;td class="tabelatd2"&gt;409&lt;/td&gt;
		&lt;td class="tabelatd2"&gt;Tipo Cobranca&lt;/td&gt;
		&lt;td class="tabelatd2"&gt;10/10/2018&lt;/td&gt;
		&lt;td class="tabelatd2"&gt;110.00&lt;/td&gt;
		&lt;td class="tabelatd2"&gt;0.00&lt;/td&gt;
		&lt;td class="tabelatd2"&gt;0.00&lt;/td&gt;
		&lt;td class="tabelatd2"&gt;0.00&lt;/td&gt;
		&lt;td class="tabelatd2"&gt;&lt;br&gt;&lt;br&gt;&lt;/td&gt;
	&lt;/tr&gt;
	&lt;tr&gt;
		&lt;td class="tabelatd1"&gt;1-Fulano de Tal (652.392.539-00)&lt;/td&gt;
		&lt;td class="tabelatd1"&gt;Rua Geral&lt;/td&gt;
		&lt;td class="tabelatd1"&gt;Criciúma/SC&lt;/td&gt;
		&lt;td class="tabelatd1"&gt;1&lt;/td&gt;
		&lt;td class="tabelatd1"&gt;444&lt;/td&gt;
		&lt;td class="tabelatd1"&gt;Tipo Cobranca&lt;/td&gt;
		&lt;td class="tabelatd1"&gt;10/10/2018&lt;/td&gt;
		&lt;td class="tabelatd1"&gt;110.00&lt;/td&gt;
		&lt;td class="tabelatd1"&gt;0.00&lt;/td&gt;
		&lt;td class="tabelatd1"&gt;0.00&lt;/td&gt;
		&lt;td class="tabelatd1"&gt;0.00&lt;/td&gt;
		&lt;td class="tabelatd1"&gt;&lt;br&gt;&lt;br&gt;&lt;/td&gt;
	&lt;/tr&gt;
	&lt;tr&gt;
		&lt;td class="tabelatd2"&gt;1-Fulano de Tal (652.392.539-00)&lt;/td&gt;
		&lt;td class="tabelatd2"&gt;Rua Geral&lt;/td&gt;
		&lt;td class="tabelatd2"&gt;Criciúma/SC&lt;/td&gt;
		&lt;td class="tabelatd2"&gt;1&lt;/td&gt;
		&lt;td class="tabelatd2"&gt;317&lt;/td&gt;
		&lt;td class="tabelatd2"&gt;Tipo Cobranca&lt;/td&gt;
		&lt;td class="tabelatd2"&gt;10/10/2018&lt;/td&gt;
		&lt;td class="tabelatd2"&gt;110.00&lt;/td&gt;
		&lt;td class="tabelatd2"&gt;0.00&lt;/td&gt;
		&lt;td class="tabelatd2"&gt;0.00&lt;/td&gt;
		&lt;td class="tabelatd2"&gt;0.00&lt;/td&gt;
		&lt;td class="tabelatd2"&gt;&lt;br&gt;&lt;br&gt;&lt;/td&gt;
	&lt;/tr&gt;
	&lt;tr&gt;
		&lt;td class="tabelatd1"&gt;1-Fulano de Tal (652.392.539-00)&lt;/td&gt;
		&lt;td class="tabelatd1"&gt;Rua Geral&lt;/td&gt;
		&lt;td class="tabelatd1"&gt;Criciúma/SC&lt;/td&gt;
		&lt;td class="tabelatd1"&gt;1&lt;/td&gt;
		&lt;td class="tabelatd1"&gt;346&lt;/td&gt;
		&lt;td class="tabelatd1"&gt;Tipo Cobranca&lt;/td&gt;
		&lt;td class="tabelatd1"&gt;10/10/2018&lt;/td&gt;
		&lt;td class="tabelatd1"&gt;110.00&lt;/td&gt;
		&lt;td class="tabelatd1"&gt;0.00&lt;/td&gt;
		&lt;td class="tabelatd1"&gt;0.00&lt;/td&gt;
		&lt;td class="tabelatd1"&gt;0.00&lt;/td&gt;
		&lt;td class="tabelatd1"&gt;&lt;br&gt;&lt;br&gt;&lt;/td&gt;
	&lt;/tr&gt;
	&lt;tr&gt;
		&lt;td class="tabelatd2"&gt;1-Fulano de Tal (652.392.539-00)&lt;/td&gt;
		&lt;td class="tabelatd2"&gt;Rua Geral&lt;/td&gt;
		&lt;td class="tabelatd2"&gt;Criciúma/SC&lt;/td&gt;
		&lt;td class="tabelatd2"&gt;1&lt;/td&gt;
		&lt;td class="tabelatd2"&gt;377&lt;/td&gt;
		&lt;td class="tabelatd2"&gt;Tipo Cobranca&lt;/td&gt;
		&lt;td class="tabelatd2"&gt;10/10/2018&lt;/td&gt;
		&lt;td class="tabelatd2"&gt;110.00&lt;/td&gt;
		&lt;td class="tabelatd2"&gt;0.00&lt;/td&gt;
		&lt;td class="tabelatd2"&gt;0.00&lt;/td&gt;
		&lt;td class="tabelatd2"&gt;0.00&lt;/td&gt;
		&lt;td class="tabelatd2"&gt;&lt;br&gt;&lt;br&gt;&lt;/td&gt;
	&lt;/tr&gt;
	&lt;tr&gt;
		&lt;td class="tabelatd1"&gt;1-Fulano de Tal (652.392.539-00)&lt;/td&gt;
		&lt;td class="tabelatd1"&gt;Rua Geral&lt;/td&gt;
		&lt;td class="tabelatd1"&gt;Criciúma/SC&lt;/td&gt;
		&lt;td class="tabelatd1"&gt;1&lt;/td&gt;
		&lt;td class="tabelatd1"&gt;410&lt;/td&gt;
		&lt;td class="tabelatd1"&gt;Tipo Cobranca&lt;/td&gt;
		&lt;td class="tabelatd1"&gt;10/10/2018&lt;/td&gt;
		&lt;td class="tabelatd1"&gt;110.00&lt;/td&gt;
		&lt;td class="tabelatd1"&gt;0.00&lt;/td&gt;
		&lt;td class="tabelatd1"&gt;0.00&lt;/td&gt;
		&lt;td class="tabelatd1"&gt;0.00&lt;/td&gt;
		&lt;td class="tabelatd1"&gt;&lt;br&gt;&lt;br&gt;&lt;/td&gt;
	&lt;/tr&gt;
	&lt;tr&gt;
		&lt;td class="tabelatd2"&gt;1-Fulano de Tal (652.392.539-00)&lt;/td&gt;
		&lt;td class="tabelatd2"&gt;Rua Geral&lt;/td&gt;
		&lt;td class="tabelatd2"&gt;Criciúma/SC&lt;/td&gt;
		&lt;td class="tabelatd2"&gt;1&lt;/td&gt;
		&lt;td class="tabelatd2"&gt;445&lt;/td&gt;
		&lt;td class="tabelatd2"&gt;Tipo Cobranca&lt;/td&gt;
		&lt;td class="tabelatd2"&gt;10/10/2018&lt;/td&gt;
		&lt;td class="tabelatd2"&gt;110.00&lt;/td&gt;
		&lt;td class="tabelatd2"&gt;0.00&lt;/td&gt;
		&lt;td class="tabelatd2"&gt;0.00&lt;/td&gt;
		&lt;td class="tabelatd2"&gt;0.00&lt;/td&gt;
		&lt;td class="tabelatd2"&gt;&lt;br&gt;&lt;br&gt;&lt;/td&gt;
	&lt;/tr&gt;
	&lt;tr&gt;
		&lt;td class="tabelatd1"&gt;1-Fulano de Tal (652.392.539-00)&lt;/td&gt;
		&lt;td class="tabelatd1"&gt;Rua Geral&lt;/td&gt;
		&lt;td class="tabelatd1"&gt;Criciúma/SC&lt;/td&gt;
		&lt;td class="tabelatd1"&gt;1&lt;/td&gt;
		&lt;td class="tabelatd1"&gt;318&lt;/td&gt;
		&lt;td class="tabelatd1"&gt;Tipo Cobranca&lt;/td&gt;
		&lt;td class="tabelatd1"&gt;10/10/2018&lt;/td&gt;
		&lt;td class="tabelatd1"&gt;110.00&lt;/td&gt;
		&lt;td class="tabelatd1"&gt;0.00&lt;/td&gt;
		&lt;td class="tabelatd1"&gt;0.00&lt;/td&gt;
		&lt;td class="tabelatd1"&gt;0.00&lt;/td&gt;
		&lt;td class="tabelatd1"&gt;&lt;br&gt;&lt;br&gt;&lt;/td&gt;
	&lt;/tr&gt;
	&lt;tr&gt;
		&lt;td class="tabelatd2"&gt;1-Fulano de Tal (652.392.539-00)&lt;/td&gt;
		&lt;td class="tabelatd2"&gt;Rua Geral&lt;/td&gt;
		&lt;td class="tabelatd2"&gt;Criciúma/SC&lt;/td&gt;
		&lt;td class="tabelatd2"&gt;1&lt;/td&gt;
		&lt;td class="tabelatd2"&gt;347&lt;/td&gt;
		&lt;td class="tabelatd2"&gt;Tipo Cobranca&lt;/td&gt;
		&lt;td class="tabelatd2"&gt;10/10/2018&lt;/td&gt;
		&lt;td class="tabelatd2"&gt;110.00&lt;/td&gt;
		&lt;td class="tabelatd2"&gt;0.00&lt;/td&gt;
		&lt;td class="tabelatd2"&gt;0.00&lt;/td&gt;
		&lt;td class="tabelatd2"&gt;0.00&lt;/td&gt;
		&lt;td class="tabelatd2"&gt;&lt;br&gt;&lt;br&gt;&lt;/td&gt;
	&lt;/tr&gt;
	&lt;tr&gt;
		&lt;td class="tabelatd1"&gt;1-Fulano de Tal (652.392.539-00)&lt;/td&gt;
		&lt;td class="tabelatd1"&gt;Rua Geral&lt;/td&gt;
		&lt;td class="tabelatd1"&gt;Criciúma/SC&lt;/td&gt;
		&lt;td class="tabelatd1"&gt;1&lt;/td&gt;
		&lt;td class="tabelatd1"&gt;378&lt;/td&gt;
		&lt;td class="tabelatd1"&gt;Tipo Cobranca&lt;/td&gt;
		&lt;td class="tabelatd1"&gt;10/10/2018&lt;/td&gt;
		&lt;td class="tabelatd1"&gt;110.00&lt;/td&gt;
		&lt;td class="tabelatd1"&gt;0.00&lt;/td&gt;
		&lt;td class="tabelatd1"&gt;0.00&lt;/td&gt;
		&lt;td class="tabelatd1"&gt;0.00&lt;/td&gt;
		&lt;td class="tabelatd1"&gt;&lt;br&gt;&lt;br&gt;&lt;/td&gt;
	&lt;/tr&gt;
	&lt;tr&gt;
		&lt;td class="tabelatd2"&gt;1-Fulano de Tal (652.392.539-00)&lt;/td&gt;
		&lt;td class="tabelatd2"&gt;Rua Geral&lt;/td&gt;
		&lt;td class="tabelatd2"&gt;Criciúma/SC&lt;/td&gt;
		&lt;td class="tabelatd2"&gt;1&lt;/td&gt;
		&lt;td class="tabelatd2"&gt;411&lt;/td&gt;
		&lt;td class="tabelatd2"&gt;Tipo Cobranca&lt;/td&gt;
		&lt;td class="tabelatd2"&gt;10/10/2018&lt;/td&gt;
		&lt;td class="tabelatd2"&gt;110.00&lt;/td&gt;
		&lt;td class="tabelatd2"&gt;0.00&lt;/td&gt;
		&lt;td class="tabelatd2"&gt;0.00&lt;/td&gt;
		&lt;td class="tabelatd2"&gt;0.00&lt;/td&gt;
		&lt;td class="tabelatd2"&gt;&lt;br&gt;&lt;br&gt;&lt;/td&gt;
	&lt;/tr&gt;
	&lt;tr&gt;
		&lt;td class="tabelatd1"&gt;1-Fulano de Tal (652.392.539-00)&lt;/td&gt;
		&lt;td class="tabelatd1"&gt;Rua Geral&lt;/td&gt;
		&lt;td class="tabelatd1"&gt;Criciúma/SC&lt;/td&gt;
		&lt;td class="tabelatd1"&gt;1&lt;/td&gt;
		&lt;td class="tabelatd1"&gt;446&lt;/td&gt;
		&lt;td class="tabelatd1"&gt;Tipo Cobranca&lt;/td&gt;
		&lt;td class="tabelatd1"&gt;10/10/2018&lt;/td&gt;
		&lt;td class="tabelatd1"&gt;110.00&lt;/td&gt;
		&lt;td class="tabelatd1"&gt;0.00&lt;/td&gt;
		&lt;td class="tabelatd1"&gt;0.00&lt;/td&gt;
		&lt;td class="tabelatd1"&gt;0.00&lt;/td&gt;
		&lt;td class="tabelatd1"&gt;&lt;br&gt;&lt;br&gt;&lt;/td&gt;
	&lt;/tr&gt;
	&lt;tr&gt;
		&lt;td class="tabelatd2"&gt;1-Fulano de Tal (652.392.539-00)&lt;/td&gt;
		&lt;td class="tabelatd2"&gt;Rua Geral&lt;/td&gt;
		&lt;td class="tabelatd2"&gt;Criciúma/SC&lt;/td&gt;
		&lt;td class="tabelatd2"&gt;1&lt;/td&gt;
		&lt;td class="tabelatd2"&gt;348&lt;/td&gt;
		&lt;td class="tabelatd2"&gt;Tipo Cobranca&lt;/td&gt;
		&lt;td class="tabelatd2"&gt;10/10/2018&lt;/td&gt;
		&lt;td class="tabelatd2"&gt;110.00&lt;/td&gt;
		&lt;td class="tabelatd2"&gt;0.00&lt;/td&gt;
		&lt;td class="tabelatd2"&gt;0.00&lt;/td&gt;
		&lt;td class="tabelatd2"&gt;0.00&lt;/td&gt;
		&lt;td class="tabelatd2"&gt;&lt;br&gt;&lt;br&gt;&lt;/td&gt;
	&lt;/tr&gt;
	&lt;tr&gt;
		&lt;td class="tabelatd1"&gt;1-Fulano de Tal (652.392.539-00)&lt;/td&gt;
		&lt;td class="tabelatd1"&gt;Rua Geral&lt;/td&gt;
		&lt;td class="tabelatd1"&gt;Criciúma/SC&lt;/td&gt;
		&lt;td class="tabelatd1"&gt;1&lt;/td&gt;
		&lt;td class="tabelatd1"&gt;379&lt;/td&gt;
		&lt;td class="tabelatd1"&gt;Tipo Cobranca&lt;/td&gt;
		&lt;td class="tabelatd1"&gt;10/10/2018&lt;/td&gt;
		&lt;td class="tabelatd1"&gt;110.00&lt;/td&gt;
		&lt;td class="tabelatd1"&gt;0.00&lt;/td&gt;
		&lt;td class="tabelatd1"&gt;0.00&lt;/td&gt;
		&lt;td class="tabelatd1"&gt;0.00&lt;/td&gt;
		&lt;td class="tabelatd1"&gt;&lt;br&gt;&lt;br&gt;&lt;/td&gt;
	&lt;/tr&gt;
	&lt;tr&gt;
		&lt;td class="tabelatd2"&gt;1-Fulano de Tal (652.392.539-00)&lt;/td&gt;
		&lt;td class="tabelatd2"&gt;Rua Geral&lt;/td&gt;
		&lt;td class="tabelatd2"&gt;Criciúma/SC&lt;/td&gt;
		&lt;td class="tabelatd2"&gt;1&lt;/td&gt;
		&lt;td class="tabelatd2"&gt;412&lt;/td&gt;
		&lt;td class="tabelatd2"&gt;Tipo Cobranca&lt;/td&gt;
		&lt;td class="tabelatd2"&gt;10/10/2018&lt;/td&gt;
		&lt;td class="tabelatd2"&gt;110.00&lt;/td&gt;
		&lt;td class="tabelatd2"&gt;0.00&lt;/td&gt;
		&lt;td class="tabelatd2"&gt;0.00&lt;/td&gt;
		&lt;td class="tabelatd2"&gt;0.00&lt;/td&gt;
		&lt;td class="tabelatd2"&gt;&lt;br&gt;&lt;br&gt;&lt;/td&gt;
	&lt;/tr&gt;
	&lt;tr&gt;
		&lt;td class="tabelatd1"&gt;1-Fulano de Tal (652.392.539-00)&lt;/td&gt;
		&lt;td class="tabelatd1"&gt;Rua Geral&lt;/td&gt;
		&lt;td class="tabelatd1"&gt;Criciúma/SC&lt;/td&gt;
		&lt;td class="tabelatd1"&gt;1&lt;/td&gt;
		&lt;td class="tabelatd1"&gt;380&lt;/td&gt;
		&lt;td class="tabelatd1"&gt;Tipo Cobranca&lt;/td&gt;
		&lt;td class="tabelatd1"&gt;10/10/2018&lt;/td&gt;
		&lt;td class="tabelatd1"&gt;110.00&lt;/td&gt;
		&lt;td class="tabelatd1"&gt;0.00&lt;/td&gt;
		&lt;td class="tabelatd1"&gt;0.00&lt;/td&gt;
		&lt;td class="tabelatd1"&gt;0.00&lt;/td&gt;
		&lt;td class="tabelatd1"&gt;&lt;br&gt;&lt;br&gt;&lt;/td&gt;
	&lt;/tr&gt;
	&lt;tr&gt;
		&lt;td class="tabelatd2"&gt;1-Fulano de Tal (652.392.539-00)&lt;/td&gt;
		&lt;td class="tabelatd2"&gt;Rua Geral&lt;/td&gt;
		&lt;td class="tabelatd2"&gt;Criciúma/SC&lt;/td&gt;
		&lt;td class="tabelatd2"&gt;1&lt;/td&gt;
		&lt;td class="tabelatd2"&gt;413&lt;/td&gt;
		&lt;td class="tabelatd2"&gt;Tipo Cobranca&lt;/td&gt;
		&lt;td class="tabelatd2"&gt;10/10/2018&lt;/td&gt;
		&lt;td class="tabelatd2"&gt;110.00&lt;/td&gt;
		&lt;td class="tabelatd2"&gt;0.00&lt;/td&gt;
		&lt;td class="tabelatd2"&gt;0.00&lt;/td&gt;
		&lt;td class="tabelatd2"&gt;0.00&lt;/td&gt;
		&lt;td class="tabelatd2"&gt;&lt;br&gt;&lt;br&gt;&lt;/td&gt;
	&lt;/tr&gt;
	&lt;tr&gt;
		&lt;td class="tabelatd1"&gt;1-Fulano de Tal (652.392.539-00)&lt;/td&gt;
		&lt;td class="tabelatd1"&gt;Rua Geral&lt;/td&gt;
		&lt;td class="tabelatd1"&gt;Criciúma/SC&lt;/td&gt;
		&lt;td class="tabelatd1"&gt;1&lt;/td&gt;
		&lt;td class="tabelatd1"&gt;414&lt;/td&gt;
		&lt;td class="tabelatd1"&gt;Tipo Cobranca&lt;/td&gt;
		&lt;td class="tabelatd1"&gt;10/10/2018&lt;/td&gt;
		&lt;td class="tabelatd1"&gt;110.00&lt;/td&gt;
		&lt;td class="tabelatd1"&gt;0.00&lt;/td&gt;
		&lt;td class="tabelatd1"&gt;0.00&lt;/td&gt;
		&lt;td class="tabelatd1"&gt;0.00&lt;/td&gt;
		&lt;td class="tabelatd1"&gt;&lt;br&gt;&lt;br&gt;&lt;/td&gt;
	&lt;/tr&gt;
	&lt;tr&gt;
		&lt;td class="tabelatd2"&gt;1-Fulano de Tal (652.392.539-00)&lt;/td&gt;
		&lt;td class="tabelatd2"&gt;Rua Geral&lt;/td&gt;
		&lt;td class="tabelatd2"&gt;Criciúma/SC&lt;/td&gt;
		&lt;td class="tabelatd2"&gt;1&lt;/td&gt;
		&lt;td class="tabelatd2"&gt;447&lt;/td&gt;
		&lt;td class="tabelatd2"&gt;Tipo Cobranca&lt;/td&gt;
		&lt;td class="tabelatd2"&gt;10/10/2018&lt;/td&gt;
		&lt;td class="tabelatd2"&gt;110.00&lt;/td&gt;
		&lt;td class="tabelatd2"&gt;0.00&lt;/td&gt;
		&lt;td class="tabelatd2"&gt;0.00&lt;/td&gt;
		&lt;td class="tabelatd2"&gt;0.00&lt;/td&gt;
		&lt;td class="tabelatd2"&gt;&lt;br&gt;&lt;br&gt;&lt;/td&gt;
	&lt;/tr&gt;
	&lt;tr&gt;
		&lt;td class="tabelatd1"&gt;1-Fulano de Tal (652.392.539-00)&lt;/td&gt;
		&lt;td class="tabelatd1"&gt;Rua Geral&lt;/td&gt;
		&lt;td class="tabelatd1"&gt;Criciúma/SC&lt;/td&gt;
		&lt;td class="tabelatd1"&gt;1&lt;/td&gt;
		&lt;td class="tabelatd1"&gt;448&lt;/td&gt;
		&lt;td class="tabelatd1"&gt;Tipo Cobranca&lt;/td&gt;
		&lt;td class="tabelatd1"&gt;10/10/2018&lt;/td&gt;
		&lt;td class="tabelatd1"&gt;110.00&lt;/td&gt;
		&lt;td class="tabelatd1"&gt;0.00&lt;/td&gt;
		&lt;td class="tabelatd1"&gt;0.00&lt;/td&gt;
		&lt;td class="tabelatd1"&gt;0.00&lt;/td&gt;
		&lt;td class="tabelatd1"&gt;&lt;br&gt;&lt;br&gt;&lt;/td&gt;
	&lt;/tr&gt;
	&lt;tr&gt;
		&lt;td class="tabelatd2"&gt;1-Fulano de Tal (652.392.539-00)&lt;/td&gt;
		&lt;td class="tabelatd2"&gt;Rua Geral&lt;/td&gt;
		&lt;td class="tabelatd2"&gt;Criciúma/SC&lt;/td&gt;
		&lt;td class="tabelatd2"&gt;1&lt;/td&gt;
		&lt;td class="tabelatd2"&gt;449&lt;/td&gt;
		&lt;td class="tabelatd2"&gt;Tipo Cobranca&lt;/td&gt;
		&lt;td class="tabelatd2"&gt;10/10/2018&lt;/td&gt;
		&lt;td class="tabelatd2"&gt;110.00&lt;/td&gt;
		&lt;td class="tabelatd2"&gt;0.00&lt;/td&gt;
		&lt;td class="tabelatd2"&gt;0.00&lt;/td&gt;
		&lt;td class="tabelatd2"&gt;0.00&lt;/td&gt;
		&lt;td class="tabelatd2"&gt;&lt;br&gt;&lt;br&gt;&lt;/td&gt;
	&lt;/tr&gt;
	&lt;tr&gt;
		&lt;td class="tabelatd1"&gt;1-Fulano de Tal (652.392.539-00)&lt;/td&gt;
		&lt;td class="tabelatd1"&gt;Rua Geral&lt;/td&gt;
		&lt;td class="tabelatd1"&gt;Criciúma/SC&lt;/td&gt;
		&lt;td class="tabelatd1"&gt;1&lt;/td&gt;
		&lt;td class="tabelatd1"&gt;450&lt;/td&gt;
		&lt;td class="tabelatd1"&gt;Tipo Cobranca&lt;/td&gt;
		&lt;td class="tabelatd1"&gt;10/10/2018&lt;/td&gt;
		&lt;td class="tabelatd1"&gt;110.00&lt;/td&gt;
		&lt;td class="tabelatd1"&gt;0.00&lt;/td&gt;
		&lt;td class="tabelatd1"&gt;0.00&lt;/td&gt;
		&lt;td class="tabelatd1"&gt;0.00&lt;/td&gt;
		&lt;td class="tabelatd1"&gt;&lt;br&gt;&lt;br&gt;&lt;/td&gt;
	&lt;/tr&gt;
	&lt;tr&gt;
		&lt;td class="tabelatd2"&gt;2-Fulano de Tal (111.111.111-11)&lt;/td&gt;
		&lt;td class="tabelatd2"&gt;Rua Sem Fim, N�mero zero, Bairro Normal&lt;/td&gt;
		&lt;td class="tabelatd2"&gt;Cocal do Sul/SC&lt;/td&gt;
		&lt;td class="tabelatd2"&gt;0F&lt;/td&gt;
		&lt;td class="tabelatd2"&gt;50&lt;/td&gt;
		&lt;td class="tabelatd2"&gt;Tipo Cobranca&lt;/td&gt;
		&lt;td class="tabelatd2"&gt;11/10/2018&lt;/td&gt;
		&lt;td class="tabelatd2"&gt;110.00&lt;/td&gt;
		&lt;td class="tabelatd2"&gt;0.00&lt;/td&gt;
		&lt;td class="tabelatd2"&gt;0.00&lt;/td&gt;
		&lt;td class="tabelatd2"&gt;0.00&lt;/td&gt;
		&lt;td class="tabelatd2"&gt;&lt;br&gt;&lt;br&gt;&lt;/td&gt;
	&lt;/tr&gt;
	&lt;tr&gt;
		&lt;td class="tabelatd1"&gt;2-Fulano de Tal (111.111.111-11)&lt;/td&gt;
		&lt;td class="tabelatd1"&gt;Rua Sem Fim, N�mero zero, Bairro Normal&lt;/td&gt;
		&lt;td class="tabelatd1"&gt;Cocal do Sul/SC&lt;/td&gt;
		&lt;td class="tabelatd1"&gt;0F&lt;/td&gt;
		&lt;td class="tabelatd1"&gt;63&lt;/td&gt;
		&lt;td class="tabelatd1"&gt;Tipo Cobranca&lt;/td&gt;
		&lt;td class="tabelatd1"&gt;11/10/2018&lt;/td&gt;
		&lt;td class="tabelatd1"&gt;110.00&lt;/td&gt;
		&lt;td class="tabelatd1"&gt;0.00&lt;/td&gt;
		&lt;td class="tabelatd1"&gt;0.00&lt;/td&gt;
		&lt;td class="tabelatd1"&gt;0.00&lt;/td&gt;
		&lt;td class="tabelatd1"&gt;&lt;br&gt;&lt;br&gt;&lt;/td&gt;
	&lt;/tr&gt;
	&lt;tr&gt;
		&lt;td class="tabelatd2"&gt;2-Fulano de Tal (111.111.111-11)&lt;/td&gt;
		&lt;td class="tabelatd2"&gt;Rua Sem Fim, N�mero zero, Bairro Normal&lt;/td&gt;
		&lt;td class="tabelatd2"&gt;Cocal do Sul/SC&lt;/td&gt;
		&lt;td class="tabelatd2"&gt;0F&lt;/td&gt;
		&lt;td class="tabelatd2"&gt;78&lt;/td&gt;
		&lt;td class="tabelatd2"&gt;Tipo Cobranca&lt;/td&gt;
		&lt;td class="tabelatd2"&gt;11/10/2018&lt;/td&gt;
		&lt;td class="tabelatd2"&gt;110.00&lt;/td&gt;
		&lt;td class="tabelatd2"&gt;0.00&lt;/td&gt;
		&lt;td class="tabelatd2"&gt;0.00&lt;/td&gt;
		&lt;td class="tabelatd2"&gt;0.00&lt;/td&gt;
		&lt;td class="tabelatd2"&gt;&lt;br&gt;&lt;br&gt;&lt;/td&gt;
	&lt;/tr&gt;
	&lt;tr&gt;
		&lt;td class="tabelatd1"&gt;2-Fulano de Tal (111.111.111-11)&lt;/td&gt;
		&lt;td class="tabelatd1"&gt;Rua Sem Fim, N�mero zero, Bairro Normal&lt;/td&gt;
		&lt;td class="tabelatd1"&gt;Cocal do Sul/SC&lt;/td&gt;
		&lt;td class="tabelatd1"&gt;0F&lt;/td&gt;
		&lt;td class="tabelatd1"&gt;95&lt;/td&gt;
		&lt;td class="tabelatd1"&gt;Tipo Cobranca&lt;/td&gt;
		&lt;td class="tabelatd1"&gt;11/10/2018&lt;/td&gt;
		&lt;td class="tabelatd1"&gt;110.00&lt;/td&gt;
		&lt;td class="tabelatd1"&gt;0.00&lt;/td&gt;
		&lt;td class="tabelatd1"&gt;0.00&lt;/td&gt;
		&lt;td class="tabelatd1"&gt;0.00&lt;/td&gt;
		&lt;td class="tabelatd1"&gt;&lt;br&gt;&lt;br&gt;&lt;/td&gt;
	&lt;/tr&gt;
	&lt;tr&gt;
		&lt;td class="tabelatd2"&gt;2-Fulano de Tal (111.111.111-11)&lt;/td&gt;
		&lt;td class="tabelatd2"&gt;Rua Sem Fim, N�mero zero, Bairro Normal&lt;/td&gt;
		&lt;td class="tabelatd2"&gt;Cocal do Sul/SC&lt;/td&gt;
		&lt;td class="tabelatd2"&gt;0F&lt;/td&gt;
		&lt;td class="tabelatd2"&gt;111&lt;/td&gt;
		&lt;td class="tabelatd2"&gt;Tipo Cobranca&lt;/td&gt;
		&lt;td class="tabelatd2"&gt;11/10/2018&lt;/td&gt;
		&lt;td class="tabelatd2"&gt;110.00&lt;/td&gt;
		&lt;td class="tabelatd2"&gt;0.00&lt;/td&gt;
		&lt;td class="tabelatd2"&gt;0.00&lt;/td&gt;
		&lt;td class="tabelatd2"&gt;0.00&lt;/td&gt;
		&lt;td class="tabelatd2"&gt;&lt;br&gt;&lt;br&gt;&lt;/td&gt;
	&lt;/tr&gt;
	&lt;tr&gt;
		&lt;td class="tabelatd1"&gt;2-Fulano de Tal (111.111.111-11)&lt;/td&gt;
		&lt;td class="tabelatd1"&gt;Rua Sem Fim, N�mero zero, Bairro Normal&lt;/td&gt;
		&lt;td class="tabelatd1"&gt;Cocal do Sul/SC&lt;/td&gt;
		&lt;td class="tabelatd1"&gt;0F&lt;/td&gt;
		&lt;td class="tabelatd1"&gt;140&lt;/td&gt;
		&lt;td class="tabelatd1"&gt;Tipo Cobranca&lt;/td&gt;
		&lt;td class="tabelatd1"&gt;11/10/2018&lt;/td&gt;
		&lt;td class="tabelatd1"&gt;110.00&lt;/td&gt;
		&lt;td class="tabelatd1"&gt;0.00&lt;/td&gt;
		&lt;td class="tabelatd1"&gt;0.00&lt;/td&gt;
		&lt;td class="tabelatd1"&gt;0.00&lt;/td&gt;
		&lt;td class="tabelatd1"&gt;&lt;br&gt;&lt;br&gt;&lt;/td&gt;
	&lt;/tr&gt;
	&lt;tr&gt;
		&lt;td class="tabelatd2"&gt;2-Fulano de Tal (111.111.111-11)&lt;/td&gt;
		&lt;td class="tabelatd2"&gt;Rua Sem Fim, N�mero zero, Bairro Normal&lt;/td&gt;
		&lt;td class="tabelatd2"&gt;Cocal do Sul/SC&lt;/td&gt;
		&lt;td class="tabelatd2"&gt;0F&lt;/td&gt;
		&lt;td class="tabelatd2"&gt;166&lt;/td&gt;
		&lt;td class="tabelatd2"&gt;Tipo Cobranca&lt;/td&gt;
		&lt;td class="tabelatd2"&gt;11/10/2018&lt;/td&gt;
		&lt;td class="tabelatd2"&gt;110.00&lt;/td&gt;
		&lt;td class="tabelatd2"&gt;0.00&lt;/td&gt;
		&lt;td class="tabelatd2"&gt;0.00&lt;/td&gt;
		&lt;td class="tabelatd2"&gt;0.00&lt;/td&gt;
		&lt;td class="tabelatd2"&gt;&lt;br&gt;&lt;br&gt;&lt;/td&gt;
	&lt;/tr&gt;
	&lt;tr&gt;
		&lt;td class="tabelatd1"&gt;2-Fulano de Tal (111.111.111-11)&lt;/td&gt;
		&lt;td class="tabelatd1"&gt;Rua Sem Fim, N�mero zero, Bairro Normal&lt;/td&gt;
		&lt;td class="tabelatd1"&gt;Cocal do Sul/SC&lt;/td&gt;
		&lt;td class="tabelatd1"&gt;0F&lt;/td&gt;
		&lt;td class="tabelatd1"&gt;186&lt;/td&gt;
		&lt;td class="tabelatd1"&gt;Tipo Cobranca&lt;/td&gt;
		&lt;td class="tabelatd1"&gt;11/10/2018&lt;/td&gt;
		&lt;td class="tabelatd1"&gt;110.00&lt;/td&gt;
		&lt;td class="tabelatd1"&gt;0.00&lt;/td&gt;
		&lt;td class="tabelatd1"&gt;0.00&lt;/td&gt;
		&lt;td class="tabelatd1"&gt;0.00&lt;/td&gt;
		&lt;td class="tabelatd1"&gt;&lt;br&gt;&lt;br&gt;&lt;/td&gt;
	&lt;/tr&gt;
	&lt;tr&gt;
		&lt;td class="tabelatd2"&gt;2-Fulano de Tal (111.111.111-11)&lt;/td&gt;
		&lt;td class="tabelatd2"&gt;Rua Sem Fim, N�mero zero, Bairro Normal&lt;/td&gt;
		&lt;td class="tabelatd2"&gt;Cocal do Sul/SC&lt;/td&gt;
		&lt;td class="tabelatd2"&gt;0F&lt;/td&gt;
		&lt;td class="tabelatd2"&gt;206&lt;/td&gt;
		&lt;td class="tabelatd2"&gt;Tipo Cobranca&lt;/td&gt;
		&lt;td class="tabelatd2"&gt;11/10/2018&lt;/td&gt;
		&lt;td class="tabelatd2"&gt;110.00&lt;/td&gt;
		&lt;td class="tabelatd2"&gt;0.00&lt;/td&gt;
		&lt;td class="tabelatd2"&gt;0.00&lt;/td&gt;
		&lt;td class="tabelatd2"&gt;0.00&lt;/td&gt;
		&lt;td class="tabelatd2"&gt;&lt;br&gt;&lt;br&gt;&lt;/td&gt;
	&lt;/tr&gt;
	&lt;tr&gt;
		&lt;td class="tabelatd1"&gt;2-Fulano de Tal (111.111.111-11)&lt;/td&gt;
		&lt;td class="tabelatd1"&gt;Rua Sem Fim, N�mero zero, Bairro Normal&lt;/td&gt;
		&lt;td class="tabelatd1"&gt;Cocal do Sul/SC&lt;/td&gt;
		&lt;td class="tabelatd1"&gt;0F&lt;/td&gt;
		&lt;td class="tabelatd1"&gt;226&lt;/td&gt;
		&lt;td class="tabelatd1"&gt;Tipo Cobranca&lt;/td&gt;
		&lt;td class="tabelatd1"&gt;11/10/2018&lt;/td&gt;
		&lt;td class="tabelatd1"&gt;110.00&lt;/td&gt;
		&lt;td class="tabelatd1"&gt;0.00&lt;/td&gt;
		&lt;td class="tabelatd1"&gt;0.00&lt;/td&gt;
		&lt;td class="tabelatd1"&gt;0.00&lt;/td&gt;
		&lt;td class="tabelatd1"&gt;&lt;br&gt;&lt;br&gt;&lt;/td&gt;
	&lt;/tr&gt;
	&lt;tr&gt;
		&lt;td class="tabelatd2"&gt;2-Fulano de Tal (111.111.111-11)&lt;/td&gt;
		&lt;td class="tabelatd2"&gt;Rua Sem Fim, N�mero zero, Bairro Normal&lt;/td&gt;
		&lt;td class="tabelatd2"&gt;Cocal do Sul/SC&lt;/td&gt;
		&lt;td class="tabelatd2"&gt;0F&lt;/td&gt;
		&lt;td class="tabelatd2"&gt;251&lt;/td&gt;
		&lt;td class="tabelatd2"&gt;Tipo Cobranca&lt;/td&gt;
		&lt;td class="tabelatd2"&gt;11/10/2018&lt;/td&gt;
		&lt;td class="tabelatd2"&gt;110.00&lt;/td&gt;
		&lt;td class="tabelatd2"&gt;0.00&lt;/td&gt;
		&lt;td class="tabelatd2"&gt;0.00&lt;/td&gt;
		&lt;td class="tabelatd2"&gt;0.00&lt;/td&gt;
		&lt;td class="tabelatd2"&gt;&lt;br&gt;&lt;br&gt;&lt;/td&gt;
	&lt;/tr&gt;
	&lt;tr&gt;
		&lt;td class="tabelatd1"&gt;2-Fulano de Tal (111.111.111-11)&lt;/td&gt;
		&lt;td class="tabelatd1"&gt;Rua Sem Fim, N�mero zero, Bairro Normal&lt;/td&gt;
		&lt;td class="tabelatd1"&gt;Cocal do Sul/SC&lt;/td&gt;
		&lt;td class="tabelatd1"&gt;0F&lt;/td&gt;
		&lt;td class="tabelatd1"&gt;276&lt;/td&gt;
		&lt;td class="tabelatd1"&gt;Tipo Cobranca&lt;/td&gt;
		&lt;td class="tabelatd1"&gt;11/10/2018&lt;/td&gt;
		&lt;td class="tabelatd1"&gt;110.00&lt;/td&gt;
		&lt;td class="tabelatd1"&gt;0.00&lt;/td&gt;
		&lt;td class="tabelatd1"&gt;0.00&lt;/td&gt;
		&lt;td class="tabelatd1"&gt;0.00&lt;/td&gt;
		&lt;td class="tabelatd1"&gt;&lt;br&gt;&lt;br&gt;&lt;/td&gt;
	&lt;/tr&gt;
	&lt;tr&gt;
		&lt;td class="tabelatd2"&gt;2-Fulano de Tal (111.111.111-11)&lt;/td&gt;
		&lt;td class="tabelatd2"&gt;Rua Sem Fim, N�mero zero, Bairro Normal&lt;/td&gt;
		&lt;td class="tabelatd2"&gt;Cocal do Sul/SC&lt;/td&gt;
		&lt;td class="tabelatd2"&gt;0F&lt;/td&gt;
		&lt;td class="tabelatd2"&gt;303&lt;/td&gt;
		&lt;td class="tabelatd2"&gt;Tipo Cobranca&lt;/td&gt;
		&lt;td class="tabelatd2"&gt;11/10/2018&lt;/td&gt;
		&lt;td class="tabelatd2"&gt;110.00&lt;/td&gt;
		&lt;td class="tabelatd2"&gt;0.00&lt;/td&gt;
		&lt;td class="tabelatd2"&gt;0.00&lt;/td&gt;
		&lt;td class="tabelatd2"&gt;0.00&lt;/td&gt;
		&lt;td class="tabelatd2"&gt;&lt;br&gt;&lt;br&gt;&lt;/td&gt;
	&lt;/tr&gt;
	&lt;tr&gt;
		&lt;td class="tabelatd1"&gt;2-Fulano de Tal (111.111.111-11)&lt;/td&gt;
		&lt;td class="tabelatd1"&gt;Rua Sem Fim, N�mero zero, Bairro Normal&lt;/td&gt;
		&lt;td class="tabelatd1"&gt;Cocal do Sul/SC&lt;/td&gt;
		&lt;td class="tabelatd1"&gt;0F&lt;/td&gt;
		&lt;td class="tabelatd1"&gt;332&lt;/td&gt;
		&lt;td class="tabelatd1"&gt;Tipo Cobranca&lt;/td&gt;
		&lt;td class="tabelatd1"&gt;11/10/2018&lt;/td&gt;
		&lt;td class="tabelatd1"&gt;110.00&lt;/td&gt;
		&lt;td class="tabelatd1"&gt;0.00&lt;/td&gt;
		&lt;td class="tabelatd1"&gt;0.00&lt;/td&gt;
		&lt;td class="tabelatd1"&gt;0.00&lt;/td&gt;
		&lt;td class="tabelatd1"&gt;&lt;br&gt;&lt;br&gt;&lt;/td&gt;
	&lt;/tr&gt;
	&lt;tr&gt;
		&lt;td class="tabelatd2"&gt;2-Fulano de Tal (111.111.111-11)&lt;/td&gt;
		&lt;td class="tabelatd2"&gt;Rua Sem Fim, N�mero zero, Bairro Normal&lt;/td&gt;
		&lt;td class="tabelatd2"&gt;Cocal do Sul/SC&lt;/td&gt;
		&lt;td class="tabelatd2"&gt;0F&lt;/td&gt;
		&lt;td class="tabelatd2"&gt;363&lt;/td&gt;
		&lt;td class="tabelatd2"&gt;Tipo Cobranca&lt;/td&gt;
		&lt;td class="tabelatd2"&gt;11/10/2018&lt;/td&gt;
		&lt;td class="tabelatd2"&gt;110.00&lt;/td&gt;
		&lt;td class="tabelatd2"&gt;0.00&lt;/td&gt;
		&lt;td class="tabelatd2"&gt;0.00&lt;/td&gt;
		&lt;td class="tabelatd2"&gt;0.00&lt;/td&gt;
		&lt;td class="tabelatd2"&gt;&lt;br&gt;&lt;br&gt;&lt;/td&gt;
	&lt;/tr&gt;
	&lt;tr&gt;
		&lt;td class="tabelatd1"&gt;2-Fulano de Tal (111.111.111-11)&lt;/td&gt;
		&lt;td class="tabelatd1"&gt;Rua Sem Fim, N�mero zero, Bairro Normal&lt;/td&gt;
		&lt;td class="tabelatd1"&gt;Cocal do Sul/SC&lt;/td&gt;
		&lt;td class="tabelatd1"&gt;0F&lt;/td&gt;
		&lt;td class="tabelatd1"&gt;396&lt;/td&gt;
		&lt;td class="tabelatd1"&gt;Tipo Cobranca&lt;/td&gt;
		&lt;td class="tabelatd1"&gt;11/10/2018&lt;/td&gt;
		&lt;td class="tabelatd1"&gt;110.00&lt;/td&gt;
		&lt;td class="tabelatd1"&gt;0.00&lt;/td&gt;
		&lt;td class="tabelatd1"&gt;0.00&lt;/td&gt;
		&lt;td class="tabelatd1"&gt;0.00&lt;/td&gt;
		&lt;td class="tabelatd1"&gt;&lt;br&gt;&lt;br&gt;&lt;/td&gt;
	&lt;/tr&gt;
	&lt;tr&gt;
		&lt;td class="tabelatd2"&gt;2-Fulano de Tal (111.111.111-11)&lt;/td&gt;
		&lt;td class="tabelatd2"&gt;Rua Sem Fim, N�mero zero, Bairro Normal&lt;/td&gt;
		&lt;td class="tabelatd2"&gt;Cocal do Sul/SC&lt;/td&gt;
		&lt;td class="tabelatd2"&gt;0F&lt;/td&gt;
		&lt;td class="tabelatd2"&gt;431&lt;/td&gt;
		&lt;td class="tabelatd2"&gt;Tipo Cobranca&lt;/td&gt;
		&lt;td class="tabelatd2"&gt;11/10/2018&lt;/td&gt;
		&lt;td class="tabelatd2"&gt;110.00&lt;/td&gt;
		&lt;td class="tabelatd2"&gt;0.00&lt;/td&gt;
		&lt;td class="tabelatd2"&gt;0.00&lt;/td&gt;
		&lt;td class="tabelatd2"&gt;0.00&lt;/td&gt;
		&lt;td class="tabelatd2"&gt;&lt;br&gt;&lt;br&gt;&lt;/td&gt;
	&lt;/tr&gt;
	&lt;tr&gt;
		&lt;td class="tabelatd1"&gt;2-Fulano de Tal (111.111.111-11)&lt;/td&gt;
		&lt;td class="tabelatd1"&gt;Rua Sem Fim, N�mero zero, Bairro Normal&lt;/td&gt;
		&lt;td class="tabelatd1"&gt;Cocal do Sul/SC&lt;/td&gt;
		&lt;td class="tabelatd1"&gt;0F&lt;/td&gt;
		&lt;td class="tabelatd1"&gt;468&lt;/td&gt;
		&lt;td class="tabelatd1"&gt;Tipo Cobranca&lt;/td&gt;
		&lt;td class="tabelatd1"&gt;11/10/2018&lt;/td&gt;
		&lt;td class="tabelatd1"&gt;110.00&lt;/td&gt;
		&lt;td class="tabelatd1"&gt;0.00&lt;/td&gt;
		&lt;td class="tabelatd1"&gt;0.00&lt;/td&gt;
		&lt;td class="tabelatd1"&gt;0.00&lt;/td&gt;
		&lt;td class="tabelatd1"&gt;&lt;br&gt;&lt;br&gt;&lt;/td&gt;
	&lt;/tr&gt;
	&lt;tr&gt;
		&lt;td class="tabelatd2"&gt;1-Fulano de Tal (652.392.539-00)&lt;/td&gt;
		&lt;td class="tabelatd2"&gt;Rua Geral&lt;/td&gt;
		&lt;td class="tabelatd2"&gt;Criciúma/SC&lt;/td&gt;
		&lt;td class="tabelatd2"&gt;1&lt;/td&gt;
		&lt;td class="tabelatd2"&gt;30&lt;/td&gt;
		&lt;td class="tabelatd2"&gt;Tipo Cobranca&lt;/td&gt;
		&lt;td class="tabelatd2"&gt;11/10/2018&lt;/td&gt;
		&lt;td class="tabelatd2"&gt;110.00&lt;/td&gt;
		&lt;td class="tabelatd2"&gt;0.00&lt;/td&gt;
		&lt;td class="tabelatd2"&gt;0.00&lt;/td&gt;
		&lt;td class="tabelatd2"&gt;0.00&lt;/td&gt;
		&lt;td class="tabelatd2"&gt;&lt;br&gt;&lt;br&gt;&lt;/td&gt;
	&lt;/tr&gt;
	&lt;tr&gt;
		&lt;td class="tabelatd1"&gt;1-Fulano de Tal (652.392.539-00)&lt;/td&gt;
		&lt;td class="tabelatd1"&gt;Rua Geral&lt;/td&gt;
		&lt;td class="tabelatd1"&gt;Criciúma/SC&lt;/td&gt;
		&lt;td class="tabelatd1"&gt;1&lt;/td&gt;
		&lt;td class="tabelatd1"&gt;37&lt;/td&gt;
		&lt;td class="tabelatd1"&gt;Tipo Cobranca&lt;/td&gt;
		&lt;td class="tabelatd1"&gt;11/10/2018&lt;/td&gt;
		&lt;td class="tabelatd1"&gt;110.00&lt;/td&gt;
		&lt;td class="tabelatd1"&gt;0.00&lt;/td&gt;
		&lt;td class="tabelatd1"&gt;0.00&lt;/td&gt;
		&lt;td class="tabelatd1"&gt;0.00&lt;/td&gt;
		&lt;td class="tabelatd1"&gt;&lt;br&gt;&lt;br&gt;&lt;/td&gt;
	&lt;/tr&gt;
	&lt;tr&gt;
		&lt;td class="tabelatd2"&gt;1-Fulano de Tal (652.392.539-00)&lt;/td&gt;
		&lt;td class="tabelatd2"&gt;Rua Geral&lt;/td&gt;
		&lt;td class="tabelatd2"&gt;Criciúma/SC&lt;/td&gt;
		&lt;td class="tabelatd2"&gt;1&lt;/td&gt;
		&lt;td class="tabelatd2"&gt;46&lt;/td&gt;
		&lt;td class="tabelatd2"&gt;Tipo Cobranca&lt;/td&gt;
		&lt;td class="tabelatd2"&gt;11/10/2018&lt;/td&gt;
		&lt;td class="tabelatd2"&gt;110.00&lt;/td&gt;
		&lt;td class="tabelatd2"&gt;0.00&lt;/td&gt;
		&lt;td class="tabelatd2"&gt;0.00&lt;/td&gt;
		&lt;td class="tabelatd2"&gt;0.00&lt;/td&gt;
		&lt;td class="tabelatd2"&gt;&lt;br&gt;&lt;br&gt;&lt;/td&gt;
	&lt;/tr&gt;
	&lt;tr&gt;
		&lt;td class="tabelatd1"&gt;1-Fulano de Tal (652.392.539-00)&lt;/td&gt;
		&lt;td class="tabelatd1"&gt;Rua Geral&lt;/td&gt;
		&lt;td class="tabelatd1"&gt;Criciúma/SC&lt;/td&gt;
		&lt;td class="tabelatd1"&gt;1&lt;/td&gt;
		&lt;td class="tabelatd1"&gt;58&lt;/td&gt;
		&lt;td class="tabelatd1"&gt;Tipo Cobranca&lt;/td&gt;
		&lt;td class="tabelatd1"&gt;11/10/2018&lt;/td&gt;
		&lt;td class="tabelatd1"&gt;110.00&lt;/td&gt;
		&lt;td class="tabelatd1"&gt;0.00&lt;/td&gt;
		&lt;td class="tabelatd1"&gt;0.00&lt;/td&gt;
		&lt;td class="tabelatd1"&gt;0.00&lt;/td&gt;
		&lt;td class="tabelatd1"&gt;&lt;br&gt;&lt;br&gt;&lt;/td&gt;
	&lt;/tr&gt;
	&lt;tr&gt;
		&lt;td class="tabelatd2"&gt;1-Fulano de Tal (652.392.539-00)&lt;/td&gt;
		&lt;td class="tabelatd2"&gt;Rua Geral&lt;/td&gt;
		&lt;td class="tabelatd2"&gt;Criciúma/SC&lt;/td&gt;
		&lt;td class="tabelatd2"&gt;1&lt;/td&gt;
		&lt;td class="tabelatd2"&gt;72&lt;/td&gt;
		&lt;td class="tabelatd2"&gt;Tipo Cobranca&lt;/td&gt;
		&lt;td class="tabelatd2"&gt;11/10/2018&lt;/td&gt;
		&lt;td class="tabelatd2"&gt;110.00&lt;/td&gt;
		&lt;td class="tabelatd2"&gt;0.00&lt;/td&gt;
		&lt;td class="tabelatd2"&gt;0.00&lt;/td&gt;
		&lt;td class="tabelatd2"&gt;0.00&lt;/td&gt;
		&lt;td class="tabelatd2"&gt;&lt;br&gt;&lt;br&gt;&lt;/td&gt;
	&lt;/tr&gt;
	&lt;tr&gt;
		&lt;td class="tabelatd1"&gt;1-Fulano de Tal (652.392.539-00)&lt;/td&gt;
		&lt;td class="tabelatd1"&gt;Rua Geral&lt;/td&gt;
		&lt;td class="tabelatd1"&gt;Criciúma/SC&lt;/td&gt;
		&lt;td class="tabelatd1"&gt;1&lt;/td&gt;
		&lt;td class="tabelatd1"&gt;88&lt;/td&gt;
		&lt;td class="tabelatd1"&gt;Tipo Cobranca&lt;/td&gt;
		&lt;td class="tabelatd1"&gt;11/10/2018&lt;/td&gt;
		&lt;td class="tabelatd1"&gt;110.00&lt;/td&gt;
		&lt;td class="tabelatd1"&gt;0.00&lt;/td&gt;
		&lt;td class="tabelatd1"&gt;0.00&lt;/td&gt;
		&lt;td class="tabelatd1"&gt;0.00&lt;/td&gt;
		&lt;td class="tabelatd1"&gt;&lt;br&gt;&lt;br&gt;&lt;/td&gt;
	&lt;/tr&gt;
	&lt;tr&gt;
		&lt;td class="tabelatd2"&gt;1-Fulano de Tal (652.392.539-00)&lt;/td&gt;
		&lt;td class="tabelatd2"&gt;Rua Geral&lt;/td&gt;
		&lt;td class="tabelatd2"&gt;Criciúma/SC&lt;/td&gt;
		&lt;td class="tabelatd2"&gt;1&lt;/td&gt;
		&lt;td class="tabelatd2"&gt;104&lt;/td&gt;
		&lt;td class="tabelatd2"&gt;Tipo Cobranca&lt;/td&gt;
		&lt;td class="tabelatd2"&gt;11/10/2018&lt;/td&gt;
		&lt;td class="tabelatd2"&gt;110.00&lt;/td&gt;
		&lt;td class="tabelatd2"&gt;0.00&lt;/td&gt;
		&lt;td class="tabelatd2"&gt;0.00&lt;/td&gt;
		&lt;td class="tabelatd2"&gt;0.00&lt;/td&gt;
		&lt;td class="tabelatd2"&gt;&lt;br&gt;&lt;br&gt;&lt;/td&gt;
	&lt;/tr&gt;
	&lt;tr&gt;
		&lt;td class="tabelatd1"&gt;1-Fulano de Tal (652.392.539-00)&lt;/td&gt;
		&lt;td class="tabelatd1"&gt;Rua Geral&lt;/td&gt;
		&lt;td class="tabelatd1"&gt;Criciúma/SC&lt;/td&gt;
		&lt;td class="tabelatd1"&gt;1&lt;/td&gt;
		&lt;td class="tabelatd1"&gt;132&lt;/td&gt;
		&lt;td class="tabelatd1"&gt;Tipo Cobranca&lt;/td&gt;
		&lt;td class="tabelatd1"&gt;11/10/2018&lt;/td&gt;
		&lt;td class="tabelatd1"&gt;110.00&lt;/td&gt;
		&lt;td class="tabelatd1"&gt;0.00&lt;/td&gt;
		&lt;td class="tabelatd1"&gt;0.00&lt;/td&gt;
		&lt;td class="tabelatd1"&gt;0.00&lt;/td&gt;
		&lt;td class="tabelatd1"&gt;&lt;br&gt;&lt;br&gt;&lt;/td&gt;
	&lt;/tr&gt;
	&lt;tr&gt;
		&lt;td class="tabelatd2"&gt;1-Fulano de Tal (652.392.539-00)&lt;/td&gt;
		&lt;td class="tabelatd2"&gt;Rua Geral&lt;/td&gt;
		&lt;td class="tabelatd2"&gt;Criciúma/SC&lt;/td&gt;
		&lt;td class="tabelatd2"&gt;1&lt;/td&gt;
		&lt;td class="tabelatd2"&gt;157&lt;/td&gt;
		&lt;td class="tabelatd2"&gt;Tipo Cobranca&lt;/td&gt;
		&lt;td class="tabelatd2"&gt;11/10/2018&lt;/td&gt;
		&lt;td class="tabelatd2"&gt;110.00&lt;/td&gt;
		&lt;td class="tabelatd2"&gt;0.00&lt;/td&gt;
		&lt;td class="tabelatd2"&gt;0.00&lt;/td&gt;
		&lt;td class="tabelatd2"&gt;0.00&lt;/td&gt;
		&lt;td class="tabelatd2"&gt;&lt;br&gt;&lt;br&gt;&lt;/td&gt;
	&lt;/tr&gt;
	&lt;tr&gt;
		&lt;td class="tabelatd1"&gt;1-Fulano de Tal (652.392.539-00)&lt;/td&gt;
		&lt;td class="tabelatd1"&gt;Rua Geral&lt;/td&gt;
		&lt;td class="tabelatd1"&gt;Criciúma/SC&lt;/td&gt;
		&lt;td class="tabelatd1"&gt;1&lt;/td&gt;
		&lt;td class="tabelatd1"&gt;49&lt;/td&gt;
		&lt;td class="tabelatd1"&gt;Tipo Cobranca&lt;/td&gt;
		&lt;td class="tabelatd1"&gt;11/10/2018&lt;/td&gt;
		&lt;td class="tabelatd1"&gt;110.00&lt;/td&gt;
		&lt;td class="tabelatd1"&gt;0.00&lt;/td&gt;
		&lt;td class="tabelatd1"&gt;0.00&lt;/td&gt;
		&lt;td class="tabelatd1"&gt;0.00&lt;/td&gt;
		&lt;td class="tabelatd1"&gt;&lt;br&gt;&lt;br&gt;&lt;/td&gt;
	&lt;/tr&gt;
	&lt;tr&gt;
		&lt;td class="tabelatd2"&gt;1-Fulano de Tal (652.392.539-00)&lt;/td&gt;
		&lt;td class="tabelatd2"&gt;Rua Geral&lt;/td&gt;
		&lt;td class="tabelatd2"&gt;Criciúma/SC&lt;/td&gt;
		&lt;td class="tabelatd2"&gt;1&lt;/td&gt;
		&lt;td class="tabelatd2"&gt;61&lt;/td&gt;
		&lt;td class="tabelatd2"&gt;Tipo Cobranca&lt;/td&gt;
		&lt;td class="tabelatd2"&gt;11/10/2018&lt;/td&gt;
		&lt;td class="tabelatd2"&gt;110.00&lt;/td&gt;
		&lt;td class="tabelatd2"&gt;0.00&lt;/td&gt;
		&lt;td class="tabelatd2"&gt;0.00&lt;/td&gt;
		&lt;td class="tabelatd2"&gt;0.00&lt;/td&gt;
		&lt;td class="tabelatd2"&gt;&lt;br&gt;&lt;br&gt;&lt;/td&gt;
	&lt;/tr&gt;
	&lt;tr&gt;
		&lt;td class="tabelatd1"&gt;1-Fulano de Tal (652.392.539-00)&lt;/td&gt;
		&lt;td class="tabelatd1"&gt;Rua Geral&lt;/td&gt;
		&lt;td class="tabelatd1"&gt;Criciúma/SC&lt;/td&gt;
		&lt;td class="tabelatd1"&gt;1&lt;/td&gt;
		&lt;td class="tabelatd1"&gt;75&lt;/td&gt;
		&lt;td class="tabelatd1"&gt;Tipo Cobranca&lt;/td&gt;
		&lt;td class="tabelatd1"&gt;11/10/2018&lt;/td&gt;
		&lt;td class="tabelatd1"&gt;110.00&lt;/td&gt;
		&lt;td class="tabelatd1"&gt;0.00&lt;/td&gt;
		&lt;td class="tabelatd1"&gt;0.00&lt;/td&gt;
		&lt;td class="tabelatd1"&gt;0.00&lt;/td&gt;
		&lt;td class="tabelatd1"&gt;&lt;br&gt;&lt;br&gt;&lt;/td&gt;
	&lt;/tr&gt;
	&lt;tr&gt;
		&lt;td class="tabelatd2"&gt;1-Fulano de Tal (652.392.539-00)&lt;/td&gt;
		&lt;td class="tabelatd2"&gt;Rua Geral&lt;/td&gt;
		&lt;td class="tabelatd2"&gt;Criciúma/SC&lt;/td&gt;
		&lt;td class="tabelatd2"&gt;1&lt;/td&gt;
		&lt;td class="tabelatd2"&gt;91&lt;/td&gt;
		&lt;td class="tabelatd2"&gt;Tipo Cobranca&lt;/td&gt;
		&lt;td class="tabelatd2"&gt;11/10/2018&lt;/td&gt;
		&lt;td class="tabelatd2"&gt;110.00&lt;/td&gt;
		&lt;td class="tabelatd2"&gt;0.00&lt;/td&gt;
		&lt;td class="tabelatd2"&gt;0.00&lt;/td&gt;
		&lt;td class="tabelatd2"&gt;0.00&lt;/td&gt;
		&lt;td class="tabelatd2"&gt;&lt;br&gt;&lt;br&gt;&lt;/td&gt;
	&lt;/tr&gt;
	&lt;tr&gt;
		&lt;td class="tabelatd1"&gt;1-Fulano de Tal (652.392.539-00)&lt;/td&gt;
		&lt;td class="tabelatd1"&gt;Rua Geral&lt;/td&gt;
		&lt;td class="tabelatd1"&gt;Criciúma/SC&lt;/td&gt;
		&lt;td class="tabelatd1"&gt;1&lt;/td&gt;
		&lt;td class="tabelatd1"&gt;107&lt;/td&gt;
		&lt;td class="tabelatd1"&gt;Tipo Cobranca&lt;/td&gt;
		&lt;td class="tabelatd1"&gt;11/10/2018&lt;/td&gt;
		&lt;td class="tabelatd1"&gt;110.00&lt;/td&gt;
		&lt;td class="tabelatd1"&gt;0.00&lt;/td&gt;
		&lt;td class="tabelatd1"&gt;0.00&lt;/td&gt;
		&lt;td class="tabelatd1"&gt;0.00&lt;/td&gt;
		&lt;td class="tabelatd1"&gt;&lt;br&gt;&lt;br&gt;&lt;/td&gt;
	&lt;/tr&gt;
	&lt;tr&gt;
		&lt;td class="tabelatd2"&gt;1-Fulano de Tal (652.392.539-00)&lt;/td&gt;
		&lt;td class="tabelatd2"&gt;Rua Geral&lt;/td&gt;
		&lt;td class="tabelatd2"&gt;Criciúma/SC&lt;/td&gt;
		&lt;td class="tabelatd2"&gt;1&lt;/td&gt;
		&lt;td class="tabelatd2"&gt;135&lt;/td&gt;
		&lt;td class="tabelatd2"&gt;Tipo Cobranca&lt;/td&gt;
		&lt;td class="tabelatd2"&gt;11/10/2018&lt;/td&gt;
		&lt;td class="tabelatd2"&gt;110.00&lt;/td&gt;
		&lt;td class="tabelatd2"&gt;0.00&lt;/td&gt;
		&lt;td class="tabelatd2"&gt;0.00&lt;/td&gt;
		&lt;td class="tabelatd2"&gt;0.00&lt;/td&gt;
		&lt;td class="tabelatd2"&gt;&lt;br&gt;&lt;br&gt;&lt;/td&gt;
	&lt;/tr&gt;
	&lt;tr&gt;
		&lt;td class="tabelatd1"&gt;1-Fulano de Tal (652.392.539-00)&lt;/td&gt;
		&lt;td class="tabelatd1"&gt;Rua Geral&lt;/td&gt;
		&lt;td class="tabelatd1"&gt;Criciúma/SC&lt;/td&gt;
		&lt;td class="tabelatd1"&gt;1&lt;/td&gt;
		&lt;td class="tabelatd1"&gt;160&lt;/td&gt;
		&lt;td class="tabelatd1"&gt;Tipo Cobranca&lt;/td&gt;
		&lt;td class="tabelatd1"&gt;11/10/2018&lt;/td&gt;
		&lt;td class="tabelatd1"&gt;110.00&lt;/td&gt;
		&lt;td class="tabelatd1"&gt;0.00&lt;/td&gt;
		&lt;td class="tabelatd1"&gt;0.00&lt;/td&gt;
		&lt;td class="tabelatd1"&gt;0.00&lt;/td&gt;
		&lt;td class="tabelatd1"&gt;&lt;br&gt;&lt;br&gt;&lt;/td&gt;
	&lt;/tr&gt;
	&lt;tr&gt;
		&lt;td class="tabelatd2"&gt;1-Fulano de Tal (652.392.539-00)&lt;/td&gt;
		&lt;td class="tabelatd2"&gt;Rua Geral&lt;/td&gt;
		&lt;td class="tabelatd2"&gt;Criciúma/SC&lt;/td&gt;
		&lt;td class="tabelatd2"&gt;1&lt;/td&gt;
		&lt;td class="tabelatd2"&gt;62&lt;/td&gt;
		&lt;td class="tabelatd2"&gt;Tipo Cobranca&lt;/td&gt;
		&lt;td class="tabelatd2"&gt;11/10/2018&lt;/td&gt;
		&lt;td class="tabelatd2"&gt;110.00&lt;/td&gt;
		&lt;td class="tabelatd2"&gt;0.00&lt;/td&gt;
		&lt;td class="tabelatd2"&gt;0.00&lt;/td&gt;
		&lt;td class="tabelatd2"&gt;0.00&lt;/td&gt;
		&lt;td class="tabelatd2"&gt;&lt;br&gt;&lt;br&gt;&lt;/td&gt;
	&lt;/tr&gt;
	&lt;tr&gt;
		&lt;td class="tabelatd1"&gt;1-Fulano de Tal (652.392.539-00)&lt;/td&gt;
		&lt;td class="tabelatd1"&gt;Rua Geral&lt;/td&gt;
		&lt;td class="tabelatd1"&gt;Criciúma/SC&lt;/td&gt;
		&lt;td class="tabelatd1"&gt;1&lt;/td&gt;
		&lt;td class="tabelatd1"&gt;76&lt;/td&gt;
		&lt;td class="tabelatd1"&gt;Tipo Cobranca&lt;/td&gt;
		&lt;td class="tabelatd1"&gt;11/10/2018&lt;/td&gt;
		&lt;td class="tabelatd1"&gt;110.00&lt;/td&gt;
		&lt;td class="tabelatd1"&gt;0.00&lt;/td&gt;
		&lt;td class="tabelatd1"&gt;0.00&lt;/td&gt;
		&lt;td class="tabelatd1"&gt;0.00&lt;/td&gt;
		&lt;td class="tabelatd1"&gt;&lt;br&gt;&lt;br&gt;&lt;/td&gt;
	&lt;/tr&gt;
	&lt;tr&gt;
		&lt;td class="tabelatd2"&gt;1-Fulano de Tal (652.392.539-00)&lt;/td&gt;
		&lt;td class="tabelatd2"&gt;Rua Geral&lt;/td&gt;
		&lt;td class="tabelatd2"&gt;Criciúma/SC&lt;/td&gt;
		&lt;td class="tabelatd2"&gt;1&lt;/td&gt;
		&lt;td class="tabelatd2"&gt;92&lt;/td&gt;
		&lt;td class="tabelatd2"&gt;Tipo Cobranca&lt;/td&gt;
		&lt;td class="tabelatd2"&gt;11/10/2018&lt;/td&gt;
		&lt;td class="tabelatd2"&gt;110.00&lt;/td&gt;
		&lt;td class="tabelatd2"&gt;0.00&lt;/td&gt;
		&lt;td class="tabelatd2"&gt;0.00&lt;/td&gt;
		&lt;td class="tabelatd2"&gt;0.00&lt;/td&gt;
		&lt;td class="tabelatd2"&gt;&lt;br&gt;&lt;br&gt;&lt;/td&gt;
	&lt;/tr&gt;
	&lt;tr&gt;
		&lt;td class="tabelatd1"&gt;1-Fulano de Tal (652.392.539-00)&lt;/td&gt;
		&lt;td class="tabelatd1"&gt;Rua Geral&lt;/td&gt;
		&lt;td class="tabelatd1"&gt;Criciúma/SC&lt;/td&gt;
		&lt;td class="tabelatd1"&gt;1&lt;/td&gt;
		&lt;td class="tabelatd1"&gt;108&lt;/td&gt;
		&lt;td class="tabelatd1"&gt;Tipo Cobranca&lt;/td&gt;
		&lt;td class="tabelatd1"&gt;11/10/2018&lt;/td&gt;
		&lt;td class="tabelatd1"&gt;110.00&lt;/td&gt;
		&lt;td class="tabelatd1"&gt;0.00&lt;/td&gt;
		&lt;td class="tabelatd1"&gt;0.00&lt;/td&gt;
		&lt;td class="tabelatd1"&gt;0.00&lt;/td&gt;
		&lt;td class="tabelatd1"&gt;&lt;br&gt;&lt;br&gt;&lt;/td&gt;
	&lt;/tr&gt;
	&lt;tr&gt;
		&lt;td class="tabelatd2"&gt;1-Fulano de Tal (652.392.539-00)&lt;/td&gt;
		&lt;td class="tabelatd2"&gt;Rua Geral&lt;/td&gt;
		&lt;td class="tabelatd2"&gt;Criciúma/SC&lt;/td&gt;
		&lt;td class="tabelatd2"&gt;1&lt;/td&gt;
		&lt;td class="tabelatd2"&gt;136&lt;/td&gt;
		&lt;td class="tabelatd2"&gt;Tipo Cobranca&lt;/td&gt;
		&lt;td class="tabelatd2"&gt;11/10/2018&lt;/td&gt;
		&lt;td class="tabelatd2"&gt;110.00&lt;/td&gt;
		&lt;td class="tabelatd2"&gt;0.00&lt;/td&gt;
		&lt;td class="tabelatd2"&gt;0.00&lt;/td&gt;
		&lt;td class="tabelatd2"&gt;0.00&lt;/td&gt;
		&lt;td class="tabelatd2"&gt;&lt;br&gt;&lt;br&gt;&lt;/td&gt;
	&lt;/tr&gt;
	&lt;tr&gt;
		&lt;td class="tabelatd1"&gt;1-Fulano de Tal (652.392.539-00)&lt;/td&gt;
		&lt;td class="tabelatd1"&gt;Rua Geral&lt;/td&gt;
		&lt;td class="tabelatd1"&gt;Criciúma/SC&lt;/td&gt;
		&lt;td class="tabelatd1"&gt;1&lt;/td&gt;
		&lt;td class="tabelatd1"&gt;77&lt;/td&gt;
		&lt;td class="tabelatd1"&gt;Tipo Cobranca&lt;/td&gt;
		&lt;td class="tabelatd1"&gt;11/10/2018&lt;/td&gt;
		&lt;td class="tabelatd1"&gt;110.00&lt;/td&gt;
		&lt;td class="tabelatd1"&gt;0.00&lt;/td&gt;
		&lt;td class="tabelatd1"&gt;0.00&lt;/td&gt;
		&lt;td class="tabelatd1"&gt;0.00&lt;/td&gt;
		&lt;td class="tabelatd1"&gt;&lt;br&gt;&lt;br&gt;&lt;/td&gt;
	&lt;/tr&gt;
	&lt;tr&gt;
		&lt;td class="tabelatd2"&gt;1-Fulano de Tal (652.392.539-00)&lt;/td&gt;
		&lt;td class="tabelatd2"&gt;Rua Geral&lt;/td&gt;
		&lt;td class="tabelatd2"&gt;Criciúma/SC&lt;/td&gt;
		&lt;td class="tabelatd2"&gt;1&lt;/td&gt;
		&lt;td class="tabelatd2"&gt;93&lt;/td&gt;
		&lt;td class="tabelatd2"&gt;Tipo Cobranca&lt;/td&gt;
		&lt;td class="tabelatd2"&gt;11/10/2018&lt;/td&gt;
		&lt;td class="tabelatd2"&gt;110.00&lt;/td&gt;
		&lt;td class="tabelatd2"&gt;0.00&lt;/td&gt;
		&lt;td class="tabelatd2"&gt;0.00&lt;/td&gt;
		&lt;td class="tabelatd2"&gt;0.00&lt;/td&gt;
		&lt;td class="tabelatd2"&gt;&lt;br&gt;&lt;br&gt;&lt;/td&gt;
	&lt;/tr&gt;
	&lt;tr&gt;
		&lt;td class="tabelatd1"&gt;1-Fulano de Tal (652.392.539-00)&lt;/td&gt;
		&lt;td class="tabelatd1"&gt;Rua Geral&lt;/td&gt;
		&lt;td class="tabelatd1"&gt;Criciúma/SC&lt;/td&gt;
		&lt;td class="tabelatd1"&gt;1&lt;/td&gt;
		&lt;td class="tabelatd1"&gt;109&lt;/td&gt;
		&lt;td class="tabelatd1"&gt;Tipo Cobranca&lt;/td&gt;
		&lt;td class="tabelatd1"&gt;11/10/2018&lt;/td&gt;
		&lt;td class="tabelatd1"&gt;110.00&lt;/td&gt;
		&lt;td class="tabelatd1"&gt;0.00&lt;/td&gt;
		&lt;td class="tabelatd1"&gt;0.00&lt;/td&gt;
		&lt;td class="tabelatd1"&gt;0.00&lt;/td&gt;
		&lt;td class="tabelatd1"&gt;&lt;br&gt;&lt;br&gt;&lt;/td&gt;
	&lt;/tr&gt;
	&lt;tr&gt;
		&lt;td class="tabelatd2"&gt;1-Fulano de Tal (652.392.539-00)&lt;/td&gt;
		&lt;td class="tabelatd2"&gt;Rua Geral&lt;/td&gt;
		&lt;td class="tabelatd2"&gt;Criciúma/SC&lt;/td&gt;
		&lt;td class="tabelatd2"&gt;1&lt;/td&gt;
		&lt;td class="tabelatd2"&gt;137&lt;/td&gt;
		&lt;td class="tabelatd2"&gt;Tipo Cobranca&lt;/td&gt;
		&lt;td class="tabelatd2"&gt;11/10/2018&lt;/td&gt;
		&lt;td class="tabelatd2"&gt;110.00&lt;/td&gt;
		&lt;td class="tabelatd2"&gt;0.00&lt;/td&gt;
		&lt;td class="tabelatd2"&gt;0.00&lt;/td&gt;
		&lt;td class="tabelatd2"&gt;0.00&lt;/td&gt;
		&lt;td class="tabelatd2"&gt;&lt;br&gt;&lt;br&gt;&lt;/td&gt;
	&lt;/tr&gt;
	&lt;tr&gt;
		&lt;td class="tabelatd1"&gt;1-Fulano de Tal (652.392.539-00)&lt;/td&gt;
		&lt;td class="tabelatd1"&gt;Rua Geral&lt;/td&gt;
		&lt;td class="tabelatd1"&gt;Criciúma/SC&lt;/td&gt;
		&lt;td class="tabelatd1"&gt;1&lt;/td&gt;
		&lt;td class="tabelatd1"&gt;94&lt;/td&gt;
		&lt;td class="tabelatd1"&gt;Tipo Cobranca&lt;/td&gt;
		&lt;td class="tabelatd1"&gt;11/10/2018&lt;/td&gt;
		&lt;td class="tabelatd1"&gt;110.00&lt;/td&gt;
		&lt;td class="tabelatd1"&gt;0.00&lt;/td&gt;
		&lt;td class="tabelatd1"&gt;0.00&lt;/td&gt;
		&lt;td class="tabelatd1"&gt;0.00&lt;/td&gt;
		&lt;td class="tabelatd1"&gt;&lt;br&gt;&lt;br&gt;&lt;/td&gt;
	&lt;/tr&gt;
	&lt;tr&gt;
		&lt;td class="tabelatd2"&gt;1-Fulano de Tal (652.392.539-00)&lt;/td&gt;
		&lt;td class="tabelatd2"&gt;Rua Geral&lt;/td&gt;
		&lt;td class="tabelatd2"&gt;Criciúma/SC&lt;/td&gt;
		&lt;td class="tabelatd2"&gt;1&lt;/td&gt;
		&lt;td class="tabelatd2"&gt;110&lt;/td&gt;
		&lt;td class="tabelatd2"&gt;Tipo Cobranca&lt;/td&gt;
		&lt;td class="tabelatd2"&gt;11/10/2018&lt;/td&gt;
		&lt;td class="tabelatd2"&gt;110.00&lt;/td&gt;
		&lt;td class="tabelatd2"&gt;0.00&lt;/td&gt;
		&lt;td class="tabelatd2"&gt;0.00&lt;/td&gt;
		&lt;td class="tabelatd2"&gt;0.00&lt;/td&gt;
		&lt;td class="tabelatd2"&gt;&lt;br&gt;&lt;br&gt;&lt;/td&gt;
	&lt;/tr&gt;
	&lt;tr&gt;
		&lt;td class="tabelatd1"&gt;1-Fulano de Tal (652.392.539-00)&lt;/td&gt;
		&lt;td class="tabelatd1"&gt;Rua Geral&lt;/td&gt;
		&lt;td class="tabelatd1"&gt;Criciúma/SC&lt;/td&gt;
		&lt;td class="tabelatd1"&gt;1&lt;/td&gt;
		&lt;td class="tabelatd1"&gt;138&lt;/td&gt;
		&lt;td class="tabelatd1"&gt;Tipo Cobranca&lt;/td&gt;
		&lt;td class="tabelatd1"&gt;11/10/2018&lt;/td&gt;
		&lt;td class="tabelatd1"&gt;110.00&lt;/td&gt;
		&lt;td class="tabelatd1"&gt;0.00&lt;/td&gt;
		&lt;td class="tabelatd1"&gt;0.00&lt;/td&gt;
		&lt;td class="tabelatd1"&gt;0.00&lt;/td&gt;
		&lt;td class="tabelatd1"&gt;&lt;br&gt;&lt;br&gt;&lt;/td&gt;
	&lt;/tr&gt;
	&lt;tr&gt;
		&lt;td class="tabelatd2"&gt;1-Fulano de Tal (652.392.539-00)&lt;/td&gt;
		&lt;td class="tabelatd2"&gt;Rua Geral&lt;/td&gt;
		&lt;td class="tabelatd2"&gt;Criciúma/SC&lt;/td&gt;
		&lt;td class="tabelatd2"&gt;1&lt;/td&gt;
		&lt;td class="tabelatd2"&gt;139&lt;/td&gt;
		&lt;td class="tabelatd2"&gt;Tipo Cobranca&lt;/td&gt;
		&lt;td class="tabelatd2"&gt;11/10/2018&lt;/td&gt;
		&lt;td class="tabelatd2"&gt;110.00&lt;/td&gt;
		&lt;td class="tabelatd2"&gt;0.00&lt;/td&gt;
		&lt;td class="tabelatd2"&gt;0.00&lt;/td&gt;
		&lt;td class="tabelatd2"&gt;0.00&lt;/td&gt;
		&lt;td class="tabelatd2"&gt;&lt;br&gt;&lt;br&gt;&lt;/td&gt;
	&lt;/tr&gt;
	&lt;tr&gt;
		&lt;td class="tabelatd1"&gt;1-Fulano de Tal (652.392.539-00)&lt;/td&gt;
		&lt;td class="tabelatd1"&gt;Rua Geral&lt;/td&gt;
		&lt;td class="tabelatd1"&gt;Criciúma/SC&lt;/td&gt;
		&lt;td class="tabelatd1"&gt;1&lt;/td&gt;
		&lt;td class="tabelatd1"&gt;177&lt;/td&gt;
		&lt;td class="tabelatd1"&gt;Tipo Cobranca&lt;/td&gt;
		&lt;td class="tabelatd1"&gt;11/10/2018&lt;/td&gt;
		&lt;td class="tabelatd1"&gt;110.00&lt;/td&gt;
		&lt;td class="tabelatd1"&gt;0.00&lt;/td&gt;
		&lt;td class="tabelatd1"&gt;0.00&lt;/td&gt;
		&lt;td class="tabelatd1"&gt;0.00&lt;/td&gt;
		&lt;td class="tabelatd1"&gt;&lt;br&gt;&lt;br&gt;&lt;/td&gt;
	&lt;/tr&gt;
	&lt;tr&gt;
		&lt;td class="tabelatd2"&gt;1-Fulano de Tal (652.392.539-00)&lt;/td&gt;
		&lt;td class="tabelatd2"&gt;Rua Geral&lt;/td&gt;
		&lt;td class="tabelatd2"&gt;Criciúma/SC&lt;/td&gt;
		&lt;td class="tabelatd2"&gt;1&lt;/td&gt;
		&lt;td class="tabelatd2"&gt;197&lt;/td&gt;
		&lt;td class="tabelatd2"&gt;Tipo Cobranca&lt;/td&gt;
		&lt;td class="tabelatd2"&gt;11/10/2018&lt;/td&gt;
		&lt;td class="tabelatd2"&gt;110.00&lt;/td&gt;
		&lt;td class="tabelatd2"&gt;0.00&lt;/td&gt;
		&lt;td class="tabelatd2"&gt;0.00&lt;/td&gt;
		&lt;td class="tabelatd2"&gt;0.00&lt;/td&gt;
		&lt;td class="tabelatd2"&gt;&lt;br&gt;&lt;br&gt;&lt;/td&gt;
	&lt;/tr&gt;
	&lt;tr&gt;
		&lt;td class="tabelatd1"&gt;1-Fulano de Tal (652.392.539-00)&lt;/td&gt;
		&lt;td class="tabelatd1"&gt;Rua Geral&lt;/td&gt;
		&lt;td class="tabelatd1"&gt;Criciúma/SC&lt;/td&gt;
		&lt;td class="tabelatd1"&gt;1&lt;/td&gt;
		&lt;td class="tabelatd1"&gt;217&lt;/td&gt;
		&lt;td class="tabelatd1"&gt;Tipo Cobranca&lt;/td&gt;
		&lt;td class="tabelatd1"&gt;11/10/2018&lt;/td&gt;
		&lt;td class="tabelatd1"&gt;110.00&lt;/td&gt;
		&lt;td class="tabelatd1"&gt;0.00&lt;/td&gt;
		&lt;td class="tabelatd1"&gt;0.00&lt;/td&gt;
		&lt;td class="tabelatd1"&gt;0.00&lt;/td&gt;
		&lt;td class="tabelatd1"&gt;&lt;br&gt;&lt;br&gt;&lt;/td&gt;
	&lt;/tr&gt;
	&lt;tr&gt;
		&lt;td class="tabelatd2"&gt;1-Fulano de Tal (652.392.539-00)&lt;/td&gt;
		&lt;td class="tabelatd2"&gt;Rua Geral&lt;/td&gt;
		&lt;td class="tabelatd2"&gt;Criciúma/SC&lt;/td&gt;
		&lt;td class="tabelatd2"&gt;1&lt;/td&gt;
		&lt;td class="tabelatd2"&gt;241&lt;/td&gt;
		&lt;td class="tabelatd2"&gt;Tipo Cobranca&lt;/td&gt;
		&lt;td class="tabelatd2"&gt;11/10/2018&lt;/td&gt;
		&lt;td class="tabelatd2"&gt;110.00&lt;/td&gt;
		&lt;td class="tabelatd2"&gt;0.00&lt;/td&gt;
		&lt;td class="tabelatd2"&gt;0.00&lt;/td&gt;
		&lt;td class="tabelatd2"&gt;0.00&lt;/td&gt;
		&lt;td class="tabelatd2"&gt;&lt;br&gt;&lt;br&gt;&lt;/td&gt;
	&lt;/tr&gt;
	&lt;tr&gt;
		&lt;td class="tabelatd1"&gt;1-Fulano de Tal (652.392.539-00)&lt;/td&gt;
		&lt;td class="tabelatd1"&gt;Rua Geral&lt;/td&gt;
		&lt;td class="tabelatd1"&gt;Criciúma/SC&lt;/td&gt;
		&lt;td class="tabelatd1"&gt;1&lt;/td&gt;
		&lt;td class="tabelatd1"&gt;265&lt;/td&gt;
		&lt;td class="tabelatd1"&gt;Tipo Cobranca&lt;/td&gt;
		&lt;td class="tabelatd1"&gt;11/10/2018&lt;/td&gt;
		&lt;td class="tabelatd1"&gt;110.00&lt;/td&gt;
		&lt;td class="tabelatd1"&gt;0.00&lt;/td&gt;
		&lt;td class="tabelatd1"&gt;0.00&lt;/td&gt;
		&lt;td class="tabelatd1"&gt;0.00&lt;/td&gt;
		&lt;td class="tabelatd1"&gt;&lt;br&gt;&lt;br&gt;&lt;/td&gt;
	&lt;/tr&gt;
	&lt;tr&gt;
		&lt;td class="tabelatd2"&gt;1-Fulano de Tal (652.392.539-00)&lt;/td&gt;
		&lt;td class="tabelatd2"&gt;Rua Geral&lt;/td&gt;
		&lt;td class="tabelatd2"&gt;Criciúma/SC&lt;/td&gt;
		&lt;td class="tabelatd2"&gt;1&lt;/td&gt;
		&lt;td class="tabelatd2"&gt;291&lt;/td&gt;
		&lt;td class="tabelatd2"&gt;Tipo Cobranca&lt;/td&gt;
		&lt;td class="tabelatd2"&gt;11/10/2018&lt;/td&gt;
		&lt;td class="tabelatd2"&gt;110.00&lt;/td&gt;
		&lt;td class="tabelatd2"&gt;0.00&lt;/td&gt;
		&lt;td class="tabelatd2"&gt;0.00&lt;/td&gt;
		&lt;td class="tabelatd2"&gt;0.00&lt;/td&gt;
		&lt;td class="tabelatd2"&gt;&lt;br&gt;&lt;br&gt;&lt;/td&gt;
	&lt;/tr&gt;
	&lt;tr&gt;
		&lt;td class="tabelatd1"&gt;1-Fulano de Tal (652.392.539-00)&lt;/td&gt;
		&lt;td class="tabelatd1"&gt;Rua Geral&lt;/td&gt;
		&lt;td class="tabelatd1"&gt;Criciúma/SC&lt;/td&gt;
		&lt;td class="tabelatd1"&gt;1&lt;/td&gt;
		&lt;td class="tabelatd1"&gt;180&lt;/td&gt;
		&lt;td class="tabelatd1"&gt;Tipo Cobranca&lt;/td&gt;
		&lt;td class="tabelatd1"&gt;11/10/2018&lt;/td&gt;
		&lt;td class="tabelatd1"&gt;110.00&lt;/td&gt;
		&lt;td class="tabelatd1"&gt;0.00&lt;/td&gt;
		&lt;td class="tabelatd1"&gt;0.00&lt;/td&gt;
		&lt;td class="tabelatd1"&gt;0.00&lt;/td&gt;
		&lt;td class="tabelatd1"&gt;&lt;br&gt;&lt;br&gt;&lt;/td&gt;
	&lt;/tr&gt;
	&lt;tr&gt;
		&lt;td class="tabelatd2"&gt;1-Fulano de Tal (652.392.539-00)&lt;/td&gt;
		&lt;td class="tabelatd2"&gt;Rua Geral&lt;/td&gt;
		&lt;td class="tabelatd2"&gt;Criciúma/SC&lt;/td&gt;
		&lt;td class="tabelatd2"&gt;1&lt;/td&gt;
		&lt;td class="tabelatd2"&gt;200&lt;/td&gt;
		&lt;td class="tabelatd2"&gt;Tipo Cobranca&lt;/td&gt;
		&lt;td class="tabelatd2"&gt;11/10/2018&lt;/td&gt;
		&lt;td class="tabelatd2"&gt;110.00&lt;/td&gt;
		&lt;td class="tabelatd2"&gt;0.00&lt;/td&gt;
		&lt;td class="tabelatd2"&gt;0.00&lt;/td&gt;
		&lt;td class="tabelatd2"&gt;0.00&lt;/td&gt;
		&lt;td class="tabelatd2"&gt;&lt;br&gt;&lt;br&gt;&lt;/td&gt;
	&lt;/tr&gt;
	&lt;tr&gt;
		&lt;td class="tabelatd1"&gt;1-Fulano de Tal (652.392.539-00)&lt;/td&gt;
		&lt;td class="tabelatd1"&gt;Rua Geral&lt;/td&gt;
		&lt;td class="tabelatd1"&gt;Criciúma/SC&lt;/td&gt;
		&lt;td class="tabelatd1"&gt;1&lt;/td&gt;
		&lt;td class="tabelatd1"&gt;220&lt;/td&gt;
		&lt;td class="tabelatd1"&gt;Tipo Cobranca&lt;/td&gt;
		&lt;td class="tabelatd1"&gt;11/10/2018&lt;/td&gt;
		&lt;td class="tabelatd1"&gt;110.00&lt;/td&gt;
		&lt;td class="tabelatd1"&gt;0.00&lt;/td&gt;
		&lt;td class="tabelatd1"&gt;0.00&lt;/td&gt;
		&lt;td class="tabelatd1"&gt;0.00&lt;/td&gt;
		&lt;td class="tabelatd1"&gt;&lt;br&gt;&lt;br&gt;&lt;/td&gt;
	&lt;/tr&gt;
	&lt;tr&gt;
		&lt;td class="tabelatd2"&gt;1-Fulano de Tal (652.392.539-00)&lt;/td&gt;
		&lt;td class="tabelatd2"&gt;Rua Geral&lt;/td&gt;
		&lt;td class="tabelatd2"&gt;Criciúma/SC&lt;/td&gt;
		&lt;td class="tabelatd2"&gt;1&lt;/td&gt;
		&lt;td class="tabelatd2"&gt;244&lt;/td&gt;
		&lt;td class="tabelatd2"&gt;Tipo Cobranca&lt;/td&gt;
		&lt;td class="tabelatd2"&gt;11/10/2018&lt;/td&gt;
		&lt;td class="tabelatd2"&gt;110.00&lt;/td&gt;
		&lt;td class="tabelatd2"&gt;0.00&lt;/td&gt;
		&lt;td class="tabelatd2"&gt;0.00&lt;/td&gt;
		&lt;td class="tabelatd2"&gt;0.00&lt;/td&gt;
		&lt;td class="tabelatd2"&gt;&lt;br&gt;&lt;br&gt;&lt;/td&gt;
	&lt;/tr&gt;
	&lt;tr&gt;
		&lt;td class="tabelatd1"&gt;1-Fulano de Tal (652.392.539-00)&lt;/td&gt;
		&lt;td class="tabelatd1"&gt;Rua Geral&lt;/td&gt;
		&lt;td class="tabelatd1"&gt;Criciúma/SC&lt;/td&gt;
		&lt;td class="tabelatd1"&gt;1&lt;/td&gt;
		&lt;td class="tabelatd1"&gt;268&lt;/td&gt;
		&lt;td class="tabelatd1"&gt;Tipo Cobranca&lt;/td&gt;
		&lt;td class="tabelatd1"&gt;11/10/2018&lt;/td&gt;
		&lt;td class="tabelatd1"&gt;110.00&lt;/td&gt;
		&lt;td class="tabelatd1"&gt;0.00&lt;/td&gt;
		&lt;td class="tabelatd1"&gt;0.00&lt;/td&gt;
		&lt;td class="tabelatd1"&gt;0.00&lt;/td&gt;
		&lt;td class="tabelatd1"&gt;&lt;br&gt;&lt;br&gt;&lt;/td&gt;
	&lt;/tr&gt;
	&lt;tr&gt;
		&lt;td class="tabelatd2"&gt;1-Fulano de Tal (652.392.539-00)&lt;/td&gt;
		&lt;td class="tabelatd2"&gt;Rua Geral&lt;/td&gt;
		&lt;td class="tabelatd2"&gt;Criciúma/SC&lt;/td&gt;
		&lt;td class="tabelatd2"&gt;1&lt;/td&gt;
		&lt;td class="tabelatd2"&gt;294&lt;/td&gt;
		&lt;td class="tabelatd2"&gt;Tipo Cobranca&lt;/td&gt;
		&lt;td class="tabelatd2"&gt;11/10/2018&lt;/td&gt;
		&lt;td class="tabelatd2"&gt;110.00&lt;/td&gt;
		&lt;td class="tabelatd2"&gt;0.00&lt;/td&gt;
		&lt;td class="tabelatd2"&gt;0.00&lt;/td&gt;
		&lt;td class="tabelatd2"&gt;0.00&lt;/td&gt;
		&lt;td class="tabelatd2"&gt;&lt;br&gt;&lt;br&gt;&lt;/td&gt;
	&lt;/tr&gt;
	&lt;tr&gt;
		&lt;td class="tabelatd1"&gt;1-Fulano de Tal (652.392.539-00)&lt;/td&gt;
		&lt;td class="tabelatd1"&gt;Rua Geral&lt;/td&gt;
		&lt;td class="tabelatd1"&gt;Criciúma/SC&lt;/td&gt;
		&lt;td class="tabelatd1"&gt;1&lt;/td&gt;
		&lt;td class="tabelatd1"&gt;161&lt;/td&gt;
		&lt;td class="tabelatd1"&gt;Tipo Cobranca&lt;/td&gt;
		&lt;td class="tabelatd1"&gt;11/10/2018&lt;/td&gt;
		&lt;td class="tabelatd1"&gt;110.00&lt;/td&gt;
		&lt;td class="tabelatd1"&gt;0.00&lt;/td&gt;
		&lt;td class="tabelatd1"&gt;0.00&lt;/td&gt;
		&lt;td class="tabelatd1"&gt;0.00&lt;/td&gt;
		&lt;td class="tabelatd1"&gt;&lt;br&gt;&lt;br&gt;&lt;/td&gt;
	&lt;/tr&gt;
	&lt;tr&gt;
		&lt;td class="tabelatd2"&gt;1-Fulano de Tal (652.392.539-00)&lt;/td&gt;
		&lt;td class="tabelatd2"&gt;Rua Geral&lt;/td&gt;
		&lt;td class="tabelatd2"&gt;Criciúma/SC&lt;/td&gt;
		&lt;td class="tabelatd2"&gt;1&lt;/td&gt;
		&lt;td class="tabelatd2"&gt;181&lt;/td&gt;
		&lt;td class="tabelatd2"&gt;Tipo Cobranca&lt;/td&gt;
		&lt;td class="tabelatd2"&gt;11/10/2018&lt;/td&gt;
		&lt;td class="tabelatd2"&gt;110.00&lt;/td&gt;
		&lt;td class="tabelatd2"&gt;0.00&lt;/td&gt;
		&lt;td class="tabelatd2"&gt;0.00&lt;/td&gt;
		&lt;td class="tabelatd2"&gt;0.00&lt;/td&gt;
		&lt;td class="tabelatd2"&gt;&lt;br&gt;&lt;br&gt;&lt;/td&gt;
	&lt;/tr&gt;
	&lt;tr&gt;
		&lt;td class="tabelatd1"&gt;1-Fulano de Tal (652.392.539-00)&lt;/td&gt;
		&lt;td class="tabelatd1"&gt;Rua Geral&lt;/td&gt;
		&lt;td class="tabelatd1"&gt;Criciúma/SC&lt;/td&gt;
		&lt;td class="tabelatd1"&gt;1&lt;/td&gt;
		&lt;td class="tabelatd1"&gt;201&lt;/td&gt;
		&lt;td class="tabelatd1"&gt;Tipo Cobranca&lt;/td&gt;
		&lt;td class="tabelatd1"&gt;11/10/2018&lt;/td&gt;
		&lt;td class="tabelatd1"&gt;110.00&lt;/td&gt;
		&lt;td class="tabelatd1"&gt;0.00&lt;/td&gt;
		&lt;td class="tabelatd1"&gt;0.00&lt;/td&gt;
		&lt;td class="tabelatd1"&gt;0.00&lt;/td&gt;
		&lt;td class="tabelatd1"&gt;&lt;br&gt;&lt;br&gt;&lt;/td&gt;
	&lt;/tr&gt;
	&lt;tr&gt;
		&lt;td class="tabelatd2"&gt;1-Fulano de Tal (652.392.539-00)&lt;/td&gt;
		&lt;td class="tabelatd2"&gt;Rua Geral&lt;/td&gt;
		&lt;td class="tabelatd2"&gt;Criciúma/SC&lt;/td&gt;
		&lt;td class="tabelatd2"&gt;1&lt;/td&gt;
		&lt;td class="tabelatd2"&gt;221&lt;/td&gt;
		&lt;td class="tabelatd2"&gt;Tipo Cobranca&lt;/td&gt;
		&lt;td class="tabelatd2"&gt;11/10/2018&lt;/td&gt;
		&lt;td class="tabelatd2"&gt;110.00&lt;/td&gt;
		&lt;td class="tabelatd2"&gt;0.00&lt;/td&gt;
		&lt;td class="tabelatd2"&gt;0.00&lt;/td&gt;
		&lt;td class="tabelatd2"&gt;0.00&lt;/td&gt;
		&lt;td class="tabelatd2"&gt;&lt;br&gt;&lt;br&gt;&lt;/td&gt;
	&lt;/tr&gt;
	&lt;tr&gt;
		&lt;td class="tabelatd1"&gt;1-Fulano de Tal (652.392.539-00)&lt;/td&gt;
		&lt;td class="tabelatd1"&gt;Rua Geral&lt;/td&gt;
		&lt;td class="tabelatd1"&gt;Criciúma/SC&lt;/td&gt;
		&lt;td class="tabelatd1"&gt;1&lt;/td&gt;
		&lt;td class="tabelatd1"&gt;245&lt;/td&gt;
		&lt;td class="tabelatd1"&gt;Tipo Cobranca&lt;/td&gt;
		&lt;td class="tabelatd1"&gt;11/10/2018&lt;/td&gt;
		&lt;td class="tabelatd1"&gt;110.00&lt;/td&gt;
		&lt;td class="tabelatd1"&gt;0.00&lt;/td&gt;
		&lt;td class="tabelatd1"&gt;0.00&lt;/td&gt;
		&lt;td class="tabelatd1"&gt;0.00&lt;/td&gt;
		&lt;td class="tabelatd1"&gt;&lt;br&gt;&lt;br&gt;&lt;/td&gt;
	&lt;/tr&gt;
	&lt;tr&gt;
		&lt;td class="tabelatd2"&gt;1-Fulano de Tal (652.392.539-00)&lt;/td&gt;
		&lt;td class="tabelatd2"&gt;Rua Geral&lt;/td&gt;
		&lt;td class="tabelatd2"&gt;Criciúma/SC&lt;/td&gt;
		&lt;td class="tabelatd2"&gt;1&lt;/td&gt;
		&lt;td class="tabelatd2"&gt;269&lt;/td&gt;
		&lt;td class="tabelatd2"&gt;Tipo Cobranca&lt;/td&gt;
		&lt;td class="tabelatd2"&gt;11/10/2018&lt;/td&gt;
		&lt;td class="tabelatd2"&gt;110.00&lt;/td&gt;
		&lt;td class="tabelatd2"&gt;0.00&lt;/td&gt;
		&lt;td class="tabelatd2"&gt;0.00&lt;/td&gt;
		&lt;td class="tabelatd2"&gt;0.00&lt;/td&gt;
		&lt;td class="tabelatd2"&gt;&lt;br&gt;&lt;br&gt;&lt;/td&gt;
	&lt;/tr&gt;
	&lt;tr&gt;
		&lt;td class="tabelatd1"&gt;1-Fulano de Tal (652.392.539-00)&lt;/td&gt;
		&lt;td class="tabelatd1"&gt;Rua Geral&lt;/td&gt;
		&lt;td class="tabelatd1"&gt;Criciúma/SC&lt;/td&gt;
		&lt;td class="tabelatd1"&gt;1&lt;/td&gt;
		&lt;td class="tabelatd1"&gt;295&lt;/td&gt;
		&lt;td class="tabelatd1"&gt;Tipo Cobranca&lt;/td&gt;
		&lt;td class="tabelatd1"&gt;11/10/2018&lt;/td&gt;
		&lt;td class="tabelatd1"&gt;110.00&lt;/td&gt;
		&lt;td class="tabelatd1"&gt;0.00&lt;/td&gt;
		&lt;td class="tabelatd1"&gt;0.00&lt;/td&gt;
		&lt;td class="tabelatd1"&gt;0.00&lt;/td&gt;
		&lt;td class="tabelatd1"&gt;&lt;br&gt;&lt;br&gt;&lt;/td&gt;
	&lt;/tr&gt;
	&lt;tr&gt;
		&lt;td class="tabelatd2"&gt;1-Fulano de Tal (652.392.539-00)&lt;/td&gt;
		&lt;td class="tabelatd2"&gt;Rua Geral&lt;/td&gt;
		&lt;td class="tabelatd2"&gt;Criciúma/SC&lt;/td&gt;
		&lt;td class="tabelatd2"&gt;1&lt;/td&gt;
		&lt;td class="tabelatd2"&gt;162&lt;/td&gt;
		&lt;td class="tabelatd2"&gt;Tipo Cobranca&lt;/td&gt;
		&lt;td class="tabelatd2"&gt;11/10/2018&lt;/td&gt;
		&lt;td class="tabelatd2"&gt;110.00&lt;/td&gt;
		&lt;td class="tabelatd2"&gt;0.00&lt;/td&gt;
		&lt;td class="tabelatd2"&gt;0.00&lt;/td&gt;
		&lt;td class="tabelatd2"&gt;0.00&lt;/td&gt;
		&lt;td class="tabelatd2"&gt;&lt;br&gt;&lt;br&gt;&lt;/td&gt;
	&lt;/tr&gt;
	&lt;tr&gt;
		&lt;td class="tabelatd1"&gt;1-Fulano de Tal (652.392.539-00)&lt;/td&gt;
		&lt;td class="tabelatd1"&gt;Rua Geral&lt;/td&gt;
		&lt;td class="tabelatd1"&gt;Criciúma/SC&lt;/td&gt;
		&lt;td class="tabelatd1"&gt;1&lt;/td&gt;
		&lt;td class="tabelatd1"&gt;182&lt;/td&gt;
		&lt;td class="tabelatd1"&gt;Tipo Cobranca&lt;/td&gt;
		&lt;td class="tabelatd1"&gt;11/10/2018&lt;/td&gt;
		&lt;td class="tabelatd1"&gt;110.00&lt;/td&gt;
		&lt;td class="tabelatd1"&gt;0.00&lt;/td&gt;
		&lt;td class="tabelatd1"&gt;0.00&lt;/td&gt;
		&lt;td class="tabelatd1"&gt;0.00&lt;/td&gt;
		&lt;td class="tabelatd1"&gt;&lt;br&gt;&lt;br&gt;&lt;/td&gt;
	&lt;/tr&gt;
	&lt;tr&gt;
		&lt;td class="tabelatd2"&gt;1-Fulano de Tal (652.392.539-00)&lt;/td&gt;
		&lt;td class="tabelatd2"&gt;Rua Geral&lt;/td&gt;
		&lt;td class="tabelatd2"&gt;Criciúma/SC&lt;/td&gt;
		&lt;td class="tabelatd2"&gt;1&lt;/td&gt;
		&lt;td class="tabelatd2"&gt;202&lt;/td&gt;
		&lt;td class="tabelatd2"&gt;Tipo Cobranca&lt;/td&gt;
		&lt;td class="tabelatd2"&gt;11/10/2018&lt;/td&gt;
		&lt;td class="tabelatd2"&gt;110.00&lt;/td&gt;
		&lt;td class="tabelatd2"&gt;0.00&lt;/td&gt;
		&lt;td class="tabelatd2"&gt;0.00&lt;/td&gt;
		&lt;td class="tabelatd2"&gt;0.00&lt;/td&gt;
		&lt;td class="tabelatd2"&gt;&lt;br&gt;&lt;br&gt;&lt;/td&gt;
	&lt;/tr&gt;
	&lt;tr&gt;
		&lt;td class="tabelatd1"&gt;1-Fulano de Tal (652.392.539-00)&lt;/td&gt;
		&lt;td class="tabelatd1"&gt;Rua Geral&lt;/td&gt;
		&lt;td class="tabelatd1"&gt;Criciúma/SC&lt;/td&gt;
		&lt;td class="tabelatd1"&gt;1&lt;/td&gt;
		&lt;td class="tabelatd1"&gt;222&lt;/td&gt;
		&lt;td class="tabelatd1"&gt;Tipo Cobranca&lt;/td&gt;
		&lt;td class="tabelatd1"&gt;11/10/2018&lt;/td&gt;
		&lt;td class="tabelatd1"&gt;110.00&lt;/td&gt;
		&lt;td class="tabelatd1"&gt;0.00&lt;/td&gt;
		&lt;td class="tabelatd1"&gt;0.00&lt;/td&gt;
		&lt;td class="tabelatd1"&gt;0.00&lt;/td&gt;
		&lt;td class="tabelatd1"&gt;&lt;br&gt;&lt;br&gt;&lt;/td&gt;
	&lt;/tr&gt;
	&lt;tr&gt;
		&lt;td class="tabelatd2"&gt;1-Fulano de Tal (652.392.539-00)&lt;/td&gt;
		&lt;td class="tabelatd2"&gt;Rua Geral&lt;/td&gt;
		&lt;td class="tabelatd2"&gt;Criciúma/SC&lt;/td&gt;
		&lt;td class="tabelatd2"&gt;1&lt;/td&gt;
		&lt;td class="tabelatd2"&gt;246&lt;/td&gt;
		&lt;td class="tabelatd2"&gt;Tipo Cobranca&lt;/td&gt;
		&lt;td class="tabelatd2"&gt;11/10/2018&lt;/td&gt;
		&lt;td class="tabelatd2"&gt;110.00&lt;/td&gt;
		&lt;td class="tabelatd2"&gt;0.00&lt;/td&gt;
		&lt;td class="tabelatd2"&gt;0.00&lt;/td&gt;
		&lt;td class="tabelatd2"&gt;0.00&lt;/td&gt;
		&lt;td class="tabelatd2"&gt;&lt;br&gt;&lt;br&gt;&lt;/td&gt;
	&lt;/tr&gt;
	&lt;tr&gt;
		&lt;td class="tabelatd1"&gt;1-Fulano de Tal (652.392.539-00)&lt;/td&gt;
		&lt;td class="tabelatd1"&gt;Rua Geral&lt;/td&gt;
		&lt;td class="tabelatd1"&gt;Criciúma/SC&lt;/td&gt;
		&lt;td class="tabelatd1"&gt;1&lt;/td&gt;
		&lt;td class="tabelatd1"&gt;270&lt;/td&gt;
		&lt;td class="tabelatd1"&gt;Tipo Cobranca&lt;/td&gt;
		&lt;td class="tabelatd1"&gt;11/10/2018&lt;/td&gt;
		&lt;td class="tabelatd1"&gt;110.00&lt;/td&gt;
		&lt;td class="tabelatd1"&gt;0.00&lt;/td&gt;
		&lt;td class="tabelatd1"&gt;0.00&lt;/td&gt;
		&lt;td class="tabelatd1"&gt;0.00&lt;/td&gt;
		&lt;td class="tabelatd1"&gt;&lt;br&gt;&lt;br&gt;&lt;/td&gt;
	&lt;/tr&gt;
	&lt;tr&gt;
		&lt;td class="tabelatd2"&gt;1-Fulano de Tal (652.392.539-00)&lt;/td&gt;
		&lt;td class="tabelatd2"&gt;Rua Geral&lt;/td&gt;
		&lt;td class="tabelatd2"&gt;Criciúma/SC&lt;/td&gt;
		&lt;td class="tabelatd2"&gt;1&lt;/td&gt;
		&lt;td class="tabelatd2"&gt;296&lt;/td&gt;
		&lt;td class="tabelatd2"&gt;Tipo Cobranca&lt;/td&gt;
		&lt;td class="tabelatd2"&gt;11/10/2018&lt;/td&gt;
		&lt;td class="tabelatd2"&gt;110.00&lt;/td&gt;
		&lt;td class="tabelatd2"&gt;0.00&lt;/td&gt;
		&lt;td class="tabelatd2"&gt;0.00&lt;/td&gt;
		&lt;td class="tabelatd2"&gt;0.00&lt;/td&gt;
		&lt;td class="tabelatd2"&gt;&lt;br&gt;&lt;br&gt;&lt;/td&gt;
	&lt;/tr&gt;
	&lt;tr&gt;
		&lt;td class="tabelatd1"&gt;1-Fulano de Tal (652.392.539-00)&lt;/td&gt;
		&lt;td class="tabelatd1"&gt;Rua Geral&lt;/td&gt;
		&lt;td class="tabelatd1"&gt;Criciúma/SC&lt;/td&gt;
		&lt;td class="tabelatd1"&gt;1&lt;/td&gt;
		&lt;td class="tabelatd1"&gt;163&lt;/td&gt;
		&lt;td class="tabelatd1"&gt;Tipo Cobranca&lt;/td&gt;
		&lt;td class="tabelatd1"&gt;11/10/2018&lt;/td&gt;
		&lt;td class="tabelatd1"&gt;110.00&lt;/td&gt;
		&lt;td class="tabelatd1"&gt;0.00&lt;/td&gt;
		&lt;td class="tabelatd1"&gt;0.00&lt;/td&gt;
		&lt;td class="tabelatd1"&gt;0.00&lt;/td&gt;
		&lt;td class="tabelatd1"&gt;&lt;br&gt;&lt;br&gt;&lt;/td&gt;
	&lt;/tr&gt;
	&lt;tr&gt;
		&lt;td class="tabelatd2"&gt;1-Fulano de Tal (652.392.539-00)&lt;/td&gt;
		&lt;td class="tabelatd2"&gt;Rua Geral&lt;/td&gt;
		&lt;td class="tabelatd2"&gt;Criciúma/SC&lt;/td&gt;
		&lt;td class="tabelatd2"&gt;1&lt;/td&gt;
		&lt;td class="tabelatd2"&gt;183&lt;/td&gt;
		&lt;td class="tabelatd2"&gt;Tipo Cobranca&lt;/td&gt;
		&lt;td class="tabelatd2"&gt;11/10/2018&lt;/td&gt;
		&lt;td class="tabelatd2"&gt;110.00&lt;/td&gt;
		&lt;td class="tabelatd2"&gt;0.00&lt;/td&gt;
		&lt;td class="tabelatd2"&gt;0.00&lt;/td&gt;
		&lt;td class="tabelatd2"&gt;0.00&lt;/td&gt;
		&lt;td class="tabelatd2"&gt;&lt;br&gt;&lt;br&gt;&lt;/td&gt;
	&lt;/tr&gt;
	&lt;tr&gt;
		&lt;td class="tabelatd1"&gt;1-Fulano de Tal (652.392.539-00)&lt;/td&gt;
		&lt;td class="tabelatd1"&gt;Rua Geral&lt;/td&gt;
		&lt;td class="tabelatd1"&gt;Criciúma/SC&lt;/td&gt;
		&lt;td class="tabelatd1"&gt;1&lt;/td&gt;
		&lt;td class="tabelatd1"&gt;203&lt;/td&gt;
		&lt;td class="tabelatd1"&gt;Tipo Cobranca&lt;/td&gt;
		&lt;td class="tabelatd1"&gt;11/10/2018&lt;/td&gt;
		&lt;td class="tabelatd1"&gt;110.00&lt;/td&gt;
		&lt;td class="tabelatd1"&gt;0.00&lt;/td&gt;
		&lt;td class="tabelatd1"&gt;0.00&lt;/td&gt;
		&lt;td class="tabelatd1"&gt;0.00&lt;/td&gt;
		&lt;td class="tabelatd1"&gt;&lt;br&gt;&lt;br&gt;&lt;/td&gt;
	&lt;/tr&gt;
	&lt;tr&gt;
		&lt;td class="tabelatd2"&gt;1-Fulano de Tal (652.392.539-00)&lt;/td&gt;
		&lt;td class="tabelatd2"&gt;Rua Geral&lt;/td&gt;
		&lt;td class="tabelatd2"&gt;Criciúma/SC&lt;/td&gt;
		&lt;td class="tabelatd2"&gt;1&lt;/td&gt;
		&lt;td class="tabelatd2"&gt;223&lt;/td&gt;
		&lt;td class="tabelatd2"&gt;Tipo Cobranca&lt;/td&gt;
		&lt;td class="tabelatd2"&gt;11/10/2018&lt;/td&gt;
		&lt;td class="tabelatd2"&gt;110.00&lt;/td&gt;
		&lt;td class="tabelatd2"&gt;0.00&lt;/td&gt;
		&lt;td class="tabelatd2"&gt;0.00&lt;/td&gt;
		&lt;td class="tabelatd2"&gt;0.00&lt;/td&gt;
		&lt;td class="tabelatd2"&gt;&lt;br&gt;&lt;br&gt;&lt;/td&gt;
	&lt;/tr&gt;
	&lt;tr&gt;
		&lt;td class="tabelatd1"&gt;1-Fulano de Tal (652.392.539-00)&lt;/td&gt;
		&lt;td class="tabelatd1"&gt;Rua Geral&lt;/td&gt;
		&lt;td class="tabelatd1"&gt;Criciúma/SC&lt;/td&gt;
		&lt;td class="tabelatd1"&gt;1&lt;/td&gt;
		&lt;td class="tabelatd1"&gt;247&lt;/td&gt;
		&lt;td class="tabelatd1"&gt;Tipo Cobranca&lt;/td&gt;
		&lt;td class="tabelatd1"&gt;11/10/2018&lt;/td&gt;
		&lt;td class="tabelatd1"&gt;110.00&lt;/td&gt;
		&lt;td class="tabelatd1"&gt;0.00&lt;/td&gt;
		&lt;td class="tabelatd1"&gt;0.00&lt;/td&gt;
		&lt;td class="tabelatd1"&gt;0.00&lt;/td&gt;
		&lt;td class="tabelatd1"&gt;&lt;br&gt;&lt;br&gt;&lt;/td&gt;
	&lt;/tr&gt;
	&lt;tr&gt;
		&lt;td class="tabelatd2"&gt;1-Fulano de Tal (652.392.539-00)&lt;/td&gt;
		&lt;td class="tabelatd2"&gt;Rua Geral&lt;/td&gt;
		&lt;td class="tabelatd2"&gt;Criciúma/SC&lt;/td&gt;
		&lt;td class="tabelatd2"&gt;1&lt;/td&gt;
		&lt;td class="tabelatd2"&gt;271&lt;/td&gt;
		&lt;td class="tabelatd2"&gt;Tipo Cobranca&lt;/td&gt;
		&lt;td class="tabelatd2"&gt;11/10/2018&lt;/td&gt;
		&lt;td class="tabelatd2"&gt;110.00&lt;/td&gt;
		&lt;td class="tabelatd2"&gt;0.00&lt;/td&gt;
		&lt;td class="tabelatd2"&gt;0.00&lt;/td&gt;
		&lt;td class="tabelatd2"&gt;0.00&lt;/td&gt;
		&lt;td class="tabelatd2"&gt;&lt;br&gt;&lt;br&gt;&lt;/td&gt;
	&lt;/tr&gt;
	&lt;tr&gt;
		&lt;td class="tabelatd1"&gt;1-Fulano de Tal (652.392.539-00)&lt;/td&gt;
		&lt;td class="tabelatd1"&gt;Rua Geral&lt;/td&gt;
		&lt;td class="tabelatd1"&gt;Criciúma/SC&lt;/td&gt;
		&lt;td class="tabelatd1"&gt;1&lt;/td&gt;
		&lt;td class="tabelatd1"&gt;297&lt;/td&gt;
		&lt;td class="tabelatd1"&gt;Tipo Cobranca&lt;/td&gt;
		&lt;td class="tabelatd1"&gt;11/10/2018&lt;/td&gt;
		&lt;td class="tabelatd1"&gt;110.00&lt;/td&gt;
		&lt;td class="tabelatd1"&gt;0.00&lt;/td&gt;
		&lt;td class="tabelatd1"&gt;0.00&lt;/td&gt;
		&lt;td class="tabelatd1"&gt;0.00&lt;/td&gt;
		&lt;td class="tabelatd1"&gt;&lt;br&gt;&lt;br&gt;&lt;/td&gt;
	&lt;/tr&gt;
	&lt;tr&gt;
		&lt;td class="tabelatd2"&gt;1-Fulano de Tal (652.392.539-00)&lt;/td&gt;
		&lt;td class="tabelatd2"&gt;Rua Geral&lt;/td&gt;
		&lt;td class="tabelatd2"&gt;Criciúma/SC&lt;/td&gt;
		&lt;td class="tabelatd2"&gt;1&lt;/td&gt;
		&lt;td class="tabelatd2"&gt;164&lt;/td&gt;
		&lt;td class="tabelatd2"&gt;Tipo Cobranca&lt;/td&gt;
		&lt;td class="tabelatd2"&gt;11/10/2018&lt;/td&gt;
		&lt;td class="tabelatd2"&gt;110.00&lt;/td&gt;
		&lt;td class="tabelatd2"&gt;0.00&lt;/td&gt;
		&lt;td class="tabelatd2"&gt;0.00&lt;/td&gt;
		&lt;td class="tabelatd2"&gt;0.00&lt;/td&gt;
		&lt;td class="tabelatd2"&gt;&lt;br&gt;&lt;br&gt;&lt;/td&gt;
	&lt;/tr&gt;
	&lt;tr&gt;
		&lt;td class="tabelatd1"&gt;1-Fulano de Tal (652.392.539-00)&lt;/td&gt;
		&lt;td class="tabelatd1"&gt;Rua Geral&lt;/td&gt;
		&lt;td class="tabelatd1"&gt;Criciúma/SC&lt;/td&gt;
		&lt;td class="tabelatd1"&gt;1&lt;/td&gt;
		&lt;td class="tabelatd1"&gt;184&lt;/td&gt;
		&lt;td class="tabelatd1"&gt;Tipo Cobranca&lt;/td&gt;
		&lt;td class="tabelatd1"&gt;11/10/2018&lt;/td&gt;
		&lt;td class="tabelatd1"&gt;110.00&lt;/td&gt;
		&lt;td class="tabelatd1"&gt;0.00&lt;/td&gt;
		&lt;td class="tabelatd1"&gt;0.00&lt;/td&gt;
		&lt;td class="tabelatd1"&gt;0.00&lt;/td&gt;
		&lt;td class="tabelatd1"&gt;&lt;br&gt;&lt;br&gt;&lt;/td&gt;
	&lt;/tr&gt;
	&lt;tr&gt;
		&lt;td class="tabelatd2"&gt;1-Fulano de Tal (652.392.539-00)&lt;/td&gt;
		&lt;td class="tabelatd2"&gt;Rua Geral&lt;/td&gt;
		&lt;td class="tabelatd2"&gt;Criciúma/SC&lt;/td&gt;
		&lt;td class="tabelatd2"&gt;1&lt;/td&gt;
		&lt;td class="tabelatd2"&gt;204&lt;/td&gt;
		&lt;td class="tabelatd2"&gt;Tipo Cobranca&lt;/td&gt;
		&lt;td class="tabelatd2"&gt;11/10/2018&lt;/td&gt;
		&lt;td class="tabelatd2"&gt;110.00&lt;/td&gt;
		&lt;td class="tabelatd2"&gt;0.00&lt;/td&gt;
		&lt;td class="tabelatd2"&gt;0.00&lt;/td&gt;
		&lt;td class="tabelatd2"&gt;0.00&lt;/td&gt;
		&lt;td class="tabelatd2"&gt;&lt;br&gt;&lt;br&gt;&lt;/td&gt;
	&lt;/tr&gt;
	&lt;tr&gt;
		&lt;td class="tabelatd1"&gt;1-Fulano de Tal (652.392.539-00)&lt;/td&gt;
		&lt;td class="tabelatd1"&gt;Rua Geral&lt;/td&gt;
		&lt;td class="tabelatd1"&gt;Criciúma/SC&lt;/td&gt;
		&lt;td class="tabelatd1"&gt;1&lt;/td&gt;
		&lt;td class="tabelatd1"&gt;224&lt;/td&gt;
		&lt;td class="tabelatd1"&gt;Tipo Cobranca&lt;/td&gt;
		&lt;td class="tabelatd1"&gt;11/10/2018&lt;/td&gt;
		&lt;td class="tabelatd1"&gt;110.00&lt;/td&gt;
		&lt;td class="tabelatd1"&gt;0.00&lt;/td&gt;
		&lt;td class="tabelatd1"&gt;0.00&lt;/td&gt;
		&lt;td class="tabelatd1"&gt;0.00&lt;/td&gt;
		&lt;td class="tabelatd1"&gt;&lt;br&gt;&lt;br&gt;&lt;/td&gt;
	&lt;/tr&gt;
	&lt;tr&gt;
		&lt;td class="tabelatd2"&gt;1-Fulano de Tal (652.392.539-00)&lt;/td&gt;
		&lt;td class="tabelatd2"&gt;Rua Geral&lt;/td&gt;
		&lt;td class="tabelatd2"&gt;Criciúma/SC&lt;/td&gt;
		&lt;td class="tabelatd2"&gt;1&lt;/td&gt;
		&lt;td class="tabelatd2"&gt;248&lt;/td&gt;
		&lt;td class="tabelatd2"&gt;Tipo Cobranca&lt;/td&gt;
		&lt;td class="tabelatd2"&gt;11/10/2018&lt;/td&gt;
		&lt;td class="tabelatd2"&gt;110.00&lt;/td&gt;
		&lt;td class="tabelatd2"&gt;0.00&lt;/td&gt;
		&lt;td class="tabelatd2"&gt;0.00&lt;/td&gt;
		&lt;td class="tabelatd2"&gt;0.00&lt;/td&gt;
		&lt;td class="tabelatd2"&gt;&lt;br&gt;&lt;br&gt;&lt;/td&gt;
	&lt;/tr&gt;
	&lt;tr&gt;
		&lt;td class="tabelatd1"&gt;1-Fulano de Tal (652.392.539-00)&lt;/td&gt;
		&lt;td class="tabelatd1"&gt;Rua Geral&lt;/td&gt;
		&lt;td class="tabelatd1"&gt;Criciúma/SC&lt;/td&gt;
		&lt;td class="tabelatd1"&gt;1&lt;/td&gt;
		&lt;td class="tabelatd1"&gt;272&lt;/td&gt;
		&lt;td class="tabelatd1"&gt;Tipo Cobranca&lt;/td&gt;
		&lt;td class="tabelatd1"&gt;11/10/2018&lt;/td&gt;
		&lt;td class="tabelatd1"&gt;110.00&lt;/td&gt;
		&lt;td class="tabelatd1"&gt;0.00&lt;/td&gt;
		&lt;td class="tabelatd1"&gt;0.00&lt;/td&gt;
		&lt;td class="tabelatd1"&gt;0.00&lt;/td&gt;
		&lt;td class="tabelatd1"&gt;&lt;br&gt;&lt;br&gt;&lt;/td&gt;
	&lt;/tr&gt;
	&lt;tr&gt;
		&lt;td class="tabelatd2"&gt;1-Fulano de Tal (652.392.539-00)&lt;/td&gt;
		&lt;td class="tabelatd2"&gt;Rua Geral&lt;/td&gt;
		&lt;td class="tabelatd2"&gt;Criciúma/SC&lt;/td&gt;
		&lt;td class="tabelatd2"&gt;1&lt;/td&gt;
		&lt;td class="tabelatd2"&gt;298&lt;/td&gt;
		&lt;td class="tabelatd2"&gt;Tipo Cobranca&lt;/td&gt;
		&lt;td class="tabelatd2"&gt;11/10/2018&lt;/td&gt;
		&lt;td class="tabelatd2"&gt;110.00&lt;/td&gt;
		&lt;td class="tabelatd2"&gt;0.00&lt;/td&gt;
		&lt;td class="tabelatd2"&gt;0.00&lt;/td&gt;
		&lt;td class="tabelatd2"&gt;0.00&lt;/td&gt;
		&lt;td class="tabelatd2"&gt;&lt;br&gt;&lt;br&gt;&lt;/td&gt;
	&lt;/tr&gt;
	&lt;tr&gt;
		&lt;td class="tabelatd1"&gt;1-Fulano de Tal (652.392.539-00)&lt;/td&gt;
		&lt;td class="tabelatd1"&gt;Rua Geral&lt;/td&gt;
		&lt;td class="tabelatd1"&gt;Criciúma/SC&lt;/td&gt;
		&lt;td class="tabelatd1"&gt;1&lt;/td&gt;
		&lt;td class="tabelatd1"&gt;165&lt;/td&gt;
		&lt;td class="tabelatd1"&gt;Tipo Cobranca&lt;/td&gt;
		&lt;td class="tabelatd1"&gt;11/10/2018&lt;/td&gt;
		&lt;td class="tabelatd1"&gt;110.00&lt;/td&gt;
		&lt;td class="tabelatd1"&gt;0.00&lt;/td&gt;
		&lt;td class="tabelatd1"&gt;0.00&lt;/td&gt;
		&lt;td class="tabelatd1"&gt;0.00&lt;/td&gt;
		&lt;td class="tabelatd1"&gt;&lt;br&gt;&lt;br&gt;&lt;/td&gt;
	&lt;/tr&gt;
	&lt;tr&gt;
		&lt;td class="tabelatd2"&gt;1-Fulano de Tal (652.392.539-00)&lt;/td&gt;
		&lt;td class="tabelatd2"&gt;Rua Geral&lt;/td&gt;
		&lt;td class="tabelatd2"&gt;Criciúma/SC&lt;/td&gt;
		&lt;td class="tabelatd2"&gt;1&lt;/td&gt;
		&lt;td class="tabelatd2"&gt;185&lt;/td&gt;
		&lt;td class="tabelatd2"&gt;Tipo Cobranca&lt;/td&gt;
		&lt;td class="tabelatd2"&gt;11/10/2018&lt;/td&gt;
		&lt;td class="tabelatd2"&gt;110.00&lt;/td&gt;
		&lt;td class="tabelatd2"&gt;0.00&lt;/td&gt;
		&lt;td class="tabelatd2"&gt;0.00&lt;/td&gt;
		&lt;td class="tabelatd2"&gt;0.00&lt;/td&gt;
		&lt;td class="tabelatd2"&gt;&lt;br&gt;&lt;br&gt;&lt;/td&gt;
	&lt;/tr&gt;
	&lt;tr&gt;
		&lt;td class="tabelatd1"&gt;1-Fulano de Tal (652.392.539-00)&lt;/td&gt;
		&lt;td class="tabelatd1"&gt;Rua Geral&lt;/td&gt;
		&lt;td class="tabelatd1"&gt;Criciúma/SC&lt;/td&gt;
		&lt;td class="tabelatd1"&gt;1&lt;/td&gt;
		&lt;td class="tabelatd1"&gt;205&lt;/td&gt;
		&lt;td class="tabelatd1"&gt;Tipo Cobranca&lt;/td&gt;
		&lt;td class="tabelatd1"&gt;11/10/2018&lt;/td&gt;
		&lt;td class="tabelatd1"&gt;110.00&lt;/td&gt;
		&lt;td class="tabelatd1"&gt;0.00&lt;/td&gt;
		&lt;td class="tabelatd1"&gt;0.00&lt;/td&gt;
		&lt;td class="tabelatd1"&gt;0.00&lt;/td&gt;
		&lt;td class="tabelatd1"&gt;&lt;br&gt;&lt;br&gt;&lt;/td&gt;
	&lt;/tr&gt;
	&lt;tr&gt;
		&lt;td class="tabelatd2"&gt;1-Fulano de Tal (652.392.539-00)&lt;/td&gt;
		&lt;td class="tabelatd2"&gt;Rua Geral&lt;/td&gt;
		&lt;td class="tabelatd2"&gt;Criciúma/SC&lt;/td&gt;
		&lt;td class="tabelatd2"&gt;1&lt;/td&gt;
		&lt;td class="tabelatd2"&gt;225&lt;/td&gt;
		&lt;td class="tabelatd2"&gt;Tipo Cobranca&lt;/td&gt;
		&lt;td class="tabelatd2"&gt;11/10/2018&lt;/td&gt;
		&lt;td class="tabelatd2"&gt;110.00&lt;/td&gt;
		&lt;td class="tabelatd2"&gt;0.00&lt;/td&gt;
		&lt;td class="tabelatd2"&gt;0.00&lt;/td&gt;
		&lt;td class="tabelatd2"&gt;0.00&lt;/td&gt;
		&lt;td class="tabelatd2"&gt;&lt;br&gt;&lt;br&gt;&lt;/td&gt;
	&lt;/tr&gt;
	&lt;tr&gt;
		&lt;td class="tabelatd1"&gt;1-Fulano de Tal (652.392.539-00)&lt;/td&gt;
		&lt;td class="tabelatd1"&gt;Rua Geral&lt;/td&gt;
		&lt;td class="tabelatd1"&gt;Criciúma/SC&lt;/td&gt;
		&lt;td class="tabelatd1"&gt;1&lt;/td&gt;
		&lt;td class="tabelatd1"&gt;249&lt;/td&gt;
		&lt;td class="tabelatd1"&gt;Tipo Cobranca&lt;/td&gt;
		&lt;td class="tabelatd1"&gt;11/10/2018&lt;/td&gt;
		&lt;td class="tabelatd1"&gt;110.00&lt;/td&gt;
		&lt;td class="tabelatd1"&gt;0.00&lt;/td&gt;
		&lt;td class="tabelatd1"&gt;0.00&lt;/td&gt;
		&lt;td class="tabelatd1"&gt;0.00&lt;/td&gt;
		&lt;td class="tabelatd1"&gt;&lt;br&gt;&lt;br&gt;&lt;/td&gt;
	&lt;/tr&gt;
	&lt;tr&gt;
		&lt;td class="tabelatd2"&gt;1-Fulano de Tal (652.392.539-00)&lt;/td&gt;
		&lt;td class="tabelatd2"&gt;Rua Geral&lt;/td&gt;
		&lt;td class="tabelatd2"&gt;Criciúma/SC&lt;/td&gt;
		&lt;td class="tabelatd2"&gt;1&lt;/td&gt;
		&lt;td class="tabelatd2"&gt;273&lt;/td&gt;
		&lt;td class="tabelatd2"&gt;Tipo Cobranca&lt;/td&gt;
		&lt;td class="tabelatd2"&gt;11/10/2018&lt;/td&gt;
		&lt;td class="tabelatd2"&gt;110.00&lt;/td&gt;
		&lt;td class="tabelatd2"&gt;0.00&lt;/td&gt;
		&lt;td class="tabelatd2"&gt;0.00&lt;/td&gt;
		&lt;td class="tabelatd2"&gt;0.00&lt;/td&gt;
		&lt;td class="tabelatd2"&gt;&lt;br&gt;&lt;br&gt;&lt;/td&gt;
	&lt;/tr&gt;
	&lt;tr&gt;
		&lt;td class="tabelatd1"&gt;1-Fulano de Tal (652.392.539-00)&lt;/td&gt;
		&lt;td class="tabelatd1"&gt;Rua Geral&lt;/td&gt;
		&lt;td class="tabelatd1"&gt;Criciúma/SC&lt;/td&gt;
		&lt;td class="tabelatd1"&gt;1&lt;/td&gt;
		&lt;td class="tabelatd1"&gt;299&lt;/td&gt;
		&lt;td class="tabelatd1"&gt;Tipo Cobranca&lt;/td&gt;
		&lt;td class="tabelatd1"&gt;11/10/2018&lt;/td&gt;
		&lt;td class="tabelatd1"&gt;110.00&lt;/td&gt;
		&lt;td class="tabelatd1"&gt;0.00&lt;/td&gt;
		&lt;td class="tabelatd1"&gt;0.00&lt;/td&gt;
		&lt;td class="tabelatd1"&gt;0.00&lt;/td&gt;
		&lt;td class="tabelatd1"&gt;&lt;br&gt;&lt;br&gt;&lt;/td&gt;
	&lt;/tr&gt;
	&lt;tr&gt;
		&lt;td class="tabelatd2"&gt;1-Fulano de Tal (652.392.539-00)&lt;/td&gt;
		&lt;td class="tabelatd2"&gt;Rua Geral&lt;/td&gt;
		&lt;td class="tabelatd2"&gt;Criciúma/SC&lt;/td&gt;
		&lt;td class="tabelatd2"&gt;1&lt;/td&gt;
		&lt;td class="tabelatd2"&gt;250&lt;/td&gt;
		&lt;td class="tabelatd2"&gt;Tipo Cobranca&lt;/td&gt;
		&lt;td class="tabelatd2"&gt;11/10/2018&lt;/td&gt;
		&lt;td class="tabelatd2"&gt;110.00&lt;/td&gt;
		&lt;td class="tabelatd2"&gt;0.00&lt;/td&gt;
		&lt;td class="tabelatd2"&gt;0.00&lt;/td&gt;
		&lt;td class="tabelatd2"&gt;0.00&lt;/td&gt;
		&lt;td class="tabelatd2"&gt;&lt;br&gt;&lt;br&gt;&lt;/td&gt;
	&lt;/tr&gt;
	&lt;tr&gt;
		&lt;td class="tabelatd1"&gt;1-Fulano de Tal (652.392.539-00)&lt;/td&gt;
		&lt;td class="tabelatd1"&gt;Rua Geral&lt;/td&gt;
		&lt;td class="tabelatd1"&gt;Criciúma/SC&lt;/td&gt;
		&lt;td class="tabelatd1"&gt;1&lt;/td&gt;
		&lt;td class="tabelatd1"&gt;274&lt;/td&gt;
		&lt;td class="tabelatd1"&gt;Tipo Cobranca&lt;/td&gt;
		&lt;td class="tabelatd1"&gt;11/10/2018&lt;/td&gt;
		&lt;td class="tabelatd1"&gt;110.00&lt;/td&gt;
		&lt;td class="tabelatd1"&gt;0.00&lt;/td&gt;
		&lt;td class="tabelatd1"&gt;0.00&lt;/td&gt;
		&lt;td class="tabelatd1"&gt;0.00&lt;/td&gt;
		&lt;td class="tabelatd1"&gt;&lt;br&gt;&lt;br&gt;&lt;/td&gt;
	&lt;/tr&gt;
	&lt;tr&gt;
		&lt;td class="tabelatd2"&gt;1-Fulano de Tal (652.392.539-00)&lt;/td&gt;
		&lt;td class="tabelatd2"&gt;Rua Geral&lt;/td&gt;
		&lt;td class="tabelatd2"&gt;Criciúma/SC&lt;/td&gt;
		&lt;td class="tabelatd2"&gt;1&lt;/td&gt;
		&lt;td class="tabelatd2"&gt;300&lt;/td&gt;
		&lt;td class="tabelatd2"&gt;Tipo Cobranca&lt;/td&gt;
		&lt;td class="tabelatd2"&gt;11/10/2018&lt;/td&gt;
		&lt;td class="tabelatd2"&gt;110.00&lt;/td&gt;
		&lt;td class="tabelatd2"&gt;0.00&lt;/td&gt;
		&lt;td class="tabelatd2"&gt;0.00&lt;/td&gt;
		&lt;td class="tabelatd2"&gt;0.00&lt;/td&gt;
		&lt;td class="tabelatd2"&gt;&lt;br&gt;&lt;br&gt;&lt;/td&gt;
	&lt;/tr&gt;
	&lt;tr&gt;
		&lt;td class="tabelatd1"&gt;1-Fulano de Tal (652.392.539-00)&lt;/td&gt;
		&lt;td class="tabelatd1"&gt;Rua Geral&lt;/td&gt;
		&lt;td class="tabelatd1"&gt;Criciúma/SC&lt;/td&gt;
		&lt;td class="tabelatd1"&gt;1&lt;/td&gt;
		&lt;td class="tabelatd1"&gt;275&lt;/td&gt;
		&lt;td class="tabelatd1"&gt;Tipo Cobranca&lt;/td&gt;
		&lt;td class="tabelatd1"&gt;11/10/2018&lt;/td&gt;
		&lt;td class="tabelatd1"&gt;110.00&lt;/td&gt;
		&lt;td class="tabelatd1"&gt;0.00&lt;/td&gt;
		&lt;td class="tabelatd1"&gt;0.00&lt;/td&gt;
		&lt;td class="tabelatd1"&gt;0.00&lt;/td&gt;
		&lt;td class="tabelatd1"&gt;&lt;br&gt;&lt;br&gt;&lt;/td&gt;
	&lt;/tr&gt;
	&lt;tr&gt;
		&lt;td class="tabelatd2"&gt;1-Fulano de Tal (652.392.539-00)&lt;/td&gt;
		&lt;td class="tabelatd2"&gt;Rua Geral&lt;/td&gt;
		&lt;td class="tabelatd2"&gt;Criciúma/SC&lt;/td&gt;
		&lt;td class="tabelatd2"&gt;1&lt;/td&gt;
		&lt;td class="tabelatd2"&gt;301&lt;/td&gt;
		&lt;td class="tabelatd2"&gt;Tipo Cobranca&lt;/td&gt;
		&lt;td class="tabelatd2"&gt;11/10/2018&lt;/td&gt;
		&lt;td class="tabelatd2"&gt;110.00&lt;/td&gt;
		&lt;td class="tabelatd2"&gt;0.00&lt;/td&gt;
		&lt;td class="tabelatd2"&gt;0.00&lt;/td&gt;
		&lt;td class="tabelatd2"&gt;0.00&lt;/td&gt;
		&lt;td class="tabelatd2"&gt;&lt;br&gt;&lt;br&gt;&lt;/td&gt;
	&lt;/tr&gt;
	&lt;tr&gt;
		&lt;td class="tabelatd1"&gt;1-Fulano de Tal (652.392.539-00)&lt;/td&gt;
		&lt;td class="tabelatd1"&gt;Rua Geral&lt;/td&gt;
		&lt;td class="tabelatd1"&gt;Criciúma/SC&lt;/td&gt;
		&lt;td class="tabelatd1"&gt;1&lt;/td&gt;
		&lt;td class="tabelatd1"&gt;302&lt;/td&gt;
		&lt;td class="tabelatd1"&gt;Tipo Cobranca&lt;/td&gt;
		&lt;td class="tabelatd1"&gt;11/10/2018&lt;/td&gt;
		&lt;td class="tabelatd1"&gt;110.00&lt;/td&gt;
		&lt;td class="tabelatd1"&gt;0.00&lt;/td&gt;
		&lt;td class="tabelatd1"&gt;0.00&lt;/td&gt;
		&lt;td class="tabelatd1"&gt;0.00&lt;/td&gt;
		&lt;td class="tabelatd1"&gt;&lt;br&gt;&lt;br&gt;&lt;/td&gt;
	&lt;/tr&gt;
	&lt;tr&gt;
		&lt;td class="tabelatd2"&gt;1-Fulano de Tal (652.392.539-00)&lt;/td&gt;
		&lt;td class="tabelatd2"&gt;Rua Geral&lt;/td&gt;
		&lt;td class="tabelatd2"&gt;Criciúma/SC&lt;/td&gt;
		&lt;td class="tabelatd2"&gt;1&lt;/td&gt;
		&lt;td class="tabelatd2"&gt;319&lt;/td&gt;
		&lt;td class="tabelatd2"&gt;Tipo Cobranca&lt;/td&gt;
		&lt;td class="tabelatd2"&gt;11/10/2018&lt;/td&gt;
		&lt;td class="tabelatd2"&gt;110.00&lt;/td&gt;
		&lt;td class="tabelatd2"&gt;0.00&lt;/td&gt;
		&lt;td class="tabelatd2"&gt;0.00&lt;/td&gt;
		&lt;td class="tabelatd2"&gt;0.00&lt;/td&gt;
		&lt;td class="tabelatd2"&gt;&lt;br&gt;&lt;br&gt;&lt;/td&gt;
	&lt;/tr&gt;
	&lt;tr&gt;
		&lt;td class="tabelatd1"&gt;1-Fulano de Tal (652.392.539-00)&lt;/td&gt;
		&lt;td class="tabelatd1"&gt;Rua Geral&lt;/td&gt;
		&lt;td class="tabelatd1"&gt;Criciúma/SC&lt;/td&gt;
		&lt;td class="tabelatd1"&gt;1&lt;/td&gt;
		&lt;td class="tabelatd1"&gt;349&lt;/td&gt;
		&lt;td class="tabelatd1"&gt;Tipo Cobranca&lt;/td&gt;
		&lt;td class="tabelatd1"&gt;11/10/2018&lt;/td&gt;
		&lt;td class="tabelatd1"&gt;110.00&lt;/td&gt;
		&lt;td class="tabelatd1"&gt;0.00&lt;/td&gt;
		&lt;td class="tabelatd1"&gt;0.00&lt;/td&gt;
		&lt;td class="tabelatd1"&gt;0.00&lt;/td&gt;
		&lt;td class="tabelatd1"&gt;&lt;br&gt;&lt;br&gt;&lt;/td&gt;
	&lt;/tr&gt;
	&lt;tr&gt;
		&lt;td class="tabelatd2"&gt;1-Fulano de Tal (652.392.539-00)&lt;/td&gt;
		&lt;td class="tabelatd2"&gt;Rua Geral&lt;/td&gt;
		&lt;td class="tabelatd2"&gt;Criciúma/SC&lt;/td&gt;
		&lt;td class="tabelatd2"&gt;1&lt;/td&gt;
		&lt;td class="tabelatd2"&gt;381&lt;/td&gt;
		&lt;td class="tabelatd2"&gt;Tipo Cobranca&lt;/td&gt;
		&lt;td class="tabelatd2"&gt;11/10/2018&lt;/td&gt;
		&lt;td class="tabelatd2"&gt;110.00&lt;/td&gt;
		&lt;td class="tabelatd2"&gt;0.00&lt;/td&gt;
		&lt;td class="tabelatd2"&gt;0.00&lt;/td&gt;
		&lt;td class="tabelatd2"&gt;0.00&lt;/td&gt;
		&lt;td class="tabelatd2"&gt;&lt;br&gt;&lt;br&gt;&lt;/td&gt;
	&lt;/tr&gt;
	&lt;tr&gt;
		&lt;td class="tabelatd1"&gt;1-Fulano de Tal (652.392.539-00)&lt;/td&gt;
		&lt;td class="tabelatd1"&gt;Rua Geral&lt;/td&gt;
		&lt;td class="tabelatd1"&gt;Criciúma/SC&lt;/td&gt;
		&lt;td class="tabelatd1"&gt;1&lt;/td&gt;
		&lt;td class="tabelatd1"&gt;415&lt;/td&gt;
		&lt;td class="tabelatd1"&gt;Tipo Cobranca&lt;/td&gt;
		&lt;td class="tabelatd1"&gt;11/10/2018&lt;/td&gt;
		&lt;td class="tabelatd1"&gt;110.00&lt;/td&gt;
		&lt;td class="tabelatd1"&gt;0.00&lt;/td&gt;
		&lt;td class="tabelatd1"&gt;0.00&lt;/td&gt;
		&lt;td class="tabelatd1"&gt;0.00&lt;/td&gt;
		&lt;td class="tabelatd1"&gt;&lt;br&gt;&lt;br&gt;&lt;/td&gt;
	&lt;/tr&gt;
	&lt;tr&gt;
		&lt;td class="tabelatd2"&gt;1-Fulano de Tal (652.392.539-00)&lt;/td&gt;
		&lt;td class="tabelatd2"&gt;Rua Geral&lt;/td&gt;
		&lt;td class="tabelatd2"&gt;Criciúma/SC&lt;/td&gt;
		&lt;td class="tabelatd2"&gt;1&lt;/td&gt;
		&lt;td class="tabelatd2"&gt;322&lt;/td&gt;
		&lt;td class="tabelatd2"&gt;Tipo Cobranca&lt;/td&gt;
		&lt;td class="tabelatd2"&gt;11/10/2018&lt;/td&gt;
		&lt;td class="tabelatd2"&gt;110.00&lt;/td&gt;
		&lt;td class="tabelatd2"&gt;0.00&lt;/td&gt;
		&lt;td class="tabelatd2"&gt;0.00&lt;/td&gt;
		&lt;td class="tabelatd2"&gt;0.00&lt;/td&gt;
		&lt;td class="tabelatd2"&gt;&lt;br&gt;&lt;br&gt;&lt;/td&gt;
	&lt;/tr&gt;
	&lt;tr&gt;
		&lt;td class="tabelatd1"&gt;1-Fulano de Tal (652.392.539-00)&lt;/td&gt;
		&lt;td class="tabelatd1"&gt;Rua Geral&lt;/td&gt;
		&lt;td class="tabelatd1"&gt;Criciúma/SC&lt;/td&gt;
		&lt;td class="tabelatd1"&gt;1&lt;/td&gt;
		&lt;td class="tabelatd1"&gt;352&lt;/td&gt;
		&lt;td class="tabelatd1"&gt;Tipo Cobranca&lt;/td&gt;
		&lt;td class="tabelatd1"&gt;11/10/2018&lt;/td&gt;
		&lt;td class="tabelatd1"&gt;110.00&lt;/td&gt;
		&lt;td class="tabelatd1"&gt;0.00&lt;/td&gt;
		&lt;td class="tabelatd1"&gt;0.00&lt;/td&gt;
		&lt;td class="tabelatd1"&gt;0.00&lt;/td&gt;
		&lt;td class="tabelatd1"&gt;&lt;br&gt;&lt;br&gt;&lt;/td&gt;
	&lt;/tr&gt;
	&lt;tr&gt;
		&lt;td class="tabelatd2"&gt;1-Fulano de Tal (652.392.539-00)&lt;/td&gt;
		&lt;td class="tabelatd2"&gt;Rua Geral&lt;/td&gt;
		&lt;td class="tabelatd2"&gt;Criciúma/SC&lt;/td&gt;
		&lt;td class="tabelatd2"&gt;1&lt;/td&gt;
		&lt;td class="tabelatd2"&gt;384&lt;/td&gt;
		&lt;td class="tabelatd2"&gt;Tipo Cobranca&lt;/td&gt;
		&lt;td class="tabelatd2"&gt;11/10/2018&lt;/td&gt;
		&lt;td class="tabelatd2"&gt;110.00&lt;/td&gt;
		&lt;td class="tabelatd2"&gt;0.00&lt;/td&gt;
		&lt;td class="tabelatd2"&gt;0.00&lt;/td&gt;
		&lt;td class="tabelatd2"&gt;0.00&lt;/td&gt;
		&lt;td class="tabelatd2"&gt;&lt;br&gt;&lt;br&gt;&lt;/td&gt;
	&lt;/tr&gt;
	&lt;tr&gt;
		&lt;td class="tabelatd1"&gt;1-Fulano de Tal (652.392.539-00)&lt;/td&gt;
		&lt;td class="tabelatd1"&gt;Rua Geral&lt;/td&gt;
		&lt;td class="tabelatd1"&gt;Criciúma/SC&lt;/td&gt;
		&lt;td class="tabelatd1"&gt;1&lt;/td&gt;
		&lt;td class="tabelatd1"&gt;418&lt;/td&gt;
		&lt;td class="tabelatd1"&gt;Tipo Cobranca&lt;/td&gt;
		&lt;td class="tabelatd1"&gt;11/10/2018&lt;/td&gt;
		&lt;td class="tabelatd1"&gt;110.00&lt;/td&gt;
		&lt;td class="tabelatd1"&gt;0.00&lt;/td&gt;
		&lt;td class="tabelatd1"&gt;0.00&lt;/td&gt;
		&lt;td class="tabelatd1"&gt;0.00&lt;/td&gt;
		&lt;td class="tabelatd1"&gt;&lt;br&gt;&lt;br&gt;&lt;/td&gt;
	&lt;/tr&gt;
	&lt;tr&gt;
		&lt;td class="tabelatd2"&gt;1-Fulano de Tal (652.392.539-00)&lt;/td&gt;
		&lt;td class="tabelatd2"&gt;Rua Geral&lt;/td&gt;
		&lt;td class="tabelatd2"&gt;Criciúma/SC&lt;/td&gt;
		&lt;td class="tabelatd2"&gt;1&lt;/td&gt;
		&lt;td class="tabelatd2"&gt;323&lt;/td&gt;
		&lt;td class="tabelatd2"&gt;Tipo Cobranca&lt;/td&gt;
		&lt;td class="tabelatd2"&gt;11/10/2018&lt;/td&gt;
		&lt;td class="tabelatd2"&gt;110.00&lt;/td&gt;
		&lt;td class="tabelatd2"&gt;0.00&lt;/td&gt;
		&lt;td class="tabelatd2"&gt;0.00&lt;/td&gt;
		&lt;td class="tabelatd2"&gt;0.00&lt;/td&gt;
		&lt;td class="tabelatd2"&gt;&lt;br&gt;&lt;br&gt;&lt;/td&gt;
	&lt;/tr&gt;
	&lt;tr&gt;
		&lt;td class="tabelatd1"&gt;1-Fulano de Tal (652.392.539-00)&lt;/td&gt;
		&lt;td class="tabelatd1"&gt;Rua Geral&lt;/td&gt;
		&lt;td class="tabelatd1"&gt;Criciúma/SC&lt;/td&gt;
		&lt;td class="tabelatd1"&gt;1&lt;/td&gt;
		&lt;td class="tabelatd1"&gt;353&lt;/td&gt;
		&lt;td class="tabelatd1"&gt;Tipo Cobranca&lt;/td&gt;
		&lt;td class="tabelatd1"&gt;11/10/2018&lt;/td&gt;
		&lt;td class="tabelatd1"&gt;110.00&lt;/td&gt;
		&lt;td class="tabelatd1"&gt;0.00&lt;/td&gt;
		&lt;td class="tabelatd1"&gt;0.00&lt;/td&gt;
		&lt;td class="tabelatd1"&gt;0.00&lt;/td&gt;
		&lt;td class="tabelatd1"&gt;&lt;br&gt;&lt;br&gt;&lt;/td&gt;
	&lt;/tr&gt;
	&lt;tr&gt;
		&lt;td class="tabelatd2"&gt;1-Fulano de Tal (652.392.539-00)&lt;/td&gt;
		&lt;td class="tabelatd2"&gt;Rua Geral&lt;/td&gt;
		&lt;td class="tabelatd2"&gt;Criciúma/SC&lt;/td&gt;
		&lt;td class="tabelatd2"&gt;1&lt;/td&gt;
		&lt;td class="tabelatd2"&gt;385&lt;/td&gt;
		&lt;td class="tabelatd2"&gt;Tipo Cobranca&lt;/td&gt;
		&lt;td class="tabelatd2"&gt;11/10/2018&lt;/td&gt;
		&lt;td class="tabelatd2"&gt;110.00&lt;/td&gt;
		&lt;td class="tabelatd2"&gt;0.00&lt;/td&gt;
		&lt;td class="tabelatd2"&gt;0.00&lt;/td&gt;
		&lt;td class="tabelatd2"&gt;0.00&lt;/td&gt;
		&lt;td class="tabelatd2"&gt;&lt;br&gt;&lt;br&gt;&lt;/td&gt;
	&lt;/tr&gt;
	&lt;tr&gt;
		&lt;td class="tabelatd1"&gt;1-Fulano de Tal (652.392.539-00)&lt;/td&gt;
		&lt;td class="tabelatd1"&gt;Rua Geral&lt;/td&gt;
		&lt;td class="tabelatd1"&gt;Criciúma/SC&lt;/td&gt;
		&lt;td class="tabelatd1"&gt;1&lt;/td&gt;
		&lt;td class="tabelatd1"&gt;419&lt;/td&gt;
		&lt;td class="tabelatd1"&gt;Tipo Cobranca&lt;/td&gt;
		&lt;td class="tabelatd1"&gt;11/10/2018&lt;/td&gt;
		&lt;td class="tabelatd1"&gt;110.00&lt;/td&gt;
		&lt;td class="tabelatd1"&gt;0.00&lt;/td&gt;
		&lt;td class="tabelatd1"&gt;0.00&lt;/td&gt;
		&lt;td class="tabelatd1"&gt;0.00&lt;/td&gt;
		&lt;td class="tabelatd1"&gt;&lt;br&gt;&lt;br&gt;&lt;/td&gt;
	&lt;/tr&gt;
	&lt;tr&gt;
		&lt;td class="tabelatd2"&gt;1-Fulano de Tal (652.392.539-00)&lt;/td&gt;
		&lt;td class="tabelatd2"&gt;Rua Geral&lt;/td&gt;
		&lt;td class="tabelatd2"&gt;Criciúma/SC&lt;/td&gt;
		&lt;td class="tabelatd2"&gt;1&lt;/td&gt;
		&lt;td class="tabelatd2"&gt;324&lt;/td&gt;
		&lt;td class="tabelatd2"&gt;Tipo Cobranca&lt;/td&gt;
		&lt;td class="tabelatd2"&gt;11/10/2018&lt;/td&gt;
		&lt;td class="tabelatd2"&gt;110.00&lt;/td&gt;
		&lt;td class="tabelatd2"&gt;0.00&lt;/td&gt;
		&lt;td class="tabelatd2"&gt;0.00&lt;/td&gt;
		&lt;td class="tabelatd2"&gt;0.00&lt;/td&gt;
		&lt;td class="tabelatd2"&gt;&lt;br&gt;&lt;br&gt;&lt;/td&gt;
	&lt;/tr&gt;
	&lt;tr&gt;
		&lt;td class="tabelatd1"&gt;1-Fulano de Tal (652.392.539-00)&lt;/td&gt;
		&lt;td class="tabelatd1"&gt;Rua Geral&lt;/td&gt;
		&lt;td class="tabelatd1"&gt;Criciúma/SC&lt;/td&gt;
		&lt;td class="tabelatd1"&gt;1&lt;/td&gt;
		&lt;td class="tabelatd1"&gt;354&lt;/td&gt;
		&lt;td class="tabelatd1"&gt;Tipo Cobranca&lt;/td&gt;
		&lt;td class="tabelatd1"&gt;11/10/2018&lt;/td&gt;
		&lt;td class="tabelatd1"&gt;110.00&lt;/td&gt;
		&lt;td class="tabelatd1"&gt;0.00&lt;/td&gt;
		&lt;td class="tabelatd1"&gt;0.00&lt;/td&gt;
		&lt;td class="tabelatd1"&gt;0.00&lt;/td&gt;
		&lt;td class="tabelatd1"&gt;&lt;br&gt;&lt;br&gt;&lt;/td&gt;
	&lt;/tr&gt;
	&lt;tr&gt;
		&lt;td class="tabelatd2"&gt;1-Fulano de Tal (652.392.539-00)&lt;/td&gt;
		&lt;td class="tabelatd2"&gt;Rua Geral&lt;/td&gt;
		&lt;td class="tabelatd2"&gt;Criciúma/SC&lt;/td&gt;
		&lt;td class="tabelatd2"&gt;1&lt;/td&gt;
		&lt;td class="tabelatd2"&gt;386&lt;/td&gt;
		&lt;td class="tabelatd2"&gt;Tipo Cobranca&lt;/td&gt;
		&lt;td class="tabelatd2"&gt;11/10/2018&lt;/td&gt;
		&lt;td class="tabelatd2"&gt;110.00&lt;/td&gt;
		&lt;td class="tabelatd2"&gt;0.00&lt;/td&gt;
		&lt;td class="tabelatd2"&gt;0.00&lt;/td&gt;
		&lt;td class="tabelatd2"&gt;0.00&lt;/td&gt;
		&lt;td class="tabelatd2"&gt;&lt;br&gt;&lt;br&gt;&lt;/td&gt;
	&lt;/tr&gt;
	&lt;tr&gt;
		&lt;td class="tabelatd1"&gt;1-Fulano de Tal (652.392.539-00)&lt;/td&gt;
		&lt;td class="tabelatd1"&gt;Rua Geral&lt;/td&gt;
		&lt;td class="tabelatd1"&gt;Criciúma/SC&lt;/td&gt;
		&lt;td class="tabelatd1"&gt;1&lt;/td&gt;
		&lt;td class="tabelatd1"&gt;420&lt;/td&gt;
		&lt;td class="tabelatd1"&gt;Tipo Cobranca&lt;/td&gt;
		&lt;td class="tabelatd1"&gt;11/10/2018&lt;/td&gt;
		&lt;td class="tabelatd1"&gt;110.00&lt;/td&gt;
		&lt;td class="tabelatd1"&gt;0.00&lt;/td&gt;
		&lt;td class="tabelatd1"&gt;0.00&lt;/td&gt;
		&lt;td class="tabelatd1"&gt;0.00&lt;/td&gt;
		&lt;td class="tabelatd1"&gt;&lt;br&gt;&lt;br&gt;&lt;/td&gt;
	&lt;/tr&gt;
	&lt;tr&gt;
		&lt;td class="tabelatd2"&gt;1-Fulano de Tal (652.392.539-00)&lt;/td&gt;
		&lt;td class="tabelatd2"&gt;Rua Geral&lt;/td&gt;
		&lt;td class="tabelatd2"&gt;Criciúma/SC&lt;/td&gt;
		&lt;td class="tabelatd2"&gt;1&lt;/td&gt;
		&lt;td class="tabelatd2"&gt;325&lt;/td&gt;
		&lt;td class="tabelatd2"&gt;Tipo Cobranca&lt;/td&gt;
		&lt;td class="tabelatd2"&gt;11/10/2018&lt;/td&gt;
		&lt;td class="tabelatd2"&gt;110.00&lt;/td&gt;
		&lt;td class="tabelatd2"&gt;0.00&lt;/td&gt;
		&lt;td class="tabelatd2"&gt;0.00&lt;/td&gt;
		&lt;td class="tabelatd2"&gt;0.00&lt;/td&gt;
		&lt;td class="tabelatd2"&gt;&lt;br&gt;&lt;br&gt;&lt;/td&gt;
	&lt;/tr&gt;
	&lt;tr&gt;
		&lt;td class="tabelatd1"&gt;1-Fulano de Tal (652.392.539-00)&lt;/td&gt;
		&lt;td class="tabelatd1"&gt;Rua Geral&lt;/td&gt;
		&lt;td class="tabelatd1"&gt;Criciúma/SC&lt;/td&gt;
		&lt;td class="tabelatd1"&gt;1&lt;/td&gt;
		&lt;td class="tabelatd1"&gt;355&lt;/td&gt;
		&lt;td class="tabelatd1"&gt;Tipo Cobranca&lt;/td&gt;
		&lt;td class="tabelatd1"&gt;11/10/2018&lt;/td&gt;
		&lt;td class="tabelatd1"&gt;110.00&lt;/td&gt;
		&lt;td class="tabelatd1"&gt;0.00&lt;/td&gt;
		&lt;td class="tabelatd1"&gt;0.00&lt;/td&gt;
		&lt;td class="tabelatd1"&gt;0.00&lt;/td&gt;
		&lt;td class="tabelatd1"&gt;&lt;br&gt;&lt;br&gt;&lt;/td&gt;
	&lt;/tr&gt;
	&lt;tr&gt;
		&lt;td class="tabelatd2"&gt;1-Fulano de Tal (652.392.539-00)&lt;/td&gt;
		&lt;td class="tabelatd2"&gt;Rua Geral&lt;/td&gt;
		&lt;td class="tabelatd2"&gt;Criciúma/SC&lt;/td&gt;
		&lt;td class="tabelatd2"&gt;1&lt;/td&gt;
		&lt;td class="tabelatd2"&gt;387&lt;/td&gt;
		&lt;td class="tabelatd2"&gt;Tipo Cobranca&lt;/td&gt;
		&lt;td class="tabelatd2"&gt;11/10/2018&lt;/td&gt;
		&lt;td class="tabelatd2"&gt;110.00&lt;/td&gt;
		&lt;td class="tabelatd2"&gt;0.00&lt;/td&gt;
		&lt;td class="tabelatd2"&gt;0.00&lt;/td&gt;
		&lt;td class="tabelatd2"&gt;0.00&lt;/td&gt;
		&lt;td class="tabelatd2"&gt;&lt;br&gt;&lt;br&gt;&lt;/td&gt;
	&lt;/tr&gt;
	&lt;tr&gt;
		&lt;td class="tabelatd1"&gt;1-Fulano de Tal (652.392.539-00)&lt;/td&gt;
		&lt;td class="tabelatd1"&gt;Rua Geral&lt;/td&gt;
		&lt;td class="tabelatd1"&gt;Criciúma/SC&lt;/td&gt;
		&lt;td class="tabelatd1"&gt;1&lt;/td&gt;
		&lt;td class="tabelatd1"&gt;421&lt;/td&gt;
		&lt;td class="tabelatd1"&gt;Tipo Cobranca&lt;/td&gt;
		&lt;td class="tabelatd1"&gt;11/10/2018&lt;/td&gt;
		&lt;td class="tabelatd1"&gt;110.00&lt;/td&gt;
		&lt;td class="tabelatd1"&gt;0.00&lt;/td&gt;
		&lt;td class="tabelatd1"&gt;0.00&lt;/td&gt;
		&lt;td class="tabelatd1"&gt;0.00&lt;/td&gt;
		&lt;td class="tabelatd1"&gt;&lt;br&gt;&lt;br&gt;&lt;/td&gt;
	&lt;/tr&gt;
	&lt;tr&gt;
		&lt;td class="tabelatd2"&gt;1-Fulano de Tal (652.392.539-00)&lt;/td&gt;
		&lt;td class="tabelatd2"&gt;Rua Geral&lt;/td&gt;
		&lt;td class="tabelatd2"&gt;Criciúma/SC&lt;/td&gt;
		&lt;td class="tabelatd2"&gt;1&lt;/td&gt;
		&lt;td class="tabelatd2"&gt;326&lt;/td&gt;
		&lt;td class="tabelatd2"&gt;Tipo Cobranca&lt;/td&gt;
		&lt;td class="tabelatd2"&gt;11/10/2018&lt;/td&gt;
		&lt;td class="tabelatd2"&gt;110.00&lt;/td&gt;
		&lt;td class="tabelatd2"&gt;0.00&lt;/td&gt;
		&lt;td class="tabelatd2"&gt;0.00&lt;/td&gt;
		&lt;td class="tabelatd2"&gt;0.00&lt;/td&gt;
		&lt;td class="tabelatd2"&gt;&lt;br&gt;&lt;br&gt;&lt;/td&gt;
	&lt;/tr&gt;
	&lt;tr&gt;
		&lt;td class="tabelatd1"&gt;1-Fulano de Tal (652.392.539-00)&lt;/td&gt;
		&lt;td class="tabelatd1"&gt;Rua Geral&lt;/td&gt;
		&lt;td class="tabelatd1"&gt;Criciúma/SC&lt;/td&gt;
		&lt;td class="tabelatd1"&gt;1&lt;/td&gt;
		&lt;td class="tabelatd1"&gt;356&lt;/td&gt;
		&lt;td class="tabelatd1"&gt;Tipo Cobranca&lt;/td&gt;
		&lt;td class="tabelatd1"&gt;11/10/2018&lt;/td&gt;
		&lt;td class="tabelatd1"&gt;110.00&lt;/td&gt;
		&lt;td class="tabelatd1"&gt;0.00&lt;/td&gt;
		&lt;td class="tabelatd1"&gt;0.00&lt;/td&gt;
		&lt;td class="tabelatd1"&gt;0.00&lt;/td&gt;
		&lt;td class="tabelatd1"&gt;&lt;br&gt;&lt;br&gt;&lt;/td&gt;
	&lt;/tr&gt;
	&lt;tr&gt;
		&lt;td class="tabelatd2"&gt;1-Fulano de Tal (652.392.539-00)&lt;/td&gt;
		&lt;td class="tabelatd2"&gt;Rua Geral&lt;/td&gt;
		&lt;td class="tabelatd2"&gt;Criciúma/SC&lt;/td&gt;
		&lt;td class="tabelatd2"&gt;1&lt;/td&gt;
		&lt;td class="tabelatd2"&gt;388&lt;/td&gt;
		&lt;td class="tabelatd2"&gt;Tipo Cobranca&lt;/td&gt;
		&lt;td class="tabelatd2"&gt;11/10/2018&lt;/td&gt;
		&lt;td class="tabelatd2"&gt;110.00&lt;/td&gt;
		&lt;td class="tabelatd2"&gt;0.00&lt;/td&gt;
		&lt;td class="tabelatd2"&gt;0.00&lt;/td&gt;
		&lt;td class="tabelatd2"&gt;0.00&lt;/td&gt;
		&lt;td class="tabelatd2"&gt;&lt;br&gt;&lt;br&gt;&lt;/td&gt;
	&lt;/tr&gt;
	&lt;tr&gt;
		&lt;td class="tabelatd1"&gt;1-Fulano de Tal (652.392.539-00)&lt;/td&gt;
		&lt;td class="tabelatd1"&gt;Rua Geral&lt;/td&gt;
		&lt;td class="tabelatd1"&gt;Criciúma/SC&lt;/td&gt;
		&lt;td class="tabelatd1"&gt;1&lt;/td&gt;
		&lt;td class="tabelatd1"&gt;422&lt;/td&gt;
		&lt;td class="tabelatd1"&gt;Tipo Cobranca&lt;/td&gt;
		&lt;td class="tabelatd1"&gt;11/10/2018&lt;/td&gt;
		&lt;td class="tabelatd1"&gt;110.00&lt;/td&gt;
		&lt;td class="tabelatd1"&gt;0.00&lt;/td&gt;
		&lt;td class="tabelatd1"&gt;0.00&lt;/td&gt;
		&lt;td class="tabelatd1"&gt;0.00&lt;/td&gt;
		&lt;td class="tabelatd1"&gt;&lt;br&gt;&lt;br&gt;&lt;/td&gt;
	&lt;/tr&gt;
	&lt;tr&gt;
		&lt;td class="tabelatd2"&gt;1-Fulano de Tal (652.392.539-00)&lt;/td&gt;
		&lt;td class="tabelatd2"&gt;Rua Geral&lt;/td&gt;
		&lt;td class="tabelatd2"&gt;Criciúma/SC&lt;/td&gt;
		&lt;td class="tabelatd2"&gt;1&lt;/td&gt;
		&lt;td class="tabelatd2"&gt;327&lt;/td&gt;
		&lt;td class="tabelatd2"&gt;Tipo Cobranca&lt;/td&gt;
		&lt;td class="tabelatd2"&gt;11/10/2018&lt;/td&gt;
		&lt;td class="tabelatd2"&gt;110.00&lt;/td&gt;
		&lt;td class="tabelatd2"&gt;0.00&lt;/td&gt;
		&lt;td class="tabelatd2"&gt;0.00&lt;/td&gt;
		&lt;td class="tabelatd2"&gt;0.00&lt;/td&gt;
		&lt;td class="tabelatd2"&gt;&lt;br&gt;&lt;br&gt;&lt;/td&gt;
	&lt;/tr&gt;
	&lt;tr&gt;
		&lt;td class="tabelatd1"&gt;1-Fulano de Tal (652.392.539-00)&lt;/td&gt;
		&lt;td class="tabelatd1"&gt;Rua Geral&lt;/td&gt;
		&lt;td class="tabelatd1"&gt;Criciúma/SC&lt;/td&gt;
		&lt;td class="tabelatd1"&gt;1&lt;/td&gt;
		&lt;td class="tabelatd1"&gt;357&lt;/td&gt;
		&lt;td class="tabelatd1"&gt;Tipo Cobranca&lt;/td&gt;
		&lt;td class="tabelatd1"&gt;11/10/2018&lt;/td&gt;
		&lt;td class="tabelatd1"&gt;110.00&lt;/td&gt;
		&lt;td class="tabelatd1"&gt;0.00&lt;/td&gt;
		&lt;td class="tabelatd1"&gt;0.00&lt;/td&gt;
		&lt;td class="tabelatd1"&gt;0.00&lt;/td&gt;
		&lt;td class="tabelatd1"&gt;&lt;br&gt;&lt;br&gt;&lt;/td&gt;
	&lt;/tr&gt;
	&lt;tr&gt;
		&lt;td class="tabelatd2"&gt;1-Fulano de Tal (652.392.539-00)&lt;/td&gt;
		&lt;td class="tabelatd2"&gt;Rua Geral&lt;/td&gt;
		&lt;td class="tabelatd2"&gt;Criciúma/SC&lt;/td&gt;
		&lt;td class="tabelatd2"&gt;1&lt;/td&gt;
		&lt;td class="tabelatd2"&gt;389&lt;/td&gt;
		&lt;td class="tabelatd2"&gt;Tipo Cobranca&lt;/td&gt;
		&lt;td class="tabelatd2"&gt;11/10/2018&lt;/td&gt;
		&lt;td class="tabelatd2"&gt;110.00&lt;/td&gt;
		&lt;td class="tabelatd2"&gt;0.00&lt;/td&gt;
		&lt;td class="tabelatd2"&gt;0.00&lt;/td&gt;
		&lt;td class="tabelatd2"&gt;0.00&lt;/td&gt;
		&lt;td class="tabelatd2"&gt;&lt;br&gt;&lt;br&gt;&lt;/td&gt;
	&lt;/tr&gt;
	&lt;tr&gt;
		&lt;td class="tabelatd1"&gt;1-Fulano de Tal (652.392.539-00)&lt;/td&gt;
		&lt;td class="tabelatd1"&gt;Rua Geral&lt;/td&gt;
		&lt;td class="tabelatd1"&gt;Criciúma/SC&lt;/td&gt;
		&lt;td class="tabelatd1"&gt;1&lt;/td&gt;
		&lt;td class="tabelatd1"&gt;423&lt;/td&gt;
		&lt;td class="tabelatd1"&gt;Tipo Cobranca&lt;/td&gt;
		&lt;td class="tabelatd1"&gt;11/10/2018&lt;/td&gt;
		&lt;td class="tabelatd1"&gt;110.00&lt;/td&gt;
		&lt;td class="tabelatd1"&gt;0.00&lt;/td&gt;
		&lt;td class="tabelatd1"&gt;0.00&lt;/td&gt;
		&lt;td class="tabelatd1"&gt;0.00&lt;/td&gt;
		&lt;td class="tabelatd1"&gt;&lt;br&gt;&lt;br&gt;&lt;/td&gt;
	&lt;/tr&gt;
	&lt;tr&gt;
		&lt;td class="tabelatd2"&gt;1-Fulano de Tal (652.392.539-00)&lt;/td&gt;
		&lt;td class="tabelatd2"&gt;Rua Geral&lt;/td&gt;
		&lt;td class="tabelatd2"&gt;Criciúma/SC&lt;/td&gt;
		&lt;td class="tabelatd2"&gt;1&lt;/td&gt;
		&lt;td class="tabelatd2"&gt;328&lt;/td&gt;
		&lt;td class="tabelatd2"&gt;Tipo Cobranca&lt;/td&gt;
		&lt;td class="tabelatd2"&gt;11/10/2018&lt;/td&gt;
		&lt;td class="tabelatd2"&gt;110.00&lt;/td&gt;
		&lt;td class="tabelatd2"&gt;0.00&lt;/td&gt;
		&lt;td class="tabelatd2"&gt;0.00&lt;/td&gt;
		&lt;td class="tabelatd2"&gt;0.00&lt;/td&gt;
		&lt;td class="tabelatd2"&gt;&lt;br&gt;&lt;br&gt;&lt;/td&gt;
	&lt;/tr&gt;
	&lt;tr&gt;
		&lt;td class="tabelatd1"&gt;1-Fulano de Tal (652.392.539-00)&lt;/td&gt;
		&lt;td class="tabelatd1"&gt;Rua Geral&lt;/td&gt;
		&lt;td class="tabelatd1"&gt;Criciúma/SC&lt;/td&gt;
		&lt;td class="tabelatd1"&gt;1&lt;/td&gt;
		&lt;td class="tabelatd1"&gt;358&lt;/td&gt;
		&lt;td class="tabelatd1"&gt;Tipo Cobranca&lt;/td&gt;
		&lt;td class="tabelatd1"&gt;11/10/2018&lt;/td&gt;
		&lt;td class="tabelatd1"&gt;110.00&lt;/td&gt;
		&lt;td class="tabelatd1"&gt;0.00&lt;/td&gt;
		&lt;td class="tabelatd1"&gt;0.00&lt;/td&gt;
		&lt;td class="tabelatd1"&gt;0.00&lt;/td&gt;
		&lt;td class="tabelatd1"&gt;&lt;br&gt;&lt;br&gt;&lt;/td&gt;
	&lt;/tr&gt;
	&lt;tr&gt;
		&lt;td class="tabelatd2"&gt;1-Fulano de Tal (652.392.539-00)&lt;/td&gt;
		&lt;td class="tabelatd2"&gt;Rua Geral&lt;/td&gt;
		&lt;td class="tabelatd2"&gt;Criciúma/SC&lt;/td&gt;
		&lt;td class="tabelatd2"&gt;1&lt;/td&gt;
		&lt;td class="tabelatd2"&gt;390&lt;/td&gt;
		&lt;td class="tabelatd2"&gt;Tipo Cobranca&lt;/td&gt;
		&lt;td class="tabelatd2"&gt;11/10/2018&lt;/td&gt;
		&lt;td class="tabelatd2"&gt;110.00&lt;/td&gt;
		&lt;td class="tabelatd2"&gt;0.00&lt;/td&gt;
		&lt;td class="tabelatd2"&gt;0.00&lt;/td&gt;
		&lt;td class="tabelatd2"&gt;0.00&lt;/td&gt;
		&lt;td class="tabelatd2"&gt;&lt;br&gt;&lt;br&gt;&lt;/td&gt;
	&lt;/tr&gt;
	&lt;tr&gt;
		&lt;td class="tabelatd1"&gt;1-Fulano de Tal (652.392.539-00)&lt;/td&gt;
		&lt;td class="tabelatd1"&gt;Rua Geral&lt;/td&gt;
		&lt;td class="tabelatd1"&gt;Criciúma/SC&lt;/td&gt;
		&lt;td class="tabelatd1"&gt;1&lt;/td&gt;
		&lt;td class="tabelatd1"&gt;424&lt;/td&gt;
		&lt;td class="tabelatd1"&gt;Tipo Cobranca&lt;/td&gt;
		&lt;td class="tabelatd1"&gt;11/10/2018&lt;/td&gt;
		&lt;td class="tabelatd1"&gt;110.00&lt;/td&gt;
		&lt;td class="tabelatd1"&gt;0.00&lt;/td&gt;
		&lt;td class="tabelatd1"&gt;0.00&lt;/td&gt;
		&lt;td class="tabelatd1"&gt;0.00&lt;/td&gt;
		&lt;td class="tabelatd1"&gt;&lt;br&gt;&lt;br&gt;&lt;/td&gt;
	&lt;/tr&gt;
	&lt;tr&gt;
		&lt;td class="tabelatd2"&gt;1-Fulano de Tal (652.392.539-00)&lt;/td&gt;
		&lt;td class="tabelatd2"&gt;Rua Geral&lt;/td&gt;
		&lt;td class="tabelatd2"&gt;Criciúma/SC&lt;/td&gt;
		&lt;td class="tabelatd2"&gt;1&lt;/td&gt;
		&lt;td class="tabelatd2"&gt;329&lt;/td&gt;
		&lt;td class="tabelatd2"&gt;Tipo Cobranca&lt;/td&gt;
		&lt;td class="tabelatd2"&gt;11/10/2018&lt;/td&gt;
		&lt;td class="tabelatd2"&gt;110.00&lt;/td&gt;
		&lt;td class="tabelatd2"&gt;0.00&lt;/td&gt;
		&lt;td class="tabelatd2"&gt;0.00&lt;/td&gt;
		&lt;td class="tabelatd2"&gt;0.00&lt;/td&gt;
		&lt;td class="tabelatd2"&gt;&lt;br&gt;&lt;br&gt;&lt;/td&gt;
	&lt;/tr&gt;
	&lt;tr&gt;
		&lt;td class="tabelatd1"&gt;1-Fulano de Tal (652.392.539-00)&lt;/td&gt;
		&lt;td class="tabelatd1"&gt;Rua Geral&lt;/td&gt;
		&lt;td class="tabelatd1"&gt;Criciúma/SC&lt;/td&gt;
		&lt;td class="tabelatd1"&gt;1&lt;/td&gt;
		&lt;td class="tabelatd1"&gt;359&lt;/td&gt;
		&lt;td class="tabelatd1"&gt;Tipo Cobranca&lt;/td&gt;
		&lt;td class="tabelatd1"&gt;11/10/2018&lt;/td&gt;
		&lt;td class="tabelatd1"&gt;110.00&lt;/td&gt;
		&lt;td class="tabelatd1"&gt;0.00&lt;/td&gt;
		&lt;td class="tabelatd1"&gt;0.00&lt;/td&gt;
		&lt;td class="tabelatd1"&gt;0.00&lt;/td&gt;
		&lt;td class="tabelatd1"&gt;&lt;br&gt;&lt;br&gt;&lt;/td&gt;
	&lt;/tr&gt;
	&lt;tr&gt;
		&lt;td class="tabelatd2"&gt;1-Fulano de Tal (652.392.539-00)&lt;/td&gt;
		&lt;td class="tabelatd2"&gt;Rua Geral&lt;/td&gt;
		&lt;td class="tabelatd2"&gt;Criciúma/SC&lt;/td&gt;
		&lt;td class="tabelatd2"&gt;1&lt;/td&gt;
		&lt;td class="tabelatd2"&gt;391&lt;/td&gt;
		&lt;td class="tabelatd2"&gt;Tipo Cobranca&lt;/td&gt;
		&lt;td class="tabelatd2"&gt;11/10/2018&lt;/td&gt;
		&lt;td class="tabelatd2"&gt;110.00&lt;/td&gt;
		&lt;td class="tabelatd2"&gt;0.00&lt;/td&gt;
		&lt;td class="tabelatd2"&gt;0.00&lt;/td&gt;
		&lt;td class="tabelatd2"&gt;0.00&lt;/td&gt;
		&lt;td class="tabelatd2"&gt;&lt;br&gt;&lt;br&gt;&lt;/td&gt;
	&lt;/tr&gt;
	&lt;tr&gt;
		&lt;td class="tabelatd1"&gt;1-Fulano de Tal (652.392.539-00)&lt;/td&gt;
		&lt;td class="tabelatd1"&gt;Rua Geral&lt;/td&gt;
		&lt;td class="tabelatd1"&gt;Criciúma/SC&lt;/td&gt;
		&lt;td class="tabelatd1"&gt;1&lt;/td&gt;
		&lt;td class="tabelatd1"&gt;425&lt;/td&gt;
		&lt;td class="tabelatd1"&gt;Tipo Cobranca&lt;/td&gt;
		&lt;td class="tabelatd1"&gt;11/10/2018&lt;/td&gt;
		&lt;td class="tabelatd1"&gt;110.00&lt;/td&gt;
		&lt;td class="tabelatd1"&gt;0.00&lt;/td&gt;
		&lt;td class="tabelatd1"&gt;0.00&lt;/td&gt;
		&lt;td class="tabelatd1"&gt;0.00&lt;/td&gt;
		&lt;td class="tabelatd1"&gt;&lt;br&gt;&lt;br&gt;&lt;/td&gt;
	&lt;/tr&gt;
	&lt;tr&gt;
		&lt;td class="tabelatd2"&gt;1-Fulano de Tal (652.392.539-00)&lt;/td&gt;
		&lt;td class="tabelatd2"&gt;Rua Geral&lt;/td&gt;
		&lt;td class="tabelatd2"&gt;Criciúma/SC&lt;/td&gt;
		&lt;td class="tabelatd2"&gt;1&lt;/td&gt;
		&lt;td class="tabelatd2"&gt;330&lt;/td&gt;
		&lt;td class="tabelatd2"&gt;Tipo Cobranca&lt;/td&gt;
		&lt;td class="tabelatd2"&gt;11/10/2018&lt;/td&gt;
		&lt;td class="tabelatd2"&gt;110.00&lt;/td&gt;
		&lt;td class="tabelatd2"&gt;0.00&lt;/td&gt;
		&lt;td class="tabelatd2"&gt;0.00&lt;/td&gt;
		&lt;td class="tabelatd2"&gt;0.00&lt;/td&gt;
		&lt;td class="tabelatd2"&gt;&lt;br&gt;&lt;br&gt;&lt;/td&gt;
	&lt;/tr&gt;
	&lt;tr&gt;
		&lt;td class="tabelatd1"&gt;1-Fulano de Tal (652.392.539-00)&lt;/td&gt;
		&lt;td class="tabelatd1"&gt;Rua Geral&lt;/td&gt;
		&lt;td class="tabelatd1"&gt;Criciúma/SC&lt;/td&gt;
		&lt;td class="tabelatd1"&gt;1&lt;/td&gt;
		&lt;td class="tabelatd1"&gt;360&lt;/td&gt;
		&lt;td class="tabelatd1"&gt;Tipo Cobranca&lt;/td&gt;
		&lt;td class="tabelatd1"&gt;11/10/2018&lt;/td&gt;
		&lt;td class="tabelatd1"&gt;110.00&lt;/td&gt;
		&lt;td class="tabelatd1"&gt;0.00&lt;/td&gt;
		&lt;td class="tabelatd1"&gt;0.00&lt;/td&gt;
		&lt;td class="tabelatd1"&gt;0.00&lt;/td&gt;
		&lt;td class="tabelatd1"&gt;&lt;br&gt;&lt;br&gt;&lt;/td&gt;
	&lt;/tr&gt;
	&lt;tr&gt;
		&lt;td class="tabelatd2"&gt;1-Fulano de Tal (652.392.539-00)&lt;/td&gt;
		&lt;td class="tabelatd2"&gt;Rua Geral&lt;/td&gt;
		&lt;td class="tabelatd2"&gt;Criciúma/SC&lt;/td&gt;
		&lt;td class="tabelatd2"&gt;1&lt;/td&gt;
		&lt;td class="tabelatd2"&gt;392&lt;/td&gt;
		&lt;td class="tabelatd2"&gt;Tipo Cobranca&lt;/td&gt;
		&lt;td class="tabelatd2"&gt;11/10/2018&lt;/td&gt;
		&lt;td class="tabelatd2"&gt;110.00&lt;/td&gt;
		&lt;td class="tabelatd2"&gt;0.00&lt;/td&gt;
		&lt;td class="tabelatd2"&gt;0.00&lt;/td&gt;
		&lt;td class="tabelatd2"&gt;0.00&lt;/td&gt;
		&lt;td class="tabelatd2"&gt;&lt;br&gt;&lt;br&gt;&lt;/td&gt;
	&lt;/tr&gt;
	&lt;tr&gt;
		&lt;td class="tabelatd1"&gt;1-Fulano de Tal (652.392.539-00)&lt;/td&gt;
		&lt;td class="tabelatd1"&gt;Rua Geral&lt;/td&gt;
		&lt;td class="tabelatd1"&gt;Criciúma/SC&lt;/td&gt;
		&lt;td class="tabelatd1"&gt;1&lt;/td&gt;
		&lt;td class="tabelatd1"&gt;426&lt;/td&gt;
		&lt;td class="tabelatd1"&gt;Tipo Cobranca&lt;/td&gt;
		&lt;td class="tabelatd1"&gt;11/10/2018&lt;/td&gt;
		&lt;td class="tabelatd1"&gt;110.00&lt;/td&gt;
		&lt;td class="tabelatd1"&gt;0.00&lt;/td&gt;
		&lt;td class="tabelatd1"&gt;0.00&lt;/td&gt;
		&lt;td class="tabelatd1"&gt;0.00&lt;/td&gt;
		&lt;td class="tabelatd1"&gt;&lt;br&gt;&lt;br&gt;&lt;/td&gt;
	&lt;/tr&gt;
	&lt;tr&gt;
		&lt;td class="tabelatd2"&gt;1-Fulano de Tal (652.392.539-00)&lt;/td&gt;
		&lt;td class="tabelatd2"&gt;Rua Geral&lt;/td&gt;
		&lt;td class="tabelatd2"&gt;Criciúma/SC&lt;/td&gt;
		&lt;td class="tabelatd2"&gt;1&lt;/td&gt;
		&lt;td class="tabelatd2"&gt;331&lt;/td&gt;
		&lt;td class="tabelatd2"&gt;Tipo Cobranca&lt;/td&gt;
		&lt;td class="tabelatd2"&gt;11/10/2018&lt;/td&gt;
		&lt;td class="tabelatd2"&gt;110.00&lt;/td&gt;
		&lt;td class="tabelatd2"&gt;0.00&lt;/td&gt;
		&lt;td class="tabelatd2"&gt;0.00&lt;/td&gt;
		&lt;td class="tabelatd2"&gt;0.00&lt;/td&gt;
		&lt;td class="tabelatd2"&gt;&lt;br&gt;&lt;br&gt;&lt;/td&gt;
	&lt;/tr&gt;
	&lt;tr&gt;
		&lt;td class="tabelatd1"&gt;1-Fulano de Tal (652.392.539-00)&lt;/td&gt;
		&lt;td class="tabelatd1"&gt;Rua Geral&lt;/td&gt;
		&lt;td class="tabelatd1"&gt;Criciúma/SC&lt;/td&gt;
		&lt;td class="tabelatd1"&gt;1&lt;/td&gt;
		&lt;td class="tabelatd1"&gt;361&lt;/td&gt;
		&lt;td class="tabelatd1"&gt;Tipo Cobranca&lt;/td&gt;
		&lt;td class="tabelatd1"&gt;11/10/2018&lt;/td&gt;
		&lt;td class="tabelatd1"&gt;110.00&lt;/td&gt;
		&lt;td class="tabelatd1"&gt;0.00&lt;/td&gt;
		&lt;td class="tabelatd1"&gt;0.00&lt;/td&gt;
		&lt;td class="tabelatd1"&gt;0.00&lt;/td&gt;
		&lt;td class="tabelatd1"&gt;&lt;br&gt;&lt;br&gt;&lt;/td&gt;
	&lt;/tr&gt;
	&lt;tr&gt;
		&lt;td class="tabelatd2"&gt;1-Fulano de Tal (652.392.539-00)&lt;/td&gt;
		&lt;td class="tabelatd2"&gt;Rua Geral&lt;/td&gt;
		&lt;td class="tabelatd2"&gt;Criciúma/SC&lt;/td&gt;
		&lt;td class="tabelatd2"&gt;1&lt;/td&gt;
		&lt;td class="tabelatd2"&gt;393&lt;/td&gt;
		&lt;td class="tabelatd2"&gt;Tipo Cobranca&lt;/td&gt;
		&lt;td class="tabelatd2"&gt;11/10/2018&lt;/td&gt;
		&lt;td class="tabelatd2"&gt;110.00&lt;/td&gt;
		&lt;td class="tabelatd2"&gt;0.00&lt;/td&gt;
		&lt;td class="tabelatd2"&gt;0.00&lt;/td&gt;
		&lt;td class="tabelatd2"&gt;0.00&lt;/td&gt;
		&lt;td class="tabelatd2"&gt;&lt;br&gt;&lt;br&gt;&lt;/td&gt;
	&lt;/tr&gt;
	&lt;tr&gt;
		&lt;td class="tabelatd1"&gt;1-Fulano de Tal (652.392.539-00)&lt;/td&gt;
		&lt;td class="tabelatd1"&gt;Rua Geral&lt;/td&gt;
		&lt;td class="tabelatd1"&gt;Criciúma/SC&lt;/td&gt;
		&lt;td class="tabelatd1"&gt;1&lt;/td&gt;
		&lt;td class="tabelatd1"&gt;427&lt;/td&gt;
		&lt;td class="tabelatd1"&gt;Tipo Cobranca&lt;/td&gt;
		&lt;td class="tabelatd1"&gt;11/10/2018&lt;/td&gt;
		&lt;td class="tabelatd1"&gt;110.00&lt;/td&gt;
		&lt;td class="tabelatd1"&gt;0.00&lt;/td&gt;
		&lt;td class="tabelatd1"&gt;0.00&lt;/td&gt;
		&lt;td class="tabelatd1"&gt;0.00&lt;/td&gt;
		&lt;td class="tabelatd1"&gt;&lt;br&gt;&lt;br&gt;&lt;/td&gt;
	&lt;/tr&gt;
	&lt;tr&gt;
		&lt;td class="tabelatd2"&gt;1-Fulano de Tal (652.392.539-00)&lt;/td&gt;
		&lt;td class="tabelatd2"&gt;Rua Geral&lt;/td&gt;
		&lt;td class="tabelatd2"&gt;Criciúma/SC&lt;/td&gt;
		&lt;td class="tabelatd2"&gt;1&lt;/td&gt;
		&lt;td class="tabelatd2"&gt;362&lt;/td&gt;
		&lt;td class="tabelatd2"&gt;Tipo Cobranca&lt;/td&gt;
		&lt;td class="tabelatd2"&gt;11/10/2018&lt;/td&gt;
		&lt;td class="tabelatd2"&gt;110.00&lt;/td&gt;
		&lt;td class="tabelatd2"&gt;0.00&lt;/td&gt;
		&lt;td class="tabelatd2"&gt;0.00&lt;/td&gt;
		&lt;td class="tabelatd2"&gt;0.00&lt;/td&gt;
		&lt;td class="tabelatd2"&gt;&lt;br&gt;&lt;br&gt;&lt;/td&gt;
	&lt;/tr&gt;
	&lt;tr&gt;
		&lt;td class="tabelatd1"&gt;1-Fulano de Tal (652.392.539-00)&lt;/td&gt;
		&lt;td class="tabelatd1"&gt;Rua Geral&lt;/td&gt;
		&lt;td class="tabelatd1"&gt;Criciúma/SC&lt;/td&gt;
		&lt;td class="tabelatd1"&gt;1&lt;/td&gt;
		&lt;td class="tabelatd1"&gt;394&lt;/td&gt;
		&lt;td class="tabelatd1"&gt;Tipo Cobranca&lt;/td&gt;
		&lt;td class="tabelatd1"&gt;11/10/2018&lt;/td&gt;
		&lt;td class="tabelatd1"&gt;110.00&lt;/td&gt;
		&lt;td class="tabelatd1"&gt;0.00&lt;/td&gt;
		&lt;td class="tabelatd1"&gt;0.00&lt;/td&gt;
		&lt;td class="tabelatd1"&gt;0.00&lt;/td&gt;
		&lt;td class="tabelatd1"&gt;&lt;br&gt;&lt;br&gt;&lt;/td&gt;
	&lt;/tr&gt;
	&lt;tr&gt;
		&lt;td class="tabelatd2"&gt;1-Fulano de Tal (652.392.539-00)&lt;/td&gt;
		&lt;td class="tabelatd2"&gt;Rua Geral&lt;/td&gt;
		&lt;td class="tabelatd2"&gt;Criciúma/SC&lt;/td&gt;
		&lt;td class="tabelatd2"&gt;1&lt;/td&gt;
		&lt;td class="tabelatd2"&gt;428&lt;/td&gt;
		&lt;td class="tabelatd2"&gt;Tipo Cobranca&lt;/td&gt;
		&lt;td class="tabelatd2"&gt;11/10/2018&lt;/td&gt;
		&lt;td class="tabelatd2"&gt;110.00&lt;/td&gt;
		&lt;td class="tabelatd2"&gt;0.00&lt;/td&gt;
		&lt;td class="tabelatd2"&gt;0.00&lt;/td&gt;
		&lt;td class="tabelatd2"&gt;0.00&lt;/td&gt;
		&lt;td class="tabelatd2"&gt;&lt;br&gt;&lt;br&gt;&lt;/td&gt;
	&lt;/tr&gt;
	&lt;tr&gt;
		&lt;td class="tabelatd1"&gt;1-Fulano de Tal (652.392.539-00)&lt;/td&gt;
		&lt;td class="tabelatd1"&gt;Rua Geral&lt;/td&gt;
		&lt;td class="tabelatd1"&gt;Criciúma/SC&lt;/td&gt;
		&lt;td class="tabelatd1"&gt;1&lt;/td&gt;
		&lt;td class="tabelatd1"&gt;395&lt;/td&gt;
		&lt;td class="tabelatd1"&gt;Tipo Cobranca&lt;/td&gt;
		&lt;td class="tabelatd1"&gt;11/10/2018&lt;/td&gt;
		&lt;td class="tabelatd1"&gt;110.00&lt;/td&gt;
		&lt;td class="tabelatd1"&gt;0.00&lt;/td&gt;
		&lt;td class="tabelatd1"&gt;0.00&lt;/td&gt;
		&lt;td class="tabelatd1"&gt;0.00&lt;/td&gt;
		&lt;td class="tabelatd1"&gt;&lt;br&gt;&lt;br&gt;&lt;/td&gt;
	&lt;/tr&gt;
	&lt;tr&gt;
		&lt;td class="tabelatd2"&gt;1-Fulano de Tal (652.392.539-00)&lt;/td&gt;
		&lt;td class="tabelatd2"&gt;Rua Geral&lt;/td&gt;
		&lt;td class="tabelatd2"&gt;Criciúma/SC&lt;/td&gt;
		&lt;td class="tabelatd2"&gt;1&lt;/td&gt;
		&lt;td class="tabelatd2"&gt;429&lt;/td&gt;
		&lt;td class="tabelatd2"&gt;Tipo Cobranca&lt;/td&gt;
		&lt;td class="tabelatd2"&gt;11/10/2018&lt;/td&gt;
		&lt;td class="tabelatd2"&gt;110.00&lt;/td&gt;
		&lt;td class="tabelatd2"&gt;0.00&lt;/td&gt;
		&lt;td class="tabelatd2"&gt;0.00&lt;/td&gt;
		&lt;td class="tabelatd2"&gt;0.00&lt;/td&gt;
		&lt;td class="tabelatd2"&gt;&lt;br&gt;&lt;br&gt;&lt;/td&gt;
	&lt;/tr&gt;
	&lt;tr&gt;
		&lt;td class="tabelatd1"&gt;1-Fulano de Tal (652.392.539-00)&lt;/td&gt;
		&lt;td class="tabelatd1"&gt;Rua Geral&lt;/td&gt;
		&lt;td class="tabelatd1"&gt;Criciúma/SC&lt;/td&gt;
		&lt;td class="tabelatd1"&gt;1&lt;/td&gt;
		&lt;td class="tabelatd1"&gt;430&lt;/td&gt;
		&lt;td class="tabelatd1"&gt;Tipo Cobranca&lt;/td&gt;
		&lt;td class="tabelatd1"&gt;11/10/2018&lt;/td&gt;
		&lt;td class="tabelatd1"&gt;110.00&lt;/td&gt;
		&lt;td class="tabelatd1"&gt;0.00&lt;/td&gt;
		&lt;td class="tabelatd1"&gt;0.00&lt;/td&gt;
		&lt;td class="tabelatd1"&gt;0.00&lt;/td&gt;
		&lt;td class="tabelatd1"&gt;&lt;br&gt;&lt;br&gt;&lt;/td&gt;
	&lt;/tr&gt;
	&lt;tr&gt;
		&lt;td class="tabelatd2"&gt;1-Fulano de Tal (652.392.539-00)&lt;/td&gt;
		&lt;td class="tabelatd2"&gt;Rua Geral&lt;/td&gt;
		&lt;td class="tabelatd2"&gt;Criciúma/SC&lt;/td&gt;
		&lt;td class="tabelatd2"&gt;1&lt;/td&gt;
		&lt;td class="tabelatd2"&gt;451&lt;/td&gt;
		&lt;td class="tabelatd2"&gt;Tipo Cobranca&lt;/td&gt;
		&lt;td class="tabelatd2"&gt;11/10/2018&lt;/td&gt;
		&lt;td class="tabelatd2"&gt;110.00&lt;/td&gt;
		&lt;td class="tabelatd2"&gt;0.00&lt;/td&gt;
		&lt;td class="tabelatd2"&gt;0.00&lt;/td&gt;
		&lt;td class="tabelatd2"&gt;0.00&lt;/td&gt;
		&lt;td class="tabelatd2"&gt;&lt;br&gt;&lt;br&gt;&lt;/td&gt;
	&lt;/tr&gt;
	&lt;tr&gt;
		&lt;td class="tabelatd1"&gt;1-Fulano de Tal (652.392.539-00)&lt;/td&gt;
		&lt;td class="tabelatd1"&gt;Rua Geral&lt;/td&gt;
		&lt;td class="tabelatd1"&gt;Criciúma/SC&lt;/td&gt;
		&lt;td class="tabelatd1"&gt;1&lt;/td&gt;
		&lt;td class="tabelatd1"&gt;454&lt;/td&gt;
		&lt;td class="tabelatd1"&gt;Tipo Cobranca&lt;/td&gt;
		&lt;td class="tabelatd1"&gt;11/10/2018&lt;/td&gt;
		&lt;td class="tabelatd1"&gt;110.00&lt;/td&gt;
		&lt;td class="tabelatd1"&gt;0.00&lt;/td&gt;
		&lt;td class="tabelatd1"&gt;0.00&lt;/td&gt;
		&lt;td class="tabelatd1"&gt;0.00&lt;/td&gt;
		&lt;td class="tabelatd1"&gt;&lt;br&gt;&lt;br&gt;&lt;/td&gt;
	&lt;/tr&gt;
	&lt;tr&gt;
		&lt;td class="tabelatd2"&gt;1-Fulano de Tal (652.392.539-00)&lt;/td&gt;
		&lt;td class="tabelatd2"&gt;Rua Geral&lt;/td&gt;
		&lt;td class="tabelatd2"&gt;Criciúma/SC&lt;/td&gt;
		&lt;td class="tabelatd2"&gt;1&lt;/td&gt;
		&lt;td class="tabelatd2"&gt;455&lt;/td&gt;
		&lt;td class="tabelatd2"&gt;Tipo Cobranca&lt;/td&gt;
		&lt;td class="tabelatd2"&gt;11/10/2018&lt;/td&gt;
		&lt;td class="tabelatd2"&gt;110.00&lt;/td&gt;
		&lt;td class="tabelatd2"&gt;0.00&lt;/td&gt;
		&lt;td class="tabelatd2"&gt;0.00&lt;/td&gt;
		&lt;td class="tabelatd2"&gt;0.00&lt;/td&gt;
		&lt;td class="tabelatd2"&gt;&lt;br&gt;&lt;br&gt;&lt;/td&gt;
	&lt;/tr&gt;
	&lt;tr&gt;
		&lt;td class="tabelatd1"&gt;1-Fulano de Tal (652.392.539-00)&lt;/td&gt;
		&lt;td class="tabelatd1"&gt;Rua Geral&lt;/td&gt;
		&lt;td class="tabelatd1"&gt;Criciúma/SC&lt;/td&gt;
		&lt;td class="tabelatd1"&gt;1&lt;/td&gt;
		&lt;td class="tabelatd1"&gt;456&lt;/td&gt;
		&lt;td class="tabelatd1"&gt;Tipo Cobranca&lt;/td&gt;
		&lt;td class="tabelatd1"&gt;11/10/2018&lt;/td&gt;
		&lt;td class="tabelatd1"&gt;110.00&lt;/td&gt;
		&lt;td class="tabelatd1"&gt;0.00&lt;/td&gt;
		&lt;td class="tabelatd1"&gt;0.00&lt;/td&gt;
		&lt;td class="tabelatd1"&gt;0.00&lt;/td&gt;
		&lt;td class="tabelatd1"&gt;&lt;br&gt;&lt;br&gt;&lt;/td&gt;
	&lt;/tr&gt;
	&lt;tr&gt;
		&lt;td class="tabelatd2"&gt;1-Fulano de Tal (652.392.539-00)&lt;/td&gt;
		&lt;td class="tabelatd2"&gt;Rua Geral&lt;/td&gt;
		&lt;td class="tabelatd2"&gt;Criciúma/SC&lt;/td&gt;
		&lt;td class="tabelatd2"&gt;1&lt;/td&gt;
		&lt;td class="tabelatd2"&gt;457&lt;/td&gt;
		&lt;td class="tabelatd2"&gt;Tipo Cobranca&lt;/td&gt;
		&lt;td class="tabelatd2"&gt;11/10/2018&lt;/td&gt;
		&lt;td class="tabelatd2"&gt;110.00&lt;/td&gt;
		&lt;td class="tabelatd2"&gt;0.00&lt;/td&gt;
		&lt;td class="tabelatd2"&gt;0.00&lt;/td&gt;
		&lt;td class="tabelatd2"&gt;0.00&lt;/td&gt;
		&lt;td class="tabelatd2"&gt;&lt;br&gt;&lt;br&gt;&lt;/td&gt;
	&lt;/tr&gt;
	&lt;tr&gt;
		&lt;td class="tabelatd1"&gt;1-Fulano de Tal (652.392.539-00)&lt;/td&gt;
		&lt;td class="tabelatd1"&gt;Rua Geral&lt;/td&gt;
		&lt;td class="tabelatd1"&gt;Criciúma/SC&lt;/td&gt;
		&lt;td class="tabelatd1"&gt;1&lt;/td&gt;
		&lt;td class="tabelatd1"&gt;458&lt;/td&gt;
		&lt;td class="tabelatd1"&gt;Tipo Cobranca&lt;/td&gt;
		&lt;td class="tabelatd1"&gt;11/10/2018&lt;/td&gt;
		&lt;td class="tabelatd1"&gt;110.00&lt;/td&gt;
		&lt;td class="tabelatd1"&gt;0.00&lt;/td&gt;
		&lt;td class="tabelatd1"&gt;0.00&lt;/td&gt;
		&lt;td class="tabelatd1"&gt;0.00&lt;/td&gt;
		&lt;td class="tabelatd1"&gt;&lt;br&gt;&lt;br&gt;&lt;/td&gt;
	&lt;/tr&gt;
	&lt;tr&gt;
		&lt;td class="tabelatd2"&gt;1-Fulano de Tal (652.392.539-00)&lt;/td&gt;
		&lt;td class="tabelatd2"&gt;Rua Geral&lt;/td&gt;
		&lt;td class="tabelatd2"&gt;Criciúma/SC&lt;/td&gt;
		&lt;td class="tabelatd2"&gt;1&lt;/td&gt;
		&lt;td class="tabelatd2"&gt;459&lt;/td&gt;
		&lt;td class="tabelatd2"&gt;Tipo Cobranca&lt;/td&gt;
		&lt;td class="tabelatd2"&gt;11/10/2018&lt;/td&gt;
		&lt;td class="tabelatd2"&gt;110.00&lt;/td&gt;
		&lt;td class="tabelatd2"&gt;0.00&lt;/td&gt;
		&lt;td class="tabelatd2"&gt;0.00&lt;/td&gt;
		&lt;td class="tabelatd2"&gt;0.00&lt;/td&gt;
		&lt;td class="tabelatd2"&gt;&lt;br&gt;&lt;br&gt;&lt;/td&gt;
	&lt;/tr&gt;
	&lt;tr&gt;
		&lt;td class="tabelatd1"&gt;1-Fulano de Tal (652.392.539-00)&lt;/td&gt;
		&lt;td class="tabelatd1"&gt;Rua Geral&lt;/td&gt;
		&lt;td class="tabelatd1"&gt;Criciúma/SC&lt;/td&gt;
		&lt;td class="tabelatd1"&gt;1&lt;/td&gt;
		&lt;td class="tabelatd1"&gt;460&lt;/td&gt;
		&lt;td class="tabelatd1"&gt;Tipo Cobranca&lt;/td&gt;
		&lt;td class="tabelatd1"&gt;11/10/2018&lt;/td&gt;
		&lt;td class="tabelatd1"&gt;110.00&lt;/td&gt;
		&lt;td class="tabelatd1"&gt;0.00&lt;/td&gt;
		&lt;td class="tabelatd1"&gt;0.00&lt;/td&gt;
		&lt;td class="tabelatd1"&gt;0.00&lt;/td&gt;
		&lt;td class="tabelatd1"&gt;&lt;br&gt;&lt;br&gt;&lt;/td&gt;
	&lt;/tr&gt;
	&lt;tr&gt;
		&lt;td class="tabelatd2"&gt;1-Fulano de Tal (652.392.539-00)&lt;/td&gt;
		&lt;td class="tabelatd2"&gt;Rua Geral&lt;/td&gt;
		&lt;td class="tabelatd2"&gt;Criciúma/SC&lt;/td&gt;
		&lt;td class="tabelatd2"&gt;1&lt;/td&gt;
		&lt;td class="tabelatd2"&gt;461&lt;/td&gt;
		&lt;td class="tabelatd2"&gt;Tipo Cobranca&lt;/td&gt;
		&lt;td class="tabelatd2"&gt;11/10/2018&lt;/td&gt;
		&lt;td class="tabelatd2"&gt;110.00&lt;/td&gt;
		&lt;td class="tabelatd2"&gt;0.00&lt;/td&gt;
		&lt;td class="tabelatd2"&gt;0.00&lt;/td&gt;
		&lt;td class="tabelatd2"&gt;0.00&lt;/td&gt;
		&lt;td class="tabelatd2"&gt;&lt;br&gt;&lt;br&gt;&lt;/td&gt;
	&lt;/tr&gt;
	&lt;tr&gt;
		&lt;td class="tabelatd1"&gt;1-Fulano de Tal (652.392.539-00)&lt;/td&gt;
		&lt;td class="tabelatd1"&gt;Rua Geral&lt;/td&gt;
		&lt;td class="tabelatd1"&gt;Criciúma/SC&lt;/td&gt;
		&lt;td class="tabelatd1"&gt;1&lt;/td&gt;
		&lt;td class="tabelatd1"&gt;462&lt;/td&gt;
		&lt;td class="tabelatd1"&gt;Tipo Cobranca&lt;/td&gt;
		&lt;td class="tabelatd1"&gt;11/10/2018&lt;/td&gt;
		&lt;td class="tabelatd1"&gt;110.00&lt;/td&gt;
		&lt;td class="tabelatd1"&gt;0.00&lt;/td&gt;
		&lt;td class="tabelatd1"&gt;0.00&lt;/td&gt;
		&lt;td class="tabelatd1"&gt;0.00&lt;/td&gt;
		&lt;td class="tabelatd1"&gt;&lt;br&gt;&lt;br&gt;&lt;/td&gt;
	&lt;/tr&gt;
	&lt;tr&gt;
		&lt;td class="tabelatd2"&gt;1-Fulano de Tal (652.392.539-00)&lt;/td&gt;
		&lt;td class="tabelatd2"&gt;Rua Geral&lt;/td&gt;
		&lt;td class="tabelatd2"&gt;Criciúma/SC&lt;/td&gt;
		&lt;td class="tabelatd2"&gt;1&lt;/td&gt;
		&lt;td class="tabelatd2"&gt;463&lt;/td&gt;
		&lt;td class="tabelatd2"&gt;Tipo Cobranca&lt;/td&gt;
		&lt;td class="tabelatd2"&gt;11/10/2018&lt;/td&gt;
		&lt;td class="tabelatd2"&gt;110.00&lt;/td&gt;
		&lt;td class="tabelatd2"&gt;0.00&lt;/td&gt;
		&lt;td class="tabelatd2"&gt;0.00&lt;/td&gt;
		&lt;td class="tabelatd2"&gt;0.00&lt;/td&gt;
		&lt;td class="tabelatd2"&gt;&lt;br&gt;&lt;br&gt;&lt;/td&gt;
	&lt;/tr&gt;
	&lt;tr&gt;
		&lt;td class="tabelatd1"&gt;1-Fulano de Tal (652.392.539-00)&lt;/td&gt;
		&lt;td class="tabelatd1"&gt;Rua Geral&lt;/td&gt;
		&lt;td class="tabelatd1"&gt;Criciúma/SC&lt;/td&gt;
		&lt;td class="tabelatd1"&gt;1&lt;/td&gt;
		&lt;td class="tabelatd1"&gt;464&lt;/td&gt;
		&lt;td class="tabelatd1"&gt;Tipo Cobranca&lt;/td&gt;
		&lt;td class="tabelatd1"&gt;11/10/2018&lt;/td&gt;
		&lt;td class="tabelatd1"&gt;110.00&lt;/td&gt;
		&lt;td class="tabelatd1"&gt;0.00&lt;/td&gt;
		&lt;td class="tabelatd1"&gt;0.00&lt;/td&gt;
		&lt;td class="tabelatd1"&gt;0.00&lt;/td&gt;
		&lt;td class="tabelatd1"&gt;&lt;br&gt;&lt;br&gt;&lt;/td&gt;
	&lt;/tr&gt;
	&lt;tr&gt;
		&lt;td class="tabelatd2"&gt;1-Fulano de Tal (652.392.539-00)&lt;/td&gt;
		&lt;td class="tabelatd2"&gt;Rua Geral&lt;/td&gt;
		&lt;td class="tabelatd2"&gt;Criciúma/SC&lt;/td&gt;
		&lt;td class="tabelatd2"&gt;1&lt;/td&gt;
		&lt;td class="tabelatd2"&gt;465&lt;/td&gt;
		&lt;td class="tabelatd2"&gt;Tipo Cobranca&lt;/td&gt;
		&lt;td class="tabelatd2"&gt;11/10/2018&lt;/td&gt;
		&lt;td class="tabelatd2"&gt;110.00&lt;/td&gt;
		&lt;td class="tabelatd2"&gt;0.00&lt;/td&gt;
		&lt;td class="tabelatd2"&gt;0.00&lt;/td&gt;
		&lt;td class="tabelatd2"&gt;0.00&lt;/td&gt;
		&lt;td class="tabelatd2"&gt;&lt;br&gt;&lt;br&gt;&lt;/td&gt;
	&lt;/tr&gt;
	&lt;tr&gt;
		&lt;td class="tabelatd1"&gt;1-Fulano de Tal (652.392.539-00)&lt;/td&gt;
		&lt;td class="tabelatd1"&gt;Rua Geral&lt;/td&gt;
		&lt;td class="tabelatd1"&gt;Criciúma/SC&lt;/td&gt;
		&lt;td class="tabelatd1"&gt;1&lt;/td&gt;
		&lt;td class="tabelatd1"&gt;466&lt;/td&gt;
		&lt;td class="tabelatd1"&gt;Tipo Cobranca&lt;/td&gt;
		&lt;td class="tabelatd1"&gt;11/10/2018&lt;/td&gt;
		&lt;td class="tabelatd1"&gt;110.00&lt;/td&gt;
		&lt;td class="tabelatd1"&gt;0.00&lt;/td&gt;
		&lt;td class="tabelatd1"&gt;0.00&lt;/td&gt;
		&lt;td class="tabelatd1"&gt;0.00&lt;/td&gt;
		&lt;td class="tabelatd1"&gt;&lt;br&gt;&lt;br&gt;&lt;/td&gt;
	&lt;/tr&gt;
	&lt;tr&gt;
		&lt;td class="tabelatd2"&gt;1-Fulano de Tal (652.392.539-00)&lt;/td&gt;
		&lt;td class="tabelatd2"&gt;Rua Geral&lt;/td&gt;
		&lt;td class="tabelatd2"&gt;Criciúma/SC&lt;/td&gt;
		&lt;td class="tabelatd2"&gt;1&lt;/td&gt;
		&lt;td class="tabelatd2"&gt;467&lt;/td&gt;
		&lt;td class="tabelatd2"&gt;Tipo Cobranca&lt;/td&gt;
		&lt;td class="tabelatd2"&gt;11/10/2018&lt;/td&gt;
		&lt;td class="tabelatd2"&gt;110.00&lt;/td&gt;
		&lt;td class="tabelatd2"&gt;0.00&lt;/td&gt;
		&lt;td class="tabelatd2"&gt;0.00&lt;/td&gt;
		&lt;td class="tabelatd2"&gt;0.00&lt;/td&gt;
		&lt;td class="tabelatd2"&gt;&lt;br&gt;&lt;br&gt;&lt;/td&gt;
	&lt;/tr&gt;
&lt;/Table&gt;
&lt;h3&gt;Número de registros na lista: 436&lt;/h3&gt;
&lt;/div&gt;
</system-out>
      </testcase>
    </testsuite>
    <testsuite name="DaoRelatorioGerencialTest" file="C:\Apache24\htdocs\Associacao\tests\controller\DaoRelatorioGerencialTest.php" tests="3" assertions="3" errors="0" failures="0" skipped="0" time="0.120822">
      <testcase name="testGetClassView" class="DaoRelatorioGerencialTest" classname="DaoRelatorioGerencialTest" file="C:\Apache24\htdocs\Associacao\tests\controller\DaoRelatorioGerencialTest.php" line="32" assertions="1" time="0.021365"/>
      <testcase name="testExecutaView" class="DaoRelatorioGerencialTest" classname="DaoRelatorioGerencialTest" file="C:\Apache24\htdocs\Associacao\tests\controller\DaoRelatorioGerencialTest.php" line="40" assertions="1" time="0.055903">
        <system-out>﻿&lt;!DOCTYPE html&gt;&#13;
&lt;html&gt;&#13;
    &lt;head&gt;&#13;
                        &lt;title&gt;Relatório gerencial&lt;/title&gt;&#13;
    &lt;/head&gt;&#13;
    &lt;body&gt;&#13;
     &lt;center&gt;&lt;div&gt;&lt;h1 class="tituloCadastro"&gt;Relatório gerencial&lt;/h1&gt;&lt;/div&gt;&lt;/center&gt;&#13;
&#13;
&lt;form id="cadastro" name="relaciona" method="post" enctype="multipart/form-data" action=""&gt;&#13;
  &lt;input name="class" type="hidden" id="class" value="RelatorioGerencial" /&gt;&#13;
  &lt;table class="tabelaCadastro"&gt;&#13;
    &lt;tr&gt;&#13;
      &lt;td class="labelCadastro"&gt;Tipo de cobrança:&lt;/td&gt;&#13;
      &lt;td class="campoCadastro"&gt;&lt;select class="campo" name="idTipoCobranca" id="idTipoCobranca"&gt;  &lt;option&gt;[Selecione...]&lt;/option&gt;
  &lt;option value="5"&gt;Aula de dança de salão&lt;/option&gt;
  &lt;option value="3"&gt;Manutenção&lt;/option&gt;
  &lt;option value="4"&gt;Mensalidades&lt;/option&gt;
  &lt;option value="2"&gt;Taxa de Manutenção&lt;/option&gt;
  &lt;option value="1" selected&gt;Tipo Cobranca&lt;/option&gt;
  &lt;option value="10"&gt;Tipo Cobranca 10&lt;/option&gt;
  &lt;option value="11"&gt;Tipo Cobranca 11&lt;/option&gt;
  &lt;option value="12"&gt;Tipo Cobranca 12&lt;/option&gt;
  &lt;option value="13"&gt;Tipo Cobranca 13&lt;/option&gt;
  &lt;option value="14"&gt;Tipo Cobranca 14&lt;/option&gt;
  &lt;option value="15"&gt;Tipo Cobranca 15&lt;/option&gt;
  &lt;option value="16"&gt;Tipo Cobranca 16&lt;/option&gt;
  &lt;option value="17"&gt;Tipo Cobranca 17&lt;/option&gt;
  &lt;option value="18"&gt;Tipo Cobranca 18&lt;/option&gt;
  &lt;option value="19"&gt;Tipo Cobranca 19&lt;/option&gt;
  &lt;option value="20"&gt;Tipo Cobranca 20&lt;/option&gt;
  &lt;option value="21"&gt;Tipo Cobranca 21&lt;/option&gt;
  &lt;option value="22"&gt;Tipo Cobranca 22&lt;/option&gt;
  &lt;option value="23"&gt;Tipo Cobranca 23&lt;/option&gt;
  &lt;option value="24"&gt;Tipo Cobranca 24&lt;/option&gt;
  &lt;option value="25"&gt;Tipo Cobranca 25&lt;/option&gt;
  &lt;option value="26"&gt;Tipo Cobranca 26&lt;/option&gt;
  &lt;option value="27"&gt;Tipo Cobranca 27&lt;/option&gt;
  &lt;option value="28"&gt;Tipo Cobranca 28&lt;/option&gt;
  &lt;option value="29"&gt;Tipo Cobranca 29&lt;/option&gt;
  &lt;option value="30"&gt;Tipo Cobranca 30&lt;/option&gt;
  &lt;option value="31"&gt;Tipo Cobranca 31&lt;/option&gt;
  &lt;option value="32"&gt;Tipo Cobranca 32&lt;/option&gt;
  &lt;option value="33"&gt;Tipo Cobranca 33&lt;/option&gt;
  &lt;option value="34"&gt;Tipo Cobranca 34&lt;/option&gt;
  &lt;option value="35"&gt;Tipo Cobranca 35&lt;/option&gt;
  &lt;option value="36"&gt;Tipo Cobranca 36&lt;/option&gt;
  &lt;option value="37"&gt;Tipo Cobranca 37&lt;/option&gt;
  &lt;option value="38"&gt;Tipo Cobranca 38&lt;/option&gt;
  &lt;option value="39"&gt;Tipo Cobranca 39&lt;/option&gt;
  &lt;option value="40"&gt;Tipo Cobranca 40&lt;/option&gt;
  &lt;option value="41"&gt;Tipo Cobranca 41&lt;/option&gt;
  &lt;option value="42"&gt;Tipo Cobranca 42&lt;/option&gt;
  &lt;option value="43"&gt;Tipo Cobranca 43&lt;/option&gt;
  &lt;option value="44"&gt;Tipo Cobranca 44&lt;/option&gt;
  &lt;option value="45"&gt;Tipo Cobranca 45&lt;/option&gt;
  &lt;option value="46"&gt;Tipo Cobranca 46&lt;/option&gt;
  &lt;option value="47"&gt;Tipo Cobranca 47&lt;/option&gt;
  &lt;option value="48"&gt;Tipo Cobranca 48&lt;/option&gt;
  &lt;option value="49"&gt;Tipo Cobranca 49&lt;/option&gt;
  &lt;option value="50"&gt;Tipo Cobranca 50&lt;/option&gt;
  &lt;option value="51"&gt;Tipo Cobranca 51&lt;/option&gt;
  &lt;option value="52"&gt;Tipo Cobranca 52&lt;/option&gt;
  &lt;option value="53"&gt;Tipo Cobranca 53&lt;/option&gt;
  &lt;option value="54"&gt;Tipo Cobranca 54&lt;/option&gt;
  &lt;option value="55"&gt;Tipo Cobranca 55&lt;/option&gt;
  &lt;option value="56"&gt;Tipo Cobranca 56&lt;/option&gt;
  &lt;option value="6"&gt;Tipo Cobranca 6&lt;/option&gt;
  &lt;option value="7"&gt;Tipo Cobranca 7&lt;/option&gt;
  &lt;option value="8"&gt;Tipo Cobranca 8&lt;/option&gt;
  &lt;option value="9"&gt;Tipo Cobranca 9&lt;/option&gt;
&lt;/select&gt;&lt;/td&gt;&#13;
      &lt;td class="labelCadastro"&gt;Situação da baixa:&lt;/td&gt;&#13;
      &lt;td class="campoCadastro"&gt;&lt;select class="campo" name="idSituacaoBaixa" id="idSituacaoBaixa"&gt;  &lt;option&gt;[Selecione...]&lt;/option&gt;
  &lt;option value="1"&gt;Em aberto&lt;/option&gt;
  &lt;option value="2" selected&gt;Pago&lt;/option&gt;
&lt;/select&gt;&lt;/td&gt;&#13;
      &lt;td class="labelCadastro"&gt;Número do título:&lt;/td&gt;&#13;
      &lt;td class="campoCadastro"&gt;&lt;select class="campo" name="idTitulo" id="idTitulo" &gt;  &lt;option&gt;[Selecione...]&lt;/option&gt;
  &lt;option value="3"&gt;0F&lt;/option&gt;
  &lt;option value="1" selected&gt;1&lt;/option&gt;
  &lt;option value="5"&gt;1&lt;/option&gt;
  &lt;option value="6"&gt;1&lt;/option&gt;
  &lt;option value="7"&gt;1&lt;/option&gt;
  &lt;option value="8"&gt;1&lt;/option&gt;
  &lt;option value="9"&gt;1&lt;/option&gt;
  &lt;option value="10"&gt;1&lt;/option&gt;
  &lt;option value="11"&gt;1&lt;/option&gt;
  &lt;option value="12"&gt;1&lt;/option&gt;
  &lt;option value="13"&gt;1&lt;/option&gt;
  &lt;option value="14"&gt;1&lt;/option&gt;
  &lt;option value="15"&gt;1&lt;/option&gt;
  &lt;option value="16"&gt;1&lt;/option&gt;
  &lt;option value="17"&gt;1&lt;/option&gt;
  &lt;option value="18"&gt;1&lt;/option&gt;
  &lt;option value="19"&gt;1&lt;/option&gt;
  &lt;option value="4"&gt;23F&lt;/option&gt;
&lt;/select&gt;&lt;/td&gt;&#13;
      &lt;td class="labelCadastro"&gt;Nome&amp;nbspdo&amp;nbspassociado:&lt;/td&gt; &#13;
      &lt;td class="campoCadastro"&gt;&lt;select class="campo" name="idAssociado" id="idAssociado" &gt;  &lt;option&gt;[Selecione...]&lt;/option&gt;
  &lt;option value="4"&gt;Beltrano da Silva (333.333.333-33)&lt;/option&gt;
  &lt;option value="3"&gt;Cicrano de Tal (222.222.222-22)&lt;/option&gt;
  &lt;option value="1" selected&gt;Fulano de Tal (652.392.539-00)&lt;/option&gt;
  &lt;option value="5"&gt;Fulano de Tal (652.392.539-00)&lt;/option&gt;
  &lt;option value="6"&gt;Fulano de Tal (652.392.539-00)&lt;/option&gt;
  &lt;option value="7"&gt;Fulano de Tal (652.392.539-00)&lt;/option&gt;
  &lt;option value="8"&gt;Fulano de Tal (652.392.539-00)&lt;/option&gt;
  &lt;option value="9"&gt;Fulano de Tal (652.392.539-00)&lt;/option&gt;
  &lt;option value="10"&gt;Fulano de Tal (652.392.539-00)&lt;/option&gt;
  &lt;option value="11"&gt;Fulano de Tal (652.392.539-00)&lt;/option&gt;
  &lt;option value="12"&gt;Fulano de Tal (652.392.539-00)&lt;/option&gt;
  &lt;option value="13"&gt;Fulano de Tal (652.392.539-00)&lt;/option&gt;
  &lt;option value="14"&gt;Fulano de Tal (652.392.539-00)&lt;/option&gt;
  &lt;option value="15"&gt;Fulano de Tal (652.392.539-00)&lt;/option&gt;
  &lt;option value="16"&gt;Fulano de Tal (652.392.539-00)&lt;/option&gt;
  &lt;option value="17"&gt;Fulano de Tal (652.392.539-00)&lt;/option&gt;
  &lt;option value="18"&gt;Fulano de Tal (652.392.539-00)&lt;/option&gt;
  &lt;option value="19"&gt;Fulano de Tal (652.392.539-00)&lt;/option&gt;
&lt;/select&gt;&lt;/td&gt;&#13;
      &lt;td class="campoCadastro"&gt;&lt;input class="botaoAtualizar" type="Submit" id="atualizar" name="atualizar" value="Atualizar"&gt;&lt;/td&gt;&#13;
    &lt;/tr&gt;&#13;
  &lt;/table&gt;&#13;
&lt;/form&gt;&#13;
&#13;
     &lt;input type="button" onclick="imprimirDiv('divCOBRANCA', this);" value="Imprimir lista"&gt;&lt;div id='divCOBRANCA'&gt;
&lt;Table class="tabela" width="100%" border="1" cellpadding="3" cellspacing="0"&gt;
&lt;tr&gt;
&lt;th class="tabelath" border="1"&gt;PARCELA&lt;/th&gt;
&lt;th class="tabelath" border="1"&gt;DESCRICAO&lt;/th&gt;
&lt;th class="tabelath" border="1"&gt;DATA_VENCIMENTO&lt;/th&gt;
&lt;th class="tabelath" border="1"&gt;VALOR_NOMINAL&lt;/th&gt;
&lt;th class="tabelath" border="1"&gt;VALOR_BAIXADO&lt;/th&gt;
&lt;th class="tabelath" border="1"&gt;SITUACAO&lt;/th&gt;
&lt;th class="tabelath" border="1"&gt;ASSOCIADO&lt;/th&gt;
&lt;th class="tabelath" border="1"&gt;NUMERO_TITULO&lt;/th&gt;
&lt;th class="tabelath" border="1"&gt;TIPO&lt;/th&gt;
&lt;th class="tabelath" border="1"&gt;SITUACAO_TITULO&lt;/th&gt;
&lt;th class="tabelath" border="1"&gt;OPERAÇÃO&lt;/th&gt;
&lt;/tr&gt;
	&lt;tr&gt;
		&lt;td class="tabelatd1"&gt;40&lt;/td&gt;
		&lt;td class="tabelatd1"&gt;Tipo Cobranca&lt;/td&gt;
		&lt;td class="tabelatd1"&gt;2018-10-10&lt;/td&gt;
		&lt;td class="tabelatd1"&gt;100.00&lt;/td&gt;
		&lt;td class="tabelatd1"&gt;100.00&lt;/td&gt;
		&lt;td class="tabelatd1"&gt;Pago&lt;/td&gt;
		&lt;td class="tabelatd1"&gt;Fulano de Tal (652.392.539-00)&lt;/td&gt;
		&lt;td class="tabelatd1"&gt;1&lt;/td&gt;
		&lt;td class="tabelatd1"&gt;Patrimonial&lt;/td&gt;
		&lt;td class="tabelatd1"&gt;Ativo&lt;/td&gt;
&lt;th class="tabelatd1" border="1"&gt;&lt;a class="noPrint" href="?class=BaixarParcela&amp;id=40"&gt;[Baixar&amp;nbsp;parcela] &lt;/a&gt;&lt;a class="noPrint" href="?class=ImprimirParcela&amp;id=40"&gt;[Imprimir&amp;nbsp;parcela] &lt;/a&gt;&lt;/th&gt;
	&lt;/tr&gt;
	&lt;tr&gt;
		&lt;td class="tabelatd2"&gt;51&lt;/td&gt;
		&lt;td class="tabelatd2"&gt;Tipo Cobranca&lt;/td&gt;
		&lt;td class="tabelatd2"&gt;2018-10-10&lt;/td&gt;
		&lt;td class="tabelatd2"&gt;100.00&lt;/td&gt;
		&lt;td class="tabelatd2"&gt;100.00&lt;/td&gt;
		&lt;td class="tabelatd2"&gt;Pago&lt;/td&gt;
		&lt;td class="tabelatd2"&gt;Fulano de Tal (652.392.539-00)&lt;/td&gt;
		&lt;td class="tabelatd2"&gt;1&lt;/td&gt;
		&lt;td class="tabelatd2"&gt;Patrimonial&lt;/td&gt;
		&lt;td class="tabelatd2"&gt;Ativo&lt;/td&gt;
&lt;th class="tabelatd2" border="1"&gt;&lt;a class="noPrint" href="?class=BaixarParcela&amp;id=51"&gt;[Baixar&amp;nbsp;parcela] &lt;/a&gt;&lt;a class="noPrint" href="?class=ImprimirParcela&amp;id=51"&gt;[Imprimir&amp;nbsp;parcela] &lt;/a&gt;&lt;/th&gt;
	&lt;/tr&gt;
	&lt;tr&gt;
		&lt;td class="tabelatd1"&gt;64&lt;/td&gt;
		&lt;td class="tabelatd1"&gt;Tipo Cobranca&lt;/td&gt;
		&lt;td class="tabelatd1"&gt;2018-10-10&lt;/td&gt;
		&lt;td class="tabelatd1"&gt;100.00&lt;/td&gt;
		&lt;td class="tabelatd1"&gt;100.00&lt;/td&gt;
		&lt;td class="tabelatd1"&gt;Pago&lt;/td&gt;
		&lt;td class="tabelatd1"&gt;Fulano de Tal (652.392.539-00)&lt;/td&gt;
		&lt;td class="tabelatd1"&gt;1&lt;/td&gt;
		&lt;td class="tabelatd1"&gt;Patrimonial&lt;/td&gt;
		&lt;td class="tabelatd1"&gt;Ativo&lt;/td&gt;
&lt;th class="tabelatd1" border="1"&gt;&lt;a class="noPrint" href="?class=BaixarParcela&amp;id=64"&gt;[Baixar&amp;nbsp;parcela] &lt;/a&gt;&lt;a class="noPrint" href="?class=ImprimirParcela&amp;id=64"&gt;[Imprimir&amp;nbsp;parcela] &lt;/a&gt;&lt;/th&gt;
	&lt;/tr&gt;
	&lt;tr&gt;
		&lt;td class="tabelatd2"&gt;79&lt;/td&gt;
		&lt;td class="tabelatd2"&gt;Tipo Cobranca&lt;/td&gt;
		&lt;td class="tabelatd2"&gt;2018-10-10&lt;/td&gt;
		&lt;td class="tabelatd2"&gt;100.00&lt;/td&gt;
		&lt;td class="tabelatd2"&gt;100.00&lt;/td&gt;
		&lt;td class="tabelatd2"&gt;Pago&lt;/td&gt;
		&lt;td class="tabelatd2"&gt;Fulano de Tal (652.392.539-00)&lt;/td&gt;
		&lt;td class="tabelatd2"&gt;1&lt;/td&gt;
		&lt;td class="tabelatd2"&gt;Patrimonial&lt;/td&gt;
		&lt;td class="tabelatd2"&gt;Ativo&lt;/td&gt;
&lt;th class="tabelatd2" border="1"&gt;&lt;a class="noPrint" href="?class=BaixarParcela&amp;id=79"&gt;[Baixar&amp;nbsp;parcela] &lt;/a&gt;&lt;a class="noPrint" href="?class=ImprimirParcela&amp;id=79"&gt;[Imprimir&amp;nbsp;parcela] &lt;/a&gt;&lt;/th&gt;
	&lt;/tr&gt;
	&lt;tr&gt;
		&lt;td class="tabelatd1"&gt;112&lt;/td&gt;
		&lt;td class="tabelatd1"&gt;Tipo Cobranca&lt;/td&gt;
		&lt;td class="tabelatd1"&gt;2018-10-10&lt;/td&gt;
		&lt;td class="tabelatd1"&gt;100.00&lt;/td&gt;
		&lt;td class="tabelatd1"&gt;100.00&lt;/td&gt;
		&lt;td class="tabelatd1"&gt;Pago&lt;/td&gt;
		&lt;td class="tabelatd1"&gt;Fulano de Tal (652.392.539-00)&lt;/td&gt;
		&lt;td class="tabelatd1"&gt;1&lt;/td&gt;
		&lt;td class="tabelatd1"&gt;Patrimonial&lt;/td&gt;
		&lt;td class="tabelatd1"&gt;Ativo&lt;/td&gt;
&lt;th class="tabelatd1" border="1"&gt;&lt;a class="noPrint" href="?class=BaixarParcela&amp;id=112"&gt;[Baixar&amp;nbsp;parcela] &lt;/a&gt;&lt;a class="noPrint" href="?class=ImprimirParcela&amp;id=112"&gt;[Imprimir&amp;nbsp;parcela] &lt;/a&gt;&lt;/th&gt;
	&lt;/tr&gt;
	&lt;tr&gt;
		&lt;td class="tabelatd2"&gt;113&lt;/td&gt;
		&lt;td class="tabelatd2"&gt;Tipo Cobranca&lt;/td&gt;
		&lt;td class="tabelatd2"&gt;2018-10-10&lt;/td&gt;
		&lt;td class="tabelatd2"&gt;100.00&lt;/td&gt;
		&lt;td class="tabelatd2"&gt;100.00&lt;/td&gt;
		&lt;td class="tabelatd2"&gt;Pago&lt;/td&gt;
		&lt;td class="tabelatd2"&gt;Fulano de Tal (652.392.539-00)&lt;/td&gt;
		&lt;td class="tabelatd2"&gt;1&lt;/td&gt;
		&lt;td class="tabelatd2"&gt;Patrimonial&lt;/td&gt;
		&lt;td class="tabelatd2"&gt;Ativo&lt;/td&gt;
&lt;th class="tabelatd2" border="1"&gt;&lt;a class="noPrint" href="?class=BaixarParcela&amp;id=113"&gt;[Baixar&amp;nbsp;parcela] &lt;/a&gt;&lt;a class="noPrint" href="?class=ImprimirParcela&amp;id=113"&gt;[Imprimir&amp;nbsp;parcela] &lt;/a&gt;&lt;/th&gt;
	&lt;/tr&gt;
	&lt;tr&gt;
		&lt;td class="tabelatd1"&gt;114&lt;/td&gt;
		&lt;td class="tabelatd1"&gt;Tipo Cobranca&lt;/td&gt;
		&lt;td class="tabelatd1"&gt;2018-10-10&lt;/td&gt;
		&lt;td class="tabelatd1"&gt;100.00&lt;/td&gt;
		&lt;td class="tabelatd1"&gt;100.00&lt;/td&gt;
		&lt;td class="tabelatd1"&gt;Pago&lt;/td&gt;
		&lt;td class="tabelatd1"&gt;Fulano de Tal (652.392.539-00)&lt;/td&gt;
		&lt;td class="tabelatd1"&gt;1&lt;/td&gt;
		&lt;td class="tabelatd1"&gt;Patrimonial&lt;/td&gt;
		&lt;td class="tabelatd1"&gt;Ativo&lt;/td&gt;
&lt;th class="tabelatd1" border="1"&gt;&lt;a class="noPrint" href="?class=BaixarParcela&amp;id=114"&gt;[Baixar&amp;nbsp;parcela] &lt;/a&gt;&lt;a class="noPrint" href="?class=ImprimirParcela&amp;id=114"&gt;[Imprimir&amp;nbsp;parcela] &lt;/a&gt;&lt;/th&gt;
	&lt;/tr&gt;
	&lt;tr&gt;
		&lt;td class="tabelatd2"&gt;115&lt;/td&gt;
		&lt;td class="tabelatd2"&gt;Tipo Cobranca&lt;/td&gt;
		&lt;td class="tabelatd2"&gt;2018-10-10&lt;/td&gt;
		&lt;td class="tabelatd2"&gt;100.00&lt;/td&gt;
		&lt;td class="tabelatd2"&gt;100.00&lt;/td&gt;
		&lt;td class="tabelatd2"&gt;Pago&lt;/td&gt;
		&lt;td class="tabelatd2"&gt;Fulano de Tal (652.392.539-00)&lt;/td&gt;
		&lt;td class="tabelatd2"&gt;1&lt;/td&gt;
		&lt;td class="tabelatd2"&gt;Patrimonial&lt;/td&gt;
		&lt;td class="tabelatd2"&gt;Ativo&lt;/td&gt;
&lt;th class="tabelatd2" border="1"&gt;&lt;a class="noPrint" href="?class=BaixarParcela&amp;id=115"&gt;[Baixar&amp;nbsp;parcela] &lt;/a&gt;&lt;a class="noPrint" href="?class=ImprimirParcela&amp;id=115"&gt;[Imprimir&amp;nbsp;parcela] &lt;/a&gt;&lt;/th&gt;
	&lt;/tr&gt;
	&lt;tr&gt;
		&lt;td class="tabelatd1"&gt;116&lt;/td&gt;
		&lt;td class="tabelatd1"&gt;Tipo Cobranca&lt;/td&gt;
		&lt;td class="tabelatd1"&gt;2018-10-10&lt;/td&gt;
		&lt;td class="tabelatd1"&gt;100.00&lt;/td&gt;
		&lt;td class="tabelatd1"&gt;100.00&lt;/td&gt;
		&lt;td class="tabelatd1"&gt;Pago&lt;/td&gt;
		&lt;td class="tabelatd1"&gt;Fulano de Tal (652.392.539-00)&lt;/td&gt;
		&lt;td class="tabelatd1"&gt;1&lt;/td&gt;
		&lt;td class="tabelatd1"&gt;Patrimonial&lt;/td&gt;
		&lt;td class="tabelatd1"&gt;Ativo&lt;/td&gt;
&lt;th class="tabelatd1" border="1"&gt;&lt;a class="noPrint" href="?class=BaixarParcela&amp;id=116"&gt;[Baixar&amp;nbsp;parcela] &lt;/a&gt;&lt;a class="noPrint" href="?class=ImprimirParcela&amp;id=116"&gt;[Imprimir&amp;nbsp;parcela] &lt;/a&gt;&lt;/th&gt;
	&lt;/tr&gt;
	&lt;tr&gt;
		&lt;td class="tabelatd2"&gt;117&lt;/td&gt;
		&lt;td class="tabelatd2"&gt;Tipo Cobranca&lt;/td&gt;
		&lt;td class="tabelatd2"&gt;2018-10-10&lt;/td&gt;
		&lt;td class="tabelatd2"&gt;100.00&lt;/td&gt;
		&lt;td class="tabelatd2"&gt;100.00&lt;/td&gt;
		&lt;td class="tabelatd2"&gt;Pago&lt;/td&gt;
		&lt;td class="tabelatd2"&gt;Fulano de Tal (652.392.539-00)&lt;/td&gt;
		&lt;td class="tabelatd2"&gt;1&lt;/td&gt;
		&lt;td class="tabelatd2"&gt;Patrimonial&lt;/td&gt;
		&lt;td class="tabelatd2"&gt;Ativo&lt;/td&gt;
&lt;th class="tabelatd2" border="1"&gt;&lt;a class="noPrint" href="?class=BaixarParcela&amp;id=117"&gt;[Baixar&amp;nbsp;parcela] &lt;/a&gt;&lt;a class="noPrint" href="?class=ImprimirParcela&amp;id=117"&gt;[Imprimir&amp;nbsp;parcela] &lt;/a&gt;&lt;/th&gt;
	&lt;/tr&gt;
	&lt;tr&gt;
		&lt;td class="tabelatd1"&gt;118&lt;/td&gt;
		&lt;td class="tabelatd1"&gt;Tipo Cobranca&lt;/td&gt;
		&lt;td class="tabelatd1"&gt;2018-10-10&lt;/td&gt;
		&lt;td class="tabelatd1"&gt;100.00&lt;/td&gt;
		&lt;td class="tabelatd1"&gt;100.00&lt;/td&gt;
		&lt;td class="tabelatd1"&gt;Pago&lt;/td&gt;
		&lt;td class="tabelatd1"&gt;Fulano de Tal (652.392.539-00)&lt;/td&gt;
		&lt;td class="tabelatd1"&gt;1&lt;/td&gt;
		&lt;td class="tabelatd1"&gt;Patrimonial&lt;/td&gt;
		&lt;td class="tabelatd1"&gt;Ativo&lt;/td&gt;
&lt;th class="tabelatd1" border="1"&gt;&lt;a class="noPrint" href="?class=BaixarParcela&amp;id=118"&gt;[Baixar&amp;nbsp;parcela] &lt;/a&gt;&lt;a class="noPrint" href="?class=ImprimirParcela&amp;id=118"&gt;[Imprimir&amp;nbsp;parcela] &lt;/a&gt;&lt;/th&gt;
	&lt;/tr&gt;
	&lt;tr&gt;
		&lt;td class="tabelatd2"&gt;119&lt;/td&gt;
		&lt;td class="tabelatd2"&gt;Tipo Cobranca&lt;/td&gt;
		&lt;td class="tabelatd2"&gt;2018-10-10&lt;/td&gt;
		&lt;td class="tabelatd2"&gt;100.00&lt;/td&gt;
		&lt;td class="tabelatd2"&gt;100.00&lt;/td&gt;
		&lt;td class="tabelatd2"&gt;Pago&lt;/td&gt;
		&lt;td class="tabelatd2"&gt;Fulano de Tal (652.392.539-00)&lt;/td&gt;
		&lt;td class="tabelatd2"&gt;1&lt;/td&gt;
		&lt;td class="tabelatd2"&gt;Patrimonial&lt;/td&gt;
		&lt;td class="tabelatd2"&gt;Ativo&lt;/td&gt;
&lt;th class="tabelatd2" border="1"&gt;&lt;a class="noPrint" href="?class=BaixarParcela&amp;id=119"&gt;[Baixar&amp;nbsp;parcela] &lt;/a&gt;&lt;a class="noPrint" href="?class=ImprimirParcela&amp;id=119"&gt;[Imprimir&amp;nbsp;parcela] &lt;/a&gt;&lt;/th&gt;
	&lt;/tr&gt;
	&lt;tr&gt;
		&lt;td class="tabelatd1"&gt;120&lt;/td&gt;
		&lt;td class="tabelatd1"&gt;Tipo Cobranca&lt;/td&gt;
		&lt;td class="tabelatd1"&gt;2018-10-10&lt;/td&gt;
		&lt;td class="tabelatd1"&gt;100.00&lt;/td&gt;
		&lt;td class="tabelatd1"&gt;100.00&lt;/td&gt;
		&lt;td class="tabelatd1"&gt;Pago&lt;/td&gt;
		&lt;td class="tabelatd1"&gt;Fulano de Tal (652.392.539-00)&lt;/td&gt;
		&lt;td class="tabelatd1"&gt;1&lt;/td&gt;
		&lt;td class="tabelatd1"&gt;Patrimonial&lt;/td&gt;
		&lt;td class="tabelatd1"&gt;Ativo&lt;/td&gt;
&lt;th class="tabelatd1" border="1"&gt;&lt;a class="noPrint" href="?class=BaixarParcela&amp;id=120"&gt;[Baixar&amp;nbsp;parcela] &lt;/a&gt;&lt;a class="noPrint" href="?class=ImprimirParcela&amp;id=120"&gt;[Imprimir&amp;nbsp;parcela] &lt;/a&gt;&lt;/th&gt;
	&lt;/tr&gt;
	&lt;tr&gt;
		&lt;td class="tabelatd2"&gt;121&lt;/td&gt;
		&lt;td class="tabelatd2"&gt;Tipo Cobranca&lt;/td&gt;
		&lt;td class="tabelatd2"&gt;2018-10-10&lt;/td&gt;
		&lt;td class="tabelatd2"&gt;100.00&lt;/td&gt;
		&lt;td class="tabelatd2"&gt;100.00&lt;/td&gt;
		&lt;td class="tabelatd2"&gt;Pago&lt;/td&gt;
		&lt;td class="tabelatd2"&gt;Fulano de Tal (652.392.539-00)&lt;/td&gt;
		&lt;td class="tabelatd2"&gt;1&lt;/td&gt;
		&lt;td class="tabelatd2"&gt;Patrimonial&lt;/td&gt;
		&lt;td class="tabelatd2"&gt;Ativo&lt;/td&gt;
&lt;th class="tabelatd2" border="1"&gt;&lt;a class="noPrint" href="?class=BaixarParcela&amp;id=121"&gt;[Baixar&amp;nbsp;parcela] &lt;/a&gt;&lt;a class="noPrint" href="?class=ImprimirParcela&amp;id=121"&gt;[Imprimir&amp;nbsp;parcela] &lt;/a&gt;&lt;/th&gt;
	&lt;/tr&gt;
	&lt;tr&gt;
		&lt;td class="tabelatd1"&gt;122&lt;/td&gt;
		&lt;td class="tabelatd1"&gt;Tipo Cobranca&lt;/td&gt;
		&lt;td class="tabelatd1"&gt;2018-10-10&lt;/td&gt;
		&lt;td class="tabelatd1"&gt;100.00&lt;/td&gt;
		&lt;td class="tabelatd1"&gt;100.00&lt;/td&gt;
		&lt;td class="tabelatd1"&gt;Pago&lt;/td&gt;
		&lt;td class="tabelatd1"&gt;Fulano de Tal (652.392.539-00)&lt;/td&gt;
		&lt;td class="tabelatd1"&gt;1&lt;/td&gt;
		&lt;td class="tabelatd1"&gt;Patrimonial&lt;/td&gt;
		&lt;td class="tabelatd1"&gt;Ativo&lt;/td&gt;
&lt;th class="tabelatd1" border="1"&gt;&lt;a class="noPrint" href="?class=BaixarParcela&amp;id=122"&gt;[Baixar&amp;nbsp;parcela] &lt;/a&gt;&lt;a class="noPrint" href="?class=ImprimirParcela&amp;id=122"&gt;[Imprimir&amp;nbsp;parcela] &lt;/a&gt;&lt;/th&gt;
	&lt;/tr&gt;
	&lt;tr&gt;
		&lt;td class="tabelatd2"&gt;141&lt;/td&gt;
		&lt;td class="tabelatd2"&gt;Tipo Cobranca&lt;/td&gt;
		&lt;td class="tabelatd2"&gt;2018-10-10&lt;/td&gt;
		&lt;td class="tabelatd2"&gt;100.00&lt;/td&gt;
		&lt;td class="tabelatd2"&gt;100.00&lt;/td&gt;
		&lt;td class="tabelatd2"&gt;Pago&lt;/td&gt;
		&lt;td class="tabelatd2"&gt;Fulano de Tal (652.392.539-00)&lt;/td&gt;
		&lt;td class="tabelatd2"&gt;1&lt;/td&gt;
		&lt;td class="tabelatd2"&gt;Patrimonial&lt;/td&gt;
		&lt;td class="tabelatd2"&gt;Ativo&lt;/td&gt;
&lt;th class="tabelatd2" border="1"&gt;&lt;a class="noPrint" href="?class=BaixarParcela&amp;id=141"&gt;[Baixar&amp;nbsp;parcela] &lt;/a&gt;&lt;a class="noPrint" href="?class=ImprimirParcela&amp;id=141"&gt;[Imprimir&amp;nbsp;parcela] &lt;/a&gt;&lt;/th&gt;
	&lt;/tr&gt;
	&lt;tr&gt;
		&lt;td class="tabelatd1"&gt;142&lt;/td&gt;
		&lt;td class="tabelatd1"&gt;Tipo Cobranca&lt;/td&gt;
		&lt;td class="tabelatd1"&gt;2018-10-10&lt;/td&gt;
		&lt;td class="tabelatd1"&gt;100.00&lt;/td&gt;
		&lt;td class="tabelatd1"&gt;100.00&lt;/td&gt;
		&lt;td class="tabelatd1"&gt;Pago&lt;/td&gt;
		&lt;td class="tabelatd1"&gt;Fulano de Tal (652.392.539-00)&lt;/td&gt;
		&lt;td class="tabelatd1"&gt;1&lt;/td&gt;
		&lt;td class="tabelatd1"&gt;Patrimonial&lt;/td&gt;
		&lt;td class="tabelatd1"&gt;Ativo&lt;/td&gt;
&lt;th class="tabelatd1" border="1"&gt;&lt;a class="noPrint" href="?class=BaixarParcela&amp;id=142"&gt;[Baixar&amp;nbsp;parcela] &lt;/a&gt;&lt;a class="noPrint" href="?class=ImprimirParcela&amp;id=142"&gt;[Imprimir&amp;nbsp;parcela] &lt;/a&gt;&lt;/th&gt;
	&lt;/tr&gt;
	&lt;tr&gt;
		&lt;td class="tabelatd2"&gt;143&lt;/td&gt;
		&lt;td class="tabelatd2"&gt;Tipo Cobranca&lt;/td&gt;
		&lt;td class="tabelatd2"&gt;2018-10-10&lt;/td&gt;
		&lt;td class="tabelatd2"&gt;100.00&lt;/td&gt;
		&lt;td class="tabelatd2"&gt;100.00&lt;/td&gt;
		&lt;td class="tabelatd2"&gt;Pago&lt;/td&gt;
		&lt;td class="tabelatd2"&gt;Fulano de Tal (652.392.539-00)&lt;/td&gt;
		&lt;td class="tabelatd2"&gt;1&lt;/td&gt;
		&lt;td class="tabelatd2"&gt;Patrimonial&lt;/td&gt;
		&lt;td class="tabelatd2"&gt;Ativo&lt;/td&gt;
&lt;th class="tabelatd2" border="1"&gt;&lt;a class="noPrint" href="?class=BaixarParcela&amp;id=143"&gt;[Baixar&amp;nbsp;parcela] &lt;/a&gt;&lt;a class="noPrint" href="?class=ImprimirParcela&amp;id=143"&gt;[Imprimir&amp;nbsp;parcela] &lt;/a&gt;&lt;/th&gt;
	&lt;/tr&gt;
	&lt;tr&gt;
		&lt;td class="tabelatd1"&gt;144&lt;/td&gt;
		&lt;td class="tabelatd1"&gt;Tipo Cobranca&lt;/td&gt;
		&lt;td class="tabelatd1"&gt;2018-10-10&lt;/td&gt;
		&lt;td class="tabelatd1"&gt;100.00&lt;/td&gt;
		&lt;td class="tabelatd1"&gt;100.00&lt;/td&gt;
		&lt;td class="tabelatd1"&gt;Pago&lt;/td&gt;
		&lt;td class="tabelatd1"&gt;Fulano de Tal (652.392.539-00)&lt;/td&gt;
		&lt;td class="tabelatd1"&gt;1&lt;/td&gt;
		&lt;td class="tabelatd1"&gt;Patrimonial&lt;/td&gt;
		&lt;td class="tabelatd1"&gt;Ativo&lt;/td&gt;
&lt;th class="tabelatd1" border="1"&gt;&lt;a class="noPrint" href="?class=BaixarParcela&amp;id=144"&gt;[Baixar&amp;nbsp;parcela] &lt;/a&gt;&lt;a class="noPrint" href="?class=ImprimirParcela&amp;id=144"&gt;[Imprimir&amp;nbsp;parcela] &lt;/a&gt;&lt;/th&gt;
	&lt;/tr&gt;
	&lt;tr&gt;
		&lt;td class="tabelatd2"&gt;145&lt;/td&gt;
		&lt;td class="tabelatd2"&gt;Tipo Cobranca&lt;/td&gt;
		&lt;td class="tabelatd2"&gt;2018-10-10&lt;/td&gt;
		&lt;td class="tabelatd2"&gt;100.00&lt;/td&gt;
		&lt;td class="tabelatd2"&gt;100.00&lt;/td&gt;
		&lt;td class="tabelatd2"&gt;Pago&lt;/td&gt;
		&lt;td class="tabelatd2"&gt;Fulano de Tal (652.392.539-00)&lt;/td&gt;
		&lt;td class="tabelatd2"&gt;1&lt;/td&gt;
		&lt;td class="tabelatd2"&gt;Patrimonial&lt;/td&gt;
		&lt;td class="tabelatd2"&gt;Ativo&lt;/td&gt;
&lt;th class="tabelatd2" border="1"&gt;&lt;a class="noPrint" href="?class=BaixarParcela&amp;id=145"&gt;[Baixar&amp;nbsp;parcela] &lt;/a&gt;&lt;a class="noPrint" href="?class=ImprimirParcela&amp;id=145"&gt;[Imprimir&amp;nbsp;parcela] &lt;/a&gt;&lt;/th&gt;
	&lt;/tr&gt;
	&lt;tr&gt;
		&lt;td class="tabelatd1"&gt;146&lt;/td&gt;
		&lt;td class="tabelatd1"&gt;Tipo Cobranca&lt;/td&gt;
		&lt;td class="tabelatd1"&gt;2018-10-10&lt;/td&gt;
		&lt;td class="tabelatd1"&gt;100.00&lt;/td&gt;
		&lt;td class="tabelatd1"&gt;100.00&lt;/td&gt;
		&lt;td class="tabelatd1"&gt;Pago&lt;/td&gt;
		&lt;td class="tabelatd1"&gt;Fulano de Tal (652.392.539-00)&lt;/td&gt;
		&lt;td class="tabelatd1"&gt;1&lt;/td&gt;
		&lt;td class="tabelatd1"&gt;Patrimonial&lt;/td&gt;
		&lt;td class="tabelatd1"&gt;Ativo&lt;/td&gt;
&lt;th class="tabelatd1" border="1"&gt;&lt;a class="noPrint" href="?class=BaixarParcela&amp;id=146"&gt;[Baixar&amp;nbsp;parcela] &lt;/a&gt;&lt;a class="noPrint" href="?class=ImprimirParcela&amp;id=146"&gt;[Imprimir&amp;nbsp;parcela] &lt;/a&gt;&lt;/th&gt;
	&lt;/tr&gt;
	&lt;tr&gt;
		&lt;td class="tabelatd2"&gt;227&lt;/td&gt;
		&lt;td class="tabelatd2"&gt;Tipo Cobranca&lt;/td&gt;
		&lt;td class="tabelatd2"&gt;2018-10-10&lt;/td&gt;
		&lt;td class="tabelatd2"&gt;100.00&lt;/td&gt;
		&lt;td class="tabelatd2"&gt;100.00&lt;/td&gt;
		&lt;td class="tabelatd2"&gt;Pago&lt;/td&gt;
		&lt;td class="tabelatd2"&gt;Fulano de Tal (652.392.539-00)&lt;/td&gt;
		&lt;td class="tabelatd2"&gt;1&lt;/td&gt;
		&lt;td class="tabelatd2"&gt;Patrimonial&lt;/td&gt;
		&lt;td class="tabelatd2"&gt;Ativo&lt;/td&gt;
&lt;th class="tabelatd2" border="1"&gt;&lt;a class="noPrint" href="?class=BaixarParcela&amp;id=227"&gt;[Baixar&amp;nbsp;parcela] &lt;/a&gt;&lt;a class="noPrint" href="?class=ImprimirParcela&amp;id=227"&gt;[Imprimir&amp;nbsp;parcela] &lt;/a&gt;&lt;/th&gt;
	&lt;/tr&gt;
	&lt;tr&gt;
		&lt;td class="tabelatd1"&gt;228&lt;/td&gt;
		&lt;td class="tabelatd1"&gt;Tipo Cobranca&lt;/td&gt;
		&lt;td class="tabelatd1"&gt;2018-10-10&lt;/td&gt;
		&lt;td class="tabelatd1"&gt;100.00&lt;/td&gt;
		&lt;td class="tabelatd1"&gt;100.00&lt;/td&gt;
		&lt;td class="tabelatd1"&gt;Pago&lt;/td&gt;
		&lt;td class="tabelatd1"&gt;Fulano de Tal (652.392.539-00)&lt;/td&gt;
		&lt;td class="tabelatd1"&gt;1&lt;/td&gt;
		&lt;td class="tabelatd1"&gt;Patrimonial&lt;/td&gt;
		&lt;td class="tabelatd1"&gt;Ativo&lt;/td&gt;
&lt;th class="tabelatd1" border="1"&gt;&lt;a class="noPrint" href="?class=BaixarParcela&amp;id=228"&gt;[Baixar&amp;nbsp;parcela] &lt;/a&gt;&lt;a class="noPrint" href="?class=ImprimirParcela&amp;id=228"&gt;[Imprimir&amp;nbsp;parcela] &lt;/a&gt;&lt;/th&gt;
	&lt;/tr&gt;
	&lt;tr&gt;
		&lt;td class="tabelatd2"&gt;229&lt;/td&gt;
		&lt;td class="tabelatd2"&gt;Tipo Cobranca&lt;/td&gt;
		&lt;td class="tabelatd2"&gt;2018-10-10&lt;/td&gt;
		&lt;td class="tabelatd2"&gt;100.00&lt;/td&gt;
		&lt;td class="tabelatd2"&gt;100.00&lt;/td&gt;
		&lt;td class="tabelatd2"&gt;Pago&lt;/td&gt;
		&lt;td class="tabelatd2"&gt;Fulano de Tal (652.392.539-00)&lt;/td&gt;
		&lt;td class="tabelatd2"&gt;1&lt;/td&gt;
		&lt;td class="tabelatd2"&gt;Patrimonial&lt;/td&gt;
		&lt;td class="tabelatd2"&gt;Ativo&lt;/td&gt;
&lt;th class="tabelatd2" border="1"&gt;&lt;a class="noPrint" href="?class=BaixarParcela&amp;id=229"&gt;[Baixar&amp;nbsp;parcela] &lt;/a&gt;&lt;a class="noPrint" href="?class=ImprimirParcela&amp;id=229"&gt;[Imprimir&amp;nbsp;parcela] &lt;/a&gt;&lt;/th&gt;
	&lt;/tr&gt;
	&lt;tr&gt;
		&lt;td class="tabelatd1"&gt;252&lt;/td&gt;
		&lt;td class="tabelatd1"&gt;Tipo Cobranca&lt;/td&gt;
		&lt;td class="tabelatd1"&gt;2018-10-10&lt;/td&gt;
		&lt;td class="tabelatd1"&gt;100.00&lt;/td&gt;
		&lt;td class="tabelatd1"&gt;100.00&lt;/td&gt;
		&lt;td class="tabelatd1"&gt;Pago&lt;/td&gt;
		&lt;td class="tabelatd1"&gt;Fulano de Tal (652.392.539-00)&lt;/td&gt;
		&lt;td class="tabelatd1"&gt;1&lt;/td&gt;
		&lt;td class="tabelatd1"&gt;Patrimonial&lt;/td&gt;
		&lt;td class="tabelatd1"&gt;Ativo&lt;/td&gt;
&lt;th class="tabelatd1" border="1"&gt;&lt;a class="noPrint" href="?class=BaixarParcela&amp;id=252"&gt;[Baixar&amp;nbsp;parcela] &lt;/a&gt;&lt;a class="noPrint" href="?class=ImprimirParcela&amp;id=252"&gt;[Imprimir&amp;nbsp;parcela] &lt;/a&gt;&lt;/th&gt;
	&lt;/tr&gt;
	&lt;tr&gt;
		&lt;td class="tabelatd2"&gt;277&lt;/td&gt;
		&lt;td class="tabelatd2"&gt;Tipo Cobranca&lt;/td&gt;
		&lt;td class="tabelatd2"&gt;2018-10-10&lt;/td&gt;
		&lt;td class="tabelatd2"&gt;100.00&lt;/td&gt;
		&lt;td class="tabelatd2"&gt;100.00&lt;/td&gt;
		&lt;td class="tabelatd2"&gt;Pago&lt;/td&gt;
		&lt;td class="tabelatd2"&gt;Fulano de Tal (652.392.539-00)&lt;/td&gt;
		&lt;td class="tabelatd2"&gt;1&lt;/td&gt;
		&lt;td class="tabelatd2"&gt;Patrimonial&lt;/td&gt;
		&lt;td class="tabelatd2"&gt;Ativo&lt;/td&gt;
&lt;th class="tabelatd2" border="1"&gt;&lt;a class="noPrint" href="?class=BaixarParcela&amp;id=277"&gt;[Baixar&amp;nbsp;parcela] &lt;/a&gt;&lt;a class="noPrint" href="?class=ImprimirParcela&amp;id=277"&gt;[Imprimir&amp;nbsp;parcela] &lt;/a&gt;&lt;/th&gt;
	&lt;/tr&gt;
	&lt;tr&gt;
		&lt;td class="tabelatd1"&gt;304&lt;/td&gt;
		&lt;td class="tabelatd1"&gt;Tipo Cobranca&lt;/td&gt;
		&lt;td class="tabelatd1"&gt;2018-10-10&lt;/td&gt;
		&lt;td class="tabelatd1"&gt;100.00&lt;/td&gt;
		&lt;td class="tabelatd1"&gt;100.00&lt;/td&gt;
		&lt;td class="tabelatd1"&gt;Pago&lt;/td&gt;
		&lt;td class="tabelatd1"&gt;Fulano de Tal (652.392.539-00)&lt;/td&gt;
		&lt;td class="tabelatd1"&gt;1&lt;/td&gt;
		&lt;td class="tabelatd1"&gt;Patrimonial&lt;/td&gt;
		&lt;td class="tabelatd1"&gt;Ativo&lt;/td&gt;
&lt;th class="tabelatd1" border="1"&gt;&lt;a class="noPrint" href="?class=BaixarParcela&amp;id=304"&gt;[Baixar&amp;nbsp;parcela] &lt;/a&gt;&lt;a class="noPrint" href="?class=ImprimirParcela&amp;id=304"&gt;[Imprimir&amp;nbsp;parcela] &lt;/a&gt;&lt;/th&gt;
	&lt;/tr&gt;
	&lt;tr&gt;
		&lt;td class="tabelatd2"&gt;333&lt;/td&gt;
		&lt;td class="tabelatd2"&gt;Tipo Cobranca&lt;/td&gt;
		&lt;td class="tabelatd2"&gt;2018-10-10&lt;/td&gt;
		&lt;td class="tabelatd2"&gt;100.00&lt;/td&gt;
		&lt;td class="tabelatd2"&gt;100.00&lt;/td&gt;
		&lt;td class="tabelatd2"&gt;Pago&lt;/td&gt;
		&lt;td class="tabelatd2"&gt;Fulano de Tal (652.392.539-00)&lt;/td&gt;
		&lt;td class="tabelatd2"&gt;1&lt;/td&gt;
		&lt;td class="tabelatd2"&gt;Patrimonial&lt;/td&gt;
		&lt;td class="tabelatd2"&gt;Ativo&lt;/td&gt;
&lt;th class="tabelatd2" border="1"&gt;&lt;a class="noPrint" href="?class=BaixarParcela&amp;id=333"&gt;[Baixar&amp;nbsp;parcela] &lt;/a&gt;&lt;a class="noPrint" href="?class=ImprimirParcela&amp;id=333"&gt;[Imprimir&amp;nbsp;parcela] &lt;/a&gt;&lt;/th&gt;
	&lt;/tr&gt;
	&lt;tr&gt;
		&lt;td class="tabelatd1"&gt;364&lt;/td&gt;
		&lt;td class="tabelatd1"&gt;Tipo Cobranca&lt;/td&gt;
		&lt;td class="tabelatd1"&gt;2018-10-10&lt;/td&gt;
		&lt;td class="tabelatd1"&gt;100.00&lt;/td&gt;
		&lt;td class="tabelatd1"&gt;100.00&lt;/td&gt;
		&lt;td class="tabelatd1"&gt;Pago&lt;/td&gt;
		&lt;td class="tabelatd1"&gt;Fulano de Tal (652.392.539-00)&lt;/td&gt;
		&lt;td class="tabelatd1"&gt;1&lt;/td&gt;
		&lt;td class="tabelatd1"&gt;Patrimonial&lt;/td&gt;
		&lt;td class="tabelatd1"&gt;Ativo&lt;/td&gt;
&lt;th class="tabelatd1" border="1"&gt;&lt;a class="noPrint" href="?class=BaixarParcela&amp;id=364"&gt;[Baixar&amp;nbsp;parcela] &lt;/a&gt;&lt;a class="noPrint" href="?class=ImprimirParcela&amp;id=364"&gt;[Imprimir&amp;nbsp;parcela] &lt;/a&gt;&lt;/th&gt;
	&lt;/tr&gt;
	&lt;tr&gt;
		&lt;td class="tabelatd2"&gt;397&lt;/td&gt;
		&lt;td class="tabelatd2"&gt;Tipo Cobranca&lt;/td&gt;
		&lt;td class="tabelatd2"&gt;2018-10-10&lt;/td&gt;
		&lt;td class="tabelatd2"&gt;100.00&lt;/td&gt;
		&lt;td class="tabelatd2"&gt;100.00&lt;/td&gt;
		&lt;td class="tabelatd2"&gt;Pago&lt;/td&gt;
		&lt;td class="tabelatd2"&gt;Fulano de Tal (652.392.539-00)&lt;/td&gt;
		&lt;td class="tabelatd2"&gt;1&lt;/td&gt;
		&lt;td class="tabelatd2"&gt;Patrimonial&lt;/td&gt;
		&lt;td class="tabelatd2"&gt;Ativo&lt;/td&gt;
&lt;th class="tabelatd2" border="1"&gt;&lt;a class="noPrint" href="?class=BaixarParcela&amp;id=397"&gt;[Baixar&amp;nbsp;parcela] &lt;/a&gt;&lt;a class="noPrint" href="?class=ImprimirParcela&amp;id=397"&gt;[Imprimir&amp;nbsp;parcela] &lt;/a&gt;&lt;/th&gt;
	&lt;/tr&gt;
	&lt;tr&gt;
		&lt;td class="tabelatd1"&gt;432&lt;/td&gt;
		&lt;td class="tabelatd1"&gt;Tipo Cobranca&lt;/td&gt;
		&lt;td class="tabelatd1"&gt;2018-10-10&lt;/td&gt;
		&lt;td class="tabelatd1"&gt;100.00&lt;/td&gt;
		&lt;td class="tabelatd1"&gt;100.00&lt;/td&gt;
		&lt;td class="tabelatd1"&gt;Pago&lt;/td&gt;
		&lt;td class="tabelatd1"&gt;Fulano de Tal (652.392.539-00)&lt;/td&gt;
		&lt;td class="tabelatd1"&gt;1&lt;/td&gt;
		&lt;td class="tabelatd1"&gt;Patrimonial&lt;/td&gt;
		&lt;td class="tabelatd1"&gt;Ativo&lt;/td&gt;
&lt;th class="tabelatd1" border="1"&gt;&lt;a class="noPrint" href="?class=BaixarParcela&amp;id=432"&gt;[Baixar&amp;nbsp;parcela] &lt;/a&gt;&lt;a class="noPrint" href="?class=ImprimirParcela&amp;id=432"&gt;[Imprimir&amp;nbsp;parcela] &lt;/a&gt;&lt;/th&gt;
	&lt;/tr&gt;
	&lt;tr&gt;
		&lt;td class="tabelatd2"&gt;469&lt;/td&gt;
		&lt;td class="tabelatd2"&gt;Tipo Cobranca&lt;/td&gt;
		&lt;td class="tabelatd2"&gt;2018-10-10&lt;/td&gt;
		&lt;td class="tabelatd2"&gt;100.00&lt;/td&gt;
		&lt;td class="tabelatd2"&gt;100.00&lt;/td&gt;
		&lt;td class="tabelatd2"&gt;Pago&lt;/td&gt;
		&lt;td class="tabelatd2"&gt;Fulano de Tal (652.392.539-00)&lt;/td&gt;
		&lt;td class="tabelatd2"&gt;1&lt;/td&gt;
		&lt;td class="tabelatd2"&gt;Patrimonial&lt;/td&gt;
		&lt;td class="tabelatd2"&gt;Ativo&lt;/td&gt;
&lt;th class="tabelatd2" border="1"&gt;&lt;a class="noPrint" href="?class=BaixarParcela&amp;id=469"&gt;[Baixar&amp;nbsp;parcela] &lt;/a&gt;&lt;a class="noPrint" href="?class=ImprimirParcela&amp;id=469"&gt;[Imprimir&amp;nbsp;parcela] &lt;/a&gt;&lt;/th&gt;
	&lt;/tr&gt;
	&lt;tr&gt;
		&lt;td class="tabelatd1"&gt;&lt;/td&gt;
		&lt;td class="tabelatd1"&gt;&lt;/td&gt;
		&lt;td class="tabelatd1"&gt;Quantidade: 32&lt;/td&gt;
		&lt;td class="tabelatd1"&gt;3200.00&lt;/td&gt;
		&lt;td class="tabelatd1"&gt;3200.00&lt;/td&gt;
		&lt;td class="tabelatd1"&gt;&lt;/td&gt;
		&lt;td class="tabelatd1"&gt;&lt;/td&gt;
		&lt;td class="tabelatd1"&gt;&lt;/td&gt;
		&lt;td class="tabelatd1"&gt;&lt;/td&gt;
		&lt;td class="tabelatd1"&gt;&lt;/td&gt;
&lt;th class="tabelatd1" border="1"&gt;&amp;nbsp;&lt;/th&gt;
	&lt;/tr&gt;
&lt;/Table&gt;
&lt;h3&gt;Número de registros na lista: 33&lt;/h3&gt;
&lt;/div&gt;
 &#13;
    &lt;/body&gt;&#13;
&lt;/html&gt;&#13;
</system-out>
      </testcase>
      <testcase name="testMostraRelatorio" class="DaoRelatorioGerencialTest" classname="DaoRelatorioGerencialTest" file="C:\Apache24\htdocs\Associacao\tests\controller\DaoRelatorioGerencialTest.php" line="48" assertions="1" time="0.043554">
        <system-out>&lt;input type="button" onclick="imprimirDiv('divCOBRANCA', this);" value="Imprimir lista"&gt;&lt;div id='divCOBRANCA'&gt;
&lt;Table class="tabela" width="100%" border="1" cellpadding="3" cellspacing="0"&gt;
&lt;tr&gt;
&lt;th class="tabelath" border="1"&gt;PARCELA&lt;/th&gt;
&lt;th class="tabelath" border="1"&gt;DESCRICAO&lt;/th&gt;
&lt;th class="tabelath" border="1"&gt;DATA_VENCIMENTO&lt;/th&gt;
&lt;th class="tabelath" border="1"&gt;VALOR_NOMINAL&lt;/th&gt;
&lt;th class="tabelath" border="1"&gt;VALOR_BAIXADO&lt;/th&gt;
&lt;th class="tabelath" border="1"&gt;SITUACAO&lt;/th&gt;
&lt;th class="tabelath" border="1"&gt;ASSOCIADO&lt;/th&gt;
&lt;th class="tabelath" border="1"&gt;NUMERO_TITULO&lt;/th&gt;
&lt;th class="tabelath" border="1"&gt;TIPO&lt;/th&gt;
&lt;th class="tabelath" border="1"&gt;SITUACAO_TITULO&lt;/th&gt;
&lt;th class="tabelath" border="1"&gt;OPERAÇÃO&lt;/th&gt;
&lt;/tr&gt;
	&lt;tr&gt;
		&lt;td class="tabelatd1"&gt;40&lt;/td&gt;
		&lt;td class="tabelatd1"&gt;Tipo Cobranca&lt;/td&gt;
		&lt;td class="tabelatd1"&gt;2018-10-10&lt;/td&gt;
		&lt;td class="tabelatd1"&gt;100.00&lt;/td&gt;
		&lt;td class="tabelatd1"&gt;100.00&lt;/td&gt;
		&lt;td class="tabelatd1"&gt;Pago&lt;/td&gt;
		&lt;td class="tabelatd1"&gt;Fulano de Tal (652.392.539-00)&lt;/td&gt;
		&lt;td class="tabelatd1"&gt;1&lt;/td&gt;
		&lt;td class="tabelatd1"&gt;Patrimonial&lt;/td&gt;
		&lt;td class="tabelatd1"&gt;Ativo&lt;/td&gt;
&lt;th class="tabelatd1" border="1"&gt;&lt;a class="noPrint" href="?class=BaixarParcela&amp;id=40"&gt;[Baixar&amp;nbsp;parcela] &lt;/a&gt;&lt;a class="noPrint" href="?class=ImprimirParcela&amp;id=40"&gt;[Imprimir&amp;nbsp;parcela] &lt;/a&gt;&lt;/th&gt;
	&lt;/tr&gt;
	&lt;tr&gt;
		&lt;td class="tabelatd2"&gt;51&lt;/td&gt;
		&lt;td class="tabelatd2"&gt;Tipo Cobranca&lt;/td&gt;
		&lt;td class="tabelatd2"&gt;2018-10-10&lt;/td&gt;
		&lt;td class="tabelatd2"&gt;100.00&lt;/td&gt;
		&lt;td class="tabelatd2"&gt;100.00&lt;/td&gt;
		&lt;td class="tabelatd2"&gt;Pago&lt;/td&gt;
		&lt;td class="tabelatd2"&gt;Fulano de Tal (652.392.539-00)&lt;/td&gt;
		&lt;td class="tabelatd2"&gt;1&lt;/td&gt;
		&lt;td class="tabelatd2"&gt;Patrimonial&lt;/td&gt;
		&lt;td class="tabelatd2"&gt;Ativo&lt;/td&gt;
&lt;th class="tabelatd2" border="1"&gt;&lt;a class="noPrint" href="?class=BaixarParcela&amp;id=51"&gt;[Baixar&amp;nbsp;parcela] &lt;/a&gt;&lt;a class="noPrint" href="?class=ImprimirParcela&amp;id=51"&gt;[Imprimir&amp;nbsp;parcela] &lt;/a&gt;&lt;/th&gt;
	&lt;/tr&gt;
	&lt;tr&gt;
		&lt;td class="tabelatd1"&gt;64&lt;/td&gt;
		&lt;td class="tabelatd1"&gt;Tipo Cobranca&lt;/td&gt;
		&lt;td class="tabelatd1"&gt;2018-10-10&lt;/td&gt;
		&lt;td class="tabelatd1"&gt;100.00&lt;/td&gt;
		&lt;td class="tabelatd1"&gt;100.00&lt;/td&gt;
		&lt;td class="tabelatd1"&gt;Pago&lt;/td&gt;
		&lt;td class="tabelatd1"&gt;Fulano de Tal (652.392.539-00)&lt;/td&gt;
		&lt;td class="tabelatd1"&gt;1&lt;/td&gt;
		&lt;td class="tabelatd1"&gt;Patrimonial&lt;/td&gt;
		&lt;td class="tabelatd1"&gt;Ativo&lt;/td&gt;
&lt;th class="tabelatd1" border="1"&gt;&lt;a class="noPrint" href="?class=BaixarParcela&amp;id=64"&gt;[Baixar&amp;nbsp;parcela] &lt;/a&gt;&lt;a class="noPrint" href="?class=ImprimirParcela&amp;id=64"&gt;[Imprimir&amp;nbsp;parcela] &lt;/a&gt;&lt;/th&gt;
	&lt;/tr&gt;
	&lt;tr&gt;
		&lt;td class="tabelatd2"&gt;79&lt;/td&gt;
		&lt;td class="tabelatd2"&gt;Tipo Cobranca&lt;/td&gt;
		&lt;td class="tabelatd2"&gt;2018-10-10&lt;/td&gt;
		&lt;td class="tabelatd2"&gt;100.00&lt;/td&gt;
		&lt;td class="tabelatd2"&gt;100.00&lt;/td&gt;
		&lt;td class="tabelatd2"&gt;Pago&lt;/td&gt;
		&lt;td class="tabelatd2"&gt;Fulano de Tal (652.392.539-00)&lt;/td&gt;
		&lt;td class="tabelatd2"&gt;1&lt;/td&gt;
		&lt;td class="tabelatd2"&gt;Patrimonial&lt;/td&gt;
		&lt;td class="tabelatd2"&gt;Ativo&lt;/td&gt;
&lt;th class="tabelatd2" border="1"&gt;&lt;a class="noPrint" href="?class=BaixarParcela&amp;id=79"&gt;[Baixar&amp;nbsp;parcela] &lt;/a&gt;&lt;a class="noPrint" href="?class=ImprimirParcela&amp;id=79"&gt;[Imprimir&amp;nbsp;parcela] &lt;/a&gt;&lt;/th&gt;
	&lt;/tr&gt;
	&lt;tr&gt;
		&lt;td class="tabelatd1"&gt;112&lt;/td&gt;
		&lt;td class="tabelatd1"&gt;Tipo Cobranca&lt;/td&gt;
		&lt;td class="tabelatd1"&gt;2018-10-10&lt;/td&gt;
		&lt;td class="tabelatd1"&gt;100.00&lt;/td&gt;
		&lt;td class="tabelatd1"&gt;100.00&lt;/td&gt;
		&lt;td class="tabelatd1"&gt;Pago&lt;/td&gt;
		&lt;td class="tabelatd1"&gt;Fulano de Tal (652.392.539-00)&lt;/td&gt;
		&lt;td class="tabelatd1"&gt;1&lt;/td&gt;
		&lt;td class="tabelatd1"&gt;Patrimonial&lt;/td&gt;
		&lt;td class="tabelatd1"&gt;Ativo&lt;/td&gt;
&lt;th class="tabelatd1" border="1"&gt;&lt;a class="noPrint" href="?class=BaixarParcela&amp;id=112"&gt;[Baixar&amp;nbsp;parcela] &lt;/a&gt;&lt;a class="noPrint" href="?class=ImprimirParcela&amp;id=112"&gt;[Imprimir&amp;nbsp;parcela] &lt;/a&gt;&lt;/th&gt;
	&lt;/tr&gt;
	&lt;tr&gt;
		&lt;td class="tabelatd2"&gt;113&lt;/td&gt;
		&lt;td class="tabelatd2"&gt;Tipo Cobranca&lt;/td&gt;
		&lt;td class="tabelatd2"&gt;2018-10-10&lt;/td&gt;
		&lt;td class="tabelatd2"&gt;100.00&lt;/td&gt;
		&lt;td class="tabelatd2"&gt;100.00&lt;/td&gt;
		&lt;td class="tabelatd2"&gt;Pago&lt;/td&gt;
		&lt;td class="tabelatd2"&gt;Fulano de Tal (652.392.539-00)&lt;/td&gt;
		&lt;td class="tabelatd2"&gt;1&lt;/td&gt;
		&lt;td class="tabelatd2"&gt;Patrimonial&lt;/td&gt;
		&lt;td class="tabelatd2"&gt;Ativo&lt;/td&gt;
&lt;th class="tabelatd2" border="1"&gt;&lt;a class="noPrint" href="?class=BaixarParcela&amp;id=113"&gt;[Baixar&amp;nbsp;parcela] &lt;/a&gt;&lt;a class="noPrint" href="?class=ImprimirParcela&amp;id=113"&gt;[Imprimir&amp;nbsp;parcela] &lt;/a&gt;&lt;/th&gt;
	&lt;/tr&gt;
	&lt;tr&gt;
		&lt;td class="tabelatd1"&gt;114&lt;/td&gt;
		&lt;td class="tabelatd1"&gt;Tipo Cobranca&lt;/td&gt;
		&lt;td class="tabelatd1"&gt;2018-10-10&lt;/td&gt;
		&lt;td class="tabelatd1"&gt;100.00&lt;/td&gt;
		&lt;td class="tabelatd1"&gt;100.00&lt;/td&gt;
		&lt;td class="tabelatd1"&gt;Pago&lt;/td&gt;
		&lt;td class="tabelatd1"&gt;Fulano de Tal (652.392.539-00)&lt;/td&gt;
		&lt;td class="tabelatd1"&gt;1&lt;/td&gt;
		&lt;td class="tabelatd1"&gt;Patrimonial&lt;/td&gt;
		&lt;td class="tabelatd1"&gt;Ativo&lt;/td&gt;
&lt;th class="tabelatd1" border="1"&gt;&lt;a class="noPrint" href="?class=BaixarParcela&amp;id=114"&gt;[Baixar&amp;nbsp;parcela] &lt;/a&gt;&lt;a class="noPrint" href="?class=ImprimirParcela&amp;id=114"&gt;[Imprimir&amp;nbsp;parcela] &lt;/a&gt;&lt;/th&gt;
	&lt;/tr&gt;
	&lt;tr&gt;
		&lt;td class="tabelatd2"&gt;115&lt;/td&gt;
		&lt;td class="tabelatd2"&gt;Tipo Cobranca&lt;/td&gt;
		&lt;td class="tabelatd2"&gt;2018-10-10&lt;/td&gt;
		&lt;td class="tabelatd2"&gt;100.00&lt;/td&gt;
		&lt;td class="tabelatd2"&gt;100.00&lt;/td&gt;
		&lt;td class="tabelatd2"&gt;Pago&lt;/td&gt;
		&lt;td class="tabelatd2"&gt;Fulano de Tal (652.392.539-00)&lt;/td&gt;
		&lt;td class="tabelatd2"&gt;1&lt;/td&gt;
		&lt;td class="tabelatd2"&gt;Patrimonial&lt;/td&gt;
		&lt;td class="tabelatd2"&gt;Ativo&lt;/td&gt;
&lt;th class="tabelatd2" border="1"&gt;&lt;a class="noPrint" href="?class=BaixarParcela&amp;id=115"&gt;[Baixar&amp;nbsp;parcela] &lt;/a&gt;&lt;a class="noPrint" href="?class=ImprimirParcela&amp;id=115"&gt;[Imprimir&amp;nbsp;parcela] &lt;/a&gt;&lt;/th&gt;
	&lt;/tr&gt;
	&lt;tr&gt;
		&lt;td class="tabelatd1"&gt;116&lt;/td&gt;
		&lt;td class="tabelatd1"&gt;Tipo Cobranca&lt;/td&gt;
		&lt;td class="tabelatd1"&gt;2018-10-10&lt;/td&gt;
		&lt;td class="tabelatd1"&gt;100.00&lt;/td&gt;
		&lt;td class="tabelatd1"&gt;100.00&lt;/td&gt;
		&lt;td class="tabelatd1"&gt;Pago&lt;/td&gt;
		&lt;td class="tabelatd1"&gt;Fulano de Tal (652.392.539-00)&lt;/td&gt;
		&lt;td class="tabelatd1"&gt;1&lt;/td&gt;
		&lt;td class="tabelatd1"&gt;Patrimonial&lt;/td&gt;
		&lt;td class="tabelatd1"&gt;Ativo&lt;/td&gt;
&lt;th class="tabelatd1" border="1"&gt;&lt;a class="noPrint" href="?class=BaixarParcela&amp;id=116"&gt;[Baixar&amp;nbsp;parcela] &lt;/a&gt;&lt;a class="noPrint" href="?class=ImprimirParcela&amp;id=116"&gt;[Imprimir&amp;nbsp;parcela] &lt;/a&gt;&lt;/th&gt;
	&lt;/tr&gt;
	&lt;tr&gt;
		&lt;td class="tabelatd2"&gt;117&lt;/td&gt;
		&lt;td class="tabelatd2"&gt;Tipo Cobranca&lt;/td&gt;
		&lt;td class="tabelatd2"&gt;2018-10-10&lt;/td&gt;
		&lt;td class="tabelatd2"&gt;100.00&lt;/td&gt;
		&lt;td class="tabelatd2"&gt;100.00&lt;/td&gt;
		&lt;td class="tabelatd2"&gt;Pago&lt;/td&gt;
		&lt;td class="tabelatd2"&gt;Fulano de Tal (652.392.539-00)&lt;/td&gt;
		&lt;td class="tabelatd2"&gt;1&lt;/td&gt;
		&lt;td class="tabelatd2"&gt;Patrimonial&lt;/td&gt;
		&lt;td class="tabelatd2"&gt;Ativo&lt;/td&gt;
&lt;th class="tabelatd2" border="1"&gt;&lt;a class="noPrint" href="?class=BaixarParcela&amp;id=117"&gt;[Baixar&amp;nbsp;parcela] &lt;/a&gt;&lt;a class="noPrint" href="?class=ImprimirParcela&amp;id=117"&gt;[Imprimir&amp;nbsp;parcela] &lt;/a&gt;&lt;/th&gt;
	&lt;/tr&gt;
	&lt;tr&gt;
		&lt;td class="tabelatd1"&gt;118&lt;/td&gt;
		&lt;td class="tabelatd1"&gt;Tipo Cobranca&lt;/td&gt;
		&lt;td class="tabelatd1"&gt;2018-10-10&lt;/td&gt;
		&lt;td class="tabelatd1"&gt;100.00&lt;/td&gt;
		&lt;td class="tabelatd1"&gt;100.00&lt;/td&gt;
		&lt;td class="tabelatd1"&gt;Pago&lt;/td&gt;
		&lt;td class="tabelatd1"&gt;Fulano de Tal (652.392.539-00)&lt;/td&gt;
		&lt;td class="tabelatd1"&gt;1&lt;/td&gt;
		&lt;td class="tabelatd1"&gt;Patrimonial&lt;/td&gt;
		&lt;td class="tabelatd1"&gt;Ativo&lt;/td&gt;
&lt;th class="tabelatd1" border="1"&gt;&lt;a class="noPrint" href="?class=BaixarParcela&amp;id=118"&gt;[Baixar&amp;nbsp;parcela] &lt;/a&gt;&lt;a class="noPrint" href="?class=ImprimirParcela&amp;id=118"&gt;[Imprimir&amp;nbsp;parcela] &lt;/a&gt;&lt;/th&gt;
	&lt;/tr&gt;
	&lt;tr&gt;
		&lt;td class="tabelatd2"&gt;119&lt;/td&gt;
		&lt;td class="tabelatd2"&gt;Tipo Cobranca&lt;/td&gt;
		&lt;td class="tabelatd2"&gt;2018-10-10&lt;/td&gt;
		&lt;td class="tabelatd2"&gt;100.00&lt;/td&gt;
		&lt;td class="tabelatd2"&gt;100.00&lt;/td&gt;
		&lt;td class="tabelatd2"&gt;Pago&lt;/td&gt;
		&lt;td class="tabelatd2"&gt;Fulano de Tal (652.392.539-00)&lt;/td&gt;
		&lt;td class="tabelatd2"&gt;1&lt;/td&gt;
		&lt;td class="tabelatd2"&gt;Patrimonial&lt;/td&gt;
		&lt;td class="tabelatd2"&gt;Ativo&lt;/td&gt;
&lt;th class="tabelatd2" border="1"&gt;&lt;a class="noPrint" href="?class=BaixarParcela&amp;id=119"&gt;[Baixar&amp;nbsp;parcela] &lt;/a&gt;&lt;a class="noPrint" href="?class=ImprimirParcela&amp;id=119"&gt;[Imprimir&amp;nbsp;parcela] &lt;/a&gt;&lt;/th&gt;
	&lt;/tr&gt;
	&lt;tr&gt;
		&lt;td class="tabelatd1"&gt;120&lt;/td&gt;
		&lt;td class="tabelatd1"&gt;Tipo Cobranca&lt;/td&gt;
		&lt;td class="tabelatd1"&gt;2018-10-10&lt;/td&gt;
		&lt;td class="tabelatd1"&gt;100.00&lt;/td&gt;
		&lt;td class="tabelatd1"&gt;100.00&lt;/td&gt;
		&lt;td class="tabelatd1"&gt;Pago&lt;/td&gt;
		&lt;td class="tabelatd1"&gt;Fulano de Tal (652.392.539-00)&lt;/td&gt;
		&lt;td class="tabelatd1"&gt;1&lt;/td&gt;
		&lt;td class="tabelatd1"&gt;Patrimonial&lt;/td&gt;
		&lt;td class="tabelatd1"&gt;Ativo&lt;/td&gt;
&lt;th class="tabelatd1" border="1"&gt;&lt;a class="noPrint" href="?class=BaixarParcela&amp;id=120"&gt;[Baixar&amp;nbsp;parcela] &lt;/a&gt;&lt;a class="noPrint" href="?class=ImprimirParcela&amp;id=120"&gt;[Imprimir&amp;nbsp;parcela] &lt;/a&gt;&lt;/th&gt;
	&lt;/tr&gt;
	&lt;tr&gt;
		&lt;td class="tabelatd2"&gt;121&lt;/td&gt;
		&lt;td class="tabelatd2"&gt;Tipo Cobranca&lt;/td&gt;
		&lt;td class="tabelatd2"&gt;2018-10-10&lt;/td&gt;
		&lt;td class="tabelatd2"&gt;100.00&lt;/td&gt;
		&lt;td class="tabelatd2"&gt;100.00&lt;/td&gt;
		&lt;td class="tabelatd2"&gt;Pago&lt;/td&gt;
		&lt;td class="tabelatd2"&gt;Fulano de Tal (652.392.539-00)&lt;/td&gt;
		&lt;td class="tabelatd2"&gt;1&lt;/td&gt;
		&lt;td class="tabelatd2"&gt;Patrimonial&lt;/td&gt;
		&lt;td class="tabelatd2"&gt;Ativo&lt;/td&gt;
&lt;th class="tabelatd2" border="1"&gt;&lt;a class="noPrint" href="?class=BaixarParcela&amp;id=121"&gt;[Baixar&amp;nbsp;parcela] &lt;/a&gt;&lt;a class="noPrint" href="?class=ImprimirParcela&amp;id=121"&gt;[Imprimir&amp;nbsp;parcela] &lt;/a&gt;&lt;/th&gt;
	&lt;/tr&gt;
	&lt;tr&gt;
		&lt;td class="tabelatd1"&gt;122&lt;/td&gt;
		&lt;td class="tabelatd1"&gt;Tipo Cobranca&lt;/td&gt;
		&lt;td class="tabelatd1"&gt;2018-10-10&lt;/td&gt;
		&lt;td class="tabelatd1"&gt;100.00&lt;/td&gt;
		&lt;td class="tabelatd1"&gt;100.00&lt;/td&gt;
		&lt;td class="tabelatd1"&gt;Pago&lt;/td&gt;
		&lt;td class="tabelatd1"&gt;Fulano de Tal (652.392.539-00)&lt;/td&gt;
		&lt;td class="tabelatd1"&gt;1&lt;/td&gt;
		&lt;td class="tabelatd1"&gt;Patrimonial&lt;/td&gt;
		&lt;td class="tabelatd1"&gt;Ativo&lt;/td&gt;
&lt;th class="tabelatd1" border="1"&gt;&lt;a class="noPrint" href="?class=BaixarParcela&amp;id=122"&gt;[Baixar&amp;nbsp;parcela] &lt;/a&gt;&lt;a class="noPrint" href="?class=ImprimirParcela&amp;id=122"&gt;[Imprimir&amp;nbsp;parcela] &lt;/a&gt;&lt;/th&gt;
	&lt;/tr&gt;
	&lt;tr&gt;
		&lt;td class="tabelatd2"&gt;141&lt;/td&gt;
		&lt;td class="tabelatd2"&gt;Tipo Cobranca&lt;/td&gt;
		&lt;td class="tabelatd2"&gt;2018-10-10&lt;/td&gt;
		&lt;td class="tabelatd2"&gt;100.00&lt;/td&gt;
		&lt;td class="tabelatd2"&gt;100.00&lt;/td&gt;
		&lt;td class="tabelatd2"&gt;Pago&lt;/td&gt;
		&lt;td class="tabelatd2"&gt;Fulano de Tal (652.392.539-00)&lt;/td&gt;
		&lt;td class="tabelatd2"&gt;1&lt;/td&gt;
		&lt;td class="tabelatd2"&gt;Patrimonial&lt;/td&gt;
		&lt;td class="tabelatd2"&gt;Ativo&lt;/td&gt;
&lt;th class="tabelatd2" border="1"&gt;&lt;a class="noPrint" href="?class=BaixarParcela&amp;id=141"&gt;[Baixar&amp;nbsp;parcela] &lt;/a&gt;&lt;a class="noPrint" href="?class=ImprimirParcela&amp;id=141"&gt;[Imprimir&amp;nbsp;parcela] &lt;/a&gt;&lt;/th&gt;
	&lt;/tr&gt;
	&lt;tr&gt;
		&lt;td class="tabelatd1"&gt;142&lt;/td&gt;
		&lt;td class="tabelatd1"&gt;Tipo Cobranca&lt;/td&gt;
		&lt;td class="tabelatd1"&gt;2018-10-10&lt;/td&gt;
		&lt;td class="tabelatd1"&gt;100.00&lt;/td&gt;
		&lt;td class="tabelatd1"&gt;100.00&lt;/td&gt;
		&lt;td class="tabelatd1"&gt;Pago&lt;/td&gt;
		&lt;td class="tabelatd1"&gt;Fulano de Tal (652.392.539-00)&lt;/td&gt;
		&lt;td class="tabelatd1"&gt;1&lt;/td&gt;
		&lt;td class="tabelatd1"&gt;Patrimonial&lt;/td&gt;
		&lt;td class="tabelatd1"&gt;Ativo&lt;/td&gt;
&lt;th class="tabelatd1" border="1"&gt;&lt;a class="noPrint" href="?class=BaixarParcela&amp;id=142"&gt;[Baixar&amp;nbsp;parcela] &lt;/a&gt;&lt;a class="noPrint" href="?class=ImprimirParcela&amp;id=142"&gt;[Imprimir&amp;nbsp;parcela] &lt;/a&gt;&lt;/th&gt;
	&lt;/tr&gt;
	&lt;tr&gt;
		&lt;td class="tabelatd2"&gt;143&lt;/td&gt;
		&lt;td class="tabelatd2"&gt;Tipo Cobranca&lt;/td&gt;
		&lt;td class="tabelatd2"&gt;2018-10-10&lt;/td&gt;
		&lt;td class="tabelatd2"&gt;100.00&lt;/td&gt;
		&lt;td class="tabelatd2"&gt;100.00&lt;/td&gt;
		&lt;td class="tabelatd2"&gt;Pago&lt;/td&gt;
		&lt;td class="tabelatd2"&gt;Fulano de Tal (652.392.539-00)&lt;/td&gt;
		&lt;td class="tabelatd2"&gt;1&lt;/td&gt;
		&lt;td class="tabelatd2"&gt;Patrimonial&lt;/td&gt;
		&lt;td class="tabelatd2"&gt;Ativo&lt;/td&gt;
&lt;th class="tabelatd2" border="1"&gt;&lt;a class="noPrint" href="?class=BaixarParcela&amp;id=143"&gt;[Baixar&amp;nbsp;parcela] &lt;/a&gt;&lt;a class="noPrint" href="?class=ImprimirParcela&amp;id=143"&gt;[Imprimir&amp;nbsp;parcela] &lt;/a&gt;&lt;/th&gt;
	&lt;/tr&gt;
	&lt;tr&gt;
		&lt;td class="tabelatd1"&gt;144&lt;/td&gt;
		&lt;td class="tabelatd1"&gt;Tipo Cobranca&lt;/td&gt;
		&lt;td class="tabelatd1"&gt;2018-10-10&lt;/td&gt;
		&lt;td class="tabelatd1"&gt;100.00&lt;/td&gt;
		&lt;td class="tabelatd1"&gt;100.00&lt;/td&gt;
		&lt;td class="tabelatd1"&gt;Pago&lt;/td&gt;
		&lt;td class="tabelatd1"&gt;Fulano de Tal (652.392.539-00)&lt;/td&gt;
		&lt;td class="tabelatd1"&gt;1&lt;/td&gt;
		&lt;td class="tabelatd1"&gt;Patrimonial&lt;/td&gt;
		&lt;td class="tabelatd1"&gt;Ativo&lt;/td&gt;
&lt;th class="tabelatd1" border="1"&gt;&lt;a class="noPrint" href="?class=BaixarParcela&amp;id=144"&gt;[Baixar&amp;nbsp;parcela] &lt;/a&gt;&lt;a class="noPrint" href="?class=ImprimirParcela&amp;id=144"&gt;[Imprimir&amp;nbsp;parcela] &lt;/a&gt;&lt;/th&gt;
	&lt;/tr&gt;
	&lt;tr&gt;
		&lt;td class="tabelatd2"&gt;145&lt;/td&gt;
		&lt;td class="tabelatd2"&gt;Tipo Cobranca&lt;/td&gt;
		&lt;td class="tabelatd2"&gt;2018-10-10&lt;/td&gt;
		&lt;td class="tabelatd2"&gt;100.00&lt;/td&gt;
		&lt;td class="tabelatd2"&gt;100.00&lt;/td&gt;
		&lt;td class="tabelatd2"&gt;Pago&lt;/td&gt;
		&lt;td class="tabelatd2"&gt;Fulano de Tal (652.392.539-00)&lt;/td&gt;
		&lt;td class="tabelatd2"&gt;1&lt;/td&gt;
		&lt;td class="tabelatd2"&gt;Patrimonial&lt;/td&gt;
		&lt;td class="tabelatd2"&gt;Ativo&lt;/td&gt;
&lt;th class="tabelatd2" border="1"&gt;&lt;a class="noPrint" href="?class=BaixarParcela&amp;id=145"&gt;[Baixar&amp;nbsp;parcela] &lt;/a&gt;&lt;a class="noPrint" href="?class=ImprimirParcela&amp;id=145"&gt;[Imprimir&amp;nbsp;parcela] &lt;/a&gt;&lt;/th&gt;
	&lt;/tr&gt;
	&lt;tr&gt;
		&lt;td class="tabelatd1"&gt;146&lt;/td&gt;
		&lt;td class="tabelatd1"&gt;Tipo Cobranca&lt;/td&gt;
		&lt;td class="tabelatd1"&gt;2018-10-10&lt;/td&gt;
		&lt;td class="tabelatd1"&gt;100.00&lt;/td&gt;
		&lt;td class="tabelatd1"&gt;100.00&lt;/td&gt;
		&lt;td class="tabelatd1"&gt;Pago&lt;/td&gt;
		&lt;td class="tabelatd1"&gt;Fulano de Tal (652.392.539-00)&lt;/td&gt;
		&lt;td class="tabelatd1"&gt;1&lt;/td&gt;
		&lt;td class="tabelatd1"&gt;Patrimonial&lt;/td&gt;
		&lt;td class="tabelatd1"&gt;Ativo&lt;/td&gt;
&lt;th class="tabelatd1" border="1"&gt;&lt;a class="noPrint" href="?class=BaixarParcela&amp;id=146"&gt;[Baixar&amp;nbsp;parcela] &lt;/a&gt;&lt;a class="noPrint" href="?class=ImprimirParcela&amp;id=146"&gt;[Imprimir&amp;nbsp;parcela] &lt;/a&gt;&lt;/th&gt;
	&lt;/tr&gt;
	&lt;tr&gt;
		&lt;td class="tabelatd2"&gt;227&lt;/td&gt;
		&lt;td class="tabelatd2"&gt;Tipo Cobranca&lt;/td&gt;
		&lt;td class="tabelatd2"&gt;2018-10-10&lt;/td&gt;
		&lt;td class="tabelatd2"&gt;100.00&lt;/td&gt;
		&lt;td class="tabelatd2"&gt;100.00&lt;/td&gt;
		&lt;td class="tabelatd2"&gt;Pago&lt;/td&gt;
		&lt;td class="tabelatd2"&gt;Fulano de Tal (652.392.539-00)&lt;/td&gt;
		&lt;td class="tabelatd2"&gt;1&lt;/td&gt;
		&lt;td class="tabelatd2"&gt;Patrimonial&lt;/td&gt;
		&lt;td class="tabelatd2"&gt;Ativo&lt;/td&gt;
&lt;th class="tabelatd2" border="1"&gt;&lt;a class="noPrint" href="?class=BaixarParcela&amp;id=227"&gt;[Baixar&amp;nbsp;parcela] &lt;/a&gt;&lt;a class="noPrint" href="?class=ImprimirParcela&amp;id=227"&gt;[Imprimir&amp;nbsp;parcela] &lt;/a&gt;&lt;/th&gt;
	&lt;/tr&gt;
	&lt;tr&gt;
		&lt;td class="tabelatd1"&gt;228&lt;/td&gt;
		&lt;td class="tabelatd1"&gt;Tipo Cobranca&lt;/td&gt;
		&lt;td class="tabelatd1"&gt;2018-10-10&lt;/td&gt;
		&lt;td class="tabelatd1"&gt;100.00&lt;/td&gt;
		&lt;td class="tabelatd1"&gt;100.00&lt;/td&gt;
		&lt;td class="tabelatd1"&gt;Pago&lt;/td&gt;
		&lt;td class="tabelatd1"&gt;Fulano de Tal (652.392.539-00)&lt;/td&gt;
		&lt;td class="tabelatd1"&gt;1&lt;/td&gt;
		&lt;td class="tabelatd1"&gt;Patrimonial&lt;/td&gt;
		&lt;td class="tabelatd1"&gt;Ativo&lt;/td&gt;
&lt;th class="tabelatd1" border="1"&gt;&lt;a class="noPrint" href="?class=BaixarParcela&amp;id=228"&gt;[Baixar&amp;nbsp;parcela] &lt;/a&gt;&lt;a class="noPrint" href="?class=ImprimirParcela&amp;id=228"&gt;[Imprimir&amp;nbsp;parcela] &lt;/a&gt;&lt;/th&gt;
	&lt;/tr&gt;
	&lt;tr&gt;
		&lt;td class="tabelatd2"&gt;229&lt;/td&gt;
		&lt;td class="tabelatd2"&gt;Tipo Cobranca&lt;/td&gt;
		&lt;td class="tabelatd2"&gt;2018-10-10&lt;/td&gt;
		&lt;td class="tabelatd2"&gt;100.00&lt;/td&gt;
		&lt;td class="tabelatd2"&gt;100.00&lt;/td&gt;
		&lt;td class="tabelatd2"&gt;Pago&lt;/td&gt;
		&lt;td class="tabelatd2"&gt;Fulano de Tal (652.392.539-00)&lt;/td&gt;
		&lt;td class="tabelatd2"&gt;1&lt;/td&gt;
		&lt;td class="tabelatd2"&gt;Patrimonial&lt;/td&gt;
		&lt;td class="tabelatd2"&gt;Ativo&lt;/td&gt;
&lt;th class="tabelatd2" border="1"&gt;&lt;a class="noPrint" href="?class=BaixarParcela&amp;id=229"&gt;[Baixar&amp;nbsp;parcela] &lt;/a&gt;&lt;a class="noPrint" href="?class=ImprimirParcela&amp;id=229"&gt;[Imprimir&amp;nbsp;parcela] &lt;/a&gt;&lt;/th&gt;
	&lt;/tr&gt;
	&lt;tr&gt;
		&lt;td class="tabelatd1"&gt;252&lt;/td&gt;
		&lt;td class="tabelatd1"&gt;Tipo Cobranca&lt;/td&gt;
		&lt;td class="tabelatd1"&gt;2018-10-10&lt;/td&gt;
		&lt;td class="tabelatd1"&gt;100.00&lt;/td&gt;
		&lt;td class="tabelatd1"&gt;100.00&lt;/td&gt;
		&lt;td class="tabelatd1"&gt;Pago&lt;/td&gt;
		&lt;td class="tabelatd1"&gt;Fulano de Tal (652.392.539-00)&lt;/td&gt;
		&lt;td class="tabelatd1"&gt;1&lt;/td&gt;
		&lt;td class="tabelatd1"&gt;Patrimonial&lt;/td&gt;
		&lt;td class="tabelatd1"&gt;Ativo&lt;/td&gt;
&lt;th class="tabelatd1" border="1"&gt;&lt;a class="noPrint" href="?class=BaixarParcela&amp;id=252"&gt;[Baixar&amp;nbsp;parcela] &lt;/a&gt;&lt;a class="noPrint" href="?class=ImprimirParcela&amp;id=252"&gt;[Imprimir&amp;nbsp;parcela] &lt;/a&gt;&lt;/th&gt;
	&lt;/tr&gt;
	&lt;tr&gt;
		&lt;td class="tabelatd2"&gt;277&lt;/td&gt;
		&lt;td class="tabelatd2"&gt;Tipo Cobranca&lt;/td&gt;
		&lt;td class="tabelatd2"&gt;2018-10-10&lt;/td&gt;
		&lt;td class="tabelatd2"&gt;100.00&lt;/td&gt;
		&lt;td class="tabelatd2"&gt;100.00&lt;/td&gt;
		&lt;td class="tabelatd2"&gt;Pago&lt;/td&gt;
		&lt;td class="tabelatd2"&gt;Fulano de Tal (652.392.539-00)&lt;/td&gt;
		&lt;td class="tabelatd2"&gt;1&lt;/td&gt;
		&lt;td class="tabelatd2"&gt;Patrimonial&lt;/td&gt;
		&lt;td class="tabelatd2"&gt;Ativo&lt;/td&gt;
&lt;th class="tabelatd2" border="1"&gt;&lt;a class="noPrint" href="?class=BaixarParcela&amp;id=277"&gt;[Baixar&amp;nbsp;parcela] &lt;/a&gt;&lt;a class="noPrint" href="?class=ImprimirParcela&amp;id=277"&gt;[Imprimir&amp;nbsp;parcela] &lt;/a&gt;&lt;/th&gt;
	&lt;/tr&gt;
	&lt;tr&gt;
		&lt;td class="tabelatd1"&gt;304&lt;/td&gt;
		&lt;td class="tabelatd1"&gt;Tipo Cobranca&lt;/td&gt;
		&lt;td class="tabelatd1"&gt;2018-10-10&lt;/td&gt;
		&lt;td class="tabelatd1"&gt;100.00&lt;/td&gt;
		&lt;td class="tabelatd1"&gt;100.00&lt;/td&gt;
		&lt;td class="tabelatd1"&gt;Pago&lt;/td&gt;
		&lt;td class="tabelatd1"&gt;Fulano de Tal (652.392.539-00)&lt;/td&gt;
		&lt;td class="tabelatd1"&gt;1&lt;/td&gt;
		&lt;td class="tabelatd1"&gt;Patrimonial&lt;/td&gt;
		&lt;td class="tabelatd1"&gt;Ativo&lt;/td&gt;
&lt;th class="tabelatd1" border="1"&gt;&lt;a class="noPrint" href="?class=BaixarParcela&amp;id=304"&gt;[Baixar&amp;nbsp;parcela] &lt;/a&gt;&lt;a class="noPrint" href="?class=ImprimirParcela&amp;id=304"&gt;[Imprimir&amp;nbsp;parcela] &lt;/a&gt;&lt;/th&gt;
	&lt;/tr&gt;
	&lt;tr&gt;
		&lt;td class="tabelatd2"&gt;333&lt;/td&gt;
		&lt;td class="tabelatd2"&gt;Tipo Cobranca&lt;/td&gt;
		&lt;td class="tabelatd2"&gt;2018-10-10&lt;/td&gt;
		&lt;td class="tabelatd2"&gt;100.00&lt;/td&gt;
		&lt;td class="tabelatd2"&gt;100.00&lt;/td&gt;
		&lt;td class="tabelatd2"&gt;Pago&lt;/td&gt;
		&lt;td class="tabelatd2"&gt;Fulano de Tal (652.392.539-00)&lt;/td&gt;
		&lt;td class="tabelatd2"&gt;1&lt;/td&gt;
		&lt;td class="tabelatd2"&gt;Patrimonial&lt;/td&gt;
		&lt;td class="tabelatd2"&gt;Ativo&lt;/td&gt;
&lt;th class="tabelatd2" border="1"&gt;&lt;a class="noPrint" href="?class=BaixarParcela&amp;id=333"&gt;[Baixar&amp;nbsp;parcela] &lt;/a&gt;&lt;a class="noPrint" href="?class=ImprimirParcela&amp;id=333"&gt;[Imprimir&amp;nbsp;parcela] &lt;/a&gt;&lt;/th&gt;
	&lt;/tr&gt;
	&lt;tr&gt;
		&lt;td class="tabelatd1"&gt;364&lt;/td&gt;
		&lt;td class="tabelatd1"&gt;Tipo Cobranca&lt;/td&gt;
		&lt;td class="tabelatd1"&gt;2018-10-10&lt;/td&gt;
		&lt;td class="tabelatd1"&gt;100.00&lt;/td&gt;
		&lt;td class="tabelatd1"&gt;100.00&lt;/td&gt;
		&lt;td class="tabelatd1"&gt;Pago&lt;/td&gt;
		&lt;td class="tabelatd1"&gt;Fulano de Tal (652.392.539-00)&lt;/td&gt;
		&lt;td class="tabelatd1"&gt;1&lt;/td&gt;
		&lt;td class="tabelatd1"&gt;Patrimonial&lt;/td&gt;
		&lt;td class="tabelatd1"&gt;Ativo&lt;/td&gt;
&lt;th class="tabelatd1" border="1"&gt;&lt;a class="noPrint" href="?class=BaixarParcela&amp;id=364"&gt;[Baixar&amp;nbsp;parcela] &lt;/a&gt;&lt;a class="noPrint" href="?class=ImprimirParcela&amp;id=364"&gt;[Imprimir&amp;nbsp;parcela] &lt;/a&gt;&lt;/th&gt;
	&lt;/tr&gt;
	&lt;tr&gt;
		&lt;td class="tabelatd2"&gt;397&lt;/td&gt;
		&lt;td class="tabelatd2"&gt;Tipo Cobranca&lt;/td&gt;
		&lt;td class="tabelatd2"&gt;2018-10-10&lt;/td&gt;
		&lt;td class="tabelatd2"&gt;100.00&lt;/td&gt;
		&lt;td class="tabelatd2"&gt;100.00&lt;/td&gt;
		&lt;td class="tabelatd2"&gt;Pago&lt;/td&gt;
		&lt;td class="tabelatd2"&gt;Fulano de Tal (652.392.539-00)&lt;/td&gt;
		&lt;td class="tabelatd2"&gt;1&lt;/td&gt;
		&lt;td class="tabelatd2"&gt;Patrimonial&lt;/td&gt;
		&lt;td class="tabelatd2"&gt;Ativo&lt;/td&gt;
&lt;th class="tabelatd2" border="1"&gt;&lt;a class="noPrint" href="?class=BaixarParcela&amp;id=397"&gt;[Baixar&amp;nbsp;parcela] &lt;/a&gt;&lt;a class="noPrint" href="?class=ImprimirParcela&amp;id=397"&gt;[Imprimir&amp;nbsp;parcela] &lt;/a&gt;&lt;/th&gt;
	&lt;/tr&gt;
	&lt;tr&gt;
		&lt;td class="tabelatd1"&gt;432&lt;/td&gt;
		&lt;td class="tabelatd1"&gt;Tipo Cobranca&lt;/td&gt;
		&lt;td class="tabelatd1"&gt;2018-10-10&lt;/td&gt;
		&lt;td class="tabelatd1"&gt;100.00&lt;/td&gt;
		&lt;td class="tabelatd1"&gt;100.00&lt;/td&gt;
		&lt;td class="tabelatd1"&gt;Pago&lt;/td&gt;
		&lt;td class="tabelatd1"&gt;Fulano de Tal (652.392.539-00)&lt;/td&gt;
		&lt;td class="tabelatd1"&gt;1&lt;/td&gt;
		&lt;td class="tabelatd1"&gt;Patrimonial&lt;/td&gt;
		&lt;td class="tabelatd1"&gt;Ativo&lt;/td&gt;
&lt;th class="tabelatd1" border="1"&gt;&lt;a class="noPrint" href="?class=BaixarParcela&amp;id=432"&gt;[Baixar&amp;nbsp;parcela] &lt;/a&gt;&lt;a class="noPrint" href="?class=ImprimirParcela&amp;id=432"&gt;[Imprimir&amp;nbsp;parcela] &lt;/a&gt;&lt;/th&gt;
	&lt;/tr&gt;
	&lt;tr&gt;
		&lt;td class="tabelatd2"&gt;469&lt;/td&gt;
		&lt;td class="tabelatd2"&gt;Tipo Cobranca&lt;/td&gt;
		&lt;td class="tabelatd2"&gt;2018-10-10&lt;/td&gt;
		&lt;td class="tabelatd2"&gt;100.00&lt;/td&gt;
		&lt;td class="tabelatd2"&gt;100.00&lt;/td&gt;
		&lt;td class="tabelatd2"&gt;Pago&lt;/td&gt;
		&lt;td class="tabelatd2"&gt;Fulano de Tal (652.392.539-00)&lt;/td&gt;
		&lt;td class="tabelatd2"&gt;1&lt;/td&gt;
		&lt;td class="tabelatd2"&gt;Patrimonial&lt;/td&gt;
		&lt;td class="tabelatd2"&gt;Ativo&lt;/td&gt;
&lt;th class="tabelatd2" border="1"&gt;&lt;a class="noPrint" href="?class=BaixarParcela&amp;id=469"&gt;[Baixar&amp;nbsp;parcela] &lt;/a&gt;&lt;a class="noPrint" href="?class=ImprimirParcela&amp;id=469"&gt;[Imprimir&amp;nbsp;parcela] &lt;/a&gt;&lt;/th&gt;
	&lt;/tr&gt;
	&lt;tr&gt;
		&lt;td class="tabelatd1"&gt;&lt;/td&gt;
		&lt;td class="tabelatd1"&gt;&lt;/td&gt;
		&lt;td class="tabelatd1"&gt;Quantidade: 32&lt;/td&gt;
		&lt;td class="tabelatd1"&gt;3200.00&lt;/td&gt;
		&lt;td class="tabelatd1"&gt;3200.00&lt;/td&gt;
		&lt;td class="tabelatd1"&gt;&lt;/td&gt;
		&lt;td class="tabelatd1"&gt;&lt;/td&gt;
		&lt;td class="tabelatd1"&gt;&lt;/td&gt;
		&lt;td class="tabelatd1"&gt;&lt;/td&gt;
		&lt;td class="tabelatd1"&gt;&lt;/td&gt;
&lt;th class="tabelatd1" border="1"&gt;&amp;nbsp;&lt;/th&gt;
	&lt;/tr&gt;
&lt;/Table&gt;
&lt;h3&gt;Número de registros na lista: 33&lt;/h3&gt;
&lt;/div&gt;
</system-out>
      </testcase>
    </testsuite>
    <testsuite name="FuncaoSistemaTest" file="C:\Apache24\htdocs\Associacao\tests\controller\FuncaoSistemaTest.php" tests="28" assertions="54" errors="0" failures="0" skipped="0" time="0.510057">
      <testcase name="testOpcaoSelecione" class="FuncaoSistemaTest" classname="FuncaoSistemaTest" file="C:\Apache24\htdocs\Associacao\tests\controller\FuncaoSistemaTest.php" line="33" assertions="1" time="0.002700"/>
      <testcase name="testGetCampo" class="FuncaoSistemaTest" classname="FuncaoSistemaTest" file="C:\Apache24\htdocs\Associacao\tests\controller\FuncaoSistemaTest.php" line="41" assertions="3" time="0.003385"/>
      <testcase name="testGetCampoFalse" class="FuncaoSistemaTest" classname="FuncaoSistemaTest" file="C:\Apache24\htdocs\Associacao\tests\controller\FuncaoSistemaTest.php" line="53" assertions="3" time="0.003435"/>
      <testcase name="testCampoExiste" class="FuncaoSistemaTest" classname="FuncaoSistemaTest" file="C:\Apache24\htdocs\Associacao\tests\controller\FuncaoSistemaTest.php" line="65" assertions="3" time="0.009601"/>
      <testcase name="testArrumaDataHora" class="FuncaoSistemaTest" classname="FuncaoSistemaTest" file="C:\Apache24\htdocs\Associacao\tests\controller\FuncaoSistemaTest.php" line="77" assertions="2" time="0.003579"/>
      <testcase name="testArrumaData" class="FuncaoSistemaTest" classname="FuncaoSistemaTest" file="C:\Apache24\htdocs\Associacao\tests\controller\FuncaoSistemaTest.php" line="86" assertions="2" time="0.002851"/>
      <testcase name="testFormataValorDecimal" class="FuncaoSistemaTest" classname="FuncaoSistemaTest" file="C:\Apache24\htdocs\Associacao\tests\controller\FuncaoSistemaTest.php" line="95" assertions="5" time="0.003699"/>
      <testcase name="testConverteDataParaIB" class="FuncaoSistemaTest" classname="FuncaoSistemaTest" file="C:\Apache24\htdocs\Associacao\tests\controller\FuncaoSistemaTest.php" line="107" assertions="7" time="0.004758"/>
      <testcase name="testConverteDataHoraParaIB" class="FuncaoSistemaTest" classname="FuncaoSistemaTest" file="C:\Apache24\htdocs\Associacao\tests\controller\FuncaoSistemaTest.php" line="121" assertions="7" time="0.004346"/>
      <testcase name="testIniciaDados" class="FuncaoSistemaTest" classname="FuncaoSistemaTest" file="C:\Apache24\htdocs\Associacao\tests\controller\FuncaoSistemaTest.php" line="135" assertions="1" time="0.023312"/>
      <testcase name="testAlterarDados" class="FuncaoSistemaTest" classname="FuncaoSistemaTest" file="C:\Apache24\htdocs\Associacao\tests\controller\FuncaoSistemaTest.php" line="144" assertions="1" time="0.050461"/>
      <testcase name="testApagarDados" class="FuncaoSistemaTest" classname="FuncaoSistemaTest" file="C:\Apache24\htdocs\Associacao\tests\controller\FuncaoSistemaTest.php" line="153" assertions="1" time="0.024344"/>
      <testcase name="testConsultarDados" class="FuncaoSistemaTest" classname="FuncaoSistemaTest" file="C:\Apache24\htdocs\Associacao\tests\controller\FuncaoSistemaTest.php" line="162" assertions="1" time="0.024594"/>
      <testcase name="testMontaDados" class="FuncaoSistemaTest" classname="FuncaoSistemaTest" file="C:\Apache24\htdocs\Associacao\tests\controller\FuncaoSistemaTest.php" line="171" assertions="2" time="0.023119"/>
      <testcase name="testMostraCampoID" class="FuncaoSistemaTest" classname="FuncaoSistemaTest" file="C:\Apache24\htdocs\Associacao\tests\controller\FuncaoSistemaTest.php" line="181" assertions="1" time="0.002595"/>
      <testcase name="testRetornaProximoID" class="FuncaoSistemaTest" classname="FuncaoSistemaTest" file="C:\Apache24\htdocs\Associacao\tests\controller\FuncaoSistemaTest.php" line="189" assertions="1" time="0.023522"/>
      <testcase name="testMostraTabelaBDConectado" class="FuncaoSistemaTest" classname="FuncaoSistemaTest" file="C:\Apache24\htdocs\Associacao\tests\controller\FuncaoSistemaTest.php" line="199" assertions="2" time="0.024068">
        <system-out>&lt;br&gt;
&lt;Table class="tabela" width="98%" cellpadding="3" cellspacing="0"&gt;
&lt;tr&gt;
&lt;th class="tabelath"&gt;Tabela&lt;/th&gt;
&lt;th class="tabelath"&gt;Nome&lt;/th&gt;
&lt;th class="tabelath"&gt;Alias&lt;/th&gt;
&lt;th class="tabelath"&gt;Tamanho&lt;/th&gt;
&lt;th class="tabelath"&gt;Tipo&lt;/th&gt;
&lt;/tr&gt;
&lt;tr&gt;
&lt;td class="tabelatd"&gt;&lt;/td&gt;
&lt;td class="tabelatd"&gt;CONSTANT&lt;/td&gt;
&lt;td class="tabelatd"&gt;CONSTANT&lt;/td&gt;
&lt;td class="tabelatd"&gt;4&lt;/td&gt;
&lt;td class="tabelatd"&gt;CHAR&lt;/td&gt;
&lt;/tr&gt;
&lt;/Table&gt;
&lt;input type="button" onclick="imprimirDiv('div', this);" value="Imprimir lista"&gt;&lt;div id='div'&gt;
&lt;Table class="tabela" width="100%" border="1" cellpadding="3" cellspacing="0"&gt;
&lt;tr&gt;
&lt;th class="tabelath" border="1"&gt;CONSTANT&lt;/th&gt;
&lt;/tr&gt;
	&lt;tr&gt;
		&lt;td class="tabelatd1"&gt;true&lt;/td&gt;
	&lt;/tr&gt;
&lt;/Table&gt;
&lt;h3&gt;Número de registros na lista: 1&lt;/h3&gt;
&lt;/div&gt;
&lt;input type="button" onclick="imprimirDiv('div', this);" value="Imprimir lista"&gt;&lt;div id='div'&gt;
&lt;Table class="tabela" width="100%" border="1" cellpadding="3" cellspacing="0"&gt;
&lt;tr&gt;
&lt;th class="tabelath" border="1"&gt;CONSTANT&lt;/th&gt;
&lt;th class="tabelath" border="1"&gt;OPERAÇÃO&lt;/th&gt;
&lt;/tr&gt;
	&lt;tr&gt;
		&lt;td class="tabelatd1"&gt;true&lt;/td&gt;
&lt;th class="tabelatd1" border="1"&gt;&lt;/th&gt;
	&lt;/tr&gt;
&lt;/Table&gt;
&lt;h3&gt;Número de registros na lista: 1&lt;/h3&gt;
&lt;/div&gt;
</system-out>
      </testcase>
      <testcase name="testMostraAviso" class="FuncaoSistemaTest" classname="FuncaoSistemaTest" file="C:\Apache24\htdocs\Associacao\tests\controller\FuncaoSistemaTest.php" line="212" assertions="1" time="0.027094">
        <system-out>Associados com débitos acima de 1 dias: (Beltrano da Silva - 333.333.333-33  - Possui 46 pendencias) (Cicrano de Tal - 222.222.222-22  - Possui 46 pendencias) (Fulano de Tal - 111.111.111-11  - Possui 44 pendencias) (Fulano de Tal - 652.392.539-00  - Possui 300 pendencias) </system-out>
      </testcase>
      <testcase name="testPopularAssociadoCadParcelas" class="FuncaoSistemaTest" classname="FuncaoSistemaTest" file="C:\Apache24\htdocs\Associacao\tests\controller\FuncaoSistemaTest.php" line="221" assertions="1" time="0.024831">
        <system-out>  &lt;option&gt;[Selecione...]&lt;/option&gt;
  &lt;option value='Ativos'&gt;Todos os associados com título ativo&lt;/option&gt;
  &lt;option value="3"&gt;0F (Ativo) - Beltrano da Silva (333.333.333-33)&lt;/option&gt;
  &lt;option value="4"&gt;23F (Ativo) - Cicrano de Tal (222.222.222-22)&lt;/option&gt;
  &lt;option value="1"&gt;1 (Ativo) - Fulano de Tal (652.392.539-00)&lt;/option&gt;
  &lt;option value="5"&gt;1 (Ativo) - Fulano de Tal (652.392.539-00)&lt;/option&gt;
  &lt;option value="6"&gt;1 (Ativo) - Fulano de Tal (652.392.539-00)&lt;/option&gt;
  &lt;option value="7"&gt;1 (Ativo) - Fulano de Tal (652.392.539-00)&lt;/option&gt;
  &lt;option value="8"&gt;1 (Ativo) - Fulano de Tal (652.392.539-00)&lt;/option&gt;
  &lt;option value="9"&gt;1 (Ativo) - Fulano de Tal (652.392.539-00)&lt;/option&gt;
  &lt;option value="10"&gt;1 (Ativo) - Fulano de Tal (652.392.539-00)&lt;/option&gt;
  &lt;option value="11"&gt;1 (Ativo) - Fulano de Tal (652.392.539-00)&lt;/option&gt;
  &lt;option value="12"&gt;1 (Ativo) - Fulano de Tal (652.392.539-00)&lt;/option&gt;
  &lt;option value="13"&gt;1 (Ativo) - Fulano de Tal (652.392.539-00)&lt;/option&gt;
  &lt;option value="14"&gt;1 (Ativo) - Fulano de Tal (652.392.539-00)&lt;/option&gt;
  &lt;option value="15"&gt;1 (Ativo) - Fulano de Tal (652.392.539-00)&lt;/option&gt;
  &lt;option value="16"&gt;1 (Ativo) - Fulano de Tal (652.392.539-00)&lt;/option&gt;
  &lt;option value="17"&gt;1 (Ativo) - Fulano de Tal (652.392.539-00)&lt;/option&gt;
  &lt;option value="18"&gt;1 (Ativo) - Fulano de Tal (652.392.539-00)&lt;/option&gt;
  &lt;option value="19"&gt;1 (Ativo) - Fulano de Tal (652.392.539-00)&lt;/option&gt;
</system-out>
      </testcase>
      <testcase name="testPopularAssociado" class="FuncaoSistemaTest" classname="FuncaoSistemaTest" file="C:\Apache24\htdocs\Associacao\tests\controller\FuncaoSistemaTest.php" line="230" assertions="1" time="0.024288">
        <system-out>  &lt;option&gt;[Selecione...]&lt;/option&gt;
  &lt;option value="4"&gt;Beltrano da Silva (333.333.333-33)&lt;/option&gt;
  &lt;option value="3"&gt;Cicrano de Tal (222.222.222-22)&lt;/option&gt;
  &lt;option value="1"&gt;Fulano de Tal (652.392.539-00)&lt;/option&gt;
  &lt;option value="5"&gt;Fulano de Tal (652.392.539-00)&lt;/option&gt;
  &lt;option value="6"&gt;Fulano de Tal (652.392.539-00)&lt;/option&gt;
  &lt;option value="7"&gt;Fulano de Tal (652.392.539-00)&lt;/option&gt;
  &lt;option value="8"&gt;Fulano de Tal (652.392.539-00)&lt;/option&gt;
  &lt;option value="9"&gt;Fulano de Tal (652.392.539-00)&lt;/option&gt;
  &lt;option value="10"&gt;Fulano de Tal (652.392.539-00)&lt;/option&gt;
  &lt;option value="11"&gt;Fulano de Tal (652.392.539-00)&lt;/option&gt;
  &lt;option value="12"&gt;Fulano de Tal (652.392.539-00)&lt;/option&gt;
  &lt;option value="13"&gt;Fulano de Tal (652.392.539-00)&lt;/option&gt;
  &lt;option value="14"&gt;Fulano de Tal (652.392.539-00)&lt;/option&gt;
  &lt;option value="15"&gt;Fulano de Tal (652.392.539-00)&lt;/option&gt;
  &lt;option value="16"&gt;Fulano de Tal (652.392.539-00)&lt;/option&gt;
  &lt;option value="17"&gt;Fulano de Tal (652.392.539-00)&lt;/option&gt;
  &lt;option value="18"&gt;Fulano de Tal (652.392.539-00)&lt;/option&gt;
  &lt;option value="19"&gt;Fulano de Tal (652.392.539-00)&lt;/option&gt;
</system-out>
      </testcase>
      <testcase name="testPopularTipoCobranca" class="FuncaoSistemaTest" classname="FuncaoSistemaTest" file="C:\Apache24\htdocs\Associacao\tests\controller\FuncaoSistemaTest.php" line="239" assertions="1" time="0.027423">
        <system-out>  &lt;option&gt;[Selecione...]&lt;/option&gt;
  &lt;option value="5"&gt;Aula de dança de salão&lt;/option&gt;
  &lt;option value="3"&gt;Manutenção&lt;/option&gt;
  &lt;option value="4"&gt;Mensalidades&lt;/option&gt;
  &lt;option value="2"&gt;Taxa de Manutenção&lt;/option&gt;
  &lt;option value="1"&gt;Tipo Cobranca&lt;/option&gt;
  &lt;option value="10"&gt;Tipo Cobranca 10&lt;/option&gt;
  &lt;option value="11"&gt;Tipo Cobranca 11&lt;/option&gt;
  &lt;option value="12"&gt;Tipo Cobranca 12&lt;/option&gt;
  &lt;option value="13"&gt;Tipo Cobranca 13&lt;/option&gt;
  &lt;option value="14"&gt;Tipo Cobranca 14&lt;/option&gt;
  &lt;option value="15"&gt;Tipo Cobranca 15&lt;/option&gt;
  &lt;option value="16"&gt;Tipo Cobranca 16&lt;/option&gt;
  &lt;option value="17"&gt;Tipo Cobranca 17&lt;/option&gt;
  &lt;option value="18"&gt;Tipo Cobranca 18&lt;/option&gt;
  &lt;option value="19"&gt;Tipo Cobranca 19&lt;/option&gt;
  &lt;option value="20"&gt;Tipo Cobranca 20&lt;/option&gt;
  &lt;option value="21"&gt;Tipo Cobranca 21&lt;/option&gt;
  &lt;option value="22"&gt;Tipo Cobranca 22&lt;/option&gt;
  &lt;option value="23"&gt;Tipo Cobranca 23&lt;/option&gt;
  &lt;option value="24"&gt;Tipo Cobranca 24&lt;/option&gt;
  &lt;option value="25"&gt;Tipo Cobranca 25&lt;/option&gt;
  &lt;option value="26"&gt;Tipo Cobranca 26&lt;/option&gt;
  &lt;option value="27"&gt;Tipo Cobranca 27&lt;/option&gt;
  &lt;option value="28"&gt;Tipo Cobranca 28&lt;/option&gt;
  &lt;option value="29"&gt;Tipo Cobranca 29&lt;/option&gt;
  &lt;option value="30"&gt;Tipo Cobranca 30&lt;/option&gt;
  &lt;option value="31"&gt;Tipo Cobranca 31&lt;/option&gt;
  &lt;option value="32"&gt;Tipo Cobranca 32&lt;/option&gt;
  &lt;option value="33"&gt;Tipo Cobranca 33&lt;/option&gt;
  &lt;option value="34"&gt;Tipo Cobranca 34&lt;/option&gt;
  &lt;option value="35"&gt;Tipo Cobranca 35&lt;/option&gt;
  &lt;option value="36"&gt;Tipo Cobranca 36&lt;/option&gt;
  &lt;option value="37"&gt;Tipo Cobranca 37&lt;/option&gt;
  &lt;option value="38"&gt;Tipo Cobranca 38&lt;/option&gt;
  &lt;option value="39"&gt;Tipo Cobranca 39&lt;/option&gt;
  &lt;option value="40"&gt;Tipo Cobranca 40&lt;/option&gt;
  &lt;option value="41"&gt;Tipo Cobranca 41&lt;/option&gt;
  &lt;option value="42"&gt;Tipo Cobranca 42&lt;/option&gt;
  &lt;option value="43"&gt;Tipo Cobranca 43&lt;/option&gt;
  &lt;option value="44"&gt;Tipo Cobranca 44&lt;/option&gt;
  &lt;option value="45"&gt;Tipo Cobranca 45&lt;/option&gt;
  &lt;option value="46"&gt;Tipo Cobranca 46&lt;/option&gt;
  &lt;option value="47"&gt;Tipo Cobranca 47&lt;/option&gt;
  &lt;option value="48"&gt;Tipo Cobranca 48&lt;/option&gt;
  &lt;option value="49"&gt;Tipo Cobranca 49&lt;/option&gt;
  &lt;option value="50"&gt;Tipo Cobranca 50&lt;/option&gt;
  &lt;option value="51"&gt;Tipo Cobranca 51&lt;/option&gt;
  &lt;option value="52"&gt;Tipo Cobranca 52&lt;/option&gt;
  &lt;option value="53"&gt;Tipo Cobranca 53&lt;/option&gt;
  &lt;option value="54"&gt;Tipo Cobranca 54&lt;/option&gt;
  &lt;option value="55"&gt;Tipo Cobranca 55&lt;/option&gt;
  &lt;option value="56"&gt;Tipo Cobranca 56&lt;/option&gt;
  &lt;option value="6"&gt;Tipo Cobranca 6&lt;/option&gt;
  &lt;option value="7"&gt;Tipo Cobranca 7&lt;/option&gt;
  &lt;option value="8"&gt;Tipo Cobranca 8&lt;/option&gt;
  &lt;option value="9"&gt;Tipo Cobranca 9&lt;/option&gt;
</system-out>
      </testcase>
      <testcase name="testPopularSituacaoBaixa" class="FuncaoSistemaTest" classname="FuncaoSistemaTest" file="C:\Apache24\htdocs\Associacao\tests\controller\FuncaoSistemaTest.php" line="248" assertions="1" time="0.024684">
        <system-out>  &lt;option&gt;[Selecione...]&lt;/option&gt;
  &lt;option value="1"&gt;Em aberto&lt;/option&gt;
  &lt;option value="2"&gt;Pago&lt;/option&gt;
</system-out>
      </testcase>
      <testcase name="testPopularTitulo" class="FuncaoSistemaTest" classname="FuncaoSistemaTest" file="C:\Apache24\htdocs\Associacao\tests\controller\FuncaoSistemaTest.php" line="257" assertions="1" time="0.025772">
        <system-out>  &lt;option&gt;[Selecione...]&lt;/option&gt;
  &lt;option value="3"&gt;0F&lt;/option&gt;
  &lt;option value="1"&gt;1&lt;/option&gt;
  &lt;option value="5"&gt;1&lt;/option&gt;
  &lt;option value="6"&gt;1&lt;/option&gt;
  &lt;option value="7"&gt;1&lt;/option&gt;
  &lt;option value="8"&gt;1&lt;/option&gt;
  &lt;option value="9"&gt;1&lt;/option&gt;
  &lt;option value="10"&gt;1&lt;/option&gt;
  &lt;option value="11"&gt;1&lt;/option&gt;
  &lt;option value="12"&gt;1&lt;/option&gt;
  &lt;option value="13"&gt;1&lt;/option&gt;
  &lt;option value="14"&gt;1&lt;/option&gt;
  &lt;option value="15"&gt;1&lt;/option&gt;
  &lt;option value="16"&gt;1&lt;/option&gt;
  &lt;option value="17"&gt;1&lt;/option&gt;
  &lt;option value="18"&gt;1&lt;/option&gt;
  &lt;option value="19"&gt;1&lt;/option&gt;
  &lt;option value="4"&gt;23F&lt;/option&gt;
</system-out>
      </testcase>
      <testcase name="testPopularTipoTitulo" class="FuncaoSistemaTest" classname="FuncaoSistemaTest" file="C:\Apache24\htdocs\Associacao\tests\controller\FuncaoSistemaTest.php" line="266" assertions="1" time="0.025638">
        <system-out>  &lt;option&gt;[Selecione...]&lt;/option&gt;
  &lt;option value="1"&gt;Patrimonial&lt;/option&gt;
</system-out>
      </testcase>
      <testcase name="testPopularSituacaoTitulo" class="FuncaoSistemaTest" classname="FuncaoSistemaTest" file="C:\Apache24\htdocs\Associacao\tests\controller\FuncaoSistemaTest.php" line="275" assertions="1" time="0.023322">
        <system-out>  &lt;option&gt;[Selecione...]&lt;/option&gt;
  &lt;option value="1"&gt;Ativo&lt;/option&gt;
  &lt;option value="2"&gt;Nao ativo&lt;/option&gt;
</system-out>
      </testcase>
      <testcase name="testPopularGenero" class="FuncaoSistemaTest" classname="FuncaoSistemaTest" file="C:\Apache24\htdocs\Associacao\tests\controller\FuncaoSistemaTest.php" line="284" assertions="1" time="0.021925">
        <system-out>  &lt;option&gt;[Selecione...]&lt;/option&gt;
  &lt;option value="1"&gt;Feminino&lt;/option&gt;
  &lt;option value="2"&gt;Masculino&lt;/option&gt;
  &lt;option value="3"&gt;Outro&lt;/option&gt;
</system-out>
      </testcase>
      <testcase name="testPopularCidade" class="FuncaoSistemaTest" classname="FuncaoSistemaTest" file="C:\Apache24\htdocs\Associacao\tests\controller\FuncaoSistemaTest.php" line="293" assertions="1" time="0.025839">
        <system-out>  &lt;option&gt;[Selecione...]&lt;/option&gt;
  &lt;option value="5"&gt;Cocal do Sul/SC&lt;/option&gt;
  &lt;option value="1"&gt;Criciúma/SC&lt;/option&gt;
  &lt;option value="13"&gt;Criciúma/SC&lt;/option&gt;
  &lt;option value="14"&gt;Criciúma/SC&lt;/option&gt;
  &lt;option value="15"&gt;Criciúma/SC&lt;/option&gt;
  &lt;option value="16"&gt;Criciúma/SC&lt;/option&gt;
  &lt;option value="17"&gt;Criciúma/SC&lt;/option&gt;
  &lt;option value="18"&gt;Criciúma/SC&lt;/option&gt;
  &lt;option value="19"&gt;Criciúma/SC&lt;/option&gt;
  &lt;option value="20"&gt;Criciúma/SC&lt;/option&gt;
  &lt;option value="21"&gt;Criciúma/SC&lt;/option&gt;
  &lt;option value="22"&gt;Criciúma/SC&lt;/option&gt;
  &lt;option value="23"&gt;Criciúma/SC&lt;/option&gt;
  &lt;option value="24"&gt;Criciúma/SC&lt;/option&gt;
  &lt;option value="25"&gt;Criciúma/SC&lt;/option&gt;
  &lt;option value="26"&gt;Criciúma/SC&lt;/option&gt;
  &lt;option value="27"&gt;Criciúma/SC&lt;/option&gt;
  &lt;option value="28"&gt;Criciúma/SC&lt;/option&gt;
  &lt;option value="29"&gt;Criciúma/SC&lt;/option&gt;
  &lt;option value="30"&gt;Criciúma/SC&lt;/option&gt;
  &lt;option value="31"&gt;Criciúma/SC&lt;/option&gt;
  &lt;option value="32"&gt;Criciúma/SC&lt;/option&gt;
  &lt;option value="33"&gt;Criciúma/SC&lt;/option&gt;
  &lt;option value="34"&gt;Criciúma/SC&lt;/option&gt;
  &lt;option value="35"&gt;Criciúma/SC&lt;/option&gt;
  &lt;option value="36"&gt;Criciúma/SC&lt;/option&gt;
  &lt;option value="37"&gt;Criciúma/SC&lt;/option&gt;
  &lt;option value="38"&gt;Criciúma/SC&lt;/option&gt;
  &lt;option value="39"&gt;Criciúma/SC&lt;/option&gt;
  &lt;option value="40"&gt;Criciúma/SC&lt;/option&gt;
  &lt;option value="41"&gt;Criciúma/SC&lt;/option&gt;
  &lt;option value="42"&gt;Criciúma/SC&lt;/option&gt;
  &lt;option value="43"&gt;Criciúma/SC&lt;/option&gt;
  &lt;option value="44"&gt;Criciúma/SC&lt;/option&gt;
  &lt;option value="45"&gt;Criciúma/SC&lt;/option&gt;
  &lt;option value="46"&gt;Criciúma/SC&lt;/option&gt;
  &lt;option value="47"&gt;Criciúma/SC&lt;/option&gt;
  &lt;option value="48"&gt;Criciúma/SC&lt;/option&gt;
  &lt;option value="49"&gt;Criciúma/SC&lt;/option&gt;
  &lt;option value="50"&gt;Criciúma/SC&lt;/option&gt;
  &lt;option value="51"&gt;Criciúma/SC&lt;/option&gt;
  &lt;option value="52"&gt;Criciúma/SC&lt;/option&gt;
  &lt;option value="53"&gt;Criciúma/SC&lt;/option&gt;
  &lt;option value="54"&gt;Criciúma/SC&lt;/option&gt;
  &lt;option value="55"&gt;Criciúma/SC&lt;/option&gt;
  &lt;option value="56"&gt;Criciúma/SC&lt;/option&gt;
  &lt;option value="57"&gt;Criciúma/SC&lt;/option&gt;
  &lt;option value="58"&gt;Criciúma/SC&lt;/option&gt;
  &lt;option value="11"&gt;Curitiba/PR&lt;/option&gt;
  &lt;option value="3"&gt;Florianópolis/SC&lt;/option&gt;
  &lt;option value="2"&gt;Forquilhinha/SC&lt;/option&gt;
  &lt;option value="6"&gt;Içara/SC&lt;/option&gt;
  &lt;option value="7"&gt;Maracajá/SC&lt;/option&gt;
  &lt;option value="12"&gt;Porto Alegre/RS&lt;/option&gt;
  &lt;option value="10"&gt;São Paulo (Capital)/SP&lt;/option&gt;
  &lt;option value="4"&gt;Urussanga/SC&lt;/option&gt;
</system-out>
      </testcase>
      <testcase name="testPopularSituacaoAssociado" class="FuncaoSistemaTest" classname="FuncaoSistemaTest" file="C:\Apache24\htdocs\Associacao\tests\controller\FuncaoSistemaTest.php" line="302" assertions="1" time="0.024871">
        <system-out>  &lt;option&gt;[Selecione...]&lt;/option&gt;
  &lt;option value="1"&gt;Ativo&lt;/option&gt;
  &lt;option value="2"&gt;Nao ativo&lt;/option&gt;
</system-out>
      </testcase>
    </testsuite>
    <testsuite name="AssociadoTest" file="C:\Apache24\htdocs\Associacao\tests\model\AssociadoTest.php" tests="10" assertions="10" errors="0" failures="0" skipped="0" time="0.035631">
      <testcase name="testSet" class="AssociadoTest" classname="AssociadoTest" file="C:\Apache24\htdocs\Associacao\tests\model\AssociadoTest.php" line="36" assertions="1" time="0.002834"/>
      <testcase name="testGetTabela" class="AssociadoTest" classname="AssociadoTest" file="C:\Apache24\htdocs\Associacao\tests\model\AssociadoTest.php" line="44" assertions="1" time="0.003165"/>
      <testcase name="testGetId" class="AssociadoTest" classname="AssociadoTest" file="C:\Apache24\htdocs\Associacao\tests\model\AssociadoTest.php" line="52" assertions="1" time="0.002988"/>
      <testcase name="testGetNome" class="AssociadoTest" classname="AssociadoTest" file="C:\Apache24\htdocs\Associacao\tests\model\AssociadoTest.php" line="60" assertions="1" time="0.002937"/>
      <testcase name="testGetId_genero" class="AssociadoTest" classname="AssociadoTest" file="C:\Apache24\htdocs\Associacao\tests\model\AssociadoTest.php" line="68" assertions="1" time="0.003032"/>
      <testcase name="testGetEndereco" class="AssociadoTest" classname="AssociadoTest" file="C:\Apache24\htdocs\Associacao\tests\model\AssociadoTest.php" line="76" assertions="1" time="0.002975"/>
      <testcase name="testGetNascimento" class="AssociadoTest" classname="AssociadoTest" file="C:\Apache24\htdocs\Associacao\tests\model\AssociadoTest.php" line="84" assertions="1" time="0.002985"/>
      <testcase name="testGetCpf" class="AssociadoTest" classname="AssociadoTest" file="C:\Apache24\htdocs\Associacao\tests\model\AssociadoTest.php" line="92" assertions="1" time="0.003205"/>
      <testcase name="testGetCidade" class="AssociadoTest" classname="AssociadoTest" file="C:\Apache24\htdocs\Associacao\tests\model\AssociadoTest.php" line="100" assertions="1" time="0.008475"/>
      <testcase name="testGetId_situacao" class="AssociadoTest" classname="AssociadoTest" file="C:\Apache24\htdocs\Associacao\tests\model\AssociadoTest.php" line="108" assertions="1" time="0.003035"/>
    </testsuite>
    <testsuite name="CidadeTest" file="C:\Apache24\htdocs\Associacao\tests\model\CidadeTest.php" tests="5" assertions="5" errors="0" failures="0" skipped="0" time="0.012974">
      <testcase name="testSet" class="CidadeTest" classname="CidadeTest" file="C:\Apache24\htdocs\Associacao\tests\model\CidadeTest.php" line="31" assertions="1" time="0.002647"/>
      <testcase name="testGetTabela" class="CidadeTest" classname="CidadeTest" file="C:\Apache24\htdocs\Associacao\tests\model\CidadeTest.php" line="39" assertions="1" time="0.002506"/>
      <testcase name="testGetId" class="CidadeTest" classname="CidadeTest" file="C:\Apache24\htdocs\Associacao\tests\model\CidadeTest.php" line="47" assertions="1" time="0.002812"/>
      <testcase name="testGetNome" class="CidadeTest" classname="CidadeTest" file="C:\Apache24\htdocs\Associacao\tests\model\CidadeTest.php" line="55" assertions="1" time="0.002423"/>
      <testcase name="testGetSigla_uf" class="CidadeTest" classname="CidadeTest" file="C:\Apache24\htdocs\Associacao\tests\model\CidadeTest.php" line="63" assertions="1" time="0.002587"/>
    </testsuite>
    <testsuite name="CobrancaTest" file="C:\Apache24\htdocs\Associacao\tests\model\CobrancaTest.php" tests="15" assertions="15" errors="0" failures="0" skipped="0" time="0.093894">
      <testcase name="testSet" class="CobrancaTest" classname="CobrancaTest" file="C:\Apache24\htdocs\Associacao\tests\model\CobrancaTest.php" line="36" assertions="1" time="0.003477"/>
      <testcase name="testGetTabela" class="CobrancaTest" classname="CobrancaTest" file="C:\Apache24\htdocs\Associacao\tests\model\CobrancaTest.php" line="52" assertions="1" time="0.002836"/>
      <testcase name="testGetId" class="CobrancaTest" classname="CobrancaTest" file="C:\Apache24\htdocs\Associacao\tests\model\CobrancaTest.php" line="60" assertions="1" time="0.003143"/>
      <testcase name="testGetTitulo" class="CobrancaTest" classname="CobrancaTest" file="C:\Apache24\htdocs\Associacao\tests\model\CobrancaTest.php" line="68" assertions="1" time="0.022796"/>
      <testcase name="testGetAssociado" class="CobrancaTest" classname="CobrancaTest" file="C:\Apache24\htdocs\Associacao\tests\model\CobrancaTest.php" line="76" assertions="1" time="0.025421"/>
      <testcase name="testGetTipoCobranca" class="CobrancaTest" classname="CobrancaTest" file="C:\Apache24\htdocs\Associacao\tests\model\CobrancaTest.php" line="84" assertions="1" time="0.007870"/>
      <testcase name="testGetId_situacao_baixa" class="CobrancaTest" classname="CobrancaTest" file="C:\Apache24\htdocs\Associacao\tests\model\CobrancaTest.php" line="92" assertions="1" time="0.003272"/>
      <testcase name="testGetData_registro_parcela" class="CobrancaTest" classname="CobrancaTest" file="C:\Apache24\htdocs\Associacao\tests\model\CobrancaTest.php" line="100" assertions="1" time="0.003208"/>
      <testcase name="testGetData_vencimento" class="CobrancaTest" classname="CobrancaTest" file="C:\Apache24\htdocs\Associacao\tests\model\CobrancaTest.php" line="108" assertions="1" time="0.003254"/>
      <testcase name="testGetData_baixa" class="CobrancaTest" classname="CobrancaTest" file="C:\Apache24\htdocs\Associacao\tests\model\CobrancaTest.php" line="116" assertions="1" time="0.003060"/>
      <testcase name="testGetData_registro_baixa" class="CobrancaTest" classname="CobrancaTest" file="C:\Apache24\htdocs\Associacao\tests\model\CobrancaTest.php" line="124" assertions="1" time="0.003208"/>
      <testcase name="testGetValor_nominal" class="CobrancaTest" classname="CobrancaTest" file="C:\Apache24\htdocs\Associacao\tests\model\CobrancaTest.php" line="132" assertions="1" time="0.002932"/>
      <testcase name="testGetValor_acrescimo" class="CobrancaTest" classname="CobrancaTest" file="C:\Apache24\htdocs\Associacao\tests\model\CobrancaTest.php" line="140" assertions="1" time="0.003153"/>
      <testcase name="testGetValor_abatimentos" class="CobrancaTest" classname="CobrancaTest" file="C:\Apache24\htdocs\Associacao\tests\model\CobrancaTest.php" line="148" assertions="1" time="0.003125"/>
      <testcase name="testGetValor_baixado" class="CobrancaTest" classname="CobrancaTest" file="C:\Apache24\htdocs\Associacao\tests\model\CobrancaTest.php" line="156" assertions="1" time="0.003138"/>
    </testsuite>
    <testsuite name="TipoCobrancaTest" file="C:\Apache24\htdocs\Associacao\tests\model\TipoCobrancaTest.php" tests="5" assertions="5" errors="0" failures="0" skipped="0" time="0.012375">
      <testcase name="testSet" class="TipoCobrancaTest" classname="TipoCobrancaTest" file="C:\Apache24\htdocs\Associacao\tests\model\TipoCobrancaTest.php" line="31" assertions="1" time="0.002566"/>
      <testcase name="testGetTabela" class="TipoCobrancaTest" classname="TipoCobrancaTest" file="C:\Apache24\htdocs\Associacao\tests\model\TipoCobrancaTest.php" line="39" assertions="1" time="0.002419"/>
      <testcase name="testGetId" class="TipoCobrancaTest" classname="TipoCobrancaTest" file="C:\Apache24\htdocs\Associacao\tests\model\TipoCobrancaTest.php" line="47" assertions="1" time="0.002377"/>
      <testcase name="testGetDescricao" class="TipoCobrancaTest" classname="TipoCobrancaTest" file="C:\Apache24\htdocs\Associacao\tests\model\TipoCobrancaTest.php" line="55" assertions="1" time="0.002500"/>
      <testcase name="testGetSigla" class="TipoCobrancaTest" classname="TipoCobrancaTest" file="C:\Apache24\htdocs\Associacao\tests\model\TipoCobrancaTest.php" line="63" assertions="1" time="0.002513"/>
    </testsuite>
    <testsuite name="TituloTest" file="C:\Apache24\htdocs\Associacao\tests\model\TituloTest.php" tests="7" assertions="7" errors="0" failures="0" skipped="0" time="0.030584">
      <testcase name="testGetTabela" class="TituloTest" classname="TituloTest" file="C:\Apache24\htdocs\Associacao\tests\model\TituloTest.php" line="38" assertions="1" time="0.002644"/>
      <testcase name="testGetId" class="TituloTest" classname="TituloTest" file="C:\Apache24\htdocs\Associacao\tests\model\TituloTest.php" line="46" assertions="1" time="0.002583"/>
      <testcase name="testGetNumero_titulo" class="TituloTest" classname="TituloTest" file="C:\Apache24\htdocs\Associacao\tests\model\TituloTest.php" line="54" assertions="1" time="0.002725"/>
      <testcase name="testGetAssociado" class="TituloTest" classname="TituloTest" file="C:\Apache24\htdocs\Associacao\tests\model\TituloTest.php" line="62" assertions="1" time="0.013362"/>
      <testcase name="testGetData_socio" class="TituloTest" classname="TituloTest" file="C:\Apache24\htdocs\Associacao\tests\model\TituloTest.php" line="70" assertions="1" time="0.002606"/>
      <testcase name="testGetId_tipo_titulo" class="TituloTest" classname="TituloTest" file="C:\Apache24\htdocs\Associacao\tests\model\TituloTest.php" line="78" assertions="1" time="0.003976"/>
      <testcase name="testGetId_situacao_titulo" class="TituloTest" classname="TituloTest" file="C:\Apache24\htdocs\Associacao\tests\model\TituloTest.php" line="86" assertions="1" time="0.002689"/>
    </testsuite>
  </testsuite>
</testsuites>
